<?xml version="1.0" encoding="UTF-8"?>
<TestRun id="9c830f05-e258-4eb9-a153-aa27e705b03f" name="fwtlabb@WNVM19648 2018-04-16 23:55:51" runUser="REDMOND\fwtlabb" xmlns="http://microsoft.com/schemas/VisualStudio/TeamTest/2010">
  <Times creation="2018-04-16T23:55:51.4734353-07:00" queuing="2018-04-16T23:55:51.4734353-07:00" start="2018-04-16T23:55:49.8335708-07:00" finish="2018-04-17T02:38:41.4024521-07:00" />
  <TestSettings name="default" id="2273ff9d-1726-4877-8643-0e04c6e43241">
    <Deployment runDeploymentRoot="fwtlabb_WNVM19648_2018-04-16_23_55_51" />
  </TestSettings>
  <Results>
    <UnitTestResult executionId="6c37348f-bf87-4c6d-a0a4-3d6b4593c650" testId="8ec6d07d-27c3-ec8b-7103-43b08b2f9599" testName="VSTest_Completion_AriaAttribute" computerName="WNVM19648" duration="00:00:07.9687524" startTime="2018-04-17T00:15:54.8924556-07:00" endTime="2018-04-17T00:16:02.8612080-07:00" testType="13cdc9d9-ddb5-4fa4-a97d-d965ccfc6d4b" outcome="Passed" testListId="8c84fa94-04c1-424b-9868-57a2d4851a1d" relativeResultsDirectory="6c37348f-bf87-4c6d-a0a4-3d6b4593c650">
      <Output>
        <StdOut>+ CompletionTests::VSTest_Completion_AriaAttribute
    + ApexTest TestInitialize
    + ExternalProcessHostTest TestInitialize
        (17:36.226) [Visual Studio Host (6956):RoamingSettingsService] Disabling roaming settings.
        (17:36.290) [Visual Studio Host (6956):SettingsService] Setting Visual Studio option 'Environment\RoamingSettings\RoamingEnabled' to 'False'.
        (17:36.630) [Visual Studio Host (6956):TextEditorDocumentWindowTestExtension] Showing window 'Completion.html' without activating the window.
        (17:36.725) [Visual Studio Host (6956):TextEditorDocumentWindowTestExtension] Showing window 'Completion.html'.
        (17:36.815) [Visual Studio Host (6956):VisualStudioTextEditorTestExtension] Setting keyboard focus to editor 'Completion.html'.
        (17:36.900) [Visual Studio Host (6956):MainWindowService] Activating main window to bring it to the foreground.
        (17:36.985) [Visual Studio Host (6956):MainWindowService] Setting main window state to 'Maximized'.
    (17:37.121) [Visual Studio Host (6956):TextEditorDocumentWindowTestExtension] Showing window 'Completion.html' without activating the window.
    (17:37.186) [Visual Studio Host (6956):TextEditorDocumentWindowTestExtension] Showing window 'Completion.html'.
    (17:37.273) [Visual Studio Host (6956):VisualStudioCaretTestExtension] Moving the caret to '&lt;body&gt;' at (Ln: 13, Ch: 1) based on a regular expression.  Expression = "&lt;body&gt;" [group index '0', match index '1', options 'Singleline, CultureInvariant']
    (17:37.351) [Visual Studio Host (6956):TextEditorDocumentWindowTestExtension] Showing window 'Completion.html' without activating the window.
    (17:37.423) [Visual Studio Host (6956):TextEditorDocumentWindowTestExtension] Showing window 'Completion.html'.
    (17:37.495) [Visual Studio Host (6956):VisualStudioCaretTestExtension] Moving the caret from (Ln: 13, Ch: 1) down '1' lines
    (17:37.539) [Visual Studio Host (6956):VisualStudioTextEditorTestExtension] Setting keyboard focus to editor 'Completion.html'.
    (17:37.590) [Visual Studio Host (6956):TextEditorDocumentWindowTestExtension] Showing window 'Completion.html' without activating the window.
    (17:37.656) [Visual Studio Host (6956):TextEditorDocumentWindowTestExtension] Showing window 'Completion.html'.
    (17:37.725) [Visual Studio Host (6956):VisualStudioTextEditingActions] Inserting text combine CRLF as single return: '&lt;div ar' at the current caret position: '(Ln: 14, Ch: 1)'
    (17:37.875) [Visual Studio Host (6956):TextEditorDocumentWindowTestExtension] Showing window 'Completion.html' without activating the window.
    (17:37.937) [Visual Studio Host (6956):TextEditorDocumentWindowTestExtension] Showing window 'Completion.html'.
    (17:38.005) [Visual Studio Host (6956):KeyboardCommands] Sending '1' tabs.
    (17:38.267) [Visual Studio Host (6956):TextEditorDocumentWindowTestExtension] Showing window 'Completion.html' without activating the window.
    (17:38.341) [Visual Studio Host (6956):TextEditorDocumentWindowTestExtension] Showing window 'Completion.html'.
    (17:38.415) [Visual Studio Host (6956):VisualStudioIntellisenseService] Getting the active completion at position '(Ln: 14, Ch: 11)'.
    (17:38.478) [Visual Studio Host (6956):VisualStudioCompletionListTestExtension] Found completion item with name 
    (17:38.543) [Visual Studio Host (6956):TextEditorDocumentWindowTestExtension] Showing window 'Completion.html' without activating the window.
    (17:38.600) [Visual Studio Host (6956):TextEditorDocumentWindowTestExtension] Showing window 'Completion.html'.
    (17:38.675) [Visual Studio Host (6956):VisualStudioTextEditingActions] Deleting to the end of line of the current caret position, position: '(Ln: 14, Ch: 11)', line: '14'
    (17:38.735) [Visual Studio Host (6956):VisualStudioTextEditingActions] Deleting to the beginning of line of the current caret position, position: '(Ln: 14, Ch: 11)', line: '14'
    (17:38.837) [Visual Studio Host (6956):TextEditorDocumentWindowTestExtension] Showing window 'Completion.html' without activating the window.
    (17:38.901) [Visual Studio Host (6956):TextEditorDocumentWindowTestExtension] Showing window 'Completion.html'.
    (17:38.976) [Visual Studio Host (6956):VisualStudioCaretTestExtension] Moving the caret to '&lt;body&gt;' at (Ln: 13, Ch: 1) based on a regular expression.  Expression = "&lt;body&gt;" [group index '0', match index '1', options 'Singleline, CultureInvariant']
    (17:39.068) [Visual Studio Host (6956):TextEditorDocumentWindowTestExtension] Showing window 'Completion.html' without activating the window.
    (17:39.162) [Visual Studio Host (6956):TextEditorDocumentWindowTestExtension] Showing window 'Completion.html'.
    (17:39.266) [Visual Studio Host (6956):VisualStudioCaretTestExtension] Moving the caret from (Ln: 13, Ch: 1) down '1' lines
    (17:39.318) [Visual Studio Host (6956):VisualStudioTextEditorTestExtension] Setting keyboard focus to editor 'Completion.html'.
    (17:39.377) [Visual Studio Host (6956):TextEditorDocumentWindowTestExtension] Showing window 'Completion.html' without activating the window.
    (17:39.441) [Visual Studio Host (6956):TextEditorDocumentWindowTestExtension] Showing window 'Completion.html'.
    (17:39.506) [Visual Studio Host (6956):VisualStudioTextEditingActions] Inserting text combine CRLF as single return: '&lt;div aria-' at the current caret position: '(Ln: 14, Ch: 1)'
    (17:39.713) [Visual Studio Host (6956):TextEditorDocumentWindowTestExtension] Showing window 'Completion.html' without activating the window.
    (17:39.860) [Visual Studio Host (6956):TextEditorDocumentWindowTestExtension] Showing window 'Completion.html'.
    (17:39.949) [Visual Studio Host (6956):VisualStudioIntellisenseService] Getting the active completion at position '(Ln: 14, Ch: 11)'.
    (17:40.039) [Visual Studio Host (6956):VisualStudioCompletionListTestExtension] Found completion item with name 
    (17:40.110) [Visual Studio Host (6956):TextEditorDocumentWindowTestExtension] Showing window 'Completion.html' without activating the window.
    (17:40.165) [Visual Studio Host (6956):TextEditorDocumentWindowTestExtension] Showing window 'Completion.html'.
    (17:40.254) [Visual Studio Host (6956):VisualStudioTextEditingActions] Inserting text combine CRLF as single return: 'at' at the current caret position: '(Ln: 14, Ch: 11)'
    (17:40.369) [Visual Studio Host (6956):TextEditorDocumentWindowTestExtension] Showing window 'Completion.html' without activating the window.
    (17:40.440) [Visual Studio Host (6956):TextEditorDocumentWindowTestExtension] Showing window 'Completion.html'.
    (17:40.503) [Visual Studio Host (6956):KeyboardCommands] Sending '1' tabs.
    (17:40.643) [Visual Studio Host (6956):TextEditorDocumentWindowTestExtension] Showing window 'Completion.html' without activating the window.
    (17:40.703) [Visual Studio Host (6956):TextEditorDocumentWindowTestExtension] Showing window 'Completion.html'.
    (17:40.769) [Visual Studio Host (6956):VisualStudioIntellisenseService] Getting the active completion at position '(Ln: 14, Ch: 19)'.
    (17:40.838) [Visual Studio Host (6956):VisualStudioCompletionListTestExtension] Found completion item with name 
    (17:40.904) [Visual Studio Host (6956):TextEditorDocumentWindowTestExtension] Showing window 'Completion.html' without activating the window.
    (17:40.971) [Visual Studio Host (6956):TextEditorDocumentWindowTestExtension] Showing window 'Completion.html'.
    (17:41.055) [Visual Studio Host (6956):VisualStudioTextEditingActions] Inserting text combine CRLF as single return: 'f' at the current caret position: '(Ln: 14, Ch: 19)'
    (17:41.180) [Visual Studio Host (6956):TextEditorDocumentWindowTestExtension] Showing window 'Completion.html' without activating the window.
    (17:41.270) [Visual Studio Host (6956):TextEditorDocumentWindowTestExtension] Showing window 'Completion.html'.
    (17:41.363) [Visual Studio Host (6956):KeyboardCommands] Sending '1' tabs.
    (17:41.445) [Visual Studio Host (6956):TextEditorDocumentWindowTestExtension] Showing window 'Completion.html' without activating the window.
    (17:41.537) [Visual Studio Host (6956):TextEditorDocumentWindowTestExtension] Showing window 'Completion.html'.
    (17:41.609) [Visual Studio Host (6956):VisualStudioTextEditingActions] Inserting text combine CRLF as single return: ' aria-relevant="a' at the current caret position: '(Ln: 14, Ch: 25)'
    (17:41.879) [Visual Studio Host (6956):TextEditorDocumentWindowTestExtension] Showing window 'Completion.html' without activating the window.
    (17:41.953) [Visual Studio Host (6956):TextEditorDocumentWindowTestExtension] Showing window 'Completion.html'.
    (17:42.025) [Visual Studio Host (6956):VisualStudioIntellisenseService] Getting the active completion at position '(Ln: 14, Ch: 42)'.
    (17:42.100) [Visual Studio Host (6956):VisualStudioCompletionListTestExtension] Found completion item with name 
    (17:42.183) [Visual Studio Host (6956):TextEditorDocumentWindowTestExtension] Showing window 'Completion.html' without activating the window.
    (17:42.237) [Visual Studio Host (6956):TextEditorDocumentWindowTestExtension] Showing window 'Completion.html'.
    (17:42.300) [Visual Studio Host (6956):VisualStudioTextEditingActions] Inserting text combine CRLF as single return: ' r' at the current caret position: '(Ln: 14, Ch: 42)'
    (17:42.403) [Visual Studio Host (6956):TextEditorDocumentWindowTestExtension] Showing window 'Completion.html' without activating the window.
    (17:42.466) [Visual Studio Host (6956):TextEditorDocumentWindowTestExtension] Showing window 'Completion.html'.
    (17:42.568) [Visual Studio Host (6956):VisualStudioIntellisenseService] Getting the active completion at position '(Ln: 14, Ch: 52)'.
    (17:42.628) [Visual Studio Host (6956):VisualStudioCompletionListTestExtension] Found completion item with name 
    (17:42.692) [Visual Studio Host (6956):TextEditorDocumentWindowTestExtension] Showing window 'Completion.html' without activating the window.
    (17:42.761) [Visual Studio Host (6956):TextEditorDocumentWindowTestExtension] Showing window 'Completion.html'.
    (17:42.841) [Visual Studio Host (6956):KeyboardCommands] Sending '1' tabs.
    (17:42.930) [Visual Studio Host (6956):TextEditorDocumentWindowTestExtension] Showing window 'Completion.html' without activating the window.
    (17:42.988) [Visual Studio Host (6956):TextEditorDocumentWindowTestExtension] Showing window 'Completion.html'.
    (17:43.043) [Visual Studio Host (6956):VisualStudioTextEditingActions] Inserting text combine CRLF as single return: '&gt;' at the current caret position: '(Ln: 14, Ch: 60)'
    (17:43.104) [Visual Studio Host (6956):TextEditorDocumentWindowTestExtension] Showing window 'Completion.html' without activating the window.
    (17:43.150) [Visual Studio Host (6956):TextEditorDocumentWindowTestExtension] Showing window 'Completion.html'.
    VerificationPass: (17:43.206) [Platform:Testcase] Verification passed: String content is equal: Expected '&lt;div aria-atomic="false" aria-relevant="additions removals"&gt;&lt;/div&gt;', Actual '&lt;div aria-atomic="false" aria-relevant="additions removals"&gt;&lt;/div&gt;'; &lt;ComparisonType: OrdinalIgnoreCase&gt;
    + ExternalProcessHostTest TestCleanup
        (17:43.290) [Visual Studio Host (6956):TextEditorDocumentWindowTestExtension] Closing window 'Completion.html'.
        (17:43.479) [Platform:Testcase] Test 'VSTest_Completion_AriaAttribute' has 'Passed' outcome. Therefore, Apex will not shut down the 'Visual Studio Host (6956)' with process ID '6956'. A subsequent test scenario will run on the same instance of the host.
    + Final Test Result Verification
        (17:43.677) [Platform:DelayedAssertionVerifierSink] Verification Success: 0 verification steps failed.
    + ApexTest TestCleanup</StdOut>
      </Output>
      <ResultFiles>
        <ResultFile path="WNVM19648\Fail.azqsczivabnm.png" />
        <ResultFile path="WNVM19648\Fail.ig2gsfz5ad1y.png" />
        <ResultFile path="WNVM19648\Fail.o5zf0zepaw0l.png" />
        <ResultFile path="WNVM19648\OmniLog.html" />
        <ResultFile path="WNVM19648\OmniLogRawXml.xml" />
      </ResultFiles>
    </UnitTestResult>
    <UnitTestResult executionId="0c45d6e5-d18b-4b8b-96f6-454fa1067f3c" testId="cf7441d4-8f80-e51c-85f4-d799678cbfc4" testName="VSTest_DumpCommentSelectionCshtmlResults" computerName="WNVM19648" duration="00:00:27.6478738" startTime="2018-04-17T00:18:04.0235053-07:00" endTime="2018-04-17T00:18:31.6713791-07:00" testType="13cdc9d9-ddb5-4fa4-a97d-d965ccfc6d4b" outcome="Passed" testListId="8c84fa94-04c1-424b-9868-57a2d4851a1d" relativeResultsDirectory="0c45d6e5-d18b-4b8b-96f6-454fa1067f3c">
      <Output>
        <StdOut>+ CommentSelectionTests::VSTest_DumpCommentSelectionCshtmlResults
    + ApexTest TestInitialize
    + ExternalProcessHostTest TestInitialize
        (19:45.384) [Visual Studio Host (6956):RoamingSettingsService] Disabling roaming settings.
        (19:45.455) [Visual Studio Host (6956):SettingsService] Setting Visual Studio option 'Environment\RoamingSettings\RoamingEnabled' to 'False'.
        (19:45.876) [Visual Studio Host (6956):TextEditorDocumentWindowTestExtension] Showing window 'CommentSelection.cshtml' without activating the window.
        (19:46.149) [Visual Studio Host (6956):TextEditorDocumentWindowTestExtension] Showing window 'CommentSelection.cshtml'.
        (19:46.306) [Visual Studio Host (6956):VisualStudioTextEditorTestExtension] Setting keyboard focus to editor 'CommentSelection.cshtml'.
        (19:46.385) [Visual Studio Host (6956):MainWindowService] Activating main window to bring it to the foreground.
        (19:46.453) [Visual Studio Host (6956):MainWindowService] Setting main window state to 'Maximized'.
    (19:49.007) [Visual Studio Host (6956):TextEditorDocumentWindowTestExtension] Showing window 'CommentSelection.cshtml' without activating the window.
    (19:49.096) [Visual Studio Host (6956):TextEditorDocumentWindowTestExtension] Showing window 'CommentSelection.cshtml'.
    (19:49.197) [Visual Studio Host (6956):VisualStudioCaretTestExtension] Moving the caret from (Ln: 1, Ch: 1) to (Ln: 6, Ch: 5)
    (19:49.615) [Visual Studio Host (6956):TextEditorDocumentWindowTestExtension] Showing window 'CommentSelection.cshtml' without activating the window.
    (19:49.674) [Visual Studio Host (6956):TextEditorDocumentWindowTestExtension] Showing window 'CommentSelection.cshtml'.
    (19:49.775) [Visual Studio Host (6956):VisualStudioCaretTestExtension] Moving the caret from (Ln: 6, Ch: 7) to (Ln: 12, Ch: 6)
    (19:50.581) [Visual Studio Host (6956):TextEditorDocumentWindowTestExtension] Showing window 'CommentSelection.cshtml' without activating the window.
    (19:50.624) [Visual Studio Host (6956):TextEditorDocumentWindowTestExtension] Showing window 'CommentSelection.cshtml'.
    (19:50.687) [Visual Studio Host (6956):VisualStudioCaretTestExtension] Moving the caret from (Ln: 12, Ch: 17) to (Ln: 15, Ch: 1)
    (19:51.031) [Visual Studio Host (6956):TextEditorDocumentWindowTestExtension] Showing window 'CommentSelection.cshtml' without activating the window.
    (19:51.080) [Visual Studio Host (6956):TextEditorDocumentWindowTestExtension] Showing window 'CommentSelection.cshtml'.
    (19:51.149) [Visual Studio Host (6956):VisualStudioCaretTestExtension] Moving the caret from (Ln: 15, Ch: 4) to (Ln: 16, Ch: 11)
    (19:51.429) [Visual Studio Host (6956):TextEditorDocumentWindowTestExtension] Showing window 'CommentSelection.cshtml' without activating the window.
    (19:51.516) [Visual Studio Host (6956):TextEditorDocumentWindowTestExtension] Showing window 'CommentSelection.cshtml'.
    (19:51.611) [Visual Studio Host (6956):VisualStudioCaretTestExtension] Moving the caret from (Ln: 16, Ch: 13) to (Ln: 19, Ch: 11)
    (19:51.898) [Visual Studio Host (6956):TextEditorDocumentWindowTestExtension] Showing window 'CommentSelection.cshtml' without activating the window.
    (19:51.974) [Visual Studio Host (6956):TextEditorDocumentWindowTestExtension] Showing window 'CommentSelection.cshtml'.
    (19:52.054) [Visual Studio Host (6956):VisualStudioCaretTestExtension] Moving the caret from (Ln: 19, Ch: 13) to (Ln: 20, Ch: 1)
    (19:52.115) [Visual Studio Host (6956):TextEditorDocumentWindowTestExtension] Showing window 'CommentSelection.cshtml'.
    (19:52.261) [Visual Studio Host (6956):VisualStudioCaretTestExtension] Moving the caret and selecting from (Ln: 20, Ch: 1) right '13' characters
    (19:52.344) [Visual Studio Host (6956):VisualStudioTextEditorTestExtension] Setting keyboard focus to editor 'CommentSelection.cshtml'.
    (19:52.674) [Visual Studio Host (6956):TextEditorDocumentWindowTestExtension] Showing window 'CommentSelection.cshtml' without activating the window.
    (19:52.904) [Visual Studio Host (6956):TextEditorDocumentWindowTestExtension] Showing window 'CommentSelection.cshtml'.
    (19:53.018) [Visual Studio Host (6956):VisualStudioCaretTestExtension] Moving the caret from (Ln: 20, Ch: 18) to (Ln: 22, Ch: 1)
    (19:53.125) [Visual Studio Host (6956):TextEditorDocumentWindowTestExtension] Showing window 'CommentSelection.cshtml'.
    (19:53.214) [Visual Studio Host (6956):VisualStudioCaretTestExtension] Moving the caret and selecting from (Ln: 22, Ch: 1) right '5' characters
    (19:53.282) [Visual Studio Host (6956):VisualStudioTextEditorTestExtension] Setting keyboard focus to editor 'CommentSelection.cshtml'.
    (19:53.761) [Visual Studio Host (6956):TextEditorDocumentWindowTestExtension] Showing window 'CommentSelection.cshtml' without activating the window.
    (19:53.938) [Visual Studio Host (6956):TextEditorDocumentWindowTestExtension] Showing window 'CommentSelection.cshtml'.
    (19:54.069) [Visual Studio Host (6956):VisualStudioCaretTestExtension] Moving the caret from (Ln: 22, Ch: 10) to (Ln: 24, Ch: 1)
    (19:54.150) [Visual Studio Host (6956):TextEditorDocumentWindowTestExtension] Showing window 'CommentSelection.cshtml'.
    (19:54.273) [Visual Studio Host (6956):VisualStudioCaretTestExtension] Moving the caret and selecting from (Ln: 24, Ch: 1) down '2' lines
    (19:54.328) [Visual Studio Host (6956):VisualStudioTextEditorTestExtension] Setting keyboard focus to editor 'CommentSelection.cshtml'.
    (19:54.437) [Visual Studio Host (6956):TextEditorDocumentWindowTestExtension] Showing window 'CommentSelection.cshtml'.
    (19:54.514) [Visual Studio Host (6956):VisualStudioCaretTestExtension] Moving the caret and selecting from (Ln: 26, Ch: 1) to the beginning of the line
    (19:54.557) [Visual Studio Host (6956):VisualStudioTextEditorTestExtension] Setting keyboard focus to editor 'CommentSelection.cshtml'.
    (19:54.604) [Visual Studio Host (6956):TextEditorDocumentWindowTestExtension] Showing window 'CommentSelection.cshtml'.
    (19:54.673) [Visual Studio Host (6956):TextEditorDocumentWindowTestExtension] Showing window 'CommentSelection.cshtml'.
    (19:54.741) [Visual Studio Host (6956):TextEditorDocumentWindowTestExtension] Showing window 'CommentSelection.cshtml'.
    (19:54.818) [Visual Studio Host (6956):VisualStudioCaretTestExtension] Moving the caret and selecting from (Ln: 26, Ch: 1) right '6' characters
    (19:54.901) [Visual Studio Host (6956):VisualStudioTextEditorTestExtension] Setting keyboard focus to editor 'CommentSelection.cshtml'.
    (19:55.311) [Visual Studio Host (6956):TextEditorDocumentWindowTestExtension] Showing window 'CommentSelection.cshtml' without activating the window.
    (19:55.386) [Visual Studio Host (6956):TextEditorDocumentWindowTestExtension] Showing window 'CommentSelection.cshtml'.
    (19:55.489) [Visual Studio Host (6956):VisualStudioCaretTestExtension] Moving the caret from (Ln: 26, Ch: 9) to (Ln: 28, Ch: 6)
    (19:55.748) [Visual Studio Host (6956):TextEditorDocumentWindowTestExtension] Showing window 'CommentSelection.cshtml' without activating the window.
    (19:55.841) [Visual Studio Host (6956):TextEditorDocumentWindowTestExtension] Showing window 'CommentSelection.cshtml'.
    (19:55.910) [Visual Studio Host (6956):VisualStudioCaretTestExtension] Moving the caret from (Ln: 28, Ch: 8) to (Ln: 35, Ch: 1)
    (19:56.266) [Visual Studio Host (6956):TextEditorDocumentWindowTestExtension] Showing window 'CommentSelection.cshtml' without activating the window.
    (19:56.347) [Visual Studio Host (6956):TextEditorDocumentWindowTestExtension] Showing window 'CommentSelection.cshtml'.
    (19:56.447) [Visual Studio Host (6956):VisualStudioCaretTestExtension] Moving the caret from (Ln: 35, Ch: 4) to (Ln: 38, Ch: 9)
    (19:56.701) [Visual Studio Host (6956):TextEditorDocumentWindowTestExtension] Showing window 'CommentSelection.cshtml' without activating the window.
    (19:56.777) [Visual Studio Host (6956):TextEditorDocumentWindowTestExtension] Showing window 'CommentSelection.cshtml'.
    (19:56.876) [Visual Studio Host (6956):VisualStudioCaretTestExtension] Moving the caret from (Ln: 38, Ch: 11) to (Ln: 42, Ch: 5)
    (19:56.939) [Visual Studio Host (6956):TextEditorDocumentWindowTestExtension] Showing window 'CommentSelection.cshtml'.
    (19:57.049) [Visual Studio Host (6956):VisualStudioCaretTestExtension] Moving the caret and selecting from (Ln: 42, Ch: 5) down '2' lines
    (19:57.112) [Visual Studio Host (6956):VisualStudioTextEditorTestExtension] Setting keyboard focus to editor 'CommentSelection.cshtml'.
    (19:57.183) [Visual Studio Host (6956):TextEditorDocumentWindowTestExtension] Showing window 'CommentSelection.cshtml'.
    (19:57.256) [Visual Studio Host (6956):VisualStudioCaretTestExtension] Moving the caret and selecting from (Ln: 44, Ch: 5) to the beginning of the line
    (19:57.315) [Visual Studio Host (6956):VisualStudioTextEditorTestExtension] Setting keyboard focus to editor 'CommentSelection.cshtml'.
    (19:57.387) [Visual Studio Host (6956):TextEditorDocumentWindowTestExtension] Showing window 'CommentSelection.cshtml'.
    (19:57.459) [Visual Studio Host (6956):TextEditorDocumentWindowTestExtension] Showing window 'CommentSelection.cshtml'.
    (19:57.514) [Visual Studio Host (6956):TextEditorDocumentWindowTestExtension] Showing window 'CommentSelection.cshtml'.
    (19:57.606) [Visual Studio Host (6956):VisualStudioCaretTestExtension] Moving the caret and selecting from (Ln: 44, Ch: 1) right '5' characters
    (19:57.659) [Visual Studio Host (6956):VisualStudioTextEditorTestExtension] Setting keyboard focus to editor 'CommentSelection.cshtml'.
    (19:57.813) [Visual Studio Host (6956):TextEditorDocumentWindowTestExtension] Showing window 'CommentSelection.cshtml' without activating the window.
    (19:57.882) [Visual Studio Host (6956):TextEditorDocumentWindowTestExtension] Showing window 'CommentSelection.cshtml'.
    (19:57.956) [Visual Studio Host (6956):VisualStudioCaretTestExtension] Moving the caret from (Ln: 44, Ch: 8) to (Ln: 47, Ch: 5)
    (19:58.022) [Visual Studio Host (6956):TextEditorDocumentWindowTestExtension] Showing window 'CommentSelection.cshtml'.
    (19:58.132) [Visual Studio Host (6956):VisualStudioCaretTestExtension] Moving the caret and selecting from (Ln: 47, Ch: 5) down '2' lines
    (19:58.223) [Visual Studio Host (6956):VisualStudioTextEditorTestExtension] Setting keyboard focus to editor 'CommentSelection.cshtml'.
    (19:58.311) [Visual Studio Host (6956):TextEditorDocumentWindowTestExtension] Showing window 'CommentSelection.cshtml'.
    (19:58.385) [Visual Studio Host (6956):VisualStudioCaretTestExtension] Moving the caret and selecting from (Ln: 49, Ch: 5) to the beginning of the line
    (19:58.454) [Visual Studio Host (6956):VisualStudioTextEditorTestExtension] Setting keyboard focus to editor 'CommentSelection.cshtml'.
    (19:58.518) [Visual Studio Host (6956):TextEditorDocumentWindowTestExtension] Showing window 'CommentSelection.cshtml'.
    (19:58.602) [Visual Studio Host (6956):TextEditorDocumentWindowTestExtension] Showing window 'CommentSelection.cshtml'.
    (19:58.675) [Visual Studio Host (6956):TextEditorDocumentWindowTestExtension] Showing window 'CommentSelection.cshtml'.
    (19:58.751) [Visual Studio Host (6956):VisualStudioCaretTestExtension] Moving the caret and selecting from (Ln: 49, Ch: 1) right '5' characters
    (19:58.801) [Visual Studio Host (6956):VisualStudioTextEditorTestExtension] Setting keyboard focus to editor 'CommentSelection.cshtml'.
    (19:59.086) [Visual Studio Host (6956):TextEditorDocumentWindowTestExtension] Showing window 'CommentSelection.cshtml' without activating the window.
    (19:59.148) [Visual Studio Host (6956):TextEditorDocumentWindowTestExtension] Showing window 'CommentSelection.cshtml'.
    (19:59.223) [Visual Studio Host (6956):VisualStudioCaretTestExtension] Moving the caret from (Ln: 49, Ch: 8) to (Ln: 52, Ch: 1)
    (19:59.299) [Visual Studio Host (6956):TextEditorDocumentWindowTestExtension] Showing window 'CommentSelection.cshtml' without activating the window.
    (19:59.360) [Visual Studio Host (6956):TextEditorDocumentWindowTestExtension] Showing window 'CommentSelection.cshtml'.
    (19:59.500) [Visual Studio Host (6956):TextEditorDocumentWindowTestExtension] Showing window 'CommentSelection.cshtml' without activating the window.
    (19:59.596) [Visual Studio Host (6956):TextEditorDocumentWindowTestExtension] Showing window 'CommentSelection.cshtml'.
    (19:59.680) [Visual Studio Host (6956):VisualStudioCaretTestExtension] Moving the caret from (Ln: 52, Ch: 4) to (Ln: 6, Ch: 5)
    (19:59.738) [Visual Studio Host (6956):TextEditorDocumentWindowTestExtension] Showing window 'CommentSelection.cshtml' without activating the window.
    (19:59.998) [Visual Studio Host (6956):TextEditorDocumentWindowTestExtension] Showing window 'CommentSelection.cshtml' without activating the window.
    (20:00.068) [Visual Studio Host (6956):TextEditorDocumentWindowTestExtension] Showing window 'CommentSelection.cshtml'.
    (20:00.145) [Visual Studio Host (6956):VisualStudioCaretTestExtension] Moving the caret from (Ln: 6, Ch: 3) to (Ln: 12, Ch: 6)
    (20:00.227) [Visual Studio Host (6956):TextEditorDocumentWindowTestExtension] Showing window 'CommentSelection.cshtml' without activating the window.
    (20:00.698) [Visual Studio Host (6956):TextEditorDocumentWindowTestExtension] Showing window 'CommentSelection.cshtml' without activating the window.
    (20:00.779) [Visual Studio Host (6956):TextEditorDocumentWindowTestExtension] Showing window 'CommentSelection.cshtml'.
    (20:00.882) [Visual Studio Host (6956):VisualStudioCaretTestExtension] Moving the caret from (Ln: 12, Ch: 15) to (Ln: 15, Ch: 3)
    (20:00.961) [Visual Studio Host (6956):TextEditorDocumentWindowTestExtension] Showing window 'CommentSelection.cshtml' without activating the window.
    (20:01.259) [Visual Studio Host (6956):TextEditorDocumentWindowTestExtension] Showing window 'CommentSelection.cshtml' without activating the window.
    (20:01.378) [Visual Studio Host (6956):TextEditorDocumentWindowTestExtension] Showing window 'CommentSelection.cshtml'.
    (20:01.456) [Visual Studio Host (6956):VisualStudioCaretTestExtension] Moving the caret from (Ln: 15, Ch: 1) to (Ln: 16, Ch: 11)
    (20:01.547) [Visual Studio Host (6956):TextEditorDocumentWindowTestExtension] Showing window 'CommentSelection.cshtml' without activating the window.
    (20:01.804) [Visual Studio Host (6956):TextEditorDocumentWindowTestExtension] Showing window 'CommentSelection.cshtml' without activating the window.
    (20:01.868) [Visual Studio Host (6956):TextEditorDocumentWindowTestExtension] Showing window 'CommentSelection.cshtml'.
    (20:01.975) [Visual Studio Host (6956):VisualStudioCaretTestExtension] Moving the caret from (Ln: 16, Ch: 9) to (Ln: 17, Ch: 11)
    (20:02.069) [Visual Studio Host (6956):TextEditorDocumentWindowTestExtension] Showing window 'CommentSelection.cshtml' without activating the window.
    (20:02.331) [Visual Studio Host (6956):TextEditorDocumentWindowTestExtension] Showing window 'CommentSelection.cshtml' without activating the window.
    (20:02.399) [Visual Studio Host (6956):TextEditorDocumentWindowTestExtension] Showing window 'CommentSelection.cshtml'.
    (20:02.470) [Visual Studio Host (6956):VisualStudioCaretTestExtension] Moving the caret from (Ln: 17, Ch: 7) to (Ln: 18, Ch: 11)
    (20:02.540) [Visual Studio Host (6956):TextEditorDocumentWindowTestExtension] Showing window 'CommentSelection.cshtml' without activating the window.
    (20:02.798) [Visual Studio Host (6956):TextEditorDocumentWindowTestExtension] Showing window 'CommentSelection.cshtml' without activating the window.
    (20:02.882) [Visual Studio Host (6956):TextEditorDocumentWindowTestExtension] Showing window 'CommentSelection.cshtml'.
    (20:02.960) [Visual Studio Host (6956):VisualStudioCaretTestExtension] Moving the caret from (Ln: 18, Ch: 9) to (Ln: 19, Ch: 11)
    (20:03.032) [Visual Studio Host (6956):TextEditorDocumentWindowTestExtension] Showing window 'CommentSelection.cshtml' without activating the window.
    (20:03.265) [Visual Studio Host (6956):TextEditorDocumentWindowTestExtension] Showing window 'CommentSelection.cshtml' without activating the window.
    (20:03.360) [Visual Studio Host (6956):TextEditorDocumentWindowTestExtension] Showing window 'CommentSelection.cshtml'.
    (20:03.462) [Visual Studio Host (6956):VisualStudioCaretTestExtension] Moving the caret from (Ln: 19, Ch: 9) to (Ln: 20, Ch: 1)
    (20:03.537) [Visual Studio Host (6956):TextEditorDocumentWindowTestExtension] Showing window 'CommentSelection.cshtml'.
    (20:03.624) [Visual Studio Host (6956):VisualStudioCaretTestExtension] Moving the caret and selecting from (Ln: 20, Ch: 1) right '17' characters
    (20:03.690) [Visual Studio Host (6956):VisualStudioTextEditorTestExtension] Setting keyboard focus to editor 'CommentSelection.cshtml'.
    (20:03.824) [Visual Studio Host (6956):TextEditorDocumentWindowTestExtension] Showing window 'CommentSelection.cshtml' without activating the window.
    (20:04.070) [Visual Studio Host (6956):TextEditorDocumentWindowTestExtension] Showing window 'CommentSelection.cshtml' without activating the window.
    (20:04.131) [Visual Studio Host (6956):TextEditorDocumentWindowTestExtension] Showing window 'CommentSelection.cshtml'.
    (20:04.197) [Visual Studio Host (6956):VisualStudioCaretTestExtension] Moving the caret from (Ln: 20, Ch: 14) to (Ln: 21, Ch: 1)
    (20:04.256) [Visual Studio Host (6956):TextEditorDocumentWindowTestExtension] Showing window 'CommentSelection.cshtml'.
    (20:04.341) [Visual Studio Host (6956):VisualStudioCaretTestExtension] Moving the caret and selecting from (Ln: 21, Ch: 1) right '12' characters
    (20:04.397) [Visual Studio Host (6956):VisualStudioTextEditorTestExtension] Setting keyboard focus to editor 'CommentSelection.cshtml'.
    (20:04.538) [Visual Studio Host (6956):TextEditorDocumentWindowTestExtension] Showing window 'CommentSelection.cshtml' without activating the window.
    (20:04.660) [Visual Studio Host (6956):TextEditorDocumentWindowTestExtension] Showing window 'CommentSelection.cshtml' without activating the window.
    (20:04.732) [Visual Studio Host (6956):TextEditorDocumentWindowTestExtension] Showing window 'CommentSelection.cshtml'.
    (20:04.815) [Visual Studio Host (6956):VisualStudioCaretTestExtension] Moving the caret from (Ln: 21, Ch: 13) to (Ln: 22, Ch: 1)
    (20:04.892) [Visual Studio Host (6956):TextEditorDocumentWindowTestExtension] Showing window 'CommentSelection.cshtml'.
    (20:05.005) [Visual Studio Host (6956):VisualStudioCaretTestExtension] Moving the caret and selecting from (Ln: 22, Ch: 1) right '5' characters
    (20:05.092) [Visual Studio Host (6956):VisualStudioTextEditorTestExtension] Setting keyboard focus to editor 'CommentSelection.cshtml'.
    (20:05.199) [Visual Studio Host (6956):TextEditorDocumentWindowTestExtension] Showing window 'CommentSelection.cshtml' without activating the window.
    (20:05.491) [Visual Studio Host (6956):TextEditorDocumentWindowTestExtension] Showing window 'CommentSelection.cshtml' without activating the window.
    (20:05.560) [Visual Studio Host (6956):TextEditorDocumentWindowTestExtension] Showing window 'CommentSelection.cshtml'.
    (20:05.670) [Visual Studio Host (6956):VisualStudioCaretTestExtension] Moving the caret from (Ln: 22, Ch: 4) to (Ln: 24, Ch: 1)
    (20:05.759) [Visual Studio Host (6956):TextEditorDocumentWindowTestExtension] Showing window 'CommentSelection.cshtml'.
    (20:05.839) [Visual Studio Host (6956):VisualStudioCaretTestExtension] Moving the caret and selecting from (Ln: 24, Ch: 1) down '2' lines
    (20:05.889) [Visual Studio Host (6956):VisualStudioTextEditorTestExtension] Setting keyboard focus to editor 'CommentSelection.cshtml'.
    (20:05.951) [Visual Studio Host (6956):TextEditorDocumentWindowTestExtension] Showing window 'CommentSelection.cshtml'.
    (20:06.018) [Visual Studio Host (6956):VisualStudioCaretTestExtension] Moving the caret and selecting from (Ln: 26, Ch: 1) to the beginning of the line
    (20:06.078) [Visual Studio Host (6956):VisualStudioTextEditorTestExtension] Setting keyboard focus to editor 'CommentSelection.cshtml'.
    (20:06.145) [Visual Studio Host (6956):TextEditorDocumentWindowTestExtension] Showing window 'CommentSelection.cshtml'.
    (20:06.225) [Visual Studio Host (6956):TextEditorDocumentWindowTestExtension] Showing window 'CommentSelection.cshtml'.
    (20:06.288) [Visual Studio Host (6956):TextEditorDocumentWindowTestExtension] Showing window 'CommentSelection.cshtml'.
    (20:06.351) [Visual Studio Host (6956):VisualStudioCaretTestExtension] Moving the caret and selecting from (Ln: 26, Ch: 1) right '6' characters
    (20:06.434) [Visual Studio Host (6956):VisualStudioTextEditorTestExtension] Setting keyboard focus to editor 'CommentSelection.cshtml'.
    (20:06.550) [Visual Studio Host (6956):TextEditorDocumentWindowTestExtension] Showing window 'CommentSelection.cshtml' without activating the window.
    (20:06.875) [Visual Studio Host (6956):TextEditorDocumentWindowTestExtension] Showing window 'CommentSelection.cshtml' without activating the window.
    (20:06.959) [Visual Studio Host (6956):TextEditorDocumentWindowTestExtension] Showing window 'CommentSelection.cshtml'.
    (20:07.081) [Visual Studio Host (6956):VisualStudioCaretTestExtension] Moving the caret from (Ln: 26, Ch: 7) to (Ln: 28, Ch: 6)
    (20:07.160) [Visual Studio Host (6956):TextEditorDocumentWindowTestExtension] Showing window 'CommentSelection.cshtml' without activating the window.
    (20:07.445) [Visual Studio Host (6956):TextEditorDocumentWindowTestExtension] Showing window 'CommentSelection.cshtml' without activating the window.
    (20:07.508) [Visual Studio Host (6956):TextEditorDocumentWindowTestExtension] Showing window 'CommentSelection.cshtml'.
    (20:07.619) [Visual Studio Host (6956):VisualStudioCaretTestExtension] Moving the caret from (Ln: 28, Ch: 4) to (Ln: 35, Ch: 3)
    (20:07.693) [Visual Studio Host (6956):TextEditorDocumentWindowTestExtension] Showing window 'CommentSelection.cshtml' without activating the window.
    (20:08.107) [Visual Studio Host (6956):TextEditorDocumentWindowTestExtension] Showing window 'CommentSelection.cshtml' without activating the window.
    (20:08.174) [Visual Studio Host (6956):TextEditorDocumentWindowTestExtension] Showing window 'CommentSelection.cshtml'.
    (20:08.261) [Visual Studio Host (6956):VisualStudioCaretTestExtension] Moving the caret from (Ln: 35, Ch: 2) to (Ln: 38, Ch: 10)
    (20:08.326) [Visual Studio Host (6956):TextEditorDocumentWindowTestExtension] Showing window 'CommentSelection.cshtml' without activating the window.
    (20:08.576) [Visual Studio Host (6956):TextEditorDocumentWindowTestExtension] Showing window 'CommentSelection.cshtml' without activating the window.
    (20:08.651) [Visual Studio Host (6956):TextEditorDocumentWindowTestExtension] Showing window 'CommentSelection.cshtml'.
    (20:08.723) [Visual Studio Host (6956):VisualStudioCaretTestExtension] Moving the caret from (Ln: 38, Ch: 8) to (Ln: 42, Ch: 5)
    (20:08.827) [Visual Studio Host (6956):TextEditorDocumentWindowTestExtension] Showing window 'CommentSelection.cshtml'.
    (20:08.929) [Visual Studio Host (6956):VisualStudioCaretTestExtension] Moving the caret and selecting from (Ln: 42, Ch: 5) down '2' lines
    (20:09.014) [Visual Studio Host (6956):VisualStudioTextEditorTestExtension] Setting keyboard focus to editor 'CommentSelection.cshtml'.
    (20:09.087) [Visual Studio Host (6956):TextEditorDocumentWindowTestExtension] Showing window 'CommentSelection.cshtml'.
    (20:09.184) [Visual Studio Host (6956):VisualStudioCaretTestExtension] Moving the caret and selecting from (Ln: 44, Ch: 5) to the beginning of the line
    (20:09.245) [Visual Studio Host (6956):VisualStudioTextEditorTestExtension] Setting keyboard focus to editor 'CommentSelection.cshtml'.
    (20:09.302) [Visual Studio Host (6956):TextEditorDocumentWindowTestExtension] Showing window 'CommentSelection.cshtml'.
    (20:09.415) [Visual Studio Host (6956):TextEditorDocumentWindowTestExtension] Showing window 'CommentSelection.cshtml'.
    (20:09.490) [Visual Studio Host (6956):TextEditorDocumentWindowTestExtension] Showing window 'CommentSelection.cshtml'.
    (20:09.585) [Visual Studio Host (6956):VisualStudioCaretTestExtension] Moving the caret and selecting from (Ln: 44, Ch: 1) right '7' characters
    (20:09.635) [Visual Studio Host (6956):VisualStudioTextEditorTestExtension] Setting keyboard focus to editor 'CommentSelection.cshtml'.
    (20:09.724) [Visual Studio Host (6956):TextEditorDocumentWindowTestExtension] Showing window 'CommentSelection.cshtml' without activating the window.
    (20:09.869) [Visual Studio Host (6956):TextEditorDocumentWindowTestExtension] Showing window 'CommentSelection.cshtml' without activating the window.
    (20:09.940) [Visual Studio Host (6956):TextEditorDocumentWindowTestExtension] Showing window 'CommentSelection.cshtml'.
    (20:10.056) [Visual Studio Host (6956):VisualStudioCaretTestExtension] Moving the caret from (Ln: 44, Ch: 6) to (Ln: 47, Ch: 5)
    (20:10.142) [Visual Studio Host (6956):TextEditorDocumentWindowTestExtension] Showing window 'CommentSelection.cshtml'.
    (20:10.230) [Visual Studio Host (6956):VisualStudioCaretTestExtension] Moving the caret and selecting from (Ln: 47, Ch: 5) down '2' lines
    (20:10.287) [Visual Studio Host (6956):VisualStudioTextEditorTestExtension] Setting keyboard focus to editor 'CommentSelection.cshtml'.
    (20:10.359) [Visual Studio Host (6956):TextEditorDocumentWindowTestExtension] Showing window 'CommentSelection.cshtml'.
    (20:10.426) [Visual Studio Host (6956):VisualStudioCaretTestExtension] Moving the caret and selecting from (Ln: 49, Ch: 5) to the beginning of the line
    (20:10.479) [Visual Studio Host (6956):VisualStudioTextEditorTestExtension] Setting keyboard focus to editor 'CommentSelection.cshtml'.
    (20:10.530) [Visual Studio Host (6956):TextEditorDocumentWindowTestExtension] Showing window 'CommentSelection.cshtml'.
    (20:10.604) [Visual Studio Host (6956):TextEditorDocumentWindowTestExtension] Showing window 'CommentSelection.cshtml'.
    (20:10.683) [Visual Studio Host (6956):TextEditorDocumentWindowTestExtension] Showing window 'CommentSelection.cshtml'.
    (20:10.763) [Visual Studio Host (6956):VisualStudioCaretTestExtension] Moving the caret and selecting from (Ln: 49, Ch: 1) right '7' characters
    (20:10.836) [Visual Studio Host (6956):VisualStudioTextEditorTestExtension] Setting keyboard focus to editor 'CommentSelection.cshtml'.
    (20:10.948) [Visual Studio Host (6956):TextEditorDocumentWindowTestExtension] Showing window 'CommentSelection.cshtml' without activating the window.
    (20:11.326) [Visual Studio Host (6956):TextEditorDocumentWindowTestExtension] Showing window 'CommentSelection.cshtml' without activating the window.
    (20:11.385) [Visual Studio Host (6956):TextEditorDocumentWindowTestExtension] Showing window 'CommentSelection.cshtml'.
    (20:11.469) [Visual Studio Host (6956):VisualStudioCaretTestExtension] Moving the caret from (Ln: 49, Ch: 6) to (Ln: 52, Ch: 1)
    (20:11.524) [Visual Studio Host (6956):TextEditorDocumentWindowTestExtension] Showing window 'CommentSelection.cshtml' without activating the window.
    (20:11.608) [Visual Studio Host (6956):TextEditorDocumentWindowTestExtension] Showing window 'CommentSelection.cshtml' without activating the window.
    (20:11.682) [Visual Studio Host (6956):TextEditorDocumentWindowTestExtension] Showing window 'CommentSelection.cshtml'.
    + ExternalProcessHostTest TestCleanup
        (20:11.902) [Visual Studio Host (6956):TextEditorDocumentWindowTestExtension] Closing window 'CommentSelection.cshtml'.
        (20:12.153) [Platform:Testcase] Test 'VSTest_DumpCommentSelectionCshtmlResults' has 'Passed' outcome. Therefore, Apex will not shut down the 'Visual Studio Host (6956)' with process ID '6956'. A subsequent test scenario will run on the same instance of the host.
    + Final Test Result Verification
        (20:12.352) [Platform:DelayedAssertionVerifierSink] Verification Success: 0 verification steps failed.
    + ApexTest TestCleanup</StdOut>
      </Output>
      <ResultFiles>
        <ResultFile path="WNVM19648\Fail.azqsczivabnm.png" />
        <ResultFile path="WNVM19648\Fail.ig2gsfz5ad1y.png" />
        <ResultFile path="WNVM19648\Fail.o5zf0zepaw0l.png" />
        <ResultFile path="WNVM19648\OmniLog.html" />
        <ResultFile path="WNVM19648\OmniLogRawXml.xml" />
      </ResultFiles>
    </UnitTestResult>
    <UnitTestResult executionId="fecee761-972e-432c-9a2c-7883158ff953" testId="e18a8c7e-a67e-80ac-04fd-530a1b0436e7" testName="VSTest_RazorDeleteArtifactInsideComment" computerName="WNVM19648" startTime="2018-04-17T01:13:04.1506820-07:00" endTime="2018-04-17T01:13:04.1506820-07:00" testType="13cdc9d9-ddb5-4fa4-a97d-d965ccfc6d4b" outcome="NotExecuted" testListId="8c84fa94-04c1-424b-9868-57a2d4851a1d" relativeResultsDirectory="fecee761-972e-432c-9a2c-7883158ff953">
      <Output>
      </Output>
    </UnitTestResult>
    <UnitTestResult executionId="728aaa5b-25e4-464f-bd2a-93a58f49c741" testId="ae31a4ee-0d6d-8443-a0c8-1d056bd8d962" testName="VSTest_RazorIntellisenseInCshtml" computerName="WNVM19648" startTime="2018-04-17T01:12:23.9794750-07:00" endTime="2018-04-17T01:12:23.9794750-07:00" testType="13cdc9d9-ddb5-4fa4-a97d-d965ccfc6d4b" outcome="NotExecuted" testListId="8c84fa94-04c1-424b-9868-57a2d4851a1d" relativeResultsDirectory="728aaa5b-25e4-464f-bd2a-93a58f49c741">
      <Output>
      </Output>
    </UnitTestResult>
    <UnitTestResult executionId="c010ccdb-a172-4066-8e30-066873dc1882" testId="3b5bfe9b-b764-62b1-b4f7-c0503cca95be" testName="VSTest_JSON_NavigateToErrors" computerName="WNVM19648" duration="00:00:15.1558627" startTime="2018-04-17T02:14:07.5186164-07:00" endTime="2018-04-17T02:14:22.6744791-07:00" testType="13cdc9d9-ddb5-4fa4-a97d-d965ccfc6d4b" outcome="Passed" testListId="8c84fa94-04c1-424b-9868-57a2d4851a1d" relativeResultsDirectory="c010ccdb-a172-4066-8e30-066873dc1882">
      <Output>
        <StdOut>+ SchemaValidation::VSTest_JSON_NavigateToErrors
    + ApexTest TestInitialize
    + ExternalProcessHostTest TestInitialize
        (02:15:49.859) [Visual Studio Host (4596):RoamingSettingsService] Disabling roaming settings.
        (02:15:50.218) [Visual Studio Host (4596):SettingsService] Setting Visual Studio option 'Environment\RoamingSettings\RoamingEnabled' to 'False'.
        (02:15:51.812) [Visual Studio Host (4596):TextEditorDocumentWindowTestExtension] Showing window 'validationErrors.json' without activating the window.
        (02:15:52.359) [Visual Studio Host (4596):TextEditorDocumentWindowTestExtension] Showing window 'validationErrors.json'.
        (02:15:52.691) [Visual Studio Host (4596):VisualStudioTextEditorTestExtension] Setting keyboard focus to editor 'validationErrors.json'.
        (02:15:52.906) [Visual Studio Host (4596):MainWindowService] Activating main window to bring it to the foreground.
        (02:15:53.124) [Visual Studio Host (4596):MainWindowService] Setting main window state to 'Maximized'.
    (02:15:53.718) [Visual Studio Host (4596):TextEditorDocumentWindowTestExtension] Showing window 'validationErrors.json' without activating the window.
    (02:15:53.968) [Visual Studio Host (4596):TextEditorDocumentWindowTestExtension] Showing window 'validationErrors.json'.
    (02:15:54.140) [Visual Studio Host (4596):ToolWindowTestExtension] Showing window 'Error List ...' without activating the window.
    (02:15:54.327) [Visual Studio Host (4596):ErrorListService] Showing error list error items.
    (02:15:54.499) [Visual Studio Host (4596):ToolWindowTestExtension] Showing window 'Error List ...' without activating the window.
    (02:15:54.687) [Visual Studio Host (4596):ErrorListService] Showing error list message items.
    (02:15:54.874) [Visual Studio Host (4596):ToolWindowTestExtension] Showing window 'Error List ...' without activating the window.
    (02:15:55.032) [Visual Studio Host (4596):ErrorListService] Showing error list warning items.
    (02:15:57.281) [Visual Studio Host (4596):TextEditorDocumentWindowTestExtension] Showing window 'validationErrors.json' without activating the window.
    (02:15:57.499) [Visual Studio Host (4596):TextEditorDocumentWindowTestExtension] Showing window 'validationErrors.json'.
    (02:15:57.827) [Visual Studio Host (4596):ErrorItemTestExtension] Navigating to Error Item 'Missing required property billing_address'. File Name: 'validationErrors.json.
    (02:15:58.062) [Visual Studio Host (4596):TextEditorDocumentWindowTestExtension] Showing window 'validationErrors.json' without activating the window.
    (02:15:58.281) [Visual Studio Host (4596):TextEditorDocumentWindowTestExtension] Showing window 'validationErrors.json'.
    (02:15:58.562) [Visual Studio Host (4596):ErrorItemTestExtension] Navigating to Error Item 'Missing required property requiredValue'. File Name: 'validationErrors.json.
    (02:15:58.859) [Visual Studio Host (4596):TextEditorDocumentWindowTestExtension] Showing window 'validationErrors.json' without activating the window.
    (02:15:59.109) [Visual Studio Host (4596):TextEditorDocumentWindowTestExtension] Showing window 'validationErrors.json'.
    (02:15:59.296) [Visual Studio Host (4596):ErrorItemTestExtension] Navigating to Error Item 'String must be at least 2 characters long and a...'. File Name: 'validationErrors.json.
    (02:15:59.515) [Visual Studio Host (4596):TextEditorDocumentWindowTestExtension] Showing window 'validationErrors.json' without activating the window.
    (02:15:59.734) [Visual Studio Host (4596):TextEditorDocumentWindowTestExtension] Showing window 'validationErrors.json'.
    (02:16:00.030) [Visual Studio Host (4596):ErrorItemTestExtension] Navigating to Error Item 'Value must match the regular expression (ab)+\.cd'. File Name: 'validationErrors.json.
    (02:16:00.280) [Visual Studio Host (4596):TextEditorDocumentWindowTestExtension] Showing window 'validationErrors.json' without activating the window.
    (02:16:00.484) [Visual Studio Host (4596):TextEditorDocumentWindowTestExtension] Showing window 'validationErrors.json'.
    (02:16:00.640) [Visual Studio Host (4596):ErrorItemTestExtension] Navigating to Error Item 'Value must be greater than or equal to 2 and le...'. File Name: 'validationErrors.json.
    (02:16:00.843) [Visual Studio Host (4596):TextEditorDocumentWindowTestExtension] Showing window 'validationErrors.json' without activating the window.
    (02:16:00.984) [Visual Studio Host (4596):TextEditorDocumentWindowTestExtension] Showing window 'validationErrors.json'.
    + ExternalProcessHostTest TestCleanup
        (02:16:01.374) [Visual Studio Host (4596):TextEditorDocumentWindowTestExtension] Closing window 'validationErrors.json'.
        (02:16:01.718) [Platform:Testcase] Test 'VSTest_JSON_NavigateToErrors' has 'Passed' outcome. Therefore, Apex will not shut down the 'Visual Studio Host (4596)' with process ID '4596'. A subsequent test scenario will run on the same instance of the host.
    + Final Test Result Verification
        (02:16:02.624) [Platform:DelayedAssertionVerifierSink] Verification Success: 0 verification steps failed.
    + ApexTest TestCleanup</StdOut>
      </Output>
      <ResultFiles>
        <ResultFile path="WNVM19648\Fail.22wpw0oka5fs.png" />
        <ResultFile path="WNVM19648\Fail.24wtv1jnawc3.png" />
        <ResultFile path="WNVM19648\Fail.2dvw33g3abcx.png" />
        <ResultFile path="WNVM19648\Fail.2lws5epta1gw.png" />
        <ResultFile path="WNVM19648\Fail.2osatv43agzz.png" />
        <ResultFile path="WNVM19648\Fail.33ju4eduay3u.png" />
        <ResultFile path="WNVM19648\Fail.3poblbx4alvv.png" />
        <ResultFile path="WNVM19648\Fail.4p531ykxaqdb.png" />
        <ResultFile path="WNVM19648\Fail.5erbsz3aa4ay.png" />
        <ResultFile path="WNVM19648\Fail.ashpv3rjajjr.png" />
        <ResultFile path="WNVM19648\Fail.aswak04hapa5.png" />
        <ResultFile path="WNVM19648\Fail.azqsczivabnm.png" />
        <ResultFile path="WNVM19648\Fail.byuslv5baqsd.png" />
        <ResultFile path="WNVM19648\Fail.bz134qwyax2e.png" />
        <ResultFile path="WNVM19648\Fail.czhshhzmawco.png" />
        <ResultFile path="WNVM19648\Fail.ek4tb3wmalyl.png" />
        <ResultFile path="WNVM19648\Fail.hxi2cahnapy2.png" />
        <ResultFile path="WNVM19648\Fail.ig2gsfz5ad1y.png" />
        <ResultFile path="WNVM19648\Fail.iymeazuqablz.png" />
        <ResultFile path="WNVM19648\Fail.jpga4adlarrf.png" />
        <ResultFile path="WNVM19648\Fail.kfb5og41ajlt.png" />
        <ResultFile path="WNVM19648\Fail.kp4fcfcpa5bw.png" />
        <ResultFile path="WNVM19648\Fail.kxs1ersmaxma.png" />
        <ResultFile path="WNVM19648\Fail.lbyrcmqbastb.png" />
        <ResultFile path="WNVM19648\Fail.loc0xhl5a2hr.png" />
        <ResultFile path="WNVM19648\Fail.lthgvalfaxfr.png" />
        <ResultFile path="WNVM19648\Fail.mazsob3aamsp.png" />
        <ResultFile path="WNVM19648\Fail.n13clx4iaowv.png" />
        <ResultFile path="WNVM19648\Fail.n3c2bmltan5e.png" />
        <ResultFile path="WNVM19648\Fail.o4kkrjboasbk.png" />
        <ResultFile path="WNVM19648\Fail.o5zf0zepaw0l.png" />
        <ResultFile path="WNVM19648\Fail.pdo2mhdtanq2.png" />
        <ResultFile path="WNVM19648\Fail.pprwzak1ac5h.png" />
        <ResultFile path="WNVM19648\Fail.qagtqbftat3h.png" />
        <ResultFile path="WNVM19648\Fail.qbnuydioazjy.png" />
        <ResultFile path="WNVM19648\Fail.raasvsmeanc1.png" />
        <ResultFile path="WNVM19648\Fail.rymman3va50a.png" />
        <ResultFile path="WNVM19648\Fail.sidku4gxamg4.png" />
        <ResultFile path="WNVM19648\Fail.swwzdfhraz25.png" />
        <ResultFile path="WNVM19648\Fail.t4yj0fxuatil.png" />
        <ResultFile path="WNVM19648\Fail.v0ywfcwsa23p.png" />
        <ResultFile path="WNVM19648\Fail.vjqtiv2zaclz.png" />
        <ResultFile path="WNVM19648\Fail.wiz4mofdavag.png" />
        <ResultFile path="WNVM19648\Fail.xasrdkzvaogc.png" />
        <ResultFile path="WNVM19648\Fail.yd3ferxiaq1c.png" />
        <ResultFile path="WNVM19648\Fail.z10rn0n5ajdm.png" />
        <ResultFile path="WNVM19648\Fail.z2gelfy0aa1q.png" />
        <ResultFile path="WNVM19648\Fail.zpuouf2fa0ib.png" />
        <ResultFile path="WNVM19648\OmniLog.html" />
        <ResultFile path="WNVM19648\OmniLogRawXml.xml" />
      </ResultFiles>
    </UnitTestResult>
    <UnitTestResult executionId="cf894023-0e28-4d19-bce9-608b57e5f932" testId="85ad2f9f-0fea-2b42-5e94-60f172e5ecd4" testName="VSTest_JSON_SuggestedActions_InlineReference" computerName="WNVM19648" duration="00:00:07.6169097" startTime="2018-04-17T01:54:51.1053372-07:00" endTime="2018-04-17T01:54:58.7222469-07:00" testType="13cdc9d9-ddb5-4fa4-a97d-d965ccfc6d4b" outcome="Passed" testListId="8c84fa94-04c1-424b-9868-57a2d4851a1d" relativeResultsDirectory="cf894023-0e28-4d19-bce9-608b57e5f932">
      <Output>
        <StdOut>+ InlineReferenceTests::VSTest_JSON_SuggestedActions_InlineReference
    + ApexTest TestInitialize
    + ExternalProcessHostTest TestInitialize
        (01:56:33.022) [Visual Studio Host (6752):RoamingSettingsService] Disabling roaming settings.
        (01:56:33.177) [Visual Studio Host (6752):SettingsService] Setting Visual Studio option 'Environment\RoamingSettings\RoamingEnabled' to 'False'.
        (01:56:33.631) [Visual Studio Host (6752):TextEditorDocumentWindowTestExtension] Showing window 'defaultValuesSchema.json' without activating the window.
        (01:56:33.808) [Visual Studio Host (6752):TextEditorDocumentWindowTestExtension] Showing window 'defaultValuesSchema.json'.
        (01:56:33.983) [Visual Studio Host (6752):VisualStudioTextEditorTestExtension] Setting keyboard focus to editor 'defaultValuesSchema.json'.
        (01:56:34.148) [Visual Studio Host (6752):MainWindowService] Activating main window to bring it to the foreground.
        (01:56:34.300) [Visual Studio Host (6752):MainWindowService] Setting main window state to 'Maximized'.
    (01:56:34.661) [Visual Studio Host (6752):TextEditorDocumentWindowTestExtension] Showing window 'defaultValuesSchema.json' without activating the window.
    (01:56:34.809) [Visual Studio Host (6752):TextEditorDocumentWindowTestExtension] Showing window 'defaultValuesSchema.json'.
    (01:56:34.964) [Visual Studio Host (6752):VisualStudioCaretTestExtension] Moving the caret to '$ref' at (Ln: 9, Ch: 13) based on a regular expression.  Expression = "()\$ref" [group index '0', match index '1', options 'Singleline, CultureInvariant']
    (01:56:35.123) [Visual Studio Host (6752):TextEditorDocumentWindowTestExtension] Showing window 'defaultValuesSchema.json' without activating the window.
    (01:56:35.291) [Visual Studio Host (6752):TextEditorDocumentWindowTestExtension] Showing window 'defaultValuesSchema.json'.
    (01:56:35.461) [Visual Studio Host (6752):VisualStudioLightBulbService] Did not find an active light bulb session. Please use Verify.IsLightBulbPresent() to make sure that the light bulb is present before requesting the LightBulb session.
    Warning: (01:56:35.610) [Visual Studio Host (6752):VisualStudioLightBulbService] No light bulb session provided to create a test extension.
    (01:56:36.017) [Visual Studio Host (6752):VisualStudioLightBulbService] Getting the active light bulb session at position '(Ln: 9, Ch: 13)'.
    VerificationPass: (01:56:36.202) [Visual Studio Host (6752):VisualStudioLightBulbServiceVerifier] Verification passed: Light bulb is present within a timeout of 00:00:10.
    (01:56:36.376) [Visual Studio Host (6752):TextEditorDocumentWindowTestExtension] Showing window 'defaultValuesSchema.json' without activating the window.
    (01:56:36.578) [Visual Studio Host (6752):TextEditorDocumentWindowTestExtension] Showing window 'defaultValuesSchema.json'.
    (01:56:36.778) [Visual Studio Host (6752):VisualStudioLightBulbService] Getting the active light bulb session at position '(Ln: 9, Ch: 13)'.
    (01:56:36.977) [Visual Studio Host (6752):LightBulbTestExtension] Retrieved '1' light bulb suggested actions.
    (01:56:37.157) [Visual Studio Host (6752):LightBulbSuggestedAction] Invoking light bulb suggestion action 'Inline reference'.
    (01:56:37.539) [Visual Studio Host (6752):TextEditorDocumentWindowTestExtension] Showing window 'defaultValuesSchema.json' without activating the window.
    (01:56:37.726) [Visual Studio Host (6752):TextEditorDocumentWindowTestExtension] Showing window 'defaultValuesSchema.json'.
    + ExternalProcessHostTest TestCleanup
        (01:56:38.167) [Visual Studio Host (6752):TextEditorDocumentWindowTestExtension] Closing window 'defaultValuesSchema.json'.
        (01:56:38.523) [Platform:Testcase] Test 'VSTest_JSON_SuggestedActions_InlineReference' has 'Passed' outcome. Therefore, Apex will not shut down the 'Visual Studio Host (6752)' with process ID '6752'. A subsequent test scenario will run on the same instance of the host.
    + Final Test Result Verification
        (01:56:39.006) [Platform:DelayedAssertionVerifierSink] Verification Success: 0 verification steps failed.
    + ApexTest TestCleanup</StdOut>
      </Output>
      <ResultFiles>
        <ResultFile path="WNVM19648\Fail.22wpw0oka5fs.png" />
        <ResultFile path="WNVM19648\Fail.24wtv1jnawc3.png" />
        <ResultFile path="WNVM19648\Fail.2lws5epta1gw.png" />
        <ResultFile path="WNVM19648\Fail.33ju4eduay3u.png" />
        <ResultFile path="WNVM19648\Fail.3poblbx4alvv.png" />
        <ResultFile path="WNVM19648\Fail.4p531ykxaqdb.png" />
        <ResultFile path="WNVM19648\Fail.ashpv3rjajjr.png" />
        <ResultFile path="WNVM19648\Fail.aswak04hapa5.png" />
        <ResultFile path="WNVM19648\Fail.azqsczivabnm.png" />
        <ResultFile path="WNVM19648\Fail.byuslv5baqsd.png" />
        <ResultFile path="WNVM19648\Fail.bz134qwyax2e.png" />
        <ResultFile path="WNVM19648\Fail.ek4tb3wmalyl.png" />
        <ResultFile path="WNVM19648\Fail.ig2gsfz5ad1y.png" />
        <ResultFile path="WNVM19648\Fail.iymeazuqablz.png" />
        <ResultFile path="WNVM19648\Fail.jpga4adlarrf.png" />
        <ResultFile path="WNVM19648\Fail.kfb5og41ajlt.png" />
        <ResultFile path="WNVM19648\Fail.kxs1ersmaxma.png" />
        <ResultFile path="WNVM19648\Fail.lbyrcmqbastb.png" />
        <ResultFile path="WNVM19648\Fail.loc0xhl5a2hr.png" />
        <ResultFile path="WNVM19648\Fail.lthgvalfaxfr.png" />
        <ResultFile path="WNVM19648\Fail.mazsob3aamsp.png" />
        <ResultFile path="WNVM19648\Fail.n13clx4iaowv.png" />
        <ResultFile path="WNVM19648\Fail.o4kkrjboasbk.png" />
        <ResultFile path="WNVM19648\Fail.o5zf0zepaw0l.png" />
        <ResultFile path="WNVM19648\Fail.pdo2mhdtanq2.png" />
        <ResultFile path="WNVM19648\Fail.pprwzak1ac5h.png" />
        <ResultFile path="WNVM19648\Fail.qagtqbftat3h.png" />
        <ResultFile path="WNVM19648\Fail.qbnuydioazjy.png" />
        <ResultFile path="WNVM19648\Fail.raasvsmeanc1.png" />
        <ResultFile path="WNVM19648\Fail.rymman3va50a.png" />
        <ResultFile path="WNVM19648\Fail.sidku4gxamg4.png" />
        <ResultFile path="WNVM19648\Fail.swwzdfhraz25.png" />
        <ResultFile path="WNVM19648\Fail.t4yj0fxuatil.png" />
        <ResultFile path="WNVM19648\Fail.v0ywfcwsa23p.png" />
        <ResultFile path="WNVM19648\Fail.vjqtiv2zaclz.png" />
        <ResultFile path="WNVM19648\Fail.wiz4mofdavag.png" />
        <ResultFile path="WNVM19648\Fail.yd3ferxiaq1c.png" />
        <ResultFile path="WNVM19648\Fail.z10rn0n5ajdm.png" />
        <ResultFile path="WNVM19648\Fail.z2gelfy0aa1q.png" />
        <ResultFile path="WNVM19648\Fail.zpuouf2fa0ib.png" />
        <ResultFile path="WNVM19648\OmniLog.html" />
        <ResultFile path="WNVM19648\OmniLogRawXml.xml" />
      </ResultFiles>
    </UnitTestResult>
    <UnitTestResult executionId="a926f6a7-c8d2-4423-912e-4428667464c0" testId="07aa11d2-13b2-aba5-340b-754493f54a8a" testName="VSTest_JSON_GotoCommandTests" computerName="WNVM19648" duration="00:00:04.3024163" startTime="2018-04-17T00:21:22.3294658-07:00" endTime="2018-04-17T00:21:26.6318821-07:00" testType="13cdc9d9-ddb5-4fa4-a97d-d965ccfc6d4b" outcome="Passed" testListId="8c84fa94-04c1-424b-9868-57a2d4851a1d" relativeResultsDirectory="a926f6a7-c8d2-4423-912e-4428667464c0">
      <Output>
        <StdOut>+ GoToCommandTests::VSTest_JSON_GotoCommandTests
    + ApexTest TestInitialize
    + ExternalProcessHostTest TestInitialize
        (23:03.655) [Visual Studio Host (11564):RoamingSettingsService] Disabling roaming settings.
        (23:03.703) [Visual Studio Host (11564):SettingsService] Setting Visual Studio option 'Environment\RoamingSettings\RoamingEnabled' to 'False'.
        (23:04.016) [Visual Studio Host (11564):TextEditorDocumentWindowTestExtension] Showing window 'Content.json' without activating the window.
        (23:04.111) [Visual Studio Host (11564):TextEditorDocumentWindowTestExtension] Showing window 'Content.json'.
        (23:04.182) [Visual Studio Host (11564):VisualStudioTextEditorTestExtension] Setting keyboard focus to editor 'Content.json'.
        (23:04.233) [Visual Studio Host (11564):SettingsService] Getting value of Visual Studio Setting 'TextEditor\JSON Specific\BracePositionStyle'. 
        (23:04.286) [Visual Studio Host (11564):SettingsService] Setting Visual Studio option 'TextEditor\JSON Specific\BracePositionStyle' to '0'.
        (23:04.359) [Visual Studio Host (11564):MainWindowService] Activating main window to bring it to the foreground.
        (23:04.489) [Visual Studio Host (11564):MainWindowService] Setting main window state to 'Maximized'.
    (23:04.655) [Visual Studio Host (11564):TextEditorDocumentWindowTestExtension] Showing window 'Content.json' without activating the window.
    (23:04.709) [Visual Studio Host (11564):TextEditorDocumentWindowTestExtension] Showing window 'Content.json'.
    (23:04.785) [Visual Studio Host (11564):VisualStudioCaretTestExtension] Moving the caret and selecting the range from (Ln: 17, Ch: 16) to (Ln: 17, Ch: 16) based on a regular expression.  Expression = ""myOneOf":(\s+)()" [group index '2', match index '2', options 'Singleline, CultureInvariant']
    (23:04.865) [Visual Studio Host (11564):TextEditorDocumentWindowTestExtension] Showing window 'Content.json' without activating the window.
    (23:04.938) [Visual Studio Host (11564):TextEditorDocumentWindowTestExtension] Showing window 'Content.json'.
    (23:05.056) [Visual Studio Host (11564):TextEditorDocumentWindowTestExtension] Showing window 'Content.json' without activating the window.
    (23:05.126) [Visual Studio Host (11564):TextEditorDocumentWindowTestExtension] Showing window 'Content.json'.
    (23:05.217) [Visual Studio Host (11564):TextEditorDocumentWindowTestExtension] Showing window 'Content.json' without activating the window.
    (23:05.315) [Visual Studio Host (11564):TextEditorDocumentWindowTestExtension] Showing window 'Content.json'.
    (23:05.402) [Visual Studio Host (11564):VisualStudioCaretTestExtension] Moving the caret and selecting the range from (Ln: 9, Ch: 22) to (Ln: 9, Ch: 22) based on a regular expression.  Expression = "()definitions" [group index '1', match index '1', options 'Singleline, CultureInvariant']
    (23:05.634) [Visual Studio Host (11564):TextEditorDocumentWindowTestExtension] Showing window 'Content.json' without activating the window.
    (23:05.731) [Visual Studio Host (11564):TextEditorDocumentWindowTestExtension] Showing window 'Content.json'.
    (23:05.807) [Visual Studio Host (11564):TextEditorDocumentWindowTestExtension] Showing window 'Content.json' without activating the window.
    (23:05.878) [Visual Studio Host (11564):TextEditorDocumentWindowTestExtension] Showing window 'Content.json'.
    (23:06.040) [Visual Studio Host (11564):TextEditorDocumentWindowTestExtension] Showing window 'Content.json' without activating the window.
    (23:06.118) [Visual Studio Host (11564):TextEditorDocumentWindowTestExtension] Showing window 'Content.json'.
    (23:06.205) [Visual Studio Host (11564):VisualStudioCaretTestExtension] Moving the caret from (Ln: 17, Ch: 16) to the beginning of the file
    (23:06.281) [Visual Studio Host (11564):VisualStudioTextEditorTestExtension] Setting keyboard focus to editor 'Content.json'.
    (23:06.349) [Visual Studio Host (11564):TextEditorDocumentWindowTestExtension] Showing window 'Content.json' without activating the window.
    (23:06.405) [Visual Studio Host (11564):TextEditorDocumentWindowTestExtension] Showing window 'Content.json'.
    (23:06.485) [Visual Studio Host (11564):VisualStudioCaretTestExtension] Moving the caret and selecting the range from (Ln: 13, Ch: 18) to (Ln: 13, Ch: 18) based on a regular expression.  Expression = "()definitions" [group index '1', match index '2', options 'Singleline, CultureInvariant']
    (23:06.573) [Visual Studio Host (11564):TextEditorDocumentWindowTestExtension] Showing window 'Content.json' without activating the window.
    (23:06.636) [Visual Studio Host (11564):TextEditorDocumentWindowTestExtension] Showing window 'Content.json'.
    (23:06.724) [Visual Studio Host (11564):TextEditorDocumentWindowTestExtension] Showing window 'Content.json' without activating the window.
    (23:06.780) [Visual Studio Host (11564):TextEditorDocumentWindowTestExtension] Showing window 'Content.json'.
    + ExternalProcessHostTest TestCleanup
        (23:06.933) [Visual Studio Host (11564):SettingsService] Setting Visual Studio option 'TextEditor\JSON Specific\BracePositionStyle' to '1'.
        (23:07.077) [Visual Studio Host (11564):TextEditorDocumentWindowTestExtension] Closing window 'Content.json'.
        (23:07.259) [Platform:Testcase] Test 'VSTest_JSON_GotoCommandTests' has 'Passed' outcome. Therefore, Apex will not shut down the 'Visual Studio Host (11564)' with process ID '11564'. A subsequent test scenario will run on the same instance of the host.
    + Final Test Result Verification
        (23:07.438) [Platform:DelayedAssertionVerifierSink] Verification Success: 0 verification steps failed.
    + ApexTest TestCleanup</StdOut>
      </Output>
      <ResultFiles>
        <ResultFile path="WNVM19648\Fail.azqsczivabnm.png" />
        <ResultFile path="WNVM19648\Fail.ig2gsfz5ad1y.png" />
        <ResultFile path="WNVM19648\Fail.o5zf0zepaw0l.png" />
        <ResultFile path="WNVM19648\OmniLog.html" />
        <ResultFile path="WNVM19648\OmniLogRawXml.xml" />
      </ResultFiles>
    </UnitTestResult>
    <UnitTestResult executionId="31689672-8998-4985-8fad-35e0bdcddcdb" testId="6c310239-8446-6e4d-9eab-b13a6859461c" testName="VSTest_Script_Dump_JavaScript_Projection_Buffer" computerName="WNVM19648" duration="00:00:10.4371920" startTime="2018-04-17T01:21:46.8524470-07:00" endTime="2018-04-17T01:21:57.2896390-07:00" testType="13cdc9d9-ddb5-4fa4-a97d-d965ccfc6d4b" outcome="Passed" testListId="8c84fa94-04c1-424b-9868-57a2d4851a1d" relativeResultsDirectory="31689672-8998-4985-8fad-35e0bdcddcdb">
      <Output>
        <StdOut>+ ContainedScriptTests::VSTest_Script_Dump_JavaScript_Projection_Buffer
    + ApexTest TestInitialize
    + ExternalProcessHostTest TestInitialize
        (01:23:28.573) [Visual Studio Host (10528):RoamingSettingsService] Disabling roaming settings.
        (01:23:28.750) [Visual Studio Host (10528):SettingsService] Setting Visual Studio option 'Environment\RoamingSettings\RoamingEnabled' to 'False'.
        (01:23:28.930) [Visual Studio Host (10528):CodeMarkerListenerService] Starting code marker listenering.
        (01:23:29.083) [Visual Studio Host (10528):CodeMarkerListenerService] Flushed code marker queue.
        (01:23:30.533) [Visual Studio Host (10528):TextEditorDocumentWindowTestExtension] Showing window 'InlineJavaScript.html' without activating the window.
        (01:23:30.755) [Visual Studio Host (10528):TextEditorDocumentWindowTestExtension] Showing window 'InlineJavaScript.html'.
        (01:23:30.995) [Visual Studio Host (10528):VisualStudioTextEditorTestExtension] Setting keyboard focus to editor 'InlineJavaScript.html'.
        (01:23:31.226) [Visual Studio Host (10528):CodeMarkerListenerService] Waiting for code marker '7203' in process with time-out of '00:01:00'.
        (01:23:31.396) [Visual Studio Host (10528):MainWindowService] Activating main window to bring it to the foreground.
        (01:23:31.578) [Visual Studio Host (10528):MainWindowService] Setting main window state to 'Maximized'.
    (01:23:35.925) [Visual Studio Host (10528):TextEditorDocumentWindowTestExtension] Showing window 'InlineJavaScript.html' without activating the window.
    (01:23:36.088) [Visual Studio Host (10528):TextEditorDocumentWindowTestExtension] Showing window 'InlineJavaScript.html'.
    + ExternalProcessHostTest TestCleanup
        (01:23:36.482) [Visual Studio Host (10528):TextEditorDocumentWindowTestExtension] Closing window 'InlineJavaScript.html'.
        (01:23:36.739) [Platform:Testcase] Test 'VSTest_Script_Dump_JavaScript_Projection_Buffer' has 'Passed' outcome. Therefore, Apex will not shut down the 'Visual Studio Host (10528)' with process ID '10528'. A subsequent test scenario will run on the same instance of the host.
    + Final Test Result Verification
        (01:23:37.320) [Platform:DelayedAssertionVerifierSink] Verification Success: 0 verification steps failed.
    + ApexTest TestCleanup</StdOut>
      </Output>
      <ResultFiles>
        <ResultFile path="WNVM19648\Fail.aswak04hapa5.png" />
        <ResultFile path="WNVM19648\Fail.azqsczivabnm.png" />
        <ResultFile path="WNVM19648\Fail.byuslv5baqsd.png" />
        <ResultFile path="WNVM19648\Fail.ek4tb3wmalyl.png" />
        <ResultFile path="WNVM19648\Fail.ig2gsfz5ad1y.png" />
        <ResultFile path="WNVM19648\Fail.kxs1ersmaxma.png" />
        <ResultFile path="WNVM19648\Fail.loc0xhl5a2hr.png" />
        <ResultFile path="WNVM19648\Fail.o4kkrjboasbk.png" />
        <ResultFile path="WNVM19648\Fail.o5zf0zepaw0l.png" />
        <ResultFile path="WNVM19648\Fail.raasvsmeanc1.png" />
        <ResultFile path="WNVM19648\Fail.sidku4gxamg4.png" />
        <ResultFile path="WNVM19648\Fail.t4yj0fxuatil.png" />
        <ResultFile path="WNVM19648\Fail.z10rn0n5ajdm.png" />
        <ResultFile path="WNVM19648\OmniLog.html" />
        <ResultFile path="WNVM19648\OmniLogRawXml.xml" />
      </ResultFiles>
    </UnitTestResult>
    <UnitTestResult executionId="8a15c92e-e0a2-43e1-b502-3d89f2baf09f" testId="b5663964-93bb-ce61-f87f-3dd423915f5e" testName="VSTest_TypingTags_Output_to_P" computerName="WNVM19648" startTime="2018-04-17T00:43:46.7197472-07:00" endTime="2018-04-17T00:43:46.7197472-07:00" testType="13cdc9d9-ddb5-4fa4-a97d-d965ccfc6d4b" outcome="NotExecuted" testListId="8c84fa94-04c1-424b-9868-57a2d4851a1d" relativeResultsDirectory="8a15c92e-e0a2-43e1-b502-3d89f2baf09f">
      <Output>
      </Output>
    </UnitTestResult>
    <UnitTestResult executionId="78d4544a-939d-4ee0-b5cc-5745999105ee" testId="0971c0b9-688a-71c2-e098-701202af9cc5" testName="VSTest_RazorV4CshtmlFormatAndUndo" computerName="WNVM19648" duration="00:00:05.8261582" startTime="2018-04-17T01:08:38.3168557-07:00" endTime="2018-04-17T01:08:44.1430139-07:00" testType="13cdc9d9-ddb5-4fa4-a97d-d965ccfc6d4b" outcome="Passed" testListId="8c84fa94-04c1-424b-9868-57a2d4851a1d" relativeResultsDirectory="78d4544a-939d-4ee0-b5cc-5745999105ee">
      <Output>
        <StdOut>+ CSharpGeneralTests::VSTest_RazorV4CshtmlFormatAndUndo
    + ApexTest TestInitialize
    + ExternalProcessHostTest TestInitialize
        (01:10:20.227) [Visual Studio Host (4384):RoamingSettingsService] Disabling roaming settings.
        (01:10:20.375) [Visual Studio Host (4384):SettingsService] Setting Visual Studio option 'Environment\RoamingSettings\RoamingEnabled' to 'False'.
        (01:10:20.811) [Visual Studio Host (4384):TextEditorDocumentWindowTestExtension] Showing window 'FormatAndUndo.cshtml' without activating the window.
        (01:10:21.033) [Visual Studio Host (4384):TextEditorDocumentWindowTestExtension] Showing window 'FormatAndUndo.cshtml'.
        (01:10:21.282) [Visual Studio Host (4384):VisualStudioTextEditorTestExtension] Setting keyboard focus to editor 'FormatAndUndo.cshtml'.
        (01:10:21.476) [Visual Studio Host (4384):MainWindowService] Activating main window to bring it to the foreground.
        (01:10:21.666) [Visual Studio Host (4384):MainWindowService] Setting main window state to 'Maximized'.
    (01:10:22.111) [Visual Studio Host (4384):TextEditorDocumentWindowTestExtension] Showing window 'FormatAndUndo.cshtml' without activating the window.
    (01:10:22.282) [Visual Studio Host (4384):TextEditorDocumentWindowTestExtension] Showing window 'FormatAndUndo.cshtml'.
    (01:10:22.667) [Visual Studio Host (4384):TextEditorDocumentWindowTestExtension] Showing window 'FormatAndUndo.cshtml' without activating the window.
    (01:10:22.844) [Visual Studio Host (4384):TextEditorDocumentWindowTestExtension] Showing window 'FormatAndUndo.cshtml'.
    (01:10:23.106) [Visual Studio Host (4384):VisualStudioClassificationTestExtension] Retrieved '20' classifications in the editor.
    + ExternalProcessHostTest TestCleanup
        (01:10:23.503) [Visual Studio Host (4384):TextEditorDocumentWindowTestExtension] Closing window 'FormatAndUndo.cshtml'.
        (01:10:23.776) [Platform:Testcase] Test 'VSTest_RazorV4CshtmlFormatAndUndo' has 'Passed' outcome. Therefore, Apex will not shut down the 'Visual Studio Host (4384)' with process ID '4384'. A subsequent test scenario will run on the same instance of the host.
    + Final Test Result Verification
        (01:10:24.343) [Platform:DelayedAssertionVerifierSink] Verification Success: 0 verification steps failed.
    + ApexTest TestCleanup</StdOut>
      </Output>
      <ResultFiles>
        <ResultFile path="WNVM19648\Fail.azqsczivabnm.png" />
        <ResultFile path="WNVM19648\Fail.ig2gsfz5ad1y.png" />
        <ResultFile path="WNVM19648\Fail.o5zf0zepaw0l.png" />
        <ResultFile path="WNVM19648\Fail.raasvsmeanc1.png" />
        <ResultFile path="WNVM19648\Fail.t4yj0fxuatil.png" />
        <ResultFile path="WNVM19648\Fail.z10rn0n5ajdm.png" />
        <ResultFile path="WNVM19648\OmniLog.html" />
        <ResultFile path="WNVM19648\OmniLogRawXml.xml" />
      </ResultFiles>
    </UnitTestResult>
    <UnitTestResult executionId="d1215c83-f01b-4d99-979b-b0f88a81ef70" testId="a040948f-80f5-c500-fb3b-bc99e46b82de" testName="VSTest_HtmlOutlining_ComplexEdits" computerName="WNVM19648" duration="00:00:04.3688545" startTime="2018-04-17T00:14:10.5362892-07:00" endTime="2018-04-17T00:14:14.9051437-07:00" testType="13cdc9d9-ddb5-4fa4-a97d-d965ccfc6d4b" outcome="Passed" testListId="8c84fa94-04c1-424b-9868-57a2d4851a1d" relativeResultsDirectory="d1215c83-f01b-4d99-979b-b0f88a81ef70">
      <Output>
        <StdOut>+ HtmlOutliningTests::VSTest_HtmlOutlining_ComplexEdits
    + ApexTest TestInitialize
    + ExternalProcessHostTest TestInitialize
        (15:51.904) [Visual Studio Host (6956):RoamingSettingsService] Disabling roaming settings.
        (15:51.970) [Visual Studio Host (6956):SettingsService] Setting Visual Studio option 'Environment\RoamingSettings\RoamingEnabled' to 'False'.
        (15:52.348) [Visual Studio Host (6956):TextEditorDocumentWindowTestExtension] Showing window 'HTMLPage.html' without activating the window.
        (15:52.591) [Visual Studio Host (6956):TextEditorDocumentWindowTestExtension] Showing window 'HTMLPage.html'.
        (15:52.689) [Visual Studio Host (6956):VisualStudioTextEditorTestExtension] Setting keyboard focus to editor 'HTMLPage.html'.
        (15:52.765) [Visual Studio Host (6956):MainWindowService] Activating main window to bring it to the foreground.
        (15:52.826) [Visual Studio Host (6956):MainWindowService] Setting main window state to 'Maximized'.
    (15:52.924) [Visual Studio Host (6956):TextEditorDocumentWindowTestExtension] Showing window 'HTMLPage.html' without activating the window.
    (15:52.974) [Visual Studio Host (6956):TextEditorDocumentWindowTestExtension] Showing window 'HTMLPage.html'.
    (15:53.047) [Visual Studio Host (6956):VisualStudioCaretTestExtension] Moving the caret from (Ln: 1, Ch: 1) to (Ln: 8, Ch: 1)
    (15:53.110) [Visual Studio Host (6956):TextEditorDocumentWindowTestExtension] Showing window 'HTMLPage.html'.
    (15:53.183) [Visual Studio Host (6956):VisualStudioCaretTestExtension] Moving the caret and box selecting from (Ln: 8, Ch: 1) down '9' lines
    (15:53.223) [Visual Studio Host (6956):VisualStudioTextEditorTestExtension] Setting keyboard focus to editor 'HTMLPage.html'.
    (15:53.297) [Visual Studio Host (6956):TextEditorDocumentWindowTestExtension] Showing window 'HTMLPage.html'.
    (15:53.374) [Visual Studio Host (6956):VisualStudioCaretTestExtension] Moving the caret and selecting from (Ln: 17, Ch: 1) to the beginning of the line
    (15:53.451) [Visual Studio Host (6956):VisualStudioTextEditorTestExtension] Setting keyboard focus to editor 'HTMLPage.html'.
    (15:53.531) [Visual Studio Host (6956):TextEditorDocumentWindowTestExtension] Showing window 'HTMLPage.html'.
    (15:53.633) [Visual Studio Host (6956):TextEditorDocumentWindowTestExtension] Showing window 'HTMLPage.html' without activating the window.
    (15:53.716) [Visual Studio Host (6956):TextEditorDocumentWindowTestExtension] Showing window 'HTMLPage.html'.
    (15:53.964) [Visual Studio Host (6956):TextEditorDocumentWindowTestExtension] Showing window 'HTMLPage.html' without activating the window.
    (15:54.041) [Visual Studio Host (6956):TextEditorDocumentWindowTestExtension] Showing window 'HTMLPage.html'.
    (15:54.151) [Visual Studio Host (6956):VisualStudioOutliningTestExtension] Retrieved '6' outlined regions in the editor.
    VerificationPass: (15:54.201) [Platform:Testcase] Verification passed: Number of outlining regions is 6; expected to find 6.
    (15:54.246) [Platform:Testcase] Verifying outline region on line 3
    VerificationPass: (15:54.291) [Platform:Testcase] Verification passed: Start locations are not equal. Expected '(Ln: 3, Ch: 1)', Actual: '(Ln: 3, Ch: 1)'
    VerificationPass: (15:54.336) [Platform:Testcase] Verification passed: End locations are not equal. Expected '(Ln: 18, Ch: 8)', Actual: '(Ln: 18, Ch: 8)'
    VerificationPass: (15:54.384) [Platform:Testcase] Verification passed: Instances are equal. Expected 'False', Actual 'False'.
    (15:54.434) [Platform:Testcase] Verifying outline region on line 4
    VerificationPass: (15:54.485) [Platform:Testcase] Verification passed: Start locations are not equal. Expected '(Ln: 4, Ch: 1)', Actual: '(Ln: 4, Ch: 1)'
    VerificationPass: (15:54.532) [Platform:Testcase] Verification passed: End locations are not equal. Expected '(Ln: 7, Ch: 8)', Actual: '(Ln: 7, Ch: 8)'
    VerificationPass: (15:54.577) [Platform:Testcase] Verification passed: Instances are equal. Expected 'False', Actual 'False'.
    (15:54.617) [Platform:Testcase] Verifying outline region on line 8
    VerificationPass: (15:54.658) [Platform:Testcase] Verification passed: Start locations are not equal. Expected '(Ln: 8, Ch: 2)', Actual: '(Ln: 8, Ch: 2)'
    VerificationPass: (15:54.698) [Platform:Testcase] Verification passed: End locations are not equal. Expected '(Ln: 17, Ch: 9)', Actual: '(Ln: 17, Ch: 9)'
    VerificationPass: (15:54.735) [Platform:Testcase] Verification passed: Instances are equal. Expected 'False', Actual 'False'.
    (15:54.774) [Platform:Testcase] Verifying outline region on line 9
    VerificationPass: (15:54.818) [Platform:Testcase] Verification passed: Start locations are not equal. Expected '(Ln: 9, Ch: 6)', Actual: '(Ln: 9, Ch: 6)'
    VerificationPass: (15:54.861) [Platform:Testcase] Verification passed: End locations are not equal. Expected '(Ln: 16, Ch: 14)', Actual: '(Ln: 16, Ch: 14)'
    VerificationPass: (15:54.901) [Platform:Testcase] Verification passed: Instances are equal. Expected 'False', Actual 'False'.
    (15:54.939) [Platform:Testcase] Verifying outline region on line 10
    VerificationPass: (15:54.978) [Platform:Testcase] Verification passed: Start locations are not equal. Expected '(Ln: 10, Ch: 10)', Actual: '(Ln: 10, Ch: 10)'
    VerificationPass: (15:55.018) [Platform:Testcase] Verification passed: End locations are not equal. Expected '(Ln: 15, Ch: 15)', Actual: '(Ln: 15, Ch: 15)'
    VerificationPass: (15:55.056) [Platform:Testcase] Verification passed: Instances are equal. Expected 'False', Actual 'False'.
    (15:55.096) [Platform:Testcase] Verifying outline region on line 12
    VerificationPass: (15:55.133) [Platform:Testcase] Verification passed: Start locations are not equal. Expected '(Ln: 12, Ch: 14)', Actual: '(Ln: 12, Ch: 14)'
    VerificationPass: (15:55.172) [Platform:Testcase] Verification passed: End locations are not equal. Expected '(Ln: 14, Ch: 19)', Actual: '(Ln: 14, Ch: 19)'
    VerificationPass: (15:55.213) [Platform:Testcase] Verification passed: Instances are equal. Expected 'False', Actual 'False'.
    + ExternalProcessHostTest TestCleanup
        (15:55.289) [Visual Studio Host (6956):TextEditorDocumentWindowTestExtension] Closing window 'HTMLPage.html'.
        (15:55.512) [Platform:Testcase] Test 'VSTest_HtmlOutlining_ComplexEdits' has 'Passed' outcome. Therefore, Apex will not shut down the 'Visual Studio Host (6956)' with process ID '6956'. A subsequent test scenario will run on the same instance of the host.
    + Final Test Result Verification
        (15:55.728) [Platform:DelayedAssertionVerifierSink] Verification Success: 0 verification steps failed.
    + ApexTest TestCleanup</StdOut>
      </Output>
      <ResultFiles>
        <ResultFile path="WNVM19648\Fail.ig2gsfz5ad1y.png" />
        <ResultFile path="WNVM19648\OmniLog.html" />
        <ResultFile path="WNVM19648\OmniLogRawXml.xml" />
      </ResultFiles>
    </UnitTestResult>
    <UnitTestResult executionId="ee6e6549-8bb7-4a9b-8ff9-196ea8793f7a" testId="e5fc4e28-5a20-e9ed-2a19-08b4c069426b" testName="VSTest_RazorCsFormatCodeBlock_PasteRazorContent" computerName="WNVM19648" duration="00:00:04.6199569" startTime="2018-04-17T01:03:06.5740965-07:00" endTime="2018-04-17T01:03:11.1940534-07:00" testType="13cdc9d9-ddb5-4fa4-a97d-d965ccfc6d4b" outcome="Passed" testListId="8c84fa94-04c1-424b-9868-57a2d4851a1d" relativeResultsDirectory="ee6e6549-8bb7-4a9b-8ff9-196ea8793f7a">
      <Output>
        <StdOut>+ CSharpFormattingTests::VSTest_RazorCsFormatCodeBlock_PasteRazorContent
    + ApexTest TestInitialize
    + ExternalProcessHostTest TestInitialize
        (01:04:48.203) [Visual Studio Host (4384):RoamingSettingsService] Disabling roaming settings.
        (01:04:48.331) [Visual Studio Host (4384):SettingsService] Setting Visual Studio option 'Environment\RoamingSettings\RoamingEnabled' to 'False'.
        (01:04:48.648) [Visual Studio Host (4384):TextEditorDocumentWindowTestExtension] Showing window 'PasteRazorContent.cshtml' without activating the window.
        (01:04:48.809) [Visual Studio Host (4384):TextEditorDocumentWindowTestExtension] Showing window 'PasteRazorContent.cshtml'.
        (01:04:48.969) [Visual Studio Host (4384):VisualStudioTextEditorTestExtension] Setting keyboard focus to editor 'PasteRazorContent.cshtml'.
        (01:04:49.160) [Visual Studio Host (4384):MainWindowService] Activating main window to bring it to the foreground.
        (01:04:49.386) [Visual Studio Host (4384):MainWindowService] Setting main window state to 'Maximized'.
    (01:04:49.703) [Visual Studio Host (4384):TextEditorDocumentWindowTestExtension] Showing window 'PasteRazorContent.cshtml' without activating the window.
    (01:04:49.845) [Visual Studio Host (4384):TextEditorDocumentWindowTestExtension] Showing window 'PasteRazorContent.cshtml'.
    (01:04:49.981) [Visual Studio Host (4384):VisualStudioCaretTestExtension] Moving the caret from (Ln: 1, Ch: 1) to (Ln: 5, Ch: 9)
    (01:04:50.289) [Visual Studio Host (4384):TextEditorDocumentWindowTestExtension] Showing window 'PasteRazorContent.cshtml' without activating the window.
    (01:04:50.447) [Visual Studio Host (4384):TextEditorDocumentWindowTestExtension] Showing window 'PasteRazorContent.cshtml'.
    + ExternalProcessHostTest TestCleanup
        (01:04:50.833) [Visual Studio Host (4384):TextEditorDocumentWindowTestExtension] Closing window 'PasteRazorContent.cshtml'.
        (01:04:51.069) [Platform:Testcase] Test 'VSTest_RazorCsFormatCodeBlock_PasteRazorContent' has 'Passed' outcome. Therefore, Apex will not shut down the 'Visual Studio Host (4384)' with process ID '4384'. A subsequent test scenario will run on the same instance of the host.
    + Final Test Result Verification
        (01:04:51.579) [Platform:DelayedAssertionVerifierSink] Verification Success: 0 verification steps failed.
    + ApexTest TestCleanup</StdOut>
      </Output>
      <ResultFiles>
        <ResultFile path="WNVM19648\Fail.azqsczivabnm.png" />
        <ResultFile path="WNVM19648\Fail.ig2gsfz5ad1y.png" />
        <ResultFile path="WNVM19648\Fail.o5zf0zepaw0l.png" />
        <ResultFile path="WNVM19648\Fail.raasvsmeanc1.png" />
        <ResultFile path="WNVM19648\Fail.t4yj0fxuatil.png" />
        <ResultFile path="WNVM19648\Fail.z10rn0n5ajdm.png" />
        <ResultFile path="WNVM19648\OmniLog.html" />
        <ResultFile path="WNVM19648\OmniLogRawXml.xml" />
      </ResultFiles>
    </UnitTestResult>
    <UnitTestResult executionId="05d9c976-2842-4da9-9891-05532c6d6c53" testId="9973abf2-a8aa-d93b-3472-11f69965ea21" testName="VSTest_JSON_PasteObjectLiteral_WholeFile" computerName="WNVM19648" duration="00:00:12.6246776" startTime="2018-04-17T02:14:48.6929539-07:00" endTime="2018-04-17T02:15:01.3176315-07:00" testType="13cdc9d9-ddb5-4fa4-a97d-d965ccfc6d4b" outcome="Passed" testListId="8c84fa94-04c1-424b-9868-57a2d4851a1d" relativeResultsDirectory="05d9c976-2842-4da9-9891-05532c6d6c53">
      <Output>
        <StdOut>+ PasteJavascriptObjectLiteralAsJSONTests::VSTest_JSON_PasteObjectLiteral_WholeFile
    + ApexTest TestInitialize
    + ExternalProcessHostTest TestInitialize
        (02:16:30.486) [Visual Studio Host (4596):RoamingSettingsService] Disabling roaming settings.
        (02:16:30.658) [Visual Studio Host (4596):SettingsService] Setting Visual Studio option 'Environment\RoamingSettings\RoamingEnabled' to 'False'.
        (02:16:31.174) [Visual Studio Host (4596):TextEditorDocumentWindowTestExtension] Showing window 'EmptyWithoutSchema.json' without activating the window.
        (02:16:31.393) [Visual Studio Host (4596):TextEditorDocumentWindowTestExtension] Showing window 'EmptyWithoutSchema.json'.
        (02:16:31.580) [Visual Studio Host (4596):VisualStudioTextEditorTestExtension] Setting keyboard focus to editor 'EmptyWithoutSchema.json'.
        (02:16:31.768) [Visual Studio Host (4596):MainWindowService] Activating main window to bring it to the foreground.
        (02:16:31.939) [Visual Studio Host (4596):MainWindowService] Setting main window state to 'Maximized'.
    (02:16:32.330) [Visual Studio Host (4596):TextEditorDocumentWindowTestExtension] Showing window 'EmptyWithoutSchema.json' without activating the window.
    (02:16:32.471) [Visual Studio Host (4596):TextEditorDocumentWindowTestExtension] Showing window 'EmptyWithoutSchema.json'.
    (02:16:32.674) [Visual Studio Host (4596):VisualStudioSelectionTestExtension] Selects all text in the editor.
    (02:16:32.877) [Visual Studio Host (4596):TextEditorDocumentWindowTestExtension] Showing window 'EmptyWithoutSchema.json' without activating the window.
    (02:16:33.049) [Visual Studio Host (4596):TextEditorDocumentWindowTestExtension] Showing window 'EmptyWithoutSchema.json'.
    (02:16:33.221) [Visual Studio Host (4596):KeyboardCommands] Sending the Delete key 1 times.
    (02:16:33.814) [Visual Studio Host (4596):TextEditorDocumentWindowTestExtension] Showing window 'EmptyWithoutSchema.json' without activating the window.
    (02:16:34.017) [Visual Studio Host (4596):TextEditorDocumentWindowTestExtension] Showing window 'EmptyWithoutSchema.json'.
    (02:16:34.239) [Visual Studio Host (4596):VisualStudioCaretTestExtension] Moving the caret from (Ln: 5, Ch: 4) to the beginning of the file
    (02:16:34.424) [Visual Studio Host (4596):VisualStudioTextEditorTestExtension] Setting keyboard focus to editor 'EmptyWithoutSchema.json'.
    (02:16:34.643) [Visual Studio Host (4596):TextEditorDocumentWindowTestExtension] Showing window 'EmptyWithoutSchema.json' without activating the window.
    (02:16:34.814) [Visual Studio Host (4596):TextEditorDocumentWindowTestExtension] Showing window 'EmptyWithoutSchema.json'.
    VerificationPass: (02:16:34.986) [Platform:Testcase] Verification passed: String content is equal: Expected '{', Actual '{'; &lt;ComparisonType: OrdinalIgnoreCase&gt;
    (02:16:35.189) [Visual Studio Host (4596):TextEditorDocumentWindowTestExtension] Showing window 'EmptyWithoutSchema.json' without activating the window.
    (02:16:35.377) [Visual Studio Host (4596):TextEditorDocumentWindowTestExtension] Showing window 'EmptyWithoutSchema.json'.
    (02:16:35.642) [Visual Studio Host (4596):VisualStudioCaretTestExtension] Moving the caret from (Ln: 1, Ch: 1) down '1' lines
    (02:16:35.846) [Visual Studio Host (4596):VisualStudioTextEditorTestExtension] Setting keyboard focus to editor 'EmptyWithoutSchema.json'.
    (02:16:36.017) [Visual Studio Host (4596):TextEditorDocumentWindowTestExtension] Showing window 'EmptyWithoutSchema.json' without activating the window.
    (02:16:36.174) [Visual Studio Host (4596):TextEditorDocumentWindowTestExtension] Showing window 'EmptyWithoutSchema.json'.
    VerificationPass: (02:16:36.330) [Platform:Testcase] Verification passed: String content is equal: Expected '"value1": 1,', Actual '"value1": 1,'; &lt;ComparisonType: OrdinalIgnoreCase&gt;
    (02:16:36.502) [Visual Studio Host (4596):TextEditorDocumentWindowTestExtension] Showing window 'EmptyWithoutSchema.json' without activating the window.
    (02:16:36.674) [Visual Studio Host (4596):TextEditorDocumentWindowTestExtension] Showing window 'EmptyWithoutSchema.json'.
    (02:16:36.846) [Visual Studio Host (4596):VisualStudioCaretTestExtension] Moving the caret from (Ln: 2, Ch: 1) down '1' lines
    (02:16:37.017) [Visual Studio Host (4596):VisualStudioTextEditorTestExtension] Setting keyboard focus to editor 'EmptyWithoutSchema.json'.
    (02:16:37.221) [Visual Studio Host (4596):TextEditorDocumentWindowTestExtension] Showing window 'EmptyWithoutSchema.json' without activating the window.
    (02:16:37.408) [Visual Studio Host (4596):TextEditorDocumentWindowTestExtension] Showing window 'EmptyWithoutSchema.json'.
    VerificationPass: (02:16:37.580) [Platform:Testcase] Verification passed: String content is equal: Expected '"valueObject": {', Actual '"valueObject": {'; &lt;ComparisonType: OrdinalIgnoreCase&gt;
    (02:16:37.767) [Visual Studio Host (4596):TextEditorDocumentWindowTestExtension] Showing window 'EmptyWithoutSchema.json' without activating the window.
    (02:16:37.971) [Visual Studio Host (4596):TextEditorDocumentWindowTestExtension] Showing window 'EmptyWithoutSchema.json'.
    (02:16:38.142) [Visual Studio Host (4596):VisualStudioCaretTestExtension] Moving the caret from (Ln: 3, Ch: 1) down '1' lines
    (02:16:38.314) [Visual Studio Host (4596):VisualStudioTextEditorTestExtension] Setting keyboard focus to editor 'EmptyWithoutSchema.json'.
    (02:16:38.488) [Visual Studio Host (4596):TextEditorDocumentWindowTestExtension] Showing window 'EmptyWithoutSchema.json' without activating the window.
    (02:16:38.705) [Visual Studio Host (4596):TextEditorDocumentWindowTestExtension] Showing window 'EmptyWithoutSchema.json'.
    VerificationPass: (02:16:38.924) [Platform:Testcase] Verification passed: String content is equal: Expected '"valueArray": [ { "valueString": "test" } ]', Actual '"valueArray": [ { "valueString": "test" } ]'; &lt;ComparisonType: OrdinalIgnoreCase&gt;
    (02:16:39.111) [Visual Studio Host (4596):TextEditorDocumentWindowTestExtension] Showing window 'EmptyWithoutSchema.json' without activating the window.
    (02:16:39.314) [Visual Studio Host (4596):TextEditorDocumentWindowTestExtension] Showing window 'EmptyWithoutSchema.json'.
    (02:16:39.502) [Visual Studio Host (4596):VisualStudioCaretTestExtension] Moving the caret from (Ln: 4, Ch: 1) down '1' lines
    (02:16:39.658) [Visual Studio Host (4596):VisualStudioTextEditorTestExtension] Setting keyboard focus to editor 'EmptyWithoutSchema.json'.
    (02:16:39.814) [Visual Studio Host (4596):TextEditorDocumentWindowTestExtension] Showing window 'EmptyWithoutSchema.json' without activating the window.
    (02:16:39.970) [Visual Studio Host (4596):TextEditorDocumentWindowTestExtension] Showing window 'EmptyWithoutSchema.json'.
    VerificationPass: (02:16:40.127) [Platform:Testcase] Verification passed: String content is equal: Expected '}', Actual '}'; &lt;ComparisonType: OrdinalIgnoreCase&gt;
    + ExternalProcessHostTest TestCleanup
        (02:16:40.424) [Visual Studio Host (4596):TextEditorDocumentWindowTestExtension] Closing window 'EmptyWithoutSchema.json'.
        (02:16:40.861) [Platform:Testcase] Test 'VSTest_JSON_PasteObjectLiteral_WholeFile' has 'Passed' outcome. Therefore, Apex will not shut down the 'Visual Studio Host (4596)' with process ID '4596'. A subsequent test scenario will run on the same instance of the host.
    + Final Test Result Verification
        (02:16:41.486) [Platform:DelayedAssertionVerifierSink] Verification Success: 0 verification steps failed.
    + ApexTest TestCleanup</StdOut>
      </Output>
      <ResultFiles>
        <ResultFile path="WNVM19648\Fail.22wpw0oka5fs.png" />
        <ResultFile path="WNVM19648\Fail.24wtv1jnawc3.png" />
        <ResultFile path="WNVM19648\Fail.2dvw33g3abcx.png" />
        <ResultFile path="WNVM19648\Fail.2lws5epta1gw.png" />
        <ResultFile path="WNVM19648\Fail.2osatv43agzz.png" />
        <ResultFile path="WNVM19648\Fail.33ju4eduay3u.png" />
        <ResultFile path="WNVM19648\Fail.3poblbx4alvv.png" />
        <ResultFile path="WNVM19648\Fail.4p531ykxaqdb.png" />
        <ResultFile path="WNVM19648\Fail.5erbsz3aa4ay.png" />
        <ResultFile path="WNVM19648\Fail.ashpv3rjajjr.png" />
        <ResultFile path="WNVM19648\Fail.aswak04hapa5.png" />
        <ResultFile path="WNVM19648\Fail.azqsczivabnm.png" />
        <ResultFile path="WNVM19648\Fail.byuslv5baqsd.png" />
        <ResultFile path="WNVM19648\Fail.bz134qwyax2e.png" />
        <ResultFile path="WNVM19648\Fail.czhshhzmawco.png" />
        <ResultFile path="WNVM19648\Fail.ek4tb3wmalyl.png" />
        <ResultFile path="WNVM19648\Fail.hxi2cahnapy2.png" />
        <ResultFile path="WNVM19648\Fail.ig2gsfz5ad1y.png" />
        <ResultFile path="WNVM19648\Fail.iymeazuqablz.png" />
        <ResultFile path="WNVM19648\Fail.jpga4adlarrf.png" />
        <ResultFile path="WNVM19648\Fail.kfb5og41ajlt.png" />
        <ResultFile path="WNVM19648\Fail.kp4fcfcpa5bw.png" />
        <ResultFile path="WNVM19648\Fail.kxs1ersmaxma.png" />
        <ResultFile path="WNVM19648\Fail.lbyrcmqbastb.png" />
        <ResultFile path="WNVM19648\Fail.loc0xhl5a2hr.png" />
        <ResultFile path="WNVM19648\Fail.lthgvalfaxfr.png" />
        <ResultFile path="WNVM19648\Fail.mazsob3aamsp.png" />
        <ResultFile path="WNVM19648\Fail.n13clx4iaowv.png" />
        <ResultFile path="WNVM19648\Fail.n3c2bmltan5e.png" />
        <ResultFile path="WNVM19648\Fail.o4kkrjboasbk.png" />
        <ResultFile path="WNVM19648\Fail.o5zf0zepaw0l.png" />
        <ResultFile path="WNVM19648\Fail.pdo2mhdtanq2.png" />
        <ResultFile path="WNVM19648\Fail.pprwzak1ac5h.png" />
        <ResultFile path="WNVM19648\Fail.qagtqbftat3h.png" />
        <ResultFile path="WNVM19648\Fail.qbnuydioazjy.png" />
        <ResultFile path="WNVM19648\Fail.raasvsmeanc1.png" />
        <ResultFile path="WNVM19648\Fail.rymman3va50a.png" />
        <ResultFile path="WNVM19648\Fail.sidku4gxamg4.png" />
        <ResultFile path="WNVM19648\Fail.swwzdfhraz25.png" />
        <ResultFile path="WNVM19648\Fail.t4yj0fxuatil.png" />
        <ResultFile path="WNVM19648\Fail.v0ywfcwsa23p.png" />
        <ResultFile path="WNVM19648\Fail.vjqtiv2zaclz.png" />
        <ResultFile path="WNVM19648\Fail.wiz4mofdavag.png" />
        <ResultFile path="WNVM19648\Fail.xasrdkzvaogc.png" />
        <ResultFile path="WNVM19648\Fail.yd3ferxiaq1c.png" />
        <ResultFile path="WNVM19648\Fail.z10rn0n5ajdm.png" />
        <ResultFile path="WNVM19648\Fail.z2gelfy0aa1q.png" />
        <ResultFile path="WNVM19648\Fail.zpuouf2fa0ib.png" />
        <ResultFile path="WNVM19648\OmniLog.html" />
        <ResultFile path="WNVM19648\OmniLogRawXml.xml" />
      </ResultFiles>
    </UnitTestResult>
    <UnitTestResult executionId="d15f0530-d353-4ab5-8b48-cec941e2933f" testId="3e2959f9-0c0f-0089-c6a2-84dec410936a" testName="VSTest_TypingThrough_BoxSelectionIgnoreTypeThrough" computerName="WNVM19648" duration="00:00:00.0800030" startTime="2018-04-17T00:32:50.6092418-07:00" endTime="2018-04-17T00:32:50.6892448-07:00" testType="13cdc9d9-ddb5-4fa4-a97d-d965ccfc6d4b" outcome="Failed" testListId="8c84fa94-04c1-424b-9868-57a2d4851a1d" relativeResultsDirectory="d15f0530-d353-4ab5-8b48-cec941e2933f">
      <Output>
        <StdOut>+ TypingThroughTests::VSTest_TypingThrough_BoxSelectionIgnoreTypeThrough
    + ApexTest TestInitialize</StdOut>
        <ErrorInfo>
          <Message>Initialization method Microsoft.Test.Apex.ExternalProcessHostTest`2[[Microsoft.Test.Apex.VisualStudio.VisualStudioHostConfiguration, Microsoft.Test.Apex.VisualStudio, Version=15.0.0.0, Culture=neutral, PublicKeyToken=b03f5f7f11d50a3a],[Microsoft.Test.Apex.VisualStudio.VisualStudioHost, Microsoft.Test.Apex.VisualStudio, Version=15.0.0.0, Culture=neutral, PublicKeyToken=b03f5f7f11d50a3a]].TestInitialize threw exception. System.IO.IOException: The process cannot access the file 'C:\school\OmniLog.html' because it is being used by another process.</Message>
          <StackTrace>   at System.IO.__Error.WinIOError(Int32 errorCode, String maybeFullPath)
   at System.IO.FileStream.Init(String path, FileMode mode, FileAccess access, Int32 rights, Boolean useRights, FileShare share, Int32 bufferSize, FileOptions options, SECURITY_ATTRIBUTES secAttrs, String msgPath, Boolean bFromProxy, Boolean useLongPath, Boolean checkHost)
   at System.IO.FileStream..ctor(String path, FileMode mode, FileAccess access)
   at Omni.Logging.Sinks.IncrementalSummarySink.PrepareForWrite() in F:\dd\src\Omni\Log\Omni.Log\Sinks\IncrementalSummarySink.cs:line 169
   at Omni.Logging.Sinks.IncrementalSummarySink.Append(ILogMessage message) in F:\dd\src\Omni\Log\Omni.Log\Sinks\IncrementalSummarySink.cs:line 74
   at Omni.Logging.OmniLog.SendToSinks(LogMessage message) in F:\dd\src\Omni\Log\Omni.Log\OmniLog.cs:line 968
   at Omni.Logging.Log.BeginGroup(String message) in F:\dd\src\Omni\Log\Omni.Log\OmniLog.cs:line 1402
   at Microsoft.Test.Apex.Services.Logging.TestLoggerSinks.OmniLog.OmniLogSink.ActualSink.ScopeEntered(IExecutionScopeHandle scope) in F:\dd\src\omni\Apex\MsTestIntegration\Services\OmniLog\OmniLogSink.cs:line 318
   at Microsoft.Test.Apex.Services.Logging.TestLoggerSinks.OmniLog.OmniLogSink.ScopeEntered(IExecutionScopeHandle scope) in F:\dd\src\omni\Apex\MsTestIntegration\Services\OmniLog\OmniLogSink.cs:line 146
   at Microsoft.Test.Apex.Services.ExecutionScopeService.Enter(TestExecutionPoint testExecutionPoint, String scopeName, Boolean enterVerificationScope, Object context) in F:\dd\src\omni\Apex\Framework\Services\ExecutionScope\ExecutionScopeService.cs:line 228
   at Microsoft.Test.Apex.Services.ExecutionScopeService.Enter(String scopeName, Boolean enterVerificationScope, Object context) in F:\dd\src\omni\Apex\Framework\Services\ExecutionScope\ExecutionScopeService.cs:line 202
   at Microsoft.Test.Apex.Services.ExecutionScopeService.Enter(String scopeName) in F:\dd\src\omni\Apex\Framework\Services\ExecutionScope\ExecutionScopeService.cs:line 80
   at Microsoft.Test.Apex.ApexTest.TestInitialize() in F:\dd\src\omni\Apex\MsTestIntegration\ApexTest.cs:line 423
   at Microsoft.Test.Apex.ExternalProcessHostTest`2.TestInitialize() in F:\dd\src\omni\Apex\MsTestIntegration\ExternalProcessHostTest.cs:line 108</StackTrace>
        </ErrorInfo>
      </Output>
    </UnitTestResult>
    <UnitTestResult executionId="ae4bd9a2-ef74-45c5-ad48-8223983c1f79" testId="16fb3848-50f9-e3fc-c8ef-277ffc8e956d" testName="VSTest_CSSTyping_SampleCss" computerName="WNVM19648" duration="00:00:40.2892498" startTime="2018-04-17T00:25:24.3700210-07:00" endTime="2018-04-17T00:26:04.6592708-07:00" testType="13cdc9d9-ddb5-4fa4-a97d-d965ccfc6d4b" outcome="Passed" testListId="8c84fa94-04c1-424b-9868-57a2d4851a1d" relativeResultsDirectory="ae4bd9a2-ef74-45c5-ad48-8223983c1f79">
      <Output>
        <StdOut>+ CssTypingTests::VSTest_CSSTyping_SampleCss
    + ApexTest TestInitialize
    + ExternalProcessHostTest TestInitialize
        (27:05.789) [Visual Studio Host (11564):RoamingSettingsService] Disabling roaming settings.
        (27:05.847) [Visual Studio Host (11564):SettingsService] Setting Visual Studio option 'Environment\RoamingSettings\RoamingEnabled' to 'False'.
        (27:06.082) [Visual Studio Host (11564):TextEditorDocumentWindowTestExtension] Showing window 'empty.css' without activating the window.
        (27:06.152) [Visual Studio Host (11564):TextEditorDocumentWindowTestExtension] Showing window 'empty.css'.
        (27:06.220) [Visual Studio Host (11564):VisualStudioTextEditorTestExtension] Setting keyboard focus to editor 'empty.css'.
        (27:06.273) [Visual Studio Host (11564):MainWindowService] Activating main window to bring it to the foreground.
        (27:06.326) [Visual Studio Host (11564):MainWindowService] Setting main window state to 'Maximized'.
    (27:06.426) [Visual Studio Host (11564):TextEditorDocumentWindowTestExtension] Showing window 'empty.css' without activating the window.
    (27:06.478) [Visual Studio Host (11564):TextEditorDocumentWindowTestExtension] Showing window 'empty.css'.
    (27:06.542) [Visual Studio Host (11564):VisualStudioTextEditingActions] Inserting text: '/* set some basic styles so that we can get reliably exact results */' at the current caret position: '(Ln: 1, Ch: 1)'
    (27:06.834) [Visual Studio Host (11564):VisualStudioTextEditingActions] Deleting to the end of line of the current caret position, position: '(Ln: 1, Ch: 70)', line: '1'
    (27:06.903) [Visual Studio Host (11564):VisualStudioTextEditingActions] Inserting text combine CRLF as single return: '
' at the current caret position: '(Ln: 1, Ch: 70)'
    (27:07.250) [Visual Studio Host (11564):VisualStudioTextEditingActions] Inserting text: '* { margin: 0; border: 1px blue; padding: 0; border-spacing: 0; font: inherit; line-height: 1.2; color: inherit; background: transparent; }' at the current caret position: '(Ln: 2, Ch: 1)'
    (27:08.655) [Visual Studio Host (11564):VisualStudioTextEditingActions] Deleting to the end of line of the current caret position, position: '(Ln: 11, Ch: 2)', line: '11'
    (27:09.004) [Visual Studio Host (11564):VisualStudioTextEditingActions] Inserting text combine CRLF as single return: '
' at the current caret position: '(Ln: 11, Ch: 2)'
    (27:09.397) [Visual Studio Host (11564):VisualStudioTextEditingActions] Inserting text: ':link, :visited { color: blue; }' at the current caret position: '(Ln: 12, Ch: 1)'
    (27:09.992) [Visual Studio Host (11564):VisualStudioTextEditingActions] Deleting to the end of line of the current caret position, position: '(Ln: 14, Ch: 2)', line: '14'
    (27:10.388) [Visual Studio Host (11564):VisualStudioTextEditingActions] Inserting text combine CRLF as single return: '
' at the current caret position: '(Ln: 14, Ch: 2)'
    (27:10.692) [Visual Studio Host (11564):VisualStudioTextEditingActions] Inserting text: '' at the current caret position: '(Ln: 15, Ch: 1)'
    (27:11.113) [Visual Studio Host (11564):VisualStudioTextEditingActions] Deleting to the end of line of the current caret position, position: '(Ln: 15, Ch: 1)', line: '15'
    (27:11.491) [Visual Studio Host (11564):VisualStudioTextEditingActions] Inserting text combine CRLF as single return: '
' at the current caret position: '(Ln: 15, Ch: 1)'
    (27:11.847) [Visual Studio Host (11564):VisualStudioTextEditingActions] Inserting text: '/* header and general layout */' at the current caret position: '(Ln: 16, Ch: 1)'
    (27:12.364) [Visual Studio Host (11564):VisualStudioTextEditingActions] Deleting to the end of line of the current caret position, position: '(Ln: 16, Ch: 32)', line: '16'
    (27:12.762) [Visual Studio Host (11564):VisualStudioTextEditingActions] Inserting text combine CRLF as single return: '
' at the current caret position: '(Ln: 16, Ch: 32)'
    (27:13.157) [Visual Studio Host (11564):VisualStudioTextEditingActions] Inserting text: 'html { font: 20px Arial, sans-serif; border: 2cm solid gray; width: 32em; margin: 1em; }' at the current caret position: '(Ln: 17, Ch: 1)'
    (27:14.109) [Visual Studio Host (11564):VisualStudioTextEditingActions] Deleting to the end of line of the current caret position, position: '(Ln: 22, Ch: 2)', line: '22'
    (27:14.427) [Visual Studio Host (11564):VisualStudioTextEditingActions] Inserting text combine CRLF as single return: '
' at the current caret position: '(Ln: 22, Ch: 2)'
    (27:14.722) [Visual Studio Host (11564):VisualStudioTextEditingActions] Inserting text: ':root { background: silver; color: black; border-width: 0 0.2em 0.2em 0; } /* left and top content edges: 1*20px = 20px */' at the current caret position: '(Ln: 23, Ch: 1)'
    (27:15.861) [Visual Studio Host (11564):VisualStudioTextEditingActions] Deleting to the end of line of the current caret position, position: '(Ln: 27, Ch: 50)', line: '27'
    (27:16.207) [Visual Studio Host (11564):VisualStudioTextEditingActions] Inserting text combine CRLF as single return: '
' at the current caret position: '(Ln: 27, Ch: 50)'
    (27:16.520) [Visual Studio Host (11564):VisualStudioTextEditingActions] Inserting text: '' at the current caret position: '(Ln: 28, Ch: 3)'
    (27:16.847) [Visual Studio Host (11564):VisualStudioTextEditingActions] Deleting to the end of line of the current caret position, position: '(Ln: 28, Ch: 3)', line: '28'
    (27:17.206) [Visual Studio Host (11564):VisualStudioTextEditingActions] Inserting text combine CRLF as single return: '
' at the current caret position: '(Ln: 28, Ch: 3)'
    (27:17.517) [Visual Studio Host (11564):VisualStudioTextEditingActions] Inserting text: '#instructions span { float: right; width: 20px; margin-right: -20px; background: white; height: 20px; }' at the current caret position: '(Ln: 29, Ch: 3)'
    (27:18.667) [Visual Studio Host (11564):VisualStudioTextEditingActions] Deleting to the end of line of the current caret position, position: '(Ln: 35, Ch: 2)', line: '35'
    (27:19.068) [Visual Studio Host (11564):VisualStudioTextEditingActions] Inserting text combine CRLF as single return: '
' at the current caret position: '(Ln: 35, Ch: 2)'
    (27:19.455) [Visual Studio Host (11564):VisualStudioTextEditingActions] Inserting text: '@font-face { font-family: "AcidAhemTest"; src: url(font.ttf); }' at the current caret position: '(Ln: 36, Ch: 1)'
    (27:20.303) [Visual Studio Host (11564):VisualStudioTextEditingActions] Deleting to the end of line of the current caret position, position: '(Ln: 39, Ch: 2)', line: '39'
    (27:20.661) [Visual Studio Host (11564):VisualStudioTextEditingActions] Inserting text combine CRLF as single return: '
' at the current caret position: '(Ln: 39, Ch: 2)'
    (27:20.972) [Visual Studio Host (11564):VisualStudioTextEditingActions] Inserting text: 'map::after { position: absolute; top: 18px; left: 638px; content: "X"; background: fuchsia; color: white; font: 20px/1 AcidAhemTest; }' at the current caret position: '(Ln: 40, Ch: 1)'
    (27:22.416) [Visual Studio Host (11564):VisualStudioTextEditingActions] Deleting to the end of line of the current caret position, position: '(Ln: 48, Ch: 2)', line: '48'
    (27:22.825) [Visual Studio Host (11564):VisualStudioTextEditingActions] Inserting text combine CRLF as single return: '
' at the current caret position: '(Ln: 48, Ch: 2)'
    (27:23.178) [Visual Studio Host (11564):VisualStudioTextEditingActions] Inserting text: 'iframe { float: left; height: 0; width: 0; } /* hide iframes but don't make them display: none */' at the current caret position: '(Ln: 49, Ch: 1)'
    (27:24.092) [Visual Studio Host (11564):VisualStudioTextEditingActions] Deleting to the end of line of the current caret position, position: '(Ln: 53, Ch: 55)', line: '53'
    (27:24.445) [Visual Studio Host (11564):VisualStudioTextEditingActions] Inserting text combine CRLF as single return: '
' at the current caret position: '(Ln: 53, Ch: 55)'
    (27:24.832) [Visual Studio Host (11564):VisualStudioTextEditingActions] Inserting text: '' at the current caret position: '(Ln: 54, Ch: 3)'
    (27:25.134) [Visual Studio Host (11564):VisualStudioTextEditingActions] Deleting to the end of line of the current caret position, position: '(Ln: 54, Ch: 3)', line: '54'
    (27:25.444) [Visual Studio Host (11564):VisualStudioTextEditingActions] Inserting text combine CRLF as single return: '
' at the current caret position: '(Ln: 54, Ch: 3)'
    (27:25.814) [Visual Studio Host (11564):VisualStudioTextEditingActions] Inserting text: '/* the next two rules give the six coloured blocks their default styles (they match the same elements); the third hides them */' at the current caret position: '(Ln: 55, Ch: 3)'
    (27:26.743) [Visual Studio Host (11564):VisualStudioTextEditingActions] Deleting to the end of line of the current caret position, position: '(Ln: 55, Ch: 130)', line: '55'
    (27:27.094) [Visual Studio Host (11564):VisualStudioTextEditingActions] Inserting text combine CRLF as single return: '
' at the current caret position: '(Ln: 55, Ch: 130)'
    (27:27.439) [Visual Studio Host (11564):VisualStudioTextEditingActions] Inserting text: ':first-child + * .buckets p { display: inline-block; vertical-align: 2em; border: 2em dotted red; padding: 1.0em 0 1.0em 2em; }' at the current caret position: '(Ln: 56, Ch: 3)'
    (27:28.756) [Visual Studio Host (11564):VisualStudioTextEditingActions] Deleting to the end of line of the current caret position, position: '(Ln: 61, Ch: 2)', line: '61'
    (27:29.119) [Visual Studio Host (11564):VisualStudioTextEditingActions] Inserting text combine CRLF as single return: '
' at the current caret position: '(Ln: 61, Ch: 2)'
    (27:29.420) [Visual Studio Host (11564):VisualStudioTextEditingActions] Inserting text: '* + * &gt; * &gt; p { margin: 0; border: 1px solid !important; }' at the current caret position: '(Ln: 62, Ch: 1)'
    (27:30.115) [Visual Studio Host (11564):VisualStudioTextEditingActions] Deleting to the end of line of the current caret position, position: '(Ln: 65, Ch: 2)', line: '65'
    (27:30.430) [Visual Studio Host (11564):VisualStudioTextEditingActions] Inserting text combine CRLF as single return: '
' at the current caret position: '(Ln: 65, Ch: 2)'
    (27:30.728) [Visual Studio Host (11564):VisualStudioTextEditingActions] Inserting text: '.z { visibility: hidden; } /* only matches the buckets with no score */' at the current caret position: '(Ln: 66, Ch: 1)'
    (27:31.474) [Visual Studio Host (11564):VisualStudioTextEditingActions] Deleting to the end of line of the current caret position, position: '(Ln: 68, Ch: 47)', line: '68'
    (27:31.784) [Visual Studio Host (11564):VisualStudioTextEditingActions] Inserting text combine CRLF as single return: '
' at the current caret position: '(Ln: 68, Ch: 47)'
    (27:32.134) [Visual Studio Host (11564):VisualStudioTextEditingActions] Inserting text: '' at the current caret position: '(Ln: 69, Ch: 3)'
    (27:32.431) [Visual Studio Host (11564):VisualStudioTextEditingActions] Deleting to the end of line of the current caret position, position: '(Ln: 69, Ch: 3)', line: '69'
    (27:32.732) [Visual Studio Host (11564):VisualStudioTextEditingActions] Inserting text combine CRLF as single return: '
' at the current caret position: '(Ln: 69, Ch: 3)'
    (27:33.089) [Visual Studio Host (11564):VisualStudioTextEditingActions] Inserting text: '/* sizes for the six buckets */' at the current caret position: '(Ln: 70, Ch: 3)'
    (27:33.586) [Visual Studio Host (11564):VisualStudioTextEditingActions] Deleting to the end of line of the current caret position, position: '(Ln: 70, Ch: 34)', line: '70'
    (27:33.921) [Visual Studio Host (11564):VisualStudioTextEditingActions] Inserting text combine CRLF as single return: '
' at the current caret position: '(Ln: 70, Ch: 34)'
    (27:34.239) [Visual Studio Host (11564):VisualStudioTextEditingActions] Inserting text: '#bucket1 { font-size: 20px; margin-left: 0.2em; padding-left: 1.3em; padding-right: 1.3em; margin-right: 0.0001px; }' at the current caret position: '(Ln: 71, Ch: 3)'
    (27:35.370) [Visual Studio Host (11564):VisualStudioTextEditingActions] Deleting to the end of line of the current caret position, position: '(Ln: 77, Ch: 2)', line: '77'
    (27:35.689) [Visual Studio Host (11564):VisualStudioTextEditingActions] Inserting text combine CRLF as single return: '
' at the current caret position: '(Ln: 77, Ch: 2)'
    (27:35.997) [Visual Studio Host (11564):VisualStudioTextEditingActions] Inserting text: '' at the current caret position: '(Ln: 78, Ch: 1)'
    (27:36.302) [Visual Studio Host (11564):VisualStudioTextEditingActions] Deleting to the end of line of the current caret position, position: '(Ln: 78, Ch: 1)', line: '78'
    (27:36.691) [Visual Studio Host (11564):VisualStudioTextEditingActions] Inserting text combine CRLF as single return: '
' at the current caret position: '(Ln: 78, Ch: 1)'
    (27:37.079) [Visual Studio Host (11564):VisualStudioTextEditingActions] Inserting text: '/* colours for them */' at the current caret position: '(Ln: 79, Ch: 1)'
    (27:37.544) [Visual Studio Host (11564):VisualStudioTextEditingActions] Deleting to the end of line of the current caret position, position: '(Ln: 79, Ch: 23)', line: '79'
    (27:37.998) [Visual Studio Host (11564):VisualStudioTextEditingActions] Inserting text combine CRLF as single return: '
' at the current caret position: '(Ln: 79, Ch: 23)'
    (27:38.366) [Visual Studio Host (11564):VisualStudioTextEditingActions] Inserting text: '.z, .zP, .zPP, .zPPP, .zPPPP, .zPPPPP { background: black; }' at the current caret position: '(Ln: 80, Ch: 1)'
    (27:39.058) [Visual Studio Host (11564):VisualStudioTextEditingActions] Deleting to the end of line of the current caret position, position: '(Ln: 82, Ch: 2)', line: '82'
    (27:39.429) [Visual Studio Host (11564):VisualStudioTextEditingActions] Inserting text combine CRLF as single return: '
' at the current caret position: '(Ln: 82, Ch: 2)'
    (27:39.786) [Visual Studio Host (11564):VisualStudioTextEditingActions] Inserting text: '#bucket1.zPPPPPPPPPPPPPPPP { background: #fff; }' at the current caret position: '(Ln: 83, Ch: 1)'
    (27:40.819) [Visual Studio Host (11564):VisualStudioTextEditingActions] Deleting to the end of line of the current caret position, position: '(Ln: 85, Ch: 2)', line: '85'
    (27:41.176) [Visual Studio Host (11564):VisualStudioTextEditingActions] Inserting text combine CRLF as single return: '
' at the current caret position: '(Ln: 85, Ch: 2)'
    (27:41.527) [Visual Studio Host (11564):TextEditorDocumentWindowTestExtension] Showing window 'empty.css' without activating the window.
    (27:41.889) [Visual Studio Host (11564):TextEditorDocumentWindowTestExtension] Showing window 'empty.css'.
    + ExternalProcessHostTest TestCleanup
        (27:42.593) [Visual Studio Host (11564):TextEditorDocumentWindowTestExtension] Closing window 'empty.css'.
        (27:43.105) [Platform:Testcase] Test 'VSTest_CSSTyping_SampleCss' has 'Passed' outcome. Therefore, Apex will not shut down the 'Visual Studio Host (11564)' with process ID '11564'. A subsequent test scenario will run on the same instance of the host.
    + Final Test Result Verification
        (27:44.111) [Platform:DelayedAssertionVerifierSink] Verification Success: 0 verification steps failed.
    + ApexTest TestCleanup</StdOut>
      </Output>
      <ResultFiles>
        <ResultFile path="WNVM19648\Fail.azqsczivabnm.png" />
        <ResultFile path="WNVM19648\Fail.ig2gsfz5ad1y.png" />
        <ResultFile path="WNVM19648\Fail.o5zf0zepaw0l.png" />
        <ResultFile path="WNVM19648\OmniLog.html" />
        <ResultFile path="WNVM19648\OmniLogRawXml.xml" />
      </ResultFiles>
    </UnitTestResult>
    <UnitTestResult executionId="9374c0cc-52f4-4657-ab19-18efb55ef913" testId="137f6c34-700c-20e3-9525-bac166c480be" testName="VSTest_UWP_CssClassIntellisense" computerName="WNVM19648" startTime="2018-04-17T00:50:31.5366505-07:00" endTime="2018-04-17T00:50:31.5366505-07:00" testType="13cdc9d9-ddb5-4fa4-a97d-d965ccfc6d4b" outcome="NotExecuted" testListId="8c84fa94-04c1-424b-9868-57a2d4851a1d" relativeResultsDirectory="9374c0cc-52f4-4657-ab19-18efb55ef913">
      <Output>
        <ErrorInfo>
          <Message>Assert.Inconclusive failed. Required component ID "Microsoft.VisualStudio.Workload.Universal" (UWP Workload) was not installed.  Please install this component and rerun the test.</Message>
        </ErrorInfo>
      </Output>
      <ResultFiles>
        <ResultFile path="WNVM19648\Fail.azqsczivabnm.png" />
        <ResultFile path="WNVM19648\Fail.ig2gsfz5ad1y.png" />
        <ResultFile path="WNVM19648\Fail.o5zf0zepaw0l.png" />
        <ResultFile path="WNVM19648\Fail.z10rn0n5ajdm.png" />
        <ResultFile path="WNVM19648\OmniLog.html" />
        <ResultFile path="WNVM19648\OmniLogRawXml.xml" />
      </ResultFiles>
    </UnitTestResult>
    <UnitTestResult executionId="1f6aa66a-0f17-4fd7-bc06-96a0ce670907" testId="214378a1-f212-5479-96bb-13d0db837b59" testName="VSTest_RazorV4CsFormatOnPaste" computerName="WNVM19648" duration="00:00:04.1050300" startTime="2018-04-17T01:03:59.7949436-07:00" endTime="2018-04-17T01:04:03.8999736-07:00" testType="13cdc9d9-ddb5-4fa4-a97d-d965ccfc6d4b" outcome="Passed" testListId="8c84fa94-04c1-424b-9868-57a2d4851a1d" relativeResultsDirectory="1f6aa66a-0f17-4fd7-bc06-96a0ce670907">
      <Output>
        <StdOut>+ CSharpFormattingTests::VSTest_RazorV4CsFormatOnPaste
    + ApexTest TestInitialize
    + ExternalProcessHostTest TestInitialize
        (01:05:41.486) [Visual Studio Host (4384):RoamingSettingsService] Disabling roaming settings.
        (01:05:41.720) [Visual Studio Host (4384):SettingsService] Setting Visual Studio option 'Environment\RoamingSettings\RoamingEnabled' to 'False'.
        (01:05:42.049) [Visual Studio Host (4384):TextEditorDocumentWindowTestExtension] Showing window 'empty.cshtml' without activating the window.
        (01:05:42.198) [Visual Studio Host (4384):TextEditorDocumentWindowTestExtension] Showing window 'empty.cshtml'.
        (01:05:42.372) [Visual Studio Host (4384):VisualStudioTextEditorTestExtension] Setting keyboard focus to editor 'empty.cshtml'.
        (01:05:42.513) [Visual Studio Host (4384):MainWindowService] Activating main window to bring it to the foreground.
        (01:05:42.644) [Visual Studio Host (4384):MainWindowService] Setting main window state to 'Maximized'.
    (01:05:43.070) [Visual Studio Host (4384):TextEditorDocumentWindowTestExtension] Showing window 'empty.cshtml' without activating the window.
    (01:05:43.252) [Visual Studio Host (4384):TextEditorDocumentWindowTestExtension] Showing window 'empty.cshtml'.
    + ExternalProcessHostTest TestCleanup
        (01:05:43.560) [Visual Studio Host (4384):TextEditorDocumentWindowTestExtension] Closing window 'empty.cshtml'.
        (01:05:43.762) [Platform:Testcase] Test 'VSTest_RazorV4CsFormatOnPaste' has 'Passed' outcome. Therefore, Apex will not shut down the 'Visual Studio Host (4384)' with process ID '4384'. A subsequent test scenario will run on the same instance of the host.
    + Final Test Result Verification
        (01:05:44.242) [Platform:DelayedAssertionVerifierSink] Verification Success: 0 verification steps failed.
    + ApexTest TestCleanup</StdOut>
      </Output>
      <ResultFiles>
        <ResultFile path="WNVM19648\Fail.azqsczivabnm.png" />
        <ResultFile path="WNVM19648\Fail.ig2gsfz5ad1y.png" />
        <ResultFile path="WNVM19648\Fail.o5zf0zepaw0l.png" />
        <ResultFile path="WNVM19648\Fail.raasvsmeanc1.png" />
        <ResultFile path="WNVM19648\Fail.t4yj0fxuatil.png" />
        <ResultFile path="WNVM19648\Fail.z10rn0n5ajdm.png" />
        <ResultFile path="WNVM19648\OmniLog.html" />
        <ResultFile path="WNVM19648\OmniLogRawXml.xml" />
      </ResultFiles>
    </UnitTestResult>
    <UnitTestResult executionId="31be33a3-f605-44df-bef6-ff847bb04599" testId="c15557e0-cbc6-b3bf-f60c-73465f1f1196" testName="VSTest_Completion_SnippetContext" computerName="WNVM19648" duration="00:00:03.6589723" startTime="2018-04-17T00:17:26.0933629-07:00" endTime="2018-04-17T00:17:29.7523352-07:00" testType="13cdc9d9-ddb5-4fa4-a97d-d965ccfc6d4b" outcome="Passed" testListId="8c84fa94-04c1-424b-9868-57a2d4851a1d" relativeResultsDirectory="31be33a3-f605-44df-bef6-ff847bb04599">
      <Output>
        <StdOut>+ CompletionTests::VSTest_Completion_SnippetContext
    + ApexTest TestInitialize
    + ExternalProcessHostTest TestInitialize
        (19:07.463) [Visual Studio Host (6956):RoamingSettingsService] Disabling roaming settings.
        (19:07.524) [Visual Studio Host (6956):SettingsService] Setting Visual Studio option 'Environment\RoamingSettings\RoamingEnabled' to 'False'.
        (19:07.911) [Visual Studio Host (6956):TextEditorDocumentWindowTestExtension] Showing window 'Completion.html' without activating the window.
        (19:07.984) [Visual Studio Host (6956):TextEditorDocumentWindowTestExtension] Showing window 'Completion.html'.
        (19:08.069) [Visual Studio Host (6956):VisualStudioTextEditorTestExtension] Setting keyboard focus to editor 'Completion.html'.
        (19:08.151) [Visual Studio Host (6956):MainWindowService] Activating main window to bring it to the foreground.
        (19:08.238) [Visual Studio Host (6956):MainWindowService] Setting main window state to 'Maximized'.
    (19:08.391) [Visual Studio Host (6956):TextEditorDocumentWindowTestExtension] Showing window 'Completion.html' without activating the window.
    (19:08.453) [Visual Studio Host (6956):TextEditorDocumentWindowTestExtension] Showing window 'Completion.html'.
    (19:08.531) [Visual Studio Host (6956):VisualStudioCaretTestExtension] Moving the caret to '&lt;html&gt;' at (Ln: 1, Ch: 1) based on a regular expression.  Expression = "&lt;html&gt;" [group index '0', match index '1', options 'Singleline, CultureInvariant']
    (19:08.760) [Visual Studio Host (6956):TextEditorDocumentWindowTestExtension] Showing window 'Completion.html' without activating the window.
    (19:08.946) [Visual Studio Host (6956):TextEditorDocumentWindowTestExtension] Showing window 'Completion.html'.
    (19:09.232) [Visual Studio Host (6956):VisualStudioCaretTestExtension] Moving the caret from (Ln: 1, Ch: 1) to the end of the line
    (19:09.303) [Visual Studio Host (6956):VisualStudioTextEditorTestExtension] Setting keyboard focus to editor 'Completion.html'.
    (19:09.374) [Visual Studio Host (6956):TextEditorDocumentWindowTestExtension] Showing window 'Completion.html' without activating the window.
    (19:09.464) [Visual Studio Host (6956):TextEditorDocumentWindowTestExtension] Showing window 'Completion.html'.
    (19:09.673) [Visual Studio Host (6956):TextEditorDocumentWindowTestExtension] Showing window 'Completion.html' without activating the window.
    (19:09.757) [Visual Studio Host (6956):TextEditorDocumentWindowTestExtension] Showing window 'Completion.html'.
    (19:09.892) [Visual Studio Host (6956):VisualStudioIntellisenseService] Getting the active completion at position '(Ln: 1, Ch: 8)'.
    (19:09.990) [Visual Studio Host (6956):VisualStudioCompletionListTestExtension] Found completion item with name 
    (19:10.048) [Visual Studio Host (6956):VisualStudioCompletionListTestExtension] Unable to find completion item with name 
    + ExternalProcessHostTest TestCleanup
        (19:10.166) [Visual Studio Host (6956):TextEditorDocumentWindowTestExtension] Closing window 'Completion.html'.
        (19:10.375) [Platform:Testcase] Test 'VSTest_Completion_SnippetContext' has 'Passed' outcome. Therefore, Apex will not shut down the 'Visual Studio Host (6956)' with process ID '6956'. A subsequent test scenario will run on the same instance of the host.
    + Final Test Result Verification
        (19:10.551) [Platform:DelayedAssertionVerifierSink] Verification Success: 0 verification steps failed.
    + ApexTest TestCleanup</StdOut>
      </Output>
      <ResultFiles>
        <ResultFile path="WNVM19648\Fail.azqsczivabnm.png" />
        <ResultFile path="WNVM19648\Fail.ig2gsfz5ad1y.png" />
        <ResultFile path="WNVM19648\Fail.o5zf0zepaw0l.png" />
        <ResultFile path="WNVM19648\OmniLog.html" />
        <ResultFile path="WNVM19648\OmniLogRawXml.xml" />
      </ResultFiles>
    </UnitTestResult>
    <UnitTestResult executionId="b4b79303-73b6-43d6-9aa7-28963e93baea" testId="20184d5c-7013-cfe4-2fe7-1c21dfddf28d" testName="VSTest_RazorV4HTMLIntellisenseInCshtml" computerName="WNVM19648" duration="00:00:05.6745424" startTime="2018-04-17T01:12:44.3852413-07:00" endTime="2018-04-17T01:12:50.0597837-07:00" testType="13cdc9d9-ddb5-4fa4-a97d-d965ccfc6d4b" outcome="Passed" testListId="8c84fa94-04c1-424b-9868-57a2d4851a1d" relativeResultsDirectory="b4b79303-73b6-43d6-9aa7-28963e93baea">
      <Output>
        <StdOut>+ CSharpGeneralTests::VSTest_RazorV4HTMLIntellisenseInCshtml
    + ApexTest TestInitialize
    + ExternalProcessHostTest TestInitialize
        (01:14:26.227) [Visual Studio Host (8016):RoamingSettingsService] Disabling roaming settings.
        (01:14:26.397) [Visual Studio Host (8016):SettingsService] Setting Visual Studio option 'Environment\RoamingSettings\RoamingEnabled' to 'False'.
        (01:14:26.876) [Visual Studio Host (8016):TextEditorDocumentWindowTestExtension] Showing window 'empty.cshtml' without activating the window.
        (01:14:27.092) [Visual Studio Host (8016):TextEditorDocumentWindowTestExtension] Showing window 'empty.cshtml'.
        (01:14:27.266) [Visual Studio Host (8016):VisualStudioTextEditorTestExtension] Setting keyboard focus to editor 'empty.cshtml'.
        (01:14:27.393) [Visual Studio Host (8016):MainWindowService] Activating main window to bring it to the foreground.
        (01:14:27.557) [Visual Studio Host (8016):MainWindowService] Setting main window state to 'Maximized'.
    (01:14:27.870) [Visual Studio Host (8016):TextEditorDocumentWindowTestExtension] Showing window 'empty.cshtml' without activating the window.
    (01:14:28.051) [Visual Studio Host (8016):TextEditorDocumentWindowTestExtension] Showing window 'empty.cshtml'.
    (01:14:28.263) [Visual Studio Host (8016):VisualStudioTextEditingActions] Inserting text combine CRLF as single return: '&lt;' at the current caret position: '(Ln: 1, Ch: 1)'
    (01:14:28.494) [Visual Studio Host (8016):TextEditorDocumentWindowTestExtension] Showing window 'empty.cshtml' without activating the window.
    (01:14:28.715) [Visual Studio Host (8016):TextEditorDocumentWindowTestExtension] Showing window 'empty.cshtml'.
    (01:14:28.947) [Visual Studio Host (8016):VisualStudioIntellisenseService] Getting the active completion at position '(Ln: 1, Ch: 2)'.
    (01:14:29.114) [Visual Studio Host (8016):VisualStudioCompletionListTestExtension] Found completion item with name 
    (01:14:29.269) [Visual Studio Host (8016):VisualStudioIntellisenseService] Getting the active completion at position '(Ln: 1, Ch: 2)'.
    (01:14:29.442) [Visual Studio Host (8016):VisualStudioCompletionListTestExtension] Found completion item with name 
    + ExternalProcessHostTest TestCleanup
        (01:14:29.753) [Visual Studio Host (8016):TextEditorDocumentWindowTestExtension] Closing window 'empty.cshtml'.
        (01:14:30.069) [Platform:Testcase] Test 'VSTest_RazorV4HTMLIntellisenseInCshtml' has 'Passed' outcome. Therefore, Apex will not shut down the 'Visual Studio Host (8016)' with process ID '8016'. A subsequent test scenario will run on the same instance of the host.
    + Final Test Result Verification
        (01:14:30.517) [Platform:DelayedAssertionVerifierSink] Verification Success: 0 verification steps failed.
    + ApexTest TestCleanup</StdOut>
      </Output>
      <ResultFiles>
        <ResultFile path="WNVM19648\Fail.azqsczivabnm.png" />
        <ResultFile path="WNVM19648\Fail.ig2gsfz5ad1y.png" />
        <ResultFile path="WNVM19648\Fail.o5zf0zepaw0l.png" />
        <ResultFile path="WNVM19648\Fail.raasvsmeanc1.png" />
        <ResultFile path="WNVM19648\Fail.t4yj0fxuatil.png" />
        <ResultFile path="WNVM19648\Fail.z10rn0n5ajdm.png" />
        <ResultFile path="WNVM19648\OmniLog.html" />
        <ResultFile path="WNVM19648\OmniLogRawXml.xml" />
      </ResultFiles>
    </UnitTestResult>
    <UnitTestResult executionId="5e796e3e-0d70-4302-8f85-2e6dbf817dfa" testId="5e3144da-79f0-a807-f33a-e85345966fd9" testName="VSTest_RazorV3Vb_Typing" computerName="WNVM19648" duration="00:00:06.7838261" startTime="2018-04-17T01:21:19.5094001-07:00" endTime="2018-04-17T01:21:26.2932262-07:00" testType="13cdc9d9-ddb5-4fa4-a97d-d965ccfc6d4b" outcome="Passed" testListId="8c84fa94-04c1-424b-9868-57a2d4851a1d" relativeResultsDirectory="5e796e3e-0d70-4302-8f85-2e6dbf817dfa">
      <Output>
        <StdOut>+ RazorTypingTests::VSTest_RazorV3Vb_Typing
    + ApexTest TestInitialize
    + ExternalProcessHostTest TestInitialize
        (01:23:01.211) [Visual Studio Host (10528):RoamingSettingsService] Disabling roaming settings.
        (01:23:01.360) [Visual Studio Host (10528):SettingsService] Setting Visual Studio option 'Environment\RoamingSettings\RoamingEnabled' to 'False'.
        (01:23:01.773) [Visual Studio Host (10528):TextEditorDocumentWindowTestExtension] Showing window 'empty.vbhtml' without activating the window.
        (01:23:01.992) [Visual Studio Host (10528):TextEditorDocumentWindowTestExtension] Showing window 'empty.vbhtml'.
        (01:23:02.161) [Visual Studio Host (10528):VisualStudioTextEditorTestExtension] Setting keyboard focus to editor 'empty.vbhtml'.
        (01:23:02.314) [Visual Studio Host (10528):MainWindowService] Activating main window to bring it to the foreground.
        (01:23:02.454) [Visual Studio Host (10528):MainWindowService] Setting main window state to 'Maximized'.
    (01:23:02.750) [Visual Studio Host (10528):TextEditorDocumentWindowTestExtension] Showing window 'empty.vbhtml' without activating the window.
    (01:23:02.888) [Visual Studio Host (10528):TextEditorDocumentWindowTestExtension] Showing window 'empty.vbhtml'.
    (01:23:03.039) [Visual Studio Host (10528):VisualStudioCaretTestExtension] Moving the caret from (Ln: 1, Ch: 1) to the beginning of the file
    (01:23:03.181) [Visual Studio Host (10528):VisualStudioTextEditorTestExtension] Setting keyboard focus to editor 'empty.vbhtml'.
    (01:23:03.339) [Visual Studio Host (10528):TextEditorDocumentWindowTestExtension] Showing window 'empty.vbhtml' without activating the window.
    (01:23:03.497) [Visual Studio Host (10528):TextEditorDocumentWindowTestExtension] Showing window 'empty.vbhtml'.
    (01:23:03.686) [Visual Studio Host (10528):VisualStudioTextEditingActions] Inserting text combine CRLF as single return: '@using ispost' at the current caret position: '(Ln: 1, Ch: 1)'
    (01:23:03.931) [Visual Studio Host (10528):TextEditorDocumentWindowTestExtension] Showing window 'empty.vbhtml' without activating the window.
    (01:23:04.121) [Visual Studio Host (10528):TextEditorDocumentWindowTestExtension] Showing window 'empty.vbhtml'.
    (01:23:04.329) [Visual Studio Host (10528):KeyboardCommands] Sending the Return key 1 times.
    (01:23:05.231) [Visual Studio Host (10528):TextEditorDocumentWindowTestExtension] Showing window 'empty.vbhtml' without activating the window.
    (01:23:05.396) [Visual Studio Host (10528):TextEditorDocumentWindowTestExtension] Showing window 'empty.vbhtml'.
    + ExternalProcessHostTest TestCleanup
        (01:23:05.731) [Visual Studio Host (10528):TextEditorDocumentWindowTestExtension] Closing window 'empty.vbhtml'.
        (01:23:06.050) [Platform:Testcase] Test 'VSTest_RazorV3Vb_Typing' has 'Passed' outcome. Therefore, Apex will not shut down the 'Visual Studio Host (10528)' with process ID '10528'. A subsequent test scenario will run on the same instance of the host.
    + Final Test Result Verification
        (01:23:06.594) [Platform:DelayedAssertionVerifierSink] Verification Success: 0 verification steps failed.
    + ApexTest TestCleanup</StdOut>
      </Output>
      <ResultFiles>
        <ResultFile path="WNVM19648\Fail.aswak04hapa5.png" />
        <ResultFile path="WNVM19648\Fail.azqsczivabnm.png" />
        <ResultFile path="WNVM19648\Fail.byuslv5baqsd.png" />
        <ResultFile path="WNVM19648\Fail.ek4tb3wmalyl.png" />
        <ResultFile path="WNVM19648\Fail.ig2gsfz5ad1y.png" />
        <ResultFile path="WNVM19648\Fail.kxs1ersmaxma.png" />
        <ResultFile path="WNVM19648\Fail.loc0xhl5a2hr.png" />
        <ResultFile path="WNVM19648\Fail.o4kkrjboasbk.png" />
        <ResultFile path="WNVM19648\Fail.o5zf0zepaw0l.png" />
        <ResultFile path="WNVM19648\Fail.raasvsmeanc1.png" />
        <ResultFile path="WNVM19648\Fail.sidku4gxamg4.png" />
        <ResultFile path="WNVM19648\Fail.t4yj0fxuatil.png" />
        <ResultFile path="WNVM19648\Fail.z10rn0n5ajdm.png" />
        <ResultFile path="WNVM19648\OmniLog.html" />
        <ResultFile path="WNVM19648\OmniLogRawXml.xml" />
      </ResultFiles>
    </UnitTestResult>
    <UnitTestResult executionId="75e0117d-a8de-4456-8d6a-32647e72896e" testId="f0355ef0-d805-bbc9-9099-d143d25fe61e" testName="VSTest_HtmlTemplatesFormatting_Smoke" computerName="WNVM19648" duration="00:00:03.7490841" startTime="2018-04-17T00:13:47.0946031-07:00" endTime="2018-04-17T00:13:50.8436872-07:00" testType="13cdc9d9-ddb5-4fa4-a97d-d965ccfc6d4b" outcome="Passed" testListId="8c84fa94-04c1-424b-9868-57a2d4851a1d" relativeResultsDirectory="75e0117d-a8de-4456-8d6a-32647e72896e">
      <Output>
        <StdOut>+ HtmlTemplatesFormattingTests::VSTest_HtmlTemplatesFormatting_Smoke
    + ApexTest TestInitialize
    + ExternalProcessHostTest TestInitialize
        (15:28.476) [Visual Studio Host (6956):RoamingSettingsService] Disabling roaming settings.
        (15:28.539) [Visual Studio Host (6956):SettingsService] Setting Visual Studio option 'Environment\RoamingSettings\RoamingEnabled' to 'False'.
        (15:29.263) [Visual Studio Host (6956):TextEditorDocumentWindowTestExtension] Showing window 'FormatSmokeTest.cshtml' without activating the window.
        (15:29.411) [Visual Studio Host (6956):TextEditorDocumentWindowTestExtension] Showing window 'FormatSmokeTest.cshtml'.
        (15:29.562) [Visual Studio Host (6956):VisualStudioTextEditorTestExtension] Setting keyboard focus to editor 'FormatSmokeTest.cshtml'.
        (15:29.632) [Visual Studio Host (6956):MainWindowService] Activating main window to bring it to the foreground.
        (15:29.710) [Visual Studio Host (6956):MainWindowService] Setting main window state to 'Maximized'.
    (15:31.023) [Visual Studio Host (6956):TextEditorDocumentWindowTestExtension] Showing window 'FormatSmokeTest.cshtml' without activating the window.
    (15:31.077) [Visual Studio Host (6956):TextEditorDocumentWindowTestExtension] Showing window 'FormatSmokeTest.cshtml'.
    + ExternalProcessHostTest TestCleanup
        (15:31.220) [Visual Studio Host (6956):TextEditorDocumentWindowTestExtension] Closing window 'FormatSmokeTest.cshtml'.
        (15:31.468) [Platform:Testcase] Test 'VSTest_HtmlTemplatesFormatting_Smoke' has 'Passed' outcome. Therefore, Apex will not shut down the 'Visual Studio Host (6956)' with process ID '6956'. A subsequent test scenario will run on the same instance of the host.
    + Final Test Result Verification
        (15:31.670) [Platform:DelayedAssertionVerifierSink] Verification Success: 0 verification steps failed.
    + ApexTest TestCleanup</StdOut>
      </Output>
      <ResultFiles>
        <ResultFile path="WNVM19648\Fail.ig2gsfz5ad1y.png" />
        <ResultFile path="WNVM19648\OmniLog.html" />
        <ResultFile path="WNVM19648\OmniLogRawXml.xml" />
      </ResultFiles>
    </UnitTestResult>
    <UnitTestResult executionId="181c0de6-0378-43a4-85e0-f06a879093c9" testId="54ddfb4a-740b-af51-db92-1dc9cc862f9c" testName="VSTest_Script_Reference_GotoDefinitionToReferenceJSFile" computerName="WNVM19648" startTime="2018-04-17T01:21:46.8524470-07:00" endTime="2018-04-17T01:21:46.8524470-07:00" testType="13cdc9d9-ddb5-4fa4-a97d-d965ccfc6d4b" outcome="NotExecuted" testListId="8c84fa94-04c1-424b-9868-57a2d4851a1d" relativeResultsDirectory="181c0de6-0378-43a4-85e0-f06a879093c9">
      <Output>
      </Output>
    </UnitTestResult>
    <UnitTestResult executionId="345b8bf8-397e-49b5-bbd5-d5cf04b60524" testId="36a87196-09c2-615c-79eb-dd8c8aeeecb5" testName="VSTest_CssCompletion_FunctionParenthesis" computerName="WNVM19648" duration="00:00:04.2935032" startTime="2018-04-17T00:30:22.7948750-07:00" endTime="2018-04-17T00:30:27.0883782-07:00" testType="13cdc9d9-ddb5-4fa4-a97d-d965ccfc6d4b" outcome="Passed" testListId="8c84fa94-04c1-424b-9868-57a2d4851a1d" relativeResultsDirectory="345b8bf8-397e-49b5-bbd5-d5cf04b60524">
      <Output>
        <StdOut>+ CssCompletionTests::VSTest_CssCompletion_FunctionParenthesis
    + ApexTest TestInitialize
    + ExternalProcessHostTest TestInitialize
        (32:04.149) [Visual Studio Host (11564):RoamingSettingsService] Disabling roaming settings.
        (32:04.205) [Visual Studio Host (11564):SettingsService] Setting Visual Studio option 'Environment\RoamingSettings\RoamingEnabled' to 'False'.
        (32:04.475) [Visual Studio Host (11564):TextEditorDocumentWindowTestExtension] Showing window 'empty.css' without activating the window.
        (32:04.546) [Visual Studio Host (11564):TextEditorDocumentWindowTestExtension] Showing window 'empty.css'.
        (32:04.620) [Visual Studio Host (11564):VisualStudioTextEditorTestExtension] Setting keyboard focus to editor 'empty.css'.
        (32:04.689) [Visual Studio Host (11564):MainWindowService] Activating main window to bring it to the foreground.
        (32:04.748) [Visual Studio Host (11564):MainWindowService] Setting main window state to 'Maximized'.
    (32:04.880) [Visual Studio Host (11564):TextEditorDocumentWindowTestExtension] Showing window 'empty.css' without activating the window.
    (32:04.956) [Visual Studio Host (11564):TextEditorDocumentWindowTestExtension] Showing window 'empty.css'.
    (32:05.159) [Visual Studio Host (11564):TextEditorDocumentWindowTestExtension] Showing window 'empty.css' without activating the window.
    (32:05.245) [Visual Studio Host (11564):TextEditorDocumentWindowTestExtension] Showing window 'empty.css'.
    (32:05.341) [Visual Studio Host (11564):VisualStudioIntellisenseService] Getting the active completion at position '(Ln: 1, Ch: 17)'.
    VerificationPass: (32:05.409) [Visual Studio Host (11564):VisualStudioIntellisenseVerifier] Verification passed: Completion list is present within a timeout of 00:00:10.
    (32:05.476) [Visual Studio Host (11564):TextEditorDocumentWindowTestExtension] Showing window 'empty.css' without activating the window.
    (32:05.543) [Visual Studio Host (11564):TextEditorDocumentWindowTestExtension] Showing window 'empty.css'.
    (32:05.623) [Visual Studio Host (11564):KeyboardCommands] Sending the Return key 1 times.
    (32:05.739) [Visual Studio Host (11564):TextEditorDocumentWindowTestExtension] Showing window 'empty.css' without activating the window.
    (32:05.812) [Visual Studio Host (11564):TextEditorDocumentWindowTestExtension] Showing window 'empty.css'.
    (32:05.943) [Visual Studio Host (11564):TextEditorDocumentWindowTestExtension] Showing window 'empty.css' without activating the window.
    (32:06.030) [Visual Studio Host (11564):TextEditorDocumentWindowTestExtension] Showing window 'empty.css'.
    (32:06.324) [Visual Studio Host (11564):TextEditorDocumentWindowTestExtension] Showing window 'empty.css' without activating the window.
    (32:06.422) [Visual Studio Host (11564):TextEditorDocumentWindowTestExtension] Showing window 'empty.css'.
    (32:06.533) [Visual Studio Host (11564):VisualStudioIntellisenseService] Getting the active completion at position '(Ln: 1, Ch: 52)'.
    VerificationPass: (32:06.626) [Visual Studio Host (11564):VisualStudioIntellisenseVerifier] Verification passed: Completion list is present within a timeout of 00:00:10.
    (32:06.711) [Visual Studio Host (11564):TextEditorDocumentWindowTestExtension] Showing window 'empty.css' without activating the window.
    (32:06.771) [Visual Studio Host (11564):TextEditorDocumentWindowTestExtension] Showing window 'empty.css'.
    (32:06.838) [Visual Studio Host (11564):KeyboardCommands] Sending the Return key 1 times.
    (32:06.933) [Visual Studio Host (11564):TextEditorDocumentWindowTestExtension] Showing window 'empty.css' without activating the window.
    (32:07.009) [Visual Studio Host (11564):TextEditorDocumentWindowTestExtension] Showing window 'empty.css'.
    (32:07.158) [Visual Studio Host (11564):TextEditorDocumentWindowTestExtension] Showing window 'empty.css' without activating the window.
    (32:07.235) [Visual Studio Host (11564):TextEditorDocumentWindowTestExtension] Showing window 'empty.css'.
    + ExternalProcessHostTest TestCleanup
        (32:07.427) [Visual Studio Host (11564):TextEditorDocumentWindowTestExtension] Closing window 'empty.css'.
        (32:07.636) [Platform:Testcase] Test 'VSTest_CssCompletion_FunctionParenthesis' has 'Passed' outcome. Therefore, Apex will not shut down the 'Visual Studio Host (11564)' with process ID '11564'. A subsequent test scenario will run on the same instance of the host.
    + Final Test Result Verification
        (32:07.844) [Platform:DelayedAssertionVerifierSink] Verification Success: 0 verification steps failed.
    + ApexTest TestCleanup</StdOut>
      </Output>
      <ResultFiles>
        <ResultFile path="WNVM19648\Fail.azqsczivabnm.png" />
        <ResultFile path="WNVM19648\Fail.ig2gsfz5ad1y.png" />
        <ResultFile path="WNVM19648\Fail.o5zf0zepaw0l.png" />
        <ResultFile path="WNVM19648\OmniLog.html" />
        <ResultFile path="WNVM19648\OmniLogRawXml.xml" />
      </ResultFiles>
    </UnitTestResult>
    <UnitTestResult executionId="43cbafcf-6c86-4a20-8b63-e8660a2344d0" testId="129708df-2cde-0e6d-6624-d5ab0987e197" testName="VSTest_CssCompletion_HtmlNames" computerName="WNVM19648" duration="00:00:00.1259942" startTime="2018-04-17T00:29:58.4238911-07:00" endTime="2018-04-17T00:29:58.5498853-07:00" testType="13cdc9d9-ddb5-4fa4-a97d-d965ccfc6d4b" outcome="Failed" testListId="8c84fa94-04c1-424b-9868-57a2d4851a1d" relativeResultsDirectory="43cbafcf-6c86-4a20-8b63-e8660a2344d0">
      <Output>
        <StdOut>+ CssCompletionTests::VSTest_CssCompletion_HtmlNames
    + ApexTest TestInitialize</StdOut>
        <ErrorInfo>
          <Message>Initialization method Microsoft.Test.Apex.ExternalProcessHostTest`2[[Microsoft.Test.Apex.VisualStudio.VisualStudioHostConfiguration, Microsoft.Test.Apex.VisualStudio, Version=15.0.0.0, Culture=neutral, PublicKeyToken=b03f5f7f11d50a3a],[Microsoft.Test.Apex.VisualStudio.VisualStudioHost, Microsoft.Test.Apex.VisualStudio, Version=15.0.0.0, Culture=neutral, PublicKeyToken=b03f5f7f11d50a3a]].TestInitialize threw exception. System.IO.IOException: The process cannot access the file 'C:\school\OmniLog.html' because it is being used by another process.</Message>
          <StackTrace>   at System.IO.__Error.WinIOError(Int32 errorCode, String maybeFullPath)
   at System.IO.FileStream.Init(String path, FileMode mode, FileAccess access, Int32 rights, Boolean useRights, FileShare share, Int32 bufferSize, FileOptions options, SECURITY_ATTRIBUTES secAttrs, String msgPath, Boolean bFromProxy, Boolean useLongPath, Boolean checkHost)
   at System.IO.FileStream..ctor(String path, FileMode mode, FileAccess access)
   at Omni.Logging.Sinks.IncrementalSummarySink.PrepareForWrite() in F:\dd\src\Omni\Log\Omni.Log\Sinks\IncrementalSummarySink.cs:line 169
   at Omni.Logging.Sinks.IncrementalSummarySink.Append(ILogMessage message) in F:\dd\src\Omni\Log\Omni.Log\Sinks\IncrementalSummarySink.cs:line 74
   at Omni.Logging.OmniLog.SendToSinks(LogMessage message) in F:\dd\src\Omni\Log\Omni.Log\OmniLog.cs:line 968
   at Omni.Logging.Log.BeginGroup(String message) in F:\dd\src\Omni\Log\Omni.Log\OmniLog.cs:line 1402
   at Microsoft.Test.Apex.Services.Logging.TestLoggerSinks.OmniLog.OmniLogSink.ActualSink.ScopeEntered(IExecutionScopeHandle scope) in F:\dd\src\omni\Apex\MsTestIntegration\Services\OmniLog\OmniLogSink.cs:line 318
   at Microsoft.Test.Apex.Services.Logging.TestLoggerSinks.OmniLog.OmniLogSink.ScopeEntered(IExecutionScopeHandle scope) in F:\dd\src\omni\Apex\MsTestIntegration\Services\OmniLog\OmniLogSink.cs:line 146
   at Microsoft.Test.Apex.Services.ExecutionScopeService.Enter(TestExecutionPoint testExecutionPoint, String scopeName, Boolean enterVerificationScope, Object context) in F:\dd\src\omni\Apex\Framework\Services\ExecutionScope\ExecutionScopeService.cs:line 228
   at Microsoft.Test.Apex.Services.ExecutionScopeService.Enter(String scopeName, Boolean enterVerificationScope, Object context) in F:\dd\src\omni\Apex\Framework\Services\ExecutionScope\ExecutionScopeService.cs:line 202
   at Microsoft.Test.Apex.Services.ExecutionScopeService.Enter(String scopeName) in F:\dd\src\omni\Apex\Framework\Services\ExecutionScope\ExecutionScopeService.cs:line 80
   at Microsoft.Test.Apex.ApexTest.TestInitialize() in F:\dd\src\omni\Apex\MsTestIntegration\ApexTest.cs:line 423
   at Microsoft.Test.Apex.ExternalProcessHostTest`2.TestInitialize() in F:\dd\src\omni\Apex\MsTestIntegration\ExternalProcessHostTest.cs:line 108</StackTrace>
        </ErrorInfo>
      </Output>
    </UnitTestResult>
    <UnitTestResult executionId="1adf8dd9-0abd-4a48-92fc-becd0cc87f07" testId="1da74dfb-c469-55a4-7360-f8d80798f772" testName="VSTest_RazorV4Cs_FormatDocument_WithKeepTabsOption" computerName="WNVM19648" duration="00:00:05.1348191" startTime="2018-04-17T01:02:42.8968584-07:00" endTime="2018-04-17T01:02:48.0316775-07:00" testType="13cdc9d9-ddb5-4fa4-a97d-d965ccfc6d4b" outcome="Passed" testListId="8c84fa94-04c1-424b-9868-57a2d4851a1d" relativeResultsDirectory="1adf8dd9-0abd-4a48-92fc-becd0cc87f07">
      <Output>
        <StdOut>+ CSharpFormattingTests::VSTest_RazorV4Cs_FormatDocument_WithKeepTabsOption
    + ApexTest TestInitialize
    + ExternalProcessHostTest TestInitialize
        (01:04:24.621) [Visual Studio Host (4384):RoamingSettingsService] Disabling roaming settings.
        (01:04:24.769) [Visual Studio Host (4384):SettingsService] Setting Visual Studio option 'Environment\RoamingSettings\RoamingEnabled' to 'False'.
        (01:04:25.179) [Visual Studio Host (4384):TextEditorDocumentWindowTestExtension] Showing window 'FormatDocument.cshtml' without activating the window.
        (01:04:25.359) [Visual Studio Host (4384):TextEditorDocumentWindowTestExtension] Showing window 'FormatDocument.cshtml'.
        (01:04:25.556) [Visual Studio Host (4384):VisualStudioTextEditorTestExtension] Setting keyboard focus to editor 'FormatDocument.cshtml'.
        (01:04:25.701) [Visual Studio Host (4384):SettingsService] Getting value of Visual Studio Setting 'TextEditor\HTMLX\InsertTabs'. 
        (01:04:25.840) [Visual Studio Host (4384):SettingsService] Setting Visual Studio option 'TextEditor\HTMLX\InsertTabs' to 'True'.
        (01:04:26.028) [Visual Studio Host (4384):SettingsService] Getting value of Visual Studio Setting 'TextEditor\HTMLX\IndentSize'. 
        (01:04:26.179) [Visual Studio Host (4384):SettingsService] Setting Visual Studio option 'TextEditor\HTMLX\IndentSize' to '4'.
        (01:04:26.332) [Visual Studio Host (4384):MainWindowService] Activating main window to bring it to the foreground.
        (01:04:26.478) [Visual Studio Host (4384):MainWindowService] Setting main window state to 'Maximized'.
    (01:04:27.054) [Visual Studio Host (4384):TextEditorDocumentWindowTestExtension] Showing window 'FormatDocument.cshtml' without activating the window.
    (01:04:27.184) [Visual Studio Host (4384):TextEditorDocumentWindowTestExtension] Showing window 'FormatDocument.cshtml'.
    + ExternalProcessHostTest TestCleanup
        (01:04:27.498) [Visual Studio Host (4384):SettingsService] Setting Visual Studio option 'TextEditor\HTMLX\InsertTabs' to 'False'.
        (01:04:27.662) [Visual Studio Host (4384):SettingsService] Setting Visual Studio option 'TextEditor\HTMLX\IndentSize' to '4'.
        (01:04:27.841) [Visual Studio Host (4384):TextEditorDocumentWindowTestExtension] Closing window 'FormatDocument.cshtml'.
        (01:04:28.078) [Platform:Testcase] Test 'VSTest_RazorV4Cs_FormatDocument_WithKeepTabsOption' has 'Passed' outcome. Therefore, Apex will not shut down the 'Visual Studio Host (4384)' with process ID '4384'. A subsequent test scenario will run on the same instance of the host.
    + Final Test Result Verification
        (01:04:28.486) [Platform:DelayedAssertionVerifierSink] Verification Success: 0 verification steps failed.
    + ApexTest TestCleanup</StdOut>
      </Output>
      <ResultFiles>
        <ResultFile path="WNVM19648\Fail.azqsczivabnm.png" />
        <ResultFile path="WNVM19648\Fail.ig2gsfz5ad1y.png" />
        <ResultFile path="WNVM19648\Fail.o5zf0zepaw0l.png" />
        <ResultFile path="WNVM19648\Fail.raasvsmeanc1.png" />
        <ResultFile path="WNVM19648\Fail.t4yj0fxuatil.png" />
        <ResultFile path="WNVM19648\Fail.z10rn0n5ajdm.png" />
        <ResultFile path="WNVM19648\OmniLog.html" />
        <ResultFile path="WNVM19648\OmniLogRawXml.xml" />
      </ResultFiles>
    </UnitTestResult>
    <UnitTestResult executionId="d5c7b61e-e7cf-421c-bd1d-d35d040b8c94" testId="fe627c28-3362-0f8e-45a1-63dac3c43d5e" testName="VSTest_Validate_AddEndCommentValidation" computerName="WNVM19648" duration="00:00:13.4025418" startTime="2018-04-17T00:49:31.4944405-07:00" endTime="2018-04-17T00:49:44.8969823-07:00" testType="13cdc9d9-ddb5-4fa4-a97d-d965ccfc6d4b" outcome="Passed" testListId="8c84fa94-04c1-424b-9868-57a2d4851a1d" relativeResultsDirectory="d5c7b61e-e7cf-421c-bd1d-d35d040b8c94">
      <Output>
        <StdOut>+ ValidationTests::VSTest_Validate_AddEndCommentValidation
    + ApexTest TestInitialize
    + ExternalProcessHostTest TestInitialize
        (51:13.309) [Visual Studio Host (9888):RoamingSettingsService] Disabling roaming settings.
        (51:13.491) [Visual Studio Host (9888):SettingsService] Setting Visual Studio option 'Environment\RoamingSettings\RoamingEnabled' to 'False'.
        (51:13.898) [Visual Studio Host (9888):TextEditorDocumentWindowTestExtension] Showing window 'RemoveEndComment.htm' without activating the window.
        (51:14.065) [Visual Studio Host (9888):TextEditorDocumentWindowTestExtension] Showing window 'RemoveEndComment.htm'.
        (51:14.222) [Visual Studio Host (9888):VisualStudioTextEditorTestExtension] Setting keyboard focus to editor 'RemoveEndComment.htm'.
        (51:14.388) [Visual Studio Host (9888):MainWindowService] Activating main window to bring it to the foreground.
        (51:14.551) [Visual Studio Host (9888):MainWindowService] Setting main window state to 'Maximized'.
    (51:14.865) [Visual Studio Host (9888):TextEditorDocumentWindowTestExtension] Showing window 'RemoveEndComment.htm' without activating the window.
    (51:15.005) [Visual Studio Host (9888):TextEditorDocumentWindowTestExtension] Showing window 'RemoveEndComment.htm'.
    (51:15.213) [Visual Studio Host (9888):ToolWindowTestExtension] Showing window 'Error List ...' without activating the window.
    (51:15.381) [Visual Studio Host (9888):ToolWindowTestExtension] Showing window 'Error List ...' without activating the window.
    (51:15.571) [Visual Studio Host (9888):ErrorListService] Showing error list error items.
    (51:15.741) [Visual Studio Host (9888):ToolWindowTestExtension] Showing window 'Error List ...' without activating the window.
    (51:15.912) [Visual Studio Host (9888):ErrorListService] Showing error list message items.
    (51:16.062) [Visual Studio Host (9888):ToolWindowTestExtension] Showing window 'Error List ...' without activating the window.
    (51:16.194) [Visual Studio Host (9888):ErrorListService] Showing error list warning items.
    (51:18.401) [Visual Studio Host (9888):TextEditorDocumentWindowTestExtension] Showing window 'RemoveEndComment.htm' without activating the window.
    (51:18.638) [Visual Studio Host (9888):TextEditorDocumentWindowTestExtension] Showing window 'RemoveEndComment.htm'.
    (51:18.794) [Visual Studio Host (9888):TextEditorDocumentWindowTestExtension] Showing window 'RemoveEndComment.htm' without activating the window.
    (51:18.956) [Visual Studio Host (9888):TextEditorDocumentWindowTestExtension] Showing window 'RemoveEndComment.htm'.
    (51:19.124) [Visual Studio Host (9888):VisualStudioCaretTestExtension] Moving the caret from (Ln: 1, Ch: 1) to (Ln: 3, Ch: 5)
    (51:19.322) [Visual Studio Host (9888):TextEditorDocumentWindowTestExtension] Showing window 'RemoveEndComment.htm' without activating the window.
    (51:19.492) [Visual Studio Host (9888):TextEditorDocumentWindowTestExtension] Showing window 'RemoveEndComment.htm'.
    (51:19.650) [Visual Studio Host (9888):VisualStudioTextEditingActions] Inserting text combine CRLF as single return: '--&gt;' at the current caret position: '(Ln: 3, Ch: 5)'
    (51:19.842) [Visual Studio Host (9888):TextEditorDocumentWindowTestExtension] Showing window 'RemoveEndComment.htm' without activating the window.
    (51:20.047) [Visual Studio Host (9888):TextEditorDocumentWindowTestExtension] Showing window 'RemoveEndComment.htm'.
    (51:20.231) [Visual Studio Host (9888):ToolWindowTestExtension] Showing window 'Error List' without activating the window.
    (51:20.829) [Visual Studio Host (9888):ToolWindowTestExtension] Showing window 'Error List' without activating the window.
    (51:20.993) [Visual Studio Host (9888):ErrorListService] Showing error list error items.
    (51:21.170) [Visual Studio Host (9888):ToolWindowTestExtension] Showing window 'Error List' without activating the window.
    (51:21.343) [Visual Studio Host (9888):ErrorListService] Showing error list message items.
    (51:21.513) [Visual Studio Host (9888):ToolWindowTestExtension] Showing window 'Error List' without activating the window.
    (51:21.664) [Visual Studio Host (9888):ErrorListService] Showing error list warning items.
    (51:23.844) [Visual Studio Host (9888):TextEditorDocumentWindowTestExtension] Showing window 'RemoveEndComment.htm' without activating the window.
    (51:24.008) [Visual Studio Host (9888):TextEditorDocumentWindowTestExtension] Showing window 'RemoveEndComment.htm'.
    + ExternalProcessHostTest TestCleanup
        (51:24.318) [Visual Studio Host (9888):TextEditorDocumentWindowTestExtension] Closing window 'RemoveEndComment.htm'.
        (51:24.616) [Platform:Testcase] Test 'VSTest_Validate_AddEndCommentValidation' has 'Passed' outcome. Therefore, Apex will not shut down the 'Visual Studio Host (9888)' with process ID '9888'. A subsequent test scenario will run on the same instance of the host.
    + Final Test Result Verification
        (51:25.164) [Platform:DelayedAssertionVerifierSink] Verification Success: 0 verification steps failed.
    + ApexTest TestCleanup</StdOut>
      </Output>
      <ResultFiles>
        <ResultFile path="WNVM19648\Fail.azqsczivabnm.png" />
        <ResultFile path="WNVM19648\Fail.ig2gsfz5ad1y.png" />
        <ResultFile path="WNVM19648\Fail.o5zf0zepaw0l.png" />
        <ResultFile path="WNVM19648\Fail.z10rn0n5ajdm.png" />
        <ResultFile path="WNVM19648\OmniLog.html" />
        <ResultFile path="WNVM19648\OmniLogRawXml.xml" />
      </ResultFiles>
    </UnitTestResult>
    <UnitTestResult executionId="38887400-1f67-48e7-af5f-2ab16c5991e4" testId="355e916b-91b1-4999-22ab-451b153275a3" testName="VSTest_JSON_CustomRegions" computerName="WNVM19648" duration="00:00:15.9995456" startTime="2018-04-17T02:16:20.7527217-07:00" endTime="2018-04-17T02:16:36.7522673-07:00" testType="13cdc9d9-ddb5-4fa4-a97d-d965ccfc6d4b" outcome="Passed" testListId="8c84fa94-04c1-424b-9868-57a2d4851a1d" relativeResultsDirectory="38887400-1f67-48e7-af5f-2ab16c5991e4">
      <Output>
        <StdOut>+ JSONOutliningTests::VSTest_JSON_CustomRegions
    + ApexTest TestInitialize
    + ExternalProcessHostTest TestInitialize
        (02:18:02.702) [Visual Studio Host (4596):RoamingSettingsService] Disabling roaming settings.
        (02:18:02.890) [Visual Studio Host (4596):SettingsService] Setting Visual Studio option 'Environment\RoamingSettings\RoamingEnabled' to 'False'.
        (02:18:03.530) [Visual Studio Host (4596):TextEditorDocumentWindowTestExtension] Showing window 'CustomRegion.json' without activating the window.
        (02:18:03.968) [Visual Studio Host (4596):TextEditorDocumentWindowTestExtension] Showing window 'CustomRegion.json'.
        (02:18:04.187) [Visual Studio Host (4596):VisualStudioTextEditorTestExtension] Setting keyboard focus to editor 'CustomRegion.json'.
        (02:18:04.421) [Visual Studio Host (4596):MainWindowService] Activating main window to bring it to the foreground.
        (02:18:04.655) [Visual Studio Host (4596):MainWindowService] Setting main window state to 'Maximized'.
    (02:18:05.155) [Visual Studio Host (4596):TextEditorDocumentWindowTestExtension] Showing window 'CustomRegion.json' without activating the window.
    (02:18:05.374) [Visual Studio Host (4596):TextEditorDocumentWindowTestExtension] Showing window 'CustomRegion.json'.
    (02:18:05.640) [Visual Studio Host (4596):VisualStudioOutliningTestExtension] Retrieved '4' outlined regions in the editor.
    VerificationPass: (02:18:05.812) [Platform:Testcase] Verification passed: Number of outlining regions is 4; expected to find 4.
    (02:18:05.968) [Platform:Testcase] Verifying outline region on line 1
    VerificationPass: (02:18:06.155) [Platform:Testcase] Verification passed: Start locations are not equal. Expected '(Ln: 1, Ch: 1)', Actual: '(Ln: 1, Ch: 1)'
    VerificationPass: (02:18:06.374) [Platform:Testcase] Verification passed: End locations are not equal. Expected '(Ln: 14, Ch: 2)', Actual: '(Ln: 14, Ch: 2)'
    VerificationPass: (02:18:06.562) [Platform:Testcase] Verification passed: Instances are equal. Expected 'False', Actual 'False'.
    (02:18:06.733) [Platform:Testcase] Verifying outline region on line 2
    VerificationPass: (02:18:06.905) [Platform:Testcase] Verification passed: Start locations are not equal. Expected '(Ln: 2, Ch: 5)', Actual: '(Ln: 2, Ch: 5)'
    VerificationPass: (02:18:07.077) [Platform:Testcase] Verification passed: End locations are not equal. Expected '(Ln: 9, Ch: 25)', Actual: '(Ln: 9, Ch: 25)'
    VerificationPass: (02:18:07.280) [Platform:Testcase] Verification passed: Instances are equal. Expected 'False', Actual 'False'.
    (02:18:07.452) [Platform:Testcase] Verifying outline region on line 5
    VerificationPass: (02:18:07.624) [Platform:Testcase] Verification passed: Start locations are not equal. Expected '(Ln: 5, Ch: 5)', Actual: '(Ln: 5, Ch: 5)'
    VerificationPass: (02:18:07.812) [Platform:Testcase] Verification passed: End locations are not equal. Expected '(Ln: 8, Ch: 22)', Actual: '(Ln: 8, Ch: 22)'
    VerificationPass: (02:18:07.983) [Platform:Testcase] Verification passed: Instances are equal. Expected 'False', Actual 'False'.
    (02:18:08.171) [Platform:Testcase] Verifying outline region on line 11
    VerificationPass: (02:18:08.343) [Platform:Testcase] Verification passed: Start locations are not equal. Expected '(Ln: 11, Ch: 5)', Actual: '(Ln: 11, Ch: 5)'
    VerificationPass: (02:18:08.483) [Platform:Testcase] Verification passed: End locations are not equal. Expected '(Ln: 13, Ch: 21)', Actual: '(Ln: 13, Ch: 21)'
    VerificationPass: (02:18:08.671) [Platform:Testcase] Verification passed: Instances are equal. Expected 'False', Actual 'False'.
    (02:18:08.874) [Visual Studio Host (4596):TextEditorDocumentWindowTestExtension] Showing window 'CustomRegion.json' without activating the window.
    (02:18:09.030) [Visual Studio Host (4596):TextEditorDocumentWindowTestExtension] Showing window 'CustomRegion.json'.
    (02:18:09.249) [Visual Studio Host (4596):VisualStudioCaretTestExtension] Moving the caret from (Ln: 1, Ch: 1) to the beginning of the file
    (02:18:09.421) [Visual Studio Host (4596):VisualStudioTextEditorTestExtension] Setting keyboard focus to editor 'CustomRegion.json'.
    (02:18:09.608) [Visual Studio Host (4596):TextEditorDocumentWindowTestExtension] Showing window 'CustomRegion.json' without activating the window.
    (02:18:09.796) [Visual Studio Host (4596):TextEditorDocumentWindowTestExtension] Showing window 'CustomRegion.json'.
    (02:18:09.999) [Visual Studio Host (4596):TextEditorDocumentWindowTestExtension] Showing window 'CustomRegion.json' without activating the window.
    (02:18:10.171) [Visual Studio Host (4596):TextEditorDocumentWindowTestExtension] Showing window 'CustomRegion.json'.
    (02:18:10.358) [Visual Studio Host (4596):VisualStudioOutliningTestExtension] Collapsing region at '(Ln: 1, Ch: 1)'.
    (02:18:10.577) [Visual Studio Host (4596):TextEditorDocumentWindowTestExtension] Showing window 'CustomRegion.json' without activating the window.
    (02:18:10.749) [Visual Studio Host (4596):TextEditorDocumentWindowTestExtension] Showing window 'CustomRegion.json'.
    (02:18:10.983) [Visual Studio Host (4596):VisualStudioOutliningTestExtension] Retrieved '1' collapsed regions at position '(Ln: 1, Ch: 1)'.
    (02:18:11.140) [Visual Studio Host (4596):VisualStudioOutliningTestExtension] Retrieved '[Span: ((Ln: 1, Ch: 1) - (Ln: 14, Ch: 2)), IsCollapsed: True, IsCollapsible: True, IsImplementation: False]' region at position '(Ln: 1, Ch: 1)'.
    (02:18:11.311) [Visual Studio Host (4596):TextEditorDocumentWindowTestExtension] Showing window 'CustomRegion.json' without activating the window.
    (02:18:11.452) [Visual Studio Host (4596):TextEditorDocumentWindowTestExtension] Showing window 'CustomRegion.json'.
    VerificationPass: (02:18:11.593) [Platform:Testcase] Verification passed: The condition was expected to be true.
    VerificationPass: (02:18:11.749) [Platform:Testcase] Verification passed: String content is equal: Expected '...', Actual '...'; &lt;ComparisonType: OrdinalIgnoreCase&gt;
    (02:18:11.905) [Visual Studio Host (4596):TextEditorDocumentWindowTestExtension] Showing window 'CustomRegion.json' without activating the window.
    (02:18:12.077) [Visual Studio Host (4596):TextEditorDocumentWindowTestExtension] Showing window 'CustomRegion.json'.
    (02:18:12.233) [Visual Studio Host (4596):VisualStudioOutliningTestExtension] Expanding region at '(Ln: 1, Ch: 1)'.
    (02:18:12.390) [Visual Studio Host (4596):TextEditorDocumentWindowTestExtension] Showing window 'CustomRegion.json' without activating the window.
    (02:18:12.577) [Visual Studio Host (4596):TextEditorDocumentWindowTestExtension] Showing window 'CustomRegion.json'.
    (02:18:12.765) [Visual Studio Host (4596):VisualStudioCaretTestExtension] Moving the caret and selecting the range from (Ln: 5, Ch: 8) to (Ln: 5, Ch: 19) based on a regular expression.  Expression = "(#region bar)" [group index '1', match index '1', options 'Singleline, CultureInvariant']
    (02:18:12.921) [Visual Studio Host (4596):TextEditorDocumentWindowTestExtension] Showing window 'CustomRegion.json' without activating the window.
    (02:18:13.093) [Visual Studio Host (4596):TextEditorDocumentWindowTestExtension] Showing window 'CustomRegion.json'.
    (02:18:13.265) [Visual Studio Host (4596):VisualStudioCaretTestExtension] Moving the caret from (Ln: 5, Ch: 19) to the beginning of the line
    (02:18:13.499) [Visual Studio Host (4596):VisualStudioTextEditorTestExtension] Setting keyboard focus to editor 'CustomRegion.json'.
    (02:18:13.671) [Visual Studio Host (4596):TextEditorDocumentWindowTestExtension] Showing window 'CustomRegion.json' without activating the window.
    (02:18:13.874) [Visual Studio Host (4596):TextEditorDocumentWindowTestExtension] Showing window 'CustomRegion.json'.
    (02:18:14.079) [Visual Studio Host (4596):TextEditorDocumentWindowTestExtension] Showing window 'CustomRegion.json' without activating the window.
    (02:18:14.265) [Visual Studio Host (4596):TextEditorDocumentWindowTestExtension] Showing window 'CustomRegion.json'.
    (02:18:14.452) [Visual Studio Host (4596):VisualStudioOutliningTestExtension] Collapsing region at '(Ln: 5, Ch: 5)'.
    (02:18:14.671) [Visual Studio Host (4596):TextEditorDocumentWindowTestExtension] Showing window 'CustomRegion.json' without activating the window.
    (02:18:14.843) [Visual Studio Host (4596):TextEditorDocumentWindowTestExtension] Showing window 'CustomRegion.json'.
    (02:18:15.046) [Visual Studio Host (4596):VisualStudioOutliningTestExtension] Retrieved '1' collapsed regions at position '(Ln: 5, Ch: 5)'.
    (02:18:15.218) [Visual Studio Host (4596):VisualStudioOutliningTestExtension] Retrieved '[Span: ((Ln: 5, Ch: 5) - (Ln: 8, Ch: 22)), IsCollapsed: True, IsCollapsible: True, IsImplementation: False]' region at position '(Ln: 5, Ch: 5)'.
    VerificationPass: (02:18:15.405) [Platform:Testcase] Verification passed: String content is equal: Expected '/* #region bar */
"array": [ 2, 4 ],
"true": true,
// #endregion bar', Actual '/* #region bar */
"array": [ 2, 4 ],
"true": true,
// #endregion bar'; &lt;ComparisonType: OrdinalIgnoreCase&gt;
    VerificationPass: (02:18:15.577) [Platform:Testcase] Verification passed: String content is equal: Expected 'bar', Actual 'bar'; &lt;ComparisonType: OrdinalIgnoreCase&gt;
    + ExternalProcessHostTest TestCleanup
        (02:18:15.936) [Visual Studio Host (4596):TextEditorDocumentWindowTestExtension] Closing window 'CustomRegion.json'.
        (02:18:16.296) [Platform:Testcase] Test 'VSTest_JSON_CustomRegions' has 'Passed' outcome. Therefore, Apex will not shut down the 'Visual Studio Host (4596)' with process ID '4596'. A subsequent test scenario will run on the same instance of the host.
    + Final Test Result Verification
        (02:18:16.921) [Platform:DelayedAssertionVerifierSink] Verification Success: 0 verification steps failed.
    + ApexTest TestCleanup</StdOut>
      </Output>
      <ResultFiles>
        <ResultFile path="WNVM19648\Fail.22wpw0oka5fs.png" />
        <ResultFile path="WNVM19648\Fail.24wtv1jnawc3.png" />
        <ResultFile path="WNVM19648\Fail.2dvw33g3abcx.png" />
        <ResultFile path="WNVM19648\Fail.2lws5epta1gw.png" />
        <ResultFile path="WNVM19648\Fail.2osatv43agzz.png" />
        <ResultFile path="WNVM19648\Fail.33ju4eduay3u.png" />
        <ResultFile path="WNVM19648\Fail.3poblbx4alvv.png" />
        <ResultFile path="WNVM19648\Fail.4p531ykxaqdb.png" />
        <ResultFile path="WNVM19648\Fail.5erbsz3aa4ay.png" />
        <ResultFile path="WNVM19648\Fail.ashpv3rjajjr.png" />
        <ResultFile path="WNVM19648\Fail.aswak04hapa5.png" />
        <ResultFile path="WNVM19648\Fail.azqsczivabnm.png" />
        <ResultFile path="WNVM19648\Fail.byuslv5baqsd.png" />
        <ResultFile path="WNVM19648\Fail.bz134qwyax2e.png" />
        <ResultFile path="WNVM19648\Fail.czhshhzmawco.png" />
        <ResultFile path="WNVM19648\Fail.ek4tb3wmalyl.png" />
        <ResultFile path="WNVM19648\Fail.hxi2cahnapy2.png" />
        <ResultFile path="WNVM19648\Fail.ig2gsfz5ad1y.png" />
        <ResultFile path="WNVM19648\Fail.iymeazuqablz.png" />
        <ResultFile path="WNVM19648\Fail.jpga4adlarrf.png" />
        <ResultFile path="WNVM19648\Fail.kfb5og41ajlt.png" />
        <ResultFile path="WNVM19648\Fail.kp4fcfcpa5bw.png" />
        <ResultFile path="WNVM19648\Fail.kxs1ersmaxma.png" />
        <ResultFile path="WNVM19648\Fail.lbyrcmqbastb.png" />
        <ResultFile path="WNVM19648\Fail.loc0xhl5a2hr.png" />
        <ResultFile path="WNVM19648\Fail.lthgvalfaxfr.png" />
        <ResultFile path="WNVM19648\Fail.mazsob3aamsp.png" />
        <ResultFile path="WNVM19648\Fail.n13clx4iaowv.png" />
        <ResultFile path="WNVM19648\Fail.n3c2bmltan5e.png" />
        <ResultFile path="WNVM19648\Fail.o4kkrjboasbk.png" />
        <ResultFile path="WNVM19648\Fail.o5zf0zepaw0l.png" />
        <ResultFile path="WNVM19648\Fail.pdo2mhdtanq2.png" />
        <ResultFile path="WNVM19648\Fail.pprwzak1ac5h.png" />
        <ResultFile path="WNVM19648\Fail.qagtqbftat3h.png" />
        <ResultFile path="WNVM19648\Fail.qbnuydioazjy.png" />
        <ResultFile path="WNVM19648\Fail.raasvsmeanc1.png" />
        <ResultFile path="WNVM19648\Fail.rymman3va50a.png" />
        <ResultFile path="WNVM19648\Fail.sidku4gxamg4.png" />
        <ResultFile path="WNVM19648\Fail.swwzdfhraz25.png" />
        <ResultFile path="WNVM19648\Fail.t4yj0fxuatil.png" />
        <ResultFile path="WNVM19648\Fail.v0ywfcwsa23p.png" />
        <ResultFile path="WNVM19648\Fail.vjqtiv2zaclz.png" />
        <ResultFile path="WNVM19648\Fail.wiz4mofdavag.png" />
        <ResultFile path="WNVM19648\Fail.xasrdkzvaogc.png" />
        <ResultFile path="WNVM19648\Fail.yd3ferxiaq1c.png" />
        <ResultFile path="WNVM19648\Fail.z10rn0n5ajdm.png" />
        <ResultFile path="WNVM19648\Fail.z2gelfy0aa1q.png" />
        <ResultFile path="WNVM19648\Fail.zpuouf2fa0ib.png" />
        <ResultFile path="WNVM19648\OmniLog.html" />
        <ResultFile path="WNVM19648\OmniLogRawXml.xml" />
      </ResultFiles>
    </UnitTestResult>
    <UnitTestResult executionId="e93cb643-afa3-4aa3-8859-b8f90bec9232" testId="4649ab03-d9eb-e9e1-69de-215fad7657d5" testName="VSTest_ServerIntellisenseVB" computerName="WNVM19648" duration="00:00:39.2074120" startTime="2018-04-17T00:22:25.4252150-07:00" endTime="2018-04-17T00:23:04.6326270-07:00" testType="13cdc9d9-ddb5-4fa4-a97d-d965ccfc6d4b" outcome="Passed" testListId="8c84fa94-04c1-424b-9868-57a2d4851a1d" relativeResultsDirectory="e93cb643-afa3-4aa3-8859-b8f90bec9232">
      <Output>
        <StdOut>+ ServerIntellisenseTests::VSTest_ServerIntellisenseVB
    + ApexTest TestInitialize
    + ExternalProcessHostTest TestInitialize
        (24:06.778) [Visual Studio Host (11564):RoamingSettingsService] Disabling roaming settings.
        (24:06.845) [Visual Studio Host (11564):SettingsService] Setting Visual Studio option 'Environment\RoamingSettings\RoamingEnabled' to 'False'.
        (24:07.229) [Visual Studio Host (11564):TextEditorDocumentWindowTestExtension] Showing window 'UserControlVB.ascx' without activating the window.
        (24:07.350) [Visual Studio Host (11564):TextEditorDocumentWindowTestExtension] Showing window 'UserControlVB.ascx'.
        (24:07.442) [Visual Studio Host (11564):VisualStudioTextEditorTestExtension] Setting keyboard focus to editor 'UserControlVB.ascx'.
        (24:07.572) [Visual Studio Host (11564):MainWindowService] Activating main window to bring it to the foreground.
        (24:07.638) [Visual Studio Host (11564):MainWindowService] Setting main window state to 'Maximized'.
    (24:08.131) [Visual Studio Host (11564):TextEditorDocumentWindowTestExtension] Showing window 'UserControlVB.ascx' without activating the window.
    (24:08.194) [Visual Studio Host (11564):TextEditorDocumentWindowTestExtension] Showing window 'UserControlVB.ascx'.
    (24:08.255) [Visual Studio Host (11564):KeyboardCommands] Sending the Left key 1 times.
    Warning: (24:08.325) [Visual Studio Host (11564):EditorCommandTarget] Editor 'UserControlVB.ascx' does not have focus, automatically setting focus.
    (24:08.392) [Visual Studio Host (11564):VisualStudioTextEditorTestExtension] Setting keyboard focus to editor 'UserControlVB.ascx'.
    (24:08.623) [Visual Studio Host (11564):TextEditorDocumentWindowTestExtension] Showing window 'UserControlVB.ascx' without activating the window.
    (24:13.612) [Visual Studio Host (11564):TextEditorDocumentWindowTestExtension] Showing window 'UserControlVB.ascx'.
    (24:38.971) [Visual Studio Host (11564):KeyboardCommands] Sending the Return key 1 times.
    (24:40.893) [Visual Studio Host (11564):TextEditorDocumentWindowTestExtension] Showing window 'UserControlVB.ascx' without activating the window.
    (24:41.158) [Visual Studio Host (11564):TextEditorDocumentWindowTestExtension] Showing window 'UserControlVB.ascx'.
    (24:42.411) [Visual Studio Host (11564):TextEditorDocumentWindowTestExtension] Showing window 'UserControlVB.ascx' without activating the window.
    (24:42.553) [Visual Studio Host (11564):TextEditorDocumentWindowTestExtension] Showing window 'UserControlVB.ascx'.
    (24:42.678) [Visual Studio Host (11564):VisualStudioIntellisenseService] Did not find an active completion session. Please use Verify.IsCompletionListPresent() to make sure that the list is present before requesting the completion session.
    Warning: (24:42.731) [Visual Studio Host (11564):VisualStudioIntellisenseService] No active completion sessions were found for editor 'UserControlVB.ascx'.
    (24:43.299) [Visual Studio Host (11564):VisualStudioIntellisenseService] Getting the active completion at position '(Ln: 6, Ch: 24)'.
    (24:43.385) [Visual Studio Host (11564):VisualStudioCompletionListTestExtension] Found completion item with name 
    + ExternalProcessHostTest TestCleanup
        (24:43.517) [Visual Studio Host (11564):TextEditorDocumentWindowTestExtension] Closing window 'UserControlVB.ascx'.
        (24:45.216) [Platform:Testcase] Test 'VSTest_ServerIntellisenseVB' has 'Passed' outcome. Therefore, Apex will not shut down the 'Visual Studio Host (11564)' with process ID '11564'. A subsequent test scenario will run on the same instance of the host.
    + Final Test Result Verification
        (24:45.425) [Platform:DelayedAssertionVerifierSink] Verification Success: 0 verification steps failed.
    + ApexTest TestCleanup</StdOut>
      </Output>
      <ResultFiles>
        <ResultFile path="WNVM19648\Fail.azqsczivabnm.png" />
        <ResultFile path="WNVM19648\Fail.ig2gsfz5ad1y.png" />
        <ResultFile path="WNVM19648\Fail.o5zf0zepaw0l.png" />
        <ResultFile path="WNVM19648\OmniLog.html" />
        <ResultFile path="WNVM19648\OmniLogRawXml.xml" />
      </ResultFiles>
    </UnitTestResult>
    <UnitTestResult executionId="8c690ed9-f292-4372-8a0f-d7ee119a293a" testId="9ebac3bf-78b5-0897-da8e-dc46f74a6566" testName="VSTest_CSS_FormatOnPaste" computerName="WNVM19648" duration="00:00:02.3991430" startTime="2018-04-17T00:28:33.8326619-07:00" endTime="2018-04-17T00:28:36.2318049-07:00" testType="13cdc9d9-ddb5-4fa4-a97d-d965ccfc6d4b" outcome="Passed" testListId="8c84fa94-04c1-424b-9868-57a2d4851a1d" relativeResultsDirectory="8c690ed9-f292-4372-8a0f-d7ee119a293a">
      <Output>
        <StdOut>+ CssFormatOnPasteTests::VSTest_CSS_FormatOnPaste
    + ApexTest TestInitialize
    + ExternalProcessHostTest TestInitialize
        (30:15.231) [Visual Studio Host (11564):RoamingSettingsService] Disabling roaming settings.
        (30:15.302) [Visual Studio Host (11564):SettingsService] Setting Visual Studio option 'Environment\RoamingSettings\RoamingEnabled' to 'False'.
        (30:15.599) [Visual Studio Host (11564):TextEditorDocumentWindowTestExtension] Showing window 'FormatSampleCss.css' without activating the window.
        (30:15.696) [Visual Studio Host (11564):TextEditorDocumentWindowTestExtension] Showing window 'FormatSampleCss.css'.
        (30:15.770) [Visual Studio Host (11564):VisualStudioTextEditorTestExtension] Setting keyboard focus to editor 'FormatSampleCss.css'.
        (30:15.860) [Visual Studio Host (11564):MainWindowService] Activating main window to bring it to the foreground.
        (30:15.924) [Visual Studio Host (11564):MainWindowService] Setting main window state to 'Maximized'.
    (30:16.092) [Visual Studio Host (11564):TextEditorDocumentWindowTestExtension] Showing window 'FormatSampleCss.css' without activating the window.
    (30:16.169) [Visual Studio Host (11564):TextEditorDocumentWindowTestExtension] Showing window 'FormatSampleCss.css'.
    (30:16.255) [Visual Studio Host (11564):VisualStudioCaretTestExtension] Moving the caret from (Ln: 1, Ch: 1) to the end of the file
    (30:16.320) [Visual Studio Host (11564):VisualStudioTextEditorTestExtension] Setting keyboard focus to editor 'FormatSampleCss.css'.
    (30:16.434) [Visual Studio Host (11564):TextEditorDocumentWindowTestExtension] Showing window 'FormatSampleCss.css' without activating the window.
    (30:16.515) [Visual Studio Host (11564):TextEditorDocumentWindowTestExtension] Showing window 'FormatSampleCss.css'.
    + ExternalProcessHostTest TestCleanup
        (30:16.709) [Visual Studio Host (11564):TextEditorDocumentWindowTestExtension] Closing window 'FormatSampleCss.css'.
        (30:16.871) [Platform:Testcase] Test 'VSTest_CSS_FormatOnPaste' has 'Passed' outcome. Therefore, Apex will not shut down the 'Visual Studio Host (11564)' with process ID '11564'. A subsequent test scenario will run on the same instance of the host.
    + Final Test Result Verification
        (30:17.058) [Platform:DelayedAssertionVerifierSink] Verification Success: 0 verification steps failed.
    + ApexTest TestCleanup</StdOut>
      </Output>
      <ResultFiles>
        <ResultFile path="WNVM19648\Fail.azqsczivabnm.png" />
        <ResultFile path="WNVM19648\Fail.ig2gsfz5ad1y.png" />
        <ResultFile path="WNVM19648\Fail.o5zf0zepaw0l.png" />
        <ResultFile path="WNVM19648\OmniLog.html" />
        <ResultFile path="WNVM19648\OmniLogRawXml.xml" />
      </ResultFiles>
    </UnitTestResult>
    <UnitTestResult executionId="f0a625b6-36f5-4a66-bbe0-a71a4799147e" testId="0f04a6d1-4d1f-0241-16f2-6ddade6e0693" testName="VSTest_JSON_SchemaValidation_DontApplySchemaErrorsOverSyntaxErrors" computerName="WNVM19648" duration="00:01:01.5251581" startTime="2018-04-17T02:13:05.9934583-07:00" endTime="2018-04-17T02:14:07.5186164-07:00" testType="13cdc9d9-ddb5-4fa4-a97d-d965ccfc6d4b" outcome="Passed" testListId="8c84fa94-04c1-424b-9868-57a2d4851a1d" relativeResultsDirectory="f0a625b6-36f5-4a66-bbe0-a71a4799147e">
      <Output>
        <StdOut>+ SchemaValidation::VSTest_JSON_SchemaValidation_DontApplySchemaErrorsOverSyntaxErrors
    + ApexTest TestInitialize
    + ExternalProcessHostTest TestInitialize
        (02:14:48.185) [Visual Studio Host (4596):RoamingSettingsService] Disabling roaming settings.
        (02:14:48.377) [Visual Studio Host (4596):SettingsService] Setting Visual Studio option 'Environment\RoamingSettings\RoamingEnabled' to 'False'.
        (02:14:51.630) [Visual Studio Host (4596):SolutionService] Opening solution file 'file:///C:/TestBin/IntegrationTests/MS.VS.Web.Editors/webs/misc.sln' with asynchronous load data available.  WaitForFullyLoadedOnOpen set to 'True'. Apex will wait for all async project loads to complete before proceeding.
            (02:14:51.951) [Visual Studio Host (4596):SolutionService] Solution load behavior is set to 'Realtime'.
        + Waiting for the solution to fully load.
        (02:15:32.797) [Visual Studio Host (4596):TextEditorDocumentWindowTestExtension] Showing window 'validationSchema.json' without activating the window.
        (02:15:34.562) [Visual Studio Host (4596):TextEditorDocumentWindowTestExtension] Showing window 'validationSchema.json'.
        (02:15:35.094) [Visual Studio Host (4596):VisualStudioTextEditorTestExtension] Setting keyboard focus to editor 'validationSchema.json'.
        (02:15:35.390) [Visual Studio Host (4596):MainWindowService] Activating main window to bring it to the foreground.
        (02:15:35.656) [Visual Studio Host (4596):MainWindowService] Setting main window state to 'Maximized'.
    (02:15:36.110) [Visual Studio Host (4596):TextEditorDocumentWindowTestExtension] Showing window 'validationSchema.json' without activating the window.
    (02:15:36.297) [Visual Studio Host (4596):TextEditorDocumentWindowTestExtension] Showing window 'validationSchema.json'.
    (02:15:36.625) [Visual Studio Host (4596):VisualStudioCaretTestExtension] Moving the caret and selecting the range from (Ln: 23, Ch: 28) to (Ln: 23, Ch: 29) based on a regular expression.  Expression = ""number(")" [group index '1', match index '1', options 'Singleline, CultureInvariant']
    (02:15:36.937) [Visual Studio Host (4596):TextEditorDocumentWindowTestExtension] Showing window 'validationSchema.json' without activating the window.
    (02:15:37.125) [Visual Studio Host (4596):TextEditorDocumentWindowTestExtension] Showing window 'validationSchema.json'.
    (02:15:37.344) [Visual Studio Host (4596):KeyboardCommands] Sending '1' spaces.
    (02:15:37.859) [Visual Studio Host (4596):TextEditorDocumentWindowTestExtension] Showing window 'validationSchema.json' without activating the window.
    (02:15:38.172) [Visual Studio Host (4596):TextEditorDocumentWindowTestExtension] Showing window 'validationSchema.json'.
    (02:15:38.703) [Visual Studio Host (4596):ToolWindowTestExtension] Showing window 'Error List ...' without activating the window.
    (02:15:39.000) [Visual Studio Host (4596):ToolWindowTestExtension] Showing window 'Error List ...'.
    (02:15:39.640) [Visual Studio Host (4596):ToolWindowTestExtension] Showing window 'Error List ...' without activating the window.
    (02:15:39.984) [Visual Studio Host (4596):ToolWindowTestExtension] Showing window 'Error List ...' without activating the window.
    (02:15:40.265) [Visual Studio Host (4596):ErrorListService] Showing error list error items.
    (02:15:40.578) [Visual Studio Host (4596):ToolWindowTestExtension] Showing window 'Error List ...' without activating the window.
    (02:15:40.812) [Visual Studio Host (4596):ErrorListService] Showing error list message items.
    (02:15:41.047) [Visual Studio Host (4596):ToolWindowTestExtension] Showing window 'Error List ...' without activating the window.
    (02:15:41.297) [Visual Studio Host (4596):ErrorListService] Showing error list warning items.
    (02:15:43.687) [Visual Studio Host (4596):TextEditorDocumentWindowTestExtension] Showing window 'validationSchema.json' without activating the window.
    (02:15:44.078) [Visual Studio Host (4596):TextEditorDocumentWindowTestExtension] Showing window 'validationSchema.json'.
    + ExternalProcessHostTest TestCleanup
        (02:15:44.593) [Visual Studio Host (4596):TextEditorDocumentWindowTestExtension] Closing window 'validationSchema.json'.
        (02:15:45.453) [Platform:Testcase] Test 'VSTest_JSON_SchemaValidation_DontApplySchemaErrorsOverSyntaxErrors' has 'Passed' outcome. Therefore, Apex will not shut down the 'Visual Studio Host (4596)' with process ID '4596'. A subsequent test scenario will run on the same instance of the host.
    + Final Test Result Verification
        (02:15:46.843) [Platform:DelayedAssertionVerifierSink] Verification Success: 0 verification steps failed.
    + ApexTest TestCleanup</StdOut>
      </Output>
      <ResultFiles>
        <ResultFile path="WNVM19648\Fail.22wpw0oka5fs.png" />
        <ResultFile path="WNVM19648\Fail.24wtv1jnawc3.png" />
        <ResultFile path="WNVM19648\Fail.2dvw33g3abcx.png" />
        <ResultFile path="WNVM19648\Fail.2lws5epta1gw.png" />
        <ResultFile path="WNVM19648\Fail.2osatv43agzz.png" />
        <ResultFile path="WNVM19648\Fail.33ju4eduay3u.png" />
        <ResultFile path="WNVM19648\Fail.3poblbx4alvv.png" />
        <ResultFile path="WNVM19648\Fail.4p531ykxaqdb.png" />
        <ResultFile path="WNVM19648\Fail.5erbsz3aa4ay.png" />
        <ResultFile path="WNVM19648\Fail.ashpv3rjajjr.png" />
        <ResultFile path="WNVM19648\Fail.aswak04hapa5.png" />
        <ResultFile path="WNVM19648\Fail.azqsczivabnm.png" />
        <ResultFile path="WNVM19648\Fail.byuslv5baqsd.png" />
        <ResultFile path="WNVM19648\Fail.bz134qwyax2e.png" />
        <ResultFile path="WNVM19648\Fail.czhshhzmawco.png" />
        <ResultFile path="WNVM19648\Fail.ek4tb3wmalyl.png" />
        <ResultFile path="WNVM19648\Fail.hxi2cahnapy2.png" />
        <ResultFile path="WNVM19648\Fail.ig2gsfz5ad1y.png" />
        <ResultFile path="WNVM19648\Fail.iymeazuqablz.png" />
        <ResultFile path="WNVM19648\Fail.jpga4adlarrf.png" />
        <ResultFile path="WNVM19648\Fail.kfb5og41ajlt.png" />
        <ResultFile path="WNVM19648\Fail.kp4fcfcpa5bw.png" />
        <ResultFile path="WNVM19648\Fail.kxs1ersmaxma.png" />
        <ResultFile path="WNVM19648\Fail.lbyrcmqbastb.png" />
        <ResultFile path="WNVM19648\Fail.loc0xhl5a2hr.png" />
        <ResultFile path="WNVM19648\Fail.lthgvalfaxfr.png" />
        <ResultFile path="WNVM19648\Fail.mazsob3aamsp.png" />
        <ResultFile path="WNVM19648\Fail.n13clx4iaowv.png" />
        <ResultFile path="WNVM19648\Fail.n3c2bmltan5e.png" />
        <ResultFile path="WNVM19648\Fail.o4kkrjboasbk.png" />
        <ResultFile path="WNVM19648\Fail.o5zf0zepaw0l.png" />
        <ResultFile path="WNVM19648\Fail.pdo2mhdtanq2.png" />
        <ResultFile path="WNVM19648\Fail.pprwzak1ac5h.png" />
        <ResultFile path="WNVM19648\Fail.qagtqbftat3h.png" />
        <ResultFile path="WNVM19648\Fail.qbnuydioazjy.png" />
        <ResultFile path="WNVM19648\Fail.raasvsmeanc1.png" />
        <ResultFile path="WNVM19648\Fail.rymman3va50a.png" />
        <ResultFile path="WNVM19648\Fail.sidku4gxamg4.png" />
        <ResultFile path="WNVM19648\Fail.swwzdfhraz25.png" />
        <ResultFile path="WNVM19648\Fail.t4yj0fxuatil.png" />
        <ResultFile path="WNVM19648\Fail.v0ywfcwsa23p.png" />
        <ResultFile path="WNVM19648\Fail.vjqtiv2zaclz.png" />
        <ResultFile path="WNVM19648\Fail.wiz4mofdavag.png" />
        <ResultFile path="WNVM19648\Fail.xasrdkzvaogc.png" />
        <ResultFile path="WNVM19648\Fail.yd3ferxiaq1c.png" />
        <ResultFile path="WNVM19648\Fail.z10rn0n5ajdm.png" />
        <ResultFile path="WNVM19648\Fail.z2gelfy0aa1q.png" />
        <ResultFile path="WNVM19648\Fail.zpuouf2fa0ib.png" />
        <ResultFile path="WNVM19648\OmniLog.html" />
        <ResultFile path="WNVM19648\OmniLogRawXml.xml" />
      </ResultFiles>
    </UnitTestResult>
    <UnitTestResult executionId="3b0c92f6-5a76-4c43-9151-cd0903ade770" testId="a786d5c2-13d4-d094-d3ec-8cdbf0cecf07" testName="VSTest_RazorVbFormatting_PasteSingleLineCode" computerName="WNVM19648" duration="00:00:04.9788709" startTime="2018-04-17T01:01:23.1005344-07:00" endTime="2018-04-17T01:01:28.0794053-07:00" testType="13cdc9d9-ddb5-4fa4-a97d-d965ccfc6d4b" outcome="Passed" testListId="8c84fa94-04c1-424b-9868-57a2d4851a1d" relativeResultsDirectory="3b0c92f6-5a76-4c43-9151-cd0903ade770">
      <Output>
        <StdOut>+ VBFormattingTests::VSTest_RazorVbFormatting_PasteSingleLineCode
    + ApexTest TestInitialize
    + ExternalProcessHostTest TestInitialize
        (01:03:05.134) [Visual Studio Host (4384):RoamingSettingsService] Disabling roaming settings.
        (01:03:05.296) [Visual Studio Host (4384):SettingsService] Setting Visual Studio option 'Environment\RoamingSettings\RoamingEnabled' to 'False'.
        (01:03:05.741) [Visual Studio Host (4384):TextEditorDocumentWindowTestExtension] Showing window 'empty.vbhtml' without activating the window.
        (01:03:05.949) [Visual Studio Host (4384):TextEditorDocumentWindowTestExtension] Showing window 'empty.vbhtml'.
        (01:03:06.132) [Visual Studio Host (4384):VisualStudioTextEditorTestExtension] Setting keyboard focus to editor 'empty.vbhtml'.
        (01:03:06.302) [Visual Studio Host (4384):MainWindowService] Activating main window to bring it to the foreground.
        (01:03:06.473) [Visual Studio Host (4384):MainWindowService] Setting main window state to 'Maximized'.
    (01:03:06.955) [Visual Studio Host (4384):TextEditorDocumentWindowTestExtension] Showing window 'empty.vbhtml' without activating the window.
    (01:03:07.135) [Visual Studio Host (4384):TextEditorDocumentWindowTestExtension] Showing window 'empty.vbhtml'.
    + ExternalProcessHostTest TestCleanup
        (01:03:07.517) [Visual Studio Host (4384):TextEditorDocumentWindowTestExtension] Closing window 'empty.vbhtml'.
        (01:03:07.777) [Platform:Testcase] Test 'VSTest_RazorVbFormatting_PasteSingleLineCode' has 'Passed' outcome. Therefore, Apex will not shut down the 'Visual Studio Host (4384)' with process ID '4384'. A subsequent test scenario will run on the same instance of the host.
    + Final Test Result Verification
        (01:03:08.317) [Platform:DelayedAssertionVerifierSink] Verification Success: 0 verification steps failed.
    + ApexTest TestCleanup</StdOut>
      </Output>
      <ResultFiles>
        <ResultFile path="WNVM19648\Fail.azqsczivabnm.png" />
        <ResultFile path="WNVM19648\Fail.ig2gsfz5ad1y.png" />
        <ResultFile path="WNVM19648\Fail.o5zf0zepaw0l.png" />
        <ResultFile path="WNVM19648\Fail.raasvsmeanc1.png" />
        <ResultFile path="WNVM19648\Fail.t4yj0fxuatil.png" />
        <ResultFile path="WNVM19648\Fail.z10rn0n5ajdm.png" />
        <ResultFile path="WNVM19648\OmniLog.html" />
        <ResultFile path="WNVM19648\OmniLogRawXml.xml" />
      </ResultFiles>
    </UnitTestResult>
    <UnitTestResult executionId="6342b949-df03-4a74-9c2f-94af6a89f39d" testId="c85faceb-1534-8e53-f429-56a3c05a988a" testName="VSTest_Razor_TagHelpers_Completion" computerName="WNVM19648" duration="00:00:35.3195526" startTime="2018-04-17T01:14:47.8155557-07:00" endTime="2018-04-17T01:15:23.1351083-07:00" testType="13cdc9d9-ddb5-4fa4-a97d-d965ccfc6d4b" outcome="Passed" testListId="8c84fa94-04c1-424b-9868-57a2d4851a1d" relativeResultsDirectory="6342b949-df03-4a74-9c2f-94af6a89f39d">
      <Output>
        <StdOut>+ RazorTagHelperTests::VSTest_Razor_TagHelpers_Completion
    + ApexTest TestInitialize
    + ExternalProcessHostTest TestInitialize
        (01:16:32.923) [Visual Studio Host (8016):RoamingSettingsService] Disabling roaming settings.
        (01:16:33.870) [Visual Studio Host (8016):SettingsService] Setting Visual Studio option 'Environment\RoamingSettings\RoamingEnabled' to 'False'.
        (01:16:35.461) [Visual Studio Host (8016):TextEditorDocumentWindowTestExtension] Showing window 'TagHelpers.cshtml' without activating the window.
        (01:16:35.701) [Visual Studio Host (8016):TextEditorDocumentWindowTestExtension] Showing window 'TagHelpers.cshtml'.
        (01:16:35.860) [Visual Studio Host (8016):VisualStudioTextEditorTestExtension] Setting keyboard focus to editor 'TagHelpers.cshtml'.
        (01:16:36.016) [Visual Studio Host (8016):MainWindowService] Activating main window to bring it to the foreground.
        (01:16:36.169) [Visual Studio Host (8016):MainWindowService] Setting main window state to 'Maximized'.
    (01:16:36.476) [Visual Studio Host (8016):TextEditorDocumentWindowTestExtension] Showing window 'TagHelpers.cshtml' without activating the window.
    (01:16:40.500) [Visual Studio Host (8016):TextEditorDocumentWindowTestExtension] Showing window 'TagHelpers.cshtml' without activating the window.
    (01:16:40.675) [Visual Studio Host (8016):TextEditorDocumentWindowTestExtension] Showing window 'TagHelpers.cshtml'.
    (01:16:40.817) [Visual Studio Host (8016):VisualStudioCaretTestExtension] Moving the caret to '&lt;body&gt;' at (Ln: 5, Ch: 1) based on a regular expression.  Expression = "()&lt;body&gt;" [group index '0', match index '1', options 'Singleline, CultureInvariant']
    (01:16:42.100) [Visual Studio Host (8016):TextEditorDocumentWindowTestExtension] Showing window 'TagHelpers.cshtml' without activating the window.
    (01:16:43.590) [Visual Studio Host (8016):TextEditorDocumentWindowTestExtension] Showing window 'TagHelpers.cshtml'.
    (01:16:45.142) [Visual Studio Host (8016):VisualStudioCaretTestExtension] Moving the caret from (Ln: 5, Ch: 1) down '1' lines
    (01:16:45.339) [Visual Studio Host (8016):VisualStudioTextEditorTestExtension] Setting keyboard focus to editor 'TagHelpers.cshtml'.
    (01:16:45.529) [Visual Studio Host (8016):TextEditorDocumentWindowTestExtension] Showing window 'TagHelpers.cshtml' without activating the window.
    (01:16:45.725) [Visual Studio Host (8016):TextEditorDocumentWindowTestExtension] Showing window 'TagHelpers.cshtml'.
    (01:16:45.997) [Visual Studio Host (8016):TextEditorDocumentWindowTestExtension] Showing window 'TagHelpers.cshtml' without activating the window.
    (01:16:46.202) [Visual Studio Host (8016):TextEditorDocumentWindowTestExtension] Showing window 'TagHelpers.cshtml'.
    (01:16:46.395) [Visual Studio Host (8016):VisualStudioIntellisenseService] Getting the active completion at position '(Ln: 6, Ch: 2)'.
    (01:16:46.554) [Visual Studio Host (8016):VisualStudioCompletionListTestExtension] Found completion item with name 
    (01:16:46.773) [Visual Studio Host (8016):VisualStudioCompletionListTestExtension] Found completion item with name 
    (01:16:46.918) [Visual Studio Host (8016):VisualStudioCompletionListTestExtension] Found completion item with name 
    (01:16:47.073) [Visual Studio Host (8016):VisualStudioCompletionListTestExtension] Found completion item with name 
    (01:16:47.259) [Visual Studio Host (8016):VisualStudioCompletionListTestExtension] Found completion item with name 
    (01:16:47.452) [Visual Studio Host (8016):TextEditorDocumentWindowTestExtension] Showing window 'TagHelpers.cshtml' without activating the window.
    (01:16:47.606) [Visual Studio Host (8016):TextEditorDocumentWindowTestExtension] Showing window 'TagHelpers.cshtml'.
    (01:16:47.795) [Visual Studio Host (8016):VisualStudioTextEditingActions] Deleting to the beginning of line of the current caret position, position: '(Ln: 6, Ch: 2)', line: '6'
    (01:16:48.039) [Visual Studio Host (8016):TextEditorDocumentWindowTestExtension] Showing window 'TagHelpers.cshtml' without activating the window.
    (01:16:48.189) [Visual Studio Host (8016):TextEditorDocumentWindowTestExtension] Showing window 'TagHelpers.cshtml'.
    (01:16:48.467) [Visual Studio Host (8016):TextEditorDocumentWindowTestExtension] Showing window 'TagHelpers.cshtml' without activating the window.
    (01:16:48.705) [Visual Studio Host (8016):TextEditorDocumentWindowTestExtension] Showing window 'TagHelpers.cshtml'.
    (01:16:48.992) [Visual Studio Host (8016):VisualStudioIntellisenseService] Getting the active completion at position '(Ln: 6, Ch: 4)'.
    (01:16:49.192) [Visual Studio Host (8016):VisualStudioCompletionListTestExtension] Found completion item with name 
    (01:16:49.370) [Visual Studio Host (8016):VisualStudioCompletionListTestExtension] Found completion item with name 
    (01:16:49.548) [Visual Studio Host (8016):VisualStudioCompletionListTestExtension] Found completion item with name 
    (01:16:49.721) [Visual Studio Host (8016):VisualStudioCompletionListTestExtension] Found completion item with name 
    (01:16:49.907) [Visual Studio Host (8016):VisualStudioCompletionListTestExtension] Found completion item with name 
    (01:16:50.074) [Visual Studio Host (8016):VisualStudioCompletionListTestExtension] Unable to find completion item with name 
    (01:16:50.233) [Visual Studio Host (8016):TextEditorDocumentWindowTestExtension] Showing window 'TagHelpers.cshtml' without activating the window.
    (01:16:50.452) [Visual Studio Host (8016):TextEditorDocumentWindowTestExtension] Showing window 'TagHelpers.cshtml'.
    (01:16:50.611) [Visual Studio Host (8016):VisualStudioTextEditingActions] Deleting to the beginning of line of the current caret position, position: '(Ln: 6, Ch: 4)', line: '6'
    (01:16:50.773) [Visual Studio Host (8016):TextEditorDocumentWindowTestExtension] Showing window 'TagHelpers.cshtml' without activating the window.
    (01:16:50.937) [Visual Studio Host (8016):TextEditorDocumentWindowTestExtension] Showing window 'TagHelpers.cshtml'.
    (01:16:51.206) [Visual Studio Host (8016):TextEditorDocumentWindowTestExtension] Showing window 'TagHelpers.cshtml' without activating the window.
    (01:16:51.462) [Visual Studio Host (8016):TextEditorDocumentWindowTestExtension] Showing window 'TagHelpers.cshtml'.
    (01:16:51.757) [Visual Studio Host (8016):VisualStudioIntellisenseService] Getting the active completion at position '(Ln: 6, Ch: 4)'.
    (01:16:51.918) [Visual Studio Host (8016):VisualStudioCompletionListTestExtension] Found completion item with name 
    (01:16:52.050) [Visual Studio Host (8016):VisualStudioCompletionListTestExtension] Found completion item with name 
    (01:16:52.234) [Visual Studio Host (8016):VisualStudioCompletionListTestExtension] Found completion item with name 
    (01:16:52.424) [Visual Studio Host (8016):VisualStudioCompletionListTestExtension] Found completion item with name 
    (01:16:52.622) [Visual Studio Host (8016):VisualStudioCompletionListTestExtension] Unable to find completion item with name 
    (01:16:52.828) [Visual Studio Host (8016):TextEditorDocumentWindowTestExtension] Showing window 'TagHelpers.cshtml' without activating the window.
    (01:16:53.000) [Visual Studio Host (8016):TextEditorDocumentWindowTestExtension] Showing window 'TagHelpers.cshtml'.
    (01:16:53.173) [Visual Studio Host (8016):VisualStudioTextEditingActions] Deleting to the beginning of line of the current caret position, position: '(Ln: 6, Ch: 4)', line: '6'
    (01:16:53.368) [Visual Studio Host (8016):TextEditorDocumentWindowTestExtension] Showing window 'TagHelpers.cshtml' without activating the window.
    (01:16:53.692) [Visual Studio Host (8016):TextEditorDocumentWindowTestExtension] Showing window 'TagHelpers.cshtml'.
    (01:16:53.956) [Visual Studio Host (8016):TextEditorDocumentWindowTestExtension] Showing window 'TagHelpers.cshtml' without activating the window.
    (01:16:54.101) [Visual Studio Host (8016):TextEditorDocumentWindowTestExtension] Showing window 'TagHelpers.cshtml'.
    (01:16:54.409) [Visual Studio Host (8016):VisualStudioIntellisenseService] Getting the active completion at position '(Ln: 6, Ch: 9)'.
    (01:16:54.579) [Visual Studio Host (8016):VisualStudioCompletionListTestExtension] Found completion item with name 
    (01:16:54.739) [Visual Studio Host (8016):VisualStudioCompletionListTestExtension] Found completion item with name 
    (01:16:54.928) [Visual Studio Host (8016):VisualStudioCompletionListTestExtension] Found completion item with name 
    (01:16:55.074) [Visual Studio Host (8016):VisualStudioCompletionListTestExtension] Found completion item with name 
    (01:16:55.217) [Visual Studio Host (8016):VisualStudioCompletionListTestExtension] Unable to find completion item with name 
    (01:16:55.356) [Visual Studio Host (8016):TextEditorDocumentWindowTestExtension] Showing window 'TagHelpers.cshtml' without activating the window.
    (01:16:55.499) [Visual Studio Host (8016):TextEditorDocumentWindowTestExtension] Showing window 'TagHelpers.cshtml'.
    (01:16:55.656) [Visual Studio Host (8016):VisualStudioTextEditingActions] Deleting to the beginning of line of the current caret position, position: '(Ln: 6, Ch: 9)', line: '6'
    (01:16:55.844) [Visual Studio Host (8016):TextEditorDocumentWindowTestExtension] Showing window 'TagHelpers.cshtml' without activating the window.
    (01:16:56.065) [Visual Studio Host (8016):TextEditorDocumentWindowTestExtension] Showing window 'TagHelpers.cshtml'.
    (01:16:56.422) [Visual Studio Host (8016):TextEditorDocumentWindowTestExtension] Showing window 'TagHelpers.cshtml' without activating the window.
    (01:16:56.580) [Visual Studio Host (8016):TextEditorDocumentWindowTestExtension] Showing window 'TagHelpers.cshtml'.
    (01:16:56.825) [Visual Studio Host (8016):VisualStudioIntellisenseService] Getting the active completion at position '(Ln: 6, Ch: 18)'.
    (01:16:56.996) [Visual Studio Host (8016):VisualStudioCompletionListTestExtension] Found completion item with name 
    (01:16:57.286) [Visual Studio Host (8016):VisualStudioCompletionListTestExtension] Found completion item with name 
    (01:16:57.517) [Visual Studio Host (8016):VisualStudioCompletionListTestExtension] Found completion item with name 
    (01:16:57.850) [Visual Studio Host (8016):VisualStudioCompletionListTestExtension] Found completion item with name 
    (01:16:58.091) [Visual Studio Host (8016):VisualStudioCompletionListTestExtension] Unable to find completion item with name 
    (01:16:58.291) [Visual Studio Host (8016):TextEditorDocumentWindowTestExtension] Showing window 'TagHelpers.cshtml' without activating the window.
    (01:16:58.480) [Visual Studio Host (8016):TextEditorDocumentWindowTestExtension] Showing window 'TagHelpers.cshtml'.
    (01:16:58.663) [Visual Studio Host (8016):VisualStudioTextEditingActions] Deleting to the beginning of line of the current caret position, position: '(Ln: 6, Ch: 18)', line: '6'
    (01:16:58.865) [Visual Studio Host (8016):TextEditorDocumentWindowTestExtension] Showing window 'TagHelpers.cshtml' without activating the window.
    (01:16:59.013) [Visual Studio Host (8016):TextEditorDocumentWindowTestExtension] Showing window 'TagHelpers.cshtml'.
    (01:16:59.343) [Visual Studio Host (8016):TextEditorDocumentWindowTestExtension] Showing window 'TagHelpers.cshtml' without activating the window.
    (01:16:59.535) [Visual Studio Host (8016):TextEditorDocumentWindowTestExtension] Showing window 'TagHelpers.cshtml'.
    (01:16:59.737) [Visual Studio Host (8016):VisualStudioIntellisenseService] Getting the active completion at position '(Ln: 6, Ch: 8)'.
    (01:16:59.909) [Visual Studio Host (8016):VisualStudioCompletionListTestExtension] Found completion item with name 
    (01:17:00.042) [Visual Studio Host (8016):VisualStudioCompletionListTestExtension] Found completion item with name 
    (01:17:00.190) [Visual Studio Host (8016):VisualStudioCompletionListTestExtension] Found completion item with name 
    (01:17:00.326) [Visual Studio Host (8016):VisualStudioCompletionListTestExtension] Unable to find completion item with name 
    (01:17:00.470) [Visual Studio Host (8016):TextEditorDocumentWindowTestExtension] Showing window 'TagHelpers.cshtml' without activating the window.
    (01:17:00.621) [Visual Studio Host (8016):TextEditorDocumentWindowTestExtension] Showing window 'TagHelpers.cshtml'.
    (01:17:00.784) [Visual Studio Host (8016):VisualStudioTextEditingActions] Deleting to the beginning of line of the current caret position, position: '(Ln: 6, Ch: 8)', line: '6'
    (01:17:00.963) [Visual Studio Host (8016):TextEditorDocumentWindowTestExtension] Showing window 'TagHelpers.cshtml' without activating the window.
    (01:17:01.218) [Visual Studio Host (8016):TextEditorDocumentWindowTestExtension] Showing window 'TagHelpers.cshtml'.
    (01:17:01.537) [Visual Studio Host (8016):TextEditorDocumentWindowTestExtension] Showing window 'TagHelpers.cshtml' without activating the window.
    (01:17:01.705) [Visual Studio Host (8016):TextEditorDocumentWindowTestExtension] Showing window 'TagHelpers.cshtml'.
    (01:17:01.922) [Visual Studio Host (8016):VisualStudioIntellisenseService] Getting the active completion at position '(Ln: 6, Ch: 10)'.
    (01:17:02.065) [Visual Studio Host (8016):VisualStudioCompletionListTestExtension] Found completion item with name 
    (01:17:02.201) [Visual Studio Host (8016):VisualStudioCompletionListTestExtension] Found completion item with name 
    (01:17:02.387) [Visual Studio Host (8016):VisualStudioCompletionListTestExtension] Unable to find completion item with name 
    + ExternalProcessHostTest TestCleanup
        (01:17:02.713) [Visual Studio Host (8016):TextEditorDocumentWindowTestExtension] Closing window 'TagHelpers.cshtml'.
        (01:17:03.010) [Platform:Testcase] Test 'VSTest_Razor_TagHelpers_Completion' has 'Passed' outcome. Therefore, Apex will not shut down the 'Visual Studio Host (8016)' with process ID '8016'. A subsequent test scenario will run on the same instance of the host.
    + Final Test Result Verification
        (01:17:03.518) [Platform:DelayedAssertionVerifierSink] Verification Success: 0 verification steps failed.
    + ApexTest TestCleanup</StdOut>
      </Output>
      <ResultFiles>
        <ResultFile path="WNVM19648\Fail.aswak04hapa5.png" />
        <ResultFile path="WNVM19648\Fail.azqsczivabnm.png" />
        <ResultFile path="WNVM19648\Fail.ek4tb3wmalyl.png" />
        <ResultFile path="WNVM19648\Fail.ig2gsfz5ad1y.png" />
        <ResultFile path="WNVM19648\Fail.o4kkrjboasbk.png" />
        <ResultFile path="WNVM19648\Fail.o5zf0zepaw0l.png" />
        <ResultFile path="WNVM19648\Fail.raasvsmeanc1.png" />
        <ResultFile path="WNVM19648\Fail.t4yj0fxuatil.png" />
        <ResultFile path="WNVM19648\Fail.z10rn0n5ajdm.png" />
        <ResultFile path="WNVM19648\OmniLog.html" />
        <ResultFile path="WNVM19648\OmniLogRawXml.xml" />
      </ResultFiles>
    </UnitTestResult>
    <UnitTestResult executionId="c53512d9-3c25-44a9-a0d6-9ab25b1c2709" testId="7e273fc3-fdbb-91a4-94c4-7571b43fb77e" testName="VSTest_RazorV4CsFormatSelection" computerName="WNVM19648" duration="00:00:19.5839068" startTime="2018-04-17T01:04:59.6817202-07:00" endTime="2018-04-17T01:05:19.2656270-07:00" testType="13cdc9d9-ddb5-4fa4-a97d-d965ccfc6d4b" outcome="Passed" testListId="8c84fa94-04c1-424b-9868-57a2d4851a1d" relativeResultsDirectory="c53512d9-3c25-44a9-a0d6-9ab25b1c2709">
      <Output>
        <StdOut>+ CSharpFormattingTests::VSTest_RazorV4CsFormatSelection
    + ApexTest TestInitialize
    + ExternalProcessHostTest TestInitialize
        (01:06:41.345) [Visual Studio Host (4384):RoamingSettingsService] Disabling roaming settings.
        (01:06:41.483) [Visual Studio Host (4384):SettingsService] Setting Visual Studio option 'Environment\RoamingSettings\RoamingEnabled' to 'False'.
        (01:06:41.883) [Visual Studio Host (4384):TextEditorDocumentWindowTestExtension] Showing window 'FormatSelection.cshtml' without activating the window.
        (01:06:42.140) [Visual Studio Host (4384):TextEditorDocumentWindowTestExtension] Showing window 'FormatSelection.cshtml'.
        (01:06:42.330) [Visual Studio Host (4384):VisualStudioTextEditorTestExtension] Setting keyboard focus to editor 'FormatSelection.cshtml'.
        (01:06:42.475) [Visual Studio Host (4384):MainWindowService] Activating main window to bring it to the foreground.
        (01:06:42.682) [Visual Studio Host (4384):MainWindowService] Setting main window state to 'Maximized'.
    (01:06:42.989) [Visual Studio Host (4384):TextEditorDocumentWindowTestExtension] Showing window 'FormatSelection.cshtml' without activating the window.
    (01:06:43.125) [Visual Studio Host (4384):TextEditorDocumentWindowTestExtension] Showing window 'FormatSelection.cshtml'.
    (01:06:43.344) [Visual Studio Host (4384):VisualStudioCaretTestExtension] Moving the caret from (Ln: 1, Ch: 1) to (Ln: 1, Ch: 1)
    (01:06:43.484) [Visual Studio Host (4384):TextEditorDocumentWindowTestExtension] Showing window 'FormatSelection.cshtml'.
    (01:06:43.621) [Visual Studio Host (4384):VisualStudioCaretTestExtension] Moving the caret and selecting from (Ln: 1, Ch: 1) down '2' lines
    (01:06:43.756) [Visual Studio Host (4384):VisualStudioTextEditorTestExtension] Setting keyboard focus to editor 'FormatSelection.cshtml'.
    (01:06:43.886) [Visual Studio Host (4384):TextEditorDocumentWindowTestExtension] Showing window 'FormatSelection.cshtml'.
    (01:06:44.051) [Visual Studio Host (4384):VisualStudioCaretTestExtension] Moving the caret and selecting from (Ln: 3, Ch: 1) to the beginning of the line
    (01:06:44.195) [Visual Studio Host (4384):VisualStudioTextEditorTestExtension] Setting keyboard focus to editor 'FormatSelection.cshtml'.
    (01:06:44.331) [Visual Studio Host (4384):TextEditorDocumentWindowTestExtension] Showing window 'FormatSelection.cshtml'.
    (01:06:44.488) [Visual Studio Host (4384):TextEditorDocumentWindowTestExtension] Showing window 'FormatSelection.cshtml'.
    (01:06:44.710) [Visual Studio Host (4384):TextEditorDocumentWindowTestExtension] Showing window 'FormatSelection.cshtml'.
    (01:06:44.887) [Visual Studio Host (4384):VisualStudioCaretTestExtension] Moving the caret and selecting from (Ln: 3, Ch: 1) right '1' characters
    (01:06:45.015) [Visual Studio Host (4384):VisualStudioTextEditorTestExtension] Setting keyboard focus to editor 'FormatSelection.cshtml'.
    (01:06:45.212) [Visual Studio Host (4384):TextEditorDocumentWindowTestExtension] Showing window 'FormatSelection.cshtml' without activating the window.
    (01:06:45.381) [Visual Studio Host (4384):TextEditorDocumentWindowTestExtension] Showing window 'FormatSelection.cshtml'.
    (01:06:45.534) [Visual Studio Host (4384):TextEditorDocumentWindowTestExtension] Showing window 'FormatSelection.cshtml' without activating the window.
    (01:06:45.663) [Visual Studio Host (4384):TextEditorDocumentWindowTestExtension] Showing window 'FormatSelection.cshtml'.
    (01:06:45.848) [Visual Studio Host (4384):TextEditorDocumentWindowTestExtension] Showing window 'FormatSelection.cshtml' without activating the window.
    (01:06:46.021) [Visual Studio Host (4384):TextEditorDocumentWindowTestExtension] Showing window 'FormatSelection.cshtml'.
    (01:06:46.184) [Visual Studio Host (4384):TextEditorDocumentWindowTestExtension] Showing window 'FormatSelection.cshtml' without activating the window.
    (01:06:46.352) [Visual Studio Host (4384):TextEditorDocumentWindowTestExtension] Showing window 'FormatSelection.cshtml'.
    (01:06:46.546) [Visual Studio Host (4384):TextEditorDocumentWindowTestExtension] Showing window 'FormatSelection.cshtml' without activating the window.
    (01:06:46.758) [Visual Studio Host (4384):TextEditorDocumentWindowTestExtension] Showing window 'FormatSelection.cshtml' without activating the window.
    (01:06:46.938) [Visual Studio Host (4384):TextEditorDocumentWindowTestExtension] Showing window 'FormatSelection.cshtml'.
    (01:06:47.126) [Visual Studio Host (4384):VisualStudioCaretTestExtension] Moving the caret from (Ln: 3, Ch: 2) to (Ln: 1, Ch: 1)
    (01:06:47.302) [Visual Studio Host (4384):TextEditorDocumentWindowTestExtension] Showing window 'FormatSelection.cshtml'.
    (01:06:47.502) [Visual Studio Host (4384):VisualStudioCaretTestExtension] Moving the caret and selecting from (Ln: 1, Ch: 1) down '2' lines
    (01:06:47.683) [Visual Studio Host (4384):VisualStudioTextEditorTestExtension] Setting keyboard focus to editor 'FormatSelection.cshtml'.
    (01:06:47.859) [Visual Studio Host (4384):TextEditorDocumentWindowTestExtension] Showing window 'FormatSelection.cshtml'.
    (01:06:48.070) [Visual Studio Host (4384):VisualStudioCaretTestExtension] Moving the caret and selecting from (Ln: 3, Ch: 1) to the beginning of the line
    (01:06:48.204) [Visual Studio Host (4384):VisualStudioTextEditorTestExtension] Setting keyboard focus to editor 'FormatSelection.cshtml'.
    (01:06:48.337) [Visual Studio Host (4384):TextEditorDocumentWindowTestExtension] Showing window 'FormatSelection.cshtml'.
    (01:06:48.473) [Visual Studio Host (4384):TextEditorDocumentWindowTestExtension] Showing window 'FormatSelection.cshtml'.
    (01:06:48.608) [Visual Studio Host (4384):TextEditorDocumentWindowTestExtension] Showing window 'FormatSelection.cshtml'.
    (01:06:48.759) [Visual Studio Host (4384):VisualStudioCaretTestExtension] Moving the caret and selecting from (Ln: 3, Ch: 1) right '1' characters
    (01:06:48.883) [Visual Studio Host (4384):VisualStudioTextEditorTestExtension] Setting keyboard focus to editor 'FormatSelection.cshtml'.
    (01:06:49.096) [Visual Studio Host (4384):TextEditorDocumentWindowTestExtension] Showing window 'FormatSelection.cshtml' without activating the window.
    (01:06:49.271) [Visual Studio Host (4384):TextEditorDocumentWindowTestExtension] Showing window 'FormatSelection.cshtml'.
    (01:06:49.442) [Visual Studio Host (4384):TextEditorDocumentWindowTestExtension] Showing window 'FormatSelection.cshtml' without activating the window.
    (01:06:49.570) [Visual Studio Host (4384):TextEditorDocumentWindowTestExtension] Showing window 'FormatSelection.cshtml'.
    (01:06:49.760) [Visual Studio Host (4384):TextEditorDocumentWindowTestExtension] Showing window 'FormatSelection.cshtml' without activating the window.
    (01:06:49.956) [Visual Studio Host (4384):TextEditorDocumentWindowTestExtension] Showing window 'FormatSelection.cshtml'.
    (01:06:50.120) [Visual Studio Host (4384):TextEditorDocumentWindowTestExtension] Showing window 'FormatSelection.cshtml' without activating the window.
    (01:06:50.269) [Visual Studio Host (4384):TextEditorDocumentWindowTestExtension] Showing window 'FormatSelection.cshtml'.
    (01:06:50.411) [Visual Studio Host (4384):TextEditorDocumentWindowTestExtension] Showing window 'FormatSelection.cshtml' without activating the window.
    (01:06:50.538) [Visual Studio Host (4384):TextEditorDocumentWindowTestExtension] Showing window 'FormatSelection.cshtml'.
    (01:06:50.673) [Visual Studio Host (4384):VisualStudioCaretTestExtension] Moving the caret from (Ln: 3, Ch: 2) to (Ln: 4, Ch: 5)
    (01:06:50.815) [Visual Studio Host (4384):TextEditorDocumentWindowTestExtension] Showing window 'FormatSelection.cshtml'.
    (01:06:50.962) [Visual Studio Host (4384):VisualStudioCaretTestExtension] Moving the caret and selecting from (Ln: 4, Ch: 5) right '4' characters
    (01:06:51.099) [Visual Studio Host (4384):VisualStudioTextEditorTestExtension] Setting keyboard focus to editor 'FormatSelection.cshtml'.
    (01:06:51.315) [Visual Studio Host (4384):TextEditorDocumentWindowTestExtension] Showing window 'FormatSelection.cshtml' without activating the window.
    (01:06:51.496) [Visual Studio Host (4384):TextEditorDocumentWindowTestExtension] Showing window 'FormatSelection.cshtml'.
    (01:06:51.691) [Visual Studio Host (4384):TextEditorDocumentWindowTestExtension] Showing window 'FormatSelection.cshtml' without activating the window.
    (01:06:51.826) [Visual Studio Host (4384):TextEditorDocumentWindowTestExtension] Showing window 'FormatSelection.cshtml'.
    (01:06:52.004) [Visual Studio Host (4384):TextEditorDocumentWindowTestExtension] Showing window 'FormatSelection.cshtml' without activating the window.
    (01:06:52.197) [Visual Studio Host (4384):TextEditorDocumentWindowTestExtension] Showing window 'FormatSelection.cshtml'.
    (01:06:52.350) [Visual Studio Host (4384):TextEditorDocumentWindowTestExtension] Showing window 'FormatSelection.cshtml' without activating the window.
    (01:06:52.520) [Visual Studio Host (4384):TextEditorDocumentWindowTestExtension] Showing window 'FormatSelection.cshtml'.
    (01:06:52.666) [Visual Studio Host (4384):TextEditorDocumentWindowTestExtension] Showing window 'FormatSelection.cshtml' without activating the window.
    (01:06:52.805) [Visual Studio Host (4384):TextEditorDocumentWindowTestExtension] Showing window 'FormatSelection.cshtml'.
    (01:06:52.943) [Visual Studio Host (4384):VisualStudioCaretTestExtension] Moving the caret from (Ln: 4, Ch: 9) to (Ln: 14, Ch: 17)
    (01:06:53.074) [Visual Studio Host (4384):TextEditorDocumentWindowTestExtension] Showing window 'FormatSelection.cshtml'.
    (01:06:53.225) [Visual Studio Host (4384):VisualStudioCaretTestExtension] Moving the caret and selecting from (Ln: 14, Ch: 17) down '4' lines
    (01:06:53.357) [Visual Studio Host (4384):VisualStudioTextEditorTestExtension] Setting keyboard focus to editor 'FormatSelection.cshtml'.
    (01:06:53.536) [Visual Studio Host (4384):TextEditorDocumentWindowTestExtension] Showing window 'FormatSelection.cshtml'.
    (01:06:53.682) [Visual Studio Host (4384):VisualStudioCaretTestExtension] Moving the caret and selecting from (Ln: 18, Ch: 17) to the beginning of the line
    (01:06:53.818) [Visual Studio Host (4384):VisualStudioTextEditorTestExtension] Setting keyboard focus to editor 'FormatSelection.cshtml'.
    (01:06:53.951) [Visual Studio Host (4384):TextEditorDocumentWindowTestExtension] Showing window 'FormatSelection.cshtml'.
    (01:06:54.098) [Visual Studio Host (4384):TextEditorDocumentWindowTestExtension] Showing window 'FormatSelection.cshtml'.
    (01:06:54.235) [Visual Studio Host (4384):TextEditorDocumentWindowTestExtension] Showing window 'FormatSelection.cshtml'.
    (01:06:54.410) [Visual Studio Host (4384):VisualStudioCaretTestExtension] Moving the caret and selecting from (Ln: 18, Ch: 1) right '21' characters
    (01:06:54.544) [Visual Studio Host (4384):VisualStudioTextEditorTestExtension] Setting keyboard focus to editor 'FormatSelection.cshtml'.
    (01:06:54.791) [Visual Studio Host (4384):TextEditorDocumentWindowTestExtension] Showing window 'FormatSelection.cshtml' without activating the window.
    (01:06:54.983) [Visual Studio Host (4384):TextEditorDocumentWindowTestExtension] Showing window 'FormatSelection.cshtml'.
    (01:06:55.138) [Visual Studio Host (4384):TextEditorDocumentWindowTestExtension] Showing window 'FormatSelection.cshtml' without activating the window.
    (01:06:55.267) [Visual Studio Host (4384):TextEditorDocumentWindowTestExtension] Showing window 'FormatSelection.cshtml'.
    (01:06:55.424) [Visual Studio Host (4384):TextEditorDocumentWindowTestExtension] Showing window 'FormatSelection.cshtml' without activating the window.
    (01:06:55.631) [Visual Studio Host (4384):TextEditorDocumentWindowTestExtension] Showing window 'FormatSelection.cshtml'.
    (01:06:55.783) [Visual Studio Host (4384):TextEditorDocumentWindowTestExtension] Showing window 'FormatSelection.cshtml' without activating the window.
    (01:06:55.931) [Visual Studio Host (4384):TextEditorDocumentWindowTestExtension] Showing window 'FormatSelection.cshtml'.
    (01:06:56.074) [Visual Studio Host (4384):TextEditorDocumentWindowTestExtension] Showing window 'FormatSelection.cshtml' without activating the window.
    (01:06:56.228) [Visual Studio Host (4384):TextEditorDocumentWindowTestExtension] Showing window 'FormatSelection.cshtml'.
    (01:06:56.485) [Visual Studio Host (4384):VisualStudioCaretTestExtension] Moving the caret from (Ln: 18, Ch: 22) to (Ln: 25, Ch: 9)
    (01:06:56.691) [Visual Studio Host (4384):TextEditorDocumentWindowTestExtension] Showing window 'FormatSelection.cshtml'.
    (01:06:56.968) [Visual Studio Host (4384):VisualStudioCaretTestExtension] Moving the caret and selecting from (Ln: 25, Ch: 9) right '16' characters
    (01:06:57.219) [Visual Studio Host (4384):VisualStudioTextEditorTestExtension] Setting keyboard focus to editor 'FormatSelection.cshtml'.
    (01:06:57.554) [Visual Studio Host (4384):TextEditorDocumentWindowTestExtension] Showing window 'FormatSelection.cshtml' without activating the window.
    (01:06:57.711) [Visual Studio Host (4384):TextEditorDocumentWindowTestExtension] Showing window 'FormatSelection.cshtml'.
    (01:06:57.889) [Visual Studio Host (4384):TextEditorDocumentWindowTestExtension] Showing window 'FormatSelection.cshtml' without activating the window.
    (01:06:58.055) [Visual Studio Host (4384):TextEditorDocumentWindowTestExtension] Showing window 'FormatSelection.cshtml'.
    (01:06:58.234) [Visual Studio Host (4384):TextEditorDocumentWindowTestExtension] Showing window 'FormatSelection.cshtml' without activating the window.
    (01:06:58.361) [Visual Studio Host (4384):TextEditorDocumentWindowTestExtension] Showing window 'FormatSelection.cshtml'.
    (01:06:58.537) [Visual Studio Host (4384):TextEditorDocumentWindowTestExtension] Showing window 'FormatSelection.cshtml' without activating the window.
    (01:06:58.681) [Visual Studio Host (4384):TextEditorDocumentWindowTestExtension] Showing window 'FormatSelection.cshtml'.
    + ExternalProcessHostTest TestCleanup
        (01:06:58.984) [Visual Studio Host (4384):TextEditorDocumentWindowTestExtension] Closing window 'FormatSelection.cshtml'.
        (01:06:59.211) [Platform:Testcase] Test 'VSTest_RazorV4CsFormatSelection' has 'Passed' outcome. Therefore, Apex will not shut down the 'Visual Studio Host (4384)' with process ID '4384'. A subsequent test scenario will run on the same instance of the host.
    + Final Test Result Verification
        (01:06:59.637) [Platform:DelayedAssertionVerifierSink] Verification Success: 0 verification steps failed.
    + ApexTest TestCleanup</StdOut>
      </Output>
      <ResultFiles>
        <ResultFile path="WNVM19648\Fail.azqsczivabnm.png" />
        <ResultFile path="WNVM19648\Fail.ig2gsfz5ad1y.png" />
        <ResultFile path="WNVM19648\Fail.o5zf0zepaw0l.png" />
        <ResultFile path="WNVM19648\Fail.raasvsmeanc1.png" />
        <ResultFile path="WNVM19648\Fail.t4yj0fxuatil.png" />
        <ResultFile path="WNVM19648\Fail.z10rn0n5ajdm.png" />
        <ResultFile path="WNVM19648\OmniLog.html" />
        <ResultFile path="WNVM19648\OmniLogRawXml.xml" />
      </ResultFiles>
    </UnitTestResult>
    <UnitTestResult executionId="b57cbd13-2aa5-4cd2-8a67-0041cde16d3c" testId="8c0b0923-7c89-fb79-4fd5-d8a23ec81528" testName="VSTest_JSON_PasteObjectLiteral_MemberValue" computerName="WNVM19648" duration="00:00:15.2652904" startTime="2018-04-17T02:15:49.9880503-07:00" endTime="2018-04-17T02:16:05.2533407-07:00" testType="13cdc9d9-ddb5-4fa4-a97d-d965ccfc6d4b" outcome="Passed" testListId="8c84fa94-04c1-424b-9868-57a2d4851a1d" relativeResultsDirectory="b57cbd13-2aa5-4cd2-8a67-0041cde16d3c">
      <Output>
        <StdOut>+ PasteJavascriptObjectLiteralAsJSONTests::VSTest_JSON_PasteObjectLiteral_MemberValue
    + ApexTest TestInitialize
    + ExternalProcessHostTest TestInitialize
        (02:17:31.875) [Visual Studio Host (4596):RoamingSettingsService] Disabling roaming settings.
        (02:17:32.063) [Visual Studio Host (4596):SettingsService] Setting Visual Studio option 'Environment\RoamingSettings\RoamingEnabled' to 'False'.
        (02:17:32.610) [Visual Studio Host (4596):TextEditorDocumentWindowTestExtension] Showing window 'EmptyWithoutSchema.json' without activating the window.
        (02:17:32.797) [Visual Studio Host (4596):TextEditorDocumentWindowTestExtension] Showing window 'EmptyWithoutSchema.json'.
        (02:17:32.939) [Visual Studio Host (4596):VisualStudioTextEditorTestExtension] Setting keyboard focus to editor 'EmptyWithoutSchema.json'.
        (02:17:33.110) [Visual Studio Host (4596):MainWindowService] Activating main window to bring it to the foreground.
        (02:17:33.281) [Visual Studio Host (4596):MainWindowService] Setting main window state to 'Maximized'.
    (02:17:33.672) [Visual Studio Host (4596):TextEditorDocumentWindowTestExtension] Showing window 'EmptyWithoutSchema.json' without activating the window.
    (02:17:33.859) [Visual Studio Host (4596):TextEditorDocumentWindowTestExtension] Showing window 'EmptyWithoutSchema.json'.
    (02:17:34.016) [Visual Studio Host (4596):VisualStudioSelectionTestExtension] Selects all text in the editor.
    (02:17:34.250) [Visual Studio Host (4596):TextEditorDocumentWindowTestExtension] Showing window 'EmptyWithoutSchema.json' without activating the window.
    (02:17:34.453) [Visual Studio Host (4596):TextEditorDocumentWindowTestExtension] Showing window 'EmptyWithoutSchema.json'.
    (02:17:34.641) [Visual Studio Host (4596):KeyboardCommands] Sending the Delete key 1 times.
    (02:17:34.844) [Visual Studio Host (4596):TextEditorDocumentWindowTestExtension] Showing window 'EmptyWithoutSchema.json' without activating the window.
    (02:17:35.031) [Visual Studio Host (4596):TextEditorDocumentWindowTestExtension] Showing window 'EmptyWithoutSchema.json'.
    (02:17:35.235) [Visual Studio Host (4596):VisualStudioTextEditingActions] Inserting text: '{' at the current caret position: '(Ln: 1, Ch: 1)'
    (02:17:35.423) [Visual Studio Host (4596):TextEditorDocumentWindowTestExtension] Showing window 'EmptyWithoutSchema.json' without activating the window.
    (02:17:35.610) [Visual Studio Host (4596):TextEditorDocumentWindowTestExtension] Showing window 'EmptyWithoutSchema.json'.
    (02:17:35.828) [Visual Studio Host (4596):KeyboardCommands] Sending the Return key 1 times.
    (02:17:36.016) [Visual Studio Host (4596):TextEditorDocumentWindowTestExtension] Showing window 'EmptyWithoutSchema.json' without activating the window.
    (02:17:36.188) [Visual Studio Host (4596):TextEditorDocumentWindowTestExtension] Showing window 'EmptyWithoutSchema.json'.
    (02:17:36.344) [Visual Studio Host (4596):VisualStudioTextEditingActions] Inserting text: '"outer": ' at the current caret position: '(Ln: 2, Ch: 3)'
    (02:17:37.125) [Visual Studio Host (4596):TextEditorDocumentWindowTestExtension] Showing window 'EmptyWithoutSchema.json' without activating the window.
    (02:17:37.328) [Visual Studio Host (4596):TextEditorDocumentWindowTestExtension] Showing window 'EmptyWithoutSchema.json'.
    (02:17:37.531) [Visual Studio Host (4596):VisualStudioCaretTestExtension] Moving the caret from (Ln: 6, Ch: 6) to the beginning of the file
    (02:17:37.688) [Visual Studio Host (4596):VisualStudioTextEditorTestExtension] Setting keyboard focus to editor 'EmptyWithoutSchema.json'.
    (02:17:37.875) [Visual Studio Host (4596):TextEditorDocumentWindowTestExtension] Showing window 'EmptyWithoutSchema.json' without activating the window.
    (02:17:38.078) [Visual Studio Host (4596):TextEditorDocumentWindowTestExtension] Showing window 'EmptyWithoutSchema.json'.
    (02:17:38.297) [Visual Studio Host (4596):VisualStudioCaretTestExtension] Moving the caret from (Ln: 1, Ch: 1) down '1' lines
    (02:17:38.484) [Visual Studio Host (4596):VisualStudioTextEditorTestExtension] Setting keyboard focus to editor 'EmptyWithoutSchema.json'.
    (02:17:38.672) [Visual Studio Host (4596):TextEditorDocumentWindowTestExtension] Showing window 'EmptyWithoutSchema.json' without activating the window.
    (02:17:38.828) [Visual Studio Host (4596):TextEditorDocumentWindowTestExtension] Showing window 'EmptyWithoutSchema.json'.
    VerificationPass: (02:17:39.031) [Platform:Testcase] Verification passed: String content is equal: Expected '"outer": {', Actual '"outer": {'; &lt;ComparisonType: OrdinalIgnoreCase&gt;
    (02:17:39.234) [Visual Studio Host (4596):TextEditorDocumentWindowTestExtension] Showing window 'EmptyWithoutSchema.json' without activating the window.
    (02:17:39.391) [Visual Studio Host (4596):TextEditorDocumentWindowTestExtension] Showing window 'EmptyWithoutSchema.json'.
    (02:17:39.578) [Visual Studio Host (4596):VisualStudioCaretTestExtension] Moving the caret from (Ln: 2, Ch: 1) down '1' lines
    (02:17:39.750) [Visual Studio Host (4596):VisualStudioTextEditorTestExtension] Setting keyboard focus to editor 'EmptyWithoutSchema.json'.
    (02:17:39.922) [Visual Studio Host (4596):TextEditorDocumentWindowTestExtension] Showing window 'EmptyWithoutSchema.json' without activating the window.
    (02:17:40.125) [Visual Studio Host (4596):TextEditorDocumentWindowTestExtension] Showing window 'EmptyWithoutSchema.json'.
    VerificationPass: (02:17:40.281) [Platform:Testcase] Verification passed: String content is equal: Expected '"value1": 1,', Actual '"value1": 1,'; &lt;ComparisonType: OrdinalIgnoreCase&gt;
    (02:17:40.438) [Visual Studio Host (4596):TextEditorDocumentWindowTestExtension] Showing window 'EmptyWithoutSchema.json' without activating the window.
    (02:17:40.641) [Visual Studio Host (4596):TextEditorDocumentWindowTestExtension] Showing window 'EmptyWithoutSchema.json'.
    (02:17:40.844) [Visual Studio Host (4596):VisualStudioCaretTestExtension] Moving the caret from (Ln: 3, Ch: 1) down '1' lines
    (02:17:41.031) [Visual Studio Host (4596):VisualStudioTextEditorTestExtension] Setting keyboard focus to editor 'EmptyWithoutSchema.json'.
    (02:17:41.234) [Visual Studio Host (4596):TextEditorDocumentWindowTestExtension] Showing window 'EmptyWithoutSchema.json' without activating the window.
    (02:17:41.422) [Visual Studio Host (4596):TextEditorDocumentWindowTestExtension] Showing window 'EmptyWithoutSchema.json'.
    VerificationPass: (02:17:41.625) [Platform:Testcase] Verification passed: String content is equal: Expected '"valueObject": {', Actual '"valueObject": {'; &lt;ComparisonType: OrdinalIgnoreCase&gt;
    (02:17:41.828) [Visual Studio Host (4596):TextEditorDocumentWindowTestExtension] Showing window 'EmptyWithoutSchema.json' without activating the window.
    (02:17:42.000) [Visual Studio Host (4596):TextEditorDocumentWindowTestExtension] Showing window 'EmptyWithoutSchema.json'.
    (02:17:42.234) [Visual Studio Host (4596):VisualStudioCaretTestExtension] Moving the caret from (Ln: 4, Ch: 1) down '1' lines
    (02:17:42.406) [Visual Studio Host (4596):VisualStudioTextEditorTestExtension] Setting keyboard focus to editor 'EmptyWithoutSchema.json'.
    (02:17:42.594) [Visual Studio Host (4596):TextEditorDocumentWindowTestExtension] Showing window 'EmptyWithoutSchema.json' without activating the window.
    (02:17:42.781) [Visual Studio Host (4596):TextEditorDocumentWindowTestExtension] Showing window 'EmptyWithoutSchema.json'.
    VerificationPass: (02:17:42.953) [Platform:Testcase] Verification passed: String content is equal: Expected '"valueArray": [ { "valueString": "test" } ]', Actual '"valueArray": [ { "valueString": "test" } ]'; &lt;ComparisonType: OrdinalIgnoreCase&gt;
    (02:17:43.094) [Visual Studio Host (4596):TextEditorDocumentWindowTestExtension] Showing window 'EmptyWithoutSchema.json' without activating the window.
    (02:17:43.281) [Visual Studio Host (4596):TextEditorDocumentWindowTestExtension] Showing window 'EmptyWithoutSchema.json'.
    (02:17:43.500) [Visual Studio Host (4596):VisualStudioCaretTestExtension] Moving the caret from (Ln: 5, Ch: 1) down '1' lines
    (02:17:43.672) [Visual Studio Host (4596):VisualStudioTextEditorTestExtension] Setting keyboard focus to editor 'EmptyWithoutSchema.json'.
    (02:17:43.859) [Visual Studio Host (4596):TextEditorDocumentWindowTestExtension] Showing window 'EmptyWithoutSchema.json' without activating the window.
    (02:17:44.000) [Visual Studio Host (4596):TextEditorDocumentWindowTestExtension] Showing window 'EmptyWithoutSchema.json'.
    VerificationPass: (02:17:44.172) [Platform:Testcase] Verification passed: String content is equal: Expected '}', Actual '}'; &lt;ComparisonType: OrdinalIgnoreCase&gt;
    + ExternalProcessHostTest TestCleanup
        (02:17:44.515) [Visual Studio Host (4596):TextEditorDocumentWindowTestExtension] Closing window 'EmptyWithoutSchema.json'.
        (02:17:44.890) [Platform:Testcase] Test 'VSTest_JSON_PasteObjectLiteral_MemberValue' has 'Passed' outcome. Therefore, Apex will not shut down the 'Visual Studio Host (4596)' with process ID '4596'. A subsequent test scenario will run on the same instance of the host.
    + Final Test Result Verification
        (02:17:45.484) [Platform:DelayedAssertionVerifierSink] Verification Success: 0 verification steps failed.
    + ApexTest TestCleanup</StdOut>
      </Output>
      <ResultFiles>
        <ResultFile path="WNVM19648\Fail.22wpw0oka5fs.png" />
        <ResultFile path="WNVM19648\Fail.24wtv1jnawc3.png" />
        <ResultFile path="WNVM19648\Fail.2dvw33g3abcx.png" />
        <ResultFile path="WNVM19648\Fail.2lws5epta1gw.png" />
        <ResultFile path="WNVM19648\Fail.2osatv43agzz.png" />
        <ResultFile path="WNVM19648\Fail.33ju4eduay3u.png" />
        <ResultFile path="WNVM19648\Fail.3poblbx4alvv.png" />
        <ResultFile path="WNVM19648\Fail.4p531ykxaqdb.png" />
        <ResultFile path="WNVM19648\Fail.5erbsz3aa4ay.png" />
        <ResultFile path="WNVM19648\Fail.ashpv3rjajjr.png" />
        <ResultFile path="WNVM19648\Fail.aswak04hapa5.png" />
        <ResultFile path="WNVM19648\Fail.azqsczivabnm.png" />
        <ResultFile path="WNVM19648\Fail.byuslv5baqsd.png" />
        <ResultFile path="WNVM19648\Fail.bz134qwyax2e.png" />
        <ResultFile path="WNVM19648\Fail.czhshhzmawco.png" />
        <ResultFile path="WNVM19648\Fail.ek4tb3wmalyl.png" />
        <ResultFile path="WNVM19648\Fail.hxi2cahnapy2.png" />
        <ResultFile path="WNVM19648\Fail.ig2gsfz5ad1y.png" />
        <ResultFile path="WNVM19648\Fail.iymeazuqablz.png" />
        <ResultFile path="WNVM19648\Fail.jpga4adlarrf.png" />
        <ResultFile path="WNVM19648\Fail.kfb5og41ajlt.png" />
        <ResultFile path="WNVM19648\Fail.kp4fcfcpa5bw.png" />
        <ResultFile path="WNVM19648\Fail.kxs1ersmaxma.png" />
        <ResultFile path="WNVM19648\Fail.lbyrcmqbastb.png" />
        <ResultFile path="WNVM19648\Fail.loc0xhl5a2hr.png" />
        <ResultFile path="WNVM19648\Fail.lthgvalfaxfr.png" />
        <ResultFile path="WNVM19648\Fail.mazsob3aamsp.png" />
        <ResultFile path="WNVM19648\Fail.n13clx4iaowv.png" />
        <ResultFile path="WNVM19648\Fail.n3c2bmltan5e.png" />
        <ResultFile path="WNVM19648\Fail.o4kkrjboasbk.png" />
        <ResultFile path="WNVM19648\Fail.o5zf0zepaw0l.png" />
        <ResultFile path="WNVM19648\Fail.pdo2mhdtanq2.png" />
        <ResultFile path="WNVM19648\Fail.pprwzak1ac5h.png" />
        <ResultFile path="WNVM19648\Fail.qagtqbftat3h.png" />
        <ResultFile path="WNVM19648\Fail.qbnuydioazjy.png" />
        <ResultFile path="WNVM19648\Fail.raasvsmeanc1.png" />
        <ResultFile path="WNVM19648\Fail.rymman3va50a.png" />
        <ResultFile path="WNVM19648\Fail.sidku4gxamg4.png" />
        <ResultFile path="WNVM19648\Fail.swwzdfhraz25.png" />
        <ResultFile path="WNVM19648\Fail.t4yj0fxuatil.png" />
        <ResultFile path="WNVM19648\Fail.v0ywfcwsa23p.png" />
        <ResultFile path="WNVM19648\Fail.vjqtiv2zaclz.png" />
        <ResultFile path="WNVM19648\Fail.wiz4mofdavag.png" />
        <ResultFile path="WNVM19648\Fail.xasrdkzvaogc.png" />
        <ResultFile path="WNVM19648\Fail.yd3ferxiaq1c.png" />
        <ResultFile path="WNVM19648\Fail.z10rn0n5ajdm.png" />
        <ResultFile path="WNVM19648\Fail.z2gelfy0aa1q.png" />
        <ResultFile path="WNVM19648\Fail.zpuouf2fa0ib.png" />
        <ResultFile path="WNVM19648\OmniLog.html" />
        <ResultFile path="WNVM19648\OmniLogRawXml.xml" />
      </ResultFiles>
    </UnitTestResult>
    <UnitTestResult executionId="182f5e8e-5aa9-4d0f-8bdd-d58c19ebda6a" testId="114fec57-21c6-736e-86dc-2012b58bebe6" testName="VSTest_AddHTMLControlToDesigner" computerName="WNVM19648" duration="00:00:10.7581674" startTime="2018-04-17T01:22:28.1556862-07:00" endTime="2018-04-17T01:22:38.9138536-07:00" testType="13cdc9d9-ddb5-4fa4-a97d-d965ccfc6d4b" outcome="Passed" testListId="8c84fa94-04c1-424b-9868-57a2d4851a1d" relativeResultsDirectory="182f5e8e-5aa9-4d0f-8bdd-d58c19ebda6a">
      <Output>
        <StdOut>+ AddHTMLControl::VSTest_AddHTMLControlToDesigner
    + ApexTest TestInitialize
    + ExternalProcessHostTest TestInitialize
        (01:24:09.963) [Visual Studio Host (10528):RoamingSettingsService] Disabling roaming settings.
        (01:24:10.096) [Visual Studio Host (10528):SettingsService] Setting Visual Studio option 'Environment\RoamingSettings\RoamingEnabled' to 'False'.
        (01:24:10.486) [Visual Studio Host (10528):TextEditorDocumentWindowTestExtension] Showing window 'Drop.aspx' without activating the window.
        (01:24:10.769) [Visual Studio Host (10528):TextEditorDocumentWindowTestExtension] Showing window 'Drop.aspx'.
        (01:24:10.936) [Visual Studio Host (10528):VisualStudioTextEditorTestExtension] Setting keyboard focus to editor 'Drop.aspx'.
        (01:24:11.156) [Visual Studio Host (10528):MainWindowService] Activating main window to bring it to the foreground.
        (01:24:11.311) [Visual Studio Host (10528):MainWindowService] Setting main window state to 'Maximized'.
    (01:24:11.611) [Visual Studio Host (10528):TextEditorDocumentWindowTestExtension] Showing window 'Drop.aspx' without activating the window.
    (01:24:11.770) [Visual Studio Host (10528):TextEditorDocumentWindowTestExtension] Showing window 'Drop.aspx'.
    (01:24:11.937) [Visual Studio Host (10528):VisualStudioTextEditorTestExtension] Setting keyboard focus to editor 'Drop.aspx'.
    (01:24:14.979) [Visual Studio Host (10528):ToolWindowTestExtension] Showing window 'Toolbox' without activating the window.
    (01:24:15.235) [Visual Studio Host (10528):ToolWindowTestExtension] Showing window 'Toolbox'.
    (01:24:15.421) [Visual Studio Host (10528):ToolWindowTestExtension] Showing window 'Toolbox - Initializing'.
    (01:24:16.999) [Visual Studio Host (10528):ToolboxService] Turning off Show All on toolbox
    (01:24:17.234) [Visual Studio Host (10528):ToolboxItemTestExtension] Adding item 'Input (Button)' to designer
    (01:24:17.854) [Visual Studio Host (10528):TextEditorDocumentWindowTestExtension] Showing window 'Drop.aspx' without activating the window.
    (01:24:18.069) [Visual Studio Host (10528):TextEditorDocumentWindowTestExtension] Showing window 'Drop.aspx'.
    + ExternalProcessHostTest TestCleanup
        (01:24:18.409) [Visual Studio Host (10528):TextEditorDocumentWindowTestExtension] Closing window 'Drop.aspx'.
        (01:24:18.748) [Platform:Testcase] Test 'VSTest_AddHTMLControlToDesigner' has 'Passed' outcome. Therefore, Apex will not shut down the 'Visual Studio Host (10528)' with process ID '10528'. A subsequent test scenario will run on the same instance of the host.
    + Final Test Result Verification
        (01:24:19.270) [Platform:DelayedAssertionVerifierSink] Verification Success: 0 verification steps failed.
    + ApexTest TestCleanup</StdOut>
      </Output>
      <ResultFiles>
        <ResultFile path="WNVM19648\Fail.aswak04hapa5.png" />
        <ResultFile path="WNVM19648\Fail.azqsczivabnm.png" />
        <ResultFile path="WNVM19648\Fail.byuslv5baqsd.png" />
        <ResultFile path="WNVM19648\Fail.ek4tb3wmalyl.png" />
        <ResultFile path="WNVM19648\Fail.ig2gsfz5ad1y.png" />
        <ResultFile path="WNVM19648\Fail.kxs1ersmaxma.png" />
        <ResultFile path="WNVM19648\Fail.loc0xhl5a2hr.png" />
        <ResultFile path="WNVM19648\Fail.o4kkrjboasbk.png" />
        <ResultFile path="WNVM19648\Fail.o5zf0zepaw0l.png" />
        <ResultFile path="WNVM19648\Fail.raasvsmeanc1.png" />
        <ResultFile path="WNVM19648\Fail.sidku4gxamg4.png" />
        <ResultFile path="WNVM19648\Fail.t4yj0fxuatil.png" />
        <ResultFile path="WNVM19648\Fail.z10rn0n5ajdm.png" />
        <ResultFile path="WNVM19648\OmniLog.html" />
        <ResultFile path="WNVM19648\OmniLogRawXml.xml" />
      </ResultFiles>
    </UnitTestResult>
    <UnitTestResult executionId="7d7e1018-dd11-4184-8b06-e8ad8135cdf0" testId="f81af369-48fe-f98d-2628-503e19f4ba74" testName="VSTest_Completion_In_Binding" computerName="WNVM19648" duration="00:00:03.3449344" startTime="2018-04-17T00:13:22.2550909-07:00" endTime="2018-04-17T00:13:25.6000253-07:00" testType="13cdc9d9-ddb5-4fa4-a97d-d965ccfc6d4b" outcome="Passed" testListId="8c84fa94-04c1-424b-9868-57a2d4851a1d" relativeResultsDirectory="7d7e1018-dd11-4184-8b06-e8ad8135cdf0">
      <Output>
        <StdOut>+ ItemTypeTests::VSTest_Completion_In_Binding
    + ApexTest TestInitialize
    + ExternalProcessHostTest TestInitialize
        (15:03.579) [Visual Studio Host (6956):RoamingSettingsService] Disabling roaming settings.
        (15:03.625) [Visual Studio Host (6956):SettingsService] Setting Visual Studio option 'Environment\RoamingSettings\RoamingEnabled' to 'False'.
        (15:03.948) [Visual Studio Host (6956):TextEditorDocumentWindowTestExtension] Showing window 'CompletionInBinding.aspx' without activating the window.
        (15:04.062) [Visual Studio Host (6956):TextEditorDocumentWindowTestExtension] Showing window 'CompletionInBinding.aspx'.
        (15:04.177) [Visual Studio Host (6956):VisualStudioTextEditorTestExtension] Setting keyboard focus to editor 'CompletionInBinding.aspx'.
        (15:04.239) [Visual Studio Host (6956):MainWindowService] Activating main window to bring it to the foreground.
        (15:04.334) [Visual Studio Host (6956):MainWindowService] Setting main window state to 'Maximized'.
    (15:04.446) [Visual Studio Host (6956):TextEditorDocumentWindowTestExtension] Showing window 'CompletionInBinding.aspx' without activating the window.
    (15:04.508) [Visual Studio Host (6956):TextEditorDocumentWindowTestExtension] Showing window 'CompletionInBinding.aspx'.
    (15:04.727) [Visual Studio Host (6956):VisualStudioCaretTestExtension] Moving the caret from (Ln: 1, Ch: 1) to (Ln: 7, Ch: 21)
    (15:04.808) [Visual Studio Host (6956):TextEditorDocumentWindowTestExtension] Showing window 'CompletionInBinding.aspx' without activating the window.
    (15:04.868) [Visual Studio Host (6956):TextEditorDocumentWindowTestExtension] Showing window 'CompletionInBinding.aspx'.
    (15:05.083) [Visual Studio Host (6956):TextEditorDocumentWindowTestExtension] Showing window 'CompletionInBinding.aspx' without activating the window.
    (15:05.161) [Visual Studio Host (6956):TextEditorDocumentWindowTestExtension] Showing window 'CompletionInBinding.aspx'.
    (15:05.232) [Visual Studio Host (6956):VisualStudioIntellisenseService] Did not find an active completion session. Please use Verify.IsCompletionListPresent() to make sure that the list is present before requesting the completion session.
    Warning: (15:05.290) [Visual Studio Host (6956):VisualStudioIntellisenseService] No active completion sessions were found for editor 'CompletionInBinding.aspx'.
    (15:05.368) [Visual Studio Host (6956):VisualStudioIntellisenseService] Invoking Completion member list at '(Ln: 7, Ch: 22)'.
    (15:05.461) [Visual Studio Host (6956):VisualStudioIntellisenseService] Did not find an active completion session. Please use Verify.IsCompletionListPresent() to make sure that the list is present before requesting the completion session.
    (15:05.824) [Visual Studio Host (6956):VisualStudioIntellisenseService] Getting the active completion at position '(Ln: 7, Ch: 22)'.
    (15:05.932) [Visual Studio Host (6956):VisualStudioCompletionListTestExtension] Found completion item with name 
    + ExternalProcessHostTest TestCleanup
        (15:06.026) [Visual Studio Host (6956):TextEditorDocumentWindowTestExtension] Closing window 'CompletionInBinding.aspx'.
        (15:06.257) [Platform:Testcase] Test 'VSTest_Completion_In_Binding' has 'Passed' outcome. Therefore, Apex will not shut down the 'Visual Studio Host (6956)' with process ID '6956'. A subsequent test scenario will run on the same instance of the host.
    + Final Test Result Verification
        (15:06.480) [Platform:DelayedAssertionVerifierSink] Verification Success: 0 verification steps failed.
    + ApexTest TestCleanup</StdOut>
      </Output>
      <ResultFiles>
        <ResultFile path="WNVM19648\Fail.ig2gsfz5ad1y.png" />
        <ResultFile path="WNVM19648\OmniLog.html" />
        <ResultFile path="WNVM19648\OmniLogRawXml.xml" />
      </ResultFiles>
    </UnitTestResult>
    <UnitTestResult executionId="64b8dfda-1bb2-44d1-85e4-eaddb8b28052" testId="2039f644-6714-5c02-0c27-a3601a5d7bd6" testName="VSTest_JSON_Schema_CatalogReload" computerName="WNVM19648" duration="00:00:24.4827308" startTime="2018-04-17T01:52:42.7302789-07:00" endTime="2018-04-17T01:53:07.2130097-07:00" testType="13cdc9d9-ddb5-4fa4-a97d-d965ccfc6d4b" outcome="Failed" testListId="8c84fa94-04c1-424b-9868-57a2d4851a1d" relativeResultsDirectory="64b8dfda-1bb2-44d1-85e4-eaddb8b28052">
      <Output>
        <StdOut>+ SchemaCatalogTests::VSTest_JSON_Schema_CatalogReload
    + ApexTest TestInitialize
    + ExternalProcessHostTest TestInitialize
        (01:54:25.082) [Visual Studio Host (5816):RoamingSettingsService] Disabling roaming settings.
        (01:54:25.387) [Visual Studio Host (5816):SettingsService] Setting Visual Studio option 'Environment\RoamingSettings\RoamingEnabled' to 'False'.
        (01:54:26.306) [Visual Studio Host (5816):TextEditorDocumentWindowTestExtension] Showing window 'foobar.json' without activating the window.
        (01:54:26.720) [Visual Studio Host (5816):TextEditorDocumentWindowTestExtension] Showing window 'foobar.json'.
        (01:54:27.111) [Visual Studio Host (5816):VisualStudioTextEditorTestExtension] Setting keyboard focus to editor 'foobar.json'.
        (01:54:27.401) [Visual Studio Host (5816):MainWindowService] Activating main window to bring it to the foreground.
        (01:54:27.791) [Visual Studio Host (5816):MainWindowService] Setting main window state to 'Maximized'.
    (01:54:28.557) [Visual Studio Host (5816):SettingsService] Getting value of Visual Studio Setting 'TextEditor\JSON Schema\SchemaCatalogs'. 
    (01:54:28.819) [Visual Studio Host (5816):SettingsService] Setting Visual Studio option 'TextEditor\JSON Schema\SchemaCatalogs' to 'C:\TestBin\IntegrationTests\MS.VS.Web.Editors\Webs\TestData\SchemaCatalogs\foobar.json'.
    (01:54:44.107) [Visual Studio Host (5816):SettingsService] Setting Visual Studio option 'TextEditor\JSON Schema\SchemaCatalogs' to 'http://schemastore.org/api/json/catalog.json'.
    Error: (01:54:44.316) [Platform:Testcase] Test method Microsoft.VisualStudio.Web.Editors.IntegrationTests.JSON.Schema.Microsoft.VisualStudio.Web.Editors.IntegrationTests.JSON.Schema.SchemaCatalogTests.VSTest_JSON_Schema_CatalogReload threw exception. System.TimeoutException: Timed out after 00:00:15 waiting for the condition to become true
   at Microsoft.VisualStudio.Web.Common.TestAdapter.ParameterizedTests.ReflectionUtilities.InvokeMethod(Object targetObject, MethodInfo method, Object[] methodArguments, String exceptionMessageFormat) in D:\dd\WTE\Main\test\Common\TestAdapter\ParameterizedTests\ReflectionUtilities.cs:line 190
   at Microsoft.VisualStudio.Web.Common.TestAdapter.ParameterizedTests.TestMethodInfo.Invoke(Object testObject, TestExecutionContext context) in D:\dd\WTE\Main\test\Common\TestAdapter\ParameterizedTests\TestMethodInfo.cs:line 64
    + ExternalProcessHostTest TestCleanup
        (01:54:45.131) [Visual Studio Host (5816):TextEditorDocumentWindowTestExtension] Closing window 'foobar.json'.
        (01:54:45.487) [Visual Studio Host (5816):MainWindowService] Setting main window state to 'Maximized'.
        (01:54:45.669) [Visual Studio Host (5816):MainWindowService] Activating main window to bring it to the foreground.
        Warning: (01:54:45.941) [Platform:Microsoft.Test.Apex.Services.ScreenshotService] Exception occured when copying screenshot file from 'C:\TestBin\IntegrationTests\Failure.jpg' to 'C:\TestBin\IntegrationTests\TestResults\2018_04_16_23_55_50\Failure.jpg'.
        Warning: (01:54:45.941) [Platform:Microsoft.Test.Apex.Services.ScreenshotService] System.IO.IOException: The file 'C:\TestBin\IntegrationTests\TestResults\2018_04_16_23_55_50\Failure.jpg' already exists.
   at System.IO.__Error.WinIOError(Int32 errorCode, String maybeFullPath)
   at System.IO.File.InternalCopy(String sourceFileName, String destFileName, Boolean overwrite, Boolean checkHost)
   at System.IO.File.Copy(String sourceFileName, String destFileName, Boolean overwrite)
   at Microsoft.Test.Apex.Services.ScreenshotService.TakeOne(String categoryName, String fileNamePrefix, String repositoryPath) in F:\dd\src\omni\Apex\Framework\Services\Screenshot\ScreenshotService.cs:line 176
        (01:54:46.332) [Platform:ProcessCaptureService] Capturing screenshots for PID 5816 (devenv)
        Result file 'VSTest_JSON_Schema_CatalogReload-Failure-devenv.5816.png' added: file:///C:/TestBin/IntegrationTests/TestResults/2018_04_16_23_55_50/VSTest_JSON_Schema_CatalogReload-Failure-devenv.5816.png
        (01:54:46.772) [Platform:ProcessCaptureService] Bounding rectangle of HWND 0x170566 is size (0, 0), which cannot be captured.
        (01:54:46.935) [Platform:ProcessCaptureService] Bounding rectangle of HWND 0x2004E2 is size (0, 0), which cannot be captured.
    + Final Test Result Verification
        (01:54:47.461) [Platform:DelayedAssertionVerifierSink] Verification Success: 0 verification steps failed.
    + ApexTest TestCleanup</StdOut>
        <ErrorInfo>
          <Message>Test method Microsoft.VisualStudio.Web.Editors.IntegrationTests.JSON.Schema.Microsoft.VisualStudio.Web.Editors.IntegrationTests.JSON.Schema.SchemaCatalogTests.VSTest_JSON_Schema_CatalogReload threw exception. System.TimeoutException: Timed out after 00:00:15 waiting for the condition to become true</Message>
          <StackTrace>   at Microsoft.Test.Apex.Services.Waiter.ThrowIfExpired(String waitCondition) in F:\dd\src\Omni\Common\WaitFor.cs:line 382
   at Microsoft.Test.Apex.Services.WaitFor.IsTrue(Func`1 predicate, TimeSpan timeout, Nullable`1 interval, String conditionDescription) in F:\dd\src\Omni\Common\WaitFor.cs:line 96
   at Microsoft.VisualStudio.Web.Editors.IntegrationTests.JSON.Schema.Microsoft.VisualStudio.Web.Editors.IntegrationTests.JSON.Schema.SchemaCatalogTests.VSTest_JSON_Schema_CatalogReload() in D:\dd\WTE\Main\test\Editors\IntegrationTests\JSON\Schema\SchemaCatalogTests.cs:line 101</StackTrace>
        </ErrorInfo>
      </Output>
      <ResultFiles>
        <ResultFile path="WNVM19648\Fail.22wpw0oka5fs.png" />
        <ResultFile path="WNVM19648\Fail.24wtv1jnawc3.png" />
        <ResultFile path="WNVM19648\Fail.2lws5epta1gw.png" />
        <ResultFile path="WNVM19648\Fail.33ju4eduay3u.png" />
        <ResultFile path="WNVM19648\Fail.3poblbx4alvv.png" />
        <ResultFile path="WNVM19648\Fail.4p531ykxaqdb.png" />
        <ResultFile path="WNVM19648\Fail.ashpv3rjajjr.png" />
        <ResultFile path="WNVM19648\Fail.aswak04hapa5.png" />
        <ResultFile path="WNVM19648\Fail.azqsczivabnm.png" />
        <ResultFile path="WNVM19648\Fail.byuslv5baqsd.png" />
        <ResultFile path="WNVM19648\Fail.bz134qwyax2e.png" />
        <ResultFile path="WNVM19648\Fail.ek4tb3wmalyl.png" />
        <ResultFile path="WNVM19648\Fail.ig2gsfz5ad1y.png" />
        <ResultFile path="WNVM19648\Fail.iymeazuqablz.png" />
        <ResultFile path="WNVM19648\Fail.jpga4adlarrf.png" />
        <ResultFile path="WNVM19648\Fail.kfb5og41ajlt.png" />
        <ResultFile path="WNVM19648\Fail.kxs1ersmaxma.png" />
        <ResultFile path="WNVM19648\Fail.lbyrcmqbastb.png" />
        <ResultFile path="WNVM19648\Fail.loc0xhl5a2hr.png" />
        <ResultFile path="WNVM19648\Fail.mazsob3aamsp.png" />
        <ResultFile path="WNVM19648\Fail.n13clx4iaowv.png" />
        <ResultFile path="WNVM19648\Fail.o4kkrjboasbk.png" />
        <ResultFile path="WNVM19648\Fail.o5zf0zepaw0l.png" />
        <ResultFile path="WNVM19648\Fail.pdo2mhdtanq2.png" />
        <ResultFile path="WNVM19648\Fail.pprwzak1ac5h.png" />
        <ResultFile path="WNVM19648\Fail.qagtqbftat3h.png" />
        <ResultFile path="WNVM19648\Fail.qbnuydioazjy.png" />
        <ResultFile path="WNVM19648\Fail.raasvsmeanc1.png" />
        <ResultFile path="WNVM19648\Fail.rymman3va50a.png" />
        <ResultFile path="WNVM19648\Fail.sidku4gxamg4.png" />
        <ResultFile path="WNVM19648\Fail.swwzdfhraz25.png" />
        <ResultFile path="WNVM19648\Fail.t4yj0fxuatil.png" />
        <ResultFile path="WNVM19648\Fail.vjqtiv2zaclz.png" />
        <ResultFile path="WNVM19648\Fail.wiz4mofdavag.png" />
        <ResultFile path="WNVM19648\Fail.z10rn0n5ajdm.png" />
        <ResultFile path="WNVM19648\Fail.z2gelfy0aa1q.png" />
        <ResultFile path="WNVM19648\Failure.jpg" />
        <ResultFile path="WNVM19648\OmniLog.html" />
        <ResultFile path="WNVM19648\OmniLogRawXml.xml" />
        <ResultFile path="WNVM19648\VSTest_BowerIntelliSenseTests_CaseSensitivity_Timedout.jpg" />
        <ResultFile path="WNVM19648\VSTest_BowerIntelliSenseTests_End_To_End_Timedout.jpg" />
        <ResultFile path="WNVM19648\VSTest_Generate_AttrModel_Methods_WAP_Code_Behind_CS_Timedout.jpg" />
        <ResultFile path="WNVM19648\VSTest_HitBreakpointAndEditInCSHtml_Timedout.jpg" />
        <ResultFile path="WNVM19648\VSTest_Html_Drag_Drop_JavascriptFile_Timedout.jpg" />
        <ResultFile path="WNVM19648\VSTest_JSON_AutoStructureWithExistingComma_Timedout.jpg" />
        <ResultFile path="WNVM19648\VSTest_JSON_Schema_CatalogReload-Failure-devenv.5816.png" />
        <ResultFile path="WNVM19648\VSTest_NPMIntelliSenseTests_End_To_End_Timedout.jpg" />
        <ResultFile path="WNVM19648\VSTest_NPM_Completion_ScopedPackage_Timedout.jpg" />
        <ResultFile path="WNVM19648\VSTest_NPM_NavigateToHomepage_Timedout.jpg" />
        <ResultFile path="WNVM19648\VSTest_Parser_PTagTest_Timedout.jpg" />
        <ResultFile path="WNVM19648\VSTest_Razor_TagHelpers_OptOut_Timedout.jpg" />
        <ResultFile path="WNVM19648\VSTest_Razor_TagHelpers_Update_CS_File_And_Build_Timedout.jpg" />
        <ResultFile path="WNVM19648\VSTest_Script_Completion_Top_Level_Timedout.jpg" />
        <ResultFile path="WNVM19648\VSTest_SmartIndentInJSInRazorV4_Timedout.jpg" />
      </ResultFiles>
    </UnitTestResult>
    <UnitTestResult executionId="eb4e00d7-e7b9-4fd8-bae4-8ef773b98cb4" testId="f0314b9f-2412-1270-4af7-4e3cb9211bcb" testName="VSTest_NPMIntelliSenseTests_End_To_End" computerName="WNVM19648" duration="00:00:41.5512605" startTime="2018-04-17T01:35:00.3642292-07:00" endTime="2018-04-17T01:35:41.9154897-07:00" testType="13cdc9d9-ddb5-4fa4-a97d-d965ccfc6d4b" outcome="Failed" testListId="8c84fa94-04c1-424b-9868-57a2d4851a1d" relativeResultsDirectory="eb4e00d7-e7b9-4fd8-bae4-8ef773b98cb4">
      <Output>
        <StdOut>+ NPMIntelliSenseTests::VSTest_NPMIntelliSenseTests_End_To_End
    + ApexTest TestInitialize
    + ExternalProcessHostTest TestInitialize
        (01:36:42.239) [Visual Studio Host (9812):RoamingSettingsService] Disabling roaming settings.
        (01:36:42.436) [Visual Studio Host (9812):SettingsService] Setting Visual Studio option 'Environment\RoamingSettings\RoamingEnabled' to 'False'.
        (01:36:43.904) [Visual Studio Host (9812):TextEditorDocumentWindowTestExtension] Showing window 'package.json' without activating the window.
        (01:36:44.276) [Visual Studio Host (9812):TextEditorDocumentWindowTestExtension] Showing window 'package.json'.
        (01:36:44.502) [Visual Studio Host (9812):VisualStudioTextEditorTestExtension] Setting keyboard focus to editor 'package.json'.
        (01:36:44.713) [Visual Studio Host (9812):MainWindowService] Activating main window to bring it to the foreground.
        (01:36:44.898) [Visual Studio Host (9812):MainWindowService] Setting main window state to 'Maximized'.
    (01:36:45.267) [Visual Studio Host (9812):TextEditorDocumentWindowTestExtension] Showing window 'package.json' without activating the window.
    (01:36:45.465) [Visual Studio Host (9812):TextEditorDocumentWindowTestExtension] Showing window 'package.json'.
    (01:36:45.646) [Visual Studio Host (9812):VisualStudioCaretTestExtension] Moving the caret to '}' at (Ln: 10, Ch: 3) based on a regular expression.  Expression = "}" [group index '0', match index '1', options 'Singleline, CultureInvariant']
    (01:36:45.851) [Visual Studio Host (9812):TextEditorDocumentWindowTestExtension] Showing window 'package.json' without activating the window.
    (01:36:46.021) [Visual Studio Host (9812):TextEditorDocumentWindowTestExtension] Showing window 'package.json'.
    (01:36:46.197) [Visual Studio Host (9812):VisualStudioCaretTestExtension] Moving the caret from (Ln: 10, Ch: 3) right '1' characters
    (01:36:46.339) [Visual Studio Host (9812):VisualStudioTextEditorTestExtension] Setting keyboard focus to editor 'package.json'.
    (01:36:46.510) [Visual Studio Host (9812):TextEditorDocumentWindowTestExtension] Showing window 'package.json' without activating the window.
    (01:36:46.692) [Visual Studio Host (9812):TextEditorDocumentWindowTestExtension] Showing window 'package.json'.
    (01:36:46.952) [Visual Studio Host (9812):TextEditorDocumentWindowTestExtension] Showing window 'package.json' without activating the window.
    (01:36:47.155) [Visual Studio Host (9812):TextEditorDocumentWindowTestExtension] Showing window 'package.json'.
    (01:36:47.359) [Visual Studio Host (9812):KeyboardCommands] Sending the Return key 1 times.
    (01:36:47.583) [Visual Studio Host (9812):TextEditorDocumentWindowTestExtension] Showing window 'package.json' without activating the window.
    (01:36:47.739) [Visual Studio Host (9812):TextEditorDocumentWindowTestExtension] Showing window 'package.json'.
    (01:36:47.959) [Visual Studio Host (9812):VisualStudioIntellisenseService] Invoking Completion member list at '(Ln: 11, Ch: 3)'.
    (01:36:48.269) [Visual Studio Host (9812):VisualStudioIntellisenseService] Getting the active completion at position '(Ln: 11, Ch: 3)'.
    (01:36:48.498) [Visual Studio Host (9812):TextEditorDocumentWindowTestExtension] Showing window 'package.json' without activating the window.
    (01:36:48.686) [Visual Studio Host (9812):TextEditorDocumentWindowTestExtension] Showing window 'package.json'.
    (01:36:48.870) [Visual Studio Host (9812):VisualStudioIntellisenseService] Getting the active completion at position '(Ln: 11, Ch: 3)'.
    (01:36:49.024) [Visual Studio Host (9812):VisualStudioCompletionListTestExtension] Found completion item with name 
    (01:36:49.218) [Visual Studio Host (9812):VisualStudioIntellisenseService] Getting the active completion at position '(Ln: 11, Ch: 3)'.
    (01:36:49.403) [Visual Studio Host (9812):VisualStudioCompletionListTestExtension] Found completion item with name 
    (01:36:49.570) [Visual Studio Host (9812):VisualStudioCompletionListTestExtension] Selecting completion item 'dependencies'.
    (01:36:49.768) [Visual Studio Host (9812):VisualStudioCompletionListTestExtension] Committing 'dependencies' completion item.
    (01:36:50.088) [Visual Studio Host (9812):TextEditorDocumentWindowTestExtension] Showing window 'package.json' without activating the window.
    (01:36:50.257) [Visual Studio Host (9812):TextEditorDocumentWindowTestExtension] Showing window 'package.json'.
    (01:36:50.441) [Visual Studio Host (9812):KeyboardCommands] Sending the Escape key 1 times.
    (01:36:50.611) [Visual Studio Host (9812):TextEditorDocumentWindowTestExtension] Showing window 'package.json' without activating the window.
    (01:36:50.782) [Visual Studio Host (9812):TextEditorDocumentWindowTestExtension] Showing window 'package.json'.
    (01:36:50.937) [Visual Studio Host (9812):KeyboardCommands] Sending the Return key 1 times.
    (01:36:51.167) [Visual Studio Host (9812):TextEditorDocumentWindowTestExtension] Showing window 'package.json' without activating the window.
    (01:36:51.328) [Visual Studio Host (9812):TextEditorDocumentWindowTestExtension] Showing window 'package.json'.
    (01:36:51.538) [Visual Studio Host (9812):TextEditorDocumentWindowTestExtension] Showing window 'package.json' without activating the window.
    (01:36:51.725) [Visual Studio Host (9812):TextEditorDocumentWindowTestExtension] Showing window 'package.json'.
    (01:36:52.044) [Visual Studio Host (9812):TextEditorDocumentWindowTestExtension] Showing window 'package.json' without activating the window.
    (01:36:52.331) [Visual Studio Host (9812):TextEditorDocumentWindowTestExtension] Showing window 'package.json'.
    (01:36:56.838) [Platform:Microsoft.Test.Apex.Services.ScreenshotService] Took a screenshot for category '' and saved as 'C:\TestBin\IntegrationTests\TestResults\2018_04_16_23_55_50\VSTest_HitBreakpointAndEditInCSHtml_Timedout.jpg'.
    Error: (01:36:57.293) [Platform:Testcase] Test method Microsoft.VisualStudio.Web.Editors.IntegrationTests.JSON.PackageManagement.NPMIntelliSenseTests.VSTest_NPMIntelliSenseTests_End_To_End threw exception. System.Runtime.Remoting.RemotingException: Failed to read from an IPC Port: The pipe has been ended.

   at Microsoft.VisualStudio.Web.Common.TestAdapter.ParameterizedTests.ReflectionUtilities.InvokeMethod(Object targetObject, MethodInfo method, Object[] methodArguments, String exceptionMessageFormat) in D:\dd\WTE\Main\test\Common\TestAdapter\ParameterizedTests\ReflectionUtilities.cs:line 190
   at Microsoft.VisualStudio.Web.Common.TestAdapter.ParameterizedTests.TestMethodInfo.Invoke(Object testObject, TestExecutionContext context) in D:\dd\WTE\Main\test\Common\TestAdapter\ParameterizedTests\TestMethodInfo.cs:line 64
    + ExternalProcessHostTest TestCleanup
        (01:37:02.168) [Platform:VenusHost] Compose Batch: 00:00:03.6405352
        (01:37:03.866) [Platform:VenusHost] Host Process is being started. Executable = 'C:\Program Files (x86)\Microsoft Visual Studio\Preview\Enterprise\Common7\IDE\devenv.exe'.
        (01:37:04.053) [Platform:VenusHost] Host Process is started. PID = 4912.
        (01:37:04.256) [Platform:VenusHost] Host process 'devenv' (id: 4912) is now idle/ready.
        (01:37:08.334) [Platform:Microsoft.Test.Apex.Hosts.Services.RemoteServiceInitializer] Using remote code injector service 'RemoteCodeInjectorService' for the operation 'ManagedAuto'.
        + Visual Studio Host Creation
            (01:37:19.006) [Platform:Testcase] Target Executable: 'C:\Program Files (x86)\Microsoft Visual Studio\Preview\Enterprise\Common7\IDE\devenv.exe'.
            (01:37:19.225) [Platform:Testcase] Process Id: '4912'.
            (01:37:19.428) [Platform:Testcase] UI Culture: 'English (United States)'.
            (01:37:19.678) [Platform:Testcase] Build Number: '15.0.27615'.
        (01:37:20.162) [Visual Studio Host (4912):MainWindowService] Setting main window state to 'Maximized'.
        (01:37:20.428) [Visual Studio Host (4912):MainWindowService] Activating main window to bring it to the foreground.
        Warning: (01:37:20.740) [Platform:Microsoft.Test.Apex.Services.ScreenshotService] Exception occured when copying screenshot file from 'C:\TestBin\IntegrationTests\Failure.jpg' to 'C:\TestBin\IntegrationTests\TestResults\2018_04_16_23_55_50\Failure.jpg'.
        Warning: (01:37:20.740) [Platform:Microsoft.Test.Apex.Services.ScreenshotService] System.IO.IOException: The file 'C:\TestBin\IntegrationTests\TestResults\2018_04_16_23_55_50\Failure.jpg' already exists.
   at System.IO.__Error.WinIOError(Int32 errorCode, String maybeFullPath)
   at System.IO.File.InternalCopy(String sourceFileName, String destFileName, Boolean overwrite, Boolean checkHost)
   at System.IO.File.Copy(String sourceFileName, String destFileName, Boolean overwrite)
   at Microsoft.Test.Apex.Services.ScreenshotService.TakeOne(String categoryName, String fileNamePrefix, String repositoryPath) in F:\dd\src\omni\Apex\Framework\Services\Screenshot\ScreenshotService.cs:line 176
        (01:37:21.084) [Platform:ProcessCaptureService] Capturing screenshots for PID 4912 (devenv)
        Result file 'VSTest_NPMIntelliSenseTests_End_To_End-Failure-devenv.4912.png' added: file:///C:/TestBin/IntegrationTests/TestResults/2018_04_16_23_55_50/VSTest_NPMIntelliSenseTests_End_To_End-Failure-devenv.4912.png
        (01:37:21.584) [Platform:ProcessCaptureService] Bounding rectangle of HWND 0x270582 is size (0, 0), which cannot be captured.
        (01:37:21.740) [Platform:ProcessCaptureService] Bounding rectangle of HWND 0x100518 is size (0, 0), which cannot be captured.
    + Final Test Result Verification
        (01:37:22.193) [Platform:DelayedAssertionVerifierSink] Verification Success: 0 verification steps failed.
    + ApexTest TestCleanup</StdOut>
        <ErrorInfo>
          <Message>Test method Microsoft.VisualStudio.Web.Editors.IntegrationTests.JSON.PackageManagement.NPMIntelliSenseTests.VSTest_NPMIntelliSenseTests_End_To_End threw exception. System.Runtime.Remoting.RemotingException: Failed to read from an IPC Port: The pipe has been ended.
</Message>
          <StackTrace>
Server stack trace: 
   at System.Runtime.Remoting.Channels.Ipc.IpcPort.Read(Byte[] data, Int32 offset, Int32 length)
   at System.Runtime.Remoting.Channels.Ipc.PipeStream.Read(Byte[] buffer, Int32 offset, Int32 size)
   at System.Runtime.Remoting.Channels.SocketHandler.ReadFromSocket(Byte[] buffer, Int32 offset, Int32 count)
   at System.Runtime.Remoting.Channels.SocketHandler.Read(Byte[] buffer, Int32 offset, Int32 count)
   at System.Runtime.Remoting.Channels.SocketHandler.ReadAndMatchFourBytes(Byte[] buffer)
   at System.Runtime.Remoting.Channels.Tcp.TcpSocketHandler.ReadAndMatchPreamble()
   at System.Runtime.Remoting.Channels.Tcp.TcpSocketHandler.ReadVersionAndOperation(UInt16&amp; operation)
   at System.Runtime.Remoting.Channels.Ipc.IpcClientHandler.ReadHeaders()
   at System.Runtime.Remoting.Channels.Ipc.IpcClientTransportSink.ProcessMessage(IMessage msg, ITransportHeaders requestHeaders, Stream requestStream, ITransportHeaders&amp; responseHeaders, Stream&amp; responseStream)
   at System.Runtime.Remoting.Channels.BinaryClientFormatterSink.SyncProcessMessage(IMessage msg)

Exception rethrown at [0]: 
   at System.Runtime.Remoting.Proxies.RealProxy.HandleReturnMessage(IMessage reqMsg, IMessage retMsg)
   at System.Runtime.Remoting.Proxies.RealProxy.PrivateInvoke(MessageData&amp; msgData, Int32 type)
   at Microsoft.Test.Apex.VisualStudio.Shell.TextEditorDocumentWindowTestExtension.get_Editor()
   at Microsoft.VisualStudio.Web.Common.TestServices.VisualStudioHostWebTest.get_Editor() in D:\dd\WTE\Main\test\Common\TestServices\Apex\VisualStudioHostWebTest.cs:line 639
   at Microsoft.VisualStudio.Web.Editors.IntegrationTests.JSON.PackageManagement.NPMIntelliSenseTests.VSTest_NPMIntelliSenseTests_End_To_End() in D:\dd\WTE\Main\test\Editors\IntegrationTests\JSON\PackageManagement\NPMIntelliSenseTests.cs:line 52</StackTrace>
        </ErrorInfo>
      </Output>
      <ResultFiles>
        <ResultFile path="WNVM19648\Fail.22wpw0oka5fs.png" />
        <ResultFile path="WNVM19648\Fail.33ju4eduay3u.png" />
        <ResultFile path="WNVM19648\Fail.3poblbx4alvv.png" />
        <ResultFile path="WNVM19648\Fail.ashpv3rjajjr.png" />
        <ResultFile path="WNVM19648\Fail.aswak04hapa5.png" />
        <ResultFile path="WNVM19648\Fail.azqsczivabnm.png" />
        <ResultFile path="WNVM19648\Fail.byuslv5baqsd.png" />
        <ResultFile path="WNVM19648\Fail.ek4tb3wmalyl.png" />
        <ResultFile path="WNVM19648\Fail.ig2gsfz5ad1y.png" />
        <ResultFile path="WNVM19648\Fail.kfb5og41ajlt.png" />
        <ResultFile path="WNVM19648\Fail.kxs1ersmaxma.png" />
        <ResultFile path="WNVM19648\Fail.loc0xhl5a2hr.png" />
        <ResultFile path="WNVM19648\Fail.o4kkrjboasbk.png" />
        <ResultFile path="WNVM19648\Fail.o5zf0zepaw0l.png" />
        <ResultFile path="WNVM19648\Fail.qbnuydioazjy.png" />
        <ResultFile path="WNVM19648\Fail.raasvsmeanc1.png" />
        <ResultFile path="WNVM19648\Fail.sidku4gxamg4.png" />
        <ResultFile path="WNVM19648\Fail.swwzdfhraz25.png" />
        <ResultFile path="WNVM19648\Fail.t4yj0fxuatil.png" />
        <ResultFile path="WNVM19648\Fail.vjqtiv2zaclz.png" />
        <ResultFile path="WNVM19648\Fail.z10rn0n5ajdm.png" />
        <ResultFile path="WNVM19648\Fail.z2gelfy0aa1q.png" />
        <ResultFile path="WNVM19648\Failure.jpg" />
        <ResultFile path="WNVM19648\Failure[1].jpg" />
        <ResultFile path="WNVM19648\OmniLog.html" />
        <ResultFile path="WNVM19648\OmniLogRawXml.xml" />
        <ResultFile path="WNVM19648\VSTest_Generate_AttrModel_Methods_WAP_Code_Behind_CS_Timedout.jpg" />
        <ResultFile path="WNVM19648\VSTest_Generate_AttrModel_Methods_WAP_Code_Behind_CS_Timedout[1].jpg" />
        <ResultFile path="WNVM19648\VSTest_HitBreakpointAndEditInCSHtml_Timedout.jpg" />
        <ResultFile path="WNVM19648\VSTest_HitBreakpointAndEditInCSHtml_Timedout[1].jpg" />
        <ResultFile path="WNVM19648\VSTest_Html_Drag_Drop_JavascriptFile_Timedout.jpg" />
        <ResultFile path="WNVM19648\VSTest_Html_Drag_Drop_JavascriptFile_Timedout[1].jpg" />
        <ResultFile path="WNVM19648\VSTest_JSON_AutoStructureWithExistingComma_Timedout.jpg" />
        <ResultFile path="WNVM19648\VSTest_JSON_AutoStructureWithExistingComma_Timedout[1].jpg" />
        <ResultFile path="WNVM19648\VSTest_NPMIntelliSenseTests_End_To_End-Failure-devenv.4912.png" />
        <ResultFile path="WNVM19648\VSTest_Parser_PTagTest_Timedout.jpg" />
        <ResultFile path="WNVM19648\VSTest_Parser_PTagTest_Timedout[1].jpg" />
        <ResultFile path="WNVM19648\VSTest_Razor_TagHelpers_OptOut_Timedout.jpg" />
        <ResultFile path="WNVM19648\VSTest_Razor_TagHelpers_OptOut_Timedout[1].jpg" />
        <ResultFile path="WNVM19648\VSTest_Razor_TagHelpers_Update_CS_File_And_Build_Timedout.jpg" />
        <ResultFile path="WNVM19648\VSTest_Razor_TagHelpers_Update_CS_File_And_Build_Timedout[1].jpg" />
        <ResultFile path="WNVM19648\VSTest_Script_Completion_Top_Level_Timedout.jpg" />
        <ResultFile path="WNVM19648\VSTest_Script_Completion_Top_Level_Timedout[1].jpg" />
        <ResultFile path="WNVM19648\VSTest_SmartIndentInJSInRazorV4_Timedout.jpg" />
        <ResultFile path="WNVM19648\VSTest_SmartIndentInJSInRazorV4_Timedout[1].jpg" />
      </ResultFiles>
    </UnitTestResult>
    <UnitTestResult executionId="c1cf0624-122a-4e4e-88d4-cb8e8ad20477" testId="646abb98-450c-6cc8-1e85-fb66e61e9bf1" testName="VSTest_JSON_SchemaValidation_NoValidationErrors" computerName="WNVM19648" duration="00:01:49.3208130" startTime="2018-04-17T01:57:55.4726082-07:00" endTime="2018-04-17T01:59:44.7934212-07:00" testType="13cdc9d9-ddb5-4fa4-a97d-d965ccfc6d4b" outcome="Passed" testListId="8c84fa94-04c1-424b-9868-57a2d4851a1d" relativeResultsDirectory="c1cf0624-122a-4e4e-88d4-cb8e8ad20477">
      <Output>
        <StdOut>+ SchemaValidation::VSTest_JSON_SchemaValidation_NoValidationErrors
    + ApexTest TestInitialize
    + ExternalProcessHostTest TestInitialize
        (01:59:37.443) [Visual Studio Host (12100):RoamingSettingsService] Disabling roaming settings.
        (01:59:37.630) [Visual Studio Host (12100):SettingsService] Setting Visual Studio option 'Environment\RoamingSettings\RoamingEnabled' to 'False'.
        (01:59:41.789) [Visual Studio Host (12100):SolutionService] Opening solution file 'file:///C:/TestBin/IntegrationTests/MS.VS.Web.Editors/webs/misc.sln' with asynchronous load data available.  WaitForFullyLoadedOnOpen set to 'True'. Apex will wait for all async project loads to complete before proceeding.
            (01:59:42.018) [Visual Studio Host (12100):SolutionService] Solution load behavior is set to 'Realtime'.
        + Waiting for the solution to fully load.
        (02:00:00.209) [Platform:Microsoft.Test.Apex.Services.ScreenshotService] Took a screenshot for category '' and saved as 'C:\TestBin\IntegrationTests\TestResults\2018_04_16_23_55_50\VSTest_JSON_Schema_CatalogReload_Timedout.jpg'.
        (02:00:05.786) [Platform:Testcase] The host with process id '12100' was shutdown.
        (02:00:08.582) [Platform:VenusHost] Compose Batch: 00:00:02.5239415
        (02:00:09.180) [Platform:VenusHost] Host Process is being started. Executable = 'C:\Program Files (x86)\Microsoft Visual Studio\Preview\Enterprise\Common7\IDE\devenv.exe'.
        (02:00:09.372) [Platform:VenusHost] Host Process is started. PID = 12976.
        (02:00:09.588) [Platform:VenusHost] Host process 'devenv' (id: 12976) is now idle/ready.
        (02:00:16.193) [Platform:Microsoft.Test.Apex.Hosts.Services.RemoteServiceInitializer] Using remote code injector service 'RemoteCodeInjectorService' for the operation 'ManagedAuto'.
        + Visual Studio Host Creation
            (02:00:23.462) [Platform:Testcase] Target Executable: 'C:\Program Files (x86)\Microsoft Visual Studio\Preview\Enterprise\Common7\IDE\devenv.exe'.
            (02:00:23.636) [Platform:Testcase] Process Id: '12976'.
            (02:00:23.807) [Platform:Testcase] UI Culture: 'English (United States)'.
            (02:00:23.972) [Platform:Testcase] Build Number: '15.0.27615'.
            (02:00:24.078) [Platform:Microsoft.Test.Apex.Services.ScreenshotService] Took a screenshot for category '' and saved as 'C:\TestBin\IntegrationTests\TestResults\2018_04_16_23_55_50\VSTest_JSON_SuggestedActions_SortProperties_IsPresent_Timedout.jpg'.
        (02:00:29.583) [Platform:Testcase] The host with process id '12976' was shutdown.
        (02:00:32.262) [Platform:VenusHost] Compose Batch: 00:00:02.3529249
        (02:00:35.957) [Platform:VenusHost] Host Process is being started. Executable = 'C:\Program Files (x86)\Microsoft Visual Studio\Preview\Enterprise\Common7\IDE\devenv.exe'.
        (02:00:36.166) [Platform:VenusHost] Host Process is started. PID = 9768.
        (02:00:36.350) [Platform:VenusHost] Host process 'devenv' (id: 9768) is now idle/ready.
        (02:00:40.415) [Platform:Microsoft.Test.Apex.Hosts.Services.RemoteServiceInitializer] Using remote code injector service 'RemoteCodeInjectorService' for the operation 'ManagedAuto'.
        + Visual Studio Host Creation
            (02:00:47.703) [Platform:Testcase] Target Executable: 'C:\Program Files (x86)\Microsoft Visual Studio\Preview\Enterprise\Common7\IDE\devenv.exe'.
            (02:00:47.852) [Platform:Testcase] Process Id: '9768'.
            (02:00:47.989) [Platform:Testcase] UI Culture: 'English (United States)'.
            (02:00:48.134) [Platform:Testcase] Build Number: '15.0.27615'.
        (02:00:48.627) [Visual Studio Host (9768):RoamingSettingsService] Disabling roaming settings.
        (02:00:48.815) [Visual Studio Host (9768):SettingsService] Setting Visual Studio option 'Environment\RoamingSettings\RoamingEnabled' to 'False'.
        (02:00:51.637) [Visual Studio Host (9768):SolutionService] Opening solution file 'file:///C:/TestBin/IntegrationTests/MS.VS.Web.Editors/webs/misc.sln' with asynchronous load data available.  WaitForFullyLoadedOnOpen set to 'True'. Apex will wait for all async project loads to complete before proceeding.
            (02:00:51.921) [Visual Studio Host (9768):SolutionService] Solution load behavior is set to 'Realtime'.
        + Waiting for the solution to fully load.
        (02:01:09.264) [Visual Studio Host (9768):TextEditorDocumentWindowTestExtension] Showing window 'validationPass.json' without activating the window.
        (02:01:09.808) [Visual Studio Host (9768):TextEditorDocumentWindowTestExtension] Showing window 'validationPass.json'.
        (02:01:10.218) [Visual Studio Host (9768):VisualStudioTextEditorTestExtension] Setting keyboard focus to editor 'validationPass.json'.
        (02:01:10.864) [Visual Studio Host (9768):MainWindowService] Activating main window to bring it to the foreground.
        (02:01:12.377) [Visual Studio Host (9768):MainWindowService] Setting main window state to 'Maximized'.
    (02:01:13.639) [Visual Studio Host (9768):TextEditorDocumentWindowTestExtension] Showing window 'validationPass.json' without activating the window.
    (02:01:13.821) [Visual Studio Host (9768):TextEditorDocumentWindowTestExtension] Showing window 'validationPass.json'.
    (02:01:14.173) [Visual Studio Host (9768):ToolWindowTestExtension] Showing window 'Error List ...' without activating the window.
    (02:01:14.368) [Visual Studio Host (9768):ToolWindowTestExtension] Showing window 'Error List ...'.
    (02:01:14.771) [Visual Studio Host (9768):ToolWindowTestExtension] Showing window 'Error List ...' without activating the window.
    (02:01:14.999) [Visual Studio Host (9768):ToolWindowTestExtension] Showing window 'Error List ...' without activating the window.
    (02:01:15.237) [Visual Studio Host (9768):ErrorListService] Showing error list error items.
    (02:01:15.462) [Visual Studio Host (9768):ToolWindowTestExtension] Showing window 'Error List ...' without activating the window.
    (02:01:15.672) [Visual Studio Host (9768):ErrorListService] Showing error list message items.
    (02:01:15.901) [Visual Studio Host (9768):ToolWindowTestExtension] Showing window 'Error List ...' without activating the window.
    (02:01:16.112) [Visual Studio Host (9768):ErrorListService] Showing error list warning items.
    (02:01:18.365) [Visual Studio Host (9768):TextEditorDocumentWindowTestExtension] Showing window 'validationPass.json' without activating the window.
    (02:01:19.768) [Visual Studio Host (9768):TextEditorDocumentWindowTestExtension] Showing window 'validationPass.json'.
    + ExternalProcessHostTest TestCleanup
        (02:01:22.509) [Visual Studio Host (9768):TextEditorDocumentWindowTestExtension] Closing window 'validationPass.json'.
        (02:01:24.309) [Platform:Testcase] Test 'VSTest_JSON_SchemaValidation_NoValidationErrors' has 'Passed' outcome. Therefore, Apex will not shut down the 'Visual Studio Host (9768)' with process ID '9768'. A subsequent test scenario will run on the same instance of the host.
    + Final Test Result Verification
        (02:01:24.887) [Platform:DelayedAssertionVerifierSink] Verification Success: 0 verification steps failed.
    + ApexTest TestCleanup</StdOut>
      </Output>
      <ResultFiles>
        <ResultFile path="WNVM19648\Fail.22wpw0oka5fs.png" />
        <ResultFile path="WNVM19648\Fail.24wtv1jnawc3.png" />
        <ResultFile path="WNVM19648\Fail.2dvw33g3abcx.png" />
        <ResultFile path="WNVM19648\Fail.2lws5epta1gw.png" />
        <ResultFile path="WNVM19648\Fail.33ju4eduay3u.png" />
        <ResultFile path="WNVM19648\Fail.3poblbx4alvv.png" />
        <ResultFile path="WNVM19648\Fail.4p531ykxaqdb.png" />
        <ResultFile path="WNVM19648\Fail.5erbsz3aa4ay.png" />
        <ResultFile path="WNVM19648\Fail.ashpv3rjajjr.png" />
        <ResultFile path="WNVM19648\Fail.aswak04hapa5.png" />
        <ResultFile path="WNVM19648\Fail.azqsczivabnm.png" />
        <ResultFile path="WNVM19648\Fail.byuslv5baqsd.png" />
        <ResultFile path="WNVM19648\Fail.bz134qwyax2e.png" />
        <ResultFile path="WNVM19648\Fail.czhshhzmawco.png" />
        <ResultFile path="WNVM19648\Fail.ek4tb3wmalyl.png" />
        <ResultFile path="WNVM19648\Fail.hxi2cahnapy2.png" />
        <ResultFile path="WNVM19648\Fail.ig2gsfz5ad1y.png" />
        <ResultFile path="WNVM19648\Fail.iymeazuqablz.png" />
        <ResultFile path="WNVM19648\Fail.jpga4adlarrf.png" />
        <ResultFile path="WNVM19648\Fail.kfb5og41ajlt.png" />
        <ResultFile path="WNVM19648\Fail.kxs1ersmaxma.png" />
        <ResultFile path="WNVM19648\Fail.lbyrcmqbastb.png" />
        <ResultFile path="WNVM19648\Fail.loc0xhl5a2hr.png" />
        <ResultFile path="WNVM19648\Fail.lthgvalfaxfr.png" />
        <ResultFile path="WNVM19648\Fail.mazsob3aamsp.png" />
        <ResultFile path="WNVM19648\Fail.n13clx4iaowv.png" />
        <ResultFile path="WNVM19648\Fail.o4kkrjboasbk.png" />
        <ResultFile path="WNVM19648\Fail.o5zf0zepaw0l.png" />
        <ResultFile path="WNVM19648\Fail.pdo2mhdtanq2.png" />
        <ResultFile path="WNVM19648\Fail.pprwzak1ac5h.png" />
        <ResultFile path="WNVM19648\Fail.qagtqbftat3h.png" />
        <ResultFile path="WNVM19648\Fail.qbnuydioazjy.png" />
        <ResultFile path="WNVM19648\Fail.raasvsmeanc1.png" />
        <ResultFile path="WNVM19648\Fail.rymman3va50a.png" />
        <ResultFile path="WNVM19648\Fail.sidku4gxamg4.png" />
        <ResultFile path="WNVM19648\Fail.swwzdfhraz25.png" />
        <ResultFile path="WNVM19648\Fail.t4yj0fxuatil.png" />
        <ResultFile path="WNVM19648\Fail.v0ywfcwsa23p.png" />
        <ResultFile path="WNVM19648\Fail.vjqtiv2zaclz.png" />
        <ResultFile path="WNVM19648\Fail.wiz4mofdavag.png" />
        <ResultFile path="WNVM19648\Fail.yd3ferxiaq1c.png" />
        <ResultFile path="WNVM19648\Fail.z10rn0n5ajdm.png" />
        <ResultFile path="WNVM19648\Fail.z2gelfy0aa1q.png" />
        <ResultFile path="WNVM19648\Fail.zpuouf2fa0ib.png" />
        <ResultFile path="WNVM19648\Failure.jpg" />
        <ResultFile path="WNVM19648\Failure[1].jpg" />
        <ResultFile path="WNVM19648\OmniLog.html" />
        <ResultFile path="WNVM19648\OmniLogRawXml.xml" />
        <ResultFile path="WNVM19648\VSTest_BowerIntelliSenseTests_CaseSensitivity_Timedout.jpg" />
        <ResultFile path="WNVM19648\VSTest_BowerIntelliSenseTests_CaseSensitivity_Timedout[1].jpg" />
        <ResultFile path="WNVM19648\VSTest_BowerIntelliSenseTests_End_To_End_Timedout.jpg" />
        <ResultFile path="WNVM19648\VSTest_BowerIntelliSenseTests_End_To_End_Timedout[1].jpg" />
        <ResultFile path="WNVM19648\VSTest_BowerIntelliSenseTests_UnavailableVersion_Timedout.jpg" />
        <ResultFile path="WNVM19648\VSTest_BowerIntelliSenseTests_UnavailableVersion_Timedout[1].jpg" />
        <ResultFile path="WNVM19648\VSTest_Generate_AttrModel_Methods_WAP_Code_Behind_CS_Timedout.jpg" />
        <ResultFile path="WNVM19648\VSTest_Generate_AttrModel_Methods_WAP_Code_Behind_CS_Timedout[1].jpg" />
        <ResultFile path="WNVM19648\VSTest_HitBreakpointAndEditInCSHtml_Timedout.jpg" />
        <ResultFile path="WNVM19648\VSTest_HitBreakpointAndEditInCSHtml_Timedout[1].jpg" />
        <ResultFile path="WNVM19648\VSTest_Html_Drag_Drop_JavascriptFile_Timedout.jpg" />
        <ResultFile path="WNVM19648\VSTest_Html_Drag_Drop_JavascriptFile_Timedout[1].jpg" />
        <ResultFile path="WNVM19648\VSTest_JSON_AutoStructureWithExistingComma_Timedout.jpg" />
        <ResultFile path="WNVM19648\VSTest_JSON_AutoStructureWithExistingComma_Timedout[1].jpg" />
        <ResultFile path="WNVM19648\VSTest_JSON_Schema_CatalogReload_Timedout.jpg" />
        <ResultFile path="WNVM19648\VSTest_JSON_Schema_CatalogReload_Timedout[1].jpg" />
        <ResultFile path="WNVM19648\VSTest_JSON_Schema_Catalog_Timedout.jpg" />
        <ResultFile path="WNVM19648\VSTest_JSON_Schema_Catalog_Timedout[1].jpg" />
        <ResultFile path="WNVM19648\VSTest_JSON_SuggestedActions_SortProperties_IsPresent_Timedout.jpg" />
        <ResultFile path="WNVM19648\VSTest_NPMIntelliSenseTests_End_To_End_Timedout.jpg" />
        <ResultFile path="WNVM19648\VSTest_NPMIntelliSenseTests_End_To_End_Timedout[1].jpg" />
        <ResultFile path="WNVM19648\VSTest_NPM_Completion_ScopedPackage_Timedout.jpg" />
        <ResultFile path="WNVM19648\VSTest_NPM_Completion_ScopedPackage_Timedout[1].jpg" />
        <ResultFile path="WNVM19648\VSTest_NPM_NavigateToHomepage_Timedout.jpg" />
        <ResultFile path="WNVM19648\VSTest_NPM_NavigateToHomepage_Timedout[1].jpg" />
        <ResultFile path="WNVM19648\VSTest_Parser_PTagTest_Timedout.jpg" />
        <ResultFile path="WNVM19648\VSTest_Parser_PTagTest_Timedout[1].jpg" />
        <ResultFile path="WNVM19648\VSTest_Razor_TagHelpers_OptOut_Timedout.jpg" />
        <ResultFile path="WNVM19648\VSTest_Razor_TagHelpers_OptOut_Timedout[1].jpg" />
        <ResultFile path="WNVM19648\VSTest_Razor_TagHelpers_Update_CS_File_And_Build_Timedout.jpg" />
        <ResultFile path="WNVM19648\VSTest_Razor_TagHelpers_Update_CS_File_And_Build_Timedout[1].jpg" />
        <ResultFile path="WNVM19648\VSTest_Script_Completion_Top_Level_Timedout.jpg" />
        <ResultFile path="WNVM19648\VSTest_Script_Completion_Top_Level_Timedout[1].jpg" />
        <ResultFile path="WNVM19648\VSTest_SmartIndentInJSInRazorV4_Timedout.jpg" />
        <ResultFile path="WNVM19648\VSTest_SmartIndentInJSInRazorV4_Timedout[1].jpg" />
      </ResultFiles>
    </UnitTestResult>
    <UnitTestResult executionId="1100210f-9627-424a-a94e-d1220f6385ab" testId="ef86bb61-c5ca-31ea-2481-4b4d48cb1b1e" testName="VSTest_CssCompletion_HtmlNames2" computerName="WNVM19648" duration="00:00:00.0799987" startTime="2018-04-17T00:30:52.7667306-07:00" endTime="2018-04-17T00:30:52.8467293-07:00" testType="13cdc9d9-ddb5-4fa4-a97d-d965ccfc6d4b" outcome="Failed" testListId="8c84fa94-04c1-424b-9868-57a2d4851a1d" relativeResultsDirectory="1100210f-9627-424a-a94e-d1220f6385ab">
      <Output>
        <StdOut>+ CssCompletionTests::VSTest_CssCompletion_HtmlNames2
    + ApexTest TestInitialize</StdOut>
        <ErrorInfo>
          <Message>Initialization method Microsoft.Test.Apex.ExternalProcessHostTest`2[[Microsoft.Test.Apex.VisualStudio.VisualStudioHostConfiguration, Microsoft.Test.Apex.VisualStudio, Version=15.0.0.0, Culture=neutral, PublicKeyToken=b03f5f7f11d50a3a],[Microsoft.Test.Apex.VisualStudio.VisualStudioHost, Microsoft.Test.Apex.VisualStudio, Version=15.0.0.0, Culture=neutral, PublicKeyToken=b03f5f7f11d50a3a]].TestInitialize threw exception. System.IO.IOException: The process cannot access the file 'C:\school\OmniLog.html' because it is being used by another process.</Message>
          <StackTrace>   at System.IO.__Error.WinIOError(Int32 errorCode, String maybeFullPath)
   at System.IO.FileStream.Init(String path, FileMode mode, FileAccess access, Int32 rights, Boolean useRights, FileShare share, Int32 bufferSize, FileOptions options, SECURITY_ATTRIBUTES secAttrs, String msgPath, Boolean bFromProxy, Boolean useLongPath, Boolean checkHost)
   at System.IO.FileStream..ctor(String path, FileMode mode, FileAccess access)
   at Omni.Logging.Sinks.IncrementalSummarySink.PrepareForWrite() in F:\dd\src\Omni\Log\Omni.Log\Sinks\IncrementalSummarySink.cs:line 169
   at Omni.Logging.Sinks.IncrementalSummarySink.Append(ILogMessage message) in F:\dd\src\Omni\Log\Omni.Log\Sinks\IncrementalSummarySink.cs:line 74
   at Omni.Logging.OmniLog.SendToSinks(LogMessage message) in F:\dd\src\Omni\Log\Omni.Log\OmniLog.cs:line 968
   at Omni.Logging.Log.BeginGroup(String message) in F:\dd\src\Omni\Log\Omni.Log\OmniLog.cs:line 1402
   at Microsoft.Test.Apex.Services.Logging.TestLoggerSinks.OmniLog.OmniLogSink.ActualSink.ScopeEntered(IExecutionScopeHandle scope) in F:\dd\src\omni\Apex\MsTestIntegration\Services\OmniLog\OmniLogSink.cs:line 318
   at Microsoft.Test.Apex.Services.Logging.TestLoggerSinks.OmniLog.OmniLogSink.ScopeEntered(IExecutionScopeHandle scope) in F:\dd\src\omni\Apex\MsTestIntegration\Services\OmniLog\OmniLogSink.cs:line 146
   at Microsoft.Test.Apex.Services.ExecutionScopeService.Enter(TestExecutionPoint testExecutionPoint, String scopeName, Boolean enterVerificationScope, Object context) in F:\dd\src\omni\Apex\Framework\Services\ExecutionScope\ExecutionScopeService.cs:line 228
   at Microsoft.Test.Apex.Services.ExecutionScopeService.Enter(String scopeName, Boolean enterVerificationScope, Object context) in F:\dd\src\omni\Apex\Framework\Services\ExecutionScope\ExecutionScopeService.cs:line 202
   at Microsoft.Test.Apex.Services.ExecutionScopeService.Enter(String scopeName) in F:\dd\src\omni\Apex\Framework\Services\ExecutionScope\ExecutionScopeService.cs:line 80
   at Microsoft.Test.Apex.ApexTest.TestInitialize() in F:\dd\src\omni\Apex\MsTestIntegration\ApexTest.cs:line 423
   at Microsoft.Test.Apex.ExternalProcessHostTest`2.TestInitialize() in F:\dd\src\omni\Apex\MsTestIntegration\ExternalProcessHostTest.cs:line 108</StackTrace>
        </ErrorInfo>
      </Output>
    </UnitTestResult>
    <UnitTestResult executionId="d6b25d0e-b290-4aac-96f8-081a19643c1f" testId="8e7fc31a-a5f7-7d1f-e6e1-6f104fde9a53" testName="VSTest_LessCompletion_SignatureHelp" computerName="WNVM19648" duration="00:00:13.9504783" startTime="2018-04-17T02:28:02.7184724-07:00" endTime="2018-04-17T02:28:16.6689507-07:00" testType="13cdc9d9-ddb5-4fa4-a97d-d965ccfc6d4b" outcome="Passed" testListId="8c84fa94-04c1-424b-9868-57a2d4851a1d" relativeResultsDirectory="d6b25d0e-b290-4aac-96f8-081a19643c1f">
      <Output>
        <StdOut>+ LessCompletionTests::VSTest_LessCompletion_SignatureHelp
    + ApexTest TestInitialize
    + ExternalProcessHostTest TestInitialize
        (02:29:44.516) [Visual Studio Host (8832):RoamingSettingsService] Disabling roaming settings.
        (02:29:44.675) [Visual Studio Host (8832):SettingsService] Setting Visual Studio option 'Environment\RoamingSettings\RoamingEnabled' to 'False'.
        (02:29:45.303) [Visual Studio Host (8832):TextEditorDocumentWindowTestExtension] Showing window 'vars.less' without activating the window.
        (02:29:45.531) [Visual Studio Host (8832):TextEditorDocumentWindowTestExtension] Showing window 'vars.less'.
        (02:29:45.733) [Visual Studio Host (8832):VisualStudioTextEditorTestExtension] Setting keyboard focus to editor 'vars.less'.
        (02:29:45.921) [Visual Studio Host (8832):MainWindowService] Activating main window to bring it to the foreground.
        (02:29:46.114) [Visual Studio Host (8832):MainWindowService] Setting main window state to 'Maximized'.
    (02:29:46.486) [Visual Studio Host (8832):TextEditorDocumentWindowTestExtension] Showing window 'vars.less' without activating the window.
    (02:29:46.693) [Visual Studio Host (8832):TextEditorDocumentWindowTestExtension] Showing window 'vars.less'.
    (02:29:46.916) [Visual Studio Host (8832):VisualStudioCaretTestExtension] Moving the caret from (Ln: 1, Ch: 1) to line '5'
    (02:29:47.112) [Visual Studio Host (8832):VisualStudioTextEditorTestExtension] Setting keyboard focus to editor 'vars.less'.
    (02:29:47.322) [Visual Studio Host (8832):TextEditorDocumentWindowTestExtension] Showing window 'vars.less' without activating the window.
    (02:29:47.508) [Visual Studio Host (8832):TextEditorDocumentWindowTestExtension] Showing window 'vars.less'.
    (02:29:47.803) [Visual Studio Host (8832):TextEditorDocumentWindowTestExtension] Showing window 'vars.less' without activating the window.
    (02:29:47.986) [Visual Studio Host (8832):TextEditorDocumentWindowTestExtension] Showing window 'vars.less'.
    (02:29:48.157) [Visual Studio Host (8832):KeyboardCommands] Sending the Return key 1 times.
    (02:29:48.370) [Visual Studio Host (8832):TextEditorDocumentWindowTestExtension] Showing window 'vars.less' without activating the window.
    (02:29:48.571) [Visual Studio Host (8832):TextEditorDocumentWindowTestExtension] Showing window 'vars.less'.
    (02:29:48.849) [Visual Studio Host (8832):TextEditorDocumentWindowTestExtension] Showing window 'vars.less' without activating the window.
    (02:29:49.018) [Visual Studio Host (8832):TextEditorDocumentWindowTestExtension] Showing window 'vars.less'.
    (02:29:49.226) [Visual Studio Host (8832):KeyboardCommands] Sending the Return key 1 times.
    (02:29:49.440) [Visual Studio Host (8832):TextEditorDocumentWindowTestExtension] Showing window 'vars.less' without activating the window.
    (02:29:49.650) [Visual Studio Host (8832):TextEditorDocumentWindowTestExtension] Showing window 'vars.less'.
    (02:29:50.071) [Visual Studio Host (8832):TextEditorDocumentWindowTestExtension] Showing window 'vars.less' without activating the window.
    (02:29:50.255) [Visual Studio Host (8832):TextEditorDocumentWindowTestExtension] Showing window 'vars.less'.
    (02:29:50.411) [Visual Studio Host (8832):VisualStudioCaretTestExtension] Moving the caret from (Ln: 7, Ch: 17) left '6' characters
    (02:29:50.585) [Visual Studio Host (8832):VisualStudioTextEditorTestExtension] Setting keyboard focus to editor 'vars.less'.
    (02:29:50.793) [Visual Studio Host (8832):TextEditorDocumentWindowTestExtension] Showing window 'vars.less' without activating the window.
    (02:29:50.938) [Visual Studio Host (8832):TextEditorDocumentWindowTestExtension] Showing window 'vars.less'.
    (02:29:51.136) [Visual Studio Host (8832):VisualStudioIntellisenseService] Invoking signature help at '(Ln: 7, Ch: 11)'.
    (02:29:51.389) [Visual Studio Host (8832):TextEditorDocumentWindowTestExtension] Showing window 'vars.less' without activating the window.
    (02:29:51.544) [Visual Studio Host (8832):TextEditorDocumentWindowTestExtension] Showing window 'vars.less'.
    (02:29:51.757) [Visual Studio Host (8832):TextEditorDocumentWindowTestExtension] Showing window 'vars.less' without activating the window.
    (02:29:51.949) [Visual Studio Host (8832):TextEditorDocumentWindowTestExtension] Showing window 'vars.less'.
    (02:29:52.169) [Visual Studio Host (8832):VisualStudioCaretTestExtension] Moving the caret from (Ln: 7, Ch: 11) right '2' characters
    (02:29:52.355) [Visual Studio Host (8832):VisualStudioTextEditorTestExtension] Setting keyboard focus to editor 'vars.less'.
    (02:29:52.567) [Visual Studio Host (8832):TextEditorDocumentWindowTestExtension] Showing window 'vars.less' without activating the window.
    (02:29:52.722) [Visual Studio Host (8832):TextEditorDocumentWindowTestExtension] Showing window 'vars.less'.
    (02:29:52.890) [Visual Studio Host (8832):VisualStudioIntellisenseService] Invoking signature help at '(Ln: 7, Ch: 13)'.
    (02:29:53.103) [Visual Studio Host (8832):TextEditorDocumentWindowTestExtension] Showing window 'vars.less' without activating the window.
    (02:29:53.261) [Visual Studio Host (8832):TextEditorDocumentWindowTestExtension] Showing window 'vars.less'.
    (02:29:53.469) [Visual Studio Host (8832):TextEditorDocumentWindowTestExtension] Showing window 'vars.less' without activating the window.
    (02:29:53.646) [Visual Studio Host (8832):TextEditorDocumentWindowTestExtension] Showing window 'vars.less'.
    (02:29:53.842) [Visual Studio Host (8832):VisualStudioCaretTestExtension] Moving the caret from (Ln: 7, Ch: 13) right '2' characters
    (02:29:54.001) [Visual Studio Host (8832):VisualStudioTextEditorTestExtension] Setting keyboard focus to editor 'vars.less'.
    (02:29:54.173) [Visual Studio Host (8832):TextEditorDocumentWindowTestExtension] Showing window 'vars.less' without activating the window.
    (02:29:54.360) [Visual Studio Host (8832):TextEditorDocumentWindowTestExtension] Showing window 'vars.less'.
    (02:29:54.560) [Visual Studio Host (8832):VisualStudioIntellisenseService] Invoking signature help at '(Ln: 7, Ch: 15)'.
    (02:29:54.722) [Visual Studio Host (8832):VisualStudioIntellisenseService] Did not find an active signature help session. Please use Verify.IsSignatureHelpPresent() to make sure that the signatureHelp is present before requesting the SignatureHelp session.
    Warning: (02:29:54.866) [Visual Studio Host (8832):VisualStudioIntellisenseService] No signature help session provided to create a test extension.
    (02:29:55.022) [Visual Studio Host (8832):TextEditorDocumentWindowTestExtension] Showing window 'vars.less' without activating the window.
    (02:29:55.195) [Visual Studio Host (8832):TextEditorDocumentWindowTestExtension] Showing window 'vars.less'.
    (02:29:55.356) [Visual Studio Host (8832):TextEditorDocumentWindowTestExtension] Showing window 'vars.less' without activating the window.
    (02:29:55.509) [Visual Studio Host (8832):TextEditorDocumentWindowTestExtension] Showing window 'vars.less'.
    + ExternalProcessHostTest TestCleanup
        (02:29:55.896) [Visual Studio Host (8832):TextEditorDocumentWindowTestExtension] Closing window 'vars.less'.
        (02:29:56.273) [Platform:Testcase] Test 'VSTest_LessCompletion_SignatureHelp' has 'Passed' outcome. Therefore, Apex will not shut down the 'Visual Studio Host (8832)' with process ID '8832'. A subsequent test scenario will run on the same instance of the host.
    + Final Test Result Verification
        (02:29:56.914) [Platform:DelayedAssertionVerifierSink] Verification Success: 0 verification steps failed.
    + ApexTest TestCleanup</StdOut>
      </Output>
      <ResultFiles>
        <ResultFile path="WNVM19648\Fail.1naitrosadk5.png" />
        <ResultFile path="WNVM19648\Fail.22wpw0oka5fs.png" />
        <ResultFile path="WNVM19648\Fail.24wtv1jnawc3.png" />
        <ResultFile path="WNVM19648\Fail.2dvw33g3abcx.png" />
        <ResultFile path="WNVM19648\Fail.2lws5epta1gw.png" />
        <ResultFile path="WNVM19648\Fail.2osatv43agzz.png" />
        <ResultFile path="WNVM19648\Fail.33ju4eduay3u.png" />
        <ResultFile path="WNVM19648\Fail.3poblbx4alvv.png" />
        <ResultFile path="WNVM19648\Fail.4p531ykxaqdb.png" />
        <ResultFile path="WNVM19648\Fail.5ckvvlpiahzj.png" />
        <ResultFile path="WNVM19648\Fail.5erbsz3aa4ay.png" />
        <ResultFile path="WNVM19648\Fail.ashpv3rjajjr.png" />
        <ResultFile path="WNVM19648\Fail.aswak04hapa5.png" />
        <ResultFile path="WNVM19648\Fail.azqsczivabnm.png" />
        <ResultFile path="WNVM19648\Fail.byuslv5baqsd.png" />
        <ResultFile path="WNVM19648\Fail.bz134qwyax2e.png" />
        <ResultFile path="WNVM19648\Fail.cwkly5opaa5x.png" />
        <ResultFile path="WNVM19648\Fail.czhshhzmawco.png" />
        <ResultFile path="WNVM19648\Fail.ek4tb3wmalyl.png" />
        <ResultFile path="WNVM19648\Fail.fdtmbjciavfs.png" />
        <ResultFile path="WNVM19648\Fail.fh0tepfdaffp.png" />
        <ResultFile path="WNVM19648\Fail.hxi2cahnapy2.png" />
        <ResultFile path="WNVM19648\Fail.ig2gsfz5ad1y.png" />
        <ResultFile path="WNVM19648\Fail.iwqb3wycasom.png" />
        <ResultFile path="WNVM19648\Fail.iymeazuqablz.png" />
        <ResultFile path="WNVM19648\Fail.jpga4adlarrf.png" />
        <ResultFile path="WNVM19648\Fail.k12p4vaeagac.png" />
        <ResultFile path="WNVM19648\Fail.kfb5og41ajlt.png" />
        <ResultFile path="WNVM19648\Fail.kp4fcfcpa5bw.png" />
        <ResultFile path="WNVM19648\Fail.kxs1ersmaxma.png" />
        <ResultFile path="WNVM19648\Fail.lbyrcmqbastb.png" />
        <ResultFile path="WNVM19648\Fail.loc0xhl5a2hr.png" />
        <ResultFile path="WNVM19648\Fail.lthgvalfaxfr.png" />
        <ResultFile path="WNVM19648\Fail.mazsob3aamsp.png" />
        <ResultFile path="WNVM19648\Fail.n13clx4iaowv.png" />
        <ResultFile path="WNVM19648\Fail.n3c2bmltan5e.png" />
        <ResultFile path="WNVM19648\Fail.o4kkrjboasbk.png" />
        <ResultFile path="WNVM19648\Fail.o5zf0zepaw0l.png" />
        <ResultFile path="WNVM19648\Fail.pdo2mhdtanq2.png" />
        <ResultFile path="WNVM19648\Fail.pprwzak1ac5h.png" />
        <ResultFile path="WNVM19648\Fail.qagtqbftat3h.png" />
        <ResultFile path="WNVM19648\Fail.qbnuydioazjy.png" />
        <ResultFile path="WNVM19648\Fail.raasvsmeanc1.png" />
        <ResultFile path="WNVM19648\Fail.rymman3va50a.png" />
        <ResultFile path="WNVM19648\Fail.sidku4gxamg4.png" />
        <ResultFile path="WNVM19648\Fail.swwzdfhraz25.png" />
        <ResultFile path="WNVM19648\Fail.t4yj0fxuatil.png" />
        <ResultFile path="WNVM19648\Fail.v0ywfcwsa23p.png" />
        <ResultFile path="WNVM19648\Fail.vjqtiv2zaclz.png" />
        <ResultFile path="WNVM19648\Fail.w3wlbab1aii5.png" />
        <ResultFile path="WNVM19648\Fail.wiz4mofdavag.png" />
        <ResultFile path="WNVM19648\Fail.xasrdkzvaogc.png" />
        <ResultFile path="WNVM19648\Fail.yd3ferxiaq1c.png" />
        <ResultFile path="WNVM19648\Fail.z10rn0n5ajdm.png" />
        <ResultFile path="WNVM19648\Fail.z2gelfy0aa1q.png" />
        <ResultFile path="WNVM19648\Fail.zpuouf2fa0ib.png" />
        <ResultFile path="WNVM19648\OmniLog.html" />
        <ResultFile path="WNVM19648\OmniLogRawXml.xml" />
      </ResultFiles>
    </UnitTestResult>
    <UnitTestResult executionId="eb4dd7c2-4a1c-4276-b9c9-c6e0dbbd3755" testId="7ce7c17d-5e83-0c4c-105b-ac44287c5ea6" testName="VSTest_RazorV4CsPasteBesidesAtSign" computerName="WNVM19648" startTime="2018-04-17T01:05:19.2666280-07:00" endTime="2018-04-17T01:05:19.2666280-07:00" testType="13cdc9d9-ddb5-4fa4-a97d-d965ccfc6d4b" outcome="NotExecuted" testListId="8c84fa94-04c1-424b-9868-57a2d4851a1d" relativeResultsDirectory="eb4dd7c2-4a1c-4276-b9c9-c6e0dbbd3755">
      <Output>
      </Output>
    </UnitTestResult>
    <UnitTestResult executionId="a7c14e7c-5a10-4095-9c5a-61bb2ea3093b" testId="17e7be92-22b4-92e4-dec2-69e303209ca5" testName="VSTest_RazorV4Cs_FormatDocument_WithIndentSizeOption" computerName="WNVM19648" duration="00:00:05.1355325" startTime="2018-04-17T01:02:32.3492258-07:00" endTime="2018-04-17T01:02:37.4847583-07:00" testType="13cdc9d9-ddb5-4fa4-a97d-d965ccfc6d4b" outcome="Passed" testListId="8c84fa94-04c1-424b-9868-57a2d4851a1d" relativeResultsDirectory="a7c14e7c-5a10-4095-9c5a-61bb2ea3093b">
      <Output>
        <StdOut>+ CSharpFormattingTests::VSTest_RazorV4Cs_FormatDocument_WithIndentSizeOption
    + ApexTest TestInitialize
    + ExternalProcessHostTest TestInitialize
        (01:04:14.119) [Visual Studio Host (4384):RoamingSettingsService] Disabling roaming settings.
        (01:04:14.272) [Visual Studio Host (4384):SettingsService] Setting Visual Studio option 'Environment\RoamingSettings\RoamingEnabled' to 'False'.
        (01:04:14.669) [Visual Studio Host (4384):TextEditorDocumentWindowTestExtension] Showing window 'FormatDocument.cshtml' without activating the window.
        (01:04:14.977) [Visual Studio Host (4384):TextEditorDocumentWindowTestExtension] Showing window 'FormatDocument.cshtml'.
        (01:04:15.169) [Visual Studio Host (4384):VisualStudioTextEditorTestExtension] Setting keyboard focus to editor 'FormatDocument.cshtml'.
        (01:04:15.306) [Visual Studio Host (4384):SettingsService] Getting value of Visual Studio Setting 'TextEditor\HTMLX\IndentSize'. 
        (01:04:15.440) [Visual Studio Host (4384):SettingsService] Setting Visual Studio option 'TextEditor\HTMLX\IndentSize' to '8'.
        (01:04:15.618) [Visual Studio Host (4384):MainWindowService] Activating main window to bring it to the foreground.
        (01:04:15.849) [Visual Studio Host (4384):MainWindowService] Setting main window state to 'Maximized'.
    (01:04:16.485) [Visual Studio Host (4384):TextEditorDocumentWindowTestExtension] Showing window 'FormatDocument.cshtml' without activating the window.
    (01:04:16.612) [Visual Studio Host (4384):TextEditorDocumentWindowTestExtension] Showing window 'FormatDocument.cshtml'.
    + ExternalProcessHostTest TestCleanup
        (01:04:16.964) [Visual Studio Host (4384):SettingsService] Setting Visual Studio option 'TextEditor\HTMLX\IndentSize' to '4'.
        (01:04:17.181) [Visual Studio Host (4384):TextEditorDocumentWindowTestExtension] Closing window 'FormatDocument.cshtml'.
        (01:04:17.465) [Platform:Testcase] Test 'VSTest_RazorV4Cs_FormatDocument_WithIndentSizeOption' has 'Passed' outcome. Therefore, Apex will not shut down the 'Visual Studio Host (4384)' with process ID '4384'. A subsequent test scenario will run on the same instance of the host.
    + Final Test Result Verification
        (01:04:17.907) [Platform:DelayedAssertionVerifierSink] Verification Success: 0 verification steps failed.
    + ApexTest TestCleanup</StdOut>
      </Output>
      <ResultFiles>
        <ResultFile path="WNVM19648\Fail.azqsczivabnm.png" />
        <ResultFile path="WNVM19648\Fail.ig2gsfz5ad1y.png" />
        <ResultFile path="WNVM19648\Fail.o5zf0zepaw0l.png" />
        <ResultFile path="WNVM19648\Fail.raasvsmeanc1.png" />
        <ResultFile path="WNVM19648\Fail.t4yj0fxuatil.png" />
        <ResultFile path="WNVM19648\Fail.z10rn0n5ajdm.png" />
        <ResultFile path="WNVM19648\OmniLog.html" />
        <ResultFile path="WNVM19648\OmniLogRawXml.xml" />
      </ResultFiles>
    </UnitTestResult>
    <UnitTestResult executionId="b9738834-7e05-4b98-a11e-767c02816882" testId="64cc54a6-7da9-29a4-5d6f-2b54d5a5db0b" testName="VSTest_RazorV2VbFormattingTest" computerName="WNVM19648" startTime="2018-04-17T01:01:23.1005344-07:00" endTime="2018-04-17T01:01:23.1005344-07:00" testType="13cdc9d9-ddb5-4fa4-a97d-d965ccfc6d4b" outcome="NotExecuted" testListId="8c84fa94-04c1-424b-9868-57a2d4851a1d" relativeResultsDirectory="b9738834-7e05-4b98-a11e-767c02816882">
      <Output>
      </Output>
    </UnitTestResult>
    <UnitTestResult executionId="5fe90692-e03d-4008-8a16-219a4d816b17" testId="7d35a375-4b27-3dad-daf3-bf093cbbe190" testName="VSTest_JSON_FormatOnPaste_Disabled" computerName="WNVM19648" duration="00:00:06.7632832" startTime="2018-04-17T02:17:01.5327844-07:00" endTime="2018-04-17T02:17:08.2960676-07:00" testType="13cdc9d9-ddb5-4fa4-a97d-d965ccfc6d4b" outcome="Passed" testListId="8c84fa94-04c1-424b-9868-57a2d4851a1d" relativeResultsDirectory="5fe90692-e03d-4008-8a16-219a4d816b17">
      <Output>
        <StdOut>+ JsonFormatOnPasteTests::VSTest_JSON_FormatOnPaste_Disabled
    + ApexTest TestInitialize
    + ExternalProcessHostTest TestInitialize
        (02:18:43.373) [Visual Studio Host (4596):RoamingSettingsService] Disabling roaming settings.
        (02:18:43.561) [Visual Studio Host (4596):SettingsService] Setting Visual Studio option 'Environment\RoamingSettings\RoamingEnabled' to 'False'.
        (02:18:44.060) [Visual Studio Host (4596):TextEditorDocumentWindowTestExtension] Showing window 'EmptyWithoutSchema.json' without activating the window.
        (02:18:44.217) [Visual Studio Host (4596):TextEditorDocumentWindowTestExtension] Showing window 'EmptyWithoutSchema.json'.
        (02:18:44.389) [Visual Studio Host (4596):VisualStudioTextEditorTestExtension] Setting keyboard focus to editor 'EmptyWithoutSchema.json'.
        (02:18:44.607) [Visual Studio Host (4596):SettingsService] Getting value of Visual Studio Setting 'TextEditor\JSON Specific\FormatOnPaste'. 
        (02:18:44.811) [Visual Studio Host (4596):SettingsService] Setting Visual Studio option 'TextEditor\JSON Specific\FormatOnPaste' to 'False'.
        (02:18:45.047) [Visual Studio Host (4596):MainWindowService] Activating main window to bring it to the foreground.
        (02:18:45.248) [Visual Studio Host (4596):MainWindowService] Setting main window state to 'Maximized'.
    (02:18:45.654) [Visual Studio Host (4596):TextEditorDocumentWindowTestExtension] Showing window 'EmptyWithoutSchema.json' without activating the window.
    (02:18:45.842) [Visual Studio Host (4596):TextEditorDocumentWindowTestExtension] Showing window 'EmptyWithoutSchema.json'.
    (02:18:46.058) [Visual Studio Host (4596):VisualStudioCaretTestExtension] Moving the caret from (Ln: 1, Ch: 1) to line '2'
    (02:18:46.230) [Visual Studio Host (4596):VisualStudioTextEditorTestExtension] Setting keyboard focus to editor 'EmptyWithoutSchema.json'.
    (02:18:46.449) [Visual Studio Host (4596):TextEditorDocumentWindowTestExtension] Showing window 'EmptyWithoutSchema.json' without activating the window.
    (02:18:46.699) [Visual Studio Host (4596):TextEditorDocumentWindowTestExtension] Showing window 'EmptyWithoutSchema.json'.
    VerificationPass: (02:18:46.904) [Platform:Testcase] Verification passed: String '{

"fabricTcpGatewayPort": {
"value": #{fabricTcpGatewayPort}
},  
  
}
' contains sub-string '
"fabricTcpGatewayPort": {
"value": #{fabricTcpGatewayPort}
},'
    + ExternalProcessHostTest TestCleanup
        (02:18:47.230) [Visual Studio Host (4596):SettingsService] Setting Visual Studio option 'TextEditor\JSON Specific\FormatOnPaste' to 'True'.
        (02:18:47.433) [Visual Studio Host (4596):TextEditorDocumentWindowTestExtension] Closing window 'EmptyWithoutSchema.json'.
        (02:18:47.871) [Platform:Testcase] Test 'VSTest_JSON_FormatOnPaste_Disabled' has 'Passed' outcome. Therefore, Apex will not shut down the 'Visual Studio Host (4596)' with process ID '4596'. A subsequent test scenario will run on the same instance of the host.
    + Final Test Result Verification
        (02:18:48.464) [Platform:DelayedAssertionVerifierSink] Verification Success: 0 verification steps failed.
    + ApexTest TestCleanup</StdOut>
      </Output>
      <ResultFiles>
        <ResultFile path="WNVM19648\Fail.22wpw0oka5fs.png" />
        <ResultFile path="WNVM19648\Fail.24wtv1jnawc3.png" />
        <ResultFile path="WNVM19648\Fail.2dvw33g3abcx.png" />
        <ResultFile path="WNVM19648\Fail.2lws5epta1gw.png" />
        <ResultFile path="WNVM19648\Fail.2osatv43agzz.png" />
        <ResultFile path="WNVM19648\Fail.33ju4eduay3u.png" />
        <ResultFile path="WNVM19648\Fail.3poblbx4alvv.png" />
        <ResultFile path="WNVM19648\Fail.4p531ykxaqdb.png" />
        <ResultFile path="WNVM19648\Fail.5erbsz3aa4ay.png" />
        <ResultFile path="WNVM19648\Fail.ashpv3rjajjr.png" />
        <ResultFile path="WNVM19648\Fail.aswak04hapa5.png" />
        <ResultFile path="WNVM19648\Fail.azqsczivabnm.png" />
        <ResultFile path="WNVM19648\Fail.byuslv5baqsd.png" />
        <ResultFile path="WNVM19648\Fail.bz134qwyax2e.png" />
        <ResultFile path="WNVM19648\Fail.czhshhzmawco.png" />
        <ResultFile path="WNVM19648\Fail.ek4tb3wmalyl.png" />
        <ResultFile path="WNVM19648\Fail.hxi2cahnapy2.png" />
        <ResultFile path="WNVM19648\Fail.ig2gsfz5ad1y.png" />
        <ResultFile path="WNVM19648\Fail.iymeazuqablz.png" />
        <ResultFile path="WNVM19648\Fail.jpga4adlarrf.png" />
        <ResultFile path="WNVM19648\Fail.kfb5og41ajlt.png" />
        <ResultFile path="WNVM19648\Fail.kp4fcfcpa5bw.png" />
        <ResultFile path="WNVM19648\Fail.kxs1ersmaxma.png" />
        <ResultFile path="WNVM19648\Fail.lbyrcmqbastb.png" />
        <ResultFile path="WNVM19648\Fail.loc0xhl5a2hr.png" />
        <ResultFile path="WNVM19648\Fail.lthgvalfaxfr.png" />
        <ResultFile path="WNVM19648\Fail.mazsob3aamsp.png" />
        <ResultFile path="WNVM19648\Fail.n13clx4iaowv.png" />
        <ResultFile path="WNVM19648\Fail.n3c2bmltan5e.png" />
        <ResultFile path="WNVM19648\Fail.o4kkrjboasbk.png" />
        <ResultFile path="WNVM19648\Fail.o5zf0zepaw0l.png" />
        <ResultFile path="WNVM19648\Fail.pdo2mhdtanq2.png" />
        <ResultFile path="WNVM19648\Fail.pprwzak1ac5h.png" />
        <ResultFile path="WNVM19648\Fail.qagtqbftat3h.png" />
        <ResultFile path="WNVM19648\Fail.qbnuydioazjy.png" />
        <ResultFile path="WNVM19648\Fail.raasvsmeanc1.png" />
        <ResultFile path="WNVM19648\Fail.rymman3va50a.png" />
        <ResultFile path="WNVM19648\Fail.sidku4gxamg4.png" />
        <ResultFile path="WNVM19648\Fail.swwzdfhraz25.png" />
        <ResultFile path="WNVM19648\Fail.t4yj0fxuatil.png" />
        <ResultFile path="WNVM19648\Fail.v0ywfcwsa23p.png" />
        <ResultFile path="WNVM19648\Fail.vjqtiv2zaclz.png" />
        <ResultFile path="WNVM19648\Fail.wiz4mofdavag.png" />
        <ResultFile path="WNVM19648\Fail.xasrdkzvaogc.png" />
        <ResultFile path="WNVM19648\Fail.yd3ferxiaq1c.png" />
        <ResultFile path="WNVM19648\Fail.z10rn0n5ajdm.png" />
        <ResultFile path="WNVM19648\Fail.z2gelfy0aa1q.png" />
        <ResultFile path="WNVM19648\Fail.zpuouf2fa0ib.png" />
        <ResultFile path="WNVM19648\OmniLog.html" />
        <ResultFile path="WNVM19648\OmniLogRawXml.xml" />
      </ResultFiles>
    </UnitTestResult>
    <UnitTestResult executionId="08340f9b-a4cd-4332-becd-c6e08bdfec2c" testId="71c0c823-843c-bc76-5745-b0b09dd4e31d" testName="VSTest_Classification_MustacheSyntax" computerName="WNVM19648" duration="00:00:02.7455916" startTime="2018-04-17T00:19:32.6999965-07:00" endTime="2018-04-17T00:19:35.4455881-07:00" testType="13cdc9d9-ddb5-4fa4-a97d-d965ccfc6d4b" outcome="Passed" testListId="8c84fa94-04c1-424b-9868-57a2d4851a1d" relativeResultsDirectory="08340f9b-a4cd-4332-becd-c6e08bdfec2c">
      <Output>
        <StdOut>+ ClassificationTests::VSTest_Classification_MustacheSyntax
    + ApexTest TestInitialize
    + ExternalProcessHostTest TestInitialize
        (21:14.035) [Visual Studio Host (6956):RoamingSettingsService] Disabling roaming settings.
        (21:14.095) [Visual Studio Host (6956):SettingsService] Setting Visual Studio option 'Environment\RoamingSettings\RoamingEnabled' to 'False'.
        (21:14.402) [Visual Studio Host (6956):TextEditorDocumentWindowTestExtension] Showing window 'MustacheSyntax.htm' without activating the window.
        (21:14.494) [Visual Studio Host (6956):TextEditorDocumentWindowTestExtension] Showing window 'MustacheSyntax.htm'.
        (21:14.560) [Visual Studio Host (6956):VisualStudioTextEditorTestExtension] Setting keyboard focus to editor 'MustacheSyntax.htm'.
        (21:14.630) [Visual Studio Host (6956):MainWindowService] Activating main window to bring it to the foreground.
        (21:14.708) [Visual Studio Host (6956):MainWindowService] Setting main window state to 'Maximized'.
    (21:14.866) [Visual Studio Host (6956):TextEditorDocumentWindowTestExtension] Showing window 'MustacheSyntax.htm' without activating the window.
    (21:14.950) [Visual Studio Host (6956):TextEditorDocumentWindowTestExtension] Showing window 'MustacheSyntax.htm'.
    (21:15.125) [Visual Studio Host (6956):VisualStudioClassificationTestExtension] Retrieved '39' classifications in the editor.
    (21:15.289) [Visual Studio Host (6956):VisualStudioClassificationTestExtension] Retrieved '39' classifications in the editor.
    (21:15.426) [Visual Studio Host (6956):TextEditorDocumentWindowTestExtension] Showing window 'MustacheSyntax.htm' without activating the window.
    (21:15.498) [Visual Studio Host (6956):TextEditorDocumentWindowTestExtension] Showing window 'MustacheSyntax.htm'.
    + ExternalProcessHostTest TestCleanup
        (21:15.716) [Visual Studio Host (6956):TextEditorDocumentWindowTestExtension] Closing window 'MustacheSyntax.htm'.
        (21:16.010) [Platform:Testcase] Test 'VSTest_Classification_MustacheSyntax' has 'Passed' outcome. Therefore, Apex will not shut down the 'Visual Studio Host (6956)' with process ID '6956'. A subsequent test scenario will run on the same instance of the host.
    + Final Test Result Verification
        (21:16.231) [Platform:DelayedAssertionVerifierSink] Verification Success: 0 verification steps failed.
    + ApexTest TestCleanup</StdOut>
      </Output>
      <ResultFiles>
        <ResultFile path="WNVM19648\Fail.azqsczivabnm.png" />
        <ResultFile path="WNVM19648\Fail.ig2gsfz5ad1y.png" />
        <ResultFile path="WNVM19648\Fail.o5zf0zepaw0l.png" />
        <ResultFile path="WNVM19648\OmniLog.html" />
        <ResultFile path="WNVM19648\OmniLogRawXml.xml" />
      </ResultFiles>
    </UnitTestResult>
    <UnitTestResult executionId="6e72acf4-8fe3-4396-83b6-73351ce076e0" testId="8945678f-0f29-5d85-5c95-9be36ef5d76c" testName="VSTest_RazorV4_Completion_TypeAtImplicitExpressionContainsDirectiveCompletions" computerName="WNVM19648" duration="00:01:16.0866994" startTime="2018-04-17T01:33:44.2765284-07:00" endTime="2018-04-17T01:35:00.3632278-07:00" testType="13cdc9d9-ddb5-4fa4-a97d-d965ccfc6d4b" outcome="Passed" testListId="8c84fa94-04c1-424b-9868-57a2d4851a1d" relativeResultsDirectory="6e72acf4-8fe3-4396-83b6-73351ce076e0">
      <Output>
        <StdOut>+ CompletionTests::VSTest_RazorV4_Completion_TypeAtImplicitExpressionContainsDirectiveCompletions
    + ApexTest TestInitialize
    + ExternalProcessHostTest TestInitialize
        (01:35:28.616) [Platform:VenusHost] Compose Batch: 00:00:02.4375062
        (01:35:31.316) [Platform:VenusHost] Host Process is being started. Executable = 'C:\Program Files (x86)\Microsoft Visual Studio\Preview\Enterprise\Common7\IDE\devenv.exe'.
        (01:35:31.472) [Platform:VenusHost] Host Process is started. PID = 9812.
        (01:35:31.675) [Platform:VenusHost] Host process 'devenv' (id: 9812) is now idle/ready.
        (01:35:35.613) [Platform:Microsoft.Test.Apex.Hosts.Services.RemoteServiceInitializer] Using remote code injector service 'RemoteCodeInjectorService' for the operation 'ManagedAuto'.
        + Visual Studio Host Creation
            (01:35:45.300) [Platform:Testcase] Target Executable: 'C:\Program Files (x86)\Microsoft Visual Studio\Preview\Enterprise\Common7\IDE\devenv.exe'.
            (01:35:45.581) [Platform:Testcase] Process Id: '9812'.
            (01:35:45.862) [Platform:Testcase] UI Culture: 'English (United States)'.
            (01:35:46.097) [Platform:Testcase] Build Number: '15.0.27615'.
        (01:35:46.565) [Visual Studio Host (9812):RoamingSettingsService] Disabling roaming settings.
        (01:35:46.753) [Visual Studio Host (9812):SettingsService] Setting Visual Studio option 'Environment\RoamingSettings\RoamingEnabled' to 'False'.
        (01:35:48.847) [Visual Studio Host (9812):SolutionService] Opening solution file 'file:///C:/TestBin/IntegrationTests/MS.VS.Web.Editors/webs/misc.sln' with asynchronous load data available.  WaitForFullyLoadedOnOpen set to 'True'. Apex will wait for all async project loads to complete before proceeding.
            (01:35:49.034) [Visual Studio Host (9812):SolutionService] Solution load behavior is set to 'Realtime'.
        + Waiting for the solution to fully load.
        (01:36:09.635) [Visual Studio Host (9812):TextEditorDocumentWindowTestExtension] Showing window 'empty.cshtml' without activating the window.
        (01:36:14.790) [Visual Studio Host (9812):TextEditorDocumentWindowTestExtension] Showing window 'empty.cshtml'.
        (01:36:15.785) [Visual Studio Host (9812):VisualStudioTextEditorTestExtension] Setting keyboard focus to editor 'empty.cshtml'.
        (01:36:16.425) [Visual Studio Host (9812):MainWindowService] Activating main window to bring it to the foreground.
        (01:36:17.138) [Visual Studio Host (9812):MainWindowService] Setting main window state to 'Maximized'.
    (01:36:17.581) [Visual Studio Host (9812):TextEditorDocumentWindowTestExtension] Showing window 'empty.cshtml' without activating the window.
    (01:36:17.925) [Visual Studio Host (9812):TextEditorDocumentWindowTestExtension] Showing window 'empty.cshtml'.
    (01:36:18.388) [Visual Studio Host (9812):VisualStudioCaretTestExtension] Moving the caret from (Ln: 1, Ch: 1) to the beginning of the file
    (01:36:18.603) [Visual Studio Host (9812):VisualStudioTextEditorTestExtension] Setting keyboard focus to editor 'empty.cshtml'.
    (01:36:18.930) [Visual Studio Host (9812):TextEditorDocumentWindowTestExtension] Showing window 'empty.cshtml' without activating the window.
    (01:36:19.275) [Visual Studio Host (9812):TextEditorDocumentWindowTestExtension] Showing window 'empty.cshtml'.
    (01:36:19.684) [Visual Studio Host (9812):VisualStudioTextEditingActions] Inserting text: '@' at the current caret position: '(Ln: 1, Ch: 1)'
    (01:36:20.367) [Visual Studio Host (9812):TextEditorDocumentWindowTestExtension] Showing window 'empty.cshtml' without activating the window.
    (01:36:20.733) [Visual Studio Host (9812):TextEditorDocumentWindowTestExtension] Showing window 'empty.cshtml'.
    (01:36:21.019) [Visual Studio Host (9812):VisualStudioIntellisenseService] Did not find an active completion session. Please use Verify.IsCompletionListPresent() to make sure that the list is present before requesting the completion session.
    Warning: (01:36:21.258) [Visual Studio Host (9812):VisualStudioIntellisenseService] No active completion sessions were found for editor 'empty.cshtml'.
    (01:36:21.514) [Visual Studio Host (9812):VisualStudioIntellisenseService] Invoking Completion member list at '(Ln: 1, Ch: 2)'.
    (01:36:21.781) [Visual Studio Host (9812):VisualStudioIntellisenseService] Did not find an active completion session. Please use Verify.IsCompletionListPresent() to make sure that the list is present before requesting the completion session.
    (01:36:22.218) [Visual Studio Host (9812):VisualStudioIntellisenseService] Did not find an active completion session. Please use Verify.IsCompletionListPresent() to make sure that the list is present before requesting the completion session.
    (01:36:22.929) [Visual Studio Host (9812):VisualStudioIntellisenseService] Getting the active completion at position '(Ln: 1, Ch: 2)'.
    (01:36:24.347) [Visual Studio Host (9812):VisualStudioCompletionListTestExtension] Retrieved '529' completion items.
    VerificationPass: (01:36:25.345) [Visual Studio Host (9812):CompletionListVerifier] Verification passed: '1' completion items found containing the text 'model'.
    (01:36:26.671) [Visual Studio Host (9812):VisualStudioCompletionListTestExtension] Retrieved '529' completion items.
    VerificationPass: (01:36:26.922) [Visual Studio Host (9812):CompletionListVerifier] Verification passed: '1' completion items found containing the text 'inherits'.
    (01:36:28.409) [Visual Studio Host (9812):VisualStudioCompletionListTestExtension] Retrieved '529' completion items.
    VerificationPass: (01:36:28.881) [Visual Studio Host (9812):CompletionListVerifier] Verification passed: '1' completion items found containing the text 'addTagHelper'.
    (01:36:29.932) [Visual Studio Host (9812):VisualStudioCompletionListTestExtension] Retrieved '529' completion items.
    VerificationPass: (01:36:30.256) [Visual Studio Host (9812):CompletionListVerifier] Verification passed: '1' completion items found containing the text 'removeTagHelper'.
    (01:36:31.573) [Visual Studio Host (9812):VisualStudioCompletionListTestExtension] Retrieved '529' completion items.
    VerificationPass: (01:36:31.890) [Visual Studio Host (9812):CompletionListVerifier] Verification passed: '1' completion items found containing the text 'tagHelperPrefix'.
    (01:36:33.248) [Visual Studio Host (9812):VisualStudioCompletionListTestExtension] Retrieved '529' completion items.
    VerificationPass: (01:36:33.532) [Visual Studio Host (9812):CompletionListVerifier] Verification passed: '1' completion items found containing the text 'section'.
    (01:36:34.880) [Visual Studio Host (9812):VisualStudioCompletionListTestExtension] Retrieved '529' completion items.
    VerificationPass: (01:36:35.124) [Visual Studio Host (9812):CompletionListVerifier] Verification passed: '1' completion items found containing the text 'inject'.
    (01:36:36.504) [Visual Studio Host (9812):VisualStudioCompletionListTestExtension] Retrieved '529' completion items.
    VerificationPass: (01:36:36.772) [Visual Studio Host (9812):CompletionListVerifier] Verification passed: '1' completion items found containing the text 'functions'.
    (01:36:38.281) [Visual Studio Host (9812):VisualStudioCompletionListTestExtension] Retrieved '529' completion items.
    VerificationPass: (01:36:38.607) [Visual Studio Host (9812):CompletionListVerifier] Verification passed: '0' completion items found containing the text 'page'.
    + ExternalProcessHostTest TestCleanup
        (01:36:39.023) [Visual Studio Host (9812):TextEditorDocumentWindowTestExtension] Closing window 'empty.cshtml'.
        (01:36:39.956) [Platform:Testcase] Test 'VSTest_RazorV4_Completion_TypeAtImplicitExpressionContainsDirectiveCompletions' has 'Passed' outcome. Therefore, Apex will not shut down the 'Visual Studio Host (9812)' with process ID '9812'. A subsequent test scenario will run on the same instance of the host.
    + Final Test Result Verification
        (01:36:40.520) [Platform:DelayedAssertionVerifierSink] Verification Success: 0 verification steps failed.
    + ApexTest TestCleanup</StdOut>
      </Output>
      <ResultFiles>
        <ResultFile path="WNVM19648\Fail.22wpw0oka5fs.png" />
        <ResultFile path="WNVM19648\Fail.33ju4eduay3u.png" />
        <ResultFile path="WNVM19648\Fail.3poblbx4alvv.png" />
        <ResultFile path="WNVM19648\Fail.ashpv3rjajjr.png" />
        <ResultFile path="WNVM19648\Fail.aswak04hapa5.png" />
        <ResultFile path="WNVM19648\Fail.azqsczivabnm.png" />
        <ResultFile path="WNVM19648\Fail.byuslv5baqsd.png" />
        <ResultFile path="WNVM19648\Fail.ek4tb3wmalyl.png" />
        <ResultFile path="WNVM19648\Fail.ig2gsfz5ad1y.png" />
        <ResultFile path="WNVM19648\Fail.kxs1ersmaxma.png" />
        <ResultFile path="WNVM19648\Fail.loc0xhl5a2hr.png" />
        <ResultFile path="WNVM19648\Fail.o4kkrjboasbk.png" />
        <ResultFile path="WNVM19648\Fail.o5zf0zepaw0l.png" />
        <ResultFile path="WNVM19648\Fail.qbnuydioazjy.png" />
        <ResultFile path="WNVM19648\Fail.raasvsmeanc1.png" />
        <ResultFile path="WNVM19648\Fail.sidku4gxamg4.png" />
        <ResultFile path="WNVM19648\Fail.swwzdfhraz25.png" />
        <ResultFile path="WNVM19648\Fail.t4yj0fxuatil.png" />
        <ResultFile path="WNVM19648\Fail.vjqtiv2zaclz.png" />
        <ResultFile path="WNVM19648\Fail.z10rn0n5ajdm.png" />
        <ResultFile path="WNVM19648\OmniLog.html" />
        <ResultFile path="WNVM19648\OmniLogRawXml.xml" />
      </ResultFiles>
    </UnitTestResult>
    <UnitTestResult executionId="72c3e815-69fc-4348-aa00-aac7242e70e8" testId="c94f11a6-1200-ee6f-1902-c3aeeac584c6" testName="VSTest_FormatTest7" computerName="WNVM19648" duration="00:00:02.5175171" startTime="2018-04-17T00:31:00.5708201-07:00" endTime="2018-04-17T00:31:03.0883372-07:00" testType="13cdc9d9-ddb5-4fa4-a97d-d965ccfc6d4b" outcome="Passed" testListId="8c84fa94-04c1-424b-9868-57a2d4851a1d" relativeResultsDirectory="72c3e815-69fc-4348-aa00-aac7242e70e8">
      <Output>
        <StdOut>+ FormatTests::VSTest_FormatTest7
    + ApexTest TestInitialize
    + ExternalProcessHostTest TestInitialize
        (32:41.978) [Visual Studio Host (11564):RoamingSettingsService] Disabling roaming settings.
        (32:42.046) [Visual Studio Host (11564):SettingsService] Setting Visual Studio option 'Environment\RoamingSettings\RoamingEnabled' to 'False'.
        (32:42.372) [Visual Studio Host (11564):TextEditorDocumentWindowTestExtension] Showing window 'Format7.htm' without activating the window.
        (32:42.445) [Visual Studio Host (11564):TextEditorDocumentWindowTestExtension] Showing window 'Format7.htm'.
        (32:42.516) [Visual Studio Host (11564):VisualStudioTextEditorTestExtension] Setting keyboard focus to editor 'Format7.htm'.
        (32:42.582) [Visual Studio Host (11564):SettingsService] Getting value of Visual Studio Setting 'TextEditor\HTMLX\InsertTabs'. 
        (32:42.649) [Visual Studio Host (11564):SettingsService] Setting Visual Studio option 'TextEditor\HTMLX\InsertTabs' to 'True'.
        (32:42.718) [Visual Studio Host (11564):MainWindowService] Activating main window to bring it to the foreground.
        (32:42.852) [Visual Studio Host (11564):MainWindowService] Setting main window state to 'Maximized'.
    (32:43.022) [Visual Studio Host (11564):TextEditorDocumentWindowTestExtension] Showing window 'Format7.htm' without activating the window.
    (32:43.085) [Visual Studio Host (11564):TextEditorDocumentWindowTestExtension] Showing window 'Format7.htm'.
    + ExternalProcessHostTest TestCleanup
        (32:43.283) [Visual Studio Host (11564):SettingsService] Setting Visual Studio option 'TextEditor\HTMLX\InsertTabs' to 'False'.
        (32:43.421) [Visual Studio Host (11564):TextEditorDocumentWindowTestExtension] Closing window 'Format7.htm'.
        (32:43.647) [Platform:Testcase] Test 'VSTest_FormatTest7' has 'Passed' outcome. Therefore, Apex will not shut down the 'Visual Studio Host (11564)' with process ID '11564'. A subsequent test scenario will run on the same instance of the host.
    + Final Test Result Verification
        (32:43.892) [Platform:DelayedAssertionVerifierSink] Verification Success: 0 verification steps failed.
    + ApexTest TestCleanup</StdOut>
      </Output>
      <ResultFiles>
        <ResultFile path="WNVM19648\Fail.azqsczivabnm.png" />
        <ResultFile path="WNVM19648\Fail.ig2gsfz5ad1y.png" />
        <ResultFile path="WNVM19648\Fail.o5zf0zepaw0l.png" />
        <ResultFile path="WNVM19648\OmniLog.html" />
        <ResultFile path="WNVM19648\OmniLogRawXml.xml" />
      </ResultFiles>
    </UnitTestResult>
    <UnitTestResult executionId="da76377e-47e6-4f03-91f7-37e4ab6b834e" testId="eca164ac-fa68-ef16-1460-7a61f2d5485d" testName="VSTest_LessCompletion_HtmlTagNames" computerName="WNVM19648" duration="00:00:14.7957816" startTime="2018-04-17T02:27:47.9216831-07:00" endTime="2018-04-17T02:28:02.7174647-07:00" testType="13cdc9d9-ddb5-4fa4-a97d-d965ccfc6d4b" outcome="Passed" testListId="8c84fa94-04c1-424b-9868-57a2d4851a1d" relativeResultsDirectory="da76377e-47e6-4f03-91f7-37e4ab6b834e">
      <Output>
        <StdOut>+ LessCompletionTests::VSTest_LessCompletion_HtmlTagNames
    + ApexTest TestInitialize
    + ExternalProcessHostTest TestInitialize
        (02:29:29.917) [Visual Studio Host (8832):RoamingSettingsService] Disabling roaming settings.
        (02:29:30.095) [Visual Studio Host (8832):SettingsService] Setting Visual Studio option 'Environment\RoamingSettings\RoamingEnabled' to 'False'.
        (02:29:30.707) [Visual Studio Host (8832):TextEditorDocumentWindowTestExtension] Showing window 'vars.less' without activating the window.
        (02:29:30.930) [Visual Studio Host (8832):TextEditorDocumentWindowTestExtension] Showing window 'vars.less'.
        (02:29:31.134) [Visual Studio Host (8832):VisualStudioTextEditorTestExtension] Setting keyboard focus to editor 'vars.less'.
        (02:29:31.346) [Visual Studio Host (8832):MainWindowService] Activating main window to bring it to the foreground.
        (02:29:31.536) [Visual Studio Host (8832):MainWindowService] Setting main window state to 'Maximized'.
    (02:29:31.978) [Visual Studio Host (8832):TextEditorDocumentWindowTestExtension] Showing window 'vars.less' without activating the window.
    (02:29:32.184) [Visual Studio Host (8832):TextEditorDocumentWindowTestExtension] Showing window 'vars.less'.
    (02:29:32.359) [Visual Studio Host (8832):VisualStudioCaretTestExtension] Moving the caret from (Ln: 1, Ch: 1) to line '5'
    (02:29:32.528) [Visual Studio Host (8832):VisualStudioTextEditorTestExtension] Setting keyboard focus to editor 'vars.less'.
    (02:29:32.705) [Visual Studio Host (8832):TextEditorDocumentWindowTestExtension] Showing window 'vars.less' without activating the window.
    (02:29:32.909) [Visual Studio Host (8832):TextEditorDocumentWindowTestExtension] Showing window 'vars.less'.
    (02:29:33.368) [Visual Studio Host (8832):TextEditorDocumentWindowTestExtension] Showing window 'vars.less' without activating the window.
    (02:29:34.925) [Visual Studio Host (8832):TextEditorDocumentWindowTestExtension] Showing window 'vars.less'.
    (02:29:35.145) [Visual Studio Host (8832):KeyboardCommands] Sending the Return key 1 times.
    (02:29:35.385) [Visual Studio Host (8832):TextEditorDocumentWindowTestExtension] Showing window 'vars.less' without activating the window.
    (02:29:35.583) [Visual Studio Host (8832):TextEditorDocumentWindowTestExtension] Showing window 'vars.less'.
    (02:29:36.220) [Visual Studio Host (8832):TextEditorDocumentWindowTestExtension] Showing window 'vars.less' without activating the window.
    (02:29:36.456) [Visual Studio Host (8832):TextEditorDocumentWindowTestExtension] Showing window 'vars.less'.
    (02:29:36.643) [Visual Studio Host (8832):VisualStudioIntellisenseService] Getting the active completion at position '(Ln: 6, Ch: 8)'.
    VerificationPass: (02:29:36.799) [Visual Studio Host (8832):VisualStudioIntellisenseVerifier] Verification passed: Completion list is present within a timeout of 00:00:10.
    (02:29:36.972) [Visual Studio Host (8832):TextEditorDocumentWindowTestExtension] Showing window 'vars.less' without activating the window.
    (02:29:37.164) [Visual Studio Host (8832):TextEditorDocumentWindowTestExtension] Showing window 'vars.less'.
    (02:29:37.795) [Visual Studio Host (8832):TextEditorDocumentWindowTestExtension] Showing window 'vars.less' without activating the window.
    (02:29:37.980) [Visual Studio Host (8832):TextEditorDocumentWindowTestExtension] Showing window 'vars.less'.
    (02:29:38.153) [Visual Studio Host (8832):KeyboardCommands] Sending the Return key 1 times.
    (02:29:38.326) [Visual Studio Host (8832):TextEditorDocumentWindowTestExtension] Showing window 'vars.less' without activating the window.
    (02:29:38.513) [Visual Studio Host (8832):TextEditorDocumentWindowTestExtension] Showing window 'vars.less'.
    (02:29:38.744) [Visual Studio Host (8832):TextEditorDocumentWindowTestExtension] Showing window 'vars.less' without activating the window.
    (02:29:38.935) [Visual Studio Host (8832):TextEditorDocumentWindowTestExtension] Showing window 'vars.less'.
    (02:29:39.164) [Visual Studio Host (8832):KeyboardCommands] Sending the Return key 1 times.
    (02:29:39.403) [Visual Studio Host (8832):TextEditorDocumentWindowTestExtension] Showing window 'vars.less' without activating the window.
    (02:29:39.633) [Visual Studio Host (8832):TextEditorDocumentWindowTestExtension] Showing window 'vars.less'.
    (02:29:39.891) [Visual Studio Host (8832):TextEditorDocumentWindowTestExtension] Showing window 'vars.less' without activating the window.
    (02:29:40.092) [Visual Studio Host (8832):TextEditorDocumentWindowTestExtension] Showing window 'vars.less'.
    (02:29:40.304) [Visual Studio Host (8832):VisualStudioIntellisenseService] Getting the active completion at position '(Ln: 8, Ch: 13)'.
    VerificationPass: (02:29:40.476) [Visual Studio Host (8832):VisualStudioIntellisenseVerifier] Verification passed: Completion list is present within a timeout of 00:00:10.
    (02:29:40.655) [Visual Studio Host (8832):TextEditorDocumentWindowTestExtension] Showing window 'vars.less' without activating the window.
    (02:29:40.804) [Visual Studio Host (8832):TextEditorDocumentWindowTestExtension] Showing window 'vars.less'.
    (02:29:41.229) [Visual Studio Host (8832):TextEditorDocumentWindowTestExtension] Showing window 'vars.less' without activating the window.
    (02:29:41.415) [Visual Studio Host (8832):TextEditorDocumentWindowTestExtension] Showing window 'vars.less'.
    + ExternalProcessHostTest TestCleanup
        (02:29:41.832) [Visual Studio Host (8832):TextEditorDocumentWindowTestExtension] Closing window 'vars.less'.
        (02:29:42.250) [Platform:Testcase] Test 'VSTest_LessCompletion_HtmlTagNames' has 'Passed' outcome. Therefore, Apex will not shut down the 'Visual Studio Host (8832)' with process ID '8832'. A subsequent test scenario will run on the same instance of the host.
    + Final Test Result Verification
        (02:29:42.950) [Platform:DelayedAssertionVerifierSink] Verification Success: 0 verification steps failed.
    + ApexTest TestCleanup</StdOut>
      </Output>
      <ResultFiles>
        <ResultFile path="WNVM19648\Fail.1naitrosadk5.png" />
        <ResultFile path="WNVM19648\Fail.22wpw0oka5fs.png" />
        <ResultFile path="WNVM19648\Fail.24wtv1jnawc3.png" />
        <ResultFile path="WNVM19648\Fail.2dvw33g3abcx.png" />
        <ResultFile path="WNVM19648\Fail.2lws5epta1gw.png" />
        <ResultFile path="WNVM19648\Fail.2osatv43agzz.png" />
        <ResultFile path="WNVM19648\Fail.33ju4eduay3u.png" />
        <ResultFile path="WNVM19648\Fail.3poblbx4alvv.png" />
        <ResultFile path="WNVM19648\Fail.4p531ykxaqdb.png" />
        <ResultFile path="WNVM19648\Fail.5ckvvlpiahzj.png" />
        <ResultFile path="WNVM19648\Fail.5erbsz3aa4ay.png" />
        <ResultFile path="WNVM19648\Fail.ashpv3rjajjr.png" />
        <ResultFile path="WNVM19648\Fail.aswak04hapa5.png" />
        <ResultFile path="WNVM19648\Fail.azqsczivabnm.png" />
        <ResultFile path="WNVM19648\Fail.byuslv5baqsd.png" />
        <ResultFile path="WNVM19648\Fail.bz134qwyax2e.png" />
        <ResultFile path="WNVM19648\Fail.cwkly5opaa5x.png" />
        <ResultFile path="WNVM19648\Fail.czhshhzmawco.png" />
        <ResultFile path="WNVM19648\Fail.ek4tb3wmalyl.png" />
        <ResultFile path="WNVM19648\Fail.fdtmbjciavfs.png" />
        <ResultFile path="WNVM19648\Fail.fh0tepfdaffp.png" />
        <ResultFile path="WNVM19648\Fail.hxi2cahnapy2.png" />
        <ResultFile path="WNVM19648\Fail.ig2gsfz5ad1y.png" />
        <ResultFile path="WNVM19648\Fail.iwqb3wycasom.png" />
        <ResultFile path="WNVM19648\Fail.iymeazuqablz.png" />
        <ResultFile path="WNVM19648\Fail.jpga4adlarrf.png" />
        <ResultFile path="WNVM19648\Fail.k12p4vaeagac.png" />
        <ResultFile path="WNVM19648\Fail.kfb5og41ajlt.png" />
        <ResultFile path="WNVM19648\Fail.kp4fcfcpa5bw.png" />
        <ResultFile path="WNVM19648\Fail.kxs1ersmaxma.png" />
        <ResultFile path="WNVM19648\Fail.lbyrcmqbastb.png" />
        <ResultFile path="WNVM19648\Fail.loc0xhl5a2hr.png" />
        <ResultFile path="WNVM19648\Fail.lthgvalfaxfr.png" />
        <ResultFile path="WNVM19648\Fail.mazsob3aamsp.png" />
        <ResultFile path="WNVM19648\Fail.n13clx4iaowv.png" />
        <ResultFile path="WNVM19648\Fail.n3c2bmltan5e.png" />
        <ResultFile path="WNVM19648\Fail.o4kkrjboasbk.png" />
        <ResultFile path="WNVM19648\Fail.o5zf0zepaw0l.png" />
        <ResultFile path="WNVM19648\Fail.pdo2mhdtanq2.png" />
        <ResultFile path="WNVM19648\Fail.pprwzak1ac5h.png" />
        <ResultFile path="WNVM19648\Fail.qagtqbftat3h.png" />
        <ResultFile path="WNVM19648\Fail.qbnuydioazjy.png" />
        <ResultFile path="WNVM19648\Fail.raasvsmeanc1.png" />
        <ResultFile path="WNVM19648\Fail.rymman3va50a.png" />
        <ResultFile path="WNVM19648\Fail.sidku4gxamg4.png" />
        <ResultFile path="WNVM19648\Fail.swwzdfhraz25.png" />
        <ResultFile path="WNVM19648\Fail.t4yj0fxuatil.png" />
        <ResultFile path="WNVM19648\Fail.v0ywfcwsa23p.png" />
        <ResultFile path="WNVM19648\Fail.vjqtiv2zaclz.png" />
        <ResultFile path="WNVM19648\Fail.w3wlbab1aii5.png" />
        <ResultFile path="WNVM19648\Fail.wiz4mofdavag.png" />
        <ResultFile path="WNVM19648\Fail.xasrdkzvaogc.png" />
        <ResultFile path="WNVM19648\Fail.yd3ferxiaq1c.png" />
        <ResultFile path="WNVM19648\Fail.z10rn0n5ajdm.png" />
        <ResultFile path="WNVM19648\Fail.z2gelfy0aa1q.png" />
        <ResultFile path="WNVM19648\Fail.zpuouf2fa0ib.png" />
        <ResultFile path="WNVM19648\OmniLog.html" />
        <ResultFile path="WNVM19648\OmniLogRawXml.xml" />
      </ResultFiles>
    </UnitTestResult>
    <UnitTestResult executionId="3bf4f010-1066-4ee7-9024-041aa5d4f38d" testId="f3a140b8-cb13-7aba-c7ac-f50bdd68ea3b" testName="VSTest_Html_Enable_New_Window" computerName="WNVM19648" duration="00:00:04.1885379" startTime="2018-04-17T00:19:28.5114586-07:00" endTime="2018-04-17T00:19:32.6999965-07:00" testType="13cdc9d9-ddb5-4fa4-a97d-d965ccfc6d4b" outcome="Passed" testListId="8c84fa94-04c1-424b-9868-57a2d4851a1d" relativeResultsDirectory="3bf4f010-1066-4ee7-9024-041aa5d4f38d">
      <Output>
        <StdOut>+ CodeWindowTests::VSTest_Html_Enable_New_Window
    + ApexTest TestInitialize
    + ExternalProcessHostTest TestInitialize
        (21:09.842) [Visual Studio Host (6956):RoamingSettingsService] Disabling roaming settings.
        (21:09.898) [Visual Studio Host (6956):SettingsService] Setting Visual Studio option 'Environment\RoamingSettings\RoamingEnabled' to 'False'.
        (21:10.215) [Visual Studio Host (6956):TextEditorDocumentWindowTestExtension] Showing window 'Empty2.html' without activating the window.
        (21:10.280) [Visual Studio Host (6956):TextEditorDocumentWindowTestExtension] Showing window 'Empty2.html'.
        (21:10.343) [Visual Studio Host (6956):VisualStudioTextEditorTestExtension] Setting keyboard focus to editor 'Empty2.html'.
        (21:10.399) [Visual Studio Host (6956):MainWindowService] Activating main window to bring it to the foreground.
        (21:10.468) [Visual Studio Host (6956):MainWindowService] Setting main window state to 'Maximized'.
    (21:10.563) [Visual Studio Host (6956):TextEditorDocumentWindowTestExtension] Showing window 'Empty2.html' without activating the window.
    (21:10.624) [Visual Studio Host (6956):TextEditorDocumentWindowTestExtension] Showing window 'Empty2.html'.
    (21:10.883) [Visual Studio Host (6956):TextEditorDocumentWindowTestExtension] Showing window 'Empty2.html' without activating the window.
    (21:10.968) [Visual Studio Host (6956):TextEditorDocumentWindowTestExtension] Showing window 'Empty2.html'.
    (21:11.068) [Visual Studio Host (6956):TextEditorDocumentWindowTestExtension] Showing window 'Empty2.html' without activating the window.
    (21:11.135) [Visual Studio Host (6956):TextEditorDocumentWindowTestExtension] Showing window 'Empty2.html'.
    (21:11.217) [Visual Studio Host (6956):VisualStudioCaretTestExtension] Moving the caret from (Ln: 1, Ch: 1) to (Ln: 7, Ch: 5)
    (21:11.499) [Visual Studio Host (6956):TextEditorDocumentWindowTestExtension] Showing window 'Empty2.html'.
    VerificationPass: (21:11.693) [Visual Studio Host (6956):VisualStudioTextEditorVerifier] Verification passed: The editor was expected to contain the text '&lt;h1&gt;Code Window Tests&lt;/h1&gt;'
    (21:12.052) [Visual Studio Host (6956):TextEditorDocumentWindowTestExtension] Closing window 'Empty2.html'.
    + ExternalProcessHostTest TestCleanup
        (21:12.921) [Visual Studio Host (6956):TextEditorDocumentWindowTestExtension] Closing window 'Empty2.html'.
        (21:13.347) [Platform:Testcase] Test 'VSTest_Html_Enable_New_Window' has 'Passed' outcome. Therefore, Apex will not shut down the 'Visual Studio Host (6956)' with process ID '6956'. A subsequent test scenario will run on the same instance of the host.
    + Final Test Result Verification
        (21:13.535) [Platform:DelayedAssertionVerifierSink] Verification Success: 0 verification steps failed.
    + ApexTest TestCleanup</StdOut>
      </Output>
      <ResultFiles>
        <ResultFile path="WNVM19648\Fail.azqsczivabnm.png" />
        <ResultFile path="WNVM19648\Fail.ig2gsfz5ad1y.png" />
        <ResultFile path="WNVM19648\Fail.o5zf0zepaw0l.png" />
        <ResultFile path="WNVM19648\OmniLog.html" />
        <ResultFile path="WNVM19648\OmniLogRawXml.xml" />
      </ResultFiles>
    </UnitTestResult>
    <UnitTestResult executionId="d58b89cb-f814-4665-bf41-10519ec3fdfd" testId="3d81ed96-a103-a7ff-7af8-720ad9932087" testName="VSTest_WebformClassification_MustacheSyntax" computerName="WNVM19648" duration="00:00:06.9328255" startTime="2018-04-17T01:28:00.0930052-07:00" endTime="2018-04-17T01:28:07.0258307-07:00" testType="13cdc9d9-ddb5-4fa4-a97d-d965ccfc6d4b" outcome="Passed" testListId="8c84fa94-04c1-424b-9868-57a2d4851a1d" relativeResultsDirectory="d58b89cb-f814-4665-bf41-10519ec3fdfd">
      <Output>
        <StdOut>+ ClassificationTests::VSTest_WebformClassification_MustacheSyntax
    + ApexTest TestInitialize
    + ExternalProcessHostTest TestInitialize
        (01:29:41.980) [Visual Studio Host (840):RoamingSettingsService] Disabling roaming settings.
        (01:29:42.185) [Visual Studio Host (840):SettingsService] Setting Visual Studio option 'Environment\RoamingSettings\RoamingEnabled' to 'False'.
        (01:29:43.001) [Visual Studio Host (840):TextEditorDocumentWindowTestExtension] Showing window 'MustacheSyntax.aspx' without activating the window.
        (01:29:43.470) [Visual Studio Host (840):TextEditorDocumentWindowTestExtension] Showing window 'MustacheSyntax.aspx'.
        (01:29:43.721) [Visual Studio Host (840):VisualStudioTextEditorTestExtension] Setting keyboard focus to editor 'MustacheSyntax.aspx'.
        (01:29:43.905) [Visual Studio Host (840):MainWindowService] Activating main window to bring it to the foreground.
        (01:29:44.118) [Visual Studio Host (840):MainWindowService] Setting main window state to 'Maximized'.
    (01:29:44.543) [Visual Studio Host (840):TextEditorDocumentWindowTestExtension] Showing window 'MustacheSyntax.aspx' without activating the window.
    (01:29:44.737) [Visual Studio Host (840):TextEditorDocumentWindowTestExtension] Showing window 'MustacheSyntax.aspx'.
    (01:29:45.061) [Visual Studio Host (840):VisualStudioClassificationTestExtension] Retrieved '46' classifications in the editor.
    (01:29:45.346) [Visual Studio Host (840):VisualStudioClassificationTestExtension] Retrieved '46' classifications in the editor.
    (01:29:45.508) [Visual Studio Host (840):TextEditorDocumentWindowTestExtension] Showing window 'MustacheSyntax.aspx' without activating the window.
    (01:29:45.712) [Visual Studio Host (840):TextEditorDocumentWindowTestExtension] Showing window 'MustacheSyntax.aspx'.
    + ExternalProcessHostTest TestCleanup
        (01:29:46.179) [Visual Studio Host (840):TextEditorDocumentWindowTestExtension] Closing window 'MustacheSyntax.aspx'.
        (01:29:46.576) [Platform:Testcase] Test 'VSTest_WebformClassification_MustacheSyntax' has 'Passed' outcome. Therefore, Apex will not shut down the 'Visual Studio Host (840)' with process ID '840'. A subsequent test scenario will run on the same instance of the host.
    + Final Test Result Verification
        (01:29:47.180) [Platform:DelayedAssertionVerifierSink] Verification Success: 0 verification steps failed.
    + ApexTest TestCleanup</StdOut>
      </Output>
      <ResultFiles>
        <ResultFile path="WNVM19648\Fail.22wpw0oka5fs.png" />
        <ResultFile path="WNVM19648\Fail.33ju4eduay3u.png" />
        <ResultFile path="WNVM19648\Fail.aswak04hapa5.png" />
        <ResultFile path="WNVM19648\Fail.azqsczivabnm.png" />
        <ResultFile path="WNVM19648\Fail.byuslv5baqsd.png" />
        <ResultFile path="WNVM19648\Fail.ek4tb3wmalyl.png" />
        <ResultFile path="WNVM19648\Fail.ig2gsfz5ad1y.png" />
        <ResultFile path="WNVM19648\Fail.kxs1ersmaxma.png" />
        <ResultFile path="WNVM19648\Fail.loc0xhl5a2hr.png" />
        <ResultFile path="WNVM19648\Fail.o4kkrjboasbk.png" />
        <ResultFile path="WNVM19648\Fail.o5zf0zepaw0l.png" />
        <ResultFile path="WNVM19648\Fail.qbnuydioazjy.png" />
        <ResultFile path="WNVM19648\Fail.raasvsmeanc1.png" />
        <ResultFile path="WNVM19648\Fail.sidku4gxamg4.png" />
        <ResultFile path="WNVM19648\Fail.t4yj0fxuatil.png" />
        <ResultFile path="WNVM19648\Fail.z10rn0n5ajdm.png" />
        <ResultFile path="WNVM19648\OmniLog.html" />
        <ResultFile path="WNVM19648\OmniLogRawXml.xml" />
      </ResultFiles>
    </UnitTestResult>
    <UnitTestResult executionId="7a444faa-9bca-4d14-aefd-a0d7814ddfce" testId="15990397-b0ca-a0a2-a783-55624d31d465" testName="VSTest_JSON_VerifyKnownFileSchemaAssociations (webs\misc\JSON\KnownSchemas\config.json, http://json.schemastore.org/config)" computerName="WNVM19648" startTime="2018-04-17T01:53:07.2140087-07:00" endTime="2018-04-17T01:53:07.2140087-07:00" testType="13cdc9d9-ddb5-4fa4-a97d-d965ccfc6d4b" outcome="NotExecuted" testListId="8c84fa94-04c1-424b-9868-57a2d4851a1d" relativeResultsDirectory="7a444faa-9bca-4d14-aefd-a0d7814ddfce">
      <Output>
      </Output>
    </UnitTestResult>
    <UnitTestResult executionId="6057b71b-4ebb-42e4-b023-907c8a4889fd" testId="5463cf66-7e47-3b8e-8b44-4591de59a47c" testName="VSTest_CSS_SmartIndentInCSSWithBlockIndent" computerName="WNVM19648" duration="00:00:34.0010655" startTime="2018-04-17T00:27:26.1787081-07:00" endTime="2018-04-17T00:28:00.1797736-07:00" testType="13cdc9d9-ddb5-4fa4-a97d-d965ccfc6d4b" outcome="Passed" testListId="8c84fa94-04c1-424b-9868-57a2d4851a1d" relativeResultsDirectory="6057b71b-4ebb-42e4-b023-907c8a4889fd">
      <Output>
        <StdOut>+ CssSmartIndentTests::VSTest_CSS_SmartIndentInCSSWithBlockIndent
    + ApexTest TestInitialize
    + ExternalProcessHostTest TestInitialize
        (29:07.572) [Visual Studio Host (11564):RoamingSettingsService] Disabling roaming settings.
        (29:07.629) [Visual Studio Host (11564):SettingsService] Setting Visual Studio option 'Environment\RoamingSettings\RoamingEnabled' to 'False'.
        (29:07.905) [Visual Studio Host (11564):TextEditorDocumentWindowTestExtension] Showing window 'SmartIndentInCSS.css' without activating the window.
        (29:08.031) [Visual Studio Host (11564):TextEditorDocumentWindowTestExtension] Showing window 'SmartIndentInCSS.css'.
        (29:08.118) [Visual Studio Host (11564):VisualStudioTextEditorTestExtension] Setting keyboard focus to editor 'SmartIndentInCSS.css'.
        (29:08.311) [Visual Studio Host (11564):SettingsService] Getting value of Visual Studio Setting 'TextEditor\CSS\IndentStyle'. 
        (29:08.392) [Visual Studio Host (11564):SettingsService] Setting Visual Studio option 'TextEditor\CSS\IndentStyle' to '1'.
        (29:08.476) [Visual Studio Host (11564):MainWindowService] Activating main window to bring it to the foreground.
        (29:08.631) [Visual Studio Host (11564):MainWindowService] Setting main window state to 'Maximized'.
    (29:08.788) [Visual Studio Host (11564):TextEditorDocumentWindowTestExtension] Showing window 'SmartIndentInCSS.css' without activating the window.
    (29:08.981) [Visual Studio Host (11564):TextEditorDocumentWindowTestExtension] Showing window 'SmartIndentInCSS.css'.
    (29:09.072) [Visual Studio Host (11564):VisualStudioCaretTestExtension] Moving the caret from (Ln: 1, Ch: 1) to (Ln: 100, Ch: 11)
    (29:09.172) [Visual Studio Host (11564):TextEditorDocumentWindowTestExtension] Showing window 'SmartIndentInCSS.css' without activating the window.
    (29:09.262) [Visual Studio Host (11564):TextEditorDocumentWindowTestExtension] Showing window 'SmartIndentInCSS.css'.
    (29:09.335) [Visual Studio Host (11564):KeyboardCommands] Sending the Return key 1 times.
    (29:09.420) [Visual Studio Host (11564):TextEditorDocumentWindowTestExtension] Showing window 'SmartIndentInCSS.css' without activating the window.
    (29:09.488) [Visual Studio Host (11564):TextEditorDocumentWindowTestExtension] Showing window 'SmartIndentInCSS.css'.
    (29:09.695) [Visual Studio Host (11564):VisualStudioTextEditingActions] Inserting text combine CRLF as single return: 'foo' at the current caret position: '(Ln: 101, Ch: 5)'
    (29:09.836) [Visual Studio Host (11564):TextEditorDocumentWindowTestExtension] Showing window 'SmartIndentInCSS.css' without activating the window.
    (29:09.987) [Visual Studio Host (11564):TextEditorDocumentWindowTestExtension] Showing window 'SmartIndentInCSS.css'.
    (29:10.076) [Visual Studio Host (11564):TextEditorDocumentWindowTestExtension] Showing window 'SmartIndentInCSS.css' without activating the window.
    (29:10.208) [Visual Studio Host (11564):TextEditorDocumentWindowTestExtension] Showing window 'SmartIndentInCSS.css'.
    (29:10.282) [Visual Studio Host (11564):VisualStudioCaretTestExtension] Moving the caret from (Ln: 101, Ch: 8) to (Ln: 93, Ch: 6)
    (29:10.373) [Visual Studio Host (11564):TextEditorDocumentWindowTestExtension] Showing window 'SmartIndentInCSS.css' without activating the window.
    (29:10.439) [Visual Studio Host (11564):TextEditorDocumentWindowTestExtension] Showing window 'SmartIndentInCSS.css'.
    (29:10.512) [Visual Studio Host (11564):KeyboardCommands] Sending the Return key 1 times.
    (29:10.618) [Visual Studio Host (11564):TextEditorDocumentWindowTestExtension] Showing window 'SmartIndentInCSS.css' without activating the window.
    (29:10.697) [Visual Studio Host (11564):TextEditorDocumentWindowTestExtension] Showing window 'SmartIndentInCSS.css'.
    (29:10.886) [Visual Studio Host (11564):VisualStudioTextEditingActions] Inserting text combine CRLF as single return: 'foo' at the current caret position: '(Ln: 94, Ch: 5)'
    (29:11.011) [Visual Studio Host (11564):TextEditorDocumentWindowTestExtension] Showing window 'SmartIndentInCSS.css' without activating the window.
    (29:11.088) [Visual Studio Host (11564):TextEditorDocumentWindowTestExtension] Showing window 'SmartIndentInCSS.css'.
    (29:11.306) [Visual Studio Host (11564):TextEditorDocumentWindowTestExtension] Showing window 'SmartIndentInCSS.css' without activating the window.
    (29:11.368) [Visual Studio Host (11564):TextEditorDocumentWindowTestExtension] Showing window 'SmartIndentInCSS.css'.
    (29:11.437) [Visual Studio Host (11564):VisualStudioCaretTestExtension] Moving the caret from (Ln: 94, Ch: 8) to (Ln: 86, Ch: 8)
    (29:11.509) [Visual Studio Host (11564):TextEditorDocumentWindowTestExtension] Showing window 'SmartIndentInCSS.css' without activating the window.
    (29:11.566) [Visual Studio Host (11564):TextEditorDocumentWindowTestExtension] Showing window 'SmartIndentInCSS.css'.
    (29:11.622) [Visual Studio Host (11564):KeyboardCommands] Sending the Return key 1 times.
    (29:11.681) [Visual Studio Host (11564):TextEditorDocumentWindowTestExtension] Showing window 'SmartIndentInCSS.css' without activating the window.
    (29:11.740) [Visual Studio Host (11564):TextEditorDocumentWindowTestExtension] Showing window 'SmartIndentInCSS.css'.
    (29:11.895) [Visual Studio Host (11564):VisualStudioTextEditingActions] Inserting text combine CRLF as single return: 'foo' at the current caret position: '(Ln: 87, Ch: 1)'
    (29:11.991) [Visual Studio Host (11564):TextEditorDocumentWindowTestExtension] Showing window 'SmartIndentInCSS.css' without activating the window.
    (29:12.077) [Visual Studio Host (11564):TextEditorDocumentWindowTestExtension] Showing window 'SmartIndentInCSS.css'.
    (29:12.172) [Visual Studio Host (11564):TextEditorDocumentWindowTestExtension] Showing window 'SmartIndentInCSS.css' without activating the window.
    (29:12.317) [Visual Studio Host (11564):TextEditorDocumentWindowTestExtension] Showing window 'SmartIndentInCSS.css'.
    (29:12.405) [Visual Studio Host (11564):VisualStudioCaretTestExtension] Moving the caret from (Ln: 87, Ch: 4) to (Ln: 82, Ch: 53)
    (29:12.491) [Visual Studio Host (11564):TextEditorDocumentWindowTestExtension] Showing window 'SmartIndentInCSS.css' without activating the window.
    (29:12.566) [Visual Studio Host (11564):TextEditorDocumentWindowTestExtension] Showing window 'SmartIndentInCSS.css'.
    (29:12.648) [Visual Studio Host (11564):KeyboardCommands] Sending the Return key 1 times.
    (29:12.729) [Visual Studio Host (11564):TextEditorDocumentWindowTestExtension] Showing window 'SmartIndentInCSS.css' without activating the window.
    (29:12.800) [Visual Studio Host (11564):TextEditorDocumentWindowTestExtension] Showing window 'SmartIndentInCSS.css'.
    (29:12.968) [Visual Studio Host (11564):VisualStudioTextEditingActions] Inserting text combine CRLF as single return: 'foo' at the current caret position: '(Ln: 83, Ch: 1)'
    (29:13.074) [Visual Studio Host (11564):TextEditorDocumentWindowTestExtension] Showing window 'SmartIndentInCSS.css' without activating the window.
    (29:13.148) [Visual Studio Host (11564):TextEditorDocumentWindowTestExtension] Showing window 'SmartIndentInCSS.css'.
    (29:13.388) [Visual Studio Host (11564):TextEditorDocumentWindowTestExtension] Showing window 'SmartIndentInCSS.css' without activating the window.
    (29:13.457) [Visual Studio Host (11564):TextEditorDocumentWindowTestExtension] Showing window 'SmartIndentInCSS.css'.
    (29:13.527) [Visual Studio Host (11564):VisualStudioCaretTestExtension] Moving the caret from (Ln: 83, Ch: 4) to (Ln: 78, Ch: 49)
    (29:13.594) [Visual Studio Host (11564):TextEditorDocumentWindowTestExtension] Showing window 'SmartIndentInCSS.css' without activating the window.
    (29:13.650) [Visual Studio Host (11564):TextEditorDocumentWindowTestExtension] Showing window 'SmartIndentInCSS.css'.
    (29:13.704) [Visual Studio Host (11564):KeyboardCommands] Sending the Return key 1 times.
    (29:13.773) [Visual Studio Host (11564):TextEditorDocumentWindowTestExtension] Showing window 'SmartIndentInCSS.css' without activating the window.
    (29:13.830) [Visual Studio Host (11564):TextEditorDocumentWindowTestExtension] Showing window 'SmartIndentInCSS.css'.
    (29:13.901) [Visual Studio Host (11564):VisualStudioTextEditingActions] Inserting text combine CRLF as single return: 'foo' at the current caret position: '(Ln: 79, Ch: 5)'
    (29:14.026) [Visual Studio Host (11564):TextEditorDocumentWindowTestExtension] Showing window 'SmartIndentInCSS.css' without activating the window.
    (29:14.077) [Visual Studio Host (11564):TextEditorDocumentWindowTestExtension] Showing window 'SmartIndentInCSS.css'.
    (29:14.146) [Visual Studio Host (11564):TextEditorDocumentWindowTestExtension] Showing window 'SmartIndentInCSS.css' without activating the window.
    (29:14.251) [Visual Studio Host (11564):TextEditorDocumentWindowTestExtension] Showing window 'SmartIndentInCSS.css'.
    (29:14.334) [Visual Studio Host (11564):VisualStudioCaretTestExtension] Moving the caret from (Ln: 79, Ch: 8) to (Ln: 73, Ch: 27)
    (29:14.397) [Visual Studio Host (11564):TextEditorDocumentWindowTestExtension] Showing window 'SmartIndentInCSS.css' without activating the window.
    (29:14.464) [Visual Studio Host (11564):TextEditorDocumentWindowTestExtension] Showing window 'SmartIndentInCSS.css'.
    (29:14.522) [Visual Studio Host (11564):KeyboardCommands] Sending the Return key 1 times.
    (29:14.632) [Visual Studio Host (11564):TextEditorDocumentWindowTestExtension] Showing window 'SmartIndentInCSS.css' without activating the window.
    (29:14.712) [Visual Studio Host (11564):TextEditorDocumentWindowTestExtension] Showing window 'SmartIndentInCSS.css'.
    (29:14.878) [Visual Studio Host (11564):VisualStudioTextEditingActions] Inserting text combine CRLF as single return: 'foo' at the current caret position: '(Ln: 74, Ch: 5)'
    (29:14.992) [Visual Studio Host (11564):TextEditorDocumentWindowTestExtension] Showing window 'SmartIndentInCSS.css' without activating the window.
    (29:15.076) [Visual Studio Host (11564):TextEditorDocumentWindowTestExtension] Showing window 'SmartIndentInCSS.css'.
    (29:15.345) [Visual Studio Host (11564):TextEditorDocumentWindowTestExtension] Showing window 'SmartIndentInCSS.css' without activating the window.
    (29:15.413) [Visual Studio Host (11564):TextEditorDocumentWindowTestExtension] Showing window 'SmartIndentInCSS.css'.
    (29:15.495) [Visual Studio Host (11564):VisualStudioCaretTestExtension] Moving the caret from (Ln: 74, Ch: 8) to (Ln: 69, Ch: 3)
    (29:15.573) [Visual Studio Host (11564):TextEditorDocumentWindowTestExtension] Showing window 'SmartIndentInCSS.css' without activating the window.
    (29:15.633) [Visual Studio Host (11564):TextEditorDocumentWindowTestExtension] Showing window 'SmartIndentInCSS.css'.
    (29:15.713) [Visual Studio Host (11564):KeyboardCommands] Sending the Return key 1 times.
    (29:15.792) [Visual Studio Host (11564):TextEditorDocumentWindowTestExtension] Showing window 'SmartIndentInCSS.css' without activating the window.
    (29:15.866) [Visual Studio Host (11564):TextEditorDocumentWindowTestExtension] Showing window 'SmartIndentInCSS.css'.
    (29:16.044) [Visual Studio Host (11564):VisualStudioTextEditingActions] Inserting text combine CRLF as single return: 'foo' at the current caret position: '(Ln: 70, Ch: 1)'
    (29:16.174) [Visual Studio Host (11564):TextEditorDocumentWindowTestExtension] Showing window 'SmartIndentInCSS.css' without activating the window.
    (29:16.241) [Visual Studio Host (11564):TextEditorDocumentWindowTestExtension] Showing window 'SmartIndentInCSS.css'.
    (29:16.479) [Visual Studio Host (11564):TextEditorDocumentWindowTestExtension] Showing window 'SmartIndentInCSS.css' without activating the window.
    (29:16.552) [Visual Studio Host (11564):TextEditorDocumentWindowTestExtension] Showing window 'SmartIndentInCSS.css'.
    (29:16.635) [Visual Studio Host (11564):VisualStudioCaretTestExtension] Moving the caret from (Ln: 70, Ch: 4) to (Ln: 66, Ch: 11)
    (29:16.729) [Visual Studio Host (11564):TextEditorDocumentWindowTestExtension] Showing window 'SmartIndentInCSS.css' without activating the window.
    (29:16.812) [Visual Studio Host (11564):TextEditorDocumentWindowTestExtension] Showing window 'SmartIndentInCSS.css'.
    (29:16.890) [Visual Studio Host (11564):KeyboardCommands] Sending the Return key 1 times.
    (29:16.977) [Visual Studio Host (11564):TextEditorDocumentWindowTestExtension] Showing window 'SmartIndentInCSS.css' without activating the window.
    (29:17.049) [Visual Studio Host (11564):TextEditorDocumentWindowTestExtension] Showing window 'SmartIndentInCSS.css'.
    (29:17.227) [Visual Studio Host (11564):VisualStudioTextEditingActions] Inserting text combine CRLF as single return: 'foo' at the current caret position: '(Ln: 67, Ch: 10)'
    (29:17.321) [Visual Studio Host (11564):TextEditorDocumentWindowTestExtension] Showing window 'SmartIndentInCSS.css' without activating the window.
    (29:17.445) [Visual Studio Host (11564):TextEditorDocumentWindowTestExtension] Showing window 'SmartIndentInCSS.css'.
    (29:17.559) [Visual Studio Host (11564):TextEditorDocumentWindowTestExtension] Showing window 'SmartIndentInCSS.css' without activating the window.
    (29:17.677) [Visual Studio Host (11564):TextEditorDocumentWindowTestExtension] Showing window 'SmartIndentInCSS.css'.
    (29:17.750) [Visual Studio Host (11564):VisualStudioCaretTestExtension] Moving the caret from (Ln: 67, Ch: 13) to (Ln: 59, Ch: 3)
    (29:17.841) [Visual Studio Host (11564):TextEditorDocumentWindowTestExtension] Showing window 'SmartIndentInCSS.css' without activating the window.
    (29:17.899) [Visual Studio Host (11564):TextEditorDocumentWindowTestExtension] Showing window 'SmartIndentInCSS.css'.
    (29:17.960) [Visual Studio Host (11564):KeyboardCommands] Sending the Return key 1 times.
    (29:18.069) [Visual Studio Host (11564):TextEditorDocumentWindowTestExtension] Showing window 'SmartIndentInCSS.css' without activating the window.
    (29:18.159) [Visual Studio Host (11564):TextEditorDocumentWindowTestExtension] Showing window 'SmartIndentInCSS.css'.
    (29:18.302) [Visual Studio Host (11564):VisualStudioTextEditingActions] Inserting text combine CRLF as single return: 'foo' at the current caret position: '(Ln: 60, Ch: 1)'
    (29:18.401) [Visual Studio Host (11564):TextEditorDocumentWindowTestExtension] Showing window 'SmartIndentInCSS.css' without activating the window.
    (29:18.466) [Visual Studio Host (11564):TextEditorDocumentWindowTestExtension] Showing window 'SmartIndentInCSS.css'.
    (29:18.696) [Visual Studio Host (11564):TextEditorDocumentWindowTestExtension] Showing window 'SmartIndentInCSS.css' without activating the window.
    (29:18.762) [Visual Studio Host (11564):TextEditorDocumentWindowTestExtension] Showing window 'SmartIndentInCSS.css'.
    (29:18.857) [Visual Studio Host (11564):VisualStudioCaretTestExtension] Moving the caret from (Ln: 60, Ch: 4) to (Ln: 55, Ch: 15)
    (29:18.951) [Visual Studio Host (11564):TextEditorDocumentWindowTestExtension] Showing window 'SmartIndentInCSS.css' without activating the window.
    (29:19.019) [Visual Studio Host (11564):TextEditorDocumentWindowTestExtension] Showing window 'SmartIndentInCSS.css'.
    (29:19.098) [Visual Studio Host (11564):KeyboardCommands] Sending the Return key 1 times.
    (29:19.181) [Visual Studio Host (11564):TextEditorDocumentWindowTestExtension] Showing window 'SmartIndentInCSS.css' without activating the window.
    (29:19.258) [Visual Studio Host (11564):TextEditorDocumentWindowTestExtension] Showing window 'SmartIndentInCSS.css'.
    (29:19.407) [Visual Studio Host (11564):VisualStudioTextEditingActions] Inserting text combine CRLF as single return: 'foo' at the current caret position: '(Ln: 56, Ch: 5)'
    (29:19.553) [Visual Studio Host (11564):TextEditorDocumentWindowTestExtension] Showing window 'SmartIndentInCSS.css' without activating the window.
    (29:19.632) [Visual Studio Host (11564):TextEditorDocumentWindowTestExtension] Showing window 'SmartIndentInCSS.css'.
    (29:19.727) [Visual Studio Host (11564):TextEditorDocumentWindowTestExtension] Showing window 'SmartIndentInCSS.css' without activating the window.
    (29:19.822) [Visual Studio Host (11564):TextEditorDocumentWindowTestExtension] Showing window 'SmartIndentInCSS.css'.
    (29:19.913) [Visual Studio Host (11564):VisualStudioCaretTestExtension] Moving the caret from (Ln: 56, Ch: 8) to (Ln: 51, Ch: 11)
    (29:20.044) [Visual Studio Host (11564):TextEditorDocumentWindowTestExtension] Showing window 'SmartIndentInCSS.css' without activating the window.
    (29:20.128) [Visual Studio Host (11564):TextEditorDocumentWindowTestExtension] Showing window 'SmartIndentInCSS.css'.
    (29:20.209) [Visual Studio Host (11564):KeyboardCommands] Sending the Return key 1 times.
    (29:20.286) [Visual Studio Host (11564):TextEditorDocumentWindowTestExtension] Showing window 'SmartIndentInCSS.css' without activating the window.
    (29:20.361) [Visual Studio Host (11564):TextEditorDocumentWindowTestExtension] Showing window 'SmartIndentInCSS.css'.
    (29:20.533) [Visual Studio Host (11564):VisualStudioTextEditingActions] Inserting text combine CRLF as single return: 'foo' at the current caret position: '(Ln: 52, Ch: 1)'
    (29:20.670) [Visual Studio Host (11564):TextEditorDocumentWindowTestExtension] Showing window 'SmartIndentInCSS.css' without activating the window.
    (29:20.741) [Visual Studio Host (11564):TextEditorDocumentWindowTestExtension] Showing window 'SmartIndentInCSS.css'.
    (29:20.835) [Visual Studio Host (11564):TextEditorDocumentWindowTestExtension] Showing window 'SmartIndentInCSS.css' without activating the window.
    (29:20.987) [Visual Studio Host (11564):TextEditorDocumentWindowTestExtension] Showing window 'SmartIndentInCSS.css'.
    (29:21.089) [Visual Studio Host (11564):VisualStudioCaretTestExtension] Moving the caret from (Ln: 52, Ch: 4) to (Ln: 47, Ch: 16)
    (29:21.219) [Visual Studio Host (11564):TextEditorDocumentWindowTestExtension] Showing window 'SmartIndentInCSS.css' without activating the window.
    (29:21.294) [Visual Studio Host (11564):TextEditorDocumentWindowTestExtension] Showing window 'SmartIndentInCSS.css'.
    (29:21.362) [Visual Studio Host (11564):KeyboardCommands] Sending the Return key 1 times.
    (29:21.433) [Visual Studio Host (11564):TextEditorDocumentWindowTestExtension] Showing window 'SmartIndentInCSS.css' without activating the window.
    (29:21.499) [Visual Studio Host (11564):TextEditorDocumentWindowTestExtension] Showing window 'SmartIndentInCSS.css'.
    (29:21.686) [Visual Studio Host (11564):VisualStudioTextEditingActions] Inserting text combine CRLF as single return: 'foo' at the current caret position: '(Ln: 48, Ch: 5)'
    (29:21.819) [Visual Studio Host (11564):TextEditorDocumentWindowTestExtension] Showing window 'SmartIndentInCSS.css' without activating the window.
    (29:21.949) [Visual Studio Host (11564):TextEditorDocumentWindowTestExtension] Showing window 'SmartIndentInCSS.css'.
    (29:22.049) [Visual Studio Host (11564):TextEditorDocumentWindowTestExtension] Showing window 'SmartIndentInCSS.css' without activating the window.
    (29:22.164) [Visual Studio Host (11564):TextEditorDocumentWindowTestExtension] Showing window 'SmartIndentInCSS.css'.
    (29:22.236) [Visual Studio Host (11564):VisualStudioCaretTestExtension] Moving the caret from (Ln: 48, Ch: 8) to (Ln: 43, Ch: 12)
    (29:22.411) [Visual Studio Host (11564):TextEditorDocumentWindowTestExtension] Showing window 'SmartIndentInCSS.css' without activating the window.
    (29:22.485) [Visual Studio Host (11564):TextEditorDocumentWindowTestExtension] Showing window 'SmartIndentInCSS.css'.
    (29:22.568) [Visual Studio Host (11564):KeyboardCommands] Sending the Return key 1 times.
    (29:22.654) [Visual Studio Host (11564):TextEditorDocumentWindowTestExtension] Showing window 'SmartIndentInCSS.css' without activating the window.
    (29:22.729) [Visual Studio Host (11564):TextEditorDocumentWindowTestExtension] Showing window 'SmartIndentInCSS.css'.
    (29:22.886) [Visual Studio Host (11564):VisualStudioTextEditingActions] Inserting text combine CRLF as single return: 'foo' at the current caret position: '(Ln: 44, Ch: 1)'
    (29:22.980) [Visual Studio Host (11564):TextEditorDocumentWindowTestExtension] Showing window 'SmartIndentInCSS.css' without activating the window.
    (29:23.115) [Visual Studio Host (11564):TextEditorDocumentWindowTestExtension] Showing window 'SmartIndentInCSS.css'.
    (29:23.192) [Visual Studio Host (11564):TextEditorDocumentWindowTestExtension] Showing window 'SmartIndentInCSS.css' without activating the window.
    (29:23.371) [Visual Studio Host (11564):TextEditorDocumentWindowTestExtension] Showing window 'SmartIndentInCSS.css'.
    (29:23.474) [Visual Studio Host (11564):VisualStudioCaretTestExtension] Moving the caret from (Ln: 44, Ch: 4) to (Ln: 40, Ch: 5)
    (29:23.579) [Visual Studio Host (11564):TextEditorDocumentWindowTestExtension] Showing window 'SmartIndentInCSS.css' without activating the window.
    (29:23.647) [Visual Studio Host (11564):TextEditorDocumentWindowTestExtension] Showing window 'SmartIndentInCSS.css'.
    (29:23.729) [Visual Studio Host (11564):KeyboardCommands] Sending the Return key 1 times.
    (29:23.824) [Visual Studio Host (11564):TextEditorDocumentWindowTestExtension] Showing window 'SmartIndentInCSS.css' without activating the window.
    (29:23.884) [Visual Studio Host (11564):TextEditorDocumentWindowTestExtension] Showing window 'SmartIndentInCSS.css'.
    (29:23.942) [Visual Studio Host (11564):VisualStudioTextEditingActions] Inserting text combine CRLF as single return: 'foo' at the current caret position: '(Ln: 41, Ch: 5)'
    (29:24.062) [Visual Studio Host (11564):TextEditorDocumentWindowTestExtension] Showing window 'SmartIndentInCSS.css' without activating the window.
    (29:24.124) [Visual Studio Host (11564):TextEditorDocumentWindowTestExtension] Showing window 'SmartIndentInCSS.css'.
    (29:24.203) [Visual Studio Host (11564):TextEditorDocumentWindowTestExtension] Showing window 'SmartIndentInCSS.css' without activating the window.
    (29:24.326) [Visual Studio Host (11564):TextEditorDocumentWindowTestExtension] Showing window 'SmartIndentInCSS.css'.
    (29:24.400) [Visual Studio Host (11564):VisualStudioCaretTestExtension] Moving the caret from (Ln: 41, Ch: 8) to (Ln: 36, Ch: 1)
    (29:24.478) [Visual Studio Host (11564):TextEditorDocumentWindowTestExtension] Showing window 'SmartIndentInCSS.css' without activating the window.
    (29:24.539) [Visual Studio Host (11564):TextEditorDocumentWindowTestExtension] Showing window 'SmartIndentInCSS.css'.
    (29:24.599) [Visual Studio Host (11564):KeyboardCommands] Sending the Return key 1 times.
    (29:24.656) [Visual Studio Host (11564):TextEditorDocumentWindowTestExtension] Showing window 'SmartIndentInCSS.css' without activating the window.
    (29:24.717) [Visual Studio Host (11564):TextEditorDocumentWindowTestExtension] Showing window 'SmartIndentInCSS.css'.
    (29:24.791) [Visual Studio Host (11564):VisualStudioTextEditingActions] Inserting text combine CRLF as single return: 'foo' at the current caret position: '(Ln: 37, Ch: 1)'
    (29:24.976) [Visual Studio Host (11564):TextEditorDocumentWindowTestExtension] Showing window 'SmartIndentInCSS.css' without activating the window.
    (29:25.051) [Visual Studio Host (11564):TextEditorDocumentWindowTestExtension] Showing window 'SmartIndentInCSS.css'.
    (29:25.132) [Visual Studio Host (11564):TextEditorDocumentWindowTestExtension] Showing window 'SmartIndentInCSS.css' without activating the window.
    (29:25.298) [Visual Studio Host (11564):TextEditorDocumentWindowTestExtension] Showing window 'SmartIndentInCSS.css'.
    (29:25.381) [Visual Studio Host (11564):VisualStudioCaretTestExtension] Moving the caret from (Ln: 37, Ch: 4) to (Ln: 31, Ch: 6)
    (29:25.481) [Visual Studio Host (11564):TextEditorDocumentWindowTestExtension] Showing window 'SmartIndentInCSS.css' without activating the window.
    (29:25.554) [Visual Studio Host (11564):TextEditorDocumentWindowTestExtension] Showing window 'SmartIndentInCSS.css'.
    (29:25.619) [Visual Studio Host (11564):KeyboardCommands] Sending the Return key 1 times.
    (29:25.695) [Visual Studio Host (11564):TextEditorDocumentWindowTestExtension] Showing window 'SmartIndentInCSS.css' without activating the window.
    (29:25.786) [Visual Studio Host (11564):TextEditorDocumentWindowTestExtension] Showing window 'SmartIndentInCSS.css'.
    (29:25.956) [Visual Studio Host (11564):VisualStudioTextEditingActions] Inserting text combine CRLF as single return: 'foo' at the current caret position: '(Ln: 32, Ch: 5)'
    (29:26.081) [Visual Studio Host (11564):TextEditorDocumentWindowTestExtension] Showing window 'SmartIndentInCSS.css' without activating the window.
    (29:26.157) [Visual Studio Host (11564):TextEditorDocumentWindowTestExtension] Showing window 'SmartIndentInCSS.css'.
    (29:26.252) [Visual Studio Host (11564):TextEditorDocumentWindowTestExtension] Showing window 'SmartIndentInCSS.css' without activating the window.
    (29:26.318) [Visual Studio Host (11564):TextEditorDocumentWindowTestExtension] Showing window 'SmartIndentInCSS.css'.
    (29:26.394) [Visual Studio Host (11564):VisualStudioCaretTestExtension] Moving the caret from (Ln: 32, Ch: 8) to (Ln: 27, Ch: 2)
    (29:26.497) [Visual Studio Host (11564):TextEditorDocumentWindowTestExtension] Showing window 'SmartIndentInCSS.css' without activating the window.
    (29:26.591) [Visual Studio Host (11564):TextEditorDocumentWindowTestExtension] Showing window 'SmartIndentInCSS.css'.
    (29:26.668) [Visual Studio Host (11564):KeyboardCommands] Sending the Return key 1 times.
    (29:26.762) [Visual Studio Host (11564):TextEditorDocumentWindowTestExtension] Showing window 'SmartIndentInCSS.css' without activating the window.
    (29:26.840) [Visual Studio Host (11564):TextEditorDocumentWindowTestExtension] Showing window 'SmartIndentInCSS.css'.
    (29:27.001) [Visual Studio Host (11564):VisualStudioTextEditingActions] Inserting text combine CRLF as single return: 'foo' at the current caret position: '(Ln: 28, Ch: 1)'
    (29:27.091) [Visual Studio Host (11564):TextEditorDocumentWindowTestExtension] Showing window 'SmartIndentInCSS.css' without activating the window.
    (29:27.155) [Visual Studio Host (11564):TextEditorDocumentWindowTestExtension] Showing window 'SmartIndentInCSS.css'.
    (29:27.267) [Visual Studio Host (11564):TextEditorDocumentWindowTestExtension] Showing window 'SmartIndentInCSS.css' without activating the window.
    (29:27.335) [Visual Studio Host (11564):TextEditorDocumentWindowTestExtension] Showing window 'SmartIndentInCSS.css'.
    (29:27.421) [Visual Studio Host (11564):VisualStudioCaretTestExtension] Moving the caret from (Ln: 28, Ch: 4) to (Ln: 23, Ch: 15)
    (29:27.537) [Visual Studio Host (11564):TextEditorDocumentWindowTestExtension] Showing window 'SmartIndentInCSS.css' without activating the window.
    (29:27.617) [Visual Studio Host (11564):TextEditorDocumentWindowTestExtension] Showing window 'SmartIndentInCSS.css'.
    (29:27.698) [Visual Studio Host (11564):KeyboardCommands] Sending the Return key 1 times.
    (29:27.782) [Visual Studio Host (11564):TextEditorDocumentWindowTestExtension] Showing window 'SmartIndentInCSS.css' without activating the window.
    (29:27.860) [Visual Studio Host (11564):TextEditorDocumentWindowTestExtension] Showing window 'SmartIndentInCSS.css'.
    (29:28.029) [Visual Studio Host (11564):VisualStudioTextEditingActions] Inserting text combine CRLF as single return: 'foo' at the current caret position: '(Ln: 24, Ch: 5)'
    (29:28.169) [Visual Studio Host (11564):TextEditorDocumentWindowTestExtension] Showing window 'SmartIndentInCSS.css' without activating the window.
    (29:28.287) [Visual Studio Host (11564):TextEditorDocumentWindowTestExtension] Showing window 'SmartIndentInCSS.css'.
    (29:28.410) [Visual Studio Host (11564):TextEditorDocumentWindowTestExtension] Showing window 'SmartIndentInCSS.css' without activating the window.
    (29:28.623) [Visual Studio Host (11564):TextEditorDocumentWindowTestExtension] Showing window 'SmartIndentInCSS.css'.
    (29:28.687) [Visual Studio Host (11564):VisualStudioCaretTestExtension] Moving the caret from (Ln: 24, Ch: 8) to (Ln: 17, Ch: 26)
    (29:28.777) [Visual Studio Host (11564):TextEditorDocumentWindowTestExtension] Showing window 'SmartIndentInCSS.css' without activating the window.
    (29:28.840) [Visual Studio Host (11564):TextEditorDocumentWindowTestExtension] Showing window 'SmartIndentInCSS.css'.
    (29:28.914) [Visual Studio Host (11564):KeyboardCommands] Sending the Return key 1 times.
    (29:29.008) [Visual Studio Host (11564):TextEditorDocumentWindowTestExtension] Showing window 'SmartIndentInCSS.css' without activating the window.
    (29:29.077) [Visual Studio Host (11564):TextEditorDocumentWindowTestExtension] Showing window 'SmartIndentInCSS.css'.
    (29:29.268) [Visual Studio Host (11564):VisualStudioTextEditingActions] Inserting text combine CRLF as single return: 'foo' at the current caret position: '(Ln: 18, Ch: 5)'
    (29:29.367) [Visual Studio Host (11564):TextEditorDocumentWindowTestExtension] Showing window 'SmartIndentInCSS.css' without activating the window.
    (29:29.497) [Visual Studio Host (11564):TextEditorDocumentWindowTestExtension] Showing window 'SmartIndentInCSS.css'.
    (29:29.581) [Visual Studio Host (11564):TextEditorDocumentWindowTestExtension] Showing window 'SmartIndentInCSS.css' without activating the window.
    (29:29.783) [Visual Studio Host (11564):TextEditorDocumentWindowTestExtension] Showing window 'SmartIndentInCSS.css'.
    (29:29.872) [Visual Studio Host (11564):VisualStudioCaretTestExtension] Moving the caret from (Ln: 18, Ch: 8) to (Ln: 17, Ch: 11)
    (29:29.971) [Visual Studio Host (11564):TextEditorDocumentWindowTestExtension] Showing window 'SmartIndentInCSS.css' without activating the window.
    (29:30.047) [Visual Studio Host (11564):TextEditorDocumentWindowTestExtension] Showing window 'SmartIndentInCSS.css'.
    (29:30.137) [Visual Studio Host (11564):KeyboardCommands] Sending the Return key 1 times.
    (29:30.214) [Visual Studio Host (11564):TextEditorDocumentWindowTestExtension] Showing window 'SmartIndentInCSS.css' without activating the window.
    (29:30.277) [Visual Studio Host (11564):TextEditorDocumentWindowTestExtension] Showing window 'SmartIndentInCSS.css'.
    (29:30.475) [Visual Studio Host (11564):VisualStudioTextEditingActions] Inserting text combine CRLF as single return: 'foo' at the current caret position: '(Ln: 18, Ch: 5)'
    (29:30.568) [Visual Studio Host (11564):TextEditorDocumentWindowTestExtension] Showing window 'SmartIndentInCSS.css' without activating the window.
    (29:30.762) [Visual Studio Host (11564):TextEditorDocumentWindowTestExtension] Showing window 'SmartIndentInCSS.css'.
    (29:31.047) [Visual Studio Host (11564):TextEditorDocumentWindowTestExtension] Showing window 'SmartIndentInCSS.css' without activating the window.
    (29:31.125) [Visual Studio Host (11564):TextEditorDocumentWindowTestExtension] Showing window 'SmartIndentInCSS.css'.
    (29:31.228) [Visual Studio Host (11564):VisualStudioCaretTestExtension] Moving the caret from (Ln: 18, Ch: 8) to (Ln: 12, Ch: 21)
    (29:31.403) [Visual Studio Host (11564):TextEditorDocumentWindowTestExtension] Showing window 'SmartIndentInCSS.css' without activating the window.
    (29:31.480) [Visual Studio Host (11564):TextEditorDocumentWindowTestExtension] Showing window 'SmartIndentInCSS.css'.
    (29:31.575) [Visual Studio Host (11564):KeyboardCommands] Sending the Return key 1 times.
    (29:31.664) [Visual Studio Host (11564):TextEditorDocumentWindowTestExtension] Showing window 'SmartIndentInCSS.css' without activating the window.
    (29:31.739) [Visual Studio Host (11564):TextEditorDocumentWindowTestExtension] Showing window 'SmartIndentInCSS.css'.
    (29:31.924) [Visual Studio Host (11564):VisualStudioTextEditingActions] Inserting text combine CRLF as single return: 'foo' at the current caret position: '(Ln: 13, Ch: 5)'
    (29:32.021) [Visual Studio Host (11564):TextEditorDocumentWindowTestExtension] Showing window 'SmartIndentInCSS.css' without activating the window.
    (29:32.102) [Visual Studio Host (11564):TextEditorDocumentWindowTestExtension] Showing window 'SmartIndentInCSS.css'.
    (29:32.334) [Visual Studio Host (11564):TextEditorDocumentWindowTestExtension] Showing window 'SmartIndentInCSS.css' without activating the window.
    (29:32.398) [Visual Studio Host (11564):TextEditorDocumentWindowTestExtension] Showing window 'SmartIndentInCSS.css'.
    (29:32.489) [Visual Studio Host (11564):VisualStudioCaretTestExtension] Moving the caret from (Ln: 13, Ch: 8) to (Ln: 11, Ch: 21)
    (29:32.609) [Visual Studio Host (11564):TextEditorDocumentWindowTestExtension] Showing window 'SmartIndentInCSS.css' without activating the window.
    (29:32.726) [Visual Studio Host (11564):TextEditorDocumentWindowTestExtension] Showing window 'SmartIndentInCSS.css'.
    (29:32.801) [Visual Studio Host (11564):KeyboardCommands] Sending the Return key 1 times.
    (29:32.890) [Visual Studio Host (11564):TextEditorDocumentWindowTestExtension] Showing window 'SmartIndentInCSS.css' without activating the window.
    (29:32.976) [Visual Studio Host (11564):TextEditorDocumentWindowTestExtension] Showing window 'SmartIndentInCSS.css'.
    (29:33.180) [Visual Studio Host (11564):VisualStudioTextEditingActions] Inserting text combine CRLF as single return: 'foo' at the current caret position: '(Ln: 12, Ch: 5)'
    (29:33.296) [Visual Studio Host (11564):TextEditorDocumentWindowTestExtension] Showing window 'SmartIndentInCSS.css' without activating the window.
    (29:33.372) [Visual Studio Host (11564):TextEditorDocumentWindowTestExtension] Showing window 'SmartIndentInCSS.css'.
    (29:33.452) [Visual Studio Host (11564):TextEditorDocumentWindowTestExtension] Showing window 'SmartIndentInCSS.css' without activating the window.
    (29:33.559) [Visual Studio Host (11564):TextEditorDocumentWindowTestExtension] Showing window 'SmartIndentInCSS.css'.
    (29:33.656) [Visual Studio Host (11564):VisualStudioCaretTestExtension] Moving the caret from (Ln: 12, Ch: 8) to (Ln: 8, Ch: 13)
    (29:33.722) [Visual Studio Host (11564):TextEditorDocumentWindowTestExtension] Showing window 'SmartIndentInCSS.css' without activating the window.
    (29:33.787) [Visual Studio Host (11564):TextEditorDocumentWindowTestExtension] Showing window 'SmartIndentInCSS.css'.
    (29:33.842) [Visual Studio Host (11564):KeyboardCommands] Sending the Return key 1 times.
    (29:33.901) [Visual Studio Host (11564):TextEditorDocumentWindowTestExtension] Showing window 'SmartIndentInCSS.css' without activating the window.
    (29:33.958) [Visual Studio Host (11564):TextEditorDocumentWindowTestExtension] Showing window 'SmartIndentInCSS.css'.
    (29:34.021) [Visual Studio Host (11564):VisualStudioTextEditingActions] Inserting text combine CRLF as single return: 'foo' at the current caret position: '(Ln: 9, Ch: 5)'
    (29:34.170) [Visual Studio Host (11564):TextEditorDocumentWindowTestExtension] Showing window 'SmartIndentInCSS.css' without activating the window.
    (29:34.226) [Visual Studio Host (11564):TextEditorDocumentWindowTestExtension] Showing window 'SmartIndentInCSS.css'.
    (29:34.397) [Visual Studio Host (11564):TextEditorDocumentWindowTestExtension] Showing window 'SmartIndentInCSS.css' without activating the window.
    (29:34.447) [Visual Studio Host (11564):TextEditorDocumentWindowTestExtension] Showing window 'SmartIndentInCSS.css'.
    (29:34.505) [Visual Studio Host (11564):VisualStudioCaretTestExtension] Moving the caret from (Ln: 9, Ch: 8) to (Ln: 7, Ch: 11)
    (29:34.573) [Visual Studio Host (11564):TextEditorDocumentWindowTestExtension] Showing window 'SmartIndentInCSS.css' without activating the window.
    (29:34.644) [Visual Studio Host (11564):TextEditorDocumentWindowTestExtension] Showing window 'SmartIndentInCSS.css'.
    (29:34.736) [Visual Studio Host (11564):KeyboardCommands] Sending the Return key 1 times.
    (29:34.826) [Visual Studio Host (11564):TextEditorDocumentWindowTestExtension] Showing window 'SmartIndentInCSS.css' without activating the window.
    (29:34.896) [Visual Studio Host (11564):TextEditorDocumentWindowTestExtension] Showing window 'SmartIndentInCSS.css'.
    (29:35.048) [Visual Studio Host (11564):VisualStudioTextEditingActions] Inserting text combine CRLF as single return: 'foo' at the current caret position: '(Ln: 8, Ch: 5)'
    (29:35.137) [Visual Studio Host (11564):TextEditorDocumentWindowTestExtension] Showing window 'SmartIndentInCSS.css' without activating the window.
    (29:35.250) [Visual Studio Host (11564):TextEditorDocumentWindowTestExtension] Showing window 'SmartIndentInCSS.css'.
    (29:35.345) [Visual Studio Host (11564):TextEditorDocumentWindowTestExtension] Showing window 'SmartIndentInCSS.css' without activating the window.
    (29:35.446) [Visual Studio Host (11564):TextEditorDocumentWindowTestExtension] Showing window 'SmartIndentInCSS.css'.
    (29:35.524) [Visual Studio Host (11564):VisualStudioCaretTestExtension] Moving the caret from (Ln: 8, Ch: 8) to (Ln: 4, Ch: 17)
    (29:35.615) [Visual Studio Host (11564):TextEditorDocumentWindowTestExtension] Showing window 'SmartIndentInCSS.css' without activating the window.
    (29:35.690) [Visual Studio Host (11564):TextEditorDocumentWindowTestExtension] Showing window 'SmartIndentInCSS.css'.
    (29:35.765) [Visual Studio Host (11564):KeyboardCommands] Sending the Return key 1 times.
    (29:35.853) [Visual Studio Host (11564):TextEditorDocumentWindowTestExtension] Showing window 'SmartIndentInCSS.css' without activating the window.
    (29:35.922) [Visual Studio Host (11564):TextEditorDocumentWindowTestExtension] Showing window 'SmartIndentInCSS.css'.
    (29:36.000) [Visual Studio Host (11564):VisualStudioTextEditingActions] Inserting text combine CRLF as single return: 'foo' at the current caret position: '(Ln: 5, Ch: 5)'
    (29:36.129) [Visual Studio Host (11564):TextEditorDocumentWindowTestExtension] Showing window 'SmartIndentInCSS.css' without activating the window.
    (29:36.267) [Visual Studio Host (11564):TextEditorDocumentWindowTestExtension] Showing window 'SmartIndentInCSS.css'.
    (29:36.525) [Visual Studio Host (11564):TextEditorDocumentWindowTestExtension] Showing window 'SmartIndentInCSS.css' without activating the window.
    (29:36.595) [Visual Studio Host (11564):TextEditorDocumentWindowTestExtension] Showing window 'SmartIndentInCSS.css'.
    (29:36.660) [Visual Studio Host (11564):VisualStudioCaretTestExtension] Moving the caret from (Ln: 5, Ch: 8) to (Ln: 3, Ch: 23)
    (29:36.742) [Visual Studio Host (11564):TextEditorDocumentWindowTestExtension] Showing window 'SmartIndentInCSS.css' without activating the window.
    (29:36.802) [Visual Studio Host (11564):TextEditorDocumentWindowTestExtension] Showing window 'SmartIndentInCSS.css'.
    (29:36.873) [Visual Studio Host (11564):KeyboardCommands] Sending the Return key 1 times.
    (29:36.955) [Visual Studio Host (11564):TextEditorDocumentWindowTestExtension] Showing window 'SmartIndentInCSS.css' without activating the window.
    (29:37.061) [Visual Studio Host (11564):TextEditorDocumentWindowTestExtension] Showing window 'SmartIndentInCSS.css'.
    (29:37.213) [Visual Studio Host (11564):VisualStudioTextEditingActions] Inserting text combine CRLF as single return: 'foo' at the current caret position: '(Ln: 4, Ch: 9)'
    (29:37.341) [Visual Studio Host (11564):TextEditorDocumentWindowTestExtension] Showing window 'SmartIndentInCSS.css' without activating the window.
    (29:37.438) [Visual Studio Host (11564):TextEditorDocumentWindowTestExtension] Showing window 'SmartIndentInCSS.css'.
    (29:37.728) [Visual Studio Host (11564):TextEditorDocumentWindowTestExtension] Showing window 'SmartIndentInCSS.css' without activating the window.
    (29:37.792) [Visual Studio Host (11564):TextEditorDocumentWindowTestExtension] Showing window 'SmartIndentInCSS.css'.
    (29:37.864) [Visual Studio Host (11564):VisualStudioCaretTestExtension] Moving the caret from (Ln: 4, Ch: 12) to (Ln: 3, Ch: 15)
    (29:37.949) [Visual Studio Host (11564):TextEditorDocumentWindowTestExtension] Showing window 'SmartIndentInCSS.css' without activating the window.
    (29:38.035) [Visual Studio Host (11564):TextEditorDocumentWindowTestExtension] Showing window 'SmartIndentInCSS.css'.
    (29:38.119) [Visual Studio Host (11564):KeyboardCommands] Sending the Return key 1 times.
    (29:38.213) [Visual Studio Host (11564):TextEditorDocumentWindowTestExtension] Showing window 'SmartIndentInCSS.css' without activating the window.
    (29:38.316) [Visual Studio Host (11564):TextEditorDocumentWindowTestExtension] Showing window 'SmartIndentInCSS.css'.
    (29:38.510) [Visual Studio Host (11564):VisualStudioTextEditingActions] Inserting text combine CRLF as single return: 'foo' at the current caret position: '(Ln: 4, Ch: 9)'
    (29:38.622) [Visual Studio Host (11564):TextEditorDocumentWindowTestExtension] Showing window 'SmartIndentInCSS.css' without activating the window.
    (29:38.694) [Visual Studio Host (11564):TextEditorDocumentWindowTestExtension] Showing window 'SmartIndentInCSS.css'.
    (29:38.934) [Visual Studio Host (11564):TextEditorDocumentWindowTestExtension] Showing window 'SmartIndentInCSS.css' without activating the window.
    (29:39.007) [Visual Studio Host (11564):TextEditorDocumentWindowTestExtension] Showing window 'SmartIndentInCSS.css'.
    (29:39.099) [Visual Studio Host (11564):VisualStudioCaretTestExtension] Moving the caret from (Ln: 4, Ch: 12) to (Ln: 2, Ch: 11)
    (29:39.189) [Visual Studio Host (11564):TextEditorDocumentWindowTestExtension] Showing window 'SmartIndentInCSS.css' without activating the window.
    (29:39.266) [Visual Studio Host (11564):TextEditorDocumentWindowTestExtension] Showing window 'SmartIndentInCSS.css'.
    (29:39.350) [Visual Studio Host (11564):KeyboardCommands] Sending the Return key 1 times.
    (29:39.458) [Visual Studio Host (11564):TextEditorDocumentWindowTestExtension] Showing window 'SmartIndentInCSS.css' without activating the window.
    (29:39.536) [Visual Studio Host (11564):TextEditorDocumentWindowTestExtension] Showing window 'SmartIndentInCSS.css'.
    (29:39.741) [Visual Studio Host (11564):VisualStudioTextEditingActions] Inserting text combine CRLF as single return: 'foo' at the current caret position: '(Ln: 3, Ch: 5)'
    (29:39.873) [Visual Studio Host (11564):TextEditorDocumentWindowTestExtension] Showing window 'SmartIndentInCSS.css' without activating the window.
    (29:39.943) [Visual Studio Host (11564):TextEditorDocumentWindowTestExtension] Showing window 'SmartIndentInCSS.css'.
    (29:40.129) [Visual Studio Host (11564):TextEditorDocumentWindowTestExtension] Showing window 'SmartIndentInCSS.css' without activating the window.
    (29:40.191) [Visual Studio Host (11564):TextEditorDocumentWindowTestExtension] Showing window 'SmartIndentInCSS.css'.
    + ExternalProcessHostTest TestCleanup
        (29:40.316) [Visual Studio Host (11564):SettingsService] Setting Visual Studio option 'TextEditor\CSS\IndentStyle' to '2'.
        (29:40.402) [Visual Studio Host (11564):TextEditorDocumentWindowTestExtension] Closing window 'SmartIndentInCSS.css'.
        (29:40.672) [Platform:Testcase] Test 'VSTest_CSS_SmartIndentInCSSWithBlockIndent' has 'Passed' outcome. Therefore, Apex will not shut down the 'Visual Studio Host (11564)' with process ID '11564'. A subsequent test scenario will run on the same instance of the host.
    + Final Test Result Verification
        (29:40.926) [Platform:DelayedAssertionVerifierSink] Verification Success: 0 verification steps failed.
    + ApexTest TestCleanup</StdOut>
      </Output>
      <ResultFiles>
        <ResultFile path="WNVM19648\Fail.azqsczivabnm.png" />
        <ResultFile path="WNVM19648\Fail.ig2gsfz5ad1y.png" />
        <ResultFile path="WNVM19648\Fail.o5zf0zepaw0l.png" />
        <ResultFile path="WNVM19648\OmniLog.html" />
        <ResultFile path="WNVM19648\OmniLogRawXml.xml" />
      </ResultFiles>
    </UnitTestResult>
    <UnitTestResult executionId="6175f1d2-ddb8-4bff-829a-bc1257e2a18e" testId="56e5faae-acf9-10b7-da4b-2fe46944c5f4" testName="VSTest_Razor_TagHelpers_Completion_RequiredAttributes" computerName="WNVM19648" duration="00:00:22.1310544" startTime="2018-04-17T01:15:56.0380749-07:00" endTime="2018-04-17T01:16:18.1691293-07:00" testType="13cdc9d9-ddb5-4fa4-a97d-d965ccfc6d4b" outcome="Passed" testListId="8c84fa94-04c1-424b-9868-57a2d4851a1d" relativeResultsDirectory="6175f1d2-ddb8-4bff-829a-bc1257e2a18e">
      <Output>
        <StdOut>+ RazorTagHelperTests::VSTest_Razor_TagHelpers_Completion_RequiredAttributes
    + ApexTest TestInitialize
    + ExternalProcessHostTest TestInitialize
        (01:17:37.777) [Visual Studio Host (8016):RoamingSettingsService] Disabling roaming settings.
        (01:17:37.912) [Visual Studio Host (8016):SettingsService] Setting Visual Studio option 'Environment\RoamingSettings\RoamingEnabled' to 'False'.
        (01:17:38.740) [Visual Studio Host (8016):TextEditorDocumentWindowTestExtension] Showing window 'TagHelpers.cshtml' without activating the window.
        (01:17:38.997) [Visual Studio Host (8016):TextEditorDocumentWindowTestExtension] Showing window 'TagHelpers.cshtml'.
        (01:17:39.210) [Visual Studio Host (8016):VisualStudioTextEditorTestExtension] Setting keyboard focus to editor 'TagHelpers.cshtml'.
        (01:17:39.404) [Visual Studio Host (8016):MainWindowService] Activating main window to bring it to the foreground.
        (01:17:39.577) [Visual Studio Host (8016):MainWindowService] Setting main window state to 'Maximized'.
    (01:17:39.893) [Visual Studio Host (8016):TextEditorDocumentWindowTestExtension] Showing window 'TagHelpers.cshtml' without activating the window.
    (01:17:40.022) [Visual Studio Host (8016):TextEditorDocumentWindowTestExtension] Showing window 'TagHelpers.cshtml'.
    (01:17:40.218) [Visual Studio Host (8016):VisualStudioCaretTestExtension] Moving the caret to '&lt;body&gt;' at (Ln: 5, Ch: 1) based on a regular expression.  Expression = "()&lt;body&gt;" [group index '0', match index '1', options 'Singleline, CultureInvariant']
    (01:17:41.798) [Visual Studio Host (8016):TextEditorDocumentWindowTestExtension] Showing window 'TagHelpers.cshtml' without activating the window.
    (01:17:43.294) [Visual Studio Host (8016):TextEditorDocumentWindowTestExtension] Showing window 'TagHelpers.cshtml'.
    (01:17:44.873) [Visual Studio Host (8016):VisualStudioCaretTestExtension] Moving the caret from (Ln: 5, Ch: 1) down '1' lines
    (01:17:45.040) [Visual Studio Host (8016):VisualStudioTextEditorTestExtension] Setting keyboard focus to editor 'TagHelpers.cshtml'.
    (01:17:45.240) [Visual Studio Host (8016):TextEditorDocumentWindowTestExtension] Showing window 'TagHelpers.cshtml' without activating the window.
    (01:17:45.416) [Visual Studio Host (8016):TextEditorDocumentWindowTestExtension] Showing window 'TagHelpers.cshtml'.
    (01:17:45.719) [Visual Studio Host (8016):TextEditorDocumentWindowTestExtension] Showing window 'TagHelpers.cshtml' without activating the window.
    (01:17:45.940) [Visual Studio Host (8016):TextEditorDocumentWindowTestExtension] Showing window 'TagHelpers.cshtml'.
    (01:17:46.332) [Visual Studio Host (8016):VisualStudioIntellisenseService] Getting the active completion at position '(Ln: 6, Ch: 6)'.
    (01:17:46.538) [Visual Studio Host (8016):VisualStudioCompletionListTestExtension] Found completion item with name 
    (01:17:46.723) [Visual Studio Host (8016):VisualStudioCompletionListTestExtension] Found completion item with name 
    (01:17:46.888) [Visual Studio Host (8016):VisualStudioCompletionListTestExtension] Found completion item with name 
    (01:17:47.089) [Visual Studio Host (8016):VisualStudioCompletionListTestExtension] Unable to find completion item with name 
    (01:17:47.269) [Visual Studio Host (8016):TextEditorDocumentWindowTestExtension] Showing window 'TagHelpers.cshtml' without activating the window.
    (01:17:47.431) [Visual Studio Host (8016):TextEditorDocumentWindowTestExtension] Showing window 'TagHelpers.cshtml'.
    (01:17:47.788) [Visual Studio Host (8016):TextEditorDocumentWindowTestExtension] Showing window 'TagHelpers.cshtml' without activating the window.
    (01:17:47.967) [Visual Studio Host (8016):TextEditorDocumentWindowTestExtension] Showing window 'TagHelpers.cshtml'.
    (01:17:48.131) [Visual Studio Host (8016):KeyboardCommands] Sending the Right key 1 times.
    (01:17:48.291) [Visual Studio Host (8016):TextEditorDocumentWindowTestExtension] Showing window 'TagHelpers.cshtml' without activating the window.
    (01:17:48.436) [Visual Studio Host (8016):TextEditorDocumentWindowTestExtension] Showing window 'TagHelpers.cshtml'.
    (01:17:48.611) [Visual Studio Host (8016):TextEditorDocumentWindowTestExtension] Showing window 'TagHelpers.cshtml' without activating the window.
    (01:17:48.805) [Visual Studio Host (8016):TextEditorDocumentWindowTestExtension] Showing window 'TagHelpers.cshtml'.
    (01:17:49.059) [Visual Studio Host (8016):VisualStudioIntellisenseService] Getting the active completion at position '(Ln: 6, Ch: 22)'.
    (01:17:49.222) [Visual Studio Host (8016):VisualStudioCompletionListTestExtension] Found completion item with name 
    (01:17:49.361) [Visual Studio Host (8016):VisualStudioCompletionListTestExtension] Found completion item with name 
    (01:17:49.487) [Visual Studio Host (8016):VisualStudioCompletionListTestExtension] Unable to find completion item with name 
    (01:17:49.621) [Visual Studio Host (8016):VisualStudioCompletionListTestExtension] Unable to find completion item with name 
    (01:17:49.787) [Visual Studio Host (8016):TextEditorDocumentWindowTestExtension] Showing window 'TagHelpers.cshtml' without activating the window.
    (01:17:49.936) [Visual Studio Host (8016):TextEditorDocumentWindowTestExtension] Showing window 'TagHelpers.cshtml'.
    (01:17:50.195) [Visual Studio Host (8016):TextEditorDocumentWindowTestExtension] Showing window 'TagHelpers.cshtml' without activating the window.
    (01:17:50.371) [Visual Studio Host (8016):TextEditorDocumentWindowTestExtension] Showing window 'TagHelpers.cshtml'.
    (01:17:50.570) [Visual Studio Host (8016):KeyboardCommands] Sending the Right key 1 times.
    (01:17:50.759) [Visual Studio Host (8016):TextEditorDocumentWindowTestExtension] Showing window 'TagHelpers.cshtml' without activating the window.
    (01:17:50.917) [Visual Studio Host (8016):TextEditorDocumentWindowTestExtension] Showing window 'TagHelpers.cshtml'.
    (01:17:51.152) [Visual Studio Host (8016):TextEditorDocumentWindowTestExtension] Showing window 'TagHelpers.cshtml' without activating the window.
    (01:17:51.339) [Visual Studio Host (8016):TextEditorDocumentWindowTestExtension] Showing window 'TagHelpers.cshtml'.
    (01:17:51.488) [Visual Studio Host (8016):VisualStudioIntellisenseService] Getting the active completion at position '(Ln: 6, Ch: 38)'.
    (01:17:51.632) [Visual Studio Host (8016):VisualStudioCompletionListTestExtension] Found completion item with name 
    (01:17:51.774) [Visual Studio Host (8016):VisualStudioCompletionListTestExtension] Unable to find completion item with name 
    (01:17:51.904) [Visual Studio Host (8016):VisualStudioCompletionListTestExtension] Unable to find completion item with name 
    (01:17:52.059) [Visual Studio Host (8016):VisualStudioCompletionListTestExtension] Unable to find completion item with name 
    (01:17:52.230) [Visual Studio Host (8016):TextEditorDocumentWindowTestExtension] Showing window 'TagHelpers.cshtml' without activating the window.
    (01:17:52.441) [Visual Studio Host (8016):TextEditorDocumentWindowTestExtension] Showing window 'TagHelpers.cshtml'.
    (01:17:52.605) [Visual Studio Host (8016):VisualStudioTextEditingActions] Deleting to the end of line of the current caret position, position: '(Ln: 6, Ch: 38)', line: '6'
    (01:17:52.840) [Visual Studio Host (8016):VisualStudioTextEditingActions] Deleting to the beginning of line of the current caret position, position: '(Ln: 6, Ch: 38)', line: '6'
    (01:17:53.024) [Visual Studio Host (8016):TextEditorDocumentWindowTestExtension] Showing window 'TagHelpers.cshtml' without activating the window.
    (01:17:53.194) [Visual Studio Host (8016):TextEditorDocumentWindowTestExtension] Showing window 'TagHelpers.cshtml'.
    (01:17:53.472) [Visual Studio Host (8016):TextEditorDocumentWindowTestExtension] Showing window 'TagHelpers.cshtml' without activating the window.
    (01:17:53.738) [Visual Studio Host (8016):TextEditorDocumentWindowTestExtension] Showing window 'TagHelpers.cshtml'.
    (01:17:53.954) [Visual Studio Host (8016):VisualStudioIntellisenseService] Getting the active completion at position '(Ln: 6, Ch: 4)'.
    (01:17:54.162) [Visual Studio Host (8016):VisualStudioCompletionListTestExtension] Found completion item with name 
    (01:17:54.425) [Visual Studio Host (8016):VisualStudioIntellisenseService] Getting the active completion at position '(Ln: 6, Ch: 4)'.
    (01:17:54.584) [Visual Studio Host (8016):VisualStudioCompletionListTestExtension] Found completion item with name 
    (01:17:54.723) [Visual Studio Host (8016):VisualStudioCompletionListTestExtension] Selecting completion item 'asp-...'.
    (01:17:54.864) [Visual Studio Host (8016):VisualStudioCompletionListTestExtension] Committing 'asp-...' completion item.
    (01:17:55.087) [Visual Studio Host (8016):TextEditorDocumentWindowTestExtension] Showing window 'TagHelpers.cshtml' without activating the window.
    (01:17:55.253) [Visual Studio Host (8016):TextEditorDocumentWindowTestExtension] Showing window 'TagHelpers.cshtml'.
    (01:17:55.426) [Visual Studio Host (8016):VisualStudioIntellisenseService] Getting the active completion at position '(Ln: 6, Ch: 8)'.
    (01:17:55.603) [Visual Studio Host (8016):VisualStudioCompletionListTestExtension] Found completion item with name 
    (01:17:55.771) [Visual Studio Host (8016):VisualStudioIntellisenseService] Getting the active completion at position '(Ln: 6, Ch: 8)'.
    (01:17:55.939) [Visual Studio Host (8016):VisualStudioCompletionListTestExtension] Found completion item with name 
    (01:17:56.100) [Visual Studio Host (8016):VisualStudioCompletionListTestExtension] Selecting completion item 'asp-route-...'.
    (01:17:56.269) [Visual Studio Host (8016):VisualStudioCompletionListTestExtension] Committing 'asp-route-...' completion item.
    (01:17:56.475) [Visual Studio Host (8016):TextEditorDocumentWindowTestExtension] Showing window 'TagHelpers.cshtml' without activating the window.
    (01:17:56.657) [Visual Studio Host (8016):TextEditorDocumentWindowTestExtension] Showing window 'TagHelpers.cshtml'.
    VerificationPass: (01:17:56.868) [Visual Studio Host (8016):CaretVerifier] Verification passed: The current line text is '&lt;a asp-route-'; the expected text is '&lt;a asp-route-'; trim = 'True'; &lt;ComparisonType: OrdinalIgnoreCase&gt;
    + ExternalProcessHostTest TestCleanup
        (01:17:57.434) [Visual Studio Host (8016):TextEditorDocumentWindowTestExtension] Closing window 'TagHelpers.cshtml'.
        (01:17:57.791) [Platform:Testcase] Test 'VSTest_Razor_TagHelpers_Completion_RequiredAttributes' has 'Passed' outcome. Therefore, Apex will not shut down the 'Visual Studio Host (8016)' with process ID '8016'. A subsequent test scenario will run on the same instance of the host.
    + Final Test Result Verification
        (01:17:58.540) [Platform:DelayedAssertionVerifierSink] Verification Success: 0 verification steps failed.
    + ApexTest TestCleanup</StdOut>
      </Output>
      <ResultFiles>
        <ResultFile path="WNVM19648\Fail.aswak04hapa5.png" />
        <ResultFile path="WNVM19648\Fail.azqsczivabnm.png" />
        <ResultFile path="WNVM19648\Fail.ek4tb3wmalyl.png" />
        <ResultFile path="WNVM19648\Fail.ig2gsfz5ad1y.png" />
        <ResultFile path="WNVM19648\Fail.o4kkrjboasbk.png" />
        <ResultFile path="WNVM19648\Fail.o5zf0zepaw0l.png" />
        <ResultFile path="WNVM19648\Fail.raasvsmeanc1.png" />
        <ResultFile path="WNVM19648\Fail.t4yj0fxuatil.png" />
        <ResultFile path="WNVM19648\Fail.z10rn0n5ajdm.png" />
        <ResultFile path="WNVM19648\OmniLog.html" />
        <ResultFile path="WNVM19648\OmniLogRawXml.xml" />
      </ResultFiles>
    </UnitTestResult>
    <UnitTestResult executionId="ad6920a1-a793-4e47-880f-f106d7009288" testId="12fd2202-9883-dd64-3c71-f3a891cc9bd4" testName="VSTest_CSS_SmartIndentInCSS" computerName="WNVM19648" duration="00:00:31.0961578" startTime="2018-04-17T00:26:23.6372230-07:00" endTime="2018-04-17T00:26:54.7333808-07:00" testType="13cdc9d9-ddb5-4fa4-a97d-d965ccfc6d4b" outcome="Passed" testListId="8c84fa94-04c1-424b-9868-57a2d4851a1d" relativeResultsDirectory="ad6920a1-a793-4e47-880f-f106d7009288">
      <Output>
        <StdOut>+ CssSmartIndentTests::VSTest_CSS_SmartIndentInCSS
    + ApexTest TestInitialize
    + ExternalProcessHostTest TestInitialize
        (28:05.181) [Visual Studio Host (11564):RoamingSettingsService] Disabling roaming settings.
        (28:05.229) [Visual Studio Host (11564):SettingsService] Setting Visual Studio option 'Environment\RoamingSettings\RoamingEnabled' to 'False'.
        (28:05.539) [Visual Studio Host (11564):TextEditorDocumentWindowTestExtension] Showing window 'SmartIndentInCSS.css' without activating the window.
        (28:05.607) [Visual Studio Host (11564):TextEditorDocumentWindowTestExtension] Showing window 'SmartIndentInCSS.css'.
        (28:05.688) [Visual Studio Host (11564):VisualStudioTextEditorTestExtension] Setting keyboard focus to editor 'SmartIndentInCSS.css'.
        (28:05.742) [Visual Studio Host (11564):SettingsService] Getting value of Visual Studio Setting 'TextEditor\CSS\InsertTabs'. 
        (28:05.864) [Visual Studio Host (11564):SettingsService] Setting Visual Studio option 'TextEditor\CSS\InsertTabs' to 'False'.
        (28:05.934) [Visual Studio Host (11564):SettingsService] Getting value of Visual Studio Setting 'TextEditor\CSS\IndentSize'. 
        (28:05.989) [Visual Studio Host (11564):SettingsService] Setting Visual Studio option 'TextEditor\CSS\IndentSize' to '4'.
        (28:06.126) [Visual Studio Host (11564):SettingsService] Getting value of Visual Studio Setting 'TextEditor\CSS\TabSize'. 
        (28:06.189) [Visual Studio Host (11564):SettingsService] Setting Visual Studio option 'TextEditor\CSS\TabSize' to '4'.
        (28:06.242) [Visual Studio Host (11564):SettingsService] Getting value of Visual Studio Setting 'TextEditor\CSS\IndentStyle'. 
        (28:06.294) [Visual Studio Host (11564):SettingsService] Setting Visual Studio option 'TextEditor\CSS\IndentStyle' to '2'.
        (28:06.347) [Visual Studio Host (11564):MainWindowService] Activating main window to bring it to the foreground.
        (28:06.395) [Visual Studio Host (11564):MainWindowService] Setting main window state to 'Maximized'.
    (28:06.542) [Visual Studio Host (11564):TextEditorDocumentWindowTestExtension] Showing window 'SmartIndentInCSS.css' without activating the window.
    (28:06.596) [Visual Studio Host (11564):TextEditorDocumentWindowTestExtension] Showing window 'SmartIndentInCSS.css'.
    (28:06.661) [Visual Studio Host (11564):VisualStudioCaretTestExtension] Moving the caret from (Ln: 1, Ch: 1) to (Ln: 100, Ch: 11)
    (28:06.735) [Visual Studio Host (11564):TextEditorDocumentWindowTestExtension] Showing window 'SmartIndentInCSS.css' without activating the window.
    (28:06.800) [Visual Studio Host (11564):TextEditorDocumentWindowTestExtension] Showing window 'SmartIndentInCSS.css'.
    (28:06.862) [Visual Studio Host (11564):KeyboardCommands] Sending the Return key 1 times.
    (28:06.949) [Visual Studio Host (11564):TextEditorDocumentWindowTestExtension] Showing window 'SmartIndentInCSS.css' without activating the window.
    (28:07.032) [Visual Studio Host (11564):TextEditorDocumentWindowTestExtension] Showing window 'SmartIndentInCSS.css'.
    (28:07.186) [Visual Studio Host (11564):VisualStudioTextEditingActions] Inserting text combine CRLF as single return: 'foo' at the current caret position: '(Ln: 101, Ch: 9)'
    (28:07.379) [Visual Studio Host (11564):TextEditorDocumentWindowTestExtension] Showing window 'SmartIndentInCSS.css' without activating the window.
    (28:07.544) [Visual Studio Host (11564):TextEditorDocumentWindowTestExtension] Showing window 'SmartIndentInCSS.css'.
    (28:07.657) [Visual Studio Host (11564):TextEditorDocumentWindowTestExtension] Showing window 'SmartIndentInCSS.css' without activating the window.
    (28:07.837) [Visual Studio Host (11564):TextEditorDocumentWindowTestExtension] Showing window 'SmartIndentInCSS.css'.
    (28:07.917) [Visual Studio Host (11564):VisualStudioCaretTestExtension] Moving the caret from (Ln: 101, Ch: 12) to (Ln: 93, Ch: 6)
    (28:08.027) [Visual Studio Host (11564):TextEditorDocumentWindowTestExtension] Showing window 'SmartIndentInCSS.css' without activating the window.
    (28:08.110) [Visual Studio Host (11564):TextEditorDocumentWindowTestExtension] Showing window 'SmartIndentInCSS.css'.
    (28:08.189) [Visual Studio Host (11564):KeyboardCommands] Sending the Return key 1 times.
    (28:08.270) [Visual Studio Host (11564):TextEditorDocumentWindowTestExtension] Showing window 'SmartIndentInCSS.css' without activating the window.
    (28:08.340) [Visual Studio Host (11564):TextEditorDocumentWindowTestExtension] Showing window 'SmartIndentInCSS.css'.
    (28:08.535) [Visual Studio Host (11564):VisualStudioTextEditingActions] Inserting text combine CRLF as single return: 'foo' at the current caret position: '(Ln: 94, Ch: 9)'
    (28:08.650) [Visual Studio Host (11564):TextEditorDocumentWindowTestExtension] Showing window 'SmartIndentInCSS.css' without activating the window.
    (28:08.726) [Visual Studio Host (11564):TextEditorDocumentWindowTestExtension] Showing window 'SmartIndentInCSS.css'.
    (28:08.910) [Visual Studio Host (11564):TextEditorDocumentWindowTestExtension] Showing window 'SmartIndentInCSS.css' without activating the window.
    (28:08.985) [Visual Studio Host (11564):TextEditorDocumentWindowTestExtension] Showing window 'SmartIndentInCSS.css'.
    (28:09.054) [Visual Studio Host (11564):VisualStudioCaretTestExtension] Moving the caret from (Ln: 94, Ch: 12) to (Ln: 86, Ch: 8)
    (28:09.121) [Visual Studio Host (11564):TextEditorDocumentWindowTestExtension] Showing window 'SmartIndentInCSS.css' without activating the window.
    (28:09.172) [Visual Studio Host (11564):TextEditorDocumentWindowTestExtension] Showing window 'SmartIndentInCSS.css'.
    (28:09.224) [Visual Studio Host (11564):KeyboardCommands] Sending the Return key 1 times.
    (28:09.282) [Visual Studio Host (11564):TextEditorDocumentWindowTestExtension] Showing window 'SmartIndentInCSS.css' without activating the window.
    (28:09.338) [Visual Studio Host (11564):TextEditorDocumentWindowTestExtension] Showing window 'SmartIndentInCSS.css'.
    (28:09.524) [Visual Studio Host (11564):VisualStudioTextEditingActions] Inserting text combine CRLF as single return: 'foo' at the current caret position: '(Ln: 87, Ch: 1)'
    (28:09.614) [Visual Studio Host (11564):TextEditorDocumentWindowTestExtension] Showing window 'SmartIndentInCSS.css' without activating the window.
    (28:09.667) [Visual Studio Host (11564):TextEditorDocumentWindowTestExtension] Showing window 'SmartIndentInCSS.css'.
    (28:09.737) [Visual Studio Host (11564):TextEditorDocumentWindowTestExtension] Showing window 'SmartIndentInCSS.css' without activating the window.
    (28:09.838) [Visual Studio Host (11564):TextEditorDocumentWindowTestExtension] Showing window 'SmartIndentInCSS.css'.
    (28:09.894) [Visual Studio Host (11564):VisualStudioCaretTestExtension] Moving the caret from (Ln: 87, Ch: 4) to (Ln: 82, Ch: 53)
    (28:09.948) [Visual Studio Host (11564):TextEditorDocumentWindowTestExtension] Showing window 'SmartIndentInCSS.css' without activating the window.
    (28:09.996) [Visual Studio Host (11564):TextEditorDocumentWindowTestExtension] Showing window 'SmartIndentInCSS.css'.
    (28:10.052) [Visual Studio Host (11564):KeyboardCommands] Sending the Return key 1 times.
    (28:10.111) [Visual Studio Host (11564):TextEditorDocumentWindowTestExtension] Showing window 'SmartIndentInCSS.css' without activating the window.
    (28:10.164) [Visual Studio Host (11564):TextEditorDocumentWindowTestExtension] Showing window 'SmartIndentInCSS.css'.
    (28:10.221) [Visual Studio Host (11564):VisualStudioTextEditingActions] Inserting text combine CRLF as single return: 'foo' at the current caret position: '(Ln: 83, Ch: 5)'
    (28:10.382) [Visual Studio Host (11564):TextEditorDocumentWindowTestExtension] Showing window 'SmartIndentInCSS.css' without activating the window.
    (28:10.471) [Visual Studio Host (11564):TextEditorDocumentWindowTestExtension] Showing window 'SmartIndentInCSS.css'.
    (28:10.549) [Visual Studio Host (11564):TextEditorDocumentWindowTestExtension] Showing window 'SmartIndentInCSS.css' without activating the window.
    (28:10.674) [Visual Studio Host (11564):TextEditorDocumentWindowTestExtension] Showing window 'SmartIndentInCSS.css'.
    (28:10.748) [Visual Studio Host (11564):VisualStudioCaretTestExtension] Moving the caret from (Ln: 83, Ch: 8) to (Ln: 78, Ch: 49)
    (28:10.824) [Visual Studio Host (11564):TextEditorDocumentWindowTestExtension] Showing window 'SmartIndentInCSS.css' without activating the window.
    (28:10.879) [Visual Studio Host (11564):TextEditorDocumentWindowTestExtension] Showing window 'SmartIndentInCSS.css'.
    (28:10.940) [Visual Studio Host (11564):KeyboardCommands] Sending the Return key 1 times.
    (28:11.003) [Visual Studio Host (11564):TextEditorDocumentWindowTestExtension] Showing window 'SmartIndentInCSS.css' without activating the window.
    (28:11.078) [Visual Studio Host (11564):TextEditorDocumentWindowTestExtension] Showing window 'SmartIndentInCSS.css'.
    (28:11.143) [Visual Studio Host (11564):VisualStudioTextEditingActions] Inserting text combine CRLF as single return: 'foo' at the current caret position: '(Ln: 79, Ch: 5)'
    (28:11.267) [Visual Studio Host (11564):TextEditorDocumentWindowTestExtension] Showing window 'SmartIndentInCSS.css' without activating the window.
    (28:11.334) [Visual Studio Host (11564):TextEditorDocumentWindowTestExtension] Showing window 'SmartIndentInCSS.css'.
    (28:11.413) [Visual Studio Host (11564):TextEditorDocumentWindowTestExtension] Showing window 'SmartIndentInCSS.css' without activating the window.
    (28:11.541) [Visual Studio Host (11564):TextEditorDocumentWindowTestExtension] Showing window 'SmartIndentInCSS.css'.
    (28:11.624) [Visual Studio Host (11564):VisualStudioCaretTestExtension] Moving the caret from (Ln: 79, Ch: 8) to (Ln: 73, Ch: 27)
    (28:11.687) [Visual Studio Host (11564):TextEditorDocumentWindowTestExtension] Showing window 'SmartIndentInCSS.css' without activating the window.
    (28:11.737) [Visual Studio Host (11564):TextEditorDocumentWindowTestExtension] Showing window 'SmartIndentInCSS.css'.
    (28:11.801) [Visual Studio Host (11564):KeyboardCommands] Sending the Return key 1 times.
    (28:11.861) [Visual Studio Host (11564):TextEditorDocumentWindowTestExtension] Showing window 'SmartIndentInCSS.css' without activating the window.
    (28:11.920) [Visual Studio Host (11564):TextEditorDocumentWindowTestExtension] Showing window 'SmartIndentInCSS.css'.
    (28:12.091) [Visual Studio Host (11564):VisualStudioTextEditingActions] Inserting text combine CRLF as single return: 'foo' at the current caret position: '(Ln: 74, Ch: 5)'
    (28:12.193) [Visual Studio Host (11564):TextEditorDocumentWindowTestExtension] Showing window 'SmartIndentInCSS.css' without activating the window.
    (28:12.265) [Visual Studio Host (11564):TextEditorDocumentWindowTestExtension] Showing window 'SmartIndentInCSS.css'.
    (28:12.355) [Visual Studio Host (11564):TextEditorDocumentWindowTestExtension] Showing window 'SmartIndentInCSS.css' without activating the window.
    (28:12.521) [Visual Studio Host (11564):TextEditorDocumentWindowTestExtension] Showing window 'SmartIndentInCSS.css'.
    (28:12.599) [Visual Studio Host (11564):VisualStudioCaretTestExtension] Moving the caret from (Ln: 74, Ch: 8) to (Ln: 69, Ch: 3)
    (28:12.664) [Visual Studio Host (11564):TextEditorDocumentWindowTestExtension] Showing window 'SmartIndentInCSS.css' without activating the window.
    (28:12.721) [Visual Studio Host (11564):TextEditorDocumentWindowTestExtension] Showing window 'SmartIndentInCSS.css'.
    (28:12.803) [Visual Studio Host (11564):KeyboardCommands] Sending the Return key 1 times.
    (28:12.889) [Visual Studio Host (11564):TextEditorDocumentWindowTestExtension] Showing window 'SmartIndentInCSS.css' without activating the window.
    (28:12.955) [Visual Studio Host (11564):TextEditorDocumentWindowTestExtension] Showing window 'SmartIndentInCSS.css'.
    (28:13.135) [Visual Studio Host (11564):VisualStudioTextEditingActions] Inserting text combine CRLF as single return: 'foo' at the current caret position: '(Ln: 70, Ch: 5)'
    (28:13.218) [Visual Studio Host (11564):TextEditorDocumentWindowTestExtension] Showing window 'SmartIndentInCSS.css' without activating the window.
    (28:13.274) [Visual Studio Host (11564):TextEditorDocumentWindowTestExtension] Showing window 'SmartIndentInCSS.css'.
    (28:13.341) [Visual Studio Host (11564):TextEditorDocumentWindowTestExtension] Showing window 'SmartIndentInCSS.css' without activating the window.
    (28:13.463) [Visual Studio Host (11564):TextEditorDocumentWindowTestExtension] Showing window 'SmartIndentInCSS.css'.
    (28:13.537) [Visual Studio Host (11564):VisualStudioCaretTestExtension] Moving the caret from (Ln: 70, Ch: 8) to (Ln: 66, Ch: 11)
    (28:13.605) [Visual Studio Host (11564):TextEditorDocumentWindowTestExtension] Showing window 'SmartIndentInCSS.css' without activating the window.
    (28:13.663) [Visual Studio Host (11564):TextEditorDocumentWindowTestExtension] Showing window 'SmartIndentInCSS.css'.
    (28:13.745) [Visual Studio Host (11564):KeyboardCommands] Sending the Return key 1 times.
    (28:13.827) [Visual Studio Host (11564):TextEditorDocumentWindowTestExtension] Showing window 'SmartIndentInCSS.css' without activating the window.
    (28:13.890) [Visual Studio Host (11564):TextEditorDocumentWindowTestExtension] Showing window 'SmartIndentInCSS.css'.
    (28:14.043) [Visual Studio Host (11564):VisualStudioTextEditingActions] Inserting text combine CRLF as single return: 'foo' at the current caret position: '(Ln: 67, Ch: 9)'
    (28:14.134) [Visual Studio Host (11564):TextEditorDocumentWindowTestExtension] Showing window 'SmartIndentInCSS.css' without activating the window.
    (28:14.200) [Visual Studio Host (11564):TextEditorDocumentWindowTestExtension] Showing window 'SmartIndentInCSS.css'.
    (28:14.273) [Visual Studio Host (11564):TextEditorDocumentWindowTestExtension] Showing window 'SmartIndentInCSS.css' without activating the window.
    (28:14.423) [Visual Studio Host (11564):TextEditorDocumentWindowTestExtension] Showing window 'SmartIndentInCSS.css'.
    (28:14.485) [Visual Studio Host (11564):VisualStudioCaretTestExtension] Moving the caret from (Ln: 67, Ch: 12) to (Ln: 59, Ch: 3)
    (28:14.572) [Visual Studio Host (11564):TextEditorDocumentWindowTestExtension] Showing window 'SmartIndentInCSS.css' without activating the window.
    (28:14.634) [Visual Studio Host (11564):TextEditorDocumentWindowTestExtension] Showing window 'SmartIndentInCSS.css'.
    (28:14.689) [Visual Studio Host (11564):KeyboardCommands] Sending the Return key 1 times.
    (28:14.762) [Visual Studio Host (11564):TextEditorDocumentWindowTestExtension] Showing window 'SmartIndentInCSS.css' without activating the window.
    (28:14.854) [Visual Studio Host (11564):TextEditorDocumentWindowTestExtension] Showing window 'SmartIndentInCSS.css'.
    (28:15.053) [Visual Studio Host (11564):VisualStudioTextEditingActions] Inserting text combine CRLF as single return: 'foo' at the current caret position: '(Ln: 60, Ch: 5)'
    (28:15.149) [Visual Studio Host (11564):TextEditorDocumentWindowTestExtension] Showing window 'SmartIndentInCSS.css' without activating the window.
    (28:15.219) [Visual Studio Host (11564):TextEditorDocumentWindowTestExtension] Showing window 'SmartIndentInCSS.css'.
    (28:15.287) [Visual Studio Host (11564):TextEditorDocumentWindowTestExtension] Showing window 'SmartIndentInCSS.css' without activating the window.
    (28:15.337) [Visual Studio Host (11564):TextEditorDocumentWindowTestExtension] Showing window 'SmartIndentInCSS.css'.
    (28:15.464) [Visual Studio Host (11564):VisualStudioCaretTestExtension] Moving the caret from (Ln: 60, Ch: 8) to (Ln: 55, Ch: 15)
    (28:15.558) [Visual Studio Host (11564):TextEditorDocumentWindowTestExtension] Showing window 'SmartIndentInCSS.css' without activating the window.
    (28:15.627) [Visual Studio Host (11564):TextEditorDocumentWindowTestExtension] Showing window 'SmartIndentInCSS.css'.
    (28:15.699) [Visual Studio Host (11564):KeyboardCommands] Sending the Return key 1 times.
    (28:15.777) [Visual Studio Host (11564):TextEditorDocumentWindowTestExtension] Showing window 'SmartIndentInCSS.css' without activating the window.
    (28:15.868) [Visual Studio Host (11564):TextEditorDocumentWindowTestExtension] Showing window 'SmartIndentInCSS.css'.
    (28:16.131) [Visual Studio Host (11564):VisualStudioTextEditingActions] Inserting text combine CRLF as single return: 'foo' at the current caret position: '(Ln: 56, Ch: 5)'
    (28:16.251) [Visual Studio Host (11564):TextEditorDocumentWindowTestExtension] Showing window 'SmartIndentInCSS.css' without activating the window.
    (28:16.328) [Visual Studio Host (11564):TextEditorDocumentWindowTestExtension] Showing window 'SmartIndentInCSS.css'.
    (28:16.425) [Visual Studio Host (11564):TextEditorDocumentWindowTestExtension] Showing window 'SmartIndentInCSS.css' without activating the window.
    (28:16.568) [Visual Studio Host (11564):TextEditorDocumentWindowTestExtension] Showing window 'SmartIndentInCSS.css'.
    (28:16.632) [Visual Studio Host (11564):VisualStudioCaretTestExtension] Moving the caret from (Ln: 56, Ch: 8) to (Ln: 51, Ch: 11)
    (28:16.707) [Visual Studio Host (11564):TextEditorDocumentWindowTestExtension] Showing window 'SmartIndentInCSS.css' without activating the window.
    (28:16.768) [Visual Studio Host (11564):TextEditorDocumentWindowTestExtension] Showing window 'SmartIndentInCSS.css'.
    (28:16.829) [Visual Studio Host (11564):KeyboardCommands] Sending the Return key 1 times.
    (28:16.890) [Visual Studio Host (11564):TextEditorDocumentWindowTestExtension] Showing window 'SmartIndentInCSS.css' without activating the window.
    (28:16.960) [Visual Studio Host (11564):TextEditorDocumentWindowTestExtension] Showing window 'SmartIndentInCSS.css'.
    (28:17.146) [Visual Studio Host (11564):VisualStudioTextEditingActions] Inserting text combine CRLF as single return: 'foo' at the current caret position: '(Ln: 52, Ch: 1)'
    (28:17.233) [Visual Studio Host (11564):TextEditorDocumentWindowTestExtension] Showing window 'SmartIndentInCSS.css' without activating the window.
    (28:17.295) [Visual Studio Host (11564):TextEditorDocumentWindowTestExtension] Showing window 'SmartIndentInCSS.css'.
    (28:17.382) [Visual Studio Host (11564):TextEditorDocumentWindowTestExtension] Showing window 'SmartIndentInCSS.css' without activating the window.
    (28:17.490) [Visual Studio Host (11564):TextEditorDocumentWindowTestExtension] Showing window 'SmartIndentInCSS.css'.
    (28:17.604) [Visual Studio Host (11564):VisualStudioCaretTestExtension] Moving the caret from (Ln: 52, Ch: 4) to (Ln: 47, Ch: 16)
    (28:17.686) [Visual Studio Host (11564):TextEditorDocumentWindowTestExtension] Showing window 'SmartIndentInCSS.css' without activating the window.
    (28:17.749) [Visual Studio Host (11564):TextEditorDocumentWindowTestExtension] Showing window 'SmartIndentInCSS.css'.
    (28:17.817) [Visual Studio Host (11564):KeyboardCommands] Sending the Return key 1 times.
    (28:17.876) [Visual Studio Host (11564):TextEditorDocumentWindowTestExtension] Showing window 'SmartIndentInCSS.css' without activating the window.
    (28:17.933) [Visual Studio Host (11564):TextEditorDocumentWindowTestExtension] Showing window 'SmartIndentInCSS.css'.
    (28:18.094) [Visual Studio Host (11564):VisualStudioTextEditingActions] Inserting text combine CRLF as single return: 'foo' at the current caret position: '(Ln: 48, Ch: 9)'
    (28:18.208) [Visual Studio Host (11564):TextEditorDocumentWindowTestExtension] Showing window 'SmartIndentInCSS.css' without activating the window.
    (28:18.287) [Visual Studio Host (11564):TextEditorDocumentWindowTestExtension] Showing window 'SmartIndentInCSS.css'.
    (28:18.376) [Visual Studio Host (11564):TextEditorDocumentWindowTestExtension] Showing window 'SmartIndentInCSS.css' without activating the window.
    (28:18.482) [Visual Studio Host (11564):TextEditorDocumentWindowTestExtension] Showing window 'SmartIndentInCSS.css'.
    (28:18.570) [Visual Studio Host (11564):VisualStudioCaretTestExtension] Moving the caret from (Ln: 48, Ch: 12) to (Ln: 43, Ch: 12)
    (28:18.677) [Visual Studio Host (11564):TextEditorDocumentWindowTestExtension] Showing window 'SmartIndentInCSS.css' without activating the window.
    (28:18.746) [Visual Studio Host (11564):TextEditorDocumentWindowTestExtension] Showing window 'SmartIndentInCSS.css'.
    (28:18.810) [Visual Studio Host (11564):KeyboardCommands] Sending the Return key 1 times.
    (28:18.874) [Visual Studio Host (11564):TextEditorDocumentWindowTestExtension] Showing window 'SmartIndentInCSS.css' without activating the window.
    (28:18.933) [Visual Studio Host (11564):TextEditorDocumentWindowTestExtension] Showing window 'SmartIndentInCSS.css'.
    (28:18.992) [Visual Studio Host (11564):VisualStudioTextEditingActions] Inserting text combine CRLF as single return: 'foo' at the current caret position: '(Ln: 44, Ch: 5)'
    (28:19.139) [Visual Studio Host (11564):TextEditorDocumentWindowTestExtension] Showing window 'SmartIndentInCSS.css' without activating the window.
    (28:19.216) [Visual Studio Host (11564):TextEditorDocumentWindowTestExtension] Showing window 'SmartIndentInCSS.css'.
    (28:19.395) [Visual Studio Host (11564):TextEditorDocumentWindowTestExtension] Showing window 'SmartIndentInCSS.css' without activating the window.
    (28:19.451) [Visual Studio Host (11564):TextEditorDocumentWindowTestExtension] Showing window 'SmartIndentInCSS.css'.
    (28:19.509) [Visual Studio Host (11564):VisualStudioCaretTestExtension] Moving the caret from (Ln: 44, Ch: 8) to (Ln: 40, Ch: 5)
    (28:19.614) [Visual Studio Host (11564):TextEditorDocumentWindowTestExtension] Showing window 'SmartIndentInCSS.css' without activating the window.
    (28:19.674) [Visual Studio Host (11564):TextEditorDocumentWindowTestExtension] Showing window 'SmartIndentInCSS.css'.
    (28:19.745) [Visual Studio Host (11564):KeyboardCommands] Sending the Return key 1 times.
    (28:19.819) [Visual Studio Host (11564):TextEditorDocumentWindowTestExtension] Showing window 'SmartIndentInCSS.css' without activating the window.
    (28:19.887) [Visual Studio Host (11564):TextEditorDocumentWindowTestExtension] Showing window 'SmartIndentInCSS.css'.
    (28:20.048) [Visual Studio Host (11564):VisualStudioTextEditingActions] Inserting text combine CRLF as single return: 'foo' at the current caret position: '(Ln: 41, Ch: 5)'
    (28:20.145) [Visual Studio Host (11564):TextEditorDocumentWindowTestExtension] Showing window 'SmartIndentInCSS.css' without activating the window.
    (28:20.238) [Visual Studio Host (11564):TextEditorDocumentWindowTestExtension] Showing window 'SmartIndentInCSS.css'.
    (28:20.458) [Visual Studio Host (11564):TextEditorDocumentWindowTestExtension] Showing window 'SmartIndentInCSS.css' without activating the window.
    (28:20.524) [Visual Studio Host (11564):TextEditorDocumentWindowTestExtension] Showing window 'SmartIndentInCSS.css'.
    (28:20.593) [Visual Studio Host (11564):VisualStudioCaretTestExtension] Moving the caret from (Ln: 41, Ch: 8) to (Ln: 36, Ch: 1)
    (28:20.686) [Visual Studio Host (11564):TextEditorDocumentWindowTestExtension] Showing window 'SmartIndentInCSS.css' without activating the window.
    (28:20.745) [Visual Studio Host (11564):TextEditorDocumentWindowTestExtension] Showing window 'SmartIndentInCSS.css'.
    (28:20.801) [Visual Studio Host (11564):KeyboardCommands] Sending the Return key 1 times.
    (28:20.862) [Visual Studio Host (11564):TextEditorDocumentWindowTestExtension] Showing window 'SmartIndentInCSS.css' without activating the window.
    (28:20.931) [Visual Studio Host (11564):TextEditorDocumentWindowTestExtension] Showing window 'SmartIndentInCSS.css'.
    (28:21.072) [Visual Studio Host (11564):VisualStudioTextEditingActions] Inserting text combine CRLF as single return: 'foo' at the current caret position: '(Ln: 37, Ch: 1)'
    (28:21.159) [Visual Studio Host (11564):TextEditorDocumentWindowTestExtension] Showing window 'SmartIndentInCSS.css' without activating the window.
    (28:21.225) [Visual Studio Host (11564):TextEditorDocumentWindowTestExtension] Showing window 'SmartIndentInCSS.css'.
    (28:21.290) [Visual Studio Host (11564):TextEditorDocumentWindowTestExtension] Showing window 'SmartIndentInCSS.css' without activating the window.
    (28:21.446) [Visual Studio Host (11564):TextEditorDocumentWindowTestExtension] Showing window 'SmartIndentInCSS.css'.
    (28:21.507) [Visual Studio Host (11564):VisualStudioCaretTestExtension] Moving the caret from (Ln: 37, Ch: 4) to (Ln: 31, Ch: 6)
    (28:21.584) [Visual Studio Host (11564):TextEditorDocumentWindowTestExtension] Showing window 'SmartIndentInCSS.css' without activating the window.
    (28:21.646) [Visual Studio Host (11564):TextEditorDocumentWindowTestExtension] Showing window 'SmartIndentInCSS.css'.
    (28:21.728) [Visual Studio Host (11564):KeyboardCommands] Sending the Return key 1 times.
    (28:21.800) [Visual Studio Host (11564):TextEditorDocumentWindowTestExtension] Showing window 'SmartIndentInCSS.css' without activating the window.
    (28:21.863) [Visual Studio Host (11564):TextEditorDocumentWindowTestExtension] Showing window 'SmartIndentInCSS.css'.
    (28:21.941) [Visual Studio Host (11564):VisualStudioTextEditingActions] Inserting text combine CRLF as single return: 'foo' at the current caret position: '(Ln: 32, Ch: 5)'
    (28:22.111) [Visual Studio Host (11564):TextEditorDocumentWindowTestExtension] Showing window 'SmartIndentInCSS.css' without activating the window.
    (28:22.216) [Visual Studio Host (11564):TextEditorDocumentWindowTestExtension] Showing window 'SmartIndentInCSS.css'.
    (28:22.291) [Visual Studio Host (11564):TextEditorDocumentWindowTestExtension] Showing window 'SmartIndentInCSS.css' without activating the window.
    (28:22.355) [Visual Studio Host (11564):TextEditorDocumentWindowTestExtension] Showing window 'SmartIndentInCSS.css'.
    (28:22.413) [Visual Studio Host (11564):VisualStudioCaretTestExtension] Moving the caret from (Ln: 32, Ch: 8) to (Ln: 27, Ch: 2)
    (28:22.537) [Visual Studio Host (11564):TextEditorDocumentWindowTestExtension] Showing window 'SmartIndentInCSS.css' without activating the window.
    (28:22.605) [Visual Studio Host (11564):TextEditorDocumentWindowTestExtension] Showing window 'SmartIndentInCSS.css'.
    (28:22.678) [Visual Studio Host (11564):KeyboardCommands] Sending the Return key 1 times.
    (28:22.759) [Visual Studio Host (11564):TextEditorDocumentWindowTestExtension] Showing window 'SmartIndentInCSS.css' without activating the window.
    (28:22.819) [Visual Studio Host (11564):TextEditorDocumentWindowTestExtension] Showing window 'SmartIndentInCSS.css'.
    (28:23.029) [Visual Studio Host (11564):VisualStudioTextEditingActions] Inserting text combine CRLF as single return: 'foo' at the current caret position: '(Ln: 28, Ch: 1)'
    (28:23.139) [Visual Studio Host (11564):TextEditorDocumentWindowTestExtension] Showing window 'SmartIndentInCSS.css' without activating the window.
    (28:23.220) [Visual Studio Host (11564):TextEditorDocumentWindowTestExtension] Showing window 'SmartIndentInCSS.css'.
    (28:23.307) [Visual Studio Host (11564):TextEditorDocumentWindowTestExtension] Showing window 'SmartIndentInCSS.css' without activating the window.
    (28:23.364) [Visual Studio Host (11564):TextEditorDocumentWindowTestExtension] Showing window 'SmartIndentInCSS.css'.
    (28:23.421) [Visual Studio Host (11564):VisualStudioCaretTestExtension] Moving the caret from (Ln: 28, Ch: 4) to (Ln: 23, Ch: 15)
    (28:23.502) [Visual Studio Host (11564):TextEditorDocumentWindowTestExtension] Showing window 'SmartIndentInCSS.css' without activating the window.
    (28:23.560) [Visual Studio Host (11564):TextEditorDocumentWindowTestExtension] Showing window 'SmartIndentInCSS.css'.
    (28:23.632) [Visual Studio Host (11564):KeyboardCommands] Sending the Return key 1 times.
    (28:23.695) [Visual Studio Host (11564):TextEditorDocumentWindowTestExtension] Showing window 'SmartIndentInCSS.css' without activating the window.
    (28:23.770) [Visual Studio Host (11564):TextEditorDocumentWindowTestExtension] Showing window 'SmartIndentInCSS.css'.
    (28:23.929) [Visual Studio Host (11564):VisualStudioTextEditingActions] Inserting text combine CRLF as single return: 'foo' at the current caret position: '(Ln: 24, Ch: 5)'
    (28:24.017) [Visual Studio Host (11564):TextEditorDocumentWindowTestExtension] Showing window 'SmartIndentInCSS.css' without activating the window.
    (28:24.118) [Visual Studio Host (11564):TextEditorDocumentWindowTestExtension] Showing window 'SmartIndentInCSS.css'.
    (28:24.194) [Visual Studio Host (11564):TextEditorDocumentWindowTestExtension] Showing window 'SmartIndentInCSS.css' without activating the window.
    (28:24.345) [Visual Studio Host (11564):TextEditorDocumentWindowTestExtension] Showing window 'SmartIndentInCSS.css'.
    (28:24.418) [Visual Studio Host (11564):VisualStudioCaretTestExtension] Moving the caret from (Ln: 24, Ch: 8) to (Ln: 17, Ch: 26)
    (28:24.512) [Visual Studio Host (11564):TextEditorDocumentWindowTestExtension] Showing window 'SmartIndentInCSS.css' without activating the window.
    (28:24.570) [Visual Studio Host (11564):TextEditorDocumentWindowTestExtension] Showing window 'SmartIndentInCSS.css'.
    (28:24.636) [Visual Studio Host (11564):KeyboardCommands] Sending the Return key 1 times.
    (28:24.695) [Visual Studio Host (11564):TextEditorDocumentWindowTestExtension] Showing window 'SmartIndentInCSS.css' without activating the window.
    (28:24.757) [Visual Studio Host (11564):TextEditorDocumentWindowTestExtension] Showing window 'SmartIndentInCSS.css'.
    (28:24.961) [Visual Studio Host (11564):VisualStudioTextEditingActions] Inserting text combine CRLF as single return: 'foo' at the current caret position: '(Ln: 18, Ch: 9)'
    (28:25.048) [Visual Studio Host (11564):TextEditorDocumentWindowTestExtension] Showing window 'SmartIndentInCSS.css' without activating the window.
    (28:25.172) [Visual Studio Host (11564):TextEditorDocumentWindowTestExtension] Showing window 'SmartIndentInCSS.css'.
    (28:25.270) [Visual Studio Host (11564):TextEditorDocumentWindowTestExtension] Showing window 'SmartIndentInCSS.css' without activating the window.
    (28:25.366) [Visual Studio Host (11564):TextEditorDocumentWindowTestExtension] Showing window 'SmartIndentInCSS.css'.
    (28:25.441) [Visual Studio Host (11564):VisualStudioCaretTestExtension] Moving the caret from (Ln: 18, Ch: 12) to (Ln: 17, Ch: 11)
    (28:25.569) [Visual Studio Host (11564):TextEditorDocumentWindowTestExtension] Showing window 'SmartIndentInCSS.css' without activating the window.
    (28:25.627) [Visual Studio Host (11564):TextEditorDocumentWindowTestExtension] Showing window 'SmartIndentInCSS.css'.
    (28:25.693) [Visual Studio Host (11564):KeyboardCommands] Sending the Return key 1 times.
    (28:25.757) [Visual Studio Host (11564):TextEditorDocumentWindowTestExtension] Showing window 'SmartIndentInCSS.css' without activating the window.
    (28:25.812) [Visual Studio Host (11564):TextEditorDocumentWindowTestExtension] Showing window 'SmartIndentInCSS.css'.
    (28:25.875) [Visual Studio Host (11564):VisualStudioTextEditingActions] Inserting text combine CRLF as single return: 'foo' at the current caret position: '(Ln: 18, Ch: 9)'
    (28:26.028) [Visual Studio Host (11564):TextEditorDocumentWindowTestExtension] Showing window 'SmartIndentInCSS.css' without activating the window.
    (28:26.181) [Visual Studio Host (11564):TextEditorDocumentWindowTestExtension] Showing window 'SmartIndentInCSS.css'.
    (28:26.381) [Visual Studio Host (11564):TextEditorDocumentWindowTestExtension] Showing window 'SmartIndentInCSS.css' without activating the window.
    (28:26.448) [Visual Studio Host (11564):TextEditorDocumentWindowTestExtension] Showing window 'SmartIndentInCSS.css'.
    (28:26.518) [Visual Studio Host (11564):VisualStudioCaretTestExtension] Moving the caret from (Ln: 18, Ch: 12) to (Ln: 12, Ch: 21)
    (28:26.623) [Visual Studio Host (11564):TextEditorDocumentWindowTestExtension] Showing window 'SmartIndentInCSS.css' without activating the window.
    (28:26.680) [Visual Studio Host (11564):TextEditorDocumentWindowTestExtension] Showing window 'SmartIndentInCSS.css'.
    (28:26.737) [Visual Studio Host (11564):KeyboardCommands] Sending the Return key 1 times.
    (28:26.797) [Visual Studio Host (11564):TextEditorDocumentWindowTestExtension] Showing window 'SmartIndentInCSS.css' without activating the window.
    (28:26.865) [Visual Studio Host (11564):TextEditorDocumentWindowTestExtension] Showing window 'SmartIndentInCSS.css'.
    (28:26.934) [Visual Studio Host (11564):VisualStudioTextEditingActions] Inserting text combine CRLF as single return: 'foo' at the current caret position: '(Ln: 13, Ch: 11)'
    (28:27.105) [Visual Studio Host (11564):TextEditorDocumentWindowTestExtension] Showing window 'SmartIndentInCSS.css' without activating the window.
    (28:27.172) [Visual Studio Host (11564):TextEditorDocumentWindowTestExtension] Showing window 'SmartIndentInCSS.css'.
    (28:27.355) [Visual Studio Host (11564):TextEditorDocumentWindowTestExtension] Showing window 'SmartIndentInCSS.css' without activating the window.
    (28:27.416) [Visual Studio Host (11564):TextEditorDocumentWindowTestExtension] Showing window 'SmartIndentInCSS.css'.
    (28:27.494) [Visual Studio Host (11564):VisualStudioCaretTestExtension] Moving the caret from (Ln: 13, Ch: 14) to (Ln: 11, Ch: 21)
    (28:27.578) [Visual Studio Host (11564):TextEditorDocumentWindowTestExtension] Showing window 'SmartIndentInCSS.css' without activating the window.
    (28:27.630) [Visual Studio Host (11564):TextEditorDocumentWindowTestExtension] Showing window 'SmartIndentInCSS.css'.
    (28:27.687) [Visual Studio Host (11564):KeyboardCommands] Sending the Return key 1 times.
    (28:27.745) [Visual Studio Host (11564):TextEditorDocumentWindowTestExtension] Showing window 'SmartIndentInCSS.css' without activating the window.
    (28:27.797) [Visual Studio Host (11564):TextEditorDocumentWindowTestExtension] Showing window 'SmartIndentInCSS.css'.
    (28:27.854) [Visual Studio Host (11564):VisualStudioTextEditingActions] Inserting text combine CRLF as single return: 'foo' at the current caret position: '(Ln: 12, Ch: 11)'
    (28:28.023) [Visual Studio Host (11564):TextEditorDocumentWindowTestExtension] Showing window 'SmartIndentInCSS.css' without activating the window.
    (28:28.073) [Visual Studio Host (11564):TextEditorDocumentWindowTestExtension] Showing window 'SmartIndentInCSS.css'.
    (28:28.148) [Visual Studio Host (11564):TextEditorDocumentWindowTestExtension] Showing window 'SmartIndentInCSS.css' without activating the window.
    (28:28.236) [Visual Studio Host (11564):TextEditorDocumentWindowTestExtension] Showing window 'SmartIndentInCSS.css'.
    (28:28.294) [Visual Studio Host (11564):VisualStudioCaretTestExtension] Moving the caret from (Ln: 12, Ch: 14) to (Ln: 8, Ch: 13)
    (28:28.357) [Visual Studio Host (11564):TextEditorDocumentWindowTestExtension] Showing window 'SmartIndentInCSS.css' without activating the window.
    (28:28.413) [Visual Studio Host (11564):TextEditorDocumentWindowTestExtension] Showing window 'SmartIndentInCSS.css'.
    (28:28.487) [Visual Studio Host (11564):KeyboardCommands] Sending the Return key 1 times.
    (28:28.566) [Visual Studio Host (11564):TextEditorDocumentWindowTestExtension] Showing window 'SmartIndentInCSS.css' without activating the window.
    (28:28.626) [Visual Studio Host (11564):TextEditorDocumentWindowTestExtension] Showing window 'SmartIndentInCSS.css'.
    (28:28.774) [Visual Studio Host (11564):VisualStudioTextEditingActions] Inserting text combine CRLF as single return: 'foo' at the current caret position: '(Ln: 9, Ch: 9)'
    (28:28.856) [Visual Studio Host (11564):TextEditorDocumentWindowTestExtension] Showing window 'SmartIndentInCSS.css' without activating the window.
    (28:28.918) [Visual Studio Host (11564):TextEditorDocumentWindowTestExtension] Showing window 'SmartIndentInCSS.css'.
    (28:29.003) [Visual Studio Host (11564):TextEditorDocumentWindowTestExtension] Showing window 'SmartIndentInCSS.css' without activating the window.
    (28:29.111) [Visual Studio Host (11564):TextEditorDocumentWindowTestExtension] Showing window 'SmartIndentInCSS.css'.
    (28:29.177) [Visual Studio Host (11564):VisualStudioCaretTestExtension] Moving the caret from (Ln: 9, Ch: 12) to (Ln: 7, Ch: 11)
    (28:29.243) [Visual Studio Host (11564):TextEditorDocumentWindowTestExtension] Showing window 'SmartIndentInCSS.css' without activating the window.
    (28:29.298) [Visual Studio Host (11564):TextEditorDocumentWindowTestExtension] Showing window 'SmartIndentInCSS.css'.
    (28:29.353) [Visual Studio Host (11564):KeyboardCommands] Sending the Return key 1 times.
    (28:29.413) [Visual Studio Host (11564):TextEditorDocumentWindowTestExtension] Showing window 'SmartIndentInCSS.css' without activating the window.
    (28:29.471) [Visual Studio Host (11564):TextEditorDocumentWindowTestExtension] Showing window 'SmartIndentInCSS.css'.
    (28:29.638) [Visual Studio Host (11564):VisualStudioTextEditingActions] Inserting text combine CRLF as single return: 'foo' at the current caret position: '(Ln: 8, Ch: 9)'
    (28:29.738) [Visual Studio Host (11564):TextEditorDocumentWindowTestExtension] Showing window 'SmartIndentInCSS.css' without activating the window.
    (28:29.803) [Visual Studio Host (11564):TextEditorDocumentWindowTestExtension] Showing window 'SmartIndentInCSS.css'.
    (28:29.888) [Visual Studio Host (11564):TextEditorDocumentWindowTestExtension] Showing window 'SmartIndentInCSS.css' without activating the window.
    (28:30.101) [Visual Studio Host (11564):TextEditorDocumentWindowTestExtension] Showing window 'SmartIndentInCSS.css'.
    (28:30.185) [Visual Studio Host (11564):VisualStudioCaretTestExtension] Moving the caret from (Ln: 8, Ch: 12) to (Ln: 4, Ch: 17)
    (28:30.276) [Visual Studio Host (11564):TextEditorDocumentWindowTestExtension] Showing window 'SmartIndentInCSS.css' without activating the window.
    (28:30.327) [Visual Studio Host (11564):TextEditorDocumentWindowTestExtension] Showing window 'SmartIndentInCSS.css'.
    (28:30.398) [Visual Studio Host (11564):KeyboardCommands] Sending the Return key 1 times.
    (28:30.459) [Visual Studio Host (11564):TextEditorDocumentWindowTestExtension] Showing window 'SmartIndentInCSS.css' without activating the window.
    (28:30.520) [Visual Studio Host (11564):TextEditorDocumentWindowTestExtension] Showing window 'SmartIndentInCSS.css'.
    (28:30.671) [Visual Studio Host (11564):VisualStudioTextEditingActions] Inserting text combine CRLF as single return: 'foo' at the current caret position: '(Ln: 5, Ch: 9)'
    (28:30.778) [Visual Studio Host (11564):TextEditorDocumentWindowTestExtension] Showing window 'SmartIndentInCSS.css' without activating the window.
    (28:30.857) [Visual Studio Host (11564):TextEditorDocumentWindowTestExtension] Showing window 'SmartIndentInCSS.css'.
    (28:30.931) [Visual Studio Host (11564):TextEditorDocumentWindowTestExtension] Showing window 'SmartIndentInCSS.css' without activating the window.
    (28:31.073) [Visual Studio Host (11564):TextEditorDocumentWindowTestExtension] Showing window 'SmartIndentInCSS.css'.
    (28:31.157) [Visual Studio Host (11564):VisualStudioCaretTestExtension] Moving the caret from (Ln: 5, Ch: 12) to (Ln: 3, Ch: 23)
    (28:31.249) [Visual Studio Host (11564):TextEditorDocumentWindowTestExtension] Showing window 'SmartIndentInCSS.css' without activating the window.
    (28:31.307) [Visual Studio Host (11564):TextEditorDocumentWindowTestExtension] Showing window 'SmartIndentInCSS.css'.
    (28:31.369) [Visual Studio Host (11564):KeyboardCommands] Sending the Return key 1 times.
    (28:31.434) [Visual Studio Host (11564):TextEditorDocumentWindowTestExtension] Showing window 'SmartIndentInCSS.css' without activating the window.
    (28:31.499) [Visual Studio Host (11564):TextEditorDocumentWindowTestExtension] Showing window 'SmartIndentInCSS.css'.
    (28:31.560) [Visual Studio Host (11564):VisualStudioTextEditingActions] Inserting text combine CRLF as single return: 'foo' at the current caret position: '(Ln: 4, Ch: 21)'
    (28:31.688) [Visual Studio Host (11564):TextEditorDocumentWindowTestExtension] Showing window 'SmartIndentInCSS.css' without activating the window.
    (28:31.748) [Visual Studio Host (11564):TextEditorDocumentWindowTestExtension] Showing window 'SmartIndentInCSS.css'.
    (28:31.822) [Visual Studio Host (11564):TextEditorDocumentWindowTestExtension] Showing window 'SmartIndentInCSS.css' without activating the window.
    (28:31.882) [Visual Studio Host (11564):TextEditorDocumentWindowTestExtension] Showing window 'SmartIndentInCSS.css'.
    (28:32.038) [Visual Studio Host (11564):VisualStudioCaretTestExtension] Moving the caret from (Ln: 4, Ch: 24) to (Ln: 3, Ch: 15)
    (28:32.117) [Visual Studio Host (11564):TextEditorDocumentWindowTestExtension] Showing window 'SmartIndentInCSS.css' without activating the window.
    (28:32.198) [Visual Studio Host (11564):TextEditorDocumentWindowTestExtension] Showing window 'SmartIndentInCSS.css'.
    (28:32.275) [Visual Studio Host (11564):KeyboardCommands] Sending the Return key 1 times.
    (28:32.364) [Visual Studio Host (11564):TextEditorDocumentWindowTestExtension] Showing window 'SmartIndentInCSS.css' without activating the window.
    (28:32.424) [Visual Studio Host (11564):TextEditorDocumentWindowTestExtension] Showing window 'SmartIndentInCSS.css'.
    (28:32.483) [Visual Studio Host (11564):VisualStudioTextEditingActions] Inserting text combine CRLF as single return: 'foo' at the current caret position: '(Ln: 4, Ch: 13)'
    (28:32.646) [Visual Studio Host (11564):TextEditorDocumentWindowTestExtension] Showing window 'SmartIndentInCSS.css' without activating the window.
    (28:32.722) [Visual Studio Host (11564):TextEditorDocumentWindowTestExtension] Showing window 'SmartIndentInCSS.css'.
    (28:32.936) [Visual Studio Host (11564):TextEditorDocumentWindowTestExtension] Showing window 'SmartIndentInCSS.css' without activating the window.
    (28:33.002) [Visual Studio Host (11564):TextEditorDocumentWindowTestExtension] Showing window 'SmartIndentInCSS.css'.
    (28:33.063) [Visual Studio Host (11564):VisualStudioCaretTestExtension] Moving the caret from (Ln: 4, Ch: 16) to (Ln: 2, Ch: 11)
    (28:33.130) [Visual Studio Host (11564):TextEditorDocumentWindowTestExtension] Showing window 'SmartIndentInCSS.css' without activating the window.
    (28:33.189) [Visual Studio Host (11564):TextEditorDocumentWindowTestExtension] Showing window 'SmartIndentInCSS.css'.
    (28:33.246) [Visual Studio Host (11564):KeyboardCommands] Sending the Return key 1 times.
    (28:33.314) [Visual Studio Host (11564):TextEditorDocumentWindowTestExtension] Showing window 'SmartIndentInCSS.css' without activating the window.
    (28:33.374) [Visual Studio Host (11564):TextEditorDocumentWindowTestExtension] Showing window 'SmartIndentInCSS.css'.
    (28:33.539) [Visual Studio Host (11564):VisualStudioTextEditingActions] Inserting text combine CRLF as single return: 'foo' at the current caret position: '(Ln: 3, Ch: 9)'
    (28:33.628) [Visual Studio Host (11564):TextEditorDocumentWindowTestExtension] Showing window 'SmartIndentInCSS.css' without activating the window.
    (28:33.693) [Visual Studio Host (11564):TextEditorDocumentWindowTestExtension] Showing window 'SmartIndentInCSS.css'.
    (28:33.758) [Visual Studio Host (11564):TextEditorDocumentWindowTestExtension] Showing window 'SmartIndentInCSS.css' without activating the window.
    (28:33.933) [Visual Studio Host (11564):TextEditorDocumentWindowTestExtension] Showing window 'SmartIndentInCSS.css'.
    (28:34.002) [Visual Studio Host (11564):TextEditorDocumentWindowTestExtension] Showing window 'SmartIndentInCSS.css' without activating the window.
    (28:34.055) [Visual Studio Host (11564):TextEditorDocumentWindowTestExtension] Showing window 'SmartIndentInCSS.css'.
    (28:34.114) [Visual Studio Host (11564):VisualStudioSelectionTestExtension] Selects all text in the editor.
    (28:34.202) [Visual Studio Host (11564):KeyboardCommands] Sending the Delete key 1 times.
    (28:34.286) [Visual Studio Host (11564):TextEditorDocumentWindowTestExtension] Showing window 'SmartIndentInCSS.css' without activating the window.
    (28:34.358) [Visual Studio Host (11564):TextEditorDocumentWindowTestExtension] Showing window 'SmartIndentInCSS.css'.
    (28:34.415) [Visual Studio Host (11564):KeyboardCommands] Sending the Return key 3 times.
    (28:34.540) [Visual Studio Host (11564):TextEditorDocumentWindowTestExtension] Showing window 'SmartIndentInCSS.css' without activating the window.
    (28:34.597) [Visual Studio Host (11564):TextEditorDocumentWindowTestExtension] Showing window 'SmartIndentInCSS.css'.
    (28:34.675) [Visual Studio Host (11564):TextEditorDocumentWindowTestExtension] Showing window 'SmartIndentInCSS.css' without activating the window.
    (28:34.740) [Visual Studio Host (11564):TextEditorDocumentWindowTestExtension] Showing window 'SmartIndentInCSS.css'.
    + ExternalProcessHostTest TestCleanup
        (28:34.963) [Visual Studio Host (11564):SettingsService] Setting Visual Studio option 'TextEditor\CSS\InsertTabs' to 'False'.
        (28:35.025) [Visual Studio Host (11564):SettingsService] Setting Visual Studio option 'TextEditor\CSS\IndentSize' to '4'.
        (28:35.080) [Visual Studio Host (11564):SettingsService] Setting Visual Studio option 'TextEditor\CSS\TabSize' to '4'.
        (28:35.132) [Visual Studio Host (11564):SettingsService] Setting Visual Studio option 'TextEditor\CSS\IndentStyle' to '2'.
        (28:35.184) [Visual Studio Host (11564):TextEditorDocumentWindowTestExtension] Closing window 'SmartIndentInCSS.css'.
        (28:35.360) [Platform:Testcase] Test 'VSTest_CSS_SmartIndentInCSS' has 'Passed' outcome. Therefore, Apex will not shut down the 'Visual Studio Host (11564)' with process ID '11564'. A subsequent test scenario will run on the same instance of the host.
    + Final Test Result Verification
        (28:35.585) [Platform:DelayedAssertionVerifierSink] Verification Success: 0 verification steps failed.
    + ApexTest TestCleanup</StdOut>
      </Output>
      <ResultFiles>
        <ResultFile path="WNVM19648\Fail.azqsczivabnm.png" />
        <ResultFile path="WNVM19648\Fail.ig2gsfz5ad1y.png" />
        <ResultFile path="WNVM19648\Fail.o5zf0zepaw0l.png" />
        <ResultFile path="WNVM19648\OmniLog.html" />
        <ResultFile path="WNVM19648\OmniLogRawXml.xml" />
      </ResultFiles>
    </UnitTestResult>
    <UnitTestResult executionId="0bf382ef-3291-4bc5-91f1-577c56bdb065" testId="948cffe5-5efa-3726-86aa-96fae4639b92" testName="VSTest_HtmlOutlining_CollapseTag" computerName="WNVM19648" duration="00:00:10.9986285" startTime="2018-04-17T00:14:14.9061457-07:00" endTime="2018-04-17T00:14:25.9047742-07:00" testType="13cdc9d9-ddb5-4fa4-a97d-d965ccfc6d4b" outcome="Passed" testListId="8c84fa94-04c1-424b-9868-57a2d4851a1d" relativeResultsDirectory="0bf382ef-3291-4bc5-91f1-577c56bdb065">
      <Output>
        <StdOut>+ HtmlOutliningTests::VSTest_HtmlOutlining_CollapseTag
    + ApexTest TestInitialize
    + ExternalProcessHostTest TestInitialize
        (15:56.246) [Visual Studio Host (6956):RoamingSettingsService] Disabling roaming settings.
        (15:56.307) [Visual Studio Host (6956):SettingsService] Setting Visual Studio option 'Environment\RoamingSettings\RoamingEnabled' to 'False'.
        (15:56.681) [Visual Studio Host (6956):TextEditorDocumentWindowTestExtension] Showing window 'HTMLPage.html' without activating the window.
        (15:56.783) [Visual Studio Host (6956):TextEditorDocumentWindowTestExtension] Showing window 'HTMLPage.html'.
        (15:56.856) [Visual Studio Host (6956):VisualStudioTextEditorTestExtension] Setting keyboard focus to editor 'HTMLPage.html'.
        (15:56.912) [Visual Studio Host (6956):MainWindowService] Activating main window to bring it to the foreground.
        (15:56.970) [Visual Studio Host (6956):MainWindowService] Setting main window state to 'Maximized'.
    (15:57.076) [Visual Studio Host (6956):TextEditorDocumentWindowTestExtension] Showing window 'HTMLPage.html' without activating the window.
    (15:57.141) [Visual Studio Host (6956):TextEditorDocumentWindowTestExtension] Showing window 'HTMLPage.html'.
    (15:57.205) [Visual Studio Host (6956):VisualStudioCaretTestExtension] Moving the caret to '' at (Ln: 11, Ch: 17) based on a regular expression.  Expression = "&lt;td&gt;()" [group index '1', match index '1', options 'Singleline, CultureInvariant']
    (15:57.274) [Visual Studio Host (6956):TextEditorDocumentWindowTestExtension] Showing window 'HTMLPage.html' without activating the window.
    (15:57.330) [Visual Studio Host (6956):TextEditorDocumentWindowTestExtension] Showing window 'HTMLPage.html'.
    (15:57.416) [Visual Studio Host (6956):TextEditorDocumentWindowTestExtension] Showing window 'HTMLPage.html' without activating the window.
    (15:57.474) [Visual Studio Host (6956):TextEditorDocumentWindowTestExtension] Showing window 'HTMLPage.html'.
    (15:57.555) [Visual Studio Host (6956):VisualStudioOutliningTestExtension] Retrieved '6' outlined regions in the editor.
    VerificationPass: (15:57.615) [Platform:Testcase] Verification passed: Number of outlining regions is 6; expected to find 6.
    (15:57.669) [Platform:Testcase] Verifying outline region on line 3
    VerificationPass: (15:57.710) [Platform:Testcase] Verification passed: Start locations are not equal. Expected '(Ln: 3, Ch: 1)', Actual: '(Ln: 3, Ch: 1)'
    VerificationPass: (15:57.757) [Platform:Testcase] Verification passed: End locations are not equal. Expected '(Ln: 18, Ch: 8)', Actual: '(Ln: 18, Ch: 8)'
    VerificationPass: (15:57.801) [Platform:Testcase] Verification passed: Instances are equal. Expected 'False', Actual 'False'.
    (15:57.848) [Platform:Testcase] Verifying outline region on line 4
    VerificationPass: (15:57.892) [Platform:Testcase] Verification passed: Start locations are not equal. Expected '(Ln: 4, Ch: 1)', Actual: '(Ln: 4, Ch: 1)'
    VerificationPass: (15:57.938) [Platform:Testcase] Verification passed: End locations are not equal. Expected '(Ln: 7, Ch: 8)', Actual: '(Ln: 7, Ch: 8)'
    VerificationPass: (15:58.001) [Platform:Testcase] Verification passed: Instances are equal. Expected 'False', Actual 'False'.
    (15:58.044) [Platform:Testcase] Verifying outline region on line 8
    VerificationPass: (15:58.086) [Platform:Testcase] Verification passed: Start locations are not equal. Expected '(Ln: 8, Ch: 1)', Actual: '(Ln: 8, Ch: 1)'
    VerificationPass: (15:58.135) [Platform:Testcase] Verification passed: End locations are not equal. Expected '(Ln: 17, Ch: 8)', Actual: '(Ln: 17, Ch: 8)'
    VerificationPass: (15:58.184) [Platform:Testcase] Verification passed: Instances are equal. Expected 'False', Actual 'False'.
    (15:58.237) [Platform:Testcase] Verifying outline region on line 9
    VerificationPass: (15:58.288) [Platform:Testcase] Verification passed: Start locations are not equal. Expected '(Ln: 9, Ch: 5)', Actual: '(Ln: 9, Ch: 5)'
    VerificationPass: (15:58.336) [Platform:Testcase] Verification passed: End locations are not equal. Expected '(Ln: 16, Ch: 13)', Actual: '(Ln: 16, Ch: 13)'
    VerificationPass: (15:58.382) [Platform:Testcase] Verification passed: Instances are equal. Expected 'False', Actual 'False'.
    (15:58.435) [Platform:Testcase] Verifying outline region on line 10
    VerificationPass: (15:58.488) [Platform:Testcase] Verification passed: Start locations are not equal. Expected '(Ln: 10, Ch: 9)', Actual: '(Ln: 10, Ch: 9)'
    VerificationPass: (15:58.535) [Platform:Testcase] Verification passed: End locations are not equal. Expected '(Ln: 15, Ch: 14)', Actual: '(Ln: 15, Ch: 14)'
    VerificationPass: (15:58.575) [Platform:Testcase] Verification passed: Instances are equal. Expected 'False', Actual 'False'.
    (15:58.614) [Platform:Testcase] Verifying outline region on line 12
    VerificationPass: (15:58.662) [Platform:Testcase] Verification passed: Start locations are not equal. Expected '(Ln: 12, Ch: 13)', Actual: '(Ln: 12, Ch: 13)'
    VerificationPass: (15:58.707) [Platform:Testcase] Verification passed: End locations are not equal. Expected '(Ln: 14, Ch: 18)', Actual: '(Ln: 14, Ch: 18)'
    VerificationPass: (15:58.746) [Platform:Testcase] Verification passed: Instances are equal. Expected 'False', Actual 'False'.
    (15:58.803) [Visual Studio Host (6956):TextEditorDocumentWindowTestExtension] Showing window 'HTMLPage.html' without activating the window.
    (15:58.864) [Visual Studio Host (6956):TextEditorDocumentWindowTestExtension] Showing window 'HTMLPage.html'.
    (15:58.926) [Visual Studio Host (6956):VisualStudioCaretTestExtension] Moving the caret and selecting from (Ln: 11, Ch: 20) left '3' characters
    (15:58.970) [Visual Studio Host (6956):VisualStudioTextEditorTestExtension] Setting keyboard focus to editor 'HTMLPage.html'.
    (15:59.030) [Visual Studio Host (6956):TextEditorDocumentWindowTestExtension] Showing window 'HTMLPage.html' without activating the window.
    (15:59.100) [Visual Studio Host (6956):TextEditorDocumentWindowTestExtension] Showing window 'HTMLPage.html'.
    (15:59.160) [Visual Studio Host (6956):VisualStudioOutliningTestExtension] Hiding text selected from '(Ln: 11, Ch: 17)' to '(Ln: 11, Ch: 20)'.
    (15:59.306) [Visual Studio Host (6956):TextEditorDocumentWindowTestExtension] Showing window 'HTMLPage.html' without activating the window.
    (15:59.364) [Visual Studio Host (6956):TextEditorDocumentWindowTestExtension] Showing window 'HTMLPage.html'.
    (15:59.447) [Visual Studio Host (6956):VisualStudioOutliningTestExtension] Retrieved '7' outlined regions in the editor.
    VerificationPass: (15:59.494) [Platform:Testcase] Verification passed: Number of outlining regions is 7; expected to find 7.
    (15:59.554) [Platform:Testcase] Verifying outline region on line 3
    VerificationPass: (15:59.617) [Platform:Testcase] Verification passed: Start locations are not equal. Expected '(Ln: 3, Ch: 1)', Actual: '(Ln: 3, Ch: 1)'
    VerificationPass: (15:59.672) [Platform:Testcase] Verification passed: End locations are not equal. Expected '(Ln: 18, Ch: 8)', Actual: '(Ln: 18, Ch: 8)'
    VerificationPass: (15:59.719) [Platform:Testcase] Verification passed: Instances are equal. Expected 'False', Actual 'False'.
    (15:59.767) [Platform:Testcase] Verifying outline region on line 4
    VerificationPass: (15:59.813) [Platform:Testcase] Verification passed: Start locations are not equal. Expected '(Ln: 4, Ch: 1)', Actual: '(Ln: 4, Ch: 1)'
    VerificationPass: (15:59.868) [Platform:Testcase] Verification passed: End locations are not equal. Expected '(Ln: 7, Ch: 8)', Actual: '(Ln: 7, Ch: 8)'
    VerificationPass: (15:59.910) [Platform:Testcase] Verification passed: Instances are equal. Expected 'False', Actual 'False'.
    (15:59.960) [Platform:Testcase] Verifying outline region on line 8
    VerificationPass: (15:59.999) [Platform:Testcase] Verification passed: Start locations are not equal. Expected '(Ln: 8, Ch: 1)', Actual: '(Ln: 8, Ch: 1)'
    VerificationPass: (16:00.040) [Platform:Testcase] Verification passed: End locations are not equal. Expected '(Ln: 17, Ch: 8)', Actual: '(Ln: 17, Ch: 8)'
    VerificationPass: (16:00.084) [Platform:Testcase] Verification passed: Instances are equal. Expected 'False', Actual 'False'.
    (16:00.123) [Platform:Testcase] Verifying outline region on line 9
    VerificationPass: (16:00.164) [Platform:Testcase] Verification passed: Start locations are not equal. Expected '(Ln: 9, Ch: 5)', Actual: '(Ln: 9, Ch: 5)'
    VerificationPass: (16:00.207) [Platform:Testcase] Verification passed: End locations are not equal. Expected '(Ln: 16, Ch: 13)', Actual: '(Ln: 16, Ch: 13)'
    VerificationPass: (16:00.247) [Platform:Testcase] Verification passed: Instances are equal. Expected 'False', Actual 'False'.
    (16:00.288) [Platform:Testcase] Verifying outline region on line 10
    VerificationPass: (16:00.331) [Platform:Testcase] Verification passed: Start locations are not equal. Expected '(Ln: 10, Ch: 9)', Actual: '(Ln: 10, Ch: 9)'
    VerificationPass: (16:00.370) [Platform:Testcase] Verification passed: End locations are not equal. Expected '(Ln: 15, Ch: 14)', Actual: '(Ln: 15, Ch: 14)'
    VerificationPass: (16:00.413) [Platform:Testcase] Verification passed: Instances are equal. Expected 'False', Actual 'False'.
    (16:00.457) [Platform:Testcase] Verifying outline region on line 11
    VerificationPass: (16:00.499) [Platform:Testcase] Verification passed: Start locations are not equal. Expected '(Ln: 11, Ch: 17)', Actual: '(Ln: 11, Ch: 17)'
    VerificationPass: (16:00.547) [Platform:Testcase] Verification passed: End locations are not equal. Expected '(Ln: 11, Ch: 20)', Actual: '(Ln: 11, Ch: 20)'
    VerificationPass: (16:00.588) [Platform:Testcase] Verification passed: Instances are equal. Expected 'True', Actual 'True'.
    (16:00.631) [Platform:Testcase] Verifying outline region on line 12
    VerificationPass: (16:00.679) [Platform:Testcase] Verification passed: Start locations are not equal. Expected '(Ln: 12, Ch: 13)', Actual: '(Ln: 12, Ch: 13)'
    VerificationPass: (16:00.726) [Platform:Testcase] Verification passed: End locations are not equal. Expected '(Ln: 14, Ch: 18)', Actual: '(Ln: 14, Ch: 18)'
    VerificationPass: (16:00.770) [Platform:Testcase] Verification passed: Instances are equal. Expected 'False', Actual 'False'.
    (16:00.831) [Visual Studio Host (6956):TextEditorDocumentWindowTestExtension] Showing window 'HTMLPage.html' without activating the window.
    (16:00.883) [Visual Studio Host (6956):TextEditorDocumentWindowTestExtension] Showing window 'HTMLPage.html'.
    (16:00.965) [Visual Studio Host (6956):VisualStudioOutliningTestExtension] Expanding region at '(Ln: 11, Ch: 17)'.
    (16:01.031) [Visual Studio Host (6956):TextEditorDocumentWindowTestExtension] Showing window 'HTMLPage.html' without activating the window.
    (16:01.088) [Visual Studio Host (6956):TextEditorDocumentWindowTestExtension] Showing window 'HTMLPage.html'.
    (16:01.169) [Visual Studio Host (6956):VisualStudioOutliningTestExtension] Retrieved '7' outlined regions in the editor.
    VerificationPass: (16:01.243) [Platform:Testcase] Verification passed: Number of outlining regions is 7; expected to find 7.
    (16:01.322) [Platform:Testcase] Verifying outline region on line 3
    VerificationPass: (16:01.382) [Platform:Testcase] Verification passed: Start locations are not equal. Expected '(Ln: 3, Ch: 1)', Actual: '(Ln: 3, Ch: 1)'
    VerificationPass: (16:01.436) [Platform:Testcase] Verification passed: End locations are not equal. Expected '(Ln: 18, Ch: 8)', Actual: '(Ln: 18, Ch: 8)'
    VerificationPass: (16:01.490) [Platform:Testcase] Verification passed: Instances are equal. Expected 'False', Actual 'False'.
    (16:01.568) [Platform:Testcase] Verifying outline region on line 4
    VerificationPass: (16:01.625) [Platform:Testcase] Verification passed: Start locations are not equal. Expected '(Ln: 4, Ch: 1)', Actual: '(Ln: 4, Ch: 1)'
    VerificationPass: (16:01.677) [Platform:Testcase] Verification passed: End locations are not equal. Expected '(Ln: 7, Ch: 8)', Actual: '(Ln: 7, Ch: 8)'
    VerificationPass: (16:01.738) [Platform:Testcase] Verification passed: Instances are equal. Expected 'False', Actual 'False'.
    (16:01.786) [Platform:Testcase] Verifying outline region on line 8
    VerificationPass: (16:01.835) [Platform:Testcase] Verification passed: Start locations are not equal. Expected '(Ln: 8, Ch: 1)', Actual: '(Ln: 8, Ch: 1)'
    VerificationPass: (16:01.894) [Platform:Testcase] Verification passed: End locations are not equal. Expected '(Ln: 17, Ch: 8)', Actual: '(Ln: 17, Ch: 8)'
    VerificationPass: (16:01.947) [Platform:Testcase] Verification passed: Instances are equal. Expected 'False', Actual 'False'.
    (16:01.997) [Platform:Testcase] Verifying outline region on line 9
    VerificationPass: (16:02.044) [Platform:Testcase] Verification passed: Start locations are not equal. Expected '(Ln: 9, Ch: 5)', Actual: '(Ln: 9, Ch: 5)'
    VerificationPass: (16:02.103) [Platform:Testcase] Verification passed: End locations are not equal. Expected '(Ln: 16, Ch: 13)', Actual: '(Ln: 16, Ch: 13)'
    VerificationPass: (16:02.151) [Platform:Testcase] Verification passed: Instances are equal. Expected 'False', Actual 'False'.
    (16:02.195) [Platform:Testcase] Verifying outline region on line 10
    VerificationPass: (16:02.246) [Platform:Testcase] Verification passed: Start locations are not equal. Expected '(Ln: 10, Ch: 9)', Actual: '(Ln: 10, Ch: 9)'
    VerificationPass: (16:02.291) [Platform:Testcase] Verification passed: End locations are not equal. Expected '(Ln: 15, Ch: 14)', Actual: '(Ln: 15, Ch: 14)'
    VerificationPass: (16:02.344) [Platform:Testcase] Verification passed: Instances are equal. Expected 'False', Actual 'False'.
    (16:02.394) [Platform:Testcase] Verifying outline region on line 11
    VerificationPass: (16:02.452) [Platform:Testcase] Verification passed: Start locations are not equal. Expected '(Ln: 11, Ch: 17)', Actual: '(Ln: 11, Ch: 17)'
    VerificationPass: (16:02.503) [Platform:Testcase] Verification passed: End locations are not equal. Expected '(Ln: 11, Ch: 20)', Actual: '(Ln: 11, Ch: 20)'
    VerificationPass: (16:02.567) [Platform:Testcase] Verification passed: Instances are equal. Expected 'False', Actual 'False'.
    (16:02.638) [Platform:Testcase] Verifying outline region on line 12
    VerificationPass: (16:02.700) [Platform:Testcase] Verification passed: Start locations are not equal. Expected '(Ln: 12, Ch: 13)', Actual: '(Ln: 12, Ch: 13)'
    VerificationPass: (16:02.767) [Platform:Testcase] Verification passed: End locations are not equal. Expected '(Ln: 14, Ch: 18)', Actual: '(Ln: 14, Ch: 18)'
    VerificationPass: (16:02.817) [Platform:Testcase] Verification passed: Instances are equal. Expected 'False', Actual 'False'.
    (16:02.870) [Visual Studio Host (6956):TextEditorDocumentWindowTestExtension] Showing window 'HTMLPage.html' without activating the window.
    (16:02.914) [Visual Studio Host (6956):TextEditorDocumentWindowTestExtension] Showing window 'HTMLPage.html'.
    (16:02.972) [Visual Studio Host (6956):VisualStudioCaretTestExtension] Moving the caret and selecting the range from (Ln: 11, Ch: 18) to (Ln: 11, Ch: 18) based on a regular expression.  Expression = "a()bc" [group index '1', match index '1', options 'Singleline, CultureInvariant']
    (16:03.041) [Visual Studio Host (6956):TextEditorDocumentWindowTestExtension] Showing window 'HTMLPage.html' without activating the window.
    (16:03.098) [Visual Studio Host (6956):TextEditorDocumentWindowTestExtension] Showing window 'HTMLPage.html'.
    (16:03.157) [Visual Studio Host (6956):VisualStudioOutliningTestExtension] Retrieved '7' outlined regions in the editor.
    VerificationPass: (16:03.214) [Platform:Testcase] Verification passed: Number of outlining regions is 7; expected to find 7.
    (16:03.269) [Platform:Testcase] Verifying outline region on line 3
    VerificationPass: (16:03.323) [Platform:Testcase] Verification passed: Start locations are not equal. Expected '(Ln: 3, Ch: 1)', Actual: '(Ln: 3, Ch: 1)'
    VerificationPass: (16:03.363) [Platform:Testcase] Verification passed: End locations are not equal. Expected '(Ln: 18, Ch: 8)', Actual: '(Ln: 18, Ch: 8)'
    VerificationPass: (16:03.403) [Platform:Testcase] Verification passed: Instances are equal. Expected 'False', Actual 'False'.
    (16:03.443) [Platform:Testcase] Verifying outline region on line 4
    VerificationPass: (16:03.483) [Platform:Testcase] Verification passed: Start locations are not equal. Expected '(Ln: 4, Ch: 1)', Actual: '(Ln: 4, Ch: 1)'
    VerificationPass: (16:03.530) [Platform:Testcase] Verification passed: End locations are not equal. Expected '(Ln: 7, Ch: 8)', Actual: '(Ln: 7, Ch: 8)'
    VerificationPass: (16:03.578) [Platform:Testcase] Verification passed: Instances are equal. Expected 'False', Actual 'False'.
    (16:03.626) [Platform:Testcase] Verifying outline region on line 8
    VerificationPass: (16:03.668) [Platform:Testcase] Verification passed: Start locations are not equal. Expected '(Ln: 8, Ch: 1)', Actual: '(Ln: 8, Ch: 1)'
    VerificationPass: (16:03.723) [Platform:Testcase] Verification passed: End locations are not equal. Expected '(Ln: 17, Ch: 8)', Actual: '(Ln: 17, Ch: 8)'
    VerificationPass: (16:03.763) [Platform:Testcase] Verification passed: Instances are equal. Expected 'False', Actual 'False'.
    (16:03.816) [Platform:Testcase] Verifying outline region on line 9
    VerificationPass: (16:03.880) [Platform:Testcase] Verification passed: Start locations are not equal. Expected '(Ln: 9, Ch: 5)', Actual: '(Ln: 9, Ch: 5)'
    VerificationPass: (16:03.941) [Platform:Testcase] Verification passed: End locations are not equal. Expected '(Ln: 16, Ch: 13)', Actual: '(Ln: 16, Ch: 13)'
    VerificationPass: (16:03.983) [Platform:Testcase] Verification passed: Instances are equal. Expected 'False', Actual 'False'.
    (16:04.024) [Platform:Testcase] Verifying outline region on line 10
    VerificationPass: (16:04.075) [Platform:Testcase] Verification passed: Start locations are not equal. Expected '(Ln: 10, Ch: 9)', Actual: '(Ln: 10, Ch: 9)'
    VerificationPass: (16:04.130) [Platform:Testcase] Verification passed: End locations are not equal. Expected '(Ln: 15, Ch: 14)', Actual: '(Ln: 15, Ch: 14)'
    VerificationPass: (16:04.181) [Platform:Testcase] Verification passed: Instances are equal. Expected 'True', Actual 'True'.
    (16:04.231) [Platform:Testcase] Verifying outline region on line 11
    VerificationPass: (16:04.278) [Platform:Testcase] Verification passed: Start locations are not equal. Expected '(Ln: 11, Ch: 17)', Actual: '(Ln: 11, Ch: 17)'
    VerificationPass: (16:04.330) [Platform:Testcase] Verification passed: End locations are not equal. Expected '(Ln: 11, Ch: 20)', Actual: '(Ln: 11, Ch: 20)'
    VerificationPass: (16:04.397) [Platform:Testcase] Verification passed: Instances are equal. Expected 'False', Actual 'False'.
    (16:04.464) [Platform:Testcase] Verifying outline region on line 12
    VerificationPass: (16:04.513) [Platform:Testcase] Verification passed: Start locations are not equal. Expected '(Ln: 12, Ch: 13)', Actual: '(Ln: 12, Ch: 13)'
    VerificationPass: (16:04.559) [Platform:Testcase] Verification passed: End locations are not equal. Expected '(Ln: 14, Ch: 18)', Actual: '(Ln: 14, Ch: 18)'
    VerificationPass: (16:04.607) [Platform:Testcase] Verification passed: Instances are equal. Expected 'False', Actual 'False'.
    (16:04.671) [Visual Studio Host (6956):TextEditorDocumentWindowTestExtension] Showing window 'HTMLPage.html' without activating the window.
    (16:04.744) [Visual Studio Host (6956):TextEditorDocumentWindowTestExtension] Showing window 'HTMLPage.html'.
    (16:04.835) [Visual Studio Host (6956):VisualStudioOutliningTestExtension] Retrieved '7' outlined regions in the editor.
    VerificationPass: (16:04.879) [Platform:Testcase] Verification passed: Number of outlining regions is 7; expected to find 7.
    (16:04.928) [Platform:Testcase] Verifying outline region on line 3
    VerificationPass: (16:04.981) [Platform:Testcase] Verification passed: Start locations are not equal. Expected '(Ln: 3, Ch: 1)', Actual: '(Ln: 3, Ch: 1)'
    VerificationPass: (16:05.026) [Platform:Testcase] Verification passed: End locations are not equal. Expected '(Ln: 18, Ch: 8)', Actual: '(Ln: 18, Ch: 8)'
    VerificationPass: (16:05.076) [Platform:Testcase] Verification passed: Instances are equal. Expected 'False', Actual 'False'.
    (16:05.128) [Platform:Testcase] Verifying outline region on line 4
    VerificationPass: (16:05.188) [Platform:Testcase] Verification passed: Start locations are not equal. Expected '(Ln: 4, Ch: 1)', Actual: '(Ln: 4, Ch: 1)'
    VerificationPass: (16:05.229) [Platform:Testcase] Verification passed: End locations are not equal. Expected '(Ln: 7, Ch: 8)', Actual: '(Ln: 7, Ch: 8)'
    VerificationPass: (16:05.272) [Platform:Testcase] Verification passed: Instances are equal. Expected 'False', Actual 'False'.
    (16:05.313) [Platform:Testcase] Verifying outline region on line 8
    VerificationPass: (16:05.353) [Platform:Testcase] Verification passed: Start locations are not equal. Expected '(Ln: 8, Ch: 1)', Actual: '(Ln: 8, Ch: 1)'
    VerificationPass: (16:05.415) [Platform:Testcase] Verification passed: End locations are not equal. Expected '(Ln: 17, Ch: 8)', Actual: '(Ln: 17, Ch: 8)'
    VerificationPass: (16:05.467) [Platform:Testcase] Verification passed: Instances are equal. Expected 'False', Actual 'False'.
    (16:05.514) [Platform:Testcase] Verifying outline region on line 9
    VerificationPass: (16:05.565) [Platform:Testcase] Verification passed: Start locations are not equal. Expected '(Ln: 9, Ch: 5)', Actual: '(Ln: 9, Ch: 5)'
    VerificationPass: (16:05.611) [Platform:Testcase] Verification passed: End locations are not equal. Expected '(Ln: 16, Ch: 13)', Actual: '(Ln: 16, Ch: 13)'
    VerificationPass: (16:05.654) [Platform:Testcase] Verification passed: Instances are equal. Expected 'False', Actual 'False'.
    (16:05.702) [Platform:Testcase] Verifying outline region on line 10
    VerificationPass: (16:05.749) [Platform:Testcase] Verification passed: Start locations are not equal. Expected '(Ln: 10, Ch: 9)', Actual: '(Ln: 10, Ch: 9)'
    VerificationPass: (16:05.799) [Platform:Testcase] Verification passed: End locations are not equal. Expected '(Ln: 15, Ch: 14)', Actual: '(Ln: 15, Ch: 14)'
    VerificationPass: (16:05.855) [Platform:Testcase] Verification passed: Instances are equal. Expected 'False', Actual 'False'.
    (16:05.902) [Platform:Testcase] Verifying outline region on line 11
    VerificationPass: (16:05.951) [Platform:Testcase] Verification passed: Start locations are not equal. Expected '(Ln: 11, Ch: 17)', Actual: '(Ln: 11, Ch: 17)'
    VerificationPass: (16:05.994) [Platform:Testcase] Verification passed: End locations are not equal. Expected '(Ln: 11, Ch: 20)', Actual: '(Ln: 11, Ch: 20)'
    VerificationPass: (16:06.037) [Platform:Testcase] Verification passed: Instances are equal. Expected 'False', Actual 'False'.
    (16:06.084) [Platform:Testcase] Verifying outline region on line 12
    VerificationPass: (16:06.125) [Platform:Testcase] Verification passed: Start locations are not equal. Expected '(Ln: 12, Ch: 13)', Actual: '(Ln: 12, Ch: 13)'
    VerificationPass: (16:06.166) [Platform:Testcase] Verification passed: End locations are not equal. Expected '(Ln: 14, Ch: 18)', Actual: '(Ln: 14, Ch: 18)'
    VerificationPass: (16:06.210) [Platform:Testcase] Verification passed: Instances are equal. Expected 'False', Actual 'False'.
    + ExternalProcessHostTest TestCleanup
        (16:06.307) [Visual Studio Host (6956):TextEditorDocumentWindowTestExtension] Closing window 'HTMLPage.html'.
        (16:06.514) [Platform:Testcase] Test 'VSTest_HtmlOutlining_CollapseTag' has 'Passed' outcome. Therefore, Apex will not shut down the 'Visual Studio Host (6956)' with process ID '6956'. A subsequent test scenario will run on the same instance of the host.
    + Final Test Result Verification
        (16:06.756) [Platform:DelayedAssertionVerifierSink] Verification Success: 0 verification steps failed.
    + ApexTest TestCleanup</StdOut>
      </Output>
      <ResultFiles>
        <ResultFile path="WNVM19648\Fail.ig2gsfz5ad1y.png" />
        <ResultFile path="WNVM19648\OmniLog.html" />
        <ResultFile path="WNVM19648\OmniLogRawXml.xml" />
      </ResultFiles>
    </UnitTestResult>
    <UnitTestResult executionId="81e51889-4ba0-4b98-a17a-a7bba0906406" testId="8b99dfae-a239-0f43-93a9-c82fa4180e1a" testName="VSTest_JSON_SuggestedActions_NPM" computerName="WNVM19648" duration="00:00:11.0958222" startTime="2018-04-17T01:54:40.0085135-07:00" endTime="2018-04-17T01:54:51.1043357-07:00" testType="13cdc9d9-ddb5-4fa4-a97d-d965ccfc6d4b" outcome="Passed" testListId="8c84fa94-04c1-424b-9868-57a2d4851a1d" relativeResultsDirectory="81e51889-4ba0-4b98-a17a-a7bba0906406">
      <Output>
        <StdOut>+ NpmActions::VSTest_JSON_SuggestedActions_NPM
    + ApexTest TestInitialize
    + ExternalProcessHostTest TestInitialize
        (01:56:22.026) [Visual Studio Host (6752):RoamingSettingsService] Disabling roaming settings.
        (01:56:22.269) [Visual Studio Host (6752):SettingsService] Setting Visual Studio option 'Environment\RoamingSettings\RoamingEnabled' to 'False'.
        (01:56:23.048) [Visual Studio Host (6752):TextEditorDocumentWindowTestExtension] Showing window 'package.json' without activating the window.
        (01:56:23.263) [Visual Studio Host (6752):TextEditorDocumentWindowTestExtension] Showing window 'package.json'.
        (01:56:23.552) [Visual Studio Host (6752):VisualStudioTextEditorTestExtension] Setting keyboard focus to editor 'package.json'.
        (01:56:23.808) [Visual Studio Host (6752):MainWindowService] Activating main window to bring it to the foreground.
        (01:56:24.089) [Visual Studio Host (6752):MainWindowService] Setting main window state to 'Maximized'.
    (01:56:24.699) [Visual Studio Host (6752):TextEditorDocumentWindowTestExtension] Showing window 'package.json' without activating the window.
    (01:56:24.870) [Visual Studio Host (6752):TextEditorDocumentWindowTestExtension] Showing window 'package.json'.
    (01:56:25.088) [Visual Studio Host (6752):VisualStudioCaretTestExtension] Moving the caret to '"name":' at (Ln: 2, Ch: 3) based on a regular expression.  Expression = ""name":" [group index '0', match index '1', options 'Singleline, CultureInvariant']
    (01:56:25.275) [Visual Studio Host (6752):TextEditorDocumentWindowTestExtension] Showing window 'package.json' without activating the window.
    (01:56:25.440) [Visual Studio Host (6752):TextEditorDocumentWindowTestExtension] Showing window 'package.json'.
    (01:56:25.642) [Visual Studio Host (6752):VisualStudioLightBulbService] Did not find an active light bulb session. Please use Verify.IsLightBulbPresent() to make sure that the light bulb is present before requesting the LightBulb session.
    Warning: (01:56:25.802) [Visual Studio Host (6752):VisualStudioLightBulbService] No light bulb session provided to create a test extension.
    (01:56:26.226) [Visual Studio Host (6752):VisualStudioLightBulbService] Getting the active light bulb session at position '(Ln: 2, Ch: 3)'.
    VerificationPass: (01:56:26.373) [Visual Studio Host (6752):VisualStudioLightBulbServiceVerifier] Verification passed: Light bulb is present within a timeout of 00:00:10.
    (01:56:26.543) [Visual Studio Host (6752):TextEditorDocumentWindowTestExtension] Showing window 'package.json' without activating the window.
    (01:56:26.723) [Visual Studio Host (6752):TextEditorDocumentWindowTestExtension] Showing window 'package.json'.
    (01:56:26.915) [Visual Studio Host (6752):VisualStudioLightBulbService] Getting the active light bulb session at position '(Ln: 2, Ch: 3)'.
    (01:56:27.087) [Visual Studio Host (6752):LightBulbTestExtension] Retrieved '1' light bulb suggested actions.
    VerificationPass: (01:56:27.275) [Platform:Testcase] Verification passed: Got 1: Sort Properties
    (01:56:27.471) [Visual Studio Host (6752):TextEditorDocumentWindowTestExtension] Showing window 'package.json' without activating the window.
    (01:56:27.627) [Visual Studio Host (6752):TextEditorDocumentWindowTestExtension] Showing window 'package.json'.
    (01:56:27.815) [Visual Studio Host (6752):VisualStudioCaretTestExtension] Moving the caret to '' at (Ln: 5, Ch: 6) based on a regular expression.  Expression = ""()gulp"" [group index '1', match index '1', options 'Singleline, CultureInvariant']
    (01:56:27.979) [Visual Studio Host (6752):TextEditorDocumentWindowTestExtension] Showing window 'package.json' without activating the window.
    (01:56:28.155) [Visual Studio Host (6752):TextEditorDocumentWindowTestExtension] Showing window 'package.json'.
    (01:56:28.368) [Visual Studio Host (6752):VisualStudioLightBulbService] Did not find an active light bulb session. Please use Verify.IsLightBulbPresent() to make sure that the light bulb is present before requesting the LightBulb session.
    Warning: (01:56:28.546) [Visual Studio Host (6752):VisualStudioLightBulbService] No light bulb session provided to create a test extension.
    (01:56:28.998) [Visual Studio Host (6752):VisualStudioLightBulbService] Getting the active light bulb session at position '(Ln: 5, Ch: 6)'.
    VerificationPass: (01:56:29.151) [Visual Studio Host (6752):VisualStudioLightBulbServiceVerifier] Verification passed: Light bulb is present within a timeout of 00:00:10.
    (01:56:29.323) [Visual Studio Host (6752):TextEditorDocumentWindowTestExtension] Showing window 'package.json' without activating the window.
    (01:56:29.476) [Visual Studio Host (6752):TextEditorDocumentWindowTestExtension] Showing window 'package.json'.
    (01:56:29.635) [Visual Studio Host (6752):VisualStudioLightBulbService] Getting the active light bulb session at position '(Ln: 5, Ch: 6)'.
    (01:56:29.801) [Visual Studio Host (6752):LightBulbTestExtension] Retrieved '3' light bulb suggested actions.
    VerificationPass: (01:56:29.958) [Platform:Testcase] Verification passed: Open homepage in browser, Update Package, Uninstall Package contains Open homepage in browser
    VerificationPass: (01:56:30.099) [Platform:Testcase] Verification passed: Open homepage in browser, Update Package, Uninstall Package contains Uninstall Package)
    VerificationPass: (01:56:30.253) [Platform:Testcase] Verification passed: Open homepage in browser, Update Package, Uninstall Package contains Update Package)
    + ExternalProcessHostTest TestCleanup
        (01:56:30.551) [Visual Studio Host (6752):TextEditorDocumentWindowTestExtension] Closing window 'package.json'.
        (01:56:30.881) [Platform:Testcase] Test 'VSTest_JSON_SuggestedActions_NPM' has 'Passed' outcome. Therefore, Apex will not shut down the 'Visual Studio Host (6752)' with process ID '6752'. A subsequent test scenario will run on the same instance of the host.
    + Final Test Result Verification
        (01:56:31.361) [Platform:DelayedAssertionVerifierSink] Verification Success: 0 verification steps failed.
    + ApexTest TestCleanup</StdOut>
      </Output>
      <ResultFiles>
        <ResultFile path="WNVM19648\Fail.22wpw0oka5fs.png" />
        <ResultFile path="WNVM19648\Fail.24wtv1jnawc3.png" />
        <ResultFile path="WNVM19648\Fail.2lws5epta1gw.png" />
        <ResultFile path="WNVM19648\Fail.33ju4eduay3u.png" />
        <ResultFile path="WNVM19648\Fail.3poblbx4alvv.png" />
        <ResultFile path="WNVM19648\Fail.4p531ykxaqdb.png" />
        <ResultFile path="WNVM19648\Fail.ashpv3rjajjr.png" />
        <ResultFile path="WNVM19648\Fail.aswak04hapa5.png" />
        <ResultFile path="WNVM19648\Fail.azqsczivabnm.png" />
        <ResultFile path="WNVM19648\Fail.byuslv5baqsd.png" />
        <ResultFile path="WNVM19648\Fail.bz134qwyax2e.png" />
        <ResultFile path="WNVM19648\Fail.ek4tb3wmalyl.png" />
        <ResultFile path="WNVM19648\Fail.ig2gsfz5ad1y.png" />
        <ResultFile path="WNVM19648\Fail.iymeazuqablz.png" />
        <ResultFile path="WNVM19648\Fail.jpga4adlarrf.png" />
        <ResultFile path="WNVM19648\Fail.kfb5og41ajlt.png" />
        <ResultFile path="WNVM19648\Fail.kxs1ersmaxma.png" />
        <ResultFile path="WNVM19648\Fail.lbyrcmqbastb.png" />
        <ResultFile path="WNVM19648\Fail.loc0xhl5a2hr.png" />
        <ResultFile path="WNVM19648\Fail.lthgvalfaxfr.png" />
        <ResultFile path="WNVM19648\Fail.mazsob3aamsp.png" />
        <ResultFile path="WNVM19648\Fail.n13clx4iaowv.png" />
        <ResultFile path="WNVM19648\Fail.o4kkrjboasbk.png" />
        <ResultFile path="WNVM19648\Fail.o5zf0zepaw0l.png" />
        <ResultFile path="WNVM19648\Fail.pdo2mhdtanq2.png" />
        <ResultFile path="WNVM19648\Fail.pprwzak1ac5h.png" />
        <ResultFile path="WNVM19648\Fail.qagtqbftat3h.png" />
        <ResultFile path="WNVM19648\Fail.qbnuydioazjy.png" />
        <ResultFile path="WNVM19648\Fail.raasvsmeanc1.png" />
        <ResultFile path="WNVM19648\Fail.rymman3va50a.png" />
        <ResultFile path="WNVM19648\Fail.sidku4gxamg4.png" />
        <ResultFile path="WNVM19648\Fail.swwzdfhraz25.png" />
        <ResultFile path="WNVM19648\Fail.t4yj0fxuatil.png" />
        <ResultFile path="WNVM19648\Fail.v0ywfcwsa23p.png" />
        <ResultFile path="WNVM19648\Fail.vjqtiv2zaclz.png" />
        <ResultFile path="WNVM19648\Fail.wiz4mofdavag.png" />
        <ResultFile path="WNVM19648\Fail.yd3ferxiaq1c.png" />
        <ResultFile path="WNVM19648\Fail.z10rn0n5ajdm.png" />
        <ResultFile path="WNVM19648\Fail.z2gelfy0aa1q.png" />
        <ResultFile path="WNVM19648\Fail.zpuouf2fa0ib.png" />
        <ResultFile path="WNVM19648\OmniLog.html" />
        <ResultFile path="WNVM19648\OmniLogRawXml.xml" />
      </ResultFiles>
    </UnitTestResult>
    <UnitTestResult executionId="e88c2d06-951e-44c7-a94f-153208c0ba92" testId="ad126d4c-04d3-d36f-8304-3bf0523b41cb" testName="VSTest_Html_InsertIntoHtmlEditor" computerName="WNVM19648" duration="00:00:46.2704327" startTime="2018-04-17T00:51:41.9040476-07:00" endTime="2018-04-17T00:52:28.1744803-07:00" testType="13cdc9d9-ddb5-4fa4-a97d-d965ccfc6d4b" outcome="Passed" testListId="8c84fa94-04c1-424b-9868-57a2d4851a1d" relativeResultsDirectory="e88c2d06-951e-44c7-a94f-153208c0ba92">
      <Output>
        <StdOut>+ ToolboxTests::VSTest_Html_InsertIntoHtmlEditor
    + ApexTest TestInitialize
    + ExternalProcessHostTest TestInitialize
        (53:25.710) [Platform:VenusHost] Compose Batch: 00:00:02.0936841
        (53:26.413) [Platform:VenusHost] Host Process is being started. Executable = 'C:\Program Files (x86)\Microsoft Visual Studio\Preview\Enterprise\Common7\IDE\devenv.exe'.
        (53:26.554) [Platform:VenusHost] Host Process is started. PID = 4384.
        (53:26.710) [Platform:VenusHost] Host process 'devenv' (id: 4384) is now idle/ready.
        (53:29.663) [Platform:Microsoft.Test.Apex.Hosts.Services.RemoteServiceInitializer] Using remote code injector service 'RemoteCodeInjectorService' for the operation 'ManagedAuto'.
        + Visual Studio Host Creation
            (53:38.226) [Platform:Testcase] Target Executable: 'C:\Program Files (x86)\Microsoft Visual Studio\Preview\Enterprise\Common7\IDE\devenv.exe'.
            (53:38.413) [Platform:Testcase] Process Id: '4384'.
            (53:38.585) [Platform:Testcase] UI Culture: 'English (United States)'.
            (53:38.804) [Platform:Testcase] Build Number: '15.0.27615'.
        (53:39.179) [Visual Studio Host (4384):RoamingSettingsService] Disabling roaming settings.
        (53:39.335) [Visual Studio Host (4384):SettingsService] Setting Visual Studio option 'Environment\RoamingSettings\RoamingEnabled' to 'False'.
        (53:40.866) [Visual Studio Host (4384):SolutionService] Opening solution file 'file:///C:/TestBin/IntegrationTests/MS.VS.Web.Editors/webs/misc.sln' with asynchronous load data available.  WaitForFullyLoadedOnOpen set to 'True'. Apex will wait for all async project loads to complete before proceeding.
            (53:41.054) [Visual Studio Host (4384):SolutionService] Solution load behavior is set to 'Realtime'.
        + Waiting for the solution to fully load.
        (53:57.879) [Visual Studio Host (4384):TextEditorDocumentWindowTestExtension] Showing window 'HTMLPage.html' without activating the window.
        (53:58.458) [Visual Studio Host (4384):TextEditorDocumentWindowTestExtension] Showing window 'HTMLPage.html'.
        (53:59.149) [Visual Studio Host (4384):VisualStudioTextEditorTestExtension] Setting keyboard focus to editor 'HTMLPage.html'.
        (53:59.534) [Visual Studio Host (4384):MainWindowService] Activating main window to bring it to the foreground.
        (54:00.059) [Visual Studio Host (4384):MainWindowService] Setting main window state to 'Maximized'.
    (54:01.072) [Visual Studio Host (4384):TextEditorDocumentWindowTestExtension] Showing window 'HTMLPage.html' without activating the window.
    (54:01.744) [Visual Studio Host (4384):TextEditorDocumentWindowTestExtension] Showing window 'HTMLPage.html'.
    (54:02.542) [Visual Studio Host (4384):VisualStudioCaretTestExtension] Moving the caret to '' at (Ln: 12, Ch: 17) based on a regular expression.  Expression = "&lt;td&gt;()" [group index '1', match index '2', options 'Singleline, CultureInvariant']
    (54:02.740) [Visual Studio Host (4384):TextEditorDocumentWindowTestExtension] Showing window 'HTMLPage.html' without activating the window.
    (54:02.960) [Visual Studio Host (4384):TextEditorDocumentWindowTestExtension] Showing window 'HTMLPage.html'.
    (54:03.142) [Visual Studio Host (4384):VisualStudioCaretTestExtension] Moving the caret from (Ln: 12, Ch: 17) down '1' lines
    (54:03.337) [Visual Studio Host (4384):VisualStudioTextEditorTestExtension] Setting keyboard focus to editor 'HTMLPage.html'.
    (54:03.651) [Visual Studio Host (4384):ToolWindowTestExtension] Showing window 'Toolbox' without activating the window.
    (54:03.929) [Visual Studio Host (4384):ToolWindowTestExtension] Showing window 'Toolbox'.
    (54:04.521) [Visual Studio Host (4384):ToolWindowTestExtension] Showing window 'Toolbox - Initializing'.
    (54:05.255) [Visual Studio Host (4384):ToolboxService] Turning off Show All on toolbox
    (54:05.544) [Visual Studio Host (4384):ToolboxItemTestExtension] Adding item 'Div' to designer
    (54:06.089) [Visual Studio Host (4384):TextEditorDocumentWindowTestExtension] Showing window 'HTMLPage.html' without activating the window.
    (54:06.298) [Visual Studio Host (4384):TextEditorDocumentWindowTestExtension] Showing window 'HTMLPage.html'.
    VerificationPass: (54:06.542) [Visual Studio Host (4384):VisualStudioTextEditorVerifier] Verification passed: The editor was expected to contain the text '&lt;div&gt;&lt;/div&gt;'
    + ExternalProcessHostTest TestCleanup
        (54:06.923) [Visual Studio Host (4384):TextEditorDocumentWindowTestExtension] Closing window 'HTMLPage.html'.
        (54:07.830) [Platform:Testcase] Test 'VSTest_Html_InsertIntoHtmlEditor' has 'Passed' outcome. Therefore, Apex will not shut down the 'Visual Studio Host (4384)' with process ID '4384'. A subsequent test scenario will run on the same instance of the host.
    + Final Test Result Verification
        (54:08.403) [Platform:DelayedAssertionVerifierSink] Verification Success: 0 verification steps failed.
    + ApexTest TestCleanup</StdOut>
      </Output>
    </UnitTestResult>
    <UnitTestResult executionId="51cf0571-8486-4141-a0fa-678d48c7a747" testId="8b3b0f48-b17a-7b7d-bd55-494af253d49f" testName="VSTest_Razor_Validate_MixedRazorJSBlockValidation" computerName="WNVM19648" startTime="2018-04-17T01:21:46.8524470-07:00" endTime="2018-04-17T01:21:46.8524470-07:00" testType="13cdc9d9-ddb5-4fa4-a97d-d965ccfc6d4b" outcome="NotExecuted" testListId="8c84fa94-04c1-424b-9868-57a2d4851a1d" relativeResultsDirectory="51cf0571-8486-4141-a0fa-678d48c7a747">
      <Output>
      </Output>
    </UnitTestResult>
    <UnitTestResult executionId="702ea68e-d7b2-49b8-ae44-33c79aa39499" testId="46efe7b3-2989-230c-c187-15288e2904c9" testName="VSTest_FormatSelection" computerName="WNVM19648" duration="00:00:04.2225712" startTime="2018-04-17T00:31:18.4267472-07:00" endTime="2018-04-17T00:31:22.6493184-07:00" testType="13cdc9d9-ddb5-4fa4-a97d-d965ccfc6d4b" outcome="Passed" testListId="8c84fa94-04c1-424b-9868-57a2d4851a1d" relativeResultsDirectory="702ea68e-d7b2-49b8-ae44-33c79aa39499">
      <Output>
        <StdOut>+ FormatTests::VSTest_FormatSelection
    + ApexTest TestInitialize
    + ExternalProcessHostTest TestInitialize
        (32:59.791) [Visual Studio Host (11564):RoamingSettingsService] Disabling roaming settings.
        (32:59.869) [Visual Studio Host (11564):SettingsService] Setting Visual Studio option 'Environment\RoamingSettings\RoamingEnabled' to 'False'.
        (33:00.175) [Visual Studio Host (11564):TextEditorDocumentWindowTestExtension] Showing window 'FormatSelection.htm' without activating the window.
        (33:00.276) [Visual Studio Host (11564):TextEditorDocumentWindowTestExtension] Showing window 'FormatSelection.htm'.
        (33:00.365) [Visual Studio Host (11564):VisualStudioTextEditorTestExtension] Setting keyboard focus to editor 'FormatSelection.htm'.
        (33:00.435) [Visual Studio Host (11564):MainWindowService] Activating main window to bring it to the foreground.
        (33:00.504) [Visual Studio Host (11564):MainWindowService] Setting main window state to 'Maximized'.
    (33:00.611) [Visual Studio Host (11564):TextEditorDocumentWindowTestExtension] Showing window 'FormatSelection.htm' without activating the window.
    (33:00.674) [Visual Studio Host (11564):TextEditorDocumentWindowTestExtension] Showing window 'FormatSelection.htm'.
    (33:00.735) [Visual Studio Host (11564):VisualStudioCaretTestExtension] Moving the caret from (Ln: 1, Ch: 1) to (Ln: 9, Ch: 1)
    (33:00.792) [Visual Studio Host (11564):TextEditorDocumentWindowTestExtension] Showing window 'FormatSelection.htm'.
    (33:00.887) [Visual Studio Host (11564):VisualStudioCaretTestExtension] Moving the caret and selecting from (Ln: 9, Ch: 1) right '9' characters
    (33:00.958) [Visual Studio Host (11564):VisualStudioTextEditorTestExtension] Setting keyboard focus to editor 'FormatSelection.htm'.
    (33:01.104) [Visual Studio Host (11564):TextEditorDocumentWindowTestExtension] Showing window 'FormatSelection.htm' without activating the window.
    (33:01.189) [Visual Studio Host (11564):TextEditorDocumentWindowTestExtension] Showing window 'FormatSelection.htm'.
    (33:01.287) [Visual Studio Host (11564):TextEditorDocumentWindowTestExtension] Showing window 'FormatSelection.htm' without activating the window.
    (33:01.352) [Visual Studio Host (11564):TextEditorDocumentWindowTestExtension] Showing window 'FormatSelection.htm'.
    (33:01.443) [Visual Studio Host (11564):TextEditorDocumentWindowTestExtension] Showing window 'FormatSelection.htm' without activating the window.
    (33:01.509) [Visual Studio Host (11564):TextEditorDocumentWindowTestExtension] Showing window 'FormatSelection.htm'.
    (33:01.576) [Visual Studio Host (11564):VisualStudioCaretTestExtension] Moving the caret from (Ln: 9, Ch: 14) to (Ln: 12, Ch: 1)
    (33:01.644) [Visual Studio Host (11564):TextEditorDocumentWindowTestExtension] Showing window 'FormatSelection.htm'.
    (33:01.740) [Visual Studio Host (11564):VisualStudioCaretTestExtension] Moving the caret and selecting from (Ln: 12, Ch: 1) down '2' lines
    (33:01.801) [Visual Studio Host (11564):VisualStudioTextEditorTestExtension] Setting keyboard focus to editor 'FormatSelection.htm'.
    (33:01.876) [Visual Studio Host (11564):TextEditorDocumentWindowTestExtension] Showing window 'FormatSelection.htm'.
    (33:01.964) [Visual Studio Host (11564):VisualStudioCaretTestExtension] Moving the caret and selecting from (Ln: 14, Ch: 1) to the beginning of the line
    (33:02.027) [Visual Studio Host (11564):VisualStudioTextEditorTestExtension] Setting keyboard focus to editor 'FormatSelection.htm'.
    (33:02.090) [Visual Studio Host (11564):TextEditorDocumentWindowTestExtension] Showing window 'FormatSelection.htm'.
    (33:02.168) [Visual Studio Host (11564):TextEditorDocumentWindowTestExtension] Showing window 'FormatSelection.htm'.
    (33:02.301) [Visual Studio Host (11564):TextEditorDocumentWindowTestExtension] Showing window 'FormatSelection.htm'.
    (33:02.385) [Visual Studio Host (11564):VisualStudioCaretTestExtension] Moving the caret and selecting from (Ln: 14, Ch: 1) right '8' characters
    (33:02.444) [Visual Studio Host (11564):VisualStudioTextEditorTestExtension] Setting keyboard focus to editor 'FormatSelection.htm'.
    (33:02.559) [Visual Studio Host (11564):TextEditorDocumentWindowTestExtension] Showing window 'FormatSelection.htm' without activating the window.
    (33:02.635) [Visual Studio Host (11564):TextEditorDocumentWindowTestExtension] Showing window 'FormatSelection.htm'.
    (33:02.728) [Visual Studio Host (11564):TextEditorDocumentWindowTestExtension] Showing window 'FormatSelection.htm' without activating the window.
    (33:02.802) [Visual Studio Host (11564):TextEditorDocumentWindowTestExtension] Showing window 'FormatSelection.htm'.
    + ExternalProcessHostTest TestCleanup
        (33:02.959) [Visual Studio Host (11564):TextEditorDocumentWindowTestExtension] Closing window 'FormatSelection.htm'.
        (33:03.154) [Platform:Testcase] Test 'VSTest_FormatSelection' has 'Passed' outcome. Therefore, Apex will not shut down the 'Visual Studio Host (11564)' with process ID '11564'. A subsequent test scenario will run on the same instance of the host.
    + Final Test Result Verification
        (33:03.419) [Platform:DelayedAssertionVerifierSink] Verification Success: 0 verification steps failed.
    + ApexTest TestCleanup</StdOut>
      </Output>
      <ResultFiles>
        <ResultFile path="WNVM19648\Fail.azqsczivabnm.png" />
        <ResultFile path="WNVM19648\Fail.ig2gsfz5ad1y.png" />
        <ResultFile path="WNVM19648\Fail.o5zf0zepaw0l.png" />
        <ResultFile path="WNVM19648\OmniLog.html" />
        <ResultFile path="WNVM19648\OmniLogRawXml.xml" />
      </ResultFiles>
    </UnitTestResult>
    <UnitTestResult executionId="49457274-2534-481b-a438-33378fd677ea" testId="35a18c9c-98af-8436-f1d6-79074a88de6b" testName="VSTest_RazorV4CshtmlTypeCodeBlock" computerName="WNVM19648" duration="00:01:03.4119314" startTime="2018-04-17T01:06:52.8300511-07:00" endTime="2018-04-17T01:07:56.2419825-07:00" testType="13cdc9d9-ddb5-4fa4-a97d-d965ccfc6d4b" outcome="Passed" testListId="8c84fa94-04c1-424b-9868-57a2d4851a1d" relativeResultsDirectory="49457274-2534-481b-a438-33378fd677ea">
      <Output>
        <StdOut>+ CSharpGeneralTests::VSTest_RazorV4CshtmlTypeCodeBlock
    + ApexTest TestInitialize
    + ExternalProcessHostTest TestInitialize
        (01:08:34.751) [Visual Studio Host (4384):RoamingSettingsService] Disabling roaming settings.
        (01:08:34.919) [Visual Studio Host (4384):SettingsService] Setting Visual Studio option 'Environment\RoamingSettings\RoamingEnabled' to 'False'.
        (01:08:35.449) [Visual Studio Host (4384):TextEditorDocumentWindowTestExtension] Showing window 'empty.cshtml' without activating the window.
        (01:08:35.667) [Visual Studio Host (4384):TextEditorDocumentWindowTestExtension] Showing window 'empty.cshtml'.
        (01:08:35.865) [Visual Studio Host (4384):VisualStudioTextEditorTestExtension] Setting keyboard focus to editor 'empty.cshtml'.
        (01:08:36.013) [Visual Studio Host (4384):MainWindowService] Activating main window to bring it to the foreground.
        (01:08:36.141) [Visual Studio Host (4384):MainWindowService] Setting main window state to 'Maximized'.
    (01:08:36.461) [Visual Studio Host (4384):TextEditorDocumentWindowTestExtension] Showing window 'empty.cshtml' without activating the window.
    (01:08:36.627) [Visual Studio Host (4384):TextEditorDocumentWindowTestExtension] Showing window 'empty.cshtml'.
    (01:08:36.833) [Visual Studio Host (4384):TextEditorDocumentWindowTestExtension] Showing window 'empty.cshtml' without activating the window.
    (01:08:37.041) [Visual Studio Host (4384):TextEditorDocumentWindowTestExtension] Showing window 'empty.cshtml'.
    (01:08:37.261) [Visual Studio Host (4384):VisualStudioTextEditingActions] Inserting text combine CRLF as single return: '@' at the current caret position: '(Ln: 1, Ch: 1)'
    (01:08:37.785) [Visual Studio Host (4384):TextEditorDocumentWindowTestExtension] Showing window 'empty.cshtml' without activating the window.
    (01:08:37.954) [Visual Studio Host (4384):TextEditorDocumentWindowTestExtension] Showing window 'empty.cshtml'.
    (01:08:38.112) [Visual Studio Host (4384):VisualStudioTextEditingActions] Inserting text combine CRLF as single return: '{' at the current caret position: '(Ln: 1, Ch: 2)'
    (01:08:38.653) [Visual Studio Host (4384):TextEditorDocumentWindowTestExtension] Showing window 'empty.cshtml' without activating the window.
    (01:08:38.825) [Visual Studio Host (4384):TextEditorDocumentWindowTestExtension] Showing window 'empty.cshtml'.
    (01:08:39.056) [Visual Studio Host (4384):TextEditorDocumentWindowTestExtension] Showing window 'empty.cshtml' without activating the window.
    (01:08:39.228) [Visual Studio Host (4384):TextEditorDocumentWindowTestExtension] Showing window 'empty.cshtml'.
    (01:08:39.408) [Visual Studio Host (4384):VisualStudioTextEditingActions] Inserting text combine CRLF as single return: '
' at the current caret position: '(Ln: 1, Ch: 4)'
    (01:08:40.360) [Visual Studio Host (4384):TextEditorDocumentWindowTestExtension] Showing window 'empty.cshtml' without activating the window.
    (01:08:41.289) [Visual Studio Host (4384):TextEditorDocumentWindowTestExtension] Showing window 'empty.cshtml'.
    (01:08:42.290) [Visual Studio Host (4384):TextEditorDocumentWindowTestExtension] Showing window 'empty.cshtml' without activating the window.
    (01:08:43.073) [Visual Studio Host (4384):TextEditorDocumentWindowTestExtension] Showing window 'empty.cshtml'.
    (01:08:43.877) [Visual Studio Host (4384):VisualStudioCaretTestExtension] Moving the caret from (Ln: 2, Ch: 5) to the end of the file
    (01:08:44.754) [Visual Studio Host (4384):VisualStudioTextEditorTestExtension] Setting keyboard focus to editor 'empty.cshtml'.
    (01:08:45.633) [Visual Studio Host (4384):TextEditorDocumentWindowTestExtension] Showing window 'empty.cshtml' without activating the window.
    (01:08:46.465) [Visual Studio Host (4384):TextEditorDocumentWindowTestExtension] Showing window 'empty.cshtml'.
    (01:08:47.437) [Visual Studio Host (4384):VisualStudioTextEditingActions] Inserting text combine CRLF as single return: '
' at the current caret position: '(Ln: 4, Ch: 1)'
    (01:08:48.405) [Visual Studio Host (4384):TextEditorDocumentWindowTestExtension] Showing window 'empty.cshtml' without activating the window.
    (01:08:49.386) [Visual Studio Host (4384):TextEditorDocumentWindowTestExtension] Showing window 'empty.cshtml'.
    (01:08:50.378) [Visual Studio Host (4384):TextEditorDocumentWindowTestExtension] Showing window 'empty.cshtml' without activating the window.
    (01:08:51.382) [Visual Studio Host (4384):TextEditorDocumentWindowTestExtension] Showing window 'empty.cshtml'.
    (01:08:52.363) [Visual Studio Host (4384):VisualStudioTextEditingActions] Inserting text combine CRLF as single return: '@' at the current caret position: '(Ln: 5, Ch: 1)'
    (01:08:53.689) [Visual Studio Host (4384):TextEditorDocumentWindowTestExtension] Showing window 'empty.cshtml' without activating the window.
    (01:08:54.689) [Visual Studio Host (4384):TextEditorDocumentWindowTestExtension] Showing window 'empty.cshtml'.
    (01:08:55.700) [Visual Studio Host (4384):VisualStudioTextEditingActions] Inserting text combine CRLF as single return: '{' at the current caret position: '(Ln: 5, Ch: 2)'
    (01:08:57.007) [Visual Studio Host (4384):TextEditorDocumentWindowTestExtension] Showing window 'empty.cshtml' without activating the window.
    (01:08:58.013) [Visual Studio Host (4384):TextEditorDocumentWindowTestExtension] Showing window 'empty.cshtml'.
    (01:08:59.047) [Visual Studio Host (4384):TextEditorDocumentWindowTestExtension] Showing window 'empty.cshtml' without activating the window.
    (01:09:00.022) [Visual Studio Host (4384):TextEditorDocumentWindowTestExtension] Showing window 'empty.cshtml'.
    (01:09:01.029) [Visual Studio Host (4384):VisualStudioTextEditingActions] Inserting text combine CRLF as single return: '
' at the current caret position: '(Ln: 5, Ch: 4)'
    (01:09:02.143) [Visual Studio Host (4384):TextEditorDocumentWindowTestExtension] Showing window 'empty.cshtml' without activating the window.
    (01:09:03.155) [Visual Studio Host (4384):TextEditorDocumentWindowTestExtension] Showing window 'empty.cshtml'.
    (01:09:04.148) [Visual Studio Host (4384):TextEditorDocumentWindowTestExtension] Showing window 'empty.cshtml' without activating the window.
    (01:09:05.175) [Visual Studio Host (4384):TextEditorDocumentWindowTestExtension] Showing window 'empty.cshtml'.
    (01:09:06.016) [Visual Studio Host (4384):VisualStudioCaretTestExtension] Moving the caret from (Ln: 6, Ch: 5) to the beginning of the file
    (01:09:06.962) [Visual Studio Host (4384):VisualStudioTextEditorTestExtension] Setting keyboard focus to editor 'empty.cshtml'.
    (01:09:07.848) [Visual Studio Host (4384):TextEditorDocumentWindowTestExtension] Showing window 'empty.cshtml' without activating the window.
    (01:09:08.846) [Visual Studio Host (4384):TextEditorDocumentWindowTestExtension] Showing window 'empty.cshtml'.
    (01:09:09.799) [Visual Studio Host (4384):VisualStudioTextEditingActions] Inserting text combine CRLF as single return: '
' at the current caret position: '(Ln: 1, Ch: 1)'
    (01:09:10.757) [Visual Studio Host (4384):TextEditorDocumentWindowTestExtension] Showing window 'empty.cshtml' without activating the window.
    (01:09:11.755) [Visual Studio Host (4384):TextEditorDocumentWindowTestExtension] Showing window 'empty.cshtml'.
    (01:09:12.719) [Visual Studio Host (4384):VisualStudioCaretTestExtension] Moving the caret from (Ln: 2, Ch: 1) up '1' lines
    (01:09:13.579) [Visual Studio Host (4384):VisualStudioTextEditorTestExtension] Setting keyboard focus to editor 'empty.cshtml'.
    (01:09:14.483) [Visual Studio Host (4384):TextEditorDocumentWindowTestExtension] Showing window 'empty.cshtml' without activating the window.
    (01:09:15.345) [Visual Studio Host (4384):TextEditorDocumentWindowTestExtension] Showing window 'empty.cshtml'.
    (01:09:16.236) [Visual Studio Host (4384):TextEditorDocumentWindowTestExtension] Showing window 'empty.cshtml' without activating the window.
    (01:09:17.059) [Visual Studio Host (4384):TextEditorDocumentWindowTestExtension] Showing window 'empty.cshtml'.
    (01:09:17.955) [Visual Studio Host (4384):VisualStudioTextEditingActions] Inserting text combine CRLF as single return: '@' at the current caret position: '(Ln: 1, Ch: 1)'
    (01:09:19.006) [Visual Studio Host (4384):TextEditorDocumentWindowTestExtension] Showing window 'empty.cshtml' without activating the window.
    (01:09:19.871) [Visual Studio Host (4384):TextEditorDocumentWindowTestExtension] Showing window 'empty.cshtml'.
    (01:09:20.866) [Visual Studio Host (4384):VisualStudioTextEditingActions] Inserting text combine CRLF as single return: '{' at the current caret position: '(Ln: 1, Ch: 2)'
    (01:09:21.839) [Visual Studio Host (4384):TextEditorDocumentWindowTestExtension] Showing window 'empty.cshtml' without activating the window.
    (01:09:21.981) [Visual Studio Host (4384):TextEditorDocumentWindowTestExtension] Showing window 'empty.cshtml'.
    (01:09:22.127) [Visual Studio Host (4384):TextEditorDocumentWindowTestExtension] Showing window 'empty.cshtml' without activating the window.
    (01:09:22.314) [Visual Studio Host (4384):TextEditorDocumentWindowTestExtension] Showing window 'empty.cshtml'.
    (01:09:22.495) [Visual Studio Host (4384):VisualStudioTextEditingActions] Inserting text combine CRLF as single return: '
' at the current caret position: '(Ln: 1, Ch: 4)'
    (01:09:23.508) [Visual Studio Host (4384):TextEditorDocumentWindowTestExtension] Showing window 'empty.cshtml' without activating the window.
    (01:09:24.502) [Visual Studio Host (4384):TextEditorDocumentWindowTestExtension] Showing window 'empty.cshtml'.
    (01:09:25.501) [Visual Studio Host (4384):TextEditorDocumentWindowTestExtension] Showing window 'empty.cshtml' without activating the window.
    (01:09:26.263) [Visual Studio Host (4384):TextEditorDocumentWindowTestExtension] Showing window 'empty.cshtml'.
    (01:09:27.046) [Visual Studio Host (4384):VisualStudioCaretTestExtension] Moving the caret from (Ln: 2, Ch: 5) to the beginning of the file
    (01:09:27.900) [Visual Studio Host (4384):VisualStudioTextEditorTestExtension] Setting keyboard focus to editor 'empty.cshtml'.
    (01:09:28.740) [Visual Studio Host (4384):TextEditorDocumentWindowTestExtension] Showing window 'empty.cshtml' without activating the window.
    (01:09:29.551) [Visual Studio Host (4384):TextEditorDocumentWindowTestExtension] Showing window 'empty.cshtml'.
    (01:09:30.485) [Visual Studio Host (4384):VisualStudioTextEditingActions] Inserting text combine CRLF as single return: '@{' at the current caret position: '(Ln: 1, Ch: 1)'
    (01:09:31.647) [Visual Studio Host (4384):TextEditorDocumentWindowTestExtension] Showing window 'empty.cshtml' without activating the window.
    (01:09:32.575) [Visual Studio Host (4384):TextEditorDocumentWindowTestExtension] Showing window 'empty.cshtml'.
    (01:09:33.535) [Visual Studio Host (4384):VisualStudioCaretTestExtension] Moving the caret from (Ln: 1, Ch: 3) to the beginning of the file
    (01:09:34.400) [Visual Studio Host (4384):VisualStudioTextEditorTestExtension] Setting keyboard focus to editor 'empty.cshtml'.
    (01:09:34.567) [Visual Studio Host (4384):TextEditorDocumentWindowTestExtension] Showing window 'empty.cshtml' without activating the window.
    (01:09:34.752) [Visual Studio Host (4384):TextEditorDocumentWindowTestExtension] Showing window 'empty.cshtml'.
    (01:09:34.948) [Visual Studio Host (4384):VisualStudioTextEditingActions] Inserting text combine CRLF as single return: '&lt;' at the current caret position: '(Ln: 1, Ch: 1)'
    (01:09:35.140) [Visual Studio Host (4384):TextEditorDocumentWindowTestExtension] Showing window 'empty.cshtml' without activating the window.
    (01:09:35.316) [Visual Studio Host (4384):TextEditorDocumentWindowTestExtension] Showing window 'empty.cshtml'.
    (01:09:35.514) [Visual Studio Host (4384):VisualStudioIntellisenseService] Did not find an active completion session. Please use Verify.IsCompletionListPresent() to make sure that the list is present before requesting the completion session.
    Warning: (01:09:35.657) [Visual Studio Host (4384):VisualStudioIntellisenseService] No active completion sessions were found for editor 'empty.cshtml'.
    + ExternalProcessHostTest TestCleanup
        (01:09:35.954) [Visual Studio Host (4384):TextEditorDocumentWindowTestExtension] Closing window 'empty.cshtml'.
        (01:09:36.166) [Platform:Testcase] Test 'VSTest_RazorV4CshtmlTypeCodeBlock' has 'Passed' outcome. Therefore, Apex will not shut down the 'Visual Studio Host (4384)' with process ID '4384'. A subsequent test scenario will run on the same instance of the host.
    + Final Test Result Verification
        (01:09:36.629) [Platform:DelayedAssertionVerifierSink] Verification Success: 0 verification steps failed.
    + ApexTest TestCleanup</StdOut>
      </Output>
      <ResultFiles>
        <ResultFile path="WNVM19648\Fail.azqsczivabnm.png" />
        <ResultFile path="WNVM19648\Fail.ig2gsfz5ad1y.png" />
        <ResultFile path="WNVM19648\Fail.o5zf0zepaw0l.png" />
        <ResultFile path="WNVM19648\Fail.raasvsmeanc1.png" />
        <ResultFile path="WNVM19648\Fail.t4yj0fxuatil.png" />
        <ResultFile path="WNVM19648\Fail.z10rn0n5ajdm.png" />
        <ResultFile path="WNVM19648\OmniLog.html" />
        <ResultFile path="WNVM19648\OmniLogRawXml.xml" />
      </ResultFiles>
    </UnitTestResult>
    <UnitTestResult executionId="92d5daf5-2b4f-421d-8de2-16514e0e5997" testId="97efed50-d6c9-3f99-9bc3-a7b3384325a4" testName="VSTest_Completion_Url_TypeInCSS" computerName="WNVM19648" startTime="2018-04-17T00:15:46.6119345-07:00" endTime="2018-04-17T00:15:46.6119345-07:00" testType="13cdc9d9-ddb5-4fa4-a97d-d965ccfc6d4b" outcome="NotExecuted" testListId="8c84fa94-04c1-424b-9868-57a2d4851a1d" relativeResultsDirectory="92d5daf5-2b4f-421d-8de2-16514e0e5997">
      <Output>
      </Output>
    </UnitTestResult>
    <UnitTestResult executionId="00f39e51-952c-46f6-93c6-5860918b3268" testId="0ed74eb2-0027-0aa4-253a-4b5234fe5e48" testName="VSTest_Completion_In_Binding_After_Change" computerName="WNVM19648" duration="00:00:04.6848758" startTime="2018-04-17T00:13:25.6000253-07:00" endTime="2018-04-17T00:13:30.2849011-07:00" testType="13cdc9d9-ddb5-4fa4-a97d-d965ccfc6d4b" outcome="Passed" testListId="8c84fa94-04c1-424b-9868-57a2d4851a1d" relativeResultsDirectory="00f39e51-952c-46f6-93c6-5860918b3268">
      <Output>
        <StdOut>+ ItemTypeTests::VSTest_Completion_In_Binding_After_Change
    + ApexTest TestInitialize
    + ExternalProcessHostTest TestInitialize
        (15:06.924) [Visual Studio Host (6956):RoamingSettingsService] Disabling roaming settings.
        (15:06.970) [Visual Studio Host (6956):SettingsService] Setting Visual Studio option 'Environment\RoamingSettings\RoamingEnabled' to 'False'.
        (15:07.411) [Visual Studio Host (6956):TextEditorDocumentWindowTestExtension] Showing window 'CompletionInBinding.aspx' without activating the window.
        (15:07.539) [Visual Studio Host (6956):TextEditorDocumentWindowTestExtension] Showing window 'CompletionInBinding.aspx'.
        (15:07.629) [Visual Studio Host (6956):VisualStudioTextEditorTestExtension] Setting keyboard focus to editor 'CompletionInBinding.aspx'.
        (15:07.701) [Visual Studio Host (6956):MainWindowService] Activating main window to bring it to the foreground.
        (15:07.763) [Visual Studio Host (6956):MainWindowService] Setting main window state to 'Maximized'.
    (15:07.909) [Visual Studio Host (6956):TextEditorDocumentWindowTestExtension] Showing window 'CompletionInBinding.aspx' without activating the window.
    (15:08.079) [Visual Studio Host (6956):TextEditorDocumentWindowTestExtension] Showing window 'CompletionInBinding.aspx'.
    (15:08.170) [Visual Studio Host (6956):VisualStudioCaretTestExtension] Moving the caret from (Ln: 1, Ch: 1) to (Ln: 5, Ch: 59)
    (15:08.253) [Visual Studio Host (6956):TextEditorDocumentWindowTestExtension] Showing window 'CompletionInBinding.aspx' without activating the window.
    (15:08.315) [Visual Studio Host (6956):TextEditorDocumentWindowTestExtension] Showing window 'CompletionInBinding.aspx'.
    (15:08.392) [Visual Studio Host (6956):KeyboardCommands] Sending '1' spaces.
    (15:08.466) [Visual Studio Host (6956):TextEditorDocumentWindowTestExtension] Showing window 'CompletionInBinding.aspx' without activating the window.
    (15:08.518) [Visual Studio Host (6956):TextEditorDocumentWindowTestExtension] Showing window 'CompletionInBinding.aspx'.
    (15:08.591) [Visual Studio Host (6956):TextEditorDocumentWindowTestExtension] Showing window 'CompletionInBinding.aspx' without activating the window.
    (15:08.653) [Visual Studio Host (6956):TextEditorDocumentWindowTestExtension] Showing window 'CompletionInBinding.aspx'.
    (15:08.756) [Visual Studio Host (6956):VisualStudioCaretTestExtension] Moving the caret from (Ln: 5, Ch: 59) to (Ln: 7, Ch: 21)
    (15:08.820) [Visual Studio Host (6956):TextEditorDocumentWindowTestExtension] Showing window 'CompletionInBinding.aspx' without activating the window.
    (15:08.891) [Visual Studio Host (6956):TextEditorDocumentWindowTestExtension] Showing window 'CompletionInBinding.aspx'.
    (15:08.971) [Visual Studio Host (6956):TextEditorDocumentWindowTestExtension] Showing window 'CompletionInBinding.aspx' without activating the window.
    (15:09.035) [Visual Studio Host (6956):TextEditorDocumentWindowTestExtension] Showing window 'CompletionInBinding.aspx'.
    (15:09.172) [Visual Studio Host (6956):VisualStudioIntellisenseService] Getting the active completion at position '(Ln: 7, Ch: 22)'.
    (15:09.243) [Visual Studio Host (6956):VisualStudioCompletionListTestExtension] Unable to find completion item with name 
    (15:09.298) [Visual Studio Host (6956):VisualStudioCompletionListTestExtension] Retrieved '5' completion items.
    (15:09.360) [Visual Studio Host (6956):VisualStudioCompletionListTestExtension] Dismissing completion session.
    (15:09.944) [Visual Studio Host (6956):VisualStudioIntellisenseService] Did not find an active completion session. Please use Verify.IsCompletionListPresent() to make sure that the list is present before requesting the completion session.
    Warning: (15:10.005) [Visual Studio Host (6956):VisualStudioIntellisenseService] No active completion sessions were found for editor 'CompletionInBinding.aspx'.
    (15:10.057) [Visual Studio Host (6956):VisualStudioIntellisenseService] Invoking Completion member list at '(Ln: 7, Ch: 22)'.
    (15:10.100) [Visual Studio Host (6956):VisualStudioIntellisenseService] Did not find an active completion session. Please use Verify.IsCompletionListPresent() to make sure that the list is present before requesting the completion session.
    (15:10.366) [Visual Studio Host (6956):VisualStudioIntellisenseService] Getting the active completion at position '(Ln: 7, Ch: 22)'.
    (15:10.426) [Visual Studio Host (6956):VisualStudioCompletionListTestExtension] Found completion item with name 
    + ExternalProcessHostTest TestCleanup
        (15:10.534) [Visual Studio Host (6956):TextEditorDocumentWindowTestExtension] Closing window 'CompletionInBinding.aspx'.
        (15:10.838) [Platform:Testcase] Test 'VSTest_Completion_In_Binding_After_Change' has 'Passed' outcome. Therefore, Apex will not shut down the 'Visual Studio Host (6956)' with process ID '6956'. A subsequent test scenario will run on the same instance of the host.
    + Final Test Result Verification
        (15:11.091) [Platform:DelayedAssertionVerifierSink] Verification Success: 0 verification steps failed.
    + ApexTest TestCleanup</StdOut>
      </Output>
      <ResultFiles>
        <ResultFile path="WNVM19648\Fail.ig2gsfz5ad1y.png" />
        <ResultFile path="WNVM19648\OmniLog.html" />
        <ResultFile path="WNVM19648\OmniLogRawXml.xml" />
      </ResultFiles>
    </UnitTestResult>
    <UnitTestResult executionId="037a8b5f-d727-4406-9e08-7579c25173c1" testId="7159009b-320b-f4e1-c4d4-3aa2366c5123" testName="VSTest_RazorV4CsFormatSwitchCaseBlock" computerName="WNVM19648" duration="00:00:04.9128778" startTime="2018-04-17T01:04:35.0941135-07:00" endTime="2018-04-17T01:04:40.0069913-07:00" testType="13cdc9d9-ddb5-4fa4-a97d-d965ccfc6d4b" outcome="Passed" testListId="8c84fa94-04c1-424b-9868-57a2d4851a1d" relativeResultsDirectory="037a8b5f-d727-4406-9e08-7579c25173c1">
      <Output>
        <StdOut>+ CSharpFormattingTests::VSTest_RazorV4CsFormatSwitchCaseBlock
    + ApexTest TestInitialize
    + ExternalProcessHostTest TestInitialize
        (01:06:16.849) [Visual Studio Host (4384):RoamingSettingsService] Disabling roaming settings.
        (01:06:17.024) [Visual Studio Host (4384):SettingsService] Setting Visual Studio option 'Environment\RoamingSettings\RoamingEnabled' to 'False'.
        (01:06:17.495) [Visual Studio Host (4384):TextEditorDocumentWindowTestExtension] Showing window 'FormatSwitchCaseBlock.cshtml' without activating the window.
        (01:06:17.759) [Visual Studio Host (4384):TextEditorDocumentWindowTestExtension] Showing window 'FormatSwitchCaseBlock.cshtml'.
        (01:06:17.960) [Visual Studio Host (4384):VisualStudioTextEditorTestExtension] Setting keyboard focus to editor 'FormatSwitchCaseBlock.cshtml'.
        (01:06:18.139) [Visual Studio Host (4384):MainWindowService] Activating main window to bring it to the foreground.
        (01:06:18.305) [Visual Studio Host (4384):MainWindowService] Setting main window state to 'Maximized'.
    (01:06:19.204) [Visual Studio Host (4384):TextEditorDocumentWindowTestExtension] Showing window 'FormatSwitchCaseBlock.cshtml' without activating the window.
    (01:06:19.334) [Visual Studio Host (4384):TextEditorDocumentWindowTestExtension] Showing window 'FormatSwitchCaseBlock.cshtml'.
    + ExternalProcessHostTest TestCleanup
        (01:06:19.613) [Visual Studio Host (4384):TextEditorDocumentWindowTestExtension] Closing window 'FormatSwitchCaseBlock.cshtml'.
        (01:06:19.843) [Platform:Testcase] Test 'VSTest_RazorV4CsFormatSwitchCaseBlock' has 'Passed' outcome. Therefore, Apex will not shut down the 'Visual Studio Host (4384)' with process ID '4384'. A subsequent test scenario will run on the same instance of the host.
    + Final Test Result Verification
        (01:06:20.269) [Platform:DelayedAssertionVerifierSink] Verification Success: 0 verification steps failed.
    + ApexTest TestCleanup</StdOut>
      </Output>
      <ResultFiles>
        <ResultFile path="WNVM19648\Fail.azqsczivabnm.png" />
        <ResultFile path="WNVM19648\Fail.ig2gsfz5ad1y.png" />
        <ResultFile path="WNVM19648\Fail.o5zf0zepaw0l.png" />
        <ResultFile path="WNVM19648\Fail.raasvsmeanc1.png" />
        <ResultFile path="WNVM19648\Fail.t4yj0fxuatil.png" />
        <ResultFile path="WNVM19648\Fail.z10rn0n5ajdm.png" />
        <ResultFile path="WNVM19648\OmniLog.html" />
        <ResultFile path="WNVM19648\OmniLogRawXml.xml" />
      </ResultFiles>
    </UnitTestResult>
    <UnitTestResult executionId="180a3928-246e-4ff5-9707-c380d199a123" testId="c66289d9-1b78-a2fb-db51-42e75ff4651e" testName="VSTest_Validate_After_Changing_Html_Settings" computerName="WNVM19648" duration="00:00:12.0910228" startTime="2018-04-17T00:50:19.4456277-07:00" endTime="2018-04-17T00:50:31.5366505-07:00" testType="13cdc9d9-ddb5-4fa4-a97d-d965ccfc6d4b" outcome="Passed" testListId="8c84fa94-04c1-424b-9868-57a2d4851a1d" relativeResultsDirectory="180a3928-246e-4ff5-9707-c380d199a123">
      <Output>
        <StdOut>+ ValidationTests::VSTest_Validate_After_Changing_Html_Settings
    + ApexTest TestInitialize
    + ExternalProcessHostTest TestInitialize
        (52:01.292) [Visual Studio Host (9888):RoamingSettingsService] Disabling roaming settings.
        (52:01.519) [Visual Studio Host (9888):SettingsService] Setting Visual Studio option 'Environment\RoamingSettings\RoamingEnabled' to 'False'.
        (52:01.938) [Visual Studio Host (9888):TextEditorDocumentWindowTestExtension] Showing window 'Validation.html' without activating the window.
        (52:02.122) [Visual Studio Host (9888):TextEditorDocumentWindowTestExtension] Showing window 'Validation.html'.
        (52:02.383) [Visual Studio Host (9888):VisualStudioTextEditorTestExtension] Setting keyboard focus to editor 'Validation.html'.
        (52:02.558) [Visual Studio Host (9888):MainWindowService] Activating main window to bring it to the foreground.
        (52:02.697) [Visual Studio Host (9888):MainWindowService] Setting main window state to 'Maximized'.
    (52:03.070) [Visual Studio Host (9888):TextEditorDocumentWindowTestExtension] Showing window 'Validation.html' without activating the window.
    (52:03.277) [Visual Studio Host (9888):TextEditorDocumentWindowTestExtension] Showing window 'Validation.html'.
    (52:03.493) [Visual Studio Host (9888):ToolWindowTestExtension] Showing window 'Error List ...' without activating the window.
    (52:03.659) [Visual Studio Host (9888):ErrorListService] Showing error list error items.
    (52:03.834) [Visual Studio Host (9888):ToolWindowTestExtension] Showing window 'Error List ...' without activating the window.
    (52:04.000) [Visual Studio Host (9888):ErrorListService] Showing error list message items.
    (52:04.185) [Visual Studio Host (9888):ToolWindowTestExtension] Showing window 'Error List ...' without activating the window.
    (52:04.359) [Visual Studio Host (9888):ErrorListService] Showing error list warning items.
    (52:06.575) [Visual Studio Host (9888):TextEditorDocumentWindowTestExtension] Showing window 'Validation.html' without activating the window.
    (52:06.718) [Visual Studio Host (9888):TextEditorDocumentWindowTestExtension] Showing window 'Validation.html'.
    (52:06.867) [Visual Studio Host (9888):SettingsService] Setting Visual Studio option 'TextEditor\HTMLX Specific\FormatOnPaste' to 'False'.
    (52:07.062) [Visual Studio Host (9888):TextEditorDocumentWindowTestExtension] Showing window 'Validation.html' without activating the window.
    (52:07.226) [Visual Studio Host (9888):TextEditorDocumentWindowTestExtension] Showing window 'Validation.html'.
    (52:07.418) [Visual Studio Host (9888):ToolWindowTestExtension] Showing window 'Error List' without activating the window.
    (52:07.582) [Visual Studio Host (9888):ErrorListService] Showing error list error items.
    (52:07.750) [Visual Studio Host (9888):ToolWindowTestExtension] Showing window 'Error List' without activating the window.
    (52:07.933) [Visual Studio Host (9888):ErrorListService] Showing error list message items.
    (52:08.126) [Visual Studio Host (9888):ToolWindowTestExtension] Showing window 'Error List' without activating the window.
    (52:08.274) [Visual Studio Host (9888):ErrorListService] Showing error list warning items.
    (52:10.473) [Visual Studio Host (9888):TextEditorDocumentWindowTestExtension] Showing window 'Validation.html' without activating the window.
    (52:10.656) [Visual Studio Host (9888):TextEditorDocumentWindowTestExtension] Showing window 'Validation.html'.
    + ExternalProcessHostTest TestCleanup
        (52:11.002) [Visual Studio Host (9888):TextEditorDocumentWindowTestExtension] Closing window 'Validation.html'.
        (52:11.268) [Platform:Testcase] Test 'VSTest_Validate_After_Changing_Html_Settings' has 'Passed' outcome. Therefore, Apex will not shut down the 'Visual Studio Host (9888)' with process ID '9888'. A subsequent test scenario will run on the same instance of the host.
    + Final Test Result Verification
        (52:11.786) [Platform:DelayedAssertionVerifierSink] Verification Success: 0 verification steps failed.
    + ApexTest TestCleanup</StdOut>
      </Output>
      <ResultFiles>
        <ResultFile path="WNVM19648\Fail.azqsczivabnm.png" />
        <ResultFile path="WNVM19648\Fail.ig2gsfz5ad1y.png" />
        <ResultFile path="WNVM19648\Fail.o5zf0zepaw0l.png" />
        <ResultFile path="WNVM19648\Fail.z10rn0n5ajdm.png" />
        <ResultFile path="WNVM19648\OmniLog.html" />
        <ResultFile path="WNVM19648\OmniLogRawXml.xml" />
      </ResultFiles>
    </UnitTestResult>
    <UnitTestResult executionId="bc16615e-f358-4fa8-bfba-06ba1b1553da" testId="f77c53c4-4843-c74a-d0ee-0212f2f59f19" testName="VSTest_TypingTags_Form_to_Hgroup" computerName="WNVM19648" duration="00:03:29.6923551" startTime="2018-04-17T00:38:26.0621654-07:00" endTime="2018-04-17T00:41:55.7545205-07:00" testType="13cdc9d9-ddb5-4fa4-a97d-d965ccfc6d4b" outcome="Passed" testListId="8c84fa94-04c1-424b-9868-57a2d4851a1d" relativeResultsDirectory="bc16615e-f358-4fa8-bfba-06ba1b1553da">
      <Output>
        <StdOut>+ TypingTests::VSTest_TypingTags_Form_to_Hgroup
    + ApexTest TestInitialize
    + ExternalProcessHostTest TestInitialize
        (40:10.908) [Visual Studio Host (11564):RoamingSettingsService] Disabling roaming settings.
        (40:11.516) [Visual Studio Host (11564):SettingsService] Setting Visual Studio option 'Environment\RoamingSettings\RoamingEnabled' to 'False'.
        (40:12.350) [Visual Studio Host (11564):TextEditorDocumentWindowTestExtension] Showing window 'HtmlPage.html' without activating the window.
        (40:12.984) [Visual Studio Host (11564):TextEditorDocumentWindowTestExtension] Showing window 'HtmlPage.html'.
        (40:13.066) [Visual Studio Host (11564):VisualStudioTextEditorTestExtension] Setting keyboard focus to editor 'HtmlPage.html'.
        (40:13.134) [Visual Studio Host (11564):MainWindowService] Activating main window to bring it to the foreground.
        (40:13.217) [Visual Studio Host (11564):MainWindowService] Setting main window state to 'Maximized'.
    (40:13.388) [Visual Studio Host (11564):TextEditorDocumentWindowTestExtension] Showing window 'HtmlPage.html' without activating the window.
    (40:13.456) [Visual Studio Host (11564):TextEditorDocumentWindowTestExtension] Showing window 'HtmlPage.html'.
    (40:13.554) [Visual Studio Host (11564):VisualStudioCaretTestExtension] Moving the caret to '&lt;body&gt;' at (Ln: 6, Ch: 5) based on a regular expression.  Expression = "&lt;body&gt;" [group index '0', match index '1', options 'Singleline, CultureInvariant']
    (40:14.475) [Visual Studio Host (11564):VisualStudioCaretTestExtension] Moving the caret from (Ln: 6, Ch: 5) down '1' lines
    (40:15.208) [Visual Studio Host (11564):VisualStudioTextEditorTestExtension] Setting keyboard focus to editor 'HtmlPage.html'.
    (40:15.891) [Visual Studio Host (11564):VisualStudioCaretTestExtension] Moving the caret from (Ln: 7, Ch: 5) to the end of the line
    (40:15.970) [Visual Studio Host (11564):VisualStudioTextEditorTestExtension] Setting keyboard focus to editor 'HtmlPage.html'.
    (40:16.045) [Visual Studio Host (11564):VisualStudioTextEditingActions] Inserting text: '&lt;form&gt;' at the current caret position: '(Ln: 7, Ch: 9)'
    (40:16.175) [Visual Studio Host (11564):VisualStudioTextEditingActions] Deleting to the end of line of the current caret position, position: '(Ln: 7, Ch: 15)', line: '7'
    (40:16.259) [Visual Studio Host (11564):TextEditorDocumentWindowTestExtension] Showing window 'HtmlPage.html' without activating the window.
    (40:16.318) [Visual Studio Host (11564):TextEditorDocumentWindowTestExtension] Showing window 'HtmlPage.html'.
    (40:16.384) [Visual Studio Host (11564):TextEditorDocumentWindowTestExtension] Showing window 'HtmlPage.html' without activating the window.
    (40:16.440) [Visual Studio Host (11564):TextEditorDocumentWindowTestExtension] Showing window 'HtmlPage.html'.
    (40:16.610) [Visual Studio Host (11564):VisualStudioIntellisenseService] Did not find an active completion session. Please use Verify.IsCompletionListPresent() to make sure that the list is present before requesting the completion session.
    Warning: (40:16.668) [Visual Studio Host (11564):VisualStudioIntellisenseService] No active completion sessions were found for editor 'HtmlPage.html'.
    (40:16.743) [Visual Studio Host (11564):VisualStudioTextEditingActions] Inserting text combine CRLF as single return: '
' at the current caret position: '(Ln: 7, Ch: 15)'
    (40:17.383) [Visual Studio Host (11564):VisualStudioTextEditingActions] Inserting text: '&lt;fieldset&gt;' at the current caret position: '(Ln: 8, Ch: 13)'
    (40:18.064) [Visual Studio Host (11564):VisualStudioTextEditingActions] Deleting to the end of line of the current caret position, position: '(Ln: 8, Ch: 23)', line: '8'
    (40:18.663) [Visual Studio Host (11564):TextEditorDocumentWindowTestExtension] Showing window 'HtmlPage.html' without activating the window.
    (40:19.244) [Visual Studio Host (11564):TextEditorDocumentWindowTestExtension] Showing window 'HtmlPage.html'.
    (40:19.834) [Visual Studio Host (11564):TextEditorDocumentWindowTestExtension] Showing window 'HtmlPage.html' without activating the window.
    (40:20.344) [Visual Studio Host (11564):TextEditorDocumentWindowTestExtension] Showing window 'HtmlPage.html'.
    (40:20.896) [Visual Studio Host (11564):VisualStudioIntellisenseService] Did not find an active completion session. Please use Verify.IsCompletionListPresent() to make sure that the list is present before requesting the completion session.
    Warning: (40:21.461) [Visual Studio Host (11564):VisualStudioIntellisenseService] No active completion sessions were found for editor 'HtmlPage.html'.
    (40:21.977) [Visual Studio Host (11564):VisualStudioTextEditingActions] Inserting text combine CRLF as single return: '
' at the current caret position: '(Ln: 8, Ch: 23)'
    (40:22.492) [Visual Studio Host (11564):VisualStudioTextEditingActions] Inserting text: '&lt;legend&gt;Personalia:&lt;/legend&gt;' at the current caret position: '(Ln: 9, Ch: 17)'
    (40:23.307) [Visual Studio Host (11564):VisualStudioTextEditingActions] Deleting to the end of line of the current caret position, position: '(Ln: 9, Ch: 45)', line: '9'
    (40:24.042) [Visual Studio Host (11564):TextEditorDocumentWindowTestExtension] Showing window 'HtmlPage.html' without activating the window.
    (40:24.633) [Visual Studio Host (11564):TextEditorDocumentWindowTestExtension] Showing window 'HtmlPage.html'.
    (40:25.251) [Visual Studio Host (11564):TextEditorDocumentWindowTestExtension] Showing window 'HtmlPage.html' without activating the window.
    (40:25.795) [Visual Studio Host (11564):TextEditorDocumentWindowTestExtension] Showing window 'HtmlPage.html'.
    (40:26.321) [Visual Studio Host (11564):VisualStudioIntellisenseService] Did not find an active completion session. Please use Verify.IsCompletionListPresent() to make sure that the list is present before requesting the completion session.
    Warning: (40:26.858) [Visual Studio Host (11564):VisualStudioIntellisenseService] No active completion sessions were found for editor 'HtmlPage.html'.
    (40:27.395) [Visual Studio Host (11564):VisualStudioTextEditingActions] Inserting text combine CRLF as single return: '
' at the current caret position: '(Ln: 9, Ch: 45)'
    (40:27.941) [Visual Studio Host (11564):VisualStudioTextEditingActions] Inserting text: 'Name:' at the current caret position: '(Ln: 10, Ch: 17)'
    (40:28.478) [Visual Studio Host (11564):VisualStudioTextEditingActions] Deleting to the end of line of the current caret position, position: '(Ln: 10, Ch: 22)', line: '10'
    (40:28.997) [Visual Studio Host (11564):TextEditorDocumentWindowTestExtension] Showing window 'HtmlPage.html' without activating the window.
    (40:29.531) [Visual Studio Host (11564):TextEditorDocumentWindowTestExtension] Showing window 'HtmlPage.html'.
    (40:30.155) [Visual Studio Host (11564):TextEditorDocumentWindowTestExtension] Showing window 'HtmlPage.html' without activating the window.
    (40:30.831) [Visual Studio Host (11564):TextEditorDocumentWindowTestExtension] Showing window 'HtmlPage.html'.
    (40:31.484) [Visual Studio Host (11564):VisualStudioIntellisenseService] Did not find an active completion session. Please use Verify.IsCompletionListPresent() to make sure that the list is present before requesting the completion session.
    Warning: (40:32.088) [Visual Studio Host (11564):VisualStudioIntellisenseService] No active completion sessions were found for editor 'HtmlPage.html'.
    (40:32.645) [Visual Studio Host (11564):VisualStudioTextEditingActions] Inserting text combine CRLF as single return: '
' at the current caret position: '(Ln: 10, Ch: 22)'
    (40:33.295) [Visual Studio Host (11564):VisualStudioTextEditingActions] Inserting text: '&lt;input type="text"&gt;&lt;br&gt;' at the current caret position: '(Ln: 11, Ch: 17)'
    (40:34.203) [Visual Studio Host (11564):VisualStudioTextEditingActions] Deleting to the end of line of the current caret position, position: '(Ln: 11, Ch: 44)', line: '11'
    (40:34.867) [Visual Studio Host (11564):TextEditorDocumentWindowTestExtension] Showing window 'HtmlPage.html' without activating the window.
    (40:35.440) [Visual Studio Host (11564):TextEditorDocumentWindowTestExtension] Showing window 'HtmlPage.html'.
    (40:36.057) [Visual Studio Host (11564):TextEditorDocumentWindowTestExtension] Showing window 'HtmlPage.html' without activating the window.
    (40:36.763) [Visual Studio Host (11564):TextEditorDocumentWindowTestExtension] Showing window 'HtmlPage.html'.
    (40:37.365) [Visual Studio Host (11564):VisualStudioIntellisenseService] Did not find an active completion session. Please use Verify.IsCompletionListPresent() to make sure that the list is present before requesting the completion session.
    Warning: (40:38.033) [Visual Studio Host (11564):VisualStudioIntellisenseService] No active completion sessions were found for editor 'HtmlPage.html'.
    (40:38.685) [Visual Studio Host (11564):VisualStudioTextEditingActions] Inserting text combine CRLF as single return: '
' at the current caret position: '(Ln: 11, Ch: 44)'
    (40:39.416) [Visual Studio Host (11564):VisualStudioTextEditingActions] Inserting text: 'Email:' at the current caret position: '(Ln: 12, Ch: 17)'
    (40:40.188) [Visual Studio Host (11564):VisualStudioTextEditingActions] Deleting to the end of line of the current caret position, position: '(Ln: 12, Ch: 23)', line: '12'
    (40:40.831) [Visual Studio Host (11564):TextEditorDocumentWindowTestExtension] Showing window 'HtmlPage.html' without activating the window.
    (40:41.498) [Visual Studio Host (11564):TextEditorDocumentWindowTestExtension] Showing window 'HtmlPage.html'.
    (40:42.153) [Visual Studio Host (11564):TextEditorDocumentWindowTestExtension] Showing window 'HtmlPage.html' without activating the window.
    (40:42.757) [Visual Studio Host (11564):TextEditorDocumentWindowTestExtension] Showing window 'HtmlPage.html'.
    (40:43.349) [Visual Studio Host (11564):VisualStudioIntellisenseService] Did not find an active completion session. Please use Verify.IsCompletionListPresent() to make sure that the list is present before requesting the completion session.
    Warning: (40:43.868) [Visual Studio Host (11564):VisualStudioIntellisenseService] No active completion sessions were found for editor 'HtmlPage.html'.
    (40:44.473) [Visual Studio Host (11564):VisualStudioTextEditingActions] Inserting text combine CRLF as single return: '
' at the current caret position: '(Ln: 12, Ch: 23)'
    (40:45.058) [Visual Studio Host (11564):VisualStudioTextEditingActions] Inserting text: '&lt;input type="text"&gt;&lt;br&gt;' at the current caret position: '(Ln: 13, Ch: 17)'
    (40:45.780) [Visual Studio Host (11564):VisualStudioTextEditingActions] Deleting to the end of line of the current caret position, position: '(Ln: 13, Ch: 44)', line: '13'
    (40:46.327) [Visual Studio Host (11564):TextEditorDocumentWindowTestExtension] Showing window 'HtmlPage.html' without activating the window.
    (40:46.879) [Visual Studio Host (11564):TextEditorDocumentWindowTestExtension] Showing window 'HtmlPage.html'.
    (40:47.411) [Visual Studio Host (11564):TextEditorDocumentWindowTestExtension] Showing window 'HtmlPage.html' without activating the window.
    (40:48.038) [Visual Studio Host (11564):TextEditorDocumentWindowTestExtension] Showing window 'HtmlPage.html'.
    (40:48.728) [Visual Studio Host (11564):VisualStudioIntellisenseService] Did not find an active completion session. Please use Verify.IsCompletionListPresent() to make sure that the list is present before requesting the completion session.
    Warning: (40:49.264) [Visual Studio Host (11564):VisualStudioIntellisenseService] No active completion sessions were found for editor 'HtmlPage.html'.
    (40:49.993) [Visual Studio Host (11564):VisualStudioTextEditingActions] Inserting text combine CRLF as single return: '
' at the current caret position: '(Ln: 13, Ch: 44)'
    (40:50.648) [Visual Studio Host (11564):VisualStudioTextEditingActions] Inserting text: 'Date of birth:' at the current caret position: '(Ln: 14, Ch: 17)'
    (40:51.234) [Visual Studio Host (11564):VisualStudioTextEditingActions] Deleting to the end of line of the current caret position, position: '(Ln: 14, Ch: 31)', line: '14'
    (40:51.838) [Visual Studio Host (11564):TextEditorDocumentWindowTestExtension] Showing window 'HtmlPage.html' without activating the window.
    (40:52.390) [Visual Studio Host (11564):TextEditorDocumentWindowTestExtension] Showing window 'HtmlPage.html'.
    (40:52.989) [Visual Studio Host (11564):TextEditorDocumentWindowTestExtension] Showing window 'HtmlPage.html' without activating the window.
    (40:53.619) [Visual Studio Host (11564):TextEditorDocumentWindowTestExtension] Showing window 'HtmlPage.html'.
    (40:54.499) [Visual Studio Host (11564):VisualStudioIntellisenseService] Did not find an active completion session. Please use Verify.IsCompletionListPresent() to make sure that the list is present before requesting the completion session.
    Warning: (40:55.441) [Visual Studio Host (11564):VisualStudioIntellisenseService] No active completion sessions were found for editor 'HtmlPage.html'.
    (40:56.035) [Visual Studio Host (11564):VisualStudioTextEditingActions] Inserting text combine CRLF as single return: '
' at the current caret position: '(Ln: 14, Ch: 31)'
    (40:56.682) [Visual Studio Host (11564):VisualStudioTextEditingActions] Inserting text: '&lt;input type="text"&gt;' at the current caret position: '(Ln: 15, Ch: 17)'
    (40:57.452) [Visual Studio Host (11564):VisualStudioTextEditingActions] Deleting to the end of line of the current caret position, position: '(Ln: 15, Ch: 38)', line: '15'
    (40:58.147) [Visual Studio Host (11564):TextEditorDocumentWindowTestExtension] Showing window 'HtmlPage.html' without activating the window.
    (40:58.798) [Visual Studio Host (11564):TextEditorDocumentWindowTestExtension] Showing window 'HtmlPage.html'.
    (40:59.467) [Visual Studio Host (11564):TextEditorDocumentWindowTestExtension] Showing window 'HtmlPage.html' without activating the window.
    (41:00.130) [Visual Studio Host (11564):TextEditorDocumentWindowTestExtension] Showing window 'HtmlPage.html'.
    (41:00.824) [Visual Studio Host (11564):VisualStudioIntellisenseService] Did not find an active completion session. Please use Verify.IsCompletionListPresent() to make sure that the list is present before requesting the completion session.
    Warning: (41:01.459) [Visual Studio Host (11564):VisualStudioIntellisenseService] No active completion sessions were found for editor 'HtmlPage.html'.
    (41:02.145) [Visual Studio Host (11564):VisualStudioTextEditingActions] Inserting text combine CRLF as single return: '
' at the current caret position: '(Ln: 15, Ch: 38)'
    (41:02.886) [Visual Studio Host (11564):VisualStudioTextEditingActions] Inserting text: '&lt;/fieldset&gt;' at the current caret position: '(Ln: 16, Ch: 13)'
    (41:03.621) [Visual Studio Host (11564):VisualStudioTextEditingActions] Deleting to the end of line of the current caret position, position: '(Ln: 16, Ch: 24)', line: '16'
    (41:04.319) [Visual Studio Host (11564):TextEditorDocumentWindowTestExtension] Showing window 'HtmlPage.html' without activating the window.
    (41:04.919) [Visual Studio Host (11564):TextEditorDocumentWindowTestExtension] Showing window 'HtmlPage.html'.
    (41:05.475) [Visual Studio Host (11564):TextEditorDocumentWindowTestExtension] Showing window 'HtmlPage.html' without activating the window.
    (41:06.120) [Visual Studio Host (11564):TextEditorDocumentWindowTestExtension] Showing window 'HtmlPage.html'.
    (41:06.748) [Visual Studio Host (11564):VisualStudioIntellisenseService] Did not find an active completion session. Please use Verify.IsCompletionListPresent() to make sure that the list is present before requesting the completion session.
    Warning: (41:07.372) [Visual Studio Host (11564):VisualStudioIntellisenseService] No active completion sessions were found for editor 'HtmlPage.html'.
    (41:08.015) [Visual Studio Host (11564):VisualStudioTextEditingActions] Inserting text combine CRLF as single return: '
' at the current caret position: '(Ln: 16, Ch: 24)'
    (41:08.683) [Visual Studio Host (11564):VisualStudioTextEditingActions] Inserting text: '&lt;/form&gt;' at the current caret position: '(Ln: 17, Ch: 9)'
    (41:09.452) [Visual Studio Host (11564):VisualStudioTextEditingActions] Deleting to the end of line of the current caret position, position: '(Ln: 17, Ch: 16)', line: '17'
    (41:10.095) [Visual Studio Host (11564):TextEditorDocumentWindowTestExtension] Showing window 'HtmlPage.html' without activating the window.
    (41:10.772) [Visual Studio Host (11564):TextEditorDocumentWindowTestExtension] Showing window 'HtmlPage.html'.
    (41:11.452) [Visual Studio Host (11564):TextEditorDocumentWindowTestExtension] Showing window 'HtmlPage.html' without activating the window.
    (41:11.985) [Visual Studio Host (11564):TextEditorDocumentWindowTestExtension] Showing window 'HtmlPage.html'.
    (41:12.620) [Visual Studio Host (11564):VisualStudioIntellisenseService] Did not find an active completion session. Please use Verify.IsCompletionListPresent() to make sure that the list is present before requesting the completion session.
    Warning: (41:13.113) [Visual Studio Host (11564):VisualStudioIntellisenseService] No active completion sessions were found for editor 'HtmlPage.html'.
    (41:13.612) [Visual Studio Host (11564):VisualStudioTextEditingActions] Inserting text combine CRLF as single return: '
' at the current caret position: '(Ln: 17, Ch: 16)'
    (41:14.201) [Visual Studio Host (11564):VisualStudioTextEditingActions] Inserting text: '' at the current caret position: '(Ln: 18, Ch: 9)'
    (41:14.721) [Visual Studio Host (11564):VisualStudioTextEditingActions] Deleting to the end of line of the current caret position, position: '(Ln: 18, Ch: 9)', line: '18'
    (41:15.305) [Visual Studio Host (11564):TextEditorDocumentWindowTestExtension] Showing window 'HtmlPage.html' without activating the window.
    (41:15.925) [Visual Studio Host (11564):TextEditorDocumentWindowTestExtension] Showing window 'HtmlPage.html'.
    (41:16.549) [Visual Studio Host (11564):TextEditorDocumentWindowTestExtension] Showing window 'HtmlPage.html' without activating the window.
    (41:17.113) [Visual Studio Host (11564):TextEditorDocumentWindowTestExtension] Showing window 'HtmlPage.html'.
    (41:17.724) [Visual Studio Host (11564):VisualStudioIntellisenseService] Did not find an active completion session. Please use Verify.IsCompletionListPresent() to make sure that the list is present before requesting the completion session.
    Warning: (41:18.392) [Visual Studio Host (11564):VisualStudioIntellisenseService] No active completion sessions were found for editor 'HtmlPage.html'.
    (41:18.939) [Visual Studio Host (11564):VisualStudioTextEditingActions] Inserting text combine CRLF as single return: '
' at the current caret position: '(Ln: 18, Ch: 9)'
    (41:19.571) [Visual Studio Host (11564):VisualStudioTextEditingActions] Inserting text: '&lt;figure&gt;' at the current caret position: '(Ln: 19, Ch: 9)'
    (41:20.303) [Visual Studio Host (11564):VisualStudioTextEditingActions] Deleting to the end of line of the current caret position, position: '(Ln: 19, Ch: 17)', line: '19'
    (41:21.016) [Visual Studio Host (11564):TextEditorDocumentWindowTestExtension] Showing window 'HtmlPage.html' without activating the window.
    (41:21.704) [Visual Studio Host (11564):TextEditorDocumentWindowTestExtension] Showing window 'HtmlPage.html'.
    (41:22.346) [Visual Studio Host (11564):TextEditorDocumentWindowTestExtension] Showing window 'HtmlPage.html' without activating the window.
    (41:22.977) [Visual Studio Host (11564):TextEditorDocumentWindowTestExtension] Showing window 'HtmlPage.html'.
    (41:23.579) [Visual Studio Host (11564):VisualStudioIntellisenseService] Did not find an active completion session. Please use Verify.IsCompletionListPresent() to make sure that the list is present before requesting the completion session.
    Warning: (41:24.252) [Visual Studio Host (11564):VisualStudioIntellisenseService] No active completion sessions were found for editor 'HtmlPage.html'.
    (41:24.765) [Visual Studio Host (11564):VisualStudioTextEditingActions] Inserting text combine CRLF as single return: '
' at the current caret position: '(Ln: 19, Ch: 17)'
    (41:25.341) [Visual Studio Host (11564):VisualStudioTextEditingActions] Inserting text: '&lt;img src="img_pulpit.jpg" alt="The Pulpit Rock"' at the current caret position: '(Ln: 20, Ch: 13)'
    (41:26.303) [Visual Studio Host (11564):VisualStudioTextEditingActions] Deleting to the end of line of the current caret position, position: '(Ln: 20, Ch: 60)', line: '20'
    (41:26.984) [Visual Studio Host (11564):TextEditorDocumentWindowTestExtension] Showing window 'HtmlPage.html' without activating the window.
    (41:27.638) [Visual Studio Host (11564):TextEditorDocumentWindowTestExtension] Showing window 'HtmlPage.html'.
    (41:28.279) [Visual Studio Host (11564):TextEditorDocumentWindowTestExtension] Showing window 'HtmlPage.html' without activating the window.
    (41:28.937) [Visual Studio Host (11564):TextEditorDocumentWindowTestExtension] Showing window 'HtmlPage.html'.
    (41:29.545) [Visual Studio Host (11564):VisualStudioIntellisenseService] Getting the active completion at position '(Ln: 20, Ch: 60)'.
    (41:30.119) [Visual Studio Host (11564):VisualStudioCompletionListTestExtension] Dismissing completion session.
    (41:30.690) [Visual Studio Host (11564):VisualStudioTextEditingActions] Inserting text combine CRLF as single return: '
' at the current caret position: '(Ln: 20, Ch: 60)'
    (41:31.358) [Visual Studio Host (11564):VisualStudioTextEditingActions] Inserting text: 'width="304" height="228"&gt;' at the current caret position: '(Ln: 21, Ch: 18)'
    (41:32.232) [Visual Studio Host (11564):VisualStudioTextEditingActions] Deleting to the end of line of the current caret position, position: '(Ln: 21, Ch: 45)', line: '21'
    (41:32.919) [Visual Studio Host (11564):TextEditorDocumentWindowTestExtension] Showing window 'HtmlPage.html' without activating the window.
    (41:33.430) [Visual Studio Host (11564):TextEditorDocumentWindowTestExtension] Showing window 'HtmlPage.html'.
    (41:34.036) [Visual Studio Host (11564):TextEditorDocumentWindowTestExtension] Showing window 'HtmlPage.html' without activating the window.
    (41:34.601) [Visual Studio Host (11564):TextEditorDocumentWindowTestExtension] Showing window 'HtmlPage.html'.
    (41:35.159) [Visual Studio Host (11564):VisualStudioIntellisenseService] Did not find an active completion session. Please use Verify.IsCompletionListPresent() to make sure that the list is present before requesting the completion session.
    Warning: (41:35.679) [Visual Studio Host (11564):VisualStudioIntellisenseService] No active completion sessions were found for editor 'HtmlPage.html'.
    (41:36.268) [Visual Studio Host (11564):VisualStudioTextEditingActions] Inserting text combine CRLF as single return: '
' at the current caret position: '(Ln: 21, Ch: 45)'
    (41:36.988) [Visual Studio Host (11564):VisualStudioTextEditingActions] Inserting text: '&lt;figcaption&gt;Fig1. - A view of the pulpit rock in Norway.&lt;/figcaption&gt;' at the current caret position: '(Ln: 22, Ch: 13)'
    (41:37.997) [Visual Studio Host (11564):VisualStudioTextEditingActions] Deleting to the end of line of the current caret position, position: '(Ln: 22, Ch: 82)', line: '22'
    (41:38.653) [Visual Studio Host (11564):TextEditorDocumentWindowTestExtension] Showing window 'HtmlPage.html' without activating the window.
    (41:39.251) [Visual Studio Host (11564):TextEditorDocumentWindowTestExtension] Showing window 'HtmlPage.html'.
    (41:39.986) [Visual Studio Host (11564):TextEditorDocumentWindowTestExtension] Showing window 'HtmlPage.html' without activating the window.
    (41:40.587) [Visual Studio Host (11564):TextEditorDocumentWindowTestExtension] Showing window 'HtmlPage.html'.
    (41:41.208) [Visual Studio Host (11564):VisualStudioIntellisenseService] Did not find an active completion session. Please use Verify.IsCompletionListPresent() to make sure that the list is present before requesting the completion session.
    Warning: (41:41.749) [Visual Studio Host (11564):VisualStudioIntellisenseService] No active completion sessions were found for editor 'HtmlPage.html'.
    (41:42.341) [Visual Studio Host (11564):VisualStudioTextEditingActions] Inserting text combine CRLF as single return: '
' at the current caret position: '(Ln: 22, Ch: 82)'
    (41:43.076) [Visual Studio Host (11564):VisualStudioTextEditingActions] Inserting text: '&lt;/figure&gt;' at the current caret position: '(Ln: 23, Ch: 9)'
    (41:43.640) [Visual Studio Host (11564):VisualStudioTextEditingActions] Deleting to the end of line of the current caret position, position: '(Ln: 23, Ch: 18)', line: '23'
    (41:44.160) [Visual Studio Host (11564):TextEditorDocumentWindowTestExtension] Showing window 'HtmlPage.html' without activating the window.
    (41:44.807) [Visual Studio Host (11564):TextEditorDocumentWindowTestExtension] Showing window 'HtmlPage.html'.
    (41:45.372) [Visual Studio Host (11564):TextEditorDocumentWindowTestExtension] Showing window 'HtmlPage.html' without activating the window.
    (41:45.923) [Visual Studio Host (11564):TextEditorDocumentWindowTestExtension] Showing window 'HtmlPage.html'.
    (41:46.563) [Visual Studio Host (11564):VisualStudioIntellisenseService] Did not find an active completion session. Please use Verify.IsCompletionListPresent() to make sure that the list is present before requesting the completion session.
    Warning: (41:47.127) [Visual Studio Host (11564):VisualStudioIntellisenseService] No active completion sessions were found for editor 'HtmlPage.html'.
    (41:47.857) [Visual Studio Host (11564):VisualStudioTextEditingActions] Inserting text combine CRLF as single return: '
' at the current caret position: '(Ln: 23, Ch: 18)'
    (41:48.446) [Visual Studio Host (11564):VisualStudioTextEditingActions] Inserting text: '&lt;footer&gt;' at the current caret position: '(Ln: 24, Ch: 9)'
    (41:49.153) [Visual Studio Host (11564):VisualStudioTextEditingActions] Deleting to the end of line of the current caret position, position: '(Ln: 24, Ch: 17)', line: '24'
    (41:49.813) [Visual Studio Host (11564):TextEditorDocumentWindowTestExtension] Showing window 'HtmlPage.html' without activating the window.
    (41:50.408) [Visual Studio Host (11564):TextEditorDocumentWindowTestExtension] Showing window 'HtmlPage.html'.
    (41:51.073) [Visual Studio Host (11564):TextEditorDocumentWindowTestExtension] Showing window 'HtmlPage.html' without activating the window.
    (41:51.734) [Visual Studio Host (11564):TextEditorDocumentWindowTestExtension] Showing window 'HtmlPage.html'.
    (41:52.495) [Visual Studio Host (11564):VisualStudioIntellisenseService] Did not find an active completion session. Please use Verify.IsCompletionListPresent() to make sure that the list is present before requesting the completion session.
    Warning: (41:53.082) [Visual Studio Host (11564):VisualStudioIntellisenseService] No active completion sessions were found for editor 'HtmlPage.html'.
    (41:53.774) [Visual Studio Host (11564):VisualStudioTextEditingActions] Inserting text combine CRLF as single return: '
' at the current caret position: '(Ln: 24, Ch: 17)'
    (41:54.646) [Visual Studio Host (11564):VisualStudioTextEditingActions] Inserting text: '&lt;p&gt;Posted by: Hege Refsnes&lt;/p&gt;' at the current caret position: '(Ln: 25, Ch: 13)'
    (41:56.281) [Visual Studio Host (11564):VisualStudioTextEditingActions] Deleting to the end of line of the current caret position, position: '(Ln: 25, Ch: 43)', line: '25'
    (41:57.468) [Visual Studio Host (11564):TextEditorDocumentWindowTestExtension] Showing window 'HtmlPage.html' without activating the window.
    (41:58.768) [Visual Studio Host (11564):TextEditorDocumentWindowTestExtension] Showing window 'HtmlPage.html'.
    (41:59.373) [Visual Studio Host (11564):TextEditorDocumentWindowTestExtension] Showing window 'HtmlPage.html' without activating the window.
    (42:00.055) [Visual Studio Host (11564):TextEditorDocumentWindowTestExtension] Showing window 'HtmlPage.html'.
    (42:00.745) [Visual Studio Host (11564):VisualStudioIntellisenseService] Did not find an active completion session. Please use Verify.IsCompletionListPresent() to make sure that the list is present before requesting the completion session.
    Warning: (42:01.548) [Visual Studio Host (11564):VisualStudioIntellisenseService] No active completion sessions were found for editor 'HtmlPage.html'.
    (42:02.234) [Visual Studio Host (11564):VisualStudioTextEditingActions] Inserting text combine CRLF as single return: '
' at the current caret position: '(Ln: 25, Ch: 43)'
    (42:02.936) [Visual Studio Host (11564):VisualStudioTextEditingActions] Inserting text: '&lt;p&gt;&lt;time pubdate datetime="2012-03-01"&gt;&lt;/time&gt;&lt;/p&gt;' at the current caret position: '(Ln: 26, Ch: 13)'
    (42:04.475) [Visual Studio Host (11564):VisualStudioTextEditingActions] Deleting to the end of line of the current caret position, position: '(Ln: 26, Ch: 63)', line: '26'
    (42:05.586) [Visual Studio Host (11564):TextEditorDocumentWindowTestExtension] Showing window 'HtmlPage.html' without activating the window.
    (42:06.740) [Visual Studio Host (11564):TextEditorDocumentWindowTestExtension] Showing window 'HtmlPage.html'.
    (42:07.383) [Visual Studio Host (11564):TextEditorDocumentWindowTestExtension] Showing window 'HtmlPage.html' without activating the window.
    (42:08.078) [Visual Studio Host (11564):TextEditorDocumentWindowTestExtension] Showing window 'HtmlPage.html'.
    (42:08.817) [Visual Studio Host (11564):VisualStudioIntellisenseService] Did not find an active completion session. Please use Verify.IsCompletionListPresent() to make sure that the list is present before requesting the completion session.
    Warning: (42:09.485) [Visual Studio Host (11564):VisualStudioIntellisenseService] No active completion sessions were found for editor 'HtmlPage.html'.
    (42:10.148) [Visual Studio Host (11564):VisualStudioTextEditingActions] Inserting text combine CRLF as single return: '
' at the current caret position: '(Ln: 26, Ch: 63)'
    (42:10.849) [Visual Studio Host (11564):VisualStudioTextEditingActions] Inserting text: '&lt;/footer&gt;' at the current caret position: '(Ln: 27, Ch: 9)'
    (42:11.594) [Visual Studio Host (11564):VisualStudioTextEditingActions] Deleting to the end of line of the current caret position, position: '(Ln: 27, Ch: 18)', line: '27'
    (42:12.177) [Visual Studio Host (11564):TextEditorDocumentWindowTestExtension] Showing window 'HtmlPage.html' without activating the window.
    (42:12.819) [Visual Studio Host (11564):TextEditorDocumentWindowTestExtension] Showing window 'HtmlPage.html'.
    (42:13.408) [Visual Studio Host (11564):TextEditorDocumentWindowTestExtension] Showing window 'HtmlPage.html' without activating the window.
    (42:14.038) [Visual Studio Host (11564):TextEditorDocumentWindowTestExtension] Showing window 'HtmlPage.html'.
    (42:14.590) [Visual Studio Host (11564):VisualStudioIntellisenseService] Did not find an active completion session. Please use Verify.IsCompletionListPresent() to make sure that the list is present before requesting the completion session.
    Warning: (42:15.136) [Visual Studio Host (11564):VisualStudioIntellisenseService] No active completion sessions were found for editor 'HtmlPage.html'.
    (42:15.692) [Visual Studio Host (11564):VisualStudioTextEditingActions] Inserting text combine CRLF as single return: '
' at the current caret position: '(Ln: 27, Ch: 18)'
    (42:16.322) [Visual Studio Host (11564):VisualStudioTextEditingActions] Inserting text: '&lt;h1&gt;This is heading 1&lt;/h1&gt;' at the current caret position: '(Ln: 28, Ch: 9)'
    (42:17.656) [Visual Studio Host (11564):VisualStudioTextEditingActions] Deleting to the end of line of the current caret position, position: '(Ln: 28, Ch: 35)', line: '28'
    (42:18.896) [Visual Studio Host (11564):TextEditorDocumentWindowTestExtension] Showing window 'HtmlPage.html' without activating the window.
    (42:19.954) [Visual Studio Host (11564):TextEditorDocumentWindowTestExtension] Showing window 'HtmlPage.html'.
    (42:20.631) [Visual Studio Host (11564):TextEditorDocumentWindowTestExtension] Showing window 'HtmlPage.html' without activating the window.
    (42:21.313) [Visual Studio Host (11564):TextEditorDocumentWindowTestExtension] Showing window 'HtmlPage.html'.
    (42:21.997) [Visual Studio Host (11564):VisualStudioIntellisenseService] Did not find an active completion session. Please use Verify.IsCompletionListPresent() to make sure that the list is present before requesting the completion session.
    Warning: (42:22.659) [Visual Studio Host (11564):VisualStudioIntellisenseService] No active completion sessions were found for editor 'HtmlPage.html'.
    (42:23.301) [Visual Studio Host (11564):VisualStudioTextEditingActions] Inserting text combine CRLF as single return: '
' at the current caret position: '(Ln: 28, Ch: 35)'
    (42:23.883) [Visual Studio Host (11564):VisualStudioTextEditingActions] Inserting text: '&lt;h2&gt;This is heading 2&lt;/h2&gt;' at the current caret position: '(Ln: 29, Ch: 9)'
    (42:25.160) [Visual Studio Host (11564):VisualStudioTextEditingActions] Deleting to the end of line of the current caret position, position: '(Ln: 29, Ch: 35)', line: '29'
    (42:26.396) [Visual Studio Host (11564):TextEditorDocumentWindowTestExtension] Showing window 'HtmlPage.html' without activating the window.
    (42:27.507) [Visual Studio Host (11564):TextEditorDocumentWindowTestExtension] Showing window 'HtmlPage.html'.
    (42:28.130) [Visual Studio Host (11564):TextEditorDocumentWindowTestExtension] Showing window 'HtmlPage.html' without activating the window.
    (42:28.766) [Visual Studio Host (11564):TextEditorDocumentWindowTestExtension] Showing window 'HtmlPage.html'.
    (42:29.521) [Visual Studio Host (11564):VisualStudioIntellisenseService] Did not find an active completion session. Please use Verify.IsCompletionListPresent() to make sure that the list is present before requesting the completion session.
    Warning: (42:30.139) [Visual Studio Host (11564):VisualStudioIntellisenseService] No active completion sessions were found for editor 'HtmlPage.html'.
    (42:30.751) [Visual Studio Host (11564):VisualStudioTextEditingActions] Inserting text combine CRLF as single return: '
' at the current caret position: '(Ln: 29, Ch: 35)'
    (42:31.401) [Visual Studio Host (11564):VisualStudioTextEditingActions] Inserting text: '&lt;h3&gt;This is heading 3&lt;/h3&gt;' at the current caret position: '(Ln: 30, Ch: 9)'
    (42:32.366) [Visual Studio Host (11564):VisualStudioTextEditingActions] Deleting to the end of line of the current caret position, position: '(Ln: 30, Ch: 35)', line: '30'
    (42:33.050) [Visual Studio Host (11564):TextEditorDocumentWindowTestExtension] Showing window 'HtmlPage.html' without activating the window.
    (42:33.585) [Visual Studio Host (11564):TextEditorDocumentWindowTestExtension] Showing window 'HtmlPage.html'.
    (42:34.194) [Visual Studio Host (11564):TextEditorDocumentWindowTestExtension] Showing window 'HtmlPage.html' without activating the window.
    (42:34.781) [Visual Studio Host (11564):TextEditorDocumentWindowTestExtension] Showing window 'HtmlPage.html'.
    (42:35.445) [Visual Studio Host (11564):VisualStudioIntellisenseService] Did not find an active completion session. Please use Verify.IsCompletionListPresent() to make sure that the list is present before requesting the completion session.
    Warning: (42:36.071) [Visual Studio Host (11564):VisualStudioIntellisenseService] No active completion sessions were found for editor 'HtmlPage.html'.
    (42:36.710) [Visual Studio Host (11564):VisualStudioTextEditingActions] Inserting text combine CRLF as single return: '
' at the current caret position: '(Ln: 30, Ch: 35)'
    (42:37.364) [Visual Studio Host (11564):VisualStudioTextEditingActions] Inserting text: '&lt;hr&gt;' at the current caret position: '(Ln: 31, Ch: 9)'
    (42:38.071) [Visual Studio Host (11564):VisualStudioTextEditingActions] Deleting to the end of line of the current caret position, position: '(Ln: 31, Ch: 15)', line: '31'
    (42:38.684) [Visual Studio Host (11564):TextEditorDocumentWindowTestExtension] Showing window 'HtmlPage.html' without activating the window.
    (42:39.354) [Visual Studio Host (11564):TextEditorDocumentWindowTestExtension] Showing window 'HtmlPage.html'.
    (42:40.032) [Visual Studio Host (11564):TextEditorDocumentWindowTestExtension] Showing window 'HtmlPage.html' without activating the window.
    (42:40.638) [Visual Studio Host (11564):TextEditorDocumentWindowTestExtension] Showing window 'HtmlPage.html'.
    (42:41.238) [Visual Studio Host (11564):VisualStudioIntellisenseService] Did not find an active completion session. Please use Verify.IsCompletionListPresent() to make sure that the list is present before requesting the completion session.
    Warning: (42:41.957) [Visual Studio Host (11564):VisualStudioIntellisenseService] No active completion sessions were found for editor 'HtmlPage.html'.
    (42:42.687) [Visual Studio Host (11564):VisualStudioTextEditingActions] Inserting text combine CRLF as single return: '
' at the current caret position: '(Ln: 31, Ch: 15)'
    (42:43.444) [Visual Studio Host (11564):VisualStudioTextEditingActions] Inserting text: '&lt;h4&gt;This is &lt;i&gt;heading 4&lt;/i&gt;&lt;/h4&gt;' at the current caret position: '(Ln: 32, Ch: 9)'
    (42:44.418) [Visual Studio Host (11564):VisualStudioTextEditingActions] Deleting to the end of line of the current caret position, position: '(Ln: 32, Ch: 42)', line: '32'
    (42:45.001) [Visual Studio Host (11564):TextEditorDocumentWindowTestExtension] Showing window 'HtmlPage.html' without activating the window.
    (42:45.595) [Visual Studio Host (11564):TextEditorDocumentWindowTestExtension] Showing window 'HtmlPage.html'.
    (42:46.308) [Visual Studio Host (11564):TextEditorDocumentWindowTestExtension] Showing window 'HtmlPage.html' without activating the window.
    (42:47.015) [Visual Studio Host (11564):TextEditorDocumentWindowTestExtension] Showing window 'HtmlPage.html'.
    (42:47.649) [Visual Studio Host (11564):VisualStudioIntellisenseService] Did not find an active completion session. Please use Verify.IsCompletionListPresent() to make sure that the list is present before requesting the completion session.
    Warning: (42:48.331) [Visual Studio Host (11564):VisualStudioIntellisenseService] No active completion sessions were found for editor 'HtmlPage.html'.
    (42:49.001) [Visual Studio Host (11564):VisualStudioTextEditingActions] Inserting text combine CRLF as single return: '
' at the current caret position: '(Ln: 32, Ch: 42)'
    (42:49.693) [Visual Studio Host (11564):VisualStudioTextEditingActions] Inserting text: '&lt;h5&gt;This is heading 5&lt;/h5&gt;' at the current caret position: '(Ln: 33, Ch: 9)'
    (42:50.571) [Visual Studio Host (11564):VisualStudioTextEditingActions] Deleting to the end of line of the current caret position, position: '(Ln: 33, Ch: 35)', line: '33'
    (42:51.383) [Visual Studio Host (11564):TextEditorDocumentWindowTestExtension] Showing window 'HtmlPage.html' without activating the window.
    (42:52.043) [Visual Studio Host (11564):TextEditorDocumentWindowTestExtension] Showing window 'HtmlPage.html'.
    (42:52.663) [Visual Studio Host (11564):TextEditorDocumentWindowTestExtension] Showing window 'HtmlPage.html' without activating the window.
    (42:53.236) [Visual Studio Host (11564):TextEditorDocumentWindowTestExtension] Showing window 'HtmlPage.html'.
    (42:53.918) [Visual Studio Host (11564):VisualStudioIntellisenseService] Did not find an active completion session. Please use Verify.IsCompletionListPresent() to make sure that the list is present before requesting the completion session.
    Warning: (42:54.666) [Visual Studio Host (11564):VisualStudioIntellisenseService] No active completion sessions were found for editor 'HtmlPage.html'.
    (42:55.242) [Visual Studio Host (11564):VisualStudioTextEditingActions] Inserting text combine CRLF as single return: '
' at the current caret position: '(Ln: 33, Ch: 35)'
    (42:55.802) [Visual Studio Host (11564):VisualStudioTextEditingActions] Inserting text: '&lt;h6&gt;This is heading 6&lt;/h6&gt;' at the current caret position: '(Ln: 34, Ch: 9)'
    (42:57.034) [Visual Studio Host (11564):VisualStudioTextEditingActions] Deleting to the end of line of the current caret position, position: '(Ln: 34, Ch: 35)', line: '34'
    (42:57.770) [Visual Studio Host (11564):TextEditorDocumentWindowTestExtension] Showing window 'HtmlPage.html' without activating the window.
    (42:58.466) [Visual Studio Host (11564):TextEditorDocumentWindowTestExtension] Showing window 'HtmlPage.html'.
    (42:59.155) [Visual Studio Host (11564):TextEditorDocumentWindowTestExtension] Showing window 'HtmlPage.html' without activating the window.
    (42:59.817) [Visual Studio Host (11564):TextEditorDocumentWindowTestExtension] Showing window 'HtmlPage.html'.
    (43:00.512) [Visual Studio Host (11564):VisualStudioIntellisenseService] Did not find an active completion session. Please use Verify.IsCompletionListPresent() to make sure that the list is present before requesting the completion session.
    Warning: (43:01.144) [Visual Studio Host (11564):VisualStudioIntellisenseService] No active completion sessions were found for editor 'HtmlPage.html'.
    (43:01.814) [Visual Studio Host (11564):VisualStudioTextEditingActions] Inserting text combine CRLF as single return: '
' at the current caret position: '(Ln: 34, Ch: 35)'
    (43:02.547) [Visual Studio Host (11564):VisualStudioTextEditingActions] Inserting text: '&lt;hgroup&gt;' at the current caret position: '(Ln: 35, Ch: 9)'
    (43:03.369) [Visual Studio Host (11564):VisualStudioTextEditingActions] Deleting to the end of line of the current caret position, position: '(Ln: 35, Ch: 17)', line: '35'
    (43:04.077) [Visual Studio Host (11564):TextEditorDocumentWindowTestExtension] Showing window 'HtmlPage.html' without activating the window.
    (43:04.679) [Visual Studio Host (11564):TextEditorDocumentWindowTestExtension] Showing window 'HtmlPage.html'.
    (43:05.225) [Visual Studio Host (11564):TextEditorDocumentWindowTestExtension] Showing window 'HtmlPage.html' without activating the window.
    (43:05.779) [Visual Studio Host (11564):TextEditorDocumentWindowTestExtension] Showing window 'HtmlPage.html'.
    (43:06.499) [Visual Studio Host (11564):VisualStudioIntellisenseService] Did not find an active completion session. Please use Verify.IsCompletionListPresent() to make sure that the list is present before requesting the completion session.
    Warning: (43:07.327) [Visual Studio Host (11564):VisualStudioIntellisenseService] No active completion sessions were found for editor 'HtmlPage.html'.
    (43:08.056) [Visual Studio Host (11564):VisualStudioTextEditingActions] Inserting text combine CRLF as single return: '
' at the current caret position: '(Ln: 35, Ch: 17)'
    (43:08.683) [Visual Studio Host (11564):VisualStudioTextEditingActions] Inserting text: '&lt;h1&gt;Welcome to my WWF&lt;/h1&gt;' at the current caret position: '(Ln: 36, Ch: 13)'
    (43:10.044) [Visual Studio Host (11564):VisualStudioTextEditingActions] Deleting to the end of line of the current caret position, position: '(Ln: 36, Ch: 39)', line: '36'
    (43:11.288) [Visual Studio Host (11564):TextEditorDocumentWindowTestExtension] Showing window 'HtmlPage.html' without activating the window.
    (43:12.501) [Visual Studio Host (11564):TextEditorDocumentWindowTestExtension] Showing window 'HtmlPage.html'.
    (43:13.179) [Visual Studio Host (11564):TextEditorDocumentWindowTestExtension] Showing window 'HtmlPage.html' without activating the window.
    (43:13.747) [Visual Studio Host (11564):TextEditorDocumentWindowTestExtension] Showing window 'HtmlPage.html'.
    (43:14.429) [Visual Studio Host (11564):VisualStudioIntellisenseService] Did not find an active completion session. Please use Verify.IsCompletionListPresent() to make sure that the list is present before requesting the completion session.
    Warning: (43:15.027) [Visual Studio Host (11564):VisualStudioIntellisenseService] No active completion sessions were found for editor 'HtmlPage.html'.
    (43:15.561) [Visual Studio Host (11564):VisualStudioTextEditingActions] Inserting text combine CRLF as single return: '
' at the current caret position: '(Ln: 36, Ch: 39)'
    (43:16.207) [Visual Studio Host (11564):VisualStudioTextEditingActions] Inserting text: '&lt;h2&gt;For a living planet&lt;/h2&gt;' at the current caret position: '(Ln: 37, Ch: 13)'
    (43:17.641) [Visual Studio Host (11564):VisualStudioTextEditingActions] Deleting to the end of line of the current caret position, position: '(Ln: 37, Ch: 41)', line: '37'
    (43:18.920) [Visual Studio Host (11564):TextEditorDocumentWindowTestExtension] Showing window 'HtmlPage.html' without activating the window.
    (43:20.181) [Visual Studio Host (11564):TextEditorDocumentWindowTestExtension] Showing window 'HtmlPage.html'.
    (43:20.834) [Visual Studio Host (11564):TextEditorDocumentWindowTestExtension] Showing window 'HtmlPage.html' without activating the window.
    (43:21.509) [Visual Studio Host (11564):TextEditorDocumentWindowTestExtension] Showing window 'HtmlPage.html'.
    (43:22.154) [Visual Studio Host (11564):VisualStudioIntellisenseService] Did not find an active completion session. Please use Verify.IsCompletionListPresent() to make sure that the list is present before requesting the completion session.
    Warning: (43:22.714) [Visual Studio Host (11564):VisualStudioIntellisenseService] No active completion sessions were found for editor 'HtmlPage.html'.
    (43:23.374) [Visual Studio Host (11564):VisualStudioTextEditingActions] Inserting text combine CRLF as single return: '
' at the current caret position: '(Ln: 37, Ch: 41)'
    (43:23.956) [Visual Studio Host (11564):VisualStudioTextEditingActions] Inserting text: '&lt;/hgroup&gt;' at the current caret position: '(Ln: 38, Ch: 9)'
    (43:24.571) [Visual Studio Host (11564):VisualStudioTextEditingActions] Deleting to the end of line of the current caret position, position: '(Ln: 38, Ch: 18)', line: '38'
    (43:25.110) [Visual Studio Host (11564):TextEditorDocumentWindowTestExtension] Showing window 'HtmlPage.html' without activating the window.
    (43:25.660) [Visual Studio Host (11564):TextEditorDocumentWindowTestExtension] Showing window 'HtmlPage.html'.
    (43:26.368) [Visual Studio Host (11564):TextEditorDocumentWindowTestExtension] Showing window 'HtmlPage.html' without activating the window.
    (43:27.057) [Visual Studio Host (11564):TextEditorDocumentWindowTestExtension] Showing window 'HtmlPage.html'.
    (43:27.743) [Visual Studio Host (11564):VisualStudioIntellisenseService] Did not find an active completion session. Please use Verify.IsCompletionListPresent() to make sure that the list is present before requesting the completion session.
    Warning: (43:28.425) [Visual Studio Host (11564):VisualStudioIntellisenseService] No active completion sessions were found for editor 'HtmlPage.html'.
    (43:29.051) [Visual Studio Host (11564):VisualStudioTextEditingActions] Inserting text combine CRLF as single return: '
' at the current caret position: '(Ln: 38, Ch: 18)'
    (43:29.682) [Visual Studio Host (11564):TextEditorDocumentWindowTestExtension] Showing window 'HtmlPage.html' without activating the window.
    (43:30.370) [Visual Studio Host (11564):TextEditorDocumentWindowTestExtension] Showing window 'HtmlPage.html'.
    + ExternalProcessHostTest TestCleanup
        (43:31.674) [Visual Studio Host (11564):TextEditorDocumentWindowTestExtension] Closing window 'HtmlPage.html'.
        (43:32.382) [Platform:Testcase] Test 'VSTest_TypingTags_Form_to_Hgroup' has 'Passed' outcome. Therefore, Apex will not shut down the 'Visual Studio Host (11564)' with process ID '11564'. A subsequent test scenario will run on the same instance of the host.
    + Final Test Result Verification
        (43:34.031) [Platform:DelayedAssertionVerifierSink] Verification Success: 0 verification steps failed.
    + ApexTest TestCleanup</StdOut>
      </Output>
      <ResultFiles>
        <ResultFile path="WNVM19648\Fail.azqsczivabnm.png" />
        <ResultFile path="WNVM19648\Fail.ig2gsfz5ad1y.png" />
        <ResultFile path="WNVM19648\Fail.o5zf0zepaw0l.png" />
        <ResultFile path="WNVM19648\OmniLog.html" />
        <ResultFile path="WNVM19648\OmniLogRawXml.xml" />
      </ResultFiles>
    </UnitTestResult>
    <UnitTestResult executionId="f8fa5d98-4968-40e9-8e48-8217db56c45a" testId="006aba4d-2514-0e65-3668-0e01283f0007" testName="VSTest_CssAttributeCompletion_ClassName_Aspx" computerName="WNVM19648" duration="00:00:03.2886120" startTime="2018-04-17T00:29:06.7275901-07:00" endTime="2018-04-17T00:29:10.0162021-07:00" testType="13cdc9d9-ddb5-4fa4-a97d-d965ccfc6d4b" outcome="Passed" testListId="8c84fa94-04c1-424b-9868-57a2d4851a1d" relativeResultsDirectory="f8fa5d98-4968-40e9-8e48-8217db56c45a">
      <Output>
        <StdOut>+ CssAttributeTests::VSTest_CssAttributeCompletion_ClassName_Aspx
    + ApexTest TestInitialize
    + ExternalProcessHostTest TestInitialize
        (30:48.108) [Visual Studio Host (11564):RoamingSettingsService] Disabling roaming settings.
        (30:48.164) [Visual Studio Host (11564):SettingsService] Setting Visual Studio option 'Environment\RoamingSettings\RoamingEnabled' to 'False'.
        (30:48.574) [Visual Studio Host (11564):TextEditorDocumentWindowTestExtension] Showing window 'classname.aspx' without activating the window.
        (30:48.688) [Visual Studio Host (11564):TextEditorDocumentWindowTestExtension] Showing window 'classname.aspx'.
        (30:48.792) [Visual Studio Host (11564):VisualStudioTextEditorTestExtension] Setting keyboard focus to editor 'classname.aspx'.
        (30:48.859) [Visual Studio Host (11564):MainWindowService] Activating main window to bring it to the foreground.
        (30:48.935) [Visual Studio Host (11564):MainWindowService] Setting main window state to 'Maximized'.
    (30:49.073) [Visual Studio Host (11564):TextEditorDocumentWindowTestExtension] Showing window 'classname.aspx' without activating the window.
    (30:49.284) [Visual Studio Host (11564):TextEditorDocumentWindowTestExtension] Showing window 'classname.aspx'.
    (30:49.391) [Visual Studio Host (11564):VisualStudioCaretTestExtension] Moving the caret to '' at (Ln: 21, Ch: 9) based on a regular expression.  Expression = "&lt;div()&gt;" [group index '1', match index '1', options 'Singleline, CultureInvariant']
    (30:49.502) [Visual Studio Host (11564):TextEditorDocumentWindowTestExtension] Showing window 'classname.aspx' without activating the window.
    (30:49.578) [Visual Studio Host (11564):TextEditorDocumentWindowTestExtension] Showing window 'classname.aspx'.
    (30:49.658) [Visual Studio Host (11564):VisualStudioTextEditingActions] Inserting text: ' class="' at the current caret position: '(Ln: 21, Ch: 9)'
    (30:49.844) [Visual Studio Host (11564):TextEditorDocumentWindowTestExtension] Showing window 'classname.aspx' without activating the window.
    (30:49.984) [Visual Studio Host (11564):TextEditorDocumentWindowTestExtension] Showing window 'classname.aspx'.
    (30:50.087) [Visual Studio Host (11564):VisualStudioIntellisenseService] Getting the active completion at position '(Ln: 21, Ch: 17)'.
    (30:50.167) [Visual Studio Host (11564):VisualStudioCompletionListTestExtension] Found completion item with name 
    (30:50.231) [Visual Studio Host (11564):VisualStudioCompletionListTestExtension] Found completion item with name 
    (30:50.293) [Visual Studio Host (11564):VisualStudioCompletionListTestExtension] Found completion item with name 
    (30:50.349) [Visual Studio Host (11564):VisualStudioCompletionListTestExtension] Found completion item with name 
    + ExternalProcessHostTest TestCleanup
        (30:50.477) [Visual Studio Host (11564):TextEditorDocumentWindowTestExtension] Closing window 'classname.aspx'.
        (30:50.668) [Platform:Testcase] Test 'VSTest_CssAttributeCompletion_ClassName_Aspx' has 'Passed' outcome. Therefore, Apex will not shut down the 'Visual Studio Host (11564)' with process ID '11564'. A subsequent test scenario will run on the same instance of the host.
    + Final Test Result Verification
        (30:50.864) [Platform:DelayedAssertionVerifierSink] Verification Success: 0 verification steps failed.
    + ApexTest TestCleanup</StdOut>
      </Output>
      <ResultFiles>
        <ResultFile path="WNVM19648\Fail.azqsczivabnm.png" />
        <ResultFile path="WNVM19648\Fail.ig2gsfz5ad1y.png" />
        <ResultFile path="WNVM19648\Fail.o5zf0zepaw0l.png" />
        <ResultFile path="WNVM19648\OmniLog.html" />
        <ResultFile path="WNVM19648\OmniLogRawXml.xml" />
      </ResultFiles>
    </UnitTestResult>
    <UnitTestResult executionId="bca970c1-9106-4f0f-8996-5ba3efffb892" testId="8ca27f9c-b2cc-04ed-d3a9-b0fc8d1c5879" testName="VSTest_Validate_HtmlOpenValidFilesWithOldSchemas" computerName="WNVM19648" duration="00:00:20.8993274" startTime="2018-04-17T00:47:18.5850317-07:00" endTime="2018-04-17T00:47:39.4843591-07:00" testType="13cdc9d9-ddb5-4fa4-a97d-d965ccfc6d4b" outcome="Passed" testListId="8c84fa94-04c1-424b-9868-57a2d4851a1d" relativeResultsDirectory="bca970c1-9106-4f0f-8996-5ba3efffb892">
      <Output>
        <StdOut>+ ValidationTests::VSTest_Validate_HtmlOpenValidFilesWithOldSchemas
    + ApexTest TestInitialize
    + ExternalProcessHostTest TestInitialize
        (49:00.413) [Visual Studio Host (9888):RoamingSettingsService] Disabling roaming settings.
        (49:00.595) [Visual Studio Host (9888):SettingsService] Setting Visual Studio option 'Environment\RoamingSettings\RoamingEnabled' to 'False'.
        (49:00.834) [Visual Studio Host (9888):MainWindowService] Activating main window to bring it to the foreground.
        (49:01.007) [Visual Studio Host (9888):MainWindowService] Setting main window state to 'Maximized'.
    (49:01.945) [Visual Studio Host (9888):TextEditorDocumentWindowTestExtension] Showing window 'valid-4.htm' without activating the window.
    (49:02.205) [Visual Studio Host (9888):TextEditorDocumentWindowTestExtension] Showing window 'valid-4.htm'.
    (49:02.426) [Visual Studio Host (9888):VisualStudioTextEditorTestExtension] Setting keyboard focus to editor 'valid-4.htm'.
    (49:02.811) [Visual Studio Host (9888):TextEditorDocumentWindowTestExtension] Showing window 'valid-x-tr.htm' without activating the window.
    (49:03.011) [Visual Studio Host (9888):TextEditorDocumentWindowTestExtension] Showing window 'valid-x-tr.htm'.
    (49:03.204) [Visual Studio Host (9888):VisualStudioTextEditorTestExtension] Setting keyboard focus to editor 'valid-x-tr.htm'.
    (49:03.616) [Visual Studio Host (9888):TextEditorDocumentWindowTestExtension] Showing window 'valid-x-fr.htm' without activating the window.
    (49:03.837) [Visual Studio Host (9888):TextEditorDocumentWindowTestExtension] Showing window 'valid-x-fr.htm'.
    (49:04.020) [Visual Studio Host (9888):VisualStudioTextEditorTestExtension] Setting keyboard focus to editor 'valid-x-fr.htm'.
    (49:04.186) [Visual Studio Host (9888):TextEditorDocumentWindowTestExtension] Showing window 'valid-4.htm'.
    (49:04.492) [Visual Studio Host (9888):VisualStudioTextEditorTestExtension] Setting keyboard focus to editor 'valid-4.htm'.
    (49:04.658) [Visual Studio Host (9888):TextEditorDocumentWindowTestExtension] Showing window 'valid-4.htm'.
    (49:05.003) [Visual Studio Host (9888):ToolWindowTestExtension] Showing window 'Error List ...' without activating the window.
    (49:05.505) [Visual Studio Host (9888):ToolWindowTestExtension] Showing window 'Error List ...'.
    (49:05.973) [Visual Studio Host (9888):ToolWindowTestExtension] Showing window 'Error List ...' without activating the window.
    (49:06.167) [Visual Studio Host (9888):ToolWindowTestExtension] Showing window 'Error List ...' without activating the window.
    (49:06.344) [Visual Studio Host (9888):ErrorListService] Showing error list error items.
    (49:06.528) [Visual Studio Host (9888):ToolWindowTestExtension] Showing window 'Error List ...' without activating the window.
    (49:06.704) [Visual Studio Host (9888):ErrorListService] Showing error list message items.
    (49:06.940) [Visual Studio Host (9888):ToolWindowTestExtension] Showing window 'Error List ...' without activating the window.
    (49:07.093) [Visual Studio Host (9888):ErrorListService] Showing error list warning items.
    (49:09.348) [Visual Studio Host (9888):TextEditorDocumentWindowTestExtension] Showing window 'valid-4.htm' without activating the window.
    (49:09.568) [Visual Studio Host (9888):TextEditorDocumentWindowTestExtension] Showing window 'valid-4.htm'.
    (49:09.753) [Visual Studio Host (9888):TextEditorDocumentWindowTestExtension] Showing window 'valid-x-tr.htm'.
    (49:10.033) [Visual Studio Host (9888):VisualStudioTextEditorTestExtension] Setting keyboard focus to editor 'valid-x-tr.htm'.
    (49:10.193) [Visual Studio Host (9888):TextEditorDocumentWindowTestExtension] Showing window 'valid-x-tr.htm'.
    (49:10.353) [Visual Studio Host (9888):ToolWindowTestExtension] Showing window 'Error List ...' without activating the window.
    (49:10.500) [Visual Studio Host (9888):ToolWindowTestExtension] Showing window 'Error List ...' without activating the window.
    (49:10.639) [Visual Studio Host (9888):ErrorListService] Showing error list error items.
    (49:10.779) [Visual Studio Host (9888):ToolWindowTestExtension] Showing window 'Error List ...' without activating the window.
    (49:10.899) [Visual Studio Host (9888):ErrorListService] Showing error list message items.
    (49:11.035) [Visual Studio Host (9888):ToolWindowTestExtension] Showing window 'Error List ...' without activating the window.
    (49:11.188) [Visual Studio Host (9888):ErrorListService] Showing error list warning items.
    (49:13.431) [Visual Studio Host (9888):TextEditorDocumentWindowTestExtension] Showing window 'valid-x-tr.htm' without activating the window.
    (49:13.613) [Visual Studio Host (9888):TextEditorDocumentWindowTestExtension] Showing window 'valid-x-tr.htm'.
    (49:13.787) [Visual Studio Host (9888):TextEditorDocumentWindowTestExtension] Showing window 'valid-x-fr.htm'.
    (49:14.079) [Visual Studio Host (9888):VisualStudioTextEditorTestExtension] Setting keyboard focus to editor 'valid-x-fr.htm'.
    (49:14.283) [Visual Studio Host (9888):EditorsResourceStringService] Fetched resource value as regular expression: []
    (49:14.422) [Visual Studio Host (9888):TextEditorDocumentWindowTestExtension] Showing window 'valid-x-fr.htm'.
    (49:14.597) [Visual Studio Host (9888):ToolWindowTestExtension] Showing window 'Error List ...' without activating the window.
    (49:14.743) [Visual Studio Host (9888):ToolWindowTestExtension] Showing window 'Error List ...' without activating the window.
    (49:14.917) [Visual Studio Host (9888):ErrorListService] Showing error list error items.
    (49:15.087) [Visual Studio Host (9888):ToolWindowTestExtension] Showing window 'Error List ...' without activating the window.
    (49:15.246) [Visual Studio Host (9888):ErrorListService] Showing error list message items.
    (49:15.378) [Visual Studio Host (9888):ToolWindowTestExtension] Showing window 'Error List ...' without activating the window.
    (49:15.566) [Visual Studio Host (9888):ErrorListService] Showing error list warning items.
    (49:17.787) [Visual Studio Host (9888):TextEditorDocumentWindowTestExtension] Showing window 'valid-x-fr.htm' without activating the window.
    (49:17.959) [Visual Studio Host (9888):TextEditorDocumentWindowTestExtension] Showing window 'valid-x-fr.htm'.
    (49:18.163) [Visual Studio Host (9888):TextEditorDocumentWindowTestExtension] Closing window 'valid-x-fr.htm'.
    (49:18.486) [Visual Studio Host (9888):TextEditorDocumentWindowTestExtension] Closing window 'valid-x-tr.htm'.
    (49:18.804) [Visual Studio Host (9888):TextEditorDocumentWindowTestExtension] Closing window 'valid-4.htm'.
    + ExternalProcessHostTest TestCleanup
        (49:19.314) [Platform:Testcase] Test 'VSTest_Validate_HtmlOpenValidFilesWithOldSchemas' has 'Passed' outcome. Therefore, Apex will not shut down the 'Visual Studio Host (9888)' with process ID '9888'. A subsequent test scenario will run on the same instance of the host.
    + Final Test Result Verification
        (49:19.874) [Platform:DelayedAssertionVerifierSink] Verification Success: 0 verification steps failed.
    + ApexTest TestCleanup</StdOut>
      </Output>
      <ResultFiles>
        <ResultFile path="WNVM19648\Fail.azqsczivabnm.png" />
        <ResultFile path="WNVM19648\Fail.ig2gsfz5ad1y.png" />
        <ResultFile path="WNVM19648\Fail.o5zf0zepaw0l.png" />
        <ResultFile path="WNVM19648\Fail.z10rn0n5ajdm.png" />
        <ResultFile path="WNVM19648\OmniLog.html" />
        <ResultFile path="WNVM19648\OmniLogRawXml.xml" />
      </ResultFiles>
    </UnitTestResult>
    <UnitTestResult executionId="e5f409ba-5384-4881-b9ef-459e8dc045d1" testId="acb5a186-e5c3-9b89-d375-c9fe789b54d3" testName="VSTest_TypingTags_JavaScriptEvents" computerName="WNVM19648" duration="00:01:29.9855786" startTime="2018-04-17T00:43:47.9887635-07:00" endTime="2018-04-17T00:45:17.9743421-07:00" testType="13cdc9d9-ddb5-4fa4-a97d-d965ccfc6d4b" outcome="Passed" testListId="8c84fa94-04c1-424b-9868-57a2d4851a1d" relativeResultsDirectory="e5f409ba-5384-4881-b9ef-459e8dc045d1">
      <Output>
        <StdOut>+ TypingTests::VSTest_TypingTags_JavaScriptEvents
    + ApexTest TestInitialize
    + ExternalProcessHostTest TestInitialize
        (45:33.293) [Visual Studio Host (11564):RoamingSettingsService] Disabling roaming settings.
        (45:34.007) [Visual Studio Host (11564):SettingsService] Setting Visual Studio option 'Environment\RoamingSettings\RoamingEnabled' to 'False'.
        (45:35.005) [Visual Studio Host (11564):TextEditorDocumentWindowTestExtension] Showing window 'HtmlPage.html' without activating the window.
        (45:35.569) [Visual Studio Host (11564):TextEditorDocumentWindowTestExtension] Showing window 'HtmlPage.html'.
        (45:35.663) [Visual Studio Host (11564):VisualStudioTextEditorTestExtension] Setting keyboard focus to editor 'HtmlPage.html'.
        (45:35.732) [Visual Studio Host (11564):MainWindowService] Activating main window to bring it to the foreground.
        (45:35.789) [Visual Studio Host (11564):MainWindowService] Setting main window state to 'Maximized'.
    (45:35.942) [Visual Studio Host (11564):TextEditorDocumentWindowTestExtension] Showing window 'HtmlPage.html' without activating the window.
    (45:36.021) [Visual Studio Host (11564):TextEditorDocumentWindowTestExtension] Showing window 'HtmlPage.html'.
    (45:36.111) [Visual Studio Host (11564):VisualStudioCaretTestExtension] Moving the caret to '&lt;body&gt;' at (Ln: 6, Ch: 5) based on a regular expression.  Expression = "&lt;body&gt;" [group index '0', match index '1', options 'Singleline, CultureInvariant']
    (45:36.902) [Visual Studio Host (11564):VisualStudioCaretTestExtension] Moving the caret from (Ln: 6, Ch: 5) down '1' lines
    (45:37.752) [Visual Studio Host (11564):VisualStudioTextEditorTestExtension] Setting keyboard focus to editor 'HtmlPage.html'.
    (45:38.630) [Visual Studio Host (11564):VisualStudioCaretTestExtension] Moving the caret from (Ln: 7, Ch: 5) to the end of the line
    (45:38.698) [Visual Studio Host (11564):VisualStudioTextEditorTestExtension] Setting keyboard focus to editor 'HtmlPage.html'.
    (45:38.770) [Visual Studio Host (11564):VisualStudioTextEditingActions] Inserting text: '&lt;div id="div1" ondrop="drop(event)"' at the current caret position: '(Ln: 7, Ch: 9)'
    (45:39.182) [Visual Studio Host (11564):VisualStudioTextEditingActions] Deleting to the end of line of the current caret position, position: '(Ln: 7, Ch: 44)', line: '7'
    (45:39.281) [Visual Studio Host (11564):TextEditorDocumentWindowTestExtension] Showing window 'HtmlPage.html' without activating the window.
    (45:39.377) [Visual Studio Host (11564):TextEditorDocumentWindowTestExtension] Showing window 'HtmlPage.html'.
    (45:39.482) [Visual Studio Host (11564):TextEditorDocumentWindowTestExtension] Showing window 'HtmlPage.html' without activating the window.
    (45:39.558) [Visual Studio Host (11564):TextEditorDocumentWindowTestExtension] Showing window 'HtmlPage.html'.
    (45:39.653) [Visual Studio Host (11564):VisualStudioIntellisenseService] Did not find an active completion session. Please use Verify.IsCompletionListPresent() to make sure that the list is present before requesting the completion session.
    Warning: (45:39.739) [Visual Studio Host (11564):VisualStudioIntellisenseService] No active completion sessions were found for editor 'HtmlPage.html'.
    (45:39.830) [Visual Studio Host (11564):VisualStudioTextEditingActions] Inserting text combine CRLF as single return: '
' at the current caret position: '(Ln: 7, Ch: 44)'
    (45:40.585) [Visual Studio Host (11564):VisualStudioTextEditingActions] Inserting text: 'ondragover="allowDrop(event)"&gt;&lt;/div&gt;' at the current caret position: '(Ln: 8, Ch: 14)'
    (45:41.809) [Visual Studio Host (11564):VisualStudioTextEditingActions] Deleting to the end of line of the current caret position, position: '(Ln: 8, Ch: 50)', line: '8'
    (45:42.579) [Visual Studio Host (11564):TextEditorDocumentWindowTestExtension] Showing window 'HtmlPage.html' without activating the window.
    (45:43.303) [Visual Studio Host (11564):TextEditorDocumentWindowTestExtension] Showing window 'HtmlPage.html'.
    (45:44.002) [Visual Studio Host (11564):TextEditorDocumentWindowTestExtension] Showing window 'HtmlPage.html' without activating the window.
    (45:44.753) [Visual Studio Host (11564):TextEditorDocumentWindowTestExtension] Showing window 'HtmlPage.html'.
    (45:45.413) [Visual Studio Host (11564):VisualStudioIntellisenseService] Did not find an active completion session. Please use Verify.IsCompletionListPresent() to make sure that the list is present before requesting the completion session.
    Warning: (45:46.085) [Visual Studio Host (11564):VisualStudioIntellisenseService] No active completion sessions were found for editor 'HtmlPage.html'.
    (45:46.814) [Visual Studio Host (11564):VisualStudioTextEditingActions] Inserting text combine CRLF as single return: '
' at the current caret position: '(Ln: 8, Ch: 50)'
    (45:47.496) [Visual Studio Host (11564):VisualStudioTextEditingActions] Inserting text: '' at the current caret position: '(Ln: 9, Ch: 9)'
    (45:48.236) [Visual Studio Host (11564):VisualStudioTextEditingActions] Deleting to the end of line of the current caret position, position: '(Ln: 9, Ch: 9)', line: '9'
    (45:49.002) [Visual Studio Host (11564):TextEditorDocumentWindowTestExtension] Showing window 'HtmlPage.html' without activating the window.
    (45:49.719) [Visual Studio Host (11564):TextEditorDocumentWindowTestExtension] Showing window 'HtmlPage.html'.
    (45:50.437) [Visual Studio Host (11564):TextEditorDocumentWindowTestExtension] Showing window 'HtmlPage.html' without activating the window.
    (45:51.157) [Visual Studio Host (11564):TextEditorDocumentWindowTestExtension] Showing window 'HtmlPage.html'.
    (45:51.905) [Visual Studio Host (11564):VisualStudioIntellisenseService] Did not find an active completion session. Please use Verify.IsCompletionListPresent() to make sure that the list is present before requesting the completion session.
    Warning: (45:52.624) [Visual Studio Host (11564):VisualStudioIntellisenseService] No active completion sessions were found for editor 'HtmlPage.html'.
    (45:53.301) [Visual Studio Host (11564):VisualStudioTextEditingActions] Inserting text combine CRLF as single return: '
' at the current caret position: '(Ln: 9, Ch: 9)'
    (45:54.018) [Visual Studio Host (11564):VisualStudioTextEditingActions] Inserting text: '&lt;img id="drag1" src="img_logo.gif" draggable="true"' at the current caret position: '(Ln: 10, Ch: 9)'
    (45:55.422) [Visual Studio Host (11564):VisualStudioTextEditingActions] Deleting to the end of line of the current caret position, position: '(Ln: 10, Ch: 60)', line: '10'
    (45:56.131) [Visual Studio Host (11564):TextEditorDocumentWindowTestExtension] Showing window 'HtmlPage.html' without activating the window.
    (45:56.837) [Visual Studio Host (11564):TextEditorDocumentWindowTestExtension] Showing window 'HtmlPage.html'.
    (45:57.558) [Visual Studio Host (11564):TextEditorDocumentWindowTestExtension] Showing window 'HtmlPage.html' without activating the window.
    (45:58.280) [Visual Studio Host (11564):TextEditorDocumentWindowTestExtension] Showing window 'HtmlPage.html'.
    (45:58.996) [Visual Studio Host (11564):VisualStudioIntellisenseService] Did not find an active completion session. Please use Verify.IsCompletionListPresent() to make sure that the list is present before requesting the completion session.
    Warning: (45:59.685) [Visual Studio Host (11564):VisualStudioIntellisenseService] No active completion sessions were found for editor 'HtmlPage.html'.
    (46:00.400) [Visual Studio Host (11564):VisualStudioTextEditingActions] Inserting text combine CRLF as single return: '
' at the current caret position: '(Ln: 10, Ch: 60)'
    (46:01.139) [Visual Studio Host (11564):VisualStudioTextEditingActions] Inserting text: 'ondragstart="drag(event)" width="336" height="69"&gt;' at the current caret position: '(Ln: 11, Ch: 14)'
    (46:02.373) [Visual Studio Host (11564):VisualStudioTextEditingActions] Deleting to the end of line of the current caret position, position: '(Ln: 11, Ch: 66)', line: '11'
    (46:03.110) [Visual Studio Host (11564):TextEditorDocumentWindowTestExtension] Showing window 'HtmlPage.html' without activating the window.
    (46:03.793) [Visual Studio Host (11564):TextEditorDocumentWindowTestExtension] Showing window 'HtmlPage.html'.
    (46:04.509) [Visual Studio Host (11564):TextEditorDocumentWindowTestExtension] Showing window 'HtmlPage.html' without activating the window.
    (46:05.175) [Visual Studio Host (11564):TextEditorDocumentWindowTestExtension] Showing window 'HtmlPage.html'.
    (46:06.000) [Visual Studio Host (11564):VisualStudioIntellisenseService] Did not find an active completion session. Please use Verify.IsCompletionListPresent() to make sure that the list is present before requesting the completion session.
    Warning: (46:06.763) [Visual Studio Host (11564):VisualStudioIntellisenseService] No active completion sessions were found for editor 'HtmlPage.html'.
    (46:07.522) [Visual Studio Host (11564):VisualStudioTextEditingActions] Inserting text combine CRLF as single return: '
' at the current caret position: '(Ln: 11, Ch: 66)'
    (46:08.255) [Visual Studio Host (11564):VisualStudioTextEditingActions] Inserting text: '' at the current caret position: '(Ln: 12, Ch: 9)'
    (46:08.979) [Visual Studio Host (11564):VisualStudioTextEditingActions] Deleting to the end of line of the current caret position, position: '(Ln: 12, Ch: 9)', line: '12'
    (46:09.661) [Visual Studio Host (11564):TextEditorDocumentWindowTestExtension] Showing window 'HtmlPage.html' without activating the window.
    (46:10.363) [Visual Studio Host (11564):TextEditorDocumentWindowTestExtension] Showing window 'HtmlPage.html'.
    (46:11.106) [Visual Studio Host (11564):TextEditorDocumentWindowTestExtension] Showing window 'HtmlPage.html' without activating the window.
    (46:11.834) [Visual Studio Host (11564):TextEditorDocumentWindowTestExtension] Showing window 'HtmlPage.html'.
    (46:12.547) [Visual Studio Host (11564):VisualStudioIntellisenseService] Did not find an active completion session. Please use Verify.IsCompletionListPresent() to make sure that the list is present before requesting the completion session.
    Warning: (46:13.195) [Visual Studio Host (11564):VisualStudioIntellisenseService] No active completion sessions were found for editor 'HtmlPage.html'.
    (46:13.918) [Visual Studio Host (11564):VisualStudioTextEditingActions] Inserting text combine CRLF as single return: '
' at the current caret position: '(Ln: 12, Ch: 9)'
    (46:14.532) [Visual Studio Host (11564):VisualStudioTextEditingActions] Inserting text: '&lt;p contextmenu="supermenu"&gt;This paragraph has a context menu called "supermenu" attached.&lt;/p&gt;' at the current caret position: '(Ln: 13, Ch: 9)'
    (46:15.641) [Visual Studio Host (11564):VisualStudioTextEditingActions] Deleting to the end of line of the current caret position, position: '(Ln: 13, Ch: 102)', line: '13'
    (46:16.467) [Visual Studio Host (11564):TextEditorDocumentWindowTestExtension] Showing window 'HtmlPage.html' without activating the window.
    (46:17.216) [Visual Studio Host (11564):TextEditorDocumentWindowTestExtension] Showing window 'HtmlPage.html'.
    (46:17.903) [Visual Studio Host (11564):TextEditorDocumentWindowTestExtension] Showing window 'HtmlPage.html' without activating the window.
    (46:18.602) [Visual Studio Host (11564):TextEditorDocumentWindowTestExtension] Showing window 'HtmlPage.html'.
    (46:19.291) [Visual Studio Host (11564):VisualStudioIntellisenseService] Did not find an active completion session. Please use Verify.IsCompletionListPresent() to make sure that the list is present before requesting the completion session.
    Warning: (46:20.010) [Visual Studio Host (11564):VisualStudioIntellisenseService] No active completion sessions were found for editor 'HtmlPage.html'.
    (46:20.676) [Visual Studio Host (11564):VisualStudioTextEditingActions] Inserting text combine CRLF as single return: '
' at the current caret position: '(Ln: 13, Ch: 102)'
    (46:21.405) [Visual Studio Host (11564):VisualStudioTextEditingActions] Inserting text: '&lt;menu id="supermenu"&gt;' at the current caret position: '(Ln: 14, Ch: 9)'
    (46:22.355) [Visual Studio Host (11564):VisualStudioTextEditingActions] Deleting to the end of line of the current caret position, position: '(Ln: 14, Ch: 30)', line: '14'
    (46:23.118) [Visual Studio Host (11564):TextEditorDocumentWindowTestExtension] Showing window 'HtmlPage.html' without activating the window.
    (46:23.883) [Visual Studio Host (11564):TextEditorDocumentWindowTestExtension] Showing window 'HtmlPage.html'.
    (46:24.602) [Visual Studio Host (11564):TextEditorDocumentWindowTestExtension] Showing window 'HtmlPage.html' without activating the window.
    (46:25.189) [Visual Studio Host (11564):TextEditorDocumentWindowTestExtension] Showing window 'HtmlPage.html'.
    (46:25.751) [Visual Studio Host (11564):VisualStudioIntellisenseService] Did not find an active completion session. Please use Verify.IsCompletionListPresent() to make sure that the list is present before requesting the completion session.
    Warning: (46:26.394) [Visual Studio Host (11564):VisualStudioIntellisenseService] No active completion sessions were found for editor 'HtmlPage.html'.
    (46:27.169) [Visual Studio Host (11564):VisualStudioTextEditingActions] Inserting text combine CRLF as single return: '
' at the current caret position: '(Ln: 14, Ch: 30)'
    (46:27.897) [Visual Studio Host (11564):VisualStudioTextEditingActions] Inserting text: '&lt;command label="Step 1: Write Tutorial" onclick="doSomething()"/&gt;' at the current caret position: '(Ln: 15, Ch: 13)'
    (46:29.385) [Visual Studio Host (11564):VisualStudioTextEditingActions] Deleting to the end of line of the current caret position, position: '(Ln: 15, Ch: 78)', line: '15'
    (46:30.188) [Visual Studio Host (11564):TextEditorDocumentWindowTestExtension] Showing window 'HtmlPage.html' without activating the window.
    (46:30.958) [Visual Studio Host (11564):TextEditorDocumentWindowTestExtension] Showing window 'HtmlPage.html'.
    (46:31.709) [Visual Studio Host (11564):TextEditorDocumentWindowTestExtension] Showing window 'HtmlPage.html' without activating the window.
    (46:32.396) [Visual Studio Host (11564):TextEditorDocumentWindowTestExtension] Showing window 'HtmlPage.html'.
    (46:33.171) [Visual Studio Host (11564):VisualStudioIntellisenseService] Did not find an active completion session. Please use Verify.IsCompletionListPresent() to make sure that the list is present before requesting the completion session.
    Warning: (46:33.887) [Visual Studio Host (11564):VisualStudioIntellisenseService] No active completion sessions were found for editor 'HtmlPage.html'.
    (46:34.607) [Visual Studio Host (11564):VisualStudioTextEditingActions] Inserting text combine CRLF as single return: '
' at the current caret position: '(Ln: 15, Ch: 78)'
    (46:35.191) [Visual Studio Host (11564):VisualStudioTextEditingActions] Inserting text: '&lt;command label="Step 2: Edit Tutorial" onclick="doSomethingElse()"&gt;' at the current caret position: '(Ln: 16, Ch: 13)'
    (46:36.496) [Visual Studio Host (11564):VisualStudioTextEditingActions] Deleting to the end of line of the current caret position, position: '(Ln: 16, Ch: 82)', line: '16'
    (46:37.259) [Visual Studio Host (11564):TextEditorDocumentWindowTestExtension] Showing window 'HtmlPage.html' without activating the window.
    (46:37.970) [Visual Studio Host (11564):TextEditorDocumentWindowTestExtension] Showing window 'HtmlPage.html'.
    (46:38.788) [Visual Studio Host (11564):TextEditorDocumentWindowTestExtension] Showing window 'HtmlPage.html' without activating the window.
    (46:39.530) [Visual Studio Host (11564):TextEditorDocumentWindowTestExtension] Showing window 'HtmlPage.html'.
    (46:40.336) [Visual Studio Host (11564):VisualStudioIntellisenseService] Did not find an active completion session. Please use Verify.IsCompletionListPresent() to make sure that the list is present before requesting the completion session.
    Warning: (46:41.129) [Visual Studio Host (11564):VisualStudioIntellisenseService] No active completion sessions were found for editor 'HtmlPage.html'.
    (46:41.902) [Visual Studio Host (11564):VisualStudioTextEditingActions] Inserting text combine CRLF as single return: '
' at the current caret position: '(Ln: 16, Ch: 82)'
    (46:42.741) [Visual Studio Host (11564):VisualStudioTextEditingActions] Inserting text: '&lt;/menu&gt;' at the current caret position: '(Ln: 17, Ch: 9)'
    (46:43.697) [Visual Studio Host (11564):VisualStudioTextEditingActions] Deleting to the end of line of the current caret position, position: '(Ln: 17, Ch: 16)', line: '17'
    (46:44.453) [Visual Studio Host (11564):TextEditorDocumentWindowTestExtension] Showing window 'HtmlPage.html' without activating the window.
    (46:45.096) [Visual Studio Host (11564):TextEditorDocumentWindowTestExtension] Showing window 'HtmlPage.html'.
    (46:45.753) [Visual Studio Host (11564):TextEditorDocumentWindowTestExtension] Showing window 'HtmlPage.html' without activating the window.
    (46:46.438) [Visual Studio Host (11564):TextEditorDocumentWindowTestExtension] Showing window 'HtmlPage.html'.
    (46:47.193) [Visual Studio Host (11564):VisualStudioIntellisenseService] Did not find an active completion session. Please use Verify.IsCompletionListPresent() to make sure that the list is present before requesting the completion session.
    Warning: (46:47.943) [Visual Studio Host (11564):VisualStudioIntellisenseService] No active completion sessions were found for editor 'HtmlPage.html'.
    (46:48.678) [Visual Studio Host (11564):VisualStudioTextEditingActions] Inserting text combine CRLF as single return: '
' at the current caret position: '(Ln: 17, Ch: 16)'
    (46:49.481) [Visual Studio Host (11564):TextEditorDocumentWindowTestExtension] Showing window 'HtmlPage.html' without activating the window.
    (46:50.196) [Visual Studio Host (11564):TextEditorDocumentWindowTestExtension] Showing window 'HtmlPage.html'.
    + ExternalProcessHostTest TestCleanup
        (46:51.658) [Visual Studio Host (11564):TextEditorDocumentWindowTestExtension] Closing window 'HtmlPage.html'.
        (46:52.572) [Platform:Testcase] Test 'VSTest_TypingTags_JavaScriptEvents' has 'Passed' outcome. Therefore, Apex will not shut down the 'Visual Studio Host (11564)' with process ID '11564'. A subsequent test scenario will run on the same instance of the host.
    + Final Test Result Verification
        (46:55.115) [Platform:DelayedAssertionVerifierSink] Verification Success: 0 verification steps failed.
    + ApexTest TestCleanup</StdOut>
      </Output>
      <ResultFiles>
        <ResultFile path="WNVM19648\Fail.azqsczivabnm.png" />
        <ResultFile path="WNVM19648\Fail.ig2gsfz5ad1y.png" />
        <ResultFile path="WNVM19648\Fail.o5zf0zepaw0l.png" />
        <ResultFile path="WNVM19648\OmniLog.html" />
        <ResultFile path="WNVM19648\OmniLogRawXml.xml" />
      </ResultFiles>
    </UnitTestResult>
    <UnitTestResult executionId="2a155652-29c6-4394-94a9-9d9de48a46d4" testId="fe602192-e222-cf98-fff9-cfbc0ee3f724" testName="VSTest_Completion_AngularAttribute" computerName="WNVM19648" duration="00:00:04.0683277" startTime="2018-04-17T00:15:50.8241279-07:00" endTime="2018-04-17T00:15:54.8924556-07:00" testType="13cdc9d9-ddb5-4fa4-a97d-d965ccfc6d4b" outcome="Passed" testListId="8c84fa94-04c1-424b-9868-57a2d4851a1d" relativeResultsDirectory="2a155652-29c6-4394-94a9-9d9de48a46d4">
      <Output>
        <StdOut>+ CompletionTests::VSTest_Completion_AngularAttribute
    + ApexTest TestInitialize
    + ExternalProcessHostTest TestInitialize
        (17:32.161) [Visual Studio Host (6956):RoamingSettingsService] Disabling roaming settings.
        (17:32.213) [Visual Studio Host (6956):SettingsService] Setting Visual Studio option 'Environment\RoamingSettings\RoamingEnabled' to 'False'.
        (17:32.498) [Visual Studio Host (6956):TextEditorDocumentWindowTestExtension] Showing window 'Completion.html' without activating the window.
        (17:32.578) [Visual Studio Host (6956):TextEditorDocumentWindowTestExtension] Showing window 'Completion.html'.
        (17:32.669) [Visual Studio Host (6956):VisualStudioTextEditorTestExtension] Setting keyboard focus to editor 'Completion.html'.
        (17:32.734) [Visual Studio Host (6956):MainWindowService] Activating main window to bring it to the foreground.
        (17:32.862) [Visual Studio Host (6956):MainWindowService] Setting main window state to 'Maximized'.
    (17:32.973) [Visual Studio Host (6956):TextEditorDocumentWindowTestExtension] Showing window 'Completion.html' without activating the window.
    (17:33.020) [Visual Studio Host (6956):TextEditorDocumentWindowTestExtension] Showing window 'Completion.html'.
    (17:33.076) [Visual Studio Host (6956):VisualStudioCaretTestExtension] Moving the caret to '&lt;body&gt;' at (Ln: 13, Ch: 1) based on a regular expression.  Expression = "&lt;body&gt;" [group index '0', match index '1', options 'Singleline, CultureInvariant']
    (17:33.138) [Visual Studio Host (6956):TextEditorDocumentWindowTestExtension] Showing window 'Completion.html' without activating the window.
    (17:33.203) [Visual Studio Host (6956):TextEditorDocumentWindowTestExtension] Showing window 'Completion.html'.
    (17:33.282) [Visual Studio Host (6956):VisualStudioCaretTestExtension] Moving the caret from (Ln: 13, Ch: 1) down '1' lines
    (17:33.324) [Visual Studio Host (6956):VisualStudioTextEditorTestExtension] Setting keyboard focus to editor 'Completion.html'.
    (17:33.396) [Visual Studio Host (6956):TextEditorDocumentWindowTestExtension] Showing window 'Completion.html' without activating the window.
    (17:33.456) [Visual Studio Host (6956):TextEditorDocumentWindowTestExtension] Showing window 'Completion.html'.
    (17:33.516) [Visual Studio Host (6956):VisualStudioTextEditingActions] Inserting text combine CRLF as single return: '&lt;div ng-' at the current caret position: '(Ln: 14, Ch: 1)'
    (17:33.728) [Visual Studio Host (6956):TextEditorDocumentWindowTestExtension] Showing window 'Completion.html' without activating the window.
    (17:33.878) [Visual Studio Host (6956):TextEditorDocumentWindowTestExtension] Showing window 'Completion.html'.
    (17:33.941) [Visual Studio Host (6956):VisualStudioIntellisenseService] Getting the active completion at position '(Ln: 14, Ch: 9)'.
    (17:34.019) [Visual Studio Host (6956):VisualStudioCompletionListTestExtension] Found completion item with name 
    (17:34.099) [Visual Studio Host (6956):TextEditorDocumentWindowTestExtension] Showing window 'Completion.html' without activating the window.
    (17:34.146) [Visual Studio Host (6956):TextEditorDocumentWindowTestExtension] Showing window 'Completion.html'.
    (17:34.207) [Visual Studio Host (6956):VisualStudioTextEditingActions] Deleting to the beginning of line of the current caret position, position: '(Ln: 14, Ch: 9)', line: '14'
    (17:34.287) [Visual Studio Host (6956):TextEditorDocumentWindowTestExtension] Showing window 'Completion.html' without activating the window.
    (17:34.334) [Visual Studio Host (6956):TextEditorDocumentWindowTestExtension] Showing window 'Completion.html'.
    (17:34.393) [Visual Studio Host (6956):VisualStudioTextEditingActions] Deleting to the end of line of the current caret position, position: '(Ln: 14, Ch: 1)', line: '14'
    (17:34.452) [Visual Studio Host (6956):TextEditorDocumentWindowTestExtension] Showing window 'Completion.html' without activating the window.
    (17:34.512) [Visual Studio Host (6956):TextEditorDocumentWindowTestExtension] Showing window 'Completion.html'.
    (17:34.574) [Visual Studio Host (6956):VisualStudioTextEditingActions] Inserting text combine CRLF as single return: '&lt;button ng-' at the current caret position: '(Ln: 14, Ch: 1)'
    (17:34.797) [Visual Studio Host (6956):TextEditorDocumentWindowTestExtension] Showing window 'Completion.html' without activating the window.
    (17:34.896) [Visual Studio Host (6956):TextEditorDocumentWindowTestExtension] Showing window 'Completion.html'.
    (17:35.010) [Visual Studio Host (6956):VisualStudioIntellisenseService] Getting the active completion at position '(Ln: 14, Ch: 12)'.
    (17:35.064) [Visual Studio Host (6956):VisualStudioCompletionListTestExtension] Found completion item with name 
    + ExternalProcessHostTest TestCleanup
        (17:35.195) [Visual Studio Host (6956):TextEditorDocumentWindowTestExtension] Closing window 'Completion.html'.
        (17:35.468) [Platform:Testcase] Test 'VSTest_Completion_AngularAttribute' has 'Passed' outcome. Therefore, Apex will not shut down the 'Visual Studio Host (6956)' with process ID '6956'. A subsequent test scenario will run on the same instance of the host.
    + Final Test Result Verification
        (17:35.695) [Platform:DelayedAssertionVerifierSink] Verification Success: 0 verification steps failed.
    + ApexTest TestCleanup</StdOut>
      </Output>
      <ResultFiles>
        <ResultFile path="WNVM19648\Fail.azqsczivabnm.png" />
        <ResultFile path="WNVM19648\Fail.ig2gsfz5ad1y.png" />
        <ResultFile path="WNVM19648\Fail.o5zf0zepaw0l.png" />
        <ResultFile path="WNVM19648\OmniLog.html" />
        <ResultFile path="WNVM19648\OmniLogRawXml.xml" />
      </ResultFiles>
    </UnitTestResult>
    <UnitTestResult executionId="410739d8-f8e4-4905-961a-eef558b9ce1a" testId="6b8ecd0b-ecd4-6074-ce14-cabaef035712" testName="VSTest_JSON_SuggestedActions_NPM_UninstallBehavior" computerName="WNVM19648" startTime="2018-04-17T01:54:51.1053372-07:00" endTime="2018-04-17T01:54:51.1053372-07:00" testType="13cdc9d9-ddb5-4fa4-a97d-d965ccfc6d4b" outcome="NotExecuted" testListId="8c84fa94-04c1-424b-9868-57a2d4851a1d" relativeResultsDirectory="410739d8-f8e4-4905-961a-eef558b9ce1a">
      <Output>
      </Output>
    </UnitTestResult>
    <UnitTestResult executionId="3251ad0d-adfa-459f-a270-86ab1e21a22b" testId="729fa675-215f-6797-334c-9daac0eac5f4" testName="VSTest_RazorTypeHelperInCshtml" computerName="WNVM19648" duration="00:00:24.0341261" startTime="2018-04-17T01:08:44.1430139-07:00" endTime="2018-04-17T01:09:08.1771400-07:00" testType="13cdc9d9-ddb5-4fa4-a97d-d965ccfc6d4b" outcome="Passed" testListId="8c84fa94-04c1-424b-9868-57a2d4851a1d" relativeResultsDirectory="3251ad0d-adfa-459f-a270-86ab1e21a22b">
      <Output>
        <StdOut>+ CSharpGeneralTests::VSTest_RazorTypeHelperInCshtml
    + ApexTest TestInitialize
    + ExternalProcessHostTest TestInitialize
        (01:10:25.879) [Visual Studio Host (4384):RoamingSettingsService] Disabling roaming settings.
        (01:10:26.024) [Visual Studio Host (4384):SettingsService] Setting Visual Studio option 'Environment\RoamingSettings\RoamingEnabled' to 'False'.
        (01:10:26.375) [Visual Studio Host (4384):TextEditorDocumentWindowTestExtension] Showing window 'empty.cshtml' without activating the window.
        (01:10:26.542) [Visual Studio Host (4384):TextEditorDocumentWindowTestExtension] Showing window 'empty.cshtml'.
        (01:10:26.726) [Visual Studio Host (4384):VisualStudioTextEditorTestExtension] Setting keyboard focus to editor 'empty.cshtml'.
        (01:10:26.902) [Visual Studio Host (4384):SettingsService] Getting value of Visual Studio Setting 'TextEditor\HTMLX\BraceCompletion'. 
        (01:10:27.064) [Visual Studio Host (4384):SettingsService] Setting Visual Studio option 'TextEditor\HTMLX\BraceCompletion' to 'False'.
        (01:10:27.267) [Visual Studio Host (4384):MainWindowService] Activating main window to bring it to the foreground.
        (01:10:27.495) [Visual Studio Host (4384):MainWindowService] Setting main window state to 'Maximized'.
    (01:10:27.858) [Visual Studio Host (4384):TextEditorDocumentWindowTestExtension] Showing window 'empty.cshtml' without activating the window.
    (01:10:28.041) [Visual Studio Host (4384):TextEditorDocumentWindowTestExtension] Showing window 'empty.cshtml'.
    (01:10:28.233) [Visual Studio Host (4384):VisualStudioTextEditingActions] Inserting text: '@' at the current caret position: '(Ln: 1, Ch: 1)'
    (01:10:28.697) [Visual Studio Host (4384):TextEditorDocumentWindowTestExtension] Showing window 'empty.cshtml' without activating the window.
    (01:10:28.869) [Visual Studio Host (4384):TextEditorDocumentWindowTestExtension] Showing window 'empty.cshtml'.
    (01:10:29.067) [Visual Studio Host (4384):VisualStudioTextEditingActions] Inserting text: 'help' at the current caret position: '(Ln: 1, Ch: 2)'
    (01:10:29.286) [Visual Studio Host (4384):TextEditorDocumentWindowTestExtension] Showing window 'empty.cshtml' without activating the window.
    (01:10:29.500) [Visual Studio Host (4384):TextEditorDocumentWindowTestExtension] Showing window 'empty.cshtml'.
    (01:10:29.715) [Visual Studio Host (4384):VisualStudioIntellisenseService] Getting the active completion at position '(Ln: 1, Ch: 6)'.
    (01:10:29.935) [Visual Studio Host (4384):VisualStudioCompletionListTestExtension] Found completion item with name 
    (01:10:30.108) [Visual Studio Host (4384):VisualStudioIntellisenseService] Getting the active completion at position '(Ln: 1, Ch: 6)'.
    (01:10:30.289) [Visual Studio Host (4384):VisualStudioCompletionListTestExtension] Found completion item with name 
    (01:10:30.481) [Visual Studio Host (4384):TextEditorDocumentWindowTestExtension] Showing window 'empty.cshtml' without activating the window.
    (01:10:30.656) [Visual Studio Host (4384):TextEditorDocumentWindowTestExtension] Showing window 'empty.cshtml'.
    (01:10:30.860) [Visual Studio Host (4384):VisualStudioTextEditingActions] Inserting text: 'er' at the current caret position: '(Ln: 1, Ch: 6)'
    (01:10:31.083) [Visual Studio Host (4384):TextEditorDocumentWindowTestExtension] Showing window 'empty.cshtml' without activating the window.
    (01:10:31.268) [Visual Studio Host (4384):TextEditorDocumentWindowTestExtension] Showing window 'empty.cshtml'.
    (01:10:31.465) [Visual Studio Host (4384):VisualStudioIntellisenseService] Did not find an active completion session. Please use Verify.IsCompletionListPresent() to make sure that the list is present before requesting the completion session.
    Warning: (01:10:31.654) [Visual Studio Host (4384):VisualStudioIntellisenseService] No active completion sessions were found for editor 'empty.cshtml'.
    (01:10:31.806) [Visual Studio Host (4384):TextEditorDocumentWindowTestExtension] Showing window 'empty.cshtml' without activating the window.
    (01:10:31.948) [Visual Studio Host (4384):TextEditorDocumentWindowTestExtension] Showing window 'empty.cshtml'.
    (01:10:32.139) [Visual Studio Host (4384):VisualStudioTextEditingActions] Inserting text: ' author(string name){' at the current caret position: '(Ln: 1, Ch: 8)'
    (01:10:32.833) [Visual Studio Host (4384):TextEditorDocumentWindowTestExtension] Showing window 'empty.cshtml' without activating the window.
    (01:10:33.017) [Visual Studio Host (4384):TextEditorDocumentWindowTestExtension] Showing window 'empty.cshtml'.
    (01:10:33.251) [Visual Studio Host (4384):VisualStudioTextEditingActions] Inserting text combine CRLF as single return: '
' at the current caret position: '(Ln: 1, Ch: 29)'
    (01:10:34.409) [Visual Studio Host (4384):TextEditorDocumentWindowTestExtension] Showing window 'empty.cshtml' without activating the window.
    (01:10:35.380) [Visual Studio Host (4384):TextEditorDocumentWindowTestExtension] Showing window 'empty.cshtml'.
    (01:10:36.282) [Visual Studio Host (4384):TextEditorDocumentWindowTestExtension] Showing window 'empty.cshtml' without activating the window.
    (01:10:37.365) [Visual Studio Host (4384):TextEditorDocumentWindowTestExtension] Showing window 'empty.cshtml'.
    + ExternalProcessHostTest TestCleanup
        (01:10:39.560) [Visual Studio Host (4384):SettingsService] Setting Visual Studio option 'TextEditor\HTMLX\BraceCompletion' to 'True'.
        (01:10:40.690) [Visual Studio Host (4384):TextEditorDocumentWindowTestExtension] Closing window 'empty.cshtml'.
        (01:10:41.924) [Platform:Testcase] Test 'VSTest_RazorTypeHelperInCshtml' has 'Passed' outcome. Therefore, Apex will not shut down the 'Visual Studio Host (4384)' with process ID '4384'. A subsequent test scenario will run on the same instance of the host.
    + Final Test Result Verification
        (01:10:44.809) [Platform:DelayedAssertionVerifierSink] Verification Success: 0 verification steps failed.
    + ApexTest TestCleanup</StdOut>
      </Output>
      <ResultFiles>
        <ResultFile path="WNVM19648\Fail.azqsczivabnm.png" />
        <ResultFile path="WNVM19648\Fail.ig2gsfz5ad1y.png" />
        <ResultFile path="WNVM19648\Fail.o5zf0zepaw0l.png" />
        <ResultFile path="WNVM19648\Fail.raasvsmeanc1.png" />
        <ResultFile path="WNVM19648\Fail.t4yj0fxuatil.png" />
        <ResultFile path="WNVM19648\Fail.z10rn0n5ajdm.png" />
        <ResultFile path="WNVM19648\OmniLog.html" />
        <ResultFile path="WNVM19648\OmniLogRawXml.xml" />
      </ResultFiles>
    </UnitTestResult>
    <UnitTestResult executionId="5a20d683-f83e-401a-a85e-655fd19acd43" testId="611dfc26-85e1-eb05-d95c-1535adb2151b" testName="VSTest_Completion_Url_CSS_In_Html" computerName="WNVM19648" duration="00:00:04.1825400" startTime="2018-04-17T00:15:26.1160806-07:00" endTime="2018-04-17T00:15:30.2986206-07:00" testType="13cdc9d9-ddb5-4fa4-a97d-d965ccfc6d4b" outcome="Passed" testListId="8c84fa94-04c1-424b-9868-57a2d4851a1d" relativeResultsDirectory="5a20d683-f83e-401a-a85e-655fd19acd43">
      <Output>
        <StdOut>+ CompletionTests::VSTest_Completion_Url_CSS_In_Html
    + ApexTest TestInitialize
    + ExternalProcessHostTest TestInitialize
        (17:07.413) [Visual Studio Host (6956):RoamingSettingsService] Disabling roaming settings.
        (17:07.457) [Visual Studio Host (6956):SettingsService] Setting Visual Studio option 'Environment\RoamingSettings\RoamingEnabled' to 'False'.
        (17:07.704) [Visual Studio Host (6956):TextEditorDocumentWindowTestExtension] Showing window 'default.html' without activating the window.
        (17:07.784) [Visual Studio Host (6956):TextEditorDocumentWindowTestExtension] Showing window 'default.html'.
        (17:07.858) [Visual Studio Host (6956):VisualStudioTextEditorTestExtension] Setting keyboard focus to editor 'default.html'.
        (17:07.910) [Visual Studio Host (6956):MainWindowService] Activating main window to bring it to the foreground.
        (17:07.982) [Visual Studio Host (6956):MainWindowService] Setting main window state to 'Maximized'.
    (17:08.097) [Visual Studio Host (6956):TextEditorDocumentWindowTestExtension] Showing window 'default.html' without activating the window.
    (17:08.146) [Visual Studio Host (6956):TextEditorDocumentWindowTestExtension] Showing window 'default.html'.
    (17:08.214) [Visual Studio Host (6956):VisualStudioCaretTestExtension] Moving the caret to '' at (Ln: 6, Ch: 20) based on a regular expression.  Expression = "&lt;/title&gt;()" [group index '1', match index '1', options 'Singleline, CultureInvariant']
    (17:08.289) [Visual Studio Host (6956):TextEditorDocumentWindowTestExtension] Showing window 'default.html' without activating the window.
    (17:08.375) [Visual Studio Host (6956):TextEditorDocumentWindowTestExtension] Showing window 'default.html'.
    (17:08.459) [Visual Studio Host (6956):KeyboardCommands] Sending the Return key 1 times.
    (17:08.536) [Visual Studio Host (6956):TextEditorDocumentWindowTestExtension] Showing window 'default.html' without activating the window.
    (17:08.596) [Visual Studio Host (6956):TextEditorDocumentWindowTestExtension] Showing window 'default.html'.
    (17:08.709) [Visual Studio Host (6956):TextEditorDocumentWindowTestExtension] Showing window 'default.html' without activating the window.
    (17:08.754) [Visual Studio Host (6956):TextEditorDocumentWindowTestExtension] Showing window 'default.html'.
    (17:08.803) [Visual Studio Host (6956):KeyboardCommands] Sending the Return key 1 times.
    (17:09.178) [Visual Studio Host (6956):TextEditorDocumentWindowTestExtension] Showing window 'default.html' without activating the window.
    (17:09.230) [Visual Studio Host (6956):TextEditorDocumentWindowTestExtension] Showing window 'default.html'.
    (17:09.642) [Visual Studio Host (6956):TextEditorDocumentWindowTestExtension] Showing window 'default.html' without activating the window.
    (17:09.700) [Visual Studio Host (6956):TextEditorDocumentWindowTestExtension] Showing window 'default.html'.
    (17:09.754) [Visual Studio Host (6956):KeyboardCommands] Sending the Return key 1 times.
    (17:09.854) [Visual Studio Host (6956):TextEditorDocumentWindowTestExtension] Showing window 'default.html' without activating the window.
    (17:09.908) [Visual Studio Host (6956):TextEditorDocumentWindowTestExtension] Showing window 'default.html'.
    (17:10.233) [Visual Studio Host (6956):TextEditorDocumentWindowTestExtension] Showing window 'default.html' without activating the window.
    (17:10.370) [Visual Studio Host (6956):TextEditorDocumentWindowTestExtension] Showing window 'default.html'.
    (17:10.437) [Visual Studio Host (6956):VisualStudioIntellisenseService] Getting the active completion at position '(Ln: 9, Ch: 29)'.
    (17:10.511) [Visual Studio Host (6956):VisualStudioCompletionListTestExtension] Found completion item with name 
    (17:10.572) [Visual Studio Host (6956):VisualStudioCompletionListTestExtension] Found completion item with name 
    + ExternalProcessHostTest TestCleanup
        (17:10.681) [Visual Studio Host (6956):TextEditorDocumentWindowTestExtension] Closing window 'default.html'.
        (17:10.963) [Platform:Testcase] Test 'VSTest_Completion_Url_CSS_In_Html' has 'Passed' outcome. Therefore, Apex will not shut down the 'Visual Studio Host (6956)' with process ID '6956'. A subsequent test scenario will run on the same instance of the host.
    + Final Test Result Verification
        (17:11.173) [Platform:DelayedAssertionVerifierSink] Verification Success: 0 verification steps failed.
    + ApexTest TestCleanup</StdOut>
      </Output>
      <ResultFiles>
        <ResultFile path="WNVM19648\Fail.azqsczivabnm.png" />
        <ResultFile path="WNVM19648\Fail.ig2gsfz5ad1y.png" />
        <ResultFile path="WNVM19648\Fail.o5zf0zepaw0l.png" />
        <ResultFile path="WNVM19648\OmniLog.html" />
        <ResultFile path="WNVM19648\OmniLogRawXml.xml" />
      </ResultFiles>
    </UnitTestResult>
    <UnitTestResult executionId="0a6ec6d7-a578-49dc-9f0d-b132ccfefa92" testId="85effcca-543c-a4f0-3d41-6f0bfde4c9dc" testName="VSTest_Less_DiffViewer (Inline)" computerName="WNVM19648" startTime="2018-04-17T02:27:35.6273887-07:00" endTime="2018-04-17T02:27:35.6273887-07:00" testType="13cdc9d9-ddb5-4fa4-a97d-d965ccfc6d4b" outcome="NotExecuted" testListId="8c84fa94-04c1-424b-9868-57a2d4851a1d" relativeResultsDirectory="0a6ec6d7-a578-49dc-9f0d-b132ccfefa92">
      <Output>
      </Output>
    </UnitTestResult>
    <UnitTestResult executionId="e6b60589-26d0-4098-bef4-e0fccf7c2ea7" testId="014dc189-a9f5-1947-ef1c-257be26c0af2" testName="VSTest_FormatInlineElements" computerName="WNVM19648" duration="00:00:02.3541370" startTime="2018-04-17T00:31:09.7393261-07:00" endTime="2018-04-17T00:31:12.0934631-07:00" testType="13cdc9d9-ddb5-4fa4-a97d-d965ccfc6d4b" outcome="Passed" testListId="8c84fa94-04c1-424b-9868-57a2d4851a1d" relativeResultsDirectory="e6b60589-26d0-4098-bef4-e0fccf7c2ea7">
      <Output>
        <StdOut>+ FormatTests::VSTest_FormatInlineElements
    + ApexTest TestInitialize
    + ExternalProcessHostTest TestInitialize
        (32:51.233) [Visual Studio Host (11564):RoamingSettingsService] Disabling roaming settings.
        (32:51.295) [Visual Studio Host (11564):SettingsService] Setting Visual Studio option 'Environment\RoamingSettings\RoamingEnabled' to 'False'.
        (32:51.616) [Visual Studio Host (11564):TextEditorDocumentWindowTestExtension] Showing window 'FormatInlineElements.htm' without activating the window.
        (32:51.725) [Visual Studio Host (11564):TextEditorDocumentWindowTestExtension] Showing window 'FormatInlineElements.htm'.
        (32:51.832) [Visual Studio Host (11564):VisualStudioTextEditorTestExtension] Setting keyboard focus to editor 'FormatInlineElements.htm'.
        (32:51.910) [Visual Studio Host (11564):MainWindowService] Activating main window to bring it to the foreground.
        (32:51.980) [Visual Studio Host (11564):MainWindowService] Setting main window state to 'Maximized'.
    (32:52.150) [Visual Studio Host (11564):TextEditorDocumentWindowTestExtension] Showing window 'FormatInlineElements.htm' without activating the window.
    (32:52.224) [Visual Studio Host (11564):TextEditorDocumentWindowTestExtension] Showing window 'FormatInlineElements.htm'.
    + ExternalProcessHostTest TestCleanup
        (32:52.432) [Visual Studio Host (11564):TextEditorDocumentWindowTestExtension] Closing window 'FormatInlineElements.htm'.
        (32:52.627) [Platform:Testcase] Test 'VSTest_FormatInlineElements' has 'Passed' outcome. Therefore, Apex will not shut down the 'Visual Studio Host (11564)' with process ID '11564'. A subsequent test scenario will run on the same instance of the host.
    + Final Test Result Verification
        (32:52.844) [Platform:DelayedAssertionVerifierSink] Verification Success: 0 verification steps failed.
    + ApexTest TestCleanup</StdOut>
      </Output>
      <ResultFiles>
        <ResultFile path="WNVM19648\Fail.azqsczivabnm.png" />
        <ResultFile path="WNVM19648\Fail.ig2gsfz5ad1y.png" />
        <ResultFile path="WNVM19648\Fail.o5zf0zepaw0l.png" />
        <ResultFile path="WNVM19648\OmniLog.html" />
        <ResultFile path="WNVM19648\OmniLogRawXml.xml" />
      </ResultFiles>
    </UnitTestResult>
    <UnitTestResult executionId="4a7b3a55-15a6-425f-a6b5-0f45012249a8" testId="bc517ced-1d70-c0b8-0d99-4d00847931a9" testName="VSTest_RazorVb_FormatDocument_WithIndentSizeOption" computerName="WNVM19648" duration="00:00:05.1782873" startTime="2018-04-17T01:01:38.3172994-07:00" endTime="2018-04-17T01:01:43.4955867-07:00" testType="13cdc9d9-ddb5-4fa4-a97d-d965ccfc6d4b" outcome="Passed" testListId="8c84fa94-04c1-424b-9868-57a2d4851a1d" relativeResultsDirectory="4a7b3a55-15a6-425f-a6b5-0f45012249a8">
      <Output>
        <StdOut>+ VBFormattingTests::VSTest_RazorVb_FormatDocument_WithIndentSizeOption
    + ApexTest TestInitialize
    + ExternalProcessHostTest TestInitialize
        (01:03:19.983) [Visual Studio Host (4384):RoamingSettingsService] Disabling roaming settings.
        (01:03:20.186) [Visual Studio Host (4384):SettingsService] Setting Visual Studio option 'Environment\RoamingSettings\RoamingEnabled' to 'False'.
        (01:03:20.655) [Visual Studio Host (4384):TextEditorDocumentWindowTestExtension] Showing window 'FormatVbDocument.vbhtml' without activating the window.
        (01:03:20.804) [Visual Studio Host (4384):TextEditorDocumentWindowTestExtension] Showing window 'FormatVbDocument.vbhtml'.
        (01:03:20.966) [Visual Studio Host (4384):VisualStudioTextEditorTestExtension] Setting keyboard focus to editor 'FormatVbDocument.vbhtml'.
        (01:03:21.111) [Visual Studio Host (4384):SettingsService] Getting value of Visual Studio Setting 'TextEditor\HTMLX\IndentSize'. 
        (01:03:21.242) [Visual Studio Host (4384):SettingsService] Setting Visual Studio option 'TextEditor\HTMLX\IndentSize' to '8'.
        (01:03:21.402) [Visual Studio Host (4384):MainWindowService] Activating main window to bring it to the foreground.
        (01:03:21.621) [Visual Studio Host (4384):MainWindowService] Setting main window state to 'Maximized'.
    (01:03:22.242) [Visual Studio Host (4384):TextEditorDocumentWindowTestExtension] Showing window 'FormatVbDocument.vbhtml' without activating the window.
    (01:03:22.417) [Visual Studio Host (4384):TextEditorDocumentWindowTestExtension] Showing window 'FormatVbDocument.vbhtml'.
    + ExternalProcessHostTest TestCleanup
        (01:03:22.783) [Visual Studio Host (4384):SettingsService] Setting Visual Studio option 'TextEditor\HTMLX\IndentSize' to '4'.
        (01:03:23.063) [Visual Studio Host (4384):TextEditorDocumentWindowTestExtension] Closing window 'FormatVbDocument.vbhtml'.
        (01:03:23.330) [Platform:Testcase] Test 'VSTest_RazorVb_FormatDocument_WithIndentSizeOption' has 'Passed' outcome. Therefore, Apex will not shut down the 'Visual Studio Host (4384)' with process ID '4384'. A subsequent test scenario will run on the same instance of the host.
    + Final Test Result Verification
        (01:03:23.867) [Platform:DelayedAssertionVerifierSink] Verification Success: 0 verification steps failed.
    + ApexTest TestCleanup</StdOut>
      </Output>
      <ResultFiles>
        <ResultFile path="WNVM19648\Fail.azqsczivabnm.png" />
        <ResultFile path="WNVM19648\Fail.ig2gsfz5ad1y.png" />
        <ResultFile path="WNVM19648\Fail.o5zf0zepaw0l.png" />
        <ResultFile path="WNVM19648\Fail.raasvsmeanc1.png" />
        <ResultFile path="WNVM19648\Fail.t4yj0fxuatil.png" />
        <ResultFile path="WNVM19648\Fail.z10rn0n5ajdm.png" />
        <ResultFile path="WNVM19648\OmniLog.html" />
        <ResultFile path="WNVM19648\OmniLogRawXml.xml" />
      </ResultFiles>
    </UnitTestResult>
    <UnitTestResult executionId="22aa8cbf-66b4-406d-b1d8-dd2e398a7d03" testId="9b110d5c-6be5-e4b4-35c8-8889e8c2983c" testName="VSTest_JSON_ProjectJSON_Completion_PackageSources_MyGet" computerName="WNVM19648" startTime="2018-04-17T00:53:55.8211995-07:00" endTime="2018-04-17T00:53:55.8211995-07:00" testType="13cdc9d9-ddb5-4fa4-a97d-d965ccfc6d4b" outcome="NotExecuted" testListId="8c84fa94-04c1-424b-9868-57a2d4851a1d" relativeResultsDirectory="22aa8cbf-66b4-406d-b1d8-dd2e398a7d03">
      <Output>
        <ErrorInfo>
          <Message>Assert.Inconclusive failed. Required component ID "Microsoft.VisualStudio.Workload.Universal" (UWP Workload) was not installed.  Please install this component and rerun the test.</Message>
        </ErrorInfo>
      </Output>
    </UnitTestResult>
    <UnitTestResult executionId="517d9bc2-a4a9-477e-9446-6ad3f6ae237c" testId="5f1e6f89-6893-767f-e30f-93909c849f96" testName="VSTest_RazorV4PasteTextInCshtml" computerName="WNVM19648" duration="00:00:04.3422578" startTime="2018-04-17T01:10:03.2010416-07:00" endTime="2018-04-17T01:10:07.5432994-07:00" testType="13cdc9d9-ddb5-4fa4-a97d-d965ccfc6d4b" outcome="Passed" testListId="8c84fa94-04c1-424b-9868-57a2d4851a1d" relativeResultsDirectory="517d9bc2-a4a9-477e-9446-6ad3f6ae237c">
      <Output>
        <StdOut>+ CSharpGeneralTests::VSTest_RazorV4PasteTextInCshtml
    + ApexTest TestInitialize
    + ExternalProcessHostTest TestInitialize
        (01:11:44.914) [Visual Studio Host (4384):RoamingSettingsService] Disabling roaming settings.
        (01:11:45.039) [Visual Studio Host (4384):SettingsService] Setting Visual Studio option 'Environment\RoamingSettings\RoamingEnabled' to 'False'.
        (01:11:45.400) [Visual Studio Host (4384):TextEditorDocumentWindowTestExtension] Showing window 'empty.cshtml' without activating the window.
        (01:11:45.562) [Visual Studio Host (4384):TextEditorDocumentWindowTestExtension] Showing window 'empty.cshtml'.
        (01:11:45.790) [Visual Studio Host (4384):VisualStudioTextEditorTestExtension] Setting keyboard focus to editor 'empty.cshtml'.
        (01:11:45.919) [Visual Studio Host (4384):MainWindowService] Activating main window to bring it to the foreground.
        (01:11:46.051) [Visual Studio Host (4384):MainWindowService] Setting main window state to 'Maximized'.
    (01:11:46.534) [Visual Studio Host (4384):TextEditorDocumentWindowTestExtension] Showing window 'empty.cshtml' without activating the window.
    (01:11:46.696) [Visual Studio Host (4384):TextEditorDocumentWindowTestExtension] Showing window 'empty.cshtml'.
    (01:11:46.861) [Visual Studio Host (4384):TextEditorDocumentWindowTestExtension] Showing window 'empty.cshtml' without activating the window.
    (01:11:47.030) [Visual Studio Host (4384):TextEditorDocumentWindowTestExtension] Showing window 'empty.cshtml'.
    + ExternalProcessHostTest TestCleanup
        (01:11:47.362) [Visual Studio Host (4384):TextEditorDocumentWindowTestExtension] Closing window 'empty.cshtml'.
        (01:11:47.574) [Platform:Testcase] Test 'VSTest_RazorV4PasteTextInCshtml' has 'Passed' outcome. Therefore, Apex will not shut down the 'Visual Studio Host (4384)' with process ID '4384'. A subsequent test scenario will run on the same instance of the host.
    + Final Test Result Verification
        (01:11:47.982) [Platform:DelayedAssertionVerifierSink] Verification Success: 0 verification steps failed.
    + ApexTest TestCleanup</StdOut>
      </Output>
      <ResultFiles>
        <ResultFile path="WNVM19648\Fail.azqsczivabnm.png" />
        <ResultFile path="WNVM19648\Fail.ig2gsfz5ad1y.png" />
        <ResultFile path="WNVM19648\Fail.o5zf0zepaw0l.png" />
        <ResultFile path="WNVM19648\Fail.raasvsmeanc1.png" />
        <ResultFile path="WNVM19648\Fail.t4yj0fxuatil.png" />
        <ResultFile path="WNVM19648\Fail.z10rn0n5ajdm.png" />
        <ResultFile path="WNVM19648\OmniLog.html" />
        <ResultFile path="WNVM19648\OmniLogRawXml.xml" />
      </ResultFiles>
    </UnitTestResult>
    <UnitTestResult executionId="72f53a47-d8c8-4866-a9a1-8ac99eec60fa" testId="b9c98973-7b4f-e6c1-7696-f821043a1c5c" testName="VSTest_TypingTags_Iframe_to_Link" computerName="WNVM19648" duration="00:00:01.1489732" startTime="2018-04-17T00:41:55.7545205-07:00" endTime="2018-04-17T00:41:56.9034937-07:00" testType="13cdc9d9-ddb5-4fa4-a97d-d965ccfc6d4b" outcome="Failed" testListId="8c84fa94-04c1-424b-9868-57a2d4851a1d" relativeResultsDirectory="72f53a47-d8c8-4866-a9a1-8ac99eec60fa">
      <Output>
        <StdOut>+ TypingTests::VSTest_TypingTags_Iframe_to_Link
    + ApexTest TestInitialize</StdOut>
        <ErrorInfo>
          <Message>Initialization method Microsoft.Test.Apex.ExternalProcessHostTest`2[[Microsoft.Test.Apex.VisualStudio.VisualStudioHostConfiguration, Microsoft.Test.Apex.VisualStudio, Version=15.0.0.0, Culture=neutral, PublicKeyToken=b03f5f7f11d50a3a],[Microsoft.Test.Apex.VisualStudio.VisualStudioHost, Microsoft.Test.Apex.VisualStudio, Version=15.0.0.0, Culture=neutral, PublicKeyToken=b03f5f7f11d50a3a]].TestInitialize threw exception. System.IO.IOException: The process cannot access the file 'C:\school\OmniLog.html' because it is being used by another process.</Message>
          <StackTrace>   at System.IO.__Error.WinIOError(Int32 errorCode, String maybeFullPath)
   at System.IO.FileStream.Init(String path, FileMode mode, FileAccess access, Int32 rights, Boolean useRights, FileShare share, Int32 bufferSize, FileOptions options, SECURITY_ATTRIBUTES secAttrs, String msgPath, Boolean bFromProxy, Boolean useLongPath, Boolean checkHost)
   at System.IO.FileStream..ctor(String path, FileMode mode, FileAccess access)
   at Omni.Logging.Sinks.IncrementalSummarySink.PrepareForWrite() in F:\dd\src\Omni\Log\Omni.Log\Sinks\IncrementalSummarySink.cs:line 169
   at Omni.Logging.Sinks.IncrementalSummarySink.Append(ILogMessage message) in F:\dd\src\Omni\Log\Omni.Log\Sinks\IncrementalSummarySink.cs:line 74
   at Omni.Logging.OmniLog.SendToSinks(LogMessage message) in F:\dd\src\Omni\Log\Omni.Log\OmniLog.cs:line 968
   at Omni.Logging.Log.BeginGroup(String message) in F:\dd\src\Omni\Log\Omni.Log\OmniLog.cs:line 1402
   at Microsoft.Test.Apex.Services.Logging.TestLoggerSinks.OmniLog.OmniLogSink.ActualSink.ScopeEntered(IExecutionScopeHandle scope) in F:\dd\src\omni\Apex\MsTestIntegration\Services\OmniLog\OmniLogSink.cs:line 318
   at Microsoft.Test.Apex.Services.Logging.TestLoggerSinks.OmniLog.OmniLogSink.ScopeEntered(IExecutionScopeHandle scope) in F:\dd\src\omni\Apex\MsTestIntegration\Services\OmniLog\OmniLogSink.cs:line 146
   at Microsoft.Test.Apex.Services.ExecutionScopeService.Enter(TestExecutionPoint testExecutionPoint, String scopeName, Boolean enterVerificationScope, Object context) in F:\dd\src\omni\Apex\Framework\Services\ExecutionScope\ExecutionScopeService.cs:line 228
   at Microsoft.Test.Apex.Services.ExecutionScopeService.Enter(String scopeName, Boolean enterVerificationScope, Object context) in F:\dd\src\omni\Apex\Framework\Services\ExecutionScope\ExecutionScopeService.cs:line 202
   at Microsoft.Test.Apex.Services.ExecutionScopeService.Enter(String scopeName) in F:\dd\src\omni\Apex\Framework\Services\ExecutionScope\ExecutionScopeService.cs:line 80
   at Microsoft.Test.Apex.ApexTest.TestInitialize() in F:\dd\src\omni\Apex\MsTestIntegration\ApexTest.cs:line 423
   at Microsoft.Test.Apex.ExternalProcessHostTest`2.TestInitialize() in F:\dd\src\omni\Apex\MsTestIntegration\ExternalProcessHostTest.cs:line 108</StackTrace>
        </ErrorInfo>
      </Output>
    </UnitTestResult>
    <UnitTestResult executionId="cceb8ba6-9db7-4b7f-a41b-61ee7121dff3" testId="2965db26-de59-581e-3fa6-b7325cff5e8a" testName="VSTest_CSS_Colorization" computerName="WNVM19648" duration="00:00:02.3660753" startTime="2018-04-17T00:28:59.9249846-07:00" endTime="2018-04-17T00:29:02.2910599-07:00" testType="13cdc9d9-ddb5-4fa4-a97d-d965ccfc6d4b" outcome="Passed" testListId="8c84fa94-04c1-424b-9868-57a2d4851a1d" relativeResultsDirectory="cceb8ba6-9db7-4b7f-a41b-61ee7121dff3">
      <Output>
        <StdOut>+ CssColorizationTests::VSTest_CSS_Colorization
    + ApexTest TestInitialize
    + ExternalProcessHostTest TestInitialize
        (30:41.308) [Visual Studio Host (11564):RoamingSettingsService] Disabling roaming settings.
        (30:41.421) [Visual Studio Host (11564):SettingsService] Setting Visual Studio option 'Environment\RoamingSettings\RoamingEnabled' to 'False'.
        (30:41.811) [Visual Studio Host (11564):TextEditorDocumentWindowTestExtension] Showing window 'colorization.css' without activating the window.
        (30:41.916) [Visual Studio Host (11564):TextEditorDocumentWindowTestExtension] Showing window 'colorization.css'.
        (30:42.028) [Visual Studio Host (11564):VisualStudioTextEditorTestExtension] Setting keyboard focus to editor 'colorization.css'.
        (30:42.101) [Visual Studio Host (11564):MainWindowService] Activating main window to bring it to the foreground.
        (30:42.201) [Visual Studio Host (11564):MainWindowService] Setting main window state to 'Maximized'.
    + ExternalProcessHostTest TestCleanup
        (30:42.588) [Visual Studio Host (11564):TextEditorDocumentWindowTestExtension] Closing window 'colorization.css'.
        (30:42.796) [Platform:Testcase] Test 'VSTest_CSS_Colorization' has 'Passed' outcome. Therefore, Apex will not shut down the 'Visual Studio Host (11564)' with process ID '11564'. A subsequent test scenario will run on the same instance of the host.
    + Final Test Result Verification
        (30:43.061) [Platform:DelayedAssertionVerifierSink] Verification Success: 0 verification steps failed.
    + ApexTest TestCleanup</StdOut>
      </Output>
      <ResultFiles>
        <ResultFile path="WNVM19648\Fail.azqsczivabnm.png" />
        <ResultFile path="WNVM19648\Fail.ig2gsfz5ad1y.png" />
        <ResultFile path="WNVM19648\Fail.o5zf0zepaw0l.png" />
        <ResultFile path="WNVM19648\OmniLog.html" />
        <ResultFile path="WNVM19648\OmniLogRawXml.xml" />
      </ResultFiles>
    </UnitTestResult>
    <UnitTestResult executionId="6504a35b-2236-44c1-815a-b0ef91a47db6" testId="e97b0930-f208-2744-9b4e-212dab92fa24" testName="VSTest_JSON_AutoGeneration_Disabled_TypingWithSchema" computerName="WNVM19648" duration="00:02:06.1322141" startTime="2018-04-17T02:24:56.1042253-07:00" endTime="2018-04-17T02:27:02.2364394-07:00" testType="13cdc9d9-ddb5-4fa4-a97d-d965ccfc6d4b" outcome="Failed" testListId="8c84fa94-04c1-424b-9868-57a2d4851a1d" relativeResultsDirectory="6504a35b-2236-44c1-815a-b0ef91a47db6">
      <Output>
        <StdOut>+ AutoGenerationTests::VSTest_JSON_AutoGeneration_Disabled_TypingWithSchema
    + ApexTest TestInitialize
    + ExternalProcessHostTest TestInitialize
        (02:26:37.917) [Visual Studio Host (6688):RoamingSettingsService] Disabling roaming settings.
        (02:26:38.065) [Visual Studio Host (6688):SettingsService] Setting Visual Studio option 'Environment\RoamingSettings\RoamingEnabled' to 'False'.
        (02:26:38.675) [Visual Studio Host (6688):TextEditorDocumentWindowTestExtension] Showing window 'EmptyWithSchema.json' without activating the window.
        (02:26:38.900) [Visual Studio Host (6688):TextEditorDocumentWindowTestExtension] Showing window 'EmptyWithSchema.json'.
        (02:26:39.087) [Visual Studio Host (6688):VisualStudioTextEditorTestExtension] Setting keyboard focus to editor 'EmptyWithSchema.json'.
        (02:26:39.254) [Visual Studio Host (6688):SettingsService] Getting value of Visual Studio Setting 'TextEditor\JSON Specific\AutoStructureCompletion'. 
        (02:26:39.436) [Visual Studio Host (6688):SettingsService] Setting Visual Studio option 'TextEditor\JSON Specific\AutoStructureCompletion' to 'False'.
        (02:26:39.595) [Visual Studio Host (6688):MainWindowService] Activating main window to bring it to the foreground.
        (02:26:39.857) [Visual Studio Host (6688):MainWindowService] Setting main window state to 'Maximized'.
    (02:26:40.232) [Visual Studio Host (6688):TextEditorDocumentWindowTestExtension] Showing window 'EmptyWithSchema.json' without activating the window.
    (02:26:40.413) [Visual Studio Host (6688):TextEditorDocumentWindowTestExtension] Showing window 'EmptyWithSchema.json'.
    (02:26:40.598) [Visual Studio Host (6688):VisualStudioCaretTestExtension] Moving the caret to 'schema' at (Ln: 2, Ch: 5) based on a regular expression.  Expression = "schema" [group index '0', match index '1', options 'Singleline, CultureInvariant']
    (02:26:40.764) [Visual Studio Host (6688):TextEditorDocumentWindowTestExtension] Showing window 'EmptyWithSchema.json' without activating the window.
    (02:26:40.927) [Visual Studio Host (6688):TextEditorDocumentWindowTestExtension] Showing window 'EmptyWithSchema.json'.
    (02:26:41.130) [Visual Studio Host (6688):VisualStudioCaretTestExtension] Moving the caret from (Ln: 2, Ch: 5) down '2' lines
    (02:26:41.283) [Visual Studio Host (6688):VisualStudioTextEditorTestExtension] Setting keyboard focus to editor 'EmptyWithSchema.json'.
    + Verify commit with enter on property name from completion list
        (02:26:41.605) [Visual Studio Host (6688):TextEditorDocumentWindowTestExtension] Showing window 'EmptyWithSchema.json' without activating the window.
        (02:26:41.779) [Visual Studio Host (6688):TextEditorDocumentWindowTestExtension] Showing window 'EmptyWithSchema.json'.
        (02:26:42.156) [Visual Studio Host (6688):TextEditorDocumentWindowTestExtension] Showing window 'EmptyWithSchema.json' without activating the window.
        (02:26:42.438) [Visual Studio Host (6688):TextEditorDocumentWindowTestExtension] Showing window 'EmptyWithSchema.json'.
        (02:28:17.374) [Platform:Microsoft.Test.Apex.Services.ScreenshotService] Took a screenshot for category '' and saved as 'C:\TestBin\IntegrationTests\TestResults\2018_04_16_23_55_50\VSTest_JSON_AutoGeneration_WithSchema_Timedout.jpg'.
    Error: (02:28:18.074) [Platform:Testcase] Test method Microsoft.VisualStudio.Web.Editors.IntegrationTests.JSON.AutoGenerationTests.VSTest_JSON_AutoGeneration_Disabled_TypingWithSchema threw exception. System.Runtime.Remoting.RemotingException: Failed to read from an IPC Port: The pipe has been ended.

   at Microsoft.VisualStudio.Web.Common.TestAdapter.ParameterizedTests.ReflectionUtilities.InvokeMethod(Object targetObject, MethodInfo method, Object[] methodArguments, String exceptionMessageFormat) in D:\dd\WTE\Main\test\Common\TestAdapter\ParameterizedTests\ReflectionUtilities.cs:line 190
   at Microsoft.VisualStudio.Web.Common.TestAdapter.ParameterizedTests.TestMethodInfo.Invoke(Object testObject, TestExecutionContext context) in D:\dd\WTE\Main\test\Common\TestAdapter\ParameterizedTests\TestMethodInfo.cs:line 64
    + ExternalProcessHostTest TestCleanup
        (02:28:21.436) [Platform:VenusHost] Compose Batch: 00:00:02.3549471
        (02:28:23.839) [Platform:VenusHost] Host Process is being started. Executable = 'C:\Program Files (x86)\Microsoft Visual Studio\Preview\Enterprise\Common7\IDE\devenv.exe'.
        (02:28:24.053) [Platform:VenusHost] Host Process is started. PID = 8832.
        (02:28:24.262) [Platform:VenusHost] Host process 'devenv' (id: 8832) is now idle/ready.
        (02:28:31.048) [Platform:Microsoft.Test.Apex.Hosts.Services.RemoteServiceInitializer] Using remote code injector service 'RemoteCodeInjectorService' for the operation 'ManagedAuto'.
        + Visual Studio Host Creation
            (02:28:39.015) [Platform:Testcase] Target Executable: 'C:\Program Files (x86)\Microsoft Visual Studio\Preview\Enterprise\Common7\IDE\devenv.exe'.
            (02:28:39.173) [Platform:Testcase] Process Id: '8832'.
            (02:28:39.326) [Platform:Testcase] UI Culture: 'English (United States)'.
            (02:28:39.496) [Platform:Testcase] Build Number: '15.0.27615'.
        (02:28:39.952) [Visual Studio Host (8832):MainWindowService] Setting main window state to 'Maximized'.
        (02:28:40.145) [Visual Studio Host (8832):MainWindowService] Activating main window to bring it to the foreground.
        Warning: (02:28:40.415) [Platform:Microsoft.Test.Apex.Services.ScreenshotService] Exception occured when copying screenshot file from 'C:\TestBin\IntegrationTests\Failure.jpg' to 'C:\TestBin\IntegrationTests\TestResults\2018_04_16_23_55_50\Failure.jpg'.
        Warning: (02:28:40.415) [Platform:Microsoft.Test.Apex.Services.ScreenshotService] System.IO.IOException: The file 'C:\TestBin\IntegrationTests\TestResults\2018_04_16_23_55_50\Failure.jpg' already exists.
   at System.IO.__Error.WinIOError(Int32 errorCode, String maybeFullPath)
   at System.IO.File.InternalCopy(String sourceFileName, String destFileName, Boolean overwrite, Boolean checkHost)
   at System.IO.File.Copy(String sourceFileName, String destFileName, Boolean overwrite)
   at Microsoft.Test.Apex.Services.ScreenshotService.TakeOne(String categoryName, String fileNamePrefix, String repositoryPath) in F:\dd\src\omni\Apex\Framework\Services\Screenshot\ScreenshotService.cs:line 176
        (02:28:40.766) [Platform:ProcessCaptureService] Capturing screenshots for PID 8832 (devenv)
        Result file 'VSTest_JSON_AutoGeneration_Disabled_TypingWithSchema-Failure-devenv.8832.png' added: file:///C:/TestBin/IntegrationTests/TestResults/2018_04_16_23_55_50/VSTest_JSON_AutoGeneration_Disabled_TypingWithSchema-Failure-devenv.8832.png
        Result file 'VSTest_JSON_AutoGeneration_Disabled_TypingWithSchema-Failure-devenv.8832-Dialog80750.png' added: file:///C:/TestBin/IntegrationTests/TestResults/2018_04_16_23_55_50/VSTest_JSON_AutoGeneration_Disabled_TypingWithSchema-Failure-devenv.8832-Dialog80750.png
        Result file 'VSTest_JSON_AutoGeneration_Disabled_TypingWithSchema-Failure-devenv.8832-Dialog100726.png' added: file:///C:/TestBin/IntegrationTests/TestResults/2018_04_16_23_55_50/VSTest_JSON_AutoGeneration_Disabled_TypingWithSchema-Failure-devenv.8832-Dialog100726.png
        (02:28:41.619) [Platform:ProcessCaptureService] Bounding rectangle of HWND 0x60748 is size (0, 0), which cannot be captured.
        (02:28:41.815) [Platform:ProcessCaptureService] Bounding rectangle of HWND 0x80778 is size (0, 0), which cannot be captured.
    + Final Test Result Verification
        (02:28:42.398) [Platform:DelayedAssertionVerifierSink] Verification Success: 0 verification steps failed.
    + ApexTest TestCleanup</StdOut>
        <ErrorInfo>
          <Message>Test method Microsoft.VisualStudio.Web.Editors.IntegrationTests.JSON.AutoGenerationTests.VSTest_JSON_AutoGeneration_Disabled_TypingWithSchema threw exception. System.Runtime.Remoting.RemotingException: Failed to read from an IPC Port: The pipe has been ended.
</Message>
          <StackTrace>
Server stack trace: 
   at System.Runtime.Remoting.Channels.Ipc.IpcPort.Read(Byte[] data, Int32 offset, Int32 length)
   at System.Runtime.Remoting.Channels.Ipc.PipeStream.Read(Byte[] buffer, Int32 offset, Int32 size)
   at System.Runtime.Remoting.Channels.SocketHandler.ReadFromSocket(Byte[] buffer, Int32 offset, Int32 count)
   at System.Runtime.Remoting.Channels.SocketHandler.Read(Byte[] buffer, Int32 offset, Int32 count)
   at System.Runtime.Remoting.Channels.SocketHandler.ReadAndMatchFourBytes(Byte[] buffer)
   at System.Runtime.Remoting.Channels.Tcp.TcpSocketHandler.ReadAndMatchPreamble()
   at System.Runtime.Remoting.Channels.Tcp.TcpSocketHandler.ReadVersionAndOperation(UInt16&amp; operation)
   at System.Runtime.Remoting.Channels.Ipc.IpcClientHandler.ReadHeaders()
   at System.Runtime.Remoting.Channels.Ipc.IpcClientTransportSink.ProcessMessage(IMessage msg, ITransportHeaders requestHeaders, Stream requestStream, ITransportHeaders&amp; responseHeaders, Stream&amp; responseStream)
   at System.Runtime.Remoting.Channels.BinaryClientFormatterSink.SyncProcessMessage(IMessage msg)

Exception rethrown at [0]: 
   at System.Runtime.Remoting.Proxies.RealProxy.HandleReturnMessage(IMessage reqMsg, IMessage retMsg)
   at System.Runtime.Remoting.Proxies.RealProxy.PrivateInvoke(MessageData&amp; msgData, Int32 type)
   at Microsoft.Test.Apex.VisualStudio.Shell.TextEditorDocumentWindowTestExtension.get_Editor()
   at Microsoft.VisualStudio.Web.Common.TestServices.VisualStudioHostWebTest.get_Editor() in D:\dd\WTE\Main\test\Common\TestServices\Apex\VisualStudioHostWebTest.cs:line 639
   at Microsoft.VisualStudio.Web.Editors.IntegrationTests.JSON.AutoGenerationTests.VSTest_JSON_AutoGeneration_Disabled_TypingWithSchema() in D:\dd\WTE\Main\test\Editors\IntegrationTests\JSON\AutoGenerationTests.cs:line 210</StackTrace>
        </ErrorInfo>
      </Output>
      <ResultFiles>
        <ResultFile path="WNVM19648\Fail.1naitrosadk5.png" />
        <ResultFile path="WNVM19648\Fail.22wpw0oka5fs.png" />
        <ResultFile path="WNVM19648\Fail.24wtv1jnawc3.png" />
        <ResultFile path="WNVM19648\Fail.2dvw33g3abcx.png" />
        <ResultFile path="WNVM19648\Fail.2lws5epta1gw.png" />
        <ResultFile path="WNVM19648\Fail.2osatv43agzz.png" />
        <ResultFile path="WNVM19648\Fail.33ju4eduay3u.png" />
        <ResultFile path="WNVM19648\Fail.3poblbx4alvv.png" />
        <ResultFile path="WNVM19648\Fail.4p531ykxaqdb.png" />
        <ResultFile path="WNVM19648\Fail.5ckvvlpiahzj.png" />
        <ResultFile path="WNVM19648\Fail.5erbsz3aa4ay.png" />
        <ResultFile path="WNVM19648\Fail.ashpv3rjajjr.png" />
        <ResultFile path="WNVM19648\Fail.aswak04hapa5.png" />
        <ResultFile path="WNVM19648\Fail.azqsczivabnm.png" />
        <ResultFile path="WNVM19648\Fail.byuslv5baqsd.png" />
        <ResultFile path="WNVM19648\Fail.bz134qwyax2e.png" />
        <ResultFile path="WNVM19648\Fail.cwkly5opaa5x.png" />
        <ResultFile path="WNVM19648\Fail.czhshhzmawco.png" />
        <ResultFile path="WNVM19648\Fail.ek4tb3wmalyl.png" />
        <ResultFile path="WNVM19648\Fail.fdtmbjciavfs.png" />
        <ResultFile path="WNVM19648\Fail.fh0tepfdaffp.png" />
        <ResultFile path="WNVM19648\Fail.hxi2cahnapy2.png" />
        <ResultFile path="WNVM19648\Fail.ig2gsfz5ad1y.png" />
        <ResultFile path="WNVM19648\Fail.iwqb3wycasom.png" />
        <ResultFile path="WNVM19648\Fail.iymeazuqablz.png" />
        <ResultFile path="WNVM19648\Fail.jpga4adlarrf.png" />
        <ResultFile path="WNVM19648\Fail.k12p4vaeagac.png" />
        <ResultFile path="WNVM19648\Fail.kfb5og41ajlt.png" />
        <ResultFile path="WNVM19648\Fail.kp4fcfcpa5bw.png" />
        <ResultFile path="WNVM19648\Fail.kxs1ersmaxma.png" />
        <ResultFile path="WNVM19648\Fail.lbyrcmqbastb.png" />
        <ResultFile path="WNVM19648\Fail.loc0xhl5a2hr.png" />
        <ResultFile path="WNVM19648\Fail.lthgvalfaxfr.png" />
        <ResultFile path="WNVM19648\Fail.mazsob3aamsp.png" />
        <ResultFile path="WNVM19648\Fail.n13clx4iaowv.png" />
        <ResultFile path="WNVM19648\Fail.n3c2bmltan5e.png" />
        <ResultFile path="WNVM19648\Fail.o4kkrjboasbk.png" />
        <ResultFile path="WNVM19648\Fail.o5zf0zepaw0l.png" />
        <ResultFile path="WNVM19648\Fail.pdo2mhdtanq2.png" />
        <ResultFile path="WNVM19648\Fail.pprwzak1ac5h.png" />
        <ResultFile path="WNVM19648\Fail.qagtqbftat3h.png" />
        <ResultFile path="WNVM19648\Fail.qbnuydioazjy.png" />
        <ResultFile path="WNVM19648\Fail.raasvsmeanc1.png" />
        <ResultFile path="WNVM19648\Fail.rymman3va50a.png" />
        <ResultFile path="WNVM19648\Fail.sidku4gxamg4.png" />
        <ResultFile path="WNVM19648\Fail.swwzdfhraz25.png" />
        <ResultFile path="WNVM19648\Fail.t4yj0fxuatil.png" />
        <ResultFile path="WNVM19648\Fail.v0ywfcwsa23p.png" />
        <ResultFile path="WNVM19648\Fail.vjqtiv2zaclz.png" />
        <ResultFile path="WNVM19648\Fail.w3wlbab1aii5.png" />
        <ResultFile path="WNVM19648\Fail.wiz4mofdavag.png" />
        <ResultFile path="WNVM19648\Fail.xasrdkzvaogc.png" />
        <ResultFile path="WNVM19648\Fail.yd3ferxiaq1c.png" />
        <ResultFile path="WNVM19648\Fail.z10rn0n5ajdm.png" />
        <ResultFile path="WNVM19648\Fail.z2gelfy0aa1q.png" />
        <ResultFile path="WNVM19648\Fail.zpuouf2fa0ib.png" />
        <ResultFile path="WNVM19648\Failure.jpg" />
        <ResultFile path="WNVM19648\Failure[1].jpg" />
        <ResultFile path="WNVM19648\OmniLog.html" />
        <ResultFile path="WNVM19648\OmniLogRawXml.xml" />
        <ResultFile path="WNVM19648\VSTest_BowerIntelliSenseTests_CaseSensitivity_Timedout.jpg" />
        <ResultFile path="WNVM19648\VSTest_BowerIntelliSenseTests_CaseSensitivity_Timedout[1].jpg" />
        <ResultFile path="WNVM19648\VSTest_BowerIntelliSenseTests_End_To_End_Timedout.jpg" />
        <ResultFile path="WNVM19648\VSTest_BowerIntelliSenseTests_End_To_End_Timedout[1].jpg" />
        <ResultFile path="WNVM19648\VSTest_BowerIntelliSenseTests_UnavailableVersion_Timedout.jpg" />
        <ResultFile path="WNVM19648\VSTest_BowerIntelliSenseTests_UnavailableVersion_Timedout[1].jpg" />
        <ResultFile path="WNVM19648\VSTest_Generate_AttrModel_Methods_WAP_Code_Behind_CS_Timedout.jpg" />
        <ResultFile path="WNVM19648\VSTest_Generate_AttrModel_Methods_WAP_Code_Behind_CS_Timedout[1].jpg" />
        <ResultFile path="WNVM19648\VSTest_HitBreakpointAndEditInCSHtml_Timedout.jpg" />
        <ResultFile path="WNVM19648\VSTest_HitBreakpointAndEditInCSHtml_Timedout[1].jpg" />
        <ResultFile path="WNVM19648\VSTest_Html_Drag_Drop_JavascriptFile_Timedout.jpg" />
        <ResultFile path="WNVM19648\VSTest_Html_Drag_Drop_JavascriptFile_Timedout[1].jpg" />
        <ResultFile path="WNVM19648\VSTest_JSON_AutoGeneration_Disabled_TypingWithSchema-Failure-devenv.8832-Dialog100726.png" />
        <ResultFile path="WNVM19648\VSTest_JSON_AutoGeneration_Disabled_TypingWithSchema-Failure-devenv.8832-Dialog80750.png" />
        <ResultFile path="WNVM19648\VSTest_JSON_AutoGeneration_Disabled_TypingWithSchema-Failure-devenv.8832.png" />
        <ResultFile path="WNVM19648\VSTest_JSON_AutoGeneration_WithSchema_Timedout.jpg" />
        <ResultFile path="WNVM19648\VSTest_JSON_AutoGeneration_WithSchema_Timedout[1].jpg" />
        <ResultFile path="WNVM19648\VSTest_JSON_AutoStructureWithExistingComma_Timedout.jpg" />
        <ResultFile path="WNVM19648\VSTest_JSON_AutoStructureWithExistingComma_Timedout[1].jpg" />
        <ResultFile path="WNVM19648\VSTest_JSON_End_To_End_Timedout.jpg" />
        <ResultFile path="WNVM19648\VSTest_JSON_End_To_End_Timedout[1].jpg" />
        <ResultFile path="WNVM19648\VSTest_JSON_SchemaValidation_FixBasicValidationErrors_Timedout.jpg" />
        <ResultFile path="WNVM19648\VSTest_JSON_SchemaValidation_FixBasicValidationErrors_Timedout[1].jpg" />
        <ResultFile path="WNVM19648\VSTest_JSON_Schema_CatalogReload_Timedout.jpg" />
        <ResultFile path="WNVM19648\VSTest_JSON_Schema_CatalogReload_Timedout[1].jpg" />
        <ResultFile path="WNVM19648\VSTest_JSON_Schema_Catalog_Timedout.jpg" />
        <ResultFile path="WNVM19648\VSTest_JSON_Schema_Catalog_Timedout[1].jpg" />
        <ResultFile path="WNVM19648\VSTest_JSON_SuggestedActions_Bower_UninstallBehavior_Timedout.jpg" />
        <ResultFile path="WNVM19648\VSTest_JSON_SuggestedActions_Bower_UninstallBehavior_Timedout[1].jpg" />
        <ResultFile path="WNVM19648\VSTest_JSON_SuggestedActions_SortProperties_IsPresent_Timedout.jpg" />
        <ResultFile path="WNVM19648\VSTest_JSON_SuggestedActions_SortProperties_IsPresent_Timedout[1].jpg" />
        <ResultFile path="WNVM19648\VSTest_NPMIntelliSenseTests_End_To_End_Timedout.jpg" />
        <ResultFile path="WNVM19648\VSTest_NPMIntelliSenseTests_End_To_End_Timedout[1].jpg" />
        <ResultFile path="WNVM19648\VSTest_NPM_Completion_ScopedPackage_Timedout.jpg" />
        <ResultFile path="WNVM19648\VSTest_NPM_Completion_ScopedPackage_Timedout[1].jpg" />
        <ResultFile path="WNVM19648\VSTest_NPM_NavigateToHomepage_Timedout.jpg" />
        <ResultFile path="WNVM19648\VSTest_NPM_NavigateToHomepage_Timedout[1].jpg" />
        <ResultFile path="WNVM19648\VSTest_Parser_PTagTest_Timedout.jpg" />
        <ResultFile path="WNVM19648\VSTest_Parser_PTagTest_Timedout[1].jpg" />
        <ResultFile path="WNVM19648\VSTest_Razor_TagHelpers_OptOut_Timedout.jpg" />
        <ResultFile path="WNVM19648\VSTest_Razor_TagHelpers_OptOut_Timedout[1].jpg" />
        <ResultFile path="WNVM19648\VSTest_Razor_TagHelpers_Update_CS_File_And_Build_Timedout.jpg" />
        <ResultFile path="WNVM19648\VSTest_Razor_TagHelpers_Update_CS_File_And_Build_Timedout[1].jpg" />
        <ResultFile path="WNVM19648\VSTest_Script_Completion_Top_Level_Timedout.jpg" />
        <ResultFile path="WNVM19648\VSTest_Script_Completion_Top_Level_Timedout[1].jpg" />
        <ResultFile path="WNVM19648\VSTest_SmartIndentInJSInRazorV4_Timedout.jpg" />
        <ResultFile path="WNVM19648\VSTest_SmartIndentInJSInRazorV4_Timedout[1].jpg" />
      </ResultFiles>
    </UnitTestResult>
    <UnitTestResult executionId="fda43ac5-a5d3-4a1e-94f2-479c6e69d9ef" testId="7f45785b-ca09-3b7d-097a-3eae81b95111" testName="VSTest_CssImportGoto" computerName="WNVM19648" duration="00:00:03.4745718" startTime="2018-04-17T00:28:30.3570896-07:00" endTime="2018-04-17T00:28:33.8316614-07:00" testType="13cdc9d9-ddb5-4fa4-a97d-d965ccfc6d4b" outcome="Passed" testListId="8c84fa94-04c1-424b-9868-57a2d4851a1d" relativeResultsDirectory="fda43ac5-a5d3-4a1e-94f2-479c6e69d9ef">
      <Output>
        <StdOut>+ CssGotoTests::VSTest_CssImportGoto
    + ApexTest TestInitialize
    + ExternalProcessHostTest TestInitialize
        (30:11.777) [Visual Studio Host (11564):RoamingSettingsService] Disabling roaming settings.
        (30:11.849) [Visual Studio Host (11564):SettingsService] Setting Visual Studio option 'Environment\RoamingSettings\RoamingEnabled' to 'False'.
        (30:12.148) [Visual Studio Host (11564):TextEditorDocumentWindowTestExtension] Showing window 'CssGoto1.css' without activating the window.
        (30:12.265) [Visual Studio Host (11564):TextEditorDocumentWindowTestExtension] Showing window 'CssGoto1.css'.
        (30:12.367) [Visual Studio Host (11564):VisualStudioTextEditorTestExtension] Setting keyboard focus to editor 'CssGoto1.css'.
        (30:12.442) [Visual Studio Host (11564):MainWindowService] Activating main window to bring it to the foreground.
        (30:12.569) [Visual Studio Host (11564):MainWindowService] Setting main window state to 'Maximized'.
    (30:12.745) [Visual Studio Host (11564):TextEditorDocumentWindowTestExtension] Showing window 'CssGoto1.css' without activating the window.
    (30:12.810) [Visual Studio Host (11564):TextEditorDocumentWindowTestExtension] Showing window 'CssGoto1.css'.
    (30:12.921) [Visual Studio Host (11564):VisualStudioCaretTestExtension] Moving the caret to '' at (Ln: 1, Ch: 10) based on a regular expression.  Expression = ""()CssGoto2.less"" [group index '1', match index '1', options 'Singleline, CultureInvariant']
    (30:12.984) [Visual Studio Host (11564):TextEditorDocumentWindowTestExtension] Showing window 'CssGoto1.css' without activating the window.
    (30:13.060) [Visual Studio Host (11564):TextEditorDocumentWindowTestExtension] Showing window 'CssGoto1.css'.
    (30:13.378) [Visual Studio Host (11564):TextEditorDocumentWindowTestExtension] Showing window 'CssGoto2.less' without activating the window.
    (30:13.495) [Visual Studio Host (11564):TextEditorDocumentWindowTestExtension] Showing window 'CssGoto2.less'.
    (30:13.598) [Visual Studio Host (11564):TextEditorDocumentWindowTestExtension] Showing window 'CssGoto2.less' without activating the window.
    (30:13.658) [Visual Studio Host (11564):TextEditorDocumentWindowTestExtension] Showing window 'CssGoto2.less' without activating the window.
    (30:13.710) [Visual Studio Host (11564):TextEditorDocumentWindowTestExtension] Showing window 'CssGoto2.less'.
    (30:13.769) [Visual Studio Host (11564):VisualStudioCaretTestExtension] Moving the caret to '' at (Ln: 1, Ch: 22) based on a regular expression.  Expression = ""()CssGoto1.css"" [group index '1', match index '1', options 'Singleline, CultureInvariant']
    (30:13.839) [Visual Studio Host (11564):TextEditorDocumentWindowTestExtension] Showing window 'CssGoto2.less' without activating the window.
    (30:13.897) [Visual Studio Host (11564):TextEditorDocumentWindowTestExtension] Showing window 'CssGoto2.less'.
    (30:14.066) [Visual Studio Host (11564):TextEditorDocumentWindowTestExtension] Showing window 'CssGoto1.css' without activating the window.
    (30:14.138) [Visual Studio Host (11564):TextEditorDocumentWindowTestExtension] Showing window 'CssGoto1.css'.
    (30:14.205) [Visual Studio Host (11564):TextEditorDocumentWindowTestExtension] Closing window 'CssGoto2.less'.
    + ExternalProcessHostTest TestCleanup
        (30:14.345) [Visual Studio Host (11564):TextEditorDocumentWindowTestExtension] Closing window 'CssGoto1.css'.
        (30:14.490) [Platform:Testcase] Test 'VSTest_CssImportGoto' has 'Passed' outcome. Therefore, Apex will not shut down the 'Visual Studio Host (11564)' with process ID '11564'. A subsequent test scenario will run on the same instance of the host.
    + Final Test Result Verification
        (30:14.682) [Platform:DelayedAssertionVerifierSink] Verification Success: 0 verification steps failed.
    + ApexTest TestCleanup</StdOut>
      </Output>
      <ResultFiles>
        <ResultFile path="WNVM19648\Fail.azqsczivabnm.png" />
        <ResultFile path="WNVM19648\Fail.ig2gsfz5ad1y.png" />
        <ResultFile path="WNVM19648\Fail.o5zf0zepaw0l.png" />
        <ResultFile path="WNVM19648\OmniLog.html" />
        <ResultFile path="WNVM19648\OmniLogRawXml.xml" />
      </ResultFiles>
    </UnitTestResult>
    <UnitTestResult executionId="7de6ab2b-6163-493d-95c4-63df67459830" testId="822bf2e5-ff78-04f8-8018-a7991be8552d" testName="VSTest_CSS_Snippets" computerName="WNVM19648" duration="00:00:05.9716705" startTime="2018-04-17T00:26:17.6655525-07:00" endTime="2018-04-17T00:26:23.6372230-07:00" testType="13cdc9d9-ddb5-4fa4-a97d-d965ccfc6d4b" outcome="Passed" testListId="8c84fa94-04c1-424b-9868-57a2d4851a1d" relativeResultsDirectory="7de6ab2b-6163-493d-95c4-63df67459830">
      <Output>
        <StdOut>+ CssSnippetTests::VSTest_CSS_Snippets
    + ApexTest TestInitialize
    + ExternalProcessHostTest TestInitialize
        (27:59.023) [Visual Studio Host (11564):RoamingSettingsService] Disabling roaming settings.
        (27:59.078) [Visual Studio Host (11564):SettingsService] Setting Visual Studio option 'Environment\RoamingSettings\RoamingEnabled' to 'False'.
        (27:59.331) [Visual Studio Host (11564):TextEditorDocumentWindowTestExtension] Showing window 'snippets.css' without activating the window.
        (27:59.408) [Visual Studio Host (11564):TextEditorDocumentWindowTestExtension] Showing window 'snippets.css'.
        (27:59.480) [Visual Studio Host (11564):VisualStudioTextEditorTestExtension] Setting keyboard focus to editor 'snippets.css'.
        (27:59.544) [Visual Studio Host (11564):MainWindowService] Activating main window to bring it to the foreground.
        (27:59.602) [Visual Studio Host (11564):MainWindowService] Setting main window state to 'Maximized'.
    (27:59.753) [Visual Studio Host (11564):TextEditorDocumentWindowTestExtension] Showing window 'snippets.css' without activating the window.
    (27:59.824) [Visual Studio Host (11564):TextEditorDocumentWindowTestExtension] Showing window 'snippets.css'.
    (27:59.891) [Visual Studio Host (11564):TextEditorDocumentWindowTestExtension] Showing window 'snippets.css' without activating the window.
    (27:59.953) [Visual Studio Host (11564):TextEditorDocumentWindowTestExtension] Showing window 'snippets.css'.
    (28:00.026) [Visual Studio Host (11564):VisualStudioCaretTestExtension] Moving the caret from (Ln: 1, Ch: 1) to line '10'
    (28:00.080) [Visual Studio Host (11564):VisualStudioTextEditorTestExtension] Setting keyboard focus to editor 'snippets.css'.
    (28:00.145) [Visual Studio Host (11564):TextEditorDocumentWindowTestExtension] Showing window 'snippets.css' without activating the window.
    (28:00.215) [Visual Studio Host (11564):TextEditorDocumentWindowTestExtension] Showing window 'snippets.css'.
    (28:00.276) [Visual Studio Host (11564):VisualStudioTextEditingActions] Inserting '@font-face' at position (Ln: 10, Ch: 1).
    (28:00.335) [Visual Studio Host (11564):KeyboardCommands] Sending '1' tabs.
    (28:00.588) [Visual Studio Host (11564):VisualStudioTextMarkerTestExtension] Getting all text markers for the editor matching the specified types CodeSnippetSelectedField.
    (28:00.649) [Visual Studio Host (11564):TextMarker] Found shim text marker with type CodeSnippetSelectedField at span ((Ln: 11, Ch: 19) - (Ln: 11, Ch: 28)).
    (28:00.697) [Visual Studio Host (11564):TextMarker] Found shim text marker with type CodeSnippetField at span ((Ln: 12, Ch: 15) - (Ln: 12, Ch: 28)).
    (28:00.742) [Visual Studio Host (11564):VisualStudioTextMarkerTestExtension] Found 2 shim text markers.
    (28:00.794) [Visual Studio Host (11564):VisualStudioTextMarkerTestExtension] Found 0 platform text markers.
    (28:00.857) [Visual Studio Host (11564):VisualStudioTextMarkerTestExtension] Found 1 text markers matching the specified types CodeSnippetSelectedField.
    VerificationPass: (28:00.911) [Visual Studio Host (11564):TextMarkerVerifier] Verification passed: The total number of text markers matching type CodeSnippetSelectedField is expected to be 1 within a timeout of 00:00:10. It was 1.
    (28:00.965) [Visual Studio Host (11564):VisualStudioTextMarkerTestExtension] Getting all text markers for the editor matching the specified types CodeSnippetField.
    (28:01.012) [Visual Studio Host (11564):TextMarker] Found shim text marker with type CodeSnippetSelectedField at span ((Ln: 11, Ch: 19) - (Ln: 11, Ch: 28)).
    (28:01.057) [Visual Studio Host (11564):TextMarker] Found shim text marker with type CodeSnippetField at span ((Ln: 12, Ch: 15) - (Ln: 12, Ch: 28)).
    (28:01.101) [Visual Studio Host (11564):VisualStudioTextMarkerTestExtension] Found 2 shim text markers.
    (28:01.146) [Visual Studio Host (11564):VisualStudioTextMarkerTestExtension] Found 0 platform text markers.
    (28:01.194) [Visual Studio Host (11564):VisualStudioTextMarkerTestExtension] Found 1 text markers matching the specified types CodeSnippetField.
    VerificationPass: (28:01.260) [Visual Studio Host (11564):TextMarkerVerifier] Verification passed: The total number of text markers matching type CodeSnippetField is expected to be 1 within a timeout of 00:00:10. It was 1.
    (28:01.361) [Visual Studio Host (11564):TextEditorDocumentWindowTestExtension] Showing window 'snippets.css' without activating the window.
    (28:01.429) [Visual Studio Host (11564):TextEditorDocumentWindowTestExtension] Showing window 'snippets.css'.
    (28:01.501) [Visual Studio Host (11564):KeyboardCommands] Sending '1' tabs.
    (28:01.594) [Visual Studio Host (11564):TextEditorDocumentWindowTestExtension] Showing window 'snippets.css' without activating the window.
    (28:01.658) [Visual Studio Host (11564):TextEditorDocumentWindowTestExtension] Showing window 'snippets.css'.
    (28:01.727) [Visual Studio Host (11564):KeyboardCommands] Sending '1' tabs.
    (28:01.793) [Visual Studio Host (11564):TextEditorDocumentWindowTestExtension] Showing window 'snippets.css' without activating the window.
    (28:01.850) [Visual Studio Host (11564):TextEditorDocumentWindowTestExtension] Showing window 'snippets.css'.
    (28:01.925) [Visual Studio Host (11564):KeyboardCommands] Sending the Return key 1 times.
    (28:02.002) [Visual Studio Host (11564):TextEditorDocumentWindowTestExtension] Showing window 'snippets.css' without activating the window.
    (28:02.092) [Visual Studio Host (11564):TextEditorDocumentWindowTestExtension] Showing window 'snippets.css'.
    (28:02.172) [Visual Studio Host (11564):TextEditorDocumentWindowTestExtension] Showing window 'snippets.css' without activating the window.
    (28:02.232) [Visual Studio Host (11564):TextEditorDocumentWindowTestExtension] Showing window 'snippets.css'.
    (28:02.302) [Visual Studio Host (11564):TextEditorDocumentWindowTestExtension] Showing window 'snippets.css' without activating the window.
    (28:02.361) [Visual Studio Host (11564):TextEditorDocumentWindowTestExtension] Showing window 'snippets.css'.
    (28:02.442) [Visual Studio Host (11564):VisualStudioCaretTestExtension] Moving the caret from (Ln: 14, Ch: 2) to line '7'
    (28:02.491) [Visual Studio Host (11564):VisualStudioTextEditorTestExtension] Setting keyboard focus to editor 'snippets.css'.
    (28:02.551) [Visual Studio Host (11564):TextEditorDocumentWindowTestExtension] Showing window 'snippets.css' without activating the window.
    (28:02.617) [Visual Studio Host (11564):TextEditorDocumentWindowTestExtension] Showing window 'snippets.css'.
    (28:02.686) [Visual Studio Host (11564):VisualStudioTextEditingActions] Inserting 'animation' at position (Ln: 7, Ch: 1).
    (28:02.738) [Visual Studio Host (11564):KeyboardCommands] Sending '1' tabs.
    (28:02.800) [Visual Studio Host (11564):KeyboardCommands] Sending the Return key 1 times.
    (28:02.890) [Visual Studio Host (11564):TextEditorDocumentWindowTestExtension] Showing window 'snippets.css' without activating the window.
    (28:02.950) [Visual Studio Host (11564):TextEditorDocumentWindowTestExtension] Showing window 'snippets.css'.
    (28:03.026) [Visual Studio Host (11564):TextEditorDocumentWindowTestExtension] Showing window 'snippets.css' without activating the window.
    (28:03.090) [Visual Studio Host (11564):TextEditorDocumentWindowTestExtension] Showing window 'snippets.css'.
    (28:03.190) [Visual Studio Host (11564):TextEditorDocumentWindowTestExtension] Showing window 'snippets.css' without activating the window.
    (28:03.270) [Visual Studio Host (11564):TextEditorDocumentWindowTestExtension] Showing window 'snippets.css'.
    (28:03.368) [Visual Studio Host (11564):VisualStudioCaretTestExtension] Moving the caret from (Ln: 10, Ch: 24) to line '3'
    (28:03.441) [Visual Studio Host (11564):VisualStudioTextEditorTestExtension] Setting keyboard focus to editor 'snippets.css'.
    (28:03.495) [Visual Studio Host (11564):TextEditorDocumentWindowTestExtension] Showing window 'snippets.css' without activating the window.
    (28:03.557) [Visual Studio Host (11564):TextEditorDocumentWindowTestExtension] Showing window 'snippets.css'.
    (28:03.621) [Visual Studio Host (11564):VisualStudioTextEditingActions] Inserting 'animation' at position (Ln: 3, Ch: 1).
    (28:03.669) [Visual Studio Host (11564):KeyboardCommands] Sending '1' tabs.
    (28:03.735) [Visual Studio Host (11564):KeyboardCommands] Sending the Return key 1 times.
    (28:03.789) [Visual Studio Host (11564):TextEditorDocumentWindowTestExtension] Showing window 'snippets.css' without activating the window.
    (28:03.842) [Visual Studio Host (11564):TextEditorDocumentWindowTestExtension] Showing window 'snippets.css'.
    (28:03.901) [Visual Studio Host (11564):TextEditorDocumentWindowTestExtension] Showing window 'snippets.css' without activating the window.
    (28:03.949) [Visual Studio Host (11564):TextEditorDocumentWindowTestExtension] Showing window 'snippets.css'.
    + ExternalProcessHostTest TestCleanup
        (28:04.081) [Visual Studio Host (11564):TextEditorDocumentWindowTestExtension] Closing window 'snippets.css'.
        (28:04.239) [Platform:Testcase] Test 'VSTest_CSS_Snippets' has 'Passed' outcome. Therefore, Apex will not shut down the 'Visual Studio Host (11564)' with process ID '11564'. A subsequent test scenario will run on the same instance of the host.
    + Final Test Result Verification
        (28:04.444) [Platform:DelayedAssertionVerifierSink] Verification Success: 0 verification steps failed.
    + ApexTest TestCleanup</StdOut>
      </Output>
      <ResultFiles>
        <ResultFile path="WNVM19648\Fail.azqsczivabnm.png" />
        <ResultFile path="WNVM19648\Fail.ig2gsfz5ad1y.png" />
        <ResultFile path="WNVM19648\Fail.o5zf0zepaw0l.png" />
        <ResultFile path="WNVM19648\OmniLog.html" />
        <ResultFile path="WNVM19648\OmniLogRawXml.xml" />
      </ResultFiles>
    </UnitTestResult>
    <UnitTestResult executionId="71734cc3-819a-41b2-bd92-db7be3d535a2" testId="0c097c72-1b6e-2dd4-f138-6ee2e44cfa5b" testName="VSTest_LESS_Colorization" computerName="WNVM19648" duration="00:00:05.6245521" startTime="2018-04-17T02:28:25.8145253-07:00" endTime="2018-04-17T02:28:31.4390774-07:00" testType="13cdc9d9-ddb5-4fa4-a97d-d965ccfc6d4b" outcome="Passed" testListId="8c84fa94-04c1-424b-9868-57a2d4851a1d" relativeResultsDirectory="71734cc3-819a-41b2-bd92-db7be3d535a2">
      <Output>
        <StdOut>+ LessColorizationTests::VSTest_LESS_Colorization
    + ApexTest TestInitialize
    + ExternalProcessHostTest TestInitialize
        (02:30:07.822) [Visual Studio Host (8832):RoamingSettingsService] Disabling roaming settings.
        (02:30:08.034) [Visual Studio Host (8832):SettingsService] Setting Visual Studio option 'Environment\RoamingSettings\RoamingEnabled' to 'False'.
        (02:30:08.860) [Visual Studio Host (8832):TextEditorDocumentWindowTestExtension] Showing window 'Colorization.less' without activating the window.
        (02:30:09.104) [Visual Studio Host (8832):TextEditorDocumentWindowTestExtension] Showing window 'Colorization.less'.
        (02:30:09.327) [Visual Studio Host (8832):VisualStudioTextEditorTestExtension] Setting keyboard focus to editor 'Colorization.less'.
        (02:30:09.527) [Visual Studio Host (8832):MainWindowService] Activating main window to bring it to the foreground.
        (02:30:09.744) [Visual Studio Host (8832):MainWindowService] Setting main window state to 'Maximized'.
    + ExternalProcessHostTest TestCleanup
        (02:30:10.465) [Visual Studio Host (8832):TextEditorDocumentWindowTestExtension] Closing window 'Colorization.less'.
        (02:30:10.846) [Platform:Testcase] Test 'VSTest_LESS_Colorization' has 'Passed' outcome. Therefore, Apex will not shut down the 'Visual Studio Host (8832)' with process ID '8832'. A subsequent test scenario will run on the same instance of the host.
    + Final Test Result Verification
        (02:30:11.524) [Platform:DelayedAssertionVerifierSink] Verification Success: 0 verification steps failed.
    + ApexTest TestCleanup</StdOut>
      </Output>
      <ResultFiles>
        <ResultFile path="WNVM19648\Fail.1naitrosadk5.png" />
        <ResultFile path="WNVM19648\Fail.22wpw0oka5fs.png" />
        <ResultFile path="WNVM19648\Fail.24wtv1jnawc3.png" />
        <ResultFile path="WNVM19648\Fail.2dvw33g3abcx.png" />
        <ResultFile path="WNVM19648\Fail.2lws5epta1gw.png" />
        <ResultFile path="WNVM19648\Fail.2osatv43agzz.png" />
        <ResultFile path="WNVM19648\Fail.33ju4eduay3u.png" />
        <ResultFile path="WNVM19648\Fail.3poblbx4alvv.png" />
        <ResultFile path="WNVM19648\Fail.4p531ykxaqdb.png" />
        <ResultFile path="WNVM19648\Fail.5ckvvlpiahzj.png" />
        <ResultFile path="WNVM19648\Fail.5erbsz3aa4ay.png" />
        <ResultFile path="WNVM19648\Fail.ashpv3rjajjr.png" />
        <ResultFile path="WNVM19648\Fail.aswak04hapa5.png" />
        <ResultFile path="WNVM19648\Fail.azqsczivabnm.png" />
        <ResultFile path="WNVM19648\Fail.byuslv5baqsd.png" />
        <ResultFile path="WNVM19648\Fail.bz134qwyax2e.png" />
        <ResultFile path="WNVM19648\Fail.cwkly5opaa5x.png" />
        <ResultFile path="WNVM19648\Fail.czhshhzmawco.png" />
        <ResultFile path="WNVM19648\Fail.ek4tb3wmalyl.png" />
        <ResultFile path="WNVM19648\Fail.fdtmbjciavfs.png" />
        <ResultFile path="WNVM19648\Fail.fh0tepfdaffp.png" />
        <ResultFile path="WNVM19648\Fail.hxi2cahnapy2.png" />
        <ResultFile path="WNVM19648\Fail.ig2gsfz5ad1y.png" />
        <ResultFile path="WNVM19648\Fail.iwqb3wycasom.png" />
        <ResultFile path="WNVM19648\Fail.iymeazuqablz.png" />
        <ResultFile path="WNVM19648\Fail.jpga4adlarrf.png" />
        <ResultFile path="WNVM19648\Fail.k12p4vaeagac.png" />
        <ResultFile path="WNVM19648\Fail.kfb5og41ajlt.png" />
        <ResultFile path="WNVM19648\Fail.kp4fcfcpa5bw.png" />
        <ResultFile path="WNVM19648\Fail.kxs1ersmaxma.png" />
        <ResultFile path="WNVM19648\Fail.lbyrcmqbastb.png" />
        <ResultFile path="WNVM19648\Fail.loc0xhl5a2hr.png" />
        <ResultFile path="WNVM19648\Fail.lthgvalfaxfr.png" />
        <ResultFile path="WNVM19648\Fail.mazsob3aamsp.png" />
        <ResultFile path="WNVM19648\Fail.n13clx4iaowv.png" />
        <ResultFile path="WNVM19648\Fail.n3c2bmltan5e.png" />
        <ResultFile path="WNVM19648\Fail.o4kkrjboasbk.png" />
        <ResultFile path="WNVM19648\Fail.o5zf0zepaw0l.png" />
        <ResultFile path="WNVM19648\Fail.pdo2mhdtanq2.png" />
        <ResultFile path="WNVM19648\Fail.pprwzak1ac5h.png" />
        <ResultFile path="WNVM19648\Fail.qagtqbftat3h.png" />
        <ResultFile path="WNVM19648\Fail.qbnuydioazjy.png" />
        <ResultFile path="WNVM19648\Fail.raasvsmeanc1.png" />
        <ResultFile path="WNVM19648\Fail.rymman3va50a.png" />
        <ResultFile path="WNVM19648\Fail.sidku4gxamg4.png" />
        <ResultFile path="WNVM19648\Fail.swwzdfhraz25.png" />
        <ResultFile path="WNVM19648\Fail.t4yj0fxuatil.png" />
        <ResultFile path="WNVM19648\Fail.v0ywfcwsa23p.png" />
        <ResultFile path="WNVM19648\Fail.vjqtiv2zaclz.png" />
        <ResultFile path="WNVM19648\Fail.w3wlbab1aii5.png" />
        <ResultFile path="WNVM19648\Fail.wiz4mofdavag.png" />
        <ResultFile path="WNVM19648\Fail.xasrdkzvaogc.png" />
        <ResultFile path="WNVM19648\Fail.yd3ferxiaq1c.png" />
        <ResultFile path="WNVM19648\Fail.z10rn0n5ajdm.png" />
        <ResultFile path="WNVM19648\Fail.z2gelfy0aa1q.png" />
        <ResultFile path="WNVM19648\Fail.zpuouf2fa0ib.png" />
        <ResultFile path="WNVM19648\OmniLog.html" />
        <ResultFile path="WNVM19648\OmniLogRawXml.xml" />
      </ResultFiles>
    </UnitTestResult>
    <UnitTestResult executionId="1911e796-68b8-42e1-9ec7-ac154baf3754" testId="d07ebef1-0fca-2205-2b6c-3c3767a7e718" testName="VSTest_JSON_DiffViewer (SideBySide)" computerName="WNVM19648" startTime="2018-04-17T02:21:00.0622598-07:00" endTime="2018-04-17T02:21:00.0622598-07:00" testType="13cdc9d9-ddb5-4fa4-a97d-d965ccfc6d4b" outcome="NotExecuted" testListId="8c84fa94-04c1-424b-9868-57a2d4851a1d" relativeResultsDirectory="1911e796-68b8-42e1-9ec7-ac154baf3754">
      <Output>
      </Output>
    </UnitTestResult>
    <UnitTestResult executionId="4589769d-6646-4b25-b186-b2ff24978db7" testId="1167d1ff-dc9d-42c4-86d6-24be91ecae47" testName="VSTest_Razor_TagHelpers_Completion_TagStructure" computerName="WNVM19648" duration="00:00:25.7830444" startTime="2018-04-17T01:17:53.4204076-07:00" endTime="2018-04-17T01:18:19.2034520-07:00" testType="13cdc9d9-ddb5-4fa4-a97d-d965ccfc6d4b" outcome="Passed" testListId="8c84fa94-04c1-424b-9868-57a2d4851a1d" relativeResultsDirectory="4589769d-6646-4b25-b186-b2ff24978db7">
      <Output>
        <StdOut>+ RazorTagHelperTests::VSTest_Razor_TagHelpers_Completion_TagStructure
    + ApexTest TestInitialize
    + ExternalProcessHostTest TestInitialize
        (01:19:35.242) [Visual Studio Host (8016):RoamingSettingsService] Disabling roaming settings.
        (01:19:35.400) [Visual Studio Host (8016):SettingsService] Setting Visual Studio option 'Environment\RoamingSettings\RoamingEnabled' to 'False'.
        (01:19:36.267) [Visual Studio Host (8016):TextEditorDocumentWindowTestExtension] Showing window 'TagHelpers.cshtml' without activating the window.
        (01:19:36.522) [Visual Studio Host (8016):TextEditorDocumentWindowTestExtension] Showing window 'TagHelpers.cshtml'.
        (01:19:36.748) [Visual Studio Host (8016):VisualStudioTextEditorTestExtension] Setting keyboard focus to editor 'TagHelpers.cshtml'.
        (01:19:36.932) [Visual Studio Host (8016):MainWindowService] Activating main window to bring it to the foreground.
        (01:19:37.116) [Visual Studio Host (8016):MainWindowService] Setting main window state to 'Maximized'.
    (01:19:37.512) [Visual Studio Host (8016):TextEditorDocumentWindowTestExtension] Showing window 'TagHelpers.cshtml' without activating the window.
    (01:19:37.705) [Visual Studio Host (8016):TextEditorDocumentWindowTestExtension] Showing window 'TagHelpers.cshtml'.
    (01:19:37.908) [Visual Studio Host (8016):VisualStudioCaretTestExtension] Moving the caret to '&lt;body&gt;' at (Ln: 5, Ch: 1) based on a regular expression.  Expression = "()&lt;body&gt;" [group index '0', match index '1', options 'Singleline, CultureInvariant']
    (01:19:39.661) [Visual Studio Host (8016):TextEditorDocumentWindowTestExtension] Showing window 'TagHelpers.cshtml' without activating the window.
    (01:19:41.350) [Visual Studio Host (8016):TextEditorDocumentWindowTestExtension] Showing window 'TagHelpers.cshtml'.
    (01:19:43.064) [Visual Studio Host (8016):VisualStudioCaretTestExtension] Moving the caret from (Ln: 5, Ch: 1) down '1' lines
    (01:19:43.241) [Visual Studio Host (8016):VisualStudioTextEditorTestExtension] Setting keyboard focus to editor 'TagHelpers.cshtml'.
    (01:19:43.458) [Visual Studio Host (8016):TextEditorDocumentWindowTestExtension] Showing window 'TagHelpers.cshtml' without activating the window.
    (01:19:43.691) [Visual Studio Host (8016):TextEditorDocumentWindowTestExtension] Showing window 'TagHelpers.cshtml'.
    (01:19:43.939) [Visual Studio Host (8016):TextEditorDocumentWindowTestExtension] Showing window 'TagHelpers.cshtml' without activating the window.
    (01:19:44.168) [Visual Studio Host (8016):TextEditorDocumentWindowTestExtension] Showing window 'TagHelpers.cshtml'.
    (01:19:44.438) [Visual Studio Host (8016):VisualStudioIntellisenseService] Getting the active completion at position '(Ln: 6, Ch: 2)'.
    (01:19:44.653) [Visual Studio Host (8016):VisualStudioCompletionListTestExtension] Found completion item with name 
    (01:19:44.830) [Visual Studio Host (8016):VisualStudioIntellisenseService] Getting the active completion at position '(Ln: 6, Ch: 2)'.
    (01:19:45.022) [Visual Studio Host (8016):VisualStudioCompletionListTestExtension] Found completion item with name 
    (01:19:45.197) [Visual Studio Host (8016):VisualStudioCompletionListTestExtension] Selecting completion item 'parent'.
    (01:19:45.401) [Visual Studio Host (8016):VisualStudioCompletionListTestExtension] Committing 'parent' completion item.
    (01:19:45.613) [Visual Studio Host (8016):TextEditorDocumentWindowTestExtension] Showing window 'TagHelpers.cshtml' without activating the window.
    (01:19:45.903) [Visual Studio Host (8016):TextEditorDocumentWindowTestExtension] Showing window 'TagHelpers.cshtml'.
    (01:19:46.117) [Visual Studio Host (8016):TextEditorDocumentWindowTestExtension] Showing window 'TagHelpers.cshtml' without activating the window.
    (01:19:46.316) [Visual Studio Host (8016):TextEditorDocumentWindowTestExtension] Showing window 'TagHelpers.cshtml'.
    VerificationPass: (01:19:46.607) [Visual Studio Host (8016):CaretVerifier] Verification passed: The current line text is '&lt;parent&gt;&lt;/parent&gt;'; the expected text is '&lt;parent&gt;&lt;/parent&gt;'; trim = 'True'; &lt;ComparisonType: OrdinalIgnoreCase&gt;
    (01:19:46.791) [Visual Studio Host (8016):TextEditorDocumentWindowTestExtension] Showing window 'TagHelpers.cshtml' without activating the window.
    (01:19:46.971) [Visual Studio Host (8016):TextEditorDocumentWindowTestExtension] Showing window 'TagHelpers.cshtml'.
    (01:19:47.191) [Visual Studio Host (8016):KeyboardCommands] Sending the Return key 1 times.
    (01:19:47.382) [Visual Studio Host (8016):TextEditorDocumentWindowTestExtension] Showing window 'TagHelpers.cshtml' without activating the window.
    (01:19:47.563) [Visual Studio Host (8016):TextEditorDocumentWindowTestExtension] Showing window 'TagHelpers.cshtml'.
    (01:19:47.810) [Visual Studio Host (8016):TextEditorDocumentWindowTestExtension] Showing window 'TagHelpers.cshtml' without activating the window.
    (01:19:48.112) [Visual Studio Host (8016):TextEditorDocumentWindowTestExtension] Showing window 'TagHelpers.cshtml'.
    (01:19:48.357) [Visual Studio Host (8016):VisualStudioIntellisenseService] Getting the active completion at position '(Ln: 7, Ch: 2)'.
    (01:19:48.555) [Visual Studio Host (8016):VisualStudioCompletionListTestExtension] Found completion item with name 
    (01:19:48.729) [Visual Studio Host (8016):VisualStudioIntellisenseService] Getting the active completion at position '(Ln: 7, Ch: 2)'.
    (01:19:48.927) [Visual Studio Host (8016):VisualStudioCompletionListTestExtension] Found completion item with name 
    (01:19:49.099) [Visual Studio Host (8016):VisualStudioCompletionListTestExtension] Selecting completion item 'child'.
    (01:19:49.274) [Visual Studio Host (8016):VisualStudioCompletionListTestExtension] Committing 'child' completion item.
    (01:19:49.480) [Visual Studio Host (8016):TextEditorDocumentWindowTestExtension] Showing window 'TagHelpers.cshtml' without activating the window.
    (01:19:49.685) [Visual Studio Host (8016):TextEditorDocumentWindowTestExtension] Showing window 'TagHelpers.cshtml'.
    (01:19:49.935) [Visual Studio Host (8016):TextEditorDocumentWindowTestExtension] Showing window 'TagHelpers.cshtml' without activating the window.
    (01:19:50.108) [Visual Studio Host (8016):TextEditorDocumentWindowTestExtension] Showing window 'TagHelpers.cshtml'.
    VerificationPass: (01:19:50.316) [Visual Studio Host (8016):CaretVerifier] Verification passed: The current line text is '&lt;child&gt;&lt;/child&gt;'; the expected text is '&lt;child&gt;&lt;/child&gt;'; trim = 'True'; &lt;ComparisonType: OrdinalIgnoreCase&gt;
    (01:19:50.505) [Visual Studio Host (8016):TextEditorDocumentWindowTestExtension] Showing window 'TagHelpers.cshtml' without activating the window.
    (01:19:50.690) [Visual Studio Host (8016):TextEditorDocumentWindowTestExtension] Showing window 'TagHelpers.cshtml'.
    (01:19:50.873) [Visual Studio Host (8016):KeyboardCommands] Sending the Return key 1 times.
    (01:19:51.085) [Visual Studio Host (8016):TextEditorDocumentWindowTestExtension] Showing window 'TagHelpers.cshtml' without activating the window.
    (01:19:51.293) [Visual Studio Host (8016):TextEditorDocumentWindowTestExtension] Showing window 'TagHelpers.cshtml'.
    (01:19:51.512) [Visual Studio Host (8016):TextEditorDocumentWindowTestExtension] Showing window 'TagHelpers.cshtml' without activating the window.
    (01:19:51.725) [Visual Studio Host (8016):TextEditorDocumentWindowTestExtension] Showing window 'TagHelpers.cshtml'.
    (01:19:51.949) [Visual Studio Host (8016):VisualStudioIntellisenseService] Getting the active completion at position '(Ln: 8, Ch: 2)'.
    (01:19:52.118) [Visual Studio Host (8016):VisualStudioCompletionListTestExtension] Found completion item with name 
    (01:19:52.305) [Visual Studio Host (8016):VisualStudioIntellisenseService] Getting the active completion at position '(Ln: 8, Ch: 2)'.
    (01:19:52.503) [Visual Studio Host (8016):VisualStudioCompletionListTestExtension] Found completion item with name 
    (01:19:52.697) [Visual Studio Host (8016):VisualStudioCompletionListTestExtension] Selecting completion item 'grandchild1'.
    (01:19:52.865) [Visual Studio Host (8016):VisualStudioCompletionListTestExtension] Committing 'grandchild1' completion item.
    (01:19:53.096) [Visual Studio Host (8016):TextEditorDocumentWindowTestExtension] Showing window 'TagHelpers.cshtml' without activating the window.
    (01:19:53.319) [Visual Studio Host (8016):TextEditorDocumentWindowTestExtension] Showing window 'TagHelpers.cshtml'.
    (01:19:53.561) [Visual Studio Host (8016):TextEditorDocumentWindowTestExtension] Showing window 'TagHelpers.cshtml' without activating the window.
    (01:19:53.718) [Visual Studio Host (8016):TextEditorDocumentWindowTestExtension] Showing window 'TagHelpers.cshtml'.
    VerificationPass: (01:19:53.914) [Visual Studio Host (8016):CaretVerifier] Verification passed: The current line text is '&lt;grandchild1 /&gt;'; the expected text is '&lt;grandchild1 /&gt;'; trim = 'True'; &lt;ComparisonType: OrdinalIgnoreCase&gt;
    (01:19:54.188) [Visual Studio Host (8016):TextEditorDocumentWindowTestExtension] Showing window 'TagHelpers.cshtml' without activating the window.
    (01:19:54.386) [Visual Studio Host (8016):TextEditorDocumentWindowTestExtension] Showing window 'TagHelpers.cshtml'.
    (01:19:54.588) [Visual Studio Host (8016):KeyboardCommands] Sending the Return key 1 times.
    (01:19:54.794) [Visual Studio Host (8016):TextEditorDocumentWindowTestExtension] Showing window 'TagHelpers.cshtml' without activating the window.
    (01:19:54.974) [Visual Studio Host (8016):TextEditorDocumentWindowTestExtension] Showing window 'TagHelpers.cshtml'.
    (01:19:55.232) [Visual Studio Host (8016):TextEditorDocumentWindowTestExtension] Showing window 'TagHelpers.cshtml' without activating the window.
    (01:19:55.495) [Visual Studio Host (8016):TextEditorDocumentWindowTestExtension] Showing window 'TagHelpers.cshtml'.
    (01:19:55.718) [Visual Studio Host (8016):VisualStudioIntellisenseService] Getting the active completion at position '(Ln: 9, Ch: 6)'.
    (01:19:55.911) [Visual Studio Host (8016):VisualStudioCompletionListTestExtension] Found completion item with name 
    (01:19:56.086) [Visual Studio Host (8016):VisualStudioIntellisenseService] Getting the active completion at position '(Ln: 9, Ch: 6)'.
    (01:19:56.255) [Visual Studio Host (8016):VisualStudioCompletionListTestExtension] Found completion item with name 
    (01:19:56.430) [Visual Studio Host (8016):VisualStudioCompletionListTestExtension] Selecting completion item 'grandchild2'.
    (01:19:56.609) [Visual Studio Host (8016):VisualStudioCompletionListTestExtension] Committing 'grandchild2' completion item.
    (01:19:56.798) [Visual Studio Host (8016):TextEditorDocumentWindowTestExtension] Showing window 'TagHelpers.cshtml' without activating the window.
    (01:19:57.121) [Visual Studio Host (8016):TextEditorDocumentWindowTestExtension] Showing window 'TagHelpers.cshtml'.
    (01:19:57.604) [Visual Studio Host (8016):TextEditorDocumentWindowTestExtension] Showing window 'TagHelpers.cshtml' without activating the window.
    (01:19:57.811) [Visual Studio Host (8016):TextEditorDocumentWindowTestExtension] Showing window 'TagHelpers.cshtml'.
    VerificationPass: (01:19:58.056) [Visual Studio Host (8016):CaretVerifier] Verification passed: The current line text is '&lt;grandchild2&gt;&lt;/grandchild2&gt;'; the expected text is '&lt;grandchild2&gt;&lt;/grandchild2&gt;'; trim = 'True'; &lt;ComparisonType: OrdinalIgnoreCase&gt;
    + ExternalProcessHostTest TestCleanup
        (01:19:58.566) [Visual Studio Host (8016):TextEditorDocumentWindowTestExtension] Closing window 'TagHelpers.cshtml'.
        (01:19:58.871) [Platform:Testcase] Test 'VSTest_Razor_TagHelpers_Completion_TagStructure' has 'Passed' outcome. Therefore, Apex will not shut down the 'Visual Studio Host (8016)' with process ID '8016'. A subsequent test scenario will run on the same instance of the host.
    + Final Test Result Verification
        (01:19:59.479) [Platform:DelayedAssertionVerifierSink] Verification Success: 0 verification steps failed.
    + ApexTest TestCleanup</StdOut>
      </Output>
      <ResultFiles>
        <ResultFile path="WNVM19648\Fail.aswak04hapa5.png" />
        <ResultFile path="WNVM19648\Fail.azqsczivabnm.png" />
        <ResultFile path="WNVM19648\Fail.ek4tb3wmalyl.png" />
        <ResultFile path="WNVM19648\Fail.ig2gsfz5ad1y.png" />
        <ResultFile path="WNVM19648\Fail.o4kkrjboasbk.png" />
        <ResultFile path="WNVM19648\Fail.o5zf0zepaw0l.png" />
        <ResultFile path="WNVM19648\Fail.raasvsmeanc1.png" />
        <ResultFile path="WNVM19648\Fail.t4yj0fxuatil.png" />
        <ResultFile path="WNVM19648\Fail.z10rn0n5ajdm.png" />
        <ResultFile path="WNVM19648\OmniLog.html" />
        <ResultFile path="WNVM19648\OmniLogRawXml.xml" />
      </ResultFiles>
    </UnitTestResult>
    <UnitTestResult executionId="41af0ff1-cc4c-4eb8-b3f6-a1d0023cbe3f" testId="7c436d87-ecad-a4b7-1410-4c750712f744" testName="VSTest_RazorV4CsFormatCodeBlock_FormatRazorAttribute" computerName="WNVM19648" duration="00:00:06.3007355" startTime="2018-04-17T01:03:11.1940534-07:00" endTime="2018-04-17T01:03:17.4947889-07:00" testType="13cdc9d9-ddb5-4fa4-a97d-d965ccfc6d4b" outcome="Passed" testListId="8c84fa94-04c1-424b-9868-57a2d4851a1d" relativeResultsDirectory="41af0ff1-cc4c-4eb8-b3f6-a1d0023cbe3f">
      <Output>
        <StdOut>+ CSharpFormattingTests::VSTest_RazorV4CsFormatCodeBlock_FormatRazorAttribute
    + ApexTest TestInitialize
    + ExternalProcessHostTest TestInitialize
        (01:04:52.903) [Visual Studio Host (4384):RoamingSettingsService] Disabling roaming settings.
        (01:04:53.027) [Visual Studio Host (4384):SettingsService] Setting Visual Studio option 'Environment\RoamingSettings\RoamingEnabled' to 'False'.
        (01:04:53.363) [Visual Studio Host (4384):TextEditorDocumentWindowTestExtension] Showing window 'FormatRazorAttribute.cshtml' without activating the window.
        (01:04:53.523) [Visual Studio Host (4384):TextEditorDocumentWindowTestExtension] Showing window 'FormatRazorAttribute.cshtml'.
        (01:04:53.695) [Visual Studio Host (4384):VisualStudioTextEditorTestExtension] Setting keyboard focus to editor 'FormatRazorAttribute.cshtml'.
        (01:04:53.833) [Visual Studio Host (4384):MainWindowService] Activating main window to bring it to the foreground.
        (01:04:53.990) [Visual Studio Host (4384):MainWindowService] Setting main window state to 'Maximized'.
    (01:04:54.267) [Visual Studio Host (4384):TextEditorDocumentWindowTestExtension] Showing window 'FormatRazorAttribute.cshtml' without activating the window.
    (01:04:54.396) [Visual Studio Host (4384):TextEditorDocumentWindowTestExtension] Showing window 'FormatRazorAttribute.cshtml'.
    (01:04:54.541) [Visual Studio Host (4384):VisualStudioCaretTestExtension] Moving the caret from (Ln: 1, Ch: 1) to (Ln: 2, Ch: 5)
    (01:04:54.668) [Visual Studio Host (4384):TextEditorDocumentWindowTestExtension] Showing window 'FormatRazorAttribute.cshtml' without activating the window.
    (01:04:54.801) [Visual Studio Host (4384):TextEditorDocumentWindowTestExtension] Showing window 'FormatRazorAttribute.cshtml'.
    (01:04:55.993) [Visual Studio Host (4384):TextEditorDocumentWindowTestExtension] Showing window 'FormatRazorAttribute.cshtml' without activating the window.
    (01:04:56.184) [Visual Studio Host (4384):TextEditorDocumentWindowTestExtension] Showing window 'FormatRazorAttribute.cshtml'.
    + ExternalProcessHostTest TestCleanup
        (01:04:56.756) [Visual Studio Host (4384):TextEditorDocumentWindowTestExtension] Closing window 'FormatRazorAttribute.cshtml'.
        (01:04:57.106) [Platform:Testcase] Test 'VSTest_RazorV4CsFormatCodeBlock_FormatRazorAttribute' has 'Passed' outcome. Therefore, Apex will not shut down the 'Visual Studio Host (4384)' with process ID '4384'. A subsequent test scenario will run on the same instance of the host.
    + Final Test Result Verification
        (01:04:57.745) [Platform:DelayedAssertionVerifierSink] Verification Success: 0 verification steps failed.
    + ApexTest TestCleanup</StdOut>
      </Output>
      <ResultFiles>
        <ResultFile path="WNVM19648\Fail.azqsczivabnm.png" />
        <ResultFile path="WNVM19648\Fail.ig2gsfz5ad1y.png" />
        <ResultFile path="WNVM19648\Fail.o5zf0zepaw0l.png" />
        <ResultFile path="WNVM19648\Fail.raasvsmeanc1.png" />
        <ResultFile path="WNVM19648\Fail.t4yj0fxuatil.png" />
        <ResultFile path="WNVM19648\Fail.z10rn0n5ajdm.png" />
        <ResultFile path="WNVM19648\OmniLog.html" />
        <ResultFile path="WNVM19648\OmniLogRawXml.xml" />
      </ResultFiles>
    </UnitTestResult>
    <UnitTestResult executionId="f8419202-6355-44af-bd08-e3c73f7ee6ab" testId="9700fe24-b2b5-e228-0529-3ea4e493229f" testName="VSTest_RazorV3Vb_FormatSelection_AndMoveCaret" computerName="WNVM19648" duration="00:00:08.5138744" startTime="2018-04-17T01:01:54.4234678-07:00" endTime="2018-04-17T01:02:02.9373422-07:00" testType="13cdc9d9-ddb5-4fa4-a97d-d965ccfc6d4b" outcome="Passed" testListId="8c84fa94-04c1-424b-9868-57a2d4851a1d" relativeResultsDirectory="f8419202-6355-44af-bd08-e3c73f7ee6ab">
      <Output>
        <StdOut>+ VBFormattingTests::VSTest_RazorV3Vb_FormatSelection_AndMoveCaret
    + ApexTest TestInitialize
    + ExternalProcessHostTest TestInitialize
        (01:03:36.150) [Visual Studio Host (4384):RoamingSettingsService] Disabling roaming settings.
        (01:03:36.279) [Visual Studio Host (4384):SettingsService] Setting Visual Studio option 'Environment\RoamingSettings\RoamingEnabled' to 'False'.
        (01:03:36.648) [Visual Studio Host (4384):TextEditorDocumentWindowTestExtension] Showing window 'FormatSelectionAndMoveCaret.vbhtml' without activating the window.
        (01:03:36.819) [Visual Studio Host (4384):TextEditorDocumentWindowTestExtension] Showing window 'FormatSelectionAndMoveCaret.vbhtml'.
        (01:03:37.005) [Visual Studio Host (4384):VisualStudioTextEditorTestExtension] Setting keyboard focus to editor 'FormatSelectionAndMoveCaret.vbhtml'.
        (01:03:37.176) [Visual Studio Host (4384):MainWindowService] Activating main window to bring it to the foreground.
        (01:03:37.325) [Visual Studio Host (4384):MainWindowService] Setting main window state to 'Maximized'.
    (01:03:37.643) [Visual Studio Host (4384):TextEditorDocumentWindowTestExtension] Showing window 'FormatSelectionAndMoveCaret.vbhtml' without activating the window.
    (01:03:37.815) [Visual Studio Host (4384):TextEditorDocumentWindowTestExtension] Showing window 'FormatSelectionAndMoveCaret.vbhtml'.
    (01:03:38.011) [Visual Studio Host (4384):VisualStudioCaretTestExtension] Moving the caret from (Ln: 1, Ch: 1) to (Ln: 5, Ch: 1)
    (01:03:38.180) [Visual Studio Host (4384):TextEditorDocumentWindowTestExtension] Showing window 'FormatSelectionAndMoveCaret.vbhtml'.
    (01:03:38.343) [Visual Studio Host (4384):VisualStudioCaretTestExtension] Moving the caret and selecting from (Ln: 5, Ch: 1) down '7' lines
    (01:03:38.529) [Visual Studio Host (4384):VisualStudioTextEditorTestExtension] Setting keyboard focus to editor 'FormatSelectionAndMoveCaret.vbhtml'.
    (01:03:38.885) [Visual Studio Host (4384):TextEditorDocumentWindowTestExtension] Showing window 'FormatSelectionAndMoveCaret.vbhtml'.
    (01:03:39.043) [Visual Studio Host (4384):VisualStudioCaretTestExtension] Moving the caret and selecting from (Ln: 12, Ch: 1) to the beginning of the line
    (01:03:39.180) [Visual Studio Host (4384):VisualStudioTextEditorTestExtension] Setting keyboard focus to editor 'FormatSelectionAndMoveCaret.vbhtml'.
    (01:03:39.329) [Visual Studio Host (4384):TextEditorDocumentWindowTestExtension] Showing window 'FormatSelectionAndMoveCaret.vbhtml'.
    (01:03:39.598) [Visual Studio Host (4384):TextEditorDocumentWindowTestExtension] Showing window 'FormatSelectionAndMoveCaret.vbhtml' without activating the window.
    (01:03:39.752) [Visual Studio Host (4384):TextEditorDocumentWindowTestExtension] Showing window 'FormatSelectionAndMoveCaret.vbhtml'.
    (01:03:39.945) [Visual Studio Host (4384):TextEditorDocumentWindowTestExtension] Showing window 'FormatSelectionAndMoveCaret.vbhtml' without activating the window.
    (01:03:40.088) [Visual Studio Host (4384):TextEditorDocumentWindowTestExtension] Showing window 'FormatSelectionAndMoveCaret.vbhtml'.
    (01:03:40.240) [Visual Studio Host (4384):TextEditorDocumentWindowTestExtension] Showing window 'FormatSelectionAndMoveCaret.vbhtml' without activating the window.
    (01:03:40.369) [Visual Studio Host (4384):TextEditorDocumentWindowTestExtension] Showing window 'FormatSelectionAndMoveCaret.vbhtml'.
    (01:03:40.525) [Visual Studio Host (4384):VisualStudioSelectionTestExtension] Selects line at '18'.
    (01:03:40.692) [Visual Studio Host (4384):VisualStudioCaretTestExtension] Moving the caret from (Ln: 12, Ch: 13) to line '18'
    (01:03:40.832) [Visual Studio Host (4384):VisualStudioTextEditorTestExtension] Setting keyboard focus to editor 'FormatSelectionAndMoveCaret.vbhtml'.
    (01:03:40.997) [Visual Studio Host (4384):VisualStudioSelectionTestExtension] Selects the current line.
    (01:03:41.149) [Visual Studio Host (4384):VisualStudioCaretTestExtension] Moving the caret from (Ln: 18, Ch: 13) to the beginning of the line
    (01:03:41.290) [Visual Studio Host (4384):VisualStudioTextEditorTestExtension] Setting keyboard focus to editor 'FormatSelectionAndMoveCaret.vbhtml'.
    (01:03:41.441) [Visual Studio Host (4384):VisualStudioCaretTestExtension] Moving the caret and selecting from (Ln: 18, Ch: 1) to the end of the line
    (01:03:41.581) [Visual Studio Host (4384):VisualStudioTextEditorTestExtension] Setting keyboard focus to editor 'FormatSelectionAndMoveCaret.vbhtml'.
    (01:03:41.718) [Visual Studio Host (4384):TextEditorDocumentWindowTestExtension] Showing window 'FormatSelectionAndMoveCaret.vbhtml' without activating the window.
    (01:03:41.863) [Visual Studio Host (4384):TextEditorDocumentWindowTestExtension] Showing window 'FormatSelectionAndMoveCaret.vbhtml'.
    (01:03:42.044) [Visual Studio Host (4384):VisualStudioCaretTestExtension] Moving the caret from (Ln: 18, Ch: 51) down '1' lines
    (01:03:42.231) [Visual Studio Host (4384):VisualStudioTextEditorTestExtension] Setting keyboard focus to editor 'FormatSelectionAndMoveCaret.vbhtml'.
    + ExternalProcessHostTest TestCleanup
        (01:03:42.555) [Visual Studio Host (4384):TextEditorDocumentWindowTestExtension] Closing window 'FormatSelectionAndMoveCaret.vbhtml'.
        (01:03:42.844) [Platform:Testcase] Test 'VSTest_RazorV3Vb_FormatSelection_AndMoveCaret' has 'Passed' outcome. Therefore, Apex will not shut down the 'Visual Studio Host (4384)' with process ID '4384'. A subsequent test scenario will run on the same instance of the host.
    + Final Test Result Verification
        (01:03:43.272) [Platform:DelayedAssertionVerifierSink] Verification Success: 0 verification steps failed.
    + ApexTest TestCleanup</StdOut>
      </Output>
      <ResultFiles>
        <ResultFile path="WNVM19648\Fail.azqsczivabnm.png" />
        <ResultFile path="WNVM19648\Fail.ig2gsfz5ad1y.png" />
        <ResultFile path="WNVM19648\Fail.o5zf0zepaw0l.png" />
        <ResultFile path="WNVM19648\Fail.raasvsmeanc1.png" />
        <ResultFile path="WNVM19648\Fail.t4yj0fxuatil.png" />
        <ResultFile path="WNVM19648\Fail.z10rn0n5ajdm.png" />
        <ResultFile path="WNVM19648\OmniLog.html" />
        <ResultFile path="WNVM19648\OmniLogRawXml.xml" />
      </ResultFiles>
    </UnitTestResult>
    <UnitTestResult executionId="39f6928f-6261-4987-95ec-b77bbb3f09b1" testId="a867e29a-a0b7-49e2-c65c-e6fe89b9877a" testName="VSTest_JSON_TypeThrough_Simple" computerName="WNVM19648" duration="00:00:16.7197835" startTime="2018-04-17T01:55:18.0872585-07:00" endTime="2018-04-17T01:55:34.8070420-07:00" testType="13cdc9d9-ddb5-4fa4-a97d-d965ccfc6d4b" outcome="Passed" testListId="8c84fa94-04c1-424b-9868-57a2d4851a1d" relativeResultsDirectory="39f6928f-6261-4987-95ec-b77bbb3f09b1">
      <Output>
        <StdOut>+ TypeThroughTests::VSTest_JSON_TypeThrough_Simple
    + ApexTest TestInitialize
    + ExternalProcessHostTest TestInitialize
        (01:56:59.920) [Visual Studio Host (6752):RoamingSettingsService] Disabling roaming settings.
        (01:57:00.061) [Visual Studio Host (6752):SettingsService] Setting Visual Studio option 'Environment\RoamingSettings\RoamingEnabled' to 'False'.
        (01:57:00.466) [Visual Studio Host (6752):TextEditorDocumentWindowTestExtension] Showing window 'EmptyWithoutSchema.json' without activating the window.
        (01:57:00.647) [Visual Studio Host (6752):TextEditorDocumentWindowTestExtension] Showing window 'EmptyWithoutSchema.json'.
        (01:57:00.804) [Visual Studio Host (6752):VisualStudioTextEditorTestExtension] Setting keyboard focus to editor 'EmptyWithoutSchema.json'.
        (01:57:00.983) [Visual Studio Host (6752):MainWindowService] Activating main window to bring it to the foreground.
        (01:57:01.174) [Visual Studio Host (6752):MainWindowService] Setting main window state to 'Maximized'.
    (01:57:01.545) [Visual Studio Host (6752):TextEditorDocumentWindowTestExtension] Showing window 'EmptyWithoutSchema.json' without activating the window.
    (01:57:01.719) [Visual Studio Host (6752):TextEditorDocumentWindowTestExtension] Showing window 'EmptyWithoutSchema.json'.
    (01:57:01.945) [Visual Studio Host (6752):VisualStudioCaretTestExtension] Moving the caret from (Ln: 1, Ch: 1) to (Ln: 2, Ch: 3)
    (01:57:02.330) [Visual Studio Host (6752):TextEditorDocumentWindowTestExtension] Showing window 'EmptyWithoutSchema.json' without activating the window.
    (01:57:02.677) [Visual Studio Host (6752):TextEditorDocumentWindowTestExtension] Showing window 'EmptyWithoutSchema.json'.
    (01:57:02.992) [Visual Studio Host (6752):VisualStudioTextEditingActions] Deleting to the end of line of the current caret position, position: '(Ln: 2, Ch: 3)', line: '2'
    (01:57:03.347) [Visual Studio Host (6752):VisualStudioTextEditingActions] Deleting to the beginning of line of the current caret position, position: '(Ln: 2, Ch: 3)', line: '2'
    (01:57:03.602) [Visual Studio Host (6752):TextEditorDocumentWindowTestExtension] Showing window 'EmptyWithoutSchema.json' without activating the window.
    (01:57:03.815) [Visual Studio Host (6752):TextEditorDocumentWindowTestExtension] Showing window 'EmptyWithoutSchema.json'.
    (01:57:04.311) [Visual Studio Host (6752):TextEditorDocumentWindowTestExtension] Showing window 'EmptyWithoutSchema.json' without activating the window.
    (01:57:04.486) [Visual Studio Host (6752):TextEditorDocumentWindowTestExtension] Showing window 'EmptyWithoutSchema.json'.
    (01:57:04.680) [Visual Studio Host (6752):TextEditorDocumentWindowTestExtension] Showing window 'EmptyWithoutSchema.json' without activating the window.
    (01:57:04.847) [Visual Studio Host (6752):TextEditorDocumentWindowTestExtension] Showing window 'EmptyWithoutSchema.json'.
    (01:57:05.014) [Visual Studio Host (6752):VisualStudioTextEditingActions] Deleting to the end of line of the current caret position, position: '(Ln: 2, Ch: 6)', line: '2'
    (01:57:05.190) [Visual Studio Host (6752):VisualStudioTextEditingActions] Deleting to the beginning of line of the current caret position, position: '(Ln: 2, Ch: 6)', line: '2'
    (01:57:05.439) [Visual Studio Host (6752):TextEditorDocumentWindowTestExtension] Showing window 'EmptyWithoutSchema.json' without activating the window.
    (01:57:05.616) [Visual Studio Host (6752):TextEditorDocumentWindowTestExtension] Showing window 'EmptyWithoutSchema.json'.
    (01:57:05.817) [Visual Studio Host (6752):TextEditorDocumentWindowTestExtension] Showing window 'EmptyWithoutSchema.json' without activating the window.
    (01:57:05.971) [Visual Studio Host (6752):TextEditorDocumentWindowTestExtension] Showing window 'EmptyWithoutSchema.json'.
    (01:57:06.136) [Visual Studio Host (6752):VisualStudioCaretTestExtension] Moving the caret from (Ln: 2, Ch: 3) to the beginning of the line
    (01:57:06.311) [Visual Studio Host (6752):VisualStudioTextEditorTestExtension] Setting keyboard focus to editor 'EmptyWithoutSchema.json'.
    (01:57:06.502) [Visual Studio Host (6752):TextEditorDocumentWindowTestExtension] Showing window 'EmptyWithoutSchema.json' without activating the window.
    (01:57:06.658) [Visual Studio Host (6752):TextEditorDocumentWindowTestExtension] Showing window 'EmptyWithoutSchema.json'.
    (01:57:06.867) [Visual Studio Host (6752):TextEditorDocumentWindowTestExtension] Showing window 'EmptyWithoutSchema.json' without activating the window.
    (01:57:07.050) [Visual Studio Host (6752):TextEditorDocumentWindowTestExtension] Showing window 'EmptyWithoutSchema.json'.
    (01:57:07.238) [Visual Studio Host (6752):TextEditorDocumentWindowTestExtension] Showing window 'EmptyWithoutSchema.json' without activating the window.
    (01:57:07.405) [Visual Studio Host (6752):TextEditorDocumentWindowTestExtension] Showing window 'EmptyWithoutSchema.json'.
    (01:57:07.600) [Visual Studio Host (6752):VisualStudioTextEditingActions] Deleting to the end of line of the current caret position, position: '(Ln: 2, Ch: 3)', line: '2'
    (01:57:07.792) [Visual Studio Host (6752):VisualStudioTextEditingActions] Deleting to the beginning of line of the current caret position, position: '(Ln: 2, Ch: 3)', line: '2'
    (01:57:07.979) [Visual Studio Host (6752):TextEditorDocumentWindowTestExtension] Showing window 'EmptyWithoutSchema.json' without activating the window.
    (01:57:08.164) [Visual Studio Host (6752):TextEditorDocumentWindowTestExtension] Showing window 'EmptyWithoutSchema.json'.
    (01:57:08.431) [Visual Studio Host (6752):TextEditorDocumentWindowTestExtension] Showing window 'EmptyWithoutSchema.json' without activating the window.
    (01:57:08.595) [Visual Studio Host (6752):TextEditorDocumentWindowTestExtension] Showing window 'EmptyWithoutSchema.json'.
    (01:57:08.763) [Visual Studio Host (6752):VisualStudioCaretTestExtension] Moving the caret from (Ln: 2, Ch: 4) to the beginning of the line
    (01:57:08.925) [Visual Studio Host (6752):VisualStudioTextEditorTestExtension] Setting keyboard focus to editor 'EmptyWithoutSchema.json'.
    (01:57:09.112) [Visual Studio Host (6752):TextEditorDocumentWindowTestExtension] Showing window 'EmptyWithoutSchema.json' without activating the window.
    (01:57:09.301) [Visual Studio Host (6752):TextEditorDocumentWindowTestExtension] Showing window 'EmptyWithoutSchema.json'.
    (01:57:09.547) [Visual Studio Host (6752):TextEditorDocumentWindowTestExtension] Showing window 'EmptyWithoutSchema.json' without activating the window.
    (01:57:09.733) [Visual Studio Host (6752):TextEditorDocumentWindowTestExtension] Showing window 'EmptyWithoutSchema.json'.
    (01:57:09.923) [Visual Studio Host (6752):TextEditorDocumentWindowTestExtension] Showing window 'EmptyWithoutSchema.json' without activating the window.
    (01:57:10.071) [Visual Studio Host (6752):TextEditorDocumentWindowTestExtension] Showing window 'EmptyWithoutSchema.json'.
    (01:57:10.278) [Visual Studio Host (6752):VisualStudioTextEditingActions] Deleting to the end of line of the current caret position, position: '(Ln: 2, Ch: 2)', line: '2'
    (01:57:10.479) [Visual Studio Host (6752):VisualStudioTextEditingActions] Deleting to the beginning of line of the current caret position, position: '(Ln: 2, Ch: 2)', line: '2'
    (01:57:10.716) [Visual Studio Host (6752):TextEditorDocumentWindowTestExtension] Showing window 'EmptyWithoutSchema.json' without activating the window.
    (01:57:10.914) [Visual Studio Host (6752):TextEditorDocumentWindowTestExtension] Showing window 'EmptyWithoutSchema.json'.
    (01:57:11.172) [Visual Studio Host (6752):TextEditorDocumentWindowTestExtension] Showing window 'EmptyWithoutSchema.json' without activating the window.
    (01:57:11.353) [Visual Studio Host (6752):TextEditorDocumentWindowTestExtension] Showing window 'EmptyWithoutSchema.json'.
    (01:57:11.536) [Visual Studio Host (6752):KeyboardCommands] Sending the Delete key 1 times.
    (01:57:11.719) [Visual Studio Host (6752):TextEditorDocumentWindowTestExtension] Showing window 'EmptyWithoutSchema.json' without activating the window.
    (01:57:11.926) [Visual Studio Host (6752):TextEditorDocumentWindowTestExtension] Showing window 'EmptyWithoutSchema.json'.
    (01:57:12.121) [Visual Studio Host (6752):VisualStudioCaretTestExtension] Moving the caret from (Ln: 2, Ch: 3) to the beginning of the line
    (01:57:12.300) [Visual Studio Host (6752):VisualStudioTextEditorTestExtension] Setting keyboard focus to editor 'EmptyWithoutSchema.json'.
    (01:57:12.501) [Visual Studio Host (6752):TextEditorDocumentWindowTestExtension] Showing window 'EmptyWithoutSchema.json' without activating the window.
    (01:57:12.678) [Visual Studio Host (6752):TextEditorDocumentWindowTestExtension] Showing window 'EmptyWithoutSchema.json'.
    (01:57:12.852) [Visual Studio Host (6752):VisualStudioCaretTestExtension] Moving the caret from (Ln: 2, Ch: 2) to the beginning of the line
    (01:57:13.033) [Visual Studio Host (6752):VisualStudioTextEditorTestExtension] Setting keyboard focus to editor 'EmptyWithoutSchema.json'.
    (01:57:13.212) [Visual Studio Host (6752):TextEditorDocumentWindowTestExtension] Showing window 'EmptyWithoutSchema.json' without activating the window.
    (01:57:13.395) [Visual Studio Host (6752):TextEditorDocumentWindowTestExtension] Showing window 'EmptyWithoutSchema.json'.
    (01:57:13.613) [Visual Studio Host (6752):TextEditorDocumentWindowTestExtension] Showing window 'EmptyWithoutSchema.json' without activating the window.
    (01:57:13.818) [Visual Studio Host (6752):TextEditorDocumentWindowTestExtension] Showing window 'EmptyWithoutSchema.json'.
    + ExternalProcessHostTest TestCleanup
        (01:57:14.191) [Visual Studio Host (6752):TextEditorDocumentWindowTestExtension] Closing window 'EmptyWithoutSchema.json'.
        (01:57:14.537) [Platform:Testcase] Test 'VSTest_JSON_TypeThrough_Simple' has 'Passed' outcome. Therefore, Apex will not shut down the 'Visual Studio Host (6752)' with process ID '6752'. A subsequent test scenario will run on the same instance of the host.
    + Final Test Result Verification
        (01:57:15.025) [Platform:DelayedAssertionVerifierSink] Verification Success: 0 verification steps failed.
    + ApexTest TestCleanup</StdOut>
      </Output>
      <ResultFiles>
        <ResultFile path="WNVM19648\Fail.22wpw0oka5fs.png" />
        <ResultFile path="WNVM19648\Fail.24wtv1jnawc3.png" />
        <ResultFile path="WNVM19648\Fail.2lws5epta1gw.png" />
        <ResultFile path="WNVM19648\Fail.33ju4eduay3u.png" />
        <ResultFile path="WNVM19648\Fail.3poblbx4alvv.png" />
        <ResultFile path="WNVM19648\Fail.4p531ykxaqdb.png" />
        <ResultFile path="WNVM19648\Fail.5erbsz3aa4ay.png" />
        <ResultFile path="WNVM19648\Fail.ashpv3rjajjr.png" />
        <ResultFile path="WNVM19648\Fail.aswak04hapa5.png" />
        <ResultFile path="WNVM19648\Fail.azqsczivabnm.png" />
        <ResultFile path="WNVM19648\Fail.byuslv5baqsd.png" />
        <ResultFile path="WNVM19648\Fail.bz134qwyax2e.png" />
        <ResultFile path="WNVM19648\Fail.ek4tb3wmalyl.png" />
        <ResultFile path="WNVM19648\Fail.hxi2cahnapy2.png" />
        <ResultFile path="WNVM19648\Fail.ig2gsfz5ad1y.png" />
        <ResultFile path="WNVM19648\Fail.iymeazuqablz.png" />
        <ResultFile path="WNVM19648\Fail.jpga4adlarrf.png" />
        <ResultFile path="WNVM19648\Fail.kfb5og41ajlt.png" />
        <ResultFile path="WNVM19648\Fail.kxs1ersmaxma.png" />
        <ResultFile path="WNVM19648\Fail.lbyrcmqbastb.png" />
        <ResultFile path="WNVM19648\Fail.loc0xhl5a2hr.png" />
        <ResultFile path="WNVM19648\Fail.lthgvalfaxfr.png" />
        <ResultFile path="WNVM19648\Fail.mazsob3aamsp.png" />
        <ResultFile path="WNVM19648\Fail.n13clx4iaowv.png" />
        <ResultFile path="WNVM19648\Fail.o4kkrjboasbk.png" />
        <ResultFile path="WNVM19648\Fail.o5zf0zepaw0l.png" />
        <ResultFile path="WNVM19648\Fail.pdo2mhdtanq2.png" />
        <ResultFile path="WNVM19648\Fail.pprwzak1ac5h.png" />
        <ResultFile path="WNVM19648\Fail.qagtqbftat3h.png" />
        <ResultFile path="WNVM19648\Fail.qbnuydioazjy.png" />
        <ResultFile path="WNVM19648\Fail.raasvsmeanc1.png" />
        <ResultFile path="WNVM19648\Fail.rymman3va50a.png" />
        <ResultFile path="WNVM19648\Fail.sidku4gxamg4.png" />
        <ResultFile path="WNVM19648\Fail.swwzdfhraz25.png" />
        <ResultFile path="WNVM19648\Fail.t4yj0fxuatil.png" />
        <ResultFile path="WNVM19648\Fail.v0ywfcwsa23p.png" />
        <ResultFile path="WNVM19648\Fail.vjqtiv2zaclz.png" />
        <ResultFile path="WNVM19648\Fail.wiz4mofdavag.png" />
        <ResultFile path="WNVM19648\Fail.yd3ferxiaq1c.png" />
        <ResultFile path="WNVM19648\Fail.z10rn0n5ajdm.png" />
        <ResultFile path="WNVM19648\Fail.z2gelfy0aa1q.png" />
        <ResultFile path="WNVM19648\Fail.zpuouf2fa0ib.png" />
        <ResultFile path="WNVM19648\OmniLog.html" />
        <ResultFile path="WNVM19648\OmniLogRawXml.xml" />
      </ResultFiles>
    </UnitTestResult>
    <UnitTestResult executionId="1926b2d9-f62f-406a-9d89-264da2e64461" testId="4e6307b4-c69c-4252-c293-f90365cd74e8" testName="VSTest_JSON_SchemaValidation_DependencyErrorAdded" computerName="WNVM19648" duration="00:00:15.3905840" startTime="2018-04-17T01:59:44.7934212-07:00" endTime="2018-04-17T02:00:00.1840052-07:00" testType="13cdc9d9-ddb5-4fa4-a97d-d965ccfc6d4b" outcome="Passed" testListId="8c84fa94-04c1-424b-9868-57a2d4851a1d" relativeResultsDirectory="1926b2d9-f62f-406a-9d89-264da2e64461">
      <Output>
        <StdOut>+ SchemaValidation::VSTest_JSON_SchemaValidation_DependencyErrorAdded
    + ApexTest TestInitialize
    + ExternalProcessHostTest TestInitialize
        (02:01:26.740) [Visual Studio Host (9768):RoamingSettingsService] Disabling roaming settings.
        (02:01:26.937) [Visual Studio Host (9768):SettingsService] Setting Visual Studio option 'Environment\RoamingSettings\RoamingEnabled' to 'False'.
        (02:01:27.408) [Visual Studio Host (9768):TextEditorDocumentWindowTestExtension] Showing window 'DependencyErrorAdded.json' without activating the window.
        (02:01:27.595) [Visual Studio Host (9768):TextEditorDocumentWindowTestExtension] Showing window 'DependencyErrorAdded.json'.
        (02:01:27.771) [Visual Studio Host (9768):VisualStudioTextEditorTestExtension] Setting keyboard focus to editor 'DependencyErrorAdded.json'.
        (02:01:27.937) [Visual Studio Host (9768):MainWindowService] Activating main window to bring it to the foreground.
        (02:01:28.147) [Visual Studio Host (9768):MainWindowService] Setting main window state to 'Maximized'.
    (02:01:28.515) [Visual Studio Host (9768):TextEditorDocumentWindowTestExtension] Showing window 'DependencyErrorAdded.json' without activating the window.
    (02:01:28.708) [Visual Studio Host (9768):TextEditorDocumentWindowTestExtension] Showing window 'DependencyErrorAdded.json'.
    (02:01:28.875) [Visual Studio Host (9768):ToolWindowTestExtension] Showing window 'Error List' without activating the window.
    (02:01:29.029) [Visual Studio Host (9768):ToolWindowTestExtension] Showing window 'Error List' without activating the window.
    (02:01:29.196) [Visual Studio Host (9768):ErrorListService] Showing error list error items.
    (02:01:29.364) [Visual Studio Host (9768):ToolWindowTestExtension] Showing window 'Error List' without activating the window.
    (02:01:29.522) [Visual Studio Host (9768):ErrorListService] Showing error list message items.
    (02:01:29.693) [Visual Studio Host (9768):ToolWindowTestExtension] Showing window 'Error List' without activating the window.
    (02:01:29.879) [Visual Studio Host (9768):ErrorListService] Showing error list warning items.
    (02:01:32.089) [Visual Studio Host (9768):TextEditorDocumentWindowTestExtension] Showing window 'DependencyErrorAdded.json' without activating the window.
    (02:01:32.244) [Visual Studio Host (9768):TextEditorDocumentWindowTestExtension] Showing window 'DependencyErrorAdded.json'.
    (02:01:32.393) [Visual Studio Host (9768):TextEditorDocumentWindowTestExtension] Showing window 'DependencyErrorAdded.json' without activating the window.
    (02:01:32.534) [Visual Studio Host (9768):TextEditorDocumentWindowTestExtension] Showing window 'DependencyErrorAdded.json'.
    (02:01:32.701) [Visual Studio Host (9768):VisualStudioCaretTestExtension] Moving the caret to '' at (Ln: 4, Ch: 20) based on a regular expression.  Expression = "5555()," [group index '1', match index '1', options 'Singleline, CultureInvariant']
    (02:01:32.871) [Visual Studio Host (9768):TextEditorDocumentWindowTestExtension] Showing window 'DependencyErrorAdded.json' without activating the window.
    (02:01:33.031) [Visual Studio Host (9768):TextEditorDocumentWindowTestExtension] Showing window 'DependencyErrorAdded.json'.
    (02:01:33.195) [Visual Studio Host (9768):TextEditorDocumentWindowTestExtension] Showing window 'DependencyErrorAdded.json' without activating the window.
    (02:01:33.337) [Visual Studio Host (9768):TextEditorDocumentWindowTestExtension] Showing window 'DependencyErrorAdded.json'.
    (02:01:33.538) [Visual Studio Host (9768):VisualStudioCaretTestExtension] Moving the caret to '' at (Ln: 5, Ch: 22) based on a regular expression.  Expression = ""billing_address": ""()" [group index '1', match index '1', options 'Singleline, CultureInvariant']
    (02:01:33.719) [Visual Studio Host (9768):TextEditorDocumentWindowTestExtension] Showing window 'DependencyErrorAdded.json' without activating the window.
    (02:01:33.879) [Visual Studio Host (9768):TextEditorDocumentWindowTestExtension] Showing window 'DependencyErrorAdded.json'.
    (02:01:34.061) [Visual Studio Host (9768):TextEditorDocumentWindowTestExtension] Showing window 'DependencyErrorAdded.json' without activating the window.
    (02:01:34.230) [Visual Studio Host (9768):TextEditorDocumentWindowTestExtension] Showing window 'DependencyErrorAdded.json'.
    (02:01:34.457) [Visual Studio Host (9768):VisualStudioSelectionTestExtension] Selecting ((Ln: 4, Ch: 20) - (Ln: 5, Ch: 22)).
    (02:01:34.668) [Visual Studio Host (9768):TextEditorDocumentWindowTestExtension] Showing window 'DependencyErrorAdded.json' without activating the window.
    (02:01:34.842) [Visual Studio Host (9768):TextEditorDocumentWindowTestExtension] Showing window 'DependencyErrorAdded.json'.
    (02:01:35.029) [Visual Studio Host (9768):KeyboardCommands] Sending the Delete key 1 times.
    (02:01:35.325) [Visual Studio Host (9768):TextEditorDocumentWindowTestExtension] Showing window 'DependencyErrorAdded.json' without activating the window.
    (02:01:35.500) [Visual Studio Host (9768):TextEditorDocumentWindowTestExtension] Showing window 'DependencyErrorAdded.json'.
    (02:01:35.665) [Visual Studio Host (9768):ToolWindowTestExtension] Showing window 'Error List' without activating the window.
    (02:01:35.850) [Visual Studio Host (9768):ToolWindowTestExtension] Showing window 'Error List' without activating the window.
    (02:01:36.015) [Visual Studio Host (9768):ErrorListService] Showing error list error items.
    (02:01:36.179) [Visual Studio Host (9768):ToolWindowTestExtension] Showing window 'Error List' without activating the window.
    (02:01:36.346) [Visual Studio Host (9768):ErrorListService] Showing error list message items.
    (02:01:36.515) [Visual Studio Host (9768):ToolWindowTestExtension] Showing window 'Error List' without activating the window.
    (02:01:36.670) [Visual Studio Host (9768):ErrorListService] Showing error list warning items.
    (02:01:38.856) [Visual Studio Host (9768):TextEditorDocumentWindowTestExtension] Showing window 'DependencyErrorAdded.json' without activating the window.
    (02:01:39.017) [Visual Studio Host (9768):TextEditorDocumentWindowTestExtension] Showing window 'DependencyErrorAdded.json'.
    + ExternalProcessHostTest TestCleanup
        (02:01:39.390) [Visual Studio Host (9768):TextEditorDocumentWindowTestExtension] Closing window 'DependencyErrorAdded.json'.
        (02:01:39.833) [Platform:Testcase] Test 'VSTest_JSON_SchemaValidation_DependencyErrorAdded' has 'Passed' outcome. Therefore, Apex will not shut down the 'Visual Studio Host (9768)' with process ID '9768'. A subsequent test scenario will run on the same instance of the host.
    + Final Test Result Verification
        (02:01:40.385) [Platform:DelayedAssertionVerifierSink] Verification Success: 0 verification steps failed.
    + ApexTest TestCleanup</StdOut>
      </Output>
      <ResultFiles>
        <ResultFile path="WNVM19648\Fail.22wpw0oka5fs.png" />
        <ResultFile path="WNVM19648\Fail.24wtv1jnawc3.png" />
        <ResultFile path="WNVM19648\Fail.2dvw33g3abcx.png" />
        <ResultFile path="WNVM19648\Fail.2lws5epta1gw.png" />
        <ResultFile path="WNVM19648\Fail.33ju4eduay3u.png" />
        <ResultFile path="WNVM19648\Fail.3poblbx4alvv.png" />
        <ResultFile path="WNVM19648\Fail.4p531ykxaqdb.png" />
        <ResultFile path="WNVM19648\Fail.5erbsz3aa4ay.png" />
        <ResultFile path="WNVM19648\Fail.ashpv3rjajjr.png" />
        <ResultFile path="WNVM19648\Fail.aswak04hapa5.png" />
        <ResultFile path="WNVM19648\Fail.azqsczivabnm.png" />
        <ResultFile path="WNVM19648\Fail.byuslv5baqsd.png" />
        <ResultFile path="WNVM19648\Fail.bz134qwyax2e.png" />
        <ResultFile path="WNVM19648\Fail.czhshhzmawco.png" />
        <ResultFile path="WNVM19648\Fail.ek4tb3wmalyl.png" />
        <ResultFile path="WNVM19648\Fail.hxi2cahnapy2.png" />
        <ResultFile path="WNVM19648\Fail.ig2gsfz5ad1y.png" />
        <ResultFile path="WNVM19648\Fail.iymeazuqablz.png" />
        <ResultFile path="WNVM19648\Fail.jpga4adlarrf.png" />
        <ResultFile path="WNVM19648\Fail.kfb5og41ajlt.png" />
        <ResultFile path="WNVM19648\Fail.kxs1ersmaxma.png" />
        <ResultFile path="WNVM19648\Fail.lbyrcmqbastb.png" />
        <ResultFile path="WNVM19648\Fail.loc0xhl5a2hr.png" />
        <ResultFile path="WNVM19648\Fail.lthgvalfaxfr.png" />
        <ResultFile path="WNVM19648\Fail.mazsob3aamsp.png" />
        <ResultFile path="WNVM19648\Fail.n13clx4iaowv.png" />
        <ResultFile path="WNVM19648\Fail.o4kkrjboasbk.png" />
        <ResultFile path="WNVM19648\Fail.o5zf0zepaw0l.png" />
        <ResultFile path="WNVM19648\Fail.pdo2mhdtanq2.png" />
        <ResultFile path="WNVM19648\Fail.pprwzak1ac5h.png" />
        <ResultFile path="WNVM19648\Fail.qagtqbftat3h.png" />
        <ResultFile path="WNVM19648\Fail.qbnuydioazjy.png" />
        <ResultFile path="WNVM19648\Fail.raasvsmeanc1.png" />
        <ResultFile path="WNVM19648\Fail.rymman3va50a.png" />
        <ResultFile path="WNVM19648\Fail.sidku4gxamg4.png" />
        <ResultFile path="WNVM19648\Fail.swwzdfhraz25.png" />
        <ResultFile path="WNVM19648\Fail.t4yj0fxuatil.png" />
        <ResultFile path="WNVM19648\Fail.v0ywfcwsa23p.png" />
        <ResultFile path="WNVM19648\Fail.vjqtiv2zaclz.png" />
        <ResultFile path="WNVM19648\Fail.wiz4mofdavag.png" />
        <ResultFile path="WNVM19648\Fail.yd3ferxiaq1c.png" />
        <ResultFile path="WNVM19648\Fail.z10rn0n5ajdm.png" />
        <ResultFile path="WNVM19648\Fail.z2gelfy0aa1q.png" />
        <ResultFile path="WNVM19648\Fail.zpuouf2fa0ib.png" />
        <ResultFile path="WNVM19648\OmniLog.html" />
        <ResultFile path="WNVM19648\OmniLogRawXml.xml" />
      </ResultFiles>
    </UnitTestResult>
    <UnitTestResult executionId="1aa403b0-57fa-4059-af08-cef6922220b6" testId="7eab7b0d-11d1-5214-eb35-a31a52f74827" testName="VSTest_RazorV3CsFormattingTest" computerName="WNVM19648" duration="00:00:07.9211372" startTime="2018-04-17T01:03:47.4177386-07:00" endTime="2018-04-17T01:03:55.3388758-07:00" testType="13cdc9d9-ddb5-4fa4-a97d-d965ccfc6d4b" outcome="Passed" testListId="8c84fa94-04c1-424b-9868-57a2d4851a1d" relativeResultsDirectory="1aa403b0-57fa-4059-af08-cef6922220b6">
      <Output>
        <StdOut>+ CSharpFormattingTests::VSTest_RazorV3CsFormattingTest
    + ApexTest TestInitialize
    + ExternalProcessHostTest TestInitialize
        (01:05:29.215) [Visual Studio Host (4384):RoamingSettingsService] Disabling roaming settings.
        (01:05:29.369) [Visual Studio Host (4384):SettingsService] Setting Visual Studio option 'Environment\RoamingSettings\RoamingEnabled' to 'False'.
        (01:05:29.851) [Visual Studio Host (4384):TextEditorDocumentWindowTestExtension] Showing window 'FormatCs.cshtml' without activating the window.
        (01:05:30.205) [Visual Studio Host (4384):TextEditorDocumentWindowTestExtension] Showing window 'FormatCs.cshtml'.
        (01:05:30.383) [Visual Studio Host (4384):VisualStudioTextEditorTestExtension] Setting keyboard focus to editor 'FormatCs.cshtml'.
        (01:05:30.541) [Visual Studio Host (4384):MainWindowService] Activating main window to bring it to the foreground.
        (01:05:30.735) [Visual Studio Host (4384):MainWindowService] Setting main window state to 'Maximized'.
    (01:05:34.252) [Visual Studio Host (4384):TextEditorDocumentWindowTestExtension] Showing window 'FormatCs.cshtml' without activating the window.
    (01:05:34.402) [Visual Studio Host (4384):TextEditorDocumentWindowTestExtension] Showing window 'FormatCs.cshtml'.
    + ExternalProcessHostTest TestCleanup
        (01:05:34.846) [Visual Studio Host (4384):TextEditorDocumentWindowTestExtension] Closing window 'FormatCs.cshtml'.
        (01:05:35.221) [Platform:Testcase] Test 'VSTest_RazorV3CsFormattingTest' has 'Passed' outcome. Therefore, Apex will not shut down the 'Visual Studio Host (4384)' with process ID '4384'. A subsequent test scenario will run on the same instance of the host.
    + Final Test Result Verification
        (01:05:35.679) [Platform:DelayedAssertionVerifierSink] Verification Success: 0 verification steps failed.
    + ApexTest TestCleanup</StdOut>
      </Output>
      <ResultFiles>
        <ResultFile path="WNVM19648\Fail.azqsczivabnm.png" />
        <ResultFile path="WNVM19648\Fail.ig2gsfz5ad1y.png" />
        <ResultFile path="WNVM19648\Fail.o5zf0zepaw0l.png" />
        <ResultFile path="WNVM19648\Fail.raasvsmeanc1.png" />
        <ResultFile path="WNVM19648\Fail.t4yj0fxuatil.png" />
        <ResultFile path="WNVM19648\Fail.z10rn0n5ajdm.png" />
        <ResultFile path="WNVM19648\OmniLog.html" />
        <ResultFile path="WNVM19648\OmniLogRawXml.xml" />
      </ResultFiles>
    </UnitTestResult>
    <UnitTestResult executionId="83a62c3f-7511-4de7-a06c-969fd9a85c8f" testId="3020f313-d33d-78cd-690a-5d3b0d567d35" testName="VSTest_RazorV4_ModelDirectiveCompletionInCshtml" computerName="WNVM19648" duration="00:00:21.8114559" startTime="2018-04-17T01:33:22.4650725-07:00" endTime="2018-04-17T01:33:44.2765284-07:00" testType="13cdc9d9-ddb5-4fa4-a97d-d965ccfc6d4b" outcome="Passed" testListId="8c84fa94-04c1-424b-9868-57a2d4851a1d" relativeResultsDirectory="83a62c3f-7511-4de7-a06c-969fd9a85c8f">
      <Output>
        <StdOut>+ CompletionTests::VSTest_RazorV4_ModelDirectiveCompletionInCshtml
    + ApexTest TestInitialize
    + ExternalProcessHostTest TestInitialize
        (01:35:04.388) [Visual Studio Host (11640):RoamingSettingsService] Disabling roaming settings.
        (01:35:04.569) [Visual Studio Host (11640):SettingsService] Setting Visual Studio option 'Environment\RoamingSettings\RoamingEnabled' to 'False'.
        (01:35:05.033) [Visual Studio Host (11640):TextEditorDocumentWindowTestExtension] Showing window 'empty.cshtml' without activating the window.
        (01:35:05.214) [Visual Studio Host (11640):TextEditorDocumentWindowTestExtension] Showing window 'empty.cshtml'.
        (01:35:05.374) [Visual Studio Host (11640):VisualStudioTextEditorTestExtension] Setting keyboard focus to editor 'empty.cshtml'.
        (01:35:05.559) [Visual Studio Host (11640):MainWindowService] Activating main window to bring it to the foreground.
        (01:35:05.752) [Visual Studio Host (11640):MainWindowService] Setting main window state to 'Maximized'.
    (01:35:06.066) [Visual Studio Host (11640):TextEditorDocumentWindowTestExtension] Showing window 'empty.cshtml' without activating the window.
    (01:35:06.224) [Visual Studio Host (11640):TextEditorDocumentWindowTestExtension] Showing window 'empty.cshtml'.
    (01:35:06.398) [Visual Studio Host (11640):VisualStudioCaretTestExtension] Moving the caret from (Ln: 1, Ch: 1) to the beginning of the file
    (01:35:06.576) [Visual Studio Host (11640):VisualStudioTextEditorTestExtension] Setting keyboard focus to editor 'empty.cshtml'.
    (01:35:06.746) [Visual Studio Host (11640):TextEditorDocumentWindowTestExtension] Showing window 'empty.cshtml' without activating the window.
    (01:35:06.904) [Visual Studio Host (11640):TextEditorDocumentWindowTestExtension] Showing window 'empty.cshtml'.
    (01:35:07.215) [Visual Studio Host (11640):VisualStudioTextEditingActions] Inserting text: '@' at the current caret position: '(Ln: 1, Ch: 1)'
    (01:35:07.637) [Visual Studio Host (11640):TextEditorDocumentWindowTestExtension] Showing window 'empty.cshtml' without activating the window.
    (01:35:07.784) [Visual Studio Host (11640):TextEditorDocumentWindowTestExtension] Showing window 'empty.cshtml'.
    (01:35:08.052) [Visual Studio Host (11640):VisualStudioTextEditingActions] Inserting text combine CRLF as single return: 'mod' at the current caret position: '(Ln: 1, Ch: 2)'
    (01:35:08.225) [Visual Studio Host (11640):TextEditorDocumentWindowTestExtension] Showing window 'empty.cshtml' without activating the window.
    (01:35:08.418) [Visual Studio Host (11640):TextEditorDocumentWindowTestExtension] Showing window 'empty.cshtml'.
    (01:35:08.769) [Visual Studio Host (11640):VisualStudioIntellisenseService] Getting the active completion at position '(Ln: 1, Ch: 5)'.
    (01:35:08.973) [Visual Studio Host (11640):VisualStudioCompletionListTestExtension] Found completion item with name 
    (01:35:09.194) [Visual Studio Host (11640):VisualStudioIntellisenseService] Getting the active completion at position '(Ln: 1, Ch: 5)'.
    (01:35:09.398) [Visual Studio Host (11640):VisualStudioCompletionListTestExtension] Found completion item with name 
    (01:35:09.603) [Visual Studio Host (11640):TextEditorDocumentWindowTestExtension] Showing window 'empty.cshtml' without activating the window.
    (01:35:09.843) [Visual Studio Host (11640):TextEditorDocumentWindowTestExtension] Showing window 'empty.cshtml'.
    (01:35:10.098) [Visual Studio Host (11640):KeyboardCommands] Sending '1' tabs.
    (01:35:10.463) [Visual Studio Host (11640):TextEditorDocumentWindowTestExtension] Showing window 'empty.cshtml' without activating the window.
    (01:35:10.736) [Visual Studio Host (11640):TextEditorDocumentWindowTestExtension] Showing window 'empty.cshtml'.
    (01:35:10.947) [Visual Studio Host (11640):VisualStudioTextEditingActions] Inserting text combine CRLF as single return: ' date' at the current caret position: '(Ln: 1, Ch: 7)'
    (01:35:11.199) [Visual Studio Host (11640):TextEditorDocumentWindowTestExtension] Showing window 'empty.cshtml' without activating the window.
    (01:35:11.430) [Visual Studio Host (11640):TextEditorDocumentWindowTestExtension] Showing window 'empty.cshtml'.
    (01:35:11.633) [Visual Studio Host (11640):VisualStudioIntellisenseService] Did not find an active completion session. Please use Verify.IsCompletionListPresent() to make sure that the list is present before requesting the completion session.
    Warning: (01:35:11.810) [Visual Studio Host (11640):VisualStudioIntellisenseService] No active completion sessions were found for editor 'empty.cshtml'.
    (01:35:11.981) [Visual Studio Host (11640):VisualStudioIntellisenseService] Invoking Completion member list at '(Ln: 1, Ch: 12)'.
    (01:35:12.147) [Visual Studio Host (11640):VisualStudioIntellisenseService] Did not find an active completion session. Please use Verify.IsCompletionListPresent() to make sure that the list is present before requesting the completion session.
    (01:35:12.540) [Visual Studio Host (11640):VisualStudioIntellisenseService] Getting the active completion at position '(Ln: 1, Ch: 12)'.
    (01:35:12.737) [Visual Studio Host (11640):VisualStudioCompletionListTestExtension] Found completion item with name 
    (01:35:12.941) [Visual Studio Host (11640):VisualStudioIntellisenseService] Getting the active completion at position '(Ln: 1, Ch: 12)'.
    (01:35:13.156) [Visual Studio Host (11640):VisualStudioCompletionListTestExtension] Found completion item with name 
    (01:35:13.375) [Visual Studio Host (11640):TextEditorDocumentWindowTestExtension] Showing window 'empty.cshtml' without activating the window.
    (01:35:13.578) [Visual Studio Host (11640):TextEditorDocumentWindowTestExtension] Showing window 'empty.cshtml'.
    (01:35:13.795) [Visual Studio Host (11640):KeyboardCommands] Sending '1' tabs.
    (01:35:14.069) [Visual Studio Host (11640):TextEditorDocumentWindowTestExtension] Showing window 'empty.cshtml' without activating the window.
    (01:35:14.248) [Visual Studio Host (11640):TextEditorDocumentWindowTestExtension] Showing window 'empty.cshtml'.
    (01:35:14.554) [Visual Studio Host (11640):ToolWindowTestExtension] Showing window 'Error List ...' without activating the window.
    (01:35:14.741) [Visual Studio Host (11640):ToolWindowTestExtension] Showing window 'Error List ...'.
    (01:35:15.111) [Visual Studio Host (11640):ToolWindowTestExtension] Showing window 'Error List ...' without activating the window.
    (01:35:15.276) [Visual Studio Host (11640):ErrorListService] Showing error list error items.
    (01:35:15.449) [Visual Studio Host (11640):ToolWindowTestExtension] Showing window 'Error List ...' without activating the window.
    (01:35:15.657) [Visual Studio Host (11640):ErrorListService] Showing error list message items.
    (01:35:15.870) [Visual Studio Host (11640):ToolWindowTestExtension] Showing window 'Error List ...' without activating the window.
    (01:35:16.038) [Visual Studio Host (11640):ErrorListService] Showing error list warning items.
    (01:35:22.055) [Visual Studio Host (11640):TextEditorDocumentWindowTestExtension] Showing window 'empty.cshtml' without activating the window.
    (01:35:22.257) [Visual Studio Host (11640):TextEditorDocumentWindowTestExtension] Showing window 'empty.cshtml'.
    (01:35:22.434) [Visual Studio Host (11640):TextEditorDocumentWindowTestExtension] Showing window 'empty.cshtml' without activating the window.
    (01:35:22.620) [Visual Studio Host (11640):TextEditorDocumentWindowTestExtension] Showing window 'empty.cshtml'.
    + ExternalProcessHostTest TestCleanup
        (01:35:23.090) [Visual Studio Host (11640):TextEditorDocumentWindowTestExtension] Closing window 'empty.cshtml'.
        (01:35:23.502) [Platform:Testcase] Test 'VSTest_RazorV4_ModelDirectiveCompletionInCshtml' has 'Passed' outcome. Therefore, Apex will not shut down the 'Visual Studio Host (11640)' with process ID '11640'. A subsequent test scenario will run on the same instance of the host.
    + Final Test Result Verification
        (01:35:23.959) [Platform:Microsoft.Test.Apex.Services.ScreenshotService] Took a screenshot for category '' and saved as 'C:\TestBin\IntegrationTests\TestResults\2018_04_16_23_55_50\VSTest_Script_Completion_Top_Level_Timedout.jpg'.
        (01:35:24.067) [Platform:DelayedAssertionVerifierSink] Verification Success: 0 verification steps failed.
    + ApexTest TestCleanup</StdOut>
      </Output>
      <ResultFiles>
        <ResultFile path="WNVM19648\Fail.22wpw0oka5fs.png" />
        <ResultFile path="WNVM19648\Fail.33ju4eduay3u.png" />
        <ResultFile path="WNVM19648\Fail.3poblbx4alvv.png" />
        <ResultFile path="WNVM19648\Fail.ashpv3rjajjr.png" />
        <ResultFile path="WNVM19648\Fail.aswak04hapa5.png" />
        <ResultFile path="WNVM19648\Fail.azqsczivabnm.png" />
        <ResultFile path="WNVM19648\Fail.byuslv5baqsd.png" />
        <ResultFile path="WNVM19648\Fail.ek4tb3wmalyl.png" />
        <ResultFile path="WNVM19648\Fail.ig2gsfz5ad1y.png" />
        <ResultFile path="WNVM19648\Fail.kxs1ersmaxma.png" />
        <ResultFile path="WNVM19648\Fail.loc0xhl5a2hr.png" />
        <ResultFile path="WNVM19648\Fail.o4kkrjboasbk.png" />
        <ResultFile path="WNVM19648\Fail.o5zf0zepaw0l.png" />
        <ResultFile path="WNVM19648\Fail.qbnuydioazjy.png" />
        <ResultFile path="WNVM19648\Fail.raasvsmeanc1.png" />
        <ResultFile path="WNVM19648\Fail.sidku4gxamg4.png" />
        <ResultFile path="WNVM19648\Fail.swwzdfhraz25.png" />
        <ResultFile path="WNVM19648\Fail.t4yj0fxuatil.png" />
        <ResultFile path="WNVM19648\Fail.vjqtiv2zaclz.png" />
        <ResultFile path="WNVM19648\Fail.z10rn0n5ajdm.png" />
        <ResultFile path="WNVM19648\Failure.jpg" />
        <ResultFile path="WNVM19648\OmniLog.html" />
        <ResultFile path="WNVM19648\OmniLogRawXml.xml" />
        <ResultFile path="WNVM19648\VSTest_Generate_AttrModel_Methods_WAP_Code_Behind_CS_Timedout.jpg" />
        <ResultFile path="WNVM19648\VSTest_Html_Drag_Drop_JavascriptFile_Timedout.jpg" />
        <ResultFile path="WNVM19648\VSTest_JSON_AutoStructureWithExistingComma_Timedout.jpg" />
        <ResultFile path="WNVM19648\VSTest_Parser_PTagTest_Timedout.jpg" />
        <ResultFile path="WNVM19648\VSTest_Razor_TagHelpers_OptOut_Timedout.jpg" />
        <ResultFile path="WNVM19648\VSTest_Razor_TagHelpers_Update_CS_File_And_Build_Timedout.jpg" />
        <ResultFile path="WNVM19648\VSTest_Script_Completion_Top_Level_Timedout.jpg" />
        <ResultFile path="WNVM19648\VSTest_SmartIndentInJSInRazorV4_Timedout.jpg" />
      </ResultFiles>
    </UnitTestResult>
    <UnitTestResult executionId="eb8ee55f-d52e-4894-a067-fe5e0c629414" testId="4a360158-fa4a-7de3-a573-2bcd3f1459d7" testName="VSTest_JSON_ProjectJSON_Completion_PopularPackages" computerName="WNVM19648" startTime="2018-04-17T00:53:06.9824699-07:00" endTime="2018-04-17T00:53:06.9824699-07:00" testType="13cdc9d9-ddb5-4fa4-a97d-d965ccfc6d4b" outcome="NotExecuted" testListId="8c84fa94-04c1-424b-9868-57a2d4851a1d" relativeResultsDirectory="eb8ee55f-d52e-4894-a067-fe5e0c629414">
      <Output>
        <ErrorInfo>
          <Message>Assert.Inconclusive failed. Required component ID "Microsoft.VisualStudio.Workload.Universal" (UWP Workload) was not installed.  Please install this component and rerun the test.</Message>
        </ErrorInfo>
      </Output>
      <ResultFiles>
        <ResultFile path="WNVM19648\Fail.azqsczivabnm.png" />
        <ResultFile path="WNVM19648\Fail.ig2gsfz5ad1y.png" />
        <ResultFile path="WNVM19648\Fail.o5zf0zepaw0l.png" />
        <ResultFile path="WNVM19648\Fail.z10rn0n5ajdm.png" />
        <ResultFile path="WNVM19648\OmniLog.html" />
        <ResultFile path="WNVM19648\OmniLogRawXml.xml" />
      </ResultFiles>
    </UnitTestResult>
    <UnitTestResult executionId="971f2b8a-b80f-4b09-8712-fcd403419584" testId="8d0cd716-1758-effb-2310-cf0669ba77fe" testName="VSTest_BowerIntelliSenseTests_End_To_End" computerName="WNVM19648" duration="00:04:45.5641929" startTime="2018-04-17T01:41:03.2387136-07:00" endTime="2018-04-17T01:45:48.8029065-07:00" testType="13cdc9d9-ddb5-4fa4-a97d-d965ccfc6d4b" outcome="Failed" testListId="8c84fa94-04c1-424b-9868-57a2d4851a1d" relativeResultsDirectory="971f2b8a-b80f-4b09-8712-fcd403419584">
      <Output>
        <StdOut>+ BowerIntelliSenseTests::VSTest_BowerIntelliSenseTests_End_To_End
    + ApexTest TestInitialize
    + ExternalProcessHostTest TestInitialize
        (01:42:45.079) [Visual Studio Host (3900):RoamingSettingsService] Disabling roaming settings.
        (01:42:45.220) [Visual Studio Host (3900):SettingsService] Setting Visual Studio option 'Environment\RoamingSettings\RoamingEnabled' to 'False'.
        (01:42:47.110) [Visual Studio Host (3900):SolutionService] Opening solution file 'file:///C:/TestBin/IntegrationTests/MS.VS.Web.Editors/webs/misc.sln' with asynchronous load data available.  WaitForFullyLoadedOnOpen set to 'True'. Apex will wait for all async project loads to complete before proceeding.
            (01:42:47.266) [Visual Studio Host (3900):SolutionService] Solution load behavior is set to 'Realtime'.
        (01:42:58.999) [Platform:Microsoft.Test.Apex.Services.ScreenshotService] Took a screenshot for category '' and saved as 'C:\TestBin\IntegrationTests\TestResults\2018_04_16_23_55_50\VSTest_NPM_NavigateToHomepage_Timedout.jpg'.
        + Waiting for the solution to fully load.
            (01:43:05.099) [Platform:Testcase] The host with process id '3900' was shutdown.
            (01:43:07.630) [Platform:VenusHost] Compose Batch: 00:00:02.2343005
            (01:43:07.896) [Platform:VenusHost] Host Process is being started. Executable = 'C:\Program Files (x86)\Microsoft Visual Studio\Preview\Enterprise\Common7\IDE\devenv.exe'.
            (01:43:08.037) [Platform:VenusHost] Host Process is started. PID = 3448.
            (01:43:08.224) [Platform:VenusHost] Host process 'devenv' (id: 3448) is now idle/ready.
            (01:43:12.193) [Platform:Microsoft.Test.Apex.Hosts.Services.RemoteServiceInitializer] Using remote code injector service 'RemoteCodeInjectorService' for the operation 'ManagedAuto'.
            + Visual Studio Host Creation
                (01:43:22.739) [Platform:Testcase] Target Executable: 'C:\Program Files (x86)\Microsoft Visual Studio\Preview\Enterprise\Common7\IDE\devenv.exe'.
                (01:43:22.927) [Platform:Testcase] Process Id: '3448'.
                (01:43:23.067) [Platform:Testcase] UI Culture: 'English (United States)'.
                (01:43:23.286) [Platform:Testcase] Build Number: '15.0.27615'.
            (01:43:23.833) [Visual Studio Host (3448):RoamingSettingsService] Disabling roaming settings.
            (01:43:24.036) [Visual Studio Host (3448):SettingsService] Setting Visual Studio option 'Environment\RoamingSettings\RoamingEnabled' to 'False'.
            (01:43:25.724) [Visual Studio Host (3448):SolutionService] Opening solution file 'file:///C:/TestBin/IntegrationTests/MS.VS.Web.Editors/webs/misc.sln' with asynchronous load data available.  WaitForFullyLoadedOnOpen set to 'True'. Apex will wait for all async project loads to complete before proceeding.
                (01:43:25.942) [Visual Studio Host (3448):SolutionService] Solution load behavior is set to 'Realtime'.
            + Waiting for the solution to fully load.
            (01:43:48.332) [Platform:Microsoft.Test.Apex.Services.ScreenshotService] Took a screenshot for category '' and saved as 'C:\TestBin\IntegrationTests\TestResults\2018_04_16_23_55_50\VSTest_NPM_Completion_ScopedPackage_Timedout.jpg'.
            (01:43:48.504) [Visual Studio Host (3448):TextEditorDocumentWindowTestExtension] Showing window 'bower.json' without activating the window.
            (01:43:54.332) [Platform:Testcase] The host with process id '3448' was shutdown.
            (01:43:57.447) [Platform:VenusHost] Compose Batch: 00:00:02.7868050
            (01:43:57.785) [Platform:VenusHost] Host Process is being started. Executable = 'C:\Program Files (x86)\Microsoft Visual Studio\Preview\Enterprise\Common7\IDE\devenv.exe'.
            (01:43:57.988) [Platform:VenusHost] Host Process is started. PID = 9196.
            (01:43:58.185) [Platform:VenusHost] Host process 'devenv' (id: 9196) is now idle/ready.
            (01:44:05.066) [Platform:Microsoft.Test.Apex.Hosts.Services.RemoteServiceInitializer] Using remote code injector service 'RemoteCodeInjectorService' for the operation 'ManagedAuto'.
            + Visual Studio Host Creation
                (01:44:14.894) [Platform:Testcase] Target Executable: 'C:\Program Files (x86)\Microsoft Visual Studio\Preview\Enterprise\Common7\IDE\devenv.exe'.
                (01:44:15.113) [Platform:Testcase] Process Id: '9196'.
                (01:44:15.300) [Platform:Testcase] UI Culture: 'English (United States)'.
                (01:44:15.472) [Platform:Testcase] Build Number: '15.0.27615'.
            (01:44:15.956) [Visual Studio Host (9196):RoamingSettingsService] Disabling roaming settings.
            (01:44:16.160) [Visual Studio Host (9196):SettingsService] Setting Visual Studio option 'Environment\RoamingSettings\RoamingEnabled' to 'False'.
            (01:44:17.878) [Visual Studio Host (9196):SolutionService] Opening solution file 'file:///C:/TestBin/IntegrationTests/MS.VS.Web.Editors/webs/misc.sln' with asynchronous load data available.  WaitForFullyLoadedOnOpen set to 'True'. Apex will wait for all async project loads to complete before proceeding.
                (01:44:18.019) [Visual Studio Host (9196):SolutionService] Solution load behavior is set to 'Realtime'.
            + Waiting for the solution to fully load.
            (01:44:39.612) [Visual Studio Host (9196):TextEditorDocumentWindowTestExtension] Showing window 'bower.json' without activating the window.
            (01:44:40.237) [Visual Studio Host (9196):TextEditorDocumentWindowTestExtension] Showing window 'bower.json'.
            (01:44:44.909) [Visual Studio Host (9196):VisualStudioTextEditorTestExtension] Setting keyboard focus to editor 'bower.json'.
            (01:44:45.237) [Visual Studio Host (9196):MainWindowService] Activating main window to bring it to the foreground.
            (01:44:45.534) [Visual Studio Host (9196):MainWindowService] Setting main window state to 'Maximized'.
    (01:44:46.831) [Visual Studio Host (9196):TextEditorDocumentWindowTestExtension] Showing window 'bower.json' without activating the window.
    (01:44:47.206) [Visual Studio Host (9196):TextEditorDocumentWindowTestExtension] Showing window 'bower.json'.
    (01:44:47.487) [Visual Studio Host (9196):VisualStudioCaretTestExtension] Moving the caret to '{' at (Ln: 1, Ch: 1) based on a regular expression.  Expression = "{" [group index '0', match index '1', options 'Singleline, CultureInvariant']
    (01:44:47.706) [Visual Studio Host (9196):TextEditorDocumentWindowTestExtension] Showing window 'bower.json' without activating the window.
    (01:44:47.924) [Visual Studio Host (9196):TextEditorDocumentWindowTestExtension] Showing window 'bower.json'.
    (01:44:48.159) [Visual Studio Host (9196):VisualStudioCaretTestExtension] Moving the caret from (Ln: 1, Ch: 1) right '1' characters
    (01:44:48.362) [Visual Studio Host (9196):VisualStudioTextEditorTestExtension] Setting keyboard focus to editor 'bower.json'.
    (01:44:48.612) [Visual Studio Host (9196):TextEditorDocumentWindowTestExtension] Showing window 'bower.json' without activating the window.
    (01:44:48.909) [Visual Studio Host (9196):TextEditorDocumentWindowTestExtension] Showing window 'bower.json'.
    (01:44:49.206) [Visual Studio Host (9196):KeyboardCommands] Sending the Return key 1 times.
    (01:44:49.549) [Visual Studio Host (9196):TextEditorDocumentWindowTestExtension] Showing window 'bower.json' without activating the window.
    (01:44:49.784) [Visual Studio Host (9196):TextEditorDocumentWindowTestExtension] Showing window 'bower.json'.
    (01:44:50.034) [Visual Studio Host (9196):VisualStudioIntellisenseService] Invoking Completion member list at '(Ln: 2, Ch: 3)'.
    (01:44:50.581) [Visual Studio Host (9196):VisualStudioIntellisenseService] Getting the active completion at position '(Ln: 2, Ch: 3)'.
    (01:44:50.846) [Visual Studio Host (9196):TextEditorDocumentWindowTestExtension] Showing window 'bower.json' without activating the window.
    (01:44:51.065) [Visual Studio Host (9196):TextEditorDocumentWindowTestExtension] Showing window 'bower.json'.
    (01:44:51.237) [Visual Studio Host (9196):VisualStudioIntellisenseService] Getting the active completion at position '(Ln: 2, Ch: 3)'.
    (01:44:51.409) [Visual Studio Host (9196):VisualStudioCompletionListTestExtension] Found completion item with name 
    (01:44:51.567) [Visual Studio Host (9196):VisualStudioIntellisenseService] Getting the active completion at position '(Ln: 2, Ch: 3)'.
    (01:44:51.721) [Visual Studio Host (9196):VisualStudioCompletionListTestExtension] Found completion item with name 
    (01:44:51.893) [Visual Studio Host (9196):TextEditorDocumentWindowTestExtension] Showing window 'bower.json' without activating the window.
    (01:44:52.065) [Visual Studio Host (9196):TextEditorDocumentWindowTestExtension] Showing window 'bower.json'.
    (01:44:52.331) [Visual Studio Host (9196):KeyboardCommands] Sending the Escape key 1 times.
    (01:44:52.627) [Visual Studio Host (9196):TextEditorDocumentWindowTestExtension] Showing window 'bower.json' without activating the window.
    (01:44:52.893) [Visual Studio Host (9196):TextEditorDocumentWindowTestExtension] Showing window 'bower.json'.
    (01:44:53.143) [Visual Studio Host (9196):VisualStudioCaretTestExtension] Moving the caret to 'dependencies' at (Ln: 5, Ch: 4) based on a regular expression.  Expression = "dependencies" [group index '0', match index '1', options 'Singleline, CultureInvariant']
    (01:44:53.362) [Visual Studio Host (9196):TextEditorDocumentWindowTestExtension] Showing window 'bower.json' without activating the window.
    (01:44:53.565) [Visual Studio Host (9196):TextEditorDocumentWindowTestExtension] Showing window 'bower.json'.
    (01:44:53.877) [Visual Studio Host (9196):VisualStudioCaretTestExtension] Moving the caret from (Ln: 5, Ch: 4) to the end of the line
    (01:44:54.080) [Visual Studio Host (9196):VisualStudioTextEditorTestExtension] Setting keyboard focus to editor 'bower.json'.
    (01:44:54.299) [Visual Studio Host (9196):TextEditorDocumentWindowTestExtension] Showing window 'bower.json' without activating the window.
    (01:44:54.580) [Visual Studio Host (9196):TextEditorDocumentWindowTestExtension] Showing window 'bower.json'.
    (01:44:54.815) [Visual Studio Host (9196):KeyboardCommands] Sending the Return key 1 times.
    (01:44:55.049) [Visual Studio Host (9196):TextEditorDocumentWindowTestExtension] Showing window 'bower.json' without activating the window.
    (01:44:55.252) [Visual Studio Host (9196):TextEditorDocumentWindowTestExtension] Showing window 'bower.json'.
    (01:44:55.955) [Visual Studio Host (9196):TextEditorDocumentWindowTestExtension] Showing window 'bower.json' without activating the window.
    (01:44:56.268) [Visual Studio Host (9196):TextEditorDocumentWindowTestExtension] Showing window 'bower.json'.
    (01:44:56.455) [Visual Studio Host (9196):VisualStudioIntellisenseService] Invoking Completion member list at '(Ln: 6, Ch: 6)'.
    (01:44:57.190) [Visual Studio Host (9196):TextEditorDocumentWindowTestExtension] Showing window 'bower.json' without activating the window.
    (01:44:57.455) [Visual Studio Host (9196):TextEditorDocumentWindowTestExtension] Showing window 'bower.json'.
    (01:44:57.784) [Visual Studio Host (9196):VisualStudioIntellisenseService] Getting the active completion at position '(Ln: 6, Ch: 6)'.
    (01:44:58.002) [Visual Studio Host (9196):VisualStudioCompletionListTestExtension] Found completion item with name 
    (01:44:58.205) [Visual Studio Host (9196):VisualStudioIntellisenseService] Getting the active completion at position '(Ln: 6, Ch: 6)'.
    (01:44:58.424) [Visual Studio Host (9196):VisualStudioCompletionListTestExtension] Found completion item with name 
    (01:44:58.627) [Visual Studio Host (9196):TextEditorDocumentWindowTestExtension] Showing window 'bower.json' without activating the window.
    (01:44:58.846) [Visual Studio Host (9196):TextEditorDocumentWindowTestExtension] Showing window 'bower.json'.
    (01:44:59.707) [Visual Studio Host (9196):TextEditorDocumentWindowTestExtension] Showing window 'bower.json' without activating the window.
    (01:44:59.924) [Visual Studio Host (9196):TextEditorDocumentWindowTestExtension] Showing window 'bower.json'.
    Error: (01:46:44.343) [Platform:Testcase] Test method Microsoft.VisualStudio.Web.Editors.IntegrationTests.JSON.PackageManagement.BowerIntelliSenseTests.VSTest_BowerIntelliSenseTests_End_To_End threw exception. System.Runtime.Remoting.RemotingException: Failed to read from an IPC Port: The pipe has been ended.

   at Microsoft.VisualStudio.Web.Common.TestAdapter.ParameterizedTests.ReflectionUtilities.InvokeMethod(Object targetObject, MethodInfo method, Object[] methodArguments, String exceptionMessageFormat) in D:\dd\WTE\Main\test\Common\TestAdapter\ParameterizedTests\ReflectionUtilities.cs:line 190
   at Microsoft.VisualStudio.Web.Common.TestAdapter.ParameterizedTests.TestMethodInfo.Invoke(Object testObject, TestExecutionContext context) in D:\dd\WTE\Main\test\Common\TestAdapter\ParameterizedTests\TestMethodInfo.cs:line 64
    + ExternalProcessHostTest TestCleanup
        (01:46:49.250) [Platform:VenusHost] Compose Batch: 00:00:03.5165907
        (01:46:50.712) [Platform:VenusHost] Host Process is being started. Executable = 'C:\Program Files (x86)\Microsoft Visual Studio\Preview\Enterprise\Common7\IDE\devenv.exe'.
        (01:46:50.993) [Platform:VenusHost] Host Process is started. PID = 4304.
        (01:46:52.837) [Platform:VenusHost] Host process 'devenv' (id: 4304) is now idle/ready.
        (01:47:07.380) [Platform:Microsoft.Test.Apex.Hosts.Services.RemoteServiceInitializer] Using remote code injector service 'RemoteCodeInjectorService' for the operation 'ManagedAuto'.
        + Visual Studio Host Creation
            (01:47:23.150) [Platform:Testcase] Target Executable: 'C:\Program Files (x86)\Microsoft Visual Studio\Preview\Enterprise\Common7\IDE\devenv.exe'.
            (01:47:23.609) [Platform:Testcase] Process Id: '4304'.
            (01:47:24.019) [Platform:Testcase] UI Culture: 'English (United States)'.
            (01:47:25.136) [Platform:Testcase] Build Number: '15.0.27615'.
        (01:47:26.223) [Visual Studio Host (4304):MainWindowService] Setting main window state to 'Maximized'.
        (01:47:26.546) [Visual Studio Host (4304):MainWindowService] Activating main window to bring it to the foreground.
        Warning: (01:47:26.865) [Platform:Microsoft.Test.Apex.Services.ScreenshotService] Exception occured when copying screenshot file from 'C:\TestBin\IntegrationTests\Failure.jpg' to 'C:\TestBin\IntegrationTests\TestResults\2018_04_16_23_55_50\Failure.jpg'.
        Warning: (01:47:26.865) [Platform:Microsoft.Test.Apex.Services.ScreenshotService] System.IO.IOException: The file 'C:\TestBin\IntegrationTests\TestResults\2018_04_16_23_55_50\Failure.jpg' already exists.
   at System.IO.__Error.WinIOError(Int32 errorCode, String maybeFullPath)
   at System.IO.File.InternalCopy(String sourceFileName, String destFileName, Boolean overwrite, Boolean checkHost)
   at System.IO.File.Copy(String sourceFileName, String destFileName, Boolean overwrite)
   at Microsoft.Test.Apex.Services.ScreenshotService.TakeOne(String categoryName, String fileNamePrefix, String repositoryPath) in F:\dd\src\omni\Apex\Framework\Services\Screenshot\ScreenshotService.cs:line 176
        (01:47:27.326) [Platform:ProcessCaptureService] Capturing screenshots for PID 4304 (devenv)
        Result file 'VSTest_BowerIntelliSenseTests_End_To_End-Failure-devenv.4304.png' added: file:///C:/TestBin/IntegrationTests/TestResults/2018_04_16_23_55_50/VSTest_BowerIntelliSenseTests_End_To_End-Failure-devenv.4304.png
        (01:47:27.841) [Platform:ProcessCaptureService] Bounding rectangle of HWND 0x6A0076 is size (0, 0), which cannot be captured.
        (01:47:28.038) [Platform:ProcessCaptureService] Bounding rectangle of HWND 0x1C0594 is size (0, 0), which cannot be captured.
    + Final Test Result Verification
        (01:47:28.737) [Platform:DelayedAssertionVerifierSink] Verification Success: 0 verification steps failed.
    + ApexTest TestCleanup</StdOut>
        <ErrorInfo>
          <Message>Test method Microsoft.VisualStudio.Web.Editors.IntegrationTests.JSON.PackageManagement.BowerIntelliSenseTests.VSTest_BowerIntelliSenseTests_End_To_End threw exception. System.Runtime.Remoting.RemotingException: Failed to read from an IPC Port: The pipe has been ended.
</Message>
          <StackTrace>
Server stack trace: 
   at System.Runtime.Remoting.Channels.Ipc.IpcPort.Read(Byte[] data, Int32 offset, Int32 length)
   at System.Runtime.Remoting.Channels.Ipc.PipeStream.Read(Byte[] buffer, Int32 offset, Int32 size)
   at System.Runtime.Remoting.Channels.SocketHandler.ReadFromSocket(Byte[] buffer, Int32 offset, Int32 count)
   at System.Runtime.Remoting.Channels.SocketHandler.Read(Byte[] buffer, Int32 offset, Int32 count)
   at System.Runtime.Remoting.Channels.SocketHandler.ReadAndMatchFourBytes(Byte[] buffer)
   at System.Runtime.Remoting.Channels.Tcp.TcpSocketHandler.ReadAndMatchPreamble()
   at System.Runtime.Remoting.Channels.Tcp.TcpSocketHandler.ReadVersionAndOperation(UInt16&amp; operation)
   at System.Runtime.Remoting.Channels.Ipc.IpcClientHandler.ReadHeaders()
   at System.Runtime.Remoting.Channels.Ipc.IpcClientTransportSink.ProcessMessage(IMessage msg, ITransportHeaders requestHeaders, Stream requestStream, ITransportHeaders&amp; responseHeaders, Stream&amp; responseStream)
   at System.Runtime.Remoting.Channels.BinaryClientFormatterSink.SyncProcessMessage(IMessage msg)

Exception rethrown at [0]: 
   at System.Runtime.Remoting.Proxies.RealProxy.HandleReturnMessage(IMessage reqMsg, IMessage retMsg)
   at System.Runtime.Remoting.Proxies.RealProxy.PrivateInvoke(MessageData&amp; msgData, Int32 type)
   at Microsoft.Test.Apex.VisualStudio.Shell.TextEditorDocumentWindowTestExtension.get_Editor()
   at Microsoft.VisualStudio.Web.Common.TestServices.VisualStudioHostWebTest.get_Editor() in D:\dd\WTE\Main\test\Common\TestServices\Apex\VisualStudioHostWebTest.cs:line 639
   at Microsoft.VisualStudio.Web.Editors.IntegrationTests.JSON.PackageManagement.BowerIntelliSenseTests.VSTest_BowerIntelliSenseTests_End_To_End() in D:\dd\WTE\Main\test\Editors\IntegrationTests\JSON\PackageManagement\BowerIntelliSenseTests.cs:line 51</StackTrace>
        </ErrorInfo>
      </Output>
      <ResultFiles>
        <ResultFile path="WNVM19648\Fail.22wpw0oka5fs.png" />
        <ResultFile path="WNVM19648\Fail.2lws5epta1gw.png" />
        <ResultFile path="WNVM19648\Fail.33ju4eduay3u.png" />
        <ResultFile path="WNVM19648\Fail.3poblbx4alvv.png" />
        <ResultFile path="WNVM19648\Fail.4p531ykxaqdb.png" />
        <ResultFile path="WNVM19648\Fail.ashpv3rjajjr.png" />
        <ResultFile path="WNVM19648\Fail.aswak04hapa5.png" />
        <ResultFile path="WNVM19648\Fail.azqsczivabnm.png" />
        <ResultFile path="WNVM19648\Fail.byuslv5baqsd.png" />
        <ResultFile path="WNVM19648\Fail.ek4tb3wmalyl.png" />
        <ResultFile path="WNVM19648\Fail.ig2gsfz5ad1y.png" />
        <ResultFile path="WNVM19648\Fail.kfb5og41ajlt.png" />
        <ResultFile path="WNVM19648\Fail.kxs1ersmaxma.png" />
        <ResultFile path="WNVM19648\Fail.lbyrcmqbastb.png" />
        <ResultFile path="WNVM19648\Fail.loc0xhl5a2hr.png" />
        <ResultFile path="WNVM19648\Fail.mazsob3aamsp.png" />
        <ResultFile path="WNVM19648\Fail.o4kkrjboasbk.png" />
        <ResultFile path="WNVM19648\Fail.o5zf0zepaw0l.png" />
        <ResultFile path="WNVM19648\Fail.pprwzak1ac5h.png" />
        <ResultFile path="WNVM19648\Fail.qagtqbftat3h.png" />
        <ResultFile path="WNVM19648\Fail.qbnuydioazjy.png" />
        <ResultFile path="WNVM19648\Fail.raasvsmeanc1.png" />
        <ResultFile path="WNVM19648\Fail.sidku4gxamg4.png" />
        <ResultFile path="WNVM19648\Fail.swwzdfhraz25.png" />
        <ResultFile path="WNVM19648\Fail.t4yj0fxuatil.png" />
        <ResultFile path="WNVM19648\Fail.vjqtiv2zaclz.png" />
        <ResultFile path="WNVM19648\Fail.z10rn0n5ajdm.png" />
        <ResultFile path="WNVM19648\Fail.z2gelfy0aa1q.png" />
        <ResultFile path="WNVM19648\Failure.jpg" />
        <ResultFile path="WNVM19648\Failure[1].jpg" />
        <ResultFile path="WNVM19648\Failure[2].jpg" />
        <ResultFile path="WNVM19648\OmniLog.html" />
        <ResultFile path="WNVM19648\OmniLogRawXml.xml" />
        <ResultFile path="WNVM19648\VSTest_BowerIntelliSenseTests_End_To_End-Failure-devenv.4304.png" />
        <ResultFile path="WNVM19648\VSTest_Generate_AttrModel_Methods_WAP_Code_Behind_CS_Timedout.jpg" />
        <ResultFile path="WNVM19648\VSTest_Generate_AttrModel_Methods_WAP_Code_Behind_CS_Timedout[1].jpg" />
        <ResultFile path="WNVM19648\VSTest_Generate_AttrModel_Methods_WAP_Code_Behind_CS_Timedout[2].jpg" />
        <ResultFile path="WNVM19648\VSTest_HitBreakpointAndEditInCSHtml_Timedout.jpg" />
        <ResultFile path="WNVM19648\VSTest_HitBreakpointAndEditInCSHtml_Timedout[1].jpg" />
        <ResultFile path="WNVM19648\VSTest_HitBreakpointAndEditInCSHtml_Timedout[2].jpg" />
        <ResultFile path="WNVM19648\VSTest_Html_Drag_Drop_JavascriptFile_Timedout.jpg" />
        <ResultFile path="WNVM19648\VSTest_Html_Drag_Drop_JavascriptFile_Timedout[1].jpg" />
        <ResultFile path="WNVM19648\VSTest_Html_Drag_Drop_JavascriptFile_Timedout[2].jpg" />
        <ResultFile path="WNVM19648\VSTest_JSON_AutoStructureWithExistingComma_Timedout.jpg" />
        <ResultFile path="WNVM19648\VSTest_JSON_AutoStructureWithExistingComma_Timedout[1].jpg" />
        <ResultFile path="WNVM19648\VSTest_JSON_AutoStructureWithExistingComma_Timedout[2].jpg" />
        <ResultFile path="WNVM19648\VSTest_NPMIntelliSenseTests_End_To_End_Timedout.jpg" />
        <ResultFile path="WNVM19648\VSTest_NPMIntelliSenseTests_End_To_End_Timedout[1].jpg" />
        <ResultFile path="WNVM19648\VSTest_NPMIntelliSenseTests_End_To_End_Timedout[2].jpg" />
        <ResultFile path="WNVM19648\VSTest_NPM_Completion_ScopedPackage_Timedout.jpg" />
        <ResultFile path="WNVM19648\VSTest_NPM_Completion_ScopedPackage_Timedout[1].jpg" />
        <ResultFile path="WNVM19648\VSTest_NPM_NavigateToHomepage_Timedout.jpg" />
        <ResultFile path="WNVM19648\VSTest_NPM_NavigateToHomepage_Timedout[1].jpg" />
        <ResultFile path="WNVM19648\VSTest_NPM_NavigateToHomepage_Timedout[2].jpg" />
        <ResultFile path="WNVM19648\VSTest_Parser_PTagTest_Timedout.jpg" />
        <ResultFile path="WNVM19648\VSTest_Parser_PTagTest_Timedout[1].jpg" />
        <ResultFile path="WNVM19648\VSTest_Parser_PTagTest_Timedout[2].jpg" />
        <ResultFile path="WNVM19648\VSTest_Razor_TagHelpers_OptOut_Timedout.jpg" />
        <ResultFile path="WNVM19648\VSTest_Razor_TagHelpers_OptOut_Timedout[1].jpg" />
        <ResultFile path="WNVM19648\VSTest_Razor_TagHelpers_OptOut_Timedout[2].jpg" />
        <ResultFile path="WNVM19648\VSTest_Razor_TagHelpers_Update_CS_File_And_Build_Timedout.jpg" />
        <ResultFile path="WNVM19648\VSTest_Razor_TagHelpers_Update_CS_File_And_Build_Timedout[1].jpg" />
        <ResultFile path="WNVM19648\VSTest_Razor_TagHelpers_Update_CS_File_And_Build_Timedout[2].jpg" />
        <ResultFile path="WNVM19648\VSTest_Script_Completion_Top_Level_Timedout.jpg" />
        <ResultFile path="WNVM19648\VSTest_Script_Completion_Top_Level_Timedout[1].jpg" />
        <ResultFile path="WNVM19648\VSTest_Script_Completion_Top_Level_Timedout[2].jpg" />
        <ResultFile path="WNVM19648\VSTest_SmartIndentInJSInRazorV4_Timedout.jpg" />
        <ResultFile path="WNVM19648\VSTest_SmartIndentInJSInRazorV4_Timedout[1].jpg" />
        <ResultFile path="WNVM19648\VSTest_SmartIndentInJSInRazorV4_Timedout[2].jpg" />
      </ResultFiles>
    </UnitTestResult>
    <UnitTestResult executionId="9ce1e23a-bb87-41bb-81e9-ea9b08594b40" testId="55dfbf27-89e4-ad32-50f8-487dbb03587d" testName="VSTest_RazorV4HTMLIntellisenseInHtm" computerName="WNVM19648" duration="00:00:06.1418814" startTime="2018-04-17T01:06:46.6872233-07:00" endTime="2018-04-17T01:06:52.8291047-07:00" testType="13cdc9d9-ddb5-4fa4-a97d-d965ccfc6d4b" outcome="Passed" testListId="8c84fa94-04c1-424b-9868-57a2d4851a1d" relativeResultsDirectory="9ce1e23a-bb87-41bb-81e9-ea9b08594b40">
      <Output>
        <StdOut>+ CSharpGeneralTests::VSTest_RazorV4HTMLIntellisenseInHtm
    + ApexTest TestInitialize
    + ExternalProcessHostTest TestInitialize
        (01:08:28.481) [Visual Studio Host (4384):RoamingSettingsService] Disabling roaming settings.
        (01:08:28.659) [Visual Studio Host (4384):SettingsService] Setting Visual Studio option 'Environment\RoamingSettings\RoamingEnabled' to 'False'.
        (01:08:29.277) [Visual Studio Host (4384):TextEditorDocumentWindowTestExtension] Showing window 'empty.htm' without activating the window.
        (01:08:29.661) [Visual Studio Host (4384):TextEditorDocumentWindowTestExtension] Showing window 'empty.htm'.
        (01:08:29.896) [Visual Studio Host (4384):VisualStudioTextEditorTestExtension] Setting keyboard focus to editor 'empty.htm'.
        (01:08:30.100) [Visual Studio Host (4384):MainWindowService] Activating main window to bring it to the foreground.
        (01:08:30.284) [Visual Studio Host (4384):MainWindowService] Setting main window state to 'Maximized'.
    (01:08:30.606) [Visual Studio Host (4384):TextEditorDocumentWindowTestExtension] Showing window 'empty.htm' without activating the window.
    (01:08:30.752) [Visual Studio Host (4384):TextEditorDocumentWindowTestExtension] Showing window 'empty.htm'.
    (01:08:30.913) [Visual Studio Host (4384):VisualStudioTextEditingActions] Inserting text combine CRLF as single return: '&lt;' at the current caret position: '(Ln: 1, Ch: 1)'
    (01:08:31.131) [Visual Studio Host (4384):TextEditorDocumentWindowTestExtension] Showing window 'empty.htm' without activating the window.
    (01:08:31.309) [Visual Studio Host (4384):TextEditorDocumentWindowTestExtension] Showing window 'empty.htm'.
    (01:08:31.556) [Visual Studio Host (4384):VisualStudioIntellisenseService] Getting the active completion at position '(Ln: 1, Ch: 2)'.
    (01:08:31.710) [Visual Studio Host (4384):VisualStudioCompletionListTestExtension] Found completion item with name 
    (01:08:31.881) [Visual Studio Host (4384):VisualStudioIntellisenseService] Getting the active completion at position '(Ln: 1, Ch: 2)'.
    (01:08:32.024) [Visual Studio Host (4384):VisualStudioCompletionListTestExtension] Found completion item with name 
    + ExternalProcessHostTest TestCleanup
        (01:08:32.334) [Visual Studio Host (4384):TextEditorDocumentWindowTestExtension] Closing window 'empty.htm'.
        (01:08:32.705) [Platform:Testcase] Test 'VSTest_RazorV4HTMLIntellisenseInHtm' has 'Passed' outcome. Therefore, Apex will not shut down the 'Visual Studio Host (4384)' with process ID '4384'. A subsequent test scenario will run on the same instance of the host.
    + Final Test Result Verification
        (01:08:33.180) [Platform:DelayedAssertionVerifierSink] Verification Success: 0 verification steps failed.
    + ApexTest TestCleanup</StdOut>
      </Output>
      <ResultFiles>
        <ResultFile path="WNVM19648\Fail.azqsczivabnm.png" />
        <ResultFile path="WNVM19648\Fail.ig2gsfz5ad1y.png" />
        <ResultFile path="WNVM19648\Fail.o5zf0zepaw0l.png" />
        <ResultFile path="WNVM19648\Fail.raasvsmeanc1.png" />
        <ResultFile path="WNVM19648\Fail.t4yj0fxuatil.png" />
        <ResultFile path="WNVM19648\Fail.z10rn0n5ajdm.png" />
        <ResultFile path="WNVM19648\OmniLog.html" />
        <ResultFile path="WNVM19648\OmniLogRawXml.xml" />
      </ResultFiles>
    </UnitTestResult>
    <UnitTestResult executionId="6ae28938-a315-4fe2-b0b8-35edb2dc0c7c" testId="088d2783-584d-22b3-6d2c-728d9b90b590" testName="VSTest_SmartIndentInLessWithBlockIndent" computerName="WNVM19648" duration="00:00:03.7919278" startTime="2018-04-17T00:24:41.9536872-07:00" endTime="2018-04-17T00:24:45.7456150-07:00" testType="13cdc9d9-ddb5-4fa4-a97d-d965ccfc6d4b" outcome="Passed" testListId="8c84fa94-04c1-424b-9868-57a2d4851a1d" relativeResultsDirectory="6ae28938-a315-4fe2-b0b8-35edb2dc0c7c">
      <Output>
        <StdOut>+ SmartIndentTests::VSTest_SmartIndentInLessWithBlockIndent
    + ApexTest TestInitialize
    + ExternalProcessHostTest TestInitialize
        (26:23.300) [Visual Studio Host (11564):RoamingSettingsService] Disabling roaming settings.
        (26:23.345) [Visual Studio Host (11564):SettingsService] Setting Visual Studio option 'Environment\RoamingSettings\RoamingEnabled' to 'False'.
        (26:23.588) [Visual Studio Host (11564):TextEditorDocumentWindowTestExtension] Showing window 'SmartIndentInLESS.Less' without activating the window.
        (26:23.649) [Visual Studio Host (11564):TextEditorDocumentWindowTestExtension] Showing window 'SmartIndentInLESS.Less'.
        (26:23.712) [Visual Studio Host (11564):VisualStudioTextEditorTestExtension] Setting keyboard focus to editor 'SmartIndentInLESS.Less'.
        (26:23.762) [Visual Studio Host (11564):SettingsService] Getting value of Visual Studio Setting 'TextEditor\LESS\InsertTabs'. 
        (26:23.819) [Visual Studio Host (11564):SettingsService] Setting Visual Studio option 'TextEditor\LESS\InsertTabs' to 'False'.
        (26:23.897) [Visual Studio Host (11564):SettingsService] Getting value of Visual Studio Setting 'TextEditor\LESS\IndentSize'. 
        (26:23.961) [Visual Studio Host (11564):SettingsService] Setting Visual Studio option 'TextEditor\LESS\IndentSize' to '4'.
        (26:24.021) [Visual Studio Host (11564):SettingsService] Getting value of Visual Studio Setting 'TextEditor\LESS\TabSize'. 
        (26:24.087) [Visual Studio Host (11564):SettingsService] Setting Visual Studio option 'TextEditor\LESS\TabSize' to '4'.
        (26:24.138) [Visual Studio Host (11564):SettingsService] Getting value of Visual Studio Setting 'TextEditor\LESS\IndentStyle'. 
        (26:24.188) [Visual Studio Host (11564):SettingsService] Setting Visual Studio option 'TextEditor\LESS\IndentStyle' to '1'.
        (26:24.250) [Visual Studio Host (11564):MainWindowService] Activating main window to bring it to the foreground.
        (26:24.362) [Visual Studio Host (11564):MainWindowService] Setting main window state to 'Maximized'.
    (26:24.486) [Visual Studio Host (11564):TextEditorDocumentWindowTestExtension] Showing window 'SmartIndentInLESS.Less' without activating the window.
    (26:24.542) [Visual Studio Host (11564):TextEditorDocumentWindowTestExtension] Showing window 'SmartIndentInLESS.Less'.
    (26:24.621) [Visual Studio Host (11564):VisualStudioCaretTestExtension] Moving the caret from (Ln: 1, Ch: 1) to the beginning of the file
    (26:24.690) [Visual Studio Host (11564):VisualStudioTextEditorTestExtension] Setting keyboard focus to editor 'SmartIndentInLESS.Less'.
    (26:24.756) [Visual Studio Host (11564):TextEditorDocumentWindowTestExtension] Showing window 'SmartIndentInLESS.Less' without activating the window.
    (26:24.815) [Visual Studio Host (11564):TextEditorDocumentWindowTestExtension] Showing window 'SmartIndentInLESS.Less'.
    (26:24.917) [Visual Studio Host (11564):VisualStudioTextEditingActions] Inserting text combine CRLF as single return: 'body{' at the current caret position: '(Ln: 1, Ch: 1)'
    (26:25.040) [Visual Studio Host (11564):TextEditorDocumentWindowTestExtension] Showing window 'SmartIndentInLESS.Less' without activating the window.
    (26:25.113) [Visual Studio Host (11564):TextEditorDocumentWindowTestExtension] Showing window 'SmartIndentInLESS.Less'.
    (26:25.183) [Visual Studio Host (11564):KeyboardCommands] Sending the Return key 1 times.
    (26:25.265) [Visual Studio Host (11564):TextEditorDocumentWindowTestExtension] Showing window 'SmartIndentInLESS.Less' without activating the window.
    (26:25.333) [Visual Studio Host (11564):TextEditorDocumentWindowTestExtension] Showing window 'SmartIndentInLESS.Less'.
    (26:25.416) [Visual Studio Host (11564):VisualStudioTextEditingActions] Inserting text combine CRLF as single return: 'color:red;' at the current caret position: '(Ln: 2, Ch: 1)'
    (26:25.589) [Visual Studio Host (11564):TextEditorDocumentWindowTestExtension] Showing window 'SmartIndentInLESS.Less' without activating the window.
    (26:25.664) [Visual Studio Host (11564):TextEditorDocumentWindowTestExtension] Showing window 'SmartIndentInLESS.Less'.
    + ExternalProcessHostTest TestCleanup
        (26:25.802) [Visual Studio Host (11564):SettingsService] Setting Visual Studio option 'TextEditor\LESS\InsertTabs' to 'False'.
        (26:25.855) [Visual Studio Host (11564):SettingsService] Setting Visual Studio option 'TextEditor\LESS\IndentSize' to '4'.
        (26:25.918) [Visual Studio Host (11564):SettingsService] Setting Visual Studio option 'TextEditor\LESS\TabSize' to '4'.
        (26:25.966) [Visual Studio Host (11564):SettingsService] Setting Visual Studio option 'TextEditor\LESS\IndentStyle' to '2'.
        (26:26.084) [Visual Studio Host (11564):TextEditorDocumentWindowTestExtension] Closing window 'SmartIndentInLESS.Less'.
        (26:26.267) [Platform:Testcase] Test 'VSTest_SmartIndentInLessWithBlockIndent' has 'Passed' outcome. Therefore, Apex will not shut down the 'Visual Studio Host (11564)' with process ID '11564'. A subsequent test scenario will run on the same instance of the host.
    + Final Test Result Verification
        (26:26.508) [Platform:DelayedAssertionVerifierSink] Verification Success: 0 verification steps failed.
    + ApexTest TestCleanup</StdOut>
      </Output>
      <ResultFiles>
        <ResultFile path="WNVM19648\Fail.azqsczivabnm.png" />
        <ResultFile path="WNVM19648\Fail.ig2gsfz5ad1y.png" />
        <ResultFile path="WNVM19648\Fail.o5zf0zepaw0l.png" />
        <ResultFile path="WNVM19648\OmniLog.html" />
        <ResultFile path="WNVM19648\OmniLogRawXml.xml" />
      </ResultFiles>
    </UnitTestResult>
    <UnitTestResult executionId="12413255-a84b-4cf3-a453-42eb879063c8" testId="f210eff5-54eb-a105-7272-61ff4b2d5fcb" testName="VSTest_RazorHTMLIntellisenseInHtm" computerName="WNVM19648" duration="00:00:04.9852901" startTime="2018-04-17T01:09:44.3834138-07:00" endTime="2018-04-17T01:09:49.3687039-07:00" testType="13cdc9d9-ddb5-4fa4-a97d-d965ccfc6d4b" outcome="Passed" testListId="8c84fa94-04c1-424b-9868-57a2d4851a1d" relativeResultsDirectory="12413255-a84b-4cf3-a453-42eb879063c8">
      <Output>
        <StdOut>+ CSharpGeneralTests::VSTest_RazorHTMLIntellisenseInHtm
    + ApexTest TestInitialize
    + ExternalProcessHostTest TestInitialize
        (01:11:26.068) [Visual Studio Host (4384):RoamingSettingsService] Disabling roaming settings.
        (01:11:26.198) [Visual Studio Host (4384):SettingsService] Setting Visual Studio option 'Environment\RoamingSettings\RoamingEnabled' to 'False'.
        (01:11:26.515) [Visual Studio Host (4384):TextEditorDocumentWindowTestExtension] Showing window 'empty.htm' without activating the window.
        (01:11:26.674) [Visual Studio Host (4384):TextEditorDocumentWindowTestExtension] Showing window 'empty.htm'.
        (01:11:26.848) [Visual Studio Host (4384):VisualStudioTextEditorTestExtension] Setting keyboard focus to editor 'empty.htm'.
        (01:11:27.000) [Visual Studio Host (4384):MainWindowService] Activating main window to bring it to the foreground.
        (01:11:27.136) [Visual Studio Host (4384):MainWindowService] Setting main window state to 'Maximized'.
    (01:11:27.419) [Visual Studio Host (4384):TextEditorDocumentWindowTestExtension] Showing window 'empty.htm' without activating the window.
    (01:11:27.553) [Visual Studio Host (4384):TextEditorDocumentWindowTestExtension] Showing window 'empty.htm'.
    (01:11:27.718) [Visual Studio Host (4384):VisualStudioTextEditingActions] Inserting text combine CRLF as single return: '&lt;' at the current caret position: '(Ln: 1, Ch: 1)'
    (01:11:27.883) [Visual Studio Host (4384):TextEditorDocumentWindowTestExtension] Showing window 'empty.htm' without activating the window.
    (01:11:28.060) [Visual Studio Host (4384):TextEditorDocumentWindowTestExtension] Showing window 'empty.htm'.
    (01:11:28.249) [Visual Studio Host (4384):VisualStudioIntellisenseService] Getting the active completion at position '(Ln: 1, Ch: 2)'.
    (01:11:28.403) [Visual Studio Host (4384):VisualStudioCompletionListTestExtension] Found completion item with name 
    (01:11:28.590) [Visual Studio Host (4384):VisualStudioIntellisenseService] Getting the active completion at position '(Ln: 1, Ch: 2)'.
    (01:11:28.760) [Visual Studio Host (4384):VisualStudioCompletionListTestExtension] Found completion item with name 
    + ExternalProcessHostTest TestCleanup
        (01:11:29.032) [Visual Studio Host (4384):TextEditorDocumentWindowTestExtension] Closing window 'empty.htm'.
        (01:11:29.350) [Platform:Testcase] Test 'VSTest_RazorHTMLIntellisenseInHtm' has 'Passed' outcome. Therefore, Apex will not shut down the 'Visual Studio Host (4384)' with process ID '4384'. A subsequent test scenario will run on the same instance of the host.
    + Final Test Result Verification
        (01:11:29.775) [Platform:DelayedAssertionVerifierSink] Verification Success: 0 verification steps failed.
    + ApexTest TestCleanup</StdOut>
      </Output>
      <ResultFiles>
        <ResultFile path="WNVM19648\Fail.azqsczivabnm.png" />
        <ResultFile path="WNVM19648\Fail.ig2gsfz5ad1y.png" />
        <ResultFile path="WNVM19648\Fail.o5zf0zepaw0l.png" />
        <ResultFile path="WNVM19648\Fail.raasvsmeanc1.png" />
        <ResultFile path="WNVM19648\Fail.t4yj0fxuatil.png" />
        <ResultFile path="WNVM19648\Fail.z10rn0n5ajdm.png" />
        <ResultFile path="WNVM19648\OmniLog.html" />
        <ResultFile path="WNVM19648\OmniLogRawXml.xml" />
      </ResultFiles>
    </UnitTestResult>
    <UnitTestResult executionId="0b6dbeb4-225e-4c6e-ac91-a4b91d6881b8" testId="8671124d-22b7-d568-291b-7febab0cda3e" testName="VSTest_LessCompletion_SelectorInterpolation" computerName="WNVM19648" duration="00:00:12.2932943" startTime="2018-04-17T02:27:35.6283888-07:00" endTime="2018-04-17T02:27:47.9216831-07:00" testType="13cdc9d9-ddb5-4fa4-a97d-d965ccfc6d4b" outcome="Passed" testListId="8c84fa94-04c1-424b-9868-57a2d4851a1d" relativeResultsDirectory="0b6dbeb4-225e-4c6e-ac91-a4b91d6881b8">
      <Output>
        <StdOut>+ LessCompletionTests::VSTest_LessCompletion_SelectorInterpolation
    + ApexTest TestInitialize
    + ExternalProcessHostTest TestInitialize
        (02:29:17.594) [Visual Studio Host (8832):RoamingSettingsService] Disabling roaming settings.
        (02:29:17.753) [Visual Studio Host (8832):SettingsService] Setting Visual Studio option 'Environment\RoamingSettings\RoamingEnabled' to 'False'.
        (02:29:18.313) [Visual Studio Host (8832):TextEditorDocumentWindowTestExtension] Showing window 'vars.less' without activating the window.
        (02:29:18.496) [Visual Studio Host (8832):TextEditorDocumentWindowTestExtension] Showing window 'vars.less'.
        (02:29:18.683) [Visual Studio Host (8832):VisualStudioTextEditorTestExtension] Setting keyboard focus to editor 'vars.less'.
        (02:29:18.855) [Visual Studio Host (8832):MainWindowService] Activating main window to bring it to the foreground.
        (02:29:19.037) [Visual Studio Host (8832):MainWindowService] Setting main window state to 'Maximized'.
    (02:29:19.519) [Visual Studio Host (8832):TextEditorDocumentWindowTestExtension] Showing window 'vars.less' without activating the window.
    (02:29:19.699) [Visual Studio Host (8832):TextEditorDocumentWindowTestExtension] Showing window 'vars.less'.
    (02:29:19.933) [Visual Studio Host (8832):VisualStudioCaretTestExtension] Moving the caret from (Ln: 1, Ch: 1) to line '5'
    (02:29:20.148) [Visual Studio Host (8832):VisualStudioTextEditorTestExtension] Setting keyboard focus to editor 'vars.less'.
    (02:29:20.348) [Visual Studio Host (8832):TextEditorDocumentWindowTestExtension] Showing window 'vars.less' without activating the window.
    (02:29:20.552) [Visual Studio Host (8832):TextEditorDocumentWindowTestExtension] Showing window 'vars.less'.
    (02:29:21.144) [Visual Studio Host (8832):TextEditorDocumentWindowTestExtension] Showing window 'vars.less' without activating the window.
    (02:29:21.512) [Visual Studio Host (8832):TextEditorDocumentWindowTestExtension] Showing window 'vars.less'.
    (02:29:21.805) [Visual Studio Host (8832):VisualStudioIntellisenseService] Getting the active completion at position '(Ln: 5, Ch: 2)'.
    VerificationPass: (02:29:23.234) [Visual Studio Host (8832):VisualStudioIntellisenseVerifier] Verification passed: Completion list is present within a timeout of 00:00:10.
    (02:29:23.472) [Visual Studio Host (8832):TextEditorDocumentWindowTestExtension] Showing window 'vars.less' without activating the window.
    (02:29:23.659) [Visual Studio Host (8832):TextEditorDocumentWindowTestExtension] Showing window 'vars.less'.
    (02:29:24.124) [Visual Studio Host (8832):TextEditorDocumentWindowTestExtension] Showing window 'vars.less' without activating the window.
    (02:29:24.322) [Visual Studio Host (8832):TextEditorDocumentWindowTestExtension] Showing window 'vars.less'.
    (02:29:24.515) [Visual Studio Host (8832):VisualStudioIntellisenseService] Getting the active completion at position '(Ln: 5, Ch: 3)'.
    VerificationPass: (02:29:24.689) [Visual Studio Host (8832):VisualStudioIntellisenseVerifier] Verification passed: Completion list is present within a timeout of 00:00:10.
    (02:29:24.868) [Visual Studio Host (8832):TextEditorDocumentWindowTestExtension] Showing window 'vars.less' without activating the window.
    (02:29:25.022) [Visual Studio Host (8832):TextEditorDocumentWindowTestExtension] Showing window 'vars.less'.
    (02:29:25.191) [Visual Studio Host (8832):KeyboardCommands] Sending '1' tabs.
    (02:29:25.469) [Visual Studio Host (8832):TextEditorDocumentWindowTestExtension] Showing window 'vars.less' without activating the window.
    (02:29:25.647) [Visual Studio Host (8832):TextEditorDocumentWindowTestExtension] Showing window 'vars.less'.
    (02:29:25.850) [Visual Studio Host (8832):TextEditorDocumentWindowTestExtension] Showing window 'vars.less' without activating the window.
    (02:29:26.071) [Visual Studio Host (8832):TextEditorDocumentWindowTestExtension] Showing window 'vars.less'.
    + ExternalProcessHostTest TestCleanup
        (02:29:26.492) [Visual Studio Host (8832):TextEditorDocumentWindowTestExtension] Closing window 'vars.less'.
        (02:29:27.402) [Platform:Testcase] Test 'VSTest_LessCompletion_SelectorInterpolation' has 'Passed' outcome. Therefore, Apex will not shut down the 'Visual Studio Host (8832)' with process ID '8832'. A subsequent test scenario will run on the same instance of the host.
    + Final Test Result Verification
        (02:29:28.021) [Platform:DelayedAssertionVerifierSink] Verification Success: 0 verification steps failed.
    + ApexTest TestCleanup</StdOut>
      </Output>
      <ResultFiles>
        <ResultFile path="WNVM19648\Fail.1naitrosadk5.png" />
        <ResultFile path="WNVM19648\Fail.22wpw0oka5fs.png" />
        <ResultFile path="WNVM19648\Fail.24wtv1jnawc3.png" />
        <ResultFile path="WNVM19648\Fail.2dvw33g3abcx.png" />
        <ResultFile path="WNVM19648\Fail.2lws5epta1gw.png" />
        <ResultFile path="WNVM19648\Fail.2osatv43agzz.png" />
        <ResultFile path="WNVM19648\Fail.33ju4eduay3u.png" />
        <ResultFile path="WNVM19648\Fail.3poblbx4alvv.png" />
        <ResultFile path="WNVM19648\Fail.4p531ykxaqdb.png" />
        <ResultFile path="WNVM19648\Fail.5ckvvlpiahzj.png" />
        <ResultFile path="WNVM19648\Fail.5erbsz3aa4ay.png" />
        <ResultFile path="WNVM19648\Fail.ashpv3rjajjr.png" />
        <ResultFile path="WNVM19648\Fail.aswak04hapa5.png" />
        <ResultFile path="WNVM19648\Fail.azqsczivabnm.png" />
        <ResultFile path="WNVM19648\Fail.byuslv5baqsd.png" />
        <ResultFile path="WNVM19648\Fail.bz134qwyax2e.png" />
        <ResultFile path="WNVM19648\Fail.cwkly5opaa5x.png" />
        <ResultFile path="WNVM19648\Fail.czhshhzmawco.png" />
        <ResultFile path="WNVM19648\Fail.ek4tb3wmalyl.png" />
        <ResultFile path="WNVM19648\Fail.fdtmbjciavfs.png" />
        <ResultFile path="WNVM19648\Fail.fh0tepfdaffp.png" />
        <ResultFile path="WNVM19648\Fail.hxi2cahnapy2.png" />
        <ResultFile path="WNVM19648\Fail.ig2gsfz5ad1y.png" />
        <ResultFile path="WNVM19648\Fail.iwqb3wycasom.png" />
        <ResultFile path="WNVM19648\Fail.iymeazuqablz.png" />
        <ResultFile path="WNVM19648\Fail.jpga4adlarrf.png" />
        <ResultFile path="WNVM19648\Fail.k12p4vaeagac.png" />
        <ResultFile path="WNVM19648\Fail.kfb5og41ajlt.png" />
        <ResultFile path="WNVM19648\Fail.kp4fcfcpa5bw.png" />
        <ResultFile path="WNVM19648\Fail.kxs1ersmaxma.png" />
        <ResultFile path="WNVM19648\Fail.lbyrcmqbastb.png" />
        <ResultFile path="WNVM19648\Fail.loc0xhl5a2hr.png" />
        <ResultFile path="WNVM19648\Fail.lthgvalfaxfr.png" />
        <ResultFile path="WNVM19648\Fail.mazsob3aamsp.png" />
        <ResultFile path="WNVM19648\Fail.n13clx4iaowv.png" />
        <ResultFile path="WNVM19648\Fail.n3c2bmltan5e.png" />
        <ResultFile path="WNVM19648\Fail.o4kkrjboasbk.png" />
        <ResultFile path="WNVM19648\Fail.o5zf0zepaw0l.png" />
        <ResultFile path="WNVM19648\Fail.pdo2mhdtanq2.png" />
        <ResultFile path="WNVM19648\Fail.pprwzak1ac5h.png" />
        <ResultFile path="WNVM19648\Fail.qagtqbftat3h.png" />
        <ResultFile path="WNVM19648\Fail.qbnuydioazjy.png" />
        <ResultFile path="WNVM19648\Fail.raasvsmeanc1.png" />
        <ResultFile path="WNVM19648\Fail.rymman3va50a.png" />
        <ResultFile path="WNVM19648\Fail.sidku4gxamg4.png" />
        <ResultFile path="WNVM19648\Fail.swwzdfhraz25.png" />
        <ResultFile path="WNVM19648\Fail.t4yj0fxuatil.png" />
        <ResultFile path="WNVM19648\Fail.v0ywfcwsa23p.png" />
        <ResultFile path="WNVM19648\Fail.vjqtiv2zaclz.png" />
        <ResultFile path="WNVM19648\Fail.w3wlbab1aii5.png" />
        <ResultFile path="WNVM19648\Fail.wiz4mofdavag.png" />
        <ResultFile path="WNVM19648\Fail.xasrdkzvaogc.png" />
        <ResultFile path="WNVM19648\Fail.yd3ferxiaq1c.png" />
        <ResultFile path="WNVM19648\Fail.z10rn0n5ajdm.png" />
        <ResultFile path="WNVM19648\Fail.z2gelfy0aa1q.png" />
        <ResultFile path="WNVM19648\Fail.zpuouf2fa0ib.png" />
        <ResultFile path="WNVM19648\OmniLog.html" />
        <ResultFile path="WNVM19648\OmniLogRawXml.xml" />
      </ResultFiles>
    </UnitTestResult>
    <UnitTestResult executionId="434c4940-4e8e-4c30-a74c-023dfe2ad112" testId="28ac7600-99b7-f902-3c85-280a17b07c29" testName="VSTest_JSON_BlockComments" computerName="WNVM19648" duration="00:00:18.6869418" startTime="2018-04-17T02:16:36.7522673-07:00" endTime="2018-04-17T02:16:55.4392091-07:00" testType="13cdc9d9-ddb5-4fa4-a97d-d965ccfc6d4b" outcome="Passed" testListId="8c84fa94-04c1-424b-9868-57a2d4851a1d" relativeResultsDirectory="434c4940-4e8e-4c30-a74c-023dfe2ad112">
      <Output>
        <StdOut>+ JSONOutliningTests::VSTest_JSON_BlockComments
    + ApexTest TestInitialize
    + ExternalProcessHostTest TestInitialize
        (02:18:18.593) [Visual Studio Host (4596):RoamingSettingsService] Disabling roaming settings.
        (02:18:18.780) [Visual Studio Host (4596):SettingsService] Setting Visual Studio option 'Environment\RoamingSettings\RoamingEnabled' to 'False'.
        (02:18:19.296) [Visual Studio Host (4596):TextEditorDocumentWindowTestExtension] Showing window 'BlockCommentOutlining.json' without activating the window.
        (02:18:19.514) [Visual Studio Host (4596):TextEditorDocumentWindowTestExtension] Showing window 'BlockCommentOutlining.json'.
        (02:18:19.686) [Visual Studio Host (4596):VisualStudioTextEditorTestExtension] Setting keyboard focus to editor 'BlockCommentOutlining.json'.
        (02:18:19.858) [Visual Studio Host (4596):MainWindowService] Activating main window to bring it to the foreground.
        (02:18:20.046) [Visual Studio Host (4596):MainWindowService] Setting main window state to 'Maximized'.
    (02:18:20.405) [Visual Studio Host (4596):TextEditorDocumentWindowTestExtension] Showing window 'BlockCommentOutlining.json' without activating the window.
    (02:18:20.624) [Visual Studio Host (4596):TextEditorDocumentWindowTestExtension] Showing window 'BlockCommentOutlining.json'.
    (02:18:20.811) [Visual Studio Host (4596):VisualStudioOutliningTestExtension] Retrieved '3' outlined regions in the editor.
    VerificationPass: (02:18:20.999) [Platform:Testcase] Verification passed: Number of outlining regions is 3; expected to find 3.
    (02:18:21.171) [Platform:Testcase] Verifying outline region on line 1
    VerificationPass: (02:18:21.358) [Platform:Testcase] Verification passed: Start locations are not equal. Expected '(Ln: 1, Ch: 1)', Actual: '(Ln: 1, Ch: 1)'
    VerificationPass: (02:18:21.546) [Platform:Testcase] Verification passed: End locations are not equal. Expected '(Ln: 11, Ch: 2)', Actual: '(Ln: 11, Ch: 2)'
    VerificationPass: (02:18:21.733) [Platform:Testcase] Verification passed: Instances are equal. Expected 'False', Actual 'False'.
    (02:18:21.905) [Platform:Testcase] Verifying outline region on line 2
    VerificationPass: (02:18:22.077) [Platform:Testcase] Verification passed: Start locations are not equal. Expected '(Ln: 2, Ch: 5)', Actual: '(Ln: 2, Ch: 5)'
    VerificationPass: (02:18:22.264) [Platform:Testcase] Verification passed: End locations are not equal. Expected '(Ln: 5, Ch: 14)', Actual: '(Ln: 5, Ch: 14)'
    VerificationPass: (02:18:22.452) [Platform:Testcase] Verification passed: Instances are equal. Expected 'False', Actual 'False'.
    (02:18:22.624) [Platform:Testcase] Verifying outline region on line 7
    VerificationPass: (02:18:22.796) [Platform:Testcase] Verification passed: Start locations are not equal. Expected '(Ln: 7, Ch: 5)', Actual: '(Ln: 7, Ch: 5)'
    VerificationPass: (02:18:22.967) [Platform:Testcase] Verification passed: End locations are not equal. Expected '(Ln: 9, Ch: 7)', Actual: '(Ln: 9, Ch: 7)'
    VerificationPass: (02:18:23.155) [Platform:Testcase] Verification passed: Instances are equal. Expected 'False', Actual 'False'.
    (02:18:23.342) [Visual Studio Host (4596):TextEditorDocumentWindowTestExtension] Showing window 'BlockCommentOutlining.json' without activating the window.
    (02:18:23.546) [Visual Studio Host (4596):TextEditorDocumentWindowTestExtension] Showing window 'BlockCommentOutlining.json'.
    (02:18:23.749) [Visual Studio Host (4596):VisualStudioCaretTestExtension] Moving the caret from (Ln: 1, Ch: 1) to the beginning of the file
    (02:18:23.936) [Visual Studio Host (4596):VisualStudioTextEditorTestExtension] Setting keyboard focus to editor 'BlockCommentOutlining.json'.
    (02:18:24.124) [Visual Studio Host (4596):TextEditorDocumentWindowTestExtension] Showing window 'BlockCommentOutlining.json' without activating the window.
    (02:18:24.311) [Visual Studio Host (4596):TextEditorDocumentWindowTestExtension] Showing window 'BlockCommentOutlining.json'.
    (02:18:24.530) [Visual Studio Host (4596):TextEditorDocumentWindowTestExtension] Showing window 'BlockCommentOutlining.json' without activating the window.
    (02:18:24.717) [Visual Studio Host (4596):TextEditorDocumentWindowTestExtension] Showing window 'BlockCommentOutlining.json'.
    (02:18:24.905) [Visual Studio Host (4596):VisualStudioOutliningTestExtension] Collapsing region at '(Ln: 1, Ch: 1)'.
    (02:18:25.077) [Visual Studio Host (4596):TextEditorDocumentWindowTestExtension] Showing window 'BlockCommentOutlining.json' without activating the window.
    (02:18:25.264) [Visual Studio Host (4596):TextEditorDocumentWindowTestExtension] Showing window 'BlockCommentOutlining.json'.
    (02:18:25.436) [Visual Studio Host (4596):VisualStudioOutliningTestExtension] Retrieved '1' collapsed regions at position '(Ln: 1, Ch: 1)'.
    (02:18:25.608) [Visual Studio Host (4596):VisualStudioOutliningTestExtension] Retrieved '[Span: ((Ln: 1, Ch: 1) - (Ln: 11, Ch: 2)), IsCollapsed: True, IsCollapsible: True, IsImplementation: False]' region at position '(Ln: 1, Ch: 1)'.
    (02:18:25.780) [Visual Studio Host (4596):TextEditorDocumentWindowTestExtension] Showing window 'BlockCommentOutlining.json' without activating the window.
    (02:18:25.952) [Visual Studio Host (4596):TextEditorDocumentWindowTestExtension] Showing window 'BlockCommentOutlining.json'.
    VerificationPass: (02:18:26.139) [Platform:Testcase] Verification passed: The condition was expected to be true.
    VerificationPass: (02:18:26.327) [Platform:Testcase] Verification passed: String content is equal: Expected '...', Actual '...'; &lt;ComparisonType: OrdinalIgnoreCase&gt;
    (02:18:26.483) [Visual Studio Host (4596):TextEditorDocumentWindowTestExtension] Showing window 'BlockCommentOutlining.json' without activating the window.
    (02:18:26.670) [Visual Studio Host (4596):TextEditorDocumentWindowTestExtension] Showing window 'BlockCommentOutlining.json'.
    (02:18:26.889) [Visual Studio Host (4596):VisualStudioOutliningTestExtension] Expanding region at '(Ln: 1, Ch: 1)'.
    (02:18:27.077) [Visual Studio Host (4596):TextEditorDocumentWindowTestExtension] Showing window 'BlockCommentOutlining.json' without activating the window.
    (02:18:27.249) [Visual Studio Host (4596):TextEditorDocumentWindowTestExtension] Showing window 'BlockCommentOutlining.json'.
    (02:18:27.452) [Visual Studio Host (4596):VisualStudioCaretTestExtension] Moving the caret and selecting the range from (Ln: 2, Ch: 5) to (Ln: 2, Ch: 11) based on a regular expression.  Expression = "(//Here)" [group index '1', match index '1', options 'Singleline, CultureInvariant']
    (02:18:27.639) [Visual Studio Host (4596):TextEditorDocumentWindowTestExtension] Showing window 'BlockCommentOutlining.json' without activating the window.
    (02:18:27.842) [Visual Studio Host (4596):TextEditorDocumentWindowTestExtension] Showing window 'BlockCommentOutlining.json'.
    (02:18:28.061) [Visual Studio Host (4596):VisualStudioCaretTestExtension] Moving the caret from (Ln: 2, Ch: 11) to the beginning of the line
    (02:18:28.233) [Visual Studio Host (4596):VisualStudioTextEditorTestExtension] Setting keyboard focus to editor 'BlockCommentOutlining.json'.
    (02:18:28.420) [Visual Studio Host (4596):TextEditorDocumentWindowTestExtension] Showing window 'BlockCommentOutlining.json' without activating the window.
    (02:18:28.608) [Visual Studio Host (4596):TextEditorDocumentWindowTestExtension] Showing window 'BlockCommentOutlining.json'.
    (02:18:28.811) [Visual Studio Host (4596):TextEditorDocumentWindowTestExtension] Showing window 'BlockCommentOutlining.json' without activating the window.
    (02:18:28.998) [Visual Studio Host (4596):TextEditorDocumentWindowTestExtension] Showing window 'BlockCommentOutlining.json'.
    (02:18:29.187) [Visual Studio Host (4596):VisualStudioOutliningTestExtension] Collapsing region at '(Ln: 2, Ch: 5)'.
    (02:18:29.373) [Visual Studio Host (4596):TextEditorDocumentWindowTestExtension] Showing window 'BlockCommentOutlining.json' without activating the window.
    (02:18:29.577) [Visual Studio Host (4596):TextEditorDocumentWindowTestExtension] Showing window 'BlockCommentOutlining.json'.
    (02:18:29.780) [Visual Studio Host (4596):VisualStudioOutliningTestExtension] Retrieved '1' collapsed regions at position '(Ln: 2, Ch: 5)'.
    (02:18:29.952) [Visual Studio Host (4596):VisualStudioOutliningTestExtension] Retrieved '[Span: ((Ln: 2, Ch: 5) - (Ln: 5, Ch: 14)), IsCollapsed: True, IsCollapsible: True, IsImplementation: False]' region at position '(Ln: 2, Ch: 5)'.
    VerificationPass: (02:18:30.139) [Platform:Testcase] Verification passed: String content is equal: Expected 'Here', Actual 'Here'; &lt;ComparisonType: OrdinalIgnoreCase&gt;
    VerificationPass: (02:18:30.342) [Platform:Testcase] Verification passed: String content is equal: Expected 'Here', Actual 'Here'; &lt;ComparisonType: OrdinalIgnoreCase&gt;
    (02:18:30.530) [Visual Studio Host (4596):TextEditorDocumentWindowTestExtension] Showing window 'BlockCommentOutlining.json' without activating the window.
    (02:18:30.717) [Visual Studio Host (4596):TextEditorDocumentWindowTestExtension] Showing window 'BlockCommentOutlining.json'.
    (02:18:30.920) [Visual Studio Host (4596):VisualStudioOutliningTestExtension] Expanding region at '(Ln: 2, Ch: 5)'.
    (02:18:31.077) [Visual Studio Host (4596):TextEditorDocumentWindowTestExtension] Showing window 'BlockCommentOutlining.json' without activating the window.
    (02:18:31.233) [Visual Studio Host (4596):TextEditorDocumentWindowTestExtension] Showing window 'BlockCommentOutlining.json'.
    (02:18:31.436) [Visual Studio Host (4596):VisualStudioCaretTestExtension] Moving the caret and selecting the range from (Ln: 7, Ch: 5) to (Ln: 7, Ch: 13) based on a regular expression.  Expression = "(/\* Block)" [group index '1', match index '1', options 'Singleline, CultureInvariant']
    (02:18:31.623) [Visual Studio Host (4596):TextEditorDocumentWindowTestExtension] Showing window 'BlockCommentOutlining.json' without activating the window.
    (02:18:31.811) [Visual Studio Host (4596):TextEditorDocumentWindowTestExtension] Showing window 'BlockCommentOutlining.json'.
    (02:18:32.030) [Visual Studio Host (4596):VisualStudioCaretTestExtension] Moving the caret from (Ln: 7, Ch: 13) to the beginning of the line
    (02:18:32.248) [Visual Studio Host (4596):VisualStudioTextEditorTestExtension] Setting keyboard focus to editor 'BlockCommentOutlining.json'.
    (02:18:32.452) [Visual Studio Host (4596):TextEditorDocumentWindowTestExtension] Showing window 'BlockCommentOutlining.json' without activating the window.
    (02:18:32.623) [Visual Studio Host (4596):TextEditorDocumentWindowTestExtension] Showing window 'BlockCommentOutlining.json'.
    (02:18:32.858) [Visual Studio Host (4596):TextEditorDocumentWindowTestExtension] Showing window 'BlockCommentOutlining.json' without activating the window.
    (02:18:33.030) [Visual Studio Host (4596):TextEditorDocumentWindowTestExtension] Showing window 'BlockCommentOutlining.json'.
    (02:18:33.233) [Visual Studio Host (4596):VisualStudioOutliningTestExtension] Collapsing region at '(Ln: 7, Ch: 5)'.
    (02:18:33.420) [Visual Studio Host (4596):TextEditorDocumentWindowTestExtension] Showing window 'BlockCommentOutlining.json' without activating the window.
    (02:18:33.592) [Visual Studio Host (4596):TextEditorDocumentWindowTestExtension] Showing window 'BlockCommentOutlining.json'.
    (02:18:33.764) [Visual Studio Host (4596):VisualStudioOutliningTestExtension] Retrieved '1' collapsed regions at position '(Ln: 7, Ch: 5)'.
    (02:18:33.936) [Visual Studio Host (4596):VisualStudioOutliningTestExtension] Retrieved '[Span: ((Ln: 7, Ch: 5) - (Ln: 9, Ch: 7)), IsCollapsed: True, IsCollapsible: True, IsImplementation: False]' region at position '(Ln: 7, Ch: 5)'.
    VerificationPass: (02:18:34.123) [Platform:Testcase] Verification passed: String content is equal: Expected '/* Block comment
*  Another line
*/', Actual '/* Block comment
*  Another line
*/'; &lt;ComparisonType: OrdinalIgnoreCase&gt;
    VerificationPass: (02:18:34.326) [Platform:Testcase] Verification passed: String content is equal: Expected '...', Actual '...'; &lt;ComparisonType: OrdinalIgnoreCase&gt;
    + ExternalProcessHostTest TestCleanup
        (02:18:34.686) [Visual Studio Host (4596):TextEditorDocumentWindowTestExtension] Closing window 'BlockCommentOutlining.json'.
        (02:18:35.061) [Platform:Testcase] Test 'VSTest_JSON_BlockComments' has 'Passed' outcome. Therefore, Apex will not shut down the 'Visual Studio Host (4596)' with process ID '4596'. A subsequent test scenario will run on the same instance of the host.
    + Final Test Result Verification
        (02:18:35.608) [Platform:DelayedAssertionVerifierSink] Verification Success: 0 verification steps failed.
    + ApexTest TestCleanup</StdOut>
      </Output>
      <ResultFiles>
        <ResultFile path="WNVM19648\Fail.22wpw0oka5fs.png" />
        <ResultFile path="WNVM19648\Fail.24wtv1jnawc3.png" />
        <ResultFile path="WNVM19648\Fail.2dvw33g3abcx.png" />
        <ResultFile path="WNVM19648\Fail.2lws5epta1gw.png" />
        <ResultFile path="WNVM19648\Fail.2osatv43agzz.png" />
        <ResultFile path="WNVM19648\Fail.33ju4eduay3u.png" />
        <ResultFile path="WNVM19648\Fail.3poblbx4alvv.png" />
        <ResultFile path="WNVM19648\Fail.4p531ykxaqdb.png" />
        <ResultFile path="WNVM19648\Fail.5erbsz3aa4ay.png" />
        <ResultFile path="WNVM19648\Fail.ashpv3rjajjr.png" />
        <ResultFile path="WNVM19648\Fail.aswak04hapa5.png" />
        <ResultFile path="WNVM19648\Fail.azqsczivabnm.png" />
        <ResultFile path="WNVM19648\Fail.byuslv5baqsd.png" />
        <ResultFile path="WNVM19648\Fail.bz134qwyax2e.png" />
        <ResultFile path="WNVM19648\Fail.czhshhzmawco.png" />
        <ResultFile path="WNVM19648\Fail.ek4tb3wmalyl.png" />
        <ResultFile path="WNVM19648\Fail.hxi2cahnapy2.png" />
        <ResultFile path="WNVM19648\Fail.ig2gsfz5ad1y.png" />
        <ResultFile path="WNVM19648\Fail.iymeazuqablz.png" />
        <ResultFile path="WNVM19648\Fail.jpga4adlarrf.png" />
        <ResultFile path="WNVM19648\Fail.kfb5og41ajlt.png" />
        <ResultFile path="WNVM19648\Fail.kp4fcfcpa5bw.png" />
        <ResultFile path="WNVM19648\Fail.kxs1ersmaxma.png" />
        <ResultFile path="WNVM19648\Fail.lbyrcmqbastb.png" />
        <ResultFile path="WNVM19648\Fail.loc0xhl5a2hr.png" />
        <ResultFile path="WNVM19648\Fail.lthgvalfaxfr.png" />
        <ResultFile path="WNVM19648\Fail.mazsob3aamsp.png" />
        <ResultFile path="WNVM19648\Fail.n13clx4iaowv.png" />
        <ResultFile path="WNVM19648\Fail.n3c2bmltan5e.png" />
        <ResultFile path="WNVM19648\Fail.o4kkrjboasbk.png" />
        <ResultFile path="WNVM19648\Fail.o5zf0zepaw0l.png" />
        <ResultFile path="WNVM19648\Fail.pdo2mhdtanq2.png" />
        <ResultFile path="WNVM19648\Fail.pprwzak1ac5h.png" />
        <ResultFile path="WNVM19648\Fail.qagtqbftat3h.png" />
        <ResultFile path="WNVM19648\Fail.qbnuydioazjy.png" />
        <ResultFile path="WNVM19648\Fail.raasvsmeanc1.png" />
        <ResultFile path="WNVM19648\Fail.rymman3va50a.png" />
        <ResultFile path="WNVM19648\Fail.sidku4gxamg4.png" />
        <ResultFile path="WNVM19648\Fail.swwzdfhraz25.png" />
        <ResultFile path="WNVM19648\Fail.t4yj0fxuatil.png" />
        <ResultFile path="WNVM19648\Fail.v0ywfcwsa23p.png" />
        <ResultFile path="WNVM19648\Fail.vjqtiv2zaclz.png" />
        <ResultFile path="WNVM19648\Fail.wiz4mofdavag.png" />
        <ResultFile path="WNVM19648\Fail.xasrdkzvaogc.png" />
        <ResultFile path="WNVM19648\Fail.yd3ferxiaq1c.png" />
        <ResultFile path="WNVM19648\Fail.z10rn0n5ajdm.png" />
        <ResultFile path="WNVM19648\Fail.z2gelfy0aa1q.png" />
        <ResultFile path="WNVM19648\Fail.zpuouf2fa0ib.png" />
        <ResultFile path="WNVM19648\OmniLog.html" />
        <ResultFile path="WNVM19648\OmniLogRawXml.xml" />
      </ResultFiles>
    </UnitTestResult>
    <UnitTestResult executionId="0fd038d2-e703-4f13-808b-8647cf2966f1" testId="f1a082a2-2fe1-9ef7-988e-87d4dd92fc1c" testName="VSTest_Completion_TypeRazorCode" computerName="WNVM19648" duration="00:00:14.1265578" startTime="2018-04-17T01:32:51.5605808-07:00" endTime="2018-04-17T01:33:05.6871386-07:00" testType="13cdc9d9-ddb5-4fa4-a97d-d965ccfc6d4b" outcome="Passed" testListId="8c84fa94-04c1-424b-9868-57a2d4851a1d" relativeResultsDirectory="0fd038d2-e703-4f13-808b-8647cf2966f1">
      <Output>
        <StdOut>+ CompletionTests::VSTest_Completion_TypeRazorCode
    + ApexTest TestInitialize
    + ExternalProcessHostTest TestInitialize
        (01:34:33.515) [Visual Studio Host (11640):RoamingSettingsService] Disabling roaming settings.
        (01:34:33.705) [Visual Studio Host (11640):SettingsService] Setting Visual Studio option 'Environment\RoamingSettings\RoamingEnabled' to 'False'.
        (01:34:34.151) [Visual Studio Host (11640):TextEditorDocumentWindowTestExtension] Showing window 'empty.cshtml' without activating the window.
        (01:34:34.377) [Visual Studio Host (11640):TextEditorDocumentWindowTestExtension] Showing window 'empty.cshtml'.
        (01:34:34.573) [Visual Studio Host (11640):VisualStudioTextEditorTestExtension] Setting keyboard focus to editor 'empty.cshtml'.
        (01:34:34.749) [Visual Studio Host (11640):MainWindowService] Activating main window to bring it to the foreground.
        (01:34:34.934) [Visual Studio Host (11640):MainWindowService] Setting main window state to 'Maximized'.
    (01:34:35.296) [Visual Studio Host (11640):TextEditorDocumentWindowTestExtension] Showing window 'empty.cshtml' without activating the window.
    (01:34:35.447) [Visual Studio Host (11640):TextEditorDocumentWindowTestExtension] Showing window 'empty.cshtml'.
    (01:34:35.641) [Visual Studio Host (11640):VisualStudioCaretTestExtension] Moving the caret from (Ln: 1, Ch: 1) to the beginning of the file
    (01:34:35.804) [Visual Studio Host (11640):VisualStudioTextEditorTestExtension] Setting keyboard focus to editor 'empty.cshtml'.
    (01:34:35.988) [Visual Studio Host (11640):TextEditorDocumentWindowTestExtension] Showing window 'empty.cshtml' without activating the window.
    (01:34:36.180) [Visual Studio Host (11640):TextEditorDocumentWindowTestExtension] Showing window 'empty.cshtml'.
    (01:34:36.381) [Visual Studio Host (11640):VisualStudioTextEditingActions] Inserting text: '@' at the current caret position: '(Ln: 1, Ch: 1)'
    (01:34:36.821) [Visual Studio Host (11640):TextEditorDocumentWindowTestExtension] Showing window 'empty.cshtml' without activating the window.
    (01:34:37.007) [Visual Studio Host (11640):TextEditorDocumentWindowTestExtension] Showing window 'empty.cshtml'.
    (01:34:37.211) [Visual Studio Host (11640):VisualStudioTextEditingActions] Inserting text: 'help' at the current caret position: '(Ln: 1, Ch: 2)'
    (01:34:37.509) [Visual Studio Host (11640):TextEditorDocumentWindowTestExtension] Showing window 'empty.cshtml' without activating the window.
    (01:34:37.826) [Visual Studio Host (11640):TextEditorDocumentWindowTestExtension] Showing window 'empty.cshtml'.
    (01:34:38.030) [Visual Studio Host (11640):VisualStudioIntellisenseService] Getting the active completion at position '(Ln: 1, Ch: 6)'.
    (01:34:38.195) [Visual Studio Host (11640):VisualStudioCompletionListTestExtension] Found completion item with name 
    (01:34:38.346) [Visual Studio Host (11640):VisualStudioIntellisenseService] Getting the active completion at position '(Ln: 1, Ch: 6)'.
    (01:34:38.577) [Visual Studio Host (11640):VisualStudioCompletionListTestExtension] Found completion item with name 
    (01:34:38.751) [Visual Studio Host (11640):TextEditorDocumentWindowTestExtension] Showing window 'empty.cshtml' without activating the window.
    (01:34:38.948) [Visual Studio Host (11640):TextEditorDocumentWindowTestExtension] Showing window 'empty.cshtml'.
    (01:34:39.174) [Visual Studio Host (11640):VisualStudioTextEditingActions] Inserting text: 'er' at the current caret position: '(Ln: 1, Ch: 6)'
    (01:34:39.429) [Visual Studio Host (11640):TextEditorDocumentWindowTestExtension] Showing window 'empty.cshtml' without activating the window.
    (01:34:39.622) [Visual Studio Host (11640):TextEditorDocumentWindowTestExtension] Showing window 'empty.cshtml'.
    (01:34:39.777) [Visual Studio Host (11640):VisualStudioIntellisenseService] Did not find an active completion session. Please use Verify.IsCompletionListPresent() to make sure that the list is present before requesting the completion session.
    Warning: (01:34:39.915) [Visual Studio Host (11640):VisualStudioIntellisenseService] No active completion sessions were found for editor 'empty.cshtml'.
    (01:34:40.064) [Visual Studio Host (11640):TextEditorDocumentWindowTestExtension] Showing window 'empty.cshtml' without activating the window.
    (01:34:40.216) [Visual Studio Host (11640):TextEditorDocumentWindowTestExtension] Showing window 'empty.cshtml'.
    (01:34:40.389) [Visual Studio Host (11640):VisualStudioTextEditingActions] Deleting to the end of line of the current caret position, position: '(Ln: 1, Ch: 8)', line: '1'
    (01:34:40.590) [Visual Studio Host (11640):VisualStudioTextEditingActions] Deleting to the beginning of line of the current caret position, position: '(Ln: 1, Ch: 8)', line: '1'
    (01:34:41.002) [Visual Studio Host (11640):TextEditorDocumentWindowTestExtension] Showing window 'empty.cshtml' without activating the window.
    (01:34:41.188) [Visual Studio Host (11640):TextEditorDocumentWindowTestExtension] Showing window 'empty.cshtml'.
    (01:34:41.391) [Visual Studio Host (11640):VisualStudioTextEditingActions] Inserting text: '@' at the current caret position: '(Ln: 1, Ch: 1)'
    (01:34:41.801) [Visual Studio Host (11640):TextEditorDocumentWindowTestExtension] Showing window 'empty.cshtml' without activating the window.
    (01:34:41.972) [Visual Studio Host (11640):TextEditorDocumentWindowTestExtension] Showing window 'empty.cshtml'.
    (01:34:42.162) [Visual Studio Host (11640):VisualStudioTextEditingActions] Inserting text: 'sect' at the current caret position: '(Ln: 1, Ch: 2)'
    (01:34:42.339) [Visual Studio Host (11640):TextEditorDocumentWindowTestExtension] Showing window 'empty.cshtml' without activating the window.
    (01:34:42.515) [Visual Studio Host (11640):TextEditorDocumentWindowTestExtension] Showing window 'empty.cshtml'.
    (01:34:42.715) [Visual Studio Host (11640):VisualStudioIntellisenseService] Getting the active completion at position '(Ln: 1, Ch: 6)'.
    (01:34:42.872) [Visual Studio Host (11640):VisualStudioCompletionListTestExtension] Found completion item with name 
    (01:34:43.056) [Visual Studio Host (11640):VisualStudioIntellisenseService] Getting the active completion at position '(Ln: 1, Ch: 6)'.
    (01:34:43.242) [Visual Studio Host (11640):VisualStudioCompletionListTestExtension] Found completion item with name 
    (01:34:43.415) [Visual Studio Host (11640):TextEditorDocumentWindowTestExtension] Showing window 'empty.cshtml' without activating the window.
    (01:34:43.601) [Visual Studio Host (11640):TextEditorDocumentWindowTestExtension] Showing window 'empty.cshtml'.
    (01:34:43.783) [Visual Studio Host (11640):VisualStudioTextEditingActions] Inserting text: 'ion' at the current caret position: '(Ln: 1, Ch: 6)'
    (01:34:44.063) [Visual Studio Host (11640):TextEditorDocumentWindowTestExtension] Showing window 'empty.cshtml' without activating the window.
    (01:34:44.244) [Visual Studio Host (11640):TextEditorDocumentWindowTestExtension] Showing window 'empty.cshtml'.
    (01:34:44.449) [Visual Studio Host (11640):VisualStudioIntellisenseService] Did not find an active completion session. Please use Verify.IsCompletionListPresent() to make sure that the list is present before requesting the completion session.
    Warning: (01:34:44.635) [Visual Studio Host (11640):VisualStudioIntellisenseService] No active completion sessions were found for editor 'empty.cshtml'.
    + ExternalProcessHostTest TestCleanup
        (01:34:45.019) [Visual Studio Host (11640):TextEditorDocumentWindowTestExtension] Closing window 'empty.cshtml'.
        (01:34:45.391) [Platform:Testcase] Test 'VSTest_Completion_TypeRazorCode' has 'Passed' outcome. Therefore, Apex will not shut down the 'Visual Studio Host (11640)' with process ID '11640'. A subsequent test scenario will run on the same instance of the host.
    + Final Test Result Verification
        (01:34:45.894) [Platform:DelayedAssertionVerifierSink] Verification Success: 0 verification steps failed.
    + ApexTest TestCleanup</StdOut>
      </Output>
      <ResultFiles>
        <ResultFile path="WNVM19648\Fail.22wpw0oka5fs.png" />
        <ResultFile path="WNVM19648\Fail.33ju4eduay3u.png" />
        <ResultFile path="WNVM19648\Fail.3poblbx4alvv.png" />
        <ResultFile path="WNVM19648\Fail.ashpv3rjajjr.png" />
        <ResultFile path="WNVM19648\Fail.aswak04hapa5.png" />
        <ResultFile path="WNVM19648\Fail.azqsczivabnm.png" />
        <ResultFile path="WNVM19648\Fail.byuslv5baqsd.png" />
        <ResultFile path="WNVM19648\Fail.ek4tb3wmalyl.png" />
        <ResultFile path="WNVM19648\Fail.ig2gsfz5ad1y.png" />
        <ResultFile path="WNVM19648\Fail.kxs1ersmaxma.png" />
        <ResultFile path="WNVM19648\Fail.loc0xhl5a2hr.png" />
        <ResultFile path="WNVM19648\Fail.o4kkrjboasbk.png" />
        <ResultFile path="WNVM19648\Fail.o5zf0zepaw0l.png" />
        <ResultFile path="WNVM19648\Fail.qbnuydioazjy.png" />
        <ResultFile path="WNVM19648\Fail.raasvsmeanc1.png" />
        <ResultFile path="WNVM19648\Fail.sidku4gxamg4.png" />
        <ResultFile path="WNVM19648\Fail.swwzdfhraz25.png" />
        <ResultFile path="WNVM19648\Fail.t4yj0fxuatil.png" />
        <ResultFile path="WNVM19648\Fail.vjqtiv2zaclz.png" />
        <ResultFile path="WNVM19648\Fail.z10rn0n5ajdm.png" />
        <ResultFile path="WNVM19648\OmniLog.html" />
        <ResultFile path="WNVM19648\OmniLogRawXml.xml" />
      </ResultFiles>
    </UnitTestResult>
    <UnitTestResult executionId="041d17ac-fe36-4371-8005-c3f653045c10" testId="47fb8c99-5062-df56-cc47-81b3b245c4b3" testName="VSTest_RazorCsFormatCodeBlock_StatementOnMultiplelines" computerName="WNVM19648" duration="00:00:04.2480851" startTime="2018-04-17T01:03:27.4736486-07:00" endTime="2018-04-17T01:03:31.7217337-07:00" testType="13cdc9d9-ddb5-4fa4-a97d-d965ccfc6d4b" outcome="Passed" testListId="8c84fa94-04c1-424b-9868-57a2d4851a1d" relativeResultsDirectory="041d17ac-fe36-4371-8005-c3f653045c10">
      <Output>
        <StdOut>+ CSharpFormattingTests::VSTest_RazorCsFormatCodeBlock_StatementOnMultiplelines
    + ApexTest TestInitialize
    + ExternalProcessHostTest TestInitialize
        (01:05:09.234) [Visual Studio Host (4384):RoamingSettingsService] Disabling roaming settings.
        (01:05:09.404) [Visual Studio Host (4384):SettingsService] Setting Visual Studio option 'Environment\RoamingSettings\RoamingEnabled' to 'False'.
        (01:05:09.741) [Visual Studio Host (4384):TextEditorDocumentWindowTestExtension] Showing window 'empty.cshtml' without activating the window.
        (01:05:09.933) [Visual Studio Host (4384):TextEditorDocumentWindowTestExtension] Showing window 'empty.cshtml'.
        (01:05:10.085) [Visual Studio Host (4384):VisualStudioTextEditorTestExtension] Setting keyboard focus to editor 'empty.cshtml'.
        (01:05:10.217) [Visual Studio Host (4384):MainWindowService] Activating main window to bring it to the foreground.
        (01:05:10.397) [Visual Studio Host (4384):MainWindowService] Setting main window state to 'Maximized'.
    (01:05:10.907) [Visual Studio Host (4384):TextEditorDocumentWindowTestExtension] Showing window 'empty.cshtml' without activating the window.
    (01:05:11.105) [Visual Studio Host (4384):TextEditorDocumentWindowTestExtension] Showing window 'empty.cshtml'.
    + ExternalProcessHostTest TestCleanup
        (01:05:11.440) [Visual Studio Host (4384):TextEditorDocumentWindowTestExtension] Closing window 'empty.cshtml'.
        (01:05:11.648) [Platform:Testcase] Test 'VSTest_RazorCsFormatCodeBlock_StatementOnMultiplelines' has 'Passed' outcome. Therefore, Apex will not shut down the 'Visual Studio Host (4384)' with process ID '4384'. A subsequent test scenario will run on the same instance of the host.
    + Final Test Result Verification
        (01:05:12.083) [Platform:DelayedAssertionVerifierSink] Verification Success: 0 verification steps failed.
    + ApexTest TestCleanup</StdOut>
      </Output>
      <ResultFiles>
        <ResultFile path="WNVM19648\Fail.azqsczivabnm.png" />
        <ResultFile path="WNVM19648\Fail.ig2gsfz5ad1y.png" />
        <ResultFile path="WNVM19648\Fail.o5zf0zepaw0l.png" />
        <ResultFile path="WNVM19648\Fail.raasvsmeanc1.png" />
        <ResultFile path="WNVM19648\Fail.t4yj0fxuatil.png" />
        <ResultFile path="WNVM19648\Fail.z10rn0n5ajdm.png" />
        <ResultFile path="WNVM19648\OmniLog.html" />
        <ResultFile path="WNVM19648\OmniLogRawXml.xml" />
      </ResultFiles>
    </UnitTestResult>
    <UnitTestResult executionId="814b5c81-e2b5-4f4e-acbc-e9386f6b78f2" testId="c764d862-e957-53d7-6e7b-36ddfb079edc" testName="VSTest_FormatOnPasteStyleTag" computerName="WNVM19648" duration="00:00:11.0894507" startTime="2018-04-17T00:31:34.0462439-07:00" endTime="2018-04-17T00:31:45.1356946-07:00" testType="13cdc9d9-ddb5-4fa4-a97d-d965ccfc6d4b" outcome="Passed" testListId="8c84fa94-04c1-424b-9868-57a2d4851a1d" relativeResultsDirectory="814b5c81-e2b5-4f4e-acbc-e9386f6b78f2">
      <Output>
        <StdOut>+ FormatOnPasteTests::VSTest_FormatOnPasteStyleTag
    + ApexTest TestInitialize
    + ExternalProcessHostTest TestInitialize
        (33:15.451) [Visual Studio Host (11564):RoamingSettingsService] Disabling roaming settings.
        (33:15.527) [Visual Studio Host (11564):SettingsService] Setting Visual Studio option 'Environment\RoamingSettings\RoamingEnabled' to 'False'.
        (33:15.857) [Visual Studio Host (11564):TextEditorDocumentWindowTestExtension] Showing window 'Default.html' without activating the window.
        (33:15.954) [Visual Studio Host (11564):TextEditorDocumentWindowTestExtension] Showing window 'Default.html'.
        (33:16.037) [Visual Studio Host (11564):VisualStudioTextEditorTestExtension] Setting keyboard focus to editor 'Default.html'.
        (33:16.121) [Visual Studio Host (11564):MainWindowService] Activating main window to bring it to the foreground.
        (33:16.204) [Visual Studio Host (11564):MainWindowService] Setting main window state to 'Maximized'.
    (33:16.365) [Visual Studio Host (11564):TextEditorDocumentWindowTestExtension] Showing window 'Default.html' without activating the window.
    (33:16.430) [Visual Studio Host (11564):TextEditorDocumentWindowTestExtension] Showing window 'Default.html'.
    (33:16.514) [Visual Studio Host (11564):VisualStudioCaretTestExtension] Moving the caret to '&lt;head&gt;' at (Ln: 4, Ch: 1) based on a regular expression.  Expression = "&lt;head&gt;" [group index '0', match index '1', options 'Singleline, CultureInvariant']
    (33:17.256) [Visual Studio Host (11564):TextEditorDocumentWindowTestExtension] Showing window 'Default.html' without activating the window.
    (33:18.071) [Visual Studio Host (11564):TextEditorDocumentWindowTestExtension] Showing window 'Default.html'.
    (33:18.890) [Visual Studio Host (11564):VisualStudioCaretTestExtension] Moving the caret from (Ln: 4, Ch: 1) to the end of the line
    (33:18.948) [Visual Studio Host (11564):VisualStudioTextEditorTestExtension] Setting keyboard focus to editor 'Default.html'.
    (33:19.011) [Visual Studio Host (11564):TextEditorDocumentWindowTestExtension] Showing window 'Default.html' without activating the window.
    (33:19.069) [Visual Studio Host (11564):TextEditorDocumentWindowTestExtension] Showing window 'Default.html'.
    (33:19.141) [Visual Studio Host (11564):VisualStudioTextEditingActions] Inserting text combine CRLF as single return: '
' at the current caret position: '(Ln: 4, Ch: 7)'
    (33:19.858) [Visual Studio Host (11564):TextEditorDocumentWindowTestExtension] Showing window 'Default.html' without activating the window.
    (33:20.402) [Visual Studio Host (11564):TextEditorDocumentWindowTestExtension] Showing window 'Default.html'.
    + ExternalProcessHostTest TestCleanup
        (33:21.477) [Visual Studio Host (11564):TextEditorDocumentWindowTestExtension] Closing window 'Default.html'.
        (33:22.064) [Platform:Testcase] Test 'VSTest_FormatOnPasteStyleTag' has 'Passed' outcome. Therefore, Apex will not shut down the 'Visual Studio Host (11564)' with process ID '11564'. A subsequent test scenario will run on the same instance of the host.
    + Final Test Result Verification
        (33:23.646) [Platform:DelayedAssertionVerifierSink] Verification Success: 0 verification steps failed.
    + ApexTest TestCleanup</StdOut>
      </Output>
      <ResultFiles>
        <ResultFile path="WNVM19648\Fail.azqsczivabnm.png" />
        <ResultFile path="WNVM19648\Fail.ig2gsfz5ad1y.png" />
        <ResultFile path="WNVM19648\Fail.o5zf0zepaw0l.png" />
        <ResultFile path="WNVM19648\OmniLog.html" />
        <ResultFile path="WNVM19648\OmniLogRawXml.xml" />
      </ResultFiles>
    </UnitTestResult>
    <UnitTestResult executionId="02eb3b1c-6bf9-4368-babd-e671c1747a1b" testId="5baf8034-d0da-5545-fbb3-2996feef36e4" testName="VSTest_TypingTags_Datalist" computerName="WNVM19648" startTime="2018-04-17T00:38:24.9281853-07:00" endTime="2018-04-17T00:38:24.9281853-07:00" testType="13cdc9d9-ddb5-4fa4-a97d-d965ccfc6d4b" outcome="NotExecuted" testListId="8c84fa94-04c1-424b-9868-57a2d4851a1d" relativeResultsDirectory="02eb3b1c-6bf9-4368-babd-e671c1747a1b">
      <Output>
      </Output>
    </UnitTestResult>
    <UnitTestResult executionId="74defffc-ce34-4127-ac9a-e4b3d79dfcac" testId="8e8b9105-3d8b-c6cb-48ea-27ed90032f9d" testName="VSTest_TypingTags_Canvas_and_Svg" computerName="WNVM19648" duration="00:00:01.2059105" startTime="2018-04-17T00:35:17.2428043-07:00" endTime="2018-04-17T00:35:18.4487148-07:00" testType="13cdc9d9-ddb5-4fa4-a97d-d965ccfc6d4b" outcome="Failed" testListId="8c84fa94-04c1-424b-9868-57a2d4851a1d" relativeResultsDirectory="74defffc-ce34-4127-ac9a-e4b3d79dfcac">
      <Output>
        <StdOut>+ TypingTests::VSTest_TypingTags_Canvas_and_Svg
    + ApexTest TestInitialize</StdOut>
        <ErrorInfo>
          <Message>Initialization method Microsoft.Test.Apex.ExternalProcessHostTest`2[[Microsoft.Test.Apex.VisualStudio.VisualStudioHostConfiguration, Microsoft.Test.Apex.VisualStudio, Version=15.0.0.0, Culture=neutral, PublicKeyToken=b03f5f7f11d50a3a],[Microsoft.Test.Apex.VisualStudio.VisualStudioHost, Microsoft.Test.Apex.VisualStudio, Version=15.0.0.0, Culture=neutral, PublicKeyToken=b03f5f7f11d50a3a]].TestInitialize threw exception. System.IO.IOException: The process cannot access the file 'C:\school\OmniLog.html' because it is being used by another process.</Message>
          <StackTrace>   at System.IO.__Error.WinIOError(Int32 errorCode, String maybeFullPath)
   at System.IO.FileStream.Init(String path, FileMode mode, FileAccess access, Int32 rights, Boolean useRights, FileShare share, Int32 bufferSize, FileOptions options, SECURITY_ATTRIBUTES secAttrs, String msgPath, Boolean bFromProxy, Boolean useLongPath, Boolean checkHost)
   at System.IO.FileStream..ctor(String path, FileMode mode, FileAccess access)
   at Omni.Logging.Sinks.IncrementalSummarySink.PrepareForWrite() in F:\dd\src\Omni\Log\Omni.Log\Sinks\IncrementalSummarySink.cs:line 169
   at Omni.Logging.Sinks.IncrementalSummarySink.Append(ILogMessage message) in F:\dd\src\Omni\Log\Omni.Log\Sinks\IncrementalSummarySink.cs:line 74
   at Omni.Logging.OmniLog.SendToSinks(LogMessage message) in F:\dd\src\Omni\Log\Omni.Log\OmniLog.cs:line 968
   at Omni.Logging.Log.BeginGroup(String message) in F:\dd\src\Omni\Log\Omni.Log\OmniLog.cs:line 1402
   at Microsoft.Test.Apex.Services.Logging.TestLoggerSinks.OmniLog.OmniLogSink.ActualSink.ScopeEntered(IExecutionScopeHandle scope) in F:\dd\src\omni\Apex\MsTestIntegration\Services\OmniLog\OmniLogSink.cs:line 318
   at Microsoft.Test.Apex.Services.Logging.TestLoggerSinks.OmniLog.OmniLogSink.ScopeEntered(IExecutionScopeHandle scope) in F:\dd\src\omni\Apex\MsTestIntegration\Services\OmniLog\OmniLogSink.cs:line 146
   at Microsoft.Test.Apex.Services.ExecutionScopeService.Enter(TestExecutionPoint testExecutionPoint, String scopeName, Boolean enterVerificationScope, Object context) in F:\dd\src\omni\Apex\Framework\Services\ExecutionScope\ExecutionScopeService.cs:line 228
   at Microsoft.Test.Apex.Services.ExecutionScopeService.Enter(String scopeName, Boolean enterVerificationScope, Object context) in F:\dd\src\omni\Apex\Framework\Services\ExecutionScope\ExecutionScopeService.cs:line 202
   at Microsoft.Test.Apex.Services.ExecutionScopeService.Enter(String scopeName) in F:\dd\src\omni\Apex\Framework\Services\ExecutionScope\ExecutionScopeService.cs:line 80
   at Microsoft.Test.Apex.ApexTest.TestInitialize() in F:\dd\src\omni\Apex\MsTestIntegration\ApexTest.cs:line 423
   at Microsoft.Test.Apex.ExternalProcessHostTest`2.TestInitialize() in F:\dd\src\omni\Apex\MsTestIntegration\ExternalProcessHostTest.cs:line 108</StackTrace>
        </ErrorInfo>
      </Output>
    </UnitTestResult>
    <UnitTestResult executionId="d180ad5a-c600-4cb3-b540-031b44c6974e" testId="73d845ae-5f19-d329-00d6-932fa514d78b" testName="VSTest_Validate_Webforms_Invalid_Files_Scenario3" computerName="WNVM19648" duration="00:00:07.5927869" startTime="2018-04-17T01:23:02.4230605-07:00" endTime="2018-04-17T01:23:10.0158474-07:00" testType="13cdc9d9-ddb5-4fa4-a97d-d965ccfc6d4b" outcome="Passed" testListId="8c84fa94-04c1-424b-9868-57a2d4851a1d" relativeResultsDirectory="d180ad5a-c600-4cb3-b540-031b44c6974e">
      <Output>
        <StdOut>+ ValidationTests::VSTest_Validate_Webforms_Invalid_Files_Scenario3
    + ApexTest TestInitialize
    + ExternalProcessHostTest TestInitialize
        (01:24:44.133) [Visual Studio Host (10528):RoamingSettingsService] Disabling roaming settings.
        (01:24:44.305) [Visual Studio Host (10528):SettingsService] Setting Visual Studio option 'Environment\RoamingSettings\RoamingEnabled' to 'False'.
        (01:24:44.764) [Visual Studio Host (10528):TextEditorDocumentWindowTestExtension] Showing window 'invalid3.aspx' without activating the window.
        (01:24:44.984) [Visual Studio Host (10528):TextEditorDocumentWindowTestExtension] Showing window 'invalid3.aspx'.
        (01:24:45.199) [Visual Studio Host (10528):VisualStudioTextEditorTestExtension] Setting keyboard focus to editor 'invalid3.aspx'.
        (01:24:45.425) [Visual Studio Host (10528):MainWindowService] Activating main window to bring it to the foreground.
        (01:24:45.613) [Visual Studio Host (10528):MainWindowService] Setting main window state to 'Maximized'.
    (01:24:45.918) [Visual Studio Host (10528):TextEditorDocumentWindowTestExtension] Showing window 'invalid3.aspx' without activating the window.
    (01:24:46.097) [Visual Studio Host (10528):TextEditorDocumentWindowTestExtension] Showing window 'invalid3.aspx'.
    (01:24:46.266) [Visual Studio Host (10528):ToolWindowTestExtension] Showing window 'Error List ...' without activating the window.
    (01:24:46.406) [Visual Studio Host (10528):ErrorListService] Showing error list error items.
    (01:24:46.542) [Visual Studio Host (10528):ToolWindowTestExtension] Showing window 'Error List ...' without activating the window.
    (01:24:46.701) [Visual Studio Host (10528):ErrorListService] Showing error list message items.
    (01:24:46.841) [Visual Studio Host (10528):ToolWindowTestExtension] Showing window 'Error List ...' without activating the window.
    (01:24:46.974) [Visual Studio Host (10528):ErrorListService] Showing error list warning items.
    (01:24:49.242) [Visual Studio Host (10528):TextEditorDocumentWindowTestExtension] Showing window 'invalid3.aspx' without activating the window.
    (01:24:49.381) [Visual Studio Host (10528):TextEditorDocumentWindowTestExtension] Showing window 'invalid3.aspx'.
    + ExternalProcessHostTest TestCleanup
        (01:24:49.659) [Visual Studio Host (10528):TextEditorDocumentWindowTestExtension] Closing window 'invalid3.aspx'.
        (01:24:49.874) [Platform:Testcase] Test 'VSTest_Validate_Webforms_Invalid_Files_Scenario3' has 'Passed' outcome. Therefore, Apex will not shut down the 'Visual Studio Host (10528)' with process ID '10528'. A subsequent test scenario will run on the same instance of the host.
    + Final Test Result Verification
        (01:24:50.347) [Platform:DelayedAssertionVerifierSink] Verification Success: 0 verification steps failed.
    + ApexTest TestCleanup</StdOut>
      </Output>
      <ResultFiles>
        <ResultFile path="WNVM19648\Fail.aswak04hapa5.png" />
        <ResultFile path="WNVM19648\Fail.azqsczivabnm.png" />
        <ResultFile path="WNVM19648\Fail.byuslv5baqsd.png" />
        <ResultFile path="WNVM19648\Fail.ek4tb3wmalyl.png" />
        <ResultFile path="WNVM19648\Fail.ig2gsfz5ad1y.png" />
        <ResultFile path="WNVM19648\Fail.kxs1ersmaxma.png" />
        <ResultFile path="WNVM19648\Fail.loc0xhl5a2hr.png" />
        <ResultFile path="WNVM19648\Fail.o4kkrjboasbk.png" />
        <ResultFile path="WNVM19648\Fail.o5zf0zepaw0l.png" />
        <ResultFile path="WNVM19648\Fail.raasvsmeanc1.png" />
        <ResultFile path="WNVM19648\Fail.sidku4gxamg4.png" />
        <ResultFile path="WNVM19648\Fail.t4yj0fxuatil.png" />
        <ResultFile path="WNVM19648\Fail.z10rn0n5ajdm.png" />
        <ResultFile path="WNVM19648\OmniLog.html" />
        <ResultFile path="WNVM19648\OmniLogRawXml.xml" />
      </ResultFiles>
    </UnitTestResult>
    <UnitTestResult executionId="577e7b89-f7fc-462a-9258-49ae46b813fc" testId="8ed4c20c-072c-df49-34b3-17cf7722fcb6" testName="VSTest_DebugSetBreakpointsInCSHtml" computerName="WNVM19648" duration="00:00:11.4167049" startTime="2018-04-17T01:29:21.0641398-07:00" endTime="2018-04-17T01:29:32.4808447-07:00" testType="13cdc9d9-ddb5-4fa4-a97d-d965ccfc6d4b" outcome="Passed" testListId="8c84fa94-04c1-424b-9868-57a2d4851a1d" relativeResultsDirectory="577e7b89-f7fc-462a-9258-49ae46b813fc">
      <Output>
        <StdOut>+ DebugTests::VSTest_DebugSetBreakpointsInCSHtml
    + ApexTest TestInitialize
    + ExternalProcessHostTest TestInitialize
        (01:31:03.106) [Visual Studio Host (840):RoamingSettingsService] Disabling roaming settings.
        (01:31:03.310) [Visual Studio Host (840):SettingsService] Setting Visual Studio option 'Environment\RoamingSettings\RoamingEnabled' to 'False'.
        (01:31:03.902) [Visual Studio Host (840):TextEditorDocumentWindowTestExtension] Showing window 'FormatIfBlockInsideForBlock.cshtml' without activating the window.
        (01:31:04.135) [Visual Studio Host (840):TextEditorDocumentWindowTestExtension] Showing window 'FormatIfBlockInsideForBlock.cshtml'.
        (01:31:04.359) [Visual Studio Host (840):VisualStudioTextEditorTestExtension] Setting keyboard focus to editor 'FormatIfBlockInsideForBlock.cshtml'.
        (01:31:04.564) [Visual Studio Host (840):MainWindowService] Activating main window to bring it to the foreground.
        (01:31:04.796) [Visual Studio Host (840):MainWindowService] Setting main window state to 'Maximized'.
    (01:31:05.209) [Visual Studio Host (840):TextEditorDocumentWindowTestExtension] Showing window 'FormatIfBlockInsideForBlock.cshtml' without activating the window.
    (01:31:05.424) [Visual Studio Host (840):TextEditorDocumentWindowTestExtension] Showing window 'FormatIfBlockInsideForBlock.cshtml'.
    (01:31:05.642) [Visual Studio Host (840):VisualStudioCaretTestExtension] Moving the caret from (Ln: 1, Ch: 1) to (Ln: 2, Ch: 17)
    (01:31:06.227) [Visual Studio Host (840):TextEditorDocumentWindowTestExtension] Showing window 'FormatIfBlockInsideForBlock.cshtml' without activating the window.
    (01:31:06.438) [Visual Studio Host (840):TextEditorDocumentWindowTestExtension] Showing window 'FormatIfBlockInsideForBlock.cshtml'.
    (01:31:06.630) [Visual Studio Host (840):VisualStudioCaretTestExtension] Moving the caret from (Ln: 2, Ch: 17) to (Ln: 2, Ch: 25)
    (01:31:06.884) [Visual Studio Host (840):TextEditorDocumentWindowTestExtension] Showing window 'FormatIfBlockInsideForBlock.cshtml' without activating the window.
    (01:31:07.078) [Visual Studio Host (840):TextEditorDocumentWindowTestExtension] Showing window 'FormatIfBlockInsideForBlock.cshtml'.
    (01:31:07.296) [Visual Studio Host (840):VisualStudioCaretTestExtension] Moving the caret from (Ln: 2, Ch: 25) to (Ln: 2, Ch: 31)
    (01:31:07.515) [Visual Studio Host (840):TextEditorDocumentWindowTestExtension] Showing window 'FormatIfBlockInsideForBlock.cshtml' without activating the window.
    (01:31:07.732) [Visual Studio Host (840):TextEditorDocumentWindowTestExtension] Showing window 'FormatIfBlockInsideForBlock.cshtml'.
    (01:31:07.929) [Visual Studio Host (840):VisualStudioCaretTestExtension] Moving the caret from (Ln: 2, Ch: 31) to (Ln: 4, Ch: 1)
    (01:31:08.156) [Visual Studio Host (840):TextEditorDocumentWindowTestExtension] Showing window 'FormatIfBlockInsideForBlock.cshtml' without activating the window.
    (01:31:08.352) [Visual Studio Host (840):TextEditorDocumentWindowTestExtension] Showing window 'FormatIfBlockInsideForBlock.cshtml'.
    (01:31:08.563) [Visual Studio Host (840):VisualStudioCaretTestExtension] Moving the caret from (Ln: 4, Ch: 1) to (Ln: 6, Ch: 14)
    (01:31:08.783) [Visual Studio Host (840):TextEditorDocumentWindowTestExtension] Showing window 'FormatIfBlockInsideForBlock.cshtml' without activating the window.
    (01:31:08.973) [Visual Studio Host (840):TextEditorDocumentWindowTestExtension] Showing window 'FormatIfBlockInsideForBlock.cshtml'.
    (01:31:09.180) [Visual Studio Host (840):VisualStudioCaretTestExtension] Moving the caret from (Ln: 6, Ch: 14) to (Ln: 10, Ch: 19)
    + Deleting all debugger breakpoints.
        (01:31:09.714) [Visual Studio Host (840):DebuggerService] Deleted breakpoint 'C:\TestBin\IntegrationTests\MS.VS.Web.Editors\webs\RazorV3\FormatIfBlockInsideForBlock.cshtml':2.
        (01:31:09.916) [Visual Studio Host (840):DebuggerService] Deleted breakpoint 'C:\TestBin\IntegrationTests\MS.VS.Web.Editors\webs\RazorV3\FormatIfBlockInsideForBlock.cshtml':2.
        (01:31:10.115) [Visual Studio Host (840):DebuggerService] Deleted breakpoint 'C:\TestBin\IntegrationTests\MS.VS.Web.Editors\webs\RazorV3\FormatIfBlockInsideForBlock.cshtml':2.
        (01:31:10.346) [Visual Studio Host (840):DebuggerService] Deleted breakpoint 'C:\TestBin\IntegrationTests\MS.VS.Web.Editors\webs\RazorV3\FormatIfBlockInsideForBlock.cshtml':4.
        (01:31:10.572) [Visual Studio Host (840):DebuggerService] Deleted breakpoint 'C:\TestBin\IntegrationTests\MS.VS.Web.Editors\webs\RazorV3\FormatIfBlockInsideForBlock.cshtml':6.
        (01:31:10.791) [Visual Studio Host (840):DebuggerService] Deleted breakpoint 'C:\TestBin\IntegrationTests\MS.VS.Web.Editors\webs\RazorV3\FormatIfBlockInsideForBlock.cshtml':10.
    + ExternalProcessHostTest TestCleanup
        (01:31:11.417) [Visual Studio Host (840):TextEditorDocumentWindowTestExtension] Closing window 'FormatIfBlockInsideForBlock.cshtml'.
        (01:31:11.871) [Platform:Testcase] Test 'VSTest_DebugSetBreakpointsInCSHtml' has 'Passed' outcome. Therefore, Apex will not shut down the 'Visual Studio Host (840)' with process ID '840'. A subsequent test scenario will run on the same instance of the host.
    + Final Test Result Verification
        (01:31:12.534) [Platform:DelayedAssertionVerifierSink] Verification Success: 0 verification steps failed.
    + ApexTest TestCleanup</StdOut>
      </Output>
      <ResultFiles>
        <ResultFile path="WNVM19648\Fail.22wpw0oka5fs.png" />
        <ResultFile path="WNVM19648\Fail.33ju4eduay3u.png" />
        <ResultFile path="WNVM19648\Fail.3poblbx4alvv.png" />
        <ResultFile path="WNVM19648\Fail.ashpv3rjajjr.png" />
        <ResultFile path="WNVM19648\Fail.aswak04hapa5.png" />
        <ResultFile path="WNVM19648\Fail.azqsczivabnm.png" />
        <ResultFile path="WNVM19648\Fail.byuslv5baqsd.png" />
        <ResultFile path="WNVM19648\Fail.ek4tb3wmalyl.png" />
        <ResultFile path="WNVM19648\Fail.ig2gsfz5ad1y.png" />
        <ResultFile path="WNVM19648\Fail.kxs1ersmaxma.png" />
        <ResultFile path="WNVM19648\Fail.loc0xhl5a2hr.png" />
        <ResultFile path="WNVM19648\Fail.o4kkrjboasbk.png" />
        <ResultFile path="WNVM19648\Fail.o5zf0zepaw0l.png" />
        <ResultFile path="WNVM19648\Fail.qbnuydioazjy.png" />
        <ResultFile path="WNVM19648\Fail.raasvsmeanc1.png" />
        <ResultFile path="WNVM19648\Fail.sidku4gxamg4.png" />
        <ResultFile path="WNVM19648\Fail.t4yj0fxuatil.png" />
        <ResultFile path="WNVM19648\Fail.z10rn0n5ajdm.png" />
        <ResultFile path="WNVM19648\OmniLog.html" />
        <ResultFile path="WNVM19648\OmniLogRawXml.xml" />
      </ResultFiles>
    </UnitTestResult>
    <UnitTestResult executionId="d23cfe77-a335-4e37-99b3-e4401b4f61f7" testId="cc4a5f1b-900d-9c56-4438-bf372cfb4ae8" testName="VSTest_Completion_KeyboardCommitScriptType" computerName="WNVM19648" duration="00:00:04.0682673" startTime="2018-04-17T00:16:07.8768426-07:00" endTime="2018-04-17T00:16:11.9451099-07:00" testType="13cdc9d9-ddb5-4fa4-a97d-d965ccfc6d4b" outcome="Passed" testListId="8c84fa94-04c1-424b-9868-57a2d4851a1d" relativeResultsDirectory="d23cfe77-a335-4e37-99b3-e4401b4f61f7">
      <Output>
        <StdOut>+ CompletionTests::VSTest_Completion_KeyboardCommitScriptType
    + ApexTest TestInitialize
    + ExternalProcessHostTest TestInitialize
        (17:49.249) [Visual Studio Host (6956):RoamingSettingsService] Disabling roaming settings.
        (17:49.307) [Visual Studio Host (6956):SettingsService] Setting Visual Studio option 'Environment\RoamingSettings\RoamingEnabled' to 'False'.
        (17:49.654) [Visual Studio Host (6956):TextEditorDocumentWindowTestExtension] Showing window 'Completion.html' without activating the window.
        (17:49.723) [Visual Studio Host (6956):TextEditorDocumentWindowTestExtension] Showing window 'Completion.html'.
        (17:49.832) [Visual Studio Host (6956):VisualStudioTextEditorTestExtension] Setting keyboard focus to editor 'Completion.html'.
        (17:49.906) [Visual Studio Host (6956):MainWindowService] Activating main window to bring it to the foreground.
        (17:49.968) [Visual Studio Host (6956):MainWindowService] Setting main window state to 'Maximized'.
    (17:50.097) [Visual Studio Host (6956):TextEditorDocumentWindowTestExtension] Showing window 'Completion.html' without activating the window.
    (17:50.188) [Visual Studio Host (6956):TextEditorDocumentWindowTestExtension] Showing window 'Completion.html'.
    (17:50.270) [Visual Studio Host (6956):VisualStudioCaretTestExtension] Moving the caret to '&lt;body&gt;' at (Ln: 13, Ch: 1) based on a regular expression.  Expression = "&lt;body&gt;" [group index '0', match index '1', options 'Singleline, CultureInvariant']
    (17:50.356) [Visual Studio Host (6956):TextEditorDocumentWindowTestExtension] Showing window 'Completion.html' without activating the window.
    (17:50.453) [Visual Studio Host (6956):TextEditorDocumentWindowTestExtension] Showing window 'Completion.html'.
    (17:50.542) [Visual Studio Host (6956):VisualStudioCaretTestExtension] Moving the caret from (Ln: 13, Ch: 1) down '1' lines
    (17:50.598) [Visual Studio Host (6956):VisualStudioTextEditorTestExtension] Setting keyboard focus to editor 'Completion.html'.
    (17:50.658) [Visual Studio Host (6956):TextEditorDocumentWindowTestExtension] Showing window 'Completion.html' without activating the window.
    (17:50.716) [Visual Studio Host (6956):TextEditorDocumentWindowTestExtension] Showing window 'Completion.html'.
    (17:50.783) [Visual Studio Host (6956):VisualStudioTextEditingActions] Inserting text combine CRLF as single return: '&lt;script type=' at the current caret position: '(Ln: 14, Ch: 1)'
    (17:51.016) [Visual Studio Host (6956):TextEditorDocumentWindowTestExtension] Showing window 'Completion.html' without activating the window.
    (17:51.245) [Visual Studio Host (6956):TextEditorDocumentWindowTestExtension] Showing window 'Completion.html'.
    (17:51.375) [Visual Studio Host (6956):VisualStudioIntellisenseService] Getting the active completion at position '(Ln: 14, Ch: 15)'.
    (17:51.435) [Visual Studio Host (6956):VisualStudioCompletionListTestExtension] Found completion item with name 
    (17:51.490) [Visual Studio Host (6956):VisualStudioIntellisenseService] Getting the active completion at position '(Ln: 14, Ch: 15)'.
    (17:51.564) [Visual Studio Host (6956):VisualStudioCompletionListTestExtension] Found completion item with name 
    (17:51.625) [Visual Studio Host (6956):VisualStudioCompletionListTestExtension] Selecting completion item 'text/javascript'.
    (17:51.710) [Visual Studio Host (6956):VisualStudioCompletionListTestExtension] Committing 'text/javascript' completion item.
    (17:51.819) [Visual Studio Host (6956):TextEditorDocumentWindowTestExtension] Showing window 'Completion.html' without activating the window.
    (17:51.896) [Visual Studio Host (6956):TextEditorDocumentWindowTestExtension] Showing window 'Completion.html'.
    + ExternalProcessHostTest TestCleanup
        (17:52.045) [Visual Studio Host (6956):TextEditorDocumentWindowTestExtension] Closing window 'Completion.html'.
        (17:52.286) [Platform:Testcase] Test 'VSTest_Completion_KeyboardCommitScriptType' has 'Passed' outcome. Therefore, Apex will not shut down the 'Visual Studio Host (6956)' with process ID '6956'. A subsequent test scenario will run on the same instance of the host.
    + Final Test Result Verification
        (17:52.551) [Platform:DelayedAssertionVerifierSink] Verification Success: 0 verification steps failed.
    + ApexTest TestCleanup</StdOut>
      </Output>
      <ResultFiles>
        <ResultFile path="WNVM19648\Fail.azqsczivabnm.png" />
        <ResultFile path="WNVM19648\Fail.ig2gsfz5ad1y.png" />
        <ResultFile path="WNVM19648\Fail.o5zf0zepaw0l.png" />
        <ResultFile path="WNVM19648\OmniLog.html" />
        <ResultFile path="WNVM19648\OmniLogRawXml.xml" />
      </ResultFiles>
    </UnitTestResult>
    <UnitTestResult executionId="4ff9209b-5449-4764-bb9c-de723f2465ad" testId="7a7f4938-9360-3e7d-a846-b6cd7bed6ddd" testName="VSTest_CssCompletion_SelectorNames" computerName="WNVM19648" duration="00:00:10.8192617" startTime="2018-04-17T00:30:11.9746147-07:00" endTime="2018-04-17T00:30:22.7938764-07:00" testType="13cdc9d9-ddb5-4fa4-a97d-d965ccfc6d4b" outcome="Passed" testListId="8c84fa94-04c1-424b-9868-57a2d4851a1d" relativeResultsDirectory="4ff9209b-5449-4764-bb9c-de723f2465ad">
      <Output>
        <StdOut>+ CssCompletionTests::VSTest_CssCompletion_SelectorNames
    + ApexTest TestInitialize
    + ExternalProcessHostTest TestInitialize
        (31:53.389) [Visual Studio Host (11564):RoamingSettingsService] Disabling roaming settings.
        (31:53.481) [Visual Studio Host (11564):SettingsService] Setting Visual Studio option 'Environment\RoamingSettings\RoamingEnabled' to 'False'.
        (31:53.869) [Visual Studio Host (11564):TextEditorDocumentWindowTestExtension] Showing window 'empty.css' without activating the window.
        (31:53.997) [Visual Studio Host (11564):TextEditorDocumentWindowTestExtension] Showing window 'empty.css'.
        (31:54.126) [Visual Studio Host (11564):VisualStudioTextEditorTestExtension] Setting keyboard focus to editor 'empty.css'.
        (31:54.212) [Visual Studio Host (11564):MainWindowService] Activating main window to bring it to the foreground.
        (31:54.325) [Visual Studio Host (11564):MainWindowService] Setting main window state to 'Maximized'.
    (31:54.494) [Visual Studio Host (11564):TextEditorDocumentWindowTestExtension] Showing window 'empty.css' without activating the window.
    (31:54.593) [Visual Studio Host (11564):TextEditorDocumentWindowTestExtension] Showing window 'empty.css'.
    (31:54.798) [Visual Studio Host (11564):TextEditorDocumentWindowTestExtension] Showing window 'empty.css' without activating the window.
    (31:54.876) [Visual Studio Host (11564):TextEditorDocumentWindowTestExtension] Showing window 'empty.css'.
    (31:54.965) [Visual Studio Host (11564):KeyboardCommands] Sending the Return key 1 times.
    (31:55.052) [Visual Studio Host (11564):TextEditorDocumentWindowTestExtension] Showing window 'empty.css' without activating the window.
    (31:55.123) [Visual Studio Host (11564):TextEditorDocumentWindowTestExtension] Showing window 'empty.css'.
    (31:55.228) [Visual Studio Host (11564):TextEditorDocumentWindowTestExtension] Showing window 'empty.css' without activating the window.
    (31:55.326) [Visual Studio Host (11564):TextEditorDocumentWindowTestExtension] Showing window 'empty.css'.
    (31:55.416) [Visual Studio Host (11564):VisualStudioIntellisenseService] Getting the active completion at position '(Ln: 4, Ch: 4)'.
    (31:55.480) [Visual Studio Host (11564):VisualStudioCompletionListTestExtension] Found completion item with name 
    (31:55.560) [Visual Studio Host (11564):TextEditorDocumentWindowTestExtension] Showing window 'empty.css' without activating the window.
    (31:55.630) [Visual Studio Host (11564):TextEditorDocumentWindowTestExtension] Showing window 'empty.css'.
    (31:55.719) [Visual Studio Host (11564):KeyboardCommands] Sending the Return key 1 times.
    (31:55.821) [Visual Studio Host (11564):TextEditorDocumentWindowTestExtension] Showing window 'empty.css' without activating the window.
    (31:55.924) [Visual Studio Host (11564):TextEditorDocumentWindowTestExtension] Showing window 'empty.css'.
    (31:56.041) [Visual Studio Host (11564):TextEditorDocumentWindowTestExtension] Showing window 'empty.css' without activating the window.
    (31:56.144) [Visual Studio Host (11564):TextEditorDocumentWindowTestExtension] Showing window 'empty.css'.
    (31:56.240) [Visual Studio Host (11564):VisualStudioIntellisenseService] Getting the active completion at position '(Ln: 4, Ch: 9)'.
    (31:56.319) [Visual Studio Host (11564):VisualStudioCompletionListTestExtension] Found completion item with name 
    (31:56.384) [Visual Studio Host (11564):TextEditorDocumentWindowTestExtension] Showing window 'empty.css' without activating the window.
    (31:56.447) [Visual Studio Host (11564):TextEditorDocumentWindowTestExtension] Showing window 'empty.css'.
    (31:56.551) [Visual Studio Host (11564):TextEditorDocumentWindowTestExtension] Showing window 'empty.css' without activating the window.
    (31:56.643) [Visual Studio Host (11564):TextEditorDocumentWindowTestExtension] Showing window 'empty.css'.
    (31:56.821) [Visual Studio Host (11564):TextEditorDocumentWindowTestExtension] Showing window 'empty.css' without activating the window.
    (31:56.900) [Visual Studio Host (11564):TextEditorDocumentWindowTestExtension] Showing window 'empty.css'.
    (31:56.995) [Visual Studio Host (11564):VisualStudioIntellisenseService] Getting the active completion at position '(Ln: 4, Ch: 18)'.
    (31:57.071) [Visual Studio Host (11564):VisualStudioCompletionListTestExtension] Found completion item with name 
    (31:57.146) [Visual Studio Host (11564):TextEditorDocumentWindowTestExtension] Showing window 'empty.css' without activating the window.
    (31:57.227) [Visual Studio Host (11564):TextEditorDocumentWindowTestExtension] Showing window 'empty.css'.
    (31:57.312) [Visual Studio Host (11564):TextEditorDocumentWindowTestExtension] Showing window 'empty.css' without activating the window.
    (31:57.386) [Visual Studio Host (11564):TextEditorDocumentWindowTestExtension] Showing window 'empty.css'.
    (31:57.601) [Visual Studio Host (11564):TextEditorDocumentWindowTestExtension] Showing window 'empty.css' without activating the window.
    (31:57.668) [Visual Studio Host (11564):TextEditorDocumentWindowTestExtension] Showing window 'empty.css'.
    (31:57.756) [Visual Studio Host (11564):VisualStudioIntellisenseService] Getting the active completion at position '(Ln: 4, Ch: 21)'.
    (31:57.822) [Visual Studio Host (11564):VisualStudioCompletionListTestExtension] Found completion item with name 
    (31:57.897) [Visual Studio Host (11564):TextEditorDocumentWindowTestExtension] Showing window 'empty.css' without activating the window.
    (31:57.980) [Visual Studio Host (11564):TextEditorDocumentWindowTestExtension] Showing window 'empty.css'.
    (31:58.197) [Visual Studio Host (11564):TextEditorDocumentWindowTestExtension] Showing window 'empty.css' without activating the window.
    (31:58.270) [Visual Studio Host (11564):TextEditorDocumentWindowTestExtension] Showing window 'empty.css'.
    (31:58.360) [Visual Studio Host (11564):VisualStudioIntellisenseService] Getting the active completion at position '(Ln: 4, Ch: 25)'.
    (31:58.455) [Visual Studio Host (11564):VisualStudioCompletionListTestExtension] Found completion item with name 
    (31:58.546) [Visual Studio Host (11564):TextEditorDocumentWindowTestExtension] Showing window 'empty.css' without activating the window.
    (31:58.615) [Visual Studio Host (11564):TextEditorDocumentWindowTestExtension] Showing window 'empty.css'.
    (31:58.723) [Visual Studio Host (11564):TextEditorDocumentWindowTestExtension] Showing window 'empty.css' without activating the window.
    (31:58.814) [Visual Studio Host (11564):TextEditorDocumentWindowTestExtension] Showing window 'empty.css'.
    (31:58.934) [Visual Studio Host (11564):TextEditorDocumentWindowTestExtension] Showing window 'empty.css' without activating the window.
    (31:59.046) [Visual Studio Host (11564):TextEditorDocumentWindowTestExtension] Showing window 'empty.css'.
    (31:59.190) [Visual Studio Host (11564):VisualStudioIntellisenseService] Getting the active completion at position '(Ln: 4, Ch: 35)'.
    (31:59.267) [Visual Studio Host (11564):VisualStudioCompletionListTestExtension] Found completion item with name 
    (31:59.344) [Visual Studio Host (11564):TextEditorDocumentWindowTestExtension] Showing window 'empty.css' without activating the window.
    (31:59.407) [Visual Studio Host (11564):TextEditorDocumentWindowTestExtension] Showing window 'empty.css'.
    (31:59.550) [Visual Studio Host (11564):TextEditorDocumentWindowTestExtension] Showing window 'empty.css' without activating the window.
    (31:59.626) [Visual Studio Host (11564):TextEditorDocumentWindowTestExtension] Showing window 'empty.css'.
    (31:59.830) [Visual Studio Host (11564):TextEditorDocumentWindowTestExtension] Showing window 'empty.css' without activating the window.
    (31:59.905) [Visual Studio Host (11564):TextEditorDocumentWindowTestExtension] Showing window 'empty.css'.
    (31:59.998) [Visual Studio Host (11564):VisualStudioIntellisenseService] Getting the active completion at position '(Ln: 4, Ch: 46)'.
    (32:00.080) [Visual Studio Host (11564):VisualStudioCompletionListTestExtension] Found completion item with name 
    (32:00.149) [Visual Studio Host (11564):TextEditorDocumentWindowTestExtension] Showing window 'empty.css' without activating the window.
    (32:00.211) [Visual Studio Host (11564):TextEditorDocumentWindowTestExtension] Showing window 'empty.css'.
    (32:00.285) [Visual Studio Host (11564):KeyboardCommands] Sending the Return key 1 times.
    (32:00.376) [Visual Studio Host (11564):TextEditorDocumentWindowTestExtension] Showing window 'empty.css' without activating the window.
    (32:00.497) [Visual Studio Host (11564):TextEditorDocumentWindowTestExtension] Showing window 'empty.css'.
    (32:00.593) [Visual Studio Host (11564):TextEditorDocumentWindowTestExtension] Showing window 'empty.css' without activating the window.
    (32:00.665) [Visual Studio Host (11564):TextEditorDocumentWindowTestExtension] Showing window 'empty.css'.
    (32:00.761) [Visual Studio Host (11564):TextEditorDocumentWindowTestExtension] Showing window 'empty.css' without activating the window.
    (32:00.838) [Visual Studio Host (11564):TextEditorDocumentWindowTestExtension] Showing window 'empty.css'.
    (32:00.926) [Visual Studio Host (11564):KeyboardCommands] Sending the Return key 2 times.
    (32:00.992) [Visual Studio Host (11564):TextEditorDocumentWindowTestExtension] Showing window 'empty.css' without activating the window.
    (32:01.047) [Visual Studio Host (11564):TextEditorDocumentWindowTestExtension] Showing window 'empty.css'.
    (32:01.223) [Visual Studio Host (11564):TextEditorDocumentWindowTestExtension] Showing window 'empty.css' without activating the window.
    (32:01.323) [Visual Studio Host (11564):TextEditorDocumentWindowTestExtension] Showing window 'empty.css'.
    (32:01.599) [Visual Studio Host (11564):TextEditorDocumentWindowTestExtension] Showing window 'empty.css' without activating the window.
    (32:01.683) [Visual Studio Host (11564):TextEditorDocumentWindowTestExtension] Showing window 'empty.css'.
    (32:01.769) [Visual Studio Host (11564):VisualStudioIntellisenseService] Getting the active completion at position '(Ln: 7, Ch: 17)'.
    (32:01.838) [Visual Studio Host (11564):VisualStudioCompletionListTestExtension] Found completion item with name 
    (32:01.925) [Visual Studio Host (11564):TextEditorDocumentWindowTestExtension] Showing window 'empty.css' without activating the window.
    (32:02.001) [Visual Studio Host (11564):TextEditorDocumentWindowTestExtension] Showing window 'empty.css'.
    (32:02.069) [Visual Studio Host (11564):KeyboardCommands] Sending the Return key 1 times.
    (32:02.155) [Visual Studio Host (11564):TextEditorDocumentWindowTestExtension] Showing window 'empty.css' without activating the window.
    (32:02.229) [Visual Studio Host (11564):TextEditorDocumentWindowTestExtension] Showing window 'empty.css'.
    (32:02.331) [Visual Studio Host (11564):VisualStudioCaretTestExtension] Moving the caret from (Ln: 7, Ch: 23) to the end of the line
    (32:02.403) [Visual Studio Host (11564):VisualStudioTextEditorTestExtension] Setting keyboard focus to editor 'empty.css'.
    (32:02.490) [Visual Studio Host (11564):TextEditorDocumentWindowTestExtension] Showing window 'empty.css' without activating the window.
    (32:02.557) [Visual Studio Host (11564):TextEditorDocumentWindowTestExtension] Showing window 'empty.css'.
    (32:02.661) [Visual Studio Host (11564):TextEditorDocumentWindowTestExtension] Showing window 'empty.css' without activating the window.
    (32:02.753) [Visual Studio Host (11564):TextEditorDocumentWindowTestExtension] Showing window 'empty.css'.
    (32:02.865) [Visual Studio Host (11564):KeyboardCommands] Sending the Return key 1 times.
    (32:02.947) [Visual Studio Host (11564):TextEditorDocumentWindowTestExtension] Showing window 'empty.css' without activating the window.
    (32:03.037) [Visual Studio Host (11564):TextEditorDocumentWindowTestExtension] Showing window 'empty.css'.
    + ExternalProcessHostTest TestCleanup
        (32:03.219) [Visual Studio Host (11564):TextEditorDocumentWindowTestExtension] Closing window 'empty.css'.
        (32:03.406) [Platform:Testcase] Test 'VSTest_CssCompletion_SelectorNames' has 'Passed' outcome. Therefore, Apex will not shut down the 'Visual Studio Host (11564)' with process ID '11564'. A subsequent test scenario will run on the same instance of the host.
    + Final Test Result Verification
        (32:03.609) [Platform:DelayedAssertionVerifierSink] Verification Success: 0 verification steps failed.
    + ApexTest TestCleanup</StdOut>
      </Output>
      <ResultFiles>
        <ResultFile path="WNVM19648\Fail.azqsczivabnm.png" />
        <ResultFile path="WNVM19648\Fail.ig2gsfz5ad1y.png" />
        <ResultFile path="WNVM19648\Fail.o5zf0zepaw0l.png" />
        <ResultFile path="WNVM19648\OmniLog.html" />
        <ResultFile path="WNVM19648\OmniLogRawXml.xml" />
      </ResultFiles>
    </UnitTestResult>
    <UnitTestResult executionId="2146379f-5871-407f-8ebf-9de426a060e7" testId="e391dd89-a5e4-61a1-7b4c-d9508c0794ad" testName="VSTest_RazorV4ClearContent" computerName="WNVM19648" duration="00:00:04.7467325" startTime="2018-04-17T01:11:41.4002864-07:00" endTime="2018-04-17T01:11:46.1470189-07:00" testType="13cdc9d9-ddb5-4fa4-a97d-d965ccfc6d4b" outcome="Passed" testListId="8c84fa94-04c1-424b-9868-57a2d4851a1d" relativeResultsDirectory="2146379f-5871-407f-8ebf-9de426a060e7">
      <Output>
        <StdOut>+ CSharpGeneralTests::VSTest_RazorV4ClearContent
    + ApexTest TestInitialize
    + ExternalProcessHostTest TestInitialize
        (01:13:23.126) [Visual Studio Host (8016):RoamingSettingsService] Disabling roaming settings.
        (01:13:23.264) [Visual Studio Host (8016):SettingsService] Setting Visual Studio option 'Environment\RoamingSettings\RoamingEnabled' to 'False'.
        (01:13:23.612) [Visual Studio Host (8016):TextEditorDocumentWindowTestExtension] Showing window 'valid.cshtml' without activating the window.
        (01:13:23.758) [Visual Studio Host (8016):TextEditorDocumentWindowTestExtension] Showing window 'valid.cshtml'.
        (01:13:24.007) [Visual Studio Host (8016):VisualStudioTextEditorTestExtension] Setting keyboard focus to editor 'valid.cshtml'.
        (01:13:24.140) [Visual Studio Host (8016):MainWindowService] Activating main window to bring it to the foreground.
        (01:13:24.279) [Visual Studio Host (8016):MainWindowService] Setting main window state to 'Maximized'.
    (01:13:24.620) [Visual Studio Host (8016):TextEditorDocumentWindowTestExtension] Showing window 'valid.cshtml' without activating the window.
    (01:13:24.762) [Visual Studio Host (8016):TextEditorDocumentWindowTestExtension] Showing window 'valid.cshtml'.
    (01:13:24.948) [Visual Studio Host (8016):VisualStudioTextEditingActions] Inserting text combine CRLF as single return: 'This is a test!' at the current caret position: '(Ln: 6, Ch: 1)'
    (01:13:25.222) [Visual Studio Host (8016):TextEditorDocumentWindowTestExtension] Showing window 'valid.cshtml' without activating the window.
    (01:13:25.410) [Visual Studio Host (8016):TextEditorDocumentWindowTestExtension] Showing window 'valid.cshtml'.
    + ExternalProcessHostTest TestCleanup
        (01:13:25.777) [Visual Studio Host (8016):TextEditorDocumentWindowTestExtension] Closing window 'valid.cshtml'.
        (01:13:26.042) [Platform:Testcase] Test 'VSTest_RazorV4ClearContent' has 'Passed' outcome. Therefore, Apex will not shut down the 'Visual Studio Host (8016)' with process ID '8016'. A subsequent test scenario will run on the same instance of the host.
    + Final Test Result Verification
        (01:13:26.532) [Platform:DelayedAssertionVerifierSink] Verification Success: 0 verification steps failed.
    + ApexTest TestCleanup</StdOut>
      </Output>
      <ResultFiles>
        <ResultFile path="WNVM19648\Fail.azqsczivabnm.png" />
        <ResultFile path="WNVM19648\Fail.ig2gsfz5ad1y.png" />
        <ResultFile path="WNVM19648\Fail.o5zf0zepaw0l.png" />
        <ResultFile path="WNVM19648\Fail.raasvsmeanc1.png" />
        <ResultFile path="WNVM19648\Fail.t4yj0fxuatil.png" />
        <ResultFile path="WNVM19648\Fail.z10rn0n5ajdm.png" />
        <ResultFile path="WNVM19648\OmniLog.html" />
        <ResultFile path="WNVM19648\OmniLogRawXml.xml" />
      </ResultFiles>
    </UnitTestResult>
    <UnitTestResult executionId="dc732f36-c30b-42c3-8e70-d15ab2e46f22" testId="57ab871d-6b84-af31-0d82-75583c6406c0" testName="VSTest_TypingThrough_Quotes" computerName="WNVM19648" duration="00:00:10.4650598" startTime="2018-04-17T00:32:06.6821949-07:00" endTime="2018-04-17T00:32:17.1472547-07:00" testType="13cdc9d9-ddb5-4fa4-a97d-d965ccfc6d4b" outcome="Passed" testListId="8c84fa94-04c1-424b-9868-57a2d4851a1d" relativeResultsDirectory="dc732f36-c30b-42c3-8e70-d15ab2e46f22">
      <Output>
        <StdOut>+ TypingThroughTests::VSTest_TypingThrough_Quotes
    + ApexTest TestInitialize
    + ExternalProcessHostTest TestInitialize
        (33:48.030) [Visual Studio Host (11564):RoamingSettingsService] Disabling roaming settings.
        (33:48.087) [Visual Studio Host (11564):SettingsService] Setting Visual Studio option 'Environment\RoamingSettings\RoamingEnabled' to 'False'.
        (33:48.380) [Visual Studio Host (11564):TextEditorDocumentWindowTestExtension] Showing window 'TypingthroughQuotes.html' without activating the window.
        (33:48.497) [Visual Studio Host (11564):TextEditorDocumentWindowTestExtension] Showing window 'TypingthroughQuotes.html'.
        (33:48.573) [Visual Studio Host (11564):VisualStudioTextEditorTestExtension] Setting keyboard focus to editor 'TypingthroughQuotes.html'.
        (33:48.631) [Visual Studio Host (11564):MainWindowService] Activating main window to bring it to the foreground.
        (33:48.710) [Visual Studio Host (11564):MainWindowService] Setting main window state to 'Maximized'.
    (33:48.869) [Visual Studio Host (11564):TextEditorDocumentWindowTestExtension] Showing window 'TypingthroughQuotes.html' without activating the window.
    (33:48.933) [Visual Studio Host (11564):TextEditorDocumentWindowTestExtension] Showing window 'TypingthroughQuotes.html'.
    (33:49.009) [Visual Studio Host (11564):TextEditorDocumentWindowTestExtension] Showing window 'TypingthroughQuotes.html' without activating the window.
    (33:49.078) [Visual Studio Host (11564):TextEditorDocumentWindowTestExtension] Showing window 'TypingthroughQuotes.html'.
    (33:49.148) [Visual Studio Host (11564):VisualStudioCaretTestExtension] Moving the caret from (Ln: 1, Ch: 1) to (Ln: 17, Ch: 9)
    (33:49.208) [Visual Studio Host (11564):VisualStudioTextEditingActions] Inserting text: '&lt;a dir=""&gt;' at the current caret position: '(Ln: 17, Ch: 9)'
    (33:49.418) [Visual Studio Host (11564):TextEditorDocumentWindowTestExtension] Showing window 'TypingthroughQuotes.html' without activating the window.
    (33:49.516) [Visual Studio Host (11564):TextEditorDocumentWindowTestExtension] Showing window 'TypingthroughQuotes.html'.
    (33:49.627) [Visual Studio Host (11564):TextEditorDocumentWindowTestExtension] Showing window 'TypingthroughQuotes.html' without activating the window.
    (33:49.694) [Visual Studio Host (11564):TextEditorDocumentWindowTestExtension] Showing window 'TypingthroughQuotes.html'.
    (33:49.804) [Visual Studio Host (11564):TextEditorDocumentWindowTestExtension] Showing window 'TypingthroughQuotes.html' without activating the window.
    (33:49.877) [Visual Studio Host (11564):TextEditorDocumentWindowTestExtension] Showing window 'TypingthroughQuotes.html'.
    (33:49.954) [Visual Studio Host (11564):VisualStudioTextEditingActions] Deleting to the end of line of the current caret position, position: '(Ln: 17, Ch: 19)', line: '17'
    (33:50.018) [Visual Studio Host (11564):VisualStudioTextEditingActions] Deleting to the beginning of line of the current caret position, position: '(Ln: 17, Ch: 19)', line: '17'
    (33:50.091) [Visual Studio Host (11564):TextEditorDocumentWindowTestExtension] Showing window 'TypingthroughQuotes.html' without activating the window.
    (33:50.163) [Visual Studio Host (11564):TextEditorDocumentWindowTestExtension] Showing window 'TypingthroughQuotes.html'.
    (33:50.238) [Visual Studio Host (11564):VisualStudioCaretTestExtension] Moving the caret from (Ln: 17, Ch: 1) to (Ln: 17, Ch: 9)
    (33:50.307) [Visual Studio Host (11564):VisualStudioTextEditingActions] Inserting text: '&lt;a dir="' at the current caret position: '(Ln: 17, Ch: 9)'
    (33:50.485) [Visual Studio Host (11564):TextEditorDocumentWindowTestExtension] Showing window 'TypingthroughQuotes.html' without activating the window.
    (33:50.587) [Visual Studio Host (11564):TextEditorDocumentWindowTestExtension] Showing window 'TypingthroughQuotes.html'.
    (33:50.674) [Visual Studio Host (11564):VisualStudioIntellisenseService] Getting the active completion at position '(Ln: 17, Ch: 17)'.
    (33:50.739) [Visual Studio Host (11564):VisualStudioCompletionListTestExtension] Found completion item with name 
    (33:50.820) [Visual Studio Host (11564):TextEditorDocumentWindowTestExtension] Showing window 'TypingthroughQuotes.html' without activating the window.
    (33:50.899) [Visual Studio Host (11564):TextEditorDocumentWindowTestExtension] Showing window 'TypingthroughQuotes.html'.
    (33:50.988) [Visual Studio Host (11564):VisualStudioTextEditingActions] Deleting to the end of line of the current caret position, position: '(Ln: 17, Ch: 17)', line: '17'
    (33:51.070) [Visual Studio Host (11564):VisualStudioTextEditingActions] Deleting to the beginning of line of the current caret position, position: '(Ln: 17, Ch: 17)', line: '17'
    (33:51.142) [Visual Studio Host (11564):TextEditorDocumentWindowTestExtension] Showing window 'TypingthroughQuotes.html' without activating the window.
    (33:51.234) [Visual Studio Host (11564):TextEditorDocumentWindowTestExtension] Showing window 'TypingthroughQuotes.html'.
    (33:51.321) [Visual Studio Host (11564):VisualStudioCaretTestExtension] Moving the caret from (Ln: 17, Ch: 1) to (Ln: 17, Ch: 9)
    (33:51.384) [Visual Studio Host (11564):VisualStudioTextEditingActions] Inserting text combine CRLF as single return: '&lt;a dir="' at the current caret position: '(Ln: 17, Ch: 9)'
    (33:51.542) [Visual Studio Host (11564):TextEditorDocumentWindowTestExtension] Showing window 'TypingthroughQuotes.html' without activating the window.
    (33:51.609) [Visual Studio Host (11564):TextEditorDocumentWindowTestExtension] Showing window 'TypingthroughQuotes.html'.
    (33:51.677) [Visual Studio Host (11564):TextEditorDocumentWindowTestExtension] Showing window 'TypingthroughQuotes.html' without activating the window.
    (33:51.737) [Visual Studio Host (11564):TextEditorDocumentWindowTestExtension] Showing window 'TypingthroughQuotes.html'.
    (33:51.800) [Visual Studio Host (11564):TextEditorDocumentWindowTestExtension] Showing window 'TypingthroughQuotes.html' without activating the window.
    (33:51.856) [Visual Studio Host (11564):TextEditorDocumentWindowTestExtension] Showing window 'TypingthroughQuotes.html'.
    (33:51.929) [Visual Studio Host (11564):VisualStudioTextEditingActions] Deleting to the end of line of the current caret position, position: '(Ln: 17, Ch: 17)', line: '17'
    (33:51.993) [Visual Studio Host (11564):VisualStudioTextEditingActions] Deleting to the beginning of line of the current caret position, position: '(Ln: 17, Ch: 17)', line: '17'
    (33:52.080) [Visual Studio Host (11564):TextEditorDocumentWindowTestExtension] Showing window 'TypingthroughQuotes.html' without activating the window.
    (33:52.151) [Visual Studio Host (11564):TextEditorDocumentWindowTestExtension] Showing window 'TypingthroughQuotes.html'.
    (33:52.238) [Visual Studio Host (11564):VisualStudioCaretTestExtension] Moving the caret from (Ln: 17, Ch: 1) to (Ln: 17, Ch: 9)
    (33:52.300) [Visual Studio Host (11564):VisualStudioTextEditingActions] Inserting text: '&lt;a bbb ccc&gt;' at the current caret position: '(Ln: 17, Ch: 9)'
    (33:52.503) [Visual Studio Host (11564):TextEditorDocumentWindowTestExtension] Showing window 'TypingthroughQuotes.html' without activating the window.
    (33:52.569) [Visual Studio Host (11564):TextEditorDocumentWindowTestExtension] Showing window 'TypingthroughQuotes.html'.
    (33:52.679) [Visual Studio Host (11564):VisualStudioCaretTestExtension] Moving the caret from (Ln: 17, Ch: 20) to (Ln: 17, Ch: 15)
    (33:52.750) [Visual Studio Host (11564):VisualStudioTextEditingActions] Inserting text: '=ddd' at the current caret position: '(Ln: 17, Ch: 15)'
    (33:52.854) [Visual Studio Host (11564):TextEditorDocumentWindowTestExtension] Showing window 'TypingthroughQuotes.html' without activating the window.
    (33:52.910) [Visual Studio Host (11564):TextEditorDocumentWindowTestExtension] Showing window 'TypingthroughQuotes.html'.
    (33:52.974) [Visual Studio Host (11564):TextEditorDocumentWindowTestExtension] Showing window 'TypingthroughQuotes.html' without activating the window.
    (33:53.029) [Visual Studio Host (11564):TextEditorDocumentWindowTestExtension] Showing window 'TypingthroughQuotes.html'.
    (33:53.101) [Visual Studio Host (11564):VisualStudioTextEditingActions] Deleting to the end of line of the current caret position, position: '(Ln: 17, Ch: 20)', line: '17'
    (33:53.164) [Visual Studio Host (11564):VisualStudioTextEditingActions] Deleting to the beginning of line of the current caret position, position: '(Ln: 17, Ch: 20)', line: '17'
    (33:53.231) [Visual Studio Host (11564):TextEditorDocumentWindowTestExtension] Showing window 'TypingthroughQuotes.html' without activating the window.
    (33:53.289) [Visual Studio Host (11564):TextEditorDocumentWindowTestExtension] Showing window 'TypingthroughQuotes.html'.
    (33:53.350) [Visual Studio Host (11564):VisualStudioCaretTestExtension] Moving the caret from (Ln: 17, Ch: 1) to (Ln: 8, Ch: 17)
    (33:53.413) [Visual Studio Host (11564):VisualStudioIntellisenseService] Invoking Completion member list at '(Ln: 8, Ch: 17)'.
    (33:53.517) [Visual Studio Host (11564):VisualStudioTextEditingActions] Inserting text: '"' at the current caret position: '(Ln: 8, Ch: 17)'
    (33:53.602) [Visual Studio Host (11564):TextEditorDocumentWindowTestExtension] Showing window 'TypingthroughQuotes.html' without activating the window.
    (33:53.709) [Visual Studio Host (11564):TextEditorDocumentWindowTestExtension] Showing window 'TypingthroughQuotes.html'.
    (33:53.826) [Visual Studio Host (11564):TextEditorDocumentWindowTestExtension] Showing window 'TypingthroughQuotes.html' without activating the window.
    (33:54.009) [Visual Studio Host (11564):TextEditorDocumentWindowTestExtension] Showing window 'TypingthroughQuotes.html'.
    (33:54.141) [Visual Studio Host (11564):TextEditorDocumentWindowTestExtension] Showing window 'TypingthroughQuotes.html' without activating the window.
    (33:54.229) [Visual Studio Host (11564):TextEditorDocumentWindowTestExtension] Showing window 'TypingthroughQuotes.html'.
    (33:54.345) [Visual Studio Host (11564):VisualStudioCaretTestExtension] Moving the caret from (Ln: 8, Ch: 18) to (Ln: 11, Ch: 17)
    (33:54.463) [Visual Studio Host (11564):VisualStudioTextEditingActions] Inserting text: 'foobar"' at the current caret position: '(Ln: 11, Ch: 17)'
    (33:54.638) [Visual Studio Host (11564):TextEditorDocumentWindowTestExtension] Showing window 'TypingthroughQuotes.html' without activating the window.
    (33:54.846) [Visual Studio Host (11564):TextEditorDocumentWindowTestExtension] Showing window 'TypingthroughQuotes.html'.
    (33:54.957) [Visual Studio Host (11564):TextEditorDocumentWindowTestExtension] Showing window 'TypingthroughQuotes.html' without activating the window.
    (33:55.030) [Visual Studio Host (11564):TextEditorDocumentWindowTestExtension] Showing window 'TypingthroughQuotes.html'.
    (33:55.133) [Visual Studio Host (11564):TextEditorDocumentWindowTestExtension] Showing window 'TypingthroughQuotes.html' without activating the window.
    (33:55.192) [Visual Studio Host (11564):TextEditorDocumentWindowTestExtension] Showing window 'TypingthroughQuotes.html'.
    (33:55.275) [Visual Studio Host (11564):VisualStudioCaretTestExtension] Moving the caret from (Ln: 11, Ch: 24) to (Ln: 14, Ch: 23)
    (33:55.340) [Visual Studio Host (11564):VisualStudioTextEditingActions] Inserting text: '"' at the current caret position: '(Ln: 14, Ch: 23)'
    (33:55.406) [Visual Studio Host (11564):TextEditorDocumentWindowTestExtension] Showing window 'TypingthroughQuotes.html' without activating the window.
    (33:55.468) [Visual Studio Host (11564):TextEditorDocumentWindowTestExtension] Showing window 'TypingthroughQuotes.html'.
    (33:55.553) [Visual Studio Host (11564):TextEditorDocumentWindowTestExtension] Showing window 'TypingthroughQuotes.html' without activating the window.
    (33:55.620) [Visual Studio Host (11564):TextEditorDocumentWindowTestExtension] Showing window 'TypingthroughQuotes.html'.
    (33:55.689) [Visual Studio Host (11564):TextEditorDocumentWindowTestExtension] Showing window 'TypingthroughQuotes.html' without activating the window.
    (33:55.753) [Visual Studio Host (11564):TextEditorDocumentWindowTestExtension] Showing window 'TypingthroughQuotes.html'.
    (33:55.823) [Visual Studio Host (11564):VisualStudioCaretTestExtension] Moving the caret from (Ln: 14, Ch: 24) to (Ln: 17, Ch: 9)
    (33:55.897) [Visual Studio Host (11564):VisualStudioTextEditingActions] Inserting text: '&lt;a db&gt;' at the current caret position: '(Ln: 17, Ch: 9)'
    (33:56.044) [Visual Studio Host (11564):TextEditorDocumentWindowTestExtension] Showing window 'TypingthroughQuotes.html' without activating the window.
    (33:56.114) [Visual Studio Host (11564):TextEditorDocumentWindowTestExtension] Showing window 'TypingthroughQuotes.html'.
    (33:56.243) [Visual Studio Host (11564):VisualStudioCaretTestExtension] Moving the caret from (Ln: 17, Ch: 15) left '1' characters
    (33:56.310) [Visual Studio Host (11564):VisualStudioTextEditorTestExtension] Setting keyboard focus to editor 'TypingthroughQuotes.html'.
    (33:56.382) [Visual Studio Host (11564):TextEditorDocumentWindowTestExtension] Showing window 'TypingthroughQuotes.html' without activating the window.
    (33:56.484) [Visual Studio Host (11564):TextEditorDocumentWindowTestExtension] Showing window 'TypingthroughQuotes.html'.
    (33:56.561) [Visual Studio Host (11564):KeyboardCommands] Sending '1' tabs.
    (33:56.654) [Visual Studio Host (11564):VisualStudioTextEditingActions] Inserting text: '"foo:bar"' at the current caret position: '(Ln: 17, Ch: 34)'
    (33:56.792) [Visual Studio Host (11564):TextEditorDocumentWindowTestExtension] Showing window 'TypingthroughQuotes.html' without activating the window.
    (33:56.854) [Visual Studio Host (11564):TextEditorDocumentWindowTestExtension] Showing window 'TypingthroughQuotes.html'.
    (33:56.929) [Visual Studio Host (11564):TextEditorDocumentWindowTestExtension] Showing window 'TypingthroughQuotes.html' without activating the window.
    (33:56.986) [Visual Studio Host (11564):TextEditorDocumentWindowTestExtension] Showing window 'TypingthroughQuotes.html'.
    (33:57.064) [Visual Studio Host (11564):TextEditorDocumentWindowTestExtension] Showing window 'TypingthroughQuotes.html' without activating the window.
    (33:57.131) [Visual Studio Host (11564):TextEditorDocumentWindowTestExtension] Showing window 'TypingthroughQuotes.html'.
    (33:57.205) [Visual Studio Host (11564):VisualStudioTextEditingActions] Deleting to the end of line of the current caret position, position: '(Ln: 17, Ch: 31)', line: '17'
    (33:57.263) [Visual Studio Host (11564):VisualStudioTextEditingActions] Deleting to the beginning of line of the current caret position, position: '(Ln: 17, Ch: 31)', line: '17'
    + ExternalProcessHostTest TestCleanup
        (33:57.479) [Visual Studio Host (11564):TextEditorDocumentWindowTestExtension] Closing window 'TypingthroughQuotes.html'.
        (33:57.698) [Platform:Testcase] Test 'VSTest_TypingThrough_Quotes' has 'Passed' outcome. Therefore, Apex will not shut down the 'Visual Studio Host (11564)' with process ID '11564'. A subsequent test scenario will run on the same instance of the host.
    + Final Test Result Verification
        (33:57.940) [Platform:DelayedAssertionVerifierSink] Verification Success: 0 verification steps failed.
    + ApexTest TestCleanup</StdOut>
      </Output>
      <ResultFiles>
        <ResultFile path="WNVM19648\Fail.azqsczivabnm.png" />
        <ResultFile path="WNVM19648\Fail.ig2gsfz5ad1y.png" />
        <ResultFile path="WNVM19648\Fail.o5zf0zepaw0l.png" />
        <ResultFile path="WNVM19648\OmniLog.html" />
        <ResultFile path="WNVM19648\OmniLogRawXml.xml" />
      </ResultFiles>
    </UnitTestResult>
    <UnitTestResult executionId="e98de51c-dd68-460f-98e4-0e67dce677b1" testId="719a79de-7aff-b11f-4190-146c46cb4169" testName="VSTest_JSON_Schema_Dropdown_Persistence" computerName="WNVM19648" startTime="2018-04-17T01:53:07.2130097-07:00" endTime="2018-04-17T01:53:07.2130097-07:00" testType="13cdc9d9-ddb5-4fa4-a97d-d965ccfc6d4b" outcome="NotExecuted" testListId="8c84fa94-04c1-424b-9868-57a2d4851a1d" relativeResultsDirectory="e98de51c-dd68-460f-98e4-0e67dce677b1">
      <Output>
      </Output>
    </UnitTestResult>
    <UnitTestResult executionId="e0995589-8c13-4ed8-baf4-1108e73a0aad" testId="2498c45a-1aff-34d8-6d53-9eed1780f372" testName="VSTest_Generate_Page_Load_Event_Code_Behind_VB" computerName="WNVM19648" duration="00:00:05.0537305" startTime="2018-04-17T01:23:49.4803728-07:00" endTime="2018-04-17T01:23:54.5341033-07:00" testType="13cdc9d9-ddb5-4fa4-a97d-d965ccfc6d4b" outcome="Passed" testListId="8c84fa94-04c1-424b-9868-57a2d4851a1d" relativeResultsDirectory="e0995589-8c13-4ed8-baf4-1108e73a0aad">
      <Output>
        <StdOut>+ GenerateEventTests::VSTest_Generate_Page_Load_Event_Code_Behind_VB
    + ApexTest TestInitialize
    + ExternalProcessHostTest TestInitialize
        (01:25:31.178) [Visual Studio Host (10528):RoamingSettingsService] Disabling roaming settings.
        (01:25:31.322) [Visual Studio Host (10528):SettingsService] Setting Visual Studio option 'Environment\RoamingSettings\RoamingEnabled' to 'False'.
        (01:25:31.813) [Visual Studio Host (10528):TextEditorDocumentWindowTestExtension] Showing window 'WebFormVBCodeBehind.aspx' without activating the window.
        (01:25:32.048) [Visual Studio Host (10528):TextEditorDocumentWindowTestExtension] Showing window 'WebFormVBCodeBehind.aspx'.
        (01:25:32.233) [Visual Studio Host (10528):VisualStudioTextEditorTestExtension] Setting keyboard focus to editor 'WebFormVBCodeBehind.aspx'.
        (01:25:32.396) [Visual Studio Host (10528):MainWindowService] Activating main window to bring it to the foreground.
        (01:25:32.551) [Visual Studio Host (10528):MainWindowService] Setting main window state to 'Maximized'.
    (01:25:33.299) [Visual Studio Host (10528):TextEditorDocumentWindowTestExtension] Showing window 'WebFormVBCodeBehind.aspx.vb' without activating the window.
    (01:25:33.458) [Visual Studio Host (10528):TextEditorDocumentWindowTestExtension] Showing window 'WebFormVBCodeBehind.aspx.vb'.
    (01:25:33.633) [Visual Studio Host (10528):TextEditorDocumentWindowTestExtension] Showing window 'WebFormVBCodeBehind.aspx.vb' without activating the window.
    (01:25:33.788) [Visual Studio Host (10528):TextEditorDocumentWindowTestExtension] Showing window 'WebFormVBCodeBehind.aspx.vb'.
    + ExternalProcessHostTest TestCleanup
        (01:25:34.104) [Visual Studio Host (10528):TextEditorDocumentWindowTestExtension] Closing window 'WebFormVBCodeBehind.aspx'.
        (01:25:34.373) [Platform:Testcase] Test 'VSTest_Generate_Page_Load_Event_Code_Behind_VB' has 'Passed' outcome. Therefore, Apex will not shut down the 'Visual Studio Host (10528)' with process ID '10528'. A subsequent test scenario will run on the same instance of the host.
    + Final Test Result Verification
        (01:25:34.857) [Platform:DelayedAssertionVerifierSink] Verification Success: 0 verification steps failed.
    + ApexTest TestCleanup</StdOut>
      </Output>
      <ResultFiles>
        <ResultFile path="WNVM19648\Fail.aswak04hapa5.png" />
        <ResultFile path="WNVM19648\Fail.azqsczivabnm.png" />
        <ResultFile path="WNVM19648\Fail.byuslv5baqsd.png" />
        <ResultFile path="WNVM19648\Fail.ek4tb3wmalyl.png" />
        <ResultFile path="WNVM19648\Fail.ig2gsfz5ad1y.png" />
        <ResultFile path="WNVM19648\Fail.kxs1ersmaxma.png" />
        <ResultFile path="WNVM19648\Fail.loc0xhl5a2hr.png" />
        <ResultFile path="WNVM19648\Fail.o4kkrjboasbk.png" />
        <ResultFile path="WNVM19648\Fail.o5zf0zepaw0l.png" />
        <ResultFile path="WNVM19648\Fail.raasvsmeanc1.png" />
        <ResultFile path="WNVM19648\Fail.sidku4gxamg4.png" />
        <ResultFile path="WNVM19648\Fail.t4yj0fxuatil.png" />
        <ResultFile path="WNVM19648\Fail.z10rn0n5ajdm.png" />
        <ResultFile path="WNVM19648\OmniLog.html" />
        <ResultFile path="WNVM19648\OmniLogRawXml.xml" />
      </ResultFiles>
    </UnitTestResult>
    <UnitTestResult executionId="224213ae-b996-4cf7-841e-1f00e3817a0f" testId="4f0026e2-fb1b-ff35-5dea-5ad5f7cacb8c" testName="TypingEnterAtRangeEndNotAcceptingEnter" computerName="WNVM19648" duration="00:00:06.7604089" startTime="2018-04-17T01:21:12.7489912-07:00" endTime="2018-04-17T01:21:19.5094001-07:00" testType="13cdc9d9-ddb5-4fa4-a97d-d965ccfc6d4b" outcome="Passed" testListId="8c84fa94-04c1-424b-9868-57a2d4851a1d" relativeResultsDirectory="224213ae-b996-4cf7-841e-1f00e3817a0f">
      <Output>
        <StdOut>+ RazorTypingTests::TypingEnterAtRangeEndNotAcceptingEnter
    + ApexTest TestInitialize
    + ExternalProcessHostTest TestInitialize
        (01:22:54.472) [Visual Studio Host (10528):RoamingSettingsService] Disabling roaming settings.
        (01:22:54.608) [Visual Studio Host (10528):SettingsService] Setting Visual Studio option 'Environment\RoamingSettings\RoamingEnabled' to 'False'.
        (01:22:54.988) [Visual Studio Host (10528):TextEditorDocumentWindowTestExtension] Showing window '_ViewImports.cshtml' without activating the window.
        (01:22:55.189) [Visual Studio Host (10528):TextEditorDocumentWindowTestExtension] Showing window '_ViewImports.cshtml'.
        (01:22:55.384) [Visual Studio Host (10528):VisualStudioTextEditorTestExtension] Setting keyboard focus to editor '_ViewImports.cshtml'.
        (01:22:55.515) [Visual Studio Host (10528):MainWindowService] Activating main window to bring it to the foreground.
        (01:22:55.662) [Visual Studio Host (10528):MainWindowService] Setting main window state to 'Maximized'.
    (01:22:55.983) [Visual Studio Host (10528):TextEditorDocumentWindowTestExtension] Showing window '_ViewImports.cshtml' without activating the window.
    (01:22:56.160) [Visual Studio Host (10528):TextEditorDocumentWindowTestExtension] Showing window '_ViewImports.cshtml'.
    (01:22:56.315) [Visual Studio Host (10528):VisualStudioCaretTestExtension] Moving the caret to '' at (Ln: 2, Ch: 14) based on a regular expression.  Expression = "addTagHelper()" [group index '1', match index '1', options 'Singleline, CultureInvariant']
    (01:22:56.456) [Visual Studio Host (10528):TextEditorDocumentWindowTestExtension] Showing window '_ViewImports.cshtml' without activating the window.
    (01:22:56.629) [Visual Studio Host (10528):TextEditorDocumentWindowTestExtension] Showing window '_ViewImports.cshtml'.
    (01:22:56.787) [Visual Studio Host (10528):VisualStudioCaretTestExtension] Moving the caret from (Ln: 2, Ch: 14) to the end of the line
    (01:22:56.921) [Visual Studio Host (10528):VisualStudioTextEditorTestExtension] Setting keyboard focus to editor '_ViewImports.cshtml'.
    (01:22:57.066) [Visual Studio Host (10528):TextEditorDocumentWindowTestExtension] Showing window '_ViewImports.cshtml' without activating the window.
    (01:22:57.223) [Visual Studio Host (10528):TextEditorDocumentWindowTestExtension] Showing window '_ViewImports.cshtml'.
    (01:22:57.387) [Visual Studio Host (10528):TextEditorDocumentWindowTestExtension] Showing window '_ViewImports.cshtml' without activating the window.
    (01:22:57.662) [Visual Studio Host (10528):TextEditorDocumentWindowTestExtension] Showing window '_ViewImports.cshtml'.
    (01:22:57.971) [Visual Studio Host (10528):KeyboardCommands] Sending the Return key 1 times.
    (01:22:58.264) [Visual Studio Host (10528):TextEditorDocumentWindowTestExtension] Showing window '_ViewImports.cshtml' without activating the window.
    (01:22:58.484) [Visual Studio Host (10528):TextEditorDocumentWindowTestExtension] Showing window '_ViewImports.cshtml'.
    + ExternalProcessHostTest TestCleanup
        (01:22:58.980) [Visual Studio Host (10528):TextEditorDocumentWindowTestExtension] Closing window '_ViewImports.cshtml'.
        (01:22:59.344) [Platform:Testcase] Test 'TypingEnterAtRangeEndNotAcceptingEnter' has 'Passed' outcome. Therefore, Apex will not shut down the 'Visual Studio Host (10528)' with process ID '10528'. A subsequent test scenario will run on the same instance of the host.
    + Final Test Result Verification
        (01:22:59.845) [Platform:DelayedAssertionVerifierSink] Verification Success: 0 verification steps failed.
    + ApexTest TestCleanup</StdOut>
      </Output>
      <ResultFiles>
        <ResultFile path="WNVM19648\Fail.aswak04hapa5.png" />
        <ResultFile path="WNVM19648\Fail.azqsczivabnm.png" />
        <ResultFile path="WNVM19648\Fail.byuslv5baqsd.png" />
        <ResultFile path="WNVM19648\Fail.ek4tb3wmalyl.png" />
        <ResultFile path="WNVM19648\Fail.ig2gsfz5ad1y.png" />
        <ResultFile path="WNVM19648\Fail.kxs1ersmaxma.png" />
        <ResultFile path="WNVM19648\Fail.loc0xhl5a2hr.png" />
        <ResultFile path="WNVM19648\Fail.o4kkrjboasbk.png" />
        <ResultFile path="WNVM19648\Fail.o5zf0zepaw0l.png" />
        <ResultFile path="WNVM19648\Fail.raasvsmeanc1.png" />
        <ResultFile path="WNVM19648\Fail.sidku4gxamg4.png" />
        <ResultFile path="WNVM19648\Fail.t4yj0fxuatil.png" />
        <ResultFile path="WNVM19648\Fail.z10rn0n5ajdm.png" />
        <ResultFile path="WNVM19648\OmniLog.html" />
        <ResultFile path="WNVM19648\OmniLogRawXml.xml" />
      </ResultFiles>
    </UnitTestResult>
    <UnitTestResult executionId="f7d2b70a-d45f-4010-9490-95ab8f4aaf4b" testId="52407989-0461-2ffa-b678-4b452e8f2349" testName="VSTest_Html_Drag_Drop_JavascriptFile" computerName="WNVM19648" duration="00:00:13.5281729" startTime="2018-04-17T00:14:29.5530439-07:00" endTime="2018-04-17T00:14:43.0812168-07:00" testType="13cdc9d9-ddb5-4fa4-a97d-d965ccfc6d4b" outcome="Failed" testListId="8c84fa94-04c1-424b-9868-57a2d4851a1d" relativeResultsDirectory="f7d2b70a-d45f-4010-9490-95ab8f4aaf4b">
      <Output>
        <StdOut>+ DragAndDropTests::VSTest_Html_Drag_Drop_JavascriptFile
    + ApexTest TestInitialize
    + ExternalProcessHostTest TestInitialize
        (16:10.854) [Visual Studio Host (6956):RoamingSettingsService] Disabling roaming settings.
        (16:10.897) [Visual Studio Host (6956):SettingsService] Setting Visual Studio option 'Environment\RoamingSettings\RoamingEnabled' to 'False'.
        (16:11.226) [Visual Studio Host (6956):TextEditorDocumentWindowTestExtension] Showing window 'Drop.html' without activating the window.
        (16:11.318) [Visual Studio Host (6956):TextEditorDocumentWindowTestExtension] Showing window 'Drop.html'.
        (16:11.388) [Visual Studio Host (6956):VisualStudioTextEditorTestExtension] Setting keyboard focus to editor 'Drop.html'.
        (16:11.447) [Visual Studio Host (6956):MainWindowService] Activating main window to bring it to the foreground.
        (16:11.527) [Visual Studio Host (6956):MainWindowService] Setting main window state to 'Maximized'.
    (16:11.663) [Visual Studio Host (6956):TextEditorDocumentWindowTestExtension] Showing window 'Drop.html' without activating the window.
    (16:11.733) [Visual Studio Host (6956):TextEditorDocumentWindowTestExtension] Showing window 'Drop.html'.
    (16:11.818) [Visual Studio Host (6956):VisualStudioCaretTestExtension] Moving the caret from (Ln: 1, Ch: 1) to (Ln: 9, Ch: 4)
    (16:12.119) [Visual Studio Host (6956):TextEditorDocumentWindowTestExtension] Showing window 'Drop.html' without activating the window.
    (16:12.198) [Visual Studio Host (6956):TextEditorDocumentWindowTestExtension] Showing window 'Drop.html'.
    (16:12.387) [Visual Studio Host (6956):TextEditorDocumentWindowTestExtension] Showing window 'Drop.html' without activating the window.
    (16:12.455) [Visual Studio Host (6956):TextEditorDocumentWindowTestExtension] Showing window 'Drop.html'.
    (16:12.645) [Visual Studio Host (6956):TextEditorDocumentWindowTestExtension] Showing window 'Drop.html' without activating the window.
    (16:12.693) [Visual Studio Host (6956):TextEditorDocumentWindowTestExtension] Showing window 'Drop.html'.
    (16:12.858) [Visual Studio Host (6956):TextEditorDocumentWindowTestExtension] Showing window 'Drop.html' without activating the window.
    (16:12.911) [Visual Studio Host (6956):TextEditorDocumentWindowTestExtension] Showing window 'Drop.html'.
    (16:13.082) [Visual Studio Host (6956):TextEditorDocumentWindowTestExtension] Showing window 'Drop.html' without activating the window.
    (16:13.142) [Visual Studio Host (6956):TextEditorDocumentWindowTestExtension] Showing window 'Drop.html'.
    (16:13.328) [Visual Studio Host (6956):TextEditorDocumentWindowTestExtension] Showing window 'Drop.html' without activating the window.
    (16:13.398) [Visual Studio Host (6956):TextEditorDocumentWindowTestExtension] Showing window 'Drop.html'.
    (16:13.577) [Visual Studio Host (6956):TextEditorDocumentWindowTestExtension] Showing window 'Drop.html' without activating the window.
    (16:13.623) [Visual Studio Host (6956):TextEditorDocumentWindowTestExtension] Showing window 'Drop.html'.
    (16:13.797) [Visual Studio Host (6956):TextEditorDocumentWindowTestExtension] Showing window 'Drop.html' without activating the window.
    (16:13.844) [Visual Studio Host (6956):TextEditorDocumentWindowTestExtension] Showing window 'Drop.html'.
    (16:13.998) [Visual Studio Host (6956):TextEditorDocumentWindowTestExtension] Showing window 'Drop.html' without activating the window.
    (16:14.047) [Visual Studio Host (6956):TextEditorDocumentWindowTestExtension] Showing window 'Drop.html'.
    (16:14.210) [Visual Studio Host (6956):TextEditorDocumentWindowTestExtension] Showing window 'Drop.html' without activating the window.
    (16:14.263) [Visual Studio Host (6956):TextEditorDocumentWindowTestExtension] Showing window 'Drop.html'.
    (16:14.437) [Visual Studio Host (6956):TextEditorDocumentWindowTestExtension] Showing window 'Drop.html' without activating the window.
    (16:14.490) [Visual Studio Host (6956):TextEditorDocumentWindowTestExtension] Showing window 'Drop.html'.
    (16:14.674) [Visual Studio Host (6956):TextEditorDocumentWindowTestExtension] Showing window 'Drop.html' without activating the window.
    (16:14.753) [Visual Studio Host (6956):TextEditorDocumentWindowTestExtension] Showing window 'Drop.html'.
    (16:14.926) [Visual Studio Host (6956):TextEditorDocumentWindowTestExtension] Showing window 'Drop.html' without activating the window.
    (16:14.976) [Visual Studio Host (6956):TextEditorDocumentWindowTestExtension] Showing window 'Drop.html'.
    (16:15.146) [Visual Studio Host (6956):TextEditorDocumentWindowTestExtension] Showing window 'Drop.html' without activating the window.
    (16:15.205) [Visual Studio Host (6956):TextEditorDocumentWindowTestExtension] Showing window 'Drop.html'.
    (16:15.382) [Visual Studio Host (6956):TextEditorDocumentWindowTestExtension] Showing window 'Drop.html' without activating the window.
    (16:15.458) [Visual Studio Host (6956):TextEditorDocumentWindowTestExtension] Showing window 'Drop.html'.
    (16:15.662) [Visual Studio Host (6956):TextEditorDocumentWindowTestExtension] Showing window 'Drop.html' without activating the window.
    (16:15.722) [Visual Studio Host (6956):TextEditorDocumentWindowTestExtension] Showing window 'Drop.html'.
    (16:15.916) [Visual Studio Host (6956):TextEditorDocumentWindowTestExtension] Showing window 'Drop.html' without activating the window.
    (16:15.976) [Visual Studio Host (6956):TextEditorDocumentWindowTestExtension] Showing window 'Drop.html'.
    (16:16.151) [Visual Studio Host (6956):TextEditorDocumentWindowTestExtension] Showing window 'Drop.html' without activating the window.
    (16:16.220) [Visual Studio Host (6956):TextEditorDocumentWindowTestExtension] Showing window 'Drop.html'.
    (16:16.426) [Visual Studio Host (6956):TextEditorDocumentWindowTestExtension] Showing window 'Drop.html' without activating the window.
    (16:16.497) [Visual Studio Host (6956):TextEditorDocumentWindowTestExtension] Showing window 'Drop.html'.
    (16:16.689) [Visual Studio Host (6956):TextEditorDocumentWindowTestExtension] Showing window 'Drop.html' without activating the window.
    (16:16.834) [Visual Studio Host (6956):TextEditorDocumentWindowTestExtension] Showing window 'Drop.html'.
    (16:17.018) [Visual Studio Host (6956):TextEditorDocumentWindowTestExtension] Showing window 'Drop.html' without activating the window.
    (16:17.089) [Visual Studio Host (6956):TextEditorDocumentWindowTestExtension] Showing window 'Drop.html'.
    (16:17.174) [Visual Studio Host (6956):TextEditorDocumentWindowTestExtension] Showing window 'Drop.html' without activating the window.
    (16:17.234) [Visual Studio Host (6956):TextEditorDocumentWindowTestExtension] Showing window 'Drop.html'.
    (16:17.408) [Visual Studio Host (6956):TextEditorDocumentWindowTestExtension] Showing window 'Drop.html' without activating the window.
    (16:17.460) [Visual Studio Host (6956):TextEditorDocumentWindowTestExtension] Showing window 'Drop.html'.
    (16:17.623) [Visual Studio Host (6956):TextEditorDocumentWindowTestExtension] Showing window 'Drop.html' without activating the window.
    (16:17.683) [Visual Studio Host (6956):TextEditorDocumentWindowTestExtension] Showing window 'Drop.html'.
    (16:17.860) [Visual Studio Host (6956):TextEditorDocumentWindowTestExtension] Showing window 'Drop.html' without activating the window.
    (16:17.910) [Visual Studio Host (6956):TextEditorDocumentWindowTestExtension] Showing window 'Drop.html'.
    (16:18.096) [Visual Studio Host (6956):TextEditorDocumentWindowTestExtension] Showing window 'Drop.html' without activating the window.
    (16:18.148) [Visual Studio Host (6956):TextEditorDocumentWindowTestExtension] Showing window 'Drop.html'.
    (16:18.327) [Visual Studio Host (6956):TextEditorDocumentWindowTestExtension] Showing window 'Drop.html' without activating the window.
    (16:18.381) [Visual Studio Host (6956):TextEditorDocumentWindowTestExtension] Showing window 'Drop.html'.
    (16:18.552) [Visual Studio Host (6956):TextEditorDocumentWindowTestExtension] Showing window 'Drop.html' without activating the window.
    (16:18.617) [Visual Studio Host (6956):TextEditorDocumentWindowTestExtension] Showing window 'Drop.html'.
    (16:18.797) [Visual Studio Host (6956):TextEditorDocumentWindowTestExtension] Showing window 'Drop.html' without activating the window.
    (16:18.857) [Visual Studio Host (6956):TextEditorDocumentWindowTestExtension] Showing window 'Drop.html'.
    (16:19.039) [Visual Studio Host (6956):TextEditorDocumentWindowTestExtension] Showing window 'Drop.html' without activating the window.
    (16:19.103) [Visual Studio Host (6956):TextEditorDocumentWindowTestExtension] Showing window 'Drop.html'.
    (16:19.279) [Visual Studio Host (6956):TextEditorDocumentWindowTestExtension] Showing window 'Drop.html' without activating the window.
    (16:19.335) [Visual Studio Host (6956):TextEditorDocumentWindowTestExtension] Showing window 'Drop.html'.
    (16:19.501) [Visual Studio Host (6956):TextEditorDocumentWindowTestExtension] Showing window 'Drop.html' without activating the window.
    (16:19.557) [Visual Studio Host (6956):TextEditorDocumentWindowTestExtension] Showing window 'Drop.html'.
    (16:19.723) [Visual Studio Host (6956):TextEditorDocumentWindowTestExtension] Showing window 'Drop.html' without activating the window.
    (16:19.781) [Visual Studio Host (6956):TextEditorDocumentWindowTestExtension] Showing window 'Drop.html'.
    (16:19.962) [Visual Studio Host (6956):TextEditorDocumentWindowTestExtension] Showing window 'Drop.html' without activating the window.
    (16:20.011) [Visual Studio Host (6956):TextEditorDocumentWindowTestExtension] Showing window 'Drop.html'.
    (16:20.175) [Visual Studio Host (6956):TextEditorDocumentWindowTestExtension] Showing window 'Drop.html' without activating the window.
    (16:20.231) [Visual Studio Host (6956):TextEditorDocumentWindowTestExtension] Showing window 'Drop.html'.
    (16:20.418) [Visual Studio Host (6956):TextEditorDocumentWindowTestExtension] Showing window 'Drop.html' without activating the window.
    (16:20.472) [Visual Studio Host (6956):TextEditorDocumentWindowTestExtension] Showing window 'Drop.html'.
    (16:20.652) [Visual Studio Host (6956):TextEditorDocumentWindowTestExtension] Showing window 'Drop.html' without activating the window.
    (16:20.707) [Visual Studio Host (6956):TextEditorDocumentWindowTestExtension] Showing window 'Drop.html'.
    (16:20.884) [Visual Studio Host (6956):TextEditorDocumentWindowTestExtension] Showing window 'Drop.html' without activating the window.
    (16:20.953) [Visual Studio Host (6956):TextEditorDocumentWindowTestExtension] Showing window 'Drop.html'.
    (16:21.172) [Visual Studio Host (6956):TextEditorDocumentWindowTestExtension] Showing window 'Drop.html' without activating the window.
    (16:21.250) [Visual Studio Host (6956):TextEditorDocumentWindowTestExtension] Showing window 'Drop.html'.
    (16:21.450) [Visual Studio Host (6956):TextEditorDocumentWindowTestExtension] Showing window 'Drop.html' without activating the window.
    (16:21.524) [Visual Studio Host (6956):TextEditorDocumentWindowTestExtension] Showing window 'Drop.html'.
    (16:21.712) [Visual Studio Host (6956):TextEditorDocumentWindowTestExtension] Showing window 'Drop.html' without activating the window.
    (16:21.770) [Visual Studio Host (6956):TextEditorDocumentWindowTestExtension] Showing window 'Drop.html'.
    (16:21.956) [Visual Studio Host (6956):TextEditorDocumentWindowTestExtension] Showing window 'Drop.html' without activating the window.
    (16:22.013) [Visual Studio Host (6956):TextEditorDocumentWindowTestExtension] Showing window 'Drop.html'.
    (16:22.177) [Visual Studio Host (6956):TextEditorDocumentWindowTestExtension] Showing window 'Drop.html' without activating the window.
    (16:22.229) [Visual Studio Host (6956):TextEditorDocumentWindowTestExtension] Showing window 'Drop.html'.
    Error: (16:22.334) [Platform:Testcase] Test method Microsoft.VisualStudio.Web.Editors.IntegrationTests.Html.DragAndDropTests.VSTest_Html_Drag_Drop_JavascriptFile threw exception. Microsoft.Test.Apex.TimeoutException: Timed out after 00:00:05 waiting for Expected value == [&lt;script src="../misc/Drop/Drop.js"&gt;&lt;/script&gt;]. Last value seen == [&lt;script src="C:\TestBin\IntegrationTests\MS.VS.Web.Editors\webs\misc\Drop\Drop.js"&gt;&lt;/script&gt;]. (expired even with doubled timeout length)
   at Microsoft.VisualStudio.Web.Common.TestAdapter.ParameterizedTests.ReflectionUtilities.InvokeMethod(Object targetObject, MethodInfo method, Object[] methodArguments, String exceptionMessageFormat) in D:\dd\WTE\Main\test\Common\TestAdapter\ParameterizedTests\ReflectionUtilities.cs:line 190
   at Microsoft.VisualStudio.Web.Common.TestAdapter.ParameterizedTests.TestMethodInfo.Invoke(Object testObject, TestExecutionContext context) in D:\dd\WTE\Main\test\Common\TestAdapter\ParameterizedTests\TestMethodInfo.cs:line 64
    + ExternalProcessHostTest TestCleanup
        (16:22.794) [Visual Studio Host (6956):TextEditorDocumentWindowTestExtension] Closing window 'Drop.html'.
        (16:22.991) [Visual Studio Host (6956):MainWindowService] Setting main window state to 'Maximized'.
        (16:23.139) [Visual Studio Host (6956):MainWindowService] Activating main window to bring it to the foreground.
        (16:23.264) [Platform:Microsoft.Test.Apex.Services.ScreenshotService] Took a screenshot for category '' and saved as 'C:\TestBin\IntegrationTests\TestResults\2018_04_16_23_55_50\Failure.jpg'.
        (16:23.336) [Platform:ProcessCaptureService] Capturing screenshots for PID 6956 (devenv)
        Result file 'VSTest_Html_Drag_Drop_JavascriptFile-Failure-devenv.6956.png' added: file:///C:/TestBin/IntegrationTests/TestResults/2018_04_16_23_55_50/VSTest_Html_Drag_Drop_JavascriptFile-Failure-devenv.6956.png
        (16:23.571) [Platform:ProcessCaptureService] Bounding rectangle of HWND 0xF02DA is size (0, 0), which cannot be captured.
        (16:23.633) [Platform:ProcessCaptureService] Bounding rectangle of HWND 0x801AC is size (0, 0), which cannot be captured.
    + Final Test Result Verification
        (16:23.797) [Platform:DelayedAssertionVerifierSink] Verification Success: 0 verification steps failed.
    + ApexTest TestCleanup</StdOut>
        <ErrorInfo>
          <Message>Test method Microsoft.VisualStudio.Web.Editors.IntegrationTests.Html.DragAndDropTests.VSTest_Html_Drag_Drop_JavascriptFile threw exception. Microsoft.Test.Apex.TimeoutException: Timed out after 00:00:05 waiting for Expected value == [&lt;script src="../misc/Drop/Drop.js"&gt;&lt;/script&gt;]. Last value seen == [&lt;script src="C:\TestBin\IntegrationTests\MS.VS.Web.Editors\webs\misc\Drop\Drop.js"&gt;&lt;/script&gt;]. (expired even with doubled timeout length)</Message>
          <StackTrace>   at Microsoft.VisualStudio.Web.Common.TestServices.Utilities.WebUtility.WaitForExtensions.AreEqual[T](Func`1 getActual, T expected, TimeSpan timeout, Action`1 onTimeout) in D:\dd\WTE\Main\test\Common\TestServices\Utilities\WebUtility.cs:line 426
   at Microsoft.VisualStudio.Web.Editors.IntegrationTests.Html.DragAndDropTests.VSTest_Html_Drag_Drop_JavascriptFile() in D:\dd\WTE\Main\test\Editors\IntegrationTests\Html\DragAndDropTests.cs:line 31</StackTrace>
        </ErrorInfo>
      </Output>
      <ResultFiles>
        <ResultFile path="WNVM19648\Fail.azqsczivabnm.png" />
        <ResultFile path="WNVM19648\Fail.ig2gsfz5ad1y.png" />
        <ResultFile path="WNVM19648\Fail.o5zf0zepaw0l.png" />
        <ResultFile path="WNVM19648\Failure.jpg" />
        <ResultFile path="WNVM19648\OmniLog.html" />
        <ResultFile path="WNVM19648\OmniLogRawXml.xml" />
        <ResultFile path="WNVM19648\VSTest_Html_Drag_Drop_JavascriptFile-Failure-devenv.6956.png" />
        <ResultFile path="WNVM19648\VSTest_Parser_PTagTest_Timedout.jpg" />
      </ResultFiles>
    </UnitTestResult>
    <UnitTestResult executionId="57252ebd-d5a5-4e1b-8f38-4fc5011a6b6a" testId="760b0d8c-75ea-bf4c-a45a-c8c53c543d5c" testName="VSTest_Validate_HtmlOpenInvalidFiles" computerName="WNVM19648" duration="00:00:20.9099336" startTime="2018-04-17T00:48:44.1361791-07:00" endTime="2018-04-17T00:49:05.0461127-07:00" testType="13cdc9d9-ddb5-4fa4-a97d-d965ccfc6d4b" outcome="Passed" testListId="8c84fa94-04c1-424b-9868-57a2d4851a1d" relativeResultsDirectory="57252ebd-d5a5-4e1b-8f38-4fc5011a6b6a">
      <Output>
        <StdOut>+ ValidationTests::VSTest_Validate_HtmlOpenInvalidFiles
    + ApexTest TestInitialize
    + ExternalProcessHostTest TestInitialize
        (50:25.906) [Visual Studio Host (9888):RoamingSettingsService] Disabling roaming settings.
        (50:26.088) [Visual Studio Host (9888):SettingsService] Setting Visual Studio option 'Environment\RoamingSettings\RoamingEnabled' to 'False'.
        (50:26.252) [Visual Studio Host (9888):MainWindowService] Activating main window to bring it to the foreground.
        (50:26.383) [Visual Studio Host (9888):MainWindowService] Setting main window state to 'Maximized'.
    (50:26.947) [Visual Studio Host (9888):TextEditorDocumentWindowTestExtension] Showing window 'invalid.htm' without activating the window.
    (50:27.249) [Visual Studio Host (9888):TextEditorDocumentWindowTestExtension] Showing window 'invalid.htm'.
    (50:27.425) [Visual Studio Host (9888):VisualStudioTextEditorTestExtension] Setting keyboard focus to editor 'invalid.htm'.
    (50:27.736) [Visual Studio Host (9888):TextEditorDocumentWindowTestExtension] Showing window 'invalid1.htm' without activating the window.
    (50:27.961) [Visual Studio Host (9888):TextEditorDocumentWindowTestExtension] Showing window 'invalid1.htm'.
    (50:28.159) [Visual Studio Host (9888):VisualStudioTextEditorTestExtension] Setting keyboard focus to editor 'invalid1.htm'.
    (50:28.514) [Visual Studio Host (9888):TextEditorDocumentWindowTestExtension] Showing window 'invalid2.htm' without activating the window.
    (50:28.674) [Visual Studio Host (9888):TextEditorDocumentWindowTestExtension] Showing window 'invalid2.htm'.
    (50:28.816) [Visual Studio Host (9888):VisualStudioTextEditorTestExtension] Setting keyboard focus to editor 'invalid2.htm'.
    (50:28.961) [Visual Studio Host (9888):EditorsResourceStringService] Fetched resource value as regular expression: []
    (50:29.145) [Visual Studio Host (9888):EditorsResourceStringService] Fetched resource value as regular expression: []
    (50:29.321) [Visual Studio Host (9888):EditorsResourceStringService] Fetched resource value as regular expression: []
    (50:29.488) [Visual Studio Host (9888):EditorsResourceStringService] Fetched resource value as regular expression: []
    (50:29.696) [Visual Studio Host (9888):EditorsResourceStringService] Fetched resource value as regular expression: []
    (50:29.903) [Visual Studio Host (9888):EditorsResourceStringService] Fetched resource value as regular expression: []
    (50:30.082) [Visual Studio Host (9888):EditorsResourceStringService] Fetched resource value as regular expression: []
    (50:30.282) [Visual Studio Host (9888):TextEditorDocumentWindowTestExtension] Showing window 'invalid.htm'.
    (50:30.679) [Visual Studio Host (9888):VisualStudioTextEditorTestExtension] Setting keyboard focus to editor 'invalid.htm'.
    (50:30.911) [Visual Studio Host (9888):TextEditorDocumentWindowTestExtension] Showing window 'invalid.htm'.
    (50:31.062) [Visual Studio Host (9888):ToolWindowTestExtension] Showing window 'Error List ...' without activating the window.
    (50:31.360) [Visual Studio Host (9888):ToolWindowTestExtension] Showing window 'Error List ...' without activating the window.
    (50:31.528) [Visual Studio Host (9888):ErrorListService] Showing error list error items.
    (50:31.782) [Visual Studio Host (9888):ToolWindowTestExtension] Showing window 'Error List ...' without activating the window.
    (50:31.990) [Visual Studio Host (9888):ErrorListService] Showing error list message items.
    (50:32.189) [Visual Studio Host (9888):ToolWindowTestExtension] Showing window 'Error List ...' without activating the window.
    (50:32.361) [Visual Studio Host (9888):ErrorListService] Showing error list warning items.
    (50:34.655) [Visual Studio Host (9888):TextEditorDocumentWindowTestExtension] Showing window 'invalid.htm' without activating the window.
    (50:34.824) [Visual Studio Host (9888):TextEditorDocumentWindowTestExtension] Showing window 'invalid.htm'.
    (50:35.007) [Visual Studio Host (9888):TextEditorDocumentWindowTestExtension] Showing window 'invalid1.htm'.
    (50:35.233) [Visual Studio Host (9888):VisualStudioTextEditorTestExtension] Setting keyboard focus to editor 'invalid1.htm'.
    (50:35.402) [Visual Studio Host (9888):TextEditorDocumentWindowTestExtension] Showing window 'invalid1.htm'.
    (50:35.610) [Visual Studio Host (9888):ToolWindowTestExtension] Showing window 'Error List ...' without activating the window.
    (50:35.751) [Visual Studio Host (9888):ToolWindowTestExtension] Showing window 'Error List ...' without activating the window.
    (50:35.912) [Visual Studio Host (9888):ErrorListService] Showing error list error items.
    (50:36.074) [Visual Studio Host (9888):ToolWindowTestExtension] Showing window 'Error List ...' without activating the window.
    (50:36.233) [Visual Studio Host (9888):ErrorListService] Showing error list message items.
    (50:36.378) [Visual Studio Host (9888):ToolWindowTestExtension] Showing window 'Error List ...' without activating the window.
    (50:36.541) [Visual Studio Host (9888):ErrorListService] Showing error list warning items.
    (50:38.823) [Visual Studio Host (9888):TextEditorDocumentWindowTestExtension] Showing window 'invalid1.htm' without activating the window.
    (50:38.957) [Visual Studio Host (9888):TextEditorDocumentWindowTestExtension] Showing window 'invalid1.htm'.
    (50:39.130) [Visual Studio Host (9888):EditorsResourceStringService] Fetched resource value as regular expression: []
    (50:39.294) [Visual Studio Host (9888):EditorsResourceStringService] Fetched resource value as regular expression: []
    (50:39.471) [Visual Studio Host (9888):EditorsResourceStringService] Fetched resource value as regular expression: []
    (50:39.649) [Visual Studio Host (9888):TextEditorDocumentWindowTestExtension] Showing window 'invalid2.htm'.
    (50:39.900) [Visual Studio Host (9888):VisualStudioTextEditorTestExtension] Setting keyboard focus to editor 'invalid2.htm'.
    (50:40.050) [Visual Studio Host (9888):TextEditorDocumentWindowTestExtension] Showing window 'invalid2.htm'.
    (50:40.191) [Visual Studio Host (9888):ToolWindowTestExtension] Showing window 'Error List' without activating the window.
    (50:40.353) [Visual Studio Host (9888):ToolWindowTestExtension] Showing window 'Error List' without activating the window.
    (50:40.545) [Visual Studio Host (9888):ErrorListService] Showing error list error items.
    (50:40.737) [Visual Studio Host (9888):ToolWindowTestExtension] Showing window 'Error List' without activating the window.
    (50:40.913) [Visual Studio Host (9888):ErrorListService] Showing error list message items.
    (50:41.085) [Visual Studio Host (9888):ToolWindowTestExtension] Showing window 'Error List' without activating the window.
    (50:41.260) [Visual Studio Host (9888):ErrorListService] Showing error list warning items.
    (50:43.547) [Visual Studio Host (9888):TextEditorDocumentWindowTestExtension] Showing window 'invalid2.htm' without activating the window.
    (50:43.685) [Visual Studio Host (9888):TextEditorDocumentWindowTestExtension] Showing window 'invalid2.htm'.
    (50:43.821) [Visual Studio Host (9888):TextEditorDocumentWindowTestExtension] Closing window 'invalid2.htm'.
    (50:44.095) [Visual Studio Host (9888):TextEditorDocumentWindowTestExtension] Closing window 'invalid1.htm'.
    (50:44.370) [Visual Studio Host (9888):TextEditorDocumentWindowTestExtension] Closing window 'invalid.htm'.
    + ExternalProcessHostTest TestCleanup
        (50:44.815) [Platform:Testcase] Test 'VSTest_Validate_HtmlOpenInvalidFiles' has 'Passed' outcome. Therefore, Apex will not shut down the 'Visual Studio Host (9888)' with process ID '9888'. A subsequent test scenario will run on the same instance of the host.
    + Final Test Result Verification
        (50:45.316) [Platform:DelayedAssertionVerifierSink] Verification Success: 0 verification steps failed.
    + ApexTest TestCleanup</StdOut>
      </Output>
      <ResultFiles>
        <ResultFile path="WNVM19648\Fail.azqsczivabnm.png" />
        <ResultFile path="WNVM19648\Fail.ig2gsfz5ad1y.png" />
        <ResultFile path="WNVM19648\Fail.o5zf0zepaw0l.png" />
        <ResultFile path="WNVM19648\Fail.z10rn0n5ajdm.png" />
        <ResultFile path="WNVM19648\OmniLog.html" />
        <ResultFile path="WNVM19648\OmniLogRawXml.xml" />
      </ResultFiles>
    </UnitTestResult>
    <UnitTestResult executionId="9048a300-9b78-4d01-abfc-ba4577af3701" testId="489df473-2499-f8a9-7a34-2cd1dc018532" testName="VSTest_RazorV4Cs_FormatDocument_WithMethodParametersOnDifferentLines" computerName="WNVM19648" duration="00:00:04.4184229" startTime="2018-04-17T01:02:48.0316775-07:00" endTime="2018-04-17T01:02:52.4501004-07:00" testType="13cdc9d9-ddb5-4fa4-a97d-d965ccfc6d4b" outcome="Passed" testListId="8c84fa94-04c1-424b-9868-57a2d4851a1d" relativeResultsDirectory="9048a300-9b78-4d01-abfc-ba4577af3701">
      <Output>
        <StdOut>+ CSharpFormattingTests::VSTest_RazorV4Cs_FormatDocument_WithMethodParametersOnDifferentLines
    + ApexTest TestInitialize
    + ExternalProcessHostTest TestInitialize
        (01:04:29.846) [Visual Studio Host (4384):RoamingSettingsService] Disabling roaming settings.
        (01:04:29.966) [Visual Studio Host (4384):SettingsService] Setting Visual Studio option 'Environment\RoamingSettings\RoamingEnabled' to 'False'.
        (01:04:30.312) [Visual Studio Host (4384):TextEditorDocumentWindowTestExtension] Showing window 'FormatDocumentWithMethodParametersOnDifferentLines.cshtml' without activating the window.
        (01:04:30.470) [Visual Studio Host (4384):TextEditorDocumentWindowTestExtension] Showing window 'FormatDocumentWithMethodParametersOnDifferentLines.cshtml'.
        (01:04:30.645) [Visual Studio Host (4384):VisualStudioTextEditorTestExtension] Setting keyboard focus to editor 'FormatDocumentWithMethodParametersOnDifferentLines.cshtml'.
        (01:04:30.776) [Visual Studio Host (4384):MainWindowService] Activating main window to bring it to the foreground.
        (01:04:30.932) [Visual Studio Host (4384):MainWindowService] Setting main window state to 'Maximized'.
    (01:04:31.379) [Visual Studio Host (4384):TextEditorDocumentWindowTestExtension] Showing window 'FormatDocumentWithMethodParametersOnDifferentLines.cshtml' without activating the window.
    (01:04:31.581) [Visual Studio Host (4384):TextEditorDocumentWindowTestExtension] Showing window 'FormatDocumentWithMethodParametersOnDifferentLines.cshtml'.
    + ExternalProcessHostTest TestCleanup
        (01:04:31.962) [Visual Studio Host (4384):TextEditorDocumentWindowTestExtension] Closing window 'FormatDocumentWithMethodParametersOnDifferentLines.cshtml'.
        (01:04:32.229) [Platform:Testcase] Test 'VSTest_RazorV4Cs_FormatDocument_WithMethodParametersOnDifferentLines' has 'Passed' outcome. Therefore, Apex will not shut down the 'Visual Studio Host (4384)' with process ID '4384'. A subsequent test scenario will run on the same instance of the host.
    + Final Test Result Verification
        (01:04:32.770) [Platform:DelayedAssertionVerifierSink] Verification Success: 0 verification steps failed.
    + ApexTest TestCleanup</StdOut>
      </Output>
      <ResultFiles>
        <ResultFile path="WNVM19648\Fail.azqsczivabnm.png" />
        <ResultFile path="WNVM19648\Fail.ig2gsfz5ad1y.png" />
        <ResultFile path="WNVM19648\Fail.o5zf0zepaw0l.png" />
        <ResultFile path="WNVM19648\Fail.raasvsmeanc1.png" />
        <ResultFile path="WNVM19648\Fail.t4yj0fxuatil.png" />
        <ResultFile path="WNVM19648\Fail.z10rn0n5ajdm.png" />
        <ResultFile path="WNVM19648\OmniLog.html" />
        <ResultFile path="WNVM19648\OmniLogRawXml.xml" />
      </ResultFiles>
    </UnitTestResult>
    <UnitTestResult executionId="3789998c-c741-4bbc-a09a-58c4c199472d" testId="ebf01638-988c-48c8-08d3-05a03da5e4cb" testName="VSTest_Validate_RemoveEndScriptValidation" computerName="WNVM19648" duration="00:00:14.1736278" startTime="2018-04-17T00:49:05.0461127-07:00" endTime="2018-04-17T00:49:19.2197405-07:00" testType="13cdc9d9-ddb5-4fa4-a97d-d965ccfc6d4b" outcome="Passed" testListId="8c84fa94-04c1-424b-9868-57a2d4851a1d" relativeResultsDirectory="3789998c-c741-4bbc-a09a-58c4c199472d">
      <Output>
        <StdOut>+ ValidationTests::VSTest_Validate_RemoveEndScriptValidation
    + ApexTest TestInitialize
    + ExternalProcessHostTest TestInitialize
        (50:46.834) [Visual Studio Host (9888):RoamingSettingsService] Disabling roaming settings.
        (50:47.011) [Visual Studio Host (9888):SettingsService] Setting Visual Studio option 'Environment\RoamingSettings\RoamingEnabled' to 'False'.
        (50:47.359) [Visual Studio Host (9888):TextEditorDocumentWindowTestExtension] Showing window 'RemoveEndScript.htm' without activating the window.
        (50:47.547) [Visual Studio Host (9888):TextEditorDocumentWindowTestExtension] Showing window 'RemoveEndScript.htm'.
        (50:47.770) [Visual Studio Host (9888):VisualStudioTextEditorTestExtension] Setting keyboard focus to editor 'RemoveEndScript.htm'.
        (50:47.914) [Visual Studio Host (9888):MainWindowService] Activating main window to bring it to the foreground.
        (50:48.051) [Visual Studio Host (9888):MainWindowService] Setting main window state to 'Maximized'.
    (50:48.364) [Visual Studio Host (9888):EditorsResourceStringService] Fetched resource value as regular expression: []
    (50:48.526) [Visual Studio Host (9888):EditorsResourceStringService] Fetched resource value as regular expression: []
    (50:48.710) [Visual Studio Host (9888):TextEditorDocumentWindowTestExtension] Showing window 'RemoveEndScript.htm' without activating the window.
    (50:48.837) [Visual Studio Host (9888):TextEditorDocumentWindowTestExtension] Showing window 'RemoveEndScript.htm'.
    (50:48.972) [Visual Studio Host (9888):ToolWindowTestExtension] Showing window 'Error List ...' without activating the window.
    (50:49.116) [Visual Studio Host (9888):ToolWindowTestExtension] Showing window 'Error List ...' without activating the window.
    (50:49.287) [Visual Studio Host (9888):ErrorListService] Showing error list error items.
    (50:49.426) [Visual Studio Host (9888):ToolWindowTestExtension] Showing window 'Error List ...' without activating the window.
    (50:49.556) [Visual Studio Host (9888):ErrorListService] Showing error list message items.
    (50:49.684) [Visual Studio Host (9888):ToolWindowTestExtension] Showing window 'Error List ...' without activating the window.
    (50:49.826) [Visual Studio Host (9888):ErrorListService] Showing error list warning items.
    (50:52.043) [Visual Studio Host (9888):TextEditorDocumentWindowTestExtension] Showing window 'RemoveEndScript.htm' without activating the window.
    (50:52.175) [Visual Studio Host (9888):TextEditorDocumentWindowTestExtension] Showing window 'RemoveEndScript.htm'.
    (50:52.349) [Visual Studio Host (9888):TextEditorDocumentWindowTestExtension] Showing window 'RemoveEndScript.htm' without activating the window.
    (50:52.524) [Visual Studio Host (9888):TextEditorDocumentWindowTestExtension] Showing window 'RemoveEndScript.htm'.
    (50:52.667) [Visual Studio Host (9888):VisualStudioCaretTestExtension] Moving the caret from (Ln: 1, Ch: 1) to (Ln: 4, Ch: 17)
    (50:52.811) [Visual Studio Host (9888):TextEditorDocumentWindowTestExtension] Showing window 'RemoveEndScript.htm' without activating the window.
    (50:52.938) [Visual Studio Host (9888):TextEditorDocumentWindowTestExtension] Showing window 'RemoveEndScript.htm'.
    (50:53.071) [Visual Studio Host (9888):VisualStudioTextEditingActions] Inserting text combine CRLF as single return: '\' at the current caret position: '(Ln: 4, Ch: 17)'
    (50:53.220) [Visual Studio Host (9888):TextEditorDocumentWindowTestExtension] Showing window 'RemoveEndScript.htm' without activating the window.
    (50:53.352) [Visual Studio Host (9888):TextEditorDocumentWindowTestExtension] Showing window 'RemoveEndScript.htm'.
    (50:53.502) [Visual Studio Host (9888):ToolWindowTestExtension] Showing window 'Error List ...' without activating the window.
    (50:53.670) [Visual Studio Host (9888):ToolWindowTestExtension] Showing window 'Error List ...' without activating the window.
    (50:53.880) [Visual Studio Host (9888):ErrorListService] Showing error list error items.
    (50:54.025) [Visual Studio Host (9888):ToolWindowTestExtension] Showing window 'Error List ...' without activating the window.
    (50:54.195) [Visual Studio Host (9888):ErrorListService] Showing error list message items.
    (50:54.370) [Visual Studio Host (9888):ToolWindowTestExtension] Showing window 'Error List ...' without activating the window.
    (50:54.493) [Visual Studio Host (9888):ErrorListService] Showing error list warning items.
    (50:58.453) [Visual Studio Host (9888):TextEditorDocumentWindowTestExtension] Showing window 'RemoveEndScript.htm' without activating the window.
    (50:58.582) [Visual Studio Host (9888):TextEditorDocumentWindowTestExtension] Showing window 'RemoveEndScript.htm'.
    + ExternalProcessHostTest TestCleanup
        (50:58.832) [Visual Studio Host (9888):TextEditorDocumentWindowTestExtension] Closing window 'RemoveEndScript.htm'.
        (50:59.109) [Platform:Testcase] Test 'VSTest_Validate_RemoveEndScriptValidation' has 'Passed' outcome. Therefore, Apex will not shut down the 'Visual Studio Host (9888)' with process ID '9888'. A subsequent test scenario will run on the same instance of the host.
    + Final Test Result Verification
        (50:59.598) [Platform:DelayedAssertionVerifierSink] Verification Success: 0 verification steps failed.
    + ApexTest TestCleanup</StdOut>
      </Output>
      <ResultFiles>
        <ResultFile path="WNVM19648\Fail.azqsczivabnm.png" />
        <ResultFile path="WNVM19648\Fail.ig2gsfz5ad1y.png" />
        <ResultFile path="WNVM19648\Fail.o5zf0zepaw0l.png" />
        <ResultFile path="WNVM19648\Fail.z10rn0n5ajdm.png" />
        <ResultFile path="WNVM19648\OmniLog.html" />
        <ResultFile path="WNVM19648\OmniLogRawXml.xml" />
      </ResultFiles>
    </UnitTestResult>
    <UnitTestResult executionId="b97da7f2-c00e-4f71-a171-0b6fa5ccec3e" testId="0c0a597e-f67d-28ad-62bf-200a05ff8279" testName="VSTest_CssCompletion_SelectorNames_Legacy" computerName="WNVM19648" duration="00:00:13.4237275" startTime="2018-04-17T00:29:58.5498853-07:00" endTime="2018-04-17T00:30:11.9736128-07:00" testType="13cdc9d9-ddb5-4fa4-a97d-d965ccfc6d4b" outcome="Passed" testListId="8c84fa94-04c1-424b-9868-57a2d4851a1d" relativeResultsDirectory="b97da7f2-c00e-4f71-a171-0b6fa5ccec3e">
      <Output>
        <StdOut>+ CssCompletionTests::VSTest_CssCompletion_SelectorNames_Legacy
    + ApexTest TestInitialize
    + ExternalProcessHostTest TestInitialize
        (31:40.035) [Visual Studio Host (11564):RoamingSettingsService] Disabling roaming settings.
        (31:40.096) [Visual Studio Host (11564):SettingsService] Setting Visual Studio option 'Environment\RoamingSettings\RoamingEnabled' to 'False'.
        (31:40.521) [Visual Studio Host (11564):TextEditorDocumentWindowTestExtension] Showing window 'legacy.aspx' without activating the window.
        (31:40.617) [Visual Studio Host (11564):TextEditorDocumentWindowTestExtension] Showing window 'legacy.aspx'.
        (31:40.738) [Visual Studio Host (11564):VisualStudioTextEditorTestExtension] Setting keyboard focus to editor 'legacy.aspx'.
        (31:40.806) [Visual Studio Host (11564):MainWindowService] Activating main window to bring it to the foreground.
        (31:40.877) [Visual Studio Host (11564):MainWindowService] Setting main window state to 'Maximized'.
    (31:41.056) [Visual Studio Host (11564):TextEditorDocumentWindowTestExtension] Showing window 'legacy.aspx' without activating the window.
    (31:41.238) [Visual Studio Host (11564):TextEditorDocumentWindowTestExtension] Showing window 'legacy.aspx'.
    (31:41.370) [Visual Studio Host (11564):VisualStudioCaretTestExtension] Moving the caret to 'style' at (Ln: 9, Ch: 6) based on a regular expression.  Expression = "style" [group index '0', match index '1', options 'Singleline, CultureInvariant']
    (31:41.487) [Visual Studio Host (11564):TextEditorDocumentWindowTestExtension] Showing window 'legacy.aspx' without activating the window.
    (31:41.549) [Visual Studio Host (11564):TextEditorDocumentWindowTestExtension] Showing window 'legacy.aspx'.
    (31:41.616) [Visual Studio Host (11564):VisualStudioCaretTestExtension] Moving the caret from (Ln: 9, Ch: 6) down '1' lines
    (31:41.671) [Visual Studio Host (11564):VisualStudioTextEditorTestExtension] Setting keyboard focus to editor 'legacy.aspx'.
    (31:41.729) [Visual Studio Host (11564):TextEditorDocumentWindowTestExtension] Showing window 'legacy.aspx' without activating the window.
    (31:41.801) [Visual Studio Host (11564):TextEditorDocumentWindowTestExtension] Showing window 'legacy.aspx'.
    (31:42.047) [Visual Studio Host (11564):TextEditorDocumentWindowTestExtension] Showing window 'legacy.aspx' without activating the window.
    (31:42.133) [Visual Studio Host (11564):TextEditorDocumentWindowTestExtension] Showing window 'legacy.aspx'.
    (31:42.210) [Visual Studio Host (11564):KeyboardCommands] Sending the Return key 1 times.
    (31:43.542) [Visual Studio Host (11564):TextEditorDocumentWindowTestExtension] Showing window 'legacy.aspx' without activating the window.
    (31:43.630) [Visual Studio Host (11564):TextEditorDocumentWindowTestExtension] Showing window 'legacy.aspx'.
    (31:43.795) [Visual Studio Host (11564):TextEditorDocumentWindowTestExtension] Showing window 'legacy.aspx' without activating the window.
    (31:43.876) [Visual Studio Host (11564):TextEditorDocumentWindowTestExtension] Showing window 'legacy.aspx'.
    (31:43.951) [Visual Studio Host (11564):VisualStudioIntellisenseService] Getting the active completion at position '(Ln: 12, Ch: 12)'.
    (31:44.026) [Visual Studio Host (11564):VisualStudioCompletionListTestExtension] Found completion item with name 
    (31:44.083) [Visual Studio Host (11564):TextEditorDocumentWindowTestExtension] Showing window 'legacy.aspx' without activating the window.
    (31:44.150) [Visual Studio Host (11564):TextEditorDocumentWindowTestExtension] Showing window 'legacy.aspx'.
    (31:44.280) [Visual Studio Host (11564):KeyboardCommands] Sending the Return key 1 times.
    (31:44.359) [Visual Studio Host (11564):TextEditorDocumentWindowTestExtension] Showing window 'legacy.aspx' without activating the window.
    (31:44.434) [Visual Studio Host (11564):TextEditorDocumentWindowTestExtension] Showing window 'legacy.aspx'.
    (31:44.558) [Visual Studio Host (11564):TextEditorDocumentWindowTestExtension] Showing window 'legacy.aspx' without activating the window.
    (31:44.638) [Visual Studio Host (11564):TextEditorDocumentWindowTestExtension] Showing window 'legacy.aspx'.
    (31:44.751) [Visual Studio Host (11564):VisualStudioIntellisenseService] Getting the active completion at position '(Ln: 12, Ch: 17)'.
    (31:44.815) [Visual Studio Host (11564):VisualStudioCompletionListTestExtension] Found completion item with name 
    (31:44.877) [Visual Studio Host (11564):TextEditorDocumentWindowTestExtension] Showing window 'legacy.aspx' without activating the window.
    (31:44.957) [Visual Studio Host (11564):TextEditorDocumentWindowTestExtension] Showing window 'legacy.aspx'.
    (31:45.100) [Visual Studio Host (11564):TextEditorDocumentWindowTestExtension] Showing window 'legacy.aspx' without activating the window.
    (31:45.168) [Visual Studio Host (11564):TextEditorDocumentWindowTestExtension] Showing window 'legacy.aspx'.
    (31:45.358) [Visual Studio Host (11564):TextEditorDocumentWindowTestExtension] Showing window 'legacy.aspx' without activating the window.
    (31:45.432) [Visual Studio Host (11564):TextEditorDocumentWindowTestExtension] Showing window 'legacy.aspx'.
    (31:45.521) [Visual Studio Host (11564):VisualStudioIntellisenseService] Getting the active completion at position '(Ln: 12, Ch: 26)'.
    (31:45.601) [Visual Studio Host (11564):VisualStudioCompletionListTestExtension] Found completion item with name 
    (31:45.678) [Visual Studio Host (11564):TextEditorDocumentWindowTestExtension] Showing window 'legacy.aspx' without activating the window.
    (31:45.752) [Visual Studio Host (11564):TextEditorDocumentWindowTestExtension] Showing window 'legacy.aspx'.
    (31:45.876) [Visual Studio Host (11564):TextEditorDocumentWindowTestExtension] Showing window 'legacy.aspx' without activating the window.
    (31:45.955) [Visual Studio Host (11564):TextEditorDocumentWindowTestExtension] Showing window 'legacy.aspx'.
    (31:46.172) [Visual Studio Host (11564):TextEditorDocumentWindowTestExtension] Showing window 'legacy.aspx' without activating the window.
    (31:46.265) [Visual Studio Host (11564):TextEditorDocumentWindowTestExtension] Showing window 'legacy.aspx'.
    (31:46.390) [Visual Studio Host (11564):VisualStudioIntellisenseService] Getting the active completion at position '(Ln: 12, Ch: 29)'.
    (31:46.479) [Visual Studio Host (11564):VisualStudioCompletionListTestExtension] Found completion item with name 
    (31:46.566) [Visual Studio Host (11564):TextEditorDocumentWindowTestExtension] Showing window 'legacy.aspx' without activating the window.
    (31:46.691) [Visual Studio Host (11564):TextEditorDocumentWindowTestExtension] Showing window 'legacy.aspx'.
    (31:46.906) [Visual Studio Host (11564):TextEditorDocumentWindowTestExtension] Showing window 'legacy.aspx' without activating the window.
    (31:46.998) [Visual Studio Host (11564):TextEditorDocumentWindowTestExtension] Showing window 'legacy.aspx'.
    (31:47.069) [Visual Studio Host (11564):VisualStudioIntellisenseService] Getting the active completion at position '(Ln: 12, Ch: 33)'.
    (31:47.157) [Visual Studio Host (11564):VisualStudioCompletionListTestExtension] Found completion item with name 
    (31:47.215) [Visual Studio Host (11564):TextEditorDocumentWindowTestExtension] Showing window 'legacy.aspx' without activating the window.
    (31:47.280) [Visual Studio Host (11564):TextEditorDocumentWindowTestExtension] Showing window 'legacy.aspx'.
    (31:47.421) [Visual Studio Host (11564):TextEditorDocumentWindowTestExtension] Showing window 'legacy.aspx' without activating the window.
    (31:47.491) [Visual Studio Host (11564):TextEditorDocumentWindowTestExtension] Showing window 'legacy.aspx'.
    (31:47.674) [Visual Studio Host (11564):TextEditorDocumentWindowTestExtension] Showing window 'legacy.aspx' without activating the window.
    (31:47.846) [Visual Studio Host (11564):TextEditorDocumentWindowTestExtension] Showing window 'legacy.aspx'.
    (31:47.953) [Visual Studio Host (11564):VisualStudioIntellisenseService] Getting the active completion at position '(Ln: 12, Ch: 43)'.
    (31:48.028) [Visual Studio Host (11564):VisualStudioCompletionListTestExtension] Found completion item with name 
    (31:48.116) [Visual Studio Host (11564):TextEditorDocumentWindowTestExtension] Showing window 'legacy.aspx' without activating the window.
    (31:48.199) [Visual Studio Host (11564):TextEditorDocumentWindowTestExtension] Showing window 'legacy.aspx'.
    (31:48.326) [Visual Studio Host (11564):TextEditorDocumentWindowTestExtension] Showing window 'legacy.aspx' without activating the window.
    (31:48.410) [Visual Studio Host (11564):TextEditorDocumentWindowTestExtension] Showing window 'legacy.aspx'.
    (31:48.582) [Visual Studio Host (11564):TextEditorDocumentWindowTestExtension] Showing window 'legacy.aspx' without activating the window.
    (31:48.669) [Visual Studio Host (11564):TextEditorDocumentWindowTestExtension] Showing window 'legacy.aspx'.
    (31:48.834) [Visual Studio Host (11564):VisualStudioIntellisenseService] Getting the active completion at position '(Ln: 12, Ch: 54)'.
    (31:48.911) [Visual Studio Host (11564):VisualStudioCompletionListTestExtension] Found completion item with name 
    (31:49.031) [Visual Studio Host (11564):TextEditorDocumentWindowTestExtension] Showing window 'legacy.aspx' without activating the window.
    (31:49.100) [Visual Studio Host (11564):TextEditorDocumentWindowTestExtension] Showing window 'legacy.aspx'.
    (31:49.184) [Visual Studio Host (11564):KeyboardCommands] Sending the Return key 1 times.
    (31:49.277) [Visual Studio Host (11564):TextEditorDocumentWindowTestExtension] Showing window 'legacy.aspx' without activating the window.
    (31:49.377) [Visual Studio Host (11564):TextEditorDocumentWindowTestExtension] Showing window 'legacy.aspx'.
    (31:49.525) [Visual Studio Host (11564):TextEditorDocumentWindowTestExtension] Showing window 'legacy.aspx' without activating the window.
    (31:49.593) [Visual Studio Host (11564):TextEditorDocumentWindowTestExtension] Showing window 'legacy.aspx'.
    (31:49.686) [Visual Studio Host (11564):TextEditorDocumentWindowTestExtension] Showing window 'legacy.aspx' without activating the window.
    (31:49.744) [Visual Studio Host (11564):TextEditorDocumentWindowTestExtension] Showing window 'legacy.aspx'.
    (31:49.826) [Visual Studio Host (11564):KeyboardCommands] Sending the Return key 2 times.
    (31:49.945) [Visual Studio Host (11564):TextEditorDocumentWindowTestExtension] Showing window 'legacy.aspx' without activating the window.
    (31:50.036) [Visual Studio Host (11564):TextEditorDocumentWindowTestExtension] Showing window 'legacy.aspx'.
    (31:50.209) [Visual Studio Host (11564):TextEditorDocumentWindowTestExtension] Showing window 'legacy.aspx' without activating the window.
    (31:50.297) [Visual Studio Host (11564):TextEditorDocumentWindowTestExtension] Showing window 'legacy.aspx'.
    (31:50.494) [Visual Studio Host (11564):TextEditorDocumentWindowTestExtension] Showing window 'legacy.aspx' without activating the window.
    (31:50.591) [Visual Studio Host (11564):TextEditorDocumentWindowTestExtension] Showing window 'legacy.aspx'.
    (31:50.694) [Visual Studio Host (11564):VisualStudioIntellisenseService] Getting the active completion at position '(Ln: 15, Ch: 25)'.
    (31:50.766) [Visual Studio Host (11564):VisualStudioCompletionListTestExtension] Found completion item with name 
    (31:50.844) [Visual Studio Host (11564):TextEditorDocumentWindowTestExtension] Showing window 'legacy.aspx' without activating the window.
    (31:50.927) [Visual Studio Host (11564):TextEditorDocumentWindowTestExtension] Showing window 'legacy.aspx'.
    (31:51.009) [Visual Studio Host (11564):KeyboardCommands] Sending the Return key 1 times.
    (31:51.141) [Visual Studio Host (11564):TextEditorDocumentWindowTestExtension] Showing window 'legacy.aspx' without activating the window.
    (31:51.247) [Visual Studio Host (11564):TextEditorDocumentWindowTestExtension] Showing window 'legacy.aspx'.
    (31:51.349) [Visual Studio Host (11564):VisualStudioCaretTestExtension] Moving the caret from (Ln: 15, Ch: 31) to the end of the line
    (31:51.433) [Visual Studio Host (11564):VisualStudioTextEditorTestExtension] Setting keyboard focus to editor 'legacy.aspx'.
    (31:51.558) [Visual Studio Host (11564):TextEditorDocumentWindowTestExtension] Showing window 'legacy.aspx' without activating the window.
    (31:51.632) [Visual Studio Host (11564):TextEditorDocumentWindowTestExtension] Showing window 'legacy.aspx'.
    (31:51.761) [Visual Studio Host (11564):TextEditorDocumentWindowTestExtension] Showing window 'legacy.aspx' without activating the window.
    (31:51.840) [Visual Studio Host (11564):TextEditorDocumentWindowTestExtension] Showing window 'legacy.aspx'.
    (31:51.918) [Visual Studio Host (11564):KeyboardCommands] Sending the Return key 1 times.
    (31:52.002) [Visual Studio Host (11564):TextEditorDocumentWindowTestExtension] Showing window 'legacy.aspx' without activating the window.
    (31:52.087) [Visual Studio Host (11564):TextEditorDocumentWindowTestExtension] Showing window 'legacy.aspx'.
    + ExternalProcessHostTest TestCleanup
        (31:52.284) [Visual Studio Host (11564):TextEditorDocumentWindowTestExtension] Closing window 'legacy.aspx'.
        (31:52.502) [Platform:Testcase] Test 'VSTest_CssCompletion_SelectorNames_Legacy' has 'Passed' outcome. Therefore, Apex will not shut down the 'Visual Studio Host (11564)' with process ID '11564'. A subsequent test scenario will run on the same instance of the host.
    + Final Test Result Verification
        (31:52.724) [Platform:DelayedAssertionVerifierSink] Verification Success: 0 verification steps failed.
    + ApexTest TestCleanup</StdOut>
      </Output>
      <ResultFiles>
        <ResultFile path="WNVM19648\Fail.azqsczivabnm.png" />
        <ResultFile path="WNVM19648\Fail.ig2gsfz5ad1y.png" />
        <ResultFile path="WNVM19648\Fail.o5zf0zepaw0l.png" />
        <ResultFile path="WNVM19648\OmniLog.html" />
        <ResultFile path="WNVM19648\OmniLogRawXml.xml" />
      </ResultFiles>
    </UnitTestResult>
    <UnitTestResult executionId="d859d79f-ad71-4c0f-89c9-97cceafe0e4c" testId="51ce29e3-6cfa-0f04-2862-3969caa27d53" testName="VSTest_FormatTest8" computerName="WNVM19648" duration="00:00:00.0879982" startTime="2018-04-17T00:31:03.0883372-07:00" endTime="2018-04-17T00:31:03.1763354-07:00" testType="13cdc9d9-ddb5-4fa4-a97d-d965ccfc6d4b" outcome="Failed" testListId="8c84fa94-04c1-424b-9868-57a2d4851a1d" relativeResultsDirectory="d859d79f-ad71-4c0f-89c9-97cceafe0e4c">
      <Output>
        <StdOut>+ FormatTests::VSTest_FormatTest8
    + ApexTest TestInitialize</StdOut>
        <ErrorInfo>
          <Message>Initialization method Microsoft.Test.Apex.ExternalProcessHostTest`2[[Microsoft.Test.Apex.VisualStudio.VisualStudioHostConfiguration, Microsoft.Test.Apex.VisualStudio, Version=15.0.0.0, Culture=neutral, PublicKeyToken=b03f5f7f11d50a3a],[Microsoft.Test.Apex.VisualStudio.VisualStudioHost, Microsoft.Test.Apex.VisualStudio, Version=15.0.0.0, Culture=neutral, PublicKeyToken=b03f5f7f11d50a3a]].TestInitialize threw exception. System.IO.IOException: The process cannot access the file 'C:\school\OmniLog.html' because it is being used by another process.</Message>
          <StackTrace>   at System.IO.__Error.WinIOError(Int32 errorCode, String maybeFullPath)
   at System.IO.FileStream.Init(String path, FileMode mode, FileAccess access, Int32 rights, Boolean useRights, FileShare share, Int32 bufferSize, FileOptions options, SECURITY_ATTRIBUTES secAttrs, String msgPath, Boolean bFromProxy, Boolean useLongPath, Boolean checkHost)
   at System.IO.FileStream..ctor(String path, FileMode mode, FileAccess access)
   at Omni.Logging.Sinks.IncrementalSummarySink.PrepareForWrite() in F:\dd\src\Omni\Log\Omni.Log\Sinks\IncrementalSummarySink.cs:line 169
   at Omni.Logging.Sinks.IncrementalSummarySink.Append(ILogMessage message) in F:\dd\src\Omni\Log\Omni.Log\Sinks\IncrementalSummarySink.cs:line 74
   at Omni.Logging.OmniLog.SendToSinks(LogMessage message) in F:\dd\src\Omni\Log\Omni.Log\OmniLog.cs:line 968
   at Omni.Logging.Log.BeginGroup(String message) in F:\dd\src\Omni\Log\Omni.Log\OmniLog.cs:line 1402
   at Microsoft.Test.Apex.Services.Logging.TestLoggerSinks.OmniLog.OmniLogSink.ActualSink.ScopeEntered(IExecutionScopeHandle scope) in F:\dd\src\omni\Apex\MsTestIntegration\Services\OmniLog\OmniLogSink.cs:line 318
   at Microsoft.Test.Apex.Services.Logging.TestLoggerSinks.OmniLog.OmniLogSink.ScopeEntered(IExecutionScopeHandle scope) in F:\dd\src\omni\Apex\MsTestIntegration\Services\OmniLog\OmniLogSink.cs:line 146
   at Microsoft.Test.Apex.Services.ExecutionScopeService.Enter(TestExecutionPoint testExecutionPoint, String scopeName, Boolean enterVerificationScope, Object context) in F:\dd\src\omni\Apex\Framework\Services\ExecutionScope\ExecutionScopeService.cs:line 228
   at Microsoft.Test.Apex.Services.ExecutionScopeService.Enter(String scopeName, Boolean enterVerificationScope, Object context) in F:\dd\src\omni\Apex\Framework\Services\ExecutionScope\ExecutionScopeService.cs:line 202
   at Microsoft.Test.Apex.Services.ExecutionScopeService.Enter(String scopeName) in F:\dd\src\omni\Apex\Framework\Services\ExecutionScope\ExecutionScopeService.cs:line 80
   at Microsoft.Test.Apex.ApexTest.TestInitialize() in F:\dd\src\omni\Apex\MsTestIntegration\ApexTest.cs:line 423
   at Microsoft.Test.Apex.ExternalProcessHostTest`2.TestInitialize() in F:\dd\src\omni\Apex\MsTestIntegration\ExternalProcessHostTest.cs:line 108</StackTrace>
        </ErrorInfo>
      </Output>
    </UnitTestResult>
    <UnitTestResult executionId="8bdba8c0-2c80-4462-8b90-429ed5a3f376" testId="62a2bcb3-3711-30ca-19bc-12841da97bd4" testName="VSTest_JSON_AutoStructureWithExistingComma" computerName="WNVM19648" duration="00:05:37.3239580" startTime="2018-04-17T00:54:58.6945870-07:00" endTime="2018-04-17T01:00:36.0185450-07:00" testType="13cdc9d9-ddb5-4fa4-a97d-d965ccfc6d4b" outcome="Failed" testListId="8c84fa94-04c1-424b-9868-57a2d4851a1d" relativeResultsDirectory="8bdba8c0-2c80-4462-8b90-429ed5a3f376">
      <Output>
        <StdOut>+ AutoStructureCompletionTests::VSTest_JSON_AutoStructureWithExistingComma
    + ApexTest TestInitialize
    + ExternalProcessHostTest TestInitialize
        (56:42.535) [Platform:VenusHost] Compose Batch: 00:00:02.0937016
        (56:42.910) [Platform:VenusHost] Host Process is being started. Executable = 'C:\Program Files (x86)\Microsoft Visual Studio\Preview\Enterprise\Common7\IDE\devenv.exe'.
        (56:43.066) [Platform:VenusHost] Host Process is started. PID = 8432.
        (56:43.254) [Platform:VenusHost] Host process 'devenv' (id: 8432) is now idle/ready.
        (56:45.910) [Platform:Microsoft.Test.Apex.Hosts.Services.RemoteServiceInitializer] Using remote code injector service 'RemoteCodeInjectorService' for the operation 'ManagedAuto'.
        + Visual Studio Host Creation
            (56:54.738) [Platform:Testcase] Target Executable: 'C:\Program Files (x86)\Microsoft Visual Studio\Preview\Enterprise\Common7\IDE\devenv.exe'.
            (56:54.894) [Platform:Testcase] Process Id: '8432'.
            (56:55.113) [Platform:Testcase] UI Culture: 'English (United States)'.
            (56:55.363) [Platform:Testcase] Build Number: '15.0.27615'.
        (56:55.956) [Visual Studio Host (8432):RoamingSettingsService] Disabling roaming settings.
        (56:56.222) [Visual Studio Host (8432):SettingsService] Setting Visual Studio option 'Environment\RoamingSettings\RoamingEnabled' to 'False'.
        (56:58.331) [Visual Studio Host (8432):SolutionService] Opening solution file 'file:///C:/TestBin/IntegrationTests/MS.VS.Web.Editors/webs/misc.sln' with asynchronous load data available.  WaitForFullyLoadedOnOpen set to 'True'. Apex will wait for all async project loads to complete before proceeding.
            (56:58.566) [Visual Studio Host (8432):SolutionService] Solution load behavior is set to 'Realtime'.
        + Waiting for the solution to fully load.
        (57:14.982) [Visual Studio Host (8432):TextEditorDocumentWindowTestExtension] Showing window 'EmptyWithSchema.json' without activating the window.
        (57:15.352) [Visual Studio Host (8432):TextEditorDocumentWindowTestExtension] Showing window 'EmptyWithSchema.json'.
        (57:18.165) [Visual Studio Host (8432):VisualStudioTextEditorTestExtension] Setting keyboard focus to editor 'EmptyWithSchema.json'.
        (57:18.363) [Visual Studio Host (8432):MainWindowService] Activating main window to bring it to the foreground.
        (57:18.968) [Visual Studio Host (8432):MainWindowService] Setting main window state to 'Maximized'.
    (57:19.858) [Visual Studio Host (8432):TextEditorDocumentWindowTestExtension] Showing window 'EmptyWithSchema.json' without activating the window.
    (57:20.043) [Visual Studio Host (8432):TextEditorDocumentWindowTestExtension] Showing window 'EmptyWithSchema.json'.
    (57:20.404) [Visual Studio Host (8432):VisualStudioCaretTestExtension] Moving the caret to 'schema' at (Ln: 2, Ch: 5) based on a regular expression.  Expression = "schema" [group index '0', match index '1', options 'Singleline, CultureInvariant']
    (57:20.921) [Visual Studio Host (8432):TextEditorDocumentWindowTestExtension] Showing window 'EmptyWithSchema.json' without activating the window.
    (57:21.155) [Visual Studio Host (8432):TextEditorDocumentWindowTestExtension] Showing window 'EmptyWithSchema.json'.
    (57:21.364) [Visual Studio Host (8432):VisualStudioCaretTestExtension] Moving the caret from (Ln: 2, Ch: 5) down '2' lines
    (57:21.544) [Visual Studio Host (8432):VisualStudioTextEditorTestExtension] Setting keyboard focus to editor 'EmptyWithSchema.json'.
    (57:21.806) [Visual Studio Host (8432):TextEditorDocumentWindowTestExtension] Showing window 'EmptyWithSchema.json' without activating the window.
    (57:22.062) [Visual Studio Host (8432):TextEditorDocumentWindowTestExtension] Showing window 'EmptyWithSchema.json'.
    (57:22.837) [Visual Studio Host (8432):TextEditorDocumentWindowTestExtension] Showing window 'EmptyWithSchema.json' without activating the window.
    (57:23.027) [Visual Studio Host (8432):TextEditorDocumentWindowTestExtension] Showing window 'EmptyWithSchema.json'.
    (57:23.219) [Visual Studio Host (8432):VisualStudioIntellisenseService] Getting the active completion at position '(Ln: 4, Ch: 6)'.
    Error: (01:01:55.054) [Platform:Testcase] Test method Microsoft.VisualStudio.Web.Editors.IntegrationTests.JSON.Completion.AutoStructureCompletionTests.VSTest_JSON_AutoStructureWithExistingComma threw exception. System.Runtime.Remoting.RemotingException: Failed to read from an IPC Port: The pipe has been ended.

   at Microsoft.VisualStudio.Web.Common.TestAdapter.ParameterizedTests.ReflectionUtilities.InvokeMethod(Object targetObject, MethodInfo method, Object[] methodArguments, String exceptionMessageFormat) in D:\dd\WTE\Main\test\Common\TestAdapter\ParameterizedTests\ReflectionUtilities.cs:line 190
   at Microsoft.VisualStudio.Web.Common.TestAdapter.ParameterizedTests.TestMethodInfo.Invoke(Object testObject, TestExecutionContext context) in D:\dd\WTE\Main\test\Common\TestAdapter\ParameterizedTests\TestMethodInfo.cs:line 64
    + ExternalProcessHostTest TestCleanup
        (01:01:58.791) [Platform:VenusHost] Compose Batch: 00:00:02.5781362
        (01:01:59.941) [Platform:VenusHost] Host Process is being started. Executable = 'C:\Program Files (x86)\Microsoft Visual Studio\Preview\Enterprise\Common7\IDE\devenv.exe'.
        (01:02:00.128) [Platform:VenusHost] Host Process is started. PID = 7068.
        (01:02:00.284) [Platform:VenusHost] Host process 'devenv' (id: 7068) is now idle/ready.
        (01:02:04.958) [Platform:Microsoft.Test.Apex.Hosts.Services.RemoteServiceInitializer] Using remote code injector service 'RemoteCodeInjectorService' for the operation 'ManagedAuto'.
        + Visual Studio Host Creation
            (01:02:13.009) [Platform:Testcase] Target Executable: 'C:\Program Files (x86)\Microsoft Visual Studio\Preview\Enterprise\Common7\IDE\devenv.exe'.
            (01:02:13.175) [Platform:Testcase] Process Id: '7068'.
            (01:02:13.355) [Platform:Testcase] UI Culture: 'English (United States)'.
            (01:02:13.515) [Platform:Testcase] Build Number: '15.0.27615'.
        (01:02:13.875) [Visual Studio Host (7068):MainWindowService] Setting main window state to 'Maximized'.
        (01:02:14.048) [Visual Studio Host (7068):MainWindowService] Activating main window to bring it to the foreground.
        Warning: (01:02:14.299) [Platform:Microsoft.Test.Apex.Services.ScreenshotService] Exception occured when copying screenshot file from 'C:\TestBin\IntegrationTests\Failure.jpg' to 'C:\TestBin\IntegrationTests\TestResults\2018_04_16_23_55_50\Failure.jpg'.
        Warning: (01:02:14.299) [Platform:Microsoft.Test.Apex.Services.ScreenshotService] System.IO.IOException: The file 'C:\TestBin\IntegrationTests\TestResults\2018_04_16_23_55_50\Failure.jpg' already exists.
   at System.IO.__Error.WinIOError(Int32 errorCode, String maybeFullPath)
   at System.IO.File.InternalCopy(String sourceFileName, String destFileName, Boolean overwrite, Boolean checkHost)
   at System.IO.File.Copy(String sourceFileName, String destFileName, Boolean overwrite)
   at Microsoft.Test.Apex.Services.ScreenshotService.TakeOne(String categoryName, String fileNamePrefix, String repositoryPath) in F:\dd\src\omni\Apex\Framework\Services\Screenshot\ScreenshotService.cs:line 176
        (01:02:14.648) [Platform:ProcessCaptureService] Capturing screenshots for PID 7068 (devenv)
        Result file 'VSTest_JSON_AutoStructureWithExistingComma-Failure-devenv.7068.png' added: file:///C:/TestBin/IntegrationTests/TestResults/2018_04_16_23_55_50/VSTest_JSON_AutoStructureWithExistingComma-Failure-devenv.7068.png
        Result file 'VSTest_JSON_AutoStructureWithExistingComma-Failure-devenv.7068-Dialog1402DA.png' added: file:///C:/TestBin/IntegrationTests/TestResults/2018_04_16_23_55_50/VSTest_JSON_AutoStructureWithExistingComma-Failure-devenv.7068-Dialog1402DA.png
        Result file 'VSTest_JSON_AutoStructureWithExistingComma-Failure-devenv.7068-Dialog9904B6.png' added: file:///C:/TestBin/IntegrationTests/TestResults/2018_04_16_23_55_50/VSTest_JSON_AutoStructureWithExistingComma-Failure-devenv.7068-Dialog9904B6.png
        (01:02:15.334) [Platform:ProcessCaptureService] Bounding rectangle of HWND 0xC04FE is size (0, 0), which cannot be captured.
        (01:02:15.457) [Platform:Microsoft.Test.Apex.Services.ScreenshotService] Took a screenshot for category '' and saved as 'C:\TestBin\IntegrationTests\TestResults\2018_04_16_23_55_50\VSTest_JSON_AutoStructureWithExistingComma_Timedout.jpg'.
        (01:02:15.512) [Platform:ProcessCaptureService] Bounding rectangle of HWND 0x1A03E4 is size (0, 0), which cannot be captured.
    + Final Test Result Verification
        (01:02:16.218) [Platform:DelayedAssertionVerifierSink] Verification Success: 0 verification steps failed.
    + ApexTest TestCleanup</StdOut>
        <ErrorInfo>
          <Message>Test method Microsoft.VisualStudio.Web.Editors.IntegrationTests.JSON.Completion.AutoStructureCompletionTests.VSTest_JSON_AutoStructureWithExistingComma threw exception. System.Runtime.Remoting.RemotingException: Failed to read from an IPC Port: The pipe has been ended.
</Message>
          <StackTrace>
Server stack trace: 
   at System.Runtime.Remoting.Channels.Ipc.IpcPort.Read(Byte[] data, Int32 offset, Int32 length)
   at System.Runtime.Remoting.Channels.Ipc.PipeStream.Read(Byte[] buffer, Int32 offset, Int32 size)
   at System.Runtime.Remoting.Channels.SocketHandler.ReadFromSocket(Byte[] buffer, Int32 offset, Int32 count)
   at System.Runtime.Remoting.Channels.SocketHandler.Read(Byte[] buffer, Int32 offset, Int32 count)
   at System.Runtime.Remoting.Channels.SocketHandler.ReadAndMatchFourBytes(Byte[] buffer)
   at System.Runtime.Remoting.Channels.Tcp.TcpSocketHandler.ReadAndMatchPreamble()
   at System.Runtime.Remoting.Channels.Tcp.TcpSocketHandler.ReadVersionAndOperation(UInt16&amp; operation)
   at System.Runtime.Remoting.Channels.Ipc.IpcClientHandler.ReadHeaders()
   at System.Runtime.Remoting.Channels.Ipc.IpcClientTransportSink.ProcessMessage(IMessage msg, ITransportHeaders requestHeaders, Stream requestStream, ITransportHeaders&amp; responseHeaders, Stream&amp; responseStream)
   at System.Runtime.Remoting.Channels.BinaryClientFormatterSink.SyncProcessMessage(IMessage msg)

Exception rethrown at [0]: 
   at System.Runtime.Remoting.Proxies.RealProxy.HandleReturnMessage(IMessage reqMsg, IMessage retMsg)
   at System.Runtime.Remoting.Proxies.RealProxy.PrivateInvoke(MessageData&amp; msgData, Int32 type)
   at Microsoft.Test.Apex.Editor.ICompletionListTestExtension.get_Item(String itemName)
   at Microsoft.VisualStudio.Web.Common.TestServices.Utilities.WebUtility.Completion.&lt;&gt;c__DisplayClass5_0.&lt;WaitForCompletionEntriesHelper&gt;b__0() in D:\dd\WTE\Main\test\Common\TestServices\Utilities\WebUtility.cs:line 545
   at Omni.Common.WaitFor.TryIsTrue(Func`1 predicate, TimeSpan timeout, Nullable`1 interval) in F:\dd\src\Omni\Common\WaitFor.cs:line 68
   at Microsoft.VisualStudio.Web.Common.TestServices.Utilities.WebUtility.Completion.WaitForCompletionEntriesHelper(IVisualStudioTextEditorTestExtension editor, IEnumerable`1 present, IEnumerable`1 notPresent, Boolean invokeCompletion, Int32 timeout, Boolean caseInsensitive) in D:\dd\WTE\Main\test\Common\TestServices\Utilities\WebUtility.cs:line 514
   at Microsoft.VisualStudio.Web.Common.TestServices.Utilities.WebUtility.Completion.WaitForCompletionEntries(IVisualStudioTextEditorTestExtension editor, IEnumerable`1 present, IEnumerable`1 notPresent, Boolean invokeCompletion, Int32 timeout, Boolean caseInsensitive) in D:\dd\WTE\Main\test\Common\TestServices\Utilities\WebUtility.cs:line 493
   at Microsoft.VisualStudio.Web.Common.TestServices.Utilities.WebUtility.Completion.WaitForCompletionEntries(IVisualStudioTextEditorTestExtension editor, IEnumerable`1 present, IEnumerable`1 notPresent, Int32 timeout, Boolean caseInsensitive) in D:\dd\WTE\Main\test\Common\TestServices\Utilities\WebUtility.cs:line 488
   at Microsoft.VisualStudio.Web.Common.TestServices.Utilities.WebUtility.Completion.WaitForCompletionEntry(IVisualStudioTextEditorTestExtension editor, String entryText, Int32 timeout, Boolean caseInsensitive) in D:\dd\WTE\Main\test\Common\TestServices\Utilities\WebUtility.cs:line 481
   at Microsoft.VisualStudio.Web.Editors.IntegrationTests.JSON.Completion.AutoStructureCompletionTests.VSTest_JSON_AutoStructureWithExistingComma() in D:\dd\WTE\Main\test\Editors\IntegrationTests\JSON\Completion\AutoStructureCompletionTests.cs:line 28</StackTrace>
        </ErrorInfo>
      </Output>
    </UnitTestResult>
    <UnitTestResult executionId="16cdaacb-c435-4e66-b897-f17f2038924e" testId="a8d27714-deb2-d8fa-2dea-ab56590c7489" testName="VSTest_RazorV4Cs_FormatOnPaste_StartingWithContainedLanguageCode" computerName="WNVM19648" duration="00:00:06.4921841" startTime="2018-04-17T01:04:12.7489425-07:00" endTime="2018-04-17T01:04:19.2411266-07:00" testType="13cdc9d9-ddb5-4fa4-a97d-d965ccfc6d4b" outcome="Passed" testListId="8c84fa94-04c1-424b-9868-57a2d4851a1d" relativeResultsDirectory="16cdaacb-c435-4e66-b897-f17f2038924e">
      <Output>
        <StdOut>+ CSharpFormattingTests::VSTest_RazorV4Cs_FormatOnPaste_StartingWithContainedLanguageCode
    + ApexTest TestInitialize
    + ExternalProcessHostTest TestInitialize
        (01:05:54.433) [Visual Studio Host (4384):RoamingSettingsService] Disabling roaming settings.
        (01:05:54.577) [Visual Studio Host (4384):SettingsService] Setting Visual Studio option 'Environment\RoamingSettings\RoamingEnabled' to 'False'.
        (01:05:54.952) [Visual Studio Host (4384):TextEditorDocumentWindowTestExtension] Showing window 'FormatOnPasteStartingWithContainedLanguageCode.cshtml' without activating the window.
        (01:05:55.153) [Visual Studio Host (4384):TextEditorDocumentWindowTestExtension] Showing window 'FormatOnPasteStartingWithContainedLanguageCode.cshtml'.
        (01:05:55.383) [Visual Studio Host (4384):VisualStudioTextEditorTestExtension] Setting keyboard focus to editor 'FormatOnPasteStartingWithContainedLanguageCode.cshtml'.
        (01:05:55.557) [Visual Studio Host (4384):SettingsService] Getting value of Visual Studio Setting 'TextEditor\HTMLX Specific\FormatOnPaste'. 
        (01:05:55.721) [Visual Studio Host (4384):SettingsService] Setting Visual Studio option 'TextEditor\HTMLX Specific\FormatOnPaste' to 'True'.
        (01:05:55.893) [Visual Studio Host (4384):MainWindowService] Activating main window to bring it to the foreground.
        (01:05:56.088) [Visual Studio Host (4384):MainWindowService] Setting main window state to 'Maximized'.
    (01:05:56.708) [Visual Studio Host (4384):TextEditorDocumentWindowTestExtension] Showing window 'FormatOnPasteStartingWithContainedLanguageCode.cshtml' without activating the window.
    (01:05:56.976) [Visual Studio Host (4384):TextEditorDocumentWindowTestExtension] Showing window 'FormatOnPasteStartingWithContainedLanguageCode.cshtml'.
    (01:05:57.231) [Visual Studio Host (4384):VisualStudioCaretTestExtension] Moving the caret from (Ln: 1, Ch: 1) to (Ln: 6, Ch: 1)
    (01:05:57.790) [Visual Studio Host (4384):TextEditorDocumentWindowTestExtension] Showing window 'FormatOnPasteStartingWithContainedLanguageCode.cshtml' without activating the window.
    (01:05:58.014) [Visual Studio Host (4384):TextEditorDocumentWindowTestExtension] Showing window 'FormatOnPasteStartingWithContainedLanguageCode.cshtml'.
    + ExternalProcessHostTest TestCleanup
        (01:05:58.377) [Visual Studio Host (4384):SettingsService] Setting Visual Studio option 'TextEditor\HTMLX Specific\FormatOnPaste' to 'True'.
        (01:05:58.532) [Visual Studio Host (4384):TextEditorDocumentWindowTestExtension] Closing window 'FormatOnPasteStartingWithContainedLanguageCode.cshtml'.
        (01:05:58.832) [Platform:Testcase] Test 'VSTest_RazorV4Cs_FormatOnPaste_StartingWithContainedLanguageCode' has 'Passed' outcome. Therefore, Apex will not shut down the 'Visual Studio Host (4384)' with process ID '4384'. A subsequent test scenario will run on the same instance of the host.
    + Final Test Result Verification
        (01:05:59.434) [Platform:DelayedAssertionVerifierSink] Verification Success: 0 verification steps failed.
    + ApexTest TestCleanup</StdOut>
      </Output>
      <ResultFiles>
        <ResultFile path="WNVM19648\Fail.azqsczivabnm.png" />
        <ResultFile path="WNVM19648\Fail.ig2gsfz5ad1y.png" />
        <ResultFile path="WNVM19648\Fail.o5zf0zepaw0l.png" />
        <ResultFile path="WNVM19648\Fail.raasvsmeanc1.png" />
        <ResultFile path="WNVM19648\Fail.t4yj0fxuatil.png" />
        <ResultFile path="WNVM19648\Fail.z10rn0n5ajdm.png" />
        <ResultFile path="WNVM19648\OmniLog.html" />
        <ResultFile path="WNVM19648\OmniLogRawXml.xml" />
      </ResultFiles>
    </UnitTestResult>
    <UnitTestResult executionId="45bc8291-2f08-419d-b35a-f92bf8a89e09" testId="18f62dd3-99eb-df1d-1360-6ebca421dc3c" testName="VSTest_FormatTest1" computerName="WNVM19648" duration="00:00:02.6843646" startTime="2018-04-17T00:30:55.2065226-07:00" endTime="2018-04-17T00:30:57.8908872-07:00" testType="13cdc9d9-ddb5-4fa4-a97d-d965ccfc6d4b" outcome="Passed" testListId="8c84fa94-04c1-424b-9868-57a2d4851a1d" relativeResultsDirectory="45bc8291-2f08-419d-b35a-f92bf8a89e09">
      <Output>
        <StdOut>+ FormatTests::VSTest_FormatTest1
    + ApexTest TestInitialize
    + ExternalProcessHostTest TestInitialize
        (32:36.552) [Visual Studio Host (11564):RoamingSettingsService] Disabling roaming settings.
        (32:36.602) [Visual Studio Host (11564):SettingsService] Setting Visual Studio option 'Environment\RoamingSettings\RoamingEnabled' to 'False'.
        (32:36.931) [Visual Studio Host (11564):TextEditorDocumentWindowTestExtension] Showing window 'Format1.htm' without activating the window.
        (32:37.050) [Visual Studio Host (11564):TextEditorDocumentWindowTestExtension] Showing window 'Format1.htm'.
        (32:37.146) [Visual Studio Host (11564):VisualStudioTextEditorTestExtension] Setting keyboard focus to editor 'Format1.htm'.
        (32:37.237) [Visual Studio Host (11564):SettingsService] Getting value of Visual Studio Setting 'TextEditor\HTMLX\InsertTabs'. 
        (32:37.320) [Visual Studio Host (11564):SettingsService] Setting Visual Studio option 'TextEditor\HTMLX\InsertTabs' to 'True'.
        (32:37.414) [Visual Studio Host (11564):MainWindowService] Activating main window to bring it to the foreground.
        (32:37.589) [Visual Studio Host (11564):MainWindowService] Setting main window state to 'Maximized'.
    (32:37.836) [Visual Studio Host (11564):TextEditorDocumentWindowTestExtension] Showing window 'Format1.htm' without activating the window.
    (32:37.910) [Visual Studio Host (11564):TextEditorDocumentWindowTestExtension] Showing window 'Format1.htm'.
    + ExternalProcessHostTest TestCleanup
        (32:38.065) [Visual Studio Host (11564):SettingsService] Setting Visual Studio option 'TextEditor\HTMLX\InsertTabs' to 'False'.
        (32:38.186) [Visual Studio Host (11564):TextEditorDocumentWindowTestExtension] Closing window 'Format1.htm'.
        (32:38.456) [Platform:Testcase] Test 'VSTest_FormatTest1' has 'Passed' outcome. Therefore, Apex will not shut down the 'Visual Studio Host (11564)' with process ID '11564'. A subsequent test scenario will run on the same instance of the host.
    + Final Test Result Verification
        (32:38.682) [Platform:DelayedAssertionVerifierSink] Verification Success: 0 verification steps failed.
    + ApexTest TestCleanup</StdOut>
      </Output>
      <ResultFiles>
        <ResultFile path="WNVM19648\Fail.azqsczivabnm.png" />
        <ResultFile path="WNVM19648\Fail.ig2gsfz5ad1y.png" />
        <ResultFile path="WNVM19648\Fail.o5zf0zepaw0l.png" />
        <ResultFile path="WNVM19648\OmniLog.html" />
        <ResultFile path="WNVM19648\OmniLogRawXml.xml" />
      </ResultFiles>
    </UnitTestResult>
    <UnitTestResult executionId="f1b21a5c-4343-49e9-a84f-1fae6b02ccea" testId="4d449bc8-f26b-e66e-2553-ea35f4f7610b" testName="VSTest_Generate_Page_Load_Event_CS" computerName="WNVM19648" duration="00:00:05.3623902" startTime="2018-04-17T01:23:33.6518117-07:00" endTime="2018-04-17T01:23:39.0142019-07:00" testType="13cdc9d9-ddb5-4fa4-a97d-d965ccfc6d4b" outcome="Passed" testListId="8c84fa94-04c1-424b-9868-57a2d4851a1d" relativeResultsDirectory="f1b21a5c-4343-49e9-a84f-1fae6b02ccea">
      <Output>
        <StdOut>+ GenerateEventTests::VSTest_Generate_Page_Load_Event_CS
    + ApexTest TestInitialize
    + ExternalProcessHostTest TestInitialize
        (01:25:15.391) [Visual Studio Host (10528):RoamingSettingsService] Disabling roaming settings.
        (01:25:15.560) [Visual Studio Host (10528):SettingsService] Setting Visual Studio option 'Environment\RoamingSettings\RoamingEnabled' to 'False'.
        (01:25:16.044) [Visual Studio Host (10528):TextEditorDocumentWindowTestExtension] Showing window 'WebFormCS.aspx' without activating the window.
        (01:25:16.330) [Visual Studio Host (10528):TextEditorDocumentWindowTestExtension] Showing window 'WebFormCS.aspx'.
        (01:25:16.497) [Visual Studio Host (10528):VisualStudioTextEditorTestExtension] Setting keyboard focus to editor 'WebFormCS.aspx'.
        (01:25:16.662) [Visual Studio Host (10528):MainWindowService] Activating main window to bring it to the foreground.
        (01:25:16.818) [Visual Studio Host (10528):MainWindowService] Setting main window state to 'Maximized'.
    (01:25:17.739) [Visual Studio Host (10528):TextEditorDocumentWindowTestExtension] Showing window 'WebFormCS.aspx' without activating the window.
    (01:25:17.907) [Visual Studio Host (10528):TextEditorDocumentWindowTestExtension] Showing window 'WebFormCS.aspx'.
    (01:25:18.078) [Visual Studio Host (10528):TextEditorDocumentWindowTestExtension] Showing window 'WebFormCS.aspx' without activating the window.
    (01:25:18.250) [Visual Studio Host (10528):TextEditorDocumentWindowTestExtension] Showing window 'WebFormCS.aspx'.
    + ExternalProcessHostTest TestCleanup
        (01:25:18.615) [Visual Studio Host (10528):TextEditorDocumentWindowTestExtension] Closing window 'WebFormCS.aspx'.
        (01:25:18.899) [Platform:Testcase] Test 'VSTest_Generate_Page_Load_Event_CS' has 'Passed' outcome. Therefore, Apex will not shut down the 'Visual Studio Host (10528)' with process ID '10528'. A subsequent test scenario will run on the same instance of the host.
    + Final Test Result Verification
        (01:25:19.389) [Platform:DelayedAssertionVerifierSink] Verification Success: 0 verification steps failed.
    + ApexTest TestCleanup</StdOut>
      </Output>
      <ResultFiles>
        <ResultFile path="WNVM19648\Fail.aswak04hapa5.png" />
        <ResultFile path="WNVM19648\Fail.azqsczivabnm.png" />
        <ResultFile path="WNVM19648\Fail.byuslv5baqsd.png" />
        <ResultFile path="WNVM19648\Fail.ek4tb3wmalyl.png" />
        <ResultFile path="WNVM19648\Fail.ig2gsfz5ad1y.png" />
        <ResultFile path="WNVM19648\Fail.kxs1ersmaxma.png" />
        <ResultFile path="WNVM19648\Fail.loc0xhl5a2hr.png" />
        <ResultFile path="WNVM19648\Fail.o4kkrjboasbk.png" />
        <ResultFile path="WNVM19648\Fail.o5zf0zepaw0l.png" />
        <ResultFile path="WNVM19648\Fail.raasvsmeanc1.png" />
        <ResultFile path="WNVM19648\Fail.sidku4gxamg4.png" />
        <ResultFile path="WNVM19648\Fail.t4yj0fxuatil.png" />
        <ResultFile path="WNVM19648\Fail.z10rn0n5ajdm.png" />
        <ResultFile path="WNVM19648\OmniLog.html" />
        <ResultFile path="WNVM19648\OmniLogRawXml.xml" />
      </ResultFiles>
    </UnitTestResult>
    <UnitTestResult executionId="a27bbf84-4fd8-4b20-b4d3-fd18fe036e20" testId="5e230123-b724-a4a4-55c8-dfe6a3d1f1ee" testName="VSTest_Razor_Validate_MismatchQuoteValidation" computerName="WNVM19648" startTime="2018-04-17T01:21:33.2691557-07:00" endTime="2018-04-17T01:21:33.2691557-07:00" testType="13cdc9d9-ddb5-4fa4-a97d-d965ccfc6d4b" outcome="NotExecuted" testListId="8c84fa94-04c1-424b-9868-57a2d4851a1d" relativeResultsDirectory="a27bbf84-4fd8-4b20-b4d3-fd18fe036e20">
      <Output>
      </Output>
    </UnitTestResult>
    <UnitTestResult executionId="0f88fe56-eeb6-4c53-b797-c59049d101c4" testId="5f09ca67-7368-5ec5-3872-f0331e31baef" testName="VSTest_Generate_AttrModel_Methods_WAP_Code_InlineVB" computerName="WNVM19648" duration="00:00:05.3758597" startTime="2018-04-17T01:27:54.7171455-07:00" endTime="2018-04-17T01:28:00.0930052-07:00" testType="13cdc9d9-ddb5-4fa4-a97d-d965ccfc6d4b" outcome="Passed" testListId="8c84fa94-04c1-424b-9868-57a2d4851a1d" relativeResultsDirectory="0f88fe56-eeb6-4c53-b797-c59049d101c4">
      <Output>
        <StdOut>+ GenerateDataMethodTests::VSTest_Generate_AttrModel_Methods_WAP_Code_InlineVB
    + ApexTest TestInitialize
    + ExternalProcessHostTest TestInitialize
        (01:29:36.508) [Visual Studio Host (840):RoamingSettingsService] Disabling roaming settings.
        (01:29:36.651) [Visual Studio Host (840):SettingsService] Setting Visual Studio option 'Environment\RoamingSettings\RoamingEnabled' to 'False'.
        (01:29:37.239) [Visual Studio Host (840):TextEditorDocumentWindowTestExtension] Showing window 'CodeInline.aspx' without activating the window.
        (01:29:37.534) [Visual Studio Host (840):TextEditorDocumentWindowTestExtension] Showing window 'CodeInline.aspx'.
        (01:29:37.820) [Visual Studio Host (840):VisualStudioTextEditorTestExtension] Setting keyboard focus to editor 'CodeInline.aspx'.
        (01:29:38.004) [Visual Studio Host (840):MainWindowService] Activating main window to bring it to the foreground.
        (01:29:38.239) [Visual Studio Host (840):MainWindowService] Setting main window state to 'Maximized'.
    (01:29:38.616) [Visual Studio Host (840):TextEditorDocumentWindowTestExtension] Showing window 'CodeInline.aspx' without activating the window.
    (01:29:38.800) [Visual Studio Host (840):TextEditorDocumentWindowTestExtension] Showing window 'CodeInline.aspx'.
    + ExternalProcessHostTest TestCleanup
        (01:29:39.198) [Visual Studio Host (840):TextEditorDocumentWindowTestExtension] Closing window 'CodeInline.aspx'.
        (01:29:39.609) [Platform:Testcase] Test 'VSTest_Generate_AttrModel_Methods_WAP_Code_InlineVB' has 'Passed' outcome. Therefore, Apex will not shut down the 'Visual Studio Host (840)' with process ID '840'. A subsequent test scenario will run on the same instance of the host.
    + Final Test Result Verification
        (01:29:40.182) [Platform:DelayedAssertionVerifierSink] Verification Success: 0 verification steps failed.
    + ApexTest TestCleanup</StdOut>
      </Output>
      <ResultFiles>
        <ResultFile path="WNVM19648\Fail.22wpw0oka5fs.png" />
        <ResultFile path="WNVM19648\Fail.33ju4eduay3u.png" />
        <ResultFile path="WNVM19648\Fail.aswak04hapa5.png" />
        <ResultFile path="WNVM19648\Fail.azqsczivabnm.png" />
        <ResultFile path="WNVM19648\Fail.byuslv5baqsd.png" />
        <ResultFile path="WNVM19648\Fail.ek4tb3wmalyl.png" />
        <ResultFile path="WNVM19648\Fail.ig2gsfz5ad1y.png" />
        <ResultFile path="WNVM19648\Fail.kxs1ersmaxma.png" />
        <ResultFile path="WNVM19648\Fail.loc0xhl5a2hr.png" />
        <ResultFile path="WNVM19648\Fail.o4kkrjboasbk.png" />
        <ResultFile path="WNVM19648\Fail.o5zf0zepaw0l.png" />
        <ResultFile path="WNVM19648\Fail.qbnuydioazjy.png" />
        <ResultFile path="WNVM19648\Fail.raasvsmeanc1.png" />
        <ResultFile path="WNVM19648\Fail.sidku4gxamg4.png" />
        <ResultFile path="WNVM19648\Fail.t4yj0fxuatil.png" />
        <ResultFile path="WNVM19648\Fail.z10rn0n5ajdm.png" />
        <ResultFile path="WNVM19648\OmniLog.html" />
        <ResultFile path="WNVM19648\OmniLogRawXml.xml" />
      </ResultFiles>
    </UnitTestResult>
    <UnitTestResult executionId="eecebafa-3298-42f6-b933-88256290758c" testId="94dfa79d-bef1-a5e7-924d-873262afc59c" testName="VSTest_Completion_Url_TypeInHtml_In_WebSite" computerName="WNVM19648" duration="00:00:13.4325372" startTime="2018-04-17T00:15:33.1783378-07:00" endTime="2018-04-17T00:15:46.6108750-07:00" testType="13cdc9d9-ddb5-4fa4-a97d-d965ccfc6d4b" outcome="Passed" testListId="8c84fa94-04c1-424b-9868-57a2d4851a1d" relativeResultsDirectory="eecebafa-3298-42f6-b933-88256290758c">
      <Output>
        <StdOut>+ CompletionTests::VSTest_Completion_Url_TypeInHtml_In_WebSite
    + ApexTest TestInitialize
    + ExternalProcessHostTest TestInitialize
        (17:14.636) [Visual Studio Host (6956):RoamingSettingsService] Disabling roaming settings.
        (17:14.683) [Visual Studio Host (6956):SettingsService] Setting Visual Studio option 'Environment\RoamingSettings\RoamingEnabled' to 'False'.
        (17:14.909) [Visual Studio Host (6956):TextEditorDocumentWindowTestExtension] Showing window 'default.html' without activating the window.
        (17:14.981) [Visual Studio Host (6956):TextEditorDocumentWindowTestExtension] Showing window 'default.html'.
        (17:15.044) [Visual Studio Host (6956):VisualStudioTextEditorTestExtension] Setting keyboard focus to editor 'default.html'.
        (17:15.102) [Visual Studio Host (6956):MainWindowService] Activating main window to bring it to the foreground.
        (17:15.181) [Visual Studio Host (6956):MainWindowService] Setting main window state to 'Maximized'.
    (17:15.306) [Visual Studio Host (6956):TextEditorDocumentWindowTestExtension] Showing window 'default.html' without activating the window.
    (17:15.377) [Visual Studio Host (6956):TextEditorDocumentWindowTestExtension] Showing window 'default.html'.
    (17:15.462) [Visual Studio Host (6956):VisualStudioCaretTestExtension] Moving the caret to '&lt;body&gt;' at (Ln: 8, Ch: 1) based on a regular expression.  Expression = "&lt;body&gt;" [group index '0', match index '1', options 'Singleline, CultureInvariant']
    (17:15.546) [Visual Studio Host (6956):TextEditorDocumentWindowTestExtension] Showing window 'default.html' without activating the window.
    (17:15.636) [Visual Studio Host (6956):TextEditorDocumentWindowTestExtension] Showing window 'default.html'.
    (17:15.738) [Visual Studio Host (6956):VisualStudioCaretTestExtension] Moving the caret from (Ln: 8, Ch: 1) down '1' lines
    (17:15.791) [Visual Studio Host (6956):VisualStudioTextEditorTestExtension] Setting keyboard focus to editor 'default.html'.
    (17:15.869) [Visual Studio Host (6956):TextEditorDocumentWindowTestExtension] Showing window 'default.html' without activating the window.
    (17:15.921) [Visual Studio Host (6956):TextEditorDocumentWindowTestExtension] Showing window 'default.html'.
    (17:16.035) [Visual Studio Host (6956):TextEditorDocumentWindowTestExtension] Showing window 'default.html' without activating the window.
    (17:16.098) [Visual Studio Host (6956):TextEditorDocumentWindowTestExtension] Showing window 'default.html'.
    (17:16.186) [Visual Studio Host (6956):VisualStudioIntellisenseService] Getting the active completion at position '(Ln: 9, Ch: 6)'.
    (17:16.252) [Visual Studio Host (6956):VisualStudioCompletionListTestExtension] Found completion item with name 
    (17:16.307) [Visual Studio Host (6956):TextEditorDocumentWindowTestExtension] Showing window 'default.html' without activating the window.
    (17:16.360) [Visual Studio Host (6956):TextEditorDocumentWindowTestExtension] Showing window 'default.html'.
    (17:16.549) [Visual Studio Host (6956):TextEditorDocumentWindowTestExtension] Showing window 'default.html' without activating the window.
    (17:16.661) [Visual Studio Host (6956):TextEditorDocumentWindowTestExtension] Showing window 'default.html'.
    (17:16.755) [Visual Studio Host (6956):VisualStudioIntellisenseService] Getting the active completion at position '(Ln: 9, Ch: 10)'.
    (17:16.834) [Visual Studio Host (6956):VisualStudioCompletionListTestExtension] Found completion item with name 
    (17:16.914) [Visual Studio Host (6956):VisualStudioCompletionListTestExtension] Found completion item with name 
    (17:16.972) [Visual Studio Host (6956):VisualStudioCompletionListTestExtension] Found completion item with name 
    (17:17.029) [Visual Studio Host (6956):VisualStudioCompletionListTestExtension] Found completion item with name 
    (17:17.113) [Visual Studio Host (6956):TextEditorDocumentWindowTestExtension] Showing window 'default.html' without activating the window.
    (17:17.171) [Visual Studio Host (6956):TextEditorDocumentWindowTestExtension] Showing window 'default.html'.
    (17:17.327) [Visual Studio Host (6956):TextEditorDocumentWindowTestExtension] Showing window 'default.html' without activating the window.
    (17:17.401) [Visual Studio Host (6956):TextEditorDocumentWindowTestExtension] Showing window 'default.html'.
    (17:17.494) [Visual Studio Host (6956):VisualStudioIntellisenseService] Getting the active completion at position '(Ln: 9, Ch: 18)'.
    (17:17.571) [Visual Studio Host (6956):VisualStudioCompletionListTestExtension] Found completion item with name 
    (17:17.632) [Visual Studio Host (6956):TextEditorDocumentWindowTestExtension] Showing window 'default.html' without activating the window.
    (17:17.690) [Visual Studio Host (6956):TextEditorDocumentWindowTestExtension] Showing window 'default.html'.
    (17:17.758) [Visual Studio Host (6956):KeyboardCommands] Sending the Down key 1 times.
    (17:17.816) [Visual Studio Host (6956):TextEditorDocumentWindowTestExtension] Showing window 'default.html' without activating the window.
    (17:17.870) [Visual Studio Host (6956):TextEditorDocumentWindowTestExtension] Showing window 'default.html'.
    (17:17.921) [Visual Studio Host (6956):KeyboardCommands] Sending the Return key 1 times.
    (17:17.996) [Visual Studio Host (6956):TextEditorDocumentWindowTestExtension] Showing window 'default.html' without activating the window.
    (17:18.061) [Visual Studio Host (6956):TextEditorDocumentWindowTestExtension] Showing window 'default.html'.
    (17:18.148) [Visual Studio Host (6956):VisualStudioIntellisenseService] Getting the active completion at position '(Ln: 9, Ch: 10)'.
    (17:18.206) [Visual Studio Host (6956):VisualStudioCompletionListTestExtension] Found completion item with name 
    (17:18.262) [Visual Studio Host (6956):TextEditorDocumentWindowTestExtension] Showing window 'default.html' without activating the window.
    (17:18.313) [Visual Studio Host (6956):TextEditorDocumentWindowTestExtension] Showing window 'default.html'.
    (17:18.406) [Visual Studio Host (6956):TextEditorDocumentWindowTestExtension] Showing window 'default.html' without activating the window.
    (17:18.505) [Visual Studio Host (6956):TextEditorDocumentWindowTestExtension] Showing window 'default.html'.
    (17:18.617) [Visual Studio Host (6956):VisualStudioIntellisenseService] Getting the active completion at position '(Ln: 9, Ch: 13)'.
    (17:18.665) [Visual Studio Host (6956):VisualStudioCompletionListTestExtension] Found completion item with name 
    (17:18.710) [Visual Studio Host (6956):VisualStudioCompletionListTestExtension] Found completion item with name 
    (17:18.759) [Visual Studio Host (6956):TextEditorDocumentWindowTestExtension] Showing window 'default.html' without activating the window.
    (17:18.809) [Visual Studio Host (6956):TextEditorDocumentWindowTestExtension] Showing window 'default.html'.
    (17:18.966) [Visual Studio Host (6956):TextEditorDocumentWindowTestExtension] Showing window 'default.html' without activating the window.
    (17:19.046) [Visual Studio Host (6956):TextEditorDocumentWindowTestExtension] Showing window 'default.html'.
    (17:19.119) [Visual Studio Host (6956):VisualStudioIntellisenseService] Getting the active completion at position '(Ln: 9, Ch: 16)'.
    (17:19.165) [Visual Studio Host (6956):VisualStudioCompletionListTestExtension] Found completion item with name 
    (17:19.207) [Visual Studio Host (6956):VisualStudioCompletionListTestExtension] Unable to find completion item with name 
    (17:19.253) [Visual Studio Host (6956):TextEditorDocumentWindowTestExtension] Showing window 'default.html' without activating the window.
    (17:19.298) [Visual Studio Host (6956):TextEditorDocumentWindowTestExtension] Showing window 'default.html'.
    (17:19.497) [Visual Studio Host (6956):TextEditorDocumentWindowTestExtension] Showing window 'default.html' without activating the window.
    (17:19.578) [Visual Studio Host (6956):TextEditorDocumentWindowTestExtension] Showing window 'default.html'.
    (17:19.662) [Visual Studio Host (6956):VisualStudioIntellisenseService] Getting the active completion at position '(Ln: 9, Ch: 30)'.
    (17:19.718) [Visual Studio Host (6956):VisualStudioCompletionListTestExtension] Found completion item with name 
    (17:19.772) [Visual Studio Host (6956):TextEditorDocumentWindowTestExtension] Showing window 'default.html' without activating the window.
    (17:19.826) [Visual Studio Host (6956):TextEditorDocumentWindowTestExtension] Showing window 'default.html'.
    (17:19.899) [Visual Studio Host (6956):KeyboardCommands] Sending the Return key 1 times.
    (17:20.060) [Visual Studio Host (6956):TextEditorDocumentWindowTestExtension] Showing window 'default.html' without activating the window.
    (17:20.136) [Visual Studio Host (6956):TextEditorDocumentWindowTestExtension] Showing window 'default.html'.
    (17:20.234) [Visual Studio Host (6956):VisualStudioIntellisenseService] Getting the active completion at position '(Ln: 9, Ch: 35)'.
    (17:20.303) [Visual Studio Host (6956):VisualStudioCompletionListTestExtension] Found completion item with name 
    (17:20.358) [Visual Studio Host (6956):VisualStudioCompletionListTestExtension] Found completion item with name 
    (17:20.419) [Visual Studio Host (6956):VisualStudioCompletionListTestExtension] Found completion item with name 
    (17:20.492) [Visual Studio Host (6956):TextEditorDocumentWindowTestExtension] Showing window 'default.html' without activating the window.
    (17:20.552) [Visual Studio Host (6956):TextEditorDocumentWindowTestExtension] Showing window 'default.html'.
    (17:20.698) [Visual Studio Host (6956):TextEditorDocumentWindowTestExtension] Showing window 'default.html' without activating the window.
    (17:20.747) [Visual Studio Host (6956):TextEditorDocumentWindowTestExtension] Showing window 'default.html'.
    (17:20.828) [Visual Studio Host (6956):VisualStudioIntellisenseService] Getting the active completion at position '(Ln: 9, Ch: 43)'.
    (17:20.888) [Visual Studio Host (6956):VisualStudioCompletionListTestExtension] Found completion item with name 
    (17:20.942) [Visual Studio Host (6956):VisualStudioCompletionListTestExtension] Found completion item with name 
    (17:20.999) [Visual Studio Host (6956):VisualStudioCompletionListTestExtension] Found completion item with name 
    (17:21.063) [Visual Studio Host (6956):TextEditorDocumentWindowTestExtension] Showing window 'default.html' without activating the window.
    (17:21.126) [Visual Studio Host (6956):TextEditorDocumentWindowTestExtension] Showing window 'default.html'.
    (17:21.281) [Visual Studio Host (6956):TextEditorDocumentWindowTestExtension] Showing window 'default.html' without activating the window.
    (17:21.334) [Visual Studio Host (6956):TextEditorDocumentWindowTestExtension] Showing window 'default.html'.
    (17:21.402) [Visual Studio Host (6956):VisualStudioIntellisenseService] Getting the active completion at position '(Ln: 9, Ch: 51)'.
    (17:21.463) [Visual Studio Host (6956):VisualStudioCompletionListTestExtension] Found completion item with name 
    (17:21.513) [Visual Studio Host (6956):VisualStudioCompletionListTestExtension] Found completion item with name 
    (17:21.577) [Visual Studio Host (6956):TextEditorDocumentWindowTestExtension] Showing window 'default.html' without activating the window.
    (17:21.659) [Visual Studio Host (6956):TextEditorDocumentWindowTestExtension] Showing window 'default.html'.
    (17:21.751) [Visual Studio Host (6956):TextEditorDocumentWindowTestExtension] Showing window 'default.html' without activating the window.
    (17:21.814) [Visual Studio Host (6956):TextEditorDocumentWindowTestExtension] Showing window 'default.html'.
    (17:21.881) [Visual Studio Host (6956):KeyboardCommands] Sending the Return key 1 times.
    (17:22.017) [Visual Studio Host (6956):TextEditorDocumentWindowTestExtension] Showing window 'default.html' without activating the window.
    (17:22.090) [Visual Studio Host (6956):TextEditorDocumentWindowTestExtension] Showing window 'default.html'.
    (17:22.169) [Visual Studio Host (6956):VisualStudioIntellisenseService] Getting the active completion at position '(Ln: 9, Ch: 43)'.
    (17:22.240) [Visual Studio Host (6956):VisualStudioCompletionListTestExtension] Found completion item with name 
    (17:22.297) [Visual Studio Host (6956):VisualStudioCompletionListTestExtension] Found completion item with name 
    (17:22.349) [Visual Studio Host (6956):VisualStudioCompletionListTestExtension] Found completion item with name 
    (17:22.414) [Visual Studio Host (6956):TextEditorDocumentWindowTestExtension] Showing window 'default.html' without activating the window.
    (17:22.473) [Visual Studio Host (6956):TextEditorDocumentWindowTestExtension] Showing window 'default.html'.
    (17:22.560) [Visual Studio Host (6956):VisualStudioCaretTestExtension] Moving the caret and selecting from (Ln: 9, Ch: 43) left '1' characters
    (17:22.614) [Visual Studio Host (6956):VisualStudioTextEditorTestExtension] Setting keyboard focus to editor 'default.html'.
    (17:22.705) [Visual Studio Host (6956):TextEditorDocumentWindowTestExtension] Showing window 'default.html' without activating the window.
    (17:22.832) [Visual Studio Host (6956):TextEditorDocumentWindowTestExtension] Showing window 'default.html'.
    (17:22.913) [Visual Studio Host (6956):VisualStudioIntellisenseService] Getting the active completion at position '(Ln: 9, Ch: 42)'.
    (17:22.965) [Visual Studio Host (6956):VisualStudioCompletionListTestExtension] Found completion item with name 
    (17:23.027) [Visual Studio Host (6956):TextEditorDocumentWindowTestExtension] Showing window 'default.html' without activating the window.
    (17:23.093) [Visual Studio Host (6956):TextEditorDocumentWindowTestExtension] Showing window 'default.html'.
    (17:23.147) [Visual Studio Host (6956):VisualStudioIntellisenseService] Getting the active completion at position '(Ln: 9, Ch: 42)'.
    (17:23.201) [Visual Studio Host (6956):TextEditorDocumentWindowTestExtension] Showing window 'default.html' without activating the window.
    (17:23.255) [Visual Studio Host (6956):TextEditorDocumentWindowTestExtension] Showing window 'default.html'.
    (17:23.308) [Visual Studio Host (6956):VisualStudioCaretTestExtension] Moving the caret and selecting from (Ln: 9, Ch: 42) right '1' characters
    (17:23.356) [Visual Studio Host (6956):VisualStudioTextEditorTestExtension] Setting keyboard focus to editor 'default.html'.
    (17:23.433) [Visual Studio Host (6956):TextEditorDocumentWindowTestExtension] Showing window 'default.html' without activating the window.
    (17:23.479) [Visual Studio Host (6956):TextEditorDocumentWindowTestExtension] Showing window 'default.html'.
    (17:23.552) [Visual Studio Host (6956):VisualStudioIntellisenseService] Getting the active completion at position '(Ln: 9, Ch: 43)'.
    (17:23.599) [Visual Studio Host (6956):VisualStudioCompletionListTestExtension] Found completion item with name 
    (17:23.646) [Visual Studio Host (6956):VisualStudioCompletionListTestExtension] Found completion item with name 
    (17:23.694) [Visual Studio Host (6956):TextEditorDocumentWindowTestExtension] Showing window 'default.html' without activating the window.
    (17:23.748) [Visual Studio Host (6956):TextEditorDocumentWindowTestExtension] Showing window 'default.html'.
    (17:23.835) [Visual Studio Host (6956):TextEditorDocumentWindowTestExtension] Showing window 'default.html' without activating the window.
    (17:23.884) [Visual Studio Host (6956):TextEditorDocumentWindowTestExtension] Showing window 'default.html'.
    (17:23.942) [Visual Studio Host (6956):TextEditorDocumentWindowTestExtension] Showing window 'default.html' without activating the window.
    (17:23.989) [Visual Studio Host (6956):TextEditorDocumentWindowTestExtension] Showing window 'default.html'.
    (17:24.043) [Visual Studio Host (6956):VisualStudioCaretTestExtension] Moving the caret to '' at (Ln: 9, Ch: 29) based on a regular expression.  Expression = "../../Completion/Fo()lder1/Folder2/bbb.html" [group index '1', match index '1', options 'Singleline, CultureInvariant']
    (17:24.091) [Visual Studio Host (6956):TextEditorDocumentWindowTestExtension] Showing window 'default.html' without activating the window.
    (17:24.142) [Visual Studio Host (6956):TextEditorDocumentWindowTestExtension] Showing window 'default.html'.
    (17:24.203) [Visual Studio Host (6956):VisualStudioTextEditingActions] Deleting previous '1' characters at the current caret position: '(Ln: 9, Ch: 29)'
    (17:24.262) [Visual Studio Host (6956):TextEditorDocumentWindowTestExtension] Showing window 'default.html' without activating the window.
    (17:24.326) [Visual Studio Host (6956):TextEditorDocumentWindowTestExtension] Showing window 'default.html'.
    (17:24.500) [Visual Studio Host (6956):TextEditorDocumentWindowTestExtension] Showing window 'default.html' without activating the window.
    (17:24.571) [Visual Studio Host (6956):TextEditorDocumentWindowTestExtension] Showing window 'default.html'.
    (17:24.662) [Visual Studio Host (6956):VisualStudioIntellisenseService] Getting the active completion at position '(Ln: 9, Ch: 29)'.
    (17:24.719) [Visual Studio Host (6956):VisualStudioCompletionListTestExtension] Found completion item with name 
    (17:24.773) [Visual Studio Host (6956):TextEditorDocumentWindowTestExtension] Showing window 'default.html' without activating the window.
    (17:24.827) [Visual Studio Host (6956):TextEditorDocumentWindowTestExtension] Showing window 'default.html'.
    (17:24.878) [Visual Studio Host (6956):VisualStudioCaretTestExtension] Moving the caret to '' at (Ln: 9, Ch: 9) based on a regular expression.  Expression = "href=()" [group index '1', match index '1', options 'Singleline, CultureInvariant']
    (17:24.954) [Visual Studio Host (6956):TextEditorDocumentWindowTestExtension] Showing window 'default.html' without activating the window.
    (17:25.015) [Visual Studio Host (6956):TextEditorDocumentWindowTestExtension] Showing window 'default.html'.
    (17:25.085) [Visual Studio Host (6956):VisualStudioTextEditingActions] Deleting to the end of line of the current caret position, position: '(Ln: 9, Ch: 9)', line: '9'
    (17:25.173) [Visual Studio Host (6956):TextEditorDocumentWindowTestExtension] Showing window 'default.html' without activating the window.
    (17:25.236) [Visual Studio Host (6956):TextEditorDocumentWindowTestExtension] Showing window 'default.html'.
    (17:25.376) [Visual Studio Host (6956):TextEditorDocumentWindowTestExtension] Showing window 'default.html' without activating the window.
    (17:25.435) [Visual Studio Host (6956):TextEditorDocumentWindowTestExtension] Showing window 'default.html'.
    (17:25.512) [Visual Studio Host (6956):VisualStudioIntellisenseService] Getting the active completion at position '(Ln: 9, Ch: 10)'.
    (17:25.585) [Visual Studio Host (6956):VisualStudioCompletionListTestExtension] Found completion item with name 
    (17:25.650) [Visual Studio Host (6956):TextEditorDocumentWindowTestExtension] Showing window 'default.html' without activating the window.
    (17:25.720) [Visual Studio Host (6956):TextEditorDocumentWindowTestExtension] Showing window 'default.html'.
    (17:25.797) [Visual Studio Host (6956):KeyboardCommands] Sending the Return key 1 times.
    (17:25.940) [Visual Studio Host (6956):TextEditorDocumentWindowTestExtension] Showing window 'default.html' without activating the window.
    (17:26.047) [Visual Studio Host (6956):TextEditorDocumentWindowTestExtension] Showing window 'default.html'.
    (17:26.128) [Visual Studio Host (6956):VisualStudioIntellisenseService] Getting the active completion at position '(Ln: 9, Ch: 17)'.
    (17:26.187) [Visual Studio Host (6956):VisualStudioCompletionListTestExtension] Found completion item with name 
    (17:26.242) [Visual Studio Host (6956):VisualStudioCompletionListTestExtension] Found completion item with name 
    (17:26.303) [Visual Studio Host (6956):TextEditorDocumentWindowTestExtension] Showing window 'default.html' without activating the window.
    (17:26.355) [Visual Studio Host (6956):TextEditorDocumentWindowTestExtension] Showing window 'default.html'.
    (17:26.462) [Visual Studio Host (6956):TextEditorDocumentWindowTestExtension] Showing window 'default.html' without activating the window.
    (17:26.524) [Visual Studio Host (6956):TextEditorDocumentWindowTestExtension] Showing window 'default.html'.
    (17:26.593) [Visual Studio Host (6956):KeyboardCommands] Sending the Return key 1 times.
    (17:26.675) [Visual Studio Host (6956):TextEditorDocumentWindowTestExtension] Showing window 'default.html' without activating the window.
    (17:26.754) [Visual Studio Host (6956):TextEditorDocumentWindowTestExtension] Showing window 'default.html'.
    (17:26.825) [Visual Studio Host (6956):VisualStudioIntellisenseService] Did not find an active completion session. Please use Verify.IsCompletionListPresent() to make sure that the list is present before requesting the completion session.
    Warning: (17:26.881) [Visual Studio Host (6956):VisualStudioIntellisenseService] No active completion sessions were found for editor 'default.html'.
    + ExternalProcessHostTest TestCleanup
        (17:26.996) [Visual Studio Host (6956):TextEditorDocumentWindowTestExtension] Closing window 'default.html'.
        (17:27.268) [Platform:Testcase] Test 'VSTest_Completion_Url_TypeInHtml_In_WebSite' has 'Passed' outcome. Therefore, Apex will not shut down the 'Visual Studio Host (6956)' with process ID '6956'. A subsequent test scenario will run on the same instance of the host.
    + Final Test Result Verification
        (17:27.461) [Platform:DelayedAssertionVerifierSink] Verification Success: 0 verification steps failed.
    + ApexTest TestCleanup</StdOut>
      </Output>
      <ResultFiles>
        <ResultFile path="WNVM19648\Fail.azqsczivabnm.png" />
        <ResultFile path="WNVM19648\Fail.ig2gsfz5ad1y.png" />
        <ResultFile path="WNVM19648\Fail.o5zf0zepaw0l.png" />
        <ResultFile path="WNVM19648\OmniLog.html" />
        <ResultFile path="WNVM19648\OmniLogRawXml.xml" />
      </ResultFiles>
    </UnitTestResult>
    <UnitTestResult executionId="02dc18d2-529f-44ca-b01e-e1e5910d55c6" testId="b52025be-5679-4292-2a16-6efcef353da1" testName="VSTest_DumpCommentSelectionHtmlResults" computerName="WNVM19648" duration="00:00:21.8364163" startTime="2018-04-17T00:18:31.6723760-07:00" endTime="2018-04-17T00:18:53.5087923-07:00" testType="13cdc9d9-ddb5-4fa4-a97d-d965ccfc6d4b" outcome="Passed" testListId="8c84fa94-04c1-424b-9868-57a2d4851a1d" relativeResultsDirectory="02dc18d2-529f-44ca-b01e-e1e5910d55c6">
      <Output>
        <StdOut>+ CommentSelectionTests::VSTest_DumpCommentSelectionHtmlResults
    + ApexTest TestInitialize
    + ExternalProcessHostTest TestInitialize
        (20:13.038) [Visual Studio Host (6956):RoamingSettingsService] Disabling roaming settings.
        (20:13.083) [Visual Studio Host (6956):SettingsService] Setting Visual Studio option 'Environment\RoamingSettings\RoamingEnabled' to 'False'.
        (20:13.179) [Visual Studio Host (6956):CodeMarkerListenerService] Flushed code marker queue.
        (20:13.608) [Visual Studio Host (6956):TextEditorDocumentWindowTestExtension] Showing window 'CommentSelection.html' without activating the window.
        (20:13.700) [Visual Studio Host (6956):TextEditorDocumentWindowTestExtension] Showing window 'CommentSelection.html'.
        (20:13.767) [Visual Studio Host (6956):VisualStudioTextEditorTestExtension] Setting keyboard focus to editor 'CommentSelection.html'.
        (20:13.824) [Visual Studio Host (6956):CodeMarkerListenerService] Waiting for code marker '7203' in process with time-out of '00:01:00'.
        (20:13.882) [Visual Studio Host (6956):MainWindowService] Activating main window to bring it to the foreground.
        (20:13.962) [Visual Studio Host (6956):MainWindowService] Setting main window state to 'Maximized'.
    (20:16.034) [Visual Studio Host (6956):TextEditorDocumentWindowTestExtension] Showing window 'CommentSelection.html' without activating the window.
    (20:16.092) [Visual Studio Host (6956):TextEditorDocumentWindowTestExtension] Showing window 'CommentSelection.html'.
    (20:16.206) [Visual Studio Host (6956):VisualStudioCaretTestExtension] Moving the caret from (Ln: 1, Ch: 1) to (Ln: 6, Ch: 20)
    (20:16.360) [Visual Studio Host (6956):TextEditorDocumentWindowTestExtension] Showing window 'CommentSelection.html' without activating the window.
    (20:16.431) [Visual Studio Host (6956):TextEditorDocumentWindowTestExtension] Showing window 'CommentSelection.html'.
    (20:16.532) [Visual Studio Host (6956):VisualStudioCaretTestExtension] Moving the caret from (Ln: 6, Ch: 37) to (Ln: 12, Ch: 19)
    (20:16.656) [Visual Studio Host (6956):TextEditorDocumentWindowTestExtension] Showing window 'CommentSelection.html' without activating the window.
    (20:16.751) [Visual Studio Host (6956):TextEditorDocumentWindowTestExtension] Showing window 'CommentSelection.html'.
    (20:16.831) [Visual Studio Host (6956):VisualStudioCaretTestExtension] Moving the caret from (Ln: 12, Ch: 29) to (Ln: 18, Ch: 19)
    (20:17.105) [Visual Studio Host (6956):TextEditorDocumentWindowTestExtension] Showing window 'CommentSelection.html' without activating the window.
    (20:17.181) [Visual Studio Host (6956):TextEditorDocumentWindowTestExtension] Showing window 'CommentSelection.html'.
    (20:17.272) [Visual Studio Host (6956):VisualStudioCaretTestExtension] Moving the caret from (Ln: 18, Ch: 19) to (Ln: 21, Ch: 9)
    (20:17.355) [Visual Studio Host (6956):TextEditorDocumentWindowTestExtension] Showing window 'CommentSelection.html'.
    (20:17.455) [Visual Studio Host (6956):VisualStudioCaretTestExtension] Moving the caret and selecting from (Ln: 21, Ch: 9) down '6' lines
    (20:17.542) [Visual Studio Host (6956):VisualStudioTextEditorTestExtension] Setting keyboard focus to editor 'CommentSelection.html'.
    (20:17.647) [Visual Studio Host (6956):TextEditorDocumentWindowTestExtension] Showing window 'CommentSelection.html'.
    (20:17.742) [Visual Studio Host (6956):VisualStudioCaretTestExtension] Moving the caret and selecting from (Ln: 27, Ch: 9) to the beginning of the line
    (20:17.812) [Visual Studio Host (6956):VisualStudioTextEditorTestExtension] Setting keyboard focus to editor 'CommentSelection.html'.
    (20:17.891) [Visual Studio Host (6956):TextEditorDocumentWindowTestExtension] Showing window 'CommentSelection.html'.
    (20:18.000) [Visual Studio Host (6956):TextEditorDocumentWindowTestExtension] Showing window 'CommentSelection.html'.
    (20:18.063) [Visual Studio Host (6956):TextEditorDocumentWindowTestExtension] Showing window 'CommentSelection.html'.
    (20:18.123) [Visual Studio Host (6956):VisualStudioCaretTestExtension] Moving the caret and selecting from (Ln: 27, Ch: 1) right '17' characters
    (20:18.174) [Visual Studio Host (6956):VisualStudioTextEditorTestExtension] Setting keyboard focus to editor 'CommentSelection.html'.
    (20:18.765) [Visual Studio Host (6956):TextEditorDocumentWindowTestExtension] Showing window 'CommentSelection.html' without activating the window.
    (20:18.848) [Visual Studio Host (6956):TextEditorDocumentWindowTestExtension] Showing window 'CommentSelection.html'.
    (20:18.924) [Visual Studio Host (6956):VisualStudioCaretTestExtension] Moving the caret from (Ln: 27, Ch: 21) to (Ln: 28, Ch: 21)
    (20:19.347) [Visual Studio Host (6956):TextEditorDocumentWindowTestExtension] Showing window 'CommentSelection.html' without activating the window.
    (20:19.397) [Visual Studio Host (6956):TextEditorDocumentWindowTestExtension] Showing window 'CommentSelection.html'.
    (20:19.462) [Visual Studio Host (6956):VisualStudioCaretTestExtension] Moving the caret from (Ln: 28, Ch: 25) to (Ln: 33, Ch: 14)
    (20:19.519) [Visual Studio Host (6956):TextEditorDocumentWindowTestExtension] Showing window 'CommentSelection.html'.
    (20:19.613) [Visual Studio Host (6956):VisualStudioCaretTestExtension] Moving the caret and selecting from (Ln: 33, Ch: 14) right '2' characters
    (20:19.674) [Visual Studio Host (6956):VisualStudioTextEditorTestExtension] Setting keyboard focus to editor 'CommentSelection.html'.
    (20:20.005) [Visual Studio Host (6956):TextEditorDocumentWindowTestExtension] Showing window 'CommentSelection.html' without activating the window.
    (20:20.085) [Visual Studio Host (6956):TextEditorDocumentWindowTestExtension] Showing window 'CommentSelection.html'.
    (20:20.154) [Visual Studio Host (6956):VisualStudioCaretTestExtension] Moving the caret from (Ln: 33, Ch: 23) to (Ln: 36, Ch: 19)
    (20:20.503) [Visual Studio Host (6956):TextEditorDocumentWindowTestExtension] Showing window 'CommentSelection.html' without activating the window.
    (20:20.569) [Visual Studio Host (6956):TextEditorDocumentWindowTestExtension] Showing window 'CommentSelection.html'.
    (20:20.655) [Visual Studio Host (6956):VisualStudioCaretTestExtension] Moving the caret from (Ln: 36, Ch: 23) to (Ln: 38, Ch: 15)
    (20:20.758) [Visual Studio Host (6956):TextEditorDocumentWindowTestExtension] Showing window 'CommentSelection.html' without activating the window.
    (20:20.826) [Visual Studio Host (6956):TextEditorDocumentWindowTestExtension] Showing window 'CommentSelection.html'.
    (20:20.904) [Visual Studio Host (6956):VisualStudioCaretTestExtension] Moving the caret from (Ln: 38, Ch: 15) to (Ln: 42, Ch: 20)
    (20:21.012) [Visual Studio Host (6956):TextEditorDocumentWindowTestExtension] Showing window 'CommentSelection.html' without activating the window.
    (20:21.070) [Visual Studio Host (6956):TextEditorDocumentWindowTestExtension] Showing window 'CommentSelection.html'.
    (20:21.147) [Visual Studio Host (6956):VisualStudioCaretTestExtension] Moving the caret from (Ln: 42, Ch: 20) to (Ln: 43, Ch: 20)
    (20:21.597) [Visual Studio Host (6956):TextEditorDocumentWindowTestExtension] Showing window 'CommentSelection.html' without activating the window.
    (20:21.662) [Visual Studio Host (6956):TextEditorDocumentWindowTestExtension] Showing window 'CommentSelection.html'.
    (20:21.753) [Visual Studio Host (6956):VisualStudioCaretTestExtension] Moving the caret from (Ln: 43, Ch: 24) to (Ln: 44, Ch: 2)
    (20:21.811) [Visual Studio Host (6956):TextEditorDocumentWindowTestExtension] Showing window 'CommentSelection.html'.
    (20:21.896) [Visual Studio Host (6956):VisualStudioCaretTestExtension] Moving the caret and selecting from (Ln: 44, Ch: 2) down '2' lines
    (20:21.962) [Visual Studio Host (6956):VisualStudioTextEditorTestExtension] Setting keyboard focus to editor 'CommentSelection.html'.
    (20:22.044) [Visual Studio Host (6956):TextEditorDocumentWindowTestExtension] Showing window 'CommentSelection.html'.
    (20:22.133) [Visual Studio Host (6956):VisualStudioCaretTestExtension] Moving the caret and selecting from (Ln: 46, Ch: 2) to the beginning of the line
    (20:22.189) [Visual Studio Host (6956):VisualStudioTextEditorTestExtension] Setting keyboard focus to editor 'CommentSelection.html'.
    (20:22.249) [Visual Studio Host (6956):TextEditorDocumentWindowTestExtension] Showing window 'CommentSelection.html'.
    (20:22.586) [Visual Studio Host (6956):TextEditorDocumentWindowTestExtension] Showing window 'CommentSelection.html' without activating the window.
    (20:22.640) [Visual Studio Host (6956):TextEditorDocumentWindowTestExtension] Showing window 'CommentSelection.html'.
    (20:22.723) [Visual Studio Host (6956):VisualStudioCaretTestExtension] Moving the caret from (Ln: 46, Ch: 10) to (Ln: 47, Ch: 5)
    (20:22.839) [Visual Studio Host (6956):TextEditorDocumentWindowTestExtension] Showing window 'CommentSelection.html' without activating the window.
    (20:22.927) [Visual Studio Host (6956):TextEditorDocumentWindowTestExtension] Showing window 'CommentSelection.html'.
    (20:23.239) [Visual Studio Host (6956):TextEditorDocumentWindowTestExtension] Showing window 'CommentSelection.html' without activating the window.
    (20:23.287) [Visual Studio Host (6956):TextEditorDocumentWindowTestExtension] Showing window 'CommentSelection.html'.
    (20:23.349) [Visual Studio Host (6956):VisualStudioCaretTestExtension] Moving the caret from (Ln: 47, Ch: 10) to (Ln: 6, Ch: 20)
    (20:23.401) [Visual Studio Host (6956):TextEditorDocumentWindowTestExtension] Showing window 'CommentSelection.html' without activating the window.
    (20:23.508) [Visual Studio Host (6956):TextEditorDocumentWindowTestExtension] Showing window 'CommentSelection.html' without activating the window.
    (20:23.556) [Visual Studio Host (6956):TextEditorDocumentWindowTestExtension] Showing window 'CommentSelection.html'.
    (20:23.614) [Visual Studio Host (6956):VisualStudioCaretTestExtension] Moving the caret from (Ln: 6, Ch: 18) to (Ln: 12, Ch: 19)
    (20:23.673) [Visual Studio Host (6956):TextEditorDocumentWindowTestExtension] Showing window 'CommentSelection.html' without activating the window.
    (20:23.800) [Visual Studio Host (6956):TextEditorDocumentWindowTestExtension] Showing window 'CommentSelection.html' without activating the window.
    (20:23.861) [Visual Studio Host (6956):TextEditorDocumentWindowTestExtension] Showing window 'CommentSelection.html'.
    (20:23.933) [Visual Studio Host (6956):VisualStudioCaretTestExtension] Moving the caret from (Ln: 12, Ch: 27) to (Ln: 18, Ch: 19)
    (20:24.080) [Visual Studio Host (6956):TextEditorDocumentWindowTestExtension] Showing window 'CommentSelection.html' without activating the window.
    (20:24.197) [Visual Studio Host (6956):TextEditorDocumentWindowTestExtension] Showing window 'CommentSelection.html' without activating the window.
    (20:24.272) [Visual Studio Host (6956):TextEditorDocumentWindowTestExtension] Showing window 'CommentSelection.html'.
    (20:24.335) [Visual Studio Host (6956):VisualStudioCaretTestExtension] Moving the caret from (Ln: 18, Ch: 19) to (Ln: 21, Ch: 9)
    (20:24.394) [Visual Studio Host (6956):TextEditorDocumentWindowTestExtension] Showing window 'CommentSelection.html'.
    (20:24.463) [Visual Studio Host (6956):VisualStudioCaretTestExtension] Moving the caret and selecting from (Ln: 21, Ch: 9) down '6' lines
    (20:24.520) [Visual Studio Host (6956):VisualStudioTextEditorTestExtension] Setting keyboard focus to editor 'CommentSelection.html'.
    (20:24.594) [Visual Studio Host (6956):TextEditorDocumentWindowTestExtension] Showing window 'CommentSelection.html'.
    (20:24.687) [Visual Studio Host (6956):VisualStudioCaretTestExtension] Moving the caret and selecting from (Ln: 27, Ch: 9) to the beginning of the line
    (20:24.736) [Visual Studio Host (6956):VisualStudioTextEditorTestExtension] Setting keyboard focus to editor 'CommentSelection.html'.
    (20:24.810) [Visual Studio Host (6956):TextEditorDocumentWindowTestExtension] Showing window 'CommentSelection.html'.
    (20:24.897) [Visual Studio Host (6956):TextEditorDocumentWindowTestExtension] Showing window 'CommentSelection.html'.
    (20:24.972) [Visual Studio Host (6956):TextEditorDocumentWindowTestExtension] Showing window 'CommentSelection.html'.
    (20:25.067) [Visual Studio Host (6956):VisualStudioCaretTestExtension] Moving the caret and selecting from (Ln: 27, Ch: 1) right '21' characters
    (20:25.125) [Visual Studio Host (6956):VisualStudioTextEditorTestExtension] Setting keyboard focus to editor 'CommentSelection.html'.
    (20:25.306) [Visual Studio Host (6956):TextEditorDocumentWindowTestExtension] Showing window 'CommentSelection.html' without activating the window.
    (20:25.749) [Visual Studio Host (6956):TextEditorDocumentWindowTestExtension] Showing window 'CommentSelection.html' without activating the window.
    (20:25.835) [Visual Studio Host (6956):TextEditorDocumentWindowTestExtension] Showing window 'CommentSelection.html'.
    (20:25.953) [Visual Studio Host (6956):VisualStudioCaretTestExtension] Moving the caret from (Ln: 28, Ch: 1) to (Ln: 28, Ch: 21)
    (20:26.034) [Visual Studio Host (6956):TextEditorDocumentWindowTestExtension] Showing window 'CommentSelection.html' without activating the window.
    (20:26.462) [Visual Studio Host (6956):TextEditorDocumentWindowTestExtension] Showing window 'CommentSelection.html' without activating the window.
    (20:26.545) [Visual Studio Host (6956):TextEditorDocumentWindowTestExtension] Showing window 'CommentSelection.html'.
    (20:26.612) [Visual Studio Host (6956):VisualStudioCaretTestExtension] Moving the caret from (Ln: 28, Ch: 17) to (Ln: 33, Ch: 13)
    (20:26.673) [Visual Studio Host (6956):TextEditorDocumentWindowTestExtension] Showing window 'CommentSelection.html'.
    (20:26.752) [Visual Studio Host (6956):VisualStudioCaretTestExtension] Moving the caret and selecting from (Ln: 33, Ch: 13) right '4' characters
    (20:26.804) [Visual Studio Host (6956):VisualStudioTextEditorTestExtension] Setting keyboard focus to editor 'CommentSelection.html'.
    (20:26.884) [Visual Studio Host (6956):TextEditorDocumentWindowTestExtension] Showing window 'CommentSelection.html' without activating the window.
    (20:27.325) [Visual Studio Host (6956):TextEditorDocumentWindowTestExtension] Showing window 'CommentSelection.html' without activating the window.
    (20:27.395) [Visual Studio Host (6956):TextEditorDocumentWindowTestExtension] Showing window 'CommentSelection.html'.
    (20:27.481) [Visual Studio Host (6956):VisualStudioCaretTestExtension] Moving the caret from (Ln: 33, Ch: 14) to (Ln: 36, Ch: 19)
    (20:27.582) [Visual Studio Host (6956):TextEditorDocumentWindowTestExtension] Showing window 'CommentSelection.html' without activating the window.
    (20:28.023) [Visual Studio Host (6956):TextEditorDocumentWindowTestExtension] Showing window 'CommentSelection.html' without activating the window.
    (20:28.074) [Visual Studio Host (6956):TextEditorDocumentWindowTestExtension] Showing window 'CommentSelection.html'.
    (20:28.132) [Visual Studio Host (6956):VisualStudioCaretTestExtension] Moving the caret from (Ln: 36, Ch: 15) to (Ln: 38, Ch: 15)
    (20:28.197) [Visual Studio Host (6956):TextEditorDocumentWindowTestExtension] Showing window 'CommentSelection.html' without activating the window.
    (20:28.298) [Visual Studio Host (6956):TextEditorDocumentWindowTestExtension] Showing window 'CommentSelection.html' without activating the window.
    (20:28.363) [Visual Studio Host (6956):TextEditorDocumentWindowTestExtension] Showing window 'CommentSelection.html'.
    (20:28.442) [Visual Studio Host (6956):VisualStudioCaretTestExtension] Moving the caret from (Ln: 38, Ch: 15) to (Ln: 42, Ch: 14)
    (20:28.522) [Visual Studio Host (6956):TextEditorDocumentWindowTestExtension] Showing window 'CommentSelection.html' without activating the window.
    (20:28.957) [Visual Studio Host (6956):TextEditorDocumentWindowTestExtension] Showing window 'CommentSelection.html' without activating the window.
    (20:29.078) [Visual Studio Host (6956):TextEditorDocumentWindowTestExtension] Showing window 'CommentSelection.html'.
    (20:29.146) [Visual Studio Host (6956):VisualStudioCaretTestExtension] Moving the caret from (Ln: 42, Ch: 10) to (Ln: 43, Ch: 14)
    (20:29.213) [Visual Studio Host (6956):TextEditorDocumentWindowTestExtension] Showing window 'CommentSelection.html' without activating the window.
    (20:29.539) [Visual Studio Host (6956):TextEditorDocumentWindowTestExtension] Showing window 'CommentSelection.html' without activating the window.
    (20:29.627) [Visual Studio Host (6956):TextEditorDocumentWindowTestExtension] Showing window 'CommentSelection.html'.
    (20:29.705) [Visual Studio Host (6956):VisualStudioCaretTestExtension] Moving the caret from (Ln: 43, Ch: 10) to (Ln: 45, Ch: 2)
    (20:29.771) [Visual Studio Host (6956):TextEditorDocumentWindowTestExtension] Showing window 'CommentSelection.html'.
    (20:29.836) [Visual Studio Host (6956):VisualStudioCaretTestExtension] Moving the caret and selecting from (Ln: 45, Ch: 2) left '1' characters
    (20:29.889) [Visual Studio Host (6956):VisualStudioTextEditorTestExtension] Setting keyboard focus to editor 'CommentSelection.html'.
    (20:29.943) [Visual Studio Host (6956):TextEditorDocumentWindowTestExtension] Showing window 'CommentSelection.html' without activating the window.
    (20:30.049) [Visual Studio Host (6956):TextEditorDocumentWindowTestExtension] Showing window 'CommentSelection.html' without activating the window.
    (20:30.099) [Visual Studio Host (6956):TextEditorDocumentWindowTestExtension] Showing window 'CommentSelection.html'.
    (20:30.190) [Visual Studio Host (6956):VisualStudioCaretTestExtension] Moving the caret from (Ln: 45, Ch: 1) to (Ln: 47, Ch: 6)
    (20:30.291) [Visual Studio Host (6956):TextEditorDocumentWindowTestExtension] Showing window 'CommentSelection.html' without activating the window.
    (20:30.394) [Visual Studio Host (6956):TextEditorDocumentWindowTestExtension] Showing window 'CommentSelection.html' without activating the window.
    (20:30.496) [Visual Studio Host (6956):TextEditorDocumentWindowTestExtension] Showing window 'CommentSelection.html'.
    (20:30.694) [Visual Studio Host (6956):TextEditorDocumentWindowTestExtension] Showing window 'CommentSelection.html' without activating the window.
    (20:30.757) [Visual Studio Host (6956):TextEditorDocumentWindowTestExtension] Showing window 'CommentSelection.html'.
    (20:30.831) [Visual Studio Host (6956):VisualStudioCaretTestExtension] Moving the caret from (Ln: 47, Ch: 5) to (Ln: 3, Ch: 21)
    (20:30.902) [Visual Studio Host (6956):TextEditorDocumentWindowTestExtension] Showing window 'CommentSelection.html'.
    (20:30.974) [Visual Studio Host (6956):VisualStudioCaretTestExtension] Moving the caret and selecting from (Ln: 3, Ch: 21) down '9' lines
    (20:31.037) [Visual Studio Host (6956):VisualStudioTextEditorTestExtension] Setting keyboard focus to editor 'CommentSelection.html'.
    (20:31.172) [Visual Studio Host (6956):TextEditorDocumentWindowTestExtension] Showing window 'CommentSelection.html'.
    (20:31.262) [Visual Studio Host (6956):VisualStudioCaretTestExtension] Moving the caret and selecting from (Ln: 12, Ch: 21) to the beginning of the line
    (20:31.334) [Visual Studio Host (6956):VisualStudioTextEditorTestExtension] Setting keyboard focus to editor 'CommentSelection.html'.
    (20:31.404) [Visual Studio Host (6956):TextEditorDocumentWindowTestExtension] Showing window 'CommentSelection.html'.
    (20:31.535) [Visual Studio Host (6956):TextEditorDocumentWindowTestExtension] Showing window 'CommentSelection.html'.
    (20:31.625) [Visual Studio Host (6956):TextEditorDocumentWindowTestExtension] Showing window 'CommentSelection.html'.
    (20:31.718) [Visual Studio Host (6956):VisualStudioCaretTestExtension] Moving the caret and selecting from (Ln: 12, Ch: 17) right '7' characters
    (20:31.809) [Visual Studio Host (6956):VisualStudioTextEditorTestExtension] Setting keyboard focus to editor 'CommentSelection.html'.
    (20:31.980) [Visual Studio Host (6956):TextEditorDocumentWindowTestExtension] Showing window 'CommentSelection.html' without activating the window.
    (20:32.052) [Visual Studio Host (6956):TextEditorDocumentWindowTestExtension] Showing window 'CommentSelection.html'.
    (20:32.310) [Visual Studio Host (6956):TextEditorDocumentWindowTestExtension] Showing window 'CommentSelection.html' without activating the window.
    (20:32.403) [Visual Studio Host (6956):TextEditorDocumentWindowTestExtension] Showing window 'CommentSelection.html'.
    (20:32.498) [Visual Studio Host (6956):VisualStudioCaretTestExtension] Moving the caret from (Ln: 12, Ch: 27) to (Ln: 3, Ch: 21)
    (20:32.582) [Visual Studio Host (6956):TextEditorDocumentWindowTestExtension] Showing window 'CommentSelection.html'.
    (20:32.669) [Visual Studio Host (6956):VisualStudioCaretTestExtension] Moving the caret and selecting from (Ln: 3, Ch: 21) down '9' lines
    (20:32.741) [Visual Studio Host (6956):VisualStudioTextEditorTestExtension] Setting keyboard focus to editor 'CommentSelection.html'.
    (20:32.871) [Visual Studio Host (6956):TextEditorDocumentWindowTestExtension] Showing window 'CommentSelection.html'.
    (20:32.962) [Visual Studio Host (6956):VisualStudioCaretTestExtension] Moving the caret and selecting from (Ln: 12, Ch: 21) to the beginning of the line
    (20:33.014) [Visual Studio Host (6956):VisualStudioTextEditorTestExtension] Setting keyboard focus to editor 'CommentSelection.html'.
    (20:33.069) [Visual Studio Host (6956):TextEditorDocumentWindowTestExtension] Showing window 'CommentSelection.html'.
    (20:33.133) [Visual Studio Host (6956):TextEditorDocumentWindowTestExtension] Showing window 'CommentSelection.html'.
    (20:33.218) [Visual Studio Host (6956):TextEditorDocumentWindowTestExtension] Showing window 'CommentSelection.html'.
    (20:33.299) [Visual Studio Host (6956):VisualStudioCaretTestExtension] Moving the caret and selecting from (Ln: 12, Ch: 17) right '10' characters
    (20:33.367) [Visual Studio Host (6956):VisualStudioTextEditorTestExtension] Setting keyboard focus to editor 'CommentSelection.html'.
    (20:33.508) [Visual Studio Host (6956):TextEditorDocumentWindowTestExtension] Showing window 'CommentSelection.html' without activating the window.
    (20:33.617) [Visual Studio Host (6956):TextEditorDocumentWindowTestExtension] Showing window 'CommentSelection.html' without activating the window.
    (20:33.682) [Visual Studio Host (6956):TextEditorDocumentWindowTestExtension] Showing window 'CommentSelection.html'.
    + ExternalProcessHostTest TestCleanup
        (20:33.945) [Visual Studio Host (6956):TextEditorDocumentWindowTestExtension] Closing window 'CommentSelection.html'.
        (20:34.154) [Platform:Testcase] Test 'VSTest_DumpCommentSelectionHtmlResults' has 'Passed' outcome. Therefore, Apex will not shut down the 'Visual Studio Host (6956)' with process ID '6956'. A subsequent test scenario will run on the same instance of the host.
    + Final Test Result Verification
        (20:34.334) [Platform:DelayedAssertionVerifierSink] Verification Success: 0 verification steps failed.
    + ApexTest TestCleanup</StdOut>
      </Output>
      <ResultFiles>
        <ResultFile path="WNVM19648\Fail.azqsczivabnm.png" />
        <ResultFile path="WNVM19648\Fail.ig2gsfz5ad1y.png" />
        <ResultFile path="WNVM19648\Fail.o5zf0zepaw0l.png" />
        <ResultFile path="WNVM19648\OmniLog.html" />
        <ResultFile path="WNVM19648\OmniLogRawXml.xml" />
      </ResultFiles>
    </UnitTestResult>
    <UnitTestResult executionId="ba0f2d9f-bac1-42e5-aa44-8478e4b61f5f" testId="5eaae7c7-8d0a-d2dc-b775-26c1248f3252" testName="VSTest_HitBreakpointAndEditInCSHtml" computerName="WNVM19648" duration="00:02:13.2291668" startTime="2018-04-17T01:29:39.9016675-07:00" endTime="2018-04-17T01:31:53.1308343-07:00" testType="13cdc9d9-ddb5-4fa4-a97d-d965ccfc6d4b" outcome="Failed" testListId="8c84fa94-04c1-424b-9868-57a2d4851a1d" relativeResultsDirectory="ba0f2d9f-bac1-42e5-aa44-8478e4b61f5f">
      <Output>
        <StdOut>+ DebugTestsV4Project::VSTest_HitBreakpointAndEditInCSHtml
    + ApexTest TestInitialize
    + ExternalProcessHostTest TestInitialize
        (01:31:21.748) [Visual Studio Host (840):RoamingSettingsService] Disabling roaming settings.
        (01:31:21.922) [Visual Studio Host (840):SettingsService] Setting Visual Studio option 'Environment\RoamingSettings\RoamingEnabled' to 'False'.
        (01:31:22.174) [Visual Studio Host (840):SolutionService] Closing solution 'misc'.
        (01:31:23.947) [Visual Studio Host (840):SolutionService] Opening solution file 'file:///C:/TestBin/IntegrationTests/MS.VS.Web.Editors/webs/RazorV4.sln' with asynchronous load data available.  WaitForFullyLoadedOnOpen set to 'True'. Apex will wait for all async project loads to complete before proceeding.
            (01:31:24.351) [Visual Studio Host (840):SolutionService] Solution load behavior is set to 'Realtime'.
        + Waiting for the solution to fully load.
        (01:31:28.921) [Visual Studio Host (840):TextEditorDocumentWindowTestExtension] Showing window 'Index.cshtml' without activating the window.
        (01:31:29.440) [Visual Studio Host (840):TextEditorDocumentWindowTestExtension] Showing window 'Index.cshtml'.
        (01:31:29.936) [Visual Studio Host (840):VisualStudioTextEditorTestExtension] Setting keyboard focus to editor 'Index.cshtml'.
        (01:31:30.350) [Visual Studio Host (840):MainWindowService] Activating main window to bring it to the foreground.
        (01:31:30.748) [Visual Studio Host (840):MainWindowService] Setting main window state to 'Maximized'.
    (01:31:31.900) [Visual Studio Host (840):TextEditorDocumentWindowTestExtension] Showing window 'Index.cshtml' without activating the window.
    (01:31:32.213) [Visual Studio Host (840):TextEditorDocumentWindowTestExtension] Showing window 'Index.cshtml'.
    (01:31:32.579) [Visual Studio Host (840):SolutionService] Setting project 'RazorV4' as the startup project for solution 'RazorV4'.
    (01:31:32.909) [Visual Studio Host (840):TextEditorDocumentWindowTestExtension] Showing window 'Index.cshtml' without activating the window.
    (01:31:33.162) [Visual Studio Host (840):TextEditorDocumentWindowTestExtension] Showing window 'Index.cshtml'.
    (01:31:33.446) [Visual Studio Host (840):DebuggerService] Adding breakpoint to 'C:\TestBin\IntegrationTests\MS.VS.Web.Editors\webs\RazorV4\Views\Home\Index.cshtml' at line '2'
    + Debugger action: Start.
        (01:31:34.183) [Visual Studio Host (840):DebuggerService] Current debugger state is: [Debugger State: Not debugging] before starting debugger.
        (01:31:34.416) [Visual Studio Host (840):DebuggerService] Now starting debugger.
        (01:31:36.748) [Visual Studio Host (840):DebuggerService] Start monitoring debugger events.
        (01:31:51.985) [Visual Studio Host (840):DebuggerService] Debugger failed to enter an expected mode 'dbgRunMode' within 15 seconds. Actual mode: 'dbgDesignMode'.
        (01:31:53.012) [Visual Studio Host (840):DebuggerService] Debugger failed to enter 'Run' mode before time-out of '00:00:15'.
        (01:31:53.182) [Visual Studio Host (840):DebuggerService] Waiting for Debugger Process Count &gt; 0
        (01:32:23.536) [Visual Studio Host (840):DebuggerService] Debugger failed to list any debugged processes before time-out of '00:00:30'.
    + Waiting for breakpoint in file 'file:///C:/TestBin/IntegrationTests/MS.VS.Web.Editors/webs/RazorV4/Views/Home/Index.cshtml', line 2 to hit within 60 seconds...
        (01:33:11.288) [Platform:Microsoft.Test.Apex.Services.ScreenshotService] Took a screenshot for category '' and saved as 'C:\TestBin\IntegrationTests\TestResults\2018_04_16_23_55_50\VSTest_Generate_AttrModel_Methods_WAP_Code_Behind_CS_Timedout.jpg'.
        Error: (01:33:11.632) [Platform:Testcase] Test method Microsoft.VisualStudio.Web.Editors.IntegrationTests.Razor.Debug.DebugTestsV4Project.VSTest_HitBreakpointAndEditInCSHtml threw exception. System.Runtime.Remoting.RemotingException: Failed to read from an IPC Port: The pipe has been ended.

   at Microsoft.VisualStudio.Web.Common.TestAdapter.ParameterizedTests.ReflectionUtilities.InvokeMethod(Object targetObject, MethodInfo method, Object[] methodArguments, String exceptionMessageFormat) in D:\dd\WTE\Main\test\Common\TestAdapter\ParameterizedTests\ReflectionUtilities.cs:line 190
   at Microsoft.VisualStudio.Web.Common.TestAdapter.ParameterizedTests.TestMethodInfo.Invoke(Object testObject, TestExecutionContext context) in D:\dd\WTE\Main\test\Common\TestAdapter\ParameterizedTests\TestMethodInfo.cs:line 64
        + ExternalProcessHostTest TestCleanup
            (01:33:14.709) [Platform:VenusHost] Compose Batch: 00:00:02.1093161
            (01:33:16.784) [Platform:VenusHost] Host Process is being started. Executable = 'C:\Program Files (x86)\Microsoft Visual Studio\Preview\Enterprise\Common7\IDE\devenv.exe'.
            (01:33:16.988) [Platform:VenusHost] Host Process is started. PID = 11640.
            (01:33:17.159) [Platform:VenusHost] Host process 'devenv' (id: 11640) is now idle/ready.
            (01:33:20.987) [Platform:Microsoft.Test.Apex.Hosts.Services.RemoteServiceInitializer] Using remote code injector service 'RemoteCodeInjectorService' for the operation 'ManagedAuto'.
            + Visual Studio Host Creation
                (01:33:30.159) [Platform:Testcase] Target Executable: 'C:\Program Files (x86)\Microsoft Visual Studio\Preview\Enterprise\Common7\IDE\devenv.exe'.
                (01:33:30.346) [Platform:Testcase] Process Id: '11640'.
                (01:33:30.534) [Platform:Testcase] UI Culture: 'English (United States)'.
                (01:33:30.721) [Platform:Testcase] Build Number: '15.0.27615'.
            (01:33:31.096) [Visual Studio Host (11640):MainWindowService] Setting main window state to 'Maximized'.
            (01:33:31.346) [Visual Studio Host (11640):MainWindowService] Activating main window to bring it to the foreground.
            Warning: (01:33:31.612) [Platform:Microsoft.Test.Apex.Services.ScreenshotService] Exception occured when copying screenshot file from 'C:\TestBin\IntegrationTests\Failure.jpg' to 'C:\TestBin\IntegrationTests\TestResults\2018_04_16_23_55_50\Failure.jpg'.
            Warning: (01:33:31.612) [Platform:Microsoft.Test.Apex.Services.ScreenshotService] System.IO.IOException: The file 'C:\TestBin\IntegrationTests\TestResults\2018_04_16_23_55_50\Failure.jpg' already exists.
   at System.IO.__Error.WinIOError(Int32 errorCode, String maybeFullPath)
   at System.IO.File.InternalCopy(String sourceFileName, String destFileName, Boolean overwrite, Boolean checkHost)
   at System.IO.File.Copy(String sourceFileName, String destFileName, Boolean overwrite)
   at Microsoft.Test.Apex.Services.ScreenshotService.TakeOne(String categoryName, String fileNamePrefix, String repositoryPath) in F:\dd\src\omni\Apex\Framework\Services\Screenshot\ScreenshotService.cs:line 176
            (01:33:32.034) [Platform:ProcessCaptureService] Capturing screenshots for PID 11640 (devenv)
            Result file 'VSTest_HitBreakpointAndEditInCSHtml-Failure-devenv.11640.png' added: file:///C:/TestBin/IntegrationTests/TestResults/2018_04_16_23_55_50/VSTest_HitBreakpointAndEditInCSHtml-Failure-devenv.11640.png
            (01:33:32.534) [Platform:ProcessCaptureService] Bounding rectangle of HWND 0x2404FC is size (0, 0), which cannot be captured.
            (01:33:32.706) [Platform:ProcessCaptureService] Bounding rectangle of HWND 0x150482 is size (0, 0), which cannot be captured.
    + Final Test Result Verification
        (01:33:33.409) [Platform:DelayedAssertionVerifierSink] Verification Success: 0 verification steps failed.
    + ApexTest TestCleanup</StdOut>
        <ErrorInfo>
          <Message>Test method Microsoft.VisualStudio.Web.Editors.IntegrationTests.Razor.Debug.DebugTestsV4Project.VSTest_HitBreakpointAndEditInCSHtml threw exception. System.Runtime.Remoting.RemotingException: Failed to read from an IPC Port: The pipe has been ended.
</Message>
          <StackTrace>
Server stack trace: 
   at System.Runtime.Remoting.Channels.Ipc.IpcPort.Read(Byte[] data, Int32 offset, Int32 length)
   at System.Runtime.Remoting.Channels.Ipc.PipeStream.Read(Byte[] buffer, Int32 offset, Int32 size)
   at System.Runtime.Remoting.Channels.SocketHandler.ReadFromSocket(Byte[] buffer, Int32 offset, Int32 count)
   at System.Runtime.Remoting.Channels.SocketHandler.Read(Byte[] buffer, Int32 offset, Int32 count)
   at System.Runtime.Remoting.Channels.SocketHandler.ReadAndMatchFourBytes(Byte[] buffer)
   at System.Runtime.Remoting.Channels.Tcp.TcpSocketHandler.ReadAndMatchPreamble()
   at System.Runtime.Remoting.Channels.Tcp.TcpSocketHandler.ReadVersionAndOperation(UInt16&amp; operation)
   at System.Runtime.Remoting.Channels.Ipc.IpcClientHandler.ReadHeaders()
   at System.Runtime.Remoting.Channels.Ipc.IpcClientTransportSink.ProcessMessage(IMessage msg, ITransportHeaders requestHeaders, Stream requestStream, ITransportHeaders&amp; responseHeaders, Stream&amp; responseStream)
   at System.Runtime.Remoting.Channels.BinaryClientFormatterSink.SyncProcessMessage(IMessage msg)

Exception rethrown at [0]: 
   at System.Runtime.Remoting.Proxies.RealProxy.HandleReturnMessage(IMessage reqMsg, IMessage retMsg)
   at System.Runtime.Remoting.Proxies.RealProxy.PrivateInvoke(MessageData&amp; msgData, Int32 type)
   at Microsoft.Test.Apex.VisualStudio.Debugger.BreakPointVerifier.IsHitWithinTimeout(TimeSpan timeOut)
   at Microsoft.VisualStudio.Web.Editors.IntegrationTests.Razor.Debug.DebugTestsV4Project.VSTest_HitBreakpointAndEditInCSHtml() in D:\dd\WTE\Main\test\Editors\IntegrationTests\Razor\Debug\DebugTestsV4Project.cs:line 38</StackTrace>
        </ErrorInfo>
      </Output>
      <ResultFiles>
        <ResultFile path="WNVM19648\Fail.22wpw0oka5fs.png" />
        <ResultFile path="WNVM19648\Fail.33ju4eduay3u.png" />
        <ResultFile path="WNVM19648\Fail.3poblbx4alvv.png" />
        <ResultFile path="WNVM19648\Fail.ashpv3rjajjr.png" />
        <ResultFile path="WNVM19648\Fail.aswak04hapa5.png" />
        <ResultFile path="WNVM19648\Fail.azqsczivabnm.png" />
        <ResultFile path="WNVM19648\Fail.byuslv5baqsd.png" />
        <ResultFile path="WNVM19648\Fail.ek4tb3wmalyl.png" />
        <ResultFile path="WNVM19648\Fail.ig2gsfz5ad1y.png" />
        <ResultFile path="WNVM19648\Fail.kxs1ersmaxma.png" />
        <ResultFile path="WNVM19648\Fail.loc0xhl5a2hr.png" />
        <ResultFile path="WNVM19648\Fail.o4kkrjboasbk.png" />
        <ResultFile path="WNVM19648\Fail.o5zf0zepaw0l.png" />
        <ResultFile path="WNVM19648\Fail.qbnuydioazjy.png" />
        <ResultFile path="WNVM19648\Fail.raasvsmeanc1.png" />
        <ResultFile path="WNVM19648\Fail.sidku4gxamg4.png" />
        <ResultFile path="WNVM19648\Fail.swwzdfhraz25.png" />
        <ResultFile path="WNVM19648\Fail.t4yj0fxuatil.png" />
        <ResultFile path="WNVM19648\Fail.vjqtiv2zaclz.png" />
        <ResultFile path="WNVM19648\Fail.z10rn0n5ajdm.png" />
        <ResultFile path="WNVM19648\Failure.jpg" />
        <ResultFile path="WNVM19648\Failure[1].jpg" />
        <ResultFile path="WNVM19648\OmniLog.html" />
        <ResultFile path="WNVM19648\OmniLogRawXml.xml" />
        <ResultFile path="WNVM19648\VSTest_Generate_AttrModel_Methods_WAP_Code_Behind_CS_Timedout.jpg" />
        <ResultFile path="WNVM19648\VSTest_Generate_AttrModel_Methods_WAP_Code_Behind_CS_Timedout[1].jpg" />
        <ResultFile path="WNVM19648\VSTest_HitBreakpointAndEditInCSHtml-Failure-devenv.11640.png" />
        <ResultFile path="WNVM19648\VSTest_Html_Drag_Drop_JavascriptFile_Timedout.jpg" />
        <ResultFile path="WNVM19648\VSTest_Html_Drag_Drop_JavascriptFile_Timedout[1].jpg" />
        <ResultFile path="WNVM19648\VSTest_JSON_AutoStructureWithExistingComma_Timedout.jpg" />
        <ResultFile path="WNVM19648\VSTest_JSON_AutoStructureWithExistingComma_Timedout[1].jpg" />
        <ResultFile path="WNVM19648\VSTest_Parser_PTagTest_Timedout.jpg" />
        <ResultFile path="WNVM19648\VSTest_Parser_PTagTest_Timedout[1].jpg" />
        <ResultFile path="WNVM19648\VSTest_Razor_TagHelpers_OptOut_Timedout.jpg" />
        <ResultFile path="WNVM19648\VSTest_Razor_TagHelpers_OptOut_Timedout[1].jpg" />
        <ResultFile path="WNVM19648\VSTest_Razor_TagHelpers_Update_CS_File_And_Build_Timedout.jpg" />
        <ResultFile path="WNVM19648\VSTest_Razor_TagHelpers_Update_CS_File_And_Build_Timedout[1].jpg" />
        <ResultFile path="WNVM19648\VSTest_SmartIndentInJSInRazorV4_Timedout.jpg" />
        <ResultFile path="WNVM19648\VSTest_SmartIndentInJSInRazorV4_Timedout[1].jpg" />
      </ResultFiles>
    </UnitTestResult>
    <UnitTestResult executionId="025d497f-6f28-42ab-bc76-500b6f346b7b" testId="8e048a5b-fe20-99f9-623c-e0f74add902a" testName="VSTest_SmartIndentInCSharpInRazor" computerName="WNVM19648" duration="00:00:05.0790074" startTime="2018-04-17T00:24:20.1915849-07:00" endTime="2018-04-17T00:24:25.2705923-07:00" testType="13cdc9d9-ddb5-4fa4-a97d-d965ccfc6d4b" outcome="Passed" testListId="8c84fa94-04c1-424b-9868-57a2d4851a1d" relativeResultsDirectory="025d497f-6f28-42ab-bc76-500b6f346b7b">
      <Output>
        <StdOut>+ SmartIndentTests::VSTest_SmartIndentInCSharpInRazor
    + ApexTest TestInitialize
    + ExternalProcessHostTest TestInitialize
        (26:03.248) [Visual Studio Host (11564):RoamingSettingsService] Disabling roaming settings.
        (26:03.536) [Visual Studio Host (11564):SettingsService] Setting Visual Studio option 'Environment\RoamingSettings\RoamingEnabled' to 'False'.
        (26:04.098) [Visual Studio Host (11564):TextEditorDocumentWindowTestExtension] Showing window 'SmartIndentInCSharpRazor.cshtml' without activating the window.
        (26:04.247) [Visual Studio Host (11564):TextEditorDocumentWindowTestExtension] Showing window 'SmartIndentInCSharpRazor.cshtml'.
        (26:04.309) [Visual Studio Host (11564):VisualStudioTextEditorTestExtension] Setting keyboard focus to editor 'SmartIndentInCSharpRazor.cshtml'.
        (26:04.360) [Visual Studio Host (11564):MainWindowService] Activating main window to bring it to the foreground.
        (26:04.433) [Visual Studio Host (11564):MainWindowService] Setting main window state to 'Maximized'.
    (26:04.568) [Visual Studio Host (11564):TextEditorDocumentWindowTestExtension] Showing window 'SmartIndentInCSharpRazor.cshtml' without activating the window.
    (26:04.638) [Visual Studio Host (11564):TextEditorDocumentWindowTestExtension] Showing window 'SmartIndentInCSharpRazor.cshtml'.
    (26:04.743) [Visual Studio Host (11564):TextEditorDocumentWindowTestExtension] Showing window 'SmartIndentInCSharpRazor.cshtml' without activating the window.
    (26:04.793) [Visual Studio Host (11564):TextEditorDocumentWindowTestExtension] Showing window 'SmartIndentInCSharpRazor.cshtml' without activating the window.
    (26:04.853) [Visual Studio Host (11564):TextEditorDocumentWindowTestExtension] Showing window 'SmartIndentInCSharpRazor.cshtml'.
    (26:04.917) [Visual Studio Host (11564):VisualStudioCaretTestExtension] Moving the caret from (Ln: 1, Ch: 1) to (Ln: 9, Ch: 1)
    (26:04.989) [Visual Studio Host (11564):TextEditorDocumentWindowTestExtension] Showing window 'SmartIndentInCSharpRazor.cshtml'.
    (26:05.058) [Visual Studio Host (11564):VisualStudioCaretTestExtension] Moving the caret from (Ln: 9, Ch: 1) to the end of the line
    (26:05.104) [Visual Studio Host (11564):VisualStudioTextEditorTestExtension] Setting keyboard focus to editor 'SmartIndentInCSharpRazor.cshtml'.
    (26:05.257) [Visual Studio Host (11564):TextEditorDocumentWindowTestExtension] Showing window 'SmartIndentInCSharpRazor.cshtml' without activating the window.
    (26:05.334) [Visual Studio Host (11564):TextEditorDocumentWindowTestExtension] Showing window 'SmartIndentInCSharpRazor.cshtml'.
    (26:05.435) [Visual Studio Host (11564):TextEditorDocumentWindowTestExtension] Showing window 'SmartIndentInCSharpRazor.cshtml' without activating the window.
    (26:05.513) [Visual Studio Host (11564):TextEditorDocumentWindowTestExtension] Showing window 'SmartIndentInCSharpRazor.cshtml'.
    + ExternalProcessHostTest TestCleanup
        (26:05.669) [Visual Studio Host (11564):TextEditorDocumentWindowTestExtension] Closing window 'SmartIndentInCSharpRazor.cshtml'.
        (26:05.899) [Platform:Testcase] Test 'VSTest_SmartIndentInCSharpInRazor' has 'Passed' outcome. Therefore, Apex will not shut down the 'Visual Studio Host (11564)' with process ID '11564'. A subsequent test scenario will run on the same instance of the host.
    + Final Test Result Verification
        (26:06.059) [Platform:DelayedAssertionVerifierSink] Verification Success: 0 verification steps failed.
    + ApexTest TestCleanup</StdOut>
      </Output>
      <ResultFiles>
        <ResultFile path="WNVM19648\Fail.azqsczivabnm.png" />
        <ResultFile path="WNVM19648\Fail.ig2gsfz5ad1y.png" />
        <ResultFile path="WNVM19648\Fail.o5zf0zepaw0l.png" />
        <ResultFile path="WNVM19648\OmniLog.html" />
        <ResultFile path="WNVM19648\OmniLogRawXml.xml" />
      </ResultFiles>
    </UnitTestResult>
    <UnitTestResult executionId="ba27b252-bbb9-47bc-9e04-65f14c170131" testId="b1f9c5e5-1c27-771f-718d-f2bf3dcd0626" testName="VSTest_JSON_VerifyKnownFileSchemaAssociations (webs\misc\JSON\KnownSchemas\bower.json, http://json.schemastore.org/bower)" computerName="WNVM19648" startTime="2018-04-17T01:53:07.2140087-07:00" endTime="2018-04-17T01:53:07.2140087-07:00" testType="13cdc9d9-ddb5-4fa4-a97d-d965ccfc6d4b" outcome="NotExecuted" testListId="8c84fa94-04c1-424b-9868-57a2d4851a1d" relativeResultsDirectory="ba27b252-bbb9-47bc-9e04-65f14c170131">
      <Output>
      </Output>
    </UnitTestResult>
    <UnitTestResult executionId="131e5a0a-7a49-489e-b808-927f4ee436fe" testId="0dca91db-a430-e105-71b5-dd7f648be217" testName="VSTest_Razor_TagHelpers_Completion_TagPrefix" computerName="WNVM19648" duration="00:00:32.9019629" startTime="2018-04-17T01:15:23.1351083-07:00" endTime="2018-04-17T01:15:56.0370712-07:00" testType="13cdc9d9-ddb5-4fa4-a97d-d965ccfc6d4b" outcome="Passed" testListId="8c84fa94-04c1-424b-9868-57a2d4851a1d" relativeResultsDirectory="131e5a0a-7a49-489e-b808-927f4ee436fe">
      <Output>
        <StdOut>+ RazorTagHelperTests::VSTest_Razor_TagHelpers_Completion_TagPrefix
    + ApexTest TestInitialize
    + ExternalProcessHostTest TestInitialize
        (01:17:04.806) [Visual Studio Host (8016):RoamingSettingsService] Disabling roaming settings.
        (01:17:04.941) [Visual Studio Host (8016):SettingsService] Setting Visual Studio option 'Environment\RoamingSettings\RoamingEnabled' to 'False'.
        (01:17:05.736) [Visual Studio Host (8016):TextEditorDocumentWindowTestExtension] Showing window 'TagHelpers.cshtml' without activating the window.
        (01:17:06.009) [Visual Studio Host (8016):TextEditorDocumentWindowTestExtension] Showing window 'TagHelpers.cshtml'.
        (01:17:06.216) [Visual Studio Host (8016):VisualStudioTextEditorTestExtension] Setting keyboard focus to editor 'TagHelpers.cshtml'.
        (01:17:06.368) [Visual Studio Host (8016):MainWindowService] Activating main window to bring it to the foreground.
        (01:17:06.517) [Visual Studio Host (8016):MainWindowService] Setting main window state to 'Maximized'.
    (01:17:06.817) [Visual Studio Host (8016):TextEditorDocumentWindowTestExtension] Showing window 'TagHelpers.cshtml' without activating the window.
    (01:17:06.971) [Visual Studio Host (8016):TextEditorDocumentWindowTestExtension] Showing window 'TagHelpers.cshtml'.
    (01:17:07.293) [Visual Studio Host (8016):VisualStudioCaretTestExtension] Moving the caret to '&lt;body&gt;' at (Ln: 5, Ch: 1) based on a regular expression.  Expression = "()&lt;body&gt;" [group index '0', match index '1', options 'Singleline, CultureInvariant']
    (01:17:08.814) [Visual Studio Host (8016):TextEditorDocumentWindowTestExtension] Showing window 'TagHelpers.cshtml' without activating the window.
    (01:17:10.172) [Visual Studio Host (8016):TextEditorDocumentWindowTestExtension] Showing window 'TagHelpers.cshtml'.
    (01:17:11.444) [Visual Studio Host (8016):VisualStudioCaretTestExtension] Moving the caret from (Ln: 5, Ch: 1) down '1' lines
    (01:17:11.576) [Visual Studio Host (8016):VisualStudioTextEditorTestExtension] Setting keyboard focus to editor 'TagHelpers.cshtml'.
    (01:17:11.716) [Visual Studio Host (8016):TextEditorDocumentWindowTestExtension] Showing window 'TagHelpers.cshtml' without activating the window.
    (01:17:11.874) [Visual Studio Host (8016):TextEditorDocumentWindowTestExtension] Showing window 'TagHelpers.cshtml'.
    (01:17:12.112) [Visual Studio Host (8016):TextEditorDocumentWindowTestExtension] Showing window 'TagHelpers.cshtml' without activating the window.
    (01:17:12.261) [Visual Studio Host (8016):TextEditorDocumentWindowTestExtension] Showing window 'TagHelpers.cshtml'.
    (01:17:12.450) [Visual Studio Host (8016):VisualStudioIntellisenseService] Getting the active completion at position '(Ln: 6, Ch: 2)'.
    (01:17:12.603) [Visual Studio Host (8016):VisualStudioCompletionListTestExtension] Found completion item with name 
    (01:17:12.759) [Visual Studio Host (8016):VisualStudioCompletionListTestExtension] Found completion item with name 
    (01:17:12.966) [Visual Studio Host (8016):TextEditorDocumentWindowTestExtension] Showing window 'TagHelpers.cshtml' without activating the window.
    (01:17:13.138) [Visual Studio Host (8016):TextEditorDocumentWindowTestExtension] Showing window 'TagHelpers.cshtml'.
    (01:17:13.302) [Visual Studio Host (8016):VisualStudioTextEditingActions] Deleting to the beginning of line of the current caret position, position: '(Ln: 6, Ch: 2)', line: '6'
    (01:17:13.471) [Visual Studio Host (8016):TextEditorDocumentWindowTestExtension] Showing window 'TagHelpers.cshtml' without activating the window.
    (01:17:13.637) [Visual Studio Host (8016):TextEditorDocumentWindowTestExtension] Showing window 'TagHelpers.cshtml'.
    (01:17:13.798) [Visual Studio Host (8016):VisualStudioCaretTestExtension] Moving the caret to '@addTagHelper' at (Ln: 2, Ch: 1) based on a regular expression.  Expression = "()@addTagHelper" [group index '0', match index '2', options 'Singleline, CultureInvariant']
    (01:17:13.936) [Visual Studio Host (8016):TextEditorDocumentWindowTestExtension] Showing window 'TagHelpers.cshtml' without activating the window.
    (01:17:14.075) [Visual Studio Host (8016):TextEditorDocumentWindowTestExtension] Showing window 'TagHelpers.cshtml'.
    (01:17:14.217) [Visual Studio Host (8016):VisualStudioCaretTestExtension] Moving the caret from (Ln: 2, Ch: 1) down '1' lines
    (01:17:14.348) [Visual Studio Host (8016):VisualStudioTextEditorTestExtension] Setting keyboard focus to editor 'TagHelpers.cshtml'.
    (01:17:14.486) [Visual Studio Host (8016):TextEditorDocumentWindowTestExtension] Showing window 'TagHelpers.cshtml' without activating the window.
    (01:17:14.642) [Visual Studio Host (8016):TextEditorDocumentWindowTestExtension] Showing window 'TagHelpers.cshtml'.
    (01:17:15.213) [Visual Studio Host (8016):TextEditorDocumentWindowTestExtension] Showing window 'TagHelpers.cshtml' without activating the window.
    (01:17:15.359) [Visual Studio Host (8016):TextEditorDocumentWindowTestExtension] Showing window 'TagHelpers.cshtml'.
    (01:17:15.522) [Visual Studio Host (8016):VisualStudioCaretTestExtension] Moving the caret to '&lt;body&gt;' at (Ln: 5, Ch: 1) based on a regular expression.  Expression = "()&lt;body&gt;" [group index '0', match index '1', options 'Singleline, CultureInvariant']
    (01:17:16.982) [Visual Studio Host (8016):TextEditorDocumentWindowTestExtension] Showing window 'TagHelpers.cshtml' without activating the window.
    (01:17:18.420) [Visual Studio Host (8016):TextEditorDocumentWindowTestExtension] Showing window 'TagHelpers.cshtml'.
    (01:17:19.943) [Visual Studio Host (8016):VisualStudioCaretTestExtension] Moving the caret from (Ln: 5, Ch: 1) down '1' lines
    (01:17:20.089) [Visual Studio Host (8016):VisualStudioTextEditorTestExtension] Setting keyboard focus to editor 'TagHelpers.cshtml'.
    (01:17:20.232) [Visual Studio Host (8016):TextEditorDocumentWindowTestExtension] Showing window 'TagHelpers.cshtml' without activating the window.
    (01:17:20.384) [Visual Studio Host (8016):TextEditorDocumentWindowTestExtension] Showing window 'TagHelpers.cshtml'.
    (01:17:20.561) [Visual Studio Host (8016):TextEditorDocumentWindowTestExtension] Showing window 'TagHelpers.cshtml' without activating the window.
    (01:17:20.787) [Visual Studio Host (8016):TextEditorDocumentWindowTestExtension] Showing window 'TagHelpers.cshtml'.
    (01:17:20.964) [Visual Studio Host (8016):VisualStudioIntellisenseService] Getting the active completion at position '(Ln: 6, Ch: 2)'.
    (01:17:21.147) [Visual Studio Host (8016):VisualStudioCompletionListTestExtension] Found completion item with name 
    (01:17:21.312) [Visual Studio Host (8016):VisualStudioCompletionListTestExtension] Found completion item with name 
    (01:17:21.495) [Visual Studio Host (8016):VisualStudioCompletionListTestExtension] Found completion item with name 
    (01:17:21.678) [Visual Studio Host (8016):VisualStudioCompletionListTestExtension] Found completion item with name 
    (01:17:21.853) [Visual Studio Host (8016):VisualStudioCompletionListTestExtension] Unable to find completion item with name 
    (01:17:22.029) [Visual Studio Host (8016):VisualStudioCompletionListTestExtension] Unable to find completion item with name 
    (01:17:22.238) [Visual Studio Host (8016):TextEditorDocumentWindowTestExtension] Showing window 'TagHelpers.cshtml' without activating the window.
    (01:17:22.409) [Visual Studio Host (8016):TextEditorDocumentWindowTestExtension] Showing window 'TagHelpers.cshtml'.
    (01:17:22.603) [Visual Studio Host (8016):VisualStudioTextEditingActions] Deleting to the beginning of line of the current caret position, position: '(Ln: 6, Ch: 2)', line: '6'
    (01:17:22.813) [Visual Studio Host (8016):TextEditorDocumentWindowTestExtension] Showing window 'TagHelpers.cshtml' without activating the window.
    (01:17:23.078) [Visual Studio Host (8016):TextEditorDocumentWindowTestExtension] Showing window 'TagHelpers.cshtml'.
    (01:17:23.456) [Visual Studio Host (8016):TextEditorDocumentWindowTestExtension] Showing window 'TagHelpers.cshtml' without activating the window.
    (01:17:23.673) [Visual Studio Host (8016):TextEditorDocumentWindowTestExtension] Showing window 'TagHelpers.cshtml'.
    (01:17:23.904) [Visual Studio Host (8016):VisualStudioIntellisenseService] Getting the active completion at position '(Ln: 6, Ch: 24)'.
    (01:17:24.084) [Visual Studio Host (8016):VisualStudioCompletionListTestExtension] Found completion item with name 
    (01:17:24.280) [Visual Studio Host (8016):VisualStudioCompletionListTestExtension] Found completion item with name 
    (01:17:24.474) [Visual Studio Host (8016):VisualStudioCompletionListTestExtension] Found completion item with name 
    (01:17:24.649) [Visual Studio Host (8016):VisualStudioCompletionListTestExtension] Found completion item with name 
    (01:17:24.829) [Visual Studio Host (8016):VisualStudioCompletionListTestExtension] Unable to find completion item with name 
    (01:17:25.016) [Visual Studio Host (8016):VisualStudioCompletionListTestExtension] Unable to find completion item with name 
    (01:17:25.236) [Visual Studio Host (8016):TextEditorDocumentWindowTestExtension] Showing window 'TagHelpers.cshtml' without activating the window.
    (01:17:25.425) [Visual Studio Host (8016):TextEditorDocumentWindowTestExtension] Showing window 'TagHelpers.cshtml'.
    (01:17:25.604) [Visual Studio Host (8016):VisualStudioTextEditingActions] Deleting to the beginning of line of the current caret position, position: '(Ln: 6, Ch: 24)', line: '6'
    (01:17:25.836) [Visual Studio Host (8016):TextEditorDocumentWindowTestExtension] Showing window 'TagHelpers.cshtml' without activating the window.
    (01:17:26.081) [Visual Studio Host (8016):TextEditorDocumentWindowTestExtension] Showing window 'TagHelpers.cshtml'.
    (01:17:26.395) [Visual Studio Host (8016):TextEditorDocumentWindowTestExtension] Showing window 'TagHelpers.cshtml' without activating the window.
    (01:17:26.653) [Visual Studio Host (8016):TextEditorDocumentWindowTestExtension] Showing window 'TagHelpers.cshtml'.
    (01:17:26.855) [Visual Studio Host (8016):VisualStudioIntellisenseService] Getting the active completion at position '(Ln: 6, Ch: 10)'.
    (01:17:27.031) [Visual Studio Host (8016):VisualStudioCompletionListTestExtension] Found completion item with name 
    (01:17:27.191) [Visual Studio Host (8016):VisualStudioCompletionListTestExtension] Found completion item with name 
    (01:17:27.336) [Visual Studio Host (8016):VisualStudioCompletionListTestExtension] Found completion item with name 
    (01:17:27.537) [Visual Studio Host (8016):VisualStudioCompletionListTestExtension] Found completion item with name 
    (01:17:27.750) [Visual Studio Host (8016):VisualStudioCompletionListTestExtension] Found completion item with name 
    (01:17:27.897) [Visual Studio Host (8016):VisualStudioCompletionListTestExtension] Found completion item with name 
    (01:17:28.055) [Visual Studio Host (8016):VisualStudioCompletionListTestExtension] Unable to find completion item with name 
    (01:17:28.250) [Visual Studio Host (8016):TextEditorDocumentWindowTestExtension] Showing window 'TagHelpers.cshtml' without activating the window.
    (01:17:28.410) [Visual Studio Host (8016):TextEditorDocumentWindowTestExtension] Showing window 'TagHelpers.cshtml'.
    (01:17:28.583) [Visual Studio Host (8016):VisualStudioTextEditingActions] Deleting to the beginning of line of the current caret position, position: '(Ln: 6, Ch: 10)', line: '6'
    (01:17:28.813) [Visual Studio Host (8016):TextEditorDocumentWindowTestExtension] Showing window 'TagHelpers.cshtml' without activating the window.
    (01:17:29.066) [Visual Studio Host (8016):TextEditorDocumentWindowTestExtension] Showing window 'TagHelpers.cshtml'.
    (01:17:29.384) [Visual Studio Host (8016):TextEditorDocumentWindowTestExtension] Showing window 'TagHelpers.cshtml' without activating the window.
    (01:17:29.566) [Visual Studio Host (8016):TextEditorDocumentWindowTestExtension] Showing window 'TagHelpers.cshtml'.
    (01:17:29.812) [Visual Studio Host (8016):VisualStudioIntellisenseService] Getting the active completion at position '(Ln: 6, Ch: 4)'.
    (01:17:29.954) [Visual Studio Host (8016):VisualStudioCompletionListTestExtension] Found completion item with name 
    (01:17:30.102) [Visual Studio Host (8016):VisualStudioCompletionListTestExtension] Found completion item with name 
    (01:17:30.231) [Visual Studio Host (8016):VisualStudioCompletionListTestExtension] Unable to find completion item with name 
    (01:17:30.361) [Visual Studio Host (8016):VisualStudioCompletionListTestExtension] Unable to find completion item with name 
    (01:17:30.490) [Visual Studio Host (8016):VisualStudioCompletionListTestExtension] Unable to find completion item with name 
    (01:17:30.617) [Visual Studio Host (8016):VisualStudioCompletionListTestExtension] Unable to find completion item with name 
    (01:17:30.742) [Visual Studio Host (8016):VisualStudioCompletionListTestExtension] Unable to find completion item with name 
    (01:17:30.876) [Visual Studio Host (8016):TextEditorDocumentWindowTestExtension] Showing window 'TagHelpers.cshtml' without activating the window.
    (01:17:31.018) [Visual Studio Host (8016):TextEditorDocumentWindowTestExtension] Showing window 'TagHelpers.cshtml'.
    (01:17:31.171) [Visual Studio Host (8016):VisualStudioTextEditingActions] Deleting to the beginning of line of the current caret position, position: '(Ln: 6, Ch: 4)', line: '6'
    (01:17:31.352) [Visual Studio Host (8016):TextEditorDocumentWindowTestExtension] Showing window 'TagHelpers.cshtml' without activating the window.
    (01:17:31.498) [Visual Studio Host (8016):TextEditorDocumentWindowTestExtension] Showing window 'TagHelpers.cshtml'.
    (01:17:31.764) [Visual Studio Host (8016):TextEditorDocumentWindowTestExtension] Showing window 'TagHelpers.cshtml' without activating the window.
    (01:17:31.939) [Visual Studio Host (8016):TextEditorDocumentWindowTestExtension] Showing window 'TagHelpers.cshtml'.
    (01:17:32.144) [Visual Studio Host (8016):VisualStudioIntellisenseService] Getting the active completion at position '(Ln: 6, Ch: 8)'.
    (01:17:32.347) [Visual Studio Host (8016):VisualStudioCompletionListTestExtension] Found completion item with name 
    (01:17:32.543) [Visual Studio Host (8016):VisualStudioCompletionListTestExtension] Found completion item with name 
    (01:17:32.735) [Visual Studio Host (8016):VisualStudioCompletionListTestExtension] Unable to find completion item with name 
    (01:17:32.885) [Visual Studio Host (8016):VisualStudioCompletionListTestExtension] Unable to find completion item with name 
    (01:17:33.016) [Visual Studio Host (8016):VisualStudioCompletionListTestExtension] Unable to find completion item with name 
    (01:17:33.164) [Visual Studio Host (8016):TextEditorDocumentWindowTestExtension] Showing window 'TagHelpers.cshtml' without activating the window.
    (01:17:33.322) [Visual Studio Host (8016):TextEditorDocumentWindowTestExtension] Showing window 'TagHelpers.cshtml'.
    (01:17:33.472) [Visual Studio Host (8016):VisualStudioTextEditingActions] Deleting to the beginning of line of the current caret position, position: '(Ln: 6, Ch: 8)', line: '6'
    (01:17:33.660) [Visual Studio Host (8016):TextEditorDocumentWindowTestExtension] Showing window 'TagHelpers.cshtml' without activating the window.
    (01:17:33.921) [Visual Studio Host (8016):TextEditorDocumentWindowTestExtension] Showing window 'TagHelpers.cshtml'.
    (01:17:34.209) [Visual Studio Host (8016):TextEditorDocumentWindowTestExtension] Showing window 'TagHelpers.cshtml' without activating the window.
    (01:17:34.354) [Visual Studio Host (8016):TextEditorDocumentWindowTestExtension] Showing window 'TagHelpers.cshtml'.
    (01:17:34.618) [Visual Studio Host (8016):VisualStudioIntellisenseService] Getting the active completion at position '(Ln: 6, Ch: 10)'.
    (01:17:34.780) [Visual Studio Host (8016):VisualStudioCompletionListTestExtension] Found completion item with name 
    (01:17:34.917) [Visual Studio Host (8016):VisualStudioCompletionListTestExtension] Unable to find completion item with name 
    (01:17:35.060) [Visual Studio Host (8016):VisualStudioCompletionListTestExtension] Unable to find completion item with name 
    (01:17:35.200) [Visual Studio Host (8016):VisualStudioCompletionListTestExtension] Unable to find completion item with name 
    + ExternalProcessHostTest TestCleanup
        (01:17:35.487) [Visual Studio Host (8016):TextEditorDocumentWindowTestExtension] Closing window 'TagHelpers.cshtml'.
        (01:17:35.818) [Platform:Testcase] Test 'VSTest_Razor_TagHelpers_Completion_TagPrefix' has 'Passed' outcome. Therefore, Apex will not shut down the 'Visual Studio Host (8016)' with process ID '8016'. A subsequent test scenario will run on the same instance of the host.
    + Final Test Result Verification
        (01:17:36.310) [Platform:DelayedAssertionVerifierSink] Verification Success: 0 verification steps failed.
    + ApexTest TestCleanup</StdOut>
      </Output>
      <ResultFiles>
        <ResultFile path="WNVM19648\Fail.aswak04hapa5.png" />
        <ResultFile path="WNVM19648\Fail.azqsczivabnm.png" />
        <ResultFile path="WNVM19648\Fail.ek4tb3wmalyl.png" />
        <ResultFile path="WNVM19648\Fail.ig2gsfz5ad1y.png" />
        <ResultFile path="WNVM19648\Fail.o4kkrjboasbk.png" />
        <ResultFile path="WNVM19648\Fail.o5zf0zepaw0l.png" />
        <ResultFile path="WNVM19648\Fail.raasvsmeanc1.png" />
        <ResultFile path="WNVM19648\Fail.t4yj0fxuatil.png" />
        <ResultFile path="WNVM19648\Fail.z10rn0n5ajdm.png" />
        <ResultFile path="WNVM19648\OmniLog.html" />
        <ResultFile path="WNVM19648\OmniLogRawXml.xml" />
      </ResultFiles>
    </UnitTestResult>
    <UnitTestResult executionId="b1e24d57-3a9b-4d3e-91df-37f86fbfe526" testId="6d86b4b7-3d17-4972-e77b-579f28c6aa60" testName="VSTest_SmartIndentInHTML_EndTag_Text_Insertion" computerName="WNVM19648" duration="00:00:00.6699702" startTime="2018-04-17T00:23:40.8188489-07:00" endTime="2018-04-17T00:23:41.4888191-07:00" testType="13cdc9d9-ddb5-4fa4-a97d-d965ccfc6d4b" outcome="Failed" testListId="8c84fa94-04c1-424b-9868-57a2d4851a1d" relativeResultsDirectory="b1e24d57-3a9b-4d3e-91df-37f86fbfe526">
      <Output>
        <StdOut>+ SmartIndentTests::VSTest_SmartIndentInHTML_EndTag_Text_Insertion
    + ApexTest TestInitialize</StdOut>
        <ErrorInfo>
          <Message>Initialization method Microsoft.Test.Apex.ExternalProcessHostTest`2[[Microsoft.Test.Apex.VisualStudio.VisualStudioHostConfiguration, Microsoft.Test.Apex.VisualStudio, Version=15.0.0.0, Culture=neutral, PublicKeyToken=b03f5f7f11d50a3a],[Microsoft.Test.Apex.VisualStudio.VisualStudioHost, Microsoft.Test.Apex.VisualStudio, Version=15.0.0.0, Culture=neutral, PublicKeyToken=b03f5f7f11d50a3a]].TestInitialize threw exception. System.IO.IOException: The process cannot access the file 'C:\school\OmniLog.html' because it is being used by another process.</Message>
          <StackTrace>   at System.IO.__Error.WinIOError(Int32 errorCode, String maybeFullPath)
   at System.IO.FileStream.Init(String path, FileMode mode, FileAccess access, Int32 rights, Boolean useRights, FileShare share, Int32 bufferSize, FileOptions options, SECURITY_ATTRIBUTES secAttrs, String msgPath, Boolean bFromProxy, Boolean useLongPath, Boolean checkHost)
   at System.IO.FileStream..ctor(String path, FileMode mode, FileAccess access)
   at Omni.Logging.Sinks.IncrementalSummarySink.PrepareForWrite() in F:\dd\src\Omni\Log\Omni.Log\Sinks\IncrementalSummarySink.cs:line 169
   at Omni.Logging.Sinks.IncrementalSummarySink.Append(ILogMessage message) in F:\dd\src\Omni\Log\Omni.Log\Sinks\IncrementalSummarySink.cs:line 74
   at Omni.Logging.OmniLog.SendToSinks(LogMessage message) in F:\dd\src\Omni\Log\Omni.Log\OmniLog.cs:line 968
   at Omni.Logging.Log.BeginGroup(String message) in F:\dd\src\Omni\Log\Omni.Log\OmniLog.cs:line 1402
   at Microsoft.Test.Apex.Services.Logging.TestLoggerSinks.OmniLog.OmniLogSink.ActualSink.ScopeEntered(IExecutionScopeHandle scope) in F:\dd\src\omni\Apex\MsTestIntegration\Services\OmniLog\OmniLogSink.cs:line 318
   at Microsoft.Test.Apex.Services.Logging.TestLoggerSinks.OmniLog.OmniLogSink.ScopeEntered(IExecutionScopeHandle scope) in F:\dd\src\omni\Apex\MsTestIntegration\Services\OmniLog\OmniLogSink.cs:line 146
   at Microsoft.Test.Apex.Services.ExecutionScopeService.Enter(TestExecutionPoint testExecutionPoint, String scopeName, Boolean enterVerificationScope, Object context) in F:\dd\src\omni\Apex\Framework\Services\ExecutionScope\ExecutionScopeService.cs:line 228
   at Microsoft.Test.Apex.Services.ExecutionScopeService.Enter(String scopeName, Boolean enterVerificationScope, Object context) in F:\dd\src\omni\Apex\Framework\Services\ExecutionScope\ExecutionScopeService.cs:line 202
   at Microsoft.Test.Apex.Services.ExecutionScopeService.Enter(String scopeName) in F:\dd\src\omni\Apex\Framework\Services\ExecutionScope\ExecutionScopeService.cs:line 80
   at Microsoft.Test.Apex.ApexTest.TestInitialize() in F:\dd\src\omni\Apex\MsTestIntegration\ApexTest.cs:line 423
   at Microsoft.Test.Apex.ExternalProcessHostTest`2.TestInitialize() in F:\dd\src\omni\Apex\MsTestIntegration\ExternalProcessHostTest.cs:line 108</StackTrace>
        </ErrorInfo>
      </Output>
    </UnitTestResult>
    <UnitTestResult executionId="20739ae4-a601-4429-afd7-d8c3c5edd4fc" testId="d1fd61d9-d190-0061-e350-51e341513981" testName="VSTest_EditorConfig_FormatDocument" computerName="WNVM19648" startTime="2018-04-17T02:38:12.6935045-07:00" endTime="2018-04-17T02:38:12.6935045-07:00" testType="13cdc9d9-ddb5-4fa4-a97d-d965ccfc6d4b" outcome="NotExecuted" testListId="8c84fa94-04c1-424b-9868-57a2d4851a1d" relativeResultsDirectory="20739ae4-a601-4429-afd7-d8c3c5edd4fc">
      <Output>
      </Output>
    </UnitTestResult>
    <UnitTestResult executionId="1306d9d3-fbc3-44e2-bb57-71c458ec0cdd" testId="04cd4b94-2575-a77d-4f62-8fd9eea7e819" testName="VSTest_Dump_ClassicASP_Embedded_VBScript_Breakpoints" computerName="WNVM19648" duration="00:00:02.0801488" startTime="2018-04-17T00:15:15.0976427-07:00" endTime="2018-04-17T00:15:17.1777915-07:00" testType="13cdc9d9-ddb5-4fa4-a97d-d965ccfc6d4b" outcome="Passed" testListId="8c84fa94-04c1-424b-9868-57a2d4851a1d" relativeResultsDirectory="1306d9d3-fbc3-44e2-bb57-71c458ec0cdd">
      <Output>
        <StdOut>+ DebugTests::VSTest_Dump_ClassicASP_Embedded_VBScript_Breakpoints
    + ApexTest TestInitialize
    + ExternalProcessHostTest TestInitialize
        (16:56.440) [Visual Studio Host (6956):RoamingSettingsService] Disabling roaming settings.
        (16:56.512) [Visual Studio Host (6956):SettingsService] Setting Visual Studio option 'Environment\RoamingSettings\RoamingEnabled' to 'False'.
        (16:56.899) [Visual Studio Host (6956):TextEditorDocumentWindowTestExtension] Showing window 'ClassicASPEmbeddedVBS.asp' without activating the window.
        (16:56.994) [Visual Studio Host (6956):TextEditorDocumentWindowTestExtension] Showing window 'ClassicASPEmbeddedVBS.asp'.
        (16:57.254) [Visual Studio Host (6956):VisualStudioTextEditorTestExtension] Setting keyboard focus to editor 'ClassicASPEmbeddedVBS.asp'.
        (16:57.335) [Visual Studio Host (6956):MainWindowService] Activating main window to bring it to the foreground.
        (16:57.398) [Visual Studio Host (6956):MainWindowService] Setting main window state to 'Maximized'.
    + ExternalProcessHostTest TestCleanup
        (16:57.654) [Visual Studio Host (6956):TextEditorDocumentWindowTestExtension] Closing window 'ClassicASPEmbeddedVBS.asp'.
        (16:57.820) [Platform:Testcase] Test 'VSTest_Dump_ClassicASP_Embedded_VBScript_Breakpoints' has 'Passed' outcome. Therefore, Apex will not shut down the 'Visual Studio Host (6956)' with process ID '6956'. A subsequent test scenario will run on the same instance of the host.
    + Final Test Result Verification
        (16:58.016) [Platform:DelayedAssertionVerifierSink] Verification Success: 0 verification steps failed.
    + ApexTest TestCleanup</StdOut>
      </Output>
      <ResultFiles>
        <ResultFile path="WNVM19648\Fail.azqsczivabnm.png" />
        <ResultFile path="WNVM19648\Fail.ig2gsfz5ad1y.png" />
        <ResultFile path="WNVM19648\Fail.o5zf0zepaw0l.png" />
        <ResultFile path="WNVM19648\OmniLog.html" />
        <ResultFile path="WNVM19648\OmniLogRawXml.xml" />
      </ResultFiles>
    </UnitTestResult>
    <UnitTestResult executionId="1c2273e0-b0df-43b9-b370-dc3c892b6567" testId="9eed5e6f-85de-719b-e535-7afe9e8ea34f" testName="VSTest_RazorV4Completion_LastUsedCompletionItem" computerName="WNVM19648" duration="00:00:13.3132282" startTime="2018-04-17T01:11:23.8051815-07:00" endTime="2018-04-17T01:11:37.1184097-07:00" testType="13cdc9d9-ddb5-4fa4-a97d-d965ccfc6d4b" outcome="Passed" testListId="8c84fa94-04c1-424b-9868-57a2d4851a1d" relativeResultsDirectory="1c2273e0-b0df-43b9-b370-dc3c892b6567">
      <Output>
        <StdOut>+ CSharpGeneralTests::VSTest_RazorV4Completion_LastUsedCompletionItem
    + ApexTest TestInitialize
    + ExternalProcessHostTest TestInitialize
        (01:13:05.523) [Visual Studio Host (8016):RoamingSettingsService] Disabling roaming settings.
        (01:13:05.751) [Visual Studio Host (8016):SettingsService] Setting Visual Studio option 'Environment\RoamingSettings\RoamingEnabled' to 'False'.
        (01:13:06.191) [Visual Studio Host (8016):TextEditorDocumentWindowTestExtension] Showing window 'Default.cshtml' without activating the window.
        (01:13:06.454) [Visual Studio Host (8016):TextEditorDocumentWindowTestExtension] Showing window 'Default.cshtml'.
        (01:13:06.623) [Visual Studio Host (8016):VisualStudioTextEditorTestExtension] Setting keyboard focus to editor 'Default.cshtml'.
        (01:13:06.800) [Visual Studio Host (8016):MainWindowService] Activating main window to bring it to the foreground.
        (01:13:06.981) [Visual Studio Host (8016):MainWindowService] Setting main window state to 'Maximized'.
    (01:13:07.316) [Visual Studio Host (8016):TextEditorDocumentWindowTestExtension] Showing window 'Default.cshtml' without activating the window.
    (01:13:07.492) [Visual Studio Host (8016):TextEditorDocumentWindowTestExtension] Showing window 'Default.cshtml'.
    (01:13:07.664) [Visual Studio Host (8016):VisualStudioCaretTestExtension] Moving the caret from (Ln: 1, Ch: 1) to the end of the file
    (01:13:07.855) [Visual Studio Host (8016):VisualStudioTextEditorTestExtension] Setting keyboard focus to editor 'Default.cshtml'.
    (01:13:08.041) [Visual Studio Host (8016):TextEditorDocumentWindowTestExtension] Showing window 'Default.cshtml' without activating the window.
    (01:13:08.240) [Visual Studio Host (8016):TextEditorDocumentWindowTestExtension] Showing window 'Default.cshtml'.
    (01:13:08.403) [Visual Studio Host (8016):VisualStudioTextEditingActions] Inserting text: '&lt;p&gt;@' at the current caret position: '(Ln: 5, Ch: 1)'
    (01:13:10.162) [Visual Studio Host (8016):TextEditorDocumentWindowTestExtension] Showing window 'Default.cshtml' without activating the window.
    (01:13:11.351) [Visual Studio Host (8016):TextEditorDocumentWindowTestExtension] Showing window 'Default.cshtml'.
    (01:13:12.623) [Visual Studio Host (8016):VisualStudioTextEditingActions] Inserting text: 'tru' at the current caret position: '(Ln: 5, Ch: 5)'
    (01:13:12.789) [Visual Studio Host (8016):TextEditorDocumentWindowTestExtension] Showing window 'Default.cshtml' without activating the window.
    (01:13:12.962) [Visual Studio Host (8016):TextEditorDocumentWindowTestExtension] Showing window 'Default.cshtml'.
    (01:13:13.220) [Visual Studio Host (8016):VisualStudioIntellisenseService] Getting the active completion at position '(Ln: 5, Ch: 8)'.
    (01:13:13.368) [Visual Studio Host (8016):VisualStudioCompletionListTestExtension] Found completion item with name 
    (01:13:13.503) [Visual Studio Host (8016):VisualStudioIntellisenseService] Getting the active completion at position '(Ln: 5, Ch: 8)'.
    (01:13:13.651) [Visual Studio Host (8016):VisualStudioCompletionListTestExtension] Found completion item with name 
    (01:13:13.802) [Visual Studio Host (8016):TextEditorDocumentWindowTestExtension] Showing window 'Default.cshtml' without activating the window.
    (01:13:13.951) [Visual Studio Host (8016):TextEditorDocumentWindowTestExtension] Showing window 'Default.cshtml'.
    (01:13:14.094) [Visual Studio Host (8016):VisualStudioIntellisenseService] Getting the active completion at position '(Ln: 5, Ch: 8)'.
    (01:13:14.227) [Visual Studio Host (8016):VisualStudioCompletionListTestExtension] Committing 'true' completion item.
    (01:13:14.400) [Visual Studio Host (8016):TextEditorDocumentWindowTestExtension] Showing window 'Default.cshtml' without activating the window.
    (01:13:14.571) [Visual Studio Host (8016):TextEditorDocumentWindowTestExtension] Showing window 'Default.cshtml'.
    (01:13:14.713) [Visual Studio Host (8016):VisualStudioTextEditingActions] Deleting previous '5' characters at the current caret position: '(Ln: 5, Ch: 9)'
    (01:13:14.890) [Visual Studio Host (8016):TextEditorDocumentWindowTestExtension] Showing window 'Default.cshtml' without activating the window.
    (01:13:15.033) [Visual Studio Host (8016):TextEditorDocumentWindowTestExtension] Showing window 'Default.cshtml'.
    (01:13:15.217) [Visual Studio Host (8016):VisualStudioTextEditingActions] Inserting text: '@' at the current caret position: '(Ln: 5, Ch: 4)'
    (01:13:15.372) [Visual Studio Host (8016):TextEditorDocumentWindowTestExtension] Showing window 'Default.cshtml' without activating the window.
    (01:13:15.515) [Visual Studio Host (8016):TextEditorDocumentWindowTestExtension] Showing window 'Default.cshtml'.
    (01:13:15.659) [Visual Studio Host (8016):VisualStudioIntellisenseService] Did not find an active completion session. Please use Verify.IsCompletionListPresent() to make sure that the list is present before requesting the completion session.
    Warning: (01:13:15.790) [Visual Studio Host (8016):VisualStudioIntellisenseService] No active completion sessions were found for editor 'Default.cshtml'.
    (01:13:15.955) [Visual Studio Host (8016):TextEditorDocumentWindowTestExtension] Showing window 'Default.cshtml' without activating the window.
    (01:13:16.093) [Visual Studio Host (8016):TextEditorDocumentWindowTestExtension] Showing window 'Default.cshtml'.
    (01:13:16.289) [Visual Studio Host (8016):VisualStudioTextEditingActions] Inserting text: '(' at the current caret position: '(Ln: 5, Ch: 5)'
    (01:13:16.438) [Visual Studio Host (8016):TextEditorDocumentWindowTestExtension] Showing window 'Default.cshtml' without activating the window.
    (01:13:16.599) [Visual Studio Host (8016):TextEditorDocumentWindowTestExtension] Showing window 'Default.cshtml'.
    + ExternalProcessHostTest TestCleanup
        (01:13:16.887) [Visual Studio Host (8016):TextEditorDocumentWindowTestExtension] Closing window 'Default.cshtml'.
        (01:13:17.115) [Platform:Testcase] Test 'VSTest_RazorV4Completion_LastUsedCompletionItem' has 'Passed' outcome. Therefore, Apex will not shut down the 'Visual Studio Host (8016)' with process ID '8016'. A subsequent test scenario will run on the same instance of the host.
    + Final Test Result Verification
        (01:13:17.522) [Platform:DelayedAssertionVerifierSink] Verification Success: 0 verification steps failed.
    + ApexTest TestCleanup</StdOut>
      </Output>
      <ResultFiles>
        <ResultFile path="WNVM19648\Fail.azqsczivabnm.png" />
        <ResultFile path="WNVM19648\Fail.ig2gsfz5ad1y.png" />
        <ResultFile path="WNVM19648\Fail.o5zf0zepaw0l.png" />
        <ResultFile path="WNVM19648\Fail.raasvsmeanc1.png" />
        <ResultFile path="WNVM19648\Fail.t4yj0fxuatil.png" />
        <ResultFile path="WNVM19648\Fail.z10rn0n5ajdm.png" />
        <ResultFile path="WNVM19648\OmniLog.html" />
        <ResultFile path="WNVM19648\OmniLogRawXml.xml" />
      </ResultFiles>
    </UnitTestResult>
    <UnitTestResult executionId="660461f2-4ee5-4a8a-9358-6a799d58acf2" testId="a659d137-f60e-3e3c-458d-c6b2b9dd05e5" testName="VSTest_Validate_Html5TransparentRoot" computerName="WNVM19648" duration="00:00:07.6406663" startTime="2018-04-17T00:47:48.5167635-07:00" endTime="2018-04-17T00:47:56.1574298-07:00" testType="13cdc9d9-ddb5-4fa4-a97d-d965ccfc6d4b" outcome="Passed" testListId="8c84fa94-04c1-424b-9868-57a2d4851a1d" relativeResultsDirectory="660461f2-4ee5-4a8a-9358-6a799d58acf2">
      <Output>
        <StdOut>+ ValidationTests::VSTest_Validate_Html5TransparentRoot
    + ApexTest TestInitialize
    + ExternalProcessHostTest TestInitialize
        (49:30.298) [Visual Studio Host (9888):RoamingSettingsService] Disabling roaming settings.
        (49:30.458) [Visual Studio Host (9888):SettingsService] Setting Visual Studio option 'Environment\RoamingSettings\RoamingEnabled' to 'False'.
        (49:30.883) [Visual Studio Host (9888):TextEditorDocumentWindowTestExtension] Showing window 'html5transparentroot.htm' without activating the window.
        (49:31.077) [Visual Studio Host (9888):TextEditorDocumentWindowTestExtension] Showing window 'html5transparentroot.htm'.
        (49:31.269) [Visual Studio Host (9888):VisualStudioTextEditorTestExtension] Setting keyboard focus to editor 'html5transparentroot.htm'.
        (49:31.458) [Visual Studio Host (9888):MainWindowService] Activating main window to bring it to the foreground.
        (49:31.644) [Visual Studio Host (9888):MainWindowService] Setting main window state to 'Maximized'.
    (49:31.964) [Visual Studio Host (9888):TextEditorDocumentWindowTestExtension] Showing window 'html5transparentroot.htm' without activating the window.
    (49:32.134) [Visual Studio Host (9888):TextEditorDocumentWindowTestExtension] Showing window 'html5transparentroot.htm'.
    (49:32.359) [Visual Studio Host (9888):ToolWindowTestExtension] Showing window 'Error List ...' without activating the window.
    (49:32.515) [Visual Studio Host (9888):ErrorListService] Showing error list error items.
    (49:32.698) [Visual Studio Host (9888):ToolWindowTestExtension] Showing window 'Error List ...' without activating the window.
    (49:32.863) [Visual Studio Host (9888):ErrorListService] Showing error list message items.
    (49:33.036) [Visual Studio Host (9888):ToolWindowTestExtension] Showing window 'Error List ...' without activating the window.
    (49:33.182) [Visual Studio Host (9888):ErrorListService] Showing error list warning items.
    (49:35.365) [Visual Studio Host (9888):TextEditorDocumentWindowTestExtension] Showing window 'html5transparentroot.htm' without activating the window.
    (49:35.505) [Visual Studio Host (9888):TextEditorDocumentWindowTestExtension] Showing window 'html5transparentroot.htm'.
    + ExternalProcessHostTest TestCleanup
        (49:35.794) [Visual Studio Host (9888):TextEditorDocumentWindowTestExtension] Closing window 'html5transparentroot.htm'.
        (49:36.049) [Platform:Testcase] Test 'VSTest_Validate_Html5TransparentRoot' has 'Passed' outcome. Therefore, Apex will not shut down the 'Visual Studio Host (9888)' with process ID '9888'. A subsequent test scenario will run on the same instance of the host.
    + Final Test Result Verification
        (49:36.507) [Platform:DelayedAssertionVerifierSink] Verification Success: 0 verification steps failed.
    + ApexTest TestCleanup</StdOut>
      </Output>
      <ResultFiles>
        <ResultFile path="WNVM19648\Fail.azqsczivabnm.png" />
        <ResultFile path="WNVM19648\Fail.ig2gsfz5ad1y.png" />
        <ResultFile path="WNVM19648\Fail.o5zf0zepaw0l.png" />
        <ResultFile path="WNVM19648\Fail.z10rn0n5ajdm.png" />
        <ResultFile path="WNVM19648\OmniLog.html" />
        <ResultFile path="WNVM19648\OmniLogRawXml.xml" />
      </ResultFiles>
    </UnitTestResult>
    <UnitTestResult executionId="d2d1f269-9f61-425c-8398-c5299fbf2730" testId="8776321e-4c26-ba96-42b5-9d702e14a502" testName="VSTest_TypingTags_Article_to_Aside" computerName="WNVM19648" duration="00:00:01.2609505" startTime="2018-04-17T00:33:56.4398492-07:00" endTime="2018-04-17T00:33:57.7007997-07:00" testType="13cdc9d9-ddb5-4fa4-a97d-d965ccfc6d4b" outcome="Failed" testListId="8c84fa94-04c1-424b-9868-57a2d4851a1d" relativeResultsDirectory="d2d1f269-9f61-425c-8398-c5299fbf2730">
      <Output>
        <StdOut>+ TypingTests::VSTest_TypingTags_Article_to_Aside
    + ApexTest TestInitialize</StdOut>
        <ErrorInfo>
          <Message>Initialization method Microsoft.Test.Apex.ExternalProcessHostTest`2[[Microsoft.Test.Apex.VisualStudio.VisualStudioHostConfiguration, Microsoft.Test.Apex.VisualStudio, Version=15.0.0.0, Culture=neutral, PublicKeyToken=b03f5f7f11d50a3a],[Microsoft.Test.Apex.VisualStudio.VisualStudioHost, Microsoft.Test.Apex.VisualStudio, Version=15.0.0.0, Culture=neutral, PublicKeyToken=b03f5f7f11d50a3a]].TestInitialize threw exception. System.IO.IOException: The process cannot access the file 'C:\school\OmniLog.html' because it is being used by another process.</Message>
          <StackTrace>   at System.IO.__Error.WinIOError(Int32 errorCode, String maybeFullPath)
   at System.IO.FileStream.Init(String path, FileMode mode, FileAccess access, Int32 rights, Boolean useRights, FileShare share, Int32 bufferSize, FileOptions options, SECURITY_ATTRIBUTES secAttrs, String msgPath, Boolean bFromProxy, Boolean useLongPath, Boolean checkHost)
   at System.IO.FileStream..ctor(String path, FileMode mode, FileAccess access)
   at Omni.Logging.Sinks.IncrementalSummarySink.PrepareForWrite() in F:\dd\src\Omni\Log\Omni.Log\Sinks\IncrementalSummarySink.cs:line 169
   at Omni.Logging.Sinks.IncrementalSummarySink.Append(ILogMessage message) in F:\dd\src\Omni\Log\Omni.Log\Sinks\IncrementalSummarySink.cs:line 74
   at Omni.Logging.OmniLog.SendToSinks(LogMessage message) in F:\dd\src\Omni\Log\Omni.Log\OmniLog.cs:line 968
   at Omni.Logging.Log.BeginGroup(String message) in F:\dd\src\Omni\Log\Omni.Log\OmniLog.cs:line 1402
   at Microsoft.Test.Apex.Services.Logging.TestLoggerSinks.OmniLog.OmniLogSink.ActualSink.ScopeEntered(IExecutionScopeHandle scope) in F:\dd\src\omni\Apex\MsTestIntegration\Services\OmniLog\OmniLogSink.cs:line 318
   at Microsoft.Test.Apex.Services.Logging.TestLoggerSinks.OmniLog.OmniLogSink.ScopeEntered(IExecutionScopeHandle scope) in F:\dd\src\omni\Apex\MsTestIntegration\Services\OmniLog\OmniLogSink.cs:line 146
   at Microsoft.Test.Apex.Services.ExecutionScopeService.Enter(TestExecutionPoint testExecutionPoint, String scopeName, Boolean enterVerificationScope, Object context) in F:\dd\src\omni\Apex\Framework\Services\ExecutionScope\ExecutionScopeService.cs:line 228
   at Microsoft.Test.Apex.Services.ExecutionScopeService.Enter(String scopeName, Boolean enterVerificationScope, Object context) in F:\dd\src\omni\Apex\Framework\Services\ExecutionScope\ExecutionScopeService.cs:line 202
   at Microsoft.Test.Apex.Services.ExecutionScopeService.Enter(String scopeName) in F:\dd\src\omni\Apex\Framework\Services\ExecutionScope\ExecutionScopeService.cs:line 80
   at Microsoft.Test.Apex.ApexTest.TestInitialize() in F:\dd\src\omni\Apex\MsTestIntegration\ApexTest.cs:line 423
   at Microsoft.Test.Apex.ExternalProcessHostTest`2.TestInitialize() in F:\dd\src\omni\Apex\MsTestIntegration\ExternalProcessHostTest.cs:line 108</StackTrace>
        </ErrorInfo>
      </Output>
    </UnitTestResult>
    <UnitTestResult executionId="528349aa-18df-42be-9b35-0b8addcf283e" testId="1e08ff65-4551-e5d1-dda2-476328f7fd91" testName="VSTest_JSON_SchemaValidation_BasicValidationErrors" computerName="WNVM19648" duration="00:00:10.6461475" startTime="2018-04-17T01:55:55.0413596-07:00" endTime="2018-04-17T01:56:05.6875071-07:00" testType="13cdc9d9-ddb5-4fa4-a97d-d965ccfc6d4b" outcome="Passed" testListId="8c84fa94-04c1-424b-9868-57a2d4851a1d" relativeResultsDirectory="528349aa-18df-42be-9b35-0b8addcf283e">
      <Output>
        <StdOut>+ SchemaValidation::VSTest_JSON_SchemaValidation_BasicValidationErrors
    + ApexTest TestInitialize
    + ExternalProcessHostTest TestInitialize
        (01:57:36.809) [Visual Studio Host (6752):RoamingSettingsService] Disabling roaming settings.
        (01:57:36.985) [Visual Studio Host (6752):SettingsService] Setting Visual Studio option 'Environment\RoamingSettings\RoamingEnabled' to 'False'.
        (01:57:37.475) [Visual Studio Host (6752):TextEditorDocumentWindowTestExtension] Showing window 'validationErrors.json' without activating the window.
        (01:57:37.679) [Visual Studio Host (6752):TextEditorDocumentWindowTestExtension] Showing window 'validationErrors.json'.
        (01:57:37.875) [Visual Studio Host (6752):VisualStudioTextEditorTestExtension] Setting keyboard focus to editor 'validationErrors.json'.
        (01:57:38.064) [Visual Studio Host (6752):MainWindowService] Activating main window to bring it to the foreground.
        (01:57:38.242) [Visual Studio Host (6752):MainWindowService] Setting main window state to 'Maximized'.
    (01:57:38.594) [Visual Studio Host (6752):TextEditorDocumentWindowTestExtension] Showing window 'validationErrors.json' without activating the window.
    (01:57:38.792) [Visual Studio Host (6752):TextEditorDocumentWindowTestExtension] Showing window 'validationErrors.json'.
    (01:57:39.077) [Visual Studio Host (6752):ToolWindowTestExtension] Showing window 'Error List' without activating the window.
    (01:57:39.230) [Visual Studio Host (6752):ToolWindowTestExtension] Showing window 'Error List'.
    (01:57:40.638) [Visual Studio Host (6752):ToolWindowTestExtension] Showing window 'Error List' without activating the window.
    (01:57:40.937) [Visual Studio Host (6752):ToolWindowTestExtension] Showing window 'Error List' without activating the window.
    (01:57:41.158) [Visual Studio Host (6752):ErrorListService] Showing error list error items.
    (01:57:41.433) [Visual Studio Host (6752):ToolWindowTestExtension] Showing window 'Error List' without activating the window.
    (01:57:41.597) [Visual Studio Host (6752):ErrorListService] Showing error list message items.
    (01:57:41.791) [Visual Studio Host (6752):ToolWindowTestExtension] Showing window 'Error List' without activating the window.
    (01:57:41.974) [Visual Studio Host (6752):ErrorListService] Showing error list warning items.
    (01:57:44.255) [Visual Studio Host (6752):TextEditorDocumentWindowTestExtension] Showing window 'validationErrors.json' without activating the window.
    (01:57:44.565) [Visual Studio Host (6752):TextEditorDocumentWindowTestExtension] Showing window 'validationErrors.json'.
    + ExternalProcessHostTest TestCleanup
        (01:57:44.963) [Visual Studio Host (6752):TextEditorDocumentWindowTestExtension] Closing window 'validationErrors.json'.
        (01:57:45.287) [Platform:Testcase] Test 'VSTest_JSON_SchemaValidation_BasicValidationErrors' has 'Passed' outcome. Therefore, Apex will not shut down the 'Visual Studio Host (6752)' with process ID '6752'. A subsequent test scenario will run on the same instance of the host.
    + Final Test Result Verification
        (01:57:45.842) [Platform:DelayedAssertionVerifierSink] Verification Success: 0 verification steps failed.
    + ApexTest TestCleanup</StdOut>
      </Output>
      <ResultFiles>
        <ResultFile path="WNVM19648\Fail.22wpw0oka5fs.png" />
        <ResultFile path="WNVM19648\Fail.24wtv1jnawc3.png" />
        <ResultFile path="WNVM19648\Fail.2lws5epta1gw.png" />
        <ResultFile path="WNVM19648\Fail.33ju4eduay3u.png" />
        <ResultFile path="WNVM19648\Fail.3poblbx4alvv.png" />
        <ResultFile path="WNVM19648\Fail.4p531ykxaqdb.png" />
        <ResultFile path="WNVM19648\Fail.5erbsz3aa4ay.png" />
        <ResultFile path="WNVM19648\Fail.ashpv3rjajjr.png" />
        <ResultFile path="WNVM19648\Fail.aswak04hapa5.png" />
        <ResultFile path="WNVM19648\Fail.azqsczivabnm.png" />
        <ResultFile path="WNVM19648\Fail.byuslv5baqsd.png" />
        <ResultFile path="WNVM19648\Fail.bz134qwyax2e.png" />
        <ResultFile path="WNVM19648\Fail.ek4tb3wmalyl.png" />
        <ResultFile path="WNVM19648\Fail.hxi2cahnapy2.png" />
        <ResultFile path="WNVM19648\Fail.ig2gsfz5ad1y.png" />
        <ResultFile path="WNVM19648\Fail.iymeazuqablz.png" />
        <ResultFile path="WNVM19648\Fail.jpga4adlarrf.png" />
        <ResultFile path="WNVM19648\Fail.kfb5og41ajlt.png" />
        <ResultFile path="WNVM19648\Fail.kxs1ersmaxma.png" />
        <ResultFile path="WNVM19648\Fail.lbyrcmqbastb.png" />
        <ResultFile path="WNVM19648\Fail.loc0xhl5a2hr.png" />
        <ResultFile path="WNVM19648\Fail.lthgvalfaxfr.png" />
        <ResultFile path="WNVM19648\Fail.mazsob3aamsp.png" />
        <ResultFile path="WNVM19648\Fail.n13clx4iaowv.png" />
        <ResultFile path="WNVM19648\Fail.o4kkrjboasbk.png" />
        <ResultFile path="WNVM19648\Fail.o5zf0zepaw0l.png" />
        <ResultFile path="WNVM19648\Fail.pdo2mhdtanq2.png" />
        <ResultFile path="WNVM19648\Fail.pprwzak1ac5h.png" />
        <ResultFile path="WNVM19648\Fail.qagtqbftat3h.png" />
        <ResultFile path="WNVM19648\Fail.qbnuydioazjy.png" />
        <ResultFile path="WNVM19648\Fail.raasvsmeanc1.png" />
        <ResultFile path="WNVM19648\Fail.rymman3va50a.png" />
        <ResultFile path="WNVM19648\Fail.sidku4gxamg4.png" />
        <ResultFile path="WNVM19648\Fail.swwzdfhraz25.png" />
        <ResultFile path="WNVM19648\Fail.t4yj0fxuatil.png" />
        <ResultFile path="WNVM19648\Fail.v0ywfcwsa23p.png" />
        <ResultFile path="WNVM19648\Fail.vjqtiv2zaclz.png" />
        <ResultFile path="WNVM19648\Fail.wiz4mofdavag.png" />
        <ResultFile path="WNVM19648\Fail.yd3ferxiaq1c.png" />
        <ResultFile path="WNVM19648\Fail.z10rn0n5ajdm.png" />
        <ResultFile path="WNVM19648\Fail.z2gelfy0aa1q.png" />
        <ResultFile path="WNVM19648\Fail.zpuouf2fa0ib.png" />
        <ResultFile path="WNVM19648\OmniLog.html" />
        <ResultFile path="WNVM19648\OmniLogRawXml.xml" />
      </ResultFiles>
    </UnitTestResult>
    <UnitTestResult executionId="9753e861-5f9e-4007-828c-b43ee87fad10" testId="39b6a6ba-2019-ea60-859a-cfb6efaa8cca" testName="VSTest_Completion_RequiredParent" computerName="WNVM19648" duration="00:00:05.5973804" startTime="2018-04-17T00:16:55.8695278-07:00" endTime="2018-04-17T00:17:01.4669082-07:00" testType="13cdc9d9-ddb5-4fa4-a97d-d965ccfc6d4b" outcome="Passed" testListId="8c84fa94-04c1-424b-9868-57a2d4851a1d" relativeResultsDirectory="9753e861-5f9e-4007-828c-b43ee87fad10">
      <Output>
        <StdOut>+ CompletionTests::VSTest_Completion_RequiredParent
    + ApexTest TestInitialize
    + ExternalProcessHostTest TestInitialize
        (18:37.247) [Visual Studio Host (6956):RoamingSettingsService] Disabling roaming settings.
        (18:37.306) [Visual Studio Host (6956):SettingsService] Setting Visual Studio option 'Environment\RoamingSettings\RoamingEnabled' to 'False'.
        (18:37.698) [Visual Studio Host (6956):TextEditorDocumentWindowTestExtension] Showing window 'Completion.html' without activating the window.
        (18:37.775) [Visual Studio Host (6956):TextEditorDocumentWindowTestExtension] Showing window 'Completion.html'.
        (18:37.847) [Visual Studio Host (6956):VisualStudioTextEditorTestExtension] Setting keyboard focus to editor 'Completion.html'.
        (18:37.913) [Visual Studio Host (6956):MainWindowService] Activating main window to bring it to the foreground.
        (18:38.035) [Visual Studio Host (6956):MainWindowService] Setting main window state to 'Maximized'.
    (18:38.207) [Visual Studio Host (6956):TextEditorDocumentWindowTestExtension] Showing window 'Completion.html' without activating the window.
    (18:38.271) [Visual Studio Host (6956):TextEditorDocumentWindowTestExtension] Showing window 'Completion.html'.
    (18:38.339) [Visual Studio Host (6956):VisualStudioCaretTestExtension] Moving the caret to '&lt;body' at (Ln: 13, Ch: 1) based on a regular expression.  Expression = "&lt;body" [group index '0', match index '1', options 'Singleline, CultureInvariant']
    (18:38.409) [Visual Studio Host (6956):TextEditorDocumentWindowTestExtension] Showing window 'Completion.html' without activating the window.
    (18:38.472) [Visual Studio Host (6956):TextEditorDocumentWindowTestExtension] Showing window 'Completion.html'.
    (18:38.533) [Visual Studio Host (6956):VisualStudioCaretTestExtension] Moving the caret from (Ln: 13, Ch: 1) down '1' lines
    (18:38.601) [Visual Studio Host (6956):VisualStudioTextEditorTestExtension] Setting keyboard focus to editor 'Completion.html'.
    (18:38.927) [Visual Studio Host (6956):TextEditorDocumentWindowTestExtension] Showing window 'Completion.html' without activating the window.
    (18:38.990) [Visual Studio Host (6956):TextEditorDocumentWindowTestExtension] Showing window 'Completion.html'.
    (18:39.083) [Visual Studio Host (6956):VisualStudioCaretTestExtension] Moving the caret to '' at (Ln: 14, Ch: 13) based on a regular expression.  Expression = "&lt;li ()" [group index '1', match index '1', options 'Singleline, CultureInvariant']
    (18:39.161) [Visual Studio Host (6956):TextEditorDocumentWindowTestExtension] Showing window 'Completion.html' without activating the window.
    (18:39.269) [Visual Studio Host (6956):TextEditorDocumentWindowTestExtension] Showing window 'Completion.html'.
    (18:39.365) [Visual Studio Host (6956):VisualStudioIntellisenseService] Did not find an active completion session. Please use Verify.IsCompletionListPresent() to make sure that the list is present before requesting the completion session.
    Warning: (18:39.431) [Visual Studio Host (6956):VisualStudioIntellisenseService] No active completion sessions were found for editor 'Completion.html'.
    (18:39.507) [Visual Studio Host (6956):VisualStudioIntellisenseService] Invoking Completion member list at '(Ln: 14, Ch: 13)'.
    (18:39.592) [Visual Studio Host (6956):VisualStudioIntellisenseService] Getting the active completion at position '(Ln: 14, Ch: 13)'.
    (18:39.798) [Visual Studio Host (6956):VisualStudioCompletionListTestExtension] Retrieved '34' completion items.
    (18:39.942) [Visual Studio Host (6956):TextEditorDocumentWindowTestExtension] Showing window 'Completion.html' without activating the window.
    (18:39.994) [Visual Studio Host (6956):TextEditorDocumentWindowTestExtension] Showing window 'Completion.html'.
    (18:40.068) [Visual Studio Host (6956):VisualStudioTextEditingActions] Inserting '1' lines below the current caret position: '(Ln: 14, Ch: 13)'
    (18:40.216) [Visual Studio Host (6956):TextEditorDocumentWindowTestExtension] Showing window 'Completion.html' without activating the window.
    (18:40.289) [Visual Studio Host (6956):TextEditorDocumentWindowTestExtension] Showing window 'Completion.html'.
    (18:40.350) [Visual Studio Host (6956):VisualStudioCaretTestExtension] Moving the caret from (Ln: 15, Ch: 5) down '1' lines
    (18:40.414) [Visual Studio Host (6956):VisualStudioTextEditorTestExtension] Setting keyboard focus to editor 'Completion.html'.
    (18:40.515) [Visual Studio Host (6956):TextEditorDocumentWindowTestExtension] Showing window 'Completion.html' without activating the window.
    (18:40.603) [Visual Studio Host (6956):TextEditorDocumentWindowTestExtension] Showing window 'Completion.html'.
    (18:40.686) [Visual Studio Host (6956):VisualStudioCaretTestExtension] Moving the caret to '' at (Ln: 16, Ch: 13) based on a regular expression.  Expression = "&lt;ul&gt;&lt;li ()" [group index '1', match index '1', options 'Singleline, CultureInvariant']
    (18:40.785) [Visual Studio Host (6956):TextEditorDocumentWindowTestExtension] Showing window 'Completion.html' without activating the window.
    (18:40.864) [Visual Studio Host (6956):TextEditorDocumentWindowTestExtension] Showing window 'Completion.html'.
    (18:40.955) [Visual Studio Host (6956):VisualStudioIntellisenseService] Did not find an active completion session. Please use Verify.IsCompletionListPresent() to make sure that the list is present before requesting the completion session.
    Warning: (18:41.018) [Visual Studio Host (6956):VisualStudioIntellisenseService] No active completion sessions were found for editor 'Completion.html'.
    (18:41.079) [Visual Studio Host (6956):VisualStudioIntellisenseService] Invoking Completion member list at '(Ln: 16, Ch: 13)'.
    (18:41.193) [Visual Studio Host (6956):VisualStudioIntellisenseService] Getting the active completion at position '(Ln: 16, Ch: 13)'.
    (18:41.330) [Visual Studio Host (6956):VisualStudioCompletionListTestExtension] Retrieved '33' completion items.
    + ExternalProcessHostTest TestCleanup
        (18:41.571) [Visual Studio Host (6956):TextEditorDocumentWindowTestExtension] Closing window 'Completion.html'.
        (18:41.987) [Platform:Testcase] Test 'VSTest_Completion_RequiredParent' has 'Passed' outcome. Therefore, Apex will not shut down the 'Visual Studio Host (6956)' with process ID '6956'. A subsequent test scenario will run on the same instance of the host.
    + Final Test Result Verification
        (18:42.295) [Platform:DelayedAssertionVerifierSink] Verification Success: 0 verification steps failed.
    + ApexTest TestCleanup</StdOut>
      </Output>
      <ResultFiles>
        <ResultFile path="WNVM19648\Fail.azqsczivabnm.png" />
        <ResultFile path="WNVM19648\Fail.ig2gsfz5ad1y.png" />
        <ResultFile path="WNVM19648\Fail.o5zf0zepaw0l.png" />
        <ResultFile path="WNVM19648\OmniLog.html" />
        <ResultFile path="WNVM19648\OmniLogRawXml.xml" />
      </ResultFiles>
    </UnitTestResult>
    <UnitTestResult executionId="63b04a9e-0f21-45ee-9a6e-4745413dfcfd" testId="2b2c7617-183c-a15e-d253-a30da88bcfd6" testName="VSTest_BowerIntelliSenseTests_UnavailableVersion" computerName="WNVM19648" duration="00:03:52.8904561" startTime="2018-04-17T01:47:58.1435512-07:00" endTime="2018-04-17T01:51:51.0340073-07:00" testType="13cdc9d9-ddb5-4fa4-a97d-d965ccfc6d4b" outcome="Failed" testListId="8c84fa94-04c1-424b-9868-57a2d4851a1d" relativeResultsDirectory="63b04a9e-0f21-45ee-9a6e-4745413dfcfd">
      <Output>
        <StdOut>+ BowerIntelliSenseTests::VSTest_BowerIntelliSenseTests_UnavailableVersion
    + ApexTest TestInitialize
    + ExternalProcessHostTest TestInitialize
        (01:49:40.127) [Visual Studio Host (11324):RoamingSettingsService] Disabling roaming settings.
        (01:49:40.332) [Visual Studio Host (11324):SettingsService] Setting Visual Studio option 'Environment\RoamingSettings\RoamingEnabled' to 'False'.
        (01:49:41.001) [Visual Studio Host (11324):TextEditorDocumentWindowTestExtension] Showing window 'bower.json' without activating the window.
        (01:49:41.210) [Visual Studio Host (11324):TextEditorDocumentWindowTestExtension] Showing window 'bower.json'.
        (01:49:41.435) [Visual Studio Host (11324):VisualStudioTextEditorTestExtension] Setting keyboard focus to editor 'bower.json'.
        (01:49:41.689) [Visual Studio Host (11324):MainWindowService] Activating main window to bring it to the foreground.
        (01:49:41.917) [Visual Studio Host (11324):MainWindowService] Setting main window state to 'Maximized'.
    (01:49:42.356) [Visual Studio Host (11324):TextEditorDocumentWindowTestExtension] Showing window 'bower.json' without activating the window.
    (01:49:42.592) [Visual Studio Host (11324):TextEditorDocumentWindowTestExtension] Showing window 'bower.json'.
    (01:49:42.842) [Visual Studio Host (11324):VisualStudioCaretTestExtension] Moving the caret to '{' at (Ln: 1, Ch: 1) based on a regular expression.  Expression = "{" [group index '0', match index '1', options 'Singleline, CultureInvariant']
    (01:49:43.060) [Visual Studio Host (11324):TextEditorDocumentWindowTestExtension] Showing window 'bower.json' without activating the window.
    (01:49:43.255) [Visual Studio Host (11324):TextEditorDocumentWindowTestExtension] Showing window 'bower.json'.
    (01:49:43.467) [Visual Studio Host (11324):VisualStudioCaretTestExtension] Moving the caret from (Ln: 1, Ch: 1) right '1' characters
    (01:49:43.668) [Visual Studio Host (11324):VisualStudioTextEditorTestExtension] Setting keyboard focus to editor 'bower.json'.
    (01:49:43.968) [Visual Studio Host (11324):TextEditorDocumentWindowTestExtension] Showing window 'bower.json' without activating the window.
    (01:49:44.169) [Visual Studio Host (11324):TextEditorDocumentWindowTestExtension] Showing window 'bower.json'.
    (01:49:44.389) [Visual Studio Host (11324):KeyboardCommands] Sending the Return key 1 times.
    (01:49:44.801) [Visual Studio Host (11324):TextEditorDocumentWindowTestExtension] Showing window 'bower.json' without activating the window.
    (01:49:45.032) [Visual Studio Host (11324):TextEditorDocumentWindowTestExtension] Showing window 'bower.json'.
    (01:49:45.240) [Visual Studio Host (11324):VisualStudioCaretTestExtension] Moving the caret to 'dependencies' at (Ln: 5, Ch: 4) based on a regular expression.  Expression = "dependencies" [group index '0', match index '1', options 'Singleline, CultureInvariant']
    (01:49:45.460) [Visual Studio Host (11324):TextEditorDocumentWindowTestExtension] Showing window 'bower.json' without activating the window.
    (01:49:45.639) [Visual Studio Host (11324):TextEditorDocumentWindowTestExtension] Showing window 'bower.json'.
    (01:49:45.856) [Visual Studio Host (11324):VisualStudioCaretTestExtension] Moving the caret from (Ln: 5, Ch: 4) to the end of the line
    (01:49:46.061) [Visual Studio Host (11324):VisualStudioTextEditorTestExtension] Setting keyboard focus to editor 'bower.json'.
    (01:49:46.285) [Visual Studio Host (11324):TextEditorDocumentWindowTestExtension] Showing window 'bower.json' without activating the window.
    (01:49:46.495) [Visual Studio Host (11324):TextEditorDocumentWindowTestExtension] Showing window 'bower.json'.
    (01:49:46.702) [Visual Studio Host (11324):KeyboardCommands] Sending the Return key 1 times.
    (01:49:46.919) [Visual Studio Host (11324):TextEditorDocumentWindowTestExtension] Showing window 'bower.json' without activating the window.
    (01:49:47.136) [Visual Studio Host (11324):TextEditorDocumentWindowTestExtension] Showing window 'bower.json'.
    (01:49:49.969) [Visual Studio Host (11324):TextEditorDocumentWindowTestExtension] Showing window 'bower.json' without activating the window.
    (01:53:05.982) [Platform:Microsoft.Test.Apex.Services.ScreenshotService] Took a screenshot for category '' and saved as 'C:\TestBin\IntegrationTests\TestResults\2018_04_16_23_55_50\VSTest_BowerIntelliSenseTests_CaseSensitivity_Timedout.jpg'.
    Error: (01:53:06.431) [Platform:Testcase] Test method Microsoft.VisualStudio.Web.Editors.IntegrationTests.JSON.PackageManagement.BowerIntelliSenseTests.VSTest_BowerIntelliSenseTests_UnavailableVersion threw exception. System.Runtime.Remoting.RemotingException: Failed to read from an IPC Port: The pipe has been ended.

   at Microsoft.VisualStudio.Web.Common.TestAdapter.ParameterizedTests.ReflectionUtilities.InvokeMethod(Object targetObject, MethodInfo method, Object[] methodArguments, String exceptionMessageFormat) in D:\dd\WTE\Main\test\Common\TestAdapter\ParameterizedTests\ReflectionUtilities.cs:line 190
   at Microsoft.VisualStudio.Web.Common.TestAdapter.ParameterizedTests.TestMethodInfo.Invoke(Object testObject, TestExecutionContext context) in D:\dd\WTE\Main\test\Common\TestAdapter\ParameterizedTests\TestMethodInfo.cs:line 64
    + ExternalProcessHostTest TestCleanup
        (01:53:10.606) [Platform:VenusHost] Compose Batch: 00:00:03.1963960
        (01:53:14.028) [Platform:VenusHost] Host Process is being started. Executable = 'C:\Program Files (x86)\Microsoft Visual Studio\Preview\Enterprise\Common7\IDE\devenv.exe'.
        (01:53:14.191) [Platform:VenusHost] Host Process is started. PID = 5816.
        (01:53:14.455) [Platform:VenusHost] Host process 'devenv' (id: 5816) is now idle/ready.
        (01:53:19.891) [Platform:Microsoft.Test.Apex.Hosts.Services.RemoteServiceInitializer] Using remote code injector service 'RemoteCodeInjectorService' for the operation 'ManagedAuto'.
        + Visual Studio Host Creation
            (01:53:28.120) [Platform:Testcase] Target Executable: 'C:\Program Files (x86)\Microsoft Visual Studio\Preview\Enterprise\Common7\IDE\devenv.exe'.
            (01:53:28.301) [Platform:Testcase] Process Id: '5816'.
            (01:53:28.493) [Platform:Testcase] UI Culture: 'English (United States)'.
            (01:53:28.684) [Platform:Testcase] Build Number: '15.0.27615'.
        (01:53:29.107) [Visual Studio Host (5816):MainWindowService] Setting main window state to 'Maximized'.
        (01:53:29.319) [Visual Studio Host (5816):MainWindowService] Activating main window to bring it to the foreground.
        Warning: (01:53:29.571) [Platform:Microsoft.Test.Apex.Services.ScreenshotService] Exception occured when copying screenshot file from 'C:\TestBin\IntegrationTests\Failure.jpg' to 'C:\TestBin\IntegrationTests\TestResults\2018_04_16_23_55_50\Failure.jpg'.
        Warning: (01:53:29.571) [Platform:Microsoft.Test.Apex.Services.ScreenshotService] System.IO.IOException: The file 'C:\TestBin\IntegrationTests\TestResults\2018_04_16_23_55_50\Failure.jpg' already exists.
   at System.IO.__Error.WinIOError(Int32 errorCode, String maybeFullPath)
   at System.IO.File.InternalCopy(String sourceFileName, String destFileName, Boolean overwrite, Boolean checkHost)
   at System.IO.File.Copy(String sourceFileName, String destFileName, Boolean overwrite)
   at Microsoft.Test.Apex.Services.ScreenshotService.TakeOne(String categoryName, String fileNamePrefix, String repositoryPath) in F:\dd\src\omni\Apex\Framework\Services\Screenshot\ScreenshotService.cs:line 176
        (01:53:29.942) [Platform:ProcessCaptureService] Capturing screenshots for PID 5816 (devenv)
        Result file 'VSTest_BowerIntelliSenseTests_UnavailableVersion-Failure-devenv.5816.png' added: file:///C:/TestBin/IntegrationTests/TestResults/2018_04_16_23_55_50/VSTest_BowerIntelliSenseTests_UnavailableVersion-Failure-devenv.5816.png
        (01:53:30.398) [Platform:ProcessCaptureService] Bounding rectangle of HWND 0x170566 is size (0, 0), which cannot be captured.
        (01:53:30.579) [Platform:ProcessCaptureService] Bounding rectangle of HWND 0x2004E2 is size (0, 0), which cannot be captured.
    + Final Test Result Verification
        (01:53:31.158) [Platform:DelayedAssertionVerifierSink] Verification Success: 0 verification steps failed.
    + ApexTest TestCleanup</StdOut>
        <ErrorInfo>
          <Message>Test method Microsoft.VisualStudio.Web.Editors.IntegrationTests.JSON.PackageManagement.BowerIntelliSenseTests.VSTest_BowerIntelliSenseTests_UnavailableVersion threw exception. System.Runtime.Remoting.RemotingException: Failed to read from an IPC Port: The pipe has been ended.
</Message>
          <StackTrace>
Server stack trace: 
   at System.Runtime.Remoting.Channels.Ipc.IpcPort.Read(Byte[] data, Int32 offset, Int32 length)
   at System.Runtime.Remoting.Channels.Ipc.PipeStream.Read(Byte[] buffer, Int32 offset, Int32 size)
   at System.Runtime.Remoting.Channels.SocketHandler.ReadFromSocket(Byte[] buffer, Int32 offset, Int32 count)
   at System.Runtime.Remoting.Channels.SocketHandler.Read(Byte[] buffer, Int32 offset, Int32 count)
   at System.Runtime.Remoting.Channels.SocketHandler.ReadAndMatchFourBytes(Byte[] buffer)
   at System.Runtime.Remoting.Channels.Tcp.TcpSocketHandler.ReadAndMatchPreamble()
   at System.Runtime.Remoting.Channels.Tcp.TcpSocketHandler.ReadVersionAndOperation(UInt16&amp; operation)
   at System.Runtime.Remoting.Channels.Ipc.IpcClientHandler.ReadHeaders()
   at System.Runtime.Remoting.Channels.Ipc.IpcClientTransportSink.ProcessMessage(IMessage msg, ITransportHeaders requestHeaders, Stream requestStream, ITransportHeaders&amp; responseHeaders, Stream&amp; responseStream)
   at System.Runtime.Remoting.Channels.BinaryClientFormatterSink.SyncProcessMessage(IMessage msg)

Exception rethrown at [0]: 
   at System.Runtime.Remoting.Proxies.RealProxy.HandleReturnMessage(IMessage reqMsg, IMessage retMsg)
   at System.Runtime.Remoting.Proxies.RealProxy.PrivateInvoke(MessageData&amp; msgData, Int32 type)
   at Microsoft.Test.Apex.VisualStudio.Shell.WindowManagementService.get_ActiveDocumentWindowAsTextEditor()
   at Microsoft.VisualStudio.Web.Common.TestServices.Utilities.WebUtility.GetActiveTextEditorDocument() in D:\dd\WTE\Main\test\Common\TestServices\Utilities\WebUtility.cs:line 40
   at Microsoft.VisualStudio.Web.Common.TestServices.VisualStudioHostWebTest.get_Editor() in D:\dd\WTE\Main\test\Common\TestServices\Apex\VisualStudioHostWebTest.cs:line 639
   at Microsoft.VisualStudio.Web.Editors.IntegrationTests.JSON.PackageManagement.BowerIntelliSenseTests.VSTest_BowerIntelliSenseTests_UnavailableVersion() in D:\dd\WTE\Main\test\Editors\IntegrationTests\JSON\PackageManagement\BowerIntelliSenseTests.cs:line 179</StackTrace>
        </ErrorInfo>
      </Output>
      <ResultFiles>
        <ResultFile path="WNVM19648\Fail.22wpw0oka5fs.png" />
        <ResultFile path="WNVM19648\Fail.24wtv1jnawc3.png" />
        <ResultFile path="WNVM19648\Fail.2lws5epta1gw.png" />
        <ResultFile path="WNVM19648\Fail.33ju4eduay3u.png" />
        <ResultFile path="WNVM19648\Fail.3poblbx4alvv.png" />
        <ResultFile path="WNVM19648\Fail.4p531ykxaqdb.png" />
        <ResultFile path="WNVM19648\Fail.ashpv3rjajjr.png" />
        <ResultFile path="WNVM19648\Fail.aswak04hapa5.png" />
        <ResultFile path="WNVM19648\Fail.azqsczivabnm.png" />
        <ResultFile path="WNVM19648\Fail.byuslv5baqsd.png" />
        <ResultFile path="WNVM19648\Fail.ek4tb3wmalyl.png" />
        <ResultFile path="WNVM19648\Fail.ig2gsfz5ad1y.png" />
        <ResultFile path="WNVM19648\Fail.iymeazuqablz.png" />
        <ResultFile path="WNVM19648\Fail.jpga4adlarrf.png" />
        <ResultFile path="WNVM19648\Fail.kfb5og41ajlt.png" />
        <ResultFile path="WNVM19648\Fail.kxs1ersmaxma.png" />
        <ResultFile path="WNVM19648\Fail.lbyrcmqbastb.png" />
        <ResultFile path="WNVM19648\Fail.loc0xhl5a2hr.png" />
        <ResultFile path="WNVM19648\Fail.mazsob3aamsp.png" />
        <ResultFile path="WNVM19648\Fail.o4kkrjboasbk.png" />
        <ResultFile path="WNVM19648\Fail.o5zf0zepaw0l.png" />
        <ResultFile path="WNVM19648\Fail.pprwzak1ac5h.png" />
        <ResultFile path="WNVM19648\Fail.qagtqbftat3h.png" />
        <ResultFile path="WNVM19648\Fail.qbnuydioazjy.png" />
        <ResultFile path="WNVM19648\Fail.raasvsmeanc1.png" />
        <ResultFile path="WNVM19648\Fail.rymman3va50a.png" />
        <ResultFile path="WNVM19648\Fail.sidku4gxamg4.png" />
        <ResultFile path="WNVM19648\Fail.swwzdfhraz25.png" />
        <ResultFile path="WNVM19648\Fail.t4yj0fxuatil.png" />
        <ResultFile path="WNVM19648\Fail.vjqtiv2zaclz.png" />
        <ResultFile path="WNVM19648\Fail.z10rn0n5ajdm.png" />
        <ResultFile path="WNVM19648\Fail.z2gelfy0aa1q.png" />
        <ResultFile path="WNVM19648\Failure.jpg" />
        <ResultFile path="WNVM19648\Failure[1].jpg" />
        <ResultFile path="WNVM19648\OmniLog.html" />
        <ResultFile path="WNVM19648\OmniLogRawXml.xml" />
        <ResultFile path="WNVM19648\VSTest_BowerIntelliSenseTests_CaseSensitivity_Timedout.jpg" />
        <ResultFile path="WNVM19648\VSTest_BowerIntelliSenseTests_CaseSensitivity_Timedout[1].jpg" />
        <ResultFile path="WNVM19648\VSTest_BowerIntelliSenseTests_End_To_End_Timedout.jpg" />
        <ResultFile path="WNVM19648\VSTest_BowerIntelliSenseTests_End_To_End_Timedout[1].jpg" />
        <ResultFile path="WNVM19648\VSTest_BowerIntelliSenseTests_UnavailableVersion-Failure-devenv.5816.png" />
        <ResultFile path="WNVM19648\VSTest_Generate_AttrModel_Methods_WAP_Code_Behind_CS_Timedout.jpg" />
        <ResultFile path="WNVM19648\VSTest_Generate_AttrModel_Methods_WAP_Code_Behind_CS_Timedout[1].jpg" />
        <ResultFile path="WNVM19648\VSTest_HitBreakpointAndEditInCSHtml_Timedout.jpg" />
        <ResultFile path="WNVM19648\VSTest_HitBreakpointAndEditInCSHtml_Timedout[1].jpg" />
        <ResultFile path="WNVM19648\VSTest_Html_Drag_Drop_JavascriptFile_Timedout.jpg" />
        <ResultFile path="WNVM19648\VSTest_Html_Drag_Drop_JavascriptFile_Timedout[1].jpg" />
        <ResultFile path="WNVM19648\VSTest_JSON_AutoStructureWithExistingComma_Timedout.jpg" />
        <ResultFile path="WNVM19648\VSTest_JSON_AutoStructureWithExistingComma_Timedout[1].jpg" />
        <ResultFile path="WNVM19648\VSTest_NPMIntelliSenseTests_End_To_End_Timedout.jpg" />
        <ResultFile path="WNVM19648\VSTest_NPMIntelliSenseTests_End_To_End_Timedout[1].jpg" />
        <ResultFile path="WNVM19648\VSTest_NPM_Completion_ScopedPackage_Timedout.jpg" />
        <ResultFile path="WNVM19648\VSTest_NPM_Completion_ScopedPackage_Timedout[1].jpg" />
        <ResultFile path="WNVM19648\VSTest_NPM_NavigateToHomepage_Timedout.jpg" />
        <ResultFile path="WNVM19648\VSTest_NPM_NavigateToHomepage_Timedout[1].jpg" />
        <ResultFile path="WNVM19648\VSTest_Parser_PTagTest_Timedout.jpg" />
        <ResultFile path="WNVM19648\VSTest_Parser_PTagTest_Timedout[1].jpg" />
        <ResultFile path="WNVM19648\VSTest_Razor_TagHelpers_OptOut_Timedout.jpg" />
        <ResultFile path="WNVM19648\VSTest_Razor_TagHelpers_OptOut_Timedout[1].jpg" />
        <ResultFile path="WNVM19648\VSTest_Razor_TagHelpers_Update_CS_File_And_Build_Timedout.jpg" />
        <ResultFile path="WNVM19648\VSTest_Razor_TagHelpers_Update_CS_File_And_Build_Timedout[1].jpg" />
        <ResultFile path="WNVM19648\VSTest_Script_Completion_Top_Level_Timedout.jpg" />
        <ResultFile path="WNVM19648\VSTest_Script_Completion_Top_Level_Timedout[1].jpg" />
        <ResultFile path="WNVM19648\VSTest_SmartIndentInJSInRazorV4_Timedout.jpg" />
        <ResultFile path="WNVM19648\VSTest_SmartIndentInJSInRazorV4_Timedout[1].jpg" />
      </ResultFiles>
    </UnitTestResult>
    <UnitTestResult executionId="e785c5ab-cded-46a7-b3bd-be714d359423" testId="b4a95437-7673-c1d1-517a-c8c8a3efd1f7" testName="VSTest_RazorCshtmlSurroundSnippet" computerName="WNVM19648" duration="00:00:11.0494396" startTime="2018-04-17T01:07:56.2419825-07:00" endTime="2018-04-17T01:08:07.2914221-07:00" testType="13cdc9d9-ddb5-4fa4-a97d-d965ccfc6d4b" outcome="Passed" testListId="8c84fa94-04c1-424b-9868-57a2d4851a1d" relativeResultsDirectory="e785c5ab-cded-46a7-b3bd-be714d359423">
      <Output>
        <StdOut>+ CSharpGeneralTests::VSTest_RazorCshtmlSurroundSnippet
    + ApexTest TestInitialize
    + ExternalProcessHostTest TestInitialize
        (01:09:37.922) [Visual Studio Host (4384):RoamingSettingsService] Disabling roaming settings.
        (01:09:38.050) [Visual Studio Host (4384):SettingsService] Setting Visual Studio option 'Environment\RoamingSettings\RoamingEnabled' to 'False'.
        (01:09:38.475) [Visual Studio Host (4384):TextEditorDocumentWindowTestExtension] Showing window 'singleline.cshtml' without activating the window.
        (01:09:38.670) [Visual Studio Host (4384):TextEditorDocumentWindowTestExtension] Showing window 'singleline.cshtml'.
        (01:09:38.896) [Visual Studio Host (4384):VisualStudioTextEditorTestExtension] Setting keyboard focus to editor 'singleline.cshtml'.
        (01:09:39.075) [Visual Studio Host (4384):MainWindowService] Activating main window to bring it to the foreground.
        (01:09:39.228) [Visual Studio Host (4384):MainWindowService] Setting main window state to 'Maximized'.
    (01:09:39.576) [Visual Studio Host (4384):TextEditorDocumentWindowTestExtension] Showing window 'singleline.cshtml' without activating the window.
    (01:09:39.757) [Visual Studio Host (4384):TextEditorDocumentWindowTestExtension] Showing window 'singleline.cshtml'.
    (01:09:39.941) [Visual Studio Host (4384):VisualStudioCaretTestExtension] Moving the caret from (Ln: 1, Ch: 1) to the end of the line
    (01:09:40.101) [Visual Studio Host (4384):VisualStudioTextEditorTestExtension] Setting keyboard focus to editor 'singleline.cshtml'.
    (01:09:40.267) [Visual Studio Host (4384):VisualStudioCaretTestExtension] Moving the caret and selecting from (Ln: 1, Ch: 12) to the beginning of the line
    (01:09:40.430) [Visual Studio Host (4384):VisualStudioTextEditorTestExtension] Setting keyboard focus to editor 'singleline.cshtml'.
    (01:09:40.658) [Visual Studio Host (4384):VisualStudioIntellisenseService] Invoking surround with snippet for selection from '(Ln: 1, Ch: 1)' to '(Ln: 1, Ch: 12).
    VerificationPass: (01:09:41.013) [Visual Studio Host (4384):VisualStudioIntellisenseVerifier] Verification passed: Snippet picker is present within a timeout of 00:00:10.
    (01:09:41.233) [Visual Studio Host (4384):VisualStudioCompletionListTestExtension] Retrieved '2' completion items.
    (01:09:41.418) [Visual Studio Host (4384):VisualStudioCompletionListTestExtension] Selecting completion item 'HTML'.
    (01:09:41.685) [Visual Studio Host (4384):VisualStudioCompletionListTestExtension] Committing 'HTML' completion item.
    (01:09:41.950) [Visual Studio Host (4384):VisualStudioSnippetPickerTestExtension] Committing 'a' completion item.
    VerificationPass: (01:09:42.305) [Visual Studio Host (4384):VisualStudioTextEditorVerifier] Verification passed: The editor was expected to contain the text '&lt;a href="#"&gt;@if (true) { }&lt;/a&gt;'
    + ExternalProcessHostTest TestCleanup
        (01:09:44.957) [Visual Studio Host (4384):TextEditorDocumentWindowTestExtension] Closing window 'singleline.cshtml'.
        (01:09:46.126) [Platform:Testcase] Test 'VSTest_RazorCshtmlSurroundSnippet' has 'Passed' outcome. Therefore, Apex will not shut down the 'Visual Studio Host (4384)' with process ID '4384'. A subsequent test scenario will run on the same instance of the host.
    + Final Test Result Verification
        (01:09:47.676) [Platform:DelayedAssertionVerifierSink] Verification Success: 0 verification steps failed.
    + ApexTest TestCleanup</StdOut>
      </Output>
      <ResultFiles>
        <ResultFile path="WNVM19648\Fail.azqsczivabnm.png" />
        <ResultFile path="WNVM19648\Fail.ig2gsfz5ad1y.png" />
        <ResultFile path="WNVM19648\Fail.o5zf0zepaw0l.png" />
        <ResultFile path="WNVM19648\Fail.raasvsmeanc1.png" />
        <ResultFile path="WNVM19648\Fail.t4yj0fxuatil.png" />
        <ResultFile path="WNVM19648\Fail.z10rn0n5ajdm.png" />
        <ResultFile path="WNVM19648\OmniLog.html" />
        <ResultFile path="WNVM19648\OmniLogRawXml.xml" />
      </ResultFiles>
    </UnitTestResult>
    <UnitTestResult executionId="bca2a020-1fc1-497f-b3c5-0e6a2725b955" testId="69db9669-98fe-694a-2ced-567768a2e304" testName="VSTest_Completion_Url_TypeInHtml_In_WAP" computerName="WNVM19648" duration="00:00:00.3110186" startTime="2018-04-17T00:15:32.8673192-07:00" endTime="2018-04-17T00:15:33.1783378-07:00" testType="13cdc9d9-ddb5-4fa4-a97d-d965ccfc6d4b" outcome="Failed" testListId="8c84fa94-04c1-424b-9868-57a2d4851a1d" relativeResultsDirectory="bca2a020-1fc1-497f-b3c5-0e6a2725b955">
      <Output>
        <StdOut>+ CompletionTests::VSTest_Completion_Url_TypeInHtml_In_WAP
    + ApexTest TestInitialize</StdOut>
        <ErrorInfo>
          <Message>Initialization method Microsoft.Test.Apex.ExternalProcessHostTest`2[[Microsoft.Test.Apex.VisualStudio.VisualStudioHostConfiguration, Microsoft.Test.Apex.VisualStudio, Version=15.0.0.0, Culture=neutral, PublicKeyToken=b03f5f7f11d50a3a],[Microsoft.Test.Apex.VisualStudio.VisualStudioHost, Microsoft.Test.Apex.VisualStudio, Version=15.0.0.0, Culture=neutral, PublicKeyToken=b03f5f7f11d50a3a]].TestInitialize threw exception. System.IO.IOException: The process cannot access the file 'C:\school\OmniLog.html' because it is being used by another process.</Message>
          <StackTrace>   at System.IO.__Error.WinIOError(Int32 errorCode, String maybeFullPath)
   at System.IO.FileStream.Init(String path, FileMode mode, FileAccess access, Int32 rights, Boolean useRights, FileShare share, Int32 bufferSize, FileOptions options, SECURITY_ATTRIBUTES secAttrs, String msgPath, Boolean bFromProxy, Boolean useLongPath, Boolean checkHost)
   at System.IO.FileStream..ctor(String path, FileMode mode, FileAccess access)
   at Omni.Logging.Sinks.IncrementalSummarySink.PrepareForWrite() in F:\dd\src\Omni\Log\Omni.Log\Sinks\IncrementalSummarySink.cs:line 169
   at Omni.Logging.Sinks.IncrementalSummarySink.Append(ILogMessage message) in F:\dd\src\Omni\Log\Omni.Log\Sinks\IncrementalSummarySink.cs:line 74
   at Omni.Logging.OmniLog.SendToSinks(LogMessage message) in F:\dd\src\Omni\Log\Omni.Log\OmniLog.cs:line 968
   at Omni.Logging.Log.BeginGroup(String message) in F:\dd\src\Omni\Log\Omni.Log\OmniLog.cs:line 1402
   at Microsoft.Test.Apex.Services.Logging.TestLoggerSinks.OmniLog.OmniLogSink.ActualSink.ScopeEntered(IExecutionScopeHandle scope) in F:\dd\src\omni\Apex\MsTestIntegration\Services\OmniLog\OmniLogSink.cs:line 318
   at Microsoft.Test.Apex.Services.Logging.TestLoggerSinks.OmniLog.OmniLogSink.ScopeEntered(IExecutionScopeHandle scope) in F:\dd\src\omni\Apex\MsTestIntegration\Services\OmniLog\OmniLogSink.cs:line 146
   at Microsoft.Test.Apex.Services.ExecutionScopeService.Enter(TestExecutionPoint testExecutionPoint, String scopeName, Boolean enterVerificationScope, Object context) in F:\dd\src\omni\Apex\Framework\Services\ExecutionScope\ExecutionScopeService.cs:line 228
   at Microsoft.Test.Apex.Services.ExecutionScopeService.Enter(String scopeName, Boolean enterVerificationScope, Object context) in F:\dd\src\omni\Apex\Framework\Services\ExecutionScope\ExecutionScopeService.cs:line 202
   at Microsoft.Test.Apex.Services.ExecutionScopeService.Enter(String scopeName) in F:\dd\src\omni\Apex\Framework\Services\ExecutionScope\ExecutionScopeService.cs:line 80
   at Microsoft.Test.Apex.ApexTest.TestInitialize() in F:\dd\src\omni\Apex\MsTestIntegration\ApexTest.cs:line 423
   at Microsoft.Test.Apex.ExternalProcessHostTest`2.TestInitialize() in F:\dd\src\omni\Apex\MsTestIntegration\ExternalProcessHostTest.cs:line 108</StackTrace>
        </ErrorInfo>
      </Output>
    </UnitTestResult>
    <UnitTestResult executionId="5f3ee471-3e00-4b08-9e75-2127223f2e57" testId="4d7fb533-f292-b167-b394-e0ea1cbc0f49" testName="VSTest_JSON_SuggestedActions_SortProperties_IsPresent" computerName="WNVM19648" duration="00:00:49.9290767" startTime="2018-04-17T01:53:07.2150109-07:00" endTime="2018-04-17T01:53:57.1440876-07:00" testType="13cdc9d9-ddb5-4fa4-a97d-d965ccfc6d4b" outcome="Failed" testListId="8c84fa94-04c1-424b-9868-57a2d4851a1d" relativeResultsDirectory="5f3ee471-3e00-4b08-9e75-2127223f2e57">
      <Output>
        <StdOut>+ SortPropertiesTests::VSTest_JSON_SuggestedActions_SortProperties_IsPresent
    + ApexTest TestInitialize
    + ExternalProcessHostTest TestInitialize
        (01:54:49.008) [Visual Studio Host (5816):RoamingSettingsService] Disabling roaming settings.
        (01:54:49.171) [Visual Studio Host (5816):SettingsService] Setting Visual Studio option 'Environment\RoamingSettings\RoamingEnabled' to 'False'.
        (01:54:49.675) [Visual Studio Host (5816):TextEditorDocumentWindowTestExtension] Showing window 'sortProperties.json' without activating the window.
        (01:54:49.864) [Visual Studio Host (5816):TextEditorDocumentWindowTestExtension] Showing window 'sortProperties.json'.
        (01:54:50.040) [Visual Studio Host (5816):VisualStudioTextEditorTestExtension] Setting keyboard focus to editor 'sortProperties.json'.
        (01:54:50.215) [Visual Studio Host (5816):MainWindowService] Activating main window to bring it to the foreground.
        (01:54:50.361) [Visual Studio Host (5816):MainWindowService] Setting main window state to 'Maximized'.
    (01:54:50.689) [Visual Studio Host (5816):TextEditorDocumentWindowTestExtension] Showing window 'sortProperties.json' without activating the window.
    (01:54:50.837) [Visual Studio Host (5816):TextEditorDocumentWindowTestExtension] Showing window 'sortProperties.json'.
    (01:54:51.032) [Visual Studio Host (5816):VisualStudioCaretTestExtension] Moving the caret to '' at (Ln: 4, Ch: 3) based on a regular expression.  Expression = "()"a": {" [group index '1', match index '1', options 'Singleline, CultureInvariant']
    (01:54:51.206) [Visual Studio Host (5816):TextEditorDocumentWindowTestExtension] Showing window 'sortProperties.json' without activating the window.
    (01:54:51.353) [Visual Studio Host (5816):TextEditorDocumentWindowTestExtension] Showing window 'sortProperties.json'.
    (01:54:51.516) [Visual Studio Host (5816):VisualStudioCaretTestExtension] Moving the caret from (Ln: 4, Ch: 3) right '6' characters
    (01:54:51.667) [Visual Studio Host (5816):VisualStudioTextEditorTestExtension] Setting keyboard focus to editor 'sortProperties.json'.
    (01:54:51.865) [Visual Studio Host (5816):TextEditorDocumentWindowTestExtension] Showing window 'sortProperties.json' without activating the window.
    (01:54:52.013) [Visual Studio Host (5816):TextEditorDocumentWindowTestExtension] Showing window 'sortProperties.json'.
    (01:54:52.219) [Visual Studio Host (5816):VisualStudioLightBulbService] Getting the active light bulb session at position '(Ln: 4, Ch: 9)'.
    (01:54:52.657) [Visual Studio Host (5816):VisualStudioLightBulbService] Did not find an active light bulb session. Please use Verify.IsLightBulbPresent() to make sure that the light bulb is present before requesting the LightBulb session.
    Warning: (01:54:52.817) [Visual Studio Host (5816):VisualStudioLightBulbService] No light bulb session provided to create a test extension.
    VerificationPass: (01:54:53.003) [Visual Studio Host (5816):VisualStudioLightBulbServiceVerifier] Verification passed: Signature Help is not present within a timeout of 00:00:10.
    (01:54:53.169) [Visual Studio Host (5816):TextEditorDocumentWindowTestExtension] Showing window 'sortProperties.json' without activating the window.
    (01:54:53.341) [Visual Studio Host (5816):TextEditorDocumentWindowTestExtension] Showing window 'sortProperties.json'.
    (01:54:53.517) [Visual Studio Host (5816):VisualStudioCaretTestExtension] Moving the caret to '' at (Ln: 8, Ch: 3) based on a regular expression.  Expression = "()"b": {" [group index '1', match index '1', options 'Singleline, CultureInvariant']
    (01:54:53.684) [Visual Studio Host (5816):TextEditorDocumentWindowTestExtension] Showing window 'sortProperties.json' without activating the window.
    (01:54:53.845) [Visual Studio Host (5816):TextEditorDocumentWindowTestExtension] Showing window 'sortProperties.json'.
    (01:54:54.002) [Visual Studio Host (5816):VisualStudioCaretTestExtension] Moving the caret from (Ln: 8, Ch: 3) right '6' characters
    (01:54:54.164) [Visual Studio Host (5816):VisualStudioTextEditorTestExtension] Setting keyboard focus to editor 'sortProperties.json'.
    (01:54:54.347) [Visual Studio Host (5816):TextEditorDocumentWindowTestExtension] Showing window 'sortProperties.json' without activating the window.
    (01:54:54.506) [Visual Studio Host (5816):TextEditorDocumentWindowTestExtension] Showing window 'sortProperties.json'.
    (01:54:54.701) [Visual Studio Host (5816):VisualStudioLightBulbService] Getting the active light bulb session at position '(Ln: 8, Ch: 9)'.
    (01:54:55.131) [Visual Studio Host (5816):VisualStudioLightBulbService] Getting the active light bulb session at position '(Ln: 8, Ch: 9)'.
    (01:54:55.568) [Visual Studio Host (5816):VisualStudioLightBulbService] Getting the active light bulb session at position '(Ln: 8, Ch: 9)'.
    (01:54:55.975) [Visual Studio Host (5816):VisualStudioLightBulbService] Getting the active light bulb session at position '(Ln: 8, Ch: 9)'.
    (01:54:56.376) [Visual Studio Host (5816):VisualStudioLightBulbService] Getting the active light bulb session at position '(Ln: 8, Ch: 9)'.
    (01:54:56.779) [Visual Studio Host (5816):VisualStudioLightBulbService] Getting the active light bulb session at position '(Ln: 8, Ch: 9)'.
    (01:54:57.196) [Visual Studio Host (5816):VisualStudioLightBulbService] Getting the active light bulb session at position '(Ln: 8, Ch: 9)'.
    (01:54:57.603) [Visual Studio Host (5816):VisualStudioLightBulbService] Getting the active light bulb session at position '(Ln: 8, Ch: 9)'.
    (01:54:58.041) [Visual Studio Host (5816):VisualStudioLightBulbService] Getting the active light bulb session at position '(Ln: 8, Ch: 9)'.
    (01:54:58.446) [Visual Studio Host (5816):VisualStudioLightBulbService] Getting the active light bulb session at position '(Ln: 8, Ch: 9)'.
    (01:54:58.851) [Visual Studio Host (5816):VisualStudioLightBulbService] Getting the active light bulb session at position '(Ln: 8, Ch: 9)'.
    (01:54:59.307) [Visual Studio Host (5816):VisualStudioLightBulbService] Getting the active light bulb session at position '(Ln: 8, Ch: 9)'.
    (01:54:59.711) [Visual Studio Host (5816):VisualStudioLightBulbService] Getting the active light bulb session at position '(Ln: 8, Ch: 9)'.
    (01:55:00.148) [Visual Studio Host (5816):VisualStudioLightBulbService] Getting the active light bulb session at position '(Ln: 8, Ch: 9)'.
    (01:55:00.579) [Visual Studio Host (5816):VisualStudioLightBulbService] Getting the active light bulb session at position '(Ln: 8, Ch: 9)'.
    (01:55:00.981) [Visual Studio Host (5816):VisualStudioLightBulbService] Getting the active light bulb session at position '(Ln: 8, Ch: 9)'.
    (01:55:01.389) [Visual Studio Host (5816):VisualStudioLightBulbService] Getting the active light bulb session at position '(Ln: 8, Ch: 9)'.
    (01:55:01.833) [Visual Studio Host (5816):VisualStudioLightBulbService] Getting the active light bulb session at position '(Ln: 8, Ch: 9)'.
    (01:55:02.314) [Visual Studio Host (5816):VisualStudioLightBulbService] Getting the active light bulb session at position '(Ln: 8, Ch: 9)'.
    (01:55:02.754) [Visual Studio Host (5816):VisualStudioLightBulbService] Getting the active light bulb session at position '(Ln: 8, Ch: 9)'.
    (01:55:03.227) [Visual Studio Host (5816):VisualStudioLightBulbService] Getting the active light bulb session at position '(Ln: 8, Ch: 9)'.
    (01:55:03.696) [Visual Studio Host (5816):VisualStudioLightBulbService] Getting the active light bulb session at position '(Ln: 8, Ch: 9)'.
    (01:55:04.105) [Visual Studio Host (5816):VisualStudioLightBulbService] Getting the active light bulb session at position '(Ln: 8, Ch: 9)'.
    (01:55:04.554) [Visual Studio Host (5816):VisualStudioLightBulbService] Getting the active light bulb session at position '(Ln: 8, Ch: 9)'.
    VerificationFail: (01:55:04.953) [Visual Studio Host (5816):VisualStudioLightBulbServiceVerifier] Verification failed: Signature Help is not present within a timeout of 00:00:10.
    (01:55:05.252) [Visual Studio Host (5816):TextEditorDocumentWindowTestExtension] Showing window 'sortProperties.json' without activating the window.
    (01:55:05.433) [Visual Studio Host (5816):TextEditorDocumentWindowTestExtension] Showing window 'sortProperties.json'.
    (01:55:05.617) [Visual Studio Host (5816):VisualStudioCaretTestExtension] Moving the caret to '' at (Ln: 13, Ch: 3) based on a regular expression.  Expression = "()"d": \[" [group index '1', match index '1', options 'Singleline, CultureInvariant']
    (01:55:05.766) [Visual Studio Host (5816):TextEditorDocumentWindowTestExtension] Showing window 'sortProperties.json' without activating the window.
    (01:55:05.909) [Visual Studio Host (5816):TextEditorDocumentWindowTestExtension] Showing window 'sortProperties.json'.
    (01:55:06.067) [Visual Studio Host (5816):VisualStudioCaretTestExtension] Moving the caret from (Ln: 13, Ch: 3) right '6' characters
    (01:55:06.233) [Visual Studio Host (5816):VisualStudioTextEditorTestExtension] Setting keyboard focus to editor 'sortProperties.json'.
    (01:55:06.451) [Visual Studio Host (5816):TextEditorDocumentWindowTestExtension] Showing window 'sortProperties.json' without activating the window.
    (01:55:06.649) [Visual Studio Host (5816):TextEditorDocumentWindowTestExtension] Showing window 'sortProperties.json'.
    (01:55:06.831) [Visual Studio Host (5816):VisualStudioLightBulbService] Getting the active light bulb session at position '(Ln: 13, Ch: 9)'.
    (01:55:07.240) [Visual Studio Host (5816):VisualStudioLightBulbService] Did not find an active light bulb session. Please use Verify.IsLightBulbPresent() to make sure that the light bulb is present before requesting the LightBulb session.
    Warning: (01:55:07.394) [Visual Studio Host (5816):VisualStudioLightBulbService] No light bulb session provided to create a test extension.
    VerificationPass: (01:55:07.543) [Visual Studio Host (5816):VisualStudioLightBulbServiceVerifier] Verification passed: Signature Help is not present within a timeout of 00:00:10.
    (01:55:07.690) [Visual Studio Host (5816):TextEditorDocumentWindowTestExtension] Showing window 'sortProperties.json' without activating the window.
    (01:55:07.834) [Visual Studio Host (5816):TextEditorDocumentWindowTestExtension] Showing window 'sortProperties.json'.
    (01:55:07.990) [Visual Studio Host (5816):VisualStudioCaretTestExtension] Moving the caret from (Ln: 13, Ch: 9) to the beginning of the file
    (01:55:08.142) [Visual Studio Host (5816):VisualStudioTextEditorTestExtension] Setting keyboard focus to editor 'sortProperties.json'.
    (01:55:08.404) [Visual Studio Host (5816):TextEditorDocumentWindowTestExtension] Showing window 'sortProperties.json' without activating the window.
    (01:55:08.553) [Visual Studio Host (5816):TextEditorDocumentWindowTestExtension] Showing window 'sortProperties.json'.
    (01:55:08.739) [Visual Studio Host (5816):VisualStudioCaretTestExtension] Moving the caret from (Ln: 1, Ch: 1) down '1' lines
    (01:55:08.898) [Visual Studio Host (5816):VisualStudioTextEditorTestExtension] Setting keyboard focus to editor 'sortProperties.json'.
    (01:55:09.082) [Visual Studio Host (5816):TextEditorDocumentWindowTestExtension] Showing window 'sortProperties.json' without activating the window.
    (01:55:09.266) [Visual Studio Host (5816):TextEditorDocumentWindowTestExtension] Showing window 'sortProperties.json'.
    (01:55:09.421) [Visual Studio Host (5816):VisualStudioLightBulbService] Did not find an active light bulb session. Please use Verify.IsLightBulbPresent() to make sure that the light bulb is present before requesting the LightBulb session.
    Warning: (01:55:09.576) [Visual Studio Host (5816):VisualStudioLightBulbService] No light bulb session provided to create a test extension.
    (01:55:09.997) [Visual Studio Host (5816):VisualStudioLightBulbService] Getting the active light bulb session at position '(Ln: 2, Ch: 1)'.
    VerificationPass: (01:55:10.165) [Visual Studio Host (5816):VisualStudioLightBulbServiceVerifier] Verification passed: Light bulb is present within a timeout of 00:00:10.
    (01:55:10.321) [Visual Studio Host (5816):TextEditorDocumentWindowTestExtension] Showing window 'sortProperties.json' without activating the window.
    (01:55:10.470) [Visual Studio Host (5816):TextEditorDocumentWindowTestExtension] Showing window 'sortProperties.json'.
    (01:55:10.620) [Visual Studio Host (5816):VisualStudioCaretTestExtension] Moving the caret to '' at (Ln: 16, Ch: 3) based on a regular expression.  Expression = "()"c": "" [group index '1', match index '1', options 'Singleline, CultureInvariant']
    (01:55:10.776) [Visual Studio Host (5816):TextEditorDocumentWindowTestExtension] Showing window 'sortProperties.json' without activating the window.
    (01:55:10.979) [Visual Studio Host (5816):TextEditorDocumentWindowTestExtension] Showing window 'sortProperties.json'.
    (01:55:11.179) [Visual Studio Host (5816):VisualStudioCaretTestExtension] Moving the caret from (Ln: 16, Ch: 3) right '6' characters
    (01:55:11.347) [Visual Studio Host (5816):VisualStudioTextEditorTestExtension] Setting keyboard focus to editor 'sortProperties.json'.
    (01:55:11.527) [Visual Studio Host (5816):TextEditorDocumentWindowTestExtension] Showing window 'sortProperties.json' without activating the window.
    (01:55:11.707) [Visual Studio Host (5816):TextEditorDocumentWindowTestExtension] Showing window 'sortProperties.json'.
    (01:55:11.932) [Visual Studio Host (5816):VisualStudioLightBulbService] Getting the active light bulb session at position '(Ln: 16, Ch: 9)'.
    VerificationPass: (01:55:12.161) [Visual Studio Host (5816):VisualStudioLightBulbServiceVerifier] Verification passed: Light bulb is present within a timeout of 00:00:10.
    (01:55:12.345) [Visual Studio Host (5816):TextEditorDocumentWindowTestExtension] Showing window 'sortProperties.json' without activating the window.
    (01:55:12.529) [Visual Studio Host (5816):TextEditorDocumentWindowTestExtension] Showing window 'sortProperties.json'.
    (01:55:12.729) [Visual Studio Host (5816):VisualStudioCaretTestExtension] Moving the caret to '' at (Ln: 4, Ch: 3) based on a regular expression.  Expression = "()"a": {" [group index '1', match index '1', options 'Singleline, CultureInvariant']
    (01:55:12.886) [Visual Studio Host (5816):TextEditorDocumentWindowTestExtension] Showing window 'sortProperties.json' without activating the window.
    (01:55:13.051) [Visual Studio Host (5816):TextEditorDocumentWindowTestExtension] Showing window 'sortProperties.json'.
    (01:55:13.241) [Visual Studio Host (5816):VisualStudioLightBulbService] Did not find an active light bulb session. Please use Verify.IsLightBulbPresent() to make sure that the light bulb is present before requesting the LightBulb session.
    Warning: (01:55:13.407) [Visual Studio Host (5816):VisualStudioLightBulbService] No light bulb session provided to create a test extension.
    (01:55:13.837) [Visual Studio Host (5816):VisualStudioLightBulbService] Getting the active light bulb session at position '(Ln: 4, Ch: 3)'.
    VerificationPass: (01:55:14.010) [Visual Studio Host (5816):VisualStudioLightBulbServiceVerifier] Verification passed: Light bulb is present within a timeout of 00:00:10.
    (01:55:14.207) [Visual Studio Host (5816):TextEditorDocumentWindowTestExtension] Showing window 'sortProperties.json' without activating the window.
    (01:55:14.378) [Visual Studio Host (5816):TextEditorDocumentWindowTestExtension] Showing window 'sortProperties.json'.
    (01:55:14.554) [Visual Studio Host (5816):VisualStudioCaretTestExtension] Moving the caret to '' at (Ln: 8, Ch: 3) based on a regular expression.  Expression = "()"b": {" [group index '1', match index '1', options 'Singleline, CultureInvariant']
    (01:55:14.746) [Visual Studio Host (5816):TextEditorDocumentWindowTestExtension] Showing window 'sortProperties.json' without activating the window.
    (01:55:14.929) [Visual Studio Host (5816):TextEditorDocumentWindowTestExtension] Showing window 'sortProperties.json'.
    (01:55:15.124) [Visual Studio Host (5816):VisualStudioLightBulbService] Did not find an active light bulb session. Please use Verify.IsLightBulbPresent() to make sure that the light bulb is present before requesting the LightBulb session.
    (01:55:15.279) [Platform:Microsoft.Test.Apex.Services.ScreenshotService] Took a screenshot for category '' and saved as 'C:\TestBin\IntegrationTests\TestResults\2018_04_16_23_55_50\VSTest_BowerIntelliSenseTests_UnavailableVersion_Timedout.jpg'.
    Warning: (01:55:15.352) [Visual Studio Host (5816):VisualStudioLightBulbService] No light bulb session provided to create a test extension.
    Error: (01:55:15.728) [Platform:Testcase] Test method Microsoft.VisualStudio.Web.Editors.IntegrationTests.JSON.SuggestedActions.SortPropertiesTests.VSTest_JSON_SuggestedActions_SortProperties_IsPresent threw exception. System.Runtime.Remoting.RemotingException: Failed to read from an IPC Port: The pipe has been ended.

   at Microsoft.VisualStudio.Web.Common.TestAdapter.ParameterizedTests.ReflectionUtilities.InvokeMethod(Object targetObject, MethodInfo method, Object[] methodArguments, String exceptionMessageFormat) in D:\dd\WTE\Main\test\Common\TestAdapter\ParameterizedTests\ReflectionUtilities.cs:line 190
   at Microsoft.VisualStudio.Web.Common.TestAdapter.ParameterizedTests.TestMethodInfo.Invoke(Object testObject, TestExecutionContext context) in D:\dd\WTE\Main\test\Common\TestAdapter\ParameterizedTests\TestMethodInfo.cs:line 64
    + ExternalProcessHostTest TestCleanup
        (01:55:19.037) [Platform:VenusHost] Compose Batch: 00:00:02.0789499
        (01:55:21.701) [Platform:VenusHost] Host Process is being started. Executable = 'C:\Program Files (x86)\Microsoft Visual Studio\Preview\Enterprise\Common7\IDE\devenv.exe'.
        (01:55:21.877) [Platform:VenusHost] Host Process is started. PID = 6752.
        (01:55:22.071) [Platform:VenusHost] Host process 'devenv' (id: 6752) is now idle/ready.
        (01:55:26.636) [Platform:Microsoft.Test.Apex.Hosts.Services.RemoteServiceInitializer] Using remote code injector service 'RemoteCodeInjectorService' for the operation 'ManagedAuto'.
        + Visual Studio Host Creation
            (01:55:34.283) [Platform:Testcase] Target Executable: 'C:\Program Files (x86)\Microsoft Visual Studio\Preview\Enterprise\Common7\IDE\devenv.exe'.
            (01:55:34.481) [Platform:Testcase] Process Id: '6752'.
            (01:55:34.652) [Platform:Testcase] UI Culture: 'English (United States)'.
            (01:55:34.849) [Platform:Testcase] Build Number: '15.0.27615'.
        (01:55:35.242) [Visual Studio Host (6752):MainWindowService] Setting main window state to 'Maximized'.
        (01:55:35.452) [Visual Studio Host (6752):MainWindowService] Activating main window to bring it to the foreground.
        Warning: (01:55:35.754) [Platform:Microsoft.Test.Apex.Services.ScreenshotService] Exception occured when copying screenshot file from 'C:\TestBin\IntegrationTests\Failure.jpg' to 'C:\TestBin\IntegrationTests\TestResults\2018_04_16_23_55_50\Failure.jpg'.
        Warning: (01:55:35.754) [Platform:Microsoft.Test.Apex.Services.ScreenshotService] System.IO.IOException: The file 'C:\TestBin\IntegrationTests\TestResults\2018_04_16_23_55_50\Failure.jpg' already exists.
   at System.IO.__Error.WinIOError(Int32 errorCode, String maybeFullPath)
   at System.IO.File.InternalCopy(String sourceFileName, String destFileName, Boolean overwrite, Boolean checkHost)
   at System.IO.File.Copy(String sourceFileName, String destFileName, Boolean overwrite)
   at Microsoft.Test.Apex.Services.ScreenshotService.TakeOne(String categoryName, String fileNamePrefix, String repositoryPath) in F:\dd\src\omni\Apex\Framework\Services\Screenshot\ScreenshotService.cs:line 176
        (01:55:36.109) [Platform:ProcessCaptureService] Capturing screenshots for PID 6752 (devenv)
        Result file 'VSTest_JSON_SuggestedActions_SortProperties_IsPresent-Failure-devenv.6752.png' added: file:///C:/TestBin/IntegrationTests/TestResults/2018_04_16_23_55_50/VSTest_JSON_SuggestedActions_SortProperties_IsPresent-Failure-devenv.6752.png
        (01:55:36.563) [Platform:ProcessCaptureService] Bounding rectangle of HWND 0x5A0532 is size (0, 0), which cannot be captured.
        (01:55:36.708) [Platform:ProcessCaptureService] Bounding rectangle of HWND 0x220578 is size (0, 0), which cannot be captured.
    + Final Test Result Verification
        (01:55:37.197) [Platform:DelayedAssertionVerifierSink] ----------------- Final Failure Action Output: -----------------
        (01:55:37.369) [Platform:DelayedAssertionVerifierSink] Full verification failure tree:

+-+ Result Message Tree
  |
  +-  True: '(15:13.958) [Visual Studio Host (6956):VisualStudioLightBulbServiceVerifier] Verification passed: Light bulb is present within a timeout of 00:00:10.'
  +-  True: '(15:14.357) [Visual Studio Host (6956):LightBulbVerifier] Verification passed: The light bulb suggested action set is expected to contain '2' suggested actions. It contains '2'.'
  +-  True: '(15:15.440) [Visual Studio Host (6956):VisualStudioLightBulbServiceVerifier] Verification passed: Signature Help is not present within a timeout of 00:00:10.'
  +-  True: '(15:18.094) [Visual Studio Host (6956):VisualStudioLightBulbServiceVerifier] Verification passed: Light bulb is present within a timeout of 00:00:10.'
  +-  True: '(15:18.479) [Visual Studio Host (6956):LightBulbVerifier] Verification passed: Expected to find a suggested action with text 'Encode image in base64'.
Actual set:
Encode image in base64,
Insert width and height attributes'
  +-  True: '(15:19.257) [Visual Studio Host (6956):VisualStudioLightBulbServiceVerifier] Verification passed: Signature Help is not present within a timeout of 00:00:10.'
  +-  True: '(15:19.495) [Platform:Testcase] Verification passed: String '    &lt;img src="data:image/png;base64,iVBORw0KGgoAAAANSUhEUgAAACgAAAAoCAIAAAADnC86AAAAAXNSR0IArs4c6QAAAARnQU1BAACxjwv8YQUAAAAJcEhZcwAADsMAAA7DAcdvqGQAAAFUSURBVFhHxZJRcsMwCERzlp6nl+0JXepdU4QkhCx5/GZ/whLeOPHneIkJ8dfPt4QflkmJodRwusZA7JQa1gt0xc7kwqUFGmLnkLAoK47uUojtXYSFIW7zUGzPIZg3Sa7FfOwVhE3I1HITL+Z4xI2vOP5+ansFQRczu+/4f7nsIYRFn/xmzfRbreQ3mxRi4C5KWBiGC0MaYuBOS1hcBFWGrhjY604QVBnui4W4jYnEmbuZnSZZMUcd8pvKxBNLWLRIrimD/1iwFxEWFZkdZSwW7EWERclwwZISA3sXYXESVE0mxMAJJPUck5hpsWAdqqknMdvEQnPYY1XM0UVQOXY+MQgqyx2xYK8jLE6aQ8dNMVCBpp5jUrMkBlajpnri2CAWrAZxQ6xZ9oiBNblww7BTDJxSw/piv1hwSg3rk0fEwFkRdo+KgRNLMH9cDF4TC6+JC47jFyfPRCcSov2mAAAAAElFTkSuQmCC" /&gt;' contains sub-string '&lt;img src="data:image/png;base64,iVBORw0KGgoAAAA''
  +-  True: '(15:23.109) [Visual Studio Host (6956):VisualStudioLightBulbServiceVerifier] Verification passed: Signature Help is not present within a timeout of 00:00:10.'
  +-  True: '(15:25.511) [Visual Studio Host (6956):VisualStudioLightBulbServiceVerifier] Verification passed: Light bulb is present within a timeout of 00:00:10.'
  +-  True: '(15:25.888) [Visual Studio Host (6956):LightBulbVerifier] Verification passed: Expected to find a suggested action with text 'Insert width and height attributes'.
Actual set:
Encode image in base64,
Insert width and height attributes'
  +-  True: '(15:27.180) [Visual Studio Host (6956):VisualStudioLightBulbServiceVerifier] Verification passed: Light bulb is present within a timeout of 00:00:10.'
  +-  True: '(15:27.341) [Visual Studio Host (6956):CaretVerifier] Verification passed: The current line text is '&lt;img src="sample.png" width="40" height="40" /&gt;'; the expected text is '&lt;img src="sample.png" width="40" height="40" /&gt;'; trim = 'True'; &lt;ComparisonType: OrdinalIgnoreCase&gt;'
  +-  True: '(15:33.216) [Platform:Testcase] Verification passed: Number of outlining regions is 6; expected to find 6.'
  +-  True: '(15:33.293) [Platform:Testcase] Verification passed: Start locations are not equal. Expected '(Ln: 3, Ch: 1)', Actual: '(Ln: 3, Ch: 1)''
  +-  True: '(15:33.343) [Platform:Testcase] Verification passed: End locations are not equal. Expected '(Ln: 18, Ch: 8)', Actual: '(Ln: 18, Ch: 8)''
  +-  True: '(15:33.393) [Platform:Testcase] Verification passed: Instances are equal. Expected 'False', Actual 'False'.'
  +-  True: '(15:33.497) [Platform:Testcase] Verification passed: Start locations are not equal. Expected '(Ln: 4, Ch: 1)', Actual: '(Ln: 4, Ch: 1)''
  +-  True: '(15:33.548) [Platform:Testcase] Verification passed: End locations are not equal. Expected '(Ln: 7, Ch: 8)', Actual: '(Ln: 7, Ch: 8)''
  +-  True: '(15:33.592) [Platform:Testcase] Verification passed: Instances are equal. Expected 'False', Actual 'False'.'
  +-  True: '(15:33.677) [Platform:Testcase] Verification passed: Start locations are not equal. Expected '(Ln: 8, Ch: 1)', Actual: '(Ln: 8, Ch: 1)''
  +-  True: '(15:33.717) [Platform:Testcase] Verification passed: End locations are not equal. Expected '(Ln: 17, Ch: 8)', Actual: '(Ln: 17, Ch: 8)''
  +-  True: '(15:33.762) [Platform:Testcase] Verification passed: Instances are equal. Expected 'False', Actual 'False'.'
  +-  True: '(15:33.860) [Platform:Testcase] Verification passed: Start locations are not equal. Expected '(Ln: 9, Ch: 5)', Actual: '(Ln: 9, Ch: 5)''
  +-  True: '(15:33.910) [Platform:Testcase] Verification passed: End locations are not equal. Expected '(Ln: 16, Ch: 13)', Actual: '(Ln: 16, Ch: 13)''
  +-  True: '(15:33.959) [Platform:Testcase] Verification passed: Instances are equal. Expected 'False', Actual 'False'.'
  +-  True: '(15:34.053) [Platform:Testcase] Verification passed: Start locations are not equal. Expected '(Ln: 10, Ch: 9)', Actual: '(Ln: 10, Ch: 9)''
  +-  True: '(15:34.101) [Platform:Testcase] Verification passed: End locations are not equal. Expected '(Ln: 15, Ch: 14)', Actual: '(Ln: 15, Ch: 14)''
  +-  True: '(15:34.146) [Platform:Testcase] Verification passed: Instances are equal. Expected 'False', Actual 'False'.'
  +-  True: '(15:34.249) [Platform:Testcase] Verification passed: Start locations are not equal. Expected '(Ln: 12, Ch: 13)', Actual: '(Ln: 12, Ch: 13)''
  +-  True: '(15:34.296) [Platform:Testcase] Verification passed: End locations are not equal. Expected '(Ln: 14, Ch: 18)', Actual: '(Ln: 14, Ch: 18)''
  +-  True: '(15:34.344) [Platform:Testcase] Verification passed: Instances are equal. Expected 'False', Actual 'False'.'
  +-  True: '(15:36.782) [Platform:Testcase] Verification passed: Number of outlining regions is 6; expected to find 6.'
  +-  True: '(15:36.884) [Platform:Testcase] Verification passed: Start locations are not equal. Expected '(Ln: 3, Ch: 1)', Actual: '(Ln: 3, Ch: 1)''
  +-  True: '(15:36.927) [Platform:Testcase] Verification passed: End locations are not equal. Expected '(Ln: 18, Ch: 8)', Actual: '(Ln: 18, Ch: 8)''
  +-  True: '(15:36.966) [Platform:Testcase] Verification passed: Instances are equal. Expected 'False', Actual 'False'.'
  +-  True: '(15:37.047) [Platform:Testcase] Verification passed: Start locations are not equal. Expected '(Ln: 4, Ch: 1)', Actual: '(Ln: 4, Ch: 1)''
  +-  True: '(15:37.087) [Platform:Testcase] Verification passed: End locations are not equal. Expected '(Ln: 7, Ch: 8)', Actual: '(Ln: 7, Ch: 8)''
  +-  True: '(15:37.126) [Platform:Testcase] Verification passed: Instances are equal. Expected 'False', Actual 'False'.'
  +-  True: '(15:37.228) [Platform:Testcase] Verification passed: Start locations are not equal. Expected '(Ln: 8, Ch: 1)', Actual: '(Ln: 8, Ch: 1)''
  +-  True: '(15:37.270) [Platform:Testcase] Verification passed: End locations are not equal. Expected '(Ln: 17, Ch: 8)', Actual: '(Ln: 17, Ch: 8)''
  +-  True: '(15:37.344) [Platform:Testcase] Verification passed: Instances are equal. Expected 'False', Actual 'False'.'
  +-  True: '(15:37.451) [Platform:Testcase] Verification passed: Start locations are not equal. Expected '(Ln: 9, Ch: 5)', Actual: '(Ln: 9, Ch: 5)''
  +-  True: '(15:37.506) [Platform:Testcase] Verification passed: End locations are not equal. Expected '(Ln: 16, Ch: 13)', Actual: '(Ln: 16, Ch: 13)''
  +-  True: '(15:37.558) [Platform:Testcase] Verification passed: Instances are equal. Expected 'False', Actual 'False'.'
  +-  True: '(15:37.669) [Platform:Testcase] Verification passed: Start locations are not equal. Expected '(Ln: 10, Ch: 9)', Actual: '(Ln: 10, Ch: 9)''
  +-  True: '(15:37.732) [Platform:Testcase] Verification passed: End locations are not equal. Expected '(Ln: 15, Ch: 14)', Actual: '(Ln: 15, Ch: 14)''
  +-  True: '(15:37.787) [Platform:Testcase] Verification passed: Instances are equal. Expected 'False', Actual 'False'.'
  +-  True: '(15:37.903) [Platform:Testcase] Verification passed: Start locations are not equal. Expected '(Ln: 12, Ch: 13)', Actual: '(Ln: 12, Ch: 13)''
  +-  True: '(15:37.960) [Platform:Testcase] Verification passed: End locations are not equal. Expected '(Ln: 14, Ch: 18)', Actual: '(Ln: 14, Ch: 18)''
  +-  True: '(15:38.004) [Platform:Testcase] Verification passed: Instances are equal. Expected 'False', Actual 'False'.'
  +-  True: '(15:38.637) [Platform:Testcase] Verification passed: Number of outlining regions is 6; expected to find 6.'
  +-  True: '(15:38.719) [Platform:Testcase] Verification passed: Start locations are not equal. Expected '(Ln: 3, Ch: 1)', Actual: '(Ln: 3, Ch: 1)''
  +-  True: '(15:38.762) [Platform:Testcase] Verification passed: End locations are not equal. Expected '(Ln: 18, Ch: 8)', Actual: '(Ln: 18, Ch: 8)''
  +-  True: '(15:38.803) [Platform:Testcase] Verification passed: Instances are equal. Expected 'False', Actual 'False'.'
  +-  True: '(15:38.907) [Platform:Testcase] Verification passed: Start locations are not equal. Expected '(Ln: 4, Ch: 1)', Actual: '(Ln: 4, Ch: 1)''
  +-  True: '(15:38.954) [Platform:Testcase] Verification passed: End locations are not equal. Expected '(Ln: 7, Ch: 8)', Actual: '(Ln: 7, Ch: 8)''
  +-  True: '(15:38.994) [Platform:Testcase] Verification passed: Instances are equal. Expected 'False', Actual 'False'.'
  +-  True: '(15:39.111) [Platform:Testcase] Verification passed: Start locations are not equal. Expected '(Ln: 8, Ch: 1)', Actual: '(Ln: 8, Ch: 1)''
  +-  True: '(15:39.162) [Platform:Testcase] Verification passed: End locations are not equal. Expected '(Ln: 17, Ch: 8)', Actual: '(Ln: 17, Ch: 8)''
  +-  True: '(15:39.211) [Platform:Testcase] Verification passed: Instances are equal. Expected 'False', Actual 'False'.'
  +-  True: '(15:39.327) [Platform:Testcase] Verification passed: Start locations are not equal. Expected '(Ln: 9, Ch: 5)', Actual: '(Ln: 9, Ch: 5)''
  +-  True: '(15:39.383) [Platform:Testcase] Verification passed: End locations are not equal. Expected '(Ln: 16, Ch: 13)', Actual: '(Ln: 16, Ch: 13)''
  +-  True: '(15:39.438) [Platform:Testcase] Verification passed: Instances are equal. Expected 'False', Actual 'False'.'
  +-  True: '(15:39.557) [Platform:Testcase] Verification passed: Start locations are not equal. Expected '(Ln: 10, Ch: 9)', Actual: '(Ln: 10, Ch: 9)''
  +-  True: '(15:39.612) [Platform:Testcase] Verification passed: End locations are not equal. Expected '(Ln: 15, Ch: 14)', Actual: '(Ln: 15, Ch: 14)''
  +-  True: '(15:39.659) [Platform:Testcase] Verification passed: Instances are equal. Expected 'False', Actual 'False'.'
  +-  True: '(15:39.769) [Platform:Testcase] Verification passed: Start locations are not equal. Expected '(Ln: 12, Ch: 13)', Actual: '(Ln: 12, Ch: 13)''
  +-  True: '(15:39.821) [Platform:Testcase] Verification passed: End locations are not equal. Expected '(Ln: 14, Ch: 18)', Actual: '(Ln: 14, Ch: 18)''
  +-  True: '(15:39.874) [Platform:Testcase] Verification passed: Instances are equal. Expected 'False', Actual 'False'.'
  +-  True: '(15:40.777) [Platform:Testcase] Verification passed: Number of outlining regions is 6; expected to find 6.'
  +-  True: '(15:40.881) [Platform:Testcase] Verification passed: Start locations are not equal. Expected '(Ln: 3, Ch: 1)', Actual: '(Ln: 3, Ch: 1)''
  +-  True: '(15:40.926) [Platform:Testcase] Verification passed: End locations are not equal. Expected '(Ln: 18, Ch: 8)', Actual: '(Ln: 18, Ch: 8)''
  +-  True: '(15:40.968) [Platform:Testcase] Verification passed: Instances are equal. Expected 'False', Actual 'False'.'
  +-  True: '(15:41.058) [Platform:Testcase] Verification passed: Start locations are not equal. Expected '(Ln: 4, Ch: 1)', Actual: '(Ln: 4, Ch: 1)''
  +-  True: '(15:41.116) [Platform:Testcase] Verification passed: End locations are not equal. Expected '(Ln: 7, Ch: 8)', Actual: '(Ln: 7, Ch: 8)''
  +-  True: '(15:41.157) [Platform:Testcase] Verification passed: Instances are equal. Expected 'False', Actual 'False'.'
  +-  True: '(15:41.242) [Platform:Testcase] Verification passed: Start locations are not equal. Expected '(Ln: 8, Ch: 1)', Actual: '(Ln: 8, Ch: 1)''
  +-  True: '(15:41.286) [Platform:Testcase] Verification passed: End locations are not equal. Expected '(Ln: 17, Ch: 8)', Actual: '(Ln: 17, Ch: 8)''
  +-  True: '(15:41.325) [Platform:Testcase] Verification passed: Instances are equal. Expected 'False', Actual 'False'.'
  +-  True: '(15:41.419) [Platform:Testcase] Verification passed: Start locations are not equal. Expected '(Ln: 9, Ch: 5)', Actual: '(Ln: 9, Ch: 5)''
  +-  True: '(15:41.468) [Platform:Testcase] Verification passed: End locations are not equal. Expected '(Ln: 16, Ch: 13)', Actual: '(Ln: 16, Ch: 13)''
  +-  True: '(15:41.527) [Platform:Testcase] Verification passed: Instances are equal. Expected 'False', Actual 'False'.'
  +-  True: '(15:41.623) [Platform:Testcase] Verification passed: Start locations are not equal. Expected '(Ln: 10, Ch: 9)', Actual: '(Ln: 10, Ch: 9)''
  +-  True: '(15:41.664) [Platform:Testcase] Verification passed: End locations are not equal. Expected '(Ln: 15, Ch: 14)', Actual: '(Ln: 15, Ch: 14)''
  +-  True: '(15:41.716) [Platform:Testcase] Verification passed: Instances are equal. Expected 'False', Actual 'False'.'
  +-  True: '(15:41.805) [Platform:Testcase] Verification passed: Start locations are not equal. Expected '(Ln: 12, Ch: 13)', Actual: '(Ln: 12, Ch: 13)''
  +-  True: '(15:41.853) [Platform:Testcase] Verification passed: End locations are not equal. Expected '(Ln: 14, Ch: 18)', Actual: '(Ln: 14, Ch: 18)''
  +-  True: '(15:41.914) [Platform:Testcase] Verification passed: Instances are equal. Expected 'False', Actual 'False'.'
  +-  True: '(15:42.602) [Platform:Testcase] Verification passed: Number of outlining regions is 6; expected to find 6.'
  +-  True: '(15:42.720) [Platform:Testcase] Verification passed: Start locations are not equal. Expected '(Ln: 3, Ch: 1)', Actual: '(Ln: 3, Ch: 1)''
  +-  True: '(15:42.774) [Platform:Testcase] Verification passed: End locations are not equal. Expected '(Ln: 18, Ch: 8)', Actual: '(Ln: 18, Ch: 8)''
  +-  True: '(15:42.826) [Platform:Testcase] Verification passed: Instances are equal. Expected 'False', Actual 'False'.'
  +-  True: '(15:42.920) [Platform:Testcase] Verification passed: Start locations are not equal. Expected '(Ln: 4, Ch: 1)', Actual: '(Ln: 4, Ch: 1)''
  +-  True: '(15:42.963) [Platform:Testcase] Verification passed: End locations are not equal. Expected '(Ln: 7, Ch: 8)', Actual: '(Ln: 7, Ch: 8)''
  +-  True: '(15:43.011) [Platform:Testcase] Verification passed: Instances are equal. Expected 'False', Actual 'False'.'
  +-  True: '(15:43.099) [Platform:Testcase] Verification passed: Start locations are not equal. Expected '(Ln: 8, Ch: 1)', Actual: '(Ln: 8, Ch: 1)''
  +-  True: '(15:43.141) [Platform:Testcase] Verification passed: End locations are not equal. Expected '(Ln: 17, Ch: 8)', Actual: '(Ln: 17, Ch: 8)''
  +-  True: '(15:43.179) [Platform:Testcase] Verification passed: Instances are equal. Expected 'False', Actual 'False'.'
  +-  True: '(15:43.266) [Platform:Testcase] Verification passed: Start locations are not equal. Expected '(Ln: 9, Ch: 5)', Actual: '(Ln: 9, Ch: 5)''
  +-  True: '(15:43.307) [Platform:Testcase] Verification passed: End locations are not equal. Expected '(Ln: 16, Ch: 13)', Actual: '(Ln: 16, Ch: 13)''
  +-  True: '(15:43.348) [Platform:Testcase] Verification passed: Instances are equal. Expected 'False', Actual 'False'.'
  +-  True: '(15:43.432) [Platform:Testcase] Verification passed: Start locations are not equal. Expected '(Ln: 10, Ch: 9)', Actual: '(Ln: 10, Ch: 9)''
  +-  True: '(15:43.474) [Platform:Testcase] Verification passed: End locations are not equal. Expected '(Ln: 15, Ch: 14)', Actual: '(Ln: 15, Ch: 14)''
  +-  True: '(15:43.522) [Platform:Testcase] Verification passed: Instances are equal. Expected 'False', Actual 'False'.'
  +-  True: '(15:43.609) [Platform:Testcase] Verification passed: Start locations are not equal. Expected '(Ln: 12, Ch: 13)', Actual: '(Ln: 12, Ch: 13)''
  +-  True: '(15:43.655) [Platform:Testcase] Verification passed: End locations are not equal. Expected '(Ln: 14, Ch: 20)', Actual: '(Ln: 14, Ch: 20)''
  +-  True: '(15:43.698) [Platform:Testcase] Verification passed: Instances are equal. Expected 'False', Actual 'False'.'
  +-  True: '(15:44.491) [Platform:Testcase] Verification passed: Number of outlining regions is 6; expected to find 6.'
  +-  True: '(15:44.587) [Platform:Testcase] Verification passed: Start locations are not equal. Expected '(Ln: 3, Ch: 1)', Actual: '(Ln: 3, Ch: 1)''
  +-  True: '(15:44.636) [Platform:Testcase] Verification passed: End locations are not equal. Expected '(Ln: 18, Ch: 8)', Actual: '(Ln: 18, Ch: 8)''
  +-  True: '(15:44.698) [Platform:Testcase] Verification passed: Instances are equal. Expected 'False', Actual 'False'.'
  +-  True: '(15:44.801) [Platform:Testcase] Verification passed: Start locations are not equal. Expected '(Ln: 4, Ch: 1)', Actual: '(Ln: 4, Ch: 1)''
  +-  True: '(15:44.847) [Platform:Testcase] Verification passed: End locations are not equal. Expected '(Ln: 7, Ch: 8)', Actual: '(Ln: 7, Ch: 8)''
  +-  True: '(15:44.887) [Platform:Testcase] Verification passed: Instances are equal. Expected 'False', Actual 'False'.'
  +-  True: '(15:44.972) [Platform:Testcase] Verification passed: Start locations are not equal. Expected '(Ln: 8, Ch: 1)', Actual: '(Ln: 8, Ch: 1)''
  +-  True: '(15:45.016) [Platform:Testcase] Verification passed: End locations are not equal. Expected '(Ln: 17, Ch: 8)', Actual: '(Ln: 17, Ch: 8)''
  +-  True: '(15:45.060) [Platform:Testcase] Verification passed: Instances are equal. Expected 'False', Actual 'False'.'
  +-  True: '(15:45.157) [Platform:Testcase] Verification passed: Start locations are not equal. Expected '(Ln: 9, Ch: 5)', Actual: '(Ln: 9, Ch: 5)''
  +-  True: '(15:45.214) [Platform:Testcase] Verification passed: End locations are not equal. Expected '(Ln: 16, Ch: 13)', Actual: '(Ln: 16, Ch: 13)''
  +-  True: '(15:45.269) [Platform:Testcase] Verification passed: Instances are equal. Expected 'False', Actual 'False'.'
  +-  True: '(15:45.390) [Platform:Testcase] Verification passed: Start locations are not equal. Expected '(Ln: 10, Ch: 9)', Actual: '(Ln: 10, Ch: 9)''
  +-  True: '(15:45.443) [Platform:Testcase] Verification passed: End locations are not equal. Expected '(Ln: 15, Ch: 14)', Actual: '(Ln: 15, Ch: 14)''
  +-  True: '(15:45.517) [Platform:Testcase] Verification passed: Instances are equal. Expected 'False', Actual 'False'.'
  +-  True: '(15:45.650) [Platform:Testcase] Verification passed: Start locations are not equal. Expected '(Ln: 12, Ch: 13)', Actual: '(Ln: 12, Ch: 13)''
  +-  True: '(15:45.710) [Platform:Testcase] Verification passed: End locations are not equal. Expected '(Ln: 14, Ch: 20)', Actual: '(Ln: 14, Ch: 20)''
  +-  True: '(15:45.768) [Platform:Testcase] Verification passed: Instances are equal. Expected 'False', Actual 'False'.'
  +-  True: '(15:45.835) [Platform:Testcase] Verification passed: String content is equal: Expected '&lt;todd class="test1"&gt;...&lt;/todd&gt;', Actual '&lt;todd class="test1"&gt;...&lt;/todd&gt;'; &lt;ComparisonType: OrdinalIgnoreCase&gt;'
  +-  True: '(15:46.289) [Platform:Testcase] Verification passed: Number of outlining regions is 6; expected to find 6.'
  +-  True: '(15:46.399) [Platform:Testcase] Verification passed: Start locations are not equal. Expected '(Ln: 3, Ch: 1)', Actual: '(Ln: 3, Ch: 1)''
  +-  True: '(15:46.449) [Platform:Testcase] Verification passed: End locations are not equal. Expected '(Ln: 18, Ch: 8)', Actual: '(Ln: 18, Ch: 8)''
  +-  True: '(15:46.523) [Platform:Testcase] Verification passed: Instances are equal. Expected 'False', Actual 'False'.'
  +-  True: '(15:46.629) [Platform:Testcase] Verification passed: Start locations are not equal. Expected '(Ln: 4, Ch: 1)', Actual: '(Ln: 4, Ch: 1)''
  +-  True: '(15:46.681) [Platform:Testcase] Verification passed: End locations are not equal. Expected '(Ln: 7, Ch: 8)', Actual: '(Ln: 7, Ch: 8)''
  +-  True: '(15:46.728) [Platform:Testcase] Verification passed: Instances are equal. Expected 'False', Actual 'False'.'
  +-  True: '(15:46.843) [Platform:Testcase] Verification passed: Start locations are not equal. Expected '(Ln: 8, Ch: 1)', Actual: '(Ln: 8, Ch: 1)''
  +-  True: '(15:46.917) [Platform:Testcase] Verification passed: End locations are not equal. Expected '(Ln: 17, Ch: 8)', Actual: '(Ln: 17, Ch: 8)''
  +-  True: '(15:46.990) [Platform:Testcase] Verification passed: Instances are equal. Expected 'False', Actual 'False'.'
  +-  True: '(15:47.124) [Platform:Testcase] Verification passed: Start locations are not equal. Expected '(Ln: 9, Ch: 5)', Actual: '(Ln: 9, Ch: 5)''
  +-  True: '(15:47.176) [Platform:Testcase] Verification passed: End locations are not equal. Expected '(Ln: 16, Ch: 13)', Actual: '(Ln: 16, Ch: 13)''
  +-  True: '(15:47.227) [Platform:Testcase] Verification passed: Instances are equal. Expected 'False', Actual 'False'.'
  +-  True: '(15:47.350) [Platform:Testcase] Verification passed: Start locations are not equal. Expected '(Ln: 10, Ch: 9)', Actual: '(Ln: 10, Ch: 9)''
  +-  True: '(15:47.427) [Platform:Testcase] Verification passed: End locations are not equal. Expected '(Ln: 15, Ch: 14)', Actual: '(Ln: 15, Ch: 14)''
  +-  True: '(15:47.480) [Platform:Testcase] Verification passed: Instances are equal. Expected 'False', Actual 'False'.'
  +-  True: '(15:47.592) [Platform:Testcase] Verification passed: Start locations are not equal. Expected '(Ln: 12, Ch: 13)', Actual: '(Ln: 12, Ch: 13)''
  +-  True: '(15:47.661) [Platform:Testcase] Verification passed: End locations are not equal. Expected '(Ln: 14, Ch: 20)', Actual: '(Ln: 14, Ch: 20)''
  +-  True: '(15:47.714) [Platform:Testcase] Verification passed: Instances are equal. Expected 'False', Actual 'False'.'
  +-  True: '(15:47.758) [Platform:Testcase] Verification passed: String content is equal: Expected '&lt;todd class="test"&gt;...&lt;/todd&gt;', Actual '&lt;todd class="test"&gt;...&lt;/todd&gt;'; &lt;ComparisonType: OrdinalIgnoreCase&gt;'
  +-  True: '(15:49.646) [Platform:Testcase] Verification passed: Number of outlining regions is 5; expected to find 5.'
  +-  True: '(15:49.759) [Platform:Testcase] Verification passed: Start locations are not equal. Expected '(Ln: 3, Ch: 1)', Actual: '(Ln: 3, Ch: 1)''
  +-  True: '(15:49.814) [Platform:Testcase] Verification passed: End locations are not equal. Expected '(Ln: 16, Ch: 8)', Actual: '(Ln: 16, Ch: 8)''
  +-  True: '(15:49.872) [Platform:Testcase] Verification passed: Instances are equal. Expected 'False', Actual 'False'.'
  +-  True: '(15:49.971) [Platform:Testcase] Verification passed: Start locations are not equal. Expected '(Ln: 4, Ch: 1)', Actual: '(Ln: 4, Ch: 1)''
  +-  True: '(15:50.018) [Platform:Testcase] Verification passed: End locations are not equal. Expected '(Ln: 7, Ch: 8)', Actual: '(Ln: 7, Ch: 8)''
  +-  True: '(15:50.065) [Platform:Testcase] Verification passed: Instances are equal. Expected 'False', Actual 'False'.'
  +-  True: '(15:50.179) [Platform:Testcase] Verification passed: Start locations are not equal. Expected '(Ln: 8, Ch: 1)', Actual: '(Ln: 8, Ch: 1)''
  +-  True: '(15:50.252) [Platform:Testcase] Verification passed: End locations are not equal. Expected '(Ln: 15, Ch: 8)', Actual: '(Ln: 15, Ch: 8)''
  +-  True: '(15:50.328) [Platform:Testcase] Verification passed: Instances are equal. Expected 'False', Actual 'False'.'
  +-  True: '(15:50.451) [Platform:Testcase] Verification passed: Start locations are not equal. Expected '(Ln: 9, Ch: 5)', Actual: '(Ln: 9, Ch: 5)''
  +-  True: '(15:50.519) [Platform:Testcase] Verification passed: End locations are not equal. Expected '(Ln: 14, Ch: 13)', Actual: '(Ln: 14, Ch: 13)''
  +-  True: '(15:50.594) [Platform:Testcase] Verification passed: Instances are equal. Expected 'False', Actual 'False'.'
  +-  True: '(15:50.718) [Platform:Testcase] Verification passed: Start locations are not equal. Expected '(Ln: 10, Ch: 9)', Actual: '(Ln: 10, Ch: 9)''
  +-  True: '(15:50.766) [Platform:Testcase] Verification passed: End locations are not equal. Expected '(Ln: 13, Ch: 14)', Actual: '(Ln: 13, Ch: 14)''
  +-  True: '(15:50.811) [Platform:Testcase] Verification passed: Instances are equal. Expected 'False', Actual 'False'.'
  +-  True: '(15:54.201) [Platform:Testcase] Verification passed: Number of outlining regions is 6; expected to find 6.'
  +-  True: '(15:54.291) [Platform:Testcase] Verification passed: Start locations are not equal. Expected '(Ln: 3, Ch: 1)', Actual: '(Ln: 3, Ch: 1)''
  +-  True: '(15:54.336) [Platform:Testcase] Verification passed: End locations are not equal. Expected '(Ln: 18, Ch: 8)', Actual: '(Ln: 18, Ch: 8)''
  +-  True: '(15:54.384) [Platform:Testcase] Verification passed: Instances are equal. Expected 'False', Actual 'False'.'
  +-  True: '(15:54.485) [Platform:Testcase] Verification passed: Start locations are not equal. Expected '(Ln: 4, Ch: 1)', Actual: '(Ln: 4, Ch: 1)''
  +-  True: '(15:54.532) [Platform:Testcase] Verification passed: End locations are not equal. Expected '(Ln: 7, Ch: 8)', Actual: '(Ln: 7, Ch: 8)''
  +-  True: '(15:54.577) [Platform:Testcase] Verification passed: Instances are equal. Expected 'False', Actual 'False'.'
  +-  True: '(15:54.658) [Platform:Testcase] Verification passed: Start locations are not equal. Expected '(Ln: 8, Ch: 2)', Actual: '(Ln: 8, Ch: 2)''
  +-  True: '(15:54.698) [Platform:Testcase] Verification passed: End locations are not equal. Expected '(Ln: 17, Ch: 9)', Actual: '(Ln: 17, Ch: 9)''
  +-  True: '(15:54.735) [Platform:Testcase] Verification passed: Instances are equal. Expected 'False', Actual 'False'.'
  +-  True: '(15:54.818) [Platform:Testcase] Verification passed: Start locations are not equal. Expected '(Ln: 9, Ch: 6)', Actual: '(Ln: 9, Ch: 6)''
  +-  True: '(15:54.861) [Platform:Testcase] Verification passed: End locations are not equal. Expected '(Ln: 16, Ch: 14)', Actual: '(Ln: 16, Ch: 14)''
  +-  True: '(15:54.901) [Platform:Testcase] Verification passed: Instances are equal. Expected 'False', Actual 'False'.'
  +-  True: '(15:54.978) [Platform:Testcase] Verification passed: Start locations are not equal. Expected '(Ln: 10, Ch: 10)', Actual: '(Ln: 10, Ch: 10)''
  +-  True: '(15:55.018) [Platform:Testcase] Verification passed: End locations are not equal. Expected '(Ln: 15, Ch: 15)', Actual: '(Ln: 15, Ch: 15)''
  +-  True: '(15:55.056) [Platform:Testcase] Verification passed: Instances are equal. Expected 'False', Actual 'False'.'
  +-  True: '(15:55.133) [Platform:Testcase] Verification passed: Start locations are not equal. Expected '(Ln: 12, Ch: 14)', Actual: '(Ln: 12, Ch: 14)''
  +-  True: '(15:55.172) [Platform:Testcase] Verification passed: End locations are not equal. Expected '(Ln: 14, Ch: 19)', Actual: '(Ln: 14, Ch: 19)''
  +-  True: '(15:55.213) [Platform:Testcase] Verification passed: Instances are equal. Expected 'False', Actual 'False'.'
  +-  True: '(15:57.615) [Platform:Testcase] Verification passed: Number of outlining regions is 6; expected to find 6.'
  +-  True: '(15:57.710) [Platform:Testcase] Verification passed: Start locations are not equal. Expected '(Ln: 3, Ch: 1)', Actual: '(Ln: 3, Ch: 1)''
  +-  True: '(15:57.757) [Platform:Testcase] Verification passed: End locations are not equal. Expected '(Ln: 18, Ch: 8)', Actual: '(Ln: 18, Ch: 8)''
  +-  True: '(15:57.801) [Platform:Testcase] Verification passed: Instances are equal. Expected 'False', Actual 'False'.'
  +-  True: '(15:57.892) [Platform:Testcase] Verification passed: Start locations are not equal. Expected '(Ln: 4, Ch: 1)', Actual: '(Ln: 4, Ch: 1)''
  +-  True: '(15:57.938) [Platform:Testcase] Verification passed: End locations are not equal. Expected '(Ln: 7, Ch: 8)', Actual: '(Ln: 7, Ch: 8)''
  +-  True: '(15:58.001) [Platform:Testcase] Verification passed: Instances are equal. Expected 'False', Actual 'False'.'
  +-  True: '(15:58.086) [Platform:Testcase] Verification passed: Start locations are not equal. Expected '(Ln: 8, Ch: 1)', Actual: '(Ln: 8, Ch: 1)''
  +-  True: '(15:58.135) [Platform:Testcase] Verification passed: End locations are not equal. Expected '(Ln: 17, Ch: 8)', Actual: '(Ln: 17, Ch: 8)''
  +-  True: '(15:58.184) [Platform:Testcase] Verification passed: Instances are equal. Expected 'False', Actual 'False'.'
  +-  True: '(15:58.288) [Platform:Testcase] Verification passed: Start locations are not equal. Expected '(Ln: 9, Ch: 5)', Actual: '(Ln: 9, Ch: 5)''
  +-  True: '(15:58.336) [Platform:Testcase] Verification passed: End locations are not equal. Expected '(Ln: 16, Ch: 13)', Actual: '(Ln: 16, Ch: 13)''
  +-  True: '(15:58.382) [Platform:Testcase] Verification passed: Instances are equal. Expected 'False', Actual 'False'.'
  +-  True: '(15:58.488) [Platform:Testcase] Verification passed: Start locations are not equal. Expected '(Ln: 10, Ch: 9)', Actual: '(Ln: 10, Ch: 9)''
  +-  True: '(15:58.535) [Platform:Testcase] Verification passed: End locations are not equal. Expected '(Ln: 15, Ch: 14)', Actual: '(Ln: 15, Ch: 14)''
  +-  True: '(15:58.575) [Platform:Testcase] Verification passed: Instances are equal. Expected 'False', Actual 'False'.'
  +-  True: '(15:58.662) [Platform:Testcase] Verification passed: Start locations are not equal. Expected '(Ln: 12, Ch: 13)', Actual: '(Ln: 12, Ch: 13)''
  +-  True: '(15:58.707) [Platform:Testcase] Verification passed: End locations are not equal. Expected '(Ln: 14, Ch: 18)', Actual: '(Ln: 14, Ch: 18)''
  +-  True: '(15:58.746) [Platform:Testcase] Verification passed: Instances are equal. Expected 'False', Actual 'False'.'
  +-  True: '(15:59.494) [Platform:Testcase] Verification passed: Number of outlining regions is 7; expected to find 7.'
  +-  True: '(15:59.617) [Platform:Testcase] Verification passed: Start locations are not equal. Expected '(Ln: 3, Ch: 1)', Actual: '(Ln: 3, Ch: 1)''
  +-  True: '(15:59.672) [Platform:Testcase] Verification passed: End locations are not equal. Expected '(Ln: 18, Ch: 8)', Actual: '(Ln: 18, Ch: 8)''
  +-  True: '(15:59.719) [Platform:Testcase] Verification passed: Instances are equal. Expected 'False', Actual 'False'.'
  +-  True: '(15:59.813) [Platform:Testcase] Verification passed: Start locations are not equal. Expected '(Ln: 4, Ch: 1)', Actual: '(Ln: 4, Ch: 1)''
  +-  True: '(15:59.868) [Platform:Testcase] Verification passed: End locations are not equal. Expected '(Ln: 7, Ch: 8)', Actual: '(Ln: 7, Ch: 8)''
  +-  True: '(15:59.910) [Platform:Testcase] Verification passed: Instances are equal. Expected 'False', Actual 'False'.'
  +-  True: '(15:59.999) [Platform:Testcase] Verification passed: Start locations are not equal. Expected '(Ln: 8, Ch: 1)', Actual: '(Ln: 8, Ch: 1)''
  +-  True: '(16:00.040) [Platform:Testcase] Verification passed: End locations are not equal. Expected '(Ln: 17, Ch: 8)', Actual: '(Ln: 17, Ch: 8)''
  +-  True: '(16:00.084) [Platform:Testcase] Verification passed: Instances are equal. Expected 'False', Actual 'False'.'
  +-  True: '(16:00.164) [Platform:Testcase] Verification passed: Start locations are not equal. Expected '(Ln: 9, Ch: 5)', Actual: '(Ln: 9, Ch: 5)''
  +-  True: '(16:00.207) [Platform:Testcase] Verification passed: End locations are not equal. Expected '(Ln: 16, Ch: 13)', Actual: '(Ln: 16, Ch: 13)''
  +-  True: '(16:00.247) [Platform:Testcase] Verification passed: Instances are equal. Expected 'False', Actual 'False'.'
  +-  True: '(16:00.331) [Platform:Testcase] Verification passed: Start locations are not equal. Expected '(Ln: 10, Ch: 9)', Actual: '(Ln: 10, Ch: 9)''
  +-  True: '(16:00.370) [Platform:Testcase] Verification passed: End locations are not equal. Expected '(Ln: 15, Ch: 14)', Actual: '(Ln: 15, Ch: 14)''
  +-  True: '(16:00.413) [Platform:Testcase] Verification passed: Instances are equal. Expected 'False', Actual 'False'.'
  +-  True: '(16:00.499) [Platform:Testcase] Verification passed: Start locations are not equal. Expected '(Ln: 11, Ch: 17)', Actual: '(Ln: 11, Ch: 17)''
  +-  True: '(16:00.547) [Platform:Testcase] Verification passed: End locations are not equal. Expected '(Ln: 11, Ch: 20)', Actual: '(Ln: 11, Ch: 20)''
  +-  True: '(16:00.588) [Platform:Testcase] Verification passed: Instances are equal. Expected 'True', Actual 'True'.'
  +-  True: '(16:00.679) [Platform:Testcase] Verification passed: Start locations are not equal. Expected '(Ln: 12, Ch: 13)', Actual: '(Ln: 12, Ch: 13)''
  +-  True: '(16:00.726) [Platform:Testcase] Verification passed: End locations are not equal. Expected '(Ln: 14, Ch: 18)', Actual: '(Ln: 14, Ch: 18)''
  +-  True: '(16:00.770) [Platform:Testcase] Verification passed: Instances are equal. Expected 'False', Actual 'False'.'
  +-  True: '(16:01.243) [Platform:Testcase] Verification passed: Number of outlining regions is 7; expected to find 7.'
  +-  True: '(16:01.382) [Platform:Testcase] Verification passed: Start locations are not equal. Expected '(Ln: 3, Ch: 1)', Actual: '(Ln: 3, Ch: 1)''
  +-  True: '(16:01.436) [Platform:Testcase] Verification passed: End locations are not equal. Expected '(Ln: 18, Ch: 8)', Actual: '(Ln: 18, Ch: 8)''
  +-  True: '(16:01.490) [Platform:Testcase] Verification passed: Instances are equal. Expected 'False', Actual 'False'.'
  +-  True: '(16:01.625) [Platform:Testcase] Verification passed: Start locations are not equal. Expected '(Ln: 4, Ch: 1)', Actual: '(Ln: 4, Ch: 1)''
  +-  True: '(16:01.677) [Platform:Testcase] Verification passed: End locations are not equal. Expected '(Ln: 7, Ch: 8)', Actual: '(Ln: 7, Ch: 8)''
  +-  True: '(16:01.738) [Platform:Testcase] Verification passed: Instances are equal. Expected 'False', Actual 'False'.'
  +-  True: '(16:01.835) [Platform:Testcase] Verification passed: Start locations are not equal. Expected '(Ln: 8, Ch: 1)', Actual: '(Ln: 8, Ch: 1)''
  +-  True: '(16:01.894) [Platform:Testcase] Verification passed: End locations are not equal. Expected '(Ln: 17, Ch: 8)', Actual: '(Ln: 17, Ch: 8)''
  +-  True: '(16:01.947) [Platform:Testcase] Verification passed: Instances are equal. Expected 'False', Actual 'False'.'
  +-  True: '(16:02.044) [Platform:Testcase] Verification passed: Start locations are not equal. Expected '(Ln: 9, Ch: 5)', Actual: '(Ln: 9, Ch: 5)''
  +-  True: '(16:02.103) [Platform:Testcase] Verification passed: End locations are not equal. Expected '(Ln: 16, Ch: 13)', Actual: '(Ln: 16, Ch: 13)''
  +-  True: '(16:02.151) [Platform:Testcase] Verification passed: Instances are equal. Expected 'False', Actual 'False'.'
  +-  True: '(16:02.246) [Platform:Testcase] Verification passed: Start locations are not equal. Expected '(Ln: 10, Ch: 9)', Actual: '(Ln: 10, Ch: 9)''
  +-  True: '(16:02.291) [Platform:Testcase] Verification passed: End locations are not equal. Expected '(Ln: 15, Ch: 14)', Actual: '(Ln: 15, Ch: 14)''
  +-  True: '(16:02.344) [Platform:Testcase] Verification passed: Instances are equal. Expected 'False', Actual 'False'.'
  +-  True: '(16:02.452) [Platform:Testcase] Verification passed: Start locations are not equal. Expected '(Ln: 11, Ch: 17)', Actual: '(Ln: 11, Ch: 17)''
  +-  True: '(16:02.503) [Platform:Testcase] Verification passed: End locations are not equal. Expected '(Ln: 11, Ch: 20)', Actual: '(Ln: 11, Ch: 20)''
  +-  True: '(16:02.567) [Platform:Testcase] Verification passed: Instances are equal. Expected 'False', Actual 'False'.'
  +-  True: '(16:02.700) [Platform:Testcase] Verification passed: Start locations are not equal. Expected '(Ln: 12, Ch: 13)', Actual: '(Ln: 12, Ch: 13)''
  +-  True: '(16:02.767) [Platform:Testcase] Verification passed: End locations are not equal. Expected '(Ln: 14, Ch: 18)', Actual: '(Ln: 14, Ch: 18)''
  +-  True: '(16:02.817) [Platform:Testcase] Verification passed: Instances are equal. Expected 'False', Actual 'False'.'
  +-  True: '(16:03.214) [Platform:Testcase] Verification passed: Number of outlining regions is 7; expected to find 7.'
  +-  True: '(16:03.323) [Platform:Testcase] Verification passed: Start locations are not equal. Expected '(Ln: 3, Ch: 1)', Actual: '(Ln: 3, Ch: 1)''
  +-  True: '(16:03.363) [Platform:Testcase] Verification passed: End locations are not equal. Expected '(Ln: 18, Ch: 8)', Actual: '(Ln: 18, Ch: 8)''
  +-  True: '(16:03.403) [Platform:Testcase] Verification passed: Instances are equal. Expected 'False', Actual 'False'.'
  +-  True: '(16:03.483) [Platform:Testcase] Verification passed: Start locations are not equal. Expected '(Ln: 4, Ch: 1)', Actual: '(Ln: 4, Ch: 1)''
  +-  True: '(16:03.530) [Platform:Testcase] Verification passed: End locations are not equal. Expected '(Ln: 7, Ch: 8)', Actual: '(Ln: 7, Ch: 8)''
  +-  True: '(16:03.578) [Platform:Testcase] Verification passed: Instances are equal. Expected 'False', Actual 'False'.'
  +-  True: '(16:03.668) [Platform:Testcase] Verification passed: Start locations are not equal. Expected '(Ln: 8, Ch: 1)', Actual: '(Ln: 8, Ch: 1)''
  +-  True: '(16:03.723) [Platform:Testcase] Verification passed: End locations are not equal. Expected '(Ln: 17, Ch: 8)', Actual: '(Ln: 17, Ch: 8)''
  +-  True: '(16:03.763) [Platform:Testcase] Verification passed: Instances are equal. Expected 'False', Actual 'False'.'
  +-  True: '(16:03.880) [Platform:Testcase] Verification passed: Start locations are not equal. Expected '(Ln: 9, Ch: 5)', Actual: '(Ln: 9, Ch: 5)''
  +-  True: '(16:03.941) [Platform:Testcase] Verification passed: End locations are not equal. Expected '(Ln: 16, Ch: 13)', Actual: '(Ln: 16, Ch: 13)''
  +-  True: '(16:03.983) [Platform:Testcase] Verification passed: Instances are equal. Expected 'False', Actual 'False'.'
  +-  True: '(16:04.075) [Platform:Testcase] Verification passed: Start locations are not equal. Expected '(Ln: 10, Ch: 9)', Actual: '(Ln: 10, Ch: 9)''
  +-  True: '(16:04.130) [Platform:Testcase] Verification passed: End locations are not equal. Expected '(Ln: 15, Ch: 14)', Actual: '(Ln: 15, Ch: 14)''
  +-  True: '(16:04.181) [Platform:Testcase] Verification passed: Instances are equal. Expected 'True', Actual 'True'.'
  +-  True: '(16:04.278) [Platform:Testcase] Verification passed: Start locations are not equal. Expected '(Ln: 11, Ch: 17)', Actual: '(Ln: 11, Ch: 17)''
  +-  True: '(16:04.330) [Platform:Testcase] Verification passed: End locations are not equal. Expected '(Ln: 11, Ch: 20)', Actual: '(Ln: 11, Ch: 20)''
  +-  True: '(16:04.397) [Platform:Testcase] Verification passed: Instances are equal. Expected 'False', Actual 'False'.'
  +-  True: '(16:04.513) [Platform:Testcase] Verification passed: Start locations are not equal. Expected '(Ln: 12, Ch: 13)', Actual: '(Ln: 12, Ch: 13)''
  +-  True: '(16:04.559) [Platform:Testcase] Verification passed: End locations are not equal. Expected '(Ln: 14, Ch: 18)', Actual: '(Ln: 14, Ch: 18)''
  +-  True: '(16:04.607) [Platform:Testcase] Verification passed: Instances are equal. Expected 'False', Actual 'False'.'
  +-  True: '(16:04.879) [Platform:Testcase] Verification passed: Number of outlining regions is 7; expected to find 7.'
  +-  True: '(16:04.981) [Platform:Testcase] Verification passed: Start locations are not equal. Expected '(Ln: 3, Ch: 1)', Actual: '(Ln: 3, Ch: 1)''
  +-  True: '(16:05.026) [Platform:Testcase] Verification passed: End locations are not equal. Expected '(Ln: 18, Ch: 8)', Actual: '(Ln: 18, Ch: 8)''
  +-  True: '(16:05.076) [Platform:Testcase] Verification passed: Instances are equal. Expected 'False', Actual 'False'.'
  +-  True: '(16:05.188) [Platform:Testcase] Verification passed: Start locations are not equal. Expected '(Ln: 4, Ch: 1)', Actual: '(Ln: 4, Ch: 1)''
  +-  True: '(16:05.229) [Platform:Testcase] Verification passed: End locations are not equal. Expected '(Ln: 7, Ch: 8)', Actual: '(Ln: 7, Ch: 8)''
  +-  True: '(16:05.272) [Platform:Testcase] Verification passed: Instances are equal. Expected 'False', Actual 'False'.'
  +-  True: '(16:05.353) [Platform:Testcase] Verification passed: Start locations are not equal. Expected '(Ln: 8, Ch: 1)', Actual: '(Ln: 8, Ch: 1)''
  +-  True: '(16:05.415) [Platform:Testcase] Verification passed: End locations are not equal. Expected '(Ln: 17, Ch: 8)', Actual: '(Ln: 17, Ch: 8)''
  +-  True: '(16:05.467) [Platform:Testcase] Verification passed: Instances are equal. Expected 'False', Actual 'False'.'
  +-  True: '(16:05.565) [Platform:Testcase] Verification passed: Start locations are not equal. Expected '(Ln: 9, Ch: 5)', Actual: '(Ln: 9, Ch: 5)''
  +-  True: '(16:05.611) [Platform:Testcase] Verification passed: End locations are not equal. Expected '(Ln: 16, Ch: 13)', Actual: '(Ln: 16, Ch: 13)''
  +-  True: '(16:05.654) [Platform:Testcase] Verification passed: Instances are equal. Expected 'False', Actual 'False'.'
  +-  True: '(16:05.749) [Platform:Testcase] Verification passed: Start locations are not equal. Expected '(Ln: 10, Ch: 9)', Actual: '(Ln: 10, Ch: 9)''
  +-  True: '(16:05.799) [Platform:Testcase] Verification passed: End locations are not equal. Expected '(Ln: 15, Ch: 14)', Actual: '(Ln: 15, Ch: 14)''
  +-  True: '(16:05.855) [Platform:Testcase] Verification passed: Instances are equal. Expected 'False', Actual 'False'.'
  +-  True: '(16:05.951) [Platform:Testcase] Verification passed: Start locations are not equal. Expected '(Ln: 11, Ch: 17)', Actual: '(Ln: 11, Ch: 17)''
  +-  True: '(16:05.994) [Platform:Testcase] Verification passed: End locations are not equal. Expected '(Ln: 11, Ch: 20)', Actual: '(Ln: 11, Ch: 20)''
  +-  True: '(16:06.037) [Platform:Testcase] Verification passed: Instances are equal. Expected 'False', Actual 'False'.'
  +-  True: '(16:06.125) [Platform:Testcase] Verification passed: Start locations are not equal. Expected '(Ln: 12, Ch: 13)', Actual: '(Ln: 12, Ch: 13)''
  +-  True: '(16:06.166) [Platform:Testcase] Verification passed: End locations are not equal. Expected '(Ln: 14, Ch: 18)', Actual: '(Ln: 14, Ch: 18)''
  +-  True: '(16:06.210) [Platform:Testcase] Verification passed: Instances are equal. Expected 'False', Actual 'False'.'
  +-  True: '(16:09.852) [Visual Studio Host (6956):VisualStudioIntellisenseVerifier] Verification passed: Quick Info is not present within a timeout of 00:00:10.'
  +-  True: '(17:43.206) [Platform:Testcase] Verification passed: String content is equal: Expected '&lt;div aria-atomic="false" aria-relevant="additions removals"&gt;&lt;/div&gt;', Actual '&lt;div aria-atomic="false" aria-relevant="additions removals"&gt;&lt;/div&gt;'; &lt;ComparisonType: OrdinalIgnoreCase&gt;'
  +-  True: '(19:14.045) [Visual Studio Host (6956):VisualStudioIntellisenseVerifier] Verification passed: Completion list is not present within a timeout of 00:00:10.'
  +-  True: '(19:18.129) [Visual Studio Host (6956):VisualStudioTextEditorVerifier] Verification passed: Line 14 was expected to contain the text '&lt;wbr /&gt;(test)', The line text in full is: '   &lt;wbr /&gt;(test)''
  +-  True: '(21:08.775) [Platform:Testcase] Verification passed: Object expected to be null.'
  +-  True: '(21:11.693) [Visual Studio Host (6956):VisualStudioTextEditorVerifier] Verification passed: The editor was expected to contain the text '&lt;h1&gt;Code Window Tests&lt;/h1&gt;''
  +-  True: '(23:14.654) [Platform:Testcase] Verification passed: The condition was expected to be true.'
  +-  True: '(23:15.084) [Platform:Testcase] Verification passed: The condition was expected to be false.'
  +-  True: '(23:16.414) [Platform:Testcase] Verification passed: The condition was expected to be true.'
  +-  True: '(23:23.324) [Platform:Testcase] Verification passed: The condition was expected to be false.'
  +-  True: '(23:23.709) [Platform:Testcase] Verification passed: The condition was expected to be true.'
  +-  True: '(23:25.525) [Platform:Testcase] Verification passed: The condition was expected to be false.'
  +-  True: '(26:35.294) [Visual Studio Host (11564):VisualStudioIntellisenseVerifier] Verification passed: Snippet picker is present within a timeout of 00:00:10.'
  +-  True: '(26:40.452) [Visual Studio Host (11564):VisualStudioIntellisenseVerifier] Verification passed: Snippet picker is present within a timeout of 00:00:10.'
  +-  True: '(26:41.084) [Visual Studio Host (11564):VisualStudioTextEditorVerifier] Verification passed: The editor was expected to contain the text '        &lt;dl&gt;
            &lt;dt&gt;foo&lt;/dt&gt;
            &lt;dd&gt;&lt;/dd&gt;
        &lt;/dl&gt;''
  +-  True: '(26:41.257) [Visual Studio Host (11564):VisualStudioIntellisenseVerifier] Verification passed: Snippet picker is not present within a timeout of 00:00:10.'
  +-  True: '(26:46.181) [Visual Studio Host (11564):VisualStudioTextEditorVerifier] Verification passed: The editor was expected to contain the text '&lt;div&gt;Hello&lt;/div&gt;''
  +-  True: '(26:46.953) [Visual Studio Host (11564):VisualStudioTextEditorVerifier] Verification passed: The editor was expected to contain the text '&lt;div &gt;Hello&lt;/div&gt;''
  +-  True: '(28:00.911) [Visual Studio Host (11564):TextMarkerVerifier] Verification passed: The total number of text markers matching type CodeSnippetSelectedField is expected to be 1 within a timeout of 00:00:10. It was 1.'
  +-  True: '(28:01.260) [Visual Studio Host (11564):TextMarkerVerifier] Verification passed: The total number of text markers matching type CodeSnippetField is expected to be 1 within a timeout of 00:00:10. It was 1.'
  +-  True: '(30:54.244) [Visual Studio Host (11564):CssColorPickerServiceVerifier] Verification passed: Color Picker is present within a timeout of 00:00:10'
  +-  True: '(30:59.469) [Visual Studio Host (11564):VisualStudioIntellisenseVerifier] Verification passed: Completion list is not present within a timeout of 00:00:10.'
  +-  True: '(31:32.750) [Visual Studio Host (11564):CssColorPickerServiceVerifier] Verification passed: Color Picker is present within a timeout of 00:00:10'
  +-  True: '(31:33.978) [Visual Studio Host (11564):CssColorPickerServiceVerifier] Verification passed: Color Picker is present within a timeout of 00:00:10'
  +-  True: '(31:35.114) [Visual Studio Host (11564):CssColorPickerServiceVerifier] Verification passed: Color Picker is present within a timeout of 00:00:10'
  +-  True: '(31:36.422) [Visual Studio Host (11564):CssColorPickerServiceVerifier] Verification passed: Color Picker is present within a timeout of 00:00:10'
  +-  True: '(31:37.635) [Visual Studio Host (11564):CssColorPickerServiceVerifier] Verification passed: Color Picker is present within a timeout of 00:00:10'
  +-  True: '(32:05.409) [Visual Studio Host (11564):VisualStudioIntellisenseVerifier] Verification passed: Completion list is present within a timeout of 00:00:10.'
  +-  True: '(32:06.626) [Visual Studio Host (11564):VisualStudioIntellisenseVerifier] Verification passed: Completion list is present within a timeout of 00:00:10.'
  +-  True: '(32:10.448) [Visual Studio Host (11564):CaretVerifier] Verification passed: The current line text is 'body:first-letter::first-letter.class{}'; the expected text is 'body:first-letter::first-letter.class{}'; trim = 'True'; &lt;ComparisonType: OrdinalIgnoreCase&gt;'
  +-  True: '(32:11.322) [Visual Studio Host (11564):CaretVerifier] Verification passed: The current line text is 'body::after(3.14159)::after("3.14159"){}'; the expected text is 'body::after(3.14159)::after("3.14159"){}'; trim = 'True'; &lt;ComparisonType: OrdinalIgnoreCase&gt;'
  +-  True: '(32:12.060) [Visual Studio Host (11564):CaretVerifier] Verification passed: The current line text is 'body::-ms-thumb:-moz-any-link#id{}'; the expected text is 'body::-ms-thumb:-moz-any-link#id{}'; trim = 'True'; &lt;ComparisonType: OrdinalIgnoreCase&gt;'
  +-  True: '(32:13.916) [Visual Studio Host (11564):CaretVerifier] Verification passed: The current line text is 'body { order: inherit; }'; the expected text is 'body { order: inherit; }'; trim = 'True'; &lt;ComparisonType: OrdinalIgnoreCase&gt;'
  +-  True: '(32:15.548) [Visual Studio Host (11564):CaretVerifier] Verification passed: The current line text is 'body { order: inherit; }'; the expected text is 'body { order: inherit; }'; trim = 'True'; &lt;ComparisonType: OrdinalIgnoreCase&gt;'
  +-  True: '(32:16.688) [Visual Studio Host (11564):CaretVerifier] Verification passed: The current line text is 'body { orz}'; the expected text is 'body { orz}'; trim = 'True'; &lt;ComparisonType: OrdinalIgnoreCase&gt;'
  +-  True: '(32:17.855) [Visual Studio Host (11564):CaretVerifier] Verification passed: The current line text is 'body { order}'; the expected text is 'body { order}'; trim = 'True'; &lt;ComparisonType: OrdinalIgnoreCase&gt;'
  +-  True: '(32:18.721) [Visual Studio Host (11564):CaretVerifier] Verification passed: The current line text is 'body { orz ; order }'; the expected text is 'body { orz ; order }'; trim = 'True'; &lt;ComparisonType: OrdinalIgnoreCase&gt;'
  +-  True: '(32:20.865) [Visual Studio Host (11564):CaretVerifier] Verification passed: The current line text is 'body { background-origin : border-box }'; the expected text is 'body { background-origin : border-box }'; trim = 'True'; &lt;ComparisonType: OrdinalIgnoreCase&gt;'
  +-  True: '(32:22.285) [Visual Studio Host (11564):VisualStudioIntellisenseVerifier] Verification passed: Completion list is not present within a timeout of 00:00:10.'
  +-  True: '(32:22.470) [Visual Studio Host (11564):CaretVerifier] Verification passed: The current line text is 'body { background-origi}'; the expected text is 'body { background-origi}'; trim = 'True'; &lt;ComparisonType: OrdinalIgnoreCase&gt;'
  +-  True: '(32:24.422) [Visual Studio Host (11564):CaretVerifier] Verification passed: The current line text is 'body { -webkit-transform-origin-x:inherit}'; the expected text is 'body { -webkit-transform-origin-x:inherit}'; trim = 'True'; &lt;ComparisonType: OrdinalIgnoreCase&gt;'
  +-  True: '(32:27.206) [Visual Studio Host (11564):CaretVerifier] Verification passed: The current line text is 'body { background-image: url(none); clip: rect(test); }'; the expected text is 'body { background-image: url(none); clip: rect(test); }'; trim = 'True'; &lt;ComparisonType: OrdinalIgnoreCase&gt;'
  +-  True: '(32:35.435) [Visual Studio Host (11564):CaretVerifier] Verification passed: The current line text is 'input[type="button"]'; the expected text is 'input[type="button"]'; trim = 'True'; &lt;ComparisonType: OrdinalIgnoreCase&gt;'
  +-  True: '(54:06.542) [Visual Studio Host (4384):VisualStudioTextEditorVerifier] Verification passed: The editor was expected to contain the text '&lt;div&gt;&lt;/div&gt;''
  +-  True: '(54:43.868) [Platform:Testcase] Verification passed: Number of outlining regions is 5; expected to find 5.'
  +-  True: '(54:44.114) [Platform:Testcase] Verification passed: Start locations are not equal. Expected '(Ln: 3, Ch: 1)', Actual: '(Ln: 3, Ch: 1)''
  +-  True: '(54:44.248) [Platform:Testcase] Verification passed: End locations are not equal. Expected '(Ln: 4, Ch: 58)', Actual: '(Ln: 4, Ch: 58)''
  +-  True: '(54:44.382) [Platform:Testcase] Verification passed: Instances are equal. Expected 'False', Actual 'False'.'
  +-  True: '(54:44.643) [Platform:Testcase] Verification passed: Start locations are not equal. Expected '(Ln: 5, Ch: 1)', Actual: '(Ln: 5, Ch: 1)''
  +-  True: '(54:44.811) [Platform:Testcase] Verification passed: End locations are not equal. Expected '(Ln: 6, Ch: 39)', Actual: '(Ln: 6, Ch: 39)''
  +-  True: '(54:44.963) [Platform:Testcase] Verification passed: Instances are equal. Expected 'False', Actual 'False'.'
  +-  True: '(54:45.246) [Platform:Testcase] Verification passed: Start locations are not equal. Expected '(Ln: 10, Ch: 1)', Actual: '(Ln: 10, Ch: 1)''
  +-  True: '(54:45.376) [Platform:Testcase] Verification passed: End locations are not equal. Expected '(Ln: 18, Ch: 6)', Actual: '(Ln: 18, Ch: 6)''
  +-  True: '(54:45.499) [Platform:Testcase] Verification passed: Instances are equal. Expected 'False', Actual 'False'.'
  +-  True: '(54:45.755) [Platform:Testcase] Verification passed: Start locations are not equal. Expected '(Ln: 13, Ch: 1)', Actual: '(Ln: 13, Ch: 1)''
  +-  True: '(54:45.885) [Platform:Testcase] Verification passed: End locations are not equal. Expected '(Ln: 18, Ch: 6)', Actual: '(Ln: 18, Ch: 6)''
  +-  True: '(54:46.011) [Platform:Testcase] Verification passed: Instances are equal. Expected 'False', Actual 'False'.'
  +-  True: '(54:46.264) [Platform:Testcase] Verification passed: Start locations are not equal. Expected '(Ln: 15, Ch: 1)', Actual: '(Ln: 15, Ch: 1)''
  +-  True: '(54:46.388) [Platform:Testcase] Verification passed: End locations are not equal. Expected '(Ln: 17, Ch: 30)', Actual: '(Ln: 17, Ch: 30)''
  +-  True: '(54:46.509) [Platform:Testcase] Verification passed: Instances are equal. Expected 'False', Actual 'False'.'
  +-  True: '(01:09:41.013) [Visual Studio Host (4384):VisualStudioIntellisenseVerifier] Verification passed: Snippet picker is present within a timeout of 00:00:10.'
  +-  True: '(01:09:42.305) [Visual Studio Host (4384):VisualStudioTextEditorVerifier] Verification passed: The editor was expected to contain the text '&lt;a href="#"&gt;@if (true) { }&lt;/a&gt;''
  +-  True: '(01:09:52.006) [Visual Studio Host (4384):VisualStudioIntellisenseVerifier] Verification passed: Snippet picker is present within a timeout of 00:00:10.'
  +-  True: '(01:09:53.165) [Visual Studio Host (4384):VisualStudioTextEditorVerifier] Verification passed: The editor was expected to contain the text '&lt;a href="#"&gt;@if (true) { }&lt;/a&gt;''
  +-  True: '(01:13:31.794) [Platform:Testcase] Verification passed: String content is equal: Expected '@{
    Layout = "~/_SiteLayout.cshtml";
    Page.Title = "Contact";
}

&lt;style&gt;text&lt;/style&gt;
&lt;hgroup class="title"&gt;
    &lt;h1&gt;@Page.Title.&lt;/h1&gt;
&lt;/hgroup&gt;

', Actual '@{
    Layout = "~/_SiteLayout.cshtml";
    Page.Title = "Contact";
}

&lt;style&gt;text&lt;/style&gt;
&lt;hgroup class="title"&gt;
    &lt;h1&gt;@Page.Title.&lt;/h1&gt;
&lt;/hgroup&gt;

'; &lt;ComparisonType: OrdinalIgnoreCase&gt;'
  +-  True: '(01:16:07.366) [Platform:Testcase] Verification passed: String content is equal: Expected '@section mySection {}', Actual '@section mySection {}'; &lt;ComparisonType: OrdinalIgnoreCase&gt;'
  +-  True: '(01:16:08.489) [Platform:Testcase] Verification passed: String content is equal: Expected '@section mySection {

}', Actual '@section mySection {

}'; &lt;ComparisonType: OrdinalIgnoreCase&gt;'
  +-  True: '(01:16:09.058) [Visual Studio Host (8016):CaretVerifier] Verification passed: Expected caret line: '2', actual caret line: '2''
  +-  True: '(01:16:09.260) [Visual Studio Host (8016):CaretVerifier] Verification passed: Expected caret column: '5', actual caret column: '5''
  +-  True: '(01:16:11.701) [Platform:Testcase] Verification passed: String content is equal: Expected '@section mySection {', Actual '@section mySection {'; &lt;ComparisonType: OrdinalIgnoreCase&gt;'
  +-  True: '(01:16:12.864) [Platform:Testcase] Verification passed: String content is equal: Expected '@section mySection {
', Actual '@section mySection {
'; &lt;ComparisonType: OrdinalIgnoreCase&gt;'
  +-  True: '(01:16:16.165) [Visual Studio Host (8016):CaretVerifier] Verification passed: Expected caret line: '2', actual caret line: '2''
  +-  True: '(01:16:17.184) [Visual Studio Host (8016):CaretVerifier] Verification passed: Expected caret column: '5', actual caret column: '5''
  +-  True: '(01:17:56.868) [Visual Studio Host (8016):CaretVerifier] Verification passed: The current line text is '&lt;a asp-route-'; the expected text is '&lt;a asp-route-'; trim = 'True'; &lt;ComparisonType: OrdinalIgnoreCase&gt;'
  +-  True: '(01:18:08.896) [Visual Studio Host (8016):CaretVerifier] Verification passed: The current line text is '&lt;-prfx-script&gt;&lt;/-prfx-script&gt;'; the expected text is '&lt;-prfx-script&gt;&lt;/-prfx-script&gt;'; trim = 'True'; &lt;ComparisonType: OrdinalIgnoreCase&gt;'
  +-  True: '(01:19:46.607) [Visual Studio Host (8016):CaretVerifier] Verification passed: The current line text is '&lt;parent&gt;&lt;/parent&gt;'; the expected text is '&lt;parent&gt;&lt;/parent&gt;'; trim = 'True'; &lt;ComparisonType: OrdinalIgnoreCase&gt;'
  +-  True: '(01:19:50.316) [Visual Studio Host (8016):CaretVerifier] Verification passed: The current line text is '&lt;child&gt;&lt;/child&gt;'; the expected text is '&lt;child&gt;&lt;/child&gt;'; trim = 'True'; &lt;ComparisonType: OrdinalIgnoreCase&gt;'
  +-  True: '(01:19:53.914) [Visual Studio Host (8016):CaretVerifier] Verification passed: The current line text is '&lt;grandchild1 /&gt;'; the expected text is '&lt;grandchild1 /&gt;'; trim = 'True'; &lt;ComparisonType: OrdinalIgnoreCase&gt;'
  +-  True: '(01:19:58.056) [Visual Studio Host (8016):CaretVerifier] Verification passed: The current line text is '&lt;grandchild2&gt;&lt;/grandchild2&gt;'; the expected text is '&lt;grandchild2&gt;&lt;/grandchild2&gt;'; trim = 'True'; &lt;ComparisonType: OrdinalIgnoreCase&gt;'
  +-  True: '(01:23:50.541) [Visual Studio Host (10528):VisualStudioIntellisenseVerifier] Verification passed: Completion list is present within a timeout of 00:00:10.'
  +-  True: '(01:23:52.281) [Visual Studio Host (10528):VisualStudioIntellisenseVerifier] Verification passed: Completion list is present within a timeout of 00:00:10.'
  +-  True: '(01:35:01.339) [Visual Studio Host (11640):CaretVerifier] Verification passed: Expected caret column: '5', actual caret column: '5''
  +-  True: '(01:36:25.345) [Visual Studio Host (9812):CompletionListVerifier] Verification passed: '1' completion items found containing the text 'model'.'
  +-  True: '(01:36:26.922) [Visual Studio Host (9812):CompletionListVerifier] Verification passed: '1' completion items found containing the text 'inherits'.'
  +-  True: '(01:36:28.881) [Visual Studio Host (9812):CompletionListVerifier] Verification passed: '1' completion items found containing the text 'addTagHelper'.'
  +-  True: '(01:36:30.256) [Visual Studio Host (9812):CompletionListVerifier] Verification passed: '1' completion items found containing the text 'removeTagHelper'.'
  +-  True: '(01:36:31.890) [Visual Studio Host (9812):CompletionListVerifier] Verification passed: '1' completion items found containing the text 'tagHelperPrefix'.'
  +-  True: '(01:36:33.532) [Visual Studio Host (9812):CompletionListVerifier] Verification passed: '1' completion items found containing the text 'section'.'
  +-  True: '(01:36:35.124) [Visual Studio Host (9812):CompletionListVerifier] Verification passed: '1' completion items found containing the text 'inject'.'
  +-  True: '(01:36:36.772) [Visual Studio Host (9812):CompletionListVerifier] Verification passed: '1' completion items found containing the text 'functions'.'
  +-  True: '(01:36:38.607) [Visual Studio Host (9812):CompletionListVerifier] Verification passed: '0' completion items found containing the text 'page'.'
  +-  True: '(01:37:55.027) [Visual Studio Host (4912):VisualStudioLightBulbServiceVerifier] Verification passed: Light bulb is present within a timeout of 00:00:10.'
  +-  True: '(01:49:29.342) [Visual Studio Host (11324):VisualStudioLightBulbServiceVerifier] Verification passed: Light bulb is present within a timeout of 00:00:10.'
  +-  True: '(01:54:53.003) [Visual Studio Host (5816):VisualStudioLightBulbServiceVerifier] Verification passed: Signature Help is not present within a timeout of 00:00:10.'
  +-  False: '(01:55:04.953) [Visual Studio Host (5816):VisualStudioLightBulbServiceVerifier] Verification failed: Signature Help is not present within a timeout of 00:00:10.'
  +-  True: '(01:55:07.543) [Visual Studio Host (5816):VisualStudioLightBulbServiceVerifier] Verification passed: Signature Help is not present within a timeout of 00:00:10.'
  +-  True: '(01:55:10.165) [Visual Studio Host (5816):VisualStudioLightBulbServiceVerifier] Verification passed: Light bulb is present within a timeout of 00:00:10.'
  +-  True: '(01:55:12.161) [Visual Studio Host (5816):VisualStudioLightBulbServiceVerifier] Verification passed: Light bulb is present within a timeout of 00:00:10.'
  +-  True: '(01:55:14.010) [Visual Studio Host (5816):VisualStudioLightBulbServiceVerifier] Verification passed: Light bulb is present within a timeout of 00:00:10.'
  

        (01:55:37.553) [Platform:DelayedAssertionVerifierSink] ----------------------------------------------------------------
    + ApexTest TestCleanup</StdOut>
        <ErrorInfo>
          <Message>Test method Microsoft.VisualStudio.Web.Editors.IntegrationTests.JSON.SuggestedActions.SortPropertiesTests.VSTest_JSON_SuggestedActions_SortProperties_IsPresent threw exception. System.Runtime.Remoting.RemotingException: Failed to read from an IPC Port: The pipe has been ended.
</Message>
          <StackTrace>
Server stack trace: 
   at System.Runtime.Remoting.Channels.Ipc.IpcPort.Read(Byte[] data, Int32 offset, Int32 length)
   at System.Runtime.Remoting.Channels.Ipc.PipeStream.Read(Byte[] buffer, Int32 offset, Int32 size)
   at System.Runtime.Remoting.Channels.SocketHandler.ReadFromSocket(Byte[] buffer, Int32 offset, Int32 count)
   at System.Runtime.Remoting.Channels.SocketHandler.Read(Byte[] buffer, Int32 offset, Int32 count)
   at System.Runtime.Remoting.Channels.SocketHandler.ReadAndMatchFourBytes(Byte[] buffer)
   at System.Runtime.Remoting.Channels.Tcp.TcpSocketHandler.ReadAndMatchPreamble()
   at System.Runtime.Remoting.Channels.Tcp.TcpSocketHandler.ReadVersionAndOperation(UInt16&amp; operation)
   at System.Runtime.Remoting.Channels.Ipc.IpcClientHandler.ReadHeaders()
   at System.Runtime.Remoting.Channels.Ipc.IpcClientTransportSink.ProcessMessage(IMessage msg, ITransportHeaders requestHeaders, Stream requestStream, ITransportHeaders&amp; responseHeaders, Stream&amp; responseStream)
   at System.Runtime.Remoting.Channels.BinaryClientFormatterSink.SyncProcessMessage(IMessage msg)

Exception rethrown at [0]: 
   at System.Runtime.Remoting.Proxies.RealProxy.HandleReturnMessage(IMessage reqMsg, IMessage retMsg)
   at System.Runtime.Remoting.Proxies.RealProxy.PrivateInvoke(MessageData&amp; msgData, Int32 type)
   at Microsoft.Test.Apex.Editor.LightBulbServiceVerifier.IsLightBulbPresent()
   at Microsoft.VisualStudio.Web.Editors.IntegrationTests.JSON.SuggestedActions.SortPropertiesTests.VSTest_JSON_SuggestedActions_SortProperties_IsPresent() in D:\dd\WTE\Main\test\Editors\IntegrationTests\JSON\SuggestedActions\SortPropertiesTests.cs:line 54</StackTrace>
        </ErrorInfo>
      </Output>
      <ResultFiles>
        <ResultFile path="WNVM19648\Failure.jpg" />
        <ResultFile path="WNVM19648\Failure[1].jpg" />
        <ResultFile path="WNVM19648\VSTest_BowerIntelliSenseTests_CaseSensitivity_Timedout.jpg" />
        <ResultFile path="WNVM19648\VSTest_BowerIntelliSenseTests_CaseSensitivity_Timedout[1].jpg" />
        <ResultFile path="WNVM19648\VSTest_BowerIntelliSenseTests_End_To_End_Timedout.jpg" />
        <ResultFile path="WNVM19648\VSTest_BowerIntelliSenseTests_End_To_End_Timedout[1].jpg" />
        <ResultFile path="WNVM19648\VSTest_BowerIntelliSenseTests_UnavailableVersion_Timedout.jpg" />
        <ResultFile path="WNVM19648\VSTest_BowerIntelliSenseTests_UnavailableVersion_Timedout[1].jpg" />
        <ResultFile path="WNVM19648\VSTest_Generate_AttrModel_Methods_WAP_Code_Behind_CS_Timedout.jpg" />
        <ResultFile path="WNVM19648\VSTest_Generate_AttrModel_Methods_WAP_Code_Behind_CS_Timedout[1].jpg" />
        <ResultFile path="WNVM19648\VSTest_HitBreakpointAndEditInCSHtml_Timedout.jpg" />
        <ResultFile path="WNVM19648\VSTest_HitBreakpointAndEditInCSHtml_Timedout[1].jpg" />
        <ResultFile path="WNVM19648\VSTest_Html_Drag_Drop_JavascriptFile_Timedout.jpg" />
        <ResultFile path="WNVM19648\VSTest_Html_Drag_Drop_JavascriptFile_Timedout[1].jpg" />
        <ResultFile path="WNVM19648\VSTest_JSON_AutoStructureWithExistingComma_Timedout.jpg" />
        <ResultFile path="WNVM19648\VSTest_JSON_AutoStructureWithExistingComma_Timedout[1].jpg" />
        <ResultFile path="WNVM19648\VSTest_JSON_SuggestedActions_SortProperties_IsPresent-Failure-devenv.6752.png" />
        <ResultFile path="WNVM19648\VSTest_NPMIntelliSenseTests_End_To_End_Timedout.jpg" />
        <ResultFile path="WNVM19648\VSTest_NPMIntelliSenseTests_End_To_End_Timedout[1].jpg" />
        <ResultFile path="WNVM19648\VSTest_NPM_Completion_ScopedPackage_Timedout.jpg" />
        <ResultFile path="WNVM19648\VSTest_NPM_Completion_ScopedPackage_Timedout[1].jpg" />
        <ResultFile path="WNVM19648\VSTest_NPM_NavigateToHomepage_Timedout.jpg" />
        <ResultFile path="WNVM19648\VSTest_NPM_NavigateToHomepage_Timedout[1].jpg" />
        <ResultFile path="WNVM19648\VSTest_Parser_PTagTest_Timedout.jpg" />
        <ResultFile path="WNVM19648\VSTest_Parser_PTagTest_Timedout[1].jpg" />
        <ResultFile path="WNVM19648\VSTest_Razor_TagHelpers_OptOut_Timedout.jpg" />
        <ResultFile path="WNVM19648\VSTest_Razor_TagHelpers_OptOut_Timedout[1].jpg" />
        <ResultFile path="WNVM19648\VSTest_Razor_TagHelpers_Update_CS_File_And_Build_Timedout.jpg" />
        <ResultFile path="WNVM19648\VSTest_Razor_TagHelpers_Update_CS_File_And_Build_Timedout[1].jpg" />
        <ResultFile path="WNVM19648\VSTest_Script_Completion_Top_Level_Timedout.jpg" />
        <ResultFile path="WNVM19648\VSTest_Script_Completion_Top_Level_Timedout[1].jpg" />
        <ResultFile path="WNVM19648\VSTest_SmartIndentInJSInRazorV4_Timedout.jpg" />
        <ResultFile path="WNVM19648\VSTest_SmartIndentInJSInRazorV4_Timedout[1].jpg" />
      </ResultFiles>
    </UnitTestResult>
    <UnitTestResult executionId="f2269e66-0389-4231-94c4-b4461d5b9f76" testId="eab99b7c-3d85-8e16-d66e-7f9382c82f20" testName="VSTest_TypingThrough_SingleQuotesInContent" computerName="WNVM19648" duration="00:00:00.1059378" startTime="2018-04-17T00:32:25.8977644-07:00" endTime="2018-04-17T00:32:26.0037022-07:00" testType="13cdc9d9-ddb5-4fa4-a97d-d965ccfc6d4b" outcome="Failed" testListId="8c84fa94-04c1-424b-9868-57a2d4851a1d" relativeResultsDirectory="f2269e66-0389-4231-94c4-b4461d5b9f76">
      <Output>
        <StdOut>+ TypingThroughTests::VSTest_TypingThrough_SingleQuotesInContent
    + ApexTest TestInitialize</StdOut>
        <ErrorInfo>
          <Message>Initialization method Microsoft.Test.Apex.ExternalProcessHostTest`2[[Microsoft.Test.Apex.VisualStudio.VisualStudioHostConfiguration, Microsoft.Test.Apex.VisualStudio, Version=15.0.0.0, Culture=neutral, PublicKeyToken=b03f5f7f11d50a3a],[Microsoft.Test.Apex.VisualStudio.VisualStudioHost, Microsoft.Test.Apex.VisualStudio, Version=15.0.0.0, Culture=neutral, PublicKeyToken=b03f5f7f11d50a3a]].TestInitialize threw exception. System.IO.IOException: The process cannot access the file 'C:\school\OmniLog.html' because it is being used by another process.</Message>
          <StackTrace>   at System.IO.__Error.WinIOError(Int32 errorCode, String maybeFullPath)
   at System.IO.FileStream.Init(String path, FileMode mode, FileAccess access, Int32 rights, Boolean useRights, FileShare share, Int32 bufferSize, FileOptions options, SECURITY_ATTRIBUTES secAttrs, String msgPath, Boolean bFromProxy, Boolean useLongPath, Boolean checkHost)
   at System.IO.FileStream..ctor(String path, FileMode mode, FileAccess access)
   at Omni.Logging.Sinks.IncrementalSummarySink.PrepareForWrite() in F:\dd\src\Omni\Log\Omni.Log\Sinks\IncrementalSummarySink.cs:line 169
   at Omni.Logging.Sinks.IncrementalSummarySink.Append(ILogMessage message) in F:\dd\src\Omni\Log\Omni.Log\Sinks\IncrementalSummarySink.cs:line 74
   at Omni.Logging.OmniLog.SendToSinks(LogMessage message) in F:\dd\src\Omni\Log\Omni.Log\OmniLog.cs:line 968
   at Omni.Logging.Log.BeginGroup(String message) in F:\dd\src\Omni\Log\Omni.Log\OmniLog.cs:line 1402
   at Microsoft.Test.Apex.Services.Logging.TestLoggerSinks.OmniLog.OmniLogSink.ActualSink.ScopeEntered(IExecutionScopeHandle scope) in F:\dd\src\omni\Apex\MsTestIntegration\Services\OmniLog\OmniLogSink.cs:line 318
   at Microsoft.Test.Apex.Services.Logging.TestLoggerSinks.OmniLog.OmniLogSink.ScopeEntered(IExecutionScopeHandle scope) in F:\dd\src\omni\Apex\MsTestIntegration\Services\OmniLog\OmniLogSink.cs:line 146
   at Microsoft.Test.Apex.Services.ExecutionScopeService.Enter(TestExecutionPoint testExecutionPoint, String scopeName, Boolean enterVerificationScope, Object context) in F:\dd\src\omni\Apex\Framework\Services\ExecutionScope\ExecutionScopeService.cs:line 228
   at Microsoft.Test.Apex.Services.ExecutionScopeService.Enter(String scopeName, Boolean enterVerificationScope, Object context) in F:\dd\src\omni\Apex\Framework\Services\ExecutionScope\ExecutionScopeService.cs:line 202
   at Microsoft.Test.Apex.Services.ExecutionScopeService.Enter(String scopeName) in F:\dd\src\omni\Apex\Framework\Services\ExecutionScope\ExecutionScopeService.cs:line 80
   at Microsoft.Test.Apex.ApexTest.TestInitialize() in F:\dd\src\omni\Apex\MsTestIntegration\ApexTest.cs:line 423
   at Microsoft.Test.Apex.ExternalProcessHostTest`2.TestInitialize() in F:\dd\src\omni\Apex\MsTestIntegration\ExternalProcessHostTest.cs:line 108</StackTrace>
        </ErrorInfo>
      </Output>
    </UnitTestResult>
    <UnitTestResult executionId="72da1383-3c29-4e8b-8060-d51748c8d885" testId="ced0195f-8f4b-19e0-d95b-f1fb0f5bf29f" testName="VSTest_BowerIntelliSenseTests_CaseSensitivity" computerName="WNVM19648" duration="00:01:18.0650199" startTime="2018-04-17T01:45:48.8029065-07:00" endTime="2018-04-17T01:47:06.8679264-07:00" testType="13cdc9d9-ddb5-4fa4-a97d-d965ccfc6d4b" outcome="Failed" testListId="8c84fa94-04c1-424b-9868-57a2d4851a1d" relativeResultsDirectory="72da1383-3c29-4e8b-8060-d51748c8d885">
      <Output>
        <StdOut>+ BowerIntelliSenseTests::VSTest_BowerIntelliSenseTests_CaseSensitivity
    + ApexTest TestInitialize
    + ExternalProcessHostTest TestInitialize
        (01:47:30.930) [Visual Studio Host (4304):RoamingSettingsService] Disabling roaming settings.
        (01:47:31.148) [Visual Studio Host (4304):SettingsService] Setting Visual Studio option 'Environment\RoamingSettings\RoamingEnabled' to 'False'.
        (01:47:33.434) [Visual Studio Host (4304):SolutionService] Opening solution file 'file:///C:/TestBin/IntegrationTests/MS.VS.Web.Editors/webs/misc.sln' with asynchronous load data available.  WaitForFullyLoadedOnOpen set to 'True'. Apex will wait for all async project loads to complete before proceeding.
            (01:47:33.642) [Visual Studio Host (4304):SolutionService] Solution load behavior is set to 'Realtime'.
        + Waiting for the solution to fully load.
        (01:47:57.111) [Visual Studio Host (4304):TextEditorDocumentWindowTestExtension] Showing window 'bower.json' without activating the window.
        (01:47:57.531) [Visual Studio Host (4304):TextEditorDocumentWindowTestExtension] Showing window 'bower.json'.
        (01:47:58.544) [Visual Studio Host (4304):VisualStudioTextEditorTestExtension] Setting keyboard focus to editor 'bower.json'.
        (01:47:59.329) [Visual Studio Host (4304):MainWindowService] Activating main window to bring it to the foreground.
        (01:48:02.267) [Visual Studio Host (4304):MainWindowService] Setting main window state to 'Maximized'.
    (01:48:03.431) [Visual Studio Host (4304):TextEditorDocumentWindowTestExtension] Showing window 'bower.json' without activating the window.
    (01:48:03.673) [Visual Studio Host (4304):TextEditorDocumentWindowTestExtension] Showing window 'bower.json'.
    (01:48:04.419) [Visual Studio Host (4304):VisualStudioCaretTestExtension] Moving the caret to '"jquery"' at (Ln: 6, Ch: 5) based on a regular expression.  Expression = ""jquery"" [group index '0', match index '1', options 'Singleline, CultureInvariant']
    (01:48:04.673) [Visual Studio Host (4304):TextEditorDocumentWindowTestExtension] Showing window 'bower.json' without activating the window.
    (01:48:04.960) [Visual Studio Host (4304):TextEditorDocumentWindowTestExtension] Showing window 'bower.json'.
    (01:48:05.289) [Visual Studio Host (4304):VisualStudioTextEditingActions] Deleting the current line: '6'
    (01:48:05.676) [Visual Studio Host (4304):TextEditorDocumentWindowTestExtension] Showing window 'bower.json' without activating the window.
    (01:48:06.003) [Visual Studio Host (4304):TextEditorDocumentWindowTestExtension] Showing window 'bower.json'.
    (01:48:06.250) [Visual Studio Host (4304):VisualStudioCaretTestExtension] Moving the caret from (Ln: 6, Ch: 1) to the end of the line
    (01:48:06.498) [Visual Studio Host (4304):VisualStudioTextEditorTestExtension] Setting keyboard focus to editor 'bower.json'.
    (01:48:06.762) [Visual Studio Host (4304):TextEditorDocumentWindowTestExtension] Showing window 'bower.json' without activating the window.
    (01:48:06.970) [Visual Studio Host (4304):TextEditorDocumentWindowTestExtension] Showing window 'bower.json'.
    (01:48:07.183) [Visual Studio Host (4304):KeyboardCommands] Sending the Return key 1 times.
    (01:48:07.421) [Visual Studio Host (4304):TextEditorDocumentWindowTestExtension] Showing window 'bower.json' without activating the window.
    (01:48:07.622) [Visual Studio Host (4304):TextEditorDocumentWindowTestExtension] Showing window 'bower.json'.
    (01:48:08.970) [Visual Studio Host (4304):TextEditorDocumentWindowTestExtension] Showing window 'bower.json' without activating the window.
    (01:48:09.396) [Visual Studio Host (4304):TextEditorDocumentWindowTestExtension] Showing window 'bower.json'.
    (01:48:20.130) [Platform:Microsoft.Test.Apex.Services.ScreenshotService] Took a screenshot for category '' and saved as 'C:\TestBin\IntegrationTests\TestResults\2018_04_16_23_55_50\VSTest_BowerIntelliSenseTests_End_To_End_Timedout.jpg'.
    Error: (01:48:20.481) [Platform:Testcase] Test method Microsoft.VisualStudio.Web.Editors.IntegrationTests.JSON.PackageManagement.BowerIntelliSenseTests.VSTest_BowerIntelliSenseTests_CaseSensitivity threw exception. System.Runtime.Remoting.RemotingException: Failed to read from an IPC Port: The pipe has been ended.

   at Microsoft.VisualStudio.Web.Common.TestAdapter.ParameterizedTests.ReflectionUtilities.InvokeMethod(Object targetObject, MethodInfo method, Object[] methodArguments, String exceptionMessageFormat) in D:\dd\WTE\Main\test\Common\TestAdapter\ParameterizedTests\ReflectionUtilities.cs:line 190
   at Microsoft.VisualStudio.Web.Common.TestAdapter.ParameterizedTests.TestMethodInfo.Invoke(Object testObject, TestExecutionContext context) in D:\dd\WTE\Main\test\Common\TestAdapter\ParameterizedTests\TestMethodInfo.cs:line 64
    + ExternalProcessHostTest TestCleanup
        (01:48:24.230) [Platform:VenusHost] Compose Batch: 00:00:02.8329286
        (01:48:25.764) [Platform:VenusHost] Host Process is being started. Executable = 'C:\Program Files (x86)\Microsoft Visual Studio\Preview\Enterprise\Common7\IDE\devenv.exe'.
        (01:48:25.947) [Platform:VenusHost] Host Process is started. PID = 11324.
        (01:48:26.123) [Platform:VenusHost] Host process 'devenv' (id: 11324) is now idle/ready.
        (01:48:32.984) [Platform:Microsoft.Test.Apex.Hosts.Services.RemoteServiceInitializer] Using remote code injector service 'RemoteCodeInjectorService' for the operation 'ManagedAuto'.
        + Visual Studio Host Creation
            (01:48:43.204) [Platform:Testcase] Target Executable: 'C:\Program Files (x86)\Microsoft Visual Studio\Preview\Enterprise\Common7\IDE\devenv.exe'.
            (01:48:43.395) [Platform:Testcase] Process Id: '11324'.
            (01:48:43.598) [Platform:Testcase] UI Culture: 'English (United States)'.
            (01:48:43.833) [Platform:Testcase] Build Number: '15.0.27615'.
        (01:48:44.332) [Visual Studio Host (11324):MainWindowService] Setting main window state to 'Maximized'.
        (01:48:44.580) [Visual Studio Host (11324):MainWindowService] Activating main window to bring it to the foreground.
        Warning: (01:48:44.875) [Platform:Microsoft.Test.Apex.Services.ScreenshotService] Exception occured when copying screenshot file from 'C:\TestBin\IntegrationTests\Failure.jpg' to 'C:\TestBin\IntegrationTests\TestResults\2018_04_16_23_55_50\Failure.jpg'.
        Warning: (01:48:44.875) [Platform:Microsoft.Test.Apex.Services.ScreenshotService] System.IO.IOException: The file 'C:\TestBin\IntegrationTests\TestResults\2018_04_16_23_55_50\Failure.jpg' already exists.
   at System.IO.__Error.WinIOError(Int32 errorCode, String maybeFullPath)
   at System.IO.File.InternalCopy(String sourceFileName, String destFileName, Boolean overwrite, Boolean checkHost)
   at System.IO.File.Copy(String sourceFileName, String destFileName, Boolean overwrite)
   at Microsoft.Test.Apex.Services.ScreenshotService.TakeOne(String categoryName, String fileNamePrefix, String repositoryPath) in F:\dd\src\omni\Apex\Framework\Services\Screenshot\ScreenshotService.cs:line 176
        (01:48:45.278) [Platform:ProcessCaptureService] Capturing screenshots for PID 11324 (devenv)
        Result file 'VSTest_BowerIntelliSenseTests_CaseSensitivity-Failure-devenv.11324.png' added: file:///C:/TestBin/IntegrationTests/TestResults/2018_04_16_23_55_50/VSTest_BowerIntelliSenseTests_CaseSensitivity-Failure-devenv.11324.png
        Result file 'VSTest_BowerIntelliSenseTests_CaseSensitivity-Failure-devenv.11324-Dialog410516.png' added: file:///C:/TestBin/IntegrationTests/TestResults/2018_04_16_23_55_50/VSTest_BowerIntelliSenseTests_CaseSensitivity-Failure-devenv.11324-Dialog410516.png
        Result file 'VSTest_BowerIntelliSenseTests_CaseSensitivity-Failure-devenv.11324-Dialog260506.png' added: file:///C:/TestBin/IntegrationTests/TestResults/2018_04_16_23_55_50/VSTest_BowerIntelliSenseTests_CaseSensitivity-Failure-devenv.11324-Dialog260506.png
        (01:48:46.226) [Platform:ProcessCaptureService] Bounding rectangle of HWND 0x2B03A8 is size (0, 0), which cannot be captured.
        (01:48:46.408) [Platform:ProcessCaptureService] Bounding rectangle of HWND 0x1C045E is size (0, 0), which cannot be captured.
    + Final Test Result Verification
        (01:48:46.986) [Platform:DelayedAssertionVerifierSink] Verification Success: 0 verification steps failed.
    + ApexTest TestCleanup</StdOut>
        <ErrorInfo>
          <Message>Test method Microsoft.VisualStudio.Web.Editors.IntegrationTests.JSON.PackageManagement.BowerIntelliSenseTests.VSTest_BowerIntelliSenseTests_CaseSensitivity threw exception. System.Runtime.Remoting.RemotingException: Failed to read from an IPC Port: The pipe has been ended.
</Message>
          <StackTrace>
Server stack trace: 
   at System.Runtime.Remoting.Channels.Ipc.IpcPort.Read(Byte[] data, Int32 offset, Int32 length)
   at System.Runtime.Remoting.Channels.Ipc.PipeStream.Read(Byte[] buffer, Int32 offset, Int32 size)
   at System.Runtime.Remoting.Channels.SocketHandler.ReadFromSocket(Byte[] buffer, Int32 offset, Int32 count)
   at System.Runtime.Remoting.Channels.SocketHandler.Read(Byte[] buffer, Int32 offset, Int32 count)
   at System.Runtime.Remoting.Channels.SocketHandler.ReadAndMatchFourBytes(Byte[] buffer)
   at System.Runtime.Remoting.Channels.Tcp.TcpSocketHandler.ReadAndMatchPreamble()
   at System.Runtime.Remoting.Channels.Tcp.TcpSocketHandler.ReadVersionAndOperation(UInt16&amp; operation)
   at System.Runtime.Remoting.Channels.Ipc.IpcClientHandler.ReadHeaders()
   at System.Runtime.Remoting.Channels.Ipc.IpcClientTransportSink.ProcessMessage(IMessage msg, ITransportHeaders requestHeaders, Stream requestStream, ITransportHeaders&amp; responseHeaders, Stream&amp; responseStream)
   at System.Runtime.Remoting.Channels.BinaryClientFormatterSink.SyncProcessMessage(IMessage msg)

Exception rethrown at [0]: 
   at System.Runtime.Remoting.Proxies.RealProxy.HandleReturnMessage(IMessage reqMsg, IMessage retMsg)
   at System.Runtime.Remoting.Proxies.RealProxy.PrivateInvoke(MessageData&amp; msgData, Int32 type)
   at Microsoft.Test.Apex.VisualStudio.Shell.TextEditorDocumentWindowTestExtension.get_Editor()
   at Microsoft.VisualStudio.Web.Common.TestServices.VisualStudioHostWebTest.get_Editor() in D:\dd\WTE\Main\test\Common\TestServices\Apex\VisualStudioHostWebTest.cs:line 639
   at Microsoft.VisualStudio.Web.Editors.IntegrationTests.JSON.PackageManagement.BowerIntelliSenseTests.VSTest_BowerIntelliSenseTests_CaseSensitivity() in D:\dd\WTE\Main\test\Editors\IntegrationTests\JSON\PackageManagement\BowerIntelliSenseTests.cs:line 101</StackTrace>
        </ErrorInfo>
      </Output>
      <ResultFiles>
        <ResultFile path="WNVM19648\Fail.22wpw0oka5fs.png" />
        <ResultFile path="WNVM19648\Fail.24wtv1jnawc3.png" />
        <ResultFile path="WNVM19648\Fail.2lws5epta1gw.png" />
        <ResultFile path="WNVM19648\Fail.33ju4eduay3u.png" />
        <ResultFile path="WNVM19648\Fail.3poblbx4alvv.png" />
        <ResultFile path="WNVM19648\Fail.4p531ykxaqdb.png" />
        <ResultFile path="WNVM19648\Fail.ashpv3rjajjr.png" />
        <ResultFile path="WNVM19648\Fail.aswak04hapa5.png" />
        <ResultFile path="WNVM19648\Fail.azqsczivabnm.png" />
        <ResultFile path="WNVM19648\Fail.byuslv5baqsd.png" />
        <ResultFile path="WNVM19648\Fail.ek4tb3wmalyl.png" />
        <ResultFile path="WNVM19648\Fail.ig2gsfz5ad1y.png" />
        <ResultFile path="WNVM19648\Fail.iymeazuqablz.png" />
        <ResultFile path="WNVM19648\Fail.kfb5og41ajlt.png" />
        <ResultFile path="WNVM19648\Fail.kxs1ersmaxma.png" />
        <ResultFile path="WNVM19648\Fail.lbyrcmqbastb.png" />
        <ResultFile path="WNVM19648\Fail.loc0xhl5a2hr.png" />
        <ResultFile path="WNVM19648\Fail.mazsob3aamsp.png" />
        <ResultFile path="WNVM19648\Fail.o4kkrjboasbk.png" />
        <ResultFile path="WNVM19648\Fail.o5zf0zepaw0l.png" />
        <ResultFile path="WNVM19648\Fail.pprwzak1ac5h.png" />
        <ResultFile path="WNVM19648\Fail.qagtqbftat3h.png" />
        <ResultFile path="WNVM19648\Fail.qbnuydioazjy.png" />
        <ResultFile path="WNVM19648\Fail.raasvsmeanc1.png" />
        <ResultFile path="WNVM19648\Fail.sidku4gxamg4.png" />
        <ResultFile path="WNVM19648\Fail.swwzdfhraz25.png" />
        <ResultFile path="WNVM19648\Fail.t4yj0fxuatil.png" />
        <ResultFile path="WNVM19648\Fail.vjqtiv2zaclz.png" />
        <ResultFile path="WNVM19648\Fail.z10rn0n5ajdm.png" />
        <ResultFile path="WNVM19648\Fail.z2gelfy0aa1q.png" />
        <ResultFile path="WNVM19648\Failure.jpg" />
        <ResultFile path="WNVM19648\Failure[1].jpg" />
        <ResultFile path="WNVM19648\OmniLog.html" />
        <ResultFile path="WNVM19648\OmniLogRawXml.xml" />
        <ResultFile path="WNVM19648\VSTest_BowerIntelliSenseTests_CaseSensitivity-Failure-devenv.11324-Dialog260506.png" />
        <ResultFile path="WNVM19648\VSTest_BowerIntelliSenseTests_CaseSensitivity-Failure-devenv.11324-Dialog410516.png" />
        <ResultFile path="WNVM19648\VSTest_BowerIntelliSenseTests_CaseSensitivity-Failure-devenv.11324.png" />
        <ResultFile path="WNVM19648\VSTest_BowerIntelliSenseTests_End_To_End_Timedout.jpg" />
        <ResultFile path="WNVM19648\VSTest_BowerIntelliSenseTests_End_To_End_Timedout[1].jpg" />
        <ResultFile path="WNVM19648\VSTest_Generate_AttrModel_Methods_WAP_Code_Behind_CS_Timedout.jpg" />
        <ResultFile path="WNVM19648\VSTest_Generate_AttrModel_Methods_WAP_Code_Behind_CS_Timedout[1].jpg" />
        <ResultFile path="WNVM19648\VSTest_HitBreakpointAndEditInCSHtml_Timedout.jpg" />
        <ResultFile path="WNVM19648\VSTest_HitBreakpointAndEditInCSHtml_Timedout[1].jpg" />
        <ResultFile path="WNVM19648\VSTest_Html_Drag_Drop_JavascriptFile_Timedout.jpg" />
        <ResultFile path="WNVM19648\VSTest_Html_Drag_Drop_JavascriptFile_Timedout[1].jpg" />
        <ResultFile path="WNVM19648\VSTest_JSON_AutoStructureWithExistingComma_Timedout.jpg" />
        <ResultFile path="WNVM19648\VSTest_JSON_AutoStructureWithExistingComma_Timedout[1].jpg" />
        <ResultFile path="WNVM19648\VSTest_NPMIntelliSenseTests_End_To_End_Timedout.jpg" />
        <ResultFile path="WNVM19648\VSTest_NPMIntelliSenseTests_End_To_End_Timedout[1].jpg" />
        <ResultFile path="WNVM19648\VSTest_NPM_Completion_ScopedPackage_Timedout.jpg" />
        <ResultFile path="WNVM19648\VSTest_NPM_Completion_ScopedPackage_Timedout[1].jpg" />
        <ResultFile path="WNVM19648\VSTest_NPM_NavigateToHomepage_Timedout.jpg" />
        <ResultFile path="WNVM19648\VSTest_NPM_NavigateToHomepage_Timedout[1].jpg" />
        <ResultFile path="WNVM19648\VSTest_Parser_PTagTest_Timedout.jpg" />
        <ResultFile path="WNVM19648\VSTest_Parser_PTagTest_Timedout[1].jpg" />
        <ResultFile path="WNVM19648\VSTest_Razor_TagHelpers_OptOut_Timedout.jpg" />
        <ResultFile path="WNVM19648\VSTest_Razor_TagHelpers_OptOut_Timedout[1].jpg" />
        <ResultFile path="WNVM19648\VSTest_Razor_TagHelpers_Update_CS_File_And_Build_Timedout.jpg" />
        <ResultFile path="WNVM19648\VSTest_Razor_TagHelpers_Update_CS_File_And_Build_Timedout[1].jpg" />
        <ResultFile path="WNVM19648\VSTest_Script_Completion_Top_Level_Timedout.jpg" />
        <ResultFile path="WNVM19648\VSTest_Script_Completion_Top_Level_Timedout[1].jpg" />
        <ResultFile path="WNVM19648\VSTest_SmartIndentInJSInRazorV4_Timedout.jpg" />
        <ResultFile path="WNVM19648\VSTest_SmartIndentInJSInRazorV4_Timedout[1].jpg" />
      </ResultFiles>
    </UnitTestResult>
    <UnitTestResult executionId="656d8471-206f-41b9-bfd6-93c784b0d27b" testId="28084bf3-c960-1f4d-8922-c37bc4804dbb" testName="VSTest_RazorCshtmlFormatAndUndo" computerName="WNVM19648" duration="00:00:05.2122142" startTime="2018-04-17T01:08:33.1036424-07:00" endTime="2018-04-17T01:08:38.3158566-07:00" testType="13cdc9d9-ddb5-4fa4-a97d-d965ccfc6d4b" outcome="Passed" testListId="8c84fa94-04c1-424b-9868-57a2d4851a1d" relativeResultsDirectory="656d8471-206f-41b9-bfd6-93c784b0d27b">
      <Output>
        <StdOut>+ CSharpGeneralTests::VSTest_RazorCshtmlFormatAndUndo
    + ApexTest TestInitialize
    + ExternalProcessHostTest TestInitialize
        (01:10:14.906) [Visual Studio Host (4384):RoamingSettingsService] Disabling roaming settings.
        (01:10:15.058) [Visual Studio Host (4384):SettingsService] Setting Visual Studio option 'Environment\RoamingSettings\RoamingEnabled' to 'False'.
        (01:10:15.427) [Visual Studio Host (4384):TextEditorDocumentWindowTestExtension] Showing window 'FormatAndUndo.cshtml' without activating the window.
        (01:10:15.594) [Visual Studio Host (4384):TextEditorDocumentWindowTestExtension] Showing window 'FormatAndUndo.cshtml'.
        (01:10:15.768) [Visual Studio Host (4384):VisualStudioTextEditorTestExtension] Setting keyboard focus to editor 'FormatAndUndo.cshtml'.
        (01:10:15.897) [Visual Studio Host (4384):MainWindowService] Activating main window to bring it to the foreground.
        (01:10:16.041) [Visual Studio Host (4384):MainWindowService] Setting main window state to 'Maximized'.
    (01:10:16.351) [Visual Studio Host (4384):TextEditorDocumentWindowTestExtension] Showing window 'FormatAndUndo.cshtml' without activating the window.
    (01:10:16.514) [Visual Studio Host (4384):TextEditorDocumentWindowTestExtension] Showing window 'FormatAndUndo.cshtml'.
    (01:10:16.834) [Visual Studio Host (4384):TextEditorDocumentWindowTestExtension] Showing window 'FormatAndUndo.cshtml' without activating the window.
    (01:10:17.008) [Visual Studio Host (4384):TextEditorDocumentWindowTestExtension] Showing window 'FormatAndUndo.cshtml'.
    (01:10:17.281) [Visual Studio Host (4384):VisualStudioClassificationTestExtension] Retrieved '20' classifications in the editor.
    + ExternalProcessHostTest TestCleanup
        (01:10:17.665) [Visual Studio Host (4384):TextEditorDocumentWindowTestExtension] Closing window 'FormatAndUndo.cshtml'.
        (01:10:17.957) [Platform:Testcase] Test 'VSTest_RazorCshtmlFormatAndUndo' has 'Passed' outcome. Therefore, Apex will not shut down the 'Visual Studio Host (4384)' with process ID '4384'. A subsequent test scenario will run on the same instance of the host.
    + Final Test Result Verification
        (01:10:18.510) [Platform:DelayedAssertionVerifierSink] Verification Success: 0 verification steps failed.
    + ApexTest TestCleanup</StdOut>
      </Output>
      <ResultFiles>
        <ResultFile path="WNVM19648\Fail.azqsczivabnm.png" />
        <ResultFile path="WNVM19648\Fail.ig2gsfz5ad1y.png" />
        <ResultFile path="WNVM19648\Fail.o5zf0zepaw0l.png" />
        <ResultFile path="WNVM19648\Fail.raasvsmeanc1.png" />
        <ResultFile path="WNVM19648\Fail.t4yj0fxuatil.png" />
        <ResultFile path="WNVM19648\Fail.z10rn0n5ajdm.png" />
        <ResultFile path="WNVM19648\OmniLog.html" />
        <ResultFile path="WNVM19648\OmniLogRawXml.xml" />
      </ResultFiles>
    </UnitTestResult>
    <UnitTestResult executionId="d3dc7762-b7b0-428a-bfbd-0931e1265275" testId="a56ab87e-eb16-bec7-5194-801377456ad4" testName="VSTest_LESS_FormatOnPaste" computerName="WNVM19648" duration="00:00:33.3909493" startTime="2018-04-17T02:27:02.2364394-07:00" endTime="2018-04-17T02:27:35.6273887-07:00" testType="13cdc9d9-ddb5-4fa4-a97d-d965ccfc6d4b" outcome="Passed" testListId="8c84fa94-04c1-424b-9868-57a2d4851a1d" relativeResultsDirectory="d3dc7762-b7b0-428a-bfbd-0931e1265275">
      <Output>
        <StdOut>+ LessFormatOnPasteTests::VSTest_LESS_FormatOnPaste
    + ApexTest TestInitialize
    + ExternalProcessHostTest TestInitialize
        (02:28:44.110) [Visual Studio Host (8832):RoamingSettingsService] Disabling roaming settings.
        (02:28:44.284) [Visual Studio Host (8832):SettingsService] Setting Visual Studio option 'Environment\RoamingSettings\RoamingEnabled' to 'False'.
        (02:28:47.917) [Visual Studio Host (8832):SolutionService] Opening solution file 'file:///C:/TestBin/IntegrationTests/MS.VS.Web.Editors/webs/misc.sln' with asynchronous load data available.  WaitForFullyLoadedOnOpen set to 'True'. Apex will wait for all async project loads to complete before proceeding.
            (02:28:48.083) [Visual Studio Host (8832):SolutionService] Solution load behavior is set to 'Realtime'.
        + Waiting for the solution to fully load.
        (02:29:06.836) [Visual Studio Host (8832):TextEditorDocumentWindowTestExtension] Showing window 'FormatSampleLess.less' without activating the window.
        (02:29:07.500) [Visual Studio Host (8832):TextEditorDocumentWindowTestExtension] Showing window 'FormatSampleLess.less'.
        (02:29:07.913) [Visual Studio Host (8832):VisualStudioTextEditorTestExtension] Setting keyboard focus to editor 'FormatSampleLess.less'.
        (02:29:08.320) [Visual Studio Host (8832):MainWindowService] Activating main window to bring it to the foreground.
        (02:29:09.536) [Visual Studio Host (8832):MainWindowService] Setting main window state to 'Maximized'.
    (02:29:10.450) [Visual Studio Host (8832):TextEditorDocumentWindowTestExtension] Showing window 'FormatSampleLess.less' without activating the window.
    (02:29:11.042) [Visual Studio Host (8832):TextEditorDocumentWindowTestExtension] Showing window 'FormatSampleLess.less'.
    (02:29:11.541) [Visual Studio Host (8832):VisualStudioCaretTestExtension] Moving the caret from (Ln: 1, Ch: 1) to the end of the file
    (02:29:11.836) [Visual Studio Host (8832):VisualStudioTextEditorTestExtension] Setting keyboard focus to editor 'FormatSampleLess.less'.
    (02:29:12.539) [Visual Studio Host (8832):TextEditorDocumentWindowTestExtension] Showing window 'FormatSampleLess.less' without activating the window.
    (02:29:12.733) [Visual Studio Host (8832):TextEditorDocumentWindowTestExtension] Showing window 'FormatSampleLess.less'.
    + ExternalProcessHostTest TestCleanup
        (02:29:13.266) [Visual Studio Host (8832):TextEditorDocumentWindowTestExtension] Closing window 'FormatSampleLess.less'.
        (02:29:13.967) [Platform:Testcase] Test 'VSTest_LESS_FormatOnPaste' has 'Passed' outcome. Therefore, Apex will not shut down the 'Visual Studio Host (8832)' with process ID '8832'. A subsequent test scenario will run on the same instance of the host.
    + Final Test Result Verification
        (02:29:14.577) [Platform:DelayedAssertionVerifierSink] Verification Success: 0 verification steps failed.
    + ApexTest TestCleanup</StdOut>
      </Output>
      <ResultFiles>
        <ResultFile path="WNVM19648\Fail.1naitrosadk5.png" />
        <ResultFile path="WNVM19648\Fail.22wpw0oka5fs.png" />
        <ResultFile path="WNVM19648\Fail.24wtv1jnawc3.png" />
        <ResultFile path="WNVM19648\Fail.2dvw33g3abcx.png" />
        <ResultFile path="WNVM19648\Fail.2lws5epta1gw.png" />
        <ResultFile path="WNVM19648\Fail.2osatv43agzz.png" />
        <ResultFile path="WNVM19648\Fail.33ju4eduay3u.png" />
        <ResultFile path="WNVM19648\Fail.3poblbx4alvv.png" />
        <ResultFile path="WNVM19648\Fail.4p531ykxaqdb.png" />
        <ResultFile path="WNVM19648\Fail.5ckvvlpiahzj.png" />
        <ResultFile path="WNVM19648\Fail.5erbsz3aa4ay.png" />
        <ResultFile path="WNVM19648\Fail.ashpv3rjajjr.png" />
        <ResultFile path="WNVM19648\Fail.aswak04hapa5.png" />
        <ResultFile path="WNVM19648\Fail.azqsczivabnm.png" />
        <ResultFile path="WNVM19648\Fail.byuslv5baqsd.png" />
        <ResultFile path="WNVM19648\Fail.bz134qwyax2e.png" />
        <ResultFile path="WNVM19648\Fail.cwkly5opaa5x.png" />
        <ResultFile path="WNVM19648\Fail.czhshhzmawco.png" />
        <ResultFile path="WNVM19648\Fail.ek4tb3wmalyl.png" />
        <ResultFile path="WNVM19648\Fail.fdtmbjciavfs.png" />
        <ResultFile path="WNVM19648\Fail.fh0tepfdaffp.png" />
        <ResultFile path="WNVM19648\Fail.hxi2cahnapy2.png" />
        <ResultFile path="WNVM19648\Fail.ig2gsfz5ad1y.png" />
        <ResultFile path="WNVM19648\Fail.iwqb3wycasom.png" />
        <ResultFile path="WNVM19648\Fail.iymeazuqablz.png" />
        <ResultFile path="WNVM19648\Fail.jpga4adlarrf.png" />
        <ResultFile path="WNVM19648\Fail.k12p4vaeagac.png" />
        <ResultFile path="WNVM19648\Fail.kfb5og41ajlt.png" />
        <ResultFile path="WNVM19648\Fail.kp4fcfcpa5bw.png" />
        <ResultFile path="WNVM19648\Fail.kxs1ersmaxma.png" />
        <ResultFile path="WNVM19648\Fail.lbyrcmqbastb.png" />
        <ResultFile path="WNVM19648\Fail.loc0xhl5a2hr.png" />
        <ResultFile path="WNVM19648\Fail.lthgvalfaxfr.png" />
        <ResultFile path="WNVM19648\Fail.mazsob3aamsp.png" />
        <ResultFile path="WNVM19648\Fail.n13clx4iaowv.png" />
        <ResultFile path="WNVM19648\Fail.n3c2bmltan5e.png" />
        <ResultFile path="WNVM19648\Fail.o4kkrjboasbk.png" />
        <ResultFile path="WNVM19648\Fail.o5zf0zepaw0l.png" />
        <ResultFile path="WNVM19648\Fail.pdo2mhdtanq2.png" />
        <ResultFile path="WNVM19648\Fail.pprwzak1ac5h.png" />
        <ResultFile path="WNVM19648\Fail.qagtqbftat3h.png" />
        <ResultFile path="WNVM19648\Fail.qbnuydioazjy.png" />
        <ResultFile path="WNVM19648\Fail.raasvsmeanc1.png" />
        <ResultFile path="WNVM19648\Fail.rymman3va50a.png" />
        <ResultFile path="WNVM19648\Fail.sidku4gxamg4.png" />
        <ResultFile path="WNVM19648\Fail.swwzdfhraz25.png" />
        <ResultFile path="WNVM19648\Fail.t4yj0fxuatil.png" />
        <ResultFile path="WNVM19648\Fail.v0ywfcwsa23p.png" />
        <ResultFile path="WNVM19648\Fail.vjqtiv2zaclz.png" />
        <ResultFile path="WNVM19648\Fail.w3wlbab1aii5.png" />
        <ResultFile path="WNVM19648\Fail.wiz4mofdavag.png" />
        <ResultFile path="WNVM19648\Fail.xasrdkzvaogc.png" />
        <ResultFile path="WNVM19648\Fail.yd3ferxiaq1c.png" />
        <ResultFile path="WNVM19648\Fail.z10rn0n5ajdm.png" />
        <ResultFile path="WNVM19648\Fail.z2gelfy0aa1q.png" />
        <ResultFile path="WNVM19648\Fail.zpuouf2fa0ib.png" />
        <ResultFile path="WNVM19648\OmniLog.html" />
        <ResultFile path="WNVM19648\OmniLogRawXml.xml" />
      </ResultFiles>
    </UnitTestResult>
    <UnitTestResult executionId="222998fd-3f86-4a1b-880b-c10932da4422" testId="7c30dd67-39f7-7512-8508-abf6a5c86092" testName="VSTest_WrapWithDiv" computerName="WNVM19648" duration="00:00:05.5788713" startTime="2018-04-17T00:25:01.1260814-07:00" endTime="2018-04-17T00:25:06.7049527-07:00" testType="13cdc9d9-ddb5-4fa4-a97d-d965ccfc6d4b" outcome="Passed" testListId="8c84fa94-04c1-424b-9868-57a2d4851a1d" relativeResultsDirectory="222998fd-3f86-4a1b-880b-c10932da4422">
      <Output>
        <StdOut>+ SnippetTests::VSTest_WrapWithDiv
    + ApexTest TestInitialize
    + ExternalProcessHostTest TestInitialize
        (26:42.551) [Visual Studio Host (11564):RoamingSettingsService] Disabling roaming settings.
        (26:42.608) [Visual Studio Host (11564):SettingsService] Setting Visual Studio option 'Environment\RoamingSettings\RoamingEnabled' to 'False'.
        (26:42.868) [Visual Studio Host (11564):TextEditorDocumentWindowTestExtension] Showing window 'HtmlPage.html' without activating the window.
        (26:42.937) [Visual Studio Host (11564):TextEditorDocumentWindowTestExtension] Showing window 'HtmlPage.html'.
        (26:43.009) [Visual Studio Host (11564):VisualStudioTextEditorTestExtension] Setting keyboard focus to editor 'HtmlPage.html'.
        (26:43.076) [Visual Studio Host (11564):MainWindowService] Activating main window to bring it to the foreground.
        (26:43.150) [Visual Studio Host (11564):MainWindowService] Setting main window state to 'Maximized'.
    (26:43.314) [Visual Studio Host (11564):TextEditorDocumentWindowTestExtension] Showing window 'HtmlPage.html' without activating the window.
    (26:43.375) [Visual Studio Host (11564):TextEditorDocumentWindowTestExtension] Showing window 'HtmlPage.html'.
    (26:43.449) [Visual Studio Host (11564):VisualStudioCaretTestExtension] Moving the caret to '&lt;body&gt;' at (Ln: 6, Ch: 5) based on a regular expression.  Expression = "&lt;body&gt;" [group index '0', match index '1', options 'Singleline, CultureInvariant']
    (26:43.919) [Visual Studio Host (11564):TextEditorDocumentWindowTestExtension] Showing window 'HtmlPage.html' without activating the window.
    (26:44.434) [Visual Studio Host (11564):TextEditorDocumentWindowTestExtension] Showing window 'HtmlPage.html'.
    (26:45.047) [Visual Studio Host (11564):VisualStudioCaretTestExtension] Moving the caret from (Ln: 6, Ch: 5) down '1' lines
    (26:45.134) [Visual Studio Host (11564):VisualStudioTextEditorTestExtension] Setting keyboard focus to editor 'HtmlPage.html'.
    (26:45.226) [Visual Studio Host (11564):TextEditorDocumentWindowTestExtension] Showing window 'HtmlPage.html' without activating the window.
    (26:45.292) [Visual Studio Host (11564):TextEditorDocumentWindowTestExtension] Showing window 'HtmlPage.html'.
    (26:45.365) [Visual Studio Host (11564):VisualStudioCaretTestExtension] Moving the caret from (Ln: 7, Ch: 5) to the end of the line
    (26:45.419) [Visual Studio Host (11564):VisualStudioTextEditorTestExtension] Setting keyboard focus to editor 'HtmlPage.html'.
    (26:45.480) [Visual Studio Host (11564):TextEditorDocumentWindowTestExtension] Showing window 'HtmlPage.html' without activating the window.
    (26:45.552) [Visual Studio Host (11564):TextEditorDocumentWindowTestExtension] Showing window 'HtmlPage.html'.
    (26:45.630) [Visual Studio Host (11564):VisualStudioTextEditingActions] Inserting text: 'Hello' at the current caret position: '(Ln: 7, Ch: 9)'
    (26:45.748) [Visual Studio Host (11564):TextEditorDocumentWindowTestExtension] Showing window 'HtmlPage.html' without activating the window.
    (26:45.813) [Visual Studio Host (11564):TextEditorDocumentWindowTestExtension] Showing window 'HtmlPage.html'.
    (26:45.889) [Visual Studio Host (11564):VisualStudioSelectionTestExtension] Selects the current word.
    (26:45.986) [Visual Studio Host (11564):TextEditorDocumentWindowTestExtension] Showing window 'HtmlPage.html' without activating the window.
    (26:46.074) [Visual Studio Host (11564):TextEditorDocumentWindowTestExtension] Showing window 'HtmlPage.html'.
    VerificationPass: (26:46.181) [Visual Studio Host (11564):VisualStudioTextEditorVerifier] Verification passed: The editor was expected to contain the text '&lt;div&gt;Hello&lt;/div&gt;'
    (26:46.246) [Visual Studio Host (11564):TextEditorDocumentWindowTestExtension] Showing window 'HtmlPage.html' without activating the window.
    (26:46.304) [Visual Studio Host (11564):TextEditorDocumentWindowTestExtension] Showing window 'HtmlPage.html'.
    (26:46.408) [Visual Studio Host (11564):TextEditorDocumentWindowTestExtension] Showing window 'HtmlPage.html' without activating the window.
    (26:46.492) [Visual Studio Host (11564):TextEditorDocumentWindowTestExtension] Showing window 'HtmlPage.html'.
    (26:46.560) [Visual Studio Host (11564):KeyboardCommands] Sending '1' spaces.
    (26:46.698) [Visual Studio Host (11564):TextEditorDocumentWindowTestExtension] Showing window 'HtmlPage.html' without activating the window.
    (26:46.884) [Visual Studio Host (11564):TextEditorDocumentWindowTestExtension] Showing window 'HtmlPage.html'.
    VerificationPass: (26:46.953) [Visual Studio Host (11564):VisualStudioTextEditorVerifier] Verification passed: The editor was expected to contain the text '&lt;div &gt;Hello&lt;/div&gt;'
    + ExternalProcessHostTest TestCleanup
        (26:47.084) [Visual Studio Host (11564):TextEditorDocumentWindowTestExtension] Closing window 'HtmlPage.html'.
        (26:47.313) [Platform:Testcase] Test 'VSTest_WrapWithDiv' has 'Passed' outcome. Therefore, Apex will not shut down the 'Visual Studio Host (11564)' with process ID '11564'. A subsequent test scenario will run on the same instance of the host.
    + Final Test Result Verification
        (26:47.494) [Platform:DelayedAssertionVerifierSink] Verification Success: 0 verification steps failed.
    + ApexTest TestCleanup</StdOut>
      </Output>
      <ResultFiles>
        <ResultFile path="WNVM19648\Fail.azqsczivabnm.png" />
        <ResultFile path="WNVM19648\Fail.ig2gsfz5ad1y.png" />
        <ResultFile path="WNVM19648\Fail.o5zf0zepaw0l.png" />
        <ResultFile path="WNVM19648\OmniLog.html" />
        <ResultFile path="WNVM19648\OmniLogRawXml.xml" />
      </ResultFiles>
    </UnitTestResult>
    <UnitTestResult executionId="c2589459-6855-4795-8907-d6fbaac050bc" testId="f8dae0fc-ef61-d7aa-ecf6-13d7b833817c" testName="VSTest_DebugSetBreakpointsInHtmlJSBlocks" computerName="WNVM19648" duration="00:00:18.8124831" startTime="2018-04-17T00:14:46.6903768-07:00" endTime="2018-04-17T00:15:05.5028599-07:00" testType="13cdc9d9-ddb5-4fa4-a97d-d965ccfc6d4b" outcome="Passed" testListId="8c84fa94-04c1-424b-9868-57a2d4851a1d" relativeResultsDirectory="c2589459-6855-4795-8907-d6fbaac050bc">
      <Output>
        <StdOut>+ DebugTests::VSTest_DebugSetBreakpointsInHtmlJSBlocks
    + ApexTest TestInitialize
    + ExternalProcessHostTest TestInitialize
        (16:28.017) [Visual Studio Host (6956):RoamingSettingsService] Disabling roaming settings.
        (16:28.067) [Visual Studio Host (6956):SettingsService] Setting Visual Studio option 'Environment\RoamingSettings\RoamingEnabled' to 'False'.
        (16:28.167) [Visual Studio Host (6956):CodeMarkerListenerService] Starting code marker listenering.
        (16:28.248) [Visual Studio Host (6956):CodeMarkerListenerService] Flushed code marker queue.
        (16:28.653) [Visual Studio Host (6956):TextEditorDocumentWindowTestExtension] Showing window 'HtmlWithJS.html' without activating the window.
        (16:28.745) [Visual Studio Host (6956):TextEditorDocumentWindowTestExtension] Showing window 'HtmlWithJS.html'.
        (16:28.815) [Visual Studio Host (6956):VisualStudioTextEditorTestExtension] Setting keyboard focus to editor 'HtmlWithJS.html'.
        (16:28.884) [Visual Studio Host (6956):CodeMarkerListenerService] Waiting for code marker '7203' in process with time-out of '00:01:00'.
        (16:28.949) [Visual Studio Host (6956):MainWindowService] Activating main window to bring it to the foreground.
        (16:29.009) [Visual Studio Host (6956):MainWindowService] Setting main window state to 'Maximized'.
    (16:39.125) [Visual Studio Host (6956):TextEditorDocumentWindowTestExtension] Showing window 'HtmlWithJS.html' without activating the window.
    (16:39.195) [Visual Studio Host (6956):TextEditorDocumentWindowTestExtension] Showing window 'HtmlWithJS.html'.
    (16:39.283) [Visual Studio Host (6956):VisualStudioCaretTestExtension] Moving the caret from (Ln: 1, Ch: 1) to (Ln: 7, Ch: 1)
    (16:40.037) [Visual Studio Host (6956):TextEditorDocumentWindowTestExtension] Showing window 'HtmlWithJS.html' without activating the window.
    (16:40.127) [Visual Studio Host (6956):TextEditorDocumentWindowTestExtension] Showing window 'HtmlWithJS.html'.
    (16:40.211) [Visual Studio Host (6956):VisualStudioCaretTestExtension] Moving the caret from (Ln: 7, Ch: 1) to (Ln: 9, Ch: 14)
    (16:40.367) [Visual Studio Host (6956):TextEditorDocumentWindowTestExtension] Showing window 'HtmlWithJS.html' without activating the window.
    (16:40.436) [Visual Studio Host (6956):TextEditorDocumentWindowTestExtension] Showing window 'HtmlWithJS.html'.
    (16:40.518) [Visual Studio Host (6956):VisualStudioCaretTestExtension] Moving the caret from (Ln: 9, Ch: 14) to (Ln: 9, Ch: 28)
    (16:40.648) [Visual Studio Host (6956):TextEditorDocumentWindowTestExtension] Showing window 'HtmlWithJS.html' without activating the window.
    (16:40.720) [Visual Studio Host (6956):TextEditorDocumentWindowTestExtension] Showing window 'HtmlWithJS.html'.
    (16:40.813) [Visual Studio Host (6956):VisualStudioCaretTestExtension] Moving the caret from (Ln: 9, Ch: 28) to (Ln: 9, Ch: 33)
    (16:40.912) [Visual Studio Host (6956):TextEditorDocumentWindowTestExtension] Showing window 'HtmlWithJS.html' without activating the window.
    (16:40.973) [Visual Studio Host (6956):TextEditorDocumentWindowTestExtension] Showing window 'HtmlWithJS.html'.
    (16:41.068) [Visual Studio Host (6956):VisualStudioCaretTestExtension] Moving the caret from (Ln: 9, Ch: 33) to (Ln: 11, Ch: 17)
    (16:41.207) [Visual Studio Host (6956):TextEditorDocumentWindowTestExtension] Showing window 'HtmlWithJS.html' without activating the window.
    (16:41.286) [Visual Studio Host (6956):TextEditorDocumentWindowTestExtension] Showing window 'HtmlWithJS.html'.
    (16:41.370) [Visual Studio Host (6956):VisualStudioCaretTestExtension] Moving the caret from (Ln: 11, Ch: 17) to (Ln: 13, Ch: 13)
    (16:41.458) [Visual Studio Host (6956):TextEditorDocumentWindowTestExtension] Showing window 'HtmlWithJS.html' without activating the window.
    (16:41.514) [Visual Studio Host (6956):TextEditorDocumentWindowTestExtension] Showing window 'HtmlWithJS.html'.
    (16:41.585) [Visual Studio Host (6956):VisualStudioCaretTestExtension] Moving the caret from (Ln: 13, Ch: 13) to (Ln: 15, Ch: 7)
    (16:41.675) [Visual Studio Host (6956):TextEditorDocumentWindowTestExtension] Showing window 'HtmlWithJS.html' without activating the window.
    (16:41.738) [Visual Studio Host (6956):TextEditorDocumentWindowTestExtension] Showing window 'HtmlWithJS.html'.
    (16:41.823) [Visual Studio Host (6956):VisualStudioCaretTestExtension] Moving the caret from (Ln: 15, Ch: 7) to (Ln: 21, Ch: 25)
    (16:41.905) [Visual Studio Host (6956):TextEditorDocumentWindowTestExtension] Showing window 'HtmlWithJS.html' without activating the window.
    (16:41.958) [Visual Studio Host (6956):TextEditorDocumentWindowTestExtension] Showing window 'HtmlWithJS.html'.
    (16:42.022) [Visual Studio Host (6956):VisualStudioCaretTestExtension] Moving the caret from (Ln: 21, Ch: 25) to (Ln: 31, Ch: 22)
    (16:42.104) [Visual Studio Host (6956):TextEditorDocumentWindowTestExtension] Showing window 'HtmlWithJS.html' without activating the window.
    (16:42.176) [Visual Studio Host (6956):TextEditorDocumentWindowTestExtension] Showing window 'HtmlWithJS.html'.
    (16:42.244) [Visual Studio Host (6956):VisualStudioCaretTestExtension] Moving the caret from (Ln: 31, Ch: 22) to (Ln: 29, Ch: 13)
    (16:42.349) [Visual Studio Host (6956):TextEditorDocumentWindowTestExtension] Showing window 'HtmlWithJS.html' without activating the window.
    (16:42.423) [Visual Studio Host (6956):TextEditorDocumentWindowTestExtension] Showing window 'HtmlWithJS.html'.
    (16:42.505) [Visual Studio Host (6956):VisualStudioCaretTestExtension] Moving the caret from (Ln: 29, Ch: 13) to (Ln: 34, Ch: 12)
    (16:42.605) [Visual Studio Host (6956):TextEditorDocumentWindowTestExtension] Showing window 'HtmlWithJS.html' without activating the window.
    (16:42.698) [Visual Studio Host (6956):TextEditorDocumentWindowTestExtension] Showing window 'HtmlWithJS.html'.
    (16:42.789) [Visual Studio Host (6956):VisualStudioCaretTestExtension] Moving the caret from (Ln: 34, Ch: 12) to (Ln: 36, Ch: 17)
    (16:42.899) [Visual Studio Host (6956):TextEditorDocumentWindowTestExtension] Showing window 'HtmlWithJS.html' without activating the window.
    (16:42.976) [Visual Studio Host (6956):TextEditorDocumentWindowTestExtension] Showing window 'HtmlWithJS.html'.
    (16:43.049) [Visual Studio Host (6956):VisualStudioCaretTestExtension] Moving the caret from (Ln: 36, Ch: 17) to (Ln: 40, Ch: 25)
    (16:43.122) [Visual Studio Host (6956):TextEditorDocumentWindowTestExtension] Showing window 'HtmlWithJS.html' without activating the window.
    (16:43.180) [Visual Studio Host (6956):TextEditorDocumentWindowTestExtension] Showing window 'HtmlWithJS.html'.
    (16:43.263) [Visual Studio Host (6956):VisualStudioCaretTestExtension] Moving the caret from (Ln: 40, Ch: 25) to (Ln: 48, Ch: 1)
    (16:43.367) [Visual Studio Host (6956):TextEditorDocumentWindowTestExtension] Showing window 'HtmlWithJS.html' without activating the window.
    (16:43.426) [Visual Studio Host (6956):TextEditorDocumentWindowTestExtension] Showing window 'HtmlWithJS.html'.
    (16:43.492) [Visual Studio Host (6956):VisualStudioCaretTestExtension] Moving the caret from (Ln: 48, Ch: 1) to (Ln: 48, Ch: 18)
    (16:43.573) [Visual Studio Host (6956):TextEditorDocumentWindowTestExtension] Showing window 'HtmlWithJS.html' without activating the window.
    (16:43.634) [Visual Studio Host (6956):TextEditorDocumentWindowTestExtension] Showing window 'HtmlWithJS.html'.
    (16:43.696) [Visual Studio Host (6956):VisualStudioCaretTestExtension] Moving the caret from (Ln: 48, Ch: 18) to (Ln: 48, Ch: 26)
    (16:43.787) [Visual Studio Host (6956):TextEditorDocumentWindowTestExtension] Showing window 'HtmlWithJS.html' without activating the window.
    (16:43.842) [Visual Studio Host (6956):TextEditorDocumentWindowTestExtension] Showing window 'HtmlWithJS.html'.
    (16:43.917) [Visual Studio Host (6956):VisualStudioCaretTestExtension] Moving the caret from (Ln: 48, Ch: 26) to (Ln: 50, Ch: 23)
    + Deleting all debugger breakpoints.
        (16:44.438) [Visual Studio Host (6956):DebuggerService] Deleted breakpoint 'C:\TestBin\IntegrationTests\MS.VS.Web.Editors\webs\misc\Breakpoints\HtmlWithJS.html':7.
        (16:44.543) [Visual Studio Host (6956):DebuggerService] Deleted breakpoint 'C:\TestBin\IntegrationTests\MS.VS.Web.Editors\webs\misc\Breakpoints\HtmlWithJS.html':9.
        (16:44.623) [Visual Studio Host (6956):DebuggerService] Deleted breakpoint 'C:\TestBin\IntegrationTests\MS.VS.Web.Editors\webs\misc\Breakpoints\HtmlWithJS.html':9.
        (16:44.711) [Visual Studio Host (6956):DebuggerService] Deleted breakpoint 'C:\TestBin\IntegrationTests\MS.VS.Web.Editors\webs\misc\Breakpoints\HtmlWithJS.html':9.
        (16:44.778) [Visual Studio Host (6956):DebuggerService] Deleted breakpoint 'C:\TestBin\IntegrationTests\MS.VS.Web.Editors\webs\misc\Breakpoints\HtmlWithJS.html':11.
        (16:44.837) [Visual Studio Host (6956):DebuggerService] Deleted breakpoint 'C:\TestBin\IntegrationTests\MS.VS.Web.Editors\webs\misc\Breakpoints\HtmlWithJS.html':13.
        (16:44.890) [Visual Studio Host (6956):DebuggerService] Deleted breakpoint 'C:\TestBin\IntegrationTests\MS.VS.Web.Editors\webs\misc\Breakpoints\HtmlWithJS.html':15.
        (16:44.953) [Visual Studio Host (6956):DebuggerService] Deleted breakpoint 'C:\TestBin\IntegrationTests\MS.VS.Web.Editors\webs\misc\Breakpoints\HtmlWithJS.html':21.
        (16:45.010) [Visual Studio Host (6956):DebuggerService] Deleted breakpoint 'C:\TestBin\IntegrationTests\MS.VS.Web.Editors\webs\misc\Breakpoints\HtmlWithJS.html':31.
        (16:45.072) [Visual Studio Host (6956):DebuggerService] Deleted breakpoint 'C:\TestBin\IntegrationTests\MS.VS.Web.Editors\webs\misc\Breakpoints\HtmlWithJS.html':29.
        (16:45.130) [Visual Studio Host (6956):DebuggerService] Deleted breakpoint 'C:\TestBin\IntegrationTests\MS.VS.Web.Editors\webs\misc\Breakpoints\HtmlWithJS.html':34.
        (16:45.196) [Visual Studio Host (6956):DebuggerService] Deleted breakpoint 'C:\TestBin\IntegrationTests\MS.VS.Web.Editors\webs\misc\Breakpoints\HtmlWithJS.html':36.
        (16:45.265) [Visual Studio Host (6956):DebuggerService] Deleted breakpoint 'C:\TestBin\IntegrationTests\MS.VS.Web.Editors\webs\misc\Breakpoints\HtmlWithJS.html':40.
        (16:45.318) [Visual Studio Host (6956):DebuggerService] Deleted breakpoint 'C:\TestBin\IntegrationTests\MS.VS.Web.Editors\webs\misc\Breakpoints\HtmlWithJS.html':48.
        (16:45.391) [Visual Studio Host (6956):DebuggerService] Deleted breakpoint 'C:\TestBin\IntegrationTests\MS.VS.Web.Editors\webs\misc\Breakpoints\HtmlWithJS.html':48.
        (16:45.455) [Visual Studio Host (6956):DebuggerService] Deleted breakpoint 'C:\TestBin\IntegrationTests\MS.VS.Web.Editors\webs\misc\Breakpoints\HtmlWithJS.html':48.
        (16:45.516) [Visual Studio Host (6956):DebuggerService] Deleted breakpoint 'C:\TestBin\IntegrationTests\MS.VS.Web.Editors\webs\misc\Breakpoints\HtmlWithJS.html':50.
    + ExternalProcessHostTest TestCleanup
        (16:45.721) [Visual Studio Host (6956):TextEditorDocumentWindowTestExtension] Closing window 'HtmlWithJS.html'.
        (16:45.999) [Platform:Testcase] Test 'VSTest_DebugSetBreakpointsInHtmlJSBlocks' has 'Passed' outcome. Therefore, Apex will not shut down the 'Visual Studio Host (6956)' with process ID '6956'. A subsequent test scenario will run on the same instance of the host.
    + Final Test Result Verification
        (16:46.196) [Platform:DelayedAssertionVerifierSink] Verification Success: 0 verification steps failed.
    + ApexTest TestCleanup</StdOut>
      </Output>
      <ResultFiles>
        <ResultFile path="WNVM19648\Fail.azqsczivabnm.png" />
        <ResultFile path="WNVM19648\Fail.ig2gsfz5ad1y.png" />
        <ResultFile path="WNVM19648\Fail.o5zf0zepaw0l.png" />
        <ResultFile path="WNVM19648\OmniLog.html" />
        <ResultFile path="WNVM19648\OmniLogRawXml.xml" />
      </ResultFiles>
    </UnitTestResult>
    <UnitTestResult executionId="b6770677-b3bc-4ad9-a902-294cdef2bffb" testId="fc119e83-89a9-199f-0b3f-c3ecdc7ff2cd" testName="VSTest_RazorV4TypeInCS" computerName="WNVM19648" duration="00:00:05.0958276" startTime="2018-04-17T01:12:18.8826869-07:00" endTime="2018-04-17T01:12:23.9785145-07:00" testType="13cdc9d9-ddb5-4fa4-a97d-d965ccfc6d4b" outcome="Passed" testListId="8c84fa94-04c1-424b-9868-57a2d4851a1d" relativeResultsDirectory="b6770677-b3bc-4ad9-a902-294cdef2bffb">
      <Output>
        <StdOut>+ CSharpGeneralTests::VSTest_RazorV4TypeInCS
    + ApexTest TestInitialize
    + ExternalProcessHostTest TestInitialize
        (01:14:00.551) [Visual Studio Host (8016):RoamingSettingsService] Disabling roaming settings.
        (01:14:00.685) [Visual Studio Host (8016):SettingsService] Setting Visual Studio option 'Environment\RoamingSettings\RoamingEnabled' to 'False'.
        (01:14:01.076) [Visual Studio Host (8016):TextEditorDocumentWindowTestExtension] Showing window 'TypeInCshtml.cshtml' without activating the window.
        (01:14:01.332) [Visual Studio Host (8016):TextEditorDocumentWindowTestExtension] Showing window 'TypeInCshtml.cshtml'.
        (01:14:01.503) [Visual Studio Host (8016):VisualStudioTextEditorTestExtension] Setting keyboard focus to editor 'TypeInCshtml.cshtml'.
        (01:14:01.640) [Visual Studio Host (8016):MainWindowService] Activating main window to bring it to the foreground.
        (01:14:01.776) [Visual Studio Host (8016):MainWindowService] Setting main window state to 'Maximized'.
    (01:14:02.123) [Visual Studio Host (8016):TextEditorDocumentWindowTestExtension] Showing window 'TypeInCshtml.cshtml' without activating the window.
    (01:14:02.297) [Visual Studio Host (8016):TextEditorDocumentWindowTestExtension] Showing window 'TypeInCshtml.cshtml'.
    (01:14:02.460) [Visual Studio Host (8016):VisualStudioCaretTestExtension] Moving the caret from (Ln: 4, Ch: 1) to (Ln: 4, Ch: 1)
    (01:14:02.641) [Visual Studio Host (8016):TextEditorDocumentWindowTestExtension] Showing window 'TypeInCshtml.cshtml' without activating the window.
    (01:14:02.821) [Visual Studio Host (8016):TextEditorDocumentWindowTestExtension] Showing window 'TypeInCshtml.cshtml'.
    (01:14:02.992) [Visual Studio Host (8016):VisualStudioTextEditingActions] Inserting text combine CRLF as single return: '}' at the current caret position: '(Ln: 4, Ch: 1)'
    (01:14:03.205) [Visual Studio Host (8016):TextEditorDocumentWindowTestExtension] Showing window 'TypeInCshtml.cshtml' without activating the window.
    (01:14:03.353) [Visual Studio Host (8016):TextEditorDocumentWindowTestExtension] Showing window 'TypeInCshtml.cshtml'.
    + ExternalProcessHostTest TestCleanup
        (01:14:03.666) [Visual Studio Host (8016):TextEditorDocumentWindowTestExtension] Closing window 'TypeInCshtml.cshtml'.
        (01:14:03.879) [Platform:Testcase] Test 'VSTest_RazorV4TypeInCS' has 'Passed' outcome. Therefore, Apex will not shut down the 'Visual Studio Host (8016)' with process ID '8016'. A subsequent test scenario will run on the same instance of the host.
    + Final Test Result Verification
        (01:14:04.292) [Platform:DelayedAssertionVerifierSink] Verification Success: 0 verification steps failed.
    + ApexTest TestCleanup</StdOut>
      </Output>
      <ResultFiles>
        <ResultFile path="WNVM19648\Fail.azqsczivabnm.png" />
        <ResultFile path="WNVM19648\Fail.ig2gsfz5ad1y.png" />
        <ResultFile path="WNVM19648\Fail.o5zf0zepaw0l.png" />
        <ResultFile path="WNVM19648\Fail.raasvsmeanc1.png" />
        <ResultFile path="WNVM19648\Fail.t4yj0fxuatil.png" />
        <ResultFile path="WNVM19648\Fail.z10rn0n5ajdm.png" />
        <ResultFile path="WNVM19648\OmniLog.html" />
        <ResultFile path="WNVM19648\OmniLogRawXml.xml" />
      </ResultFiles>
    </UnitTestResult>
    <UnitTestResult executionId="4af590a3-25b3-4320-9b06-7278a3e50e6b" testId="91d8f74b-760a-8828-4c21-b8e3783fd5fe" testName="VSTest_RazorVbCommitTest" computerName="WNVM19648" duration="00:00:05.2309027" startTime="2018-04-17T01:05:26.3568938-07:00" endTime="2018-04-17T01:05:31.5877965-07:00" testType="13cdc9d9-ddb5-4fa4-a97d-d965ccfc6d4b" outcome="Passed" testListId="8c84fa94-04c1-424b-9868-57a2d4851a1d" relativeResultsDirectory="4af590a3-25b3-4320-9b06-7278a3e50e6b">
      <Output>
        <StdOut>+ VBGeneralTests::VSTest_RazorVbCommitTest
    + ApexTest TestInitialize
    + ExternalProcessHostTest TestInitialize
        (01:07:08.040) [Visual Studio Host (4384):RoamingSettingsService] Disabling roaming settings.
        (01:07:08.176) [Visual Studio Host (4384):SettingsService] Setting Visual Studio option 'Environment\RoamingSettings\RoamingEnabled' to 'False'.
        (01:07:08.523) [Visual Studio Host (4384):TextEditorDocumentWindowTestExtension] Showing window 'CommitVb.vbhtml' without activating the window.
        (01:07:08.709) [Visual Studio Host (4384):TextEditorDocumentWindowTestExtension] Showing window 'CommitVb.vbhtml'.
        (01:07:08.864) [Visual Studio Host (4384):VisualStudioTextEditorTestExtension] Setting keyboard focus to editor 'CommitVb.vbhtml'.
        (01:07:08.992) [Visual Studio Host (4384):MainWindowService] Activating main window to bring it to the foreground.
        (01:07:09.122) [Visual Studio Host (4384):MainWindowService] Setting main window state to 'Maximized'.
    (01:07:09.385) [Visual Studio Host (4384):TextEditorDocumentWindowTestExtension] Showing window 'CommitVb.vbhtml' without activating the window.
    (01:07:09.515) [Visual Studio Host (4384):TextEditorDocumentWindowTestExtension] Showing window 'CommitVb.vbhtml'.
    (01:07:09.660) [Visual Studio Host (4384):VisualStudioCaretTestExtension] Moving the caret from (Ln: 1, Ch: 1) to (Ln: 2, Ch: 1)
    (01:07:09.817) [Visual Studio Host (4384):TextEditorDocumentWindowTestExtension] Showing window 'CommitVb.vbhtml' without activating the window.
    (01:07:09.948) [Visual Studio Host (4384):TextEditorDocumentWindowTestExtension] Showing window 'CommitVb.vbhtml'.
    (01:07:10.174) [Visual Studio Host (4384):TextEditorDocumentWindowTestExtension] Showing window 'CommitVb.vbhtml' without activating the window.
    (01:07:10.332) [Visual Studio Host (4384):TextEditorDocumentWindowTestExtension] Showing window 'CommitVb.vbhtml'.
    (01:07:10.507) [Visual Studio Host (4384):VisualStudioTextEditingActions] Deleting next '1' characters at the current caret position: '(Ln: 2, Ch: 1)'
    (01:07:10.854) [Visual Studio Host (4384):TextEditorDocumentWindowTestExtension] Showing window 'CommitVb.vbhtml' without activating the window.
    (01:07:11.001) [Visual Studio Host (4384):TextEditorDocumentWindowTestExtension] Showing window 'CommitVb.vbhtml'.
    + ExternalProcessHostTest TestCleanup
        (01:07:11.329) [Visual Studio Host (4384):TextEditorDocumentWindowTestExtension] Closing window 'CommitVb.vbhtml'.
        (01:07:11.572) [Platform:Testcase] Test 'VSTest_RazorVbCommitTest' has 'Passed' outcome. Therefore, Apex will not shut down the 'Visual Studio Host (4384)' with process ID '4384'. A subsequent test scenario will run on the same instance of the host.
    + Final Test Result Verification
        (01:07:12.020) [Platform:DelayedAssertionVerifierSink] Verification Success: 0 verification steps failed.
    + ApexTest TestCleanup</StdOut>
      </Output>
      <ResultFiles>
        <ResultFile path="WNVM19648\Fail.azqsczivabnm.png" />
        <ResultFile path="WNVM19648\Fail.ig2gsfz5ad1y.png" />
        <ResultFile path="WNVM19648\Fail.o5zf0zepaw0l.png" />
        <ResultFile path="WNVM19648\Fail.raasvsmeanc1.png" />
        <ResultFile path="WNVM19648\Fail.t4yj0fxuatil.png" />
        <ResultFile path="WNVM19648\Fail.z10rn0n5ajdm.png" />
        <ResultFile path="WNVM19648\OmniLog.html" />
        <ResultFile path="WNVM19648\OmniLogRawXml.xml" />
      </ResultFiles>
    </UnitTestResult>
    <UnitTestResult executionId="404a723c-6ada-4cf4-adcf-b62e6655d714" testId="af58acf6-9f9e-c87e-6b12-5a06928a304f" testName="VSTest_Parser_PTagTest" computerName="WNVM19648" duration="00:14:52.3789214" startTime="2018-04-16T23:55:51.0392497-07:00" endTime="2018-04-17T00:10:43.4181711-07:00" testType="13cdc9d9-ddb5-4fa4-a97d-d965ccfc6d4b" outcome="Failed" testListId="8c84fa94-04c1-424b-9868-57a2d4851a1d" relativeResultsDirectory="404a723c-6ada-4cf4-adcf-b62e6655d714">
      <Output>
        <StdOut>+ ParserTests::VSTest_Parser_PTagTest
    + ApexTest TestInitialize
    + ExternalProcessHostTest TestInitialize
        (0:00.000) [Platform:VenusHost] Compose Batch: 00:01:58.4848194
        (0:08.441) [Platform:TestLoggerDefault] Didn't find an updated copy of 'Microsoft.Internal.Performance.CodeMarkers.dll' installed at 'C:\Program Files (x86)\Microsoft Visual Studio\Preview\Enterprise\Common7\IDE\Microsoft.Internal.Performance.CodeMarkers.dll', Apex will attempt to copy it.
        (0:19.332) [Platform:VenusHost] Host Process is being started. Executable = 'C:\Program Files (x86)\Microsoft Visual Studio\Preview\Enterprise\Common7\IDE\devenv.exe'.
        (0:19.473) [Platform:VenusHost] Host Process is started. PID = 3720.
        (0:19.854) [Platform:VenusHost] Host process 'devenv' (id: 3720) is now idle/ready.
        (0:34.493) [Platform:Microsoft.Test.Apex.Hosts.Services.RemoteServiceInitializer] Using remote code injector service 'RemoteCodeInjectorService' for the operation 'ManagedAuto'.
        + Visual Studio Host Creation
            (0:43.711) [Platform:Testcase] Target Executable: 'C:\Program Files (x86)\Microsoft Visual Studio\Preview\Enterprise\Common7\IDE\devenv.exe'.
            (0:43.754) [Platform:Testcase] Process Id: '3720'.
            (0:43.875) [Platform:Testcase] UI Culture: 'English (United States)'.
            (0:43.964) [Platform:Testcase] Build Number: '15.0.27615'.
        (0:44.182) [Visual Studio Host (3720):RoamingSettingsService] Disabling roaming settings.
        (0:44.230) [Visual Studio Host (3720):SettingsService] Setting Visual Studio option 'Environment\RoamingSettings\RoamingEnabled' to 'False'.
        (1:48.975) [Visual Studio Host (3720):SolutionService] Opening solution file 'file:///C:/TestBin/IntegrationTests/MS.VS.Web.Editors/webs/misc.sln' synchronously.
            (1:49.039) [Visual Studio Host (3720):SolutionService] Solution load behavior is set to 'Realtime'.
        + Waiting for the solution to fully load.
        (3:35.375) [Platform:Microsoft.Test.Apex.Services.ScreenshotService] Took a screenshot for category '' and saved as 'C:\TestBin\IntegrationTests\TestResults\2018_04_16_23_55_50\VSTest_Parser_PTagTest_Timedout.jpg'.</StdOut>
        <ErrorInfo>
          <Message>Initialization method Microsoft.Test.Apex.ExternalProcessHostTest`2[[Microsoft.Test.Apex.VisualStudio.VisualStudioHostConfiguration, Microsoft.Test.Apex.VisualStudio, Version=15.0.0.0, Culture=neutral, PublicKeyToken=b03f5f7f11d50a3a],[Microsoft.Test.Apex.VisualStudio.VisualStudioHost, Microsoft.Test.Apex.VisualStudio, Version=15.0.0.0, Culture=neutral, PublicKeyToken=b03f5f7f11d50a3a]].TestInitialize threw exception. Microsoft.Test.Apex.TimeoutException: Timed out after 00:05:00 waiting for the condition to become true (expired even with doubled timeout length)</Message>
          <StackTrace>   at Microsoft.VisualStudio.Web.Common.TestServices.Utilities.WebUtility.WaitForExtensions.IsTrue(Func`1 predicate, TimeSpan timeout, Func`1 onTimeout) in D:\dd\WTE\Main\test\Common\TestServices\Utilities\WebUtility.cs:line 387
   at Microsoft.VisualStudio.Web.Common.TestServices.Utilities.WebUtility.WaitForSolutionPackageRestore() in D:\dd\WTE\Main\test\Common\TestServices\Utilities\WebUtility.cs:line 107
   at Microsoft.VisualStudio.Web.Common.TestServices.Utilities.WebUtility.OpenSolution(String solutionFileRelativePath) in D:\dd\WTE\Main\test\Common\TestServices\Utilities\WebUtility.cs:line 91
   at Microsoft.VisualStudio.Web.Common.TestServices.Utilities.TestSolution..ctor(String fileName) in D:\dd\WTE\Main\test\Common\TestServices\Utilities\TestSolution.cs:line 24
   at Microsoft.VisualStudio.Web.Common.TestServices.TestAttributes.TestSolutionAttribute.Activate(MemberInfo context) in D:\dd\WTE\Main\test\Common\TestServices\TestAttributes\TestSolutionAttribute.cs:line 37
   at Microsoft.VisualStudio.Web.Common.TestServices.VisualStudioHostWebTest.TestAttributeInitialize() in D:\dd\WTE\Main\test\Common\TestServices\Apex\VisualStudioHostWebTest.cs:line 382
   at Microsoft.VisualStudio.Web.Common.TestServices.VisualStudioHostWebTest.DoHostTestInitialize() in D:\dd\WTE\Main\test\Common\TestServices\Apex\VisualStudioHostWebTest.cs:line 176
   at Microsoft.Test.Apex.ExternalProcessHostTest`2.TestInitialize() in F:\dd\src\omni\Apex\MsTestIntegration\ExternalProcessHostTest.cs:line 112</StackTrace>
        </ErrorInfo>
      </Output>
      <ResultFiles>
        <ResultFile path="WNVM19648\VSTest_Parser_PTagTest_Timedout.jpg" />
      </ResultFiles>
    </UnitTestResult>
    <UnitTestResult executionId="1f55587f-2bfe-4b78-8fd2-cfafe41f3bbd" testId="a80c2a2b-992a-89aa-8e4c-d03da9d6f681" testName="VSTest_TypingThrough_ParensAndBrackets" computerName="WNVM19648" duration="00:00:05.7425954" startTime="2018-04-17T00:32:17.1472547-07:00" endTime="2018-04-17T00:32:22.8898501-07:00" testType="13cdc9d9-ddb5-4fa4-a97d-d965ccfc6d4b" outcome="Passed" testListId="8c84fa94-04c1-424b-9868-57a2d4851a1d" relativeResultsDirectory="1f55587f-2bfe-4b78-8fd2-cfafe41f3bbd">
      <Output>
        <StdOut>+ TypingThroughTests::VSTest_TypingThrough_ParensAndBrackets
    + ApexTest TestInitialize
    + ExternalProcessHostTest TestInitialize
        (33:58.487) [Visual Studio Host (11564):RoamingSettingsService] Disabling roaming settings.
        (33:58.578) [Visual Studio Host (11564):SettingsService] Setting Visual Studio option 'Environment\RoamingSettings\RoamingEnabled' to 'False'.
        (33:58.887) [Visual Studio Host (11564):TextEditorDocumentWindowTestExtension] Showing window 'Empty.html' without activating the window.
        (33:58.972) [Visual Studio Host (11564):TextEditorDocumentWindowTestExtension] Showing window 'Empty.html'.
        (33:59.087) [Visual Studio Host (11564):VisualStudioTextEditorTestExtension] Setting keyboard focus to editor 'Empty.html'.
        (33:59.165) [Visual Studio Host (11564):MainWindowService] Activating main window to bring it to the foreground.
        (33:59.269) [Visual Studio Host (11564):MainWindowService] Setting main window state to 'Maximized'.
    (33:59.414) [Visual Studio Host (11564):TextEditorDocumentWindowTestExtension] Showing window 'Empty.html' without activating the window.
    (33:59.488) [Visual Studio Host (11564):TextEditorDocumentWindowTestExtension] Showing window 'Empty.html'.
    (33:59.559) [Visual Studio Host (11564):VisualStudioCaretTestExtension] Moving the caret from (Ln: 1, Ch: 1) to (Ln: 7, Ch: 5)
    (33:59.636) [Visual Studio Host (11564):TextEditorDocumentWindowTestExtension] Showing window 'Empty.html' without activating the window.
    (33:59.731) [Visual Studio Host (11564):TextEditorDocumentWindowTestExtension] Showing window 'Empty.html'.
    (33:59.819) [Visual Studio Host (11564):VisualStudioTextEditingActions] Inserting text: '&lt;div foo=' at the current caret position: '(Ln: 7, Ch: 5)'
    (34:00.006) [Visual Studio Host (11564):TextEditorDocumentWindowTestExtension] Showing window 'Empty.html' without activating the window.
    (34:00.079) [Visual Studio Host (11564):TextEditorDocumentWindowTestExtension] Showing window 'Empty.html'.
    (34:00.166) [Visual Studio Host (11564):VisualStudioTextEditingActions] Deleting next '1' characters at the current caret position: '(Ln: 7, Ch: 15)'
    (34:00.239) [Visual Studio Host (11564):TextEditorDocumentWindowTestExtension] Showing window 'Empty.html' without activating the window.
    (34:00.314) [Visual Studio Host (11564):TextEditorDocumentWindowTestExtension] Showing window 'Empty.html'.
    (34:00.374) [Visual Studio Host (11564):VisualStudioTextEditingActions] Deleting previous '1' characters at the current caret position: '(Ln: 7, Ch: 15)'
    (34:00.484) [Visual Studio Host (11564):TextEditorDocumentWindowTestExtension] Showing window 'Empty.html' without activating the window.
    (34:00.578) [Visual Studio Host (11564):TextEditorDocumentWindowTestExtension] Showing window 'Empty.html'.
    (34:00.661) [Visual Studio Host (11564):VisualStudioTextEditingActions] Inserting text: '"([(bar' at the current caret position: '(Ln: 7, Ch: 14)'
    (34:00.822) [Visual Studio Host (11564):TextEditorDocumentWindowTestExtension] Showing window 'Empty.html' without activating the window.
    (34:00.900) [Visual Studio Host (11564):TextEditorDocumentWindowTestExtension] Showing window 'Empty.html'.
    (34:00.975) [Visual Studio Host (11564):VisualStudioCaretTestExtension] Moving the caret from (Ln: 7, Ch: 21) to the end of the line
    (34:01.040) [Visual Studio Host (11564):VisualStudioTextEditorTestExtension] Setting keyboard focus to editor 'Empty.html'.
    (34:01.106) [Visual Studio Host (11564):TextEditorDocumentWindowTestExtension] Showing window 'Empty.html' without activating the window.
    (34:01.175) [Visual Studio Host (11564):TextEditorDocumentWindowTestExtension] Showing window 'Empty.html'.
    (34:01.262) [Visual Studio Host (11564):VisualStudioTextEditingActions] Inserting text: '&gt;' at the current caret position: '(Ln: 7, Ch: 25)'
    (34:01.345) [Visual Studio Host (11564):TextEditorDocumentWindowTestExtension] Showing window 'Empty.html' without activating the window.
    (34:01.406) [Visual Studio Host (11564):TextEditorDocumentWindowTestExtension] Showing window 'Empty.html'.
    (34:01.469) [Visual Studio Host (11564):VisualStudioCaretTestExtension] Moving the caret from (Ln: 7, Ch: 26) to the end of the line
    (34:01.527) [Visual Studio Host (11564):VisualStudioTextEditorTestExtension] Setting keyboard focus to editor 'Empty.html'.
    (34:01.599) [Visual Studio Host (11564):TextEditorDocumentWindowTestExtension] Showing window 'Empty.html' without activating the window.
    (34:01.667) [Visual Studio Host (11564):TextEditorDocumentWindowTestExtension] Showing window 'Empty.html'.
    (34:01.771) [Visual Studio Host (11564):TextEditorDocumentWindowTestExtension] Showing window 'Empty.html' without activating the window.
    (34:01.857) [Visual Studio Host (11564):TextEditorDocumentWindowTestExtension] Showing window 'Empty.html'.
    (34:01.933) [Visual Studio Host (11564):KeyboardCommands] Sending the Return key 1 times.
    (34:02.009) [Visual Studio Host (11564):TextEditorDocumentWindowTestExtension] Showing window 'Empty.html' without activating the window.
    (34:02.075) [Visual Studio Host (11564):TextEditorDocumentWindowTestExtension] Showing window 'Empty.html'.
    (34:02.144) [Visual Studio Host (11564):VisualStudioTextEditingActions] Inserting text: '&lt;div foo="[([bar])]"' at the current caret position: '(Ln: 8, Ch: 5)'
    (34:02.364) [Visual Studio Host (11564):TextEditorDocumentWindowTestExtension] Showing window 'Empty.html' without activating the window.
    (34:02.431) [Visual Studio Host (11564):TextEditorDocumentWindowTestExtension] Showing window 'Empty.html'.
    (34:02.499) [Visual Studio Host (11564):VisualStudioCaretTestExtension] Moving the caret from (Ln: 8, Ch: 25) to the end of the line
    (34:02.552) [Visual Studio Host (11564):VisualStudioTextEditorTestExtension] Setting keyboard focus to editor 'Empty.html'.
    (34:02.612) [Visual Studio Host (11564):TextEditorDocumentWindowTestExtension] Showing window 'Empty.html' without activating the window.
    (34:02.673) [Visual Studio Host (11564):TextEditorDocumentWindowTestExtension] Showing window 'Empty.html'.
    (34:02.742) [Visual Studio Host (11564):VisualStudioTextEditingActions] Inserting text: '&gt;' at the current caret position: '(Ln: 8, Ch: 25)'
    (34:02.816) [Visual Studio Host (11564):TextEditorDocumentWindowTestExtension] Showing window 'Empty.html' without activating the window.
    (34:02.894) [Visual Studio Host (11564):TextEditorDocumentWindowTestExtension] Showing window 'Empty.html'.
    (34:02.968) [Visual Studio Host (11564):VisualStudioCaretTestExtension] Moving the caret from (Ln: 8, Ch: 26) to the end of the line
    (34:03.027) [Visual Studio Host (11564):VisualStudioTextEditorTestExtension] Setting keyboard focus to editor 'Empty.html'.
    (34:03.092) [Visual Studio Host (11564):TextEditorDocumentWindowTestExtension] Showing window 'Empty.html' without activating the window.
    (34:03.153) [Visual Studio Host (11564):TextEditorDocumentWindowTestExtension] Showing window 'Empty.html'.
    + ExternalProcessHostTest TestCleanup
        (34:03.273) [Visual Studio Host (11564):TextEditorDocumentWindowTestExtension] Closing window 'Empty.html'.
        (34:03.454) [Platform:Testcase] Test 'VSTest_TypingThrough_ParensAndBrackets' has 'Passed' outcome. Therefore, Apex will not shut down the 'Visual Studio Host (11564)' with process ID '11564'. A subsequent test scenario will run on the same instance of the host.
    + Final Test Result Verification
        (34:03.673) [Platform:DelayedAssertionVerifierSink] Verification Success: 0 verification steps failed.
    + ApexTest TestCleanup</StdOut>
      </Output>
      <ResultFiles>
        <ResultFile path="WNVM19648\Fail.azqsczivabnm.png" />
        <ResultFile path="WNVM19648\Fail.ig2gsfz5ad1y.png" />
        <ResultFile path="WNVM19648\Fail.o5zf0zepaw0l.png" />
        <ResultFile path="WNVM19648\OmniLog.html" />
        <ResultFile path="WNVM19648\OmniLogRawXml.xml" />
      </ResultFiles>
    </UnitTestResult>
    <UnitTestResult executionId="47aa7cd3-2c48-4d65-8ee5-1a35c73b3905" testId="4d633040-188d-f6fe-97a4-3bcdd0f32bff" testName="VSTest_CssValidation_DetectInvalidVendorPrefixes_Off" computerName="WNVM19648" duration="00:00:05.3829118" startTime="2018-04-17T00:25:18.9861165-07:00" endTime="2018-04-17T00:25:24.3690283-07:00" testType="13cdc9d9-ddb5-4fa4-a97d-d965ccfc6d4b" outcome="Passed" testListId="8c84fa94-04c1-424b-9868-57a2d4851a1d" relativeResultsDirectory="47aa7cd3-2c48-4d65-8ee5-1a35c73b3905">
      <Output>
        <StdOut>+ CssValidationTests::VSTest_CssValidation_DetectInvalidVendorPrefixes_Off
    + ApexTest TestInitialize
    + ExternalProcessHostTest TestInitialize
        (27:00.373) [Visual Studio Host (11564):RoamingSettingsService] Disabling roaming settings.
        (27:00.429) [Visual Studio Host (11564):SettingsService] Setting Visual Studio option 'Environment\RoamingSettings\RoamingEnabled' to 'False'.
        (27:00.689) [Visual Studio Host (11564):TextEditorDocumentWindowTestExtension] Showing window 'vendorPrefixes.css' without activating the window.
        (27:00.765) [Visual Studio Host (11564):TextEditorDocumentWindowTestExtension] Showing window 'vendorPrefixes.css'.
        (27:00.881) [Visual Studio Host (11564):VisualStudioTextEditorTestExtension] Setting keyboard focus to editor 'vendorPrefixes.css'.
        (27:00.947) [Visual Studio Host (11564):SettingsService] Getting value of Visual Studio Setting 'TextEditor\CSS Specific\DetectInvalidVendorSpecificItems'. 
        (27:01.038) [Visual Studio Host (11564):SettingsService] Setting Visual Studio option 'TextEditor\CSS Specific\DetectInvalidVendorSpecificItems' to 'False'.
        (27:01.180) [Visual Studio Host (11564):MainWindowService] Activating main window to bring it to the foreground.
        (27:01.485) [Visual Studio Host (11564):MainWindowService] Setting main window state to 'Maximized'.
    (27:01.658) [Visual Studio Host (11564):TextEditorDocumentWindowTestExtension] Showing window 'vendorPrefixes.css' without activating the window.
    (27:01.808) [Visual Studio Host (11564):TextEditorDocumentWindowTestExtension] Showing window 'vendorPrefixes.css'.
    (27:01.896) [Visual Studio Host (11564):ToolWindowTestExtension] Showing window 'Error List' without activating the window.
    (27:01.965) [Visual Studio Host (11564):ToolWindowTestExtension] Showing window 'Error List' without activating the window.
    (27:02.040) [Visual Studio Host (11564):ErrorListService] Showing error list error items.
    (27:02.133) [Visual Studio Host (11564):ToolWindowTestExtension] Showing window 'Error List' without activating the window.
    (27:02.222) [Visual Studio Host (11564):ErrorListService] Showing error list message items.
    (27:02.306) [Visual Studio Host (11564):ToolWindowTestExtension] Showing window 'Error List' without activating the window.
    (27:02.369) [Visual Studio Host (11564):ErrorListService] Showing error list warning items.
    (27:04.503) [Visual Studio Host (11564):TextEditorDocumentWindowTestExtension] Showing window 'vendorPrefixes.css' without activating the window.
    (27:04.562) [Visual Studio Host (11564):TextEditorDocumentWindowTestExtension] Showing window 'vendorPrefixes.css'.
    + ExternalProcessHostTest TestCleanup
        (27:04.687) [Visual Studio Host (11564):SettingsService] Setting Visual Studio option 'TextEditor\CSS Specific\DetectInvalidVendorSpecificItems' to 'True'.
        (27:04.820) [Visual Studio Host (11564):TextEditorDocumentWindowTestExtension] Closing window 'vendorPrefixes.css'.
        (27:04.988) [Platform:Testcase] Test 'VSTest_CssValidation_DetectInvalidVendorPrefixes_Off' has 'Passed' outcome. Therefore, Apex will not shut down the 'Visual Studio Host (11564)' with process ID '11564'. A subsequent test scenario will run on the same instance of the host.
    + Final Test Result Verification
        (27:05.206) [Platform:DelayedAssertionVerifierSink] Verification Success: 0 verification steps failed.
    + ApexTest TestCleanup</StdOut>
      </Output>
      <ResultFiles>
        <ResultFile path="WNVM19648\Fail.azqsczivabnm.png" />
        <ResultFile path="WNVM19648\Fail.ig2gsfz5ad1y.png" />
        <ResultFile path="WNVM19648\Fail.o5zf0zepaw0l.png" />
        <ResultFile path="WNVM19648\OmniLog.html" />
        <ResultFile path="WNVM19648\OmniLogRawXml.xml" />
      </ResultFiles>
    </UnitTestResult>
    <UnitTestResult executionId="6fdf876a-9f48-41fe-9050-c8f6594becae" testId="c50c2c13-fa97-265e-7832-bee6341671ca" testName="VSTest_RazorV3Vb_FormatOnPaste" computerName="WNVM19648" duration="00:00:04.6624236" startTime="2018-04-17T01:01:49.7610442-07:00" endTime="2018-04-17T01:01:54.4234678-07:00" testType="13cdc9d9-ddb5-4fa4-a97d-d965ccfc6d4b" outcome="Passed" testListId="8c84fa94-04c1-424b-9868-57a2d4851a1d" relativeResultsDirectory="6fdf876a-9f48-41fe-9050-c8f6594becae">
      <Output>
        <StdOut>+ VBFormattingTests::VSTest_RazorV3Vb_FormatOnPaste
    + ApexTest TestInitialize
    + ExternalProcessHostTest TestInitialize
        (01:03:31.439) [Visual Studio Host (4384):RoamingSettingsService] Disabling roaming settings.
        (01:03:31.580) [Visual Studio Host (4384):SettingsService] Setting Visual Studio option 'Environment\RoamingSettings\RoamingEnabled' to 'False'.
        (01:03:32.011) [Visual Studio Host (4384):TextEditorDocumentWindowTestExtension] Showing window 'FormatOnPaste.vbhtml' without activating the window.
        (01:03:32.188) [Visual Studio Host (4384):TextEditorDocumentWindowTestExtension] Showing window 'FormatOnPaste.vbhtml'.
        (01:03:32.373) [Visual Studio Host (4384):VisualStudioTextEditorTestExtension] Setting keyboard focus to editor 'FormatOnPaste.vbhtml'.
        (01:03:32.532) [Visual Studio Host (4384):MainWindowService] Activating main window to bring it to the foreground.
        (01:03:32.675) [Visual Studio Host (4384):MainWindowService] Setting main window state to 'Maximized'.
    (01:03:32.936) [Visual Studio Host (4384):TextEditorDocumentWindowTestExtension] Showing window 'FormatOnPaste.vbhtml' without activating the window.
    (01:03:33.077) [Visual Studio Host (4384):TextEditorDocumentWindowTestExtension] Showing window 'FormatOnPaste.vbhtml'.
    (01:03:33.259) [Visual Studio Host (4384):VisualStudioCaretTestExtension] Moving the caret from (Ln: 1, Ch: 1) to (Ln: 5, Ch: 1)
    (01:03:33.546) [Visual Studio Host (4384):TextEditorDocumentWindowTestExtension] Showing window 'FormatOnPaste.vbhtml' without activating the window.
    (01:03:33.716) [Visual Studio Host (4384):TextEditorDocumentWindowTestExtension] Showing window 'FormatOnPaste.vbhtml'.
    + ExternalProcessHostTest TestCleanup
        (01:03:33.995) [Visual Studio Host (4384):TextEditorDocumentWindowTestExtension] Closing window 'FormatOnPaste.vbhtml'.
        (01:03:34.254) [Platform:Testcase] Test 'VSTest_RazorV3Vb_FormatOnPaste' has 'Passed' outcome. Therefore, Apex will not shut down the 'Visual Studio Host (4384)' with process ID '4384'. A subsequent test scenario will run on the same instance of the host.
    + Final Test Result Verification
        (01:03:34.685) [Platform:DelayedAssertionVerifierSink] Verification Success: 0 verification steps failed.
    + ApexTest TestCleanup</StdOut>
      </Output>
      <ResultFiles>
        <ResultFile path="WNVM19648\Fail.azqsczivabnm.png" />
        <ResultFile path="WNVM19648\Fail.ig2gsfz5ad1y.png" />
        <ResultFile path="WNVM19648\Fail.o5zf0zepaw0l.png" />
        <ResultFile path="WNVM19648\Fail.raasvsmeanc1.png" />
        <ResultFile path="WNVM19648\Fail.t4yj0fxuatil.png" />
        <ResultFile path="WNVM19648\Fail.z10rn0n5ajdm.png" />
        <ResultFile path="WNVM19648\OmniLog.html" />
        <ResultFile path="WNVM19648\OmniLogRawXml.xml" />
      </ResultFiles>
    </UnitTestResult>
    <UnitTestResult executionId="5d6c0bed-73ab-4c8b-b205-b041e6d03128" testId="1e7adcc4-b80c-e0c8-9dae-0042717a7acb" testName="VSTest_NPM_NavigateToHomepage" computerName="WNVM19648" duration="00:00:49.2809822" startTime="2018-04-17T01:35:41.9154897-07:00" endTime="2018-04-17T01:36:31.1964719-07:00" testType="13cdc9d9-ddb5-4fa4-a97d-d965ccfc6d4b" outcome="Failed" testListId="8c84fa94-04c1-424b-9868-57a2d4851a1d" relativeResultsDirectory="5d6c0bed-73ab-4c8b-b205-b041e6d03128">
      <Output>
        <StdOut>+ NPMIntelliSenseTests::VSTest_NPM_NavigateToHomepage
    + ApexTest TestInitialize
    + ExternalProcessHostTest TestInitialize
        (01:37:23.787) [Visual Studio Host (4912):RoamingSettingsService] Disabling roaming settings.
        (01:37:23.975) [Visual Studio Host (4912):SettingsService] Setting Visual Studio option 'Environment\RoamingSettings\RoamingEnabled' to 'False'.
        (01:37:25.724) [Visual Studio Host (4912):SolutionService] Opening solution file 'file:///C:/TestBin/IntegrationTests/MS.VS.Web.Editors/webs/misc.sln' with asynchronous load data available.  WaitForFullyLoadedOnOpen set to 'True'. Apex will wait for all async project loads to complete before proceeding.
            (01:37:25.881) [Visual Studio Host (4912):SolutionService] Solution load behavior is set to 'Realtime'.
        + Waiting for the solution to fully load.
        (01:37:44.463) [Visual Studio Host (4912):TextEditorDocumentWindowTestExtension] Showing window 'package.json' without activating the window.
        (01:37:45.169) [Visual Studio Host (4912):TextEditorDocumentWindowTestExtension] Showing window 'package.json'.
        (01:37:45.644) [Visual Studio Host (4912):VisualStudioTextEditorTestExtension] Setting keyboard focus to editor 'package.json'.
        (01:37:46.421) [Visual Studio Host (4912):MainWindowService] Activating main window to bring it to the foreground.
        (01:37:46.891) [Visual Studio Host (4912):MainWindowService] Setting main window state to 'Maximized'.
    (01:37:49.091) [Visual Studio Host (4912):TextEditorDocumentWindowTestExtension] Showing window 'package.json' without activating the window.
    (01:37:49.525) [Visual Studio Host (4912):TextEditorDocumentWindowTestExtension] Showing window 'package.json'.
    (01:37:49.968) [Visual Studio Host (4912):VisualStudioCaretTestExtension] Moving the caret to 'gulp' at (Ln: 5, Ch: 6) based on a regular expression.  Expression = "gulp" [group index '0', match index '1', options 'Singleline, CultureInvariant']
    (01:37:50.568) [Visual Studio Host (4912):TextEditorDocumentWindowTestExtension] Showing window 'package.json' without activating the window.
    (01:37:50.825) [Visual Studio Host (4912):TextEditorDocumentWindowTestExtension] Showing window 'package.json'.
    (01:37:51.245) [Visual Studio Host (4912):VisualStudioIntellisenseService] Invoking quick info tooltip at '(Ln: 5, Ch: 6)'.
    (01:37:52.577) [Visual Studio Host (4912):TextEditorDocumentWindowTestExtension] Showing window 'package.json' without activating the window.
    (01:37:53.246) [Visual Studio Host (4912):TextEditorDocumentWindowTestExtension] Showing window 'package.json'.
    (01:37:53.675) [Visual Studio Host (4912):VisualStudioCaretTestExtension] Moving the caret from (Ln: 5, Ch: 6) to the beginning of the line
    (01:37:53.885) [Visual Studio Host (4912):VisualStudioTextEditorTestExtension] Setting keyboard focus to editor 'package.json'.
    (01:37:54.157) [Visual Studio Host (4912):TextEditorDocumentWindowTestExtension] Showing window 'package.json' without activating the window.
    (01:37:54.519) [Visual Studio Host (4912):TextEditorDocumentWindowTestExtension] Showing window 'package.json'.
    (01:37:54.812) [Visual Studio Host (4912):VisualStudioLightBulbService] Getting the active light bulb session at position '(Ln: 5, Ch: 5)'.
    VerificationPass: (01:37:55.027) [Visual Studio Host (4912):VisualStudioLightBulbServiceVerifier] Verification passed: Light bulb is present within a timeout of 00:00:10.
    (01:37:55.255) [Visual Studio Host (4912):TextEditorDocumentWindowTestExtension] Showing window 'package.json' without activating the window.
    (01:37:55.474) [Visual Studio Host (4912):TextEditorDocumentWindowTestExtension] Showing window 'package.json'.
    (01:37:55.691) [Visual Studio Host (4912):VisualStudioLightBulbService] Getting the active light bulb session at position '(Ln: 5, Ch: 5)'.
    (01:37:55.986) [Visual Studio Host (4912):LightBulbTestExtension] Retrieved '3' light bulb suggested actions.
    (01:37:56.204) [Visual Studio Host (4912):LightBulbSuggestedAction] Invoking light bulb suggestion action 'Open homepage in browser'.
    Error: (01:38:06.513) [Platform:Testcase] Test method Microsoft.VisualStudio.Web.Editors.IntegrationTests.JSON.PackageManagement.NPMIntelliSenseTests.VSTest_NPM_NavigateToHomepage threw exception. Microsoft.Test.Apex.TimeoutException: Timed out after 00:00:05 waiting for the condition to become true (expired even with doubled timeout length)
   at Microsoft.VisualStudio.Web.Common.TestAdapter.ParameterizedTests.ReflectionUtilities.InvokeMethod(Object targetObject, MethodInfo method, Object[] methodArguments, String exceptionMessageFormat) in D:\dd\WTE\Main\test\Common\TestAdapter\ParameterizedTests\ReflectionUtilities.cs:line 190
   at Microsoft.VisualStudio.Web.Common.TestAdapter.ParameterizedTests.TestMethodInfo.Invoke(Object testObject, TestExecutionContext context) in D:\dd\WTE\Main\test\Common\TestAdapter\ParameterizedTests\TestMethodInfo.cs:line 64
    + ExternalProcessHostTest TestCleanup
        (01:38:07.734) [Visual Studio Host (4912):TextEditorDocumentWindowTestExtension] Closing window 'package.json'.
        (01:38:08.420) [Visual Studio Host (4912):MainWindowService] Setting main window state to 'Maximized'.
        (01:38:08.759) [Visual Studio Host (4912):MainWindowService] Activating main window to bring it to the foreground.
        Warning: (01:38:09.240) [Platform:Microsoft.Test.Apex.Services.ScreenshotService] Exception occured when copying screenshot file from 'C:\TestBin\IntegrationTests\Failure.jpg' to 'C:\TestBin\IntegrationTests\TestResults\2018_04_16_23_55_50\Failure.jpg'.
        Warning: (01:38:09.240) [Platform:Microsoft.Test.Apex.Services.ScreenshotService] System.IO.IOException: The file 'C:\TestBin\IntegrationTests\TestResults\2018_04_16_23_55_50\Failure.jpg' already exists.
   at System.IO.__Error.WinIOError(Int32 errorCode, String maybeFullPath)
   at System.IO.File.InternalCopy(String sourceFileName, String destFileName, Boolean overwrite, Boolean checkHost)
   at System.IO.File.Copy(String sourceFileName, String destFileName, Boolean overwrite)
   at Microsoft.Test.Apex.Services.ScreenshotService.TakeOne(String categoryName, String fileNamePrefix, String repositoryPath) in F:\dd\src\omni\Apex\Framework\Services\Screenshot\ScreenshotService.cs:line 176
        (01:38:09.813) [Platform:ProcessCaptureService] Capturing screenshots for PID 4912 (devenv)
        Result file 'VSTest_NPM_NavigateToHomepage-Failure-devenv.4912.png' added: file:///C:/TestBin/IntegrationTests/TestResults/2018_04_16_23_55_50/VSTest_NPM_NavigateToHomepage-Failure-devenv.4912.png
        (01:38:10.381) [Platform:ProcessCaptureService] Bounding rectangle of HWND 0x270582 is size (0, 0), which cannot be captured.
        (01:38:10.578) [Platform:ProcessCaptureService] Bounding rectangle of HWND 0x100518 is size (0, 0), which cannot be captured.
    + Final Test Result Verification
        (01:38:11.213) [Platform:DelayedAssertionVerifierSink] Verification Success: 0 verification steps failed.
    + ApexTest TestCleanup</StdOut>
        <ErrorInfo>
          <Message>Test method Microsoft.VisualStudio.Web.Editors.IntegrationTests.JSON.PackageManagement.NPMIntelliSenseTests.VSTest_NPM_NavigateToHomepage threw exception. Microsoft.Test.Apex.TimeoutException: Timed out after 00:00:05 waiting for the condition to become true (expired even with doubled timeout length)</Message>
          <StackTrace>   at Microsoft.VisualStudio.Web.Common.TestServices.Utilities.WebUtility.WaitForExtensions.IsTrue(Func`1 predicate, TimeSpan timeout, Func`1 onTimeout) in D:\dd\WTE\Main\test\Common\TestServices\Utilities\WebUtility.cs:line 387
   at Microsoft.VisualStudio.Web.Editors.IntegrationTests.JSON.PackageManagement.NPMIntelliSenseTests.VSTest_NPM_NavigateToHomepage() in D:\dd\WTE\Main\test\Editors\IntegrationTests\JSON\PackageManagement\NPMIntelliSenseTests.cs:line 118</StackTrace>
        </ErrorInfo>
      </Output>
      <ResultFiles>
        <ResultFile path="WNVM19648\Fail.22wpw0oka5fs.png" />
        <ResultFile path="WNVM19648\Fail.33ju4eduay3u.png" />
        <ResultFile path="WNVM19648\Fail.3poblbx4alvv.png" />
        <ResultFile path="WNVM19648\Fail.ashpv3rjajjr.png" />
        <ResultFile path="WNVM19648\Fail.aswak04hapa5.png" />
        <ResultFile path="WNVM19648\Fail.azqsczivabnm.png" />
        <ResultFile path="WNVM19648\Fail.byuslv5baqsd.png" />
        <ResultFile path="WNVM19648\Fail.ek4tb3wmalyl.png" />
        <ResultFile path="WNVM19648\Fail.ig2gsfz5ad1y.png" />
        <ResultFile path="WNVM19648\Fail.kfb5og41ajlt.png" />
        <ResultFile path="WNVM19648\Fail.kxs1ersmaxma.png" />
        <ResultFile path="WNVM19648\Fail.lbyrcmqbastb.png" />
        <ResultFile path="WNVM19648\Fail.loc0xhl5a2hr.png" />
        <ResultFile path="WNVM19648\Fail.o4kkrjboasbk.png" />
        <ResultFile path="WNVM19648\Fail.o5zf0zepaw0l.png" />
        <ResultFile path="WNVM19648\Fail.qagtqbftat3h.png" />
        <ResultFile path="WNVM19648\Fail.qbnuydioazjy.png" />
        <ResultFile path="WNVM19648\Fail.raasvsmeanc1.png" />
        <ResultFile path="WNVM19648\Fail.sidku4gxamg4.png" />
        <ResultFile path="WNVM19648\Fail.swwzdfhraz25.png" />
        <ResultFile path="WNVM19648\Fail.t4yj0fxuatil.png" />
        <ResultFile path="WNVM19648\Fail.vjqtiv2zaclz.png" />
        <ResultFile path="WNVM19648\Fail.z10rn0n5ajdm.png" />
        <ResultFile path="WNVM19648\Fail.z2gelfy0aa1q.png" />
        <ResultFile path="WNVM19648\Failure.jpg" />
        <ResultFile path="WNVM19648\OmniLog.html" />
        <ResultFile path="WNVM19648\OmniLogRawXml.xml" />
        <ResultFile path="WNVM19648\VSTest_Generate_AttrModel_Methods_WAP_Code_Behind_CS_Timedout.jpg" />
        <ResultFile path="WNVM19648\VSTest_HitBreakpointAndEditInCSHtml_Timedout.jpg" />
        <ResultFile path="WNVM19648\VSTest_Html_Drag_Drop_JavascriptFile_Timedout.jpg" />
        <ResultFile path="WNVM19648\VSTest_JSON_AutoStructureWithExistingComma_Timedout.jpg" />
        <ResultFile path="WNVM19648\VSTest_NPM_NavigateToHomepage-Failure-devenv.4912.png" />
        <ResultFile path="WNVM19648\VSTest_Parser_PTagTest_Timedout.jpg" />
        <ResultFile path="WNVM19648\VSTest_Razor_TagHelpers_OptOut_Timedout.jpg" />
        <ResultFile path="WNVM19648\VSTest_Razor_TagHelpers_Update_CS_File_And_Build_Timedout.jpg" />
        <ResultFile path="WNVM19648\VSTest_Script_Completion_Top_Level_Timedout.jpg" />
        <ResultFile path="WNVM19648\VSTest_SmartIndentInJSInRazorV4_Timedout.jpg" />
      </ResultFiles>
    </UnitTestResult>
    <UnitTestResult executionId="32d7fe1f-c459-49f8-b941-8aaaf73f8289" testId="d5c7164c-8a3d-8d6a-3fbe-5bb91d3664f7" testName="VSTest_FormatOnPastePTag" computerName="WNVM19648" duration="00:00:03.0839203" startTime="2018-04-17T00:31:28.7613772-07:00" endTime="2018-04-17T00:31:31.8452975-07:00" testType="13cdc9d9-ddb5-4fa4-a97d-d965ccfc6d4b" outcome="Passed" testListId="8c84fa94-04c1-424b-9868-57a2d4851a1d" relativeResultsDirectory="32d7fe1f-c459-49f8-b941-8aaaf73f8289">
      <Output>
        <StdOut>+ FormatOnPasteTests::VSTest_FormatOnPastePTag
    + ApexTest TestInitialize
    + ExternalProcessHostTest TestInitialize
        (33:10.141) [Visual Studio Host (11564):RoamingSettingsService] Disabling roaming settings.
        (33:10.225) [Visual Studio Host (11564):SettingsService] Setting Visual Studio option 'Environment\RoamingSettings\RoamingEnabled' to 'False'.
        (33:10.537) [Visual Studio Host (11564):TextEditorDocumentWindowTestExtension] Showing window 'Default.html' without activating the window.
        (33:10.647) [Visual Studio Host (11564):TextEditorDocumentWindowTestExtension] Showing window 'Default.html'.
        (33:10.754) [Visual Studio Host (11564):VisualStudioTextEditorTestExtension] Setting keyboard focus to editor 'Default.html'.
        (33:10.830) [Visual Studio Host (11564):MainWindowService] Activating main window to bring it to the foreground.
        (33:10.904) [Visual Studio Host (11564):MainWindowService] Setting main window state to 'Maximized'.
    (33:11.023) [Visual Studio Host (11564):TextEditorDocumentWindowTestExtension] Showing window 'Default.html' without activating the window.
    (33:11.088) [Visual Studio Host (11564):TextEditorDocumentWindowTestExtension] Showing window 'Default.html'.
    (33:11.160) [Visual Studio Host (11564):VisualStudioCaretTestExtension] Moving the caret from (Ln: 1, Ch: 1) to (Ln: 9, Ch: 1)
    (33:11.258) [Visual Studio Host (11564):TextEditorDocumentWindowTestExtension] Showing window 'Default.html' without activating the window.
    (33:11.327) [Visual Studio Host (11564):TextEditorDocumentWindowTestExtension] Showing window 'Default.html'.
    (33:11.389) [Visual Studio Host (11564):TextEditorDocumentWindowTestExtension] Showing window 'Default.html' without activating the window.
    (33:11.447) [Visual Studio Host (11564):TextEditorDocumentWindowTestExtension] Showing window 'Default.html'.
    (33:11.513) [Visual Studio Host (11564):VisualStudioTextEditingActions] Undoing '1' operations.
    (33:11.587) [Visual Studio Host (11564):TextEditorDocumentWindowTestExtension] Showing window 'Default.html' without activating the window.
    (33:11.669) [Visual Studio Host (11564):TextEditorDocumentWindowTestExtension] Showing window 'Default.html'.
    (33:11.762) [Visual Studio Host (11564):TextEditorDocumentWindowTestExtension] Showing window 'Default.html' without activating the window.
    (33:11.841) [Visual Studio Host (11564):TextEditorDocumentWindowTestExtension] Showing window 'Default.html'.
    (33:11.927) [Visual Studio Host (11564):VisualStudioTextEditingActions] Undoing '1' operations.
    (33:12.012) [Visual Studio Host (11564):TextEditorDocumentWindowTestExtension] Showing window 'Default.html' without activating the window.
    (33:12.102) [Visual Studio Host (11564):TextEditorDocumentWindowTestExtension] Showing window 'Default.html'.
    + ExternalProcessHostTest TestCleanup
        (33:12.256) [Visual Studio Host (11564):TextEditorDocumentWindowTestExtension] Closing window 'Default.html'.
        (33:12.426) [Platform:Testcase] Test 'VSTest_FormatOnPastePTag' has 'Passed' outcome. Therefore, Apex will not shut down the 'Visual Studio Host (11564)' with process ID '11564'. A subsequent test scenario will run on the same instance of the host.
    + Final Test Result Verification
        (33:12.627) [Platform:DelayedAssertionVerifierSink] Verification Success: 0 verification steps failed.
    + ApexTest TestCleanup</StdOut>
      </Output>
      <ResultFiles>
        <ResultFile path="WNVM19648\Fail.azqsczivabnm.png" />
        <ResultFile path="WNVM19648\Fail.ig2gsfz5ad1y.png" />
        <ResultFile path="WNVM19648\Fail.o5zf0zepaw0l.png" />
        <ResultFile path="WNVM19648\OmniLog.html" />
        <ResultFile path="WNVM19648\OmniLogRawXml.xml" />
      </ResultFiles>
    </UnitTestResult>
    <UnitTestResult executionId="6c4e530c-9276-4d77-98eb-02ea72f4dc15" testId="4a2ddb61-90ae-2278-a86a-47c73463fad1" testName="VSTest_Validate_Html5ValidateCasing" computerName="WNVM19648" duration="00:00:08.3307549" startTime="2018-04-17T00:48:12.8443660-07:00" endTime="2018-04-17T00:48:21.1751209-07:00" testType="13cdc9d9-ddb5-4fa4-a97d-d965ccfc6d4b" outcome="Passed" testListId="8c84fa94-04c1-424b-9868-57a2d4851a1d" relativeResultsDirectory="6c4e530c-9276-4d77-98eb-02ea72f4dc15">
      <Output>
        <StdOut>+ ValidationTests::VSTest_Validate_Html5ValidateCasing
    + ApexTest TestInitialize
    + ExternalProcessHostTest TestInitialize
        (49:54.616) [Visual Studio Host (9888):RoamingSettingsService] Disabling roaming settings.
        (49:54.807) [Visual Studio Host (9888):SettingsService] Setting Visual Studio option 'Environment\RoamingSettings\RoamingEnabled' to 'False'.
        (49:55.444) [Visual Studio Host (9888):TextEditorDocumentWindowTestExtension] Showing window 'html5casing.htm' without activating the window.
        (49:55.743) [Visual Studio Host (9888):TextEditorDocumentWindowTestExtension] Showing window 'html5casing.htm'.
        (49:55.982) [Visual Studio Host (9888):VisualStudioTextEditorTestExtension] Setting keyboard focus to editor 'html5casing.htm'.
        (49:56.190) [Visual Studio Host (9888):MainWindowService] Activating main window to bring it to the foreground.
        (49:56.359) [Visual Studio Host (9888):MainWindowService] Setting main window state to 'Maximized'.
    (49:56.655) [Visual Studio Host (9888):TextEditorDocumentWindowTestExtension] Showing window 'html5casing.htm' without activating the window.
    (49:56.804) [Visual Studio Host (9888):TextEditorDocumentWindowTestExtension] Showing window 'html5casing.htm'.
    (49:56.990) [Visual Studio Host (9888):ToolWindowTestExtension] Showing window 'Error List' without activating the window.
    (49:57.172) [Visual Studio Host (9888):ToolWindowTestExtension] Showing window 'Error List' without activating the window.
    (49:57.341) [Visual Studio Host (9888):ErrorListService] Showing error list error items.
    (49:57.507) [Visual Studio Host (9888):ToolWindowTestExtension] Showing window 'Error List' without activating the window.
    (49:57.653) [Visual Studio Host (9888):ErrorListService] Showing error list message items.
    (49:57.791) [Visual Studio Host (9888):ToolWindowTestExtension] Showing window 'Error List' without activating the window.
    (49:57.968) [Visual Studio Host (9888):ErrorListService] Showing error list warning items.
    (50:00.153) [Visual Studio Host (9888):TextEditorDocumentWindowTestExtension] Showing window 'html5casing.htm' without activating the window.
    (50:00.313) [Visual Studio Host (9888):TextEditorDocumentWindowTestExtension] Showing window 'html5casing.htm'.
    + ExternalProcessHostTest TestCleanup
        (50:00.700) [Visual Studio Host (9888):TextEditorDocumentWindowTestExtension] Closing window 'html5casing.htm'.
        (50:00.958) [Platform:Testcase] Test 'VSTest_Validate_Html5ValidateCasing' has 'Passed' outcome. Therefore, Apex will not shut down the 'Visual Studio Host (9888)' with process ID '9888'. A subsequent test scenario will run on the same instance of the host.
    + Final Test Result Verification
        (50:01.427) [Platform:DelayedAssertionVerifierSink] Verification Success: 0 verification steps failed.
    + ApexTest TestCleanup</StdOut>
      </Output>
      <ResultFiles>
        <ResultFile path="WNVM19648\Fail.azqsczivabnm.png" />
        <ResultFile path="WNVM19648\Fail.ig2gsfz5ad1y.png" />
        <ResultFile path="WNVM19648\Fail.o5zf0zepaw0l.png" />
        <ResultFile path="WNVM19648\Fail.z10rn0n5ajdm.png" />
        <ResultFile path="WNVM19648\OmniLog.html" />
        <ResultFile path="WNVM19648\OmniLogRawXml.xml" />
      </ResultFiles>
    </UnitTestResult>
    <UnitTestResult executionId="d9a33b27-f7f4-4b22-a942-e7e3e996880a" testId="7451f764-824c-2e1c-c094-88607c0434fe" testName="VSTest_TypingTags_Source_to_Textarea" computerName="WNVM19648" duration="00:00:01.2690163" startTime="2018-04-17T00:43:46.7197472-07:00" endTime="2018-04-17T00:43:47.9887635-07:00" testType="13cdc9d9-ddb5-4fa4-a97d-d965ccfc6d4b" outcome="Failed" testListId="8c84fa94-04c1-424b-9868-57a2d4851a1d" relativeResultsDirectory="d9a33b27-f7f4-4b22-a942-e7e3e996880a">
      <Output>
        <StdOut>+ TypingTests::VSTest_TypingTags_Source_to_Textarea
    + ApexTest TestInitialize</StdOut>
        <ErrorInfo>
          <Message>Initialization method Microsoft.Test.Apex.ExternalProcessHostTest`2[[Microsoft.Test.Apex.VisualStudio.VisualStudioHostConfiguration, Microsoft.Test.Apex.VisualStudio, Version=15.0.0.0, Culture=neutral, PublicKeyToken=b03f5f7f11d50a3a],[Microsoft.Test.Apex.VisualStudio.VisualStudioHost, Microsoft.Test.Apex.VisualStudio, Version=15.0.0.0, Culture=neutral, PublicKeyToken=b03f5f7f11d50a3a]].TestInitialize threw exception. System.IO.IOException: The process cannot access the file 'C:\school\OmniLog.html' because it is being used by another process.</Message>
          <StackTrace>   at System.IO.__Error.WinIOError(Int32 errorCode, String maybeFullPath)
   at System.IO.FileStream.Init(String path, FileMode mode, FileAccess access, Int32 rights, Boolean useRights, FileShare share, Int32 bufferSize, FileOptions options, SECURITY_ATTRIBUTES secAttrs, String msgPath, Boolean bFromProxy, Boolean useLongPath, Boolean checkHost)
   at System.IO.FileStream..ctor(String path, FileMode mode, FileAccess access)
   at Omni.Logging.Sinks.IncrementalSummarySink.PrepareForWrite() in F:\dd\src\Omni\Log\Omni.Log\Sinks\IncrementalSummarySink.cs:line 169
   at Omni.Logging.Sinks.IncrementalSummarySink.Append(ILogMessage message) in F:\dd\src\Omni\Log\Omni.Log\Sinks\IncrementalSummarySink.cs:line 74
   at Omni.Logging.OmniLog.SendToSinks(LogMessage message) in F:\dd\src\Omni\Log\Omni.Log\OmniLog.cs:line 968
   at Omni.Logging.Log.BeginGroup(String message) in F:\dd\src\Omni\Log\Omni.Log\OmniLog.cs:line 1402
   at Microsoft.Test.Apex.Services.Logging.TestLoggerSinks.OmniLog.OmniLogSink.ActualSink.ScopeEntered(IExecutionScopeHandle scope) in F:\dd\src\omni\Apex\MsTestIntegration\Services\OmniLog\OmniLogSink.cs:line 318
   at Microsoft.Test.Apex.Services.Logging.TestLoggerSinks.OmniLog.OmniLogSink.ScopeEntered(IExecutionScopeHandle scope) in F:\dd\src\omni\Apex\MsTestIntegration\Services\OmniLog\OmniLogSink.cs:line 146
   at Microsoft.Test.Apex.Services.ExecutionScopeService.Enter(TestExecutionPoint testExecutionPoint, String scopeName, Boolean enterVerificationScope, Object context) in F:\dd\src\omni\Apex\Framework\Services\ExecutionScope\ExecutionScopeService.cs:line 228
   at Microsoft.Test.Apex.Services.ExecutionScopeService.Enter(String scopeName, Boolean enterVerificationScope, Object context) in F:\dd\src\omni\Apex\Framework\Services\ExecutionScope\ExecutionScopeService.cs:line 202
   at Microsoft.Test.Apex.Services.ExecutionScopeService.Enter(String scopeName) in F:\dd\src\omni\Apex\Framework\Services\ExecutionScope\ExecutionScopeService.cs:line 80
   at Microsoft.Test.Apex.ApexTest.TestInitialize() in F:\dd\src\omni\Apex\MsTestIntegration\ApexTest.cs:line 423
   at Microsoft.Test.Apex.ExternalProcessHostTest`2.TestInitialize() in F:\dd\src\omni\Apex\MsTestIntegration\ExternalProcessHostTest.cs:line 108</StackTrace>
        </ErrorInfo>
      </Output>
    </UnitTestResult>
    <UnitTestResult executionId="6dada5f7-6343-4d0e-bbc0-285969704849" testId="9ef41b31-0b23-e5a8-f317-e119ff302ba3" testName="VSTest_JSON_SchemaHandlerSelect_Draft4" computerName="WNVM19648" duration="00:00:08.7689816" startTime="2018-04-17T02:14:31.6430011-07:00" endTime="2018-04-17T02:14:40.4119827-07:00" testType="13cdc9d9-ddb5-4fa4-a97d-d965ccfc6d4b" outcome="Passed" testListId="8c84fa94-04c1-424b-9868-57a2d4851a1d" relativeResultsDirectory="6dada5f7-6343-4d0e-bbc0-285969704849">
      <Output>
        <StdOut>+ SchemaValidation::VSTest_JSON_SchemaHandlerSelect_Draft4
    + ApexTest TestInitialize
    + ExternalProcessHostTest TestInitialize
        (02:16:13.405) [Visual Studio Host (4596):RoamingSettingsService] Disabling roaming settings.
        (02:16:13.561) [Visual Studio Host (4596):SettingsService] Setting Visual Studio option 'Environment\RoamingSettings\RoamingEnabled' to 'False'.
        (02:16:14.249) [Visual Studio Host (4596):TextEditorDocumentWindowTestExtension] Showing window 'Draft4Schema.json' without activating the window.
        (02:16:14.514) [Visual Studio Host (4596):TextEditorDocumentWindowTestExtension] Showing window 'Draft4Schema.json'.
        (02:16:14.780) [Visual Studio Host (4596):VisualStudioTextEditorTestExtension] Setting keyboard focus to editor 'Draft4Schema.json'.
        (02:16:14.968) [Visual Studio Host (4596):MainWindowService] Activating main window to bring it to the foreground.
        (02:16:15.139) [Visual Studio Host (4596):MainWindowService] Setting main window state to 'Maximized'.
    (02:16:15.499) [Visual Studio Host (4596):TextEditorDocumentWindowTestExtension] Showing window 'Draft4Schema.json' without activating the window.
    (02:16:15.702) [Visual Studio Host (4596):TextEditorDocumentWindowTestExtension] Showing window 'Draft4Schema.json'.
    (02:16:15.906) [Visual Studio Host (4596):ToolWindowTestExtension] Showing window 'Error List' without activating the window.
    (02:16:16.108) [Visual Studio Host (4596):ToolWindowTestExtension] Showing window 'Error List' without activating the window.
    (02:16:16.296) [Visual Studio Host (4596):ErrorListService] Showing error list error items.
    (02:16:16.499) [Visual Studio Host (4596):ToolWindowTestExtension] Showing window 'Error List' without activating the window.
    (02:16:16.686) [Visual Studio Host (4596):ErrorListService] Showing error list message items.
    (02:16:16.827) [Visual Studio Host (4596):ToolWindowTestExtension] Showing window 'Error List' without activating the window.
    (02:16:16.983) [Visual Studio Host (4596):ErrorListService] Showing error list warning items.
    (02:16:19.221) [Visual Studio Host (4596):TextEditorDocumentWindowTestExtension] Showing window 'Draft4Schema.json' without activating the window.
    (02:16:19.393) [Visual Studio Host (4596):TextEditorDocumentWindowTestExtension] Showing window 'Draft4Schema.json'.
    + ExternalProcessHostTest TestCleanup
        (02:16:19.674) [Visual Studio Host (4596):TextEditorDocumentWindowTestExtension] Closing window 'Draft4Schema.json'.
        (02:16:20.080) [Platform:Testcase] Test 'VSTest_JSON_SchemaHandlerSelect_Draft4' has 'Passed' outcome. Therefore, Apex will not shut down the 'Visual Studio Host (4596)' with process ID '4596'. A subsequent test scenario will run on the same instance of the host.
    + Final Test Result Verification
        (02:16:20.721) [Platform:DelayedAssertionVerifierSink] Verification Success: 0 verification steps failed.
    + ApexTest TestCleanup</StdOut>
      </Output>
      <ResultFiles>
        <ResultFile path="WNVM19648\Fail.22wpw0oka5fs.png" />
        <ResultFile path="WNVM19648\Fail.24wtv1jnawc3.png" />
        <ResultFile path="WNVM19648\Fail.2dvw33g3abcx.png" />
        <ResultFile path="WNVM19648\Fail.2lws5epta1gw.png" />
        <ResultFile path="WNVM19648\Fail.2osatv43agzz.png" />
        <ResultFile path="WNVM19648\Fail.33ju4eduay3u.png" />
        <ResultFile path="WNVM19648\Fail.3poblbx4alvv.png" />
        <ResultFile path="WNVM19648\Fail.4p531ykxaqdb.png" />
        <ResultFile path="WNVM19648\Fail.5erbsz3aa4ay.png" />
        <ResultFile path="WNVM19648\Fail.ashpv3rjajjr.png" />
        <ResultFile path="WNVM19648\Fail.aswak04hapa5.png" />
        <ResultFile path="WNVM19648\Fail.azqsczivabnm.png" />
        <ResultFile path="WNVM19648\Fail.byuslv5baqsd.png" />
        <ResultFile path="WNVM19648\Fail.bz134qwyax2e.png" />
        <ResultFile path="WNVM19648\Fail.czhshhzmawco.png" />
        <ResultFile path="WNVM19648\Fail.ek4tb3wmalyl.png" />
        <ResultFile path="WNVM19648\Fail.hxi2cahnapy2.png" />
        <ResultFile path="WNVM19648\Fail.ig2gsfz5ad1y.png" />
        <ResultFile path="WNVM19648\Fail.iymeazuqablz.png" />
        <ResultFile path="WNVM19648\Fail.jpga4adlarrf.png" />
        <ResultFile path="WNVM19648\Fail.kfb5og41ajlt.png" />
        <ResultFile path="WNVM19648\Fail.kp4fcfcpa5bw.png" />
        <ResultFile path="WNVM19648\Fail.kxs1ersmaxma.png" />
        <ResultFile path="WNVM19648\Fail.lbyrcmqbastb.png" />
        <ResultFile path="WNVM19648\Fail.loc0xhl5a2hr.png" />
        <ResultFile path="WNVM19648\Fail.lthgvalfaxfr.png" />
        <ResultFile path="WNVM19648\Fail.mazsob3aamsp.png" />
        <ResultFile path="WNVM19648\Fail.n13clx4iaowv.png" />
        <ResultFile path="WNVM19648\Fail.n3c2bmltan5e.png" />
        <ResultFile path="WNVM19648\Fail.o4kkrjboasbk.png" />
        <ResultFile path="WNVM19648\Fail.o5zf0zepaw0l.png" />
        <ResultFile path="WNVM19648\Fail.pdo2mhdtanq2.png" />
        <ResultFile path="WNVM19648\Fail.pprwzak1ac5h.png" />
        <ResultFile path="WNVM19648\Fail.qagtqbftat3h.png" />
        <ResultFile path="WNVM19648\Fail.qbnuydioazjy.png" />
        <ResultFile path="WNVM19648\Fail.raasvsmeanc1.png" />
        <ResultFile path="WNVM19648\Fail.rymman3va50a.png" />
        <ResultFile path="WNVM19648\Fail.sidku4gxamg4.png" />
        <ResultFile path="WNVM19648\Fail.swwzdfhraz25.png" />
        <ResultFile path="WNVM19648\Fail.t4yj0fxuatil.png" />
        <ResultFile path="WNVM19648\Fail.v0ywfcwsa23p.png" />
        <ResultFile path="WNVM19648\Fail.vjqtiv2zaclz.png" />
        <ResultFile path="WNVM19648\Fail.wiz4mofdavag.png" />
        <ResultFile path="WNVM19648\Fail.xasrdkzvaogc.png" />
        <ResultFile path="WNVM19648\Fail.yd3ferxiaq1c.png" />
        <ResultFile path="WNVM19648\Fail.z10rn0n5ajdm.png" />
        <ResultFile path="WNVM19648\Fail.z2gelfy0aa1q.png" />
        <ResultFile path="WNVM19648\Fail.zpuouf2fa0ib.png" />
        <ResultFile path="WNVM19648\OmniLog.html" />
        <ResultFile path="WNVM19648\OmniLogRawXml.xml" />
      </ResultFiles>
    </UnitTestResult>
    <UnitTestResult executionId="7bc4e869-1cd5-48a6-a0b4-6f21cd3958da" testId="36e18435-9ae0-b668-b4c3-0d271dcc412c" testName="VSTest_RazorHTMLIntellisenseInCshtml" computerName="WNVM19648" duration="00:00:05.7210058" startTime="2018-04-17T01:12:38.6642355-07:00" endTime="2018-04-17T01:12:44.3852413-07:00" testType="13cdc9d9-ddb5-4fa4-a97d-d965ccfc6d4b" outcome="Passed" testListId="8c84fa94-04c1-424b-9868-57a2d4851a1d" relativeResultsDirectory="7bc4e869-1cd5-48a6-a0b4-6f21cd3958da">
      <Output>
        <StdOut>+ CSharpGeneralTests::VSTest_RazorHTMLIntellisenseInCshtml
    + ApexTest TestInitialize
    + ExternalProcessHostTest TestInitialize
        (01:14:20.417) [Visual Studio Host (8016):RoamingSettingsService] Disabling roaming settings.
        (01:14:20.595) [Visual Studio Host (8016):SettingsService] Setting Visual Studio option 'Environment\RoamingSettings\RoamingEnabled' to 'False'.
        (01:14:20.992) [Visual Studio Host (8016):TextEditorDocumentWindowTestExtension] Showing window 'empty.cshtml' without activating the window.
        (01:14:21.214) [Visual Studio Host (8016):TextEditorDocumentWindowTestExtension] Showing window 'empty.cshtml'.
        (01:14:21.396) [Visual Studio Host (8016):VisualStudioTextEditorTestExtension] Setting keyboard focus to editor 'empty.cshtml'.
        (01:14:21.575) [Visual Studio Host (8016):MainWindowService] Activating main window to bring it to the foreground.
        (01:14:21.739) [Visual Studio Host (8016):MainWindowService] Setting main window state to 'Maximized'.
    (01:14:22.092) [Visual Studio Host (8016):TextEditorDocumentWindowTestExtension] Showing window 'empty.cshtml' without activating the window.
    (01:14:22.230) [Visual Studio Host (8016):TextEditorDocumentWindowTestExtension] Showing window 'empty.cshtml'.
    (01:14:22.396) [Visual Studio Host (8016):VisualStudioTextEditingActions] Inserting text combine CRLF as single return: '&lt;' at the current caret position: '(Ln: 1, Ch: 1)'
    (01:14:22.597) [Visual Studio Host (8016):TextEditorDocumentWindowTestExtension] Showing window 'empty.cshtml' without activating the window.
    (01:14:22.795) [Visual Studio Host (8016):TextEditorDocumentWindowTestExtension] Showing window 'empty.cshtml'.
    (01:14:23.013) [Visual Studio Host (8016):VisualStudioIntellisenseService] Getting the active completion at position '(Ln: 1, Ch: 2)'.
    (01:14:23.162) [Visual Studio Host (8016):VisualStudioCompletionListTestExtension] Found completion item with name 
    (01:14:23.303) [Visual Studio Host (8016):VisualStudioIntellisenseService] Getting the active completion at position '(Ln: 1, Ch: 2)'.
    (01:14:23.452) [Visual Studio Host (8016):VisualStudioCompletionListTestExtension] Found completion item with name 
    + ExternalProcessHostTest TestCleanup
        (01:14:23.808) [Visual Studio Host (8016):TextEditorDocumentWindowTestExtension] Closing window 'empty.cshtml'.
        (01:14:24.132) [Platform:Testcase] Test 'VSTest_RazorHTMLIntellisenseInCshtml' has 'Passed' outcome. Therefore, Apex will not shut down the 'Visual Studio Host (8016)' with process ID '8016'. A subsequent test scenario will run on the same instance of the host.
    + Final Test Result Verification
        (01:14:24.622) [Platform:DelayedAssertionVerifierSink] Verification Success: 0 verification steps failed.
    + ApexTest TestCleanup</StdOut>
      </Output>
      <ResultFiles>
        <ResultFile path="WNVM19648\Fail.azqsczivabnm.png" />
        <ResultFile path="WNVM19648\Fail.ig2gsfz5ad1y.png" />
        <ResultFile path="WNVM19648\Fail.o5zf0zepaw0l.png" />
        <ResultFile path="WNVM19648\Fail.raasvsmeanc1.png" />
        <ResultFile path="WNVM19648\Fail.t4yj0fxuatil.png" />
        <ResultFile path="WNVM19648\Fail.z10rn0n5ajdm.png" />
        <ResultFile path="WNVM19648\OmniLog.html" />
        <ResultFile path="WNVM19648\OmniLogRawXml.xml" />
      </ResultFiles>
    </UnitTestResult>
    <UnitTestResult executionId="c2b5a340-f929-4978-8d14-0611dd0fc49e" testId="4984ffb8-9750-6cc8-d6a0-5e4574b83a10" testName="VSTest_InsertSnippetViaSurroundWith" computerName="WNVM19648" duration="00:00:05.4801148" startTime="2018-04-17T00:24:55.6459666-07:00" endTime="2018-04-17T00:25:01.1260814-07:00" testType="13cdc9d9-ddb5-4fa4-a97d-d965ccfc6d4b" outcome="Passed" testListId="8c84fa94-04c1-424b-9868-57a2d4851a1d" relativeResultsDirectory="c2b5a340-f929-4978-8d14-0611dd0fc49e">
      <Output>
        <StdOut>+ SnippetTests::VSTest_InsertSnippetViaSurroundWith
    + ApexTest TestInitialize
    + ExternalProcessHostTest TestInitialize
        (26:37.045) [Visual Studio Host (11564):RoamingSettingsService] Disabling roaming settings.
        (26:37.099) [Visual Studio Host (11564):SettingsService] Setting Visual Studio option 'Environment\RoamingSettings\RoamingEnabled' to 'False'.
        (26:37.390) [Visual Studio Host (11564):TextEditorDocumentWindowTestExtension] Showing window 'HtmlPage.html' without activating the window.
        (26:37.487) [Visual Studio Host (11564):TextEditorDocumentWindowTestExtension] Showing window 'HtmlPage.html'.
        (26:37.575) [Visual Studio Host (11564):VisualStudioTextEditorTestExtension] Setting keyboard focus to editor 'HtmlPage.html'.
        (26:37.642) [Visual Studio Host (11564):MainWindowService] Activating main window to bring it to the foreground.
        (26:37.717) [Visual Studio Host (11564):MainWindowService] Setting main window state to 'Maximized'.
    (26:37.890) [Visual Studio Host (11564):TextEditorDocumentWindowTestExtension] Showing window 'HtmlPage.html' without activating the window.
    (26:37.968) [Visual Studio Host (11564):TextEditorDocumentWindowTestExtension] Showing window 'HtmlPage.html'.
    (26:38.075) [Visual Studio Host (11564):VisualStudioCaretTestExtension] Moving the caret to '&lt;body&gt;' at (Ln: 6, Ch: 5) based on a regular expression.  Expression = "&lt;body&gt;" [group index '0', match index '1', options 'Singleline, CultureInvariant']
    (26:38.708) [Visual Studio Host (11564):VisualStudioCaretTestExtension] Moving the caret from (Ln: 6, Ch: 5) down '1' lines
    (26:39.409) [Visual Studio Host (11564):VisualStudioTextEditorTestExtension] Setting keyboard focus to editor 'HtmlPage.html'.
    (26:39.998) [Visual Studio Host (11564):VisualStudioCaretTestExtension] Moving the caret from (Ln: 7, Ch: 5) to the end of the line
    (26:40.055) [Visual Studio Host (11564):VisualStudioTextEditorTestExtension] Setting keyboard focus to editor 'HtmlPage.html'.
    (26:40.112) [Visual Studio Host (11564):VisualStudioTextEditingActions] Inserting text: 'foo' at the current caret position: '(Ln: 7, Ch: 9)'
    (26:40.190) [Visual Studio Host (11564):VisualStudioSelectionTestExtension] Selects the current word.
    (26:40.312) [Visual Studio Host (11564):VisualStudioIntellisenseService] Invoking surround with snippet for selection from '(Ln: 7, Ch: 9)' to '(Ln: 7, Ch: 12).
    VerificationPass: (26:40.452) [Visual Studio Host (11564):VisualStudioIntellisenseVerifier] Verification passed: Snippet picker is present within a timeout of 00:00:10.
    (26:40.597) [Visual Studio Host (11564):VisualStudioCompletionListTestExtension] Retrieved '2' completion items.
    (26:40.661) [Visual Studio Host (11564):VisualStudioCompletionListTestExtension] Selecting completion item 'HTML'.
    (26:40.719) [Visual Studio Host (11564):VisualStudioCompletionListTestExtension] Committing 'HTML' completion item.
    (26:40.875) [Visual Studio Host (11564):VisualStudioSnippetPickerTestExtension] Committing 'dd' completion item.
    VerificationPass: (26:41.084) [Visual Studio Host (11564):VisualStudioTextEditorVerifier] Verification passed: The editor was expected to contain the text '        &lt;dl&gt;
            &lt;dt&gt;foo&lt;/dt&gt;
            &lt;dd&gt;&lt;/dd&gt;
        &lt;/dl&gt;'
    Warning: (26:41.175) [Visual Studio Host (11564):VisualStudioIntellisenseService] No completion session provided to create a test extension.
    VerificationPass: (26:41.257) [Visual Studio Host (11564):VisualStudioIntellisenseVerifier] Verification passed: Snippet picker is not present within a timeout of 00:00:10.
    + ExternalProcessHostTest TestCleanup
        (26:41.396) [Visual Studio Host (11564):TextEditorDocumentWindowTestExtension] Closing window 'HtmlPage.html'.
        (26:41.572) [Platform:Testcase] Test 'VSTest_InsertSnippetViaSurroundWith' has 'Passed' outcome. Therefore, Apex will not shut down the 'Visual Studio Host (11564)' with process ID '11564'. A subsequent test scenario will run on the same instance of the host.
    + Final Test Result Verification
        (26:41.804) [Platform:DelayedAssertionVerifierSink] Verification Success: 0 verification steps failed.
    + ApexTest TestCleanup</StdOut>
      </Output>
      <ResultFiles>
        <ResultFile path="WNVM19648\Fail.azqsczivabnm.png" />
        <ResultFile path="WNVM19648\Fail.ig2gsfz5ad1y.png" />
        <ResultFile path="WNVM19648\Fail.o5zf0zepaw0l.png" />
        <ResultFile path="WNVM19648\OmniLog.html" />
        <ResultFile path="WNVM19648\OmniLogRawXml.xml" />
      </ResultFiles>
    </UnitTestResult>
    <UnitTestResult executionId="ad7a08dd-71f0-44e5-9d10-feb7b940e1b5" testId="01ee32c0-35ce-c9c6-c884-a9e31d0e2949" testName="VSTest_RazorV4CsFormatArtifactsAfterPartialParse" computerName="WNVM19648" duration="00:00:07.6261074" startTime="2018-04-17T01:03:31.7227337-07:00" endTime="2018-04-17T01:03:39.3488411-07:00" testType="13cdc9d9-ddb5-4fa4-a97d-d965ccfc6d4b" outcome="Passed" testListId="8c84fa94-04c1-424b-9868-57a2d4851a1d" relativeResultsDirectory="ad7a08dd-71f0-44e5-9d10-feb7b940e1b5">
      <Output>
        <StdOut>+ CSharpFormattingTests::VSTest_RazorV4CsFormatArtifactsAfterPartialParse
    + ApexTest TestInitialize
    + ExternalProcessHostTest TestInitialize
        (01:05:13.412) [Visual Studio Host (4384):RoamingSettingsService] Disabling roaming settings.
        (01:05:13.534) [Visual Studio Host (4384):SettingsService] Setting Visual Studio option 'Environment\RoamingSettings\RoamingEnabled' to 'False'.
        (01:05:13.877) [Visual Studio Host (4384):TextEditorDocumentWindowTestExtension] Showing window 'FormatArtifactsAfterPartialParse.cshtml' without activating the window.
        (01:05:14.049) [Visual Studio Host (4384):TextEditorDocumentWindowTestExtension] Showing window 'FormatArtifactsAfterPartialParse.cshtml'.
        (01:05:14.182) [Visual Studio Host (4384):VisualStudioTextEditorTestExtension] Setting keyboard focus to editor 'FormatArtifactsAfterPartialParse.cshtml'.
        (01:05:14.309) [Visual Studio Host (4384):MainWindowService] Activating main window to bring it to the foreground.
        (01:05:14.478) [Visual Studio Host (4384):MainWindowService] Setting main window state to 'Maximized'.
    (01:05:14.754) [Visual Studio Host (4384):TextEditorDocumentWindowTestExtension] Showing window 'FormatArtifactsAfterPartialParse.cshtml' without activating the window.
    (01:05:14.884) [Visual Studio Host (4384):TextEditorDocumentWindowTestExtension] Showing window 'FormatArtifactsAfterPartialParse.cshtml'.
    (01:05:15.034) [Visual Studio Host (4384):VisualStudioCaretTestExtension] Moving the caret from (Ln: 1, Ch: 1) to (Ln: 1, Ch: 13)
    (01:05:15.312) [Visual Studio Host (4384):TextEditorDocumentWindowTestExtension] Showing window 'FormatArtifactsAfterPartialParse.cshtml' without activating the window.
    (01:05:15.452) [Visual Studio Host (4384):TextEditorDocumentWindowTestExtension] Showing window 'FormatArtifactsAfterPartialParse.cshtml'.
    (01:05:15.631) [Visual Studio Host (4384):TextEditorDocumentWindowTestExtension] Showing window 'FormatArtifactsAfterPartialParse.cshtml' without activating the window.
    (01:05:15.795) [Visual Studio Host (4384):TextEditorDocumentWindowTestExtension] Showing window 'FormatArtifactsAfterPartialParse.cshtml'.
    (01:05:16.049) [Visual Studio Host (4384):TextEditorDocumentWindowTestExtension] Showing window 'FormatArtifactsAfterPartialParse.cshtml' without activating the window.
    (01:05:16.276) [Visual Studio Host (4384):TextEditorDocumentWindowTestExtension] Showing window 'FormatArtifactsAfterPartialParse.cshtml'.
    (01:05:16.433) [Visual Studio Host (4384):VisualStudioCaretTestExtension] Moving the caret from (Ln: 1, Ch: 15) to (Ln: 1, Ch: 6)
    (01:05:16.585) [Visual Studio Host (4384):TextEditorDocumentWindowTestExtension] Showing window 'FormatArtifactsAfterPartialParse.cshtml'.
    (01:05:16.723) [Visual Studio Host (4384):VisualStudioCaretTestExtension] Moving the caret and selecting from (Ln: 1, Ch: 6) right '4' characters
    (01:05:16.854) [Visual Studio Host (4384):VisualStudioTextEditorTestExtension] Setting keyboard focus to editor 'FormatArtifactsAfterPartialParse.cshtml'.
    (01:05:17.027) [Visual Studio Host (4384):TextEditorDocumentWindowTestExtension] Showing window 'FormatArtifactsAfterPartialParse.cshtml' without activating the window.
    (01:05:17.175) [Visual Studio Host (4384):TextEditorDocumentWindowTestExtension] Showing window 'FormatArtifactsAfterPartialParse.cshtml'.
    (01:05:17.322) [Visual Studio Host (4384):VisualStudioCaretTestExtension] Moving the caret from (Ln: 1, Ch: 10) to (Ln: 1, Ch: 1)
    (01:05:17.473) [Visual Studio Host (4384):TextEditorDocumentWindowTestExtension] Showing window 'FormatArtifactsAfterPartialParse.cshtml'.
    (01:05:17.627) [Visual Studio Host (4384):VisualStudioCaretTestExtension] Moving the caret and selecting from (Ln: 1, Ch: 1) right '14' characters
    (01:05:17.775) [Visual Studio Host (4384):VisualStudioTextEditorTestExtension] Setting keyboard focus to editor 'FormatArtifactsAfterPartialParse.cshtml'.
    (01:05:17.967) [Visual Studio Host (4384):TextEditorDocumentWindowTestExtension] Showing window 'FormatArtifactsAfterPartialParse.cshtml' without activating the window.
    (01:05:18.139) [Visual Studio Host (4384):TextEditorDocumentWindowTestExtension] Showing window 'FormatArtifactsAfterPartialParse.cshtml'.
    (01:05:18.320) [Visual Studio Host (4384):TextEditorDocumentWindowTestExtension] Showing window 'FormatArtifactsAfterPartialParse.cshtml' without activating the window.
    (01:05:18.495) [Visual Studio Host (4384):TextEditorDocumentWindowTestExtension] Showing window 'FormatArtifactsAfterPartialParse.cshtml'.
    (01:05:18.655) [Visual Studio Host (4384):TextEditorDocumentWindowTestExtension] Showing window 'FormatArtifactsAfterPartialParse.cshtml' without activating the window.
    (01:05:18.798) [Visual Studio Host (4384):TextEditorDocumentWindowTestExtension] Showing window 'FormatArtifactsAfterPartialParse.cshtml'.
    + ExternalProcessHostTest TestCleanup
        (01:05:19.077) [Visual Studio Host (4384):TextEditorDocumentWindowTestExtension] Closing window 'FormatArtifactsAfterPartialParse.cshtml'.
        (01:05:19.294) [Platform:Testcase] Test 'VSTest_RazorV4CsFormatArtifactsAfterPartialParse' has 'Passed' outcome. Therefore, Apex will not shut down the 'Visual Studio Host (4384)' with process ID '4384'. A subsequent test scenario will run on the same instance of the host.
    + Final Test Result Verification
        (01:05:19.728) [Platform:DelayedAssertionVerifierSink] Verification Success: 0 verification steps failed.
    + ApexTest TestCleanup</StdOut>
      </Output>
      <ResultFiles>
        <ResultFile path="WNVM19648\Fail.azqsczivabnm.png" />
        <ResultFile path="WNVM19648\Fail.ig2gsfz5ad1y.png" />
        <ResultFile path="WNVM19648\Fail.o5zf0zepaw0l.png" />
        <ResultFile path="WNVM19648\Fail.raasvsmeanc1.png" />
        <ResultFile path="WNVM19648\Fail.t4yj0fxuatil.png" />
        <ResultFile path="WNVM19648\Fail.z10rn0n5ajdm.png" />
        <ResultFile path="WNVM19648\OmniLog.html" />
        <ResultFile path="WNVM19648\OmniLogRawXml.xml" />
      </ResultFiles>
    </UnitTestResult>
    <UnitTestResult executionId="573d3c4e-5326-4865-a7bb-a32e3279b302" testId="b3a1798b-3959-e297-e6d1-fe9dbbe78f81" testName="VSTest_RazorV4CshtmlSurroundSnippet" computerName="WNVM19648" duration="00:00:11.1885560" startTime="2018-04-17T01:08:07.2914221-07:00" endTime="2018-04-17T01:08:18.4799781-07:00" testType="13cdc9d9-ddb5-4fa4-a97d-d965ccfc6d4b" outcome="Passed" testListId="8c84fa94-04c1-424b-9868-57a2d4851a1d" relativeResultsDirectory="573d3c4e-5326-4865-a7bb-a32e3279b302">
      <Output>
        <StdOut>+ CSharpGeneralTests::VSTest_RazorV4CshtmlSurroundSnippet
    + ApexTest TestInitialize
    + ExternalProcessHostTest TestInitialize
        (01:09:49.086) [Visual Studio Host (4384):RoamingSettingsService] Disabling roaming settings.
        (01:09:49.238) [Visual Studio Host (4384):SettingsService] Setting Visual Studio option 'Environment\RoamingSettings\RoamingEnabled' to 'False'.
        (01:09:49.662) [Visual Studio Host (4384):TextEditorDocumentWindowTestExtension] Showing window 'singleline.cshtml' without activating the window.
        (01:09:49.919) [Visual Studio Host (4384):TextEditorDocumentWindowTestExtension] Showing window 'singleline.cshtml'.
        (01:09:50.118) [Visual Studio Host (4384):VisualStudioTextEditorTestExtension] Setting keyboard focus to editor 'singleline.cshtml'.
        (01:09:50.294) [Visual Studio Host (4384):MainWindowService] Activating main window to bring it to the foreground.
        (01:09:50.481) [Visual Studio Host (4384):MainWindowService] Setting main window state to 'Maximized'.
    (01:09:50.822) [Visual Studio Host (4384):TextEditorDocumentWindowTestExtension] Showing window 'singleline.cshtml' without activating the window.
    (01:09:50.953) [Visual Studio Host (4384):TextEditorDocumentWindowTestExtension] Showing window 'singleline.cshtml'.
    (01:09:51.130) [Visual Studio Host (4384):VisualStudioCaretTestExtension] Moving the caret from (Ln: 1, Ch: 1) to the end of the line
    (01:09:51.283) [Visual Studio Host (4384):VisualStudioTextEditorTestExtension] Setting keyboard focus to editor 'singleline.cshtml'.
    (01:09:51.460) [Visual Studio Host (4384):VisualStudioCaretTestExtension] Moving the caret and selecting from (Ln: 1, Ch: 12) to the beginning of the line
    (01:09:51.623) [Visual Studio Host (4384):VisualStudioTextEditorTestExtension] Setting keyboard focus to editor 'singleline.cshtml'.
    (01:09:51.795) [Visual Studio Host (4384):VisualStudioIntellisenseService] Invoking surround with snippet for selection from '(Ln: 1, Ch: 1)' to '(Ln: 1, Ch: 12).
    VerificationPass: (01:09:52.006) [Visual Studio Host (4384):VisualStudioIntellisenseVerifier] Verification passed: Snippet picker is present within a timeout of 00:00:10.
    (01:09:52.215) [Visual Studio Host (4384):VisualStudioCompletionListTestExtension] Retrieved '2' completion items.
    (01:09:52.371) [Visual Studio Host (4384):VisualStudioCompletionListTestExtension] Selecting completion item 'HTML'.
    (01:09:52.559) [Visual Studio Host (4384):VisualStudioCompletionListTestExtension] Committing 'HTML' completion item.
    (01:09:52.824) [Visual Studio Host (4384):VisualStudioSnippetPickerTestExtension] Committing 'a' completion item.
    VerificationPass: (01:09:53.165) [Visual Studio Host (4384):VisualStudioTextEditorVerifier] Verification passed: The editor was expected to contain the text '&lt;a href="#"&gt;@if (true) { }&lt;/a&gt;'
    + ExternalProcessHostTest TestCleanup
        (01:09:55.425) [Visual Studio Host (4384):TextEditorDocumentWindowTestExtension] Closing window 'singleline.cshtml'.
        (01:09:56.775) [Platform:Testcase] Test 'VSTest_RazorV4CshtmlSurroundSnippet' has 'Passed' outcome. Therefore, Apex will not shut down the 'Visual Studio Host (4384)' with process ID '4384'. A subsequent test scenario will run on the same instance of the host.
    + Final Test Result Verification
        (01:09:58.740) [Platform:DelayedAssertionVerifierSink] Verification Success: 0 verification steps failed.
    + ApexTest TestCleanup</StdOut>
      </Output>
      <ResultFiles>
        <ResultFile path="WNVM19648\Fail.azqsczivabnm.png" />
        <ResultFile path="WNVM19648\Fail.ig2gsfz5ad1y.png" />
        <ResultFile path="WNVM19648\Fail.o5zf0zepaw0l.png" />
        <ResultFile path="WNVM19648\Fail.raasvsmeanc1.png" />
        <ResultFile path="WNVM19648\Fail.t4yj0fxuatil.png" />
        <ResultFile path="WNVM19648\Fail.z10rn0n5ajdm.png" />
        <ResultFile path="WNVM19648\OmniLog.html" />
        <ResultFile path="WNVM19648\OmniLogRawXml.xml" />
      </ResultFiles>
    </UnitTestResult>
    <UnitTestResult executionId="ab875208-20fc-445d-8c81-4f7aa2e4a95b" testId="519dae14-c9bb-6e37-9c24-2d8ad58da158" testName="VSTest_Completion_TemplateBlockIntelliSense" computerName="WNVM19648" duration="00:00:20.1894684" startTime="2018-04-17T00:16:11.9461113-07:00" endTime="2018-04-17T00:16:32.1355797-07:00" testType="13cdc9d9-ddb5-4fa4-a97d-d965ccfc6d4b" outcome="Passed" testListId="8c84fa94-04c1-424b-9868-57a2d4851a1d" relativeResultsDirectory="ab875208-20fc-445d-8c81-4f7aa2e4a95b">
      <Output>
        <StdOut>+ CompletionTests::VSTest_Completion_TemplateBlockIntelliSense
    + ApexTest TestInitialize
    + ExternalProcessHostTest TestInitialize
        (17:53.567) [Visual Studio Host (6956):RoamingSettingsService] Disabling roaming settings.
        (17:53.634) [Visual Studio Host (6956):SettingsService] Setting Visual Studio option 'Environment\RoamingSettings\RoamingEnabled' to 'False'.
        (17:54.057) [Visual Studio Host (6956):TextEditorDocumentWindowTestExtension] Showing window 'ScriptBlocks.html' without activating the window.
        (17:54.190) [Visual Studio Host (6956):TextEditorDocumentWindowTestExtension] Showing window 'ScriptBlocks.html'.
        (17:54.276) [Visual Studio Host (6956):VisualStudioTextEditorTestExtension] Setting keyboard focus to editor 'ScriptBlocks.html'.
        (17:54.358) [Visual Studio Host (6956):MainWindowService] Activating main window to bring it to the foreground.
        (17:54.444) [Visual Studio Host (6956):MainWindowService] Setting main window state to 'Maximized'.
    (18:04.602) [Visual Studio Host (6956):TextEditorDocumentWindowTestExtension] Showing window 'ScriptBlocks.html' without activating the window.
    (18:04.670) [Visual Studio Host (6956):TextEditorDocumentWindowTestExtension] Showing window 'ScriptBlocks.html'.
    (18:04.747) [Visual Studio Host (6956):VisualStudioCaretTestExtension] Moving the caret from (Ln: 1, Ch: 1) to (Ln: 9, Ch: 1)
    (18:04.805) [Visual Studio Host (6956):TextEditorDocumentWindowTestExtension] Showing window 'ScriptBlocks.html' without activating the window.
    (18:04.871) [Visual Studio Host (6956):TextEditorDocumentWindowTestExtension] Showing window 'ScriptBlocks.html'.
    (18:04.952) [Visual Studio Host (6956):VisualStudioIntellisenseService] Did not find an active completion session. Please use Verify.IsCompletionListPresent() to make sure that the list is present before requesting the completion session.
    Warning: (18:05.001) [Visual Studio Host (6956):VisualStudioIntellisenseService] No active completion sessions were found for editor 'ScriptBlocks.html'.
    (18:05.058) [Visual Studio Host (6956):VisualStudioIntellisenseService] Invoking Completion member list at '(Ln: 9, Ch: 1)'.
    (18:05.142) [Visual Studio Host (6956):VisualStudioIntellisenseService] Getting the active completion at position '(Ln: 9, Ch: 1)'.
    (18:05.296) [Visual Studio Host (6956):VisualStudioCompletionListTestExtension] Found completion item with name 
    (18:05.411) [Visual Studio Host (6956):TextEditorDocumentWindowTestExtension] Showing window 'ScriptBlocks.html' without activating the window.
    (18:05.501) [Visual Studio Host (6956):TextEditorDocumentWindowTestExtension] Showing window 'ScriptBlocks.html'.
    (18:05.592) [Visual Studio Host (6956):VisualStudioCaretTestExtension] Moving the caret from (Ln: 9, Ch: 1) to (Ln: 12, Ch: 1)
    (18:05.694) [Visual Studio Host (6956):TextEditorDocumentWindowTestExtension] Showing window 'ScriptBlocks.html' without activating the window.
    (18:05.769) [Visual Studio Host (6956):TextEditorDocumentWindowTestExtension] Showing window 'ScriptBlocks.html'.
    (18:05.842) [Visual Studio Host (6956):VisualStudioIntellisenseService] Did not find an active completion session. Please use Verify.IsCompletionListPresent() to make sure that the list is present before requesting the completion session.
    Warning: (18:05.906) [Visual Studio Host (6956):VisualStudioIntellisenseService] No active completion sessions were found for editor 'ScriptBlocks.html'.
    (18:05.990) [Visual Studio Host (6956):VisualStudioIntellisenseService] Invoking Completion member list at '(Ln: 12, Ch: 1)'.
    (18:06.081) [Visual Studio Host (6956):VisualStudioIntellisenseService] Getting the active completion at position '(Ln: 12, Ch: 1)'.
    (18:06.166) [Visual Studio Host (6956):VisualStudioCompletionListTestExtension] Found completion item with name 
    (18:06.253) [Visual Studio Host (6956):TextEditorDocumentWindowTestExtension] Showing window 'ScriptBlocks.html' without activating the window.
    (18:06.328) [Visual Studio Host (6956):TextEditorDocumentWindowTestExtension] Showing window 'ScriptBlocks.html'.
    (18:06.402) [Visual Studio Host (6956):VisualStudioCaretTestExtension] Moving the caret from (Ln: 12, Ch: 1) to (Ln: 15, Ch: 1)
    (18:06.500) [Visual Studio Host (6956):TextEditorDocumentWindowTestExtension] Showing window 'ScriptBlocks.html' without activating the window.
    (18:06.575) [Visual Studio Host (6956):TextEditorDocumentWindowTestExtension] Showing window 'ScriptBlocks.html'.
    (18:06.658) [Visual Studio Host (6956):VisualStudioIntellisenseService] Did not find an active completion session. Please use Verify.IsCompletionListPresent() to make sure that the list is present before requesting the completion session.
    Warning: (18:06.722) [Visual Studio Host (6956):VisualStudioIntellisenseService] No active completion sessions were found for editor 'ScriptBlocks.html'.
    (18:06.784) [Visual Studio Host (6956):VisualStudioIntellisenseService] Invoking Completion member list at '(Ln: 15, Ch: 1)'.
    (18:06.865) [Visual Studio Host (6956):VisualStudioIntellisenseService] Getting the active completion at position '(Ln: 15, Ch: 1)'.
    (18:06.957) [Visual Studio Host (6956):VisualStudioCompletionListTestExtension] Found completion item with name 
    (18:07.039) [Visual Studio Host (6956):TextEditorDocumentWindowTestExtension] Showing window 'ScriptBlocks.html' without activating the window.
    (18:07.141) [Visual Studio Host (6956):TextEditorDocumentWindowTestExtension] Showing window 'ScriptBlocks.html'.
    (18:07.224) [Visual Studio Host (6956):VisualStudioCaretTestExtension] Moving the caret from (Ln: 15, Ch: 1) to (Ln: 18, Ch: 1)
    (18:07.322) [Visual Studio Host (6956):TextEditorDocumentWindowTestExtension] Showing window 'ScriptBlocks.html' without activating the window.
    (18:07.379) [Visual Studio Host (6956):TextEditorDocumentWindowTestExtension] Showing window 'ScriptBlocks.html'.
    (18:07.452) [Visual Studio Host (6956):VisualStudioIntellisenseService] Did not find an active completion session. Please use Verify.IsCompletionListPresent() to make sure that the list is present before requesting the completion session.
    Warning: (18:07.504) [Visual Studio Host (6956):VisualStudioIntellisenseService] No active completion sessions were found for editor 'ScriptBlocks.html'.
    (18:07.565) [Visual Studio Host (6956):VisualStudioIntellisenseService] Invoking Completion member list at '(Ln: 18, Ch: 1)'.
    (18:07.664) [Visual Studio Host (6956):VisualStudioIntellisenseService] Getting the active completion at position '(Ln: 18, Ch: 1)'.
    (18:07.740) [Visual Studio Host (6956):VisualStudioCompletionListTestExtension] Found completion item with name 
    (18:07.839) [Visual Studio Host (6956):TextEditorDocumentWindowTestExtension] Showing window 'ScriptBlocks.html' without activating the window.
    (18:07.924) [Visual Studio Host (6956):TextEditorDocumentWindowTestExtension] Showing window 'ScriptBlocks.html'.
    (18:07.997) [Visual Studio Host (6956):VisualStudioCaretTestExtension] Moving the caret from (Ln: 18, Ch: 1) to (Ln: 21, Ch: 1)
    (18:08.067) [Visual Studio Host (6956):TextEditorDocumentWindowTestExtension] Showing window 'ScriptBlocks.html' without activating the window.
    (18:08.121) [Visual Studio Host (6956):TextEditorDocumentWindowTestExtension] Showing window 'ScriptBlocks.html'.
    (18:08.200) [Visual Studio Host (6956):VisualStudioIntellisenseService] Did not find an active completion session. Please use Verify.IsCompletionListPresent() to make sure that the list is present before requesting the completion session.
    Warning: (18:08.244) [Visual Studio Host (6956):VisualStudioIntellisenseService] No active completion sessions were found for editor 'ScriptBlocks.html'.
    (18:08.287) [Visual Studio Host (6956):VisualStudioIntellisenseService] Invoking Completion member list at '(Ln: 21, Ch: 1)'.
    (18:08.357) [Visual Studio Host (6956):VisualStudioIntellisenseService] Getting the active completion at position '(Ln: 21, Ch: 1)'.
    (18:08.438) [Visual Studio Host (6956):VisualStudioCompletionListTestExtension] Found completion item with name 
    (18:08.501) [Visual Studio Host (6956):TextEditorDocumentWindowTestExtension] Showing window 'ScriptBlocks.html' without activating the window.
    (18:08.572) [Visual Studio Host (6956):TextEditorDocumentWindowTestExtension] Showing window 'ScriptBlocks.html'.
    (18:08.645) [Visual Studio Host (6956):VisualStudioCaretTestExtension] Moving the caret from (Ln: 21, Ch: 1) to (Ln: 24, Ch: 1)
    (18:08.723) [Visual Studio Host (6956):TextEditorDocumentWindowTestExtension] Showing window 'ScriptBlocks.html' without activating the window.
    (18:08.798) [Visual Studio Host (6956):TextEditorDocumentWindowTestExtension] Showing window 'ScriptBlocks.html'.
    (18:08.873) [Visual Studio Host (6956):VisualStudioIntellisenseService] Did not find an active completion session. Please use Verify.IsCompletionListPresent() to make sure that the list is present before requesting the completion session.
    Warning: (18:08.950) [Visual Studio Host (6956):VisualStudioIntellisenseService] No active completion sessions were found for editor 'ScriptBlocks.html'.
    (18:09.028) [Visual Studio Host (6956):VisualStudioIntellisenseService] Invoking Completion member list at '(Ln: 24, Ch: 1)'.
    (18:09.098) [Visual Studio Host (6956):VisualStudioIntellisenseService] Getting the active completion at position '(Ln: 24, Ch: 1)'.
    (18:09.170) [Visual Studio Host (6956):VisualStudioCompletionListTestExtension] Found completion item with name 
    (18:09.224) [Visual Studio Host (6956):TextEditorDocumentWindowTestExtension] Showing window 'ScriptBlocks.html' without activating the window.
    (18:09.305) [Visual Studio Host (6956):TextEditorDocumentWindowTestExtension] Showing window 'ScriptBlocks.html'.
    (18:09.364) [Visual Studio Host (6956):VisualStudioCaretTestExtension] Moving the caret from (Ln: 24, Ch: 1) to (Ln: 27, Ch: 1)
    (18:09.460) [Visual Studio Host (6956):TextEditorDocumentWindowTestExtension] Showing window 'ScriptBlocks.html' without activating the window.
    (18:09.517) [Visual Studio Host (6956):TextEditorDocumentWindowTestExtension] Showing window 'ScriptBlocks.html'.
    (18:09.588) [Visual Studio Host (6956):VisualStudioIntellisenseService] Did not find an active completion session. Please use Verify.IsCompletionListPresent() to make sure that the list is present before requesting the completion session.
    Warning: (18:09.652) [Visual Studio Host (6956):VisualStudioIntellisenseService] No active completion sessions were found for editor 'ScriptBlocks.html'.
    (18:09.718) [Visual Studio Host (6956):VisualStudioIntellisenseService] Invoking Completion member list at '(Ln: 27, Ch: 1)'.
    (18:09.789) [Visual Studio Host (6956):VisualStudioIntellisenseService] Getting the active completion at position '(Ln: 27, Ch: 1)'.
    (18:09.888) [Visual Studio Host (6956):VisualStudioCompletionListTestExtension] Found completion item with name 
    (18:09.957) [Visual Studio Host (6956):TextEditorDocumentWindowTestExtension] Showing window 'ScriptBlocks.html' without activating the window.
    (18:10.049) [Visual Studio Host (6956):TextEditorDocumentWindowTestExtension] Showing window 'ScriptBlocks.html'.
    (18:10.142) [Visual Studio Host (6956):VisualStudioCaretTestExtension] Moving the caret from (Ln: 27, Ch: 1) to (Ln: 30, Ch: 1)
    (18:10.247) [Visual Studio Host (6956):TextEditorDocumentWindowTestExtension] Showing window 'ScriptBlocks.html' without activating the window.
    (18:10.311) [Visual Studio Host (6956):TextEditorDocumentWindowTestExtension] Showing window 'ScriptBlocks.html'.
    (18:10.389) [Visual Studio Host (6956):VisualStudioIntellisenseService] Did not find an active completion session. Please use Verify.IsCompletionListPresent() to make sure that the list is present before requesting the completion session.
    Warning: (18:10.444) [Visual Studio Host (6956):VisualStudioIntellisenseService] No active completion sessions were found for editor 'ScriptBlocks.html'.
    (18:10.512) [Visual Studio Host (6956):VisualStudioIntellisenseService] Invoking Completion member list at '(Ln: 30, Ch: 1)'.
    (18:10.572) [Visual Studio Host (6956):VisualStudioIntellisenseService] Did not find an active completion session. Please use Verify.IsCompletionListPresent() to make sure that the list is present before requesting the completion session.
    (18:10.845) [Visual Studio Host (6956):VisualStudioIntellisenseService] Did not find an active completion session. Please use Verify.IsCompletionListPresent() to make sure that the list is present before requesting the completion session.
    (18:11.191) [Visual Studio Host (6956):VisualStudioIntellisenseService] Getting the active completion at position '(Ln: 30, Ch: 1)'.
    (18:11.307) [Visual Studio Host (6956):VisualStudioCompletionListTestExtension] Found completion item with name 
    (18:11.378) [Visual Studio Host (6956):TextEditorDocumentWindowTestExtension] Showing window 'ScriptBlocks.html' without activating the window.
    (18:11.425) [Visual Studio Host (6956):TextEditorDocumentWindowTestExtension] Showing window 'ScriptBlocks.html'.
    (18:11.505) [Visual Studio Host (6956):VisualStudioCaretTestExtension] Moving the caret from (Ln: 30, Ch: 1) to (Ln: 33, Ch: 1)
    (18:11.553) [Visual Studio Host (6956):TextEditorDocumentWindowTestExtension] Showing window 'ScriptBlocks.html' without activating the window.
    (18:11.612) [Visual Studio Host (6956):TextEditorDocumentWindowTestExtension] Showing window 'ScriptBlocks.html'.
    (18:11.670) [Visual Studio Host (6956):VisualStudioIntellisenseService] Did not find an active completion session. Please use Verify.IsCompletionListPresent() to make sure that the list is present before requesting the completion session.
    Warning: (18:11.712) [Visual Studio Host (6956):VisualStudioIntellisenseService] No active completion sessions were found for editor 'ScriptBlocks.html'.
    (18:11.767) [Visual Studio Host (6956):VisualStudioIntellisenseService] Invoking Completion member list at '(Ln: 33, Ch: 1)'.
    (18:11.841) [Visual Studio Host (6956):VisualStudioIntellisenseService] Did not find an active completion session. Please use Verify.IsCompletionListPresent() to make sure that the list is present before requesting the completion session.
    (18:12.128) [Visual Studio Host (6956):VisualStudioIntellisenseService] Getting the active completion at position '(Ln: 33, Ch: 1)'.
    (18:12.192) [Visual Studio Host (6956):VisualStudioCompletionListTestExtension] Found completion item with name 
    + ExternalProcessHostTest TestCleanup
        (18:12.315) [Visual Studio Host (6956):TextEditorDocumentWindowTestExtension] Closing window 'ScriptBlocks.html'.
        (18:12.619) [Platform:Testcase] Test 'VSTest_Completion_TemplateBlockIntelliSense' has 'Passed' outcome. Therefore, Apex will not shut down the 'Visual Studio Host (6956)' with process ID '6956'. A subsequent test scenario will run on the same instance of the host.
    + Final Test Result Verification
        (18:12.893) [Platform:DelayedAssertionVerifierSink] Verification Success: 0 verification steps failed.
    + ApexTest TestCleanup</StdOut>
      </Output>
      <ResultFiles>
        <ResultFile path="WNVM19648\Fail.azqsczivabnm.png" />
        <ResultFile path="WNVM19648\Fail.ig2gsfz5ad1y.png" />
        <ResultFile path="WNVM19648\Fail.o5zf0zepaw0l.png" />
        <ResultFile path="WNVM19648\OmniLog.html" />
        <ResultFile path="WNVM19648\OmniLogRawXml.xml" />
      </ResultFiles>
    </UnitTestResult>
    <UnitTestResult executionId="b0f564e8-b465-459f-98b1-cca88868c72c" testId="724a7a49-1c97-6ee6-9520-9953dd8b8e47" testName="VSTest_RazorVb_FormatDocument_WithKeepTabsOption" computerName="WNVM19648" duration="00:00:05.7810088" startTime="2018-04-17T01:01:32.5362906-07:00" endTime="2018-04-17T01:01:38.3172994-07:00" testType="13cdc9d9-ddb5-4fa4-a97d-d965ccfc6d4b" outcome="Passed" testListId="8c84fa94-04c1-424b-9868-57a2d4851a1d" relativeResultsDirectory="b0f564e8-b465-459f-98b1-cca88868c72c">
      <Output>
        <StdOut>+ VBFormattingTests::VSTest_RazorVb_FormatDocument_WithKeepTabsOption
    + ApexTest TestInitialize
    + ExternalProcessHostTest TestInitialize
        (01:03:14.249) [Visual Studio Host (4384):RoamingSettingsService] Disabling roaming settings.
        (01:03:14.441) [Visual Studio Host (4384):SettingsService] Setting Visual Studio option 'Environment\RoamingSettings\RoamingEnabled' to 'False'.
        (01:03:14.942) [Visual Studio Host (4384):TextEditorDocumentWindowTestExtension] Showing window 'FormatVbDocument.vbhtml' without activating the window.
        (01:03:15.157) [Visual Studio Host (4384):TextEditorDocumentWindowTestExtension] Showing window 'FormatVbDocument.vbhtml'.
        (01:03:15.349) [Visual Studio Host (4384):VisualStudioTextEditorTestExtension] Setting keyboard focus to editor 'FormatVbDocument.vbhtml'.
        (01:03:15.496) [Visual Studio Host (4384):SettingsService] Getting value of Visual Studio Setting 'TextEditor\HTMLX\InsertTabs'. 
        (01:03:15.627) [Visual Studio Host (4384):SettingsService] Setting Visual Studio option 'TextEditor\HTMLX\InsertTabs' to 'True'.
        (01:03:15.771) [Visual Studio Host (4384):SettingsService] Getting value of Visual Studio Setting 'TextEditor\HTMLX\IndentSize'. 
        (01:03:15.937) [Visual Studio Host (4384):SettingsService] Setting Visual Studio option 'TextEditor\HTMLX\IndentSize' to '4'.
        (01:03:16.107) [Visual Studio Host (4384):MainWindowService] Activating main window to bring it to the foreground.
        (01:03:16.296) [Visual Studio Host (4384):MainWindowService] Setting main window state to 'Maximized'.
    (01:03:17.011) [Visual Studio Host (4384):TextEditorDocumentWindowTestExtension] Showing window 'FormatVbDocument.vbhtml' without activating the window.
    (01:03:17.194) [Visual Studio Host (4384):TextEditorDocumentWindowTestExtension] Showing window 'FormatVbDocument.vbhtml'.
    + ExternalProcessHostTest TestCleanup
        (01:03:17.508) [Visual Studio Host (4384):SettingsService] Setting Visual Studio option 'TextEditor\HTMLX\InsertTabs' to 'False'.
        (01:03:17.699) [Visual Studio Host (4384):SettingsService] Setting Visual Studio option 'TextEditor\HTMLX\IndentSize' to '4'.
        (01:03:17.945) [Visual Studio Host (4384):TextEditorDocumentWindowTestExtension] Closing window 'FormatVbDocument.vbhtml'.
        (01:03:18.247) [Platform:Testcase] Test 'VSTest_RazorVb_FormatDocument_WithKeepTabsOption' has 'Passed' outcome. Therefore, Apex will not shut down the 'Visual Studio Host (4384)' with process ID '4384'. A subsequent test scenario will run on the same instance of the host.
    + Final Test Result Verification
        (01:03:18.733) [Platform:DelayedAssertionVerifierSink] Verification Success: 0 verification steps failed.
    + ApexTest TestCleanup</StdOut>
      </Output>
      <ResultFiles>
        <ResultFile path="WNVM19648\Fail.azqsczivabnm.png" />
        <ResultFile path="WNVM19648\Fail.ig2gsfz5ad1y.png" />
        <ResultFile path="WNVM19648\Fail.o5zf0zepaw0l.png" />
        <ResultFile path="WNVM19648\Fail.raasvsmeanc1.png" />
        <ResultFile path="WNVM19648\Fail.t4yj0fxuatil.png" />
        <ResultFile path="WNVM19648\Fail.z10rn0n5ajdm.png" />
        <ResultFile path="WNVM19648\OmniLog.html" />
        <ResultFile path="WNVM19648\OmniLogRawXml.xml" />
      </ResultFiles>
    </UnitTestResult>
    <UnitTestResult executionId="71892821-e581-483c-b2ab-8c9bb3c63675" testId="ad4fe996-d026-2c7e-a816-6df18f74e5b2" testName="VSTest_Razor_Validate_Typing" computerName="WNVM19648" duration="00:00:13.5832913" startTime="2018-04-17T01:21:33.2691557-07:00" endTime="2018-04-17T01:21:46.8524470-07:00" testType="13cdc9d9-ddb5-4fa4-a97d-d965ccfc6d4b" outcome="Passed" testListId="8c84fa94-04c1-424b-9868-57a2d4851a1d" relativeResultsDirectory="71892821-e581-483c-b2ab-8c9bb3c63675">
      <Output>
        <StdOut>+ ValidationTests::VSTest_Razor_Validate_Typing
    + ApexTest TestInitialize
    + ExternalProcessHostTest TestInitialize
        (01:23:15.237) [Visual Studio Host (10528):RoamingSettingsService] Disabling roaming settings.
        (01:23:15.376) [Visual Studio Host (10528):SettingsService] Setting Visual Studio option 'Environment\RoamingSettings\RoamingEnabled' to 'False'.
        (01:23:15.767) [Visual Studio Host (10528):TextEditorDocumentWindowTestExtension] Showing window 'empty.cshtml' without activating the window.
        (01:23:15.956) [Visual Studio Host (10528):TextEditorDocumentWindowTestExtension] Showing window 'empty.cshtml'.
        (01:23:16.115) [Visual Studio Host (10528):VisualStudioTextEditorTestExtension] Setting keyboard focus to editor 'empty.cshtml'.
        (01:23:16.259) [Visual Studio Host (10528):MainWindowService] Activating main window to bring it to the foreground.
        (01:23:16.398) [Visual Studio Host (10528):MainWindowService] Setting main window state to 'Maximized'.
    (01:23:16.706) [Visual Studio Host (10528):TextEditorDocumentWindowTestExtension] Showing window 'empty.cshtml' without activating the window.
    (01:23:16.886) [Visual Studio Host (10528):TextEditorDocumentWindowTestExtension] Showing window 'empty.cshtml'.
    (01:23:17.080) [Visual Studio Host (10528):VisualStudioTextEditingActions] Inserting text combine CRLF as single return: '@' at the current caret position: '(Ln: 1, Ch: 1)'
    (01:23:17.276) [Visual Studio Host (10528):TextEditorDocumentWindowTestExtension] Showing window 'empty.cshtml' without activating the window.
    (01:23:17.550) [Visual Studio Host (10528):TextEditorDocumentWindowTestExtension] Showing window 'empty.cshtml'.
    (01:23:17.805) [Visual Studio Host (10528):ToolWindowTestExtension] Showing window 'Error List ...' without activating the window.
    (01:23:17.970) [Visual Studio Host (10528):ToolWindowTestExtension] Showing window 'Error List ...'.
    (01:23:18.243) [Visual Studio Host (10528):ToolWindowTestExtension] Showing window 'Error List ...' without activating the window.
    (01:23:18.405) [Visual Studio Host (10528):ErrorListService] Showing error list error items.
    (01:23:18.588) [Visual Studio Host (10528):ToolWindowTestExtension] Showing window 'Error List ...' without activating the window.
    (01:23:18.761) [Visual Studio Host (10528):ErrorListService] Showing error list message items.
    (01:23:18.932) [Visual Studio Host (10528):ToolWindowTestExtension] Showing window 'Error List ...' without activating the window.
    (01:23:19.130) [Visual Studio Host (10528):ErrorListService] Showing error list warning items.
    (01:23:21.345) [Visual Studio Host (10528):TextEditorDocumentWindowTestExtension] Showing window 'empty.cshtml' without activating the window.
    (01:23:21.494) [Visual Studio Host (10528):TextEditorDocumentWindowTestExtension] Showing window 'empty.cshtml'.
    (01:23:21.650) [Visual Studio Host (10528):TextEditorDocumentWindowTestExtension] Showing window 'empty.cshtml' without activating the window.
    (01:23:21.791) [Visual Studio Host (10528):TextEditorDocumentWindowTestExtension] Showing window 'empty.cshtml'.
    (01:23:21.998) [Visual Studio Host (10528):KeyboardCommands] Sending '1' spaces.
    (01:23:22.146) [Visual Studio Host (10528):TextEditorDocumentWindowTestExtension] Showing window 'empty.cshtml' without activating the window.
    (01:23:22.307) [Visual Studio Host (10528):TextEditorDocumentWindowTestExtension] Showing window 'empty.cshtml'.
    (01:23:22.460) [Visual Studio Host (10528):ToolWindowTestExtension] Showing window 'Error List ...' without activating the window.
    (01:23:22.629) [Visual Studio Host (10528):ErrorListService] Showing error list error items.
    (01:23:22.788) [Visual Studio Host (10528):ToolWindowTestExtension] Showing window 'Error List ...' without activating the window.
    (01:23:22.924) [Visual Studio Host (10528):ErrorListService] Showing error list message items.
    (01:23:23.058) [Visual Studio Host (10528):ToolWindowTestExtension] Showing window 'Error List ...' without activating the window.
    (01:23:23.191) [Visual Studio Host (10528):ErrorListService] Showing error list warning items.
    (01:23:26.150) [Visual Studio Host (10528):TextEditorDocumentWindowTestExtension] Showing window 'empty.cshtml' without activating the window.
    (01:23:26.292) [Visual Studio Host (10528):TextEditorDocumentWindowTestExtension] Showing window 'empty.cshtml'.
    + ExternalProcessHostTest TestCleanup
        (01:23:26.557) [Visual Studio Host (10528):TextEditorDocumentWindowTestExtension] Closing window 'empty.cshtml'.
        (01:23:26.777) [Platform:Testcase] Test 'VSTest_Razor_Validate_Typing' has 'Passed' outcome. Therefore, Apex will not shut down the 'Visual Studio Host (10528)' with process ID '10528'. A subsequent test scenario will run on the same instance of the host.
    + Final Test Result Verification
        (01:23:27.188) [Platform:DelayedAssertionVerifierSink] Verification Success: 0 verification steps failed.
    + ApexTest TestCleanup</StdOut>
      </Output>
      <ResultFiles>
        <ResultFile path="WNVM19648\Fail.aswak04hapa5.png" />
        <ResultFile path="WNVM19648\Fail.azqsczivabnm.png" />
        <ResultFile path="WNVM19648\Fail.byuslv5baqsd.png" />
        <ResultFile path="WNVM19648\Fail.ek4tb3wmalyl.png" />
        <ResultFile path="WNVM19648\Fail.ig2gsfz5ad1y.png" />
        <ResultFile path="WNVM19648\Fail.kxs1ersmaxma.png" />
        <ResultFile path="WNVM19648\Fail.loc0xhl5a2hr.png" />
        <ResultFile path="WNVM19648\Fail.o4kkrjboasbk.png" />
        <ResultFile path="WNVM19648\Fail.o5zf0zepaw0l.png" />
        <ResultFile path="WNVM19648\Fail.raasvsmeanc1.png" />
        <ResultFile path="WNVM19648\Fail.sidku4gxamg4.png" />
        <ResultFile path="WNVM19648\Fail.t4yj0fxuatil.png" />
        <ResultFile path="WNVM19648\Fail.z10rn0n5ajdm.png" />
        <ResultFile path="WNVM19648\OmniLog.html" />
        <ResultFile path="WNVM19648\OmniLogRawXml.xml" />
      </ResultFiles>
    </UnitTestResult>
    <UnitTestResult executionId="3cfac9b0-edbf-48fe-bd2d-acc7df48196e" testId="96f4a70f-187a-9eab-9f1a-254e0439acb4" testName="VSTest_RazorPasteTextInCshtml" computerName="WNVM19648" duration="00:00:04.6549921" startTime="2018-04-17T01:12:50.0597837-07:00" endTime="2018-04-17T01:12:54.7147758-07:00" testType="13cdc9d9-ddb5-4fa4-a97d-d965ccfc6d4b" outcome="Passed" testListId="8c84fa94-04c1-424b-9868-57a2d4851a1d" relativeResultsDirectory="3cfac9b0-edbf-48fe-bd2d-acc7df48196e">
      <Output>
        <StdOut>+ CSharpGeneralTests::VSTest_RazorPasteTextInCshtml
    + ApexTest TestInitialize
    + ExternalProcessHostTest TestInitialize
        (01:14:31.682) [Visual Studio Host (8016):RoamingSettingsService] Disabling roaming settings.
        (01:14:31.812) [Visual Studio Host (8016):SettingsService] Setting Visual Studio option 'Environment\RoamingSettings\RoamingEnabled' to 'False'.
        (01:14:32.169) [Visual Studio Host (8016):TextEditorDocumentWindowTestExtension] Showing window 'empty.cshtml' without activating the window.
        (01:14:32.334) [Visual Studio Host (8016):TextEditorDocumentWindowTestExtension] Showing window 'empty.cshtml'.
        (01:14:32.484) [Visual Studio Host (8016):VisualStudioTextEditorTestExtension] Setting keyboard focus to editor 'empty.cshtml'.
        (01:14:32.647) [Visual Studio Host (8016):MainWindowService] Activating main window to bring it to the foreground.
        (01:14:32.788) [Visual Studio Host (8016):MainWindowService] Setting main window state to 'Maximized'.
    (01:14:33.522) [Visual Studio Host (8016):TextEditorDocumentWindowTestExtension] Showing window 'empty.cshtml' without activating the window.
    (01:14:33.663) [Visual Studio Host (8016):TextEditorDocumentWindowTestExtension] Showing window 'empty.cshtml'.
    (01:14:33.843) [Visual Studio Host (8016):TextEditorDocumentWindowTestExtension] Showing window 'empty.cshtml' without activating the window.
    (01:14:33.978) [Visual Studio Host (8016):TextEditorDocumentWindowTestExtension] Showing window 'empty.cshtml'.
    + ExternalProcessHostTest TestCleanup
        (01:14:34.288) [Visual Studio Host (8016):TextEditorDocumentWindowTestExtension] Closing window 'empty.cshtml'.
        (01:14:34.526) [Platform:Testcase] Test 'VSTest_RazorPasteTextInCshtml' has 'Passed' outcome. Therefore, Apex will not shut down the 'Visual Studio Host (8016)' with process ID '8016'. A subsequent test scenario will run on the same instance of the host.
    + Final Test Result Verification
        (01:14:34.930) [Platform:DelayedAssertionVerifierSink] Verification Success: 0 verification steps failed.
    + ApexTest TestCleanup</StdOut>
      </Output>
      <ResultFiles>
        <ResultFile path="WNVM19648\Fail.azqsczivabnm.png" />
        <ResultFile path="WNVM19648\Fail.ig2gsfz5ad1y.png" />
        <ResultFile path="WNVM19648\Fail.o5zf0zepaw0l.png" />
        <ResultFile path="WNVM19648\Fail.raasvsmeanc1.png" />
        <ResultFile path="WNVM19648\Fail.t4yj0fxuatil.png" />
        <ResultFile path="WNVM19648\Fail.z10rn0n5ajdm.png" />
        <ResultFile path="WNVM19648\OmniLog.html" />
        <ResultFile path="WNVM19648\OmniLogRawXml.xml" />
      </ResultFiles>
    </UnitTestResult>
    <UnitTestResult executionId="a08e47f7-5525-471a-99ac-fefb1fc7154b" testId="2d4919c1-c409-2f73-c1b5-1d2676fa196d" testName="VSTest_Completion_TypeNestedSelectorLessCode" computerName="WNVM19648" duration="00:00:04.2121934" startTime="2018-04-17T00:15:46.6119345-07:00" endTime="2018-04-17T00:15:50.8241279-07:00" testType="13cdc9d9-ddb5-4fa4-a97d-d965ccfc6d4b" outcome="Passed" testListId="8c84fa94-04c1-424b-9868-57a2d4851a1d" relativeResultsDirectory="a08e47f7-5525-471a-99ac-fefb1fc7154b">
      <Output>
        <StdOut>+ CompletionTests::VSTest_Completion_TypeNestedSelectorLessCode
    + ApexTest TestInitialize
    + ExternalProcessHostTest TestInitialize
        (17:27.909) [Visual Studio Host (6956):RoamingSettingsService] Disabling roaming settings.
        (17:27.966) [Visual Studio Host (6956):SettingsService] Setting Visual Studio option 'Environment\RoamingSettings\RoamingEnabled' to 'False'.
        (17:28.448) [Visual Studio Host (6956):TextEditorDocumentWindowTestExtension] Showing window 'NestedSelector.less' without activating the window.
        (17:28.570) [Visual Studio Host (6956):TextEditorDocumentWindowTestExtension] Showing window 'NestedSelector.less'.
        (17:29.009) [Visual Studio Host (6956):VisualStudioTextEditorTestExtension] Setting keyboard focus to editor 'NestedSelector.less'.
        (17:29.068) [Visual Studio Host (6956):MainWindowService] Activating main window to bring it to the foreground.
        (17:29.136) [Visual Studio Host (6956):MainWindowService] Setting main window state to 'Maximized'.
    (17:29.258) [Visual Studio Host (6956):TextEditorDocumentWindowTestExtension] Showing window 'NestedSelector.less' without activating the window.
    (17:29.305) [Visual Studio Host (6956):TextEditorDocumentWindowTestExtension] Showing window 'NestedSelector.less'.
    (17:29.363) [Visual Studio Host (6956):VisualStudioCaretTestExtension] Moving the caret from (Ln: 1, Ch: 1) to line '7'
    (17:29.406) [Visual Studio Host (6956):VisualStudioTextEditorTestExtension] Setting keyboard focus to editor 'NestedSelector.less'.
    (17:29.472) [Visual Studio Host (6956):TextEditorDocumentWindowTestExtension] Showing window 'NestedSelector.less' without activating the window.
    (17:29.520) [Visual Studio Host (6956):TextEditorDocumentWindowTestExtension] Showing window 'NestedSelector.less'.
    (17:29.576) [Visual Studio Host (6956):VisualStudioTextEditingActions] Inserting text combine CRLF as single return: 'p{' at the current caret position: '(Ln: 7, Ch: 1)'
    (17:29.670) [Visual Studio Host (6956):TextEditorDocumentWindowTestExtension] Showing window 'NestedSelector.less' without activating the window.
    (17:29.744) [Visual Studio Host (6956):TextEditorDocumentWindowTestExtension] Showing window 'NestedSelector.less'.
    (17:29.831) [Visual Studio Host (6956):KeyboardCommands] Sending the Return key 1 times.
    (17:29.906) [Visual Studio Host (6956):TextEditorDocumentWindowTestExtension] Showing window 'NestedSelector.less' without activating the window.
    (17:29.966) [Visual Studio Host (6956):TextEditorDocumentWindowTestExtension] Showing window 'NestedSelector.less'.
    (17:30.038) [Visual Studio Host (6956):VisualStudioTextEditingActions] Inserting text combine CRLF as single return: 'font-size: 12px;a { text-decoration: none;&amp;:hover { border-width: 1px;}' at the current caret position: '(Ln: 8, Ch: 5)'
    (17:30.989) [Visual Studio Host (6956):TextEditorDocumentWindowTestExtension] Showing window 'NestedSelector.less' without activating the window.
    (17:31.058) [Visual Studio Host (6956):TextEditorDocumentWindowTestExtension] Showing window 'NestedSelector.less'.
    + ExternalProcessHostTest TestCleanup
        (17:31.193) [Visual Studio Host (6956):TextEditorDocumentWindowTestExtension] Closing window 'NestedSelector.less'.
        (17:31.400) [Platform:Testcase] Test 'VSTest_Completion_TypeNestedSelectorLessCode' has 'Passed' outcome. Therefore, Apex will not shut down the 'Visual Studio Host (6956)' with process ID '6956'. A subsequent test scenario will run on the same instance of the host.
    + Final Test Result Verification
        (17:31.595) [Platform:DelayedAssertionVerifierSink] Verification Success: 0 verification steps failed.
    + ApexTest TestCleanup</StdOut>
      </Output>
      <ResultFiles>
        <ResultFile path="WNVM19648\Fail.azqsczivabnm.png" />
        <ResultFile path="WNVM19648\Fail.ig2gsfz5ad1y.png" />
        <ResultFile path="WNVM19648\Fail.o5zf0zepaw0l.png" />
        <ResultFile path="WNVM19648\OmniLog.html" />
        <ResultFile path="WNVM19648\OmniLogRawXml.xml" />
      </ResultFiles>
    </UnitTestResult>
    <UnitTestResult executionId="dec24c77-3c5a-411c-a29f-1289d2ce420c" testId="4a381ea6-c9da-19f8-4567-9995c9959c43" testName="VSTest_Generate_AttrModel_Methods_WebSite_Code_Inline_CS" computerName="WNVM19648" duration="00:00:05.0939509" startTime="2018-04-17T01:25:44.3396760-07:00" endTime="2018-04-17T01:25:49.4336269-07:00" testType="13cdc9d9-ddb5-4fa4-a97d-d965ccfc6d4b" outcome="Passed" testListId="8c84fa94-04c1-424b-9868-57a2d4851a1d" relativeResultsDirectory="dec24c77-3c5a-411c-a29f-1289d2ce420c">
      <Output>
        <StdOut>+ GenerateDataMethodTests::VSTest_Generate_AttrModel_Methods_WebSite_Code_Inline_CS
    + ApexTest TestInitialize
    + ExternalProcessHostTest TestInitialize
        (01:27:26.112) [Visual Studio Host (3036):RoamingSettingsService] Disabling roaming settings.
        (01:27:26.264) [Visual Studio Host (3036):SettingsService] Setting Visual Studio option 'Environment\RoamingSettings\RoamingEnabled' to 'False'.
        (01:27:26.842) [Visual Studio Host (3036):TextEditorDocumentWindowTestExtension] Showing window 'WebFormCS.aspx' without activating the window.
        (01:27:27.071) [Visual Studio Host (3036):TextEditorDocumentWindowTestExtension] Showing window 'WebFormCS.aspx'.
        (01:27:27.273) [Visual Studio Host (3036):VisualStudioTextEditorTestExtension] Setting keyboard focus to editor 'WebFormCS.aspx'.
        (01:27:27.563) [Visual Studio Host (3036):MainWindowService] Activating main window to bring it to the foreground.
        (01:27:27.752) [Visual Studio Host (3036):MainWindowService] Setting main window state to 'Maximized'.
    (01:27:28.075) [Visual Studio Host (3036):TextEditorDocumentWindowTestExtension] Showing window 'WebFormCS.aspx' without activating the window.
    (01:27:28.274) [Visual Studio Host (3036):TextEditorDocumentWindowTestExtension] Showing window 'WebFormCS.aspx'.
    + ExternalProcessHostTest TestCleanup
        (01:27:28.671) [Visual Studio Host (3036):TextEditorDocumentWindowTestExtension] Closing window 'WebFormCS.aspx'.
        (01:27:29.106) [Platform:Testcase] Test 'VSTest_Generate_AttrModel_Methods_WebSite_Code_Inline_CS' has 'Passed' outcome. Therefore, Apex will not shut down the 'Visual Studio Host (3036)' with process ID '3036'. A subsequent test scenario will run on the same instance of the host.
    + Final Test Result Verification
        (01:27:29.687) [Platform:DelayedAssertionVerifierSink] Verification Success: 0 verification steps failed.
    + ApexTest TestCleanup</StdOut>
      </Output>
      <ResultFiles>
        <ResultFile path="WNVM19648\Fail.aswak04hapa5.png" />
        <ResultFile path="WNVM19648\Fail.azqsczivabnm.png" />
        <ResultFile path="WNVM19648\Fail.byuslv5baqsd.png" />
        <ResultFile path="WNVM19648\Fail.ek4tb3wmalyl.png" />
        <ResultFile path="WNVM19648\Fail.ig2gsfz5ad1y.png" />
        <ResultFile path="WNVM19648\Fail.kxs1ersmaxma.png" />
        <ResultFile path="WNVM19648\Fail.loc0xhl5a2hr.png" />
        <ResultFile path="WNVM19648\Fail.o4kkrjboasbk.png" />
        <ResultFile path="WNVM19648\Fail.o5zf0zepaw0l.png" />
        <ResultFile path="WNVM19648\Fail.raasvsmeanc1.png" />
        <ResultFile path="WNVM19648\Fail.sidku4gxamg4.png" />
        <ResultFile path="WNVM19648\Fail.t4yj0fxuatil.png" />
        <ResultFile path="WNVM19648\Fail.z10rn0n5ajdm.png" />
        <ResultFile path="WNVM19648\OmniLog.html" />
        <ResultFile path="WNVM19648\OmniLogRawXml.xml" />
      </ResultFiles>
    </UnitTestResult>
    <UnitTestResult executionId="d29e6212-7df7-4ac6-ac51-e52c6423fa58" testId="6b95533e-8cda-19d1-2a01-2be52c66480d" testName="VSTest_DebugHitJSAndRazorBreakpointsInCSHtml" computerName="WNVM19648" startTime="2018-04-17T00:15:05.5039345-07:00" endTime="2018-04-17T00:15:05.5039345-07:00" testType="13cdc9d9-ddb5-4fa4-a97d-d965ccfc6d4b" outcome="NotExecuted" testListId="8c84fa94-04c1-424b-9868-57a2d4851a1d" relativeResultsDirectory="d29e6212-7df7-4ac6-ac51-e52c6423fa58">
      <Output>
      </Output>
    </UnitTestResult>
    <UnitTestResult executionId="9b494ac9-1697-4ba9-84e9-4957d720e8a8" testId="cf897022-7d5e-4ed1-89f3-0eacdb28fe37" testName="VSTest_Validate_Xhtml5Validation" computerName="WNVM19648" duration="00:00:08.6568773" startTime="2018-04-17T00:47:56.1574298-07:00" endTime="2018-04-17T00:48:04.8143071-07:00" testType="13cdc9d9-ddb5-4fa4-a97d-d965ccfc6d4b" outcome="Passed" testListId="8c84fa94-04c1-424b-9868-57a2d4851a1d" relativeResultsDirectory="9b494ac9-1697-4ba9-84e9-4957d720e8a8">
      <Output>
        <StdOut>+ ValidationTests::VSTest_Validate_Xhtml5Validation
    + ApexTest TestInitialize
    + ExternalProcessHostTest TestInitialize
        (49:37.939) [Visual Studio Host (9888):RoamingSettingsService] Disabling roaming settings.
        (49:38.096) [Visual Studio Host (9888):SettingsService] Setting Visual Studio option 'Environment\RoamingSettings\RoamingEnabled' to 'False'.
        (49:38.456) [Visual Studio Host (9888):TextEditorDocumentWindowTestExtension] Showing window 'xhtml5invalid.htm' without activating the window.
        (49:38.624) [Visual Studio Host (9888):TextEditorDocumentWindowTestExtension] Showing window 'xhtml5invalid.htm'.
        (49:38.805) [Visual Studio Host (9888):VisualStudioTextEditorTestExtension] Setting keyboard focus to editor 'xhtml5invalid.htm'.
        (49:38.954) [Visual Studio Host (9888):SettingsService] Getting value of Visual Studio Setting 'TextEditor\HTMLX Specific\ErrorsAsWarnings'. 
        (49:39.097) [Visual Studio Host (9888):SettingsService] Setting Visual Studio option 'TextEditor\HTMLX Specific\ErrorsAsWarnings' to 'False'.
        (49:39.246) [Visual Studio Host (9888):MainWindowService] Activating main window to bring it to the foreground.
        (49:39.449) [Visual Studio Host (9888):MainWindowService] Setting main window state to 'Maximized'.
    (49:39.811) [Visual Studio Host (9888):EditorsResourceStringService] Fetched resource value as regular expression: []
    (49:39.943) [Visual Studio Host (9888):EditorsResourceStringService] Fetched resource value as regular expression: []
    (49:40.080) [Visual Studio Host (9888):EditorsResourceStringService] Fetched resource value as regular expression: []
    (49:40.218) [Visual Studio Host (9888):EditorsResourceStringService] Fetched resource value as regular expression: []
    (49:40.356) [Visual Studio Host (9888):EditorsResourceStringService] Fetched resource value as regular expression: []
    (49:40.496) [Visual Studio Host (9888):TextEditorDocumentWindowTestExtension] Showing window 'xhtml5invalid.htm' without activating the window.
    (49:40.648) [Visual Studio Host (9888):TextEditorDocumentWindowTestExtension] Showing window 'xhtml5invalid.htm'.
    (49:40.798) [Visual Studio Host (9888):ToolWindowTestExtension] Showing window 'Error List' without activating the window.
    (49:40.924) [Visual Studio Host (9888):ToolWindowTestExtension] Showing window 'Error List' without activating the window.
    (49:41.114) [Visual Studio Host (9888):ErrorListService] Showing error list error items.
    (49:41.273) [Visual Studio Host (9888):ToolWindowTestExtension] Showing window 'Error List' without activating the window.
    (49:41.425) [Visual Studio Host (9888):ErrorListService] Showing error list message items.
    (49:41.556) [Visual Studio Host (9888):ToolWindowTestExtension] Showing window 'Error List' without activating the window.
    (49:41.697) [Visual Studio Host (9888):ErrorListService] Showing error list warning items.
    (49:43.892) [Visual Studio Host (9888):TextEditorDocumentWindowTestExtension] Showing window 'xhtml5invalid.htm' without activating the window.
    (49:44.045) [Visual Studio Host (9888):TextEditorDocumentWindowTestExtension] Showing window 'xhtml5invalid.htm'.
    + ExternalProcessHostTest TestCleanup
        (49:44.314) [Visual Studio Host (9888):SettingsService] Setting Visual Studio option 'TextEditor\HTMLX Specific\ErrorsAsWarnings' to 'True'.
        (49:44.488) [Visual Studio Host (9888):TextEditorDocumentWindowTestExtension] Closing window 'xhtml5invalid.htm'.
        (49:44.806) [Platform:Testcase] Test 'VSTest_Validate_Xhtml5Validation' has 'Passed' outcome. Therefore, Apex will not shut down the 'Visual Studio Host (9888)' with process ID '9888'. A subsequent test scenario will run on the same instance of the host.
    + Final Test Result Verification
        (49:45.262) [Platform:DelayedAssertionVerifierSink] Verification Success: 0 verification steps failed.
    + ApexTest TestCleanup</StdOut>
      </Output>
      <ResultFiles>
        <ResultFile path="WNVM19648\Fail.azqsczivabnm.png" />
        <ResultFile path="WNVM19648\Fail.ig2gsfz5ad1y.png" />
        <ResultFile path="WNVM19648\Fail.o5zf0zepaw0l.png" />
        <ResultFile path="WNVM19648\Fail.z10rn0n5ajdm.png" />
        <ResultFile path="WNVM19648\OmniLog.html" />
        <ResultFile path="WNVM19648\OmniLogRawXml.xml" />
      </ResultFiles>
    </UnitTestResult>
    <UnitTestResult executionId="aa8407e0-aedd-47bf-b0d7-9fcc365f9f8d" testId="440d2752-7d92-497e-8f6d-8b70c51a9405" testName="VSTest_HtmlOutlining_SimpleEdits" computerName="WNVM19648" duration="00:00:16.4786369" startTime="2018-04-17T00:13:54.0566530-07:00" endTime="2018-04-17T00:14:10.5352899-07:00" testType="13cdc9d9-ddb5-4fa4-a97d-d965ccfc6d4b" outcome="Passed" testListId="8c84fa94-04c1-424b-9868-57a2d4851a1d" relativeResultsDirectory="aa8407e0-aedd-47bf-b0d7-9fcc365f9f8d">
      <Output>
        <StdOut>+ HtmlOutliningTests::VSTest_HtmlOutlining_SimpleEdits
    + ApexTest TestInitialize
    + ExternalProcessHostTest TestInitialize
        (15:35.404) [Visual Studio Host (6956):RoamingSettingsService] Disabling roaming settings.
        (15:35.462) [Visual Studio Host (6956):SettingsService] Setting Visual Studio option 'Environment\RoamingSettings\RoamingEnabled' to 'False'.
        (15:35.755) [Visual Studio Host (6956):TextEditorDocumentWindowTestExtension] Showing window 'HTMLPage.html' without activating the window.
        (15:35.812) [Visual Studio Host (6956):TextEditorDocumentWindowTestExtension] Showing window 'HTMLPage.html'.
        (15:35.876) [Visual Studio Host (6956):VisualStudioTextEditorTestExtension] Setting keyboard focus to editor 'HTMLPage.html'.
        (15:35.931) [Visual Studio Host (6956):MainWindowService] Activating main window to bring it to the foreground.
        (15:36.028) [Visual Studio Host (6956):MainWindowService] Setting main window state to 'Maximized'.
    (15:36.167) [Visual Studio Host (6956):TextEditorDocumentWindowTestExtension] Showing window 'HTMLPage.html' without activating the window.
    (15:36.223) [Visual Studio Host (6956):TextEditorDocumentWindowTestExtension] Showing window 'HTMLPage.html'.
    (15:36.300) [Visual Studio Host (6956):VisualStudioCaretTestExtension] Moving the caret from (Ln: 1, Ch: 1) to the beginning of the file
    (15:36.360) [Visual Studio Host (6956):VisualStudioTextEditorTestExtension] Setting keyboard focus to editor 'HTMLPage.html'.
    (15:36.427) [Visual Studio Host (6956):TextEditorDocumentWindowTestExtension] Showing window 'HTMLPage.html' without activating the window.
    (15:36.480) [Visual Studio Host (6956):TextEditorDocumentWindowTestExtension] Showing window 'HTMLPage.html'.
    (15:36.566) [Visual Studio Host (6956):TextEditorDocumentWindowTestExtension] Showing window 'HTMLPage.html' without activating the window.
    (15:36.642) [Visual Studio Host (6956):TextEditorDocumentWindowTestExtension] Showing window 'HTMLPage.html'.
    (15:36.733) [Visual Studio Host (6956):VisualStudioOutliningTestExtension] Retrieved '6' outlined regions in the editor.
    VerificationPass: (15:36.782) [Platform:Testcase] Verification passed: Number of outlining regions is 6; expected to find 6.
    (15:36.825) [Platform:Testcase] Verifying outline region on line 3
    VerificationPass: (15:36.884) [Platform:Testcase] Verification passed: Start locations are not equal. Expected '(Ln: 3, Ch: 1)', Actual: '(Ln: 3, Ch: 1)'
    VerificationPass: (15:36.927) [Platform:Testcase] Verification passed: End locations are not equal. Expected '(Ln: 18, Ch: 8)', Actual: '(Ln: 18, Ch: 8)'
    VerificationPass: (15:36.966) [Platform:Testcase] Verification passed: Instances are equal. Expected 'False', Actual 'False'.
    (15:37.006) [Platform:Testcase] Verifying outline region on line 4
    VerificationPass: (15:37.047) [Platform:Testcase] Verification passed: Start locations are not equal. Expected '(Ln: 4, Ch: 1)', Actual: '(Ln: 4, Ch: 1)'
    VerificationPass: (15:37.087) [Platform:Testcase] Verification passed: End locations are not equal. Expected '(Ln: 7, Ch: 8)', Actual: '(Ln: 7, Ch: 8)'
    VerificationPass: (15:37.126) [Platform:Testcase] Verification passed: Instances are equal. Expected 'False', Actual 'False'.
    (15:37.172) [Platform:Testcase] Verifying outline region on line 8
    VerificationPass: (15:37.228) [Platform:Testcase] Verification passed: Start locations are not equal. Expected '(Ln: 8, Ch: 1)', Actual: '(Ln: 8, Ch: 1)'
    VerificationPass: (15:37.270) [Platform:Testcase] Verification passed: End locations are not equal. Expected '(Ln: 17, Ch: 8)', Actual: '(Ln: 17, Ch: 8)'
    VerificationPass: (15:37.344) [Platform:Testcase] Verification passed: Instances are equal. Expected 'False', Actual 'False'.
    (15:37.399) [Platform:Testcase] Verifying outline region on line 9
    VerificationPass: (15:37.451) [Platform:Testcase] Verification passed: Start locations are not equal. Expected '(Ln: 9, Ch: 5)', Actual: '(Ln: 9, Ch: 5)'
    VerificationPass: (15:37.506) [Platform:Testcase] Verification passed: End locations are not equal. Expected '(Ln: 16, Ch: 13)', Actual: '(Ln: 16, Ch: 13)'
    VerificationPass: (15:37.558) [Platform:Testcase] Verification passed: Instances are equal. Expected 'False', Actual 'False'.
    (15:37.608) [Platform:Testcase] Verifying outline region on line 10
    VerificationPass: (15:37.669) [Platform:Testcase] Verification passed: Start locations are not equal. Expected '(Ln: 10, Ch: 9)', Actual: '(Ln: 10, Ch: 9)'
    VerificationPass: (15:37.732) [Platform:Testcase] Verification passed: End locations are not equal. Expected '(Ln: 15, Ch: 14)', Actual: '(Ln: 15, Ch: 14)'
    VerificationPass: (15:37.787) [Platform:Testcase] Verification passed: Instances are equal. Expected 'False', Actual 'False'.
    (15:37.848) [Platform:Testcase] Verifying outline region on line 12
    VerificationPass: (15:37.903) [Platform:Testcase] Verification passed: Start locations are not equal. Expected '(Ln: 12, Ch: 13)', Actual: '(Ln: 12, Ch: 13)'
    VerificationPass: (15:37.960) [Platform:Testcase] Verification passed: End locations are not equal. Expected '(Ln: 14, Ch: 18)', Actual: '(Ln: 14, Ch: 18)'
    VerificationPass: (15:38.004) [Platform:Testcase] Verification passed: Instances are equal. Expected 'False', Actual 'False'.
    (15:38.051) [Visual Studio Host (6956):TextEditorDocumentWindowTestExtension] Showing window 'HTMLPage.html' without activating the window.
    (15:38.094) [Visual Studio Host (6956):TextEditorDocumentWindowTestExtension] Showing window 'HTMLPage.html'.
    (15:38.187) [Visual Studio Host (6956):VisualStudioCaretTestExtension] Moving the caret from (Ln: 1, Ch: 2) to the end of the file
    (15:38.240) [Visual Studio Host (6956):VisualStudioTextEditorTestExtension] Setting keyboard focus to editor 'HTMLPage.html'.
    (15:38.318) [Visual Studio Host (6956):TextEditorDocumentWindowTestExtension] Showing window 'HTMLPage.html' without activating the window.
    (15:38.378) [Visual Studio Host (6956):TextEditorDocumentWindowTestExtension] Showing window 'HTMLPage.html'.
    (15:38.451) [Visual Studio Host (6956):TextEditorDocumentWindowTestExtension] Showing window 'HTMLPage.html' without activating the window.
    (15:38.514) [Visual Studio Host (6956):TextEditorDocumentWindowTestExtension] Showing window 'HTMLPage.html'.
    (15:38.592) [Visual Studio Host (6956):VisualStudioOutliningTestExtension] Retrieved '6' outlined regions in the editor.
    VerificationPass: (15:38.637) [Platform:Testcase] Verification passed: Number of outlining regions is 6; expected to find 6.
    (15:38.678) [Platform:Testcase] Verifying outline region on line 3
    VerificationPass: (15:38.719) [Platform:Testcase] Verification passed: Start locations are not equal. Expected '(Ln: 3, Ch: 1)', Actual: '(Ln: 3, Ch: 1)'
    VerificationPass: (15:38.762) [Platform:Testcase] Verification passed: End locations are not equal. Expected '(Ln: 18, Ch: 8)', Actual: '(Ln: 18, Ch: 8)'
    VerificationPass: (15:38.803) [Platform:Testcase] Verification passed: Instances are equal. Expected 'False', Actual 'False'.
    (15:38.853) [Platform:Testcase] Verifying outline region on line 4
    VerificationPass: (15:38.907) [Platform:Testcase] Verification passed: Start locations are not equal. Expected '(Ln: 4, Ch: 1)', Actual: '(Ln: 4, Ch: 1)'
    VerificationPass: (15:38.954) [Platform:Testcase] Verification passed: End locations are not equal. Expected '(Ln: 7, Ch: 8)', Actual: '(Ln: 7, Ch: 8)'
    VerificationPass: (15:38.994) [Platform:Testcase] Verification passed: Instances are equal. Expected 'False', Actual 'False'.
    (15:39.050) [Platform:Testcase] Verifying outline region on line 8
    VerificationPass: (15:39.111) [Platform:Testcase] Verification passed: Start locations are not equal. Expected '(Ln: 8, Ch: 1)', Actual: '(Ln: 8, Ch: 1)'
    VerificationPass: (15:39.162) [Platform:Testcase] Verification passed: End locations are not equal. Expected '(Ln: 17, Ch: 8)', Actual: '(Ln: 17, Ch: 8)'
    VerificationPass: (15:39.211) [Platform:Testcase] Verification passed: Instances are equal. Expected 'False', Actual 'False'.
    (15:39.272) [Platform:Testcase] Verifying outline region on line 9
    VerificationPass: (15:39.327) [Platform:Testcase] Verification passed: Start locations are not equal. Expected '(Ln: 9, Ch: 5)', Actual: '(Ln: 9, Ch: 5)'
    VerificationPass: (15:39.383) [Platform:Testcase] Verification passed: End locations are not equal. Expected '(Ln: 16, Ch: 13)', Actual: '(Ln: 16, Ch: 13)'
    VerificationPass: (15:39.438) [Platform:Testcase] Verification passed: Instances are equal. Expected 'False', Actual 'False'.
    (15:39.504) [Platform:Testcase] Verifying outline region on line 10
    VerificationPass: (15:39.557) [Platform:Testcase] Verification passed: Start locations are not equal. Expected '(Ln: 10, Ch: 9)', Actual: '(Ln: 10, Ch: 9)'
    VerificationPass: (15:39.612) [Platform:Testcase] Verification passed: End locations are not equal. Expected '(Ln: 15, Ch: 14)', Actual: '(Ln: 15, Ch: 14)'
    VerificationPass: (15:39.659) [Platform:Testcase] Verification passed: Instances are equal. Expected 'False', Actual 'False'.
    (15:39.704) [Platform:Testcase] Verifying outline region on line 12
    VerificationPass: (15:39.769) [Platform:Testcase] Verification passed: Start locations are not equal. Expected '(Ln: 12, Ch: 13)', Actual: '(Ln: 12, Ch: 13)'
    VerificationPass: (15:39.821) [Platform:Testcase] Verification passed: End locations are not equal. Expected '(Ln: 14, Ch: 18)', Actual: '(Ln: 14, Ch: 18)'
    VerificationPass: (15:39.874) [Platform:Testcase] Verification passed: Instances are equal. Expected 'False', Actual 'False'.
    (15:39.940) [Visual Studio Host (6956):TextEditorDocumentWindowTestExtension] Showing window 'HTMLPage.html' without activating the window.
    (15:39.988) [Visual Studio Host (6956):TextEditorDocumentWindowTestExtension] Showing window 'HTMLPage.html'.
    (15:40.061) [Visual Studio Host (6956):VisualStudioCaretTestExtension] Moving the caret to '' at (Ln: 12, Ch: 17) based on a regular expression.  Expression = "&lt;td&gt;()" [group index '1', match index '2', options 'Singleline, CultureInvariant']
    (15:40.113) [Visual Studio Host (6956):TextEditorDocumentWindowTestExtension] Showing window 'HTMLPage.html' without activating the window.
    (15:40.165) [Visual Studio Host (6956):TextEditorDocumentWindowTestExtension] Showing window 'HTMLPage.html'.
    (15:40.241) [Visual Studio Host (6956):VisualStudioCaretTestExtension] Moving the caret from (Ln: 12, Ch: 17) down '1' lines
    (15:40.292) [Visual Studio Host (6956):VisualStudioTextEditorTestExtension] Setting keyboard focus to editor 'HTMLPage.html'.
    (15:40.372) [Visual Studio Host (6956):TextEditorDocumentWindowTestExtension] Showing window 'HTMLPage.html' without activating the window.
    (15:40.459) [Visual Studio Host (6956):TextEditorDocumentWindowTestExtension] Showing window 'HTMLPage.html'.
    (15:40.588) [Visual Studio Host (6956):TextEditorDocumentWindowTestExtension] Showing window 'HTMLPage.html' without activating the window.
    (15:40.648) [Visual Studio Host (6956):TextEditorDocumentWindowTestExtension] Showing window 'HTMLPage.html'.
    (15:40.725) [Visual Studio Host (6956):VisualStudioOutliningTestExtension] Retrieved '6' outlined regions in the editor.
    VerificationPass: (15:40.777) [Platform:Testcase] Verification passed: Number of outlining regions is 6; expected to find 6.
    (15:40.823) [Platform:Testcase] Verifying outline region on line 3
    VerificationPass: (15:40.881) [Platform:Testcase] Verification passed: Start locations are not equal. Expected '(Ln: 3, Ch: 1)', Actual: '(Ln: 3, Ch: 1)'
    VerificationPass: (15:40.926) [Platform:Testcase] Verification passed: End locations are not equal. Expected '(Ln: 18, Ch: 8)', Actual: '(Ln: 18, Ch: 8)'
    VerificationPass: (15:40.968) [Platform:Testcase] Verification passed: Instances are equal. Expected 'False', Actual 'False'.
    (15:41.010) [Platform:Testcase] Verifying outline region on line 4
    VerificationPass: (15:41.058) [Platform:Testcase] Verification passed: Start locations are not equal. Expected '(Ln: 4, Ch: 1)', Actual: '(Ln: 4, Ch: 1)'
    VerificationPass: (15:41.116) [Platform:Testcase] Verification passed: End locations are not equal. Expected '(Ln: 7, Ch: 8)', Actual: '(Ln: 7, Ch: 8)'
    VerificationPass: (15:41.157) [Platform:Testcase] Verification passed: Instances are equal. Expected 'False', Actual 'False'.
    (15:41.200) [Platform:Testcase] Verifying outline region on line 8
    VerificationPass: (15:41.242) [Platform:Testcase] Verification passed: Start locations are not equal. Expected '(Ln: 8, Ch: 1)', Actual: '(Ln: 8, Ch: 1)'
    VerificationPass: (15:41.286) [Platform:Testcase] Verification passed: End locations are not equal. Expected '(Ln: 17, Ch: 8)', Actual: '(Ln: 17, Ch: 8)'
    VerificationPass: (15:41.325) [Platform:Testcase] Verification passed: Instances are equal. Expected 'False', Actual 'False'.
    (15:41.364) [Platform:Testcase] Verifying outline region on line 9
    VerificationPass: (15:41.419) [Platform:Testcase] Verification passed: Start locations are not equal. Expected '(Ln: 9, Ch: 5)', Actual: '(Ln: 9, Ch: 5)'
    VerificationPass: (15:41.468) [Platform:Testcase] Verification passed: End locations are not equal. Expected '(Ln: 16, Ch: 13)', Actual: '(Ln: 16, Ch: 13)'
    VerificationPass: (15:41.527) [Platform:Testcase] Verification passed: Instances are equal. Expected 'False', Actual 'False'.
    (15:41.569) [Platform:Testcase] Verifying outline region on line 10
    VerificationPass: (15:41.623) [Platform:Testcase] Verification passed: Start locations are not equal. Expected '(Ln: 10, Ch: 9)', Actual: '(Ln: 10, Ch: 9)'
    VerificationPass: (15:41.664) [Platform:Testcase] Verification passed: End locations are not equal. Expected '(Ln: 15, Ch: 14)', Actual: '(Ln: 15, Ch: 14)'
    VerificationPass: (15:41.716) [Platform:Testcase] Verification passed: Instances are equal. Expected 'False', Actual 'False'.
    (15:41.761) [Platform:Testcase] Verifying outline region on line 12
    VerificationPass: (15:41.805) [Platform:Testcase] Verification passed: Start locations are not equal. Expected '(Ln: 12, Ch: 13)', Actual: '(Ln: 12, Ch: 13)'
    VerificationPass: (15:41.853) [Platform:Testcase] Verification passed: End locations are not equal. Expected '(Ln: 14, Ch: 18)', Actual: '(Ln: 14, Ch: 18)'
    VerificationPass: (15:41.914) [Platform:Testcase] Verification passed: Instances are equal. Expected 'False', Actual 'False'.
    (15:41.963) [Visual Studio Host (6956):TextEditorDocumentWindowTestExtension] Showing window 'HTMLPage.html' without activating the window.
    (15:42.006) [Visual Studio Host (6956):TextEditorDocumentWindowTestExtension] Showing window 'HTMLPage.html'.
    (15:42.058) [Visual Studio Host (6956):VisualStudioCaretTestExtension] Moving the caret to '' at (Ln: 12, Ch: 15) based on a regular expression.  Expression = "&lt;t()d&gt;" [group index '1', match index '2', options 'Singleline, CultureInvariant']
    (15:42.107) [Visual Studio Host (6956):TextEditorDocumentWindowTestExtension] Showing window 'HTMLPage.html' without activating the window.
    (15:42.162) [Visual Studio Host (6956):TextEditorDocumentWindowTestExtension] Showing window 'HTMLPage.html'.
    (15:42.389) [Visual Studio Host (6956):TextEditorDocumentWindowTestExtension] Showing window 'HTMLPage.html' without activating the window.
    (15:42.462) [Visual Studio Host (6956):TextEditorDocumentWindowTestExtension] Showing window 'HTMLPage.html'.
    (15:42.536) [Visual Studio Host (6956):VisualStudioOutliningTestExtension] Retrieved '6' outlined regions in the editor.
    VerificationPass: (15:42.602) [Platform:Testcase] Verification passed: Number of outlining regions is 6; expected to find 6.
    (15:42.658) [Platform:Testcase] Verifying outline region on line 3
    VerificationPass: (15:42.720) [Platform:Testcase] Verification passed: Start locations are not equal. Expected '(Ln: 3, Ch: 1)', Actual: '(Ln: 3, Ch: 1)'
    VerificationPass: (15:42.774) [Platform:Testcase] Verification passed: End locations are not equal. Expected '(Ln: 18, Ch: 8)', Actual: '(Ln: 18, Ch: 8)'
    VerificationPass: (15:42.826) [Platform:Testcase] Verification passed: Instances are equal. Expected 'False', Actual 'False'.
    (15:42.870) [Platform:Testcase] Verifying outline region on line 4
    VerificationPass: (15:42.920) [Platform:Testcase] Verification passed: Start locations are not equal. Expected '(Ln: 4, Ch: 1)', Actual: '(Ln: 4, Ch: 1)'
    VerificationPass: (15:42.963) [Platform:Testcase] Verification passed: End locations are not equal. Expected '(Ln: 7, Ch: 8)', Actual: '(Ln: 7, Ch: 8)'
    VerificationPass: (15:43.011) [Platform:Testcase] Verification passed: Instances are equal. Expected 'False', Actual 'False'.
    (15:43.058) [Platform:Testcase] Verifying outline region on line 8
    VerificationPass: (15:43.099) [Platform:Testcase] Verification passed: Start locations are not equal. Expected '(Ln: 8, Ch: 1)', Actual: '(Ln: 8, Ch: 1)'
    VerificationPass: (15:43.141) [Platform:Testcase] Verification passed: End locations are not equal. Expected '(Ln: 17, Ch: 8)', Actual: '(Ln: 17, Ch: 8)'
    VerificationPass: (15:43.179) [Platform:Testcase] Verification passed: Instances are equal. Expected 'False', Actual 'False'.
    (15:43.224) [Platform:Testcase] Verifying outline region on line 9
    VerificationPass: (15:43.266) [Platform:Testcase] Verification passed: Start locations are not equal. Expected '(Ln: 9, Ch: 5)', Actual: '(Ln: 9, Ch: 5)'
    VerificationPass: (15:43.307) [Platform:Testcase] Verification passed: End locations are not equal. Expected '(Ln: 16, Ch: 13)', Actual: '(Ln: 16, Ch: 13)'
    VerificationPass: (15:43.348) [Platform:Testcase] Verification passed: Instances are equal. Expected 'False', Actual 'False'.
    (15:43.390) [Platform:Testcase] Verifying outline region on line 10
    VerificationPass: (15:43.432) [Platform:Testcase] Verification passed: Start locations are not equal. Expected '(Ln: 10, Ch: 9)', Actual: '(Ln: 10, Ch: 9)'
    VerificationPass: (15:43.474) [Platform:Testcase] Verification passed: End locations are not equal. Expected '(Ln: 15, Ch: 14)', Actual: '(Ln: 15, Ch: 14)'
    VerificationPass: (15:43.522) [Platform:Testcase] Verification passed: Instances are equal. Expected 'False', Actual 'False'.
    (15:43.569) [Platform:Testcase] Verifying outline region on line 12
    VerificationPass: (15:43.609) [Platform:Testcase] Verification passed: Start locations are not equal. Expected '(Ln: 12, Ch: 13)', Actual: '(Ln: 12, Ch: 13)'
    VerificationPass: (15:43.655) [Platform:Testcase] Verification passed: End locations are not equal. Expected '(Ln: 14, Ch: 20)', Actual: '(Ln: 14, Ch: 20)'
    VerificationPass: (15:43.698) [Platform:Testcase] Verification passed: Instances are equal. Expected 'False', Actual 'False'.
    (15:43.766) [Visual Studio Host (6956):TextEditorDocumentWindowTestExtension] Showing window 'HTMLPage.html' without activating the window.
    (15:43.833) [Visual Studio Host (6956):TextEditorDocumentWindowTestExtension] Showing window 'HTMLPage.html'.
    (15:43.896) [Visual Studio Host (6956):VisualStudioCaretTestExtension] Moving the caret to '' at (Ln: 12, Ch: 18) based on a regular expression.  Expression = "&lt;todd()&gt;" [group index '1', match index '1', options 'Singleline, CultureInvariant']
    (15:43.964) [Visual Studio Host (6956):TextEditorDocumentWindowTestExtension] Showing window 'HTMLPage.html' without activating the window.
    (15:44.025) [Visual Studio Host (6956):TextEditorDocumentWindowTestExtension] Showing window 'HTMLPage.html'.
    (15:44.299) [Visual Studio Host (6956):TextEditorDocumentWindowTestExtension] Showing window 'HTMLPage.html' without activating the window.
    (15:44.365) [Visual Studio Host (6956):TextEditorDocumentWindowTestExtension] Showing window 'HTMLPage.html'.
    (15:44.444) [Visual Studio Host (6956):VisualStudioOutliningTestExtension] Retrieved '6' outlined regions in the editor.
    VerificationPass: (15:44.491) [Platform:Testcase] Verification passed: Number of outlining regions is 6; expected to find 6.
    (15:44.539) [Platform:Testcase] Verifying outline region on line 3
    VerificationPass: (15:44.587) [Platform:Testcase] Verification passed: Start locations are not equal. Expected '(Ln: 3, Ch: 1)', Actual: '(Ln: 3, Ch: 1)'
    VerificationPass: (15:44.636) [Platform:Testcase] Verification passed: End locations are not equal. Expected '(Ln: 18, Ch: 8)', Actual: '(Ln: 18, Ch: 8)'
    VerificationPass: (15:44.698) [Platform:Testcase] Verification passed: Instances are equal. Expected 'False', Actual 'False'.
    (15:44.750) [Platform:Testcase] Verifying outline region on line 4
    VerificationPass: (15:44.801) [Platform:Testcase] Verification passed: Start locations are not equal. Expected '(Ln: 4, Ch: 1)', Actual: '(Ln: 4, Ch: 1)'
    VerificationPass: (15:44.847) [Platform:Testcase] Verification passed: End locations are not equal. Expected '(Ln: 7, Ch: 8)', Actual: '(Ln: 7, Ch: 8)'
    VerificationPass: (15:44.887) [Platform:Testcase] Verification passed: Instances are equal. Expected 'False', Actual 'False'.
    (15:44.932) [Platform:Testcase] Verifying outline region on line 8
    VerificationPass: (15:44.972) [Platform:Testcase] Verification passed: Start locations are not equal. Expected '(Ln: 8, Ch: 1)', Actual: '(Ln: 8, Ch: 1)'
    VerificationPass: (15:45.016) [Platform:Testcase] Verification passed: End locations are not equal. Expected '(Ln: 17, Ch: 8)', Actual: '(Ln: 17, Ch: 8)'
    VerificationPass: (15:45.060) [Platform:Testcase] Verification passed: Instances are equal. Expected 'False', Actual 'False'.
    (15:45.108) [Platform:Testcase] Verifying outline region on line 9
    VerificationPass: (15:45.157) [Platform:Testcase] Verification passed: Start locations are not equal. Expected '(Ln: 9, Ch: 5)', Actual: '(Ln: 9, Ch: 5)'
    VerificationPass: (15:45.214) [Platform:Testcase] Verification passed: End locations are not equal. Expected '(Ln: 16, Ch: 13)', Actual: '(Ln: 16, Ch: 13)'
    VerificationPass: (15:45.269) [Platform:Testcase] Verification passed: Instances are equal. Expected 'False', Actual 'False'.
    (15:45.333) [Platform:Testcase] Verifying outline region on line 10
    VerificationPass: (15:45.390) [Platform:Testcase] Verification passed: Start locations are not equal. Expected '(Ln: 10, Ch: 9)', Actual: '(Ln: 10, Ch: 9)'
    VerificationPass: (15:45.443) [Platform:Testcase] Verification passed: End locations are not equal. Expected '(Ln: 15, Ch: 14)', Actual: '(Ln: 15, Ch: 14)'
    VerificationPass: (15:45.517) [Platform:Testcase] Verification passed: Instances are equal. Expected 'False', Actual 'False'.
    (15:45.586) [Platform:Testcase] Verifying outline region on line 12
    VerificationPass: (15:45.650) [Platform:Testcase] Verification passed: Start locations are not equal. Expected '(Ln: 12, Ch: 13)', Actual: '(Ln: 12, Ch: 13)'
    VerificationPass: (15:45.710) [Platform:Testcase] Verification passed: End locations are not equal. Expected '(Ln: 14, Ch: 20)', Actual: '(Ln: 14, Ch: 20)'
    VerificationPass: (15:45.768) [Platform:Testcase] Verification passed: Instances are equal. Expected 'False', Actual 'False'.
    VerificationPass: (15:45.835) [Platform:Testcase] Verification passed: String content is equal: Expected '&lt;todd class="test1"&gt;...&lt;/todd&gt;', Actual '&lt;todd class="test1"&gt;...&lt;/todd&gt;'; &lt;ComparisonType: OrdinalIgnoreCase&gt;
    (15:45.889) [Visual Studio Host (6956):TextEditorDocumentWindowTestExtension] Showing window 'HTMLPage.html' without activating the window.
    (15:45.950) [Visual Studio Host (6956):TextEditorDocumentWindowTestExtension] Showing window 'HTMLPage.html'.
    (15:46.019) [Visual Studio Host (6956):KeyboardCommands] Sending '1' spaces.
    (15:46.092) [Visual Studio Host (6956):TextEditorDocumentWindowTestExtension] Showing window 'HTMLPage.html' without activating the window.
    (15:46.160) [Visual Studio Host (6956):TextEditorDocumentWindowTestExtension] Showing window 'HTMLPage.html'.
    (15:46.237) [Visual Studio Host (6956):VisualStudioOutliningTestExtension] Retrieved '6' outlined regions in the editor.
    VerificationPass: (15:46.289) [Platform:Testcase] Verification passed: Number of outlining regions is 6; expected to find 6.
    (15:46.338) [Platform:Testcase] Verifying outline region on line 3
    VerificationPass: (15:46.399) [Platform:Testcase] Verification passed: Start locations are not equal. Expected '(Ln: 3, Ch: 1)', Actual: '(Ln: 3, Ch: 1)'
    VerificationPass: (15:46.449) [Platform:Testcase] Verification passed: End locations are not equal. Expected '(Ln: 18, Ch: 8)', Actual: '(Ln: 18, Ch: 8)'
    VerificationPass: (15:46.523) [Platform:Testcase] Verification passed: Instances are equal. Expected 'False', Actual 'False'.
    (15:46.578) [Platform:Testcase] Verifying outline region on line 4
    VerificationPass: (15:46.629) [Platform:Testcase] Verification passed: Start locations are not equal. Expected '(Ln: 4, Ch: 1)', Actual: '(Ln: 4, Ch: 1)'
    VerificationPass: (15:46.681) [Platform:Testcase] Verification passed: End locations are not equal. Expected '(Ln: 7, Ch: 8)', Actual: '(Ln: 7, Ch: 8)'
    VerificationPass: (15:46.728) [Platform:Testcase] Verification passed: Instances are equal. Expected 'False', Actual 'False'.
    (15:46.781) [Platform:Testcase] Verifying outline region on line 8
    VerificationPass: (15:46.843) [Platform:Testcase] Verification passed: Start locations are not equal. Expected '(Ln: 8, Ch: 1)', Actual: '(Ln: 8, Ch: 1)'
    VerificationPass: (15:46.917) [Platform:Testcase] Verification passed: End locations are not equal. Expected '(Ln: 17, Ch: 8)', Actual: '(Ln: 17, Ch: 8)'
    VerificationPass: (15:46.990) [Platform:Testcase] Verification passed: Instances are equal. Expected 'False', Actual 'False'.
    (15:47.064) [Platform:Testcase] Verifying outline region on line 9
    VerificationPass: (15:47.124) [Platform:Testcase] Verification passed: Start locations are not equal. Expected '(Ln: 9, Ch: 5)', Actual: '(Ln: 9, Ch: 5)'
    VerificationPass: (15:47.176) [Platform:Testcase] Verification passed: End locations are not equal. Expected '(Ln: 16, Ch: 13)', Actual: '(Ln: 16, Ch: 13)'
    VerificationPass: (15:47.227) [Platform:Testcase] Verification passed: Instances are equal. Expected 'False', Actual 'False'.
    (15:47.278) [Platform:Testcase] Verifying outline region on line 10
    VerificationPass: (15:47.350) [Platform:Testcase] Verification passed: Start locations are not equal. Expected '(Ln: 10, Ch: 9)', Actual: '(Ln: 10, Ch: 9)'
    VerificationPass: (15:47.427) [Platform:Testcase] Verification passed: End locations are not equal. Expected '(Ln: 15, Ch: 14)', Actual: '(Ln: 15, Ch: 14)'
    VerificationPass: (15:47.480) [Platform:Testcase] Verification passed: Instances are equal. Expected 'False', Actual 'False'.
    (15:47.536) [Platform:Testcase] Verifying outline region on line 12
    VerificationPass: (15:47.592) [Platform:Testcase] Verification passed: Start locations are not equal. Expected '(Ln: 12, Ch: 13)', Actual: '(Ln: 12, Ch: 13)'
    VerificationPass: (15:47.661) [Platform:Testcase] Verification passed: End locations are not equal. Expected '(Ln: 14, Ch: 20)', Actual: '(Ln: 14, Ch: 20)'
    VerificationPass: (15:47.714) [Platform:Testcase] Verification passed: Instances are equal. Expected 'False', Actual 'False'.
    VerificationPass: (15:47.758) [Platform:Testcase] Verification passed: String content is equal: Expected '&lt;todd class="test"&gt;...&lt;/todd&gt;', Actual '&lt;todd class="test"&gt;...&lt;/todd&gt;'; &lt;ComparisonType: OrdinalIgnoreCase&gt;
    (15:47.828) [Visual Studio Host (6956):TextEditorDocumentWindowTestExtension] Showing window 'HTMLPage.html' without activating the window.
    (15:47.889) [Visual Studio Host (6956):TextEditorDocumentWindowTestExtension] Showing window 'HTMLPage.html'.
    (15:47.990) [Visual Studio Host (6956):VisualStudioCaretTestExtension] Moving the caret from (Ln: 12, Ch: 30) to (Ln: 12, Ch: 13)
    (15:48.066) [Visual Studio Host (6956):TextEditorDocumentWindowTestExtension] Showing window 'HTMLPage.html'.
    (15:48.136) [Visual Studio Host (6956):VisualStudioCaretTestExtension] Moving the caret and selecting from (Ln: 12, Ch: 13) down '2' lines
    (15:48.192) [Visual Studio Host (6956):VisualStudioTextEditorTestExtension] Setting keyboard focus to editor 'HTMLPage.html'.
    (15:48.258) [Visual Studio Host (6956):TextEditorDocumentWindowTestExtension] Showing window 'HTMLPage.html'.
    (15:48.325) [Visual Studio Host (6956):VisualStudioCaretTestExtension] Moving the caret and selecting from (Ln: 14, Ch: 13) to the beginning of the line
    (15:48.377) [Visual Studio Host (6956):VisualStudioTextEditorTestExtension] Setting keyboard focus to editor 'HTMLPage.html'.
    (15:48.462) [Visual Studio Host (6956):TextEditorDocumentWindowTestExtension] Showing window 'HTMLPage.html'.
    (15:48.536) [Visual Studio Host (6956):TextEditorDocumentWindowTestExtension] Showing window 'HTMLPage.html'.
    (15:48.615) [Visual Studio Host (6956):TextEditorDocumentWindowTestExtension] Showing window 'HTMLPage.html'.
    (15:48.687) [Visual Studio Host (6956):VisualStudioCaretTestExtension] Moving the caret and selecting from (Ln: 14, Ch: 1) right '19' characters
    (15:48.749) [Visual Studio Host (6956):VisualStudioTextEditorTestExtension] Setting keyboard focus to editor 'HTMLPage.html'.
    (15:49.458) [Visual Studio Host (6956):TextEditorDocumentWindowTestExtension] Showing window 'HTMLPage.html' without activating the window.
    (15:49.511) [Visual Studio Host (6956):TextEditorDocumentWindowTestExtension] Showing window 'HTMLPage.html'.
    (15:49.594) [Visual Studio Host (6956):VisualStudioOutliningTestExtension] Retrieved '5' outlined regions in the editor.
    VerificationPass: (15:49.646) [Platform:Testcase] Verification passed: Number of outlining regions is 5; expected to find 5.
    (15:49.699) [Platform:Testcase] Verifying outline region on line 3
    VerificationPass: (15:49.759) [Platform:Testcase] Verification passed: Start locations are not equal. Expected '(Ln: 3, Ch: 1)', Actual: '(Ln: 3, Ch: 1)'
    VerificationPass: (15:49.814) [Platform:Testcase] Verification passed: End locations are not equal. Expected '(Ln: 16, Ch: 8)', Actual: '(Ln: 16, Ch: 8)'
    VerificationPass: (15:49.872) [Platform:Testcase] Verification passed: Instances are equal. Expected 'False', Actual 'False'.
    (15:49.921) [Platform:Testcase] Verifying outline region on line 4
    VerificationPass: (15:49.971) [Platform:Testcase] Verification passed: Start locations are not equal. Expected '(Ln: 4, Ch: 1)', Actual: '(Ln: 4, Ch: 1)'
    VerificationPass: (15:50.018) [Platform:Testcase] Verification passed: End locations are not equal. Expected '(Ln: 7, Ch: 8)', Actual: '(Ln: 7, Ch: 8)'
    VerificationPass: (15:50.065) [Platform:Testcase] Verification passed: Instances are equal. Expected 'False', Actual 'False'.
    (15:50.116) [Platform:Testcase] Verifying outline region on line 8
    VerificationPass: (15:50.179) [Platform:Testcase] Verification passed: Start locations are not equal. Expected '(Ln: 8, Ch: 1)', Actual: '(Ln: 8, Ch: 1)'
    VerificationPass: (15:50.252) [Platform:Testcase] Verification passed: End locations are not equal. Expected '(Ln: 15, Ch: 8)', Actual: '(Ln: 15, Ch: 8)'
    VerificationPass: (15:50.328) [Platform:Testcase] Verification passed: Instances are equal. Expected 'False', Actual 'False'.
    (15:50.376) [Platform:Testcase] Verifying outline region on line 9
    VerificationPass: (15:50.451) [Platform:Testcase] Verification passed: Start locations are not equal. Expected '(Ln: 9, Ch: 5)', Actual: '(Ln: 9, Ch: 5)'
    VerificationPass: (15:50.519) [Platform:Testcase] Verification passed: End locations are not equal. Expected '(Ln: 14, Ch: 13)', Actual: '(Ln: 14, Ch: 13)'
    VerificationPass: (15:50.594) [Platform:Testcase] Verification passed: Instances are equal. Expected 'False', Actual 'False'.
    (15:50.665) [Platform:Testcase] Verifying outline region on line 10
    VerificationPass: (15:50.718) [Platform:Testcase] Verification passed: Start locations are not equal. Expected '(Ln: 10, Ch: 9)', Actual: '(Ln: 10, Ch: 9)'
    VerificationPass: (15:50.766) [Platform:Testcase] Verification passed: End locations are not equal. Expected '(Ln: 13, Ch: 14)', Actual: '(Ln: 13, Ch: 14)'
    VerificationPass: (15:50.811) [Platform:Testcase] Verification passed: Instances are equal. Expected 'False', Actual 'False'.
    + ExternalProcessHostTest TestCleanup
        (15:50.923) [Visual Studio Host (6956):TextEditorDocumentWindowTestExtension] Closing window 'HTMLPage.html'.
        (15:51.179) [Platform:Testcase] Test 'VSTest_HtmlOutlining_SimpleEdits' has 'Passed' outcome. Therefore, Apex will not shut down the 'Visual Studio Host (6956)' with process ID '6956'. A subsequent test scenario will run on the same instance of the host.
    + Final Test Result Verification
        (15:51.355) [Platform:DelayedAssertionVerifierSink] Verification Success: 0 verification steps failed.
    + ApexTest TestCleanup</StdOut>
      </Output>
      <ResultFiles>
        <ResultFile path="WNVM19648\Fail.ig2gsfz5ad1y.png" />
        <ResultFile path="WNVM19648\OmniLog.html" />
        <ResultFile path="WNVM19648\OmniLogRawXml.xml" />
      </ResultFiles>
    </UnitTestResult>
    <UnitTestResult executionId="585fd638-a36e-4a7a-880d-dbd02466f0c7" testId="0ab0ba8b-457b-5709-cd88-1b2c0d882a37" testName="VSTest_RazorV4Cs_FormatDocumentAfterEdit" computerName="WNVM19648" duration="00:00:05.1727873" startTime="2018-04-17T01:02:56.7471324-07:00" endTime="2018-04-17T01:03:01.9199197-07:00" testType="13cdc9d9-ddb5-4fa4-a97d-d965ccfc6d4b" outcome="Passed" testListId="8c84fa94-04c1-424b-9868-57a2d4851a1d" relativeResultsDirectory="585fd638-a36e-4a7a-880d-dbd02466f0c7">
      <Output>
        <StdOut>+ CSharpFormattingTests::VSTest_RazorV4Cs_FormatDocumentAfterEdit
    + ApexTest TestInitialize
    + ExternalProcessHostTest TestInitialize
        (01:04:38.520) [Visual Studio Host (4384):RoamingSettingsService] Disabling roaming settings.
        (01:04:38.655) [Visual Studio Host (4384):SettingsService] Setting Visual Studio option 'Environment\RoamingSettings\RoamingEnabled' to 'False'.
        (01:04:39.023) [Visual Studio Host (4384):TextEditorDocumentWindowTestExtension] Showing window 'FormatDocumentAfterEdit.cshtml' without activating the window.
        (01:04:39.225) [Visual Studio Host (4384):TextEditorDocumentWindowTestExtension] Showing window 'FormatDocumentAfterEdit.cshtml'.
        (01:04:39.377) [Visual Studio Host (4384):VisualStudioTextEditorTestExtension] Setting keyboard focus to editor 'FormatDocumentAfterEdit.cshtml'.
        (01:04:39.514) [Visual Studio Host (4384):MainWindowService] Activating main window to bring it to the foreground.
        (01:04:39.649) [Visual Studio Host (4384):MainWindowService] Setting main window state to 'Maximized'.
    (01:04:39.937) [Visual Studio Host (4384):TextEditorDocumentWindowTestExtension] Showing window 'FormatDocumentAfterEdit.cshtml' without activating the window.
    (01:04:40.067) [Visual Studio Host (4384):TextEditorDocumentWindowTestExtension] Showing window 'FormatDocumentAfterEdit.cshtml'.
    (01:04:40.213) [Visual Studio Host (4384):VisualStudioCaretTestExtension] Moving the caret from (Ln: 1, Ch: 1) to (Ln: 1, Ch: 18)
    (01:04:40.357) [Visual Studio Host (4384):TextEditorDocumentWindowTestExtension] Showing window 'FormatDocumentAfterEdit.cshtml' without activating the window.
    (01:04:40.547) [Visual Studio Host (4384):TextEditorDocumentWindowTestExtension] Showing window 'FormatDocumentAfterEdit.cshtml'.
    (01:04:40.727) [Visual Studio Host (4384):KeyboardCommands] Sending '5' spaces.
    (01:04:41.125) [Visual Studio Host (4384):TextEditorDocumentWindowTestExtension] Showing window 'FormatDocumentAfterEdit.cshtml' without activating the window.
    (01:04:41.278) [Visual Studio Host (4384):TextEditorDocumentWindowTestExtension] Showing window 'FormatDocumentAfterEdit.cshtml'.
    + ExternalProcessHostTest TestCleanup
        (01:04:41.604) [Visual Studio Host (4384):TextEditorDocumentWindowTestExtension] Closing window 'FormatDocumentAfterEdit.cshtml'.
        (01:04:41.820) [Platform:Testcase] Test 'VSTest_RazorV4Cs_FormatDocumentAfterEdit' has 'Passed' outcome. Therefore, Apex will not shut down the 'Visual Studio Host (4384)' with process ID '4384'. A subsequent test scenario will run on the same instance of the host.
    + Final Test Result Verification
        (01:04:42.235) [Platform:DelayedAssertionVerifierSink] Verification Success: 0 verification steps failed.
    + ApexTest TestCleanup</StdOut>
      </Output>
      <ResultFiles>
        <ResultFile path="WNVM19648\Fail.azqsczivabnm.png" />
        <ResultFile path="WNVM19648\Fail.ig2gsfz5ad1y.png" />
        <ResultFile path="WNVM19648\Fail.o5zf0zepaw0l.png" />
        <ResultFile path="WNVM19648\Fail.raasvsmeanc1.png" />
        <ResultFile path="WNVM19648\Fail.t4yj0fxuatil.png" />
        <ResultFile path="WNVM19648\Fail.z10rn0n5ajdm.png" />
        <ResultFile path="WNVM19648\OmniLog.html" />
        <ResultFile path="WNVM19648\OmniLogRawXml.xml" />
      </ResultFiles>
    </UnitTestResult>
    <UnitTestResult executionId="2933efda-6a12-4949-9fd1-c72d49679f7d" testId="240b41ac-f0ba-d0de-e1e8-ba2c05ffee65" testName="VSTest_CSS_CompletionContents" computerName="WNVM19648" duration="00:00:09.9825183" startTime="2018-04-17T00:29:14.3891971-07:00" endTime="2018-04-17T00:29:24.3717154-07:00" testType="13cdc9d9-ddb5-4fa4-a97d-d965ccfc6d4b" outcome="Passed" testListId="8c84fa94-04c1-424b-9868-57a2d4851a1d" relativeResultsDirectory="2933efda-6a12-4949-9fd1-c72d49679f7d">
      <Output>
        <StdOut>+ CssCompletionTests::VSTest_CSS_CompletionContents
    + ApexTest TestInitialize
    + ExternalProcessHostTest TestInitialize
        (30:55.821) [Visual Studio Host (11564):RoamingSettingsService] Disabling roaming settings.
        (30:55.871) [Visual Studio Host (11564):SettingsService] Setting Visual Studio option 'Environment\RoamingSettings\RoamingEnabled' to 'False'.
        (30:56.169) [Visual Studio Host (11564):TextEditorDocumentWindowTestExtension] Showing window 'completion.css' without activating the window.
        (30:56.298) [Visual Studio Host (11564):TextEditorDocumentWindowTestExtension] Showing window 'completion.css'.
        (30:56.420) [Visual Studio Host (11564):VisualStudioTextEditorTestExtension] Setting keyboard focus to editor 'completion.css'.
        (30:56.592) [Visual Studio Host (11564):MainWindowService] Activating main window to bring it to the foreground.
        (30:56.686) [Visual Studio Host (11564):MainWindowService] Setting main window state to 'Maximized'.
    (30:56.840) [Visual Studio Host (11564):TextEditorDocumentWindowTestExtension] Showing window 'completion.css' without activating the window.
    (30:56.904) [Visual Studio Host (11564):TextEditorDocumentWindowTestExtension] Showing window 'completion.css'.
    (30:56.979) [Visual Studio Host (11564):VisualStudioCaretTestExtension] Moving the caret from (Ln: 1, Ch: 1) to (Ln: 4, Ch: 4)
    (30:57.054) [Visual Studio Host (11564):TextEditorDocumentWindowTestExtension] Showing window 'completion.css' without activating the window.
    (30:57.131) [Visual Studio Host (11564):TextEditorDocumentWindowTestExtension] Showing window 'completion.css'.
    (30:57.212) [Visual Studio Host (11564):VisualStudioIntellisenseService] Did not find an active completion session. Please use Verify.IsCompletionListPresent() to make sure that the list is present before requesting the completion session.
    Warning: (30:57.275) [Visual Studio Host (11564):VisualStudioIntellisenseService] No active completion sessions were found for editor 'completion.css'.
    (30:57.351) [Visual Studio Host (11564):VisualStudioIntellisenseService] Invoking Completion member list at '(Ln: 4, Ch: 4)'.
    (30:57.447) [Visual Studio Host (11564):VisualStudioIntellisenseService] Getting the active completion at position '(Ln: 4, Ch: 4)'.
    (30:57.584) [Visual Studio Host (11564):VisualStudioCompletionListTestExtension] Found completion item with name 
    (30:57.677) [Visual Studio Host (11564):TextEditorDocumentWindowTestExtension] Showing window 'completion.css' without activating the window.
    (30:57.740) [Visual Studio Host (11564):TextEditorDocumentWindowTestExtension] Showing window 'completion.css'.
    (30:57.834) [Visual Studio Host (11564):VisualStudioCaretTestExtension] Moving the caret from (Ln: 4, Ch: 4) to (Ln: 5, Ch: 7)
    (30:57.930) [Visual Studio Host (11564):TextEditorDocumentWindowTestExtension] Showing window 'completion.css' without activating the window.
    (30:58.010) [Visual Studio Host (11564):TextEditorDocumentWindowTestExtension] Showing window 'completion.css'.
    (30:58.078) [Visual Studio Host (11564):VisualStudioIntellisenseService] Invoking Completion member list at '(Ln: 5, Ch: 7)'.
    (30:58.135) [Visual Studio Host (11564):VisualStudioIntellisenseService] Did not find an active completion session. Please use Verify.IsCompletionListPresent() to make sure that the list is present before requesting the completion session.
    (30:58.390) [Visual Studio Host (11564):VisualStudioIntellisenseService] Did not find an active completion session. Please use Verify.IsCompletionListPresent() to make sure that the list is present before requesting the completion session.
    (30:58.655) [Visual Studio Host (11564):VisualStudioIntellisenseService] Did not find an active completion session. Please use Verify.IsCompletionListPresent() to make sure that the list is present before requesting the completion session.
    (30:58.908) [Visual Studio Host (11564):VisualStudioIntellisenseService] Did not find an active completion session. Please use Verify.IsCompletionListPresent() to make sure that the list is present before requesting the completion session.
    (30:59.171) [Visual Studio Host (11564):VisualStudioIntellisenseService] Failed to invoke completion list within 1s.
    (30:59.235) [Visual Studio Host (11564):TextEditorDocumentWindowTestExtension] Showing window 'completion.css' without activating the window.
    (30:59.293) [Visual Studio Host (11564):TextEditorDocumentWindowTestExtension] Showing window 'completion.css'.
    (30:59.359) [Visual Studio Host (11564):VisualStudioIntellisenseService] Did not find an active completion session. Please use Verify.IsCompletionListPresent() to make sure that the list is present before requesting the completion session.
    Warning: (30:59.417) [Visual Studio Host (11564):VisualStudioIntellisenseService] No active completion sessions were found for editor 'completion.css'.
    VerificationPass: (30:59.469) [Visual Studio Host (11564):VisualStudioIntellisenseVerifier] Verification passed: Completion list is not present within a timeout of 00:00:10.
    (30:59.533) [Visual Studio Host (11564):TextEditorDocumentWindowTestExtension] Showing window 'completion.css' without activating the window.
    (30:59.590) [Visual Studio Host (11564):TextEditorDocumentWindowTestExtension] Showing window 'completion.css'.
    (30:59.659) [Visual Studio Host (11564):VisualStudioCaretTestExtension] Moving the caret from (Ln: 5, Ch: 7) to (Ln: 6, Ch: 5)
    (30:59.720) [Visual Studio Host (11564):TextEditorDocumentWindowTestExtension] Showing window 'completion.css' without activating the window.
    (30:59.790) [Visual Studio Host (11564):TextEditorDocumentWindowTestExtension] Showing window 'completion.css'.
    (30:59.870) [Visual Studio Host (11564):VisualStudioIntellisenseService] Did not find an active completion session. Please use Verify.IsCompletionListPresent() to make sure that the list is present before requesting the completion session.
    Warning: (30:59.934) [Visual Studio Host (11564):VisualStudioIntellisenseService] No active completion sessions were found for editor 'completion.css'.
    (31:00.022) [Visual Studio Host (11564):VisualStudioIntellisenseService] Invoking Completion member list at '(Ln: 6, Ch: 5)'.
    (31:00.119) [Visual Studio Host (11564):VisualStudioIntellisenseService] Getting the active completion at position '(Ln: 6, Ch: 5)'.
    (31:00.191) [Visual Studio Host (11564):VisualStudioCompletionListTestExtension] Found completion item with name 
    (31:00.282) [Visual Studio Host (11564):TextEditorDocumentWindowTestExtension] Showing window 'completion.css' without activating the window.
    (31:00.353) [Visual Studio Host (11564):TextEditorDocumentWindowTestExtension] Showing window 'completion.css'.
    (31:00.425) [Visual Studio Host (11564):VisualStudioCaretTestExtension] Moving the caret from (Ln: 6, Ch: 5) to (Ln: 6, Ch: 12)
    (31:00.517) [Visual Studio Host (11564):TextEditorDocumentWindowTestExtension] Showing window 'completion.css' without activating the window.
    (31:00.582) [Visual Studio Host (11564):TextEditorDocumentWindowTestExtension] Showing window 'completion.css'.
    (31:00.656) [Visual Studio Host (11564):VisualStudioIntellisenseService] Did not find an active completion session. Please use Verify.IsCompletionListPresent() to make sure that the list is present before requesting the completion session.
    Warning: (31:00.722) [Visual Studio Host (11564):VisualStudioIntellisenseService] No active completion sessions were found for editor 'completion.css'.
    (31:00.785) [Visual Studio Host (11564):VisualStudioIntellisenseService] Invoking Completion member list at '(Ln: 6, Ch: 12)'.
    (31:00.880) [Visual Studio Host (11564):VisualStudioIntellisenseService] Getting the active completion at position '(Ln: 6, Ch: 12)'.
    (31:00.952) [Visual Studio Host (11564):VisualStudioCompletionListTestExtension] Found completion item with name 
    (31:01.019) [Visual Studio Host (11564):TextEditorDocumentWindowTestExtension] Showing window 'completion.css' without activating the window.
    (31:01.093) [Visual Studio Host (11564):TextEditorDocumentWindowTestExtension] Showing window 'completion.css'.
    (31:01.200) [Visual Studio Host (11564):VisualStudioCaretTestExtension] Moving the caret from (Ln: 6, Ch: 12) to (Ln: 21, Ch: 9)
    (31:01.333) [Visual Studio Host (11564):TextEditorDocumentWindowTestExtension] Showing window 'completion.css' without activating the window.
    (31:01.427) [Visual Studio Host (11564):TextEditorDocumentWindowTestExtension] Showing window 'completion.css'.
    (31:01.506) [Visual Studio Host (11564):VisualStudioIntellisenseService] Did not find an active completion session. Please use Verify.IsCompletionListPresent() to make sure that the list is present before requesting the completion session.
    Warning: (31:01.566) [Visual Studio Host (11564):VisualStudioIntellisenseService] No active completion sessions were found for editor 'completion.css'.
    (31:01.632) [Visual Studio Host (11564):VisualStudioIntellisenseService] Invoking Completion member list at '(Ln: 21, Ch: 9)'.
    (31:01.698) [Visual Studio Host (11564):VisualStudioIntellisenseService] Getting the active completion at position '(Ln: 21, Ch: 9)'.
    (31:01.783) [Visual Studio Host (11564):VisualStudioCompletionListTestExtension] Found completion item with name 
    (31:01.854) [Visual Studio Host (11564):TextEditorDocumentWindowTestExtension] Showing window 'completion.css' without activating the window.
    (31:01.924) [Visual Studio Host (11564):TextEditorDocumentWindowTestExtension] Showing window 'completion.css'.
    (31:01.998) [Visual Studio Host (11564):VisualStudioCaretTestExtension] Moving the caret from (Ln: 21, Ch: 9) to (Ln: 36, Ch: 3)
    (31:02.092) [Visual Studio Host (11564):TextEditorDocumentWindowTestExtension] Showing window 'completion.css' without activating the window.
    (31:02.235) [Visual Studio Host (11564):TextEditorDocumentWindowTestExtension] Showing window 'completion.css'.
    (31:02.325) [Visual Studio Host (11564):VisualStudioIntellisenseService] Did not find an active completion session. Please use Verify.IsCompletionListPresent() to make sure that the list is present before requesting the completion session.
    Warning: (31:02.384) [Visual Studio Host (11564):VisualStudioIntellisenseService] No active completion sessions were found for editor 'completion.css'.
    (31:02.443) [Visual Studio Host (11564):VisualStudioIntellisenseService] Invoking Completion member list at '(Ln: 36, Ch: 3)'.
    (31:02.536) [Visual Studio Host (11564):VisualStudioIntellisenseService] Getting the active completion at position '(Ln: 36, Ch: 3)'.
    (31:02.635) [Visual Studio Host (11564):VisualStudioCompletionListTestExtension] Found completion item with name 
    (31:02.711) [Visual Studio Host (11564):TextEditorDocumentWindowTestExtension] Showing window 'completion.css' without activating the window.
    (31:02.800) [Visual Studio Host (11564):TextEditorDocumentWindowTestExtension] Showing window 'completion.css'.
    (31:02.890) [Visual Studio Host (11564):VisualStudioCaretTestExtension] Moving the caret from (Ln: 36, Ch: 3) to (Ln: 40, Ch: 10)
    (31:03.037) [Visual Studio Host (11564):TextEditorDocumentWindowTestExtension] Showing window 'completion.css' without activating the window.
    (31:03.110) [Visual Studio Host (11564):TextEditorDocumentWindowTestExtension] Showing window 'completion.css'.
    (31:03.187) [Visual Studio Host (11564):VisualStudioIntellisenseService] Did not find an active completion session. Please use Verify.IsCompletionListPresent() to make sure that the list is present before requesting the completion session.
    Warning: (31:03.250) [Visual Studio Host (11564):VisualStudioIntellisenseService] No active completion sessions were found for editor 'completion.css'.
    (31:03.310) [Visual Studio Host (11564):VisualStudioIntellisenseService] Invoking Completion member list at '(Ln: 40, Ch: 10)'.
    (31:03.404) [Visual Studio Host (11564):VisualStudioIntellisenseService] Getting the active completion at position '(Ln: 40, Ch: 10)'.
    (31:03.494) [Visual Studio Host (11564):VisualStudioCompletionListTestExtension] Found completion item with name 
    (31:03.570) [Visual Studio Host (11564):VisualStudioCompletionListTestExtension] Found completion item with name 
    (31:03.689) [Visual Studio Host (11564):TextEditorDocumentWindowTestExtension] Showing window 'completion.css' without activating the window.
    (31:03.750) [Visual Studio Host (11564):TextEditorDocumentWindowTestExtension] Showing window 'completion.css'.
    (31:03.833) [Visual Studio Host (11564):VisualStudioCaretTestExtension] Moving the caret from (Ln: 40, Ch: 10) to (Ln: 41, Ch: 3)
    (31:03.947) [Visual Studio Host (11564):TextEditorDocumentWindowTestExtension] Showing window 'completion.css' without activating the window.
    (31:04.002) [Visual Studio Host (11564):TextEditorDocumentWindowTestExtension] Showing window 'completion.css'.
    (31:04.060) [Visual Studio Host (11564):VisualStudioIntellisenseService] Did not find an active completion session. Please use Verify.IsCompletionListPresent() to make sure that the list is present before requesting the completion session.
    Warning: (31:04.129) [Visual Studio Host (11564):VisualStudioIntellisenseService] No active completion sessions were found for editor 'completion.css'.
    (31:04.185) [Visual Studio Host (11564):VisualStudioIntellisenseService] Invoking Completion member list at '(Ln: 41, Ch: 3)'.
    (31:04.249) [Visual Studio Host (11564):VisualStudioIntellisenseService] Getting the active completion at position '(Ln: 41, Ch: 3)'.
    (31:04.326) [Visual Studio Host (11564):VisualStudioCompletionListTestExtension] Found completion item with name 
    (31:04.391) [Visual Studio Host (11564):VisualStudioCompletionListTestExtension] Found completion item with name 
    (31:04.467) [Visual Studio Host (11564):VisualStudioCompletionListTestExtension] Found completion item with name 
    (31:04.537) [Visual Studio Host (11564):VisualStudioCompletionListTestExtension] Found completion item with name 
    (31:04.588) [Visual Studio Host (11564):VisualStudioCompletionListTestExtension] Found completion item with name 
    (31:04.641) [Visual Studio Host (11564):VisualStudioCompletionListTestExtension] Found completion item with name 
    + ExternalProcessHostTest TestCleanup
        (31:04.752) [Visual Studio Host (11564):TextEditorDocumentWindowTestExtension] Closing window 'completion.css'.
        (31:04.960) [Platform:Testcase] Test 'VSTest_CSS_CompletionContents' has 'Passed' outcome. Therefore, Apex will not shut down the 'Visual Studio Host (11564)' with process ID '11564'. A subsequent test scenario will run on the same instance of the host.
    + Final Test Result Verification
        (31:05.154) [Platform:DelayedAssertionVerifierSink] Verification Success: 0 verification steps failed.
    + ApexTest TestCleanup</StdOut>
      </Output>
      <ResultFiles>
        <ResultFile path="WNVM19648\Fail.azqsczivabnm.png" />
        <ResultFile path="WNVM19648\Fail.ig2gsfz5ad1y.png" />
        <ResultFile path="WNVM19648\Fail.o5zf0zepaw0l.png" />
        <ResultFile path="WNVM19648\OmniLog.html" />
        <ResultFile path="WNVM19648\OmniLogRawXml.xml" />
      </ResultFiles>
    </UnitTestResult>
    <UnitTestResult executionId="56f27002-2582-44da-a545-2686097b5de0" testId="53e21b6f-77d8-10ec-d48c-7c870538debc" testName="VSTest_Generate_AttrModel_Methods_WAP_Code_Beside_VB" computerName="WNVM19648" duration="00:00:05.3409419" startTime="2018-04-17T01:27:49.3762036-07:00" endTime="2018-04-17T01:27:54.7171455-07:00" testType="13cdc9d9-ddb5-4fa4-a97d-d965ccfc6d4b" outcome="Passed" testListId="8c84fa94-04c1-424b-9868-57a2d4851a1d" relativeResultsDirectory="56f27002-2582-44da-a545-2686097b5de0">
      <Output>
        <StdOut>+ GenerateDataMethodTests::VSTest_Generate_AttrModel_Methods_WAP_Code_Beside_VB
    + ApexTest TestInitialize
    + ExternalProcessHostTest TestInitialize
        (01:29:31.286) [Visual Studio Host (840):RoamingSettingsService] Disabling roaming settings.
        (01:29:31.502) [Visual Studio Host (840):SettingsService] Setting Visual Studio option 'Environment\RoamingSettings\RoamingEnabled' to 'False'.
        (01:29:32.256) [Visual Studio Host (840):TextEditorDocumentWindowTestExtension] Showing window 'CodeBeside.aspx' without activating the window.
        (01:29:32.476) [Visual Studio Host (840):TextEditorDocumentWindowTestExtension] Showing window 'CodeBeside.aspx'.
        (01:29:32.678) [Visual Studio Host (840):VisualStudioTextEditorTestExtension] Setting keyboard focus to editor 'CodeBeside.aspx'.
        (01:29:32.898) [Visual Studio Host (840):MainWindowService] Activating main window to bring it to the foreground.
        (01:29:33.090) [Visual Studio Host (840):MainWindowService] Setting main window state to 'Maximized'.
    (01:29:33.478) [Visual Studio Host (840):TextEditorDocumentWindowTestExtension] Showing window 'CodeBeside.aspx' without activating the window.
    (01:29:33.676) [Visual Studio Host (840):TextEditorDocumentWindowTestExtension] Showing window 'CodeBeside.aspx'.
    + ExternalProcessHostTest TestCleanup
        (01:29:34.145) [Visual Studio Host (840):TextEditorDocumentWindowTestExtension] Closing window 'CodeBeside.aspx'.
        (01:29:34.482) [Platform:Testcase] Test 'VSTest_Generate_AttrModel_Methods_WAP_Code_Beside_VB' has 'Passed' outcome. Therefore, Apex will not shut down the 'Visual Studio Host (840)' with process ID '840'. A subsequent test scenario will run on the same instance of the host.
    + Final Test Result Verification
        (01:29:34.963) [Platform:DelayedAssertionVerifierSink] Verification Success: 0 verification steps failed.
    + ApexTest TestCleanup</StdOut>
      </Output>
      <ResultFiles>
        <ResultFile path="WNVM19648\Fail.22wpw0oka5fs.png" />
        <ResultFile path="WNVM19648\Fail.33ju4eduay3u.png" />
        <ResultFile path="WNVM19648\Fail.aswak04hapa5.png" />
        <ResultFile path="WNVM19648\Fail.azqsczivabnm.png" />
        <ResultFile path="WNVM19648\Fail.byuslv5baqsd.png" />
        <ResultFile path="WNVM19648\Fail.ek4tb3wmalyl.png" />
        <ResultFile path="WNVM19648\Fail.ig2gsfz5ad1y.png" />
        <ResultFile path="WNVM19648\Fail.kxs1ersmaxma.png" />
        <ResultFile path="WNVM19648\Fail.loc0xhl5a2hr.png" />
        <ResultFile path="WNVM19648\Fail.o4kkrjboasbk.png" />
        <ResultFile path="WNVM19648\Fail.o5zf0zepaw0l.png" />
        <ResultFile path="WNVM19648\Fail.qbnuydioazjy.png" />
        <ResultFile path="WNVM19648\Fail.raasvsmeanc1.png" />
        <ResultFile path="WNVM19648\Fail.sidku4gxamg4.png" />
        <ResultFile path="WNVM19648\Fail.t4yj0fxuatil.png" />
        <ResultFile path="WNVM19648\Fail.z10rn0n5ajdm.png" />
        <ResultFile path="WNVM19648\OmniLog.html" />
        <ResultFile path="WNVM19648\OmniLogRawXml.xml" />
      </ResultFiles>
    </UnitTestResult>
    <UnitTestResult executionId="02b2dbf5-8874-42d5-b23e-ff3f2866d041" testId="41e99bbd-2769-4dbc-d037-41259a0669c8" testName="VSTest_JSON_FormatSelectionCommandTests" computerName="WNVM19648" duration="00:00:03.2151699" startTime="2018-04-17T00:21:26.6318821-07:00" endTime="2018-04-17T00:21:29.8470520-07:00" testType="13cdc9d9-ddb5-4fa4-a97d-d965ccfc6d4b" outcome="Passed" testListId="8c84fa94-04c1-424b-9868-57a2d4851a1d" relativeResultsDirectory="02b2dbf5-8874-42d5-b23e-ff3f2866d041">
      <Output>
        <StdOut>+ FormatSelectionCommandTests::VSTest_JSON_FormatSelectionCommandTests
    + ApexTest TestInitialize
    + ExternalProcessHostTest TestInitialize
        (23:07.978) [Visual Studio Host (11564):RoamingSettingsService] Disabling roaming settings.
        (23:08.039) [Visual Studio Host (11564):SettingsService] Setting Visual Studio option 'Environment\RoamingSettings\RoamingEnabled' to 'False'.
        (23:08.425) [Visual Studio Host (11564):TextEditorDocumentWindowTestExtension] Showing window 'Content.json' without activating the window.
        (23:08.530) [Visual Studio Host (11564):TextEditorDocumentWindowTestExtension] Showing window 'Content.json'.
        (23:08.631) [Visual Studio Host (11564):VisualStudioTextEditorTestExtension] Setting keyboard focus to editor 'Content.json'.
        (23:08.700) [Visual Studio Host (11564):MainWindowService] Activating main window to bring it to the foreground.
        (23:08.783) [Visual Studio Host (11564):MainWindowService] Setting main window state to 'Maximized'.
    (23:08.922) [Visual Studio Host (11564):TextEditorDocumentWindowTestExtension] Showing window 'Content.json' without activating the window.
    (23:08.986) [Visual Studio Host (11564):TextEditorDocumentWindowTestExtension] Showing window 'Content.json'.
    (23:09.066) [Visual Studio Host (11564):VisualStudioCaretTestExtension] Moving the caret from (Ln: 1, Ch: 1) to (Ln: 2, Ch: 3)
    (23:09.139) [Visual Studio Host (11564):TextEditorDocumentWindowTestExtension] Showing window 'Content.json'.
    (23:09.202) [Visual Studio Host (11564):VisualStudioCaretTestExtension] Moving the caret and selecting from (Ln: 2, Ch: 3) down '25' lines
    (23:09.248) [Visual Studio Host (11564):VisualStudioTextEditorTestExtension] Setting keyboard focus to editor 'Content.json'.
    (23:09.398) [Visual Studio Host (11564):TextEditorDocumentWindowTestExtension] Showing window 'Content.json'.
    (23:09.460) [Visual Studio Host (11564):VisualStudioCaretTestExtension] Moving the caret and selecting from (Ln: 27, Ch: 3) to the beginning of the line
    (23:09.527) [Visual Studio Host (11564):VisualStudioTextEditorTestExtension] Setting keyboard focus to editor 'Content.json'.
    (23:09.602) [Visual Studio Host (11564):TextEditorDocumentWindowTestExtension] Showing window 'Content.json'.
    (23:09.692) [Visual Studio Host (11564):TextEditorDocumentWindowTestExtension] Showing window 'Content.json'.
    (23:09.763) [Visual Studio Host (11564):TextEditorDocumentWindowTestExtension] Showing window 'Content.json'.
    (23:09.826) [Visual Studio Host (11564):VisualStudioCaretTestExtension] Moving the caret and selecting from (Ln: 27, Ch: 7) right '2' characters
    (23:09.882) [Visual Studio Host (11564):VisualStudioTextEditorTestExtension] Setting keyboard focus to editor 'Content.json'.
    (23:10.027) [Visual Studio Host (11564):TextEditorDocumentWindowTestExtension] Showing window 'Content.json' without activating the window.
    (23:10.115) [Visual Studio Host (11564):TextEditorDocumentWindowTestExtension] Showing window 'Content.json'.
    + ExternalProcessHostTest TestCleanup
        (23:10.232) [Visual Studio Host (11564):TextEditorDocumentWindowTestExtension] Closing window 'Content.json'.
        (23:10.404) [Platform:Testcase] Test 'VSTest_JSON_FormatSelectionCommandTests' has 'Passed' outcome. Therefore, Apex will not shut down the 'Visual Studio Host (11564)' with process ID '11564'. A subsequent test scenario will run on the same instance of the host.
    + Final Test Result Verification
        (23:10.598) [Platform:DelayedAssertionVerifierSink] Verification Success: 0 verification steps failed.
    + ApexTest TestCleanup</StdOut>
      </Output>
      <ResultFiles>
        <ResultFile path="WNVM19648\Fail.azqsczivabnm.png" />
        <ResultFile path="WNVM19648\Fail.ig2gsfz5ad1y.png" />
        <ResultFile path="WNVM19648\Fail.o5zf0zepaw0l.png" />
        <ResultFile path="WNVM19648\OmniLog.html" />
        <ResultFile path="WNVM19648\OmniLogRawXml.xml" />
      </ResultFiles>
    </UnitTestResult>
    <UnitTestResult executionId="6ee483a2-3ac2-420e-b24a-9bc793d6f622" testId="42db6992-af67-bde1-4209-0cd929f8ae27" testName="VSTest_RazorV4CsFormatCodeBlock_StatementOnMultiplelines" computerName="WNVM19648" duration="00:00:04.5369059" startTime="2018-04-17T01:03:22.9367427-07:00" endTime="2018-04-17T01:03:27.4736486-07:00" testType="13cdc9d9-ddb5-4fa4-a97d-d965ccfc6d4b" outcome="Passed" testListId="8c84fa94-04c1-424b-9868-57a2d4851a1d" relativeResultsDirectory="6ee483a2-3ac2-420e-b24a-9bc793d6f622">
      <Output>
        <StdOut>+ CSharpFormattingTests::VSTest_RazorV4CsFormatCodeBlock_StatementOnMultiplelines
    + ApexTest TestInitialize
    + ExternalProcessHostTest TestInitialize
        (01:05:04.628) [Visual Studio Host (4384):RoamingSettingsService] Disabling roaming settings.
        (01:05:04.761) [Visual Studio Host (4384):SettingsService] Setting Visual Studio option 'Environment\RoamingSettings\RoamingEnabled' to 'False'.
        (01:05:05.259) [Visual Studio Host (4384):TextEditorDocumentWindowTestExtension] Showing window 'empty.cshtml' without activating the window.
        (01:05:05.435) [Visual Studio Host (4384):TextEditorDocumentWindowTestExtension] Showing window 'empty.cshtml'.
        (01:05:05.621) [Visual Studio Host (4384):VisualStudioTextEditorTestExtension] Setting keyboard focus to editor 'empty.cshtml'.
        (01:05:05.782) [Visual Studio Host (4384):MainWindowService] Activating main window to bring it to the foreground.
        (01:05:05.935) [Visual Studio Host (4384):MainWindowService] Setting main window state to 'Maximized'.
    (01:05:06.474) [Visual Studio Host (4384):TextEditorDocumentWindowTestExtension] Showing window 'empty.cshtml' without activating the window.
    (01:05:06.610) [Visual Studio Host (4384):TextEditorDocumentWindowTestExtension] Showing window 'empty.cshtml'.
    + ExternalProcessHostTest TestCleanup
        (01:05:06.950) [Visual Studio Host (4384):TextEditorDocumentWindowTestExtension] Closing window 'empty.cshtml'.
        (01:05:07.205) [Platform:Testcase] Test 'VSTest_RazorV4CsFormatCodeBlock_StatementOnMultiplelines' has 'Passed' outcome. Therefore, Apex will not shut down the 'Visual Studio Host (4384)' with process ID '4384'. A subsequent test scenario will run on the same instance of the host.
    + Final Test Result Verification
        (01:05:07.720) [Platform:DelayedAssertionVerifierSink] Verification Success: 0 verification steps failed.
    + ApexTest TestCleanup</StdOut>
      </Output>
      <ResultFiles>
        <ResultFile path="WNVM19648\Fail.azqsczivabnm.png" />
        <ResultFile path="WNVM19648\Fail.ig2gsfz5ad1y.png" />
        <ResultFile path="WNVM19648\Fail.o5zf0zepaw0l.png" />
        <ResultFile path="WNVM19648\Fail.raasvsmeanc1.png" />
        <ResultFile path="WNVM19648\Fail.t4yj0fxuatil.png" />
        <ResultFile path="WNVM19648\Fail.z10rn0n5ajdm.png" />
        <ResultFile path="WNVM19648\OmniLog.html" />
        <ResultFile path="WNVM19648\OmniLogRawXml.xml" />
      </ResultFiles>
    </UnitTestResult>
    <UnitTestResult executionId="a8ac4bb8-f9eb-4b5e-96d0-44c4a22554ff" testId="bfc81c13-ad61-e411-ebd1-877aec564fad" testName="VSTest_FormatBlockElements" computerName="WNVM19648" duration="00:00:02.8989186" startTime="2018-04-17T00:31:12.0944966-07:00" endTime="2018-04-17T00:31:14.9934152-07:00" testType="13cdc9d9-ddb5-4fa4-a97d-d965ccfc6d4b" outcome="Passed" testListId="8c84fa94-04c1-424b-9868-57a2d4851a1d" relativeResultsDirectory="a8ac4bb8-f9eb-4b5e-96d0-44c4a22554ff">
      <Output>
        <StdOut>+ FormatTests::VSTest_FormatBlockElements
    + ApexTest TestInitialize
    + ExternalProcessHostTest TestInitialize
        (32:53.548) [Visual Studio Host (11564):RoamingSettingsService] Disabling roaming settings.
        (32:53.608) [Visual Studio Host (11564):SettingsService] Setting Visual Studio option 'Environment\RoamingSettings\RoamingEnabled' to 'False'.
        (32:54.106) [Visual Studio Host (11564):TextEditorDocumentWindowTestExtension] Showing window 'FormatBlockElements.htm' without activating the window.
        (32:54.283) [Visual Studio Host (11564):TextEditorDocumentWindowTestExtension] Showing window 'FormatBlockElements.htm'.
        (32:54.394) [Visual Studio Host (11564):VisualStudioTextEditorTestExtension] Setting keyboard focus to editor 'FormatBlockElements.htm'.
        (32:54.507) [Visual Studio Host (11564):MainWindowService] Activating main window to bring it to the foreground.
        (32:54.656) [Visual Studio Host (11564):MainWindowService] Setting main window state to 'Maximized'.
    (32:54.921) [Visual Studio Host (11564):TextEditorDocumentWindowTestExtension] Showing window 'FormatBlockElements.htm' without activating the window.
    (32:55.033) [Visual Studio Host (11564):TextEditorDocumentWindowTestExtension] Showing window 'FormatBlockElements.htm'.
    + ExternalProcessHostTest TestCleanup
        (32:55.225) [Visual Studio Host (11564):TextEditorDocumentWindowTestExtension] Closing window 'FormatBlockElements.htm'.
        (32:55.474) [Platform:Testcase] Test 'VSTest_FormatBlockElements' has 'Passed' outcome. Therefore, Apex will not shut down the 'Visual Studio Host (11564)' with process ID '11564'. A subsequent test scenario will run on the same instance of the host.
    + Final Test Result Verification
        (32:55.727) [Platform:DelayedAssertionVerifierSink] Verification Success: 0 verification steps failed.
    + ApexTest TestCleanup</StdOut>
      </Output>
      <ResultFiles>
        <ResultFile path="WNVM19648\Fail.azqsczivabnm.png" />
        <ResultFile path="WNVM19648\Fail.ig2gsfz5ad1y.png" />
        <ResultFile path="WNVM19648\Fail.o5zf0zepaw0l.png" />
        <ResultFile path="WNVM19648\OmniLog.html" />
        <ResultFile path="WNVM19648\OmniLogRawXml.xml" />
      </ResultFiles>
    </UnitTestResult>
    <UnitTestResult executionId="1483c6a7-8d9f-463b-ad0d-ea49cb330cc3" testId="2a7f5c93-07c5-63eb-dc15-8d0cb3edf8f0" testName="VSTest_RazorTypeInCS" computerName="WNVM19648" duration="00:00:13.2511002" startTime="2018-04-17T01:12:05.6315867-07:00" endTime="2018-04-17T01:12:18.8826869-07:00" testType="13cdc9d9-ddb5-4fa4-a97d-d965ccfc6d4b" outcome="Passed" testListId="8c84fa94-04c1-424b-9868-57a2d4851a1d" relativeResultsDirectory="1483c6a7-8d9f-463b-ad0d-ea49cb330cc3">
      <Output>
        <StdOut>+ CSharpGeneralTests::VSTest_RazorTypeInCS
    + ApexTest TestInitialize
    + ExternalProcessHostTest TestInitialize
        (01:13:51.626) [Visual Studio Host (8016):RoamingSettingsService] Disabling roaming settings.
        (01:13:52.535) [Visual Studio Host (8016):SettingsService] Setting Visual Studio option 'Environment\RoamingSettings\RoamingEnabled' to 'False'.
        (01:13:53.586) [Visual Studio Host (8016):TextEditorDocumentWindowTestExtension] Showing window 'TypeInCshtml.cshtml' without activating the window.
        (01:13:54.466) [Visual Studio Host (8016):TextEditorDocumentWindowTestExtension] Showing window 'TypeInCshtml.cshtml'.
        (01:13:55.344) [Visual Studio Host (8016):VisualStudioTextEditorTestExtension] Setting keyboard focus to editor 'TypeInCshtml.cshtml'.
        (01:13:56.152) [Visual Studio Host (8016):MainWindowService] Activating main window to bring it to the foreground.
        (01:13:56.294) [Visual Studio Host (8016):MainWindowService] Setting main window state to 'Maximized'.
    (01:13:56.593) [Visual Studio Host (8016):TextEditorDocumentWindowTestExtension] Showing window 'TypeInCshtml.cshtml' without activating the window.
    (01:13:56.825) [Visual Studio Host (8016):TextEditorDocumentWindowTestExtension] Showing window 'TypeInCshtml.cshtml'.
    (01:13:57.130) [Visual Studio Host (8016):VisualStudioCaretTestExtension] Moving the caret from (Ln: 4, Ch: 1) to (Ln: 4, Ch: 1)
    (01:13:57.370) [Visual Studio Host (8016):TextEditorDocumentWindowTestExtension] Showing window 'TypeInCshtml.cshtml' without activating the window.
    (01:13:57.651) [Visual Studio Host (8016):TextEditorDocumentWindowTestExtension] Showing window 'TypeInCshtml.cshtml'.
    (01:13:57.874) [Visual Studio Host (8016):VisualStudioTextEditingActions] Inserting text combine CRLF as single return: '}' at the current caret position: '(Ln: 4, Ch: 1)'
    (01:13:58.117) [Visual Studio Host (8016):TextEditorDocumentWindowTestExtension] Showing window 'TypeInCshtml.cshtml' without activating the window.
    (01:13:58.303) [Visual Studio Host (8016):TextEditorDocumentWindowTestExtension] Showing window 'TypeInCshtml.cshtml'.
    + ExternalProcessHostTest TestCleanup
        (01:13:58.609) [Visual Studio Host (8016):TextEditorDocumentWindowTestExtension] Closing window 'TypeInCshtml.cshtml'.
        (01:13:58.836) [Platform:Testcase] Test 'VSTest_RazorTypeInCS' has 'Passed' outcome. Therefore, Apex will not shut down the 'Visual Studio Host (8016)' with process ID '8016'. A subsequent test scenario will run on the same instance of the host.
    + Final Test Result Verification
        (01:13:59.280) [Platform:DelayedAssertionVerifierSink] Verification Success: 0 verification steps failed.
    + ApexTest TestCleanup</StdOut>
      </Output>
      <ResultFiles>
        <ResultFile path="WNVM19648\Fail.azqsczivabnm.png" />
        <ResultFile path="WNVM19648\Fail.ig2gsfz5ad1y.png" />
        <ResultFile path="WNVM19648\Fail.o5zf0zepaw0l.png" />
        <ResultFile path="WNVM19648\Fail.raasvsmeanc1.png" />
        <ResultFile path="WNVM19648\Fail.t4yj0fxuatil.png" />
        <ResultFile path="WNVM19648\Fail.z10rn0n5ajdm.png" />
        <ResultFile path="WNVM19648\OmniLog.html" />
        <ResultFile path="WNVM19648\OmniLogRawXml.xml" />
      </ResultFiles>
    </UnitTestResult>
    <UnitTestResult executionId="287554a5-82a2-46d8-9da0-70b531076732" testId="d51d7f11-3d78-69ce-2f39-8ad2e57771dd" testName="VSTest_JSON_Reference_Completion" computerName="WNVM19648" duration="00:02:13.7733887" startTime="2018-04-17T02:31:57.7238426-07:00" endTime="2018-04-17T02:34:11.4972313-07:00" testType="13cdc9d9-ddb5-4fa4-a97d-d965ccfc6d4b" outcome="Failed" testListId="8c84fa94-04c1-424b-9868-57a2d4851a1d" relativeResultsDirectory="287554a5-82a2-46d8-9da0-70b531076732">
      <Output>
        <StdOut>+ CompletionTests::VSTest_JSON_Reference_Completion
    + ApexTest TestInitialize
    + ExternalProcessHostTest TestInitialize
        (02:33:41.898) [Visual Studio Host (3580):RoamingSettingsService] Disabling roaming settings.
        (02:33:42.069) [Visual Studio Host (3580):SettingsService] Setting Visual Studio option 'Environment\RoamingSettings\RoamingEnabled' to 'False'.
        (02:33:42.569) [Visual Studio Host (3580):TextEditorDocumentWindowTestExtension] Showing window 'Draft4Schema.json' without activating the window.
        (02:33:42.781) [Visual Studio Host (3580):TextEditorDocumentWindowTestExtension] Showing window 'Draft4Schema.json'.
        (02:33:42.979) [Visual Studio Host (3580):VisualStudioTextEditorTestExtension] Setting keyboard focus to editor 'Draft4Schema.json'.
        (02:33:43.158) [Visual Studio Host (3580):MainWindowService] Activating main window to bring it to the foreground.
        (02:33:43.329) [Visual Studio Host (3580):MainWindowService] Setting main window state to 'Maximized'.
    (02:33:43.721) [Visual Studio Host (3580):TextEditorDocumentWindowTestExtension] Showing window 'Draft4Schema.json' without activating the window.
    (02:33:43.914) [Visual Studio Host (3580):TextEditorDocumentWindowTestExtension] Showing window 'Draft4Schema.json'.
    (02:33:44.092) [Visual Studio Host (3580):VisualStudioCaretTestExtension] Moving the caret to '{' at (Ln: 1, Ch: 1) based on a regular expression.  Expression = "{" [group index '0', match index '1', options 'Singleline, CultureInvariant']
    (02:33:44.280) [Visual Studio Host (3580):TextEditorDocumentWindowTestExtension] Showing window 'Draft4Schema.json' without activating the window.
    (02:33:44.471) [Visual Studio Host (3580):TextEditorDocumentWindowTestExtension] Showing window 'Draft4Schema.json'.
    (02:33:44.682) [Visual Studio Host (3580):VisualStudioCaretTestExtension] Moving the caret from (Ln: 1, Ch: 1) to the end of the line
    (02:33:44.921) [Visual Studio Host (3580):VisualStudioTextEditorTestExtension] Setting keyboard focus to editor 'Draft4Schema.json'.
    (02:33:45.141) [Visual Studio Host (3580):TextEditorDocumentWindowTestExtension] Showing window 'Draft4Schema.json' without activating the window.
    (02:33:45.357) [Visual Studio Host (3580):TextEditorDocumentWindowTestExtension] Showing window 'Draft4Schema.json'.
    (02:33:45.568) [Visual Studio Host (3580):KeyboardCommands] Sending the Return key 1 times.
    (02:33:45.797) [Visual Studio Host (3580):TextEditorDocumentWindowTestExtension] Showing window 'Draft4Schema.json' without activating the window.
    (02:33:45.983) [Visual Studio Host (3580):TextEditorDocumentWindowTestExtension] Showing window 'Draft4Schema.json'.
    (02:33:46.640) [Visual Studio Host (3580):TextEditorDocumentWindowTestExtension] Showing window 'Draft4Schema.json' without activating the window.
    (02:33:46.857) [Visual Studio Host (3580):TextEditorDocumentWindowTestExtension] Showing window 'Draft4Schema.json'.
    Error: (02:35:21.287) [Platform:Testcase] Test method Microsoft.VisualStudio.Web.Editors.IntegrationTests.JSON.Completion.CompletionTests.VSTest_JSON_Reference_Completion threw exception. System.Runtime.Remoting.RemotingException: Failed to read from an IPC Port: The pipe has been ended.

   at Microsoft.VisualStudio.Web.Common.TestAdapter.ParameterizedTests.ReflectionUtilities.InvokeMethod(Object targetObject, MethodInfo method, Object[] methodArguments, String exceptionMessageFormat) in D:\dd\WTE\Main\test\Common\TestAdapter\ParameterizedTests\ReflectionUtilities.cs:line 190
   at Microsoft.VisualStudio.Web.Common.TestAdapter.ParameterizedTests.TestMethodInfo.Invoke(Object testObject, TestExecutionContext context) in D:\dd\WTE\Main\test\Common\TestAdapter\ParameterizedTests\TestMethodInfo.cs:line 64
    + ExternalProcessHostTest TestCleanup
        (02:35:26.974) [Platform:VenusHost] Compose Batch: 00:00:03.7967776
        (02:35:29.540) [Platform:VenusHost] Host Process is being started. Executable = 'C:\Program Files (x86)\Microsoft Visual Studio\Preview\Enterprise\Common7\IDE\devenv.exe'.
        (02:35:29.915) [Platform:VenusHost] Host Process is started. PID = 2508.
        (02:35:30.212) [Platform:VenusHost] Host process 'devenv' (id: 2508) is now idle/ready.
        (02:35:37.972) [Platform:Microsoft.Test.Apex.Hosts.Services.RemoteServiceInitializer] Using remote code injector service 'RemoteCodeInjectorService' for the operation 'ManagedAuto'.
        + Visual Studio Host Creation
            (02:35:47.029) [Platform:Testcase] Target Executable: 'C:\Program Files (x86)\Microsoft Visual Studio\Preview\Enterprise\Common7\IDE\devenv.exe'.
            (02:35:47.208) [Platform:Testcase] Process Id: '2508'.
            (02:35:47.428) [Platform:Testcase] UI Culture: 'English (United States)'.
            (02:35:47.630) [Platform:Testcase] Build Number: '15.0.27615'.
        (02:35:48.292) [Visual Studio Host (2508):MainWindowService] Setting main window state to 'Maximized'.
        (02:35:48.721) [Visual Studio Host (2508):MainWindowService] Activating main window to bring it to the foreground.
        Warning: (02:35:49.137) [Platform:Microsoft.Test.Apex.Services.ScreenshotService] Exception occured when copying screenshot file from 'C:\TestBin\IntegrationTests\Failure.jpg' to 'C:\TestBin\IntegrationTests\TestResults\2018_04_16_23_55_50\Failure.jpg'.
        Warning: (02:35:49.137) [Platform:Microsoft.Test.Apex.Services.ScreenshotService] System.IO.IOException: The file 'C:\TestBin\IntegrationTests\TestResults\2018_04_16_23_55_50\Failure.jpg' already exists.
   at System.IO.__Error.WinIOError(Int32 errorCode, String maybeFullPath)
   at System.IO.File.InternalCopy(String sourceFileName, String destFileName, Boolean overwrite, Boolean checkHost)
   at System.IO.File.Copy(String sourceFileName, String destFileName, Boolean overwrite)
   at Microsoft.Test.Apex.Services.ScreenshotService.TakeOne(String categoryName, String fileNamePrefix, String repositoryPath) in F:\dd\src\omni\Apex\Framework\Services\Screenshot\ScreenshotService.cs:line 176
        (02:35:49.750) [Platform:ProcessCaptureService] Capturing screenshots for PID 2508 (devenv)
        Result file 'VSTest_JSON_Reference_Completion-Failure-devenv.2508.png' added: file:///C:/TestBin/IntegrationTests/TestResults/2018_04_16_23_55_50/VSTest_JSON_Reference_Completion-Failure-devenv.2508.png
        (02:35:50.521) [Platform:ProcessCaptureService] Bounding rectangle of HWND 0x4075E is size (0, 0), which cannot be captured.
        (02:35:50.736) [Platform:ProcessCaptureService] Bounding rectangle of HWND 0x120726 is size (0, 0), which cannot be captured.
    + Final Test Result Verification
        (02:35:51.428) [Platform:DelayedAssertionVerifierSink] Verification Success: 0 verification steps failed.
    + ApexTest TestCleanup</StdOut>
        <ErrorInfo>
          <Message>Test method Microsoft.VisualStudio.Web.Editors.IntegrationTests.JSON.Completion.CompletionTests.VSTest_JSON_Reference_Completion threw exception. System.Runtime.Remoting.RemotingException: Failed to read from an IPC Port: The pipe has been ended.
</Message>
          <StackTrace>
Server stack trace: 
   at System.Runtime.Remoting.Channels.Ipc.IpcPort.Read(Byte[] data, Int32 offset, Int32 length)
   at System.Runtime.Remoting.Channels.Ipc.PipeStream.Read(Byte[] buffer, Int32 offset, Int32 size)
   at System.Runtime.Remoting.Channels.SocketHandler.ReadFromSocket(Byte[] buffer, Int32 offset, Int32 count)
   at System.Runtime.Remoting.Channels.SocketHandler.Read(Byte[] buffer, Int32 offset, Int32 count)
   at System.Runtime.Remoting.Channels.SocketHandler.ReadAndMatchFourBytes(Byte[] buffer)
   at System.Runtime.Remoting.Channels.Tcp.TcpSocketHandler.ReadAndMatchPreamble()
   at System.Runtime.Remoting.Channels.Tcp.TcpSocketHandler.ReadVersionAndOperation(UInt16&amp; operation)
   at System.Runtime.Remoting.Channels.Ipc.IpcClientHandler.ReadHeaders()
   at System.Runtime.Remoting.Channels.Ipc.IpcClientTransportSink.ProcessMessage(IMessage msg, ITransportHeaders requestHeaders, Stream requestStream, ITransportHeaders&amp; responseHeaders, Stream&amp; responseStream)
   at System.Runtime.Remoting.Channels.BinaryClientFormatterSink.SyncProcessMessage(IMessage msg)

Exception rethrown at [0]: 
   at System.Runtime.Remoting.Proxies.RealProxy.HandleReturnMessage(IMessage reqMsg, IMessage retMsg)
   at System.Runtime.Remoting.Proxies.RealProxy.PrivateInvoke(MessageData&amp; msgData, Int32 type)
   at Microsoft.Test.Apex.VisualStudio.Shell.TextEditorDocumentWindowTestExtension.get_Editor()
   at Microsoft.VisualStudio.Web.Common.TestServices.VisualStudioHostWebTest.get_Editor() in D:\dd\WTE\Main\test\Common\TestServices\Apex\VisualStudioHostWebTest.cs:line 639
   at Microsoft.VisualStudio.Web.Editors.IntegrationTests.JSON.Completion.CompletionTests.VSTest_JSON_Reference_Completion() in D:\dd\WTE\Main\test\Editors\IntegrationTests\JSON\Completion\CompletionTests.cs:line 119</StackTrace>
        </ErrorInfo>
      </Output>
      <ResultFiles>
        <ResultFile path="WNVM19648\Fail.1naitrosadk5.png" />
        <ResultFile path="WNVM19648\Fail.22wpw0oka5fs.png" />
        <ResultFile path="WNVM19648\Fail.24wtv1jnawc3.png" />
        <ResultFile path="WNVM19648\Fail.2dvw33g3abcx.png" />
        <ResultFile path="WNVM19648\Fail.2lws5epta1gw.png" />
        <ResultFile path="WNVM19648\Fail.2osatv43agzz.png" />
        <ResultFile path="WNVM19648\Fail.33ju4eduay3u.png" />
        <ResultFile path="WNVM19648\Fail.3poblbx4alvv.png" />
        <ResultFile path="WNVM19648\Fail.4p531ykxaqdb.png" />
        <ResultFile path="WNVM19648\Fail.5ckvvlpiahzj.png" />
        <ResultFile path="WNVM19648\Fail.5erbsz3aa4ay.png" />
        <ResultFile path="WNVM19648\Fail.ashpv3rjajjr.png" />
        <ResultFile path="WNVM19648\Fail.aswak04hapa5.png" />
        <ResultFile path="WNVM19648\Fail.azqsczivabnm.png" />
        <ResultFile path="WNVM19648\Fail.byuslv5baqsd.png" />
        <ResultFile path="WNVM19648\Fail.bz134qwyax2e.png" />
        <ResultFile path="WNVM19648\Fail.cwkly5opaa5x.png" />
        <ResultFile path="WNVM19648\Fail.czhshhzmawco.png" />
        <ResultFile path="WNVM19648\Fail.ek4tb3wmalyl.png" />
        <ResultFile path="WNVM19648\Fail.fdtmbjciavfs.png" />
        <ResultFile path="WNVM19648\Fail.fh0tepfdaffp.png" />
        <ResultFile path="WNVM19648\Fail.hxi2cahnapy2.png" />
        <ResultFile path="WNVM19648\Fail.ig2gsfz5ad1y.png" />
        <ResultFile path="WNVM19648\Fail.iwqb3wycasom.png" />
        <ResultFile path="WNVM19648\Fail.iymeazuqablz.png" />
        <ResultFile path="WNVM19648\Fail.jnwm2z2la0nn.png" />
        <ResultFile path="WNVM19648\Fail.jpga4adlarrf.png" />
        <ResultFile path="WNVM19648\Fail.k12p4vaeagac.png" />
        <ResultFile path="WNVM19648\Fail.k5bctzara353.png" />
        <ResultFile path="WNVM19648\Fail.kfb5og41ajlt.png" />
        <ResultFile path="WNVM19648\Fail.kp4fcfcpa5bw.png" />
        <ResultFile path="WNVM19648\Fail.kxs1ersmaxma.png" />
        <ResultFile path="WNVM19648\Fail.l5uqbrmmaymp.png" />
        <ResultFile path="WNVM19648\Fail.lbyrcmqbastb.png" />
        <ResultFile path="WNVM19648\Fail.loc0xhl5a2hr.png" />
        <ResultFile path="WNVM19648\Fail.lthgvalfaxfr.png" />
        <ResultFile path="WNVM19648\Fail.mazsob3aamsp.png" />
        <ResultFile path="WNVM19648\Fail.n13clx4iaowv.png" />
        <ResultFile path="WNVM19648\Fail.n3c2bmltan5e.png" />
        <ResultFile path="WNVM19648\Fail.o4kkrjboasbk.png" />
        <ResultFile path="WNVM19648\Fail.o5zf0zepaw0l.png" />
        <ResultFile path="WNVM19648\Fail.pdo2mhdtanq2.png" />
        <ResultFile path="WNVM19648\Fail.pprwzak1ac5h.png" />
        <ResultFile path="WNVM19648\Fail.qagtqbftat3h.png" />
        <ResultFile path="WNVM19648\Fail.qbnuydioazjy.png" />
        <ResultFile path="WNVM19648\Fail.raasvsmeanc1.png" />
        <ResultFile path="WNVM19648\Fail.rymman3va50a.png" />
        <ResultFile path="WNVM19648\Fail.sidku4gxamg4.png" />
        <ResultFile path="WNVM19648\Fail.swwzdfhraz25.png" />
        <ResultFile path="WNVM19648\Fail.t4yj0fxuatil.png" />
        <ResultFile path="WNVM19648\Fail.v0ywfcwsa23p.png" />
        <ResultFile path="WNVM19648\Fail.vedy4wlua0xf.png" />
        <ResultFile path="WNVM19648\Fail.vjqtiv2zaclz.png" />
        <ResultFile path="WNVM19648\Fail.w3wlbab1aii5.png" />
        <ResultFile path="WNVM19648\Fail.wiz4mofdavag.png" />
        <ResultFile path="WNVM19648\Fail.xasrdkzvaogc.png" />
        <ResultFile path="WNVM19648\Fail.yd3ferxiaq1c.png" />
        <ResultFile path="WNVM19648\Fail.z10rn0n5ajdm.png" />
        <ResultFile path="WNVM19648\Fail.z2gelfy0aa1q.png" />
        <ResultFile path="WNVM19648\Fail.zpuouf2fa0ib.png" />
        <ResultFile path="WNVM19648\Failure.jpg" />
        <ResultFile path="WNVM19648\OmniLog.html" />
        <ResultFile path="WNVM19648\OmniLogRawXml.xml" />
        <ResultFile path="WNVM19648\VSTest_BowerIntelliSenseTests_CaseSensitivity_Timedout.jpg" />
        <ResultFile path="WNVM19648\VSTest_BowerIntelliSenseTests_End_To_End_Timedout.jpg" />
        <ResultFile path="WNVM19648\VSTest_BowerIntelliSenseTests_UnavailableVersion_Timedout.jpg" />
        <ResultFile path="WNVM19648\VSTest_Generate_AttrModel_Methods_WAP_Code_Behind_CS_Timedout.jpg" />
        <ResultFile path="WNVM19648\VSTest_HitBreakpointAndEditInCSHtml_Timedout.jpg" />
        <ResultFile path="WNVM19648\VSTest_Html_Drag_Drop_JavascriptFile_Timedout.jpg" />
        <ResultFile path="WNVM19648\VSTest_JSON_AutoGeneration_Disabled_TypingWithSchema_Timedout.jpg" />
        <ResultFile path="WNVM19648\VSTest_JSON_AutoGeneration_WithSchema_Timedout.jpg" />
        <ResultFile path="WNVM19648\VSTest_JSON_AutoStructureWithExistingComma_Timedout.jpg" />
        <ResultFile path="WNVM19648\VSTest_JSON_End_To_End_Timedout.jpg" />
        <ResultFile path="WNVM19648\VSTest_JSON_Reference_Completion-Failure-devenv.2508.png" />
        <ResultFile path="WNVM19648\VSTest_JSON_SchemaValidation_FixBasicValidationErrors_Timedout.jpg" />
        <ResultFile path="WNVM19648\VSTest_JSON_Schema_CatalogReload_Timedout.jpg" />
        <ResultFile path="WNVM19648\VSTest_JSON_Schema_Catalog_Timedout.jpg" />
        <ResultFile path="WNVM19648\VSTest_JSON_SuggestedActions_Bower_UninstallBehavior_Timedout.jpg" />
        <ResultFile path="WNVM19648\VSTest_JSON_SuggestedActions_SortProperties_IsPresent_Timedout.jpg" />
        <ResultFile path="WNVM19648\VSTest_NPMIntelliSenseTests_End_To_End_Timedout.jpg" />
        <ResultFile path="WNVM19648\VSTest_NPM_Completion_ScopedPackage_Timedout.jpg" />
        <ResultFile path="WNVM19648\VSTest_NPM_NavigateToHomepage_Timedout.jpg" />
        <ResultFile path="WNVM19648\VSTest_Parser_PTagTest_Timedout.jpg" />
        <ResultFile path="WNVM19648\VSTest_Razor_TagHelpers_OptOut_Timedout.jpg" />
        <ResultFile path="WNVM19648\VSTest_Razor_TagHelpers_Update_CS_File_And_Build_Timedout.jpg" />
        <ResultFile path="WNVM19648\VSTest_Script_Completion_Top_Level_Timedout.jpg" />
        <ResultFile path="WNVM19648\VSTest_SmartIndentInJSInRazorV4_Timedout.jpg" />
      </ResultFiles>
    </UnitTestResult>
    <UnitTestResult executionId="1dc679f3-45e6-49f1-a03b-55a29a7d7695" testId="a750adc9-eb99-eb0b-b020-7ab47e5ef37d" testName="VSTest_RazorCsPasteBesidesAtSign" computerName="WNVM19648" startTime="2018-04-17T01:04:19.2411266-07:00" endTime="2018-04-17T01:04:19.2411266-07:00" testType="13cdc9d9-ddb5-4fa4-a97d-d965ccfc6d4b" outcome="NotExecuted" testListId="8c84fa94-04c1-424b-9868-57a2d4851a1d" relativeResultsDirectory="1dc679f3-45e6-49f1-a03b-55a29a7d7695">
      <Output>
      </Output>
    </UnitTestResult>
    <UnitTestResult executionId="a372e50a-6a0a-48f7-8491-49beefa7a1ba" testId="310072c3-1610-501e-adf0-668a692fb698" testName="VSTest_RazorV4UndoRedo" computerName="WNVM19648" duration="00:00:01.7759554" startTime="2018-04-17T01:12:03.8546334-07:00" endTime="2018-04-17T01:12:05.6305888-07:00" testType="13cdc9d9-ddb5-4fa4-a97d-d965ccfc6d4b" outcome="Failed" testListId="8c84fa94-04c1-424b-9868-57a2d4851a1d" relativeResultsDirectory="a372e50a-6a0a-48f7-8491-49beefa7a1ba">
      <Output>
        <StdOut>+ CSharpGeneralTests::VSTest_RazorV4UndoRedo
    + ApexTest TestInitialize</StdOut>
        <ErrorInfo>
          <Message>Initialization method Microsoft.Test.Apex.ExternalProcessHostTest`2[[Microsoft.Test.Apex.VisualStudio.VisualStudioHostConfiguration, Microsoft.Test.Apex.VisualStudio, Version=15.0.0.0, Culture=neutral, PublicKeyToken=b03f5f7f11d50a3a],[Microsoft.Test.Apex.VisualStudio.VisualStudioHost, Microsoft.Test.Apex.VisualStudio, Version=15.0.0.0, Culture=neutral, PublicKeyToken=b03f5f7f11d50a3a]].TestInitialize threw exception. System.IO.IOException: The process cannot access the file 'C:\school\OmniLog.html' because it is being used by another process.</Message>
          <StackTrace>   at System.IO.__Error.WinIOError(Int32 errorCode, String maybeFullPath)
   at System.IO.FileStream.Init(String path, FileMode mode, FileAccess access, Int32 rights, Boolean useRights, FileShare share, Int32 bufferSize, FileOptions options, SECURITY_ATTRIBUTES secAttrs, String msgPath, Boolean bFromProxy, Boolean useLongPath, Boolean checkHost)
   at System.IO.FileStream..ctor(String path, FileMode mode, FileAccess access)
   at Omni.Logging.Sinks.IncrementalSummarySink.PrepareForWrite() in F:\dd\src\Omni\Log\Omni.Log\Sinks\IncrementalSummarySink.cs:line 169
   at Omni.Logging.Sinks.IncrementalSummarySink.Append(ILogMessage message) in F:\dd\src\Omni\Log\Omni.Log\Sinks\IncrementalSummarySink.cs:line 74
   at Omni.Logging.OmniLog.SendToSinks(LogMessage message) in F:\dd\src\Omni\Log\Omni.Log\OmniLog.cs:line 968
   at Omni.Logging.Log.BeginGroup(String message) in F:\dd\src\Omni\Log\Omni.Log\OmniLog.cs:line 1402
   at Microsoft.Test.Apex.Services.Logging.TestLoggerSinks.OmniLog.OmniLogSink.ActualSink.ScopeEntered(IExecutionScopeHandle scope) in F:\dd\src\omni\Apex\MsTestIntegration\Services\OmniLog\OmniLogSink.cs:line 318
   at Microsoft.Test.Apex.Services.Logging.TestLoggerSinks.OmniLog.OmniLogSink.ScopeEntered(IExecutionScopeHandle scope) in F:\dd\src\omni\Apex\MsTestIntegration\Services\OmniLog\OmniLogSink.cs:line 146
   at Microsoft.Test.Apex.Services.ExecutionScopeService.Enter(TestExecutionPoint testExecutionPoint, String scopeName, Boolean enterVerificationScope, Object context) in F:\dd\src\omni\Apex\Framework\Services\ExecutionScope\ExecutionScopeService.cs:line 228
   at Microsoft.Test.Apex.Services.ExecutionScopeService.Enter(String scopeName, Boolean enterVerificationScope, Object context) in F:\dd\src\omni\Apex\Framework\Services\ExecutionScope\ExecutionScopeService.cs:line 202
   at Microsoft.Test.Apex.Services.ExecutionScopeService.Enter(String scopeName) in F:\dd\src\omni\Apex\Framework\Services\ExecutionScope\ExecutionScopeService.cs:line 80
   at Microsoft.Test.Apex.ApexTest.TestInitialize() in F:\dd\src\omni\Apex\MsTestIntegration\ApexTest.cs:line 423
   at Microsoft.Test.Apex.ExternalProcessHostTest`2.TestInitialize() in F:\dd\src\omni\Apex\MsTestIntegration\ExternalProcessHostTest.cs:line 108</StackTrace>
        </ErrorInfo>
      </Output>
    </UnitTestResult>
    <UnitTestResult executionId="469dc270-a892-4fe0-aa25-96a7d119c1fd" testId="228baf00-84ae-ee61-3de1-ceed556f9e34" testName="VSTest_RazorV4PasteIndentedAtIfInCshtml" computerName="WNVM19648" duration="00:00:04.2111787" startTime="2018-04-17T01:09:49.3687039-07:00" endTime="2018-04-17T01:09:53.5798826-07:00" testType="13cdc9d9-ddb5-4fa4-a97d-d965ccfc6d4b" outcome="Passed" testListId="8c84fa94-04c1-424b-9868-57a2d4851a1d" relativeResultsDirectory="469dc270-a892-4fe0-aa25-96a7d119c1fd">
      <Output>
        <StdOut>+ CSharpGeneralTests::VSTest_RazorV4PasteIndentedAtIfInCshtml
    + ApexTest TestInitialize
    + ExternalProcessHostTest TestInitialize
        (01:11:31.072) [Visual Studio Host (4384):RoamingSettingsService] Disabling roaming settings.
        (01:11:31.240) [Visual Studio Host (4384):SettingsService] Setting Visual Studio option 'Environment\RoamingSettings\RoamingEnabled' to 'False'.
        (01:11:31.599) [Visual Studio Host (4384):TextEditorDocumentWindowTestExtension] Showing window 'empty.cshtml' without activating the window.
        (01:11:31.778) [Visual Studio Host (4384):TextEditorDocumentWindowTestExtension] Showing window 'empty.cshtml'.
        (01:11:31.924) [Visual Studio Host (4384):VisualStudioTextEditorTestExtension] Setting keyboard focus to editor 'empty.cshtml'.
        (01:11:32.064) [Visual Studio Host (4384):MainWindowService] Activating main window to bring it to the foreground.
        (01:11:32.198) [Visual Studio Host (4384):MainWindowService] Setting main window state to 'Maximized'.
    (01:11:32.879) [Visual Studio Host (4384):TextEditorDocumentWindowTestExtension] Showing window 'empty.cshtml' without activating the window.
    (01:11:33.024) [Visual Studio Host (4384):TextEditorDocumentWindowTestExtension] Showing window 'empty.cshtml'.
    + ExternalProcessHostTest TestCleanup
        (01:11:33.317) [Visual Studio Host (4384):TextEditorDocumentWindowTestExtension] Closing window 'empty.cshtml'.
        (01:11:33.582) [Platform:Testcase] Test 'VSTest_RazorV4PasteIndentedAtIfInCshtml' has 'Passed' outcome. Therefore, Apex will not shut down the 'Visual Studio Host (4384)' with process ID '4384'. A subsequent test scenario will run on the same instance of the host.
    + Final Test Result Verification
        (01:11:34.006) [Platform:DelayedAssertionVerifierSink] Verification Success: 0 verification steps failed.
    + ApexTest TestCleanup</StdOut>
      </Output>
      <ResultFiles>
        <ResultFile path="WNVM19648\Fail.azqsczivabnm.png" />
        <ResultFile path="WNVM19648\Fail.ig2gsfz5ad1y.png" />
        <ResultFile path="WNVM19648\Fail.o5zf0zepaw0l.png" />
        <ResultFile path="WNVM19648\Fail.raasvsmeanc1.png" />
        <ResultFile path="WNVM19648\Fail.t4yj0fxuatil.png" />
        <ResultFile path="WNVM19648\Fail.z10rn0n5ajdm.png" />
        <ResultFile path="WNVM19648\OmniLog.html" />
        <ResultFile path="WNVM19648\OmniLogRawXml.xml" />
      </ResultFiles>
    </UnitTestResult>
    <UnitTestResult executionId="4c9a4964-50e6-4b11-9a61-f8431fe9a388" testId="9edf23e0-e9aa-695b-003e-8648dfae894b" testName="VSTest_Completion_NoDuplicates" computerName="WNVM19648" duration="00:00:03.5312593" startTime="2018-04-17T00:17:22.5621036-07:00" endTime="2018-04-17T00:17:26.0933629-07:00" testType="13cdc9d9-ddb5-4fa4-a97d-d965ccfc6d4b" outcome="Passed" testListId="8c84fa94-04c1-424b-9868-57a2d4851a1d" relativeResultsDirectory="4c9a4964-50e6-4b11-9a61-f8431fe9a388">
      <Output>
        <StdOut>+ CompletionTests::VSTest_Completion_NoDuplicates
    + ApexTest TestInitialize
    + ExternalProcessHostTest TestInitialize
        (19:03.909) [Visual Studio Host (6956):RoamingSettingsService] Disabling roaming settings.
        (19:03.967) [Visual Studio Host (6956):SettingsService] Setting Visual Studio option 'Environment\RoamingSettings\RoamingEnabled' to 'False'.
        (19:04.349) [Visual Studio Host (6956):TextEditorDocumentWindowTestExtension] Showing window 'Completion.html' without activating the window.
        (19:04.420) [Visual Studio Host (6956):TextEditorDocumentWindowTestExtension] Showing window 'Completion.html'.
        (19:04.536) [Visual Studio Host (6956):VisualStudioTextEditorTestExtension] Setting keyboard focus to editor 'Completion.html'.
        (19:04.605) [Visual Studio Host (6956):MainWindowService] Activating main window to bring it to the foreground.
        (19:04.703) [Visual Studio Host (6956):MainWindowService] Setting main window state to 'Maximized'.
    (19:04.890) [Visual Studio Host (6956):TextEditorDocumentWindowTestExtension] Showing window 'Completion.html' without activating the window.
    (19:04.978) [Visual Studio Host (6956):TextEditorDocumentWindowTestExtension] Showing window 'Completion.html'.
    (19:05.065) [Visual Studio Host (6956):VisualStudioCaretTestExtension] Moving the caret to '&lt;body&gt;' at (Ln: 13, Ch: 1) based on a regular expression.  Expression = "&lt;body&gt;" [group index '0', match index '1', options 'Singleline, CultureInvariant']
    (19:05.287) [Visual Studio Host (6956):TextEditorDocumentWindowTestExtension] Showing window 'Completion.html' without activating the window.
    (19:05.468) [Visual Studio Host (6956):TextEditorDocumentWindowTestExtension] Showing window 'Completion.html'.
    (19:05.697) [Visual Studio Host (6956):VisualStudioCaretTestExtension] Moving the caret from (Ln: 13, Ch: 1) down '1' lines
    (19:05.756) [Visual Studio Host (6956):VisualStudioTextEditorTestExtension] Setting keyboard focus to editor 'Completion.html'.
    (19:05.824) [Visual Studio Host (6956):TextEditorDocumentWindowTestExtension] Showing window 'Completion.html' without activating the window.
    (19:05.878) [Visual Studio Host (6956):TextEditorDocumentWindowTestExtension] Showing window 'Completion.html'.
    (19:05.940) [Visual Studio Host (6956):VisualStudioIntellisenseService] Invoking Completion member list at '(Ln: 14, Ch: 1)'.
    (19:06.105) [Visual Studio Host (6956):VisualStudioCompletionListTestExtension] Retrieved '94' completion items.
    + ExternalProcessHostTest TestCleanup
        (19:06.476) [Visual Studio Host (6956):TextEditorDocumentWindowTestExtension] Closing window 'Completion.html'.
        (19:06.732) [Platform:Testcase] Test 'VSTest_Completion_NoDuplicates' has 'Passed' outcome. Therefore, Apex will not shut down the 'Visual Studio Host (6956)' with process ID '6956'. A subsequent test scenario will run on the same instance of the host.
    + Final Test Result Verification
        (19:06.915) [Platform:DelayedAssertionVerifierSink] Verification Success: 0 verification steps failed.
    + ApexTest TestCleanup</StdOut>
      </Output>
      <ResultFiles>
        <ResultFile path="WNVM19648\Fail.azqsczivabnm.png" />
        <ResultFile path="WNVM19648\Fail.ig2gsfz5ad1y.png" />
        <ResultFile path="WNVM19648\Fail.o5zf0zepaw0l.png" />
        <ResultFile path="WNVM19648\OmniLog.html" />
        <ResultFile path="WNVM19648\OmniLogRawXml.xml" />
      </ResultFiles>
    </UnitTestResult>
    <UnitTestResult executionId="9e20c53b-3dc1-499c-a81e-306a97c3ed41" testId="835e5605-0dc0-444f-8e3a-e16ed00754a3" testName="VSTest_CSS_OutliningRegions" computerName="WNVM19648" duration="00:00:02.4758112" startTime="2018-04-17T00:28:27.8812784-07:00" endTime="2018-04-17T00:28:30.3570896-07:00" testType="13cdc9d9-ddb5-4fa4-a97d-d965ccfc6d4b" outcome="Passed" testListId="8c84fa94-04c1-424b-9868-57a2d4851a1d" relativeResultsDirectory="9e20c53b-3dc1-499c-a81e-306a97c3ed41">
      <Output>
        <StdOut>+ CssOutliningTests::VSTest_CSS_OutliningRegions
    + ApexTest TestInitialize
    + ExternalProcessHostTest TestInitialize
        (30:09.330) [Visual Studio Host (11564):RoamingSettingsService] Disabling roaming settings.
        (30:09.379) [Visual Studio Host (11564):SettingsService] Setting Visual Studio option 'Environment\RoamingSettings\RoamingEnabled' to 'False'.
        (30:09.677) [Visual Studio Host (11564):TextEditorDocumentWindowTestExtension] Showing window 'OutliningRegions.css' without activating the window.
        (30:09.772) [Visual Studio Host (11564):TextEditorDocumentWindowTestExtension] Showing window 'OutliningRegions.css'.
        (30:09.867) [Visual Studio Host (11564):VisualStudioTextEditorTestExtension] Setting keyboard focus to editor 'OutliningRegions.css'.
        (30:09.990) [Visual Studio Host (11564):MainWindowService] Activating main window to bring it to the foreground.
        (30:10.067) [Visual Studio Host (11564):MainWindowService] Setting main window state to 'Maximized'.
    (30:10.293) [Visual Studio Host (11564):TextEditorDocumentWindowTestExtension] Showing window 'OutliningRegions.css' without activating the window.
    (30:10.368) [Visual Studio Host (11564):TextEditorDocumentWindowTestExtension] Showing window 'OutliningRegions.css'.
    (30:10.480) [Visual Studio Host (11564):VisualStudioOutliningTestExtension] Retrieved '5' outlined regions in the editor.
    + ExternalProcessHostTest TestCleanup
        (30:10.651) [Visual Studio Host (11564):TextEditorDocumentWindowTestExtension] Closing window 'OutliningRegions.css'.
        (30:10.883) [Platform:Testcase] Test 'VSTest_CSS_OutliningRegions' has 'Passed' outcome. Therefore, Apex will not shut down the 'Visual Studio Host (11564)' with process ID '11564'. A subsequent test scenario will run on the same instance of the host.
    + Final Test Result Verification
        (30:11.157) [Platform:DelayedAssertionVerifierSink] Verification Success: 0 verification steps failed.
    + ApexTest TestCleanup</StdOut>
      </Output>
      <ResultFiles>
        <ResultFile path="WNVM19648\Fail.azqsczivabnm.png" />
        <ResultFile path="WNVM19648\Fail.ig2gsfz5ad1y.png" />
        <ResultFile path="WNVM19648\Fail.o5zf0zepaw0l.png" />
        <ResultFile path="WNVM19648\OmniLog.html" />
        <ResultFile path="WNVM19648\OmniLogRawXml.xml" />
      </ResultFiles>
    </UnitTestResult>
    <UnitTestResult executionId="9fd62c9a-4ed0-4337-b7a7-c8fb1c636a62" testId="8eeaff24-d262-b6b0-8ef9-b4aede553e83" testName="VSTest_Html_DiffViewer (LeftOnly)" computerName="WNVM19648" startTime="2018-04-17T00:14:25.9068158-07:00" endTime="2018-04-17T00:14:25.9068158-07:00" testType="13cdc9d9-ddb5-4fa4-a97d-d965ccfc6d4b" outcome="NotExecuted" testListId="8c84fa94-04c1-424b-9868-57a2d4851a1d" relativeResultsDirectory="9fd62c9a-4ed0-4337-b7a7-c8fb1c636a62">
      <Output>
      </Output>
    </UnitTestResult>
    <UnitTestResult executionId="20ce3f2f-5423-4af0-b39c-5639a6744a1d" testId="c81350ad-995c-9355-33a3-8dd1c28bd829" testName="VSTest_SmartIndentInJSInHTML" computerName="WNVM19648" duration="00:00:38.0657838" startTime="2018-04-17T00:23:41.4888191-07:00" endTime="2018-04-17T00:24:19.5546029-07:00" testType="13cdc9d9-ddb5-4fa4-a97d-d965ccfc6d4b" outcome="Passed" testListId="8c84fa94-04c1-424b-9868-57a2d4851a1d" relativeResultsDirectory="20ce3f2f-5423-4af0-b39c-5639a6744a1d">
      <Output>
        <StdOut>+ SmartIndentTests::VSTest_SmartIndentInJSInHTML
    + ApexTest TestInitialize
    + ExternalProcessHostTest TestInitialize
        (25:24.389) [Visual Studio Host (11564):RoamingSettingsService] Disabling roaming settings.
        (25:24.747) [Visual Studio Host (11564):SettingsService] Setting Visual Studio option 'Environment\RoamingSettings\RoamingEnabled' to 'False'.
        (25:26.305) [Visual Studio Host (11564):TextEditorDocumentWindowTestExtension] Showing window 'SmartIndentInJSInHTML.html' without activating the window.
        (25:26.421) [Visual Studio Host (11564):TextEditorDocumentWindowTestExtension] Showing window 'SmartIndentInJSInHTML.html'.
        (25:26.555) [Visual Studio Host (11564):VisualStudioTextEditorTestExtension] Setting keyboard focus to editor 'SmartIndentInJSInHTML.html'.
        (25:26.624) [Visual Studio Host (11564):MainWindowService] Activating main window to bring it to the foreground.
        (25:26.706) [Visual Studio Host (11564):MainWindowService] Setting main window state to 'Maximized'.
    (25:26.868) [Visual Studio Host (11564):TextEditorDocumentWindowTestExtension] Showing window 'SmartIndentInJSInHTML.html' without activating the window.
    (25:26.945) [Visual Studio Host (11564):TextEditorDocumentWindowTestExtension] Showing window 'SmartIndentInJSInHTML.html'.
    (25:27.028) [Visual Studio Host (11564):VisualStudioCaretTestExtension] Moving the caret to '' at (Ln: 15, Ch: 13) based on a regular expression.  Expression = "&lt;script&gt;()" [group index '1', match index '1', options 'Singleline, CultureInvariant']
    (25:27.570) [Visual Studio Host (11564):VisualStudioIntellisenseService] Did not find an active completion session. Please use Verify.IsCompletionListPresent() to make sure that the list is present before requesting the completion session.
    Warning: (25:28.192) [Visual Studio Host (11564):VisualStudioIntellisenseService] No active completion sessions were found for editor 'SmartIndentInJSInHTML.html'.
    (25:28.692) [Visual Studio Host (11564):VisualStudioIntellisenseService] Invoking Completion member list at '(Ln: 15, Ch: 14)'.
    (25:28.749) [Visual Studio Host (11564):VisualStudioIntellisenseService] Did not find an active completion session. Please use Verify.IsCompletionListPresent() to make sure that the list is present before requesting the completion session.
    (25:29.011) [Visual Studio Host (11564):VisualStudioIntellisenseService] Did not find an active completion session. Please use Verify.IsCompletionListPresent() to make sure that the list is present before requesting the completion session.
    (25:29.282) [Visual Studio Host (11564):VisualStudioIntellisenseService] Did not find an active completion session. Please use Verify.IsCompletionListPresent() to make sure that the list is present before requesting the completion session.
    (25:29.562) [Visual Studio Host (11564):VisualStudioIntellisenseService] Did not find an active completion session. Please use Verify.IsCompletionListPresent() to make sure that the list is present before requesting the completion session.
    (25:29.826) [Visual Studio Host (11564):VisualStudioIntellisenseService] Failed to invoke completion list within 1s.
    (25:29.901) [Visual Studio Host (11564):VisualStudioIntellisenseService] Did not find an active completion session. Please use Verify.IsCompletionListPresent() to make sure that the list is present before requesting the completion session.
    Warning: (25:29.972) [Visual Studio Host (11564):VisualStudioIntellisenseService] No active completion sessions were found for editor 'SmartIndentInJSInHTML.html'.
    (25:30.142) [Visual Studio Host (11564):VisualStudioIntellisenseService] Did not find an active completion session. Please use Verify.IsCompletionListPresent() to make sure that the list is present before requesting the completion session.
    Warning: (25:30.220) [Visual Studio Host (11564):VisualStudioIntellisenseService] No active completion sessions were found for editor 'SmartIndentInJSInHTML.html'.
    (25:30.409) [Visual Studio Host (11564):VisualStudioIntellisenseService] Did not find an active completion session. Please use Verify.IsCompletionListPresent() to make sure that the list is present before requesting the completion session.
    Warning: (25:30.464) [Visual Studio Host (11564):VisualStudioIntellisenseService] No active completion sessions were found for editor 'SmartIndentInJSInHTML.html'.
    (25:30.615) [Visual Studio Host (11564):VisualStudioIntellisenseService] Did not find an active completion session. Please use Verify.IsCompletionListPresent() to make sure that the list is present before requesting the completion session.
    Warning: (25:30.667) [Visual Studio Host (11564):VisualStudioIntellisenseService] No active completion sessions were found for editor 'SmartIndentInJSInHTML.html'.
    (25:30.835) [Visual Studio Host (11564):VisualStudioIntellisenseService] Did not find an active completion session. Please use Verify.IsCompletionListPresent() to make sure that the list is present before requesting the completion session.
    Warning: (25:30.905) [Visual Studio Host (11564):VisualStudioIntellisenseService] No active completion sessions were found for editor 'SmartIndentInJSInHTML.html'.
    (25:31.074) [Visual Studio Host (11564):VisualStudioIntellisenseService] Did not find an active completion session. Please use Verify.IsCompletionListPresent() to make sure that the list is present before requesting the completion session.
    Warning: (25:31.147) [Visual Studio Host (11564):VisualStudioIntellisenseService] No active completion sessions were found for editor 'SmartIndentInJSInHTML.html'.
    (25:31.317) [Visual Studio Host (11564):VisualStudioIntellisenseService] Did not find an active completion session. Please use Verify.IsCompletionListPresent() to make sure that the list is present before requesting the completion session.
    Warning: (25:31.380) [Visual Studio Host (11564):VisualStudioIntellisenseService] No active completion sessions were found for editor 'SmartIndentInJSInHTML.html'.
    (25:31.530) [Visual Studio Host (11564):VisualStudioIntellisenseService] Did not find an active completion session. Please use Verify.IsCompletionListPresent() to make sure that the list is present before requesting the completion session.
    Warning: (25:31.595) [Visual Studio Host (11564):VisualStudioIntellisenseService] No active completion sessions were found for editor 'SmartIndentInJSInHTML.html'.
    (25:31.769) [Visual Studio Host (11564):VisualStudioIntellisenseService] Did not find an active completion session. Please use Verify.IsCompletionListPresent() to make sure that the list is present before requesting the completion session.
    Warning: (25:31.819) [Visual Studio Host (11564):VisualStudioIntellisenseService] No active completion sessions were found for editor 'SmartIndentInJSInHTML.html'.
    (25:31.981) [Visual Studio Host (11564):VisualStudioIntellisenseService] Did not find an active completion session. Please use Verify.IsCompletionListPresent() to make sure that the list is present before requesting the completion session.
    Warning: (25:32.037) [Visual Studio Host (11564):VisualStudioIntellisenseService] No active completion sessions were found for editor 'SmartIndentInJSInHTML.html'.
    (25:32.208) [Visual Studio Host (11564):VisualStudioIntellisenseService] Did not find an active completion session. Please use Verify.IsCompletionListPresent() to make sure that the list is present before requesting the completion session.
    Warning: (25:32.277) [Visual Studio Host (11564):VisualStudioIntellisenseService] No active completion sessions were found for editor 'SmartIndentInJSInHTML.html'.
    (25:32.359) [Visual Studio Host (11564):VisualStudioIntellisenseService] Invoking Completion member list at '(Ln: 15, Ch: 14)'.
    (25:32.418) [Visual Studio Host (11564):VisualStudioIntellisenseService] Did not find an active completion session. Please use Verify.IsCompletionListPresent() to make sure that the list is present before requesting the completion session.
    (25:32.685) [Visual Studio Host (11564):VisualStudioIntellisenseService] Did not find an active completion session. Please use Verify.IsCompletionListPresent() to make sure that the list is present before requesting the completion session.
    (25:32.959) [Visual Studio Host (11564):VisualStudioIntellisenseService] Did not find an active completion session. Please use Verify.IsCompletionListPresent() to make sure that the list is present before requesting the completion session.
    (25:33.220) [Visual Studio Host (11564):VisualStudioIntellisenseService] Did not find an active completion session. Please use Verify.IsCompletionListPresent() to make sure that the list is present before requesting the completion session.
    (25:33.475) [Visual Studio Host (11564):VisualStudioIntellisenseService] Failed to invoke completion list within 1s.
    (25:33.526) [Visual Studio Host (11564):VisualStudioIntellisenseService] Did not find an active completion session. Please use Verify.IsCompletionListPresent() to make sure that the list is present before requesting the completion session.
    Warning: (25:33.584) [Visual Studio Host (11564):VisualStudioIntellisenseService] No active completion sessions were found for editor 'SmartIndentInJSInHTML.html'.
    (25:33.857) [Visual Studio Host (11564):VisualStudioIntellisenseService] Did not find an active completion session. Please use Verify.IsCompletionListPresent() to make sure that the list is present before requesting the completion session.
    Warning: (25:33.918) [Visual Studio Host (11564):VisualStudioIntellisenseService] No active completion sessions were found for editor 'SmartIndentInJSInHTML.html'.
    (25:34.073) [Visual Studio Host (11564):VisualStudioIntellisenseService] Did not find an active completion session. Please use Verify.IsCompletionListPresent() to make sure that the list is present before requesting the completion session.
    Warning: (25:34.127) [Visual Studio Host (11564):VisualStudioIntellisenseService] No active completion sessions were found for editor 'SmartIndentInJSInHTML.html'.
    (25:34.298) [Visual Studio Host (11564):VisualStudioIntellisenseService] Did not find an active completion session. Please use Verify.IsCompletionListPresent() to make sure that the list is present before requesting the completion session.
    Warning: (25:34.367) [Visual Studio Host (11564):VisualStudioIntellisenseService] No active completion sessions were found for editor 'SmartIndentInJSInHTML.html'.
    (25:34.531) [Visual Studio Host (11564):VisualStudioIntellisenseService] Did not find an active completion session. Please use Verify.IsCompletionListPresent() to make sure that the list is present before requesting the completion session.
    Warning: (25:34.598) [Visual Studio Host (11564):VisualStudioIntellisenseService] No active completion sessions were found for editor 'SmartIndentInJSInHTML.html'.
    (25:34.753) [Visual Studio Host (11564):VisualStudioIntellisenseService] Did not find an active completion session. Please use Verify.IsCompletionListPresent() to make sure that the list is present before requesting the completion session.
    Warning: (25:34.814) [Visual Studio Host (11564):VisualStudioIntellisenseService] No active completion sessions were found for editor 'SmartIndentInJSInHTML.html'.
    (25:34.981) [Visual Studio Host (11564):VisualStudioIntellisenseService] Did not find an active completion session. Please use Verify.IsCompletionListPresent() to make sure that the list is present before requesting the completion session.
    Warning: (25:35.045) [Visual Studio Host (11564):VisualStudioIntellisenseService] No active completion sessions were found for editor 'SmartIndentInJSInHTML.html'.
    (25:35.197) [Visual Studio Host (11564):VisualStudioIntellisenseService] Did not find an active completion session. Please use Verify.IsCompletionListPresent() to make sure that the list is present before requesting the completion session.
    Warning: (25:35.262) [Visual Studio Host (11564):VisualStudioIntellisenseService] No active completion sessions were found for editor 'SmartIndentInJSInHTML.html'.
    (25:35.437) [Visual Studio Host (11564):VisualStudioIntellisenseService] Did not find an active completion session. Please use Verify.IsCompletionListPresent() to make sure that the list is present before requesting the completion session.
    Warning: (25:35.543) [Visual Studio Host (11564):VisualStudioIntellisenseService] No active completion sessions were found for editor 'SmartIndentInJSInHTML.html'.
    (25:35.720) [Visual Studio Host (11564):VisualStudioIntellisenseService] Did not find an active completion session. Please use Verify.IsCompletionListPresent() to make sure that the list is present before requesting the completion session.
    Warning: (25:35.784) [Visual Studio Host (11564):VisualStudioIntellisenseService] No active completion sessions were found for editor 'SmartIndentInJSInHTML.html'.
    (25:35.854) [Visual Studio Host (11564):VisualStudioIntellisenseService] Invoking Completion member list at '(Ln: 15, Ch: 14)'.
    (25:35.925) [Visual Studio Host (11564):VisualStudioIntellisenseService] Did not find an active completion session. Please use Verify.IsCompletionListPresent() to make sure that the list is present before requesting the completion session.
    (25:36.348) [Visual Studio Host (11564):VisualStudioIntellisenseService] Getting the active completion at position '(Ln: 15, Ch: 14)'.
    (25:36.455) [Visual Studio Host (11564):KeyboardCommands] Sending the Escape key 1 times.
    (25:36.561) [Visual Studio Host (11564):KeyboardCommands] Sending '1' spaces.
    (25:36.664) [Visual Studio Host (11564):VisualStudioCaretTestExtension] Moving the caret from (Ln: 15, Ch: 13) to (Ln: 1, Ch: 1)
    (25:36.756) [Visual Studio Host (11564):TextEditorDocumentWindowTestExtension] Showing window 'SmartIndentInJSInHTML.html' without activating the window.
    (25:36.807) [Visual Studio Host (11564):TextEditorDocumentWindowTestExtension] Showing window 'SmartIndentInJSInHTML.html'.
    (25:36.914) [Visual Studio Host (11564):TextEditorDocumentWindowTestExtension] Showing window 'SmartIndentInJSInHTML.html' without activating the window.
    (25:36.971) [Visual Studio Host (11564):TextEditorDocumentWindowTestExtension] Showing window 'SmartIndentInJSInHTML.html'.
    (25:37.034) [Visual Studio Host (11564):VisualStudioCaretTestExtension] Moving the caret from (Ln: 1, Ch: 1) to (Ln: 15, Ch: 13)
    (25:37.155) [Visual Studio Host (11564):VisualStudioTextEditingActions] Inserting text combine CRLF as single return: '
' at the current caret position: '(Ln: 15, Ch: 13)'
    (25:37.559) [Visual Studio Host (11564):TextEditorDocumentWindowTestExtension] Showing window 'SmartIndentInJSInHTML.html' without activating the window.
    (25:37.951) [Visual Studio Host (11564):TextEditorDocumentWindowTestExtension] Showing window 'SmartIndentInJSInHTML.html'.
    (25:38.400) [Visual Studio Host (11564):TextEditorDocumentWindowTestExtension] Showing window 'SmartIndentInJSInHTML.html' without activating the window.
    (25:38.762) [Visual Studio Host (11564):TextEditorDocumentWindowTestExtension] Showing window 'SmartIndentInJSInHTML.html'.
    (25:39.092) [Visual Studio Host (11564):VisualStudioCaretTestExtension] Moving the caret from (Ln: 16, Ch: 9) to (Ln: 6, Ch: 25)
    (25:39.391) [Visual Studio Host (11564):VisualStudioTextEditingActions] Inserting text combine CRLF as single return: '
' at the current caret position: '(Ln: 6, Ch: 25)'
    (25:40.222) [Visual Studio Host (11564):TextEditorDocumentWindowTestExtension] Showing window 'SmartIndentInJSInHTML.html' without activating the window.
    (25:40.598) [Visual Studio Host (11564):TextEditorDocumentWindowTestExtension] Showing window 'SmartIndentInJSInHTML.html'.
    (25:40.994) [Visual Studio Host (11564):TextEditorDocumentWindowTestExtension] Showing window 'SmartIndentInJSInHTML.html' without activating the window.
    (25:41.318) [Visual Studio Host (11564):TextEditorDocumentWindowTestExtension] Showing window 'SmartIndentInJSInHTML.html'.
    (25:41.653) [Visual Studio Host (11564):VisualStudioCaretTestExtension] Moving the caret from (Ln: 7, Ch: 13) to (Ln: 7, Ch: 13)
    (25:41.964) [Visual Studio Host (11564):VisualStudioTextEditingActions] Inserting text combine CRLF as single return: '
' at the current caret position: '(Ln: 7, Ch: 13)'
    (25:42.307) [Visual Studio Host (11564):TextEditorDocumentWindowTestExtension] Showing window 'SmartIndentInJSInHTML.html' without activating the window.
    (25:42.613) [Visual Studio Host (11564):TextEditorDocumentWindowTestExtension] Showing window 'SmartIndentInJSInHTML.html'.
    (25:42.974) [Visual Studio Host (11564):TextEditorDocumentWindowTestExtension] Showing window 'SmartIndentInJSInHTML.html' without activating the window.
    (25:43.284) [Visual Studio Host (11564):TextEditorDocumentWindowTestExtension] Showing window 'SmartIndentInJSInHTML.html'.
    (25:43.597) [Visual Studio Host (11564):VisualStudioCaretTestExtension] Moving the caret from (Ln: 8, Ch: 13) to (Ln: 9, Ch: 24)
    (25:43.909) [Visual Studio Host (11564):VisualStudioTextEditingActions] Inserting text combine CRLF as single return: '
' at the current caret position: '(Ln: 9, Ch: 24)'
    (25:44.252) [Visual Studio Host (11564):TextEditorDocumentWindowTestExtension] Showing window 'SmartIndentInJSInHTML.html' without activating the window.
    (25:44.608) [Visual Studio Host (11564):TextEditorDocumentWindowTestExtension] Showing window 'SmartIndentInJSInHTML.html'.
    (25:44.963) [Visual Studio Host (11564):TextEditorDocumentWindowTestExtension] Showing window 'SmartIndentInJSInHTML.html' without activating the window.
    (25:45.278) [Visual Studio Host (11564):TextEditorDocumentWindowTestExtension] Showing window 'SmartIndentInJSInHTML.html'.
    (25:45.593) [Visual Studio Host (11564):VisualStudioCaretTestExtension] Moving the caret from (Ln: 10, Ch: 17) to (Ln: 10, Ch: 17)
    (25:45.874) [Visual Studio Host (11564):VisualStudioTextEditingActions] Inserting text combine CRLF as single return: '
' at the current caret position: '(Ln: 10, Ch: 17)'
    (25:46.193) [Visual Studio Host (11564):TextEditorDocumentWindowTestExtension] Showing window 'SmartIndentInJSInHTML.html' without activating the window.
    (25:46.553) [Visual Studio Host (11564):TextEditorDocumentWindowTestExtension] Showing window 'SmartIndentInJSInHTML.html'.
    (25:46.976) [Visual Studio Host (11564):TextEditorDocumentWindowTestExtension] Showing window 'SmartIndentInJSInHTML.html' without activating the window.
    (25:47.346) [Visual Studio Host (11564):TextEditorDocumentWindowTestExtension] Showing window 'SmartIndentInJSInHTML.html'.
    (25:47.681) [Visual Studio Host (11564):VisualStudioCaretTestExtension] Moving the caret from (Ln: 11, Ch: 17) to (Ln: 12, Ch: 31)
    (25:48.010) [Visual Studio Host (11564):VisualStudioTextEditingActions] Inserting text combine CRLF as single return: '
' at the current caret position: '(Ln: 12, Ch: 31)'
    (25:48.335) [Visual Studio Host (11564):TextEditorDocumentWindowTestExtension] Showing window 'SmartIndentInJSInHTML.html' without activating the window.
    (25:48.667) [Visual Studio Host (11564):TextEditorDocumentWindowTestExtension] Showing window 'SmartIndentInJSInHTML.html'.
    (25:49.018) [Visual Studio Host (11564):TextEditorDocumentWindowTestExtension] Showing window 'SmartIndentInJSInHTML.html' without activating the window.
    (25:49.371) [Visual Studio Host (11564):TextEditorDocumentWindowTestExtension] Showing window 'SmartIndentInJSInHTML.html'.
    (25:49.709) [Visual Studio Host (11564):VisualStudioCaretTestExtension] Moving the caret from (Ln: 13, Ch: 21) to (Ln: 13, Ch: 21)
    (25:50.075) [Visual Studio Host (11564):VisualStudioTextEditingActions] Inserting text combine CRLF as single return: '
' at the current caret position: '(Ln: 13, Ch: 21)'
    (25:50.488) [Visual Studio Host (11564):TextEditorDocumentWindowTestExtension] Showing window 'SmartIndentInJSInHTML.html' without activating the window.
    (25:50.887) [Visual Studio Host (11564):TextEditorDocumentWindowTestExtension] Showing window 'SmartIndentInJSInHTML.html'.
    (25:51.325) [Visual Studio Host (11564):TextEditorDocumentWindowTestExtension] Showing window 'SmartIndentInJSInHTML.html' without activating the window.
    (25:51.732) [Visual Studio Host (11564):TextEditorDocumentWindowTestExtension] Showing window 'SmartIndentInJSInHTML.html'.
    (25:52.089) [Visual Studio Host (11564):VisualStudioCaretTestExtension] Moving the caret from (Ln: 14, Ch: 21) to (Ln: 17, Ch: 32)
    (25:52.473) [Visual Studio Host (11564):VisualStudioTextEditingActions] Inserting text combine CRLF as single return: '
' at the current caret position: '(Ln: 17, Ch: 32)'
    (25:52.895) [Visual Studio Host (11564):TextEditorDocumentWindowTestExtension] Showing window 'SmartIndentInJSInHTML.html' without activating the window.
    (25:53.397) [Visual Studio Host (11564):TextEditorDocumentWindowTestExtension] Showing window 'SmartIndentInJSInHTML.html'.
    (25:53.969) [Visual Studio Host (11564):TextEditorDocumentWindowTestExtension] Showing window 'SmartIndentInJSInHTML.html' without activating the window.
    (25:54.461) [Visual Studio Host (11564):TextEditorDocumentWindowTestExtension] Showing window 'SmartIndentInJSInHTML.html'.
    (25:54.815) [Visual Studio Host (11564):VisualStudioCaretTestExtension] Moving the caret from (Ln: 18, Ch: 17) to (Ln: 18, Ch: 17)
    (25:55.190) [Visual Studio Host (11564):VisualStudioTextEditingActions] Inserting text combine CRLF as single return: '
' at the current caret position: '(Ln: 18, Ch: 17)'
    (25:55.662) [Visual Studio Host (11564):TextEditorDocumentWindowTestExtension] Showing window 'SmartIndentInJSInHTML.html' without activating the window.
    (25:56.047) [Visual Studio Host (11564):TextEditorDocumentWindowTestExtension] Showing window 'SmartIndentInJSInHTML.html'.
    (25:56.406) [Visual Studio Host (11564):TextEditorDocumentWindowTestExtension] Showing window 'SmartIndentInJSInHTML.html' without activating the window.
    (25:56.757) [Visual Studio Host (11564):TextEditorDocumentWindowTestExtension] Showing window 'SmartIndentInJSInHTML.html'.
    + ExternalProcessHostTest TestCleanup
        (25:57.441) [Visual Studio Host (11564):TextEditorDocumentWindowTestExtension] Closing window 'SmartIndentInJSInHTML.html'.
        (25:57.893) [Platform:Testcase] Test 'VSTest_SmartIndentInJSInHTML' has 'Passed' outcome. Therefore, Apex will not shut down the 'Visual Studio Host (11564)' with process ID '11564'. A subsequent test scenario will run on the same instance of the host.
    + Final Test Result Verification
        (25:58.993) [Platform:DelayedAssertionVerifierSink] Verification Success: 0 verification steps failed.
    + ApexTest TestCleanup</StdOut>
      </Output>
      <ResultFiles>
        <ResultFile path="WNVM19648\Fail.azqsczivabnm.png" />
        <ResultFile path="WNVM19648\Fail.ig2gsfz5ad1y.png" />
        <ResultFile path="WNVM19648\Fail.o5zf0zepaw0l.png" />
        <ResultFile path="WNVM19648\OmniLog.html" />
        <ResultFile path="WNVM19648\OmniLogRawXml.xml" />
      </ResultFiles>
    </UnitTestResult>
    <UnitTestResult executionId="71c683d3-632e-4ee9-8c0a-678b44682069" testId="6d6cbb2a-eafd-356e-2157-0be5df00740f" testName="VSTest_Completion_TypeAtImportsInStyle" computerName="WNVM19648" duration="00:00:12.1676927" startTime="2018-04-17T01:32:39.3928881-07:00" endTime="2018-04-17T01:32:51.5605808-07:00" testType="13cdc9d9-ddb5-4fa4-a97d-d965ccfc6d4b" outcome="Passed" testListId="8c84fa94-04c1-424b-9868-57a2d4851a1d" relativeResultsDirectory="71c683d3-632e-4ee9-8c0a-678b44682069">
      <Output>
        <StdOut>+ CompletionTests::VSTest_Completion_TypeAtImportsInStyle
    + ApexTest TestInitialize
    + ExternalProcessHostTest TestInitialize
        (01:34:21.308) [Visual Studio Host (11640):RoamingSettingsService] Disabling roaming settings.
        (01:34:21.510) [Visual Studio Host (11640):SettingsService] Setting Visual Studio option 'Environment\RoamingSettings\RoamingEnabled' to 'False'.
        (01:34:22.196) [Visual Studio Host (11640):TextEditorDocumentWindowTestExtension] Showing window 'empty.cshtml' without activating the window.
        (01:34:22.434) [Visual Studio Host (11640):TextEditorDocumentWindowTestExtension] Showing window 'empty.cshtml'.
        (01:34:22.642) [Visual Studio Host (11640):VisualStudioTextEditorTestExtension] Setting keyboard focus to editor 'empty.cshtml'.
        (01:34:22.820) [Visual Studio Host (11640):MainWindowService] Activating main window to bring it to the foreground.
        (01:34:23.009) [Visual Studio Host (11640):MainWindowService] Setting main window state to 'Maximized'.
    (01:34:23.406) [Visual Studio Host (11640):TextEditorDocumentWindowTestExtension] Showing window 'empty.cshtml' without activating the window.
    (01:34:23.610) [Visual Studio Host (11640):TextEditorDocumentWindowTestExtension] Showing window 'empty.cshtml'.
    (01:34:23.798) [Visual Studio Host (11640):VisualStudioCaretTestExtension] Moving the caret from (Ln: 1, Ch: 1) to the beginning of the file
    (01:34:23.997) [Visual Studio Host (11640):VisualStudioTextEditorTestExtension] Setting keyboard focus to editor 'empty.cshtml'.
    (01:34:24.171) [Visual Studio Host (11640):TextEditorDocumentWindowTestExtension] Showing window 'empty.cshtml' without activating the window.
    (01:34:24.358) [Visual Studio Host (11640):TextEditorDocumentWindowTestExtension] Showing window 'empty.cshtml'.
    (01:34:24.558) [Visual Studio Host (11640):VisualStudioTextEditingActions] Inserting text: '&lt;style&gt;' at the current caret position: '(Ln: 1, Ch: 1)'
    (01:34:24.961) [Visual Studio Host (11640):TextEditorDocumentWindowTestExtension] Showing window 'empty.cshtml' without activating the window.
    (01:34:25.150) [Visual Studio Host (11640):TextEditorDocumentWindowTestExtension] Showing window 'empty.cshtml'.
    (01:34:25.465) [Visual Studio Host (11640):KeyboardCommands] Sending the Return key 1 times.
    (01:34:25.843) [Visual Studio Host (11640):TextEditorDocumentWindowTestExtension] Showing window 'empty.cshtml' without activating the window.
    (01:34:26.018) [Visual Studio Host (11640):TextEditorDocumentWindowTestExtension] Showing window 'empty.cshtml'.
    (01:34:26.215) [Visual Studio Host (11640):VisualStudioTextEditingActions] Inserting text: '@' at the current caret position: '(Ln: 2, Ch: 5)'
    (01:34:26.974) [Visual Studio Host (11640):TextEditorDocumentWindowTestExtension] Showing window 'empty.cshtml' without activating the window.
    (01:34:27.169) [Visual Studio Host (11640):TextEditorDocumentWindowTestExtension] Showing window 'empty.cshtml'.
    (01:34:27.338) [Visual Studio Host (11640):VisualStudioTextEditingActions] Inserting text: 'i' at the current caret position: '(Ln: 2, Ch: 6)'
    (01:34:27.613) [Visual Studio Host (11640):TextEditorDocumentWindowTestExtension] Showing window 'empty.cshtml' without activating the window.
    (01:34:27.824) [Visual Studio Host (11640):TextEditorDocumentWindowTestExtension] Showing window 'empty.cshtml'.
    (01:34:28.074) [Visual Studio Host (11640):VisualStudioIntellisenseService] Getting the active completion at position '(Ln: 2, Ch: 7)'.
    (01:34:28.366) [Visual Studio Host (11640):VisualStudioCompletionListTestExtension] Unable to find completion item with name 
    (01:34:28.539) [Visual Studio Host (11640):VisualStudioCompletionListTestExtension] Unable to find completion item with name 
    (01:34:28.849) [Visual Studio Host (11640):VisualStudioCompletionListTestExtension] Retrieved '28' completion items.
    (01:34:29.676) [Visual Studio Host (11640):VisualStudioIntellisenseService] Getting the active completion at position '(Ln: 2, Ch: 7)'.
    (01:34:29.909) [Visual Studio Host (11640):VisualStudioCompletionListTestExtension] Found completion item with name 
    (01:34:30.081) [Visual Studio Host (11640):VisualStudioCompletionListTestExtension] Unable to find completion item with name 
    + ExternalProcessHostTest TestCleanup
        (01:34:30.494) [Visual Studio Host (11640):TextEditorDocumentWindowTestExtension] Closing window 'empty.cshtml'.
        (01:34:31.084) [Platform:Testcase] Test 'VSTest_Completion_TypeAtImportsInStyle' has 'Passed' outcome. Therefore, Apex will not shut down the 'Visual Studio Host (11640)' with process ID '11640'. A subsequent test scenario will run on the same instance of the host.
    + Final Test Result Verification
        (01:34:31.717) [Platform:DelayedAssertionVerifierSink] Verification Success: 0 verification steps failed.
    + ApexTest TestCleanup</StdOut>
      </Output>
      <ResultFiles>
        <ResultFile path="WNVM19648\Fail.22wpw0oka5fs.png" />
        <ResultFile path="WNVM19648\Fail.33ju4eduay3u.png" />
        <ResultFile path="WNVM19648\Fail.3poblbx4alvv.png" />
        <ResultFile path="WNVM19648\Fail.ashpv3rjajjr.png" />
        <ResultFile path="WNVM19648\Fail.aswak04hapa5.png" />
        <ResultFile path="WNVM19648\Fail.azqsczivabnm.png" />
        <ResultFile path="WNVM19648\Fail.byuslv5baqsd.png" />
        <ResultFile path="WNVM19648\Fail.ek4tb3wmalyl.png" />
        <ResultFile path="WNVM19648\Fail.ig2gsfz5ad1y.png" />
        <ResultFile path="WNVM19648\Fail.kxs1ersmaxma.png" />
        <ResultFile path="WNVM19648\Fail.loc0xhl5a2hr.png" />
        <ResultFile path="WNVM19648\Fail.o4kkrjboasbk.png" />
        <ResultFile path="WNVM19648\Fail.o5zf0zepaw0l.png" />
        <ResultFile path="WNVM19648\Fail.qbnuydioazjy.png" />
        <ResultFile path="WNVM19648\Fail.raasvsmeanc1.png" />
        <ResultFile path="WNVM19648\Fail.sidku4gxamg4.png" />
        <ResultFile path="WNVM19648\Fail.swwzdfhraz25.png" />
        <ResultFile path="WNVM19648\Fail.t4yj0fxuatil.png" />
        <ResultFile path="WNVM19648\Fail.vjqtiv2zaclz.png" />
        <ResultFile path="WNVM19648\Fail.z10rn0n5ajdm.png" />
        <ResultFile path="WNVM19648\OmniLog.html" />
        <ResultFile path="WNVM19648\OmniLogRawXml.xml" />
      </ResultFiles>
    </UnitTestResult>
    <UnitTestResult executionId="d8ee78b1-6194-4142-9f0f-40319f310c48" testId="5ac9ca03-01f2-4a77-5ea6-a3ddd9326dea" testName="VSTest_UWP_DragDropScriptFile" computerName="WNVM19648" startTime="2018-04-17T00:51:00.5711633-07:00" endTime="2018-04-17T00:51:00.5711633-07:00" testType="13cdc9d9-ddb5-4fa4-a97d-d965ccfc6d4b" outcome="NotExecuted" testListId="8c84fa94-04c1-424b-9868-57a2d4851a1d" relativeResultsDirectory="d8ee78b1-6194-4142-9f0f-40319f310c48">
      <Output>
        <ErrorInfo>
          <Message>Assert.Inconclusive failed. Required component ID "Microsoft.VisualStudio.Workload.Universal" (UWP Workload) was not installed.  Please install this component and rerun the test.</Message>
        </ErrorInfo>
      </Output>
    </UnitTestResult>
    <UnitTestResult executionId="53e9fc72-ff1d-4c8b-9b25-94b1a4f65e85" testId="636ee1a3-70cf-9e1c-0697-515d262ad7be" testName="VSTest_FormatTest6" computerName="WNVM19648" duration="00:00:02.6029365" startTime="2018-04-17T00:30:57.9678836-07:00" endTime="2018-04-17T00:31:00.5708201-07:00" testType="13cdc9d9-ddb5-4fa4-a97d-d965ccfc6d4b" outcome="Passed" testListId="8c84fa94-04c1-424b-9868-57a2d4851a1d" relativeResultsDirectory="53e9fc72-ff1d-4c8b-9b25-94b1a4f65e85">
      <Output>
        <StdOut>+ FormatTests::VSTest_FormatTest6
    + ApexTest TestInitialize
    + ExternalProcessHostTest TestInitialize
        (32:39.405) [Visual Studio Host (11564):RoamingSettingsService] Disabling roaming settings.
        (32:39.461) [Visual Studio Host (11564):SettingsService] Setting Visual Studio option 'Environment\RoamingSettings\RoamingEnabled' to 'False'.
        (32:39.790) [Visual Studio Host (11564):TextEditorDocumentWindowTestExtension] Showing window 'Format6.htm' without activating the window.
        (32:39.922) [Visual Studio Host (11564):TextEditorDocumentWindowTestExtension] Showing window 'Format6.htm'.
        (32:40.011) [Visual Studio Host (11564):VisualStudioTextEditorTestExtension] Setting keyboard focus to editor 'Format6.htm'.
        (32:40.080) [Visual Studio Host (11564):SettingsService] Getting value of Visual Studio Setting 'TextEditor\HTMLX\InsertTabs'. 
        (32:40.153) [Visual Studio Host (11564):SettingsService] Setting Visual Studio option 'TextEditor\HTMLX\InsertTabs' to 'True'.
        (32:40.233) [Visual Studio Host (11564):MainWindowService] Activating main window to bring it to the foreground.
        (32:40.369) [Visual Studio Host (11564):MainWindowService] Setting main window state to 'Maximized'.
    (32:40.606) [Visual Studio Host (11564):TextEditorDocumentWindowTestExtension] Showing window 'Format6.htm' without activating the window.
    (32:40.682) [Visual Studio Host (11564):TextEditorDocumentWindowTestExtension] Showing window 'Format6.htm'.
    + ExternalProcessHostTest TestCleanup
        (32:40.834) [Visual Studio Host (11564):SettingsService] Setting Visual Studio option 'TextEditor\HTMLX\InsertTabs' to 'False'.
        (32:40.965) [Visual Studio Host (11564):TextEditorDocumentWindowTestExtension] Closing window 'Format6.htm'.
        (32:41.163) [Platform:Testcase] Test 'VSTest_FormatTest6' has 'Passed' outcome. Therefore, Apex will not shut down the 'Visual Studio Host (11564)' with process ID '11564'. A subsequent test scenario will run on the same instance of the host.
    + Final Test Result Verification
        (32:41.374) [Platform:DelayedAssertionVerifierSink] Verification Success: 0 verification steps failed.
    + ApexTest TestCleanup</StdOut>
      </Output>
      <ResultFiles>
        <ResultFile path="WNVM19648\Fail.azqsczivabnm.png" />
        <ResultFile path="WNVM19648\Fail.ig2gsfz5ad1y.png" />
        <ResultFile path="WNVM19648\Fail.o5zf0zepaw0l.png" />
        <ResultFile path="WNVM19648\OmniLog.html" />
        <ResultFile path="WNVM19648\OmniLogRawXml.xml" />
      </ResultFiles>
    </UnitTestResult>
    <UnitTestResult executionId="e1239ddb-06f2-41cd-a91c-79255cb120c0" testId="37feb4e0-88d5-d126-bb19-c9aa388fa89f" testName="VSTest_Completion_ForDoctypeDeclaration" computerName="WNVM19648" duration="00:00:04.1248740" startTime="2018-04-17T00:17:29.7523352-07:00" endTime="2018-04-17T00:17:33.8772092-07:00" testType="13cdc9d9-ddb5-4fa4-a97d-d965ccfc6d4b" outcome="Passed" testListId="8c84fa94-04c1-424b-9868-57a2d4851a1d" relativeResultsDirectory="e1239ddb-06f2-41cd-a91c-79255cb120c0">
      <Output>
        <StdOut>+ CompletionTests::VSTest_Completion_ForDoctypeDeclaration
    + ApexTest TestInitialize
    + ExternalProcessHostTest TestInitialize
        (19:11.111) [Visual Studio Host (6956):RoamingSettingsService] Disabling roaming settings.
        (19:11.159) [Visual Studio Host (6956):SettingsService] Setting Visual Studio option 'Environment\RoamingSettings\RoamingEnabled' to 'False'.
        (19:11.531) [Visual Studio Host (6956):TextEditorDocumentWindowTestExtension] Showing window 'CompletionForDoctypeDeclaration.html' without activating the window.
        (19:11.640) [Visual Studio Host (6956):TextEditorDocumentWindowTestExtension] Showing window 'CompletionForDoctypeDeclaration.html'.
        (19:11.737) [Visual Studio Host (6956):VisualStudioTextEditorTestExtension] Setting keyboard focus to editor 'CompletionForDoctypeDeclaration.html'.
        (19:11.797) [Visual Studio Host (6956):MainWindowService] Activating main window to bring it to the foreground.
        (19:11.862) [Visual Studio Host (6956):MainWindowService] Setting main window state to 'Maximized'.
    (19:12.031) [Visual Studio Host (6956):TextEditorDocumentWindowTestExtension] Showing window 'CompletionForDoctypeDeclaration.html' without activating the window.
    (19:12.102) [Visual Studio Host (6956):TextEditorDocumentWindowTestExtension] Showing window 'CompletionForDoctypeDeclaration.html'.
    (19:12.217) [Visual Studio Host (6956):VisualStudioCaretTestExtension] Moving the caret from (Ln: 1, Ch: 1) to (Ln: 1, Ch: 10)
    (19:12.300) [Visual Studio Host (6956):TextEditorDocumentWindowTestExtension] Showing window 'CompletionForDoctypeDeclaration.html' without activating the window.
    (19:12.384) [Visual Studio Host (6956):TextEditorDocumentWindowTestExtension] Showing window 'CompletionForDoctypeDeclaration.html'.
    (19:12.452) [Visual Studio Host (6956):KeyboardCommands] Sending '1' spaces.
    (19:12.533) [Visual Studio Host (6956):TextEditorDocumentWindowTestExtension] Showing window 'CompletionForDoctypeDeclaration.html' without activating the window.
    (19:12.596) [Visual Studio Host (6956):TextEditorDocumentWindowTestExtension] Showing window 'CompletionForDoctypeDeclaration.html'.
    (19:12.661) [Visual Studio Host (6956):VisualStudioIntellisenseService] Invoking Completion member list at '(Ln: 1, Ch: 11)'.
    (19:12.712) [Visual Studio Host (6956):VisualStudioIntellisenseService] Did not find an active completion session. Please use Verify.IsCompletionListPresent() to make sure that the list is present before requesting the completion session.
    (19:12.963) [Visual Studio Host (6956):VisualStudioIntellisenseService] Did not find an active completion session. Please use Verify.IsCompletionListPresent() to make sure that the list is present before requesting the completion session.
    (19:13.213) [Visual Studio Host (6956):VisualStudioIntellisenseService] Did not find an active completion session. Please use Verify.IsCompletionListPresent() to make sure that the list is present before requesting the completion session.
    (19:13.475) [Visual Studio Host (6956):VisualStudioIntellisenseService] Did not find an active completion session. Please use Verify.IsCompletionListPresent() to make sure that the list is present before requesting the completion session.
    (19:13.722) [Visual Studio Host (6956):VisualStudioIntellisenseService] Failed to invoke completion list within 1s.
    (19:13.781) [Visual Studio Host (6956):TextEditorDocumentWindowTestExtension] Showing window 'CompletionForDoctypeDeclaration.html' without activating the window.
    (19:13.838) [Visual Studio Host (6956):TextEditorDocumentWindowTestExtension] Showing window 'CompletionForDoctypeDeclaration.html'.
    (19:13.916) [Visual Studio Host (6956):VisualStudioIntellisenseService] Did not find an active completion session. Please use Verify.IsCompletionListPresent() to make sure that the list is present before requesting the completion session.
    Warning: (19:13.985) [Visual Studio Host (6956):VisualStudioIntellisenseService] No active completion sessions were found for editor 'CompletionForDoctypeDeclaration.html'.
    VerificationPass: (19:14.045) [Visual Studio Host (6956):VisualStudioIntellisenseVerifier] Verification passed: Completion list is not present within a timeout of 00:00:10.
    + ExternalProcessHostTest TestCleanup
        (19:14.194) [Visual Studio Host (6956):TextEditorDocumentWindowTestExtension] Closing window 'CompletionForDoctypeDeclaration.html'.
        (19:14.437) [Platform:Testcase] Test 'VSTest_Completion_ForDoctypeDeclaration' has 'Passed' outcome. Therefore, Apex will not shut down the 'Visual Studio Host (6956)' with process ID '6956'. A subsequent test scenario will run on the same instance of the host.
    + Final Test Result Verification
        (19:14.651) [Platform:DelayedAssertionVerifierSink] Verification Success: 0 verification steps failed.
    + ApexTest TestCleanup</StdOut>
      </Output>
      <ResultFiles>
        <ResultFile path="WNVM19648\Fail.azqsczivabnm.png" />
        <ResultFile path="WNVM19648\Fail.ig2gsfz5ad1y.png" />
        <ResultFile path="WNVM19648\Fail.o5zf0zepaw0l.png" />
        <ResultFile path="WNVM19648\OmniLog.html" />
        <ResultFile path="WNVM19648\OmniLogRawXml.xml" />
      </ResultFiles>
    </UnitTestResult>
    <UnitTestResult executionId="6ac66dc8-e49c-49f8-9067-e48af5ba9992" testId="539c0515-e39f-34d1-abde-812752ddabbd" testName="VSTest_Validate_ASP_Basic_Validation" computerName="WNVM19648" duration="00:00:07.5167624" startTime="2018-04-17T01:23:18.0656852-07:00" endTime="2018-04-17T01:23:25.5824476-07:00" testType="13cdc9d9-ddb5-4fa4-a97d-d965ccfc6d4b" outcome="Passed" testListId="8c84fa94-04c1-424b-9868-57a2d4851a1d" relativeResultsDirectory="6ac66dc8-e49c-49f8-9067-e48af5ba9992">
      <Output>
        <StdOut>+ ValidationTests::VSTest_Validate_ASP_Basic_Validation
    + ApexTest TestInitialize
    + ExternalProcessHostTest TestInitialize
        (01:24:59.851) [Visual Studio Host (10528):RoamingSettingsService] Disabling roaming settings.
        (01:25:00.027) [Visual Studio Host (10528):SettingsService] Setting Visual Studio option 'Environment\RoamingSettings\RoamingEnabled' to 'False'.
        (01:25:00.496) [Visual Studio Host (10528):TextEditorDocumentWindowTestExtension] Showing window 'valid.asp' without activating the window.
        (01:25:00.666) [Visual Studio Host (10528):TextEditorDocumentWindowTestExtension] Showing window 'valid.asp'.
        (01:25:00.831) [Visual Studio Host (10528):VisualStudioTextEditorTestExtension] Setting keyboard focus to editor 'valid.asp'.
        (01:25:00.984) [Visual Studio Host (10528):MainWindowService] Activating main window to bring it to the foreground.
        (01:25:01.131) [Visual Studio Host (10528):MainWindowService] Setting main window state to 'Maximized'.
    (01:25:01.475) [Visual Studio Host (10528):TextEditorDocumentWindowTestExtension] Showing window 'valid.asp' without activating the window.
    (01:25:01.647) [Visual Studio Host (10528):TextEditorDocumentWindowTestExtension] Showing window 'valid.asp'.
    (01:25:01.795) [Visual Studio Host (10528):ToolWindowTestExtension] Showing window 'Error List ...' without activating the window.
    (01:25:01.930) [Visual Studio Host (10528):ErrorListService] Showing error list error items.
    (01:25:02.104) [Visual Studio Host (10528):ToolWindowTestExtension] Showing window 'Error List ...' without activating the window.
    (01:25:02.272) [Visual Studio Host (10528):ErrorListService] Showing error list message items.
    (01:25:02.423) [Visual Studio Host (10528):ToolWindowTestExtension] Showing window 'Error List ...' without activating the window.
    (01:25:02.581) [Visual Studio Host (10528):ErrorListService] Showing error list warning items.
    (01:25:04.748) [Visual Studio Host (10528):TextEditorDocumentWindowTestExtension] Showing window 'valid.asp' without activating the window.
    (01:25:04.892) [Visual Studio Host (10528):TextEditorDocumentWindowTestExtension] Showing window 'valid.asp'.
    + ExternalProcessHostTest TestCleanup
        (01:25:05.204) [Visual Studio Host (10528):TextEditorDocumentWindowTestExtension] Closing window 'valid.asp'.
        (01:25:05.399) [Platform:Testcase] Test 'VSTest_Validate_ASP_Basic_Validation' has 'Passed' outcome. Therefore, Apex will not shut down the 'Visual Studio Host (10528)' with process ID '10528'. A subsequent test scenario will run on the same instance of the host.
    + Final Test Result Verification
        (01:25:05.911) [Platform:DelayedAssertionVerifierSink] Verification Success: 0 verification steps failed.
    + ApexTest TestCleanup</StdOut>
      </Output>
      <ResultFiles>
        <ResultFile path="WNVM19648\Fail.aswak04hapa5.png" />
        <ResultFile path="WNVM19648\Fail.azqsczivabnm.png" />
        <ResultFile path="WNVM19648\Fail.byuslv5baqsd.png" />
        <ResultFile path="WNVM19648\Fail.ek4tb3wmalyl.png" />
        <ResultFile path="WNVM19648\Fail.ig2gsfz5ad1y.png" />
        <ResultFile path="WNVM19648\Fail.kxs1ersmaxma.png" />
        <ResultFile path="WNVM19648\Fail.loc0xhl5a2hr.png" />
        <ResultFile path="WNVM19648\Fail.o4kkrjboasbk.png" />
        <ResultFile path="WNVM19648\Fail.o5zf0zepaw0l.png" />
        <ResultFile path="WNVM19648\Fail.raasvsmeanc1.png" />
        <ResultFile path="WNVM19648\Fail.sidku4gxamg4.png" />
        <ResultFile path="WNVM19648\Fail.t4yj0fxuatil.png" />
        <ResultFile path="WNVM19648\Fail.z10rn0n5ajdm.png" />
        <ResultFile path="WNVM19648\OmniLog.html" />
        <ResultFile path="WNVM19648\OmniLogRawXml.xml" />
      </ResultFiles>
    </UnitTestResult>
    <UnitTestResult executionId="76bb439c-b07b-4be3-a4d9-ed4a71fcd80d" testId="1ee95a73-4196-4c25-8512-a38ee5ff7f26" testName="VSTest_Validate_Html5_Unknown_Xml_Elements" computerName="WNVM19648" duration="00:00:08.0693641" startTime="2018-04-17T01:23:25.5824476-07:00" endTime="2018-04-17T01:23:33.6518117-07:00" testType="13cdc9d9-ddb5-4fa4-a97d-d965ccfc6d4b" outcome="Passed" testListId="8c84fa94-04c1-424b-9868-57a2d4851a1d" relativeResultsDirectory="76bb439c-b07b-4be3-a4d9-ed4a71fcd80d">
      <Output>
        <StdOut>+ ValidationTests::VSTest_Validate_Html5_Unknown_Xml_Elements
    + ApexTest TestInitialize
    + ExternalProcessHostTest TestInitialize
        (01:25:07.443) [Visual Studio Host (10528):RoamingSettingsService] Disabling roaming settings.
        (01:25:07.617) [Visual Studio Host (10528):SettingsService] Setting Visual Studio option 'Environment\RoamingSettings\RoamingEnabled' to 'False'.
        (01:25:08.205) [Visual Studio Host (10528):TextEditorDocumentWindowTestExtension] Showing window 'unknownxml.aspx' without activating the window.
        (01:25:08.615) [Visual Studio Host (10528):TextEditorDocumentWindowTestExtension] Showing window 'unknownxml.aspx'.
        (01:25:08.830) [Visual Studio Host (10528):VisualStudioTextEditorTestExtension] Setting keyboard focus to editor 'unknownxml.aspx'.
        (01:25:09.008) [Visual Studio Host (10528):MainWindowService] Activating main window to bring it to the foreground.
        (01:25:09.177) [Visual Studio Host (10528):MainWindowService] Setting main window state to 'Maximized'.
    (01:25:09.509) [Visual Studio Host (10528):TextEditorDocumentWindowTestExtension] Showing window 'unknownxml.aspx' without activating the window.
    (01:25:09.667) [Visual Studio Host (10528):TextEditorDocumentWindowTestExtension] Showing window 'unknownxml.aspx'.
    (01:25:09.852) [Visual Studio Host (10528):ToolWindowTestExtension] Showing window 'Error List ...' without activating the window.
    (01:25:10.011) [Visual Studio Host (10528):ErrorListService] Showing error list error items.
    (01:25:10.200) [Visual Studio Host (10528):ToolWindowTestExtension] Showing window 'Error List ...' without activating the window.
    (01:25:10.382) [Visual Studio Host (10528):ErrorListService] Showing error list message items.
    (01:25:10.523) [Visual Studio Host (10528):ToolWindowTestExtension] Showing window 'Error List ...' without activating the window.
    (01:25:10.688) [Visual Studio Host (10528):ErrorListService] Showing error list warning items.
    (01:25:12.913) [Visual Studio Host (10528):TextEditorDocumentWindowTestExtension] Showing window 'unknownxml.aspx' without activating the window.
    (01:25:13.065) [Visual Studio Host (10528):TextEditorDocumentWindowTestExtension] Showing window 'unknownxml.aspx'.
    + ExternalProcessHostTest TestCleanup
        (01:25:13.338) [Visual Studio Host (10528):TextEditorDocumentWindowTestExtension] Closing window 'unknownxml.aspx'.
        (01:25:13.540) [Platform:Testcase] Test 'VSTest_Validate_Html5_Unknown_Xml_Elements' has 'Passed' outcome. Therefore, Apex will not shut down the 'Visual Studio Host (10528)' with process ID '10528'. A subsequent test scenario will run on the same instance of the host.
    + Final Test Result Verification
        (01:25:14.009) [Platform:DelayedAssertionVerifierSink] Verification Success: 0 verification steps failed.
    + ApexTest TestCleanup</StdOut>
      </Output>
      <ResultFiles>
        <ResultFile path="WNVM19648\Fail.aswak04hapa5.png" />
        <ResultFile path="WNVM19648\Fail.azqsczivabnm.png" />
        <ResultFile path="WNVM19648\Fail.byuslv5baqsd.png" />
        <ResultFile path="WNVM19648\Fail.ek4tb3wmalyl.png" />
        <ResultFile path="WNVM19648\Fail.ig2gsfz5ad1y.png" />
        <ResultFile path="WNVM19648\Fail.kxs1ersmaxma.png" />
        <ResultFile path="WNVM19648\Fail.loc0xhl5a2hr.png" />
        <ResultFile path="WNVM19648\Fail.o4kkrjboasbk.png" />
        <ResultFile path="WNVM19648\Fail.o5zf0zepaw0l.png" />
        <ResultFile path="WNVM19648\Fail.raasvsmeanc1.png" />
        <ResultFile path="WNVM19648\Fail.sidku4gxamg4.png" />
        <ResultFile path="WNVM19648\Fail.t4yj0fxuatil.png" />
        <ResultFile path="WNVM19648\Fail.z10rn0n5ajdm.png" />
        <ResultFile path="WNVM19648\OmniLog.html" />
        <ResultFile path="WNVM19648\OmniLogRawXml.xml" />
      </ResultFiles>
    </UnitTestResult>
    <UnitTestResult executionId="17751a6e-8d31-4cc4-9ada-9f8a16a052de" testId="a525d9d2-3053-7048-a339-ff541b6be6d6" testName="VSTest_HtmlSuggestedActions_Img_EncodeAsBase64" computerName="WNVM19648" duration="00:00:04.2488652" startTime="2018-04-17T00:13:35.1101235-07:00" endTime="2018-04-17T00:13:39.3589887-07:00" testType="13cdc9d9-ddb5-4fa4-a97d-d965ccfc6d4b" outcome="Passed" testListId="8c84fa94-04c1-424b-9868-57a2d4851a1d" relativeResultsDirectory="17751a6e-8d31-4cc4-9ada-9f8a16a052de">
      <Output>
        <StdOut>+ ImgSuggestedActionsTests::VSTest_HtmlSuggestedActions_Img_EncodeAsBase64
    + ApexTest TestInitialize
    + ExternalProcessHostTest TestInitialize
        (15:16.433) [Visual Studio Host (6956):RoamingSettingsService] Disabling roaming settings.
        (15:16.494) [Visual Studio Host (6956):SettingsService] Setting Visual Studio option 'Environment\RoamingSettings\RoamingEnabled' to 'False'.
        (15:16.788) [Visual Studio Host (6956):TextEditorDocumentWindowTestExtension] Showing window 'img.html' without activating the window.
        (15:16.877) [Visual Studio Host (6956):TextEditorDocumentWindowTestExtension] Showing window 'img.html'.
        (15:16.965) [Visual Studio Host (6956):VisualStudioTextEditorTestExtension] Setting keyboard focus to editor 'img.html'.
        (15:17.032) [Visual Studio Host (6956):MainWindowService] Activating main window to bring it to the foreground.
        (15:17.098) [Visual Studio Host (6956):MainWindowService] Setting main window state to 'Maximized'.
    (15:17.260) [Visual Studio Host (6956):TextEditorDocumentWindowTestExtension] Showing window 'img.html' without activating the window.
    (15:17.335) [Visual Studio Host (6956):TextEditorDocumentWindowTestExtension] Showing window 'img.html'.
    (15:17.410) [Visual Studio Host (6956):VisualStudioCaretTestExtension] Moving the caret to '' at (Ln: 9, Ch: 9) based on a regular expression.  Expression = "&lt;img()" [group index '1', match index '1', options 'Singleline, CultureInvariant']
    (15:17.477) [Visual Studio Host (6956):TextEditorDocumentWindowTestExtension] Showing window 'img.html' without activating the window.
    (15:17.554) [Visual Studio Host (6956):TextEditorDocumentWindowTestExtension] Showing window 'img.html'.
    (15:17.626) [Visual Studio Host (6956):VisualStudioLightBulbService] Did not find an active light bulb session. Please use Verify.IsLightBulbPresent() to make sure that the light bulb is present before requesting the LightBulb session.
    Warning: (15:17.700) [Visual Studio Host (6956):VisualStudioLightBulbService] No light bulb session provided to create a test extension.
    (15:18.036) [Visual Studio Host (6956):VisualStudioLightBulbService] Getting the active light bulb session at position '(Ln: 9, Ch: 9)'.
    VerificationPass: (15:18.094) [Visual Studio Host (6956):VisualStudioLightBulbServiceVerifier] Verification passed: Light bulb is present within a timeout of 00:00:10.
    (15:18.156) [Visual Studio Host (6956):TextEditorDocumentWindowTestExtension] Showing window 'img.html' without activating the window.
    (15:18.203) [Visual Studio Host (6956):TextEditorDocumentWindowTestExtension] Showing window 'img.html'.
    (15:18.284) [Visual Studio Host (6956):VisualStudioLightBulbService] Getting the active light bulb session at position '(Ln: 9, Ch: 9)'.
    (15:18.350) [Visual Studio Host (6956):LightBulbTestExtension] Retrieved '2' light bulb suggested actions.
    (15:18.423) [Visual Studio Host (6956):LightBulbTestExtension] Retrieved '2' light bulb suggested actions.
    VerificationPass: (15:18.479) [Visual Studio Host (6956):LightBulbVerifier] Verification passed: Expected to find a suggested action with text 'Encode image in base64'.
Actual set:
Encode image in base64,
Insert width and height attributes
    (15:18.548) [Visual Studio Host (6956):TextEditorDocumentWindowTestExtension] Showing window 'img.html' without activating the window.
    (15:18.602) [Visual Studio Host (6956):TextEditorDocumentWindowTestExtension] Showing window 'img.html'.
    (15:18.670) [Visual Studio Host (6956):VisualStudioLightBulbService] Getting the active light bulb session at position '(Ln: 9, Ch: 9)'.
    (15:18.726) [Visual Studio Host (6956):LightBulbTestExtension] Retrieved '2' light bulb suggested actions.
    (15:18.781) [Visual Studio Host (6956):LightBulbSuggestedAction] Invoking light bulb suggestion action 'Encode image in base64'.
    (15:18.985) [Visual Studio Host (6956):TextEditorDocumentWindowTestExtension] Showing window 'img.html' without activating the window.
    (15:19.048) [Visual Studio Host (6956):TextEditorDocumentWindowTestExtension] Showing window 'img.html'.
    (15:19.132) [Visual Studio Host (6956):VisualStudioLightBulbService] Did not find an active light bulb session. Please use Verify.IsLightBulbPresent() to make sure that the light bulb is present before requesting the LightBulb session.
    Warning: (15:19.193) [Visual Studio Host (6956):VisualStudioLightBulbService] No light bulb session provided to create a test extension.
    VerificationPass: (15:19.257) [Visual Studio Host (6956):VisualStudioLightBulbServiceVerifier] Verification passed: Signature Help is not present within a timeout of 00:00:10.
    (15:19.335) [Visual Studio Host (6956):TextEditorDocumentWindowTestExtension] Showing window 'img.html' without activating the window.
    (15:19.417) [Visual Studio Host (6956):TextEditorDocumentWindowTestExtension] Showing window 'img.html'.
    VerificationPass: (15:19.495) [Platform:Testcase] Verification passed: String '    &lt;img src="data:image/png;base64,iVBORw0KGgoAAAANSUhEUgAAACgAAAAoCAIAAAADnC86AAAAAXNSR0IArs4c6QAAAARnQU1BAACxjwv8YQUAAAAJcEhZcwAADsMAAA7DAcdvqGQAAAFUSURBVFhHxZJRcsMwCERzlp6nl+0JXepdU4QkhCx5/GZ/whLeOPHneIkJ8dfPt4QflkmJodRwusZA7JQa1gt0xc7kwqUFGmLnkLAoK47uUojtXYSFIW7zUGzPIZg3Sa7FfOwVhE3I1HITL+Z4xI2vOP5+ansFQRczu+/4f7nsIYRFn/xmzfRbreQ3mxRi4C5KWBiGC0MaYuBOS1hcBFWGrhjY604QVBnui4W4jYnEmbuZnSZZMUcd8pvKxBNLWLRIrimD/1iwFxEWFZkdZSwW7EWERclwwZISA3sXYXESVE0mxMAJJPUck5hpsWAdqqknMdvEQnPYY1XM0UVQOXY+MQgqyx2xYK8jLE6aQ8dNMVCBpp5jUrMkBlajpnri2CAWrAZxQ6xZ9oiBNblww7BTDJxSw/piv1hwSg3rk0fEwFkRdo+KgRNLMH9cDF4TC6+JC47jFyfPRCcSov2mAAAAAElFTkSuQmCC" /&gt;' contains sub-string '&lt;img src="data:image/png;base64,iVBORw0KGgoAAAA'
    + ExternalProcessHostTest TestCleanup
        (15:19.610) [Visual Studio Host (6956):TextEditorDocumentWindowTestExtension] Closing window 'img.html'.
        (15:19.857) [Platform:Testcase] Test 'VSTest_HtmlSuggestedActions_Img_EncodeAsBase64' has 'Passed' outcome. Therefore, Apex will not shut down the 'Visual Studio Host (6956)' with process ID '6956'. A subsequent test scenario will run on the same instance of the host.
    + Final Test Result Verification
        (15:20.113) [Platform:DelayedAssertionVerifierSink] Verification Success: 0 verification steps failed.
    + ApexTest TestCleanup</StdOut>
      </Output>
      <ResultFiles>
        <ResultFile path="WNVM19648\Fail.ig2gsfz5ad1y.png" />
        <ResultFile path="WNVM19648\OmniLog.html" />
        <ResultFile path="WNVM19648\OmniLogRawXml.xml" />
      </ResultFiles>
    </UnitTestResult>
    <UnitTestResult executionId="b1ab6b82-1278-40fb-9de0-d439244931ed" testId="7d97611c-a3e5-397f-2536-33008bdfb7d0" testName="VSTest_JSON_Valid_Content_File_Sniffing" computerName="WNVM19648" duration="00:00:05.3596174" startTime="2018-04-17T02:17:08.2960676-07:00" endTime="2018-04-17T02:17:13.6556850-07:00" testType="13cdc9d9-ddb5-4fa4-a97d-d965ccfc6d4b" outcome="Passed" testListId="8c84fa94-04c1-424b-9868-57a2d4851a1d" relativeResultsDirectory="b1ab6b82-1278-40fb-9de0-d439244931ed">
      <Output>
        <StdOut>+ SniffingTests::VSTest_JSON_Valid_Content_File_Sniffing
    + ApexTest TestInitialize
    + ExternalProcessHostTest TestInitialize
        (02:18:50.152) [Visual Studio Host (4596):RoamingSettingsService] Disabling roaming settings.
        (02:18:50.339) [Visual Studio Host (4596):SettingsService] Setting Visual Studio option 'Environment\RoamingSettings\RoamingEnabled' to 'False'.
        (02:18:51.105) [Visual Studio Host (4596):TextEditorDocumentWindowTestExtension] Showing window 'json.foo' without activating the window.
        (02:18:51.339) [Visual Studio Host (4596):TextEditorDocumentWindowTestExtension] Showing window 'json.foo'.
        (02:18:51.558) [Visual Studio Host (4596):VisualStudioTextEditorTestExtension] Setting keyboard focus to editor 'json.foo'.
        (02:18:51.746) [Visual Studio Host (4596):MainWindowService] Activating main window to bring it to the foreground.
        (02:18:51.933) [Visual Studio Host (4596):MainWindowService] Setting main window state to 'Maximized'.
    VerificationPass: (02:18:52.341) [Platform:Testcase] Verification passed: The condition was expected to be true.
    + ExternalProcessHostTest TestCleanup
        (02:18:52.746) [Visual Studio Host (4596):TextEditorDocumentWindowTestExtension] Closing window 'json.foo'.
        (02:18:53.152) [Platform:Testcase] Test 'VSTest_JSON_Valid_Content_File_Sniffing' has 'Passed' outcome. Therefore, Apex will not shut down the 'Visual Studio Host (4596)' with process ID '4596'. A subsequent test scenario will run on the same instance of the host.
    + Final Test Result Verification
        (02:18:53.714) [Platform:DelayedAssertionVerifierSink] Verification Success: 0 verification steps failed.
    + ApexTest TestCleanup</StdOut>
      </Output>
      <ResultFiles>
        <ResultFile path="WNVM19648\Fail.22wpw0oka5fs.png" />
        <ResultFile path="WNVM19648\Fail.24wtv1jnawc3.png" />
        <ResultFile path="WNVM19648\Fail.2dvw33g3abcx.png" />
        <ResultFile path="WNVM19648\Fail.2lws5epta1gw.png" />
        <ResultFile path="WNVM19648\Fail.2osatv43agzz.png" />
        <ResultFile path="WNVM19648\Fail.33ju4eduay3u.png" />
        <ResultFile path="WNVM19648\Fail.3poblbx4alvv.png" />
        <ResultFile path="WNVM19648\Fail.4p531ykxaqdb.png" />
        <ResultFile path="WNVM19648\Fail.5erbsz3aa4ay.png" />
        <ResultFile path="WNVM19648\Fail.ashpv3rjajjr.png" />
        <ResultFile path="WNVM19648\Fail.aswak04hapa5.png" />
        <ResultFile path="WNVM19648\Fail.azqsczivabnm.png" />
        <ResultFile path="WNVM19648\Fail.byuslv5baqsd.png" />
        <ResultFile path="WNVM19648\Fail.bz134qwyax2e.png" />
        <ResultFile path="WNVM19648\Fail.czhshhzmawco.png" />
        <ResultFile path="WNVM19648\Fail.ek4tb3wmalyl.png" />
        <ResultFile path="WNVM19648\Fail.hxi2cahnapy2.png" />
        <ResultFile path="WNVM19648\Fail.ig2gsfz5ad1y.png" />
        <ResultFile path="WNVM19648\Fail.iymeazuqablz.png" />
        <ResultFile path="WNVM19648\Fail.jpga4adlarrf.png" />
        <ResultFile path="WNVM19648\Fail.kfb5og41ajlt.png" />
        <ResultFile path="WNVM19648\Fail.kp4fcfcpa5bw.png" />
        <ResultFile path="WNVM19648\Fail.kxs1ersmaxma.png" />
        <ResultFile path="WNVM19648\Fail.lbyrcmqbastb.png" />
        <ResultFile path="WNVM19648\Fail.loc0xhl5a2hr.png" />
        <ResultFile path="WNVM19648\Fail.lthgvalfaxfr.png" />
        <ResultFile path="WNVM19648\Fail.mazsob3aamsp.png" />
        <ResultFile path="WNVM19648\Fail.n13clx4iaowv.png" />
        <ResultFile path="WNVM19648\Fail.n3c2bmltan5e.png" />
        <ResultFile path="WNVM19648\Fail.o4kkrjboasbk.png" />
        <ResultFile path="WNVM19648\Fail.o5zf0zepaw0l.png" />
        <ResultFile path="WNVM19648\Fail.pdo2mhdtanq2.png" />
        <ResultFile path="WNVM19648\Fail.pprwzak1ac5h.png" />
        <ResultFile path="WNVM19648\Fail.qagtqbftat3h.png" />
        <ResultFile path="WNVM19648\Fail.qbnuydioazjy.png" />
        <ResultFile path="WNVM19648\Fail.raasvsmeanc1.png" />
        <ResultFile path="WNVM19648\Fail.rymman3va50a.png" />
        <ResultFile path="WNVM19648\Fail.sidku4gxamg4.png" />
        <ResultFile path="WNVM19648\Fail.swwzdfhraz25.png" />
        <ResultFile path="WNVM19648\Fail.t4yj0fxuatil.png" />
        <ResultFile path="WNVM19648\Fail.v0ywfcwsa23p.png" />
        <ResultFile path="WNVM19648\Fail.vjqtiv2zaclz.png" />
        <ResultFile path="WNVM19648\Fail.wiz4mofdavag.png" />
        <ResultFile path="WNVM19648\Fail.xasrdkzvaogc.png" />
        <ResultFile path="WNVM19648\Fail.yd3ferxiaq1c.png" />
        <ResultFile path="WNVM19648\Fail.z10rn0n5ajdm.png" />
        <ResultFile path="WNVM19648\Fail.z2gelfy0aa1q.png" />
        <ResultFile path="WNVM19648\Fail.zpuouf2fa0ib.png" />
        <ResultFile path="WNVM19648\OmniLog.html" />
        <ResultFile path="WNVM19648\OmniLogRawXml.xml" />
      </ResultFiles>
    </UnitTestResult>
    <UnitTestResult executionId="21a48ec7-a79a-4cd6-b9df-27ca7ae12150" testId="9014a79b-3b2f-2b34-d5ba-f64506fb9e76" testName="VSTest_JSON_SchemaCompletion" computerName="WNVM19648" duration="00:00:06.6942473" startTime="2018-04-17T00:52:53.3707786-07:00" endTime="2018-04-17T00:53:00.0650259-07:00" testType="13cdc9d9-ddb5-4fa4-a97d-d965ccfc6d4b" outcome="Passed" testListId="8c84fa94-04c1-424b-9868-57a2d4851a1d" relativeResultsDirectory="21a48ec7-a79a-4cd6-b9df-27ca7ae12150">
      <Output>
        <StdOut>+ SchemaCompletionTests::VSTest_JSON_SchemaCompletion
    + ApexTest TestInitialize
    + ExternalProcessHostTest TestInitialize
        (54:35.082) [Visual Studio Host (4384):RoamingSettingsService] Disabling roaming settings.
        (54:35.225) [Visual Studio Host (4384):SettingsService] Setting Visual Studio option 'Environment\RoamingSettings\RoamingEnabled' to 'False'.
        (54:36.315) [Visual Studio Host (4384):TextEditorDocumentWindowTestExtension] Showing window 'EmptyWithoutSchema.json' without activating the window.
        (54:36.509) [Visual Studio Host (4384):TextEditorDocumentWindowTestExtension] Showing window 'EmptyWithoutSchema.json'.
        (54:36.660) [Visual Studio Host (4384):VisualStudioTextEditorTestExtension] Setting keyboard focus to editor 'EmptyWithoutSchema.json'.
        (54:36.823) [Visual Studio Host (4384):MainWindowService] Activating main window to bring it to the foreground.
        (54:36.971) [Visual Studio Host (4384):MainWindowService] Setting main window state to 'Maximized'.
    (54:37.240) [Visual Studio Host (4384):TextEditorDocumentWindowTestExtension] Showing window 'EmptyWithoutSchema.json' without activating the window.
    (54:37.363) [Visual Studio Host (4384):TextEditorDocumentWindowTestExtension] Showing window 'EmptyWithoutSchema.json'.
    (54:37.533) [Visual Studio Host (4384):VisualStudioCaretTestExtension] Moving the caret from (Ln: 1, Ch: 1) to (Ln: 2, Ch: 1)
    (54:37.675) [Visual Studio Host (4384):TextEditorDocumentWindowTestExtension] Showing window 'EmptyWithoutSchema.json' without activating the window.
    (54:37.801) [Visual Studio Host (4384):TextEditorDocumentWindowTestExtension] Showing window 'EmptyWithoutSchema.json'.
    (54:37.944) [Visual Studio Host (4384):KeyboardCommands] Sending '1' tabs.
    (54:38.164) [Visual Studio Host (4384):TextEditorDocumentWindowTestExtension] Showing window 'EmptyWithoutSchema.json' without activating the window.
    (54:38.306) [Visual Studio Host (4384):TextEditorDocumentWindowTestExtension] Showing window 'EmptyWithoutSchema.json'.
    (54:38.830) [Visual Studio Host (4384):TextEditorDocumentWindowTestExtension] Showing window 'EmptyWithoutSchema.json' without activating the window.
    (54:39.014) [Visual Studio Host (4384):TextEditorDocumentWindowTestExtension] Showing window 'EmptyWithoutSchema.json'.
    (54:39.177) [Visual Studio Host (4384):VisualStudioIntellisenseService] Getting the active completion at position '(Ln: 2, Ch: 14)'.
    (54:39.353) [Visual Studio Host (4384):VisualStudioCompletionListTestExtension] Found completion item with name 
    (54:39.497) [Visual Studio Host (4384):VisualStudioCompletionListTestExtension] Found completion item with name 
    + ExternalProcessHostTest TestCleanup
        (54:39.764) [Visual Studio Host (4384):TextEditorDocumentWindowTestExtension] Closing window 'EmptyWithoutSchema.json'.
        (54:40.052) [Platform:Testcase] Test 'VSTest_JSON_SchemaCompletion' has 'Passed' outcome. Therefore, Apex will not shut down the 'Visual Studio Host (4384)' with process ID '4384'. A subsequent test scenario will run on the same instance of the host.
    + Final Test Result Verification
        (54:40.460) [Platform:DelayedAssertionVerifierSink] Verification Success: 0 verification steps failed.
    + ApexTest TestCleanup</StdOut>
      </Output>
      <ResultFiles>
        <ResultFile path="WNVM19648\Fail.azqsczivabnm.png" />
        <ResultFile path="WNVM19648\Fail.ig2gsfz5ad1y.png" />
        <ResultFile path="WNVM19648\Fail.o5zf0zepaw0l.png" />
        <ResultFile path="WNVM19648\Fail.z10rn0n5ajdm.png" />
        <ResultFile path="WNVM19648\OmniLog.html" />
        <ResultFile path="WNVM19648\OmniLogRawXml.xml" />
      </ResultFiles>
    </UnitTestResult>
    <UnitTestResult executionId="67ce8d65-fac3-4a7f-bf16-cc4e8aac97bf" testId="dffd33e8-e60c-b35d-6ea2-716ce371d950" testName="VSTest_Validate_Html5ImplicitHtmlTag" computerName="WNVM19648" duration="00:00:07.7753309" startTime="2018-04-17T00:48:21.1751209-07:00" endTime="2018-04-17T00:48:28.9504518-07:00" testType="13cdc9d9-ddb5-4fa4-a97d-d965ccfc6d4b" outcome="Passed" testListId="8c84fa94-04c1-424b-9868-57a2d4851a1d" relativeResultsDirectory="67ce8d65-fac3-4a7f-bf16-cc4e8aac97bf">
      <Output>
        <StdOut>+ ValidationTests::VSTest_Validate_Html5ImplicitHtmlTag
    + ApexTest TestInitialize
    + ExternalProcessHostTest TestInitialize
        (50:02.927) [Visual Studio Host (9888):RoamingSettingsService] Disabling roaming settings.
        (50:03.088) [Visual Studio Host (9888):SettingsService] Setting Visual Studio option 'Environment\RoamingSettings\RoamingEnabled' to 'False'.
        (50:03.491) [Visual Studio Host (9888):TextEditorDocumentWindowTestExtension] Showing window 'html5implicithtmltag.html' without activating the window.
        (50:03.686) [Visual Studio Host (9888):TextEditorDocumentWindowTestExtension] Showing window 'html5implicithtmltag.html'.
        (50:03.871) [Visual Studio Host (9888):VisualStudioTextEditorTestExtension] Setting keyboard focus to editor 'html5implicithtmltag.html'.
        (50:04.037) [Visual Studio Host (9888):MainWindowService] Activating main window to bring it to the foreground.
        (50:04.203) [Visual Studio Host (9888):MainWindowService] Setting main window state to 'Maximized'.
    (50:04.510) [Visual Studio Host (9888):TextEditorDocumentWindowTestExtension] Showing window 'html5implicithtmltag.html' without activating the window.
    (50:04.639) [Visual Studio Host (9888):TextEditorDocumentWindowTestExtension] Showing window 'html5implicithtmltag.html'.
    (50:04.786) [Visual Studio Host (9888):ToolWindowTestExtension] Showing window 'Error List' without activating the window.
    (50:04.918) [Visual Studio Host (9888):ErrorListService] Showing error list error items.
    (50:05.091) [Visual Studio Host (9888):ToolWindowTestExtension] Showing window 'Error List' without activating the window.
    (50:05.261) [Visual Studio Host (9888):ErrorListService] Showing error list message items.
    (50:05.488) [Visual Studio Host (9888):ToolWindowTestExtension] Showing window 'Error List' without activating the window.
    (50:05.679) [Visual Studio Host (9888):ErrorListService] Showing error list warning items.
    (50:07.887) [Visual Studio Host (9888):TextEditorDocumentWindowTestExtension] Showing window 'html5implicithtmltag.html' without activating the window.
    (50:08.060) [Visual Studio Host (9888):TextEditorDocumentWindowTestExtension] Showing window 'html5implicithtmltag.html'.
    + ExternalProcessHostTest TestCleanup
        (50:08.393) [Visual Studio Host (9888):TextEditorDocumentWindowTestExtension] Closing window 'html5implicithtmltag.html'.
        (50:08.675) [Platform:Testcase] Test 'VSTest_Validate_Html5ImplicitHtmlTag' has 'Passed' outcome. Therefore, Apex will not shut down the 'Visual Studio Host (9888)' with process ID '9888'. A subsequent test scenario will run on the same instance of the host.
    + Final Test Result Verification
        (50:09.226) [Platform:DelayedAssertionVerifierSink] Verification Success: 0 verification steps failed.
    + ApexTest TestCleanup</StdOut>
      </Output>
      <ResultFiles>
        <ResultFile path="WNVM19648\Fail.azqsczivabnm.png" />
        <ResultFile path="WNVM19648\Fail.ig2gsfz5ad1y.png" />
        <ResultFile path="WNVM19648\Fail.o5zf0zepaw0l.png" />
        <ResultFile path="WNVM19648\Fail.z10rn0n5ajdm.png" />
        <ResultFile path="WNVM19648\OmniLog.html" />
        <ResultFile path="WNVM19648\OmniLogRawXml.xml" />
      </ResultFiles>
    </UnitTestResult>
    <UnitTestResult executionId="4c9d4836-a1a2-4136-b64e-bcb50d808400" testId="1f0161ec-8528-0610-8117-043f9bfd0aff" testName="VSTest_RazorAutoformatVbCode" computerName="WNVM19648" duration="00:00:10.4827786" startTime="2018-04-17T01:05:31.5887963-07:00" endTime="2018-04-17T01:05:42.0715749-07:00" testType="13cdc9d9-ddb5-4fa4-a97d-d965ccfc6d4b" outcome="Passed" testListId="8c84fa94-04c1-424b-9868-57a2d4851a1d" relativeResultsDirectory="4c9d4836-a1a2-4136-b64e-bcb50d808400">
      <Output>
        <StdOut>+ VBGeneralTests::VSTest_RazorAutoformatVbCode
    + ApexTest TestInitialize
    + ExternalProcessHostTest TestInitialize
        (01:07:13.316) [Visual Studio Host (4384):RoamingSettingsService] Disabling roaming settings.
        (01:07:13.486) [Visual Studio Host (4384):SettingsService] Setting Visual Studio option 'Environment\RoamingSettings\RoamingEnabled' to 'False'.
        (01:07:13.817) [Visual Studio Host (4384):TextEditorDocumentWindowTestExtension] Showing window 'empty.vbhtml' without activating the window.
        (01:07:13.993) [Visual Studio Host (4384):TextEditorDocumentWindowTestExtension] Showing window 'empty.vbhtml'.
        (01:07:14.155) [Visual Studio Host (4384):VisualStudioTextEditorTestExtension] Setting keyboard focus to editor 'empty.vbhtml'.
        (01:07:14.286) [Visual Studio Host (4384):MainWindowService] Activating main window to bring it to the foreground.
        (01:07:14.441) [Visual Studio Host (4384):MainWindowService] Setting main window state to 'Maximized'.
    (01:07:14.736) [Visual Studio Host (4384):TextEditorDocumentWindowTestExtension] Showing window 'empty.vbhtml' without activating the window.
    (01:07:14.890) [Visual Studio Host (4384):TextEditorDocumentWindowTestExtension] Showing window 'empty.vbhtml'.
    (01:07:15.037) [Visual Studio Host (4384):VisualStudioTextEditingActions] Inserting text: '@' at the current caret position: '(Ln: 1, Ch: 1)'
    (01:07:15.414) [Visual Studio Host (4384):TextEditorDocumentWindowTestExtension] Showing window 'empty.vbhtml' without activating the window.
    (01:07:15.544) [Visual Studio Host (4384):TextEditorDocumentWindowTestExtension] Showing window 'empty.vbhtml'.
    (01:07:15.693) [Visual Studio Host (4384):VisualStudioTextEditingActions] Inserting text: 'i' at the current caret position: '(Ln: 1, Ch: 2)'
    (01:07:15.885) [Visual Studio Host (4384):TextEditorDocumentWindowTestExtension] Showing window 'empty.vbhtml' without activating the window.
    (01:07:16.066) [Visual Studio Host (4384):TextEditorDocumentWindowTestExtension] Showing window 'empty.vbhtml'.
    (01:07:16.253) [Visual Studio Host (4384):VisualStudioIntellisenseService] Did not find an active completion session. Please use Verify.IsCompletionListPresent() to make sure that the list is present before requesting the completion session.
    Warning: (01:07:16.398) [Visual Studio Host (4384):VisualStudioIntellisenseService] No active completion sessions were found for editor 'empty.vbhtml'.
    (01:07:16.534) [Visual Studio Host (4384):VisualStudioIntellisenseService] Invoking Completion member list at '(Ln: 1, Ch: 3)'.
    (01:07:16.797) [Visual Studio Host (4384):VisualStudioIntellisenseService] Did not find an active completion session. Please use Verify.IsCompletionListPresent() to make sure that the list is present before requesting the completion session.
    (01:07:17.147) [Visual Studio Host (4384):VisualStudioIntellisenseService] Getting the active completion at position '(Ln: 1, Ch: 3)'.
    (01:07:17.281) [Visual Studio Host (4384):VisualStudioCompletionListTestExtension] Found completion item with name 
    (01:07:17.405) [Visual Studio Host (4384):VisualStudioIntellisenseService] Getting the active completion at position '(Ln: 1, Ch: 3)'.
    (01:07:17.543) [Visual Studio Host (4384):VisualStudioCompletionListTestExtension] Found completion item with name 
    (01:07:17.668) [Visual Studio Host (4384):VisualStudioCompletionListTestExtension] Selecting completion item 'If'.
    (01:07:17.841) [Visual Studio Host (4384):VisualStudioCompletionListTestExtension] Committing 'If' completion item.
    (01:07:18.031) [Visual Studio Host (4384):TextEditorDocumentWindowTestExtension] Showing window 'empty.vbhtml' without activating the window.
    (01:07:18.191) [Visual Studio Host (4384):TextEditorDocumentWindowTestExtension] Showing window 'empty.vbhtml'.
    (01:07:18.341) [Visual Studio Host (4384):VisualStudioTextEditingActions] Inserting text: ' t' at the current caret position: '(Ln: 1, Ch: 4)'
    (01:07:18.487) [Visual Studio Host (4384):TextEditorDocumentWindowTestExtension] Showing window 'empty.vbhtml' without activating the window.
    (01:07:18.645) [Visual Studio Host (4384):TextEditorDocumentWindowTestExtension] Showing window 'empty.vbhtml'.
    (01:07:18.802) [Visual Studio Host (4384):VisualStudioIntellisenseService] Getting the active completion at position '(Ln: 1, Ch: 6)'.
    (01:07:18.941) [Visual Studio Host (4384):VisualStudioCompletionListTestExtension] Found completion item with name 
    (01:07:19.110) [Visual Studio Host (4384):VisualStudioIntellisenseService] Getting the active completion at position '(Ln: 1, Ch: 6)'.
    (01:07:19.265) [Visual Studio Host (4384):VisualStudioCompletionListTestExtension] Found completion item with name 
    (01:07:19.403) [Visual Studio Host (4384):VisualStudioCompletionListTestExtension] Selecting completion item 'True'.
    (01:07:19.588) [Visual Studio Host (4384):VisualStudioCompletionListTestExtension] Committing 'True' completion item.
    (01:07:19.767) [Visual Studio Host (4384):TextEditorDocumentWindowTestExtension] Showing window 'empty.vbhtml' without activating the window.
    (01:07:19.913) [Visual Studio Host (4384):TextEditorDocumentWindowTestExtension] Showing window 'empty.vbhtml'.
    (01:07:20.074) [Visual Studio Host (4384):VisualStudioTextEditingActions] Inserting text: ' Then' at the current caret position: '(Ln: 1, Ch: 9)'
    (01:07:20.576) [Visual Studio Host (4384):TextEditorDocumentWindowTestExtension] Showing window 'empty.vbhtml' without activating the window.
    (01:07:20.743) [Visual Studio Host (4384):TextEditorDocumentWindowTestExtension] Showing window 'empty.vbhtml'.
    (01:07:20.935) [Visual Studio Host (4384):VisualStudioTextEditingActions] Inserting text: '' This is a test!' at the current caret position: '(Ln: 2, Ch: 5)'
    (01:07:21.238) [Visual Studio Host (4384):TextEditorDocumentWindowTestExtension] Showing window 'empty.vbhtml' without activating the window.
    (01:07:21.387) [Visual Studio Host (4384):TextEditorDocumentWindowTestExtension] Showing window 'empty.vbhtml'.
    + ExternalProcessHostTest TestCleanup
        (01:07:21.666) [Visual Studio Host (4384):TextEditorDocumentWindowTestExtension] Closing window 'empty.vbhtml'.
        (01:07:21.894) [Platform:Testcase] Test 'VSTest_RazorAutoformatVbCode' has 'Passed' outcome. Therefore, Apex will not shut down the 'Visual Studio Host (4384)' with process ID '4384'. A subsequent test scenario will run on the same instance of the host.
    + Final Test Result Verification
        (01:07:22.348) [Platform:DelayedAssertionVerifierSink] Verification Success: 0 verification steps failed.
    + ApexTest TestCleanup</StdOut>
      </Output>
      <ResultFiles>
        <ResultFile path="WNVM19648\Fail.azqsczivabnm.png" />
        <ResultFile path="WNVM19648\Fail.ig2gsfz5ad1y.png" />
        <ResultFile path="WNVM19648\Fail.o5zf0zepaw0l.png" />
        <ResultFile path="WNVM19648\Fail.raasvsmeanc1.png" />
        <ResultFile path="WNVM19648\Fail.t4yj0fxuatil.png" />
        <ResultFile path="WNVM19648\Fail.z10rn0n5ajdm.png" />
        <ResultFile path="WNVM19648\OmniLog.html" />
        <ResultFile path="WNVM19648\OmniLogRawXml.xml" />
      </ResultFiles>
    </UnitTestResult>
    <UnitTestResult executionId="3f471f49-3a6c-4769-9aaa-a636e06e0852" testId="c8ee674b-be6a-fe0a-3555-9fc2c8d247f3" testName="VSTest_TypingTabSelectionUndoRedo" computerName="WNVM19648" duration="00:00:14.2938553" startTime="2018-04-17T00:47:04.2911764-07:00" endTime="2018-04-17T00:47:18.5850317-07:00" testType="13cdc9d9-ddb5-4fa4-a97d-d965ccfc6d4b" outcome="Passed" testListId="8c84fa94-04c1-424b-9868-57a2d4851a1d" relativeResultsDirectory="3f471f49-3a6c-4769-9aaa-a636e06e0852">
      <Output>
        <StdOut>+ TypingCommandsTests::VSTest_TypingTabSelectionUndoRedo
    + ApexTest TestInitialize
    + ExternalProcessHostTest TestInitialize
        (48:50.081) [Visual Studio Host (9888):RoamingSettingsService] Disabling roaming settings.
        (48:50.894) [Visual Studio Host (9888):SettingsService] Setting Visual Studio option 'Environment\RoamingSettings\RoamingEnabled' to 'False'.
        (48:52.970) [Visual Studio Host (9888):TextEditorDocumentWindowTestExtension] Showing window 'TypingTabSelectionUndoRedo.html' without activating the window.
        (48:53.294) [Visual Studio Host (9888):TextEditorDocumentWindowTestExtension] Showing window 'TypingTabSelectionUndoRedo.html'.
        (48:53.498) [Visual Studio Host (9888):VisualStudioTextEditorTestExtension] Setting keyboard focus to editor 'TypingTabSelectionUndoRedo.html'.
        (48:53.671) [Visual Studio Host (9888):MainWindowService] Activating main window to bring it to the foreground.
        (48:53.822) [Visual Studio Host (9888):MainWindowService] Setting main window state to 'Maximized'.
    (48:54.129) [Visual Studio Host (9888):TextEditorDocumentWindowTestExtension] Showing window 'TypingTabSelectionUndoRedo.html' without activating the window.
    (48:54.316) [Visual Studio Host (9888):TextEditorDocumentWindowTestExtension] Showing window 'TypingTabSelectionUndoRedo.html'.
    (48:54.505) [Visual Studio Host (9888):VisualStudioSelectionTestExtension] Selects all text in the editor.
    (48:54.706) [Visual Studio Host (9888):TextEditorDocumentWindowTestExtension] Showing window 'TypingTabSelectionUndoRedo.html' without activating the window.
    (48:54.903) [Visual Studio Host (9888):TextEditorDocumentWindowTestExtension] Showing window 'TypingTabSelectionUndoRedo.html'.
    (48:55.170) [Visual Studio Host (9888):VisualStudioTextEditingActions] Inserting '2' tabs at the current caret position: '(Ln: 10, Ch: 1)'
    (48:55.436) [Visual Studio Host (9888):TextEditorDocumentWindowTestExtension] Showing window 'TypingTabSelectionUndoRedo.html' without activating the window.
    (48:55.600) [Visual Studio Host (9888):TextEditorDocumentWindowTestExtension] Showing window 'TypingTabSelectionUndoRedo.html'.
    (48:55.793) [Visual Studio Host (9888):TextEditorDocumentWindowTestExtension] Showing window 'TypingTabSelectionUndoRedo.html' without activating the window.
    (48:55.973) [Visual Studio Host (9888):TextEditorDocumentWindowTestExtension] Showing window 'TypingTabSelectionUndoRedo.html'.
    (48:56.162) [Visual Studio Host (9888):VisualStudioTextEditingActions] Undoing '2' operations.
    (48:56.365) [Visual Studio Host (9888):TextEditorDocumentWindowTestExtension] Showing window 'TypingTabSelectionUndoRedo.html' without activating the window.
    (48:56.545) [Visual Studio Host (9888):TextEditorDocumentWindowTestExtension] Showing window 'TypingTabSelectionUndoRedo.html'.
    (48:56.830) [Visual Studio Host (9888):TextEditorDocumentWindowTestExtension] Showing window 'TypingTabSelectionUndoRedo.html' without activating the window.
    (48:57.025) [Visual Studio Host (9888):TextEditorDocumentWindowTestExtension] Showing window 'TypingTabSelectionUndoRedo.html'.
    (48:57.226) [Visual Studio Host (9888):VisualStudioTextEditingActions] Redoing '2' operations.
    (48:57.433) [Visual Studio Host (9888):TextEditorDocumentWindowTestExtension] Showing window 'TypingTabSelectionUndoRedo.html' without activating the window.
    (48:57.636) [Visual Studio Host (9888):TextEditorDocumentWindowTestExtension] Showing window 'TypingTabSelectionUndoRedo.html'.
    + ExternalProcessHostTest TestCleanup
        (48:57.992) [Visual Studio Host (9888):TextEditorDocumentWindowTestExtension] Closing window 'TypingTabSelectionUndoRedo.html'.
        (48:58.288) [Platform:Testcase] Test 'VSTest_TypingTabSelectionUndoRedo' has 'Passed' outcome. Therefore, Apex will not shut down the 'Visual Studio Host (9888)' with process ID '9888'. A subsequent test scenario will run on the same instance of the host.
    + Final Test Result Verification
        (48:58.745) [Platform:DelayedAssertionVerifierSink] Verification Success: 0 verification steps failed.
    + ApexTest TestCleanup</StdOut>
      </Output>
      <ResultFiles>
        <ResultFile path="WNVM19648\Fail.azqsczivabnm.png" />
        <ResultFile path="WNVM19648\Fail.ig2gsfz5ad1y.png" />
        <ResultFile path="WNVM19648\Fail.o5zf0zepaw0l.png" />
        <ResultFile path="WNVM19648\Fail.z10rn0n5ajdm.png" />
        <ResultFile path="WNVM19648\OmniLog.html" />
        <ResultFile path="WNVM19648\OmniLogRawXml.xml" />
      </ResultFiles>
    </UnitTestResult>
    <UnitTestResult executionId="a91c7aad-8cae-4a49-ab72-58781334798c" testId="b977e5b7-613b-1a5b-9fbf-1b62662eca84" testName="VSTest_JSON_VerifyKnownFileSchemaAssociations (webs\misc\JSON\KnownSchemas\package.json, http://json.schemastore.org/package)" computerName="WNVM19648" startTime="2018-04-17T01:53:07.2140087-07:00" endTime="2018-04-17T01:53:07.2140087-07:00" testType="13cdc9d9-ddb5-4fa4-a97d-d965ccfc6d4b" outcome="NotExecuted" testListId="8c84fa94-04c1-424b-9868-57a2d4851a1d" relativeResultsDirectory="a91c7aad-8cae-4a49-ab72-58781334798c">
      <Output>
      </Output>
    </UnitTestResult>
    <UnitTestResult executionId="4f9c2578-c4e8-4435-934f-5be85c19ecbb" testId="1ddaea4a-c389-1fc0-203c-9136718231e0" testName="VSTest_Validate_Html5Validation" computerName="WNVM19648" duration="00:00:09.0324044" startTime="2018-04-17T00:47:39.4843591-07:00" endTime="2018-04-17T00:47:48.5167635-07:00" testType="13cdc9d9-ddb5-4fa4-a97d-d965ccfc6d4b" outcome="Passed" testListId="8c84fa94-04c1-424b-9868-57a2d4851a1d" relativeResultsDirectory="4f9c2578-c4e8-4435-934f-5be85c19ecbb">
      <Output>
        <StdOut>+ ValidationTests::VSTest_Validate_Html5Validation
    + ApexTest TestInitialize
    + ExternalProcessHostTest TestInitialize
        (49:21.288) [Visual Studio Host (9888):RoamingSettingsService] Disabling roaming settings.
        (49:21.449) [Visual Studio Host (9888):SettingsService] Setting Visual Studio option 'Environment\RoamingSettings\RoamingEnabled' to 'False'.
        (49:21.903) [Visual Studio Host (9888):TextEditorDocumentWindowTestExtension] Showing window 'html5.htm' without activating the window.
        (49:22.123) [Visual Studio Host (9888):TextEditorDocumentWindowTestExtension] Showing window 'html5.htm'.
        (49:22.295) [Visual Studio Host (9888):VisualStudioTextEditorTestExtension] Setting keyboard focus to editor 'html5.htm'.
        (49:22.456) [Visual Studio Host (9888):MainWindowService] Activating main window to bring it to the foreground.
        (49:22.649) [Visual Studio Host (9888):MainWindowService] Setting main window state to 'Maximized'.
    (49:23.005) [Visual Studio Host (9888):EditorsResourceStringService] Fetched resource value as regular expression: []
    (49:23.170) [Visual Studio Host (9888):EditorsResourceStringService] Fetched resource value as regular expression: []
    (49:23.329) [Visual Studio Host (9888):EditorsResourceStringService] Fetched resource value as regular expression: []
    (49:23.483) [Visual Studio Host (9888):EditorsResourceStringService] Fetched resource value as regular expression: []
    (49:23.677) [Visual Studio Host (9888):EditorsResourceStringService] Fetched resource value as regular expression: []
    (49:23.863) [Visual Studio Host (9888):TextEditorDocumentWindowTestExtension] Showing window 'html5.htm' without activating the window.
    (49:23.998) [Visual Studio Host (9888):TextEditorDocumentWindowTestExtension] Showing window 'html5.htm'.
    (49:24.157) [Visual Studio Host (9888):ToolWindowTestExtension] Showing window 'Error List ...' without activating the window.
    (49:24.318) [Visual Studio Host (9888):ToolWindowTestExtension] Showing window 'Error List ...' without activating the window.
    (49:24.475) [Visual Studio Host (9888):ErrorListService] Showing error list error items.
    (49:24.635) [Visual Studio Host (9888):ToolWindowTestExtension] Showing window 'Error List ...' without activating the window.
    (49:24.764) [Visual Studio Host (9888):ErrorListService] Showing error list message items.
    (49:24.895) [Visual Studio Host (9888):ToolWindowTestExtension] Showing window 'Error List ...' without activating the window.
    (49:25.036) [Visual Studio Host (9888):ErrorListService] Showing error list warning items.
    (49:27.326) [Visual Studio Host (9888):TextEditorDocumentWindowTestExtension] Showing window 'html5.htm' without activating the window.
    (49:27.503) [Visual Studio Host (9888):TextEditorDocumentWindowTestExtension] Showing window 'html5.htm'.
    + ExternalProcessHostTest TestCleanup
        (49:27.863) [Visual Studio Host (9888):TextEditorDocumentWindowTestExtension] Closing window 'html5.htm'.
        (49:28.126) [Platform:Testcase] Test 'VSTest_Validate_Html5Validation' has 'Passed' outcome. Therefore, Apex will not shut down the 'Visual Studio Host (9888)' with process ID '9888'. A subsequent test scenario will run on the same instance of the host.
    + Final Test Result Verification
        (49:28.734) [Platform:DelayedAssertionVerifierSink] Verification Success: 0 verification steps failed.
    + ApexTest TestCleanup</StdOut>
      </Output>
      <ResultFiles>
        <ResultFile path="WNVM19648\Fail.azqsczivabnm.png" />
        <ResultFile path="WNVM19648\Fail.ig2gsfz5ad1y.png" />
        <ResultFile path="WNVM19648\Fail.o5zf0zepaw0l.png" />
        <ResultFile path="WNVM19648\Fail.z10rn0n5ajdm.png" />
        <ResultFile path="WNVM19648\OmniLog.html" />
        <ResultFile path="WNVM19648\OmniLogRawXml.xml" />
      </ResultFiles>
    </UnitTestResult>
    <UnitTestResult executionId="6c1084bf-9f7e-49b8-b3ca-feb76c5dfb34" testId="db5190ef-a56c-e617-f522-2a13926ab803" testName="VSTest_TypingThrough_Mustache" computerName="WNVM19648" duration="00:00:04.0656278" startTime="2018-04-17T00:32:26.0046958-07:00" endTime="2018-04-17T00:32:30.0703236-07:00" testType="13cdc9d9-ddb5-4fa4-a97d-d965ccfc6d4b" outcome="Passed" testListId="8c84fa94-04c1-424b-9868-57a2d4851a1d" relativeResultsDirectory="6c1084bf-9f7e-49b8-b3ca-feb76c5dfb34">
      <Output>
        <StdOut>+ TypingThroughTests::VSTest_TypingThrough_Mustache
    + ApexTest TestInitialize
    + ExternalProcessHostTest TestInitialize
        (34:07.572) [Visual Studio Host (11564):RoamingSettingsService] Disabling roaming settings.
        (34:07.632) [Visual Studio Host (11564):SettingsService] Setting Visual Studio option 'Environment\RoamingSettings\RoamingEnabled' to 'False'.
        (34:07.929) [Visual Studio Host (11564):TextEditorDocumentWindowTestExtension] Showing window 'Empty.html' without activating the window.
        (34:08.019) [Visual Studio Host (11564):TextEditorDocumentWindowTestExtension] Showing window 'Empty.html'.
        (34:08.127) [Visual Studio Host (11564):VisualStudioTextEditorTestExtension] Setting keyboard focus to editor 'Empty.html'.
        (34:08.198) [Visual Studio Host (11564):MainWindowService] Activating main window to bring it to the foreground.
        (34:08.273) [Visual Studio Host (11564):MainWindowService] Setting main window state to 'Maximized'.
    (34:08.400) [Visual Studio Host (11564):TextEditorDocumentWindowTestExtension] Showing window 'Empty.html' without activating the window.
    (34:08.458) [Visual Studio Host (11564):TextEditorDocumentWindowTestExtension] Showing window 'Empty.html'.
    (34:08.536) [Visual Studio Host (11564):VisualStudioCaretTestExtension] Moving the caret from (Ln: 1, Ch: 1) to (Ln: 7, Ch: 5)
    (34:08.610) [Visual Studio Host (11564):TextEditorDocumentWindowTestExtension] Showing window 'Empty.html' without activating the window.
    (34:08.695) [Visual Studio Host (11564):TextEditorDocumentWindowTestExtension] Showing window 'Empty.html'.
    (34:08.787) [Visual Studio Host (11564):VisualStudioTextEditingActions] Inserting text: '{{&gt;pre' at the current caret position: '(Ln: 7, Ch: 5)'
    (34:09.560) [Visual Studio Host (11564):TextEditorDocumentWindowTestExtension] Showing window 'Empty.html' without activating the window.
    (34:09.636) [Visual Studio Host (11564):TextEditorDocumentWindowTestExtension] Showing window 'Empty.html'.
    (34:09.771) [Visual Studio Host (11564):TextEditorDocumentWindowTestExtension] Showing window 'Empty.html' without activating the window.
    (34:09.856) [Visual Studio Host (11564):TextEditorDocumentWindowTestExtension] Showing window 'Empty.html'.
    (34:09.945) [Visual Studio Host (11564):TextEditorDocumentWindowTestExtension] Showing window 'Empty.html' without activating the window.
    (34:10.015) [Visual Studio Host (11564):TextEditorDocumentWindowTestExtension] Showing window 'Empty.html'.
    (34:10.093) [Visual Studio Host (11564):VisualStudioTextEditingActions] Inserting text: '}}' at the current caret position: '(Ln: 7, Ch: 11)'
    (34:10.162) [Visual Studio Host (11564):TextEditorDocumentWindowTestExtension] Showing window 'Empty.html' without activating the window.
    (34:10.226) [Visual Studio Host (11564):TextEditorDocumentWindowTestExtension] Showing window 'Empty.html'.
    (34:10.309) [Visual Studio Host (11564):TextEditorDocumentWindowTestExtension] Showing window 'Empty.html' without activating the window.
    (34:10.370) [Visual Studio Host (11564):TextEditorDocumentWindowTestExtension] Showing window 'Empty.html'.
    + ExternalProcessHostTest TestCleanup
        (34:10.514) [Visual Studio Host (11564):TextEditorDocumentWindowTestExtension] Closing window 'Empty.html'.
        (34:10.692) [Platform:Testcase] Test 'VSTest_TypingThrough_Mustache' has 'Passed' outcome. Therefore, Apex will not shut down the 'Visual Studio Host (11564)' with process ID '11564'. A subsequent test scenario will run on the same instance of the host.
    + Final Test Result Verification
        (34:10.907) [Platform:DelayedAssertionVerifierSink] Verification Success: 0 verification steps failed.
    + ApexTest TestCleanup</StdOut>
      </Output>
      <ResultFiles>
        <ResultFile path="WNVM19648\Fail.azqsczivabnm.png" />
        <ResultFile path="WNVM19648\Fail.ig2gsfz5ad1y.png" />
        <ResultFile path="WNVM19648\Fail.o5zf0zepaw0l.png" />
        <ResultFile path="WNVM19648\OmniLog.html" />
        <ResultFile path="WNVM19648\OmniLogRawXml.xml" />
      </ResultFiles>
    </UnitTestResult>
    <UnitTestResult executionId="beb5f75a-083c-4042-b85e-37ef0c9ad630" testId="99f45f82-448c-2584-f851-c3192de4a8a5" testName="VSTest_Validate_Leading_Trailing_Whitespace" computerName="WNVM19648" duration="00:00:08.1624585" startTime="2018-04-17T00:50:11.2821679-07:00" endTime="2018-04-17T00:50:19.4446264-07:00" testType="13cdc9d9-ddb5-4fa4-a97d-d965ccfc6d4b" outcome="Passed" testListId="8c84fa94-04c1-424b-9868-57a2d4851a1d" relativeResultsDirectory="beb5f75a-083c-4042-b85e-37ef0c9ad630">
      <Output>
        <StdOut>+ ValidationTests::VSTest_Validate_Leading_Trailing_Whitespace
    + ApexTest TestInitialize
    + ExternalProcessHostTest TestInitialize
        (51:52.920) [Visual Studio Host (9888):RoamingSettingsService] Disabling roaming settings.
        (51:53.042) [Visual Studio Host (9888):SettingsService] Setting Visual Studio option 'Environment\RoamingSettings\RoamingEnabled' to 'False'.
        (51:53.398) [Visual Studio Host (9888):TextEditorDocumentWindowTestExtension] Showing window 'Validation.html' without activating the window.
        (51:53.581) [Visual Studio Host (9888):TextEditorDocumentWindowTestExtension] Showing window 'Validation.html'.
        (51:53.810) [Visual Studio Host (9888):VisualStudioTextEditorTestExtension] Setting keyboard focus to editor 'Validation.html'.
        (51:54.022) [Visual Studio Host (9888):MainWindowService] Activating main window to bring it to the foreground.
        (51:54.217) [Visual Studio Host (9888):MainWindowService] Setting main window state to 'Maximized'.
    (51:54.652) [Visual Studio Host (9888):TextEditorDocumentWindowTestExtension] Showing window 'Validation.html' without activating the window.
    (51:54.844) [Visual Studio Host (9888):TextEditorDocumentWindowTestExtension] Showing window 'Validation.html'.
    (51:55.148) [Visual Studio Host (9888):ToolWindowTestExtension] Showing window 'Error List ...' without activating the window.
    (51:55.367) [Visual Studio Host (9888):ErrorListService] Showing error list error items.
    (51:55.512) [Visual Studio Host (9888):ToolWindowTestExtension] Showing window 'Error List ...' without activating the window.
    (51:55.682) [Visual Studio Host (9888):ErrorListService] Showing error list message items.
    (51:55.891) [Visual Studio Host (9888):ToolWindowTestExtension] Showing window 'Error List ...' without activating the window.
    (51:56.151) [Visual Studio Host (9888):ErrorListService] Showing error list warning items.
    (51:58.385) [Visual Studio Host (9888):TextEditorDocumentWindowTestExtension] Showing window 'Validation.html' without activating the window.
    (51:58.527) [Visual Studio Host (9888):TextEditorDocumentWindowTestExtension] Showing window 'Validation.html'.
    + ExternalProcessHostTest TestCleanup
        (51:58.867) [Visual Studio Host (9888):TextEditorDocumentWindowTestExtension] Closing window 'Validation.html'.
        (51:59.143) [Platform:Testcase] Test 'VSTest_Validate_Leading_Trailing_Whitespace' has 'Passed' outcome. Therefore, Apex will not shut down the 'Visual Studio Host (9888)' with process ID '9888'. A subsequent test scenario will run on the same instance of the host.
    + Final Test Result Verification
        (51:59.651) [Platform:DelayedAssertionVerifierSink] Verification Success: 0 verification steps failed.
    + ApexTest TestCleanup</StdOut>
      </Output>
      <ResultFiles>
        <ResultFile path="WNVM19648\Fail.azqsczivabnm.png" />
        <ResultFile path="WNVM19648\Fail.ig2gsfz5ad1y.png" />
        <ResultFile path="WNVM19648\Fail.o5zf0zepaw0l.png" />
        <ResultFile path="WNVM19648\Fail.z10rn0n5ajdm.png" />
        <ResultFile path="WNVM19648\OmniLog.html" />
        <ResultFile path="WNVM19648\OmniLogRawXml.xml" />
      </ResultFiles>
    </UnitTestResult>
    <UnitTestResult executionId="7dc4c52f-c79b-461c-8036-0f4d55ec1218" testId="fc1b8228-4695-eb0a-975f-9c441d6637e6" testName="VSTest_RazorCsFormatSwitchCaseBlock" computerName="WNVM19648" duration="00:00:05.0347466" startTime="2018-04-17T01:04:30.0593669-07:00" endTime="2018-04-17T01:04:35.0941135-07:00" testType="13cdc9d9-ddb5-4fa4-a97d-d965ccfc6d4b" outcome="Passed" testListId="8c84fa94-04c1-424b-9868-57a2d4851a1d" relativeResultsDirectory="7dc4c52f-c79b-461c-8036-0f4d55ec1218">
      <Output>
        <StdOut>+ CSharpFormattingTests::VSTest_RazorCsFormatSwitchCaseBlock
    + ApexTest TestInitialize
    + ExternalProcessHostTest TestInitialize
        (01:06:11.776) [Visual Studio Host (4384):RoamingSettingsService] Disabling roaming settings.
        (01:06:11.923) [Visual Studio Host (4384):SettingsService] Setting Visual Studio option 'Environment\RoamingSettings\RoamingEnabled' to 'False'.
        (01:06:12.383) [Visual Studio Host (4384):TextEditorDocumentWindowTestExtension] Showing window 'FormatSwitchCaseBlock.cshtml' without activating the window.
        (01:06:12.588) [Visual Studio Host (4384):TextEditorDocumentWindowTestExtension] Showing window 'FormatSwitchCaseBlock.cshtml'.
        (01:06:12.834) [Visual Studio Host (4384):VisualStudioTextEditorTestExtension] Setting keyboard focus to editor 'FormatSwitchCaseBlock.cshtml'.
        (01:06:13.003) [Visual Studio Host (4384):MainWindowService] Activating main window to bring it to the foreground.
        (01:06:13.177) [Visual Studio Host (4384):MainWindowService] Setting main window state to 'Maximized'.
    (01:06:14.032) [Visual Studio Host (4384):TextEditorDocumentWindowTestExtension] Showing window 'FormatSwitchCaseBlock.cshtml' without activating the window.
    (01:06:14.218) [Visual Studio Host (4384):TextEditorDocumentWindowTestExtension] Showing window 'FormatSwitchCaseBlock.cshtml'.
    + ExternalProcessHostTest TestCleanup
        (01:06:14.626) [Visual Studio Host (4384):TextEditorDocumentWindowTestExtension] Closing window 'FormatSwitchCaseBlock.cshtml'.
        (01:06:14.888) [Platform:Testcase] Test 'VSTest_RazorCsFormatSwitchCaseBlock' has 'Passed' outcome. Therefore, Apex will not shut down the 'Visual Studio Host (4384)' with process ID '4384'. A subsequent test scenario will run on the same instance of the host.
    + Final Test Result Verification
        (01:06:15.357) [Platform:DelayedAssertionVerifierSink] Verification Success: 0 verification steps failed.
    + ApexTest TestCleanup</StdOut>
      </Output>
      <ResultFiles>
        <ResultFile path="WNVM19648\Fail.azqsczivabnm.png" />
        <ResultFile path="WNVM19648\Fail.ig2gsfz5ad1y.png" />
        <ResultFile path="WNVM19648\Fail.o5zf0zepaw0l.png" />
        <ResultFile path="WNVM19648\Fail.raasvsmeanc1.png" />
        <ResultFile path="WNVM19648\Fail.t4yj0fxuatil.png" />
        <ResultFile path="WNVM19648\Fail.z10rn0n5ajdm.png" />
        <ResultFile path="WNVM19648\OmniLog.html" />
        <ResultFile path="WNVM19648\OmniLogRawXml.xml" />
      </ResultFiles>
    </UnitTestResult>
    <UnitTestResult executionId="ccd7c3e9-83a5-499a-9235-5e3ae1cd8642" testId="1f602878-ce40-c0f7-6315-1fc58dd4ce31" testName="VSTest_JSON_Completion_WithSchema_PropertyName" computerName="WNVM19648" duration="00:02:10.7570399" startTime="2018-04-17T02:28:48.7310379-07:00" endTime="2018-04-17T02:30:59.4880778-07:00" testType="13cdc9d9-ddb5-4fa4-a97d-d965ccfc6d4b" outcome="Failed" testListId="8c84fa94-04c1-424b-9868-57a2d4851a1d" relativeResultsDirectory="ccd7c3e9-83a5-499a-9235-5e3ae1cd8642">
      <Output>
        <StdOut>+ CompletionTests::VSTest_JSON_Completion_WithSchema_PropertyName
    + ApexTest TestInitialize
    + ExternalProcessHostTest TestInitialize
        (02:30:30.685) [Visual Studio Host (8832):RoamingSettingsService] Disabling roaming settings.
        (02:30:30.903) [Visual Studio Host (8832):SettingsService] Setting Visual Studio option 'Environment\RoamingSettings\RoamingEnabled' to 'False'.
        (02:30:32.495) [Visual Studio Host (8832):TextEditorDocumentWindowTestExtension] Showing window 'EmptyWithSchema.json' without activating the window.
        (02:30:32.785) [Visual Studio Host (8832):TextEditorDocumentWindowTestExtension] Showing window 'EmptyWithSchema.json'.
        (02:30:33.062) [Visual Studio Host (8832):VisualStudioTextEditorTestExtension] Setting keyboard focus to editor 'EmptyWithSchema.json'.
        (02:30:33.328) [Visual Studio Host (8832):MainWindowService] Activating main window to bring it to the foreground.
        (02:30:33.550) [Visual Studio Host (8832):MainWindowService] Setting main window state to 'Maximized'.
    (02:30:37.194) [Visual Studio Host (8832):TextEditorDocumentWindowTestExtension] Showing window 'EmptyWithSchema.json' without activating the window.
    (02:30:38.995) [Visual Studio Host (8832):TextEditorDocumentWindowTestExtension] Showing window 'EmptyWithSchema.json'.
    (02:30:40.744) [Visual Studio Host (8832):VisualStudioCaretTestExtension] Moving the caret to 'schema' at (Ln: 2, Ch: 5) based on a regular expression.  Expression = "schema" [group index '0', match index '1', options 'Singleline, CultureInvariant']
    (02:30:42.614) [Visual Studio Host (8832):TextEditorDocumentWindowTestExtension] Showing window 'EmptyWithSchema.json' without activating the window.
    (02:30:42.821) [Visual Studio Host (8832):TextEditorDocumentWindowTestExtension] Showing window 'EmptyWithSchema.json'.
    (02:30:43.036) [Visual Studio Host (8832):VisualStudioCaretTestExtension] Moving the caret from (Ln: 2, Ch: 5) down '1' lines
    (02:30:43.237) [Visual Studio Host (8832):VisualStudioTextEditorTestExtension] Setting keyboard focus to editor 'EmptyWithSchema.json'.
    (02:30:43.446) [Visual Studio Host (8832):TextEditorDocumentWindowTestExtension] Showing window 'EmptyWithSchema.json' without activating the window.
    (02:30:43.680) [Visual Studio Host (8832):TextEditorDocumentWindowTestExtension] Showing window 'EmptyWithSchema.json'.
    (02:30:44.376) [Visual Studio Host (8832):TextEditorDocumentWindowTestExtension] Showing window 'EmptyWithSchema.json' without activating the window.
    (02:30:44.595) [Visual Studio Host (8832):TextEditorDocumentWindowTestExtension] Showing window 'EmptyWithSchema.json'.
    (02:30:44.766) [Visual Studio Host (8832):VisualStudioIntellisenseService] Getting the active completion at position '(Ln: 3, Ch: 6)'.
    (02:32:12.998) [Platform:Microsoft.Test.Apex.Services.ScreenshotService] Took a screenshot for category '' and saved as 'C:\TestBin\IntegrationTests\TestResults\2018_04_16_23_55_50\VSTest_JSON_AutoGeneration_Disabled_TypingWithSchema_Timedout.jpg'.
    Error: (02:32:14.359) [Platform:Testcase] Test method Microsoft.VisualStudio.Web.Editors.IntegrationTests.JSON.Completion.CompletionTests.VSTest_JSON_Completion_WithSchema_PropertyName threw exception. System.Runtime.Remoting.RemotingException: Failed to read from an IPC Port: The pipe has been ended.

   at Microsoft.VisualStudio.Web.Common.TestAdapter.ParameterizedTests.ReflectionUtilities.InvokeMethod(Object targetObject, MethodInfo method, Object[] methodArguments, String exceptionMessageFormat) in D:\dd\WTE\Main\test\Common\TestAdapter\ParameterizedTests\ReflectionUtilities.cs:line 190
   at Microsoft.VisualStudio.Web.Common.TestAdapter.ParameterizedTests.TestMethodInfo.Invoke(Object testObject, TestExecutionContext context) in D:\dd\WTE\Main\test\Common\TestAdapter\ParameterizedTests\TestMethodInfo.cs:line 64
    + ExternalProcessHostTest TestCleanup
        (02:32:18.817) [Platform:VenusHost] Compose Batch: 00:00:03.4468894
        (02:32:20.754) [Platform:VenusHost] Host Process is being started. Executable = 'C:\Program Files (x86)\Microsoft Visual Studio\Preview\Enterprise\Common7\IDE\devenv.exe'.
        (02:32:20.951) [Platform:VenusHost] Host Process is started. PID = 3580.
        (02:32:21.387) [Platform:VenusHost] Host process 'devenv' (id: 3580) is now idle/ready.
        (02:32:27.688) [Platform:Microsoft.Test.Apex.Hosts.Services.RemoteServiceInitializer] Using remote code injector service 'RemoteCodeInjectorService' for the operation 'ManagedAuto'.
        + Visual Studio Host Creation
            (02:32:35.795) [Platform:Testcase] Target Executable: 'C:\Program Files (x86)\Microsoft Visual Studio\Preview\Enterprise\Common7\IDE\devenv.exe'.
            (02:32:35.979) [Platform:Testcase] Process Id: '3580'.
            (02:32:36.175) [Platform:Testcase] UI Culture: 'English (United States)'.
            (02:32:36.366) [Platform:Testcase] Build Number: '15.0.27615'.
        (02:32:36.873) [Visual Studio Host (3580):MainWindowService] Setting main window state to 'Maximized'.
        (02:32:37.098) [Visual Studio Host (3580):MainWindowService] Activating main window to bring it to the foreground.
        Warning: (02:32:37.398) [Platform:Microsoft.Test.Apex.Services.ScreenshotService] Exception occured when copying screenshot file from 'C:\TestBin\IntegrationTests\Failure.jpg' to 'C:\TestBin\IntegrationTests\TestResults\2018_04_16_23_55_50\Failure.jpg'.
        Warning: (02:32:37.398) [Platform:Microsoft.Test.Apex.Services.ScreenshotService] System.IO.IOException: The file 'C:\TestBin\IntegrationTests\TestResults\2018_04_16_23_55_50\Failure.jpg' already exists.
   at System.IO.__Error.WinIOError(Int32 errorCode, String maybeFullPath)
   at System.IO.File.InternalCopy(String sourceFileName, String destFileName, Boolean overwrite, Boolean checkHost)
   at System.IO.File.Copy(String sourceFileName, String destFileName, Boolean overwrite)
   at Microsoft.Test.Apex.Services.ScreenshotService.TakeOne(String categoryName, String fileNamePrefix, String repositoryPath) in F:\dd\src\omni\Apex\Framework\Services\Screenshot\ScreenshotService.cs:line 176
        (02:32:37.805) [Platform:ProcessCaptureService] Capturing screenshots for PID 3580 (devenv)
        Result file 'VSTest_JSON_Completion_WithSchema_PropertyName-Failure-devenv.3580.png' added: file:///C:/TestBin/IntegrationTests/TestResults/2018_04_16_23_55_50/VSTest_JSON_Completion_WithSchema_PropertyName-Failure-devenv.3580.png
        Result file 'VSTest_JSON_Completion_WithSchema_PropertyName-Failure-devenv.3580-Dialog2605A4.png' added: file:///C:/TestBin/IntegrationTests/TestResults/2018_04_16_23_55_50/VSTest_JSON_Completion_WithSchema_PropertyName-Failure-devenv.3580-Dialog2605A4.png
        Result file 'VSTest_JSON_Completion_WithSchema_PropertyName-Failure-devenv.3580-Dialog4005AA.png' added: file:///C:/TestBin/IntegrationTests/TestResults/2018_04_16_23_55_50/VSTest_JSON_Completion_WithSchema_PropertyName-Failure-devenv.3580-Dialog4005AA.png
        (02:32:38.719) [Platform:ProcessCaptureService] Bounding rectangle of HWND 0x400550 is size (0, 0), which cannot be captured.
        (02:32:38.902) [Platform:ProcessCaptureService] Bounding rectangle of HWND 0x90776 is size (0, 0), which cannot be captured.
    + Final Test Result Verification
        (02:32:39.513) [Platform:DelayedAssertionVerifierSink] Verification Success: 0 verification steps failed.
    + ApexTest TestCleanup</StdOut>
        <ErrorInfo>
          <Message>Test method Microsoft.VisualStudio.Web.Editors.IntegrationTests.JSON.Completion.CompletionTests.VSTest_JSON_Completion_WithSchema_PropertyName threw exception. System.Runtime.Remoting.RemotingException: Failed to read from an IPC Port: The pipe has been ended.
</Message>
          <StackTrace>
Server stack trace: 
   at System.Runtime.Remoting.Channels.Ipc.IpcPort.Read(Byte[] data, Int32 offset, Int32 length)
   at System.Runtime.Remoting.Channels.Ipc.PipeStream.Read(Byte[] buffer, Int32 offset, Int32 size)
   at System.Runtime.Remoting.Channels.SocketHandler.ReadFromSocket(Byte[] buffer, Int32 offset, Int32 count)
   at System.Runtime.Remoting.Channels.SocketHandler.Read(Byte[] buffer, Int32 offset, Int32 count)
   at System.Runtime.Remoting.Channels.SocketHandler.ReadAndMatchFourBytes(Byte[] buffer)
   at System.Runtime.Remoting.Channels.Tcp.TcpSocketHandler.ReadAndMatchPreamble()
   at System.Runtime.Remoting.Channels.Tcp.TcpSocketHandler.ReadVersionAndOperation(UInt16&amp; operation)
   at System.Runtime.Remoting.Channels.Ipc.IpcClientHandler.ReadHeaders()
   at System.Runtime.Remoting.Channels.Ipc.IpcClientTransportSink.ProcessMessage(IMessage msg, ITransportHeaders requestHeaders, Stream requestStream, ITransportHeaders&amp; responseHeaders, Stream&amp; responseStream)
   at System.Runtime.Remoting.Channels.BinaryClientFormatterSink.SyncProcessMessage(IMessage msg)

Exception rethrown at [0]: 
   at System.Runtime.Remoting.Proxies.RealProxy.HandleReturnMessage(IMessage reqMsg, IMessage retMsg)
   at System.Runtime.Remoting.Proxies.RealProxy.PrivateInvoke(MessageData&amp; msgData, Int32 type)
   at Microsoft.Test.Apex.Editor.ICompletionListTestExtension.get_Item(String itemName)
   at Microsoft.VisualStudio.Web.Common.TestServices.Utilities.WebUtility.Completion.&lt;&gt;c__DisplayClass5_0.&lt;WaitForCompletionEntriesHelper&gt;b__0() in D:\dd\WTE\Main\test\Common\TestServices\Utilities\WebUtility.cs:line 545
   at Omni.Common.WaitFor.TryIsTrue(Func`1 predicate, TimeSpan timeout, Nullable`1 interval) in F:\dd\src\Omni\Common\WaitFor.cs:line 68
   at Microsoft.VisualStudio.Web.Common.TestServices.Utilities.WebUtility.Completion.WaitForCompletionEntriesHelper(IVisualStudioTextEditorTestExtension editor, IEnumerable`1 present, IEnumerable`1 notPresent, Boolean invokeCompletion, Int32 timeout, Boolean caseInsensitive) in D:\dd\WTE\Main\test\Common\TestServices\Utilities\WebUtility.cs:line 514
   at Microsoft.VisualStudio.Web.Common.TestServices.Utilities.WebUtility.Completion.WaitForCompletionEntries(IVisualStudioTextEditorTestExtension editor, IEnumerable`1 present, IEnumerable`1 notPresent, Boolean invokeCompletion, Int32 timeout, Boolean caseInsensitive) in D:\dd\WTE\Main\test\Common\TestServices\Utilities\WebUtility.cs:line 493
   at Microsoft.VisualStudio.Web.Common.TestServices.Utilities.WebUtility.Completion.WaitForCompletionEntries(IVisualStudioTextEditorTestExtension editor, IEnumerable`1 present, IEnumerable`1 notPresent, Int32 timeout, Boolean caseInsensitive) in D:\dd\WTE\Main\test\Common\TestServices\Utilities\WebUtility.cs:line 488
   at Microsoft.VisualStudio.Web.Common.TestServices.Utilities.WebUtility.Completion.WaitForCompletionEntry(IVisualStudioTextEditorTestExtension editor, String entryText, Int32 timeout, Boolean caseInsensitive) in D:\dd\WTE\Main\test\Common\TestServices\Utilities\WebUtility.cs:line 481
   at Microsoft.VisualStudio.Web.Editors.IntegrationTests.JSON.Completion.CompletionTests.VSTest_JSON_Completion_WithSchema_PropertyName() in D:\dd\WTE\Main\test\Editors\IntegrationTests\JSON\Completion\CompletionTests.cs:line 30</StackTrace>
        </ErrorInfo>
      </Output>
      <ResultFiles>
        <ResultFile path="WNVM19648\Fail.1naitrosadk5.png" />
        <ResultFile path="WNVM19648\Fail.22wpw0oka5fs.png" />
        <ResultFile path="WNVM19648\Fail.24wtv1jnawc3.png" />
        <ResultFile path="WNVM19648\Fail.2dvw33g3abcx.png" />
        <ResultFile path="WNVM19648\Fail.2lws5epta1gw.png" />
        <ResultFile path="WNVM19648\Fail.2osatv43agzz.png" />
        <ResultFile path="WNVM19648\Fail.33ju4eduay3u.png" />
        <ResultFile path="WNVM19648\Fail.3poblbx4alvv.png" />
        <ResultFile path="WNVM19648\Fail.4p531ykxaqdb.png" />
        <ResultFile path="WNVM19648\Fail.5ckvvlpiahzj.png" />
        <ResultFile path="WNVM19648\Fail.5erbsz3aa4ay.png" />
        <ResultFile path="WNVM19648\Fail.ashpv3rjajjr.png" />
        <ResultFile path="WNVM19648\Fail.aswak04hapa5.png" />
        <ResultFile path="WNVM19648\Fail.azqsczivabnm.png" />
        <ResultFile path="WNVM19648\Fail.byuslv5baqsd.png" />
        <ResultFile path="WNVM19648\Fail.bz134qwyax2e.png" />
        <ResultFile path="WNVM19648\Fail.cwkly5opaa5x.png" />
        <ResultFile path="WNVM19648\Fail.czhshhzmawco.png" />
        <ResultFile path="WNVM19648\Fail.ek4tb3wmalyl.png" />
        <ResultFile path="WNVM19648\Fail.fdtmbjciavfs.png" />
        <ResultFile path="WNVM19648\Fail.fh0tepfdaffp.png" />
        <ResultFile path="WNVM19648\Fail.hxi2cahnapy2.png" />
        <ResultFile path="WNVM19648\Fail.ig2gsfz5ad1y.png" />
        <ResultFile path="WNVM19648\Fail.iwqb3wycasom.png" />
        <ResultFile path="WNVM19648\Fail.iymeazuqablz.png" />
        <ResultFile path="WNVM19648\Fail.jnwm2z2la0nn.png" />
        <ResultFile path="WNVM19648\Fail.jpga4adlarrf.png" />
        <ResultFile path="WNVM19648\Fail.k12p4vaeagac.png" />
        <ResultFile path="WNVM19648\Fail.kfb5og41ajlt.png" />
        <ResultFile path="WNVM19648\Fail.kp4fcfcpa5bw.png" />
        <ResultFile path="WNVM19648\Fail.kxs1ersmaxma.png" />
        <ResultFile path="WNVM19648\Fail.lbyrcmqbastb.png" />
        <ResultFile path="WNVM19648\Fail.loc0xhl5a2hr.png" />
        <ResultFile path="WNVM19648\Fail.lthgvalfaxfr.png" />
        <ResultFile path="WNVM19648\Fail.mazsob3aamsp.png" />
        <ResultFile path="WNVM19648\Fail.n13clx4iaowv.png" />
        <ResultFile path="WNVM19648\Fail.n3c2bmltan5e.png" />
        <ResultFile path="WNVM19648\Fail.o4kkrjboasbk.png" />
        <ResultFile path="WNVM19648\Fail.o5zf0zepaw0l.png" />
        <ResultFile path="WNVM19648\Fail.pdo2mhdtanq2.png" />
        <ResultFile path="WNVM19648\Fail.pprwzak1ac5h.png" />
        <ResultFile path="WNVM19648\Fail.qagtqbftat3h.png" />
        <ResultFile path="WNVM19648\Fail.qbnuydioazjy.png" />
        <ResultFile path="WNVM19648\Fail.raasvsmeanc1.png" />
        <ResultFile path="WNVM19648\Fail.rymman3va50a.png" />
        <ResultFile path="WNVM19648\Fail.sidku4gxamg4.png" />
        <ResultFile path="WNVM19648\Fail.swwzdfhraz25.png" />
        <ResultFile path="WNVM19648\Fail.t4yj0fxuatil.png" />
        <ResultFile path="WNVM19648\Fail.v0ywfcwsa23p.png" />
        <ResultFile path="WNVM19648\Fail.vedy4wlua0xf.png" />
        <ResultFile path="WNVM19648\Fail.vjqtiv2zaclz.png" />
        <ResultFile path="WNVM19648\Fail.w3wlbab1aii5.png" />
        <ResultFile path="WNVM19648\Fail.wiz4mofdavag.png" />
        <ResultFile path="WNVM19648\Fail.xasrdkzvaogc.png" />
        <ResultFile path="WNVM19648\Fail.yd3ferxiaq1c.png" />
        <ResultFile path="WNVM19648\Fail.z10rn0n5ajdm.png" />
        <ResultFile path="WNVM19648\Fail.z2gelfy0aa1q.png" />
        <ResultFile path="WNVM19648\Fail.zpuouf2fa0ib.png" />
        <ResultFile path="WNVM19648\Failure.jpg" />
        <ResultFile path="WNVM19648\Failure[1].jpg" />
        <ResultFile path="WNVM19648\OmniLog.html" />
        <ResultFile path="WNVM19648\OmniLogRawXml.xml" />
        <ResultFile path="WNVM19648\VSTest_BowerIntelliSenseTests_CaseSensitivity_Timedout.jpg" />
        <ResultFile path="WNVM19648\VSTest_BowerIntelliSenseTests_CaseSensitivity_Timedout[1].jpg" />
        <ResultFile path="WNVM19648\VSTest_BowerIntelliSenseTests_End_To_End_Timedout.jpg" />
        <ResultFile path="WNVM19648\VSTest_BowerIntelliSenseTests_End_To_End_Timedout[1].jpg" />
        <ResultFile path="WNVM19648\VSTest_BowerIntelliSenseTests_UnavailableVersion_Timedout.jpg" />
        <ResultFile path="WNVM19648\VSTest_BowerIntelliSenseTests_UnavailableVersion_Timedout[1].jpg" />
        <ResultFile path="WNVM19648\VSTest_Generate_AttrModel_Methods_WAP_Code_Behind_CS_Timedout.jpg" />
        <ResultFile path="WNVM19648\VSTest_Generate_AttrModel_Methods_WAP_Code_Behind_CS_Timedout[1].jpg" />
        <ResultFile path="WNVM19648\VSTest_HitBreakpointAndEditInCSHtml_Timedout.jpg" />
        <ResultFile path="WNVM19648\VSTest_HitBreakpointAndEditInCSHtml_Timedout[1].jpg" />
        <ResultFile path="WNVM19648\VSTest_Html_Drag_Drop_JavascriptFile_Timedout.jpg" />
        <ResultFile path="WNVM19648\VSTest_Html_Drag_Drop_JavascriptFile_Timedout[1].jpg" />
        <ResultFile path="WNVM19648\VSTest_JSON_AutoGeneration_Disabled_TypingWithSchema_Timedout.jpg" />
        <ResultFile path="WNVM19648\VSTest_JSON_AutoGeneration_Disabled_TypingWithSchema_Timedout[1].jpg" />
        <ResultFile path="WNVM19648\VSTest_JSON_AutoGeneration_WithSchema_Timedout.jpg" />
        <ResultFile path="WNVM19648\VSTest_JSON_AutoGeneration_WithSchema_Timedout[1].jpg" />
        <ResultFile path="WNVM19648\VSTest_JSON_AutoStructureWithExistingComma_Timedout.jpg" />
        <ResultFile path="WNVM19648\VSTest_JSON_AutoStructureWithExistingComma_Timedout[1].jpg" />
        <ResultFile path="WNVM19648\VSTest_JSON_Completion_WithSchema_PropertyName-Failure-devenv.3580-Dialog2605A4.png" />
        <ResultFile path="WNVM19648\VSTest_JSON_Completion_WithSchema_PropertyName-Failure-devenv.3580-Dialog4005AA.png" />
        <ResultFile path="WNVM19648\VSTest_JSON_Completion_WithSchema_PropertyName-Failure-devenv.3580.png" />
        <ResultFile path="WNVM19648\VSTest_JSON_End_To_End_Timedout.jpg" />
        <ResultFile path="WNVM19648\VSTest_JSON_End_To_End_Timedout[1].jpg" />
        <ResultFile path="WNVM19648\VSTest_JSON_SchemaValidation_FixBasicValidationErrors_Timedout.jpg" />
        <ResultFile path="WNVM19648\VSTest_JSON_SchemaValidation_FixBasicValidationErrors_Timedout[1].jpg" />
        <ResultFile path="WNVM19648\VSTest_JSON_Schema_CatalogReload_Timedout.jpg" />
        <ResultFile path="WNVM19648\VSTest_JSON_Schema_CatalogReload_Timedout[1].jpg" />
        <ResultFile path="WNVM19648\VSTest_JSON_Schema_Catalog_Timedout.jpg" />
        <ResultFile path="WNVM19648\VSTest_JSON_Schema_Catalog_Timedout[1].jpg" />
        <ResultFile path="WNVM19648\VSTest_JSON_SuggestedActions_Bower_UninstallBehavior_Timedout.jpg" />
        <ResultFile path="WNVM19648\VSTest_JSON_SuggestedActions_Bower_UninstallBehavior_Timedout[1].jpg" />
        <ResultFile path="WNVM19648\VSTest_JSON_SuggestedActions_SortProperties_IsPresent_Timedout.jpg" />
        <ResultFile path="WNVM19648\VSTest_JSON_SuggestedActions_SortProperties_IsPresent_Timedout[1].jpg" />
        <ResultFile path="WNVM19648\VSTest_NPMIntelliSenseTests_End_To_End_Timedout.jpg" />
        <ResultFile path="WNVM19648\VSTest_NPMIntelliSenseTests_End_To_End_Timedout[1].jpg" />
        <ResultFile path="WNVM19648\VSTest_NPM_Completion_ScopedPackage_Timedout.jpg" />
        <ResultFile path="WNVM19648\VSTest_NPM_Completion_ScopedPackage_Timedout[1].jpg" />
        <ResultFile path="WNVM19648\VSTest_NPM_NavigateToHomepage_Timedout.jpg" />
        <ResultFile path="WNVM19648\VSTest_NPM_NavigateToHomepage_Timedout[1].jpg" />
        <ResultFile path="WNVM19648\VSTest_Parser_PTagTest_Timedout.jpg" />
        <ResultFile path="WNVM19648\VSTest_Parser_PTagTest_Timedout[1].jpg" />
        <ResultFile path="WNVM19648\VSTest_Razor_TagHelpers_OptOut_Timedout.jpg" />
        <ResultFile path="WNVM19648\VSTest_Razor_TagHelpers_OptOut_Timedout[1].jpg" />
        <ResultFile path="WNVM19648\VSTest_Razor_TagHelpers_Update_CS_File_And_Build_Timedout.jpg" />
        <ResultFile path="WNVM19648\VSTest_Razor_TagHelpers_Update_CS_File_And_Build_Timedout[1].jpg" />
        <ResultFile path="WNVM19648\VSTest_Script_Completion_Top_Level_Timedout.jpg" />
        <ResultFile path="WNVM19648\VSTest_Script_Completion_Top_Level_Timedout[1].jpg" />
        <ResultFile path="WNVM19648\VSTest_SmartIndentInJSInRazorV4_Timedout.jpg" />
        <ResultFile path="WNVM19648\VSTest_SmartIndentInJSInRazorV4_Timedout[1].jpg" />
      </ResultFiles>
    </UnitTestResult>
    <UnitTestResult executionId="40e92f66-50a6-44b5-b8d3-c90cfb994e68" testId="82b016cb-968b-9c4c-3b87-368cc104c6fc" testName="VSTest_RazorV4CsFormatCodeBlock_PasteRazorContent" computerName="WNVM19648" duration="00:00:04.6541768" startTime="2018-04-17T01:03:01.9199197-07:00" endTime="2018-04-17T01:03:06.5740965-07:00" testType="13cdc9d9-ddb5-4fa4-a97d-d965ccfc6d4b" outcome="Passed" testListId="8c84fa94-04c1-424b-9868-57a2d4851a1d" relativeResultsDirectory="40e92f66-50a6-44b5-b8d3-c90cfb994e68">
      <Output>
        <StdOut>+ CSharpFormattingTests::VSTest_RazorV4CsFormatCodeBlock_PasteRazorContent
    + ApexTest TestInitialize
    + ExternalProcessHostTest TestInitialize
        (01:04:43.592) [Visual Studio Host (4384):RoamingSettingsService] Disabling roaming settings.
        (01:04:43.714) [Visual Studio Host (4384):SettingsService] Setting Visual Studio option 'Environment\RoamingSettings\RoamingEnabled' to 'False'.
        (01:04:44.084) [Visual Studio Host (4384):TextEditorDocumentWindowTestExtension] Showing window 'PasteRazorContent.cshtml' without activating the window.
        (01:04:44.257) [Visual Studio Host (4384):TextEditorDocumentWindowTestExtension] Showing window 'PasteRazorContent.cshtml'.
        (01:04:44.419) [Visual Studio Host (4384):VisualStudioTextEditorTestExtension] Setting keyboard focus to editor 'PasteRazorContent.cshtml'.
        (01:04:44.564) [Visual Studio Host (4384):MainWindowService] Activating main window to bring it to the foreground.
        (01:04:44.697) [Visual Studio Host (4384):MainWindowService] Setting main window state to 'Maximized'.
    (01:04:45.035) [Visual Studio Host (4384):TextEditorDocumentWindowTestExtension] Showing window 'PasteRazorContent.cshtml' without activating the window.
    (01:04:45.181) [Visual Studio Host (4384):TextEditorDocumentWindowTestExtension] Showing window 'PasteRazorContent.cshtml'.
    (01:04:45.376) [Visual Studio Host (4384):VisualStudioCaretTestExtension] Moving the caret from (Ln: 1, Ch: 1) to (Ln: 5, Ch: 9)
    (01:04:45.771) [Visual Studio Host (4384):TextEditorDocumentWindowTestExtension] Showing window 'PasteRazorContent.cshtml' without activating the window.
    (01:04:45.968) [Visual Studio Host (4384):TextEditorDocumentWindowTestExtension] Showing window 'PasteRazorContent.cshtml'.
    + ExternalProcessHostTest TestCleanup
        (01:04:46.333) [Visual Studio Host (4384):TextEditorDocumentWindowTestExtension] Closing window 'PasteRazorContent.cshtml'.
        (01:04:46.559) [Platform:Testcase] Test 'VSTest_RazorV4CsFormatCodeBlock_PasteRazorContent' has 'Passed' outcome. Therefore, Apex will not shut down the 'Visual Studio Host (4384)' with process ID '4384'. A subsequent test scenario will run on the same instance of the host.
    + Final Test Result Verification
        (01:04:47.008) [Platform:DelayedAssertionVerifierSink] Verification Success: 0 verification steps failed.
    + ApexTest TestCleanup</StdOut>
      </Output>
      <ResultFiles>
        <ResultFile path="WNVM19648\Fail.azqsczivabnm.png" />
        <ResultFile path="WNVM19648\Fail.ig2gsfz5ad1y.png" />
        <ResultFile path="WNVM19648\Fail.o5zf0zepaw0l.png" />
        <ResultFile path="WNVM19648\Fail.raasvsmeanc1.png" />
        <ResultFile path="WNVM19648\Fail.t4yj0fxuatil.png" />
        <ResultFile path="WNVM19648\Fail.z10rn0n5ajdm.png" />
        <ResultFile path="WNVM19648\OmniLog.html" />
        <ResultFile path="WNVM19648\OmniLogRawXml.xml" />
      </ResultFiles>
    </UnitTestResult>
    <UnitTestResult executionId="82d5772c-7fc3-4862-8e1c-7e4ca5c67195" testId="264c0461-5167-4ff9-a4f2-eada258b4c77" testName="VSTest_InsertSnippetViaUI" computerName="WNVM19648" duration="00:00:04.5116830" startTime="2018-04-17T00:24:51.1342836-07:00" endTime="2018-04-17T00:24:55.6459666-07:00" testType="13cdc9d9-ddb5-4fa4-a97d-d965ccfc6d4b" outcome="Passed" testListId="8c84fa94-04c1-424b-9868-57a2d4851a1d" relativeResultsDirectory="82d5772c-7fc3-4862-8e1c-7e4ca5c67195">
      <Output>
        <StdOut>+ SnippetTests::VSTest_InsertSnippetViaUI
    + ApexTest TestInitialize
    + ExternalProcessHostTest TestInitialize
        (26:32.575) [Visual Studio Host (11564):RoamingSettingsService] Disabling roaming settings.
        (26:32.632) [Visual Studio Host (11564):SettingsService] Setting Visual Studio option 'Environment\RoamingSettings\RoamingEnabled' to 'False'.
        (26:32.968) [Visual Studio Host (11564):TextEditorDocumentWindowTestExtension] Showing window 'HtmlPage.html' without activating the window.
        (26:33.074) [Visual Studio Host (11564):TextEditorDocumentWindowTestExtension] Showing window 'HtmlPage.html'.
        (26:33.169) [Visual Studio Host (11564):VisualStudioTextEditorTestExtension] Setting keyboard focus to editor 'HtmlPage.html'.
        (26:33.239) [Visual Studio Host (11564):MainWindowService] Activating main window to bring it to the foreground.
        (26:33.303) [Visual Studio Host (11564):MainWindowService] Setting main window state to 'Maximized'.
    (26:33.420) [Visual Studio Host (11564):TextEditorDocumentWindowTestExtension] Showing window 'HtmlPage.html' without activating the window.
    (26:33.475) [Visual Studio Host (11564):TextEditorDocumentWindowTestExtension] Showing window 'HtmlPage.html'.
    (26:33.541) [Visual Studio Host (11564):VisualStudioCaretTestExtension] Moving the caret to '&lt;body&gt;' at (Ln: 6, Ch: 5) based on a regular expression.  Expression = "&lt;body&gt;" [group index '0', match index '1', options 'Singleline, CultureInvariant']
    (26:34.048) [Visual Studio Host (11564):VisualStudioCaretTestExtension] Moving the caret from (Ln: 6, Ch: 5) down '1' lines
    (26:34.507) [Visual Studio Host (11564):VisualStudioTextEditorTestExtension] Setting keyboard focus to editor 'HtmlPage.html'.
    (26:34.984) [Visual Studio Host (11564):VisualStudioIntellisenseService] Invoking insert snippet at position '(Ln: 7, Ch: 5)'.
    VerificationPass: (26:35.294) [Visual Studio Host (11564):VisualStudioIntellisenseVerifier] Verification passed: Snippet picker is present within a timeout of 00:00:10.
    (26:35.435) [Visual Studio Host (11564):VisualStudioCompletionListTestExtension] Retrieved '3' completion items.
    (26:35.501) [Visual Studio Host (11564):VisualStudioCompletionListTestExtension] Selecting completion item 'HTML'.
    (26:35.580) [Visual Studio Host (11564):VisualStudioCompletionListTestExtension] Committing 'HTML' completion item.
    (26:35.832) [Visual Studio Host (11564):VisualStudioCompletionListTestExtension] Retrieved '38' completion items.
    + ExternalProcessHostTest TestCleanup
        (26:36.001) [Visual Studio Host (11564):TextEditorDocumentWindowTestExtension] Closing window 'HtmlPage.html'.
        (26:36.203) [Platform:Testcase] Test 'VSTest_InsertSnippetViaUI' has 'Passed' outcome. Therefore, Apex will not shut down the 'Visual Studio Host (11564)' with process ID '11564'. A subsequent test scenario will run on the same instance of the host.
    + Final Test Result Verification
        (26:36.410) [Platform:DelayedAssertionVerifierSink] Verification Success: 0 verification steps failed.
    + ApexTest TestCleanup</StdOut>
      </Output>
      <ResultFiles>
        <ResultFile path="WNVM19648\Fail.azqsczivabnm.png" />
        <ResultFile path="WNVM19648\Fail.ig2gsfz5ad1y.png" />
        <ResultFile path="WNVM19648\Fail.o5zf0zepaw0l.png" />
        <ResultFile path="WNVM19648\OmniLog.html" />
        <ResultFile path="WNVM19648\OmniLogRawXml.xml" />
      </ResultFiles>
    </UnitTestResult>
    <UnitTestResult executionId="57a3233b-8a19-4004-b6d7-e5c13fec89d5" testId="38cd8e5b-952b-380a-69b5-af84ecb8b563" testName="VSTest_JSON_Setting_Options" computerName="WNVM19648" duration="00:00:11.9835180" startTime="2018-04-17T01:55:34.8080395-07:00" endTime="2018-04-17T01:55:46.7915575-07:00" testType="13cdc9d9-ddb5-4fa4-a97d-d965ccfc6d4b" outcome="Passed" testListId="8c84fa94-04c1-424b-9868-57a2d4851a1d" relativeResultsDirectory="57a3233b-8a19-4004-b6d7-e5c13fec89d5">
      <Output>
        <StdOut>+ SettingOptionsTests::VSTest_JSON_Setting_Options
    + ApexTest TestInitialize
    + ExternalProcessHostTest TestInitialize
        (01:57:16.625) [Visual Studio Host (6752):RoamingSettingsService] Disabling roaming settings.
        (01:57:16.795) [Visual Studio Host (6752):SettingsService] Setting Visual Studio option 'Environment\RoamingSettings\RoamingEnabled' to 'False'.
        (01:57:17.302) [Visual Studio Host (6752):TextEditorDocumentWindowTestExtension] Showing window 'EndToEnd.json' without activating the window.
        (01:57:17.484) [Visual Studio Host (6752):TextEditorDocumentWindowTestExtension] Showing window 'EndToEnd.json'.
        (01:57:17.670) [Visual Studio Host (6752):VisualStudioTextEditorTestExtension] Setting keyboard focus to editor 'EndToEnd.json'.
        (01:57:17.832) [Visual Studio Host (6752):MainWindowService] Activating main window to bring it to the foreground.
        (01:57:17.994) [Visual Studio Host (6752):MainWindowService] Setting main window state to 'Maximized'.
    (01:57:18.338) [Visual Studio Host (6752):SettingsService] Getting value of Visual Studio Setting 'TextEditor\JSON Specific\AutoStructureCompletion'. 
    (01:57:18.495) [Visual Studio Host (6752):SettingsService] Setting Visual Studio option 'TextEditor\JSON Specific\AutoStructureCompletion' to 'False'.
    (01:57:18.727) [Visual Studio Host (6752):SettingsService] Getting value of Visual Studio Setting 'TextEditor\JSON Specific\AutoStructureCompletion'. 
    VerificationPass: (01:57:19.027) [Platform:Testcase] Verification passed: Instances are equal. Expected 'False', Actual 'False'.
    (01:57:19.185) [Visual Studio Host (6752):SettingsService] Setting Visual Studio option 'TextEditor\JSON Specific\AutoStructureCompletion' to 'True'.
    (01:57:19.359) [Visual Studio Host (6752):SettingsService] Getting value of Visual Studio Setting 'TextEditor\JSON Specific\AutoFormat'. 
    (01:57:19.663) [Visual Studio Host (6752):SettingsService] Setting Visual Studio option 'TextEditor\JSON Specific\AutoFormat' to 'False'.
    (01:57:19.843) [Visual Studio Host (6752):SettingsService] Getting value of Visual Studio Setting 'TextEditor\JSON Specific\AutoFormat'. 
    VerificationPass: (01:57:20.004) [Platform:Testcase] Verification passed: Instances are equal. Expected 'False', Actual 'False'.
    (01:57:20.156) [Visual Studio Host (6752):SettingsService] Setting Visual Studio option 'TextEditor\JSON Specific\AutoFormat' to 'False'.
    (01:57:20.315) [Visual Studio Host (6752):SettingsService] Getting value of Visual Studio Setting 'TextEditor\JSON Specific\EnableValidation'. 
    (01:57:20.476) [Visual Studio Host (6752):SettingsService] Setting Visual Studio option 'TextEditor\JSON Specific\EnableValidation' to 'False'.
    (01:57:20.660) [Visual Studio Host (6752):SettingsService] Getting value of Visual Studio Setting 'TextEditor\JSON Specific\EnableValidation'. 
    VerificationPass: (01:57:21.010) [Platform:Testcase] Verification passed: Instances are equal. Expected 'False', Actual 'False'.
    (01:57:21.212) [Visual Studio Host (6752):SettingsService] Setting Visual Studio option 'TextEditor\JSON Specific\EnableValidation' to 'True'.
    (01:57:21.391) [Visual Studio Host (6752):SettingsService] Getting value of Visual Studio Setting 'TextEditor\JSON Specific\ErrorsAsWarnings'. 
    (01:57:21.668) [Visual Studio Host (6752):SettingsService] Setting Visual Studio option 'TextEditor\JSON Specific\ErrorsAsWarnings' to 'False'.
    (01:57:21.840) [Visual Studio Host (6752):SettingsService] Getting value of Visual Studio Setting 'TextEditor\JSON Specific\ErrorsAsWarnings'. 
    VerificationPass: (01:57:22.159) [Platform:Testcase] Verification passed: Instances are equal. Expected 'False', Actual 'False'.
    (01:57:22.305) [Visual Studio Host (6752):SettingsService] Setting Visual Studio option 'TextEditor\JSON Specific\ErrorsAsWarnings' to 'True'.
    (01:57:22.467) [Visual Studio Host (6752):SettingsService] Getting value of Visual Studio Setting 'TextEditor\JSON Specific\BracePositionStyle'. 
    (01:57:22.810) [Visual Studio Host (6752):SettingsService] Setting Visual Studio option 'TextEditor\JSON Specific\BracePositionStyle' to 'Expanded'.
    (01:57:22.980) [Visual Studio Host (6752):SettingsService] Getting value of Visual Studio Setting 'TextEditor\JSON Specific\BracePositionStyle'. 
    VerificationPass: (01:57:23.303) [Platform:Testcase] Verification passed: Instances are equal. Expected 'Expanded', Actual 'Expanded'.
    (01:57:23.462) [Visual Studio Host (6752):SettingsService] Setting Visual Studio option 'TextEditor\JSON Specific\BracePositionStyle' to 'SemiExpanded'.
    (01:57:23.680) [Visual Studio Host (6752):SettingsService] Getting value of Visual Studio Setting 'TextEditor\JSON Schema\SchemaCatalogs'. 
    (01:57:24.042) [Visual Studio Host (6752):SettingsService] Setting Visual Studio option 'TextEditor\JSON Schema\SchemaCatalogs' to 'http://schemastore.org/api/json/catalog.json'.
    (01:57:24.199) [Visual Studio Host (6752):SettingsService] Getting value of Visual Studio Setting 'TextEditor\JSON Schema\SchemaCatalogs'. 
    VerificationPass: (01:57:24.368) [Platform:Testcase] Verification passed: String content is equal: Expected 'http://schemastore.org/api/json/catalog.json', Actual 'http://schemastore.org/api/json/catalog.json'; &lt;ComparisonType: OrdinalIgnoreCase&gt;
    (01:57:24.534) [Visual Studio Host (6752):SettingsService] Setting Visual Studio option 'TextEditor\JSON Schema\SchemaCatalogs' to 'http://schemastore.org/api/json/catalog.json'.
    (01:57:24.688) [Visual Studio Host (6752):SettingsService] Getting value of Visual Studio Setting 'TextEditor\JSON Specific\VerbosePackageManagementOutput'. 
    (01:57:24.859) [Visual Studio Host (6752):SettingsService] Setting Visual Studio option 'TextEditor\JSON Specific\VerbosePackageManagementOutput' to 'True'.
    (01:57:25.044) [Visual Studio Host (6752):SettingsService] Getting value of Visual Studio Setting 'TextEditor\JSON Specific\VerbosePackageManagementOutput'. 
    VerificationPass: (01:57:25.327) [Platform:Testcase] Verification passed: Instances are equal. Expected 'True', Actual 'True'.
    (01:57:25.521) [Visual Studio Host (6752):SettingsService] Setting Visual Studio option 'TextEditor\JSON Specific\VerbosePackageManagementOutput' to 'False'.
    + ExternalProcessHostTest TestCleanup
        (01:57:26.067) [Visual Studio Host (6752):TextEditorDocumentWindowTestExtension] Closing window 'EndToEnd.json'.
        (01:57:26.407) [Platform:Testcase] Test 'VSTest_JSON_Setting_Options' has 'Passed' outcome. Therefore, Apex will not shut down the 'Visual Studio Host (6752)' with process ID '6752'. A subsequent test scenario will run on the same instance of the host.
    + Final Test Result Verification
        (01:57:26.942) [Platform:DelayedAssertionVerifierSink] Verification Success: 0 verification steps failed.
    + ApexTest TestCleanup</StdOut>
      </Output>
      <ResultFiles>
        <ResultFile path="WNVM19648\Fail.22wpw0oka5fs.png" />
        <ResultFile path="WNVM19648\Fail.24wtv1jnawc3.png" />
        <ResultFile path="WNVM19648\Fail.2lws5epta1gw.png" />
        <ResultFile path="WNVM19648\Fail.33ju4eduay3u.png" />
        <ResultFile path="WNVM19648\Fail.3poblbx4alvv.png" />
        <ResultFile path="WNVM19648\Fail.4p531ykxaqdb.png" />
        <ResultFile path="WNVM19648\Fail.5erbsz3aa4ay.png" />
        <ResultFile path="WNVM19648\Fail.ashpv3rjajjr.png" />
        <ResultFile path="WNVM19648\Fail.aswak04hapa5.png" />
        <ResultFile path="WNVM19648\Fail.azqsczivabnm.png" />
        <ResultFile path="WNVM19648\Fail.byuslv5baqsd.png" />
        <ResultFile path="WNVM19648\Fail.bz134qwyax2e.png" />
        <ResultFile path="WNVM19648\Fail.ek4tb3wmalyl.png" />
        <ResultFile path="WNVM19648\Fail.hxi2cahnapy2.png" />
        <ResultFile path="WNVM19648\Fail.ig2gsfz5ad1y.png" />
        <ResultFile path="WNVM19648\Fail.iymeazuqablz.png" />
        <ResultFile path="WNVM19648\Fail.jpga4adlarrf.png" />
        <ResultFile path="WNVM19648\Fail.kfb5og41ajlt.png" />
        <ResultFile path="WNVM19648\Fail.kxs1ersmaxma.png" />
        <ResultFile path="WNVM19648\Fail.lbyrcmqbastb.png" />
        <ResultFile path="WNVM19648\Fail.loc0xhl5a2hr.png" />
        <ResultFile path="WNVM19648\Fail.lthgvalfaxfr.png" />
        <ResultFile path="WNVM19648\Fail.mazsob3aamsp.png" />
        <ResultFile path="WNVM19648\Fail.n13clx4iaowv.png" />
        <ResultFile path="WNVM19648\Fail.o4kkrjboasbk.png" />
        <ResultFile path="WNVM19648\Fail.o5zf0zepaw0l.png" />
        <ResultFile path="WNVM19648\Fail.pdo2mhdtanq2.png" />
        <ResultFile path="WNVM19648\Fail.pprwzak1ac5h.png" />
        <ResultFile path="WNVM19648\Fail.qagtqbftat3h.png" />
        <ResultFile path="WNVM19648\Fail.qbnuydioazjy.png" />
        <ResultFile path="WNVM19648\Fail.raasvsmeanc1.png" />
        <ResultFile path="WNVM19648\Fail.rymman3va50a.png" />
        <ResultFile path="WNVM19648\Fail.sidku4gxamg4.png" />
        <ResultFile path="WNVM19648\Fail.swwzdfhraz25.png" />
        <ResultFile path="WNVM19648\Fail.t4yj0fxuatil.png" />
        <ResultFile path="WNVM19648\Fail.v0ywfcwsa23p.png" />
        <ResultFile path="WNVM19648\Fail.vjqtiv2zaclz.png" />
        <ResultFile path="WNVM19648\Fail.wiz4mofdavag.png" />
        <ResultFile path="WNVM19648\Fail.yd3ferxiaq1c.png" />
        <ResultFile path="WNVM19648\Fail.z10rn0n5ajdm.png" />
        <ResultFile path="WNVM19648\Fail.z2gelfy0aa1q.png" />
        <ResultFile path="WNVM19648\Fail.zpuouf2fa0ib.png" />
        <ResultFile path="WNVM19648\OmniLog.html" />
        <ResultFile path="WNVM19648\OmniLogRawXml.xml" />
      </ResultFiles>
    </UnitTestResult>
    <UnitTestResult executionId="506f8680-ce3a-4dac-8fda-a98e5d95293b" testId="d14c52e7-84cc-db1b-e15a-0df106fbf751" testName="VSTest_Generate_AttrModel_Methods_WAP_Code_Beside_CS" computerName="WNVM19648" duration="00:01:21.3873089" startTime="2018-04-17T01:26:22.5970678-07:00" endTime="2018-04-17T01:27:43.9843767-07:00" testType="13cdc9d9-ddb5-4fa4-a97d-d965ccfc6d4b" outcome="Passed" testListId="8c84fa94-04c1-424b-9868-57a2d4851a1d" relativeResultsDirectory="506f8680-ce3a-4dac-8fda-a98e5d95293b">
      <Output>
        <StdOut>+ GenerateDataMethodTests::VSTest_Generate_AttrModel_Methods_WAP_Code_Beside_CS
    + ApexTest TestInitialize
    + ExternalProcessHostTest TestInitialize
        (01:28:04.359) [Visual Studio Host (840):RoamingSettingsService] Disabling roaming settings.
        (01:28:04.547) [Visual Studio Host (840):SettingsService] Setting Visual Studio option 'Environment\RoamingSettings\RoamingEnabled' to 'False'.
        (01:28:06.203) [Visual Studio Host (840):SolutionService] Opening solution file 'file:///C:/TestBin/IntegrationTests/MS.VS.Web.Editors/webs/misc.sln' with asynchronous load data available.  WaitForFullyLoadedOnOpen set to 'True'. Apex will wait for all async project loads to complete before proceeding.
            (01:28:06.375) [Visual Studio Host (840):SolutionService] Solution load behavior is set to 'Realtime'.
        + Waiting for the solution to fully load.
        (01:28:23.468) [Visual Studio Host (840):TextEditorDocumentWindowTestExtension] Showing window 'CodeBeside.aspx' without activating the window.
        (01:28:23.989) [Visual Studio Host (840):TextEditorDocumentWindowTestExtension] Showing window 'CodeBeside.aspx'.
        (01:28:24.965) [Visual Studio Host (840):VisualStudioTextEditorTestExtension] Setting keyboard focus to editor 'CodeBeside.aspx'.
        (01:28:25.202) [Visual Studio Host (840):MainWindowService] Activating main window to bring it to the foreground.
        (01:28:25.653) [Visual Studio Host (840):MainWindowService] Setting main window state to 'Maximized'.
    (01:28:32.833) [Visual Studio Host (840):TextEditorDocumentWindowTestExtension] Showing window 'CodeBeside.aspx' without activating the window.
    (01:28:33.101) [Visual Studio Host (840):TextEditorDocumentWindowTestExtension] Showing window 'CodeBeside.aspx'.
    (01:28:33.433) [Visual Studio Host (840):VisualStudioCaretTestExtension] Moving the caret to '' at (Ln: 13, Ch: 27) based on a regular expression.  Expression = "Method="()"" [group index '1', match index '1', options 'Singleline, CultureInvariant']
    (01:28:33.786) [Visual Studio Host (840):VisualStudioIntellisenseService] Invoking Completion member list at '(Ln: 13, Ch: 27)'.
    (01:28:34.329) [Visual Studio Host (840):VisualStudioIntellisenseService] Invoking Completion member list at '(Ln: 13, Ch: 27)'.
    (01:28:34.598) [Visual Studio Host (840):VisualStudioIntellisenseService] Getting the active completion at position '(Ln: 13, Ch: 27)'.
    (01:28:34.864) [Visual Studio Host (840):VisualStudioCompletionListTestExtension] Selecting completion item '&lt;Create New Method&gt;'.
    (01:28:35.068) [Visual Studio Host (840):VisualStudioCompletionListTestExtension] Committing '&lt;Create New Method&gt;' completion item.
    (01:28:36.108) [Visual Studio Host (840):VisualStudioCaretTestExtension] Moving the caret to '' at (Ln: 15, Ch: 27) based on a regular expression.  Expression = "Method="()"" [group index '1', match index '1', options 'Singleline, CultureInvariant']
    (01:28:36.390) [Visual Studio Host (840):VisualStudioIntellisenseService] Invoking Completion member list at '(Ln: 15, Ch: 27)'.
    (01:28:36.660) [Visual Studio Host (840):VisualStudioIntellisenseService] Invoking Completion member list at '(Ln: 15, Ch: 27)'.
    (01:28:36.856) [Visual Studio Host (840):VisualStudioIntellisenseService] Getting the active completion at position '(Ln: 15, Ch: 27)'.
    (01:28:37.072) [Visual Studio Host (840):VisualStudioCompletionListTestExtension] Selecting completion item '&lt;Create New Method&gt;'.
    (01:28:37.209) [Visual Studio Host (840):VisualStudioCompletionListTestExtension] Committing '&lt;Create New Method&gt;' completion item.
    (01:28:37.627) [Visual Studio Host (840):VisualStudioCaretTestExtension] Moving the caret to '' at (Ln: 17, Ch: 27) based on a regular expression.  Expression = "Method="()"" [group index '1', match index '1', options 'Singleline, CultureInvariant']
    (01:28:37.814) [Visual Studio Host (840):VisualStudioIntellisenseService] Invoking Completion member list at '(Ln: 17, Ch: 27)'.
    (01:28:38.010) [Visual Studio Host (840):VisualStudioIntellisenseService] Invoking Completion member list at '(Ln: 17, Ch: 27)'.
    (01:28:38.179) [Visual Studio Host (840):VisualStudioIntellisenseService] Getting the active completion at position '(Ln: 17, Ch: 27)'.
    (01:28:38.338) [Visual Studio Host (840):VisualStudioCompletionListTestExtension] Selecting completion item '&lt;Create New Method&gt;'.
    (01:28:38.488) [Visual Studio Host (840):VisualStudioCompletionListTestExtension] Committing '&lt;Create New Method&gt;' completion item.
    (01:28:38.874) [Visual Studio Host (840):VisualStudioCaretTestExtension] Moving the caret to '' at (Ln: 17, Ch: 60) based on a regular expression.  Expression = "Method="()"" [group index '1', match index '1', options 'Singleline, CultureInvariant']
    (01:28:39.062) [Visual Studio Host (840):VisualStudioIntellisenseService] Invoking Completion member list at '(Ln: 17, Ch: 60)'.
    (01:28:39.239) [Visual Studio Host (840):VisualStudioIntellisenseService] Invoking Completion member list at '(Ln: 17, Ch: 60)'.
    (01:28:39.397) [Visual Studio Host (840):VisualStudioIntellisenseService] Getting the active completion at position '(Ln: 17, Ch: 60)'.
    (01:28:39.608) [Visual Studio Host (840):VisualStudioCompletionListTestExtension] Selecting completion item '&lt;Create New Method&gt;'.
    (01:28:39.785) [Visual Studio Host (840):VisualStudioCompletionListTestExtension] Committing '&lt;Create New Method&gt;' completion item.
    (01:28:40.185) [Visual Studio Host (840):VisualStudioCaretTestExtension] Moving the caret to '' at (Ln: 17, Ch: 96) based on a regular expression.  Expression = "Method="()"" [group index '1', match index '1', options 'Singleline, CultureInvariant']
    (01:28:40.394) [Visual Studio Host (840):VisualStudioIntellisenseService] Invoking Completion member list at '(Ln: 17, Ch: 96)'.
    (01:28:40.601) [Visual Studio Host (840):VisualStudioIntellisenseService] Invoking Completion member list at '(Ln: 17, Ch: 96)'.
    (01:28:40.801) [Visual Studio Host (840):VisualStudioIntellisenseService] Getting the active completion at position '(Ln: 17, Ch: 96)'.
    (01:28:40.977) [Visual Studio Host (840):VisualStudioCompletionListTestExtension] Selecting completion item '&lt;Create New Method&gt;'.
    (01:28:41.181) [Visual Studio Host (840):VisualStudioCompletionListTestExtension] Committing '&lt;Create New Method&gt;' completion item.
    (01:28:41.558) [Visual Studio Host (840):VisualStudioCaretTestExtension] Moving the caret to '' at (Ln: 19, Ch: 27) based on a regular expression.  Expression = "Method="()"" [group index '1', match index '1', options 'Singleline, CultureInvariant']
    (01:28:41.716) [Visual Studio Host (840):VisualStudioIntellisenseService] Invoking Completion member list at '(Ln: 19, Ch: 27)'.
    (01:28:41.911) [Visual Studio Host (840):VisualStudioIntellisenseService] Invoking Completion member list at '(Ln: 19, Ch: 27)'.
    (01:28:42.087) [Visual Studio Host (840):VisualStudioIntellisenseService] Getting the active completion at position '(Ln: 19, Ch: 27)'.
    (01:28:42.232) [Visual Studio Host (840):VisualStudioCompletionListTestExtension] Selecting completion item '&lt;Create New Method&gt;'.
    (01:28:42.373) [Visual Studio Host (840):VisualStudioCompletionListTestExtension] Committing '&lt;Create New Method&gt;' completion item.
    (01:28:42.713) [Visual Studio Host (840):VisualStudioCaretTestExtension] Moving the caret to '' at (Ln: 19, Ch: 60) based on a regular expression.  Expression = "Method="()"" [group index '1', match index '1', options 'Singleline, CultureInvariant']
    (01:28:42.905) [Visual Studio Host (840):VisualStudioIntellisenseService] Invoking Completion member list at '(Ln: 19, Ch: 60)'.
    (01:28:43.092) [Visual Studio Host (840):VisualStudioIntellisenseService] Invoking Completion member list at '(Ln: 19, Ch: 60)'.
    (01:28:43.242) [Visual Studio Host (840):VisualStudioIntellisenseService] Getting the active completion at position '(Ln: 19, Ch: 60)'.
    (01:28:43.422) [Visual Studio Host (840):VisualStudioCompletionListTestExtension] Selecting completion item '&lt;Create New Method&gt;'.
    (01:28:43.607) [Visual Studio Host (840):VisualStudioCompletionListTestExtension] Committing '&lt;Create New Method&gt;' completion item.
    (01:28:44.091) [Visual Studio Host (840):VisualStudioCaretTestExtension] Moving the caret to '' at (Ln: 19, Ch: 96) based on a regular expression.  Expression = "Method="()"" [group index '1', match index '1', options 'Singleline, CultureInvariant']
    (01:28:44.341) [Visual Studio Host (840):VisualStudioIntellisenseService] Invoking Completion member list at '(Ln: 19, Ch: 96)'.
    (01:28:44.623) [Visual Studio Host (840):VisualStudioIntellisenseService] Invoking Completion member list at '(Ln: 19, Ch: 96)'.
    (01:28:44.809) [Visual Studio Host (840):VisualStudioIntellisenseService] Getting the active completion at position '(Ln: 19, Ch: 96)'.
    (01:28:45.002) [Visual Studio Host (840):VisualStudioCompletionListTestExtension] Selecting completion item '&lt;Create New Method&gt;'.
    (01:28:45.209) [Visual Studio Host (840):VisualStudioCompletionListTestExtension] Committing '&lt;Create New Method&gt;' completion item.
    (01:28:45.606) [Visual Studio Host (840):VisualStudioCaretTestExtension] Moving the caret to '' at (Ln: 21, Ch: 27) based on a regular expression.  Expression = "Method="()"" [group index '1', match index '1', options 'Singleline, CultureInvariant']
    (01:28:45.800) [Visual Studio Host (840):VisualStudioIntellisenseService] Invoking Completion member list at '(Ln: 21, Ch: 27)'.
    (01:28:46.011) [Visual Studio Host (840):VisualStudioIntellisenseService] Invoking Completion member list at '(Ln: 21, Ch: 27)'.
    (01:28:46.233) [Visual Studio Host (840):VisualStudioIntellisenseService] Getting the active completion at position '(Ln: 21, Ch: 27)'.
    (01:28:46.408) [Visual Studio Host (840):VisualStudioCompletionListTestExtension] Selecting completion item '&lt;Create New Method&gt;'.
    (01:28:46.567) [Visual Studio Host (840):VisualStudioCompletionListTestExtension] Committing '&lt;Create New Method&gt;' completion item.
    (01:28:47.012) [Visual Studio Host (840):VisualStudioCaretTestExtension] Moving the caret to '' at (Ln: 21, Ch: 60) based on a regular expression.  Expression = "Method="()"" [group index '1', match index '1', options 'Singleline, CultureInvariant']
    (01:28:47.232) [Visual Studio Host (840):VisualStudioIntellisenseService] Invoking Completion member list at '(Ln: 21, Ch: 60)'.
    (01:28:47.428) [Visual Studio Host (840):VisualStudioIntellisenseService] Invoking Completion member list at '(Ln: 21, Ch: 60)'.
    (01:28:47.631) [Visual Studio Host (840):VisualStudioIntellisenseService] Getting the active completion at position '(Ln: 21, Ch: 60)'.
    (01:28:47.856) [Visual Studio Host (840):VisualStudioCompletionListTestExtension] Selecting completion item '&lt;Create New Method&gt;'.
    (01:28:48.044) [Visual Studio Host (840):VisualStudioCompletionListTestExtension] Committing '&lt;Create New Method&gt;' completion item.
    (01:28:48.455) [Visual Studio Host (840):VisualStudioCaretTestExtension] Moving the caret to '' at (Ln: 21, Ch: 96) based on a regular expression.  Expression = "Method="()"" [group index '1', match index '1', options 'Singleline, CultureInvariant']
    (01:28:48.642) [Visual Studio Host (840):VisualStudioIntellisenseService] Invoking Completion member list at '(Ln: 21, Ch: 96)'.
    (01:28:48.854) [Visual Studio Host (840):VisualStudioIntellisenseService] Invoking Completion member list at '(Ln: 21, Ch: 96)'.
    (01:28:49.060) [Visual Studio Host (840):VisualStudioIntellisenseService] Getting the active completion at position '(Ln: 21, Ch: 96)'.
    (01:28:49.235) [Visual Studio Host (840):VisualStudioCompletionListTestExtension] Selecting completion item '&lt;Create New Method&gt;'.
    (01:28:49.418) [Visual Studio Host (840):VisualStudioCompletionListTestExtension] Committing '&lt;Create New Method&gt;' completion item.
    (01:28:49.868) [Visual Studio Host (840):VisualStudioCaretTestExtension] Moving the caret to '' at (Ln: 21, Ch: 132) based on a regular expression.  Expression = "Method="()"" [group index '1', match index '1', options 'Singleline, CultureInvariant']
    (01:28:50.086) [Visual Studio Host (840):VisualStudioIntellisenseService] Invoking Completion member list at '(Ln: 21, Ch: 132)'.
    (01:28:50.371) [Visual Studio Host (840):VisualStudioIntellisenseService] Invoking Completion member list at '(Ln: 21, Ch: 132)'.
    (01:28:50.562) [Visual Studio Host (840):VisualStudioIntellisenseService] Getting the active completion at position '(Ln: 21, Ch: 132)'.
    (01:28:50.726) [Visual Studio Host (840):VisualStudioCompletionListTestExtension] Selecting completion item '&lt;Create New Method&gt;'.
    (01:28:50.862) [Visual Studio Host (840):VisualStudioCompletionListTestExtension] Committing '&lt;Create New Method&gt;' completion item.
    (01:28:51.232) [Visual Studio Host (840):VisualStudioCaretTestExtension] Moving the caret to '' at (Ln: 23, Ch: 27) based on a regular expression.  Expression = "Method="()"" [group index '1', match index '1', options 'Singleline, CultureInvariant']
    (01:28:51.446) [Visual Studio Host (840):VisualStudioIntellisenseService] Invoking Completion member list at '(Ln: 23, Ch: 27)'.
    (01:28:51.676) [Visual Studio Host (840):VisualStudioIntellisenseService] Invoking Completion member list at '(Ln: 23, Ch: 27)'.
    (01:28:51.869) [Visual Studio Host (840):VisualStudioIntellisenseService] Getting the active completion at position '(Ln: 23, Ch: 27)'.
    (01:28:52.042) [Visual Studio Host (840):VisualStudioCompletionListTestExtension] Selecting completion item '&lt;Create New Method&gt;'.
    (01:28:52.197) [Visual Studio Host (840):VisualStudioCompletionListTestExtension] Committing '&lt;Create New Method&gt;' completion item.
    (01:28:52.625) [Visual Studio Host (840):VisualStudioCaretTestExtension] Moving the caret to '' at (Ln: 23, Ch: 60) based on a regular expression.  Expression = "Method="()"" [group index '1', match index '1', options 'Singleline, CultureInvariant']
    (01:28:52.826) [Visual Studio Host (840):VisualStudioIntellisenseService] Invoking Completion member list at '(Ln: 23, Ch: 60)'.
    (01:28:53.015) [Visual Studio Host (840):VisualStudioIntellisenseService] Invoking Completion member list at '(Ln: 23, Ch: 60)'.
    (01:28:53.178) [Visual Studio Host (840):VisualStudioIntellisenseService] Getting the active completion at position '(Ln: 23, Ch: 60)'.
    (01:28:53.356) [Visual Studio Host (840):VisualStudioCompletionListTestExtension] Selecting completion item '&lt;Create New Method&gt;'.
    (01:28:53.572) [Visual Studio Host (840):VisualStudioCompletionListTestExtension] Committing '&lt;Create New Method&gt;' completion item.
    (01:28:54.106) [Visual Studio Host (840):VisualStudioCaretTestExtension] Moving the caret to '' at (Ln: 23, Ch: 96) based on a regular expression.  Expression = "Method="()"" [group index '1', match index '1', options 'Singleline, CultureInvariant']
    (01:28:54.333) [Visual Studio Host (840):VisualStudioIntellisenseService] Invoking Completion member list at '(Ln: 23, Ch: 96)'.
    (01:28:54.547) [Visual Studio Host (840):VisualStudioIntellisenseService] Invoking Completion member list at '(Ln: 23, Ch: 96)'.
    (01:28:54.726) [Visual Studio Host (840):VisualStudioIntellisenseService] Getting the active completion at position '(Ln: 23, Ch: 96)'.
    (01:28:54.917) [Visual Studio Host (840):VisualStudioCompletionListTestExtension] Selecting completion item '&lt;Create New Method&gt;'.
    (01:28:55.092) [Visual Studio Host (840):VisualStudioCompletionListTestExtension] Committing '&lt;Create New Method&gt;' completion item.
    (01:28:55.508) [Visual Studio Host (840):VisualStudioCaretTestExtension] Moving the caret to '' at (Ln: 23, Ch: 132) based on a regular expression.  Expression = "Method="()"" [group index '1', match index '1', options 'Singleline, CultureInvariant']
    (01:28:55.701) [Visual Studio Host (840):VisualStudioIntellisenseService] Invoking Completion member list at '(Ln: 23, Ch: 132)'.
    (01:28:55.894) [Visual Studio Host (840):VisualStudioIntellisenseService] Invoking Completion member list at '(Ln: 23, Ch: 132)'.
    (01:28:56.079) [Visual Studio Host (840):VisualStudioIntellisenseService] Getting the active completion at position '(Ln: 23, Ch: 132)'.
    (01:28:56.260) [Visual Studio Host (840):VisualStudioCompletionListTestExtension] Selecting completion item '&lt;Create New Method&gt;'.
    (01:28:56.398) [Visual Studio Host (840):VisualStudioCompletionListTestExtension] Committing '&lt;Create New Method&gt;' completion item.
    (01:28:56.745) [Visual Studio Host (840):VisualStudioCaretTestExtension] Moving the caret to '' at (Ln: 25, Ch: 27) based on a regular expression.  Expression = "Method="()"" [group index '1', match index '1', options 'Singleline, CultureInvariant']
    (01:28:56.947) [Visual Studio Host (840):VisualStudioIntellisenseService] Invoking Completion member list at '(Ln: 25, Ch: 27)'.
    (01:28:57.205) [Visual Studio Host (840):VisualStudioIntellisenseService] Invoking Completion member list at '(Ln: 25, Ch: 27)'.
    (01:28:57.426) [Visual Studio Host (840):VisualStudioIntellisenseService] Getting the active completion at position '(Ln: 25, Ch: 27)'.
    (01:28:57.630) [Visual Studio Host (840):VisualStudioCompletionListTestExtension] Selecting completion item '&lt;Create New Method&gt;'.
    (01:28:57.775) [Visual Studio Host (840):VisualStudioCompletionListTestExtension] Committing '&lt;Create New Method&gt;' completion item.
    (01:28:58.208) [Visual Studio Host (840):VisualStudioCaretTestExtension] Moving the caret to '' at (Ln: 25, Ch: 63) based on a regular expression.  Expression = "Method="()"" [group index '1', match index '1', options 'Singleline, CultureInvariant']
    (01:28:58.625) [Visual Studio Host (840):VisualStudioIntellisenseService] Invoking Completion member list at '(Ln: 25, Ch: 63)'.
    (01:28:58.924) [Visual Studio Host (840):VisualStudioIntellisenseService] Invoking Completion member list at '(Ln: 25, Ch: 63)'.
    (01:28:59.228) [Visual Studio Host (840):VisualStudioIntellisenseService] Getting the active completion at position '(Ln: 25, Ch: 63)'.
    (01:28:59.536) [Visual Studio Host (840):VisualStudioCompletionListTestExtension] Selecting completion item '&lt;Create New Method&gt;'.
    (01:28:59.754) [Visual Studio Host (840):VisualStudioCompletionListTestExtension] Committing '&lt;Create New Method&gt;' completion item.
    (01:29:00.245) [Visual Studio Host (840):VisualStudioCaretTestExtension] Moving the caret to '' at (Ln: 25, Ch: 102) based on a regular expression.  Expression = "Method="()"" [group index '1', match index '1', options 'Singleline, CultureInvariant']
    (01:29:00.425) [Visual Studio Host (840):VisualStudioIntellisenseService] Invoking Completion member list at '(Ln: 25, Ch: 102)'.
    (01:29:00.622) [Visual Studio Host (840):VisualStudioIntellisenseService] Invoking Completion member list at '(Ln: 25, Ch: 102)'.
    (01:29:00.790) [Visual Studio Host (840):VisualStudioIntellisenseService] Getting the active completion at position '(Ln: 25, Ch: 102)'.
    (01:29:00.954) [Visual Studio Host (840):VisualStudioCompletionListTestExtension] Selecting completion item '&lt;Create New Method&gt;'.
    (01:29:01.123) [Visual Studio Host (840):VisualStudioCompletionListTestExtension] Committing '&lt;Create New Method&gt;' completion item.
    (01:29:01.546) [Visual Studio Host (840):VisualStudioCaretTestExtension] Moving the caret to '' at (Ln: 25, Ch: 141) based on a regular expression.  Expression = "Method="()"" [group index '1', match index '1', options 'Singleline, CultureInvariant']
    (01:29:01.737) [Visual Studio Host (840):VisualStudioIntellisenseService] Invoking Completion member list at '(Ln: 25, Ch: 141)'.
    (01:29:02.000) [Visual Studio Host (840):VisualStudioIntellisenseService] Invoking Completion member list at '(Ln: 25, Ch: 141)'.
    (01:29:02.200) [Visual Studio Host (840):VisualStudioIntellisenseService] Getting the active completion at position '(Ln: 25, Ch: 141)'.
    (01:29:02.386) [Visual Studio Host (840):VisualStudioCompletionListTestExtension] Selecting completion item '&lt;Create New Method&gt;'.
    (01:29:02.538) [Visual Studio Host (840):VisualStudioCompletionListTestExtension] Committing '&lt;Create New Method&gt;' completion item.
    (01:29:03.000) [Visual Studio Host (840):VisualStudioCaretTestExtension] Moving the caret to '' at (Ln: 27, Ch: 27) based on a regular expression.  Expression = "Method="()"" [group index '1', match index '1', options 'Singleline, CultureInvariant']
    (01:29:03.197) [Visual Studio Host (840):VisualStudioIntellisenseService] Invoking Completion member list at '(Ln: 27, Ch: 27)'.
    (01:29:03.420) [Visual Studio Host (840):VisualStudioIntellisenseService] Invoking Completion member list at '(Ln: 27, Ch: 27)'.
    (01:29:03.595) [Visual Studio Host (840):VisualStudioIntellisenseService] Getting the active completion at position '(Ln: 27, Ch: 27)'.
    (01:29:03.781) [Visual Studio Host (840):VisualStudioCompletionListTestExtension] Selecting completion item '&lt;Create New Method&gt;'.
    (01:29:03.921) [Visual Studio Host (840):VisualStudioCompletionListTestExtension] Committing '&lt;Create New Method&gt;' completion item.
    (01:29:04.292) [Visual Studio Host (840):VisualStudioCaretTestExtension] Moving the caret to '' at (Ln: 27, Ch: 63) based on a regular expression.  Expression = "Method="()"" [group index '1', match index '1', options 'Singleline, CultureInvariant']
    (01:29:04.505) [Visual Studio Host (840):VisualStudioIntellisenseService] Invoking Completion member list at '(Ln: 27, Ch: 63)'.
    (01:29:04.733) [Visual Studio Host (840):VisualStudioIntellisenseService] Invoking Completion member list at '(Ln: 27, Ch: 63)'.
    (01:29:04.915) [Visual Studio Host (840):VisualStudioIntellisenseService] Getting the active completion at position '(Ln: 27, Ch: 63)'.
    (01:29:05.068) [Visual Studio Host (840):VisualStudioCompletionListTestExtension] Selecting completion item '&lt;Create New Method&gt;'.
    (01:29:05.262) [Visual Studio Host (840):VisualStudioCompletionListTestExtension] Committing '&lt;Create New Method&gt;' completion item.
    (01:29:05.762) [Visual Studio Host (840):VisualStudioCaretTestExtension] Moving the caret to '' at (Ln: 27, Ch: 102) based on a regular expression.  Expression = "Method="()"" [group index '1', match index '1', options 'Singleline, CultureInvariant']
    (01:29:05.972) [Visual Studio Host (840):VisualStudioIntellisenseService] Invoking Completion member list at '(Ln: 27, Ch: 102)'.
    (01:29:06.240) [Visual Studio Host (840):VisualStudioIntellisenseService] Invoking Completion member list at '(Ln: 27, Ch: 102)'.
    (01:29:06.446) [Visual Studio Host (840):VisualStudioIntellisenseService] Getting the active completion at position '(Ln: 27, Ch: 102)'.
    (01:29:06.646) [Visual Studio Host (840):VisualStudioCompletionListTestExtension] Selecting completion item '&lt;Create New Method&gt;'.
    (01:29:06.816) [Visual Studio Host (840):VisualStudioCompletionListTestExtension] Committing '&lt;Create New Method&gt;' completion item.
    (01:29:07.285) [Visual Studio Host (840):VisualStudioCaretTestExtension] Moving the caret to '' at (Ln: 27, Ch: 141) based on a regular expression.  Expression = "Method="()"" [group index '1', match index '1', options 'Singleline, CultureInvariant']
    (01:29:07.463) [Visual Studio Host (840):VisualStudioIntellisenseService] Invoking Completion member list at '(Ln: 27, Ch: 141)'.
    (01:29:07.717) [Visual Studio Host (840):VisualStudioIntellisenseService] Invoking Completion member list at '(Ln: 27, Ch: 141)'.
    (01:29:07.920) [Visual Studio Host (840):VisualStudioIntellisenseService] Getting the active completion at position '(Ln: 27, Ch: 141)'.
    (01:29:08.135) [Visual Studio Host (840):VisualStudioCompletionListTestExtension] Selecting completion item '&lt;Create New Method&gt;'.
    (01:29:08.324) [Visual Studio Host (840):VisualStudioCompletionListTestExtension] Committing '&lt;Create New Method&gt;' completion item.
    (01:29:08.785) [Visual Studio Host (840):VisualStudioCaretTestExtension] Moving the caret to '' at (Ln: 29, Ch: 27) based on a regular expression.  Expression = "Method="()"" [group index '1', match index '1', options 'Singleline, CultureInvariant']
    (01:29:09.011) [Visual Studio Host (840):VisualStudioIntellisenseService] Invoking Completion member list at '(Ln: 29, Ch: 27)'.
    (01:29:09.290) [Visual Studio Host (840):VisualStudioIntellisenseService] Invoking Completion member list at '(Ln: 29, Ch: 27)'.
    (01:29:09.477) [Visual Studio Host (840):VisualStudioIntellisenseService] Getting the active completion at position '(Ln: 29, Ch: 27)'.
    (01:29:09.668) [Visual Studio Host (840):VisualStudioCompletionListTestExtension] Selecting completion item '&lt;Create New Method&gt;'.
    (01:29:09.851) [Visual Studio Host (840):VisualStudioCompletionListTestExtension] Committing '&lt;Create New Method&gt;' completion item.
    (01:29:10.340) [Visual Studio Host (840):VisualStudioCaretTestExtension] Moving the caret to '' at (Ln: 29, Ch: 60) based on a regular expression.  Expression = "Method="()"" [group index '1', match index '1', options 'Singleline, CultureInvariant']
    (01:29:10.538) [Visual Studio Host (840):VisualStudioIntellisenseService] Invoking Completion member list at '(Ln: 29, Ch: 60)'.
    (01:29:10.795) [Visual Studio Host (840):VisualStudioIntellisenseService] Invoking Completion member list at '(Ln: 29, Ch: 60)'.
    (01:29:10.999) [Visual Studio Host (840):VisualStudioIntellisenseService] Getting the active completion at position '(Ln: 29, Ch: 60)'.
    (01:29:11.208) [Visual Studio Host (840):VisualStudioCompletionListTestExtension] Selecting completion item '&lt;Create New Method&gt;'.
    (01:29:11.360) [Visual Studio Host (840):VisualStudioCompletionListTestExtension] Committing '&lt;Create New Method&gt;' completion item.
    (01:29:11.841) [Visual Studio Host (840):VisualStudioCaretTestExtension] Moving the caret to '' at (Ln: 29, Ch: 96) based on a regular expression.  Expression = "Method="()"" [group index '1', match index '1', options 'Singleline, CultureInvariant']
    (01:29:12.030) [Visual Studio Host (840):VisualStudioIntellisenseService] Invoking Completion member list at '(Ln: 29, Ch: 96)'.
    (01:29:12.311) [Visual Studio Host (840):VisualStudioIntellisenseService] Invoking Completion member list at '(Ln: 29, Ch: 96)'.
    (01:29:12.515) [Visual Studio Host (840):VisualStudioIntellisenseService] Getting the active completion at position '(Ln: 29, Ch: 96)'.
    (01:29:12.687) [Visual Studio Host (840):VisualStudioCompletionListTestExtension] Selecting completion item '&lt;Create New Method&gt;'.
    (01:29:12.825) [Visual Studio Host (840):VisualStudioCompletionListTestExtension] Committing '&lt;Create New Method&gt;' completion item.
    (01:29:13.240) [Visual Studio Host (840):VisualStudioCaretTestExtension] Moving the caret to '' at (Ln: 29, Ch: 132) based on a regular expression.  Expression = "Method="()"" [group index '1', match index '1', options 'Singleline, CultureInvariant']
    (01:29:13.433) [Visual Studio Host (840):VisualStudioIntellisenseService] Invoking Completion member list at '(Ln: 29, Ch: 132)'.
    (01:29:13.724) [Visual Studio Host (840):VisualStudioIntellisenseService] Invoking Completion member list at '(Ln: 29, Ch: 132)'.
    (01:29:13.919) [Visual Studio Host (840):VisualStudioIntellisenseService] Getting the active completion at position '(Ln: 29, Ch: 132)'.
    (01:29:14.086) [Visual Studio Host (840):VisualStudioCompletionListTestExtension] Selecting completion item '&lt;Create New Method&gt;'.
    (01:29:14.263) [Visual Studio Host (840):VisualStudioCompletionListTestExtension] Committing '&lt;Create New Method&gt;' completion item.
    (01:29:14.788) [Visual Studio Host (840):VisualStudioCaretTestExtension] Moving the caret to '' at (Ln: 31, Ch: 27) based on a regular expression.  Expression = "Method="()"" [group index '1', match index '1', options 'Singleline, CultureInvariant']
    (01:29:15.022) [Visual Studio Host (840):VisualStudioIntellisenseService] Invoking Completion member list at '(Ln: 31, Ch: 27)'.
    (01:29:15.358) [Visual Studio Host (840):VisualStudioIntellisenseService] Invoking Completion member list at '(Ln: 31, Ch: 27)'.
    (01:29:15.559) [Visual Studio Host (840):VisualStudioIntellisenseService] Getting the active completion at position '(Ln: 31, Ch: 27)'.
    (01:29:15.766) [Visual Studio Host (840):VisualStudioCompletionListTestExtension] Selecting completion item '&lt;Create New Method&gt;'.
    (01:29:15.969) [Visual Studio Host (840):VisualStudioCompletionListTestExtension] Committing '&lt;Create New Method&gt;' completion item.
    (01:29:16.482) [Visual Studio Host (840):VisualStudioCaretTestExtension] Moving the caret to '' at (Ln: 31, Ch: 60) based on a regular expression.  Expression = "Method="()"" [group index '1', match index '1', options 'Singleline, CultureInvariant']
    (01:29:16.734) [Visual Studio Host (840):VisualStudioIntellisenseService] Invoking Completion member list at '(Ln: 31, Ch: 60)'.
    (01:29:17.035) [Visual Studio Host (840):VisualStudioIntellisenseService] Invoking Completion member list at '(Ln: 31, Ch: 60)'.
    (01:29:17.217) [Visual Studio Host (840):VisualStudioIntellisenseService] Getting the active completion at position '(Ln: 31, Ch: 60)'.
    (01:29:17.399) [Visual Studio Host (840):VisualStudioCompletionListTestExtension] Selecting completion item '&lt;Create New Method&gt;'.
    (01:29:17.599) [Visual Studio Host (840):VisualStudioCompletionListTestExtension] Committing '&lt;Create New Method&gt;' completion item.
    (01:29:18.067) [Visual Studio Host (840):VisualStudioCaretTestExtension] Moving the caret to '' at (Ln: 31, Ch: 96) based on a regular expression.  Expression = "Method="()"" [group index '1', match index '1', options 'Singleline, CultureInvariant']
    (01:29:18.294) [Visual Studio Host (840):VisualStudioIntellisenseService] Invoking Completion member list at '(Ln: 31, Ch: 96)'.
    (01:29:18.521) [Visual Studio Host (840):VisualStudioIntellisenseService] Invoking Completion member list at '(Ln: 31, Ch: 96)'.
    (01:29:18.701) [Visual Studio Host (840):VisualStudioIntellisenseService] Getting the active completion at position '(Ln: 31, Ch: 96)'.
    (01:29:18.878) [Visual Studio Host (840):VisualStudioCompletionListTestExtension] Selecting completion item '&lt;Create New Method&gt;'.
    (01:29:19.056) [Visual Studio Host (840):VisualStudioCompletionListTestExtension] Committing '&lt;Create New Method&gt;' completion item.
    (01:29:19.511) [Visual Studio Host (840):VisualStudioCaretTestExtension] Moving the caret to '' at (Ln: 31, Ch: 132) based on a regular expression.  Expression = "Method="()"" [group index '1', match index '1', options 'Singleline, CultureInvariant']
    (01:29:19.732) [Visual Studio Host (840):VisualStudioIntellisenseService] Invoking Completion member list at '(Ln: 31, Ch: 132)'.
    (01:29:20.011) [Visual Studio Host (840):VisualStudioIntellisenseService] Invoking Completion member list at '(Ln: 31, Ch: 132)'.
    (01:29:20.228) [Visual Studio Host (840):VisualStudioIntellisenseService] Getting the active completion at position '(Ln: 31, Ch: 132)'.
    (01:29:20.415) [Visual Studio Host (840):VisualStudioCompletionListTestExtension] Selecting completion item '&lt;Create New Method&gt;'.
    (01:29:20.555) [Visual Studio Host (840):VisualStudioCompletionListTestExtension] Committing '&lt;Create New Method&gt;' completion item.
    (01:29:21.008) [Visual Studio Host (840):TextEditorDocumentWindowTestExtension] Showing window 'CodeBeside.aspx' without activating the window.
    (01:29:21.228) [Visual Studio Host (840):TextEditorDocumentWindowTestExtension] Showing window 'CodeBeside.aspx'.
    (01:29:21.617) [Visual Studio Host (840):TextEditorDocumentWindowTestExtension] Showing window 'CodeBeside.aspx.cs' without activating the window.
    (01:29:21.826) [Visual Studio Host (840):TextEditorDocumentWindowTestExtension] Showing window 'CodeBeside.aspx.cs'.
    (01:29:21.990) [Visual Studio Host (840):VisualStudioTextEditorTestExtension] Setting keyboard focus to editor 'CodeBeside.aspx.cs'.
    (01:29:22.199) [Visual Studio Host (840):TextEditorDocumentWindowTestExtension] Showing window 'CodeBeside.aspx.cs' without activating the window.
    (01:29:22.374) [Visual Studio Host (840):TextEditorDocumentWindowTestExtension] Showing window 'CodeBeside.aspx.cs'.
    (01:29:22.575) [Visual Studio Host (840):TextEditorDocumentWindowTestExtension] Closing window 'CodeBeside.aspx.cs'.
    + ExternalProcessHostTest TestCleanup
        (01:29:23.165) [Visual Studio Host (840):TextEditorDocumentWindowTestExtension] Closing window 'CodeBeside.aspx'.
        (01:29:23.664) [Platform:Testcase] Test 'VSTest_Generate_AttrModel_Methods_WAP_Code_Beside_CS' has 'Passed' outcome. Therefore, Apex will not shut down the 'Visual Studio Host (840)' with process ID '840'. A subsequent test scenario will run on the same instance of the host.
    + Final Test Result Verification
        (01:29:24.282) [Platform:DelayedAssertionVerifierSink] Verification Success: 0 verification steps failed.
    + ApexTest TestCleanup</StdOut>
      </Output>
      <ResultFiles>
        <ResultFile path="WNVM19648\Fail.22wpw0oka5fs.png" />
        <ResultFile path="WNVM19648\Fail.33ju4eduay3u.png" />
        <ResultFile path="WNVM19648\Fail.aswak04hapa5.png" />
        <ResultFile path="WNVM19648\Fail.azqsczivabnm.png" />
        <ResultFile path="WNVM19648\Fail.byuslv5baqsd.png" />
        <ResultFile path="WNVM19648\Fail.ek4tb3wmalyl.png" />
        <ResultFile path="WNVM19648\Fail.ig2gsfz5ad1y.png" />
        <ResultFile path="WNVM19648\Fail.kxs1ersmaxma.png" />
        <ResultFile path="WNVM19648\Fail.loc0xhl5a2hr.png" />
        <ResultFile path="WNVM19648\Fail.o4kkrjboasbk.png" />
        <ResultFile path="WNVM19648\Fail.o5zf0zepaw0l.png" />
        <ResultFile path="WNVM19648\Fail.qbnuydioazjy.png" />
        <ResultFile path="WNVM19648\Fail.raasvsmeanc1.png" />
        <ResultFile path="WNVM19648\Fail.sidku4gxamg4.png" />
        <ResultFile path="WNVM19648\Fail.t4yj0fxuatil.png" />
        <ResultFile path="WNVM19648\Fail.z10rn0n5ajdm.png" />
        <ResultFile path="WNVM19648\OmniLog.html" />
        <ResultFile path="WNVM19648\OmniLogRawXml.xml" />
      </ResultFiles>
    </UnitTestResult>
    <UnitTestResult executionId="445481fc-1da8-46d2-be3b-e15953c6c0cc" testId="1811d582-322d-c547-f408-2b7514e04bcf" testName="VSTest_Generate_AttrModel_Methods_WebSite_Code_Inline_VB" computerName="WNVM19648" duration="00:00:04.9648413" startTime="2018-04-17T01:25:49.4345097-07:00" endTime="2018-04-17T01:25:54.3993510-07:00" testType="13cdc9d9-ddb5-4fa4-a97d-d965ccfc6d4b" outcome="Passed" testListId="8c84fa94-04c1-424b-9868-57a2d4851a1d" relativeResultsDirectory="445481fc-1da8-46d2-be3b-e15953c6c0cc">
      <Output>
        <StdOut>+ GenerateDataMethodTests::VSTest_Generate_AttrModel_Methods_WebSite_Code_Inline_VB
    + ApexTest TestInitialize
    + ExternalProcessHostTest TestInitialize
        (01:27:31.208) [Visual Studio Host (3036):RoamingSettingsService] Disabling roaming settings.
        (01:27:31.362) [Visual Studio Host (3036):SettingsService] Setting Visual Studio option 'Environment\RoamingSettings\RoamingEnabled' to 'False'.
        (01:27:31.959) [Visual Studio Host (3036):TextEditorDocumentWindowTestExtension] Showing window 'WebFormVB.aspx' without activating the window.
        (01:27:32.251) [Visual Studio Host (3036):TextEditorDocumentWindowTestExtension] Showing window 'WebFormVB.aspx'.
        (01:27:32.485) [Visual Studio Host (3036):VisualStudioTextEditorTestExtension] Setting keyboard focus to editor 'WebFormVB.aspx'.
        (01:27:32.656) [Visual Studio Host (3036):MainWindowService] Activating main window to bring it to the foreground.
        (01:27:32.851) [Visual Studio Host (3036):MainWindowService] Setting main window state to 'Maximized'.
    (01:27:33.227) [Visual Studio Host (3036):TextEditorDocumentWindowTestExtension] Showing window 'WebFormVB.aspx' without activating the window.
    (01:27:33.405) [Visual Studio Host (3036):TextEditorDocumentWindowTestExtension] Showing window 'WebFormVB.aspx'.
    + ExternalProcessHostTest TestCleanup
        (01:27:33.815) [Visual Studio Host (3036):TextEditorDocumentWindowTestExtension] Closing window 'WebFormVB.aspx'.
        (01:27:34.182) [Platform:Testcase] Test 'VSTest_Generate_AttrModel_Methods_WebSite_Code_Inline_VB' has 'Passed' outcome. Therefore, Apex will not shut down the 'Visual Studio Host (3036)' with process ID '3036'. A subsequent test scenario will run on the same instance of the host.
    + Final Test Result Verification
        (01:27:34.689) [Platform:DelayedAssertionVerifierSink] Verification Success: 0 verification steps failed.
    + ApexTest TestCleanup</StdOut>
      </Output>
      <ResultFiles>
        <ResultFile path="WNVM19648\Fail.aswak04hapa5.png" />
        <ResultFile path="WNVM19648\Fail.azqsczivabnm.png" />
        <ResultFile path="WNVM19648\Fail.byuslv5baqsd.png" />
        <ResultFile path="WNVM19648\Fail.ek4tb3wmalyl.png" />
        <ResultFile path="WNVM19648\Fail.ig2gsfz5ad1y.png" />
        <ResultFile path="WNVM19648\Fail.kxs1ersmaxma.png" />
        <ResultFile path="WNVM19648\Fail.loc0xhl5a2hr.png" />
        <ResultFile path="WNVM19648\Fail.o4kkrjboasbk.png" />
        <ResultFile path="WNVM19648\Fail.o5zf0zepaw0l.png" />
        <ResultFile path="WNVM19648\Fail.raasvsmeanc1.png" />
        <ResultFile path="WNVM19648\Fail.sidku4gxamg4.png" />
        <ResultFile path="WNVM19648\Fail.t4yj0fxuatil.png" />
        <ResultFile path="WNVM19648\Fail.z10rn0n5ajdm.png" />
        <ResultFile path="WNVM19648\OmniLog.html" />
        <ResultFile path="WNVM19648\OmniLogRawXml.xml" />
      </ResultFiles>
    </UnitTestResult>
    <UnitTestResult executionId="f9f756f0-df2d-4400-8427-acf49c9bd684" testId="9b65e278-d865-83f6-9cd6-2de2c701ae89" testName="VSTest_CssCompletion_CustomProperties_Imports" computerName="WNVM19648" duration="00:00:06.1412295" startTime="2018-04-17T00:29:43.6737700-07:00" endTime="2018-04-17T00:29:49.8149995-07:00" testType="13cdc9d9-ddb5-4fa4-a97d-d965ccfc6d4b" outcome="Passed" testListId="8c84fa94-04c1-424b-9868-57a2d4851a1d" relativeResultsDirectory="f9f756f0-df2d-4400-8427-acf49c9bd684">
      <Output>
        <StdOut>+ CssCompletionTests::VSTest_CssCompletion_CustomProperties_Imports
    + ApexTest TestInitialize
    + ExternalProcessHostTest TestInitialize
        (31:25.151) [Visual Studio Host (11564):RoamingSettingsService] Disabling roaming settings.
        (31:25.202) [Visual Studio Host (11564):SettingsService] Setting Visual Studio option 'Environment\RoamingSettings\RoamingEnabled' to 'False'.
        (31:25.516) [Visual Studio Host (11564):TextEditorDocumentWindowTestExtension] Showing window 'ImportCustomProperties.css' without activating the window.
        (31:25.614) [Visual Studio Host (11564):TextEditorDocumentWindowTestExtension] Showing window 'ImportCustomProperties.css'.
        (31:25.704) [Visual Studio Host (11564):VisualStudioTextEditorTestExtension] Setting keyboard focus to editor 'ImportCustomProperties.css'.
        (31:25.764) [Visual Studio Host (11564):MainWindowService] Activating main window to bring it to the foreground.
        (31:25.861) [Visual Studio Host (11564):MainWindowService] Setting main window state to 'Maximized'.
    (31:25.988) [Visual Studio Host (11564):TextEditorDocumentWindowTestExtension] Showing window 'ImportCustomProperties.css' without activating the window.
    (31:26.066) [Visual Studio Host (11564):TextEditorDocumentWindowTestExtension] Showing window 'ImportCustomProperties.css'.
    (31:26.144) [Visual Studio Host (11564):VisualStudioCaretTestExtension] Moving the caret and selecting the range from (Ln: 3, Ch: 7) to (Ln: 3, Ch: 7) based on a regular expression.  Expression = "body {()" [group index '1', match index '1', options 'Singleline, CultureInvariant']
    (31:26.204) [Visual Studio Host (11564):TextEditorDocumentWindowTestExtension] Showing window 'ImportCustomProperties.css' without activating the window.
    (31:26.280) [Visual Studio Host (11564):TextEditorDocumentWindowTestExtension] Showing window 'ImportCustomProperties.css'.
    (31:26.365) [Visual Studio Host (11564):KeyboardCommands] Sending the Return key 1 times.
    (31:26.454) [Visual Studio Host (11564):TextEditorDocumentWindowTestExtension] Showing window 'ImportCustomProperties.css' without activating the window.
    (31:26.526) [Visual Studio Host (11564):TextEditorDocumentWindowTestExtension] Showing window 'ImportCustomProperties.css'.
    (31:26.728) [Visual Studio Host (11564):TextEditorDocumentWindowTestExtension] Showing window 'ImportCustomProperties.css' without activating the window.
    (31:26.826) [Visual Studio Host (11564):TextEditorDocumentWindowTestExtension] Showing window 'ImportCustomProperties.css'.
    (31:26.904) [Visual Studio Host (11564):VisualStudioIntellisenseService] Getting the active completion at position '(Ln: 4, Ch: 16)'.
    (31:26.979) [Visual Studio Host (11564):VisualStudioCompletionListTestExtension] Found completion item with name 
    (31:27.168) [Visual Studio Host (11564):VisualStudioCompletionListTestExtension] Found completion item with name 
    (31:27.225) [Visual Studio Host (11564):TextEditorDocumentWindowTestExtension] Showing window 'ImportCustomProperties.css' without activating the window.
    (31:27.278) [Visual Studio Host (11564):TextEditorDocumentWindowTestExtension] Showing window 'ImportCustomProperties.css'.
    (31:27.358) [Visual Studio Host (11564):VisualStudioTextEditingActions] Deleting to the beginning of line of the current caret position, position: '(Ln: 4, Ch: 16)', line: '4'
    (31:27.459) [Visual Studio Host (11564):TextEditorDocumentWindowTestExtension] Showing window 'ImportCustomProperties.css' without activating the window.
    (31:27.537) [Visual Studio Host (11564):TextEditorDocumentWindowTestExtension] Showing window 'ImportCustomProperties.css'.
    (31:27.668) [Visual Studio Host (11564):TextEditorDocumentWindowTestExtension] Showing window 'ImportCustomProperties.css' without activating the window.
    (31:27.746) [Visual Studio Host (11564):TextEditorDocumentWindowTestExtension] Showing window 'ImportCustomProperties.css'.
    (31:27.869) [Visual Studio Host (11564):VisualStudioIntellisenseService] Getting the active completion at position '(Ln: 4, Ch: 3)'.
    (31:27.941) [Visual Studio Host (11564):VisualStudioCompletionListTestExtension] Found completion item with name 
    (31:28.008) [Visual Studio Host (11564):VisualStudioCompletionListTestExtension] Found completion item with name 
    (31:28.075) [Visual Studio Host (11564):TextEditorDocumentWindowTestExtension] Showing window 'ImportCustomProperties.css' without activating the window.
    (31:28.154) [Visual Studio Host (11564):TextEditorDocumentWindowTestExtension] Showing window 'ImportCustomProperties.css'.
    (31:28.221) [Visual Studio Host (11564):VisualStudioTextEditingActions] Deleting the current line: '4'
    (31:28.336) [Visual Studio Host (11564):TextEditorDocumentWindowTestExtension] Showing window 'ImportCustomProperties.css' without activating the window.
    (31:28.418) [Visual Studio Host (11564):TextEditorDocumentWindowTestExtension] Showing window 'ImportCustomProperties.css'.
    (31:28.523) [Visual Studio Host (11564):VisualStudioCaretTestExtension] Moving the caret from (Ln: 4, Ch: 1) to the beginning of the file
    (31:28.593) [Visual Studio Host (11564):VisualStudioTextEditorTestExtension] Setting keyboard focus to editor 'ImportCustomProperties.css'.
    (31:28.677) [Visual Studio Host (11564):TextEditorDocumentWindowTestExtension] Showing window 'ImportCustomProperties.css' without activating the window.
    (31:28.753) [Visual Studio Host (11564):TextEditorDocumentWindowTestExtension] Showing window 'ImportCustomProperties.css'.
    (31:28.867) [Visual Studio Host (11564):VisualStudioTextEditingActions] Deleting the current line: '1'
    (31:28.944) [Visual Studio Host (11564):TextEditorDocumentWindowTestExtension] Showing window 'ImportCustomProperties.css' without activating the window.
    (31:29.019) [Visual Studio Host (11564):TextEditorDocumentWindowTestExtension] Showing window 'ImportCustomProperties.css'.
    (31:29.120) [Visual Studio Host (11564):VisualStudioCaretTestExtension] Moving the caret and selecting the range from (Ln: 2, Ch: 7) to (Ln: 2, Ch: 7) based on a regular expression.  Expression = "body {()" [group index '1', match index '1', options 'Singleline, CultureInvariant']
    (31:29.187) [Visual Studio Host (11564):TextEditorDocumentWindowTestExtension] Showing window 'ImportCustomProperties.css' without activating the window.
    (31:29.259) [Visual Studio Host (11564):TextEditorDocumentWindowTestExtension] Showing window 'ImportCustomProperties.css'.
    (31:29.346) [Visual Studio Host (11564):KeyboardCommands] Sending the Return key 1 times.
    (31:29.415) [Visual Studio Host (11564):TextEditorDocumentWindowTestExtension] Showing window 'ImportCustomProperties.css' without activating the window.
    (31:29.491) [Visual Studio Host (11564):TextEditorDocumentWindowTestExtension] Showing window 'ImportCustomProperties.css'.
    (31:29.568) [Visual Studio Host (11564):VisualStudioIntellisenseService] Did not find an active completion session. Please use Verify.IsCompletionListPresent() to make sure that the list is present before requesting the completion session.
    Warning: (31:29.627) [Visual Studio Host (11564):VisualStudioIntellisenseService] No active completion sessions were found for editor 'ImportCustomProperties.css'.
    (31:29.684) [Visual Studio Host (11564):VisualStudioIntellisenseService] Invoking Completion member list at '(Ln: 3, Ch: 5)'.
    (31:29.819) [Visual Studio Host (11564):VisualStudioIntellisenseService] Getting the active completion at position '(Ln: 3, Ch: 5)'.
    (31:29.884) [Visual Studio Host (11564):VisualStudioCompletionListTestExtension] Unable to find completion item with name 
    (31:29.956) [Visual Studio Host (11564):VisualStudioCompletionListTestExtension] Unable to find completion item with name 
    + ExternalProcessHostTest TestCleanup
        (31:30.084) [Visual Studio Host (11564):TextEditorDocumentWindowTestExtension] Closing window 'ImportCustomProperties.css'.
        (31:30.302) [Platform:Testcase] Test 'VSTest_CssCompletion_CustomProperties_Imports' has 'Passed' outcome. Therefore, Apex will not shut down the 'Visual Studio Host (11564)' with process ID '11564'. A subsequent test scenario will run on the same instance of the host.
    + Final Test Result Verification
        (31:30.558) [Platform:DelayedAssertionVerifierSink] Verification Success: 0 verification steps failed.
    + ApexTest TestCleanup</StdOut>
      </Output>
      <ResultFiles>
        <ResultFile path="WNVM19648\Fail.azqsczivabnm.png" />
        <ResultFile path="WNVM19648\Fail.ig2gsfz5ad1y.png" />
        <ResultFile path="WNVM19648\Fail.o5zf0zepaw0l.png" />
        <ResultFile path="WNVM19648\OmniLog.html" />
        <ResultFile path="WNVM19648\OmniLogRawXml.xml" />
      </ResultFiles>
    </UnitTestResult>
    <UnitTestResult executionId="cc80a728-9799-499f-b48e-02096a44de44" testId="1db103cc-98f1-68d3-82b1-b10238f6706a" testName="VSTest_Generate_AttrModel_Methods_WebSite_Code_Behind_CS" computerName="WNVM19648" duration="00:01:49.8045718" startTime="2018-04-17T01:23:54.5341033-07:00" endTime="2018-04-17T01:25:44.3386751-07:00" testType="13cdc9d9-ddb5-4fa4-a97d-d965ccfc6d4b" outcome="Passed" testListId="8c84fa94-04c1-424b-9868-57a2d4851a1d" relativeResultsDirectory="cc80a728-9799-499f-b48e-02096a44de44">
      <Output>
        <StdOut>+ GenerateDataMethodTests::VSTest_Generate_AttrModel_Methods_WebSite_Code_Behind_CS
    + ApexTest TestInitialize
    (01:25:36.039) [Platform:Microsoft.Test.Apex.Services.ScreenshotService] Took a screenshot for category '' and saved as 'C:\TestBin\IntegrationTests\TestResults\2018_04_16_23_55_50\VSTest_Razor_TagHelpers_Update_CS_File_And_Build_Timedout.jpg'.
    + ExternalProcessHostTest TestInitialize
        (01:25:36.445) [Visual Studio Host (10528):RoamingSettingsService] Disabling roaming settings.
        (01:25:41.593) [Platform:Testcase] The host with process id '10528' was shutdown.
        (01:25:44.249) [Platform:VenusHost] Compose Batch: 00:00:02.4530241
        (01:25:46.787) [Platform:VenusHost] Host Process is being started. Executable = 'C:\Program Files (x86)\Microsoft Visual Studio\Preview\Enterprise\Common7\IDE\devenv.exe'.
        (01:25:46.959) [Platform:VenusHost] Host Process is started. PID = 3036.
        (01:25:47.193) [Platform:VenusHost] Host process 'devenv' (id: 3036) is now idle/ready.
        (01:25:51.490) [Platform:Microsoft.Test.Apex.Hosts.Services.RemoteServiceInitializer] Using remote code injector service 'RemoteCodeInjectorService' for the operation 'ManagedAuto'.
        + Visual Studio Host Creation
            (01:26:00.552) [Platform:Testcase] Target Executable: 'C:\Program Files (x86)\Microsoft Visual Studio\Preview\Enterprise\Common7\IDE\devenv.exe'.
            (01:26:00.755) [Platform:Testcase] Process Id: '3036'.
            (01:26:00.927) [Platform:Testcase] UI Culture: 'English (United States)'.
            (01:26:01.083) [Platform:Testcase] Build Number: '15.0.27615'.
        (01:26:01.740) [Visual Studio Host (3036):RoamingSettingsService] Disabling roaming settings.
        (01:26:01.927) [Visual Studio Host (3036):SettingsService] Setting Visual Studio option 'Environment\RoamingSettings\RoamingEnabled' to 'False'.
        (01:26:03.755) [Visual Studio Host (3036):SolutionService] Opening solution file 'file:///C:/TestBin/IntegrationTests/MS.VS.Web.Editors/webs/misc.sln' with asynchronous load data available.  WaitForFullyLoadedOnOpen set to 'True'. Apex will wait for all async project loads to complete before proceeding.
            (01:26:03.943) [Visual Studio Host (3036):SolutionService] Solution load behavior is set to 'Realtime'.
        + Waiting for the solution to fully load.
        (01:26:20.995) [Visual Studio Host (3036):TextEditorDocumentWindowTestExtension] Showing window 'WebFormCSCodeBehind.aspx' without activating the window.
        (01:26:21.772) [Visual Studio Host (3036):TextEditorDocumentWindowTestExtension] Showing window 'WebFormCSCodeBehind.aspx'.
        (01:26:22.794) [Visual Studio Host (3036):VisualStudioTextEditorTestExtension] Setting keyboard focus to editor 'WebFormCSCodeBehind.aspx'.
        (01:26:23.486) [Visual Studio Host (3036):MainWindowService] Activating main window to bring it to the foreground.
        (01:26:24.446) [Visual Studio Host (3036):MainWindowService] Setting main window state to 'Maximized'.
    (01:26:27.674) [Visual Studio Host (3036):TextEditorDocumentWindowTestExtension] Showing window 'WebFormCSCodeBehind.aspx' without activating the window.
    (01:26:28.096) [Visual Studio Host (3036):TextEditorDocumentWindowTestExtension] Showing window 'WebFormCSCodeBehind.aspx'.
    (01:26:28.565) [Visual Studio Host (3036):VisualStudioCaretTestExtension] Moving the caret to '' at (Ln: 13, Ch: 27) based on a regular expression.  Expression = "Method="()"" [group index '1', match index '1', options 'Singleline, CultureInvariant']
    (01:26:28.851) [Visual Studio Host (3036):VisualStudioIntellisenseService] Invoking Completion member list at '(Ln: 13, Ch: 27)'.
    (01:26:29.386) [Visual Studio Host (3036):VisualStudioIntellisenseService] Invoking Completion member list at '(Ln: 13, Ch: 27)'.
    (01:26:29.682) [Visual Studio Host (3036):VisualStudioIntellisenseService] Getting the active completion at position '(Ln: 13, Ch: 27)'.
    (01:26:29.961) [Visual Studio Host (3036):VisualStudioCompletionListTestExtension] Selecting completion item '&lt;Create New Method&gt;'.
    (01:26:30.208) [Visual Studio Host (3036):VisualStudioCompletionListTestExtension] Committing '&lt;Create New Method&gt;' completion item.
    (01:26:31.532) [Visual Studio Host (3036):VisualStudioCaretTestExtension] Moving the caret to '' at (Ln: 15, Ch: 27) based on a regular expression.  Expression = "Method="()"" [group index '1', match index '1', options 'Singleline, CultureInvariant']
    (01:26:31.818) [Visual Studio Host (3036):VisualStudioIntellisenseService] Invoking Completion member list at '(Ln: 15, Ch: 27)'.
    (01:26:32.161) [Visual Studio Host (3036):VisualStudioIntellisenseService] Invoking Completion member list at '(Ln: 15, Ch: 27)'.
    (01:26:32.388) [Visual Studio Host (3036):VisualStudioIntellisenseService] Getting the active completion at position '(Ln: 15, Ch: 27)'.
    (01:26:32.598) [Visual Studio Host (3036):VisualStudioCompletionListTestExtension] Selecting completion item '&lt;Create New Method&gt;'.
    (01:26:32.785) [Visual Studio Host (3036):VisualStudioCompletionListTestExtension] Committing '&lt;Create New Method&gt;' completion item.
    (01:26:33.221) [Visual Studio Host (3036):VisualStudioCaretTestExtension] Moving the caret to '' at (Ln: 17, Ch: 27) based on a regular expression.  Expression = "Method="()"" [group index '1', match index '1', options 'Singleline, CultureInvariant']
    (01:26:33.443) [Visual Studio Host (3036):VisualStudioIntellisenseService] Invoking Completion member list at '(Ln: 17, Ch: 27)'.
    (01:26:33.705) [Visual Studio Host (3036):VisualStudioIntellisenseService] Invoking Completion member list at '(Ln: 17, Ch: 27)'.
    (01:26:33.938) [Visual Studio Host (3036):VisualStudioIntellisenseService] Getting the active completion at position '(Ln: 17, Ch: 27)'.
    (01:26:34.146) [Visual Studio Host (3036):VisualStudioCompletionListTestExtension] Selecting completion item '&lt;Create New Method&gt;'.
    (01:26:34.353) [Visual Studio Host (3036):VisualStudioCompletionListTestExtension] Committing '&lt;Create New Method&gt;' completion item.
    (01:26:34.832) [Visual Studio Host (3036):VisualStudioCaretTestExtension] Moving the caret to '' at (Ln: 17, Ch: 60) based on a regular expression.  Expression = "Method="()"" [group index '1', match index '1', options 'Singleline, CultureInvariant']
    (01:26:35.054) [Visual Studio Host (3036):VisualStudioIntellisenseService] Invoking Completion member list at '(Ln: 17, Ch: 60)'.
    (01:26:35.300) [Visual Studio Host (3036):VisualStudioIntellisenseService] Invoking Completion member list at '(Ln: 17, Ch: 60)'.
    (01:26:35.511) [Visual Studio Host (3036):VisualStudioIntellisenseService] Getting the active completion at position '(Ln: 17, Ch: 60)'.
    (01:26:35.736) [Visual Studio Host (3036):VisualStudioCompletionListTestExtension] Selecting completion item '&lt;Create New Method&gt;'.
    (01:26:35.917) [Visual Studio Host (3036):VisualStudioCompletionListTestExtension] Committing '&lt;Create New Method&gt;' completion item.
    (01:26:36.401) [Visual Studio Host (3036):VisualStudioCaretTestExtension] Moving the caret to '' at (Ln: 17, Ch: 96) based on a regular expression.  Expression = "Method="()"" [group index '1', match index '1', options 'Singleline, CultureInvariant']
    (01:26:36.611) [Visual Studio Host (3036):VisualStudioIntellisenseService] Invoking Completion member list at '(Ln: 17, Ch: 96)'.
    (01:26:36.861) [Visual Studio Host (3036):VisualStudioIntellisenseService] Invoking Completion member list at '(Ln: 17, Ch: 96)'.
    (01:26:37.069) [Visual Studio Host (3036):VisualStudioIntellisenseService] Getting the active completion at position '(Ln: 17, Ch: 96)'.
    (01:26:37.283) [Visual Studio Host (3036):VisualStudioCompletionListTestExtension] Selecting completion item '&lt;Create New Method&gt;'.
    (01:26:37.472) [Visual Studio Host (3036):VisualStudioCompletionListTestExtension] Committing '&lt;Create New Method&gt;' completion item.
    (01:26:37.922) [Visual Studio Host (3036):VisualStudioCaretTestExtension] Moving the caret to '' at (Ln: 19, Ch: 27) based on a regular expression.  Expression = "Method="()"" [group index '1', match index '1', options 'Singleline, CultureInvariant']
    (01:26:38.172) [Visual Studio Host (3036):VisualStudioIntellisenseService] Invoking Completion member list at '(Ln: 19, Ch: 27)'.
    (01:26:38.432) [Visual Studio Host (3036):VisualStudioIntellisenseService] Invoking Completion member list at '(Ln: 19, Ch: 27)'.
    (01:26:38.637) [Visual Studio Host (3036):VisualStudioIntellisenseService] Getting the active completion at position '(Ln: 19, Ch: 27)'.
    (01:26:38.844) [Visual Studio Host (3036):VisualStudioCompletionListTestExtension] Selecting completion item '&lt;Create New Method&gt;'.
    (01:26:39.025) [Visual Studio Host (3036):VisualStudioCompletionListTestExtension] Committing '&lt;Create New Method&gt;' completion item.
    (01:26:39.472) [Visual Studio Host (3036):VisualStudioCaretTestExtension] Moving the caret to '' at (Ln: 19, Ch: 60) based on a regular expression.  Expression = "Method="()"" [group index '1', match index '1', options 'Singleline, CultureInvariant']
    (01:26:39.680) [Visual Studio Host (3036):VisualStudioIntellisenseService] Invoking Completion member list at '(Ln: 19, Ch: 60)'.
    (01:26:39.897) [Visual Studio Host (3036):VisualStudioIntellisenseService] Invoking Completion member list at '(Ln: 19, Ch: 60)'.
    (01:26:40.174) [Visual Studio Host (3036):VisualStudioIntellisenseService] Getting the active completion at position '(Ln: 19, Ch: 60)'.
    (01:26:40.393) [Visual Studio Host (3036):VisualStudioCompletionListTestExtension] Selecting completion item '&lt;Create New Method&gt;'.
    (01:26:40.571) [Visual Studio Host (3036):VisualStudioCompletionListTestExtension] Committing '&lt;Create New Method&gt;' completion item.
    (01:26:41.029) [Visual Studio Host (3036):VisualStudioCaretTestExtension] Moving the caret to '' at (Ln: 19, Ch: 96) based on a regular expression.  Expression = "Method="()"" [group index '1', match index '1', options 'Singleline, CultureInvariant']
    (01:26:41.251) [Visual Studio Host (3036):VisualStudioIntellisenseService] Invoking Completion member list at '(Ln: 19, Ch: 96)'.
    (01:26:41.488) [Visual Studio Host (3036):VisualStudioIntellisenseService] Invoking Completion member list at '(Ln: 19, Ch: 96)'.
    (01:26:41.747) [Visual Studio Host (3036):VisualStudioIntellisenseService] Getting the active completion at position '(Ln: 19, Ch: 96)'.
    (01:26:41.943) [Visual Studio Host (3036):VisualStudioCompletionListTestExtension] Selecting completion item '&lt;Create New Method&gt;'.
    (01:26:42.131) [Visual Studio Host (3036):VisualStudioCompletionListTestExtension] Committing '&lt;Create New Method&gt;' completion item.
    (01:26:42.600) [Visual Studio Host (3036):VisualStudioCaretTestExtension] Moving the caret to '' at (Ln: 21, Ch: 27) based on a regular expression.  Expression = "Method="()"" [group index '1', match index '1', options 'Singleline, CultureInvariant']
    (01:26:42.804) [Visual Studio Host (3036):VisualStudioIntellisenseService] Invoking Completion member list at '(Ln: 21, Ch: 27)'.
    (01:26:43.055) [Visual Studio Host (3036):VisualStudioIntellisenseService] Invoking Completion member list at '(Ln: 21, Ch: 27)'.
    (01:26:43.302) [Visual Studio Host (3036):VisualStudioIntellisenseService] Getting the active completion at position '(Ln: 21, Ch: 27)'.
    (01:26:43.490) [Visual Studio Host (3036):VisualStudioCompletionListTestExtension] Selecting completion item '&lt;Create New Method&gt;'.
    (01:26:43.673) [Visual Studio Host (3036):VisualStudioCompletionListTestExtension] Committing '&lt;Create New Method&gt;' completion item.
    (01:26:44.075) [Visual Studio Host (3036):VisualStudioCaretTestExtension] Moving the caret to '' at (Ln: 21, Ch: 60) based on a regular expression.  Expression = "Method="()"" [group index '1', match index '1', options 'Singleline, CultureInvariant']
    (01:26:44.285) [Visual Studio Host (3036):VisualStudioIntellisenseService] Invoking Completion member list at '(Ln: 21, Ch: 60)'.
    (01:26:44.511) [Visual Studio Host (3036):VisualStudioIntellisenseService] Invoking Completion member list at '(Ln: 21, Ch: 60)'.
    (01:26:44.720) [Visual Studio Host (3036):VisualStudioIntellisenseService] Getting the active completion at position '(Ln: 21, Ch: 60)'.
    (01:26:44.924) [Visual Studio Host (3036):VisualStudioCompletionListTestExtension] Selecting completion item '&lt;Create New Method&gt;'.
    (01:26:45.117) [Visual Studio Host (3036):VisualStudioCompletionListTestExtension] Committing '&lt;Create New Method&gt;' completion item.
    (01:26:45.518) [Visual Studio Host (3036):VisualStudioCaretTestExtension] Moving the caret to '' at (Ln: 21, Ch: 96) based on a regular expression.  Expression = "Method="()"" [group index '1', match index '1', options 'Singleline, CultureInvariant']
    (01:26:45.700) [Visual Studio Host (3036):VisualStudioIntellisenseService] Invoking Completion member list at '(Ln: 21, Ch: 96)'.
    (01:26:45.938) [Visual Studio Host (3036):VisualStudioIntellisenseService] Invoking Completion member list at '(Ln: 21, Ch: 96)'.
    (01:26:46.145) [Visual Studio Host (3036):VisualStudioIntellisenseService] Getting the active completion at position '(Ln: 21, Ch: 96)'.
    (01:26:46.315) [Visual Studio Host (3036):VisualStudioCompletionListTestExtension] Selecting completion item '&lt;Create New Method&gt;'.
    (01:26:46.480) [Visual Studio Host (3036):VisualStudioCompletionListTestExtension] Committing '&lt;Create New Method&gt;' completion item.
    (01:26:46.988) [Visual Studio Host (3036):VisualStudioCaretTestExtension] Moving the caret to '' at (Ln: 21, Ch: 132) based on a regular expression.  Expression = "Method="()"" [group index '1', match index '1', options 'Singleline, CultureInvariant']
    (01:26:47.248) [Visual Studio Host (3036):VisualStudioIntellisenseService] Invoking Completion member list at '(Ln: 21, Ch: 132)'.
    (01:26:47.515) [Visual Studio Host (3036):VisualStudioIntellisenseService] Invoking Completion member list at '(Ln: 21, Ch: 132)'.
    (01:26:47.720) [Visual Studio Host (3036):VisualStudioIntellisenseService] Getting the active completion at position '(Ln: 21, Ch: 132)'.
    (01:26:47.945) [Visual Studio Host (3036):VisualStudioCompletionListTestExtension] Selecting completion item '&lt;Create New Method&gt;'.
    (01:26:48.154) [Visual Studio Host (3036):VisualStudioCompletionListTestExtension] Committing '&lt;Create New Method&gt;' completion item.
    (01:26:48.594) [Visual Studio Host (3036):VisualStudioCaretTestExtension] Moving the caret to '' at (Ln: 23, Ch: 27) based on a regular expression.  Expression = "Method="()"" [group index '1', match index '1', options 'Singleline, CultureInvariant']
    (01:26:48.832) [Visual Studio Host (3036):VisualStudioIntellisenseService] Invoking Completion member list at '(Ln: 23, Ch: 27)'.
    (01:26:49.102) [Visual Studio Host (3036):VisualStudioIntellisenseService] Invoking Completion member list at '(Ln: 23, Ch: 27)'.
    (01:26:49.295) [Visual Studio Host (3036):VisualStudioIntellisenseService] Getting the active completion at position '(Ln: 23, Ch: 27)'.
    (01:26:49.485) [Visual Studio Host (3036):VisualStudioCompletionListTestExtension] Selecting completion item '&lt;Create New Method&gt;'.
    (01:26:49.658) [Visual Studio Host (3036):VisualStudioCompletionListTestExtension] Committing '&lt;Create New Method&gt;' completion item.
    (01:26:50.134) [Visual Studio Host (3036):VisualStudioCaretTestExtension] Moving the caret to '' at (Ln: 23, Ch: 60) based on a regular expression.  Expression = "Method="()"" [group index '1', match index '1', options 'Singleline, CultureInvariant']
    (01:26:50.359) [Visual Studio Host (3036):VisualStudioIntellisenseService] Invoking Completion member list at '(Ln: 23, Ch: 60)'.
    (01:26:50.565) [Visual Studio Host (3036):VisualStudioIntellisenseService] Invoking Completion member list at '(Ln: 23, Ch: 60)'.
    (01:26:50.759) [Visual Studio Host (3036):VisualStudioIntellisenseService] Getting the active completion at position '(Ln: 23, Ch: 60)'.
    (01:26:50.940) [Visual Studio Host (3036):VisualStudioCompletionListTestExtension] Selecting completion item '&lt;Create New Method&gt;'.
    (01:26:51.113) [Visual Studio Host (3036):VisualStudioCompletionListTestExtension] Committing '&lt;Create New Method&gt;' completion item.
    (01:26:51.501) [Visual Studio Host (3036):VisualStudioCaretTestExtension] Moving the caret to '' at (Ln: 23, Ch: 96) based on a regular expression.  Expression = "Method="()"" [group index '1', match index '1', options 'Singleline, CultureInvariant']
    (01:26:51.698) [Visual Studio Host (3036):VisualStudioIntellisenseService] Invoking Completion member list at '(Ln: 23, Ch: 96)'.
    (01:26:51.982) [Visual Studio Host (3036):VisualStudioIntellisenseService] Invoking Completion member list at '(Ln: 23, Ch: 96)'.
    (01:26:52.222) [Visual Studio Host (3036):VisualStudioIntellisenseService] Getting the active completion at position '(Ln: 23, Ch: 96)'.
    (01:26:52.437) [Visual Studio Host (3036):VisualStudioCompletionListTestExtension] Selecting completion item '&lt;Create New Method&gt;'.
    (01:26:52.589) [Visual Studio Host (3036):VisualStudioCompletionListTestExtension] Committing '&lt;Create New Method&gt;' completion item.
    (01:26:52.998) [Visual Studio Host (3036):VisualStudioCaretTestExtension] Moving the caret to '' at (Ln: 23, Ch: 132) based on a regular expression.  Expression = "Method="()"" [group index '1', match index '1', options 'Singleline, CultureInvariant']
    (01:26:53.245) [Visual Studio Host (3036):VisualStudioIntellisenseService] Invoking Completion member list at '(Ln: 23, Ch: 132)'.
    (01:26:53.500) [Visual Studio Host (3036):VisualStudioIntellisenseService] Invoking Completion member list at '(Ln: 23, Ch: 132)'.
    (01:26:53.666) [Visual Studio Host (3036):VisualStudioIntellisenseService] Getting the active completion at position '(Ln: 23, Ch: 132)'.
    (01:26:53.850) [Visual Studio Host (3036):VisualStudioCompletionListTestExtension] Selecting completion item '&lt;Create New Method&gt;'.
    (01:26:54.060) [Visual Studio Host (3036):VisualStudioCompletionListTestExtension] Committing '&lt;Create New Method&gt;' completion item.
    (01:26:54.536) [Visual Studio Host (3036):VisualStudioCaretTestExtension] Moving the caret to '' at (Ln: 25, Ch: 27) based on a regular expression.  Expression = "Method="()"" [group index '1', match index '1', options 'Singleline, CultureInvariant']
    (01:26:54.747) [Visual Studio Host (3036):VisualStudioIntellisenseService] Invoking Completion member list at '(Ln: 25, Ch: 27)'.
    (01:26:54.979) [Visual Studio Host (3036):VisualStudioIntellisenseService] Invoking Completion member list at '(Ln: 25, Ch: 27)'.
    (01:26:55.227) [Visual Studio Host (3036):VisualStudioIntellisenseService] Getting the active completion at position '(Ln: 25, Ch: 27)'.
    (01:26:55.407) [Visual Studio Host (3036):VisualStudioCompletionListTestExtension] Selecting completion item '&lt;Create New Method&gt;'.
    (01:26:55.579) [Visual Studio Host (3036):VisualStudioCompletionListTestExtension] Committing '&lt;Create New Method&gt;' completion item.
    (01:26:55.997) [Visual Studio Host (3036):VisualStudioCaretTestExtension] Moving the caret to '' at (Ln: 25, Ch: 63) based on a regular expression.  Expression = "Method="()"" [group index '1', match index '1', options 'Singleline, CultureInvariant']
    (01:26:56.196) [Visual Studio Host (3036):VisualStudioIntellisenseService] Invoking Completion member list at '(Ln: 25, Ch: 63)'.
    (01:26:56.445) [Visual Studio Host (3036):VisualStudioIntellisenseService] Invoking Completion member list at '(Ln: 25, Ch: 63)'.
    (01:26:56.664) [Visual Studio Host (3036):VisualStudioIntellisenseService] Getting the active completion at position '(Ln: 25, Ch: 63)'.
    (01:26:56.843) [Visual Studio Host (3036):VisualStudioCompletionListTestExtension] Selecting completion item '&lt;Create New Method&gt;'.
    (01:26:57.006) [Visual Studio Host (3036):VisualStudioCompletionListTestExtension] Committing '&lt;Create New Method&gt;' completion item.
    (01:26:57.415) [Visual Studio Host (3036):VisualStudioCaretTestExtension] Moving the caret to '' at (Ln: 25, Ch: 102) based on a regular expression.  Expression = "Method="()"" [group index '1', match index '1', options 'Singleline, CultureInvariant']
    (01:26:57.630) [Visual Studio Host (3036):VisualStudioIntellisenseService] Invoking Completion member list at '(Ln: 25, Ch: 102)'.
    (01:26:57.890) [Visual Studio Host (3036):VisualStudioIntellisenseService] Invoking Completion member list at '(Ln: 25, Ch: 102)'.
    (01:26:58.235) [Visual Studio Host (3036):VisualStudioIntellisenseService] Getting the active completion at position '(Ln: 25, Ch: 102)'.
    (01:26:58.533) [Visual Studio Host (3036):VisualStudioCompletionListTestExtension] Selecting completion item '&lt;Create New Method&gt;'.
    (01:26:58.783) [Visual Studio Host (3036):VisualStudioCompletionListTestExtension] Committing '&lt;Create New Method&gt;' completion item.
    (01:26:59.387) [Visual Studio Host (3036):VisualStudioCaretTestExtension] Moving the caret to '' at (Ln: 25, Ch: 141) based on a regular expression.  Expression = "Method="()"" [group index '1', match index '1', options 'Singleline, CultureInvariant']
    (01:26:59.711) [Visual Studio Host (3036):VisualStudioIntellisenseService] Invoking Completion member list at '(Ln: 25, Ch: 141)'.
    (01:27:00.038) [Visual Studio Host (3036):VisualStudioIntellisenseService] Invoking Completion member list at '(Ln: 25, Ch: 141)'.
    (01:27:00.281) [Visual Studio Host (3036):VisualStudioIntellisenseService] Getting the active completion at position '(Ln: 25, Ch: 141)'.
    (01:27:00.458) [Visual Studio Host (3036):VisualStudioCompletionListTestExtension] Selecting completion item '&lt;Create New Method&gt;'.
    (01:27:00.676) [Visual Studio Host (3036):VisualStudioCompletionListTestExtension] Committing '&lt;Create New Method&gt;' completion item.
    (01:27:01.158) [Visual Studio Host (3036):VisualStudioCaretTestExtension] Moving the caret to '' at (Ln: 27, Ch: 27) based on a regular expression.  Expression = "Method="()"" [group index '1', match index '1', options 'Singleline, CultureInvariant']
    (01:27:01.407) [Visual Studio Host (3036):VisualStudioIntellisenseService] Invoking Completion member list at '(Ln: 27, Ch: 27)'.
    (01:27:01.696) [Visual Studio Host (3036):VisualStudioIntellisenseService] Invoking Completion member list at '(Ln: 27, Ch: 27)'.
    (01:27:01.880) [Visual Studio Host (3036):VisualStudioIntellisenseService] Getting the active completion at position '(Ln: 27, Ch: 27)'.
    (01:27:02.097) [Visual Studio Host (3036):VisualStudioCompletionListTestExtension] Selecting completion item '&lt;Create New Method&gt;'.
    (01:27:02.293) [Visual Studio Host (3036):VisualStudioCompletionListTestExtension] Committing '&lt;Create New Method&gt;' completion item.
    (01:27:02.726) [Visual Studio Host (3036):VisualStudioCaretTestExtension] Moving the caret to '' at (Ln: 27, Ch: 63) based on a regular expression.  Expression = "Method="()"" [group index '1', match index '1', options 'Singleline, CultureInvariant']
    (01:27:02.915) [Visual Studio Host (3036):VisualStudioIntellisenseService] Invoking Completion member list at '(Ln: 27, Ch: 63)'.
    (01:27:03.174) [Visual Studio Host (3036):VisualStudioIntellisenseService] Invoking Completion member list at '(Ln: 27, Ch: 63)'.
    (01:27:03.393) [Visual Studio Host (3036):VisualStudioIntellisenseService] Getting the active completion at position '(Ln: 27, Ch: 63)'.
    (01:27:03.595) [Visual Studio Host (3036):VisualStudioCompletionListTestExtension] Selecting completion item '&lt;Create New Method&gt;'.
    (01:27:03.795) [Visual Studio Host (3036):VisualStudioCompletionListTestExtension] Committing '&lt;Create New Method&gt;' completion item.
    (01:27:04.294) [Visual Studio Host (3036):VisualStudioCaretTestExtension] Moving the caret to '' at (Ln: 27, Ch: 102) based on a regular expression.  Expression = "Method="()"" [group index '1', match index '1', options 'Singleline, CultureInvariant']
    (01:27:04.529) [Visual Studio Host (3036):VisualStudioIntellisenseService] Invoking Completion member list at '(Ln: 27, Ch: 102)'.
    (01:27:04.839) [Visual Studio Host (3036):VisualStudioIntellisenseService] Invoking Completion member list at '(Ln: 27, Ch: 102)'.
    (01:27:05.055) [Visual Studio Host (3036):VisualStudioIntellisenseService] Getting the active completion at position '(Ln: 27, Ch: 102)'.
    (01:27:05.271) [Visual Studio Host (3036):VisualStudioCompletionListTestExtension] Selecting completion item '&lt;Create New Method&gt;'.
    (01:27:05.493) [Visual Studio Host (3036):VisualStudioCompletionListTestExtension] Committing '&lt;Create New Method&gt;' completion item.
    (01:27:06.002) [Visual Studio Host (3036):VisualStudioCaretTestExtension] Moving the caret to '' at (Ln: 27, Ch: 141) based on a regular expression.  Expression = "Method="()"" [group index '1', match index '1', options 'Singleline, CultureInvariant']
    (01:27:06.203) [Visual Studio Host (3036):VisualStudioIntellisenseService] Invoking Completion member list at '(Ln: 27, Ch: 141)'.
    (01:27:06.503) [Visual Studio Host (3036):VisualStudioIntellisenseService] Invoking Completion member list at '(Ln: 27, Ch: 141)'.
    (01:27:06.704) [Visual Studio Host (3036):VisualStudioIntellisenseService] Getting the active completion at position '(Ln: 27, Ch: 141)'.
    (01:27:06.916) [Visual Studio Host (3036):VisualStudioCompletionListTestExtension] Selecting completion item '&lt;Create New Method&gt;'.
    (01:27:07.120) [Visual Studio Host (3036):VisualStudioCompletionListTestExtension] Committing '&lt;Create New Method&gt;' completion item.
    (01:27:07.505) [Visual Studio Host (3036):VisualStudioCaretTestExtension] Moving the caret to '' at (Ln: 29, Ch: 27) based on a regular expression.  Expression = "Method="()"" [group index '1', match index '1', options 'Singleline, CultureInvariant']
    (01:27:07.707) [Visual Studio Host (3036):VisualStudioIntellisenseService] Invoking Completion member list at '(Ln: 29, Ch: 27)'.
    (01:27:08.007) [Visual Studio Host (3036):VisualStudioIntellisenseService] Invoking Completion member list at '(Ln: 29, Ch: 27)'.
    (01:27:08.231) [Visual Studio Host (3036):VisualStudioIntellisenseService] Getting the active completion at position '(Ln: 29, Ch: 27)'.
    (01:27:08.438) [Visual Studio Host (3036):VisualStudioCompletionListTestExtension] Selecting completion item '&lt;Create New Method&gt;'.
    (01:27:08.648) [Visual Studio Host (3036):VisualStudioCompletionListTestExtension] Committing '&lt;Create New Method&gt;' completion item.
    (01:27:09.093) [Visual Studio Host (3036):VisualStudioCaretTestExtension] Moving the caret to '' at (Ln: 29, Ch: 60) based on a regular expression.  Expression = "Method="()"" [group index '1', match index '1', options 'Singleline, CultureInvariant']
    (01:27:09.302) [Visual Studio Host (3036):VisualStudioIntellisenseService] Invoking Completion member list at '(Ln: 29, Ch: 60)'.
    (01:27:09.571) [Visual Studio Host (3036):VisualStudioIntellisenseService] Invoking Completion member list at '(Ln: 29, Ch: 60)'.
    (01:27:09.784) [Visual Studio Host (3036):VisualStudioIntellisenseService] Getting the active completion at position '(Ln: 29, Ch: 60)'.
    (01:27:10.007) [Visual Studio Host (3036):VisualStudioCompletionListTestExtension] Selecting completion item '&lt;Create New Method&gt;'.
    (01:27:10.183) [Visual Studio Host (3036):VisualStudioCompletionListTestExtension] Committing '&lt;Create New Method&gt;' completion item.
    (01:27:10.599) [Visual Studio Host (3036):VisualStudioCaretTestExtension] Moving the caret to '' at (Ln: 29, Ch: 96) based on a regular expression.  Expression = "Method="()"" [group index '1', match index '1', options 'Singleline, CultureInvariant']
    (01:27:10.835) [Visual Studio Host (3036):VisualStudioIntellisenseService] Invoking Completion member list at '(Ln: 29, Ch: 96)'.
    (01:27:11.158) [Visual Studio Host (3036):VisualStudioIntellisenseService] Invoking Completion member list at '(Ln: 29, Ch: 96)'.
    (01:27:11.357) [Visual Studio Host (3036):VisualStudioIntellisenseService] Getting the active completion at position '(Ln: 29, Ch: 96)'.
    (01:27:11.556) [Visual Studio Host (3036):VisualStudioCompletionListTestExtension] Selecting completion item '&lt;Create New Method&gt;'.
    (01:27:11.786) [Visual Studio Host (3036):VisualStudioCompletionListTestExtension] Committing '&lt;Create New Method&gt;' completion item.
    (01:27:12.219) [Visual Studio Host (3036):VisualStudioCaretTestExtension] Moving the caret to '' at (Ln: 29, Ch: 132) based on a regular expression.  Expression = "Method="()"" [group index '1', match index '1', options 'Singleline, CultureInvariant']
    (01:27:12.426) [Visual Studio Host (3036):VisualStudioIntellisenseService] Invoking Completion member list at '(Ln: 29, Ch: 132)'.
    (01:27:12.688) [Visual Studio Host (3036):VisualStudioIntellisenseService] Invoking Completion member list at '(Ln: 29, Ch: 132)'.
    (01:27:12.878) [Visual Studio Host (3036):VisualStudioIntellisenseService] Getting the active completion at position '(Ln: 29, Ch: 132)'.
    (01:27:13.073) [Visual Studio Host (3036):VisualStudioCompletionListTestExtension] Selecting completion item '&lt;Create New Method&gt;'.
    (01:27:13.260) [Visual Studio Host (3036):VisualStudioCompletionListTestExtension] Committing '&lt;Create New Method&gt;' completion item.
    (01:27:13.705) [Visual Studio Host (3036):VisualStudioCaretTestExtension] Moving the caret to '' at (Ln: 31, Ch: 27) based on a regular expression.  Expression = "Method="()"" [group index '1', match index '1', options 'Singleline, CultureInvariant']
    (01:27:13.931) [Visual Studio Host (3036):VisualStudioIntellisenseService] Invoking Completion member list at '(Ln: 31, Ch: 27)'.
    (01:27:14.270) [Visual Studio Host (3036):VisualStudioIntellisenseService] Invoking Completion member list at '(Ln: 31, Ch: 27)'.
    (01:27:14.463) [Visual Studio Host (3036):VisualStudioIntellisenseService] Getting the active completion at position '(Ln: 31, Ch: 27)'.
    (01:27:14.649) [Visual Studio Host (3036):VisualStudioCompletionListTestExtension] Selecting completion item '&lt;Create New Method&gt;'.
    (01:27:14.799) [Visual Studio Host (3036):VisualStudioCompletionListTestExtension] Committing '&lt;Create New Method&gt;' completion item.
    (01:27:15.285) [Visual Studio Host (3036):VisualStudioCaretTestExtension] Moving the caret to '' at (Ln: 31, Ch: 60) based on a regular expression.  Expression = "Method="()"" [group index '1', match index '1', options 'Singleline, CultureInvariant']
    (01:27:15.493) [Visual Studio Host (3036):VisualStudioIntellisenseService] Invoking Completion member list at '(Ln: 31, Ch: 60)'.
    (01:27:15.764) [Visual Studio Host (3036):VisualStudioIntellisenseService] Invoking Completion member list at '(Ln: 31, Ch: 60)'.
    (01:27:15.971) [Visual Studio Host (3036):VisualStudioIntellisenseService] Getting the active completion at position '(Ln: 31, Ch: 60)'.
    (01:27:16.156) [Visual Studio Host (3036):VisualStudioCompletionListTestExtension] Selecting completion item '&lt;Create New Method&gt;'.
    (01:27:16.355) [Visual Studio Host (3036):VisualStudioCompletionListTestExtension] Committing '&lt;Create New Method&gt;' completion item.
    (01:27:16.867) [Visual Studio Host (3036):VisualStudioCaretTestExtension] Moving the caret to '' at (Ln: 31, Ch: 96) based on a regular expression.  Expression = "Method="()"" [group index '1', match index '1', options 'Singleline, CultureInvariant']
    (01:27:17.093) [Visual Studio Host (3036):VisualStudioIntellisenseService] Invoking Completion member list at '(Ln: 31, Ch: 96)'.
    (01:27:17.467) [Visual Studio Host (3036):VisualStudioIntellisenseService] Invoking Completion member list at '(Ln: 31, Ch: 96)'.
    (01:27:17.737) [Visual Studio Host (3036):VisualStudioIntellisenseService] Getting the active completion at position '(Ln: 31, Ch: 96)'.
    (01:27:17.942) [Visual Studio Host (3036):VisualStudioCompletionListTestExtension] Selecting completion item '&lt;Create New Method&gt;'.
    (01:27:18.170) [Visual Studio Host (3036):VisualStudioCompletionListTestExtension] Committing '&lt;Create New Method&gt;' completion item.
    (01:27:18.708) [Visual Studio Host (3036):VisualStudioCaretTestExtension] Moving the caret to '' at (Ln: 31, Ch: 132) based on a regular expression.  Expression = "Method="()"" [group index '1', match index '1', options 'Singleline, CultureInvariant']
    (01:27:18.929) [Visual Studio Host (3036):VisualStudioIntellisenseService] Invoking Completion member list at '(Ln: 31, Ch: 132)'.
    (01:27:19.260) [Visual Studio Host (3036):VisualStudioIntellisenseService] Invoking Completion member list at '(Ln: 31, Ch: 132)'.
    (01:27:19.466) [Visual Studio Host (3036):VisualStudioIntellisenseService] Getting the active completion at position '(Ln: 31, Ch: 132)'.
    (01:27:19.672) [Visual Studio Host (3036):VisualStudioCompletionListTestExtension] Selecting completion item '&lt;Create New Method&gt;'.
    (01:27:19.849) [Visual Studio Host (3036):VisualStudioCompletionListTestExtension] Committing '&lt;Create New Method&gt;' completion item.
    (01:27:20.360) [Visual Studio Host (3036):TextEditorDocumentWindowTestExtension] Showing window 'WebFormCSCodeBehind.aspx' without activating the window.
    (01:27:20.642) [Visual Studio Host (3036):TextEditorDocumentWindowTestExtension] Showing window 'WebFormCSCodeBehind.aspx'.
    (01:27:21.092) [Visual Studio Host (3036):TextEditorDocumentWindowTestExtension] Showing window 'WebFormCSCodeBehind.aspx.cs' without activating the window.
    (01:27:21.361) [Visual Studio Host (3036):TextEditorDocumentWindowTestExtension] Showing window 'WebFormCSCodeBehind.aspx.cs'.
    (01:27:21.694) [Visual Studio Host (3036):VisualStudioTextEditorTestExtension] Setting keyboard focus to editor 'WebFormCSCodeBehind.aspx.cs'.
    (01:27:21.928) [Visual Studio Host (3036):TextEditorDocumentWindowTestExtension] Showing window 'WebFormCSCodeBehind.aspx.cs' without activating the window.
    (01:27:22.152) [Visual Studio Host (3036):TextEditorDocumentWindowTestExtension] Showing window 'WebFormCSCodeBehind.aspx.cs'.
    (01:27:22.374) [Visual Studio Host (3036):TextEditorDocumentWindowTestExtension] Closing window 'WebFormCSCodeBehind.aspx.cs'.
    + ExternalProcessHostTest TestCleanup
        (01:27:23.098) [Visual Studio Host (3036):TextEditorDocumentWindowTestExtension] Closing window 'WebFormCSCodeBehind.aspx'.
        (01:27:23.729) [Platform:Testcase] Test 'VSTest_Generate_AttrModel_Methods_WebSite_Code_Behind_CS' has 'Passed' outcome. Therefore, Apex will not shut down the 'Visual Studio Host (3036)' with process ID '3036'. A subsequent test scenario will run on the same instance of the host.
    + Final Test Result Verification
        (01:27:24.406) [Platform:DelayedAssertionVerifierSink] Verification Success: 0 verification steps failed.
    + ApexTest TestCleanup</StdOut>
      </Output>
      <ResultFiles>
        <ResultFile path="WNVM19648\Fail.aswak04hapa5.png" />
        <ResultFile path="WNVM19648\Fail.azqsczivabnm.png" />
        <ResultFile path="WNVM19648\Fail.byuslv5baqsd.png" />
        <ResultFile path="WNVM19648\Fail.ek4tb3wmalyl.png" />
        <ResultFile path="WNVM19648\Fail.ig2gsfz5ad1y.png" />
        <ResultFile path="WNVM19648\Fail.kxs1ersmaxma.png" />
        <ResultFile path="WNVM19648\Fail.loc0xhl5a2hr.png" />
        <ResultFile path="WNVM19648\Fail.o4kkrjboasbk.png" />
        <ResultFile path="WNVM19648\Fail.o5zf0zepaw0l.png" />
        <ResultFile path="WNVM19648\Fail.raasvsmeanc1.png" />
        <ResultFile path="WNVM19648\Fail.sidku4gxamg4.png" />
        <ResultFile path="WNVM19648\Fail.t4yj0fxuatil.png" />
        <ResultFile path="WNVM19648\Fail.z10rn0n5ajdm.png" />
        <ResultFile path="WNVM19648\Failure.jpg" />
        <ResultFile path="WNVM19648\OmniLog.html" />
        <ResultFile path="WNVM19648\OmniLogRawXml.xml" />
        <ResultFile path="WNVM19648\VSTest_Html_Drag_Drop_JavascriptFile_Timedout.jpg" />
        <ResultFile path="WNVM19648\VSTest_JSON_AutoStructureWithExistingComma_Timedout.jpg" />
        <ResultFile path="WNVM19648\VSTest_Parser_PTagTest_Timedout.jpg" />
        <ResultFile path="WNVM19648\VSTest_Razor_TagHelpers_Update_CS_File_And_Build_Timedout.jpg" />
        <ResultFile path="WNVM19648\VSTest_SmartIndentInJSInRazorV4_Timedout.jpg" />
      </ResultFiles>
    </UnitTestResult>
    <UnitTestResult executionId="8b59d939-2623-47d4-b407-50eae2ea0e2b" testId="b0f118d9-79d8-e242-cb96-42642bb2753d" testName="VSTest_RazorV3SmokeTest" computerName="WNVM19648" duration="00:00:19.1033252" startTime="2018-04-17T01:06:27.5828980-07:00" endTime="2018-04-17T01:06:46.6862232-07:00" testType="13cdc9d9-ddb5-4fa4-a97d-d965ccfc6d4b" outcome="Passed" testListId="8c84fa94-04c1-424b-9868-57a2d4851a1d" relativeResultsDirectory="8b59d939-2623-47d4-b407-50eae2ea0e2b">
      <Output>
        <StdOut>+ CSharpGeneralTests::VSTest_RazorV3SmokeTest
    + ApexTest TestInitialize
    + ExternalProcessHostTest TestInitialize
        (01:08:09.353) [Visual Studio Host (4384):RoamingSettingsService] Disabling roaming settings.
        (01:08:09.494) [Visual Studio Host (4384):SettingsService] Setting Visual Studio option 'Environment\RoamingSettings\RoamingEnabled' to 'False'.
        (01:08:09.682) [Visual Studio Host (4384):SolutionService] Closing solution 'RazorV4'.
        (01:08:10.278) [Visual Studio Host (4384):SolutionService] Opening solution file 'file:///C:/TestBin/IntegrationTests/MS.VS.Web.Editors/webs/misc.sln' with asynchronous load data available.  WaitForFullyLoadedOnOpen set to 'True'. Apex will wait for all async project loads to complete before proceeding.
            (01:08:10.453) [Visual Studio Host (4384):SolutionService] Solution load behavior is set to 'Realtime'.
        + Waiting for the solution to fully load.
        (01:08:16.896) [Visual Studio Host (4384):TextEditorDocumentWindowTestExtension] Showing window 'SmokeTest.cshtml' without activating the window.
        (01:08:17.703) [Visual Studio Host (4384):TextEditorDocumentWindowTestExtension] Showing window 'SmokeTest.cshtml'.
        (01:08:18.188) [Visual Studio Host (4384):VisualStudioTextEditorTestExtension] Setting keyboard focus to editor 'SmokeTest.cshtml'.
        (01:08:18.476) [Visual Studio Host (4384):MainWindowService] Activating main window to bring it to the foreground.
        (01:08:18.859) [Visual Studio Host (4384):MainWindowService] Setting main window state to 'Maximized'.
    (01:08:19.441) [Visual Studio Host (4384):TextEditorDocumentWindowTestExtension] Showing window 'SmokeTest.cshtml' without activating the window.
    (01:08:19.674) [Visual Studio Host (4384):TextEditorDocumentWindowTestExtension] Showing window 'SmokeTest.cshtml'.
    (01:08:19.905) [Visual Studio Host (4384):VisualStudioCaretTestExtension] Moving the caret from (Ln: 1, Ch: 1) to (Ln: 2, Ch: 1)
    (01:08:20.068) [Visual Studio Host (4384):TextEditorDocumentWindowTestExtension] Showing window 'SmokeTest.cshtml' without activating the window.
    (01:08:20.232) [Visual Studio Host (4384):TextEditorDocumentWindowTestExtension] Showing window 'SmokeTest.cshtml'.
    (01:08:20.416) [Visual Studio Host (4384):VisualStudioCaretTestExtension] Moving the caret from (Ln: 2, Ch: 1) to the end of the line
    (01:08:20.763) [Visual Studio Host (4384):VisualStudioTextEditorTestExtension] Setting keyboard focus to editor 'SmokeTest.cshtml'.
    (01:08:20.996) [Visual Studio Host (4384):TextEditorDocumentWindowTestExtension] Showing window 'SmokeTest.cshtml' without activating the window.
    (01:08:21.285) [Visual Studio Host (4384):TextEditorDocumentWindowTestExtension] Showing window 'SmokeTest.cshtml'.
    (01:08:21.503) [Visual Studio Host (4384):KeyboardCommands] Sending the Return key 1 times.
    (01:08:21.720) [Visual Studio Host (4384):TextEditorDocumentWindowTestExtension] Showing window 'SmokeTest.cshtml' without activating the window.
    (01:08:21.862) [Visual Studio Host (4384):TextEditorDocumentWindowTestExtension] Showing window 'SmokeTest.cshtml'.
    (01:08:22.373) [Visual Studio Host (4384):TextEditorDocumentWindowTestExtension] Showing window 'SmokeTest.cshtml' without activating the window.
    (01:08:22.655) [Visual Studio Host (4384):TextEditorDocumentWindowTestExtension] Showing window 'SmokeTest.cshtml'.
    (01:08:22.839) [Visual Studio Host (4384):VisualStudioIntellisenseService] Getting the active completion at position '(Ln: 3, Ch: 25)'.
    (01:08:23.048) [Visual Studio Host (4384):VisualStudioCompletionListTestExtension] Found completion item with name 
    (01:08:23.233) [Visual Studio Host (4384):VisualStudioIntellisenseService] Getting the active completion at position '(Ln: 3, Ch: 25)'.
    (01:08:23.492) [Visual Studio Host (4384):VisualStudioCompletionListTestExtension] Found completion item with name 
    (01:08:23.727) [Visual Studio Host (4384):VisualStudioCompletionListTestExtension] Selecting completion item 'Now'.
    (01:08:23.890) [Visual Studio Host (4384):VisualStudioCompletionListTestExtension] Committing 'Now' completion item.
    (01:08:24.079) [Visual Studio Host (4384):TextEditorDocumentWindowTestExtension] Showing window 'SmokeTest.cshtml' without activating the window.
    (01:08:24.252) [Visual Studio Host (4384):TextEditorDocumentWindowTestExtension] Showing window 'SmokeTest.cshtml'.
    (01:08:24.477) [Visual Studio Host (4384):TextEditorDocumentWindowTestExtension] Showing window 'SmokeTest.cshtml' without activating the window.
    (01:08:24.815) [Visual Studio Host (4384):TextEditorDocumentWindowTestExtension] Showing window 'SmokeTest.cshtml'.
    (01:08:25.055) [Visual Studio Host (4384):TextEditorDocumentWindowTestExtension] Showing window 'SmokeTest.cshtml' without activating the window.
    (01:08:25.245) [Visual Studio Host (4384):TextEditorDocumentWindowTestExtension] Showing window 'SmokeTest.cshtml'.
    (01:08:25.480) [Visual Studio Host (4384):VisualStudioClassificationTestExtension] Retrieved '13' classifications in the editor.
    + ExternalProcessHostTest TestCleanup
        (01:08:25.822) [Visual Studio Host (4384):TextEditorDocumentWindowTestExtension] Closing window 'SmokeTest.cshtml'.
        (01:08:26.103) [Platform:Testcase] Test 'VSTest_RazorV3SmokeTest' has 'Passed' outcome. Therefore, Apex will not shut down the 'Visual Studio Host (4384)' with process ID '4384'. A subsequent test scenario will run on the same instance of the host.
    + Final Test Result Verification
        (01:08:26.725) [Platform:DelayedAssertionVerifierSink] Verification Success: 0 verification steps failed.
    + ApexTest TestCleanup</StdOut>
      </Output>
      <ResultFiles>
        <ResultFile path="WNVM19648\Fail.azqsczivabnm.png" />
        <ResultFile path="WNVM19648\Fail.ig2gsfz5ad1y.png" />
        <ResultFile path="WNVM19648\Fail.o5zf0zepaw0l.png" />
        <ResultFile path="WNVM19648\Fail.raasvsmeanc1.png" />
        <ResultFile path="WNVM19648\Fail.t4yj0fxuatil.png" />
        <ResultFile path="WNVM19648\Fail.z10rn0n5ajdm.png" />
        <ResultFile path="WNVM19648\OmniLog.html" />
        <ResultFile path="WNVM19648\OmniLogRawXml.xml" />
      </ResultFiles>
    </UnitTestResult>
    <UnitTestResult executionId="3c443682-2e75-4e27-86c6-bce445bf72c7" testId="dd5fa547-982a-7910-6d5c-1e9c64a61347" testName="VSTest_JSON_AutoGeneration_Disabled_PasteText" computerName="WNVM19648" duration="00:00:06.8582283" startTime="2018-04-17T02:24:49.2449912-07:00" endTime="2018-04-17T02:24:56.1032195-07:00" testType="13cdc9d9-ddb5-4fa4-a97d-d965ccfc6d4b" outcome="Passed" testListId="8c84fa94-04c1-424b-9868-57a2d4851a1d" relativeResultsDirectory="3c443682-2e75-4e27-86c6-bce445bf72c7">
      <Output>
        <StdOut>+ AutoGenerationTests::VSTest_JSON_AutoGeneration_Disabled_PasteText
    + ApexTest TestInitialize
    + ExternalProcessHostTest TestInitialize
        (02:26:31.109) [Visual Studio Host (6688):RoamingSettingsService] Disabling roaming settings.
        (02:26:31.272) [Visual Studio Host (6688):SettingsService] Setting Visual Studio option 'Environment\RoamingSettings\RoamingEnabled' to 'False'.
        (02:26:31.748) [Visual Studio Host (6688):TextEditorDocumentWindowTestExtension] Showing window 'EmptyWithoutSchema.json' without activating the window.
        (02:26:31.913) [Visual Studio Host (6688):TextEditorDocumentWindowTestExtension] Showing window 'EmptyWithoutSchema.json'.
        (02:26:32.155) [Visual Studio Host (6688):VisualStudioTextEditorTestExtension] Setting keyboard focus to editor 'EmptyWithoutSchema.json'.
        (02:26:32.344) [Visual Studio Host (6688):SettingsService] Getting value of Visual Studio Setting 'TextEditor\JSON Specific\AutoStructureCompletion'. 
        (02:26:32.494) [Visual Studio Host (6688):SettingsService] Setting Visual Studio option 'TextEditor\JSON Specific\AutoStructureCompletion' to 'False'.
        (02:26:32.690) [Visual Studio Host (6688):MainWindowService] Activating main window to bring it to the foreground.
        (02:26:32.973) [Visual Studio Host (6688):MainWindowService] Setting main window state to 'Maximized'.
    (02:26:33.360) [Visual Studio Host (6688):TextEditorDocumentWindowTestExtension] Showing window 'EmptyWithoutSchema.json' without activating the window.
    (02:26:33.511) [Visual Studio Host (6688):TextEditorDocumentWindowTestExtension] Showing window 'EmptyWithoutSchema.json'.
    (02:26:33.712) [Visual Studio Host (6688):VisualStudioCaretTestExtension] Moving the caret from (Ln: 1, Ch: 1) to (Ln: 2, Ch: 3)
    (02:26:33.896) [Visual Studio Host (6688):TextEditorDocumentWindowTestExtension] Showing window 'EmptyWithoutSchema.json' without activating the window.
    (02:26:34.089) [Visual Studio Host (6688):TextEditorDocumentWindowTestExtension] Showing window 'EmptyWithoutSchema.json'.
    VerificationPass: (02:26:34.275) [Visual Studio Host (6688):VisualStudioTextEditorVerifier] Verification passed: The editor was expected to contain the text ' stringProp: value'
    (02:26:34.440) [Visual Studio Host (6688):TextEditorDocumentWindowTestExtension] Showing window 'EmptyWithoutSchema.json' without activating the window.
    (02:26:34.602) [Visual Studio Host (6688):TextEditorDocumentWindowTestExtension] Showing window 'EmptyWithoutSchema.json'.
    VerificationPass: (02:26:34.792) [Visual Studio Host (6688):VisualStudioTextEditorVerifier] Verification passed: The editor was expected to contain the text ' intProp: 5'
    + ExternalProcessHostTest TestCleanup
        (02:26:35.199) [Visual Studio Host (6688):SettingsService] Setting Visual Studio option 'TextEditor\JSON Specific\AutoStructureCompletion' to 'True'.
        (02:26:35.433) [Visual Studio Host (6688):TextEditorDocumentWindowTestExtension] Closing window 'EmptyWithoutSchema.json'.
        (02:26:35.831) [Platform:Testcase] Test 'VSTest_JSON_AutoGeneration_Disabled_PasteText' has 'Passed' outcome. Therefore, Apex will not shut down the 'Visual Studio Host (6688)' with process ID '6688'. A subsequent test scenario will run on the same instance of the host.
    + Final Test Result Verification
        (02:26:36.389) [Platform:DelayedAssertionVerifierSink] Verification Success: 0 verification steps failed.
    + ApexTest TestCleanup</StdOut>
      </Output>
      <ResultFiles>
        <ResultFile path="WNVM19648\Fail.1naitrosadk5.png" />
        <ResultFile path="WNVM19648\Fail.22wpw0oka5fs.png" />
        <ResultFile path="WNVM19648\Fail.24wtv1jnawc3.png" />
        <ResultFile path="WNVM19648\Fail.2dvw33g3abcx.png" />
        <ResultFile path="WNVM19648\Fail.2lws5epta1gw.png" />
        <ResultFile path="WNVM19648\Fail.2osatv43agzz.png" />
        <ResultFile path="WNVM19648\Fail.33ju4eduay3u.png" />
        <ResultFile path="WNVM19648\Fail.3poblbx4alvv.png" />
        <ResultFile path="WNVM19648\Fail.4p531ykxaqdb.png" />
        <ResultFile path="WNVM19648\Fail.5ckvvlpiahzj.png" />
        <ResultFile path="WNVM19648\Fail.5erbsz3aa4ay.png" />
        <ResultFile path="WNVM19648\Fail.ashpv3rjajjr.png" />
        <ResultFile path="WNVM19648\Fail.aswak04hapa5.png" />
        <ResultFile path="WNVM19648\Fail.azqsczivabnm.png" />
        <ResultFile path="WNVM19648\Fail.byuslv5baqsd.png" />
        <ResultFile path="WNVM19648\Fail.bz134qwyax2e.png" />
        <ResultFile path="WNVM19648\Fail.cwkly5opaa5x.png" />
        <ResultFile path="WNVM19648\Fail.czhshhzmawco.png" />
        <ResultFile path="WNVM19648\Fail.ek4tb3wmalyl.png" />
        <ResultFile path="WNVM19648\Fail.fdtmbjciavfs.png" />
        <ResultFile path="WNVM19648\Fail.hxi2cahnapy2.png" />
        <ResultFile path="WNVM19648\Fail.ig2gsfz5ad1y.png" />
        <ResultFile path="WNVM19648\Fail.iwqb3wycasom.png" />
        <ResultFile path="WNVM19648\Fail.iymeazuqablz.png" />
        <ResultFile path="WNVM19648\Fail.jpga4adlarrf.png" />
        <ResultFile path="WNVM19648\Fail.k12p4vaeagac.png" />
        <ResultFile path="WNVM19648\Fail.kfb5og41ajlt.png" />
        <ResultFile path="WNVM19648\Fail.kp4fcfcpa5bw.png" />
        <ResultFile path="WNVM19648\Fail.kxs1ersmaxma.png" />
        <ResultFile path="WNVM19648\Fail.lbyrcmqbastb.png" />
        <ResultFile path="WNVM19648\Fail.loc0xhl5a2hr.png" />
        <ResultFile path="WNVM19648\Fail.lthgvalfaxfr.png" />
        <ResultFile path="WNVM19648\Fail.mazsob3aamsp.png" />
        <ResultFile path="WNVM19648\Fail.n13clx4iaowv.png" />
        <ResultFile path="WNVM19648\Fail.n3c2bmltan5e.png" />
        <ResultFile path="WNVM19648\Fail.o4kkrjboasbk.png" />
        <ResultFile path="WNVM19648\Fail.o5zf0zepaw0l.png" />
        <ResultFile path="WNVM19648\Fail.pdo2mhdtanq2.png" />
        <ResultFile path="WNVM19648\Fail.pprwzak1ac5h.png" />
        <ResultFile path="WNVM19648\Fail.qagtqbftat3h.png" />
        <ResultFile path="WNVM19648\Fail.qbnuydioazjy.png" />
        <ResultFile path="WNVM19648\Fail.raasvsmeanc1.png" />
        <ResultFile path="WNVM19648\Fail.rymman3va50a.png" />
        <ResultFile path="WNVM19648\Fail.sidku4gxamg4.png" />
        <ResultFile path="WNVM19648\Fail.swwzdfhraz25.png" />
        <ResultFile path="WNVM19648\Fail.t4yj0fxuatil.png" />
        <ResultFile path="WNVM19648\Fail.v0ywfcwsa23p.png" />
        <ResultFile path="WNVM19648\Fail.vjqtiv2zaclz.png" />
        <ResultFile path="WNVM19648\Fail.wiz4mofdavag.png" />
        <ResultFile path="WNVM19648\Fail.xasrdkzvaogc.png" />
        <ResultFile path="WNVM19648\Fail.yd3ferxiaq1c.png" />
        <ResultFile path="WNVM19648\Fail.z10rn0n5ajdm.png" />
        <ResultFile path="WNVM19648\Fail.z2gelfy0aa1q.png" />
        <ResultFile path="WNVM19648\Fail.zpuouf2fa0ib.png" />
        <ResultFile path="WNVM19648\OmniLog.html" />
        <ResultFile path="WNVM19648\OmniLogRawXml.xml" />
      </ResultFiles>
    </UnitTestResult>
    <UnitTestResult executionId="e611c6d5-2486-47ad-a3c1-b571c8fca3fa" testId="92e8b55e-124e-9232-b8e4-09b0d9ebb66b" testName="VSTest_JSON_DiffViewer (Inline)" computerName="WNVM19648" startTime="2018-04-17T02:21:00.0622598-07:00" endTime="2018-04-17T02:21:00.0622598-07:00" testType="13cdc9d9-ddb5-4fa4-a97d-d965ccfc6d4b" outcome="NotExecuted" testListId="8c84fa94-04c1-424b-9868-57a2d4851a1d" relativeResultsDirectory="e611c6d5-2486-47ad-a3c1-b571c8fca3fa">
      <Output>
      </Output>
    </UnitTestResult>
    <UnitTestResult executionId="edab782c-f063-4fdf-a4bd-8c181c579e73" testId="af27f861-5f07-e4ee-d8f5-11d6dbf68cbf" testName="VSTest_FormatTest18" computerName="WNVM19648" duration="00:00:03.2705108" startTime="2018-04-17T00:31:06.4688153-07:00" endTime="2018-04-17T00:31:09.7393261-07:00" testType="13cdc9d9-ddb5-4fa4-a97d-d965ccfc6d4b" outcome="Passed" testListId="8c84fa94-04c1-424b-9868-57a2d4851a1d" relativeResultsDirectory="edab782c-f063-4fdf-a4bd-8c181c579e73">
      <Output>
        <StdOut>+ FormatTests::VSTest_FormatTest18
    + ApexTest TestInitialize
    + ExternalProcessHostTest TestInitialize
        (32:47.794) [Visual Studio Host (11564):RoamingSettingsService] Disabling roaming settings.
        (32:47.844) [Visual Studio Host (11564):SettingsService] Setting Visual Studio option 'Environment\RoamingSettings\RoamingEnabled' to 'False'.
        (32:48.096) [Visual Studio Host (11564):TextEditorDocumentWindowTestExtension] Showing window 'Format18.htm' without activating the window.
        (32:48.161) [Visual Studio Host (11564):TextEditorDocumentWindowTestExtension] Showing window 'Format18.htm'.
        (32:48.223) [Visual Studio Host (11564):VisualStudioTextEditorTestExtension] Setting keyboard focus to editor 'Format18.htm'.
        (32:48.280) [Visual Studio Host (11564):MainWindowService] Activating main window to bring it to the foreground.
        (32:48.341) [Visual Studio Host (11564):MainWindowService] Setting main window state to 'Maximized'.
    (32:48.461) [Visual Studio Host (11564):TextEditorDocumentWindowTestExtension] Showing window 'Format18.htm' without activating the window.
    (32:48.514) [Visual Studio Host (11564):TextEditorDocumentWindowTestExtension] Showing window 'Format18.htm'.
    (32:48.577) [Visual Studio Host (11564):VisualStudioCaretTestExtension] Moving the caret from (Ln: 1, Ch: 1) to (Ln: 8, Ch: 5)
    (32:48.633) [Visual Studio Host (11564):TextEditorDocumentWindowTestExtension] Showing window 'Format18.htm'.
    (32:48.694) [Visual Studio Host (11564):VisualStudioCaretTestExtension] Moving the caret and selecting from (Ln: 8, Ch: 5) down '2' lines
    (32:48.748) [Visual Studio Host (11564):VisualStudioTextEditorTestExtension] Setting keyboard focus to editor 'Format18.htm'.
    (32:48.814) [Visual Studio Host (11564):TextEditorDocumentWindowTestExtension] Showing window 'Format18.htm'.
    (32:48.880) [Visual Studio Host (11564):VisualStudioCaretTestExtension] Moving the caret and selecting from (Ln: 10, Ch: 5) to the beginning of the line
    (32:48.955) [Visual Studio Host (11564):VisualStudioTextEditorTestExtension] Setting keyboard focus to editor 'Format18.htm'.
    (32:49.016) [Visual Studio Host (11564):TextEditorDocumentWindowTestExtension] Showing window 'Format18.htm'.
    (32:49.093) [Visual Studio Host (11564):TextEditorDocumentWindowTestExtension] Showing window 'Format18.htm'.
    (32:49.169) [Visual Studio Host (11564):TextEditorDocumentWindowTestExtension] Showing window 'Format18.htm'.
    (32:49.255) [Visual Studio Host (11564):VisualStudioCaretTestExtension] Moving the caret and selecting from (Ln: 10, Ch: 1) right '8' characters
    (32:49.317) [Visual Studio Host (11564):VisualStudioTextEditorTestExtension] Setting keyboard focus to editor 'Format18.htm'.
    (32:49.433) [Visual Studio Host (11564):TextEditorDocumentWindowTestExtension] Showing window 'Format18.htm' without activating the window.
    (32:49.498) [Visual Studio Host (11564):TextEditorDocumentWindowTestExtension] Showing window 'Format18.htm'.
    (32:49.567) [Visual Studio Host (11564):TextEditorDocumentWindowTestExtension] Showing window 'Format18.htm' without activating the window.
    (32:49.647) [Visual Studio Host (11564):TextEditorDocumentWindowTestExtension] Showing window 'Format18.htm'.
    (32:49.722) [Visual Studio Host (11564):TextEditorDocumentWindowTestExtension] Showing window 'Format18.htm' without activating the window.
    (32:49.785) [Visual Studio Host (11564):TextEditorDocumentWindowTestExtension] Showing window 'Format18.htm'.
    (32:49.862) [Visual Studio Host (11564):TextEditorDocumentWindowTestExtension] Showing window 'Format18.htm' without activating the window.
    (32:49.932) [Visual Studio Host (11564):TextEditorDocumentWindowTestExtension] Showing window 'Format18.htm'.
    + ExternalProcessHostTest TestCleanup
        (32:50.074) [Visual Studio Host (11564):TextEditorDocumentWindowTestExtension] Closing window 'Format18.htm'.
        (32:50.310) [Platform:Testcase] Test 'VSTest_FormatTest18' has 'Passed' outcome. Therefore, Apex will not shut down the 'Visual Studio Host (11564)' with process ID '11564'. A subsequent test scenario will run on the same instance of the host.
    + Final Test Result Verification
        (32:50.543) [Platform:DelayedAssertionVerifierSink] Verification Success: 0 verification steps failed.
    + ApexTest TestCleanup</StdOut>
      </Output>
      <ResultFiles>
        <ResultFile path="WNVM19648\Fail.azqsczivabnm.png" />
        <ResultFile path="WNVM19648\Fail.ig2gsfz5ad1y.png" />
        <ResultFile path="WNVM19648\Fail.o5zf0zepaw0l.png" />
        <ResultFile path="WNVM19648\OmniLog.html" />
        <ResultFile path="WNVM19648\OmniLogRawXml.xml" />
      </ResultFiles>
    </UnitTestResult>
    <UnitTestResult executionId="40ce98d9-8c99-4ffb-a8e1-835cfcf228d4" testId="be857b36-0767-590e-adcc-f30997378b98" testName="VSTest_Html_FormatOnPaste_WithMultipleScriptBlocks" computerName="WNVM19648" duration="00:00:00.0939989" startTime="2018-04-17T00:32:03.7611475-07:00" endTime="2018-04-17T00:32:03.8551464-07:00" testType="13cdc9d9-ddb5-4fa4-a97d-d965ccfc6d4b" outcome="Failed" testListId="8c84fa94-04c1-424b-9868-57a2d4851a1d" relativeResultsDirectory="40ce98d9-8c99-4ffb-a8e1-835cfcf228d4">
      <Output>
        <StdOut>+ FormatOnPasteTests::VSTest_Html_FormatOnPaste_WithMultipleScriptBlocks
    + ApexTest TestInitialize</StdOut>
        <ErrorInfo>
          <Message>Initialization method Microsoft.Test.Apex.ExternalProcessHostTest`2[[Microsoft.Test.Apex.VisualStudio.VisualStudioHostConfiguration, Microsoft.Test.Apex.VisualStudio, Version=15.0.0.0, Culture=neutral, PublicKeyToken=b03f5f7f11d50a3a],[Microsoft.Test.Apex.VisualStudio.VisualStudioHost, Microsoft.Test.Apex.VisualStudio, Version=15.0.0.0, Culture=neutral, PublicKeyToken=b03f5f7f11d50a3a]].TestInitialize threw exception. System.IO.IOException: The process cannot access the file 'C:\school\OmniLog.html' because it is being used by another process.</Message>
          <StackTrace>   at System.IO.__Error.WinIOError(Int32 errorCode, String maybeFullPath)
   at System.IO.FileStream.Init(String path, FileMode mode, FileAccess access, Int32 rights, Boolean useRights, FileShare share, Int32 bufferSize, FileOptions options, SECURITY_ATTRIBUTES secAttrs, String msgPath, Boolean bFromProxy, Boolean useLongPath, Boolean checkHost)
   at System.IO.FileStream..ctor(String path, FileMode mode, FileAccess access)
   at Omni.Logging.Sinks.IncrementalSummarySink.PrepareForWrite() in F:\dd\src\Omni\Log\Omni.Log\Sinks\IncrementalSummarySink.cs:line 169
   at Omni.Logging.Sinks.IncrementalSummarySink.Append(ILogMessage message) in F:\dd\src\Omni\Log\Omni.Log\Sinks\IncrementalSummarySink.cs:line 74
   at Omni.Logging.OmniLog.SendToSinks(LogMessage message) in F:\dd\src\Omni\Log\Omni.Log\OmniLog.cs:line 968
   at Omni.Logging.Log.BeginGroup(String message) in F:\dd\src\Omni\Log\Omni.Log\OmniLog.cs:line 1402
   at Microsoft.Test.Apex.Services.Logging.TestLoggerSinks.OmniLog.OmniLogSink.ActualSink.ScopeEntered(IExecutionScopeHandle scope) in F:\dd\src\omni\Apex\MsTestIntegration\Services\OmniLog\OmniLogSink.cs:line 318
   at Microsoft.Test.Apex.Services.Logging.TestLoggerSinks.OmniLog.OmniLogSink.ScopeEntered(IExecutionScopeHandle scope) in F:\dd\src\omni\Apex\MsTestIntegration\Services\OmniLog\OmniLogSink.cs:line 146
   at Microsoft.Test.Apex.Services.ExecutionScopeService.Enter(TestExecutionPoint testExecutionPoint, String scopeName, Boolean enterVerificationScope, Object context) in F:\dd\src\omni\Apex\Framework\Services\ExecutionScope\ExecutionScopeService.cs:line 228
   at Microsoft.Test.Apex.Services.ExecutionScopeService.Enter(String scopeName, Boolean enterVerificationScope, Object context) in F:\dd\src\omni\Apex\Framework\Services\ExecutionScope\ExecutionScopeService.cs:line 202
   at Microsoft.Test.Apex.Services.ExecutionScopeService.Enter(String scopeName) in F:\dd\src\omni\Apex\Framework\Services\ExecutionScope\ExecutionScopeService.cs:line 80
   at Microsoft.Test.Apex.ApexTest.TestInitialize() in F:\dd\src\omni\Apex\MsTestIntegration\ApexTest.cs:line 423
   at Microsoft.Test.Apex.ExternalProcessHostTest`2.TestInitialize() in F:\dd\src\omni\Apex\MsTestIntegration\ExternalProcessHostTest.cs:line 108</StackTrace>
        </ErrorInfo>
      </Output>
    </UnitTestResult>
    <UnitTestResult executionId="260dfe3b-ef1b-4fe3-87f4-b8e225435183" testId="9bd6e2ef-f3c6-3ce1-793e-ea9456e39230" testName="VSTest_UWP_DataWinControl" computerName="WNVM19648" startTime="2018-04-17T00:50:38.0733227-07:00" endTime="2018-04-17T00:50:38.0733227-07:00" testType="13cdc9d9-ddb5-4fa4-a97d-d965ccfc6d4b" outcome="NotExecuted" testListId="8c84fa94-04c1-424b-9868-57a2d4851a1d" relativeResultsDirectory="260dfe3b-ef1b-4fe3-87f4-b8e225435183">
      <Output>
      </Output>
    </UnitTestResult>
    <UnitTestResult executionId="6c2dee3c-3c8b-421e-8657-cb0d3c030507" testId="7f716783-ec5a-dd9f-5c54-011aa238f223" testName="VSTest_RazorTypeWithErrorInCshtml" computerName="WNVM19648" duration="00:00:01.9228690" startTime="2018-04-17T01:09:08.1771400-07:00" endTime="2018-04-17T01:09:10.1000090-07:00" testType="13cdc9d9-ddb5-4fa4-a97d-d965ccfc6d4b" outcome="Failed" testListId="8c84fa94-04c1-424b-9868-57a2d4851a1d" relativeResultsDirectory="6c2dee3c-3c8b-421e-8657-cb0d3c030507">
      <Output>
        <StdOut>+ CSharpGeneralTests::VSTest_RazorTypeWithErrorInCshtml
    + ApexTest TestInitialize</StdOut>
        <ErrorInfo>
          <Message>Initialization method Microsoft.Test.Apex.ExternalProcessHostTest`2[[Microsoft.Test.Apex.VisualStudio.VisualStudioHostConfiguration, Microsoft.Test.Apex.VisualStudio, Version=15.0.0.0, Culture=neutral, PublicKeyToken=b03f5f7f11d50a3a],[Microsoft.Test.Apex.VisualStudio.VisualStudioHost, Microsoft.Test.Apex.VisualStudio, Version=15.0.0.0, Culture=neutral, PublicKeyToken=b03f5f7f11d50a3a]].TestInitialize threw exception. System.IO.IOException: The process cannot access the file 'C:\school\OmniLog.html' because it is being used by another process.</Message>
          <StackTrace>   at System.IO.__Error.WinIOError(Int32 errorCode, String maybeFullPath)
   at System.IO.FileStream.Init(String path, FileMode mode, FileAccess access, Int32 rights, Boolean useRights, FileShare share, Int32 bufferSize, FileOptions options, SECURITY_ATTRIBUTES secAttrs, String msgPath, Boolean bFromProxy, Boolean useLongPath, Boolean checkHost)
   at System.IO.FileStream..ctor(String path, FileMode mode, FileAccess access)
   at Omni.Logging.Sinks.IncrementalSummarySink.PrepareForWrite() in F:\dd\src\Omni\Log\Omni.Log\Sinks\IncrementalSummarySink.cs:line 169
   at Omni.Logging.Sinks.IncrementalSummarySink.Append(ILogMessage message) in F:\dd\src\Omni\Log\Omni.Log\Sinks\IncrementalSummarySink.cs:line 74
   at Omni.Logging.OmniLog.SendToSinks(LogMessage message) in F:\dd\src\Omni\Log\Omni.Log\OmniLog.cs:line 968
   at Omni.Logging.Log.BeginGroup(String message) in F:\dd\src\Omni\Log\Omni.Log\OmniLog.cs:line 1402
   at Microsoft.Test.Apex.Services.Logging.TestLoggerSinks.OmniLog.OmniLogSink.ActualSink.ScopeEntered(IExecutionScopeHandle scope) in F:\dd\src\omni\Apex\MsTestIntegration\Services\OmniLog\OmniLogSink.cs:line 318
   at Microsoft.Test.Apex.Services.Logging.TestLoggerSinks.OmniLog.OmniLogSink.ScopeEntered(IExecutionScopeHandle scope) in F:\dd\src\omni\Apex\MsTestIntegration\Services\OmniLog\OmniLogSink.cs:line 146
   at Microsoft.Test.Apex.Services.ExecutionScopeService.Enter(TestExecutionPoint testExecutionPoint, String scopeName, Boolean enterVerificationScope, Object context) in F:\dd\src\omni\Apex\Framework\Services\ExecutionScope\ExecutionScopeService.cs:line 228
   at Microsoft.Test.Apex.Services.ExecutionScopeService.Enter(String scopeName, Boolean enterVerificationScope, Object context) in F:\dd\src\omni\Apex\Framework\Services\ExecutionScope\ExecutionScopeService.cs:line 202
   at Microsoft.Test.Apex.Services.ExecutionScopeService.Enter(String scopeName) in F:\dd\src\omni\Apex\Framework\Services\ExecutionScope\ExecutionScopeService.cs:line 80
   at Microsoft.Test.Apex.ApexTest.TestInitialize() in F:\dd\src\omni\Apex\MsTestIntegration\ApexTest.cs:line 423
   at Microsoft.Test.Apex.ExternalProcessHostTest`2.TestInitialize() in F:\dd\src\omni\Apex\MsTestIntegration\ExternalProcessHostTest.cs:line 108</StackTrace>
        </ErrorInfo>
      </Output>
    </UnitTestResult>
    <UnitTestResult executionId="74947bff-f3c5-499e-81cf-5e1a4ba8ca0e" testId="807e96db-c26b-1263-0c83-8a9f00de0cf8" testName="VSTest_SCSS_FormatOnPaste" computerName="WNVM19648" duration="00:00:06.5598319" startTime="2018-04-17T01:21:57.2896390-07:00" endTime="2018-04-17T01:22:03.8494709-07:00" testType="13cdc9d9-ddb5-4fa4-a97d-d965ccfc6d4b" outcome="Passed" testListId="8c84fa94-04c1-424b-9868-57a2d4851a1d" relativeResultsDirectory="74947bff-f3c5-499e-81cf-5e1a4ba8ca0e">
      <Output>
        <StdOut>+ ScssFormatOnPasteTests::VSTest_SCSS_FormatOnPaste
    + ApexTest TestInitialize
    + ExternalProcessHostTest TestInitialize
        (01:23:39.162) [Visual Studio Host (10528):RoamingSettingsService] Disabling roaming settings.
        (01:23:39.348) [Visual Studio Host (10528):SettingsService] Setting Visual Studio option 'Environment\RoamingSettings\RoamingEnabled' to 'False'.
        (01:23:40.085) [Visual Studio Host (10528):TextEditorDocumentWindowTestExtension] Showing window 'FormatSampleScss.scss' without activating the window.
        (01:23:40.398) [Visual Studio Host (10528):TextEditorDocumentWindowTestExtension] Showing window 'FormatSampleScss.scss'.
        (01:23:40.641) [Visual Studio Host (10528):VisualStudioTextEditorTestExtension] Setting keyboard focus to editor 'FormatSampleScss.scss'.
        (01:23:40.835) [Visual Studio Host (10528):MainWindowService] Activating main window to bring it to the foreground.
        (01:23:41.030) [Visual Studio Host (10528):MainWindowService] Setting main window state to 'Maximized'.
    (01:23:41.428) [Visual Studio Host (10528):TextEditorDocumentWindowTestExtension] Showing window 'FormatSampleScss.scss' without activating the window.
    (01:23:41.619) [Visual Studio Host (10528):TextEditorDocumentWindowTestExtension] Showing window 'FormatSampleScss.scss'.
    (01:23:41.821) [Visual Studio Host (10528):VisualStudioCaretTestExtension] Moving the caret from (Ln: 1, Ch: 1) to the end of the file
    (01:23:42.016) [Visual Studio Host (10528):VisualStudioTextEditorTestExtension] Setting keyboard focus to editor 'FormatSampleScss.scss'.
    (01:23:42.458) [Visual Studio Host (10528):TextEditorDocumentWindowTestExtension] Showing window 'FormatSampleScss.scss' without activating the window.
    (01:23:42.669) [Visual Studio Host (10528):TextEditorDocumentWindowTestExtension] Showing window 'FormatSampleScss.scss'.
    + ExternalProcessHostTest TestCleanup
        (01:23:43.074) [Visual Studio Host (10528):TextEditorDocumentWindowTestExtension] Closing window 'FormatSampleScss.scss'.
        (01:23:43.380) [Platform:Testcase] Test 'VSTest_SCSS_FormatOnPaste' has 'Passed' outcome. Therefore, Apex will not shut down the 'Visual Studio Host (10528)' with process ID '10528'. A subsequent test scenario will run on the same instance of the host.
    + Final Test Result Verification
        (01:23:43.967) [Platform:DelayedAssertionVerifierSink] Verification Success: 0 verification steps failed.
    + ApexTest TestCleanup</StdOut>
      </Output>
      <ResultFiles>
        <ResultFile path="WNVM19648\Fail.aswak04hapa5.png" />
        <ResultFile path="WNVM19648\Fail.azqsczivabnm.png" />
        <ResultFile path="WNVM19648\Fail.byuslv5baqsd.png" />
        <ResultFile path="WNVM19648\Fail.ek4tb3wmalyl.png" />
        <ResultFile path="WNVM19648\Fail.ig2gsfz5ad1y.png" />
        <ResultFile path="WNVM19648\Fail.kxs1ersmaxma.png" />
        <ResultFile path="WNVM19648\Fail.loc0xhl5a2hr.png" />
        <ResultFile path="WNVM19648\Fail.o4kkrjboasbk.png" />
        <ResultFile path="WNVM19648\Fail.o5zf0zepaw0l.png" />
        <ResultFile path="WNVM19648\Fail.raasvsmeanc1.png" />
        <ResultFile path="WNVM19648\Fail.sidku4gxamg4.png" />
        <ResultFile path="WNVM19648\Fail.t4yj0fxuatil.png" />
        <ResultFile path="WNVM19648\Fail.z10rn0n5ajdm.png" />
        <ResultFile path="WNVM19648\OmniLog.html" />
        <ResultFile path="WNVM19648\OmniLogRawXml.xml" />
      </ResultFiles>
    </UnitTestResult>
    <UnitTestResult executionId="0365061e-843e-4780-a4db-e18f6ed751b3" testId="9c9e5206-9450-7f63-8b10-d8f08081701c" testName="VSTest_AutoTagNameMatcherTest" computerName="WNVM19648" duration="00:00:23.8719809" startTime="2018-04-17T00:19:38.3975775-07:00" endTime="2018-04-17T00:20:02.2695584-07:00" testType="13cdc9d9-ddb5-4fa4-a97d-d965ccfc6d4b" outcome="Passed" testListId="8c84fa94-04c1-424b-9868-57a2d4851a1d" relativeResultsDirectory="0365061e-843e-4780-a4db-e18f6ed751b3">
      <Output>
        <StdOut>+ AutoTagNameMatcherTests::VSTest_AutoTagNameMatcherTest
    + ApexTest TestInitialize
    + ExternalProcessHostTest TestInitialize
        (21:19.810) [Visual Studio Host (6956):RoamingSettingsService] Disabling roaming settings.
        (21:19.878) [Visual Studio Host (6956):SettingsService] Setting Visual Studio option 'Environment\RoamingSettings\RoamingEnabled' to 'False'.
        (21:20.281) [Visual Studio Host (6956):TextEditorDocumentWindowTestExtension] Showing window 'AutoTagNameMatcher.html' without activating the window.
        (21:20.382) [Visual Studio Host (6956):TextEditorDocumentWindowTestExtension] Showing window 'AutoTagNameMatcher.html'.
        (21:20.471) [Visual Studio Host (6956):VisualStudioTextEditorTestExtension] Setting keyboard focus to editor 'AutoTagNameMatcher.html'.
        (21:20.529) [Visual Studio Host (6956):MainWindowService] Activating main window to bring it to the foreground.
        (21:20.598) [Visual Studio Host (6956):MainWindowService] Setting main window state to 'Maximized'.
    (21:20.753) [Visual Studio Host (6956):TextEditorDocumentWindowTestExtension] Showing window 'AutoTagNameMatcher.html' without activating the window.
    (21:20.830) [Visual Studio Host (6956):TextEditorDocumentWindowTestExtension] Showing window 'AutoTagNameMatcher.html'.
    (21:20.929) [Visual Studio Host (6956):VisualStudioCaretTestExtension] Moving the caret from (Ln: 1, Ch: 1) to (Ln: 63, Ch: 9)
    (21:21.037) [Visual Studio Host (6956):TextEditorDocumentWindowTestExtension] Showing window 'AutoTagNameMatcher.html' without activating the window.
    (21:21.112) [Visual Studio Host (6956):TextEditorDocumentWindowTestExtension] Showing window 'AutoTagNameMatcher.html'.
    (21:21.190) [Visual Studio Host (6956):VisualStudioTextEditingActions] Inserting text: '&lt;div class=' at the current caret position: '(Ln: 63, Ch: 9)'
    (21:21.428) [Visual Studio Host (6956):TextEditorDocumentWindowTestExtension] Showing window 'AutoTagNameMatcher.html' without activating the window.
    (21:21.622) [Visual Studio Host (6956):TextEditorDocumentWindowTestExtension] Showing window 'AutoTagNameMatcher.html'.
    (21:21.754) [Visual Studio Host (6956):VisualStudioTextEditingActions] Inserting text: 'foo' at the current caret position: '(Ln: 63, Ch: 21)'
    (21:21.874) [Visual Studio Host (6956):TextEditorDocumentWindowTestExtension] Showing window 'AutoTagNameMatcher.html' without activating the window.
    (21:21.960) [Visual Studio Host (6956):TextEditorDocumentWindowTestExtension] Showing window 'AutoTagNameMatcher.html'.
    (21:22.069) [Visual Studio Host (6956):VisualStudioCaretTestExtension] Moving the caret from (Ln: 63, Ch: 24) right '1' characters
    (21:22.124) [Visual Studio Host (6956):VisualStudioTextEditorTestExtension] Setting keyboard focus to editor 'AutoTagNameMatcher.html'.
    (21:22.217) [Visual Studio Host (6956):TextEditorDocumentWindowTestExtension] Showing window 'AutoTagNameMatcher.html' without activating the window.
    (21:22.285) [Visual Studio Host (6956):TextEditorDocumentWindowTestExtension] Showing window 'AutoTagNameMatcher.html'.
    (21:22.378) [Visual Studio Host (6956):VisualStudioTextEditingActions] Inserting text: '&gt;' at the current caret position: '(Ln: 63, Ch: 25)'
    (21:22.480) [Visual Studio Host (6956):TextEditorDocumentWindowTestExtension] Showing window 'AutoTagNameMatcher.html' without activating the window.
    (21:22.561) [Visual Studio Host (6956):TextEditorDocumentWindowTestExtension] Showing window 'AutoTagNameMatcher.html'.
    (21:22.637) [Visual Studio Host (6956):VisualStudioCaretTestExtension] Moving the caret from (Ln: 63, Ch: 26) to (Ln: 63, Ch: 13)
    (21:22.725) [Visual Studio Host (6956):TextEditorDocumentWindowTestExtension] Showing window 'AutoTagNameMatcher.html' without activating the window.
    (21:22.842) [Visual Studio Host (6956):TextEditorDocumentWindowTestExtension] Showing window 'AutoTagNameMatcher.html'.
    (21:22.949) [Visual Studio Host (6956):VisualStudioTextEditingActions] Deleting previous '1' characters at the current caret position: '(Ln: 63, Ch: 13)'
    (21:23.036) [Visual Studio Host (6956):TextEditorDocumentWindowTestExtension] Showing window 'AutoTagNameMatcher.html' without activating the window.
    (21:23.102) [Visual Studio Host (6956):TextEditorDocumentWindowTestExtension] Showing window 'AutoTagNameMatcher.html'.
    (21:23.177) [Visual Studio Host (6956):TextEditorDocumentWindowTestExtension] Showing window 'AutoTagNameMatcher.html' without activating the window.
    (21:23.225) [Visual Studio Host (6956):TextEditorDocumentWindowTestExtension] Showing window 'AutoTagNameMatcher.html'.
    (21:23.324) [Visual Studio Host (6956):VisualStudioCaretTestExtension] Moving the caret from (Ln: 63, Ch: 12) to (Ln: 60, Ch: 37)
    (21:23.409) [Visual Studio Host (6956):TextEditorDocumentWindowTestExtension] Showing window 'AutoTagNameMatcher.html'.
    (21:23.490) [Visual Studio Host (6956):VisualStudioCaretTestExtension] Moving the caret and selecting from (Ln: 60, Ch: 37) right '13' characters
    (21:23.544) [Visual Studio Host (6956):VisualStudioTextEditorTestExtension] Setting keyboard focus to editor 'AutoTagNameMatcher.html'.
    (21:23.638) [Visual Studio Host (6956):TextEditorDocumentWindowTestExtension] Showing window 'AutoTagNameMatcher.html' without activating the window.
    (21:23.704) [Visual Studio Host (6956):TextEditorDocumentWindowTestExtension] Showing window 'AutoTagNameMatcher.html'.
    (21:23.783) [Visual Studio Host (6956):VisualStudioTextEditingActions] Inserting text: 'aaa' at the current caret position: '(Ln: 60, Ch: 50)'
    (21:23.848) [Visual Studio Host (6956):TextEditorDocumentWindowTestExtension] Showing window 'AutoTagNameMatcher.html' without activating the window.
    (21:23.902) [Visual Studio Host (6956):TextEditorDocumentWindowTestExtension] Showing window 'AutoTagNameMatcher.html'.
    (21:23.969) [Visual Studio Host (6956):TextEditorDocumentWindowTestExtension] Showing window 'AutoTagNameMatcher.html' without activating the window.
    (21:24.034) [Visual Studio Host (6956):TextEditorDocumentWindowTestExtension] Showing window 'AutoTagNameMatcher.html'.
    (21:24.102) [Visual Studio Host (6956):VisualStudioCaretTestExtension] Moving the caret from (Ln: 60, Ch: 40) to (Ln: 57, Ch: 19)
    (21:24.158) [Visual Studio Host (6956):TextEditorDocumentWindowTestExtension] Showing window 'AutoTagNameMatcher.html' without activating the window.
    (21:24.228) [Visual Studio Host (6956):TextEditorDocumentWindowTestExtension] Showing window 'AutoTagNameMatcher.html'.
    (21:24.308) [Visual Studio Host (6956):VisualStudioTextEditingActions] Deleting previous '3' characters at the current caret position: '(Ln: 57, Ch: 19)'
    (21:24.411) [Visual Studio Host (6956):TextEditorDocumentWindowTestExtension] Showing window 'AutoTagNameMatcher.html' without activating the window.
    (21:24.477) [Visual Studio Host (6956):TextEditorDocumentWindowTestExtension] Showing window 'AutoTagNameMatcher.html'.
    (21:24.574) [Visual Studio Host (6956):VisualStudioTextEditingActions] Inserting text: 'div' at the current caret position: '(Ln: 57, Ch: 13)'
    (21:24.673) [Visual Studio Host (6956):TextEditorDocumentWindowTestExtension] Showing window 'AutoTagNameMatcher.html' without activating the window.
    (21:24.758) [Visual Studio Host (6956):TextEditorDocumentWindowTestExtension] Showing window 'AutoTagNameMatcher.html'.
    (21:24.847) [Visual Studio Host (6956):TextEditorDocumentWindowTestExtension] Showing window 'AutoTagNameMatcher.html' without activating the window.
    (21:24.915) [Visual Studio Host (6956):TextEditorDocumentWindowTestExtension] Showing window 'AutoTagNameMatcher.html'.
    (21:24.979) [Visual Studio Host (6956):VisualStudioCaretTestExtension] Moving the caret from (Ln: 57, Ch: 19) to (Ln: 54, Ch: 14)
    (21:25.144) [Visual Studio Host (6956):TextEditorDocumentWindowTestExtension] Showing window 'AutoTagNameMatcher.html' without activating the window.
    (21:25.234) [Visual Studio Host (6956):TextEditorDocumentWindowTestExtension] Showing window 'AutoTagNameMatcher.html'.
    (21:25.330) [Visual Studio Host (6956):TextEditorDocumentWindowTestExtension] Showing window 'AutoTagNameMatcher.html' without activating the window.
    (21:25.396) [Visual Studio Host (6956):TextEditorDocumentWindowTestExtension] Showing window 'AutoTagNameMatcher.html'.
    (21:25.508) [Visual Studio Host (6956):VisualStudioCaretTestExtension] Moving the caret from (Ln: 54, Ch: 14) to (Ln: 48, Ch: 11)
    (21:25.577) [Visual Studio Host (6956):TextEditorDocumentWindowTestExtension] Showing window 'AutoTagNameMatcher.html' without activating the window.
    (21:25.644) [Visual Studio Host (6956):TextEditorDocumentWindowTestExtension] Showing window 'AutoTagNameMatcher.html'.
    (21:25.720) [Visual Studio Host (6956):VisualStudioTextEditingActions] Deleting previous '1' characters at the current caret position: '(Ln: 48, Ch: 11)'
    (21:25.793) [Visual Studio Host (6956):TextEditorDocumentWindowTestExtension] Showing window 'AutoTagNameMatcher.html' without activating the window.
    (21:25.899) [Visual Studio Host (6956):TextEditorDocumentWindowTestExtension] Showing window 'AutoTagNameMatcher.html'.
    (21:25.982) [Visual Studio Host (6956):VisualStudioSelectionTestExtension] Selects the current word.
    (21:26.104) [Visual Studio Host (6956):TextEditorDocumentWindowTestExtension] Showing window 'AutoTagNameMatcher.html' without activating the window.
    (21:26.185) [Visual Studio Host (6956):TextEditorDocumentWindowTestExtension] Showing window 'AutoTagNameMatcher.html'.
    (21:26.269) [Visual Studio Host (6956):VisualStudioTextEditingActions] Inserting text: 'label for="someCtrl"' at the current caret position: '(Ln: 48, Ch: 11)'
    (21:26.657) [Visual Studio Host (6956):TextEditorDocumentWindowTestExtension] Showing window 'AutoTagNameMatcher.html' without activating the window.
    (21:26.739) [Visual Studio Host (6956):TextEditorDocumentWindowTestExtension] Showing window 'AutoTagNameMatcher.html'.
    (21:26.829) [Visual Studio Host (6956):VisualStudioCaretTestExtension] Moving the caret from (Ln: 48, Ch: 30) to (Ln: 48, Ch: 14)
    (21:26.893) [Visual Studio Host (6956):TextEditorDocumentWindowTestExtension] Showing window 'AutoTagNameMatcher.html' without activating the window.
    (21:26.968) [Visual Studio Host (6956):TextEditorDocumentWindowTestExtension] Showing window 'AutoTagNameMatcher.html'.
    (21:27.042) [Visual Studio Host (6956):VisualStudioTextEditingActions] Deleting previous '2' characters at the current caret position: '(Ln: 48, Ch: 14)'
    (21:27.176) [Visual Studio Host (6956):TextEditorDocumentWindowTestExtension] Showing window 'AutoTagNameMatcher.html' without activating the window.
    (21:27.248) [Visual Studio Host (6956):TextEditorDocumentWindowTestExtension] Showing window 'AutoTagNameMatcher.html'.
    (21:27.362) [Visual Studio Host (6956):TextEditorDocumentWindowTestExtension] Showing window 'AutoTagNameMatcher.html' without activating the window.
    (21:27.426) [Visual Studio Host (6956):TextEditorDocumentWindowTestExtension] Showing window 'AutoTagNameMatcher.html'.
    (21:27.498) [Visual Studio Host (6956):VisualStudioCaretTestExtension] Moving the caret from (Ln: 48, Ch: 12) to (Ln: 45, Ch: 13)
    (21:27.573) [Visual Studio Host (6956):TextEditorDocumentWindowTestExtension] Showing window 'AutoTagNameMatcher.html' without activating the window.
    (21:27.652) [Visual Studio Host (6956):TextEditorDocumentWindowTestExtension] Showing window 'AutoTagNameMatcher.html'.
    (21:27.741) [Visual Studio Host (6956):VisualStudioTextEditingActions] Deleting previous '3' characters at the current caret position: '(Ln: 45, Ch: 13)'
    (21:27.863) [Visual Studio Host (6956):TextEditorDocumentWindowTestExtension] Showing window 'AutoTagNameMatcher.html' without activating the window.
    (21:27.961) [Visual Studio Host (6956):TextEditorDocumentWindowTestExtension] Showing window 'AutoTagNameMatcher.html'.
    (21:28.045) [Visual Studio Host (6956):VisualStudioTextEditingActions] Inserting text: 'span' at the current caret position: '(Ln: 45, Ch: 10)'
    (21:28.246) [Visual Studio Host (6956):TextEditorDocumentWindowTestExtension] Showing window 'AutoTagNameMatcher.html' without activating the window.
    (21:28.329) [Visual Studio Host (6956):TextEditorDocumentWindowTestExtension] Showing window 'AutoTagNameMatcher.html'.
    (21:28.435) [Visual Studio Host (6956):TextEditorDocumentWindowTestExtension] Showing window 'AutoTagNameMatcher.html' without activating the window.
    (21:28.501) [Visual Studio Host (6956):TextEditorDocumentWindowTestExtension] Showing window 'AutoTagNameMatcher.html'.
    (21:28.615) [Visual Studio Host (6956):VisualStudioCaretTestExtension] Moving the caret from (Ln: 45, Ch: 14) to (Ln: 42, Ch: 10)
    (21:28.735) [Visual Studio Host (6956):TextEditorDocumentWindowTestExtension] Showing window 'AutoTagNameMatcher.html'.
    (21:28.828) [Visual Studio Host (6956):VisualStudioCaretTestExtension] Moving the caret and selecting from (Ln: 42, Ch: 10) right '1' characters
    (21:28.900) [Visual Studio Host (6956):VisualStudioTextEditorTestExtension] Setting keyboard focus to editor 'AutoTagNameMatcher.html'.
    (21:28.979) [Visual Studio Host (6956):TextEditorDocumentWindowTestExtension] Showing window 'AutoTagNameMatcher.html' without activating the window.
    (21:29.061) [Visual Studio Host (6956):TextEditorDocumentWindowTestExtension] Showing window 'AutoTagNameMatcher.html'.
    (21:29.130) [Visual Studio Host (6956):VisualStudioTextEditingActions] Inserting text: 'span class="footer' at the current caret position: '(Ln: 42, Ch: 11)'
    (21:29.485) [Visual Studio Host (6956):TextEditorDocumentWindowTestExtension] Showing window 'AutoTagNameMatcher.html' without activating the window.
    (21:29.567) [Visual Studio Host (6956):TextEditorDocumentWindowTestExtension] Showing window 'AutoTagNameMatcher.html'.
    (21:29.668) [Visual Studio Host (6956):TextEditorDocumentWindowTestExtension] Showing window 'AutoTagNameMatcher.html' without activating the window.
    (21:29.730) [Visual Studio Host (6956):TextEditorDocumentWindowTestExtension] Showing window 'AutoTagNameMatcher.html'.
    (21:29.798) [Visual Studio Host (6956):VisualStudioCaretTestExtension] Moving the caret from (Ln: 42, Ch: 28) to (Ln: 39, Ch: 12)
    (21:29.880) [Visual Studio Host (6956):TextEditorDocumentWindowTestExtension] Showing window 'AutoTagNameMatcher.html' without activating the window.
    (21:29.950) [Visual Studio Host (6956):TextEditorDocumentWindowTestExtension] Showing window 'AutoTagNameMatcher.html'.
    (21:30.053) [Visual Studio Host (6956):VisualStudioTextEditingActions] Deleting previous '2' characters at the current caret position: '(Ln: 39, Ch: 12)'
    (21:30.182) [Visual Studio Host (6956):TextEditorDocumentWindowTestExtension] Showing window 'AutoTagNameMatcher.html' without activating the window.
    (21:30.246) [Visual Studio Host (6956):TextEditorDocumentWindowTestExtension] Showing window 'AutoTagNameMatcher.html'.
    (21:30.334) [Visual Studio Host (6956):VisualStudioTextEditingActions] Inserting text: 'h3' at the current caret position: '(Ln: 39, Ch: 10)'
    (21:30.475) [Visual Studio Host (6956):TextEditorDocumentWindowTestExtension] Showing window 'AutoTagNameMatcher.html' without activating the window.
    (21:30.544) [Visual Studio Host (6956):TextEditorDocumentWindowTestExtension] Showing window 'AutoTagNameMatcher.html'.
    (21:30.688) [Visual Studio Host (6956):TextEditorDocumentWindowTestExtension] Showing window 'AutoTagNameMatcher.html' without activating the window.
    (21:30.747) [Visual Studio Host (6956):TextEditorDocumentWindowTestExtension] Showing window 'AutoTagNameMatcher.html'.
    (21:30.864) [Visual Studio Host (6956):VisualStudioCaretTestExtension] Moving the caret from (Ln: 39, Ch: 12) to (Ln: 35, Ch: 20)
    (21:30.944) [Visual Studio Host (6956):TextEditorDocumentWindowTestExtension] Showing window 'AutoTagNameMatcher.html'.
    (21:31.059) [Visual Studio Host (6956):VisualStudioCaretTestExtension] Moving the caret and selecting from (Ln: 35, Ch: 20) right '5' characters
    (21:31.137) [Visual Studio Host (6956):VisualStudioTextEditorTestExtension] Setting keyboard focus to editor 'AutoTagNameMatcher.html'.
    (21:31.261) [Visual Studio Host (6956):TextEditorDocumentWindowTestExtension] Showing window 'AutoTagNameMatcher.html' without activating the window.
    (21:31.350) [Visual Studio Host (6956):TextEditorDocumentWindowTestExtension] Showing window 'AutoTagNameMatcher.html'.
    (21:31.465) [Visual Studio Host (6956):TextEditorDocumentWindowTestExtension] Showing window 'AutoTagNameMatcher.html' without activating the window.
    (21:31.525) [Visual Studio Host (6956):TextEditorDocumentWindowTestExtension] Showing window 'AutoTagNameMatcher.html'.
    (21:31.620) [Visual Studio Host (6956):VisualStudioCaretTestExtension] Moving the caret from (Ln: 35, Ch: 20) to (Ln: 33, Ch: 13)
    (21:31.681) [Visual Studio Host (6956):TextEditorDocumentWindowTestExtension] Showing window 'AutoTagNameMatcher.html'.
    (21:31.747) [Visual Studio Host (6956):VisualStudioCaretTestExtension] Moving the caret and selecting from (Ln: 33, Ch: 13) right '4' characters
    (21:31.797) [Visual Studio Host (6956):VisualStudioTextEditorTestExtension] Setting keyboard focus to editor 'AutoTagNameMatcher.html'.
    (21:31.867) [Visual Studio Host (6956):TextEditorDocumentWindowTestExtension] Showing window 'AutoTagNameMatcher.html' without activating the window.
    (21:31.917) [Visual Studio Host (6956):TextEditorDocumentWindowTestExtension] Showing window 'AutoTagNameMatcher.html'.
    (21:31.974) [Visual Studio Host (6956):TextEditorDocumentWindowTestExtension] Showing window 'AutoTagNameMatcher.html' without activating the window.
    (21:32.042) [Visual Studio Host (6956):TextEditorDocumentWindowTestExtension] Showing window 'AutoTagNameMatcher.html'.
    (21:32.120) [Visual Studio Host (6956):VisualStudioCaretTestExtension] Moving the caret from (Ln: 33, Ch: 13) to (Ln: 31, Ch: 9)
    (21:32.177) [Visual Studio Host (6956):TextEditorDocumentWindowTestExtension] Showing window 'AutoTagNameMatcher.html' without activating the window.
    (21:32.239) [Visual Studio Host (6956):TextEditorDocumentWindowTestExtension] Showing window 'AutoTagNameMatcher.html'.
    (21:32.312) [Visual Studio Host (6956):VisualStudioTextEditingActions] Inserting text: ' ' at the current caret position: '(Ln: 31, Ch: 9)'
    (21:32.392) [Visual Studio Host (6956):TextEditorDocumentWindowTestExtension] Showing window 'AutoTagNameMatcher.html' without activating the window.
    (21:32.465) [Visual Studio Host (6956):TextEditorDocumentWindowTestExtension] Showing window 'AutoTagNameMatcher.html'.
    (21:32.558) [Visual Studio Host (6956):VisualStudioCaretTestExtension] Moving the caret from (Ln: 31, Ch: 10) to (Ln: 31, Ch: 13)
    (21:32.654) [Visual Studio Host (6956):TextEditorDocumentWindowTestExtension] Showing window 'AutoTagNameMatcher.html' without activating the window.
    (21:32.740) [Visual Studio Host (6956):TextEditorDocumentWindowTestExtension] Showing window 'AutoTagNameMatcher.html'.
    (21:32.827) [Visual Studio Host (6956):VisualStudioTextEditingActions] Deleting previous '2' characters at the current caret position: '(Ln: 31, Ch: 13)'
    (21:32.932) [Visual Studio Host (6956):TextEditorDocumentWindowTestExtension] Showing window 'AutoTagNameMatcher.html' without activating the window.
    (21:32.987) [Visual Studio Host (6956):TextEditorDocumentWindowTestExtension] Showing window 'AutoTagNameMatcher.html'.
    (21:33.076) [Visual Studio Host (6956):VisualStudioTextEditingActions] Inserting text: 'ul' at the current caret position: '(Ln: 31, Ch: 11)'
    (21:33.168) [Visual Studio Host (6956):TextEditorDocumentWindowTestExtension] Showing window 'AutoTagNameMatcher.html' without activating the window.
    (21:33.226) [Visual Studio Host (6956):TextEditorDocumentWindowTestExtension] Showing window 'AutoTagNameMatcher.html'.
    (21:33.300) [Visual Studio Host (6956):TextEditorDocumentWindowTestExtension] Showing window 'AutoTagNameMatcher.html' without activating the window.
    (21:33.361) [Visual Studio Host (6956):TextEditorDocumentWindowTestExtension] Showing window 'AutoTagNameMatcher.html'.
    (21:33.425) [Visual Studio Host (6956):VisualStudioCaretTestExtension] Moving the caret from (Ln: 31, Ch: 13) to (Ln: 36, Ch: 1)
    (21:33.495) [Visual Studio Host (6956):TextEditorDocumentWindowTestExtension] Showing window 'AutoTagNameMatcher.html' without activating the window.
    (21:33.561) [Visual Studio Host (6956):TextEditorDocumentWindowTestExtension] Showing window 'AutoTagNameMatcher.html'.
    (21:33.619) [Visual Studio Host (6956):TextEditorDocumentWindowTestExtension] Showing window 'AutoTagNameMatcher.html' without activating the window.
    (21:33.671) [Visual Studio Host (6956):TextEditorDocumentWindowTestExtension] Showing window 'AutoTagNameMatcher.html'.
    (21:33.730) [Visual Studio Host (6956):VisualStudioCaretTestExtension] Moving the caret from (Ln: 36, Ch: 1) to (Ln: 28, Ch: 11)
    (21:33.792) [Visual Studio Host (6956):TextEditorDocumentWindowTestExtension] Showing window 'AutoTagNameMatcher.html' without activating the window.
    (21:33.858) [Visual Studio Host (6956):TextEditorDocumentWindowTestExtension] Showing window 'AutoTagNameMatcher.html'.
    (21:33.936) [Visual Studio Host (6956):VisualStudioTextEditingActions] Inserting text: '&gt;' at the current caret position: '(Ln: 28, Ch: 11)'
    (21:34.000) [Visual Studio Host (6956):TextEditorDocumentWindowTestExtension] Showing window 'AutoTagNameMatcher.html' without activating the window.
    (21:34.071) [Visual Studio Host (6956):TextEditorDocumentWindowTestExtension] Showing window 'AutoTagNameMatcher.html'.
    (21:34.146) [Visual Studio Host (6956):TextEditorDocumentWindowTestExtension] Showing window 'AutoTagNameMatcher.html' without activating the window.
    (21:34.216) [Visual Studio Host (6956):TextEditorDocumentWindowTestExtension] Showing window 'AutoTagNameMatcher.html'.
    (21:34.302) [Visual Studio Host (6956):VisualStudioCaretTestExtension] Moving the caret from (Ln: 28, Ch: 12) to (Ln: 24, Ch: 14)
    (21:34.354) [Visual Studio Host (6956):TextEditorDocumentWindowTestExtension] Showing window 'AutoTagNameMatcher.html'.
    (21:34.440) [Visual Studio Host (6956):VisualStudioCaretTestExtension] Moving the caret and selecting from (Ln: 24, Ch: 14) right '8' characters
    (21:34.488) [Visual Studio Host (6956):VisualStudioTextEditorTestExtension] Setting keyboard focus to editor 'AutoTagNameMatcher.html'.
    (21:34.571) [Visual Studio Host (6956):TextEditorDocumentWindowTestExtension] Showing window 'AutoTagNameMatcher.html' without activating the window.
    (21:34.635) [Visual Studio Host (6956):TextEditorDocumentWindowTestExtension] Showing window 'AutoTagNameMatcher.html'.
    (21:34.699) [Visual Studio Host (6956):VisualStudioTextEditingActions] Inserting text: 'GridView' at the current caret position: '(Ln: 24, Ch: 22)'
    (21:35.011) [Visual Studio Host (6956):TextEditorDocumentWindowTestExtension] Showing window 'AutoTagNameMatcher.html' without activating the window.
    (21:35.132) [Visual Studio Host (6956):TextEditorDocumentWindowTestExtension] Showing window 'AutoTagNameMatcher.html'.
    (21:35.227) [Visual Studio Host (6956):TextEditorDocumentWindowTestExtension] Showing window 'AutoTagNameMatcher.html' without activating the window.
    (21:35.320) [Visual Studio Host (6956):TextEditorDocumentWindowTestExtension] Showing window 'AutoTagNameMatcher.html'.
    (21:35.410) [Visual Studio Host (6956):VisualStudioCaretTestExtension] Moving the caret from (Ln: 24, Ch: 22) to (Ln: 25, Ch: 15)
    (21:35.519) [Visual Studio Host (6956):TextEditorDocumentWindowTestExtension] Showing window 'AutoTagNameMatcher.html'.
    (21:35.590) [Visual Studio Host (6956):VisualStudioCaretTestExtension] Moving the caret and selecting from (Ln: 25, Ch: 15) right '8' characters
    (21:35.657) [Visual Studio Host (6956):VisualStudioTextEditorTestExtension] Setting keyboard focus to editor 'AutoTagNameMatcher.html'.
    (21:35.763) [Visual Studio Host (6956):TextEditorDocumentWindowTestExtension] Showing window 'AutoTagNameMatcher.html' without activating the window.
    (21:35.842) [Visual Studio Host (6956):TextEditorDocumentWindowTestExtension] Showing window 'AutoTagNameMatcher.html'.
    (21:35.940) [Visual Studio Host (6956):TextEditorDocumentWindowTestExtension] Showing window 'AutoTagNameMatcher.html' without activating the window.
    (21:36.016) [Visual Studio Host (6956):TextEditorDocumentWindowTestExtension] Showing window 'AutoTagNameMatcher.html'.
    (21:36.119) [Visual Studio Host (6956):VisualStudioTextEditingActions] Inserting text: 'FormView' at the current caret position: '(Ln: 25, Ch: 23)'
    (21:36.268) [Visual Studio Host (6956):TextEditorDocumentWindowTestExtension] Showing window 'AutoTagNameMatcher.html' without activating the window.
    (21:36.363) [Visual Studio Host (6956):TextEditorDocumentWindowTestExtension] Showing window 'AutoTagNameMatcher.html'.
    (21:36.442) [Visual Studio Host (6956):TextEditorDocumentWindowTestExtension] Showing window 'AutoTagNameMatcher.html' without activating the window.
    (21:36.525) [Visual Studio Host (6956):TextEditorDocumentWindowTestExtension] Showing window 'AutoTagNameMatcher.html'.
    (21:36.620) [Visual Studio Host (6956):VisualStudioCaretTestExtension] Moving the caret from (Ln: 25, Ch: 23) to (Ln: 24, Ch: 1)
    (21:36.698) [Visual Studio Host (6956):TextEditorDocumentWindowTestExtension] Showing window 'AutoTagNameMatcher.html' without activating the window.
    (21:36.778) [Visual Studio Host (6956):TextEditorDocumentWindowTestExtension] Showing window 'AutoTagNameMatcher.html'.
    (21:36.867) [Visual Studio Host (6956):TextEditorDocumentWindowTestExtension] Showing window 'AutoTagNameMatcher.html' without activating the window.
    (21:36.923) [Visual Studio Host (6956):TextEditorDocumentWindowTestExtension] Showing window 'AutoTagNameMatcher.html'.
    (21:37.014) [Visual Studio Host (6956):VisualStudioCaretTestExtension] Moving the caret from (Ln: 24, Ch: 1) to (Ln: 20, Ch: 10)
    (21:37.085) [Visual Studio Host (6956):TextEditorDocumentWindowTestExtension] Showing window 'AutoTagNameMatcher.html'.
    (21:37.162) [Visual Studio Host (6956):VisualStudioCaretTestExtension] Moving the caret and selecting from (Ln: 20, Ch: 10) right '3' characters
    (21:37.232) [Visual Studio Host (6956):VisualStudioTextEditorTestExtension] Setting keyboard focus to editor 'AutoTagNameMatcher.html'.
    (21:37.331) [Visual Studio Host (6956):TextEditorDocumentWindowTestExtension] Showing window 'AutoTagNameMatcher.html' without activating the window.
    (21:37.428) [Visual Studio Host (6956):TextEditorDocumentWindowTestExtension] Showing window 'AutoTagNameMatcher.html'.
    (21:37.526) [Visual Studio Host (6956):VisualStudioTextEditingActions] Inserting text: 'cc' at the current caret position: '(Ln: 20, Ch: 13)'
    (21:37.684) [Visual Studio Host (6956):TextEditorDocumentWindowTestExtension] Showing window 'AutoTagNameMatcher.html' without activating the window.
    (21:37.873) [Visual Studio Host (6956):TextEditorDocumentWindowTestExtension] Showing window 'AutoTagNameMatcher.html'.
    (21:37.995) [Visual Studio Host (6956):TextEditorDocumentWindowTestExtension] Showing window 'AutoTagNameMatcher.html' without activating the window.
    (21:38.071) [Visual Studio Host (6956):TextEditorDocumentWindowTestExtension] Showing window 'AutoTagNameMatcher.html'.
    (21:38.220) [Visual Studio Host (6956):VisualStudioCaretTestExtension] Moving the caret from (Ln: 20, Ch: 12) to (Ln: 21, Ch: 11)
    (21:38.333) [Visual Studio Host (6956):TextEditorDocumentWindowTestExtension] Showing window 'AutoTagNameMatcher.html'.
    (21:38.430) [Visual Studio Host (6956):VisualStudioCaretTestExtension] Moving the caret and selecting from (Ln: 21, Ch: 11) right '2' characters
    (21:38.502) [Visual Studio Host (6956):VisualStudioTextEditorTestExtension] Setting keyboard focus to editor 'AutoTagNameMatcher.html'.
    (21:38.579) [Visual Studio Host (6956):TextEditorDocumentWindowTestExtension] Showing window 'AutoTagNameMatcher.html' without activating the window.
    (21:38.664) [Visual Studio Host (6956):TextEditorDocumentWindowTestExtension] Showing window 'AutoTagNameMatcher.html'.
    (21:38.781) [Visual Studio Host (6956):TextEditorDocumentWindowTestExtension] Showing window 'AutoTagNameMatcher.html' without activating the window.
    (21:38.856) [Visual Studio Host (6956):TextEditorDocumentWindowTestExtension] Showing window 'AutoTagNameMatcher.html'.
    (21:38.979) [Visual Studio Host (6956):VisualStudioTextEditingActions] Inserting text: 'uuuu' at the current caret position: '(Ln: 21, Ch: 13)'
    (21:39.123) [Visual Studio Host (6956):TextEditorDocumentWindowTestExtension] Showing window 'AutoTagNameMatcher.html' without activating the window.
    (21:39.183) [Visual Studio Host (6956):TextEditorDocumentWindowTestExtension] Showing window 'AutoTagNameMatcher.html'.
    (21:39.268) [Visual Studio Host (6956):TextEditorDocumentWindowTestExtension] Showing window 'AutoTagNameMatcher.html' without activating the window.
    (21:39.323) [Visual Studio Host (6956):TextEditorDocumentWindowTestExtension] Showing window 'AutoTagNameMatcher.html'.
    (21:39.397) [Visual Studio Host (6956):VisualStudioCaretTestExtension] Moving the caret from (Ln: 21, Ch: 15) to (Ln: 20, Ch: 1)
    (21:39.497) [Visual Studio Host (6956):TextEditorDocumentWindowTestExtension] Showing window 'AutoTagNameMatcher.html' without activating the window.
    (21:39.580) [Visual Studio Host (6956):TextEditorDocumentWindowTestExtension] Showing window 'AutoTagNameMatcher.html'.
    (21:39.666) [Visual Studio Host (6956):TextEditorDocumentWindowTestExtension] Showing window 'AutoTagNameMatcher.html' without activating the window.
    (21:39.733) [Visual Studio Host (6956):TextEditorDocumentWindowTestExtension] Showing window 'AutoTagNameMatcher.html'.
    (21:39.807) [Visual Studio Host (6956):VisualStudioCaretTestExtension] Moving the caret from (Ln: 20, Ch: 1) to (Ln: 17, Ch: 10)
    (21:39.886) [Visual Studio Host (6956):TextEditorDocumentWindowTestExtension] Showing window 'AutoTagNameMatcher.html' without activating the window.
    (21:39.957) [Visual Studio Host (6956):TextEditorDocumentWindowTestExtension] Showing window 'AutoTagNameMatcher.html'.
    (21:40.047) [Visual Studio Host (6956):VisualStudioTextEditingActions] Inserting text: ' ' at the current caret position: '(Ln: 17, Ch: 10)'
    (21:40.134) [Visual Studio Host (6956):TextEditorDocumentWindowTestExtension] Showing window 'AutoTagNameMatcher.html' without activating the window.
    (21:40.188) [Visual Studio Host (6956):TextEditorDocumentWindowTestExtension] Showing window 'AutoTagNameMatcher.html'.
    (21:40.285) [Visual Studio Host (6956):TextEditorDocumentWindowTestExtension] Showing window 'AutoTagNameMatcher.html' without activating the window.
    (21:40.370) [Visual Studio Host (6956):TextEditorDocumentWindowTestExtension] Showing window 'AutoTagNameMatcher.html'.
    (21:40.456) [Visual Studio Host (6956):VisualStudioCaretTestExtension] Moving the caret from (Ln: 17, Ch: 10) to (Ln: 17, Ch: 20)
    (21:40.535) [Visual Studio Host (6956):TextEditorDocumentWindowTestExtension] Showing window 'AutoTagNameMatcher.html' without activating the window.
    (21:40.617) [Visual Studio Host (6956):TextEditorDocumentWindowTestExtension] Showing window 'AutoTagNameMatcher.html'.
    (21:40.709) [Visual Studio Host (6956):VisualStudioTextEditingActions] Inserting text: ' ' at the current caret position: '(Ln: 17, Ch: 20)'
    (21:40.817) [Visual Studio Host (6956):TextEditorDocumentWindowTestExtension] Showing window 'AutoTagNameMatcher.html' without activating the window.
    (21:40.920) [Visual Studio Host (6956):TextEditorDocumentWindowTestExtension] Showing window 'AutoTagNameMatcher.html'.
    (21:41.030) [Visual Studio Host (6956):TextEditorDocumentWindowTestExtension] Showing window 'AutoTagNameMatcher.html' without activating the window.
    (21:41.129) [Visual Studio Host (6956):TextEditorDocumentWindowTestExtension] Showing window 'AutoTagNameMatcher.html'.
    (21:41.207) [Visual Studio Host (6956):VisualStudioCaretTestExtension] Moving the caret from (Ln: 17, Ch: 21) to (Ln: 14, Ch: 10)
    (21:41.318) [Visual Studio Host (6956):TextEditorDocumentWindowTestExtension] Showing window 'AutoTagNameMatcher.html' without activating the window.
    (21:41.402) [Visual Studio Host (6956):TextEditorDocumentWindowTestExtension] Showing window 'AutoTagNameMatcher.html'.
    (21:41.496) [Visual Studio Host (6956):VisualStudioTextEditingActions] Inserting text: ' ' at the current caret position: '(Ln: 14, Ch: 10)'
    (21:41.577) [Visual Studio Host (6956):TextEditorDocumentWindowTestExtension] Showing window 'AutoTagNameMatcher.html' without activating the window.
    (21:41.683) [Visual Studio Host (6956):TextEditorDocumentWindowTestExtension] Showing window 'AutoTagNameMatcher.html'.
    (21:41.784) [Visual Studio Host (6956):TextEditorDocumentWindowTestExtension] Showing window 'AutoTagNameMatcher.html' without activating the window.
    (21:41.854) [Visual Studio Host (6956):TextEditorDocumentWindowTestExtension] Showing window 'AutoTagNameMatcher.html'.
    (21:41.931) [Visual Studio Host (6956):VisualStudioCaretTestExtension] Moving the caret from (Ln: 14, Ch: 10) to (Ln: 14, Ch: 19)
    (21:42.009) [Visual Studio Host (6956):TextEditorDocumentWindowTestExtension] Showing window 'AutoTagNameMatcher.html' without activating the window.
    (21:42.065) [Visual Studio Host (6956):TextEditorDocumentWindowTestExtension] Showing window 'AutoTagNameMatcher.html'.
    (21:42.126) [Visual Studio Host (6956):VisualStudioTextEditingActions] Inserting text: ' ' at the current caret position: '(Ln: 14, Ch: 19)'
    (21:42.235) [Visual Studio Host (6956):TextEditorDocumentWindowTestExtension] Showing window 'AutoTagNameMatcher.html' without activating the window.
    (21:42.349) [Visual Studio Host (6956):TextEditorDocumentWindowTestExtension] Showing window 'AutoTagNameMatcher.html'.
    + ExternalProcessHostTest TestCleanup
        (21:42.586) [Visual Studio Host (6956):TextEditorDocumentWindowTestExtension] Closing window 'AutoTagNameMatcher.html'.
        (21:42.855) [Platform:Testcase] Test 'VSTest_AutoTagNameMatcherTest' has 'Passed' outcome. Therefore, Apex will not shut down the 'Visual Studio Host (6956)' with process ID '6956'. A subsequent test scenario will run on the same instance of the host.
    + Final Test Result Verification
        (21:43.115) [Platform:DelayedAssertionVerifierSink] Verification Success: 0 verification steps failed.
    + ApexTest TestCleanup</StdOut>
      </Output>
      <ResultFiles>
        <ResultFile path="WNVM19648\Fail.azqsczivabnm.png" />
        <ResultFile path="WNVM19648\Fail.ig2gsfz5ad1y.png" />
        <ResultFile path="WNVM19648\Fail.o5zf0zepaw0l.png" />
        <ResultFile path="WNVM19648\OmniLog.html" />
        <ResultFile path="WNVM19648\OmniLogRawXml.xml" />
      </ResultFiles>
    </UnitTestResult>
    <UnitTestResult executionId="b34767ec-75b0-4b8d-817a-3b6f2e513d92" testId="2c3336e2-e78e-cc36-943f-8df9567115ab" testName="VSTest_SmartIndentInCSharpRazorV4InsideForBlock" computerName="WNVM19648" duration="00:00:13.8030785" startTime="2018-04-17T01:14:08.1126755-07:00" endTime="2018-04-17T01:14:21.9157540-07:00" testType="13cdc9d9-ddb5-4fa4-a97d-d965ccfc6d4b" outcome="Passed" testListId="8c84fa94-04c1-424b-9868-57a2d4851a1d" relativeResultsDirectory="b34767ec-75b0-4b8d-817a-3b6f2e513d92">
      <Output>
        <StdOut>+ SmartIndentTests::VSTest_SmartIndentInCSharpRazorV4InsideForBlock
    + ApexTest TestInitialize
    + ExternalProcessHostTest TestInitialize
        (01:15:49.892) [Visual Studio Host (8016):RoamingSettingsService] Disabling roaming settings.
        (01:15:50.064) [Visual Studio Host (8016):SettingsService] Setting Visual Studio option 'Environment\RoamingSettings\RoamingEnabled' to 'False'.
        (01:15:50.469) [Visual Studio Host (8016):TextEditorDocumentWindowTestExtension] Showing window 'SmartIndentInCSharpRazorInsideForBlock.cshtml' without activating the window.
        (01:15:50.698) [Visual Studio Host (8016):TextEditorDocumentWindowTestExtension] Showing window 'SmartIndentInCSharpRazorInsideForBlock.cshtml'.
        (01:15:50.862) [Visual Studio Host (8016):VisualStudioTextEditorTestExtension] Setting keyboard focus to editor 'SmartIndentInCSharpRazorInsideForBlock.cshtml'.
        (01:15:51.004) [Visual Studio Host (8016):SettingsService] Getting value of Visual Studio Setting 'TextEditor\HTMLX\BraceCompletion'. 
        (01:15:51.136) [Visual Studio Host (8016):SettingsService] Setting Visual Studio option 'TextEditor\HTMLX\BraceCompletion' to 'False'.
        (01:15:51.344) [Visual Studio Host (8016):MainWindowService] Activating main window to bring it to the foreground.
        (01:15:51.553) [Visual Studio Host (8016):MainWindowService] Setting main window state to 'Maximized'.
    (01:15:51.879) [Visual Studio Host (8016):TextEditorDocumentWindowTestExtension] Showing window 'SmartIndentInCSharpRazorInsideForBlock.cshtml' without activating the window.
    (01:15:52.031) [Visual Studio Host (8016):TextEditorDocumentWindowTestExtension] Showing window 'SmartIndentInCSharpRazorInsideForBlock.cshtml'.
    (01:15:52.287) [Visual Studio Host (8016):TextEditorDocumentWindowTestExtension] Showing window 'SmartIndentInCSharpRazorInsideForBlock.cshtml' without activating the window.
    (01:15:52.469) [Visual Studio Host (8016):TextEditorDocumentWindowTestExtension] Showing window 'SmartIndentInCSharpRazorInsideForBlock.cshtml'.
    (01:15:52.664) [Visual Studio Host (8016):KeyboardCommands] Sending the Return key 1 times.
    (01:15:52.879) [Visual Studio Host (8016):TextEditorDocumentWindowTestExtension] Showing window 'SmartIndentInCSharpRazorInsideForBlock.cshtml' without activating the window.
    (01:15:53.128) [Visual Studio Host (8016):TextEditorDocumentWindowTestExtension] Showing window 'SmartIndentInCSharpRazorInsideForBlock.cshtml'.
    (01:15:53.611) [Visual Studio Host (8016):TextEditorDocumentWindowTestExtension] Showing window 'SmartIndentInCSharpRazorInsideForBlock.cshtml' without activating the window.
    (01:15:53.811) [Visual Studio Host (8016):TextEditorDocumentWindowTestExtension] Showing window 'SmartIndentInCSharpRazorInsideForBlock.cshtml'.
    (01:15:54.584) [Visual Studio Host (8016):TextEditorDocumentWindowTestExtension] Showing window 'SmartIndentInCSharpRazorInsideForBlock.cshtml' without activating the window.
    (01:15:54.752) [Visual Studio Host (8016):TextEditorDocumentWindowTestExtension] Showing window 'SmartIndentInCSharpRazorInsideForBlock.cshtml'.
    (01:15:54.930) [Visual Studio Host (8016):KeyboardCommands] Sending the Return key 1 times.
    (01:15:55.346) [Visual Studio Host (8016):TextEditorDocumentWindowTestExtension] Showing window 'SmartIndentInCSharpRazorInsideForBlock.cshtml' without activating the window.
    (01:15:55.525) [Visual Studio Host (8016):TextEditorDocumentWindowTestExtension] Showing window 'SmartIndentInCSharpRazorInsideForBlock.cshtml'.
    (01:15:56.110) [Visual Studio Host (8016):TextEditorDocumentWindowTestExtension] Showing window 'SmartIndentInCSharpRazorInsideForBlock.cshtml' without activating the window.
    (01:15:56.297) [Visual Studio Host (8016):TextEditorDocumentWindowTestExtension] Showing window 'SmartIndentInCSharpRazorInsideForBlock.cshtml'.
    (01:15:56.475) [Visual Studio Host (8016):TextEditorDocumentWindowTestExtension] Showing window 'SmartIndentInCSharpRazorInsideForBlock.cshtml' without activating the window.
    (01:15:56.667) [Visual Studio Host (8016):TextEditorDocumentWindowTestExtension] Showing window 'SmartIndentInCSharpRazorInsideForBlock.cshtml'.
    (01:15:56.880) [Visual Studio Host (8016):VisualStudioCaretTestExtension] Moving the caret from (Ln: 4, Ch: 6) up '1' lines
    (01:15:57.209) [Visual Studio Host (8016):VisualStudioTextEditorTestExtension] Setting keyboard focus to editor 'SmartIndentInCSharpRazorInsideForBlock.cshtml'.
    (01:15:57.500) [Visual Studio Host (8016):TextEditorDocumentWindowTestExtension] Showing window 'SmartIndentInCSharpRazorInsideForBlock.cshtml' without activating the window.
    (01:15:57.730) [Visual Studio Host (8016):TextEditorDocumentWindowTestExtension] Showing window 'SmartIndentInCSharpRazorInsideForBlock.cshtml'.
    (01:15:58.014) [Visual Studio Host (8016):TextEditorDocumentWindowTestExtension] Showing window 'SmartIndentInCSharpRazorInsideForBlock.cshtml' without activating the window.
    (01:15:58.247) [Visual Studio Host (8016):TextEditorDocumentWindowTestExtension] Showing window 'SmartIndentInCSharpRazorInsideForBlock.cshtml'.
    (01:15:58.444) [Visual Studio Host (8016):KeyboardCommands] Sending the Return key 1 times.
    (01:15:58.658) [Visual Studio Host (8016):TextEditorDocumentWindowTestExtension] Showing window 'SmartIndentInCSharpRazorInsideForBlock.cshtml' without activating the window.
    (01:15:58.824) [Visual Studio Host (8016):TextEditorDocumentWindowTestExtension] Showing window 'SmartIndentInCSharpRazorInsideForBlock.cshtml'.
    (01:15:59.014) [Visual Studio Host (8016):TextEditorDocumentWindowTestExtension] Showing window 'SmartIndentInCSharpRazorInsideForBlock.cshtml' without activating the window.
    (01:15:59.210) [Visual Studio Host (8016):TextEditorDocumentWindowTestExtension] Showing window 'SmartIndentInCSharpRazorInsideForBlock.cshtml'.
    (01:15:59.861) [Visual Studio Host (8016):TextEditorDocumentWindowTestExtension] Showing window 'SmartIndentInCSharpRazorInsideForBlock.cshtml' without activating the window.
    (01:16:00.034) [Visual Studio Host (8016):TextEditorDocumentWindowTestExtension] Showing window 'SmartIndentInCSharpRazorInsideForBlock.cshtml'.
    (01:16:00.294) [Visual Studio Host (8016):TextEditorDocumentWindowTestExtension] Showing window 'SmartIndentInCSharpRazorInsideForBlock.cshtml' without activating the window.
    (01:16:00.619) [Visual Studio Host (8016):TextEditorDocumentWindowTestExtension] Showing window 'SmartIndentInCSharpRazorInsideForBlock.cshtml'.
    + ExternalProcessHostTest TestCleanup
        (01:16:00.988) [Visual Studio Host (8016):SettingsService] Setting Visual Studio option 'TextEditor\HTMLX\BraceCompletion' to 'True'.
        (01:16:01.277) [Visual Studio Host (8016):TextEditorDocumentWindowTestExtension] Closing window 'SmartIndentInCSharpRazorInsideForBlock.cshtml'.
        (01:16:01.591) [Platform:Testcase] Test 'VSTest_SmartIndentInCSharpRazorV4InsideForBlock' has 'Passed' outcome. Therefore, Apex will not shut down the 'Visual Studio Host (8016)' with process ID '8016'. A subsequent test scenario will run on the same instance of the host.
    + Final Test Result Verification
        (01:16:02.156) [Platform:DelayedAssertionVerifierSink] Verification Success: 0 verification steps failed.
    + ApexTest TestCleanup</StdOut>
      </Output>
      <ResultFiles>
        <ResultFile path="WNVM19648\Fail.aswak04hapa5.png" />
        <ResultFile path="WNVM19648\Fail.azqsczivabnm.png" />
        <ResultFile path="WNVM19648\Fail.ek4tb3wmalyl.png" />
        <ResultFile path="WNVM19648\Fail.ig2gsfz5ad1y.png" />
        <ResultFile path="WNVM19648\Fail.o4kkrjboasbk.png" />
        <ResultFile path="WNVM19648\Fail.o5zf0zepaw0l.png" />
        <ResultFile path="WNVM19648\Fail.raasvsmeanc1.png" />
        <ResultFile path="WNVM19648\Fail.t4yj0fxuatil.png" />
        <ResultFile path="WNVM19648\Fail.z10rn0n5ajdm.png" />
        <ResultFile path="WNVM19648\OmniLog.html" />
        <ResultFile path="WNVM19648\OmniLogRawXml.xml" />
      </ResultFiles>
    </UnitTestResult>
    <UnitTestResult executionId="a96cf039-494a-4293-bf57-982851016511" testId="6c47055c-8480-c36f-9b37-a71ae0b4bfd8" testName="VSTest_CoffeeScriptOutlining_Basic" computerName="WNVM19648" duration="00:00:06.9164441" startTime="2018-04-17T00:53:00.0660258-07:00" endTime="2018-04-17T00:53:06.9824699-07:00" testType="13cdc9d9-ddb5-4fa4-a97d-d965ccfc6d4b" outcome="Passed" testListId="8c84fa94-04c1-424b-9868-57a2d4851a1d" relativeResultsDirectory="a96cf039-494a-4293-bf57-982851016511">
      <Output>
        <StdOut>+ CoffeeScriptOutliningTests::VSTest_CoffeeScriptOutlining_Basic
    + ApexTest TestInitialize
    + ExternalProcessHostTest TestInitialize
        (54:41.703) [Visual Studio Host (4384):RoamingSettingsService] Disabling roaming settings.
        (54:41.826) [Visual Studio Host (4384):SettingsService] Setting Visual Studio option 'Environment\RoamingSettings\RoamingEnabled' to 'False'.
        (54:42.490) [Visual Studio Host (4384):TextEditorDocumentWindowTestExtension] Showing window 'outline.coffee' without activating the window.
        (54:42.645) [Visual Studio Host (4384):TextEditorDocumentWindowTestExtension] Showing window 'outline.coffee'.
        (54:42.813) [Visual Studio Host (4384):VisualStudioTextEditorTestExtension] Setting keyboard focus to editor 'outline.coffee'.
        (54:42.969) [Visual Studio Host (4384):MainWindowService] Activating main window to bring it to the foreground.
        (54:43.109) [Visual Studio Host (4384):MainWindowService] Setting main window state to 'Maximized'.
    (54:43.419) [Visual Studio Host (4384):TextEditorDocumentWindowTestExtension] Showing window 'outline.coffee' without activating the window.
    (54:43.551) [Visual Studio Host (4384):TextEditorDocumentWindowTestExtension] Showing window 'outline.coffee'.
    (54:43.717) [Visual Studio Host (4384):VisualStudioOutliningTestExtension] Retrieved '5' outlined regions in the editor.
    VerificationPass: (54:43.868) [Platform:Testcase] Verification passed: Number of outlining regions is 5; expected to find 5.
    (54:43.991) [Platform:Testcase] Verifying outline region on line 3
    VerificationPass: (54:44.114) [Platform:Testcase] Verification passed: Start locations are not equal. Expected '(Ln: 3, Ch: 1)', Actual: '(Ln: 3, Ch: 1)'
    VerificationPass: (54:44.248) [Platform:Testcase] Verification passed: End locations are not equal. Expected '(Ln: 4, Ch: 58)', Actual: '(Ln: 4, Ch: 58)'
    VerificationPass: (54:44.382) [Platform:Testcase] Verification passed: Instances are equal. Expected 'False', Actual 'False'.
    (54:44.507) [Platform:Testcase] Verifying outline region on line 5
    VerificationPass: (54:44.643) [Platform:Testcase] Verification passed: Start locations are not equal. Expected '(Ln: 5, Ch: 1)', Actual: '(Ln: 5, Ch: 1)'
    VerificationPass: (54:44.811) [Platform:Testcase] Verification passed: End locations are not equal. Expected '(Ln: 6, Ch: 39)', Actual: '(Ln: 6, Ch: 39)'
    VerificationPass: (54:44.963) [Platform:Testcase] Verification passed: Instances are equal. Expected 'False', Actual 'False'.
    (54:45.109) [Platform:Testcase] Verifying outline region on line 10
    VerificationPass: (54:45.246) [Platform:Testcase] Verification passed: Start locations are not equal. Expected '(Ln: 10, Ch: 1)', Actual: '(Ln: 10, Ch: 1)'
    VerificationPass: (54:45.376) [Platform:Testcase] Verification passed: End locations are not equal. Expected '(Ln: 18, Ch: 6)', Actual: '(Ln: 18, Ch: 6)'
    VerificationPass: (54:45.499) [Platform:Testcase] Verification passed: Instances are equal. Expected 'False', Actual 'False'.
    (54:45.628) [Platform:Testcase] Verifying outline region on line 13
    VerificationPass: (54:45.755) [Platform:Testcase] Verification passed: Start locations are not equal. Expected '(Ln: 13, Ch: 1)', Actual: '(Ln: 13, Ch: 1)'
    VerificationPass: (54:45.885) [Platform:Testcase] Verification passed: End locations are not equal. Expected '(Ln: 18, Ch: 6)', Actual: '(Ln: 18, Ch: 6)'
    VerificationPass: (54:46.011) [Platform:Testcase] Verification passed: Instances are equal. Expected 'False', Actual 'False'.
    (54:46.134) [Platform:Testcase] Verifying outline region on line 15
    VerificationPass: (54:46.264) [Platform:Testcase] Verification passed: Start locations are not equal. Expected '(Ln: 15, Ch: 1)', Actual: '(Ln: 15, Ch: 1)'
    VerificationPass: (54:46.388) [Platform:Testcase] Verification passed: End locations are not equal. Expected '(Ln: 17, Ch: 30)', Actual: '(Ln: 17, Ch: 30)'
    VerificationPass: (54:46.509) [Platform:Testcase] Verification passed: Instances are equal. Expected 'False', Actual 'False'.
    + ExternalProcessHostTest TestCleanup
        (54:46.774) [Visual Studio Host (4384):TextEditorDocumentWindowTestExtension] Closing window 'outline.coffee'.
        (54:47.003) [Platform:Testcase] Test 'VSTest_CoffeeScriptOutlining_Basic' has 'Passed' outcome. Therefore, Apex will not shut down the 'Visual Studio Host (4384)' with process ID '4384'. A subsequent test scenario will run on the same instance of the host.
    + Final Test Result Verification
        (54:47.402) [Platform:DelayedAssertionVerifierSink] Verification Success: 0 verification steps failed.
    + ApexTest TestCleanup</StdOut>
      </Output>
      <ResultFiles>
        <ResultFile path="WNVM19648\Fail.azqsczivabnm.png" />
        <ResultFile path="WNVM19648\Fail.ig2gsfz5ad1y.png" />
        <ResultFile path="WNVM19648\Fail.o5zf0zepaw0l.png" />
        <ResultFile path="WNVM19648\Fail.z10rn0n5ajdm.png" />
        <ResultFile path="WNVM19648\OmniLog.html" />
        <ResultFile path="WNVM19648\OmniLogRawXml.xml" />
      </ResultFiles>
    </UnitTestResult>
    <UnitTestResult executionId="dacc9481-4b1d-46f6-883f-bdc199a5ddb8" testId="e426f7e8-8229-0e40-cd65-f1f4b7bf9446" testName="VSTest_DebugOutputBreakpointLocationsInCSHtml" computerName="WNVM19648" duration="00:00:06.5538350" startTime="2018-04-17T01:29:14.5093062-07:00" endTime="2018-04-17T01:29:21.0631412-07:00" testType="13cdc9d9-ddb5-4fa4-a97d-d965ccfc6d4b" outcome="Passed" testListId="8c84fa94-04c1-424b-9868-57a2d4851a1d" relativeResultsDirectory="dacc9481-4b1d-46f6-883f-bdc199a5ddb8">
      <Output>
        <StdOut>+ DebugTests::VSTest_DebugOutputBreakpointLocationsInCSHtml
    + ApexTest TestInitialize
    + ExternalProcessHostTest TestInitialize
        (01:30:56.443) [Visual Studio Host (840):RoamingSettingsService] Disabling roaming settings.
        (01:30:56.603) [Visual Studio Host (840):SettingsService] Setting Visual Studio option 'Environment\RoamingSettings\RoamingEnabled' to 'False'.
        (01:30:57.498) [Visual Studio Host (840):TextEditorDocumentWindowTestExtension] Showing window 'Breakpoints.cshtml' without activating the window.
        (01:30:57.839) [Visual Studio Host (840):TextEditorDocumentWindowTestExtension] Showing window 'Breakpoints.cshtml'.
        (01:30:58.085) [Visual Studio Host (840):VisualStudioTextEditorTestExtension] Setting keyboard focus to editor 'Breakpoints.cshtml'.
        (01:30:58.309) [Visual Studio Host (840):MainWindowService] Activating main window to bring it to the foreground.
        (01:30:58.529) [Visual Studio Host (840):MainWindowService] Setting main window state to 'Maximized'.
    + ExternalProcessHostTest TestCleanup
        (01:30:59.522) [Visual Studio Host (840):TextEditorDocumentWindowTestExtension] Closing window 'Breakpoints.cshtml'.
        (01:31:00.037) [Platform:Testcase] Test 'VSTest_DebugOutputBreakpointLocationsInCSHtml' has 'Passed' outcome. Therefore, Apex will not shut down the 'Visual Studio Host (840)' with process ID '840'. A subsequent test scenario will run on the same instance of the host.
    + Final Test Result Verification
        (01:31:00.981) [Platform:DelayedAssertionVerifierSink] Verification Success: 0 verification steps failed.
    + ApexTest TestCleanup</StdOut>
      </Output>
      <ResultFiles>
        <ResultFile path="WNVM19648\Fail.22wpw0oka5fs.png" />
        <ResultFile path="WNVM19648\Fail.33ju4eduay3u.png" />
        <ResultFile path="WNVM19648\Fail.3poblbx4alvv.png" />
        <ResultFile path="WNVM19648\Fail.ashpv3rjajjr.png" />
        <ResultFile path="WNVM19648\Fail.aswak04hapa5.png" />
        <ResultFile path="WNVM19648\Fail.azqsczivabnm.png" />
        <ResultFile path="WNVM19648\Fail.byuslv5baqsd.png" />
        <ResultFile path="WNVM19648\Fail.ek4tb3wmalyl.png" />
        <ResultFile path="WNVM19648\Fail.ig2gsfz5ad1y.png" />
        <ResultFile path="WNVM19648\Fail.kxs1ersmaxma.png" />
        <ResultFile path="WNVM19648\Fail.loc0xhl5a2hr.png" />
        <ResultFile path="WNVM19648\Fail.o4kkrjboasbk.png" />
        <ResultFile path="WNVM19648\Fail.o5zf0zepaw0l.png" />
        <ResultFile path="WNVM19648\Fail.qbnuydioazjy.png" />
        <ResultFile path="WNVM19648\Fail.raasvsmeanc1.png" />
        <ResultFile path="WNVM19648\Fail.sidku4gxamg4.png" />
        <ResultFile path="WNVM19648\Fail.t4yj0fxuatil.png" />
        <ResultFile path="WNVM19648\Fail.z10rn0n5ajdm.png" />
        <ResultFile path="WNVM19648\OmniLog.html" />
        <ResultFile path="WNVM19648\OmniLogRawXml.xml" />
      </ResultFiles>
    </UnitTestResult>
    <UnitTestResult executionId="bc246225-b955-49c5-92b3-15806e971b03" testId="d08a3375-765b-b9fe-3bf4-0a0c66061fbc" testName="VSTest_CssFormatSampleCss_SemiExpanded" computerName="WNVM19648" duration="00:00:02.1168747" startTime="2018-04-17T00:28:38.7888077-07:00" endTime="2018-04-17T00:28:40.9056824-07:00" testType="13cdc9d9-ddb5-4fa4-a97d-d965ccfc6d4b" outcome="Passed" testListId="8c84fa94-04c1-424b-9868-57a2d4851a1d" relativeResultsDirectory="bc246225-b955-49c5-92b3-15806e971b03">
      <Output>
        <StdOut>+ CssFormatTests::VSTest_CssFormatSampleCss_SemiExpanded
    + ApexTest TestInitialize
    + ExternalProcessHostTest TestInitialize
        (30:20.136) [Visual Studio Host (11564):RoamingSettingsService] Disabling roaming settings.
        (30:20.202) [Visual Studio Host (11564):SettingsService] Setting Visual Studio option 'Environment\RoamingSettings\RoamingEnabled' to 'False'.
        (30:20.516) [Visual Studio Host (11564):TextEditorDocumentWindowTestExtension] Showing window 'FormatSampleCss.css' without activating the window.
        (30:20.590) [Visual Studio Host (11564):TextEditorDocumentWindowTestExtension] Showing window 'FormatSampleCss.css'.
        (30:20.658) [Visual Studio Host (11564):VisualStudioTextEditorTestExtension] Setting keyboard focus to editor 'FormatSampleCss.css'.
        (30:20.719) [Visual Studio Host (11564):SettingsService] Getting value of Visual Studio Setting 'TextEditor\CSS Specific\BracePositionStyle'. 
        (30:20.770) [Visual Studio Host (11564):SettingsService] Setting Visual Studio option 'TextEditor\CSS Specific\BracePositionStyle' to '1'.
        (30:20.863) [Visual Studio Host (11564):MainWindowService] Activating main window to bring it to the foreground.
        (30:20.941) [Visual Studio Host (11564):MainWindowService] Setting main window state to 'Maximized'.
    (30:21.113) [Visual Studio Host (11564):TextEditorDocumentWindowTestExtension] Showing window 'FormatSampleCss.css' without activating the window.
    (30:21.203) [Visual Studio Host (11564):TextEditorDocumentWindowTestExtension] Showing window 'FormatSampleCss.css'.
    + ExternalProcessHostTest TestCleanup
        (30:21.362) [Visual Studio Host (11564):SettingsService] Setting Visual Studio option 'TextEditor\CSS Specific\BracePositionStyle' to '1'.
        (30:21.420) [Visual Studio Host (11564):TextEditorDocumentWindowTestExtension] Closing window 'FormatSampleCss.css'.
        (30:21.577) [Platform:Testcase] Test 'VSTest_CssFormatSampleCss_SemiExpanded' has 'Passed' outcome. Therefore, Apex will not shut down the 'Visual Studio Host (11564)' with process ID '11564'. A subsequent test scenario will run on the same instance of the host.
    + Final Test Result Verification
        (30:21.760) [Platform:DelayedAssertionVerifierSink] Verification Success: 0 verification steps failed.
    + ApexTest TestCleanup</StdOut>
      </Output>
      <ResultFiles>
        <ResultFile path="WNVM19648\Fail.azqsczivabnm.png" />
        <ResultFile path="WNVM19648\Fail.ig2gsfz5ad1y.png" />
        <ResultFile path="WNVM19648\Fail.o5zf0zepaw0l.png" />
        <ResultFile path="WNVM19648\OmniLog.html" />
        <ResultFile path="WNVM19648\OmniLogRawXml.xml" />
      </ResultFiles>
    </UnitTestResult>
    <UnitTestResult executionId="6d5b094a-57f6-4e2c-a6ba-0580453aadd1" testId="5f0c3f2c-fb1d-cc40-51e3-9f8c919b677d" testName="VSTest_JSON_SuggestedActions_RemoveDefaultValue_Invoke" computerName="WNVM19648" duration="00:00:42.8614315" startTime="2018-04-17T01:53:57.1450815-07:00" endTime="2018-04-17T01:54:40.0065130-07:00" testType="13cdc9d9-ddb5-4fa4-a97d-d965ccfc6d4b" outcome="Passed" testListId="8c84fa94-04c1-424b-9868-57a2d4851a1d" relativeResultsDirectory="6d5b094a-57f6-4e2c-a6ba-0580453aadd1">
      <Output>
        <StdOut>+ RemoveDefaultValueTests::VSTest_JSON_SuggestedActions_RemoveDefaultValue_Invoke
    + ApexTest TestInitialize
    + ExternalProcessHostTest TestInitialize
        (01:55:39.204) [Visual Studio Host (6752):RoamingSettingsService] Disabling roaming settings.
        (01:55:39.419) [Visual Studio Host (6752):SettingsService] Setting Visual Studio option 'Environment\RoamingSettings\RoamingEnabled' to 'False'.
        (01:55:43.441) [Visual Studio Host (6752):SolutionService] Opening solution file 'file:///C:/TestBin/IntegrationTests/MS.VS.Web.Editors/webs/misc.sln' with asynchronous load data available.  WaitForFullyLoadedOnOpen set to 'True'. Apex will wait for all async project loads to complete before proceeding.
            (01:55:43.637) [Visual Studio Host (6752):SolutionService] Solution load behavior is set to 'Realtime'.
        + Waiting for the solution to fully load.
        (01:56:04.197) [Visual Studio Host (6752):TextEditorDocumentWindowTestExtension] Showing window 'defaultValues.json' without activating the window.
        (01:56:05.227) [Visual Studio Host (6752):TextEditorDocumentWindowTestExtension] Showing window 'defaultValues.json'.
        (01:56:07.029) [Visual Studio Host (6752):VisualStudioTextEditorTestExtension] Setting keyboard focus to editor 'defaultValues.json'.
        (01:56:07.737) [Visual Studio Host (6752):MainWindowService] Activating main window to bring it to the foreground.
        (01:56:08.089) [Visual Studio Host (6752):MainWindowService] Setting main window state to 'Maximized'.
    (01:56:09.067) [Visual Studio Host (6752):TextEditorDocumentWindowTestExtension] Showing window 'defaultValues.json' without activating the window.
    (01:56:09.447) [Visual Studio Host (6752):TextEditorDocumentWindowTestExtension] Showing window 'defaultValues.json'.
    (01:56:10.102) [Visual Studio Host (6752):TextEditorDocumentWindowTestExtension] Showing window 'defaultValues.json' without activating the window.
    (01:56:10.343) [Visual Studio Host (6752):TextEditorDocumentWindowTestExtension] Showing window 'defaultValues.json'.
    (01:56:10.634) [Visual Studio Host (6752):VisualStudioCaretTestExtension] Moving the caret to '' at (Ln: 3, Ch: 7) based on a regular expression.  Expression = ""a()":" [group index '1', match index '1', options 'Singleline, CultureInvariant']
    (01:56:10.917) [Visual Studio Host (6752):TextEditorDocumentWindowTestExtension] Showing window 'defaultValues.json' without activating the window.
    (01:56:11.207) [Visual Studio Host (6752):TextEditorDocumentWindowTestExtension] Showing window 'defaultValues.json'.
    (01:56:11.482) [Visual Studio Host (6752):VisualStudioLightBulbService] Did not find an active light bulb session. Please use Verify.IsLightBulbPresent() to make sure that the light bulb is present before requesting the LightBulb session.
    Warning: (01:56:11.692) [Visual Studio Host (6752):VisualStudioLightBulbService] No light bulb session provided to create a test extension.
    (01:56:12.224) [Visual Studio Host (6752):VisualStudioLightBulbService] Getting the active light bulb session at position '(Ln: 3, Ch: 7)'.
    VerificationPass: (01:56:12.441) [Visual Studio Host (6752):VisualStudioLightBulbServiceVerifier] Verification passed: Light bulb is present within a timeout of 00:00:10.
    (01:56:12.650) [Visual Studio Host (6752):TextEditorDocumentWindowTestExtension] Showing window 'defaultValues.json' without activating the window.
    (01:56:12.856) [Visual Studio Host (6752):TextEditorDocumentWindowTestExtension] Showing window 'defaultValues.json'.
    (01:56:13.077) [Visual Studio Host (6752):VisualStudioLightBulbService] Getting the active light bulb session at position '(Ln: 3, Ch: 7)'.
    (01:56:13.353) [Visual Studio Host (6752):LightBulbTestExtension] Retrieved '1' light bulb suggested actions.
    (01:56:13.576) [Visual Studio Host (6752):LightBulbSuggestedAction] Invoking light bulb suggestion action 'Remove property with default value'.
    (01:56:13.884) [Visual Studio Host (6752):TextEditorDocumentWindowTestExtension] Showing window 'defaultValues.json' without activating the window.
    (01:56:14.101) [Visual Studio Host (6752):TextEditorDocumentWindowTestExtension] Showing window 'defaultValues.json'.
    (01:56:14.336) [Visual Studio Host (6752):TextEditorDocumentWindowTestExtension] Showing window 'defaultValues.json' without activating the window.
    (01:56:14.540) [Visual Studio Host (6752):TextEditorDocumentWindowTestExtension] Showing window 'defaultValues.json'.
    (01:56:14.754) [Visual Studio Host (6752):VisualStudioCaretTestExtension] Moving the caret to '' at (Ln: 6, Ch: 7) based on a regular expression.  Expression = ""d()":" [group index '1', match index '1', options 'Singleline, CultureInvariant']
    (01:56:14.972) [Visual Studio Host (6752):TextEditorDocumentWindowTestExtension] Showing window 'defaultValues.json' without activating the window.
    (01:56:15.203) [Visual Studio Host (6752):TextEditorDocumentWindowTestExtension] Showing window 'defaultValues.json'.
    (01:56:15.459) [Visual Studio Host (6752):VisualStudioLightBulbService] Did not find an active light bulb session. Please use Verify.IsLightBulbPresent() to make sure that the light bulb is present before requesting the LightBulb session.
    Warning: (01:56:15.670) [Visual Studio Host (6752):VisualStudioLightBulbService] No light bulb session provided to create a test extension.
    (01:56:16.143) [Visual Studio Host (6752):VisualStudioLightBulbService] Getting the active light bulb session at position '(Ln: 6, Ch: 7)'.
    VerificationPass: (01:56:16.350) [Visual Studio Host (6752):VisualStudioLightBulbServiceVerifier] Verification passed: Light bulb is present within a timeout of 00:00:10.
    (01:56:16.559) [Visual Studio Host (6752):TextEditorDocumentWindowTestExtension] Showing window 'defaultValues.json' without activating the window.
    (01:56:16.777) [Visual Studio Host (6752):TextEditorDocumentWindowTestExtension] Showing window 'defaultValues.json'.
    (01:56:17.012) [Visual Studio Host (6752):VisualStudioLightBulbService] Getting the active light bulb session at position '(Ln: 6, Ch: 7)'.
    (01:56:17.220) [Visual Studio Host (6752):LightBulbTestExtension] Retrieved '1' light bulb suggested actions.
    (01:56:17.427) [Visual Studio Host (6752):LightBulbSuggestedAction] Invoking light bulb suggestion action 'Remove property with default value'.
    (01:56:17.659) [Visual Studio Host (6752):TextEditorDocumentWindowTestExtension] Showing window 'defaultValues.json' without activating the window.
    (01:56:17.845) [Visual Studio Host (6752):TextEditorDocumentWindowTestExtension] Showing window 'defaultValues.json'.
    + ExternalProcessHostTest TestCleanup
        (01:56:18.294) [Visual Studio Host (6752):TextEditorDocumentWindowTestExtension] Closing window 'defaultValues.json'.
        (01:56:19.095) [Platform:Testcase] Test 'VSTest_JSON_SuggestedActions_RemoveDefaultValue_Invoke' has 'Passed' outcome. Therefore, Apex will not shut down the 'Visual Studio Host (6752)' with process ID '6752'. A subsequent test scenario will run on the same instance of the host.
    + Final Test Result Verification
        (01:56:19.874) [Platform:DelayedAssertionVerifierSink] Verification Success: 0 verification steps failed.
    + ApexTest TestCleanup</StdOut>
      </Output>
      <ResultFiles>
        <ResultFile path="WNVM19648\Fail.22wpw0oka5fs.png" />
        <ResultFile path="WNVM19648\Fail.24wtv1jnawc3.png" />
        <ResultFile path="WNVM19648\Fail.2lws5epta1gw.png" />
        <ResultFile path="WNVM19648\Fail.33ju4eduay3u.png" />
        <ResultFile path="WNVM19648\Fail.3poblbx4alvv.png" />
        <ResultFile path="WNVM19648\Fail.4p531ykxaqdb.png" />
        <ResultFile path="WNVM19648\Fail.ashpv3rjajjr.png" />
        <ResultFile path="WNVM19648\Fail.aswak04hapa5.png" />
        <ResultFile path="WNVM19648\Fail.azqsczivabnm.png" />
        <ResultFile path="WNVM19648\Fail.byuslv5baqsd.png" />
        <ResultFile path="WNVM19648\Fail.bz134qwyax2e.png" />
        <ResultFile path="WNVM19648\Fail.ek4tb3wmalyl.png" />
        <ResultFile path="WNVM19648\Fail.ig2gsfz5ad1y.png" />
        <ResultFile path="WNVM19648\Fail.iymeazuqablz.png" />
        <ResultFile path="WNVM19648\Fail.jpga4adlarrf.png" />
        <ResultFile path="WNVM19648\Fail.kfb5og41ajlt.png" />
        <ResultFile path="WNVM19648\Fail.kxs1ersmaxma.png" />
        <ResultFile path="WNVM19648\Fail.lbyrcmqbastb.png" />
        <ResultFile path="WNVM19648\Fail.loc0xhl5a2hr.png" />
        <ResultFile path="WNVM19648\Fail.lthgvalfaxfr.png" />
        <ResultFile path="WNVM19648\Fail.mazsob3aamsp.png" />
        <ResultFile path="WNVM19648\Fail.n13clx4iaowv.png" />
        <ResultFile path="WNVM19648\Fail.o4kkrjboasbk.png" />
        <ResultFile path="WNVM19648\Fail.o5zf0zepaw0l.png" />
        <ResultFile path="WNVM19648\Fail.pdo2mhdtanq2.png" />
        <ResultFile path="WNVM19648\Fail.pprwzak1ac5h.png" />
        <ResultFile path="WNVM19648\Fail.qagtqbftat3h.png" />
        <ResultFile path="WNVM19648\Fail.qbnuydioazjy.png" />
        <ResultFile path="WNVM19648\Fail.raasvsmeanc1.png" />
        <ResultFile path="WNVM19648\Fail.rymman3va50a.png" />
        <ResultFile path="WNVM19648\Fail.sidku4gxamg4.png" />
        <ResultFile path="WNVM19648\Fail.swwzdfhraz25.png" />
        <ResultFile path="WNVM19648\Fail.t4yj0fxuatil.png" />
        <ResultFile path="WNVM19648\Fail.v0ywfcwsa23p.png" />
        <ResultFile path="WNVM19648\Fail.vjqtiv2zaclz.png" />
        <ResultFile path="WNVM19648\Fail.wiz4mofdavag.png" />
        <ResultFile path="WNVM19648\Fail.yd3ferxiaq1c.png" />
        <ResultFile path="WNVM19648\Fail.z10rn0n5ajdm.png" />
        <ResultFile path="WNVM19648\Fail.z2gelfy0aa1q.png" />
        <ResultFile path="WNVM19648\Fail.zpuouf2fa0ib.png" />
        <ResultFile path="WNVM19648\OmniLog.html" />
        <ResultFile path="WNVM19648\OmniLogRawXml.xml" />
      </ResultFiles>
    </UnitTestResult>
    <UnitTestResult executionId="c96a8dc1-7e69-4f5b-94e7-2a20f5c2bb30" testId="d846c4e4-19e1-a3f8-af9d-073b9f30d023" testName="VSTest_CSS_EmbeddedCSSCompletionContents" computerName="WNVM19648" duration="00:00:05.5881121" startTime="2018-04-17T00:30:47.1786185-07:00" endTime="2018-04-17T00:30:52.7667306-07:00" testType="13cdc9d9-ddb5-4fa4-a97d-d965ccfc6d4b" outcome="Passed" testListId="8c84fa94-04c1-424b-9868-57a2d4851a1d" relativeResultsDirectory="c96a8dc1-7e69-4f5b-94e7-2a20f5c2bb30">
      <Output>
        <StdOut>+ CssCompletionTests::VSTest_CSS_EmbeddedCSSCompletionContents
    + ApexTest TestInitialize
    + ExternalProcessHostTest TestInitialize
        (32:28.564) [Visual Studio Host (11564):RoamingSettingsService] Disabling roaming settings.
        (32:28.632) [Visual Studio Host (11564):SettingsService] Setting Visual Studio option 'Environment\RoamingSettings\RoamingEnabled' to 'False'.
        (32:29.113) [Visual Studio Host (11564):TextEditorDocumentWindowTestExtension] Showing window 'EmbeddedCSS.aspx' without activating the window.
        (32:29.229) [Visual Studio Host (11564):TextEditorDocumentWindowTestExtension] Showing window 'EmbeddedCSS.aspx'.
        (32:29.331) [Visual Studio Host (11564):VisualStudioTextEditorTestExtension] Setting keyboard focus to editor 'EmbeddedCSS.aspx'.
        (32:29.402) [Visual Studio Host (11564):MainWindowService] Activating main window to bring it to the foreground.
        (32:29.472) [Visual Studio Host (11564):MainWindowService] Setting main window state to 'Maximized'.
    (32:29.745) [Visual Studio Host (11564):TextEditorDocumentWindowTestExtension] Showing window 'EmbeddedCSS.aspx' without activating the window.
    (32:29.810) [Visual Studio Host (11564):TextEditorDocumentWindowTestExtension] Showing window 'EmbeddedCSS.aspx'.
    (32:29.905) [Visual Studio Host (11564):VisualStudioCaretTestExtension] Moving the caret from (Ln: 1, Ch: 1) to (Ln: 8, Ch: 13)
    (32:30.003) [Visual Studio Host (11564):TextEditorDocumentWindowTestExtension] Showing window 'EmbeddedCSS.aspx' without activating the window.
    (32:30.070) [Visual Studio Host (11564):TextEditorDocumentWindowTestExtension] Showing window 'EmbeddedCSS.aspx'.
    (32:30.139) [Visual Studio Host (11564):VisualStudioIntellisenseService] Did not find an active completion session. Please use Verify.IsCompletionListPresent() to make sure that the list is present before requesting the completion session.
    Warning: (32:30.228) [Visual Studio Host (11564):VisualStudioIntellisenseService] No active completion sessions were found for editor 'EmbeddedCSS.aspx'.
    (32:30.307) [Visual Studio Host (11564):VisualStudioIntellisenseService] Invoking Completion member list at '(Ln: 8, Ch: 13)'.
    (32:30.402) [Visual Studio Host (11564):VisualStudioIntellisenseService] Getting the active completion at position '(Ln: 8, Ch: 13)'.
    (32:30.519) [Visual Studio Host (11564):VisualStudioCompletionListTestExtension] Found completion item with name 
    (32:30.613) [Visual Studio Host (11564):TextEditorDocumentWindowTestExtension] Showing window 'EmbeddedCSS.aspx' without activating the window.
    (32:30.697) [Visual Studio Host (11564):TextEditorDocumentWindowTestExtension] Showing window 'EmbeddedCSS.aspx'.
    (32:30.792) [Visual Studio Host (11564):VisualStudioCaretTestExtension] Moving the caret from (Ln: 8, Ch: 13) to (Ln: 8, Ch: 21)
    (32:30.882) [Visual Studio Host (11564):TextEditorDocumentWindowTestExtension] Showing window 'EmbeddedCSS.aspx' without activating the window.
    (32:30.947) [Visual Studio Host (11564):TextEditorDocumentWindowTestExtension] Showing window 'EmbeddedCSS.aspx'.
    (32:31.016) [Visual Studio Host (11564):VisualStudioIntellisenseService] Did not find an active completion session. Please use Verify.IsCompletionListPresent() to make sure that the list is present before requesting the completion session.
    Warning: (32:31.066) [Visual Studio Host (11564):VisualStudioIntellisenseService] No active completion sessions were found for editor 'EmbeddedCSS.aspx'.
    (32:31.117) [Visual Studio Host (11564):VisualStudioIntellisenseService] Invoking Completion member list at '(Ln: 8, Ch: 21)'.
    (32:31.204) [Visual Studio Host (11564):VisualStudioIntellisenseService] Getting the active completion at position '(Ln: 8, Ch: 21)'.
    (32:31.302) [Visual Studio Host (11564):VisualStudioCompletionListTestExtension] Found completion item with name 
    (32:31.375) [Visual Studio Host (11564):TextEditorDocumentWindowTestExtension] Showing window 'EmbeddedCSS.aspx' without activating the window.
    (32:31.459) [Visual Studio Host (11564):TextEditorDocumentWindowTestExtension] Showing window 'EmbeddedCSS.aspx'.
    (32:31.541) [Visual Studio Host (11564):VisualStudioCaretTestExtension] Moving the caret from (Ln: 8, Ch: 21) to (Ln: 13, Ch: 17)
    (32:31.677) [Visual Studio Host (11564):TextEditorDocumentWindowTestExtension] Showing window 'EmbeddedCSS.aspx' without activating the window.
    (32:31.773) [Visual Studio Host (11564):TextEditorDocumentWindowTestExtension] Showing window 'EmbeddedCSS.aspx'.
    (32:31.892) [Visual Studio Host (11564):VisualStudioIntellisenseService] Did not find an active completion session. Please use Verify.IsCompletionListPresent() to make sure that the list is present before requesting the completion session.
    Warning: (32:31.955) [Visual Studio Host (11564):VisualStudioIntellisenseService] No active completion sessions were found for editor 'EmbeddedCSS.aspx'.
    (32:32.048) [Visual Studio Host (11564):VisualStudioIntellisenseService] Invoking Completion member list at '(Ln: 13, Ch: 17)'.
    (32:32.127) [Visual Studio Host (11564):VisualStudioIntellisenseService] Getting the active completion at position '(Ln: 13, Ch: 17)'.
    (32:32.199) [Visual Studio Host (11564):VisualStudioCompletionListTestExtension] Found completion item with name 
    (32:32.271) [Visual Studio Host (11564):TextEditorDocumentWindowTestExtension] Showing window 'EmbeddedCSS.aspx' without activating the window.
    (32:32.337) [Visual Studio Host (11564):TextEditorDocumentWindowTestExtension] Showing window 'EmbeddedCSS.aspx'.
    (32:32.414) [Visual Studio Host (11564):VisualStudioCaretTestExtension] Moving the caret from (Ln: 13, Ch: 17) to (Ln: 13, Ch: 23)
    (32:32.505) [Visual Studio Host (11564):TextEditorDocumentWindowTestExtension] Showing window 'EmbeddedCSS.aspx' without activating the window.
    (32:32.608) [Visual Studio Host (11564):TextEditorDocumentWindowTestExtension] Showing window 'EmbeddedCSS.aspx'.
    (32:32.678) [Visual Studio Host (11564):VisualStudioIntellisenseService] Did not find an active completion session. Please use Verify.IsCompletionListPresent() to make sure that the list is present before requesting the completion session.
    Warning: (32:32.744) [Visual Studio Host (11564):VisualStudioIntellisenseService] No active completion sessions were found for editor 'EmbeddedCSS.aspx'.
    (32:32.819) [Visual Studio Host (11564):VisualStudioIntellisenseService] Invoking Completion member list at '(Ln: 13, Ch: 23)'.
    (32:32.982) [Visual Studio Host (11564):VisualStudioIntellisenseService] Getting the active completion at position '(Ln: 13, Ch: 23)'.
    (32:33.052) [Visual Studio Host (11564):VisualStudioCompletionListTestExtension] Found completion item with name 
    + ExternalProcessHostTest TestCleanup
        (32:33.193) [Visual Studio Host (11564):TextEditorDocumentWindowTestExtension] Closing window 'EmbeddedCSS.aspx'.
        (32:33.395) [Platform:Testcase] Test 'VSTest_CSS_EmbeddedCSSCompletionContents' has 'Passed' outcome. Therefore, Apex will not shut down the 'Visual Studio Host (11564)' with process ID '11564'. A subsequent test scenario will run on the same instance of the host.
    + Final Test Result Verification
        (32:33.598) [Platform:DelayedAssertionVerifierSink] Verification Success: 0 verification steps failed.
    + ApexTest TestCleanup</StdOut>
      </Output>
      <ResultFiles>
        <ResultFile path="WNVM19648\Fail.azqsczivabnm.png" />
        <ResultFile path="WNVM19648\Fail.ig2gsfz5ad1y.png" />
        <ResultFile path="WNVM19648\Fail.o5zf0zepaw0l.png" />
        <ResultFile path="WNVM19648\OmniLog.html" />
        <ResultFile path="WNVM19648\OmniLogRawXml.xml" />
      </ResultFiles>
    </UnitTestResult>
    <UnitTestResult executionId="31e3ee71-9e99-4eb6-bf62-4802ead16814" testId="0ab9ceff-df6c-10a5-2df1-bd7b75c35dfe" testName="VSTest_CssAttributeCompletion_ClassName_Html" computerName="WNVM19648" duration="00:00:04.3365378" startTime="2018-04-17T00:29:02.3900515-07:00" endTime="2018-04-17T00:29:06.7265893-07:00" testType="13cdc9d9-ddb5-4fa4-a97d-d965ccfc6d4b" outcome="Passed" testListId="8c84fa94-04c1-424b-9868-57a2d4851a1d" relativeResultsDirectory="31e3ee71-9e99-4eb6-bf62-4802ead16814">
      <Output>
        <StdOut>+ CssAttributeTests::VSTest_CssAttributeCompletion_ClassName_Html
    + ApexTest TestInitialize
    + ExternalProcessHostTest TestInitialize
        (30:43.866) [Visual Studio Host (11564):RoamingSettingsService] Disabling roaming settings.
        (30:43.940) [Visual Studio Host (11564):SettingsService] Setting Visual Studio option 'Environment\RoamingSettings\RoamingEnabled' to 'False'.
        (30:44.299) [Visual Studio Host (11564):TextEditorDocumentWindowTestExtension] Showing window 'classname.html' without activating the window.
        (30:44.409) [Visual Studio Host (11564):TextEditorDocumentWindowTestExtension] Showing window 'classname.html'.
        (30:44.486) [Visual Studio Host (11564):VisualStudioTextEditorTestExtension] Setting keyboard focus to editor 'classname.html'.
        (30:44.554) [Visual Studio Host (11564):MainWindowService] Activating main window to bring it to the foreground.
        (30:44.630) [Visual Studio Host (11564):MainWindowService] Setting main window state to 'Maximized'.
    (30:44.733) [Visual Studio Host (11564):TextEditorDocumentWindowTestExtension] Showing window 'classname.html' without activating the window.
    (30:44.789) [Visual Studio Host (11564):TextEditorDocumentWindowTestExtension] Showing window 'classname.html'.
    (30:44.849) [Visual Studio Host (11564):VisualStudioCaretTestExtension] Moving the caret to '' at (Ln: 19, Ch: 9) based on a regular expression.  Expression = "&lt;div()&gt;" [group index '1', match index '1', options 'Singleline, CultureInvariant']
    (30:44.918) [Visual Studio Host (11564):TextEditorDocumentWindowTestExtension] Showing window 'classname.html' without activating the window.
    (30:44.976) [Visual Studio Host (11564):TextEditorDocumentWindowTestExtension] Showing window 'classname.html'.
    (30:45.040) [Visual Studio Host (11564):VisualStudioTextEditingActions] Inserting text: ' class="' at the current caret position: '(Ln: 19, Ch: 9)'
    (30:45.212) [Visual Studio Host (11564):TextEditorDocumentWindowTestExtension] Showing window 'classname.html' without activating the window.
    (30:45.311) [Visual Studio Host (11564):TextEditorDocumentWindowTestExtension] Showing window 'classname.html'.
    (30:45.397) [Visual Studio Host (11564):VisualStudioIntellisenseService] Getting the active completion at position '(Ln: 19, Ch: 17)'.
    (30:45.474) [Visual Studio Host (11564):VisualStudioCompletionListTestExtension] Found completion item with name 
    (30:45.540) [Visual Studio Host (11564):VisualStudioCompletionListTestExtension] Found completion item with name 
    (30:45.597) [Visual Studio Host (11564):VisualStudioCompletionListTestExtension] Found completion item with name 
    (30:45.647) [Visual Studio Host (11564):VisualStudioCompletionListTestExtension] Found completion item with name 
    (30:45.715) [Visual Studio Host (11564):TextEditorDocumentWindowTestExtension] Showing window 'classname.html' without activating the window.
    (30:45.776) [Visual Studio Host (11564):TextEditorDocumentWindowTestExtension] Showing window 'classname.html'.
    (30:45.860) [Visual Studio Host (11564):VisualStudioIntellisenseService] Getting the active completion at position '(Ln: 19, Ch: 17)'.
    (30:45.940) [Visual Studio Host (11564):VisualStudioCompletionListTestExtension] Unable to find completion item with name 
    (30:46.027) [Visual Studio Host (11564):VisualStudioCompletionListTestExtension] Retrieved '4' completion items.
    (30:46.118) [Visual Studio Host (11564):VisualStudioCompletionListTestExtension] Dismissing completion session.
    (30:46.717) [Visual Studio Host (11564):VisualStudioIntellisenseService] Getting the active completion at position '(Ln: 19, Ch: 17)'.
    (30:46.800) [Visual Studio Host (11564):VisualStudioCompletionListTestExtension] Found completion item with name 
    (30:46.867) [Visual Studio Host (11564):VisualStudioIntellisenseService] Getting the active completion at position '(Ln: 19, Ch: 17)'.
    (30:46.944) [Visual Studio Host (11564):VisualStudioCompletionListTestExtension] Found completion item with name 
    + ExternalProcessHostTest TestCleanup
        (30:47.079) [Visual Studio Host (11564):TextEditorDocumentWindowTestExtension] Closing window 'classname.html'.
        (30:47.341) [Platform:Testcase] Test 'VSTest_CssAttributeCompletion_ClassName_Html' has 'Passed' outcome. Therefore, Apex will not shut down the 'Visual Studio Host (11564)' with process ID '11564'. A subsequent test scenario will run on the same instance of the host.
    + Final Test Result Verification
        (30:47.507) [Platform:DelayedAssertionVerifierSink] Verification Success: 0 verification steps failed.
    + ApexTest TestCleanup</StdOut>
      </Output>
      <ResultFiles>
        <ResultFile path="WNVM19648\Fail.azqsczivabnm.png" />
        <ResultFile path="WNVM19648\Fail.ig2gsfz5ad1y.png" />
        <ResultFile path="WNVM19648\Fail.o5zf0zepaw0l.png" />
        <ResultFile path="WNVM19648\OmniLog.html" />
        <ResultFile path="WNVM19648\OmniLogRawXml.xml" />
      </ResultFiles>
    </UnitTestResult>
    <UnitTestResult executionId="953aa91c-63a2-4f01-bcb8-51050d2e408a" testId="f543157b-657b-5083-55b6-53a4487c0d05" testName="VSTest_RazorCshtmlTypeAtHtmlIntelliSense" computerName="WNVM19648" duration="00:00:06.8730139" startTime="2018-04-17T01:08:18.4799781-07:00" endTime="2018-04-17T01:08:25.3529920-07:00" testType="13cdc9d9-ddb5-4fa4-a97d-d965ccfc6d4b" outcome="Passed" testListId="8c84fa94-04c1-424b-9868-57a2d4851a1d" relativeResultsDirectory="953aa91c-63a2-4f01-bcb8-51050d2e408a">
      <Output>
        <StdOut>+ CSharpGeneralTests::VSTest_RazorCshtmlTypeAtHtmlIntelliSense
    + ApexTest TestInitialize
    + ExternalProcessHostTest TestInitialize
        (01:10:00.130) [Visual Studio Host (4384):RoamingSettingsService] Disabling roaming settings.
        (01:10:00.255) [Visual Studio Host (4384):SettingsService] Setting Visual Studio option 'Environment\RoamingSettings\RoamingEnabled' to 'False'.
        (01:10:00.579) [Visual Studio Host (4384):TextEditorDocumentWindowTestExtension] Showing window 'emptyExceptUsingSystem.cshtml' without activating the window.
        (01:10:00.792) [Visual Studio Host (4384):TextEditorDocumentWindowTestExtension] Showing window 'emptyExceptUsingSystem.cshtml'.
        (01:10:00.975) [Visual Studio Host (4384):VisualStudioTextEditorTestExtension] Setting keyboard focus to editor 'emptyExceptUsingSystem.cshtml'.
        (01:10:01.153) [Visual Studio Host (4384):MainWindowService] Activating main window to bring it to the foreground.
        (01:10:01.389) [Visual Studio Host (4384):MainWindowService] Setting main window state to 'Maximized'.
    (01:10:01.736) [Visual Studio Host (4384):TextEditorDocumentWindowTestExtension] Showing window 'emptyExceptUsingSystem.cshtml' without activating the window.
    (01:10:01.995) [Visual Studio Host (4384):TextEditorDocumentWindowTestExtension] Showing window 'emptyExceptUsingSystem.cshtml'.
    (01:10:02.163) [Visual Studio Host (4384):VisualStudioCaretTestExtension] Moving the caret from (Ln: 1, Ch: 1) to the end of the file
    (01:10:02.317) [Visual Studio Host (4384):VisualStudioTextEditorTestExtension] Setting keyboard focus to editor 'emptyExceptUsingSystem.cshtml'.
    (01:10:02.534) [Visual Studio Host (4384):TextEditorDocumentWindowTestExtension] Showing window 'emptyExceptUsingSystem.cshtml' without activating the window.
    (01:10:02.714) [Visual Studio Host (4384):TextEditorDocumentWindowTestExtension] Showing window 'emptyExceptUsingSystem.cshtml'.
    (01:10:02.882) [Visual Studio Host (4384):VisualStudioTextEditingActions] Inserting text: '@D' at the current caret position: '(Ln: 3, Ch: 1)'
    (01:10:03.489) [Visual Studio Host (4384):TextEditorDocumentWindowTestExtension] Showing window 'emptyExceptUsingSystem.cshtml' without activating the window.
    (01:10:03.632) [Visual Studio Host (4384):TextEditorDocumentWindowTestExtension] Showing window 'emptyExceptUsingSystem.cshtml'.
    (01:10:03.803) [Visual Studio Host (4384):VisualStudioIntellisenseService] Getting the active completion at position '(Ln: 3, Ch: 3)'.
    (01:10:04.044) [Visual Studio Host (4384):VisualStudioCompletionListTestExtension] Found completion item with name 
    (01:10:04.237) [Visual Studio Host (4384):VisualStudioCompletionListTestExtension] Found completion item with name 
    + ExternalProcessHostTest TestCleanup
        (01:10:04.609) [Visual Studio Host (4384):TextEditorDocumentWindowTestExtension] Closing window 'emptyExceptUsingSystem.cshtml'.
        (01:10:05.002) [Platform:Testcase] Test 'VSTest_RazorCshtmlTypeAtHtmlIntelliSense' has 'Passed' outcome. Therefore, Apex will not shut down the 'Visual Studio Host (4384)' with process ID '4384'. A subsequent test scenario will run on the same instance of the host.
    + Final Test Result Verification
        (01:10:05.570) [Platform:DelayedAssertionVerifierSink] Verification Success: 0 verification steps failed.
    + ApexTest TestCleanup</StdOut>
      </Output>
      <ResultFiles>
        <ResultFile path="WNVM19648\Fail.azqsczivabnm.png" />
        <ResultFile path="WNVM19648\Fail.ig2gsfz5ad1y.png" />
        <ResultFile path="WNVM19648\Fail.o5zf0zepaw0l.png" />
        <ResultFile path="WNVM19648\Fail.raasvsmeanc1.png" />
        <ResultFile path="WNVM19648\Fail.t4yj0fxuatil.png" />
        <ResultFile path="WNVM19648\Fail.z10rn0n5ajdm.png" />
        <ResultFile path="WNVM19648\OmniLog.html" />
        <ResultFile path="WNVM19648\OmniLogRawXml.xml" />
      </ResultFiles>
    </UnitTestResult>
    <UnitTestResult executionId="d75f4048-051a-4c8e-bfaf-30d6b6d4ad36" testId="2a5aaa71-fcb7-25b7-537c-ff48bb29c002" testName="VSTest_Colorization_Razor" computerName="WNVM19648" startTime="2018-04-17T02:28:31.4390774-07:00" endTime="2018-04-17T02:28:31.4390774-07:00" testType="13cdc9d9-ddb5-4fa4-a97d-d965ccfc6d4b" outcome="NotExecuted" testListId="8c84fa94-04c1-424b-9868-57a2d4851a1d" relativeResultsDirectory="d75f4048-051a-4c8e-bfaf-30d6b6d4ad36">
      <Output>
      </Output>
    </UnitTestResult>
    <UnitTestResult executionId="c30be929-9c4b-411d-ae6b-62b7951f4569" testId="0188b221-82cd-d346-dcba-bb0815ba1fd4" testName="VSTest_TypingTags_Map_to_Nav" computerName="WNVM19648" duration="00:01:49.8152524" startTime="2018-04-17T00:41:56.9044948-07:00" endTime="2018-04-17T00:43:46.7197472-07:00" testType="13cdc9d9-ddb5-4fa4-a97d-d965ccfc6d4b" outcome="Passed" testListId="8c84fa94-04c1-424b-9868-57a2d4851a1d" relativeResultsDirectory="c30be929-9c4b-411d-ae6b-62b7951f4569">
      <Output>
        <StdOut>+ TypingTests::VSTest_TypingTags_Map_to_Nav
    + ApexTest TestInitialize
    + ExternalProcessHostTest TestInitialize
        (43:41.444) [Visual Studio Host (11564):RoamingSettingsService] Disabling roaming settings.
        (43:42.055) [Visual Studio Host (11564):SettingsService] Setting Visual Studio option 'Environment\RoamingSettings\RoamingEnabled' to 'False'.
        (43:42.873) [Visual Studio Host (11564):TextEditorDocumentWindowTestExtension] Showing window 'HtmlPage.html' without activating the window.
        (43:43.472) [Visual Studio Host (11564):TextEditorDocumentWindowTestExtension] Showing window 'HtmlPage.html'.
        (43:43.539) [Visual Studio Host (11564):VisualStudioTextEditorTestExtension] Setting keyboard focus to editor 'HtmlPage.html'.
        (43:43.596) [Visual Studio Host (11564):MainWindowService] Activating main window to bring it to the foreground.
        (43:43.674) [Visual Studio Host (11564):MainWindowService] Setting main window state to 'Maximized'.
    (43:43.860) [Visual Studio Host (11564):TextEditorDocumentWindowTestExtension] Showing window 'HtmlPage.html' without activating the window.
    (43:43.933) [Visual Studio Host (11564):TextEditorDocumentWindowTestExtension] Showing window 'HtmlPage.html'.
    (43:44.012) [Visual Studio Host (11564):VisualStudioCaretTestExtension] Moving the caret to '&lt;body&gt;' at (Ln: 6, Ch: 5) based on a regular expression.  Expression = "&lt;body&gt;" [group index '0', match index '1', options 'Singleline, CultureInvariant']
    (43:44.851) [Visual Studio Host (11564):VisualStudioCaretTestExtension] Moving the caret from (Ln: 6, Ch: 5) down '1' lines
    (43:45.589) [Visual Studio Host (11564):VisualStudioTextEditorTestExtension] Setting keyboard focus to editor 'HtmlPage.html'.
    (43:46.375) [Visual Studio Host (11564):VisualStudioCaretTestExtension] Moving the caret from (Ln: 7, Ch: 5) to the end of the line
    (43:46.435) [Visual Studio Host (11564):VisualStudioTextEditorTestExtension] Setting keyboard focus to editor 'HtmlPage.html'.
    (43:46.493) [Visual Studio Host (11564):VisualStudioTextEditingActions] Inserting text: '&lt;map name="planetmap"&gt;' at the current caret position: '(Ln: 7, Ch: 9)'
    (43:46.765) [Visual Studio Host (11564):VisualStudioTextEditingActions] Deleting to the end of line of the current caret position, position: '(Ln: 7, Ch: 31)', line: '7'
    (43:46.854) [Visual Studio Host (11564):TextEditorDocumentWindowTestExtension] Showing window 'HtmlPage.html' without activating the window.
    (43:46.925) [Visual Studio Host (11564):TextEditorDocumentWindowTestExtension] Showing window 'HtmlPage.html'.
    (43:47.003) [Visual Studio Host (11564):TextEditorDocumentWindowTestExtension] Showing window 'HtmlPage.html' without activating the window.
    (43:47.063) [Visual Studio Host (11564):TextEditorDocumentWindowTestExtension] Showing window 'HtmlPage.html'.
    (43:47.131) [Visual Studio Host (11564):VisualStudioIntellisenseService] Did not find an active completion session. Please use Verify.IsCompletionListPresent() to make sure that the list is present before requesting the completion session.
    Warning: (43:47.188) [Visual Studio Host (11564):VisualStudioIntellisenseService] No active completion sessions were found for editor 'HtmlPage.html'.
    (43:47.247) [Visual Studio Host (11564):VisualStudioTextEditingActions] Inserting text combine CRLF as single return: '
' at the current caret position: '(Ln: 7, Ch: 31)'
    (43:47.766) [Visual Studio Host (11564):VisualStudioTextEditingActions] Inserting text: '&lt;area shape="rect" coords="0,0,82,126" href="sun.htm" alt="Sun"&gt;' at the current caret position: '(Ln: 8, Ch: 13)'
    (43:48.878) [Visual Studio Host (11564):VisualStudioTextEditingActions] Deleting to the end of line of the current caret position, position: '(Ln: 8, Ch: 79)', line: '8'
    (43:49.538) [Visual Studio Host (11564):TextEditorDocumentWindowTestExtension] Showing window 'HtmlPage.html' without activating the window.
    (43:50.208) [Visual Studio Host (11564):TextEditorDocumentWindowTestExtension] Showing window 'HtmlPage.html'.
    (43:50.850) [Visual Studio Host (11564):TextEditorDocumentWindowTestExtension] Showing window 'HtmlPage.html' without activating the window.
    (43:51.523) [Visual Studio Host (11564):TextEditorDocumentWindowTestExtension] Showing window 'HtmlPage.html'.
    (43:52.122) [Visual Studio Host (11564):VisualStudioIntellisenseService] Did not find an active completion session. Please use Verify.IsCompletionListPresent() to make sure that the list is present before requesting the completion session.
    Warning: (43:52.700) [Visual Studio Host (11564):VisualStudioIntellisenseService] No active completion sessions were found for editor 'HtmlPage.html'.
    (43:53.247) [Visual Studio Host (11564):VisualStudioTextEditingActions] Inserting text combine CRLF as single return: '
' at the current caret position: '(Ln: 8, Ch: 79)'
    (43:53.826) [Visual Studio Host (11564):VisualStudioTextEditingActions] Inserting text: '&lt;area shape="circle" coords="90,58,3" href="mercur.htm" alt="Mercury"&gt;' at the current caret position: '(Ln: 9, Ch: 13)'
    (43:55.568) [Visual Studio Host (11564):VisualStudioTextEditingActions] Deleting to the end of line of the current caret position, position: '(Ln: 9, Ch: 85)', line: '9'
    (43:56.265) [Visual Studio Host (11564):TextEditorDocumentWindowTestExtension] Showing window 'HtmlPage.html' without activating the window.
    (43:56.932) [Visual Studio Host (11564):TextEditorDocumentWindowTestExtension] Showing window 'HtmlPage.html'.
    (43:57.580) [Visual Studio Host (11564):TextEditorDocumentWindowTestExtension] Showing window 'HtmlPage.html' without activating the window.
    (43:58.203) [Visual Studio Host (11564):TextEditorDocumentWindowTestExtension] Showing window 'HtmlPage.html'.
    (43:58.862) [Visual Studio Host (11564):VisualStudioIntellisenseService] Did not find an active completion session. Please use Verify.IsCompletionListPresent() to make sure that the list is present before requesting the completion session.
    Warning: (43:59.527) [Visual Studio Host (11564):VisualStudioIntellisenseService] No active completion sessions were found for editor 'HtmlPage.html'.
    (44:00.103) [Visual Studio Host (11564):VisualStudioTextEditingActions] Inserting text combine CRLF as single return: '
' at the current caret position: '(Ln: 9, Ch: 85)'
    (44:00.754) [Visual Studio Host (11564):VisualStudioTextEditingActions] Inserting text: '&lt;area shape="circle" coords="124,58,8" href="venus.htm" alt="Venus"&gt;' at the current caret position: '(Ln: 10, Ch: 13)'
    (44:02.034) [Visual Studio Host (11564):VisualStudioTextEditingActions] Deleting to the end of line of the current caret position, position: '(Ln: 10, Ch: 83)', line: '10'
    (44:02.662) [Visual Studio Host (11564):TextEditorDocumentWindowTestExtension] Showing window 'HtmlPage.html' without activating the window.
    (44:03.198) [Visual Studio Host (11564):TextEditorDocumentWindowTestExtension] Showing window 'HtmlPage.html'.
    (44:03.822) [Visual Studio Host (11564):TextEditorDocumentWindowTestExtension] Showing window 'HtmlPage.html' without activating the window.
    (44:04.487) [Visual Studio Host (11564):TextEditorDocumentWindowTestExtension] Showing window 'HtmlPage.html'.
    (44:05.127) [Visual Studio Host (11564):VisualStudioIntellisenseService] Getting the active completion at position '(Ln: 10, Ch: 83)'.
    (44:05.780) [Visual Studio Host (11564):VisualStudioCompletionListTestExtension] Dismissing completion session.
    (44:06.413) [Visual Studio Host (11564):VisualStudioTextEditingActions] Inserting text combine CRLF as single return: '
' at the current caret position: '(Ln: 10, Ch: 83)'
    (44:07.049) [Visual Studio Host (11564):VisualStudioTextEditingActions] Inserting text: '&lt;/map&gt;' at the current caret position: '(Ln: 11, Ch: 9)'
    (44:07.679) [Visual Studio Host (11564):VisualStudioTextEditingActions] Deleting to the end of line of the current caret position, position: '(Ln: 11, Ch: 15)', line: '11'
    (44:08.277) [Visual Studio Host (11564):TextEditorDocumentWindowTestExtension] Showing window 'HtmlPage.html' without activating the window.
    (44:08.851) [Visual Studio Host (11564):TextEditorDocumentWindowTestExtension] Showing window 'HtmlPage.html'.
    (44:09.517) [Visual Studio Host (11564):TextEditorDocumentWindowTestExtension] Showing window 'HtmlPage.html' without activating the window.
    (44:10.032) [Visual Studio Host (11564):TextEditorDocumentWindowTestExtension] Showing window 'HtmlPage.html'.
    (44:10.622) [Visual Studio Host (11564):VisualStudioIntellisenseService] Did not find an active completion session. Please use Verify.IsCompletionListPresent() to make sure that the list is present before requesting the completion session.
    Warning: (44:11.152) [Visual Studio Host (11564):VisualStudioIntellisenseService] No active completion sessions were found for editor 'HtmlPage.html'.
    (44:11.758) [Visual Studio Host (11564):VisualStudioTextEditingActions] Inserting text combine CRLF as single return: '
' at the current caret position: '(Ln: 11, Ch: 15)'
    (44:12.390) [Visual Studio Host (11564):VisualStudioTextEditingActions] Inserting text: '' at the current caret position: '(Ln: 12, Ch: 9)'
    (44:12.997) [Visual Studio Host (11564):VisualStudioTextEditingActions] Deleting to the end of line of the current caret position, position: '(Ln: 12, Ch: 9)', line: '12'
    (44:13.622) [Visual Studio Host (11564):TextEditorDocumentWindowTestExtension] Showing window 'HtmlPage.html' without activating the window.
    (44:14.262) [Visual Studio Host (11564):TextEditorDocumentWindowTestExtension] Showing window 'HtmlPage.html'.
    (44:14.791) [Visual Studio Host (11564):TextEditorDocumentWindowTestExtension] Showing window 'HtmlPage.html' without activating the window.
    (44:15.330) [Visual Studio Host (11564):TextEditorDocumentWindowTestExtension] Showing window 'HtmlPage.html'.
    (44:15.916) [Visual Studio Host (11564):VisualStudioIntellisenseService] Did not find an active completion session. Please use Verify.IsCompletionListPresent() to make sure that the list is present before requesting the completion session.
    Warning: (44:16.614) [Visual Studio Host (11564):VisualStudioIntellisenseService] No active completion sessions were found for editor 'HtmlPage.html'.
    (44:17.215) [Visual Studio Host (11564):VisualStudioTextEditingActions] Inserting text combine CRLF as single return: '
' at the current caret position: '(Ln: 12, Ch: 9)'
    (44:17.898) [Visual Studio Host (11564):VisualStudioTextEditingActions] Inserting text: '&lt;meta name="description" content="Free Web tutorials"&gt;' at the current caret position: '(Ln: 13, Ch: 9)'
    (44:18.836) [Visual Studio Host (11564):VisualStudioTextEditingActions] Deleting to the end of line of the current caret position, position: '(Ln: 13, Ch: 65)', line: '13'
    (44:19.413) [Visual Studio Host (11564):TextEditorDocumentWindowTestExtension] Showing window 'HtmlPage.html' without activating the window.
    (44:20.029) [Visual Studio Host (11564):TextEditorDocumentWindowTestExtension] Showing window 'HtmlPage.html'.
    (44:20.615) [Visual Studio Host (11564):TextEditorDocumentWindowTestExtension] Showing window 'HtmlPage.html' without activating the window.
    (44:21.196) [Visual Studio Host (11564):TextEditorDocumentWindowTestExtension] Showing window 'HtmlPage.html'.
    (44:21.977) [Visual Studio Host (11564):VisualStudioIntellisenseService] Did not find an active completion session. Please use Verify.IsCompletionListPresent() to make sure that the list is present before requesting the completion session.
    Warning: (44:22.536) [Visual Studio Host (11564):VisualStudioIntellisenseService] No active completion sessions were found for editor 'HtmlPage.html'.
    (44:23.078) [Visual Studio Host (11564):VisualStudioTextEditingActions] Inserting text combine CRLF as single return: '
' at the current caret position: '(Ln: 13, Ch: 65)'
    (44:23.608) [Visual Studio Host (11564):VisualStudioTextEditingActions] Inserting text: '&lt;meter value="2" min="0" max="10"&gt;2 output of 10&lt;/meter&gt;&lt;br&gt;' at the current caret position: '(Ln: 14, Ch: 9)'
    (44:24.652) [Visual Studio Host (11564):VisualStudioTextEditingActions] Deleting to the end of line of the current caret position, position: '(Ln: 14, Ch: 71)', line: '14'
    (44:25.210) [Visual Studio Host (11564):TextEditorDocumentWindowTestExtension] Showing window 'HtmlPage.html' without activating the window.
    (44:25.759) [Visual Studio Host (11564):TextEditorDocumentWindowTestExtension] Showing window 'HtmlPage.html'.
    (44:26.303) [Visual Studio Host (11564):TextEditorDocumentWindowTestExtension] Showing window 'HtmlPage.html' without activating the window.
    (44:26.872) [Visual Studio Host (11564):TextEditorDocumentWindowTestExtension] Showing window 'HtmlPage.html'.
    (44:27.499) [Visual Studio Host (11564):VisualStudioIntellisenseService] Did not find an active completion session. Please use Verify.IsCompletionListPresent() to make sure that the list is present before requesting the completion session.
    Warning: (44:28.075) [Visual Studio Host (11564):VisualStudioIntellisenseService] No active completion sessions were found for editor 'HtmlPage.html'.
    (44:28.704) [Visual Studio Host (11564):VisualStudioTextEditingActions] Inserting text combine CRLF as single return: '
' at the current caret position: '(Ln: 14, Ch: 71)'
    (44:29.450) [Visual Studio Host (11564):VisualStudioTextEditingActions] Inserting text: '&lt;meter value="0.6"&gt;60%&lt;/meter&gt;' at the current caret position: '(Ln: 15, Ch: 9)'
    (44:30.485) [Visual Studio Host (11564):VisualStudioTextEditingActions] Deleting to the end of line of the current caret position, position: '(Ln: 15, Ch: 39)', line: '15'
    (44:31.144) [Visual Studio Host (11564):TextEditorDocumentWindowTestExtension] Showing window 'HtmlPage.html' without activating the window.
    (44:31.916) [Visual Studio Host (11564):TextEditorDocumentWindowTestExtension] Showing window 'HtmlPage.html'.
    (44:32.584) [Visual Studio Host (11564):TextEditorDocumentWindowTestExtension] Showing window 'HtmlPage.html' without activating the window.
    (44:33.192) [Visual Studio Host (11564):TextEditorDocumentWindowTestExtension] Showing window 'HtmlPage.html'.
    (44:33.772) [Visual Studio Host (11564):VisualStudioIntellisenseService] Did not find an active completion session. Please use Verify.IsCompletionListPresent() to make sure that the list is present before requesting the completion session.
    Warning: (44:34.345) [Visual Studio Host (11564):VisualStudioIntellisenseService] No active completion sessions were found for editor 'HtmlPage.html'.
    (44:34.920) [Visual Studio Host (11564):VisualStudioTextEditingActions] Inserting text combine CRLF as single return: '
' at the current caret position: '(Ln: 15, Ch: 39)'
    (44:35.479) [Visual Studio Host (11564):VisualStudioTextEditingActions] Inserting text: '&lt;nav&gt;' at the current caret position: '(Ln: 16, Ch: 9)'
    (44:36.126) [Visual Studio Host (11564):VisualStudioTextEditingActions] Deleting to the end of line of the current caret position, position: '(Ln: 16, Ch: 14)', line: '16'
    (44:36.866) [Visual Studio Host (11564):TextEditorDocumentWindowTestExtension] Showing window 'HtmlPage.html' without activating the window.
    (44:37.617) [Visual Studio Host (11564):TextEditorDocumentWindowTestExtension] Showing window 'HtmlPage.html'.
    (44:38.302) [Visual Studio Host (11564):TextEditorDocumentWindowTestExtension] Showing window 'HtmlPage.html' without activating the window.
    (44:38.947) [Visual Studio Host (11564):TextEditorDocumentWindowTestExtension] Showing window 'HtmlPage.html'.
    (44:39.508) [Visual Studio Host (11564):VisualStudioIntellisenseService] Did not find an active completion session. Please use Verify.IsCompletionListPresent() to make sure that the list is present before requesting the completion session.
    Warning: (44:40.192) [Visual Studio Host (11564):VisualStudioIntellisenseService] No active completion sessions were found for editor 'HtmlPage.html'.
    (44:40.797) [Visual Studio Host (11564):VisualStudioTextEditingActions] Inserting text combine CRLF as single return: '
' at the current caret position: '(Ln: 16, Ch: 14)'
    (44:41.502) [Visual Studio Host (11564):VisualStudioTextEditingActions] Inserting text: '&lt;a href="/html5/"&gt;HTML&lt;/a&gt; |' at the current caret position: '(Ln: 17, Ch: 13)'
    (44:42.914) [Visual Studio Host (11564):VisualStudioTextEditingActions] Deleting to the end of line of the current caret position, position: '(Ln: 17, Ch: 41)', line: '17'
    (44:44.025) [Visual Studio Host (11564):TextEditorDocumentWindowTestExtension] Showing window 'HtmlPage.html' without activating the window.
    (44:45.108) [Visual Studio Host (11564):TextEditorDocumentWindowTestExtension] Showing window 'HtmlPage.html'.
    (44:45.682) [Visual Studio Host (11564):TextEditorDocumentWindowTestExtension] Showing window 'HtmlPage.html' without activating the window.
    (44:46.230) [Visual Studio Host (11564):TextEditorDocumentWindowTestExtension] Showing window 'HtmlPage.html'.
    (44:46.849) [Visual Studio Host (11564):VisualStudioIntellisenseService] Did not find an active completion session. Please use Verify.IsCompletionListPresent() to make sure that the list is present before requesting the completion session.
    Warning: (44:47.466) [Visual Studio Host (11564):VisualStudioIntellisenseService] No active completion sessions were found for editor 'HtmlPage.html'.
    (44:48.143) [Visual Studio Host (11564):VisualStudioTextEditingActions] Inserting text combine CRLF as single return: '
' at the current caret position: '(Ln: 17, Ch: 41)'
    (44:48.811) [Visual Studio Host (11564):VisualStudioTextEditingActions] Inserting text: '&lt;a href="/CSS/" accesskey="c" tabindex="1"&gt;CSS&lt;/a&gt; |' at the current caret position: '(Ln: 18, Ch: 13)'
    (44:50.496) [Visual Studio Host (11564):VisualStudioTextEditingActions] Deleting to the end of line of the current caret position, position: '(Ln: 18, Ch: 65)', line: '18'
    (44:51.884) [Visual Studio Host (11564):TextEditorDocumentWindowTestExtension] Showing window 'HtmlPage.html' without activating the window.
    (44:53.142) [Visual Studio Host (11564):TextEditorDocumentWindowTestExtension] Showing window 'HtmlPage.html'.
    (44:53.688) [Visual Studio Host (11564):TextEditorDocumentWindowTestExtension] Showing window 'HtmlPage.html' without activating the window.
    (44:54.306) [Visual Studio Host (11564):TextEditorDocumentWindowTestExtension] Showing window 'HtmlPage.html'.
    (44:55.376) [Visual Studio Host (11564):VisualStudioIntellisenseService] Did not find an active completion session. Please use Verify.IsCompletionListPresent() to make sure that the list is present before requesting the completion session.
    Warning: (44:56.064) [Visual Studio Host (11564):VisualStudioIntellisenseService] No active completion sessions were found for editor 'HtmlPage.html'.
    (44:56.670) [Visual Studio Host (11564):VisualStudioTextEditingActions] Inserting text combine CRLF as single return: '
' at the current caret position: '(Ln: 18, Ch: 65)'
    (44:57.333) [Visual Studio Host (11564):VisualStudioTextEditingActions] Inserting text: '&lt;a href="/JSON/" accesskey="j" tabindex="2"&gt;JSON&lt;/a&gt; |' at the current caret position: '(Ln: 19, Ch: 13)'
    (44:59.077) [Visual Studio Host (11564):VisualStudioTextEditingActions] Deleting to the end of line of the current caret position, position: '(Ln: 19, Ch: 67)', line: '19'
    (45:00.449) [Visual Studio Host (11564):TextEditorDocumentWindowTestExtension] Showing window 'HtmlPage.html' without activating the window.
    (45:01.860) [Visual Studio Host (11564):TextEditorDocumentWindowTestExtension] Showing window 'HtmlPage.html'.
    (45:02.554) [Visual Studio Host (11564):TextEditorDocumentWindowTestExtension] Showing window 'HtmlPage.html' without activating the window.
    (45:03.171) [Visual Studio Host (11564):TextEditorDocumentWindowTestExtension] Showing window 'HtmlPage.html'.
    (45:03.779) [Visual Studio Host (11564):VisualStudioIntellisenseService] Did not find an active completion session. Please use Verify.IsCompletionListPresent() to make sure that the list is present before requesting the completion session.
    Warning: (45:04.355) [Visual Studio Host (11564):VisualStudioIntellisenseService] No active completion sessions were found for editor 'HtmlPage.html'.
    (45:04.912) [Visual Studio Host (11564):VisualStudioTextEditingActions] Inserting text combine CRLF as single return: '
' at the current caret position: '(Ln: 19, Ch: 67)'
    (45:05.489) [Visual Studio Host (11564):VisualStudioTextEditingActions] Inserting text: '&lt;a href="/jquery/" accesskey="q" tabindex="3"&gt;jQuery&lt;/a&gt;' at the current caret position: '(Ln: 20, Ch: 13)'
    (45:07.238) [Visual Studio Host (11564):VisualStudioTextEditingActions] Deleting to the end of line of the current caret position, position: '(Ln: 20, Ch: 69)', line: '20'
    (45:08.504) [Visual Studio Host (11564):TextEditorDocumentWindowTestExtension] Showing window 'HtmlPage.html' without activating the window.
    (45:09.780) [Visual Studio Host (11564):TextEditorDocumentWindowTestExtension] Showing window 'HtmlPage.html'.
    (45:10.442) [Visual Studio Host (11564):TextEditorDocumentWindowTestExtension] Showing window 'HtmlPage.html' without activating the window.
    (45:11.091) [Visual Studio Host (11564):TextEditorDocumentWindowTestExtension] Showing window 'HtmlPage.html'.
    (45:11.705) [Visual Studio Host (11564):VisualStudioIntellisenseService] Did not find an active completion session. Please use Verify.IsCompletionListPresent() to make sure that the list is present before requesting the completion session.
    Warning: (45:12.381) [Visual Studio Host (11564):VisualStudioIntellisenseService] No active completion sessions were found for editor 'HtmlPage.html'.
    (45:13.000) [Visual Studio Host (11564):VisualStudioTextEditingActions] Inserting text combine CRLF as single return: '
' at the current caret position: '(Ln: 20, Ch: 69)'
    (45:13.693) [Visual Studio Host (11564):VisualStudioTextEditingActions] Inserting text: '&lt;/nav&gt;' at the current caret position: '(Ln: 21, Ch: 9)'
    (45:14.299) [Visual Studio Host (11564):VisualStudioTextEditingActions] Deleting to the end of line of the current caret position, position: '(Ln: 21, Ch: 15)', line: '21'
    (45:14.872) [Visual Studio Host (11564):TextEditorDocumentWindowTestExtension] Showing window 'HtmlPage.html' without activating the window.
    (45:15.550) [Visual Studio Host (11564):TextEditorDocumentWindowTestExtension] Showing window 'HtmlPage.html'.
    (45:16.223) [Visual Studio Host (11564):TextEditorDocumentWindowTestExtension] Showing window 'HtmlPage.html' without activating the window.
    (45:16.918) [Visual Studio Host (11564):TextEditorDocumentWindowTestExtension] Showing window 'HtmlPage.html'.
    (45:17.649) [Visual Studio Host (11564):VisualStudioIntellisenseService] Did not find an active completion session. Please use Verify.IsCompletionListPresent() to make sure that the list is present before requesting the completion session.
    Warning: (45:18.367) [Visual Studio Host (11564):VisualStudioIntellisenseService] No active completion sessions were found for editor 'HtmlPage.html'.
    (45:19.079) [Visual Studio Host (11564):VisualStudioTextEditingActions] Inserting text combine CRLF as single return: '
' at the current caret position: '(Ln: 21, Ch: 15)'
    (45:19.754) [Visual Studio Host (11564):TextEditorDocumentWindowTestExtension] Showing window 'HtmlPage.html' without activating the window.
    (45:20.452) [Visual Studio Host (11564):TextEditorDocumentWindowTestExtension] Showing window 'HtmlPage.html'.
    + ExternalProcessHostTest TestCleanup
        (45:21.847) [Visual Studio Host (11564):TextEditorDocumentWindowTestExtension] Closing window 'HtmlPage.html'.
        (45:22.631) [Platform:Testcase] Test 'VSTest_TypingTags_Map_to_Nav' has 'Passed' outcome. Therefore, Apex will not shut down the 'Visual Studio Host (11564)' with process ID '11564'. A subsequent test scenario will run on the same instance of the host.
    + Final Test Result Verification
        (45:24.729) [Platform:DelayedAssertionVerifierSink] Verification Success: 0 verification steps failed.
    + ApexTest TestCleanup</StdOut>
      </Output>
      <ResultFiles>
        <ResultFile path="WNVM19648\Fail.azqsczivabnm.png" />
        <ResultFile path="WNVM19648\Fail.ig2gsfz5ad1y.png" />
        <ResultFile path="WNVM19648\Fail.o5zf0zepaw0l.png" />
        <ResultFile path="WNVM19648\OmniLog.html" />
        <ResultFile path="WNVM19648\OmniLogRawXml.xml" />
      </ResultFiles>
    </UnitTestResult>
    <UnitTestResult executionId="82032db9-801c-4792-bfb3-5cf292ae4bdf" testId="faef5f8d-bc28-4764-65b4-de8d3a2281c5" testName="VSTest_JSON_SchemaHandlerSelect_ImplicitSchema" computerName="WNVM19648" duration="00:00:08.2809712" startTime="2018-04-17T02:14:40.4119827-07:00" endTime="2018-04-17T02:14:48.6929539-07:00" testType="13cdc9d9-ddb5-4fa4-a97d-d965ccfc6d4b" outcome="Passed" testListId="8c84fa94-04c1-424b-9868-57a2d4851a1d" relativeResultsDirectory="82032db9-801c-4792-bfb3-5cf292ae4bdf">
      <Output>
        <StdOut>+ SchemaValidation::VSTest_JSON_SchemaHandlerSelect_ImplicitSchema
    + ApexTest TestInitialize
    + ExternalProcessHostTest TestInitialize
        (02:16:22.130) [Visual Studio Host (4596):RoamingSettingsService] Disabling roaming settings.
        (02:16:22.268) [Visual Studio Host (4596):SettingsService] Setting Visual Studio option 'Environment\RoamingSettings\RoamingEnabled' to 'False'.
        (02:16:22.877) [Visual Studio Host (4596):TextEditorDocumentWindowTestExtension] Showing window 'EmptyWithoutSchema.json' without activating the window.
        (02:16:23.096) [Visual Studio Host (4596):TextEditorDocumentWindowTestExtension] Showing window 'EmptyWithoutSchema.json'.
        (02:16:23.377) [Visual Studio Host (4596):VisualStudioTextEditorTestExtension] Setting keyboard focus to editor 'EmptyWithoutSchema.json'.
        (02:16:23.533) [Visual Studio Host (4596):MainWindowService] Activating main window to bring it to the foreground.
        (02:16:23.721) [Visual Studio Host (4596):MainWindowService] Setting main window state to 'Maximized'.
    (02:16:24.096) [Visual Studio Host (4596):TextEditorDocumentWindowTestExtension] Showing window 'EmptyWithoutSchema.json' without activating the window.
    (02:16:24.236) [Visual Studio Host (4596):TextEditorDocumentWindowTestExtension] Showing window 'EmptyWithoutSchema.json'.
    (02:16:24.393) [Visual Studio Host (4596):ToolWindowTestExtension] Showing window 'Error List' without activating the window.
    (02:16:24.549) [Visual Studio Host (4596):ToolWindowTestExtension] Showing window 'Error List' without activating the window.
    (02:16:24.690) [Visual Studio Host (4596):ErrorListService] Showing error list error items.
    (02:16:24.861) [Visual Studio Host (4596):ToolWindowTestExtension] Showing window 'Error List' without activating the window.
    (02:16:25.002) [Visual Studio Host (4596):ErrorListService] Showing error list message items.
    (02:16:25.158) [Visual Studio Host (4596):ToolWindowTestExtension] Showing window 'Error List' without activating the window.
    (02:16:25.299) [Visual Studio Host (4596):ErrorListService] Showing error list warning items.
    (02:16:27.518) [Visual Studio Host (4596):TextEditorDocumentWindowTestExtension] Showing window 'EmptyWithoutSchema.json' without activating the window.
    (02:16:27.658) [Visual Studio Host (4596):TextEditorDocumentWindowTestExtension] Showing window 'EmptyWithoutSchema.json'.
    + ExternalProcessHostTest TestCleanup
        (02:16:27.955) [Visual Studio Host (4596):TextEditorDocumentWindowTestExtension] Closing window 'EmptyWithoutSchema.json'.
        (02:16:28.268) [Platform:Testcase] Test 'VSTest_JSON_SchemaHandlerSelect_ImplicitSchema' has 'Passed' outcome. Therefore, Apex will not shut down the 'Visual Studio Host (4596)' with process ID '4596'. A subsequent test scenario will run on the same instance of the host.
    + Final Test Result Verification
        (02:16:28.939) [Platform:DelayedAssertionVerifierSink] Verification Success: 0 verification steps failed.
    + ApexTest TestCleanup</StdOut>
      </Output>
      <ResultFiles>
        <ResultFile path="WNVM19648\Fail.22wpw0oka5fs.png" />
        <ResultFile path="WNVM19648\Fail.24wtv1jnawc3.png" />
        <ResultFile path="WNVM19648\Fail.2dvw33g3abcx.png" />
        <ResultFile path="WNVM19648\Fail.2lws5epta1gw.png" />
        <ResultFile path="WNVM19648\Fail.2osatv43agzz.png" />
        <ResultFile path="WNVM19648\Fail.33ju4eduay3u.png" />
        <ResultFile path="WNVM19648\Fail.3poblbx4alvv.png" />
        <ResultFile path="WNVM19648\Fail.4p531ykxaqdb.png" />
        <ResultFile path="WNVM19648\Fail.5erbsz3aa4ay.png" />
        <ResultFile path="WNVM19648\Fail.ashpv3rjajjr.png" />
        <ResultFile path="WNVM19648\Fail.aswak04hapa5.png" />
        <ResultFile path="WNVM19648\Fail.azqsczivabnm.png" />
        <ResultFile path="WNVM19648\Fail.byuslv5baqsd.png" />
        <ResultFile path="WNVM19648\Fail.bz134qwyax2e.png" />
        <ResultFile path="WNVM19648\Fail.czhshhzmawco.png" />
        <ResultFile path="WNVM19648\Fail.ek4tb3wmalyl.png" />
        <ResultFile path="WNVM19648\Fail.hxi2cahnapy2.png" />
        <ResultFile path="WNVM19648\Fail.ig2gsfz5ad1y.png" />
        <ResultFile path="WNVM19648\Fail.iymeazuqablz.png" />
        <ResultFile path="WNVM19648\Fail.jpga4adlarrf.png" />
        <ResultFile path="WNVM19648\Fail.kfb5og41ajlt.png" />
        <ResultFile path="WNVM19648\Fail.kp4fcfcpa5bw.png" />
        <ResultFile path="WNVM19648\Fail.kxs1ersmaxma.png" />
        <ResultFile path="WNVM19648\Fail.lbyrcmqbastb.png" />
        <ResultFile path="WNVM19648\Fail.loc0xhl5a2hr.png" />
        <ResultFile path="WNVM19648\Fail.lthgvalfaxfr.png" />
        <ResultFile path="WNVM19648\Fail.mazsob3aamsp.png" />
        <ResultFile path="WNVM19648\Fail.n13clx4iaowv.png" />
        <ResultFile path="WNVM19648\Fail.n3c2bmltan5e.png" />
        <ResultFile path="WNVM19648\Fail.o4kkrjboasbk.png" />
        <ResultFile path="WNVM19648\Fail.o5zf0zepaw0l.png" />
        <ResultFile path="WNVM19648\Fail.pdo2mhdtanq2.png" />
        <ResultFile path="WNVM19648\Fail.pprwzak1ac5h.png" />
        <ResultFile path="WNVM19648\Fail.qagtqbftat3h.png" />
        <ResultFile path="WNVM19648\Fail.qbnuydioazjy.png" />
        <ResultFile path="WNVM19648\Fail.raasvsmeanc1.png" />
        <ResultFile path="WNVM19648\Fail.rymman3va50a.png" />
        <ResultFile path="WNVM19648\Fail.sidku4gxamg4.png" />
        <ResultFile path="WNVM19648\Fail.swwzdfhraz25.png" />
        <ResultFile path="WNVM19648\Fail.t4yj0fxuatil.png" />
        <ResultFile path="WNVM19648\Fail.v0ywfcwsa23p.png" />
        <ResultFile path="WNVM19648\Fail.vjqtiv2zaclz.png" />
        <ResultFile path="WNVM19648\Fail.wiz4mofdavag.png" />
        <ResultFile path="WNVM19648\Fail.xasrdkzvaogc.png" />
        <ResultFile path="WNVM19648\Fail.yd3ferxiaq1c.png" />
        <ResultFile path="WNVM19648\Fail.z10rn0n5ajdm.png" />
        <ResultFile path="WNVM19648\Fail.z2gelfy0aa1q.png" />
        <ResultFile path="WNVM19648\Fail.zpuouf2fa0ib.png" />
        <ResultFile path="WNVM19648\OmniLog.html" />
        <ResultFile path="WNVM19648\OmniLogRawXml.xml" />
      </ResultFiles>
    </UnitTestResult>
    <UnitTestResult executionId="e0678603-e382-479f-bf16-40dde81780fd" testId="8dfdda55-04ed-dfa5-c2cd-90421aaa0283" testName="VSTest_Completion_Url_AppRel_In_Cshtml" computerName="WNVM19648" duration="00:00:04.0886094" startTime="2018-04-17T00:15:22.0274712-07:00" endTime="2018-04-17T00:15:26.1160806-07:00" testType="13cdc9d9-ddb5-4fa4-a97d-d965ccfc6d4b" outcome="Passed" testListId="8c84fa94-04c1-424b-9868-57a2d4851a1d" relativeResultsDirectory="e0678603-e382-479f-bf16-40dde81780fd">
      <Output>
        <StdOut>+ CompletionTests::VSTest_Completion_Url_AppRel_In_Cshtml
    + ApexTest TestInitialize
    + ExternalProcessHostTest TestInitialize
        (17:03.336) [Visual Studio Host (6956):RoamingSettingsService] Disabling roaming settings.
        (17:03.378) [Visual Studio Host (6956):SettingsService] Setting Visual Studio option 'Environment\RoamingSettings\RoamingEnabled' to 'False'.
        (17:03.661) [Visual Studio Host (6956):TextEditorDocumentWindowTestExtension] Showing window 'default.cshtml' without activating the window.
        (17:03.736) [Visual Studio Host (6956):TextEditorDocumentWindowTestExtension] Showing window 'default.cshtml'.
        (17:03.813) [Visual Studio Host (6956):VisualStudioTextEditorTestExtension] Setting keyboard focus to editor 'default.cshtml'.
        (17:03.867) [Visual Studio Host (6956):MainWindowService] Activating main window to bring it to the foreground.
        (17:03.924) [Visual Studio Host (6956):MainWindowService] Setting main window state to 'Maximized'.
    (17:04.055) [Visual Studio Host (6956):TextEditorDocumentWindowTestExtension] Showing window 'default.cshtml' without activating the window.
    (17:04.113) [Visual Studio Host (6956):TextEditorDocumentWindowTestExtension] Showing window 'default.cshtml'.
    (17:04.175) [Visual Studio Host (6956):VisualStudioCaretTestExtension] Moving the caret to '&lt;body&gt;' at (Ln: 8, Ch: 1) based on a regular expression.  Expression = "&lt;body&gt;" [group index '0', match index '1', options 'Singleline, CultureInvariant']
    (17:04.242) [Visual Studio Host (6956):TextEditorDocumentWindowTestExtension] Showing window 'default.cshtml' without activating the window.
    (17:04.302) [Visual Studio Host (6956):TextEditorDocumentWindowTestExtension] Showing window 'default.cshtml'.
    (17:04.372) [Visual Studio Host (6956):VisualStudioCaretTestExtension] Moving the caret from (Ln: 8, Ch: 1) down '1' lines
    (17:04.415) [Visual Studio Host (6956):VisualStudioTextEditorTestExtension] Setting keyboard focus to editor 'default.cshtml'.
    (17:04.473) [Visual Studio Host (6956):TextEditorDocumentWindowTestExtension] Showing window 'default.cshtml' without activating the window.
    (17:04.560) [Visual Studio Host (6956):TextEditorDocumentWindowTestExtension] Showing window 'default.cshtml'.
    (17:04.776) [Visual Studio Host (6956):TextEditorDocumentWindowTestExtension] Showing window 'default.cshtml' without activating the window.
    (17:04.945) [Visual Studio Host (6956):TextEditorDocumentWindowTestExtension] Showing window 'default.cshtml'.
    (17:05.064) [Visual Studio Host (6956):VisualStudioIntellisenseService] Getting the active completion at position '(Ln: 9, Ch: 10)'.
    (17:05.123) [Visual Studio Host (6956):VisualStudioCompletionListTestExtension] Found completion item with name 
    (17:05.193) [Visual Studio Host (6956):TextEditorDocumentWindowTestExtension] Showing window 'default.cshtml' without activating the window.
    (17:05.239) [Visual Studio Host (6956):TextEditorDocumentWindowTestExtension] Showing window 'default.cshtml'.
    (17:05.477) [Visual Studio Host (6956):TextEditorDocumentWindowTestExtension] Showing window 'default.cshtml' without activating the window.
    (17:05.533) [Visual Studio Host (6956):TextEditorDocumentWindowTestExtension] Showing window 'default.cshtml'.
    (17:05.621) [Visual Studio Host (6956):VisualStudioIntellisenseService] Getting the active completion at position '(Ln: 9, Ch: 23)'.
    (17:05.681) [Visual Studio Host (6956):VisualStudioCompletionListTestExtension] Found completion item with name 
    (17:05.737) [Visual Studio Host (6956):TextEditorDocumentWindowTestExtension] Showing window 'default.cshtml' without activating the window.
    (17:05.788) [Visual Studio Host (6956):TextEditorDocumentWindowTestExtension] Showing window 'default.cshtml'.
    (17:06.002) [Visual Studio Host (6956):TextEditorDocumentWindowTestExtension] Showing window 'default.cshtml' without activating the window.
    (17:06.064) [Visual Studio Host (6956):TextEditorDocumentWindowTestExtension] Showing window 'default.cshtml'.
    (17:06.128) [Visual Studio Host (6956):VisualStudioIntellisenseService] Getting the active completion at position '(Ln: 9, Ch: 31)'.
    (17:06.178) [Visual Studio Host (6956):VisualStudioCompletionListTestExtension] Found completion item with name 
    (17:06.223) [Visual Studio Host (6956):TextEditorDocumentWindowTestExtension] Showing window 'default.cshtml' without activating the window.
    (17:06.267) [Visual Studio Host (6956):TextEditorDocumentWindowTestExtension] Showing window 'default.cshtml'.
    (17:06.378) [Visual Studio Host (6956):TextEditorDocumentWindowTestExtension] Showing window 'default.cshtml' without activating the window.
    (17:06.442) [Visual Studio Host (6956):TextEditorDocumentWindowTestExtension] Showing window 'default.cshtml'.
    + ExternalProcessHostTest TestCleanup
        (17:06.563) [Visual Studio Host (6956):TextEditorDocumentWindowTestExtension] Closing window 'default.cshtml'.
        (17:06.818) [Platform:Testcase] Test 'VSTest_Completion_Url_AppRel_In_Cshtml' has 'Passed' outcome. Therefore, Apex will not shut down the 'Visual Studio Host (6956)' with process ID '6956'. A subsequent test scenario will run on the same instance of the host.
    + Final Test Result Verification
        (17:06.990) [Platform:DelayedAssertionVerifierSink] Verification Success: 0 verification steps failed.
    + ApexTest TestCleanup</StdOut>
      </Output>
      <ResultFiles>
        <ResultFile path="WNVM19648\Fail.azqsczivabnm.png" />
        <ResultFile path="WNVM19648\Fail.ig2gsfz5ad1y.png" />
        <ResultFile path="WNVM19648\Fail.o5zf0zepaw0l.png" />
        <ResultFile path="WNVM19648\OmniLog.html" />
        <ResultFile path="WNVM19648\OmniLogRawXml.xml" />
      </ResultFiles>
    </UnitTestResult>
    <UnitTestResult executionId="29c693af-d393-4938-b91b-77646e1f2987" testId="3f8b9b7d-5c22-2506-2dc6-ddc56addf94c" testName="VSTest_Razor_TagHelpers_OptOut" computerName="WNVM19648" duration="00:00:43.4136327" startTime="2018-04-17T01:20:23.6940666-07:00" endTime="2018-04-17T01:21:07.1076993-07:00" testType="13cdc9d9-ddb5-4fa4-a97d-d965ccfc6d4b" outcome="Failed" testListId="8c84fa94-04c1-424b-9868-57a2d4851a1d" relativeResultsDirectory="29c693af-d393-4938-b91b-77646e1f2987">
      <Output>
        <StdOut>+ RazorTagHelperTests::VSTest_Razor_TagHelpers_OptOut
    + ApexTest TestInitialize
    + ExternalProcessHostTest TestInitialize
        (01:22:05.484) [Visual Studio Host (10528):RoamingSettingsService] Disabling roaming settings.
        (01:22:05.639) [Visual Studio Host (10528):SettingsService] Setting Visual Studio option 'Environment\RoamingSettings\RoamingEnabled' to 'False'.
        (01:22:06.255) [Visual Studio Host (10528):TextEditorDocumentWindowTestExtension] Showing window 'TagHelpers.cshtml' without activating the window.
        (01:22:06.498) [Visual Studio Host (10528):TextEditorDocumentWindowTestExtension] Showing window 'TagHelpers.cshtml'.
        (01:22:06.687) [Visual Studio Host (10528):VisualStudioTextEditorTestExtension] Setting keyboard focus to editor 'TagHelpers.cshtml'.
        (01:22:06.851) [Visual Studio Host (10528):MainWindowService] Activating main window to bring it to the foreground.
        (01:22:06.995) [Visual Studio Host (10528):MainWindowService] Setting main window state to 'Maximized'.
    (01:22:07.369) [Visual Studio Host (10528):TextEditorDocumentWindowTestExtension] Showing window 'TagHelpers.cshtml' without activating the window.
    (01:22:07.526) [Visual Studio Host (10528):TextEditorDocumentWindowTestExtension] Showing window 'TagHelpers.cshtml'.
    (01:22:07.684) [Visual Studio Host (10528):VisualStudioCaretTestExtension] Moving the caret to '&lt;body&gt;' at (Ln: 5, Ch: 1) based on a regular expression.  Expression = "()&lt;body&gt;" [group index '0', match index '1', options 'Singleline, CultureInvariant']
    (01:22:09.486) [Visual Studio Host (10528):TextEditorDocumentWindowTestExtension] Showing window 'TagHelpers.cshtml' without activating the window.
    (01:22:10.884) [Visual Studio Host (10528):TextEditorDocumentWindowTestExtension] Showing window 'TagHelpers.cshtml'.
    (01:22:12.298) [Visual Studio Host (10528):VisualStudioCaretTestExtension] Moving the caret from (Ln: 5, Ch: 1) down '1' lines
    (01:22:12.457) [Visual Studio Host (10528):VisualStudioTextEditorTestExtension] Setting keyboard focus to editor 'TagHelpers.cshtml'.
    + Ensure initial tag helper attributes are present
        (01:22:12.760) [Visual Studio Host (10528):TextEditorDocumentWindowTestExtension] Showing window 'TagHelpers.cshtml' without activating the window.
        (01:22:12.908) [Visual Studio Host (10528):TextEditorDocumentWindowTestExtension] Showing window 'TagHelpers.cshtml'.
        (01:22:13.167) [Visual Studio Host (10528):TextEditorDocumentWindowTestExtension] Showing window 'TagHelpers.cshtml' without activating the window.
        (01:22:13.419) [Visual Studio Host (10528):TextEditorDocumentWindowTestExtension] Showing window 'TagHelpers.cshtml'.
        (01:22:13.619) [Visual Studio Host (10528):VisualStudioIntellisenseService] Getting the active completion at position '(Ln: 6, Ch: 4)'.
        (01:22:13.798) [Visual Studio Host (10528):VisualStudioCompletionListTestExtension] Unable to find completion item with name 
        (01:22:13.945) [Visual Studio Host (10528):VisualStudioCompletionListTestExtension] Found completion item with name 
        (01:22:14.227) [Visual Studio Host (10528):VisualStudioCompletionListTestExtension] Retrieved '48' completion items.
        (01:22:14.900) [Visual Studio Host (10528):VisualStudioIntellisenseService] Getting the active completion at position '(Ln: 6, Ch: 4)'.
        (01:22:15.040) [Visual Studio Host (10528):VisualStudioCompletionListTestExtension] Unable to find completion item with name 
        (01:22:15.182) [Visual Studio Host (10528):VisualStudioCompletionListTestExtension] Found completion item with name 
        (01:22:15.419) [Visual Studio Host (10528):VisualStudioCompletionListTestExtension] Retrieved '48' completion items.
        (01:22:16.171) [Visual Studio Host (10528):VisualStudioIntellisenseService] Getting the active completion at position '(Ln: 6, Ch: 4)'.
        (01:22:16.352) [Visual Studio Host (10528):VisualStudioCompletionListTestExtension] Unable to find completion item with name 
        (01:22:16.518) [Visual Studio Host (10528):VisualStudioCompletionListTestExtension] Found completion item with name 
        (01:22:16.748) [Visual Studio Host (10528):VisualStudioCompletionListTestExtension] Retrieved '48' completion items.
        (01:22:17.420) [Visual Studio Host (10528):VisualStudioIntellisenseService] Getting the active completion at position '(Ln: 6, Ch: 4)'.
        (01:22:17.557) [Visual Studio Host (10528):VisualStudioCompletionListTestExtension] Unable to find completion item with name 
        (01:22:17.707) [Visual Studio Host (10528):VisualStudioCompletionListTestExtension] Found completion item with name 
        (01:22:17.892) [Visual Studio Host (10528):VisualStudioCompletionListTestExtension] Retrieved '48' completion items.
        (01:22:18.554) [Visual Studio Host (10528):VisualStudioIntellisenseService] Getting the active completion at position '(Ln: 6, Ch: 4)'.
        (01:22:18.691) [Visual Studio Host (10528):VisualStudioCompletionListTestExtension] Unable to find completion item with name 
        (01:22:18.842) [Visual Studio Host (10528):VisualStudioCompletionListTestExtension] Found completion item with name 
        (01:22:19.035) [Visual Studio Host (10528):VisualStudioCompletionListTestExtension] Retrieved '48' completion items.
        (01:22:19.690) [Visual Studio Host (10528):VisualStudioIntellisenseService] Getting the active completion at position '(Ln: 6, Ch: 4)'.
        (01:22:19.821) [Visual Studio Host (10528):VisualStudioCompletionListTestExtension] Unable to find completion item with name 
        (01:22:20.011) [Visual Studio Host (10528):VisualStudioCompletionListTestExtension] Found completion item with name 
        (01:22:20.260) [Visual Studio Host (10528):VisualStudioCompletionListTestExtension] Retrieved '48' completion items.
        (01:22:20.929) [Visual Studio Host (10528):VisualStudioIntellisenseService] Getting the active completion at position '(Ln: 6, Ch: 4)'.
        (01:22:21.111) [Visual Studio Host (10528):VisualStudioCompletionListTestExtension] Unable to find completion item with name 
        (01:22:21.260) [Visual Studio Host (10528):VisualStudioCompletionListTestExtension] Found completion item with name 
        (01:22:21.452) [Visual Studio Host (10528):VisualStudioCompletionListTestExtension] Retrieved '48' completion items.
        (01:22:22.111) [Visual Studio Host (10528):VisualStudioIntellisenseService] Getting the active completion at position '(Ln: 6, Ch: 4)'.
        (01:22:22.260) [Visual Studio Host (10528):VisualStudioCompletionListTestExtension] Unable to find completion item with name 
        (01:22:22.440) [Visual Studio Host (10528):VisualStudioCompletionListTestExtension] Found completion item with name 
        (01:22:22.662) [Visual Studio Host (10528):VisualStudioCompletionListTestExtension] Retrieved '48' completion items.
        (01:22:23.307) [Visual Studio Host (10528):VisualStudioIntellisenseService] Getting the active completion at position '(Ln: 6, Ch: 4)'.
        (01:22:23.502) [Visual Studio Host (10528):VisualStudioCompletionListTestExtension] Unable to find completion item with name 
        (01:22:23.656) [Visual Studio Host (10528):VisualStudioCompletionListTestExtension] Found completion item with name 
        (01:22:23.838) [Visual Studio Host (10528):VisualStudioCompletionListTestExtension] Retrieved '48' completion items.
        (01:22:24.499) [Visual Studio Host (10528):VisualStudioIntellisenseService] Getting the active completion at position '(Ln: 6, Ch: 4)'.
        (01:22:24.643) [Visual Studio Host (10528):VisualStudioCompletionListTestExtension] Unable to find completion item with name 
        (01:22:24.784) [Visual Studio Host (10528):VisualStudioCompletionListTestExtension] Found completion item with name 
        (01:22:24.966) [Visual Studio Host (10528):VisualStudioCompletionListTestExtension] Retrieved '48' completion items.
        (01:22:25.654) [Visual Studio Host (10528):VisualStudioIntellisenseService] Getting the active completion at position '(Ln: 6, Ch: 4)'.
        (01:22:25.787) [Visual Studio Host (10528):VisualStudioCompletionListTestExtension] Unable to find completion item with name 
        (01:22:25.919) [Visual Studio Host (10528):VisualStudioCompletionListTestExtension] Found completion item with name 
        (01:22:26.111) [Visual Studio Host (10528):VisualStudioCompletionListTestExtension] Retrieved '48' completion items.
        (01:22:26.774) [Visual Studio Host (10528):VisualStudioIntellisenseService] Getting the active completion at position '(Ln: 6, Ch: 4)'.
        (01:22:26.932) [Visual Studio Host (10528):VisualStudioCompletionListTestExtension] Unable to find completion item with name 
        (01:22:27.127) [Visual Studio Host (10528):VisualStudioCompletionListTestExtension] Found completion item with name 
        (01:22:27.330) [Visual Studio Host (10528):VisualStudioCompletionListTestExtension] Retrieved '48' completion items.
        (01:22:27.985) [Visual Studio Host (10528):VisualStudioIntellisenseService] Getting the active completion at position '(Ln: 6, Ch: 4)'.
        (01:22:28.139) [Visual Studio Host (10528):VisualStudioCompletionListTestExtension] Unable to find completion item with name 
        (01:22:28.273) [Visual Studio Host (10528):VisualStudioCompletionListTestExtension] Found completion item with name 
        (01:22:28.472) [Visual Studio Host (10528):VisualStudioCompletionListTestExtension] Retrieved '48' completion items.
        (01:22:28.626) [Visual Studio Host (10528):VisualStudioIntellisenseService] Getting the active completion at position '(Ln: 6, Ch: 4)'.
        (01:22:28.801) [Visual Studio Host (10528):VisualStudioCompletionListTestExtension] Unable to find completion item with name 
        (01:22:28.991) [Visual Studio Host (10528):VisualStudioCompletionListTestExtension] Found completion item with name 
        (01:22:29.182) [Visual Studio Host (10528):VisualStudioCompletionListTestExtension] Retrieved '48' completion items.
        (01:22:29.339) [Visual Studio Host (10528):VisualStudioCompletionListTestExtension] Dismissing completion session.
        (01:22:30.001) [Visual Studio Host (10528):VisualStudioIntellisenseService] Did not find an active completion session. Please use Verify.IsCompletionListPresent() to make sure that the list is present before requesting the completion session.
        Warning: (01:22:30.137) [Visual Studio Host (10528):VisualStudioIntellisenseService] No active completion sessions were found for editor 'TagHelpers.cshtml'.
        (01:22:30.284) [Visual Studio Host (10528):VisualStudioIntellisenseService] Invoking Completion member list at '(Ln: 6, Ch: 4)'.
        (01:22:30.433) [Visual Studio Host (10528):VisualStudioIntellisenseService] Getting the active completion at position '(Ln: 6, Ch: 4)'.
        (01:22:30.592) [Visual Studio Host (10528):VisualStudioCompletionListTestExtension] Unable to find completion item with name 
        (01:22:30.729) [Visual Studio Host (10528):VisualStudioCompletionListTestExtension] Found completion item with name 
        (01:22:30.929) [Visual Studio Host (10528):VisualStudioCompletionListTestExtension] Retrieved '48' completion items.
        (01:22:31.082) [Visual Studio Host (10528):VisualStudioCompletionListTestExtension] Dismissing completion session.
        (01:22:31.739) [Visual Studio Host (10528):VisualStudioIntellisenseService] Did not find an active completion session. Please use Verify.IsCompletionListPresent() to make sure that the list is present before requesting the completion session.
        Warning: (01:22:31.876) [Visual Studio Host (10528):VisualStudioIntellisenseService] No active completion sessions were found for editor 'TagHelpers.cshtml'.
        (01:22:32.004) [Visual Studio Host (10528):VisualStudioIntellisenseService] Invoking Completion member list at '(Ln: 6, Ch: 4)'.
        (01:22:32.160) [Visual Studio Host (10528):VisualStudioIntellisenseService] Getting the active completion at position '(Ln: 6, Ch: 4)'.
        (01:22:32.301) [Visual Studio Host (10528):VisualStudioCompletionListTestExtension] Unable to find completion item with name 
        (01:22:32.432) [Visual Studio Host (10528):VisualStudioCompletionListTestExtension] Found completion item with name 
        (01:22:32.616) [Visual Studio Host (10528):VisualStudioCompletionListTestExtension] Retrieved '48' completion items.
        (01:22:32.770) [Visual Studio Host (10528):VisualStudioCompletionListTestExtension] Dismissing completion session.
        (01:22:33.415) [Visual Studio Host (10528):VisualStudioIntellisenseService] Did not find an active completion session. Please use Verify.IsCompletionListPresent() to make sure that the list is present before requesting the completion session.
        Warning: (01:22:33.541) [Visual Studio Host (10528):VisualStudioIntellisenseService] No active completion sessions were found for editor 'TagHelpers.cshtml'.
        (01:22:33.668) [Visual Studio Host (10528):VisualStudioIntellisenseService] Invoking Completion member list at '(Ln: 6, Ch: 4)'.
        (01:22:33.809) [Visual Studio Host (10528):VisualStudioIntellisenseService] Getting the active completion at position '(Ln: 6, Ch: 4)'.
        (01:22:33.961) [Visual Studio Host (10528):VisualStudioCompletionListTestExtension] Unable to find completion item with name 
        (01:22:34.090) [Visual Studio Host (10528):VisualStudioCompletionListTestExtension] Found completion item with name 
        (01:22:34.277) [Visual Studio Host (10528):VisualStudioCompletionListTestExtension] Retrieved '48' completion items.
        (01:22:34.451) [Visual Studio Host (10528):VisualStudioCompletionListTestExtension] Dismissing completion session.
        (01:22:35.100) [Visual Studio Host (10528):VisualStudioIntellisenseService] Did not find an active completion session. Please use Verify.IsCompletionListPresent() to make sure that the list is present before requesting the completion session.
        Warning: (01:22:35.236) [Visual Studio Host (10528):VisualStudioIntellisenseService] No active completion sessions were found for editor 'TagHelpers.cshtml'.
        (01:22:35.372) [Visual Studio Host (10528):VisualStudioIntellisenseService] Invoking Completion member list at '(Ln: 6, Ch: 4)'.
        (01:22:35.583) [Visual Studio Host (10528):VisualStudioIntellisenseService] Getting the active completion at position '(Ln: 6, Ch: 4)'.
        (01:22:35.761) [Visual Studio Host (10528):VisualStudioCompletionListTestExtension] Unable to find completion item with name 
        (01:22:35.894) [Visual Studio Host (10528):VisualStudioCompletionListTestExtension] Found completion item with name 
        (01:22:36.075) [Visual Studio Host (10528):VisualStudioCompletionListTestExtension] Retrieved '48' completion items.
        (01:22:36.276) [Visual Studio Host (10528):VisualStudioCompletionListTestExtension] Dismissing completion session.
        (01:22:36.942) [Visual Studio Host (10528):VisualStudioIntellisenseService] Did not find an active completion session. Please use Verify.IsCompletionListPresent() to make sure that the list is present before requesting the completion session.
        Warning: (01:22:37.115) [Visual Studio Host (10528):VisualStudioIntellisenseService] No active completion sessions were found for editor 'TagHelpers.cshtml'.
        (01:22:37.292) [Visual Studio Host (10528):VisualStudioIntellisenseService] Invoking Completion member list at '(Ln: 6, Ch: 4)'.
        (01:22:37.442) [Visual Studio Host (10528):VisualStudioIntellisenseService] Getting the active completion at position '(Ln: 6, Ch: 4)'.
        (01:22:37.591) [Visual Studio Host (10528):VisualStudioCompletionListTestExtension] Unable to find completion item with name 
        (01:22:37.798) [Visual Studio Host (10528):VisualStudioCompletionListTestExtension] Found completion item with name 
        (01:22:38.055) [Visual Studio Host (10528):VisualStudioCompletionListTestExtension] Retrieved '48' completion items.
        (01:22:38.278) [Visual Studio Host (10528):VisualStudioCompletionListTestExtension] Dismissing completion session.
        (01:22:38.937) [Visual Studio Host (10528):VisualStudioIntellisenseService] Did not find an active completion session. Please use Verify.IsCompletionListPresent() to make sure that the list is present before requesting the completion session.
        Warning: (01:22:39.085) [Visual Studio Host (10528):VisualStudioIntellisenseService] No active completion sessions were found for editor 'TagHelpers.cshtml'.
        (01:22:39.243) [Visual Studio Host (10528):VisualStudioIntellisenseService] Invoking Completion member list at '(Ln: 6, Ch: 4)'.
        (01:22:39.401) [Visual Studio Host (10528):VisualStudioIntellisenseService] Getting the active completion at position '(Ln: 6, Ch: 4)'.
        (01:22:39.556) [Visual Studio Host (10528):VisualStudioCompletionListTestExtension] Unable to find completion item with name 
        (01:22:39.697) [Visual Studio Host (10528):VisualStudioCompletionListTestExtension] Found completion item with name 
        (01:22:39.887) [Visual Studio Host (10528):VisualStudioCompletionListTestExtension] Retrieved '48' completion items.
        (01:22:40.149) [Visual Studio Host (10528):VisualStudioCompletionListTestExtension] Dismissing completion session.
        (01:22:40.807) [Visual Studio Host (10528):VisualStudioIntellisenseService] Did not find an active completion session. Please use Verify.IsCompletionListPresent() to make sure that the list is present before requesting the completion session.
        Warning: (01:22:41.008) [Visual Studio Host (10528):VisualStudioIntellisenseService] No active completion sessions were found for editor 'TagHelpers.cshtml'.
        (01:22:41.186) [Visual Studio Host (10528):VisualStudioIntellisenseService] Invoking Completion member list at '(Ln: 6, Ch: 4)'.
        (01:22:41.337) [Visual Studio Host (10528):VisualStudioIntellisenseService] Getting the active completion at position '(Ln: 6, Ch: 4)'.
        (01:22:41.495) [Visual Studio Host (10528):VisualStudioCompletionListTestExtension] Unable to find completion item with name 
        (01:22:41.626) [Visual Studio Host (10528):VisualStudioCompletionListTestExtension] Found completion item with name 
        (01:22:41.808) [Visual Studio Host (10528):VisualStudioCompletionListTestExtension] Retrieved '48' completion items.
        (01:22:42.074) [Visual Studio Host (10528):VisualStudioCompletionListTestExtension] Dismissing completion session.
        (01:22:42.767) [Visual Studio Host (10528):VisualStudioIntellisenseService] Did not find an active completion session. Please use Verify.IsCompletionListPresent() to make sure that the list is present before requesting the completion session.
        Warning: (01:22:42.946) [Visual Studio Host (10528):VisualStudioIntellisenseService] No active completion sessions were found for editor 'TagHelpers.cshtml'.
        (01:22:43.127) [Visual Studio Host (10528):VisualStudioIntellisenseService] Invoking Completion member list at '(Ln: 6, Ch: 4)'.
        (01:22:43.393) [Visual Studio Host (10528):VisualStudioIntellisenseService] Getting the active completion at position '(Ln: 6, Ch: 4)'.
        (01:22:43.577) [Visual Studio Host (10528):VisualStudioCompletionListTestExtension] Unable to find completion item with name 
        (01:22:43.706) [Visual Studio Host (10528):VisualStudioCompletionListTestExtension] Found completion item with name 
        (01:22:43.894) [Visual Studio Host (10528):VisualStudioCompletionListTestExtension] Retrieved '48' completion items.
        (01:22:44.068) [Visual Studio Host (10528):VisualStudioCompletionListTestExtension] Dismissing completion session.
    Error: (01:22:44.437) [Platform:Testcase] Test method Microsoft.VisualStudio.Web.Editors.IntegrationTests.Razor.TagHelpers.RazorTagHelperTests.VSTest_Razor_TagHelpers_OptOut threw exception. Microsoft.Test.Apex.TimeoutException: 
Timed out waiting for completion entry: -Every-Action.
List contents:
	-A-Action
	-Every-ActionChanged
	accesskey
	aria-...
	asp-...
	class
	contenteditable
	contextmenu
	data-...
	db
	dir
	download
	draggable
	dropzone
	hidden
	href
	hreflang
	id
	inert
	itemid
	itemprop
	itemref
	itemscope
	itemtype
	lang
	media
	name
	ng-...
	on...
	ping
	prefix
	property
	rel
	resource
	rev
	role
	spellcheck
	style
	tabindex
	target
	title
	translate
	type
	typeof
	uiactions
	vocab
	_a_action
	_every_action
Failed even when forcing completion with double timeout
   at Microsoft.VisualStudio.Web.Common.TestAdapter.ParameterizedTests.ReflectionUtilities.InvokeMethod(Object targetObject, MethodInfo method, Object[] methodArguments, String exceptionMessageFormat) in D:\dd\WTE\Main\test\Common\TestAdapter\ParameterizedTests\ReflectionUtilities.cs:line 190
   at Microsoft.VisualStudio.Web.Common.TestAdapter.ParameterizedTests.TestMethodInfo.Invoke(Object testObject, TestExecutionContext context) in D:\dd\WTE\Main\test\Common\TestAdapter\ParameterizedTests\TestMethodInfo.cs:line 64
    + ExternalProcessHostTest TestCleanup
        (01:22:45.101) [Visual Studio Host (10528):TextEditorDocumentWindowTestExtension] Closing window 'TagHelpers.cshtml'.
        (01:22:45.381) [Visual Studio Host (10528):MainWindowService] Setting main window state to 'Maximized'.
        (01:22:45.569) [Visual Studio Host (10528):MainWindowService] Activating main window to bring it to the foreground.
        Warning: (01:22:45.821) [Platform:Microsoft.Test.Apex.Services.ScreenshotService] Exception occured when copying screenshot file from 'C:\TestBin\IntegrationTests\Failure.jpg' to 'C:\TestBin\IntegrationTests\TestResults\2018_04_16_23_55_50\Failure.jpg'.
        Warning: (01:22:45.821) [Platform:Microsoft.Test.Apex.Services.ScreenshotService] System.IO.IOException: The file 'C:\TestBin\IntegrationTests\TestResults\2018_04_16_23_55_50\Failure.jpg' already exists.
   at System.IO.__Error.WinIOError(Int32 errorCode, String maybeFullPath)
   at System.IO.File.InternalCopy(String sourceFileName, String destFileName, Boolean overwrite, Boolean checkHost)
   at System.IO.File.Copy(String sourceFileName, String destFileName, Boolean overwrite)
   at Microsoft.Test.Apex.Services.ScreenshotService.TakeOne(String categoryName, String fileNamePrefix, String repositoryPath) in F:\dd\src\omni\Apex\Framework\Services\Screenshot\ScreenshotService.cs:line 176
        (01:22:46.162) [Platform:ProcessCaptureService] Capturing screenshots for PID 10528 (devenv)
        Result file 'VSTest_Razor_TagHelpers_OptOut-Failure-devenv.10528.png' added: file:///C:/TestBin/IntegrationTests/TestResults/2018_04_16_23_55_50/VSTest_Razor_TagHelpers_OptOut-Failure-devenv.10528.png
        Result file 'VSTest_Razor_TagHelpers_OptOut-Failure-devenv.10528-Dialog3D036C.png' added: file:///C:/TestBin/IntegrationTests/TestResults/2018_04_16_23_55_50/VSTest_Razor_TagHelpers_OptOut-Failure-devenv.10528-Dialog3D036C.png
        Result file 'VSTest_Razor_TagHelpers_OptOut-Failure-devenv.10528-Dialog33036E.png' added: file:///C:/TestBin/IntegrationTests/TestResults/2018_04_16_23_55_50/VSTest_Razor_TagHelpers_OptOut-Failure-devenv.10528-Dialog33036E.png
        (01:22:46.869) [Platform:ProcessCaptureService] Bounding rectangle of HWND 0x3B052A is size (0, 0), which cannot be captured.
        (01:22:47.014) [Platform:ProcessCaptureService] Bounding rectangle of HWND 0x33024A is size (0, 0), which cannot be captured.
    + Final Test Result Verification
        (01:22:47.497) [Platform:DelayedAssertionVerifierSink] Verification Success: 0 verification steps failed.
    + ApexTest TestCleanup</StdOut>
        <ErrorInfo>
          <Message>Test method Microsoft.VisualStudio.Web.Editors.IntegrationTests.Razor.TagHelpers.RazorTagHelperTests.VSTest_Razor_TagHelpers_OptOut threw exception. Microsoft.Test.Apex.TimeoutException: 
Timed out waiting for completion entry: -Every-Action.
List contents:
	-A-Action
	-Every-ActionChanged
	accesskey
	aria-...
	asp-...
	class
	contenteditable
	contextmenu
	data-...
	db
	dir
	download
	draggable
	dropzone
	hidden
	href
	hreflang
	id
	inert
	itemid
	itemprop
	itemref
	itemscope
	itemtype
	lang
	media
	name
	ng-...
	on...
	ping
	prefix
	property
	rel
	resource
	rev
	role
	spellcheck
	style
	tabindex
	target
	title
	translate
	type
	typeof
	uiactions
	vocab
	_a_action
	_every_action
Failed even when forcing completion with double timeout</Message>
          <StackTrace>   at Microsoft.VisualStudio.Web.Common.TestServices.Utilities.WebUtility.Completion.WaitForCompletionEntries(IVisualStudioTextEditorTestExtension editor, IEnumerable`1 present, IEnumerable`1 notPresent, Boolean invokeCompletion, Int32 timeout, Boolean caseInsensitive) in D:\dd\WTE\Main\test\Common\TestServices\Utilities\WebUtility.cs:line 507
   at Microsoft.VisualStudio.Web.Common.TestServices.Utilities.WebUtility.Completion.WaitForCompletionEntries(IVisualStudioTextEditorTestExtension editor, IEnumerable`1 present, IEnumerable`1 notPresent, Int32 timeout, Boolean caseInsensitive) in D:\dd\WTE\Main\test\Common\TestServices\Utilities\WebUtility.cs:line 488
   at Microsoft.VisualStudio.Web.Editors.IntegrationTests.Razor.TagHelpers.RazorTagHelperTests.VSTest_Razor_TagHelpers_OptOut() in D:\dd\WTE\Main\test\Editors\IntegrationTests\Razor\TagHelpers\TagHelperTests.cs:line 667</StackTrace>
        </ErrorInfo>
      </Output>
      <ResultFiles>
        <ResultFile path="WNVM19648\Fail.aswak04hapa5.png" />
        <ResultFile path="WNVM19648\Fail.azqsczivabnm.png" />
        <ResultFile path="WNVM19648\Fail.byuslv5baqsd.png" />
        <ResultFile path="WNVM19648\Fail.ek4tb3wmalyl.png" />
        <ResultFile path="WNVM19648\Fail.ig2gsfz5ad1y.png" />
        <ResultFile path="WNVM19648\Fail.kxs1ersmaxma.png" />
        <ResultFile path="WNVM19648\Fail.loc0xhl5a2hr.png" />
        <ResultFile path="WNVM19648\Fail.o4kkrjboasbk.png" />
        <ResultFile path="WNVM19648\Fail.o5zf0zepaw0l.png" />
        <ResultFile path="WNVM19648\Fail.raasvsmeanc1.png" />
        <ResultFile path="WNVM19648\Fail.sidku4gxamg4.png" />
        <ResultFile path="WNVM19648\Fail.t4yj0fxuatil.png" />
        <ResultFile path="WNVM19648\Fail.z10rn0n5ajdm.png" />
        <ResultFile path="WNVM19648\Failure.jpg" />
        <ResultFile path="WNVM19648\OmniLog.html" />
        <ResultFile path="WNVM19648\OmniLogRawXml.xml" />
        <ResultFile path="WNVM19648\VSTest_Html_Drag_Drop_JavascriptFile_Timedout.jpg" />
        <ResultFile path="WNVM19648\VSTest_JSON_AutoStructureWithExistingComma_Timedout.jpg" />
        <ResultFile path="WNVM19648\VSTest_Parser_PTagTest_Timedout.jpg" />
        <ResultFile path="WNVM19648\VSTest_Razor_TagHelpers_OptOut-Failure-devenv.10528-Dialog33036E.png" />
        <ResultFile path="WNVM19648\VSTest_Razor_TagHelpers_OptOut-Failure-devenv.10528-Dialog3D036C.png" />
        <ResultFile path="WNVM19648\VSTest_Razor_TagHelpers_OptOut-Failure-devenv.10528.png" />
        <ResultFile path="WNVM19648\VSTest_SmartIndentInJSInRazorV4_Timedout.jpg" />
      </ResultFiles>
    </UnitTestResult>
    <UnitTestResult executionId="e326065c-1c7c-4f7c-9f4f-eb221c3ad83f" testId="a359dff9-d4eb-a54d-4103-77fc8fe59bbd" testName="VSTest_Scss_DiffViewer (SideBySide)" computerName="WNVM19648" startTime="2018-04-17T01:22:03.8504706-07:00" endTime="2018-04-17T01:22:03.8504706-07:00" testType="13cdc9d9-ddb5-4fa4-a97d-d965ccfc6d4b" outcome="NotExecuted" testListId="8c84fa94-04c1-424b-9868-57a2d4851a1d" relativeResultsDirectory="e326065c-1c7c-4f7c-9f4f-eb221c3ad83f">
      <Output>
      </Output>
    </UnitTestResult>
    <UnitTestResult executionId="0336f9ef-df5a-4a74-ba25-544c9ba62aa6" testId="18129c95-bf0c-99f3-5bc5-30db165489ca" testName="VSTest_JSON_ProjectJSON_Completion_AutoFilter" computerName="WNVM19648" startTime="2018-04-17T00:54:16.1956638-07:00" endTime="2018-04-17T00:54:16.1956638-07:00" testType="13cdc9d9-ddb5-4fa4-a97d-d965ccfc6d4b" outcome="NotExecuted" testListId="8c84fa94-04c1-424b-9868-57a2d4851a1d" relativeResultsDirectory="0336f9ef-df5a-4a74-ba25-544c9ba62aa6">
      <Output>
        <ErrorInfo>
          <Message>Assert.Inconclusive failed. Required component ID "Microsoft.VisualStudio.Workload.Universal" (UWP Workload) was not installed.  Please install this component and rerun the test.</Message>
        </ErrorInfo>
      </Output>
    </UnitTestResult>
    <UnitTestResult executionId="6b1d7dde-56c3-4e89-a56f-34f2c4a88c73" testId="b1fc98d4-efab-dc2b-8568-2bc87a6d82df" testName="VSTest_Completion_Attributes_Anchor_Tag" computerName="WNVM19648" duration="00:00:05.4537875" startTime="2018-04-17T00:17:17.1083161-07:00" endTime="2018-04-17T00:17:22.5621036-07:00" testType="13cdc9d9-ddb5-4fa4-a97d-d965ccfc6d4b" outcome="Passed" testListId="8c84fa94-04c1-424b-9868-57a2d4851a1d" relativeResultsDirectory="6b1d7dde-56c3-4e89-a56f-34f2c4a88c73">
      <Output>
        <StdOut>+ CompletionTests::VSTest_Completion_Attributes_Anchor_Tag
    + ApexTest TestInitialize
    + ExternalProcessHostTest TestInitialize
        (18:58.500) [Visual Studio Host (6956):RoamingSettingsService] Disabling roaming settings.
        (18:58.558) [Visual Studio Host (6956):SettingsService] Setting Visual Studio option 'Environment\RoamingSettings\RoamingEnabled' to 'False'.
        (18:58.911) [Visual Studio Host (6956):TextEditorDocumentWindowTestExtension] Showing window 'Completion.html' without activating the window.
        (18:58.994) [Visual Studio Host (6956):TextEditorDocumentWindowTestExtension] Showing window 'Completion.html'.
        (18:59.120) [Visual Studio Host (6956):VisualStudioTextEditorTestExtension] Setting keyboard focus to editor 'Completion.html'.
        (18:59.183) [Visual Studio Host (6956):MainWindowService] Activating main window to bring it to the foreground.
        (18:59.269) [Visual Studio Host (6956):MainWindowService] Setting main window state to 'Maximized'.
    (18:59.410) [Visual Studio Host (6956):TextEditorDocumentWindowTestExtension] Showing window 'Completion.html' without activating the window.
    (18:59.479) [Visual Studio Host (6956):TextEditorDocumentWindowTestExtension] Showing window 'Completion.html'.
    (18:59.569) [Visual Studio Host (6956):VisualStudioCaretTestExtension] Moving the caret to '&lt;body&gt;' at (Ln: 13, Ch: 1) based on a regular expression.  Expression = "&lt;body&gt;" [group index '0', match index '1', options 'Singleline, CultureInvariant']
    (18:59.786) [Visual Studio Host (6956):TextEditorDocumentWindowTestExtension] Showing window 'Completion.html' without activating the window.
    (18:59.966) [Visual Studio Host (6956):TextEditorDocumentWindowTestExtension] Showing window 'Completion.html'.
    (19:00.185) [Visual Studio Host (6956):VisualStudioCaretTestExtension] Moving the caret from (Ln: 13, Ch: 1) down '1' lines
    (19:00.254) [Visual Studio Host (6956):VisualStudioTextEditorTestExtension] Setting keyboard focus to editor 'Completion.html'.
    (19:00.323) [Visual Studio Host (6956):TextEditorDocumentWindowTestExtension] Showing window 'Completion.html' without activating the window.
    (19:00.411) [Visual Studio Host (6956):TextEditorDocumentWindowTestExtension] Showing window 'Completion.html'.
    (19:00.571) [Visual Studio Host (6956):TextEditorDocumentWindowTestExtension] Showing window 'Completion.html' without activating the window.
    (19:00.655) [Visual Studio Host (6956):TextEditorDocumentWindowTestExtension] Showing window 'Completion.html'.
    (19:00.763) [Visual Studio Host (6956):VisualStudioIntellisenseService] Getting the active completion at position '(Ln: 14, Ch: 6)'.
    (19:00.822) [Visual Studio Host (6956):VisualStudioCompletionListTestExtension] Found completion item with name 
    (19:00.891) [Visual Studio Host (6956):TextEditorDocumentWindowTestExtension] Showing window 'Completion.html' without activating the window.
    (19:00.976) [Visual Studio Host (6956):TextEditorDocumentWindowTestExtension] Showing window 'Completion.html'.
    (19:01.039) [Visual Studio Host (6956):VisualStudioTextEditingActions] Deleting to the beginning of line of the current caret position, position: '(Ln: 14, Ch: 6)', line: '14'
    (19:01.140) [Visual Studio Host (6956):TextEditorDocumentWindowTestExtension] Showing window 'Completion.html' without activating the window.
    (19:01.229) [Visual Studio Host (6956):TextEditorDocumentWindowTestExtension] Showing window 'Completion.html'.
    (19:01.313) [Visual Studio Host (6956):VisualStudioTextEditingActions] Deleting to the end of line of the current caret position, position: '(Ln: 14, Ch: 1)', line: '14'
    (19:01.391) [Visual Studio Host (6956):TextEditorDocumentWindowTestExtension] Showing window 'Completion.html' without activating the window.
    (19:01.456) [Visual Studio Host (6956):TextEditorDocumentWindowTestExtension] Showing window 'Completion.html'.
    (19:01.604) [Visual Studio Host (6956):TextEditorDocumentWindowTestExtension] Showing window 'Completion.html' without activating the window.
    (19:01.682) [Visual Studio Host (6956):TextEditorDocumentWindowTestExtension] Showing window 'Completion.html'.
    (19:01.784) [Visual Studio Host (6956):VisualStudioIntellisenseService] Getting the active completion at position '(Ln: 14, Ch: 6)'.
    (19:01.875) [Visual Studio Host (6956):VisualStudioCompletionListTestExtension] Found completion item with name 
    (19:01.942) [Visual Studio Host (6956):TextEditorDocumentWindowTestExtension] Showing window 'Completion.html' without activating the window.
    (19:02.011) [Visual Studio Host (6956):TextEditorDocumentWindowTestExtension] Showing window 'Completion.html'.
    (19:02.218) [Visual Studio Host (6956):TextEditorDocumentWindowTestExtension] Showing window 'Completion.html' without activating the window.
    (19:02.339) [Visual Studio Host (6956):TextEditorDocumentWindowTestExtension] Showing window 'Completion.html'.
    (19:02.420) [Visual Studio Host (6956):VisualStudioIntellisenseService] Getting the active completion at position '(Ln: 14, Ch: 9)'.
    (19:02.499) [Visual Studio Host (6956):VisualStudioCompletionListTestExtension] Found completion item with name 
    (19:02.604) [Visual Studio Host (6956):TextEditorDocumentWindowTestExtension] Showing window 'Completion.html' without activating the window.
    (19:02.669) [Visual Studio Host (6956):TextEditorDocumentWindowTestExtension] Showing window 'Completion.html'.
    (19:02.760) [Visual Studio Host (6956):VisualStudioIntellisenseService] Did not find an active completion session. Please use Verify.IsCompletionListPresent() to make sure that the list is present before requesting the completion session.
    Warning: (19:02.832) [Visual Studio Host (6956):VisualStudioIntellisenseService] No active completion sessions were found for editor 'Completion.html'.
    + ExternalProcessHostTest TestCleanup
        (19:02.956) [Visual Studio Host (6956):TextEditorDocumentWindowTestExtension] Closing window 'Completion.html'.
        (19:03.202) [Platform:Testcase] Test 'VSTest_Completion_Attributes_Anchor_Tag' has 'Passed' outcome. Therefore, Apex will not shut down the 'Visual Studio Host (6956)' with process ID '6956'. A subsequent test scenario will run on the same instance of the host.
    + Final Test Result Verification
        (19:03.387) [Platform:DelayedAssertionVerifierSink] Verification Success: 0 verification steps failed.
    + ApexTest TestCleanup</StdOut>
      </Output>
      <ResultFiles>
        <ResultFile path="WNVM19648\Fail.azqsczivabnm.png" />
        <ResultFile path="WNVM19648\Fail.ig2gsfz5ad1y.png" />
        <ResultFile path="WNVM19648\Fail.o5zf0zepaw0l.png" />
        <ResultFile path="WNVM19648\OmniLog.html" />
        <ResultFile path="WNVM19648\OmniLogRawXml.xml" />
      </ResultFiles>
    </UnitTestResult>
    <UnitTestResult executionId="2dce8d2e-1fda-49ba-a348-f4474e035fdb" testId="bd345bd3-5761-eb5f-37ba-f622ea3a9624" testName="VSTest_HtmlSuggestedActions_ImgActionsCount" computerName="WNVM19648" duration="00:00:04.8242191" startTime="2018-04-17T00:13:30.2859044-07:00" endTime="2018-04-17T00:13:35.1101235-07:00" testType="13cdc9d9-ddb5-4fa4-a97d-d965ccfc6d4b" outcome="Passed" testListId="8c84fa94-04c1-424b-9868-57a2d4851a1d" relativeResultsDirectory="2dce8d2e-1fda-49ba-a348-f4474e035fdb">
      <Output>
        <StdOut>+ ImgSuggestedActionsTests::VSTest_HtmlSuggestedActions_ImgActionsCount
    + ApexTest TestInitialize
    + ExternalProcessHostTest TestInitialize
        (15:11.833) [Visual Studio Host (6956):RoamingSettingsService] Disabling roaming settings.
        (15:11.882) [Visual Studio Host (6956):SettingsService] Setting Visual Studio option 'Environment\RoamingSettings\RoamingEnabled' to 'False'.
        (15:12.637) [Visual Studio Host (6956):TextEditorDocumentWindowTestExtension] Showing window 'img.html' without activating the window.
        (15:12.762) [Visual Studio Host (6956):TextEditorDocumentWindowTestExtension] Showing window 'img.html'.
        (15:12.842) [Visual Studio Host (6956):VisualStudioTextEditorTestExtension] Setting keyboard focus to editor 'img.html'.
        (15:12.924) [Visual Studio Host (6956):MainWindowService] Activating main window to bring it to the foreground.
        (15:12.986) [Visual Studio Host (6956):MainWindowService] Setting main window state to 'Maximized'.
    (15:13.087) [Visual Studio Host (6956):TextEditorDocumentWindowTestExtension] Showing window 'img.html' without activating the window.
    (15:13.132) [Visual Studio Host (6956):TextEditorDocumentWindowTestExtension] Showing window 'img.html'.
    (15:13.196) [Visual Studio Host (6956):VisualStudioCaretTestExtension] Moving the caret to '' at (Ln: 9, Ch: 9) based on a regular expression.  Expression = "&lt;img()" [group index '1', match index '1', options 'Singleline, CultureInvariant']
    (15:13.249) [Visual Studio Host (6956):TextEditorDocumentWindowTestExtension] Showing window 'img.html' without activating the window.
    (15:13.327) [Visual Studio Host (6956):TextEditorDocumentWindowTestExtension] Showing window 'img.html'.
    (15:13.474) [Visual Studio Host (6956):VisualStudioLightBulbService] Did not find an active light bulb session. Please use Verify.IsLightBulbPresent() to make sure that the light bulb is present before requesting the LightBulb session.
    Warning: (15:13.520) [Visual Studio Host (6956):VisualStudioLightBulbService] No light bulb session provided to create a test extension.
    (15:13.899) [Visual Studio Host (6956):VisualStudioLightBulbService] Getting the active light bulb session at position '(Ln: 9, Ch: 9)'.
    VerificationPass: (15:13.958) [Visual Studio Host (6956):VisualStudioLightBulbServiceVerifier] Verification passed: Light bulb is present within a timeout of 00:00:10.
    (15:14.008) [Visual Studio Host (6956):TextEditorDocumentWindowTestExtension] Showing window 'img.html' without activating the window.
    (15:14.076) [Visual Studio Host (6956):TextEditorDocumentWindowTestExtension] Showing window 'img.html'.
    (15:14.143) [Visual Studio Host (6956):VisualStudioLightBulbService] Getting the active light bulb session at position '(Ln: 9, Ch: 9)'.
    (15:14.307) [Visual Studio Host (6956):LightBulbTestExtension] Retrieved '2' light bulb suggested actions.
    VerificationPass: (15:14.357) [Visual Studio Host (6956):LightBulbVerifier] Verification passed: The light bulb suggested action set is expected to contain '2' suggested actions. It contains '2'.
    (15:14.410) [Visual Studio Host (6956):TextEditorDocumentWindowTestExtension] Showing window 'img.html' without activating the window.
    (15:14.453) [Visual Studio Host (6956):TextEditorDocumentWindowTestExtension] Showing window 'img.html'.
    (15:14.515) [Visual Studio Host (6956):VisualStudioCaretTestExtension] Moving the caret to '' at (Ln: 9, Ch: 5) based on a regular expression.  Expression = "()&lt;img" [group index '1', match index '1', options 'Singleline, CultureInvariant']
    (15:14.579) [Visual Studio Host (6956):TextEditorDocumentWindowTestExtension] Showing window 'img.html' without activating the window.
    (15:14.640) [Visual Studio Host (6956):TextEditorDocumentWindowTestExtension] Showing window 'img.html'.
    (15:14.719) [Visual Studio Host (6956):VisualStudioLightBulbService] Getting the active light bulb session at position '(Ln: 9, Ch: 5)'.
    (15:15.028) [Visual Studio Host (6956):VisualStudioLightBulbService] Getting the active light bulb session at position '(Ln: 9, Ch: 5)'.
    (15:15.331) [Visual Studio Host (6956):VisualStudioLightBulbService] Did not find an active light bulb session. Please use Verify.IsLightBulbPresent() to make sure that the light bulb is present before requesting the LightBulb session.
    Warning: (15:15.388) [Visual Studio Host (6956):VisualStudioLightBulbService] No light bulb session provided to create a test extension.
    VerificationPass: (15:15.440) [Visual Studio Host (6956):VisualStudioLightBulbServiceVerifier] Verification passed: Signature Help is not present within a timeout of 00:00:10.
    + ExternalProcessHostTest TestCleanup
        (15:15.554) [Visual Studio Host (6956):TextEditorDocumentWindowTestExtension] Closing window 'img.html'.
        (15:15.795) [Platform:Testcase] Test 'VSTest_HtmlSuggestedActions_ImgActionsCount' has 'Passed' outcome. Therefore, Apex will not shut down the 'Visual Studio Host (6956)' with process ID '6956'. A subsequent test scenario will run on the same instance of the host.
    + Final Test Result Verification
        (15:15.964) [Platform:DelayedAssertionVerifierSink] Verification Success: 0 verification steps failed.
    + ApexTest TestCleanup</StdOut>
      </Output>
      <ResultFiles>
        <ResultFile path="WNVM19648\Fail.ig2gsfz5ad1y.png" />
        <ResultFile path="WNVM19648\OmniLog.html" />
        <ResultFile path="WNVM19648\OmniLogRawXml.xml" />
      </ResultFiles>
    </UnitTestResult>
    <UnitTestResult executionId="a9d913ca-b454-48ea-b266-9b4118d6aab1" testId="407d640f-cafc-b711-0384-9963a036522c" testName="VSTest_JSON_ProjectJSON_Completion_PackageSources_NonTopLevel" computerName="WNVM19648" startTime="2018-04-17T00:53:34.9781527-07:00" endTime="2018-04-17T00:53:34.9781527-07:00" testType="13cdc9d9-ddb5-4fa4-a97d-d965ccfc6d4b" outcome="NotExecuted" testListId="8c84fa94-04c1-424b-9868-57a2d4851a1d" relativeResultsDirectory="a9d913ca-b454-48ea-b266-9b4118d6aab1">
      <Output>
        <ErrorInfo>
          <Message>Assert.Inconclusive failed. Required component ID "Microsoft.VisualStudio.Workload.Universal" (UWP Workload) was not installed.  Please install this component and rerun the test.</Message>
        </ErrorInfo>
      </Output>
    </UnitTestResult>
    <UnitTestResult executionId="868f2f6a-be8c-4a25-a48b-5ec9f45b2a5b" testId="7b167a41-e28b-323d-77b1-accc2e09d80a" testName="VSTest_CSS_DiffViewer_Embedded (Inline)" computerName="WNVM19648" startTime="2018-04-17T00:28:53.2944695-07:00" endTime="2018-04-17T00:28:53.2944695-07:00" testType="13cdc9d9-ddb5-4fa4-a97d-d965ccfc6d4b" outcome="NotExecuted" testListId="8c84fa94-04c1-424b-9868-57a2d4851a1d" relativeResultsDirectory="868f2f6a-be8c-4a25-a48b-5ec9f45b2a5b">
      <Output>
      </Output>
    </UnitTestResult>
    <UnitTestResult executionId="10a10bec-84d2-408a-9e71-8d73947d3e46" testId="96da157d-0900-7fbe-6e80-7daa60a92c1e" testName="VSTest_RazorV4CshtmlClassification" computerName="WNVM19648" startTime="2018-04-17T01:06:52.8300511-07:00" endTime="2018-04-17T01:06:52.8300511-07:00" testType="13cdc9d9-ddb5-4fa4-a97d-d965ccfc6d4b" outcome="NotExecuted" testListId="8c84fa94-04c1-424b-9868-57a2d4851a1d" relativeResultsDirectory="10a10bec-84d2-408a-9e71-8d73947d3e46">
      <Output>
      </Output>
    </UnitTestResult>
    <UnitTestResult executionId="a12abd72-6db5-4219-a678-6ae9039b103f" testId="809f355f-5895-7534-0498-99b0a912fc84" testName="VSTest_RazorV3Vb_FormatSelection" computerName="WNVM19648" duration="00:00:06.2654575" startTime="2018-04-17T01:01:43.4955867-07:00" endTime="2018-04-17T01:01:49.7610442-07:00" testType="13cdc9d9-ddb5-4fa4-a97d-d965ccfc6d4b" outcome="Passed" testListId="8c84fa94-04c1-424b-9868-57a2d4851a1d" relativeResultsDirectory="a12abd72-6db5-4219-a678-6ae9039b103f">
      <Output>
        <StdOut>+ VBFormattingTests::VSTest_RazorV3Vb_FormatSelection
    + ApexTest TestInitialize
    + ExternalProcessHostTest TestInitialize
        (01:03:25.291) [Visual Studio Host (4384):RoamingSettingsService] Disabling roaming settings.
        (01:03:25.456) [Visual Studio Host (4384):SettingsService] Setting Visual Studio option 'Environment\RoamingSettings\RoamingEnabled' to 'False'.
        (01:03:25.856) [Visual Studio Host (4384):TextEditorDocumentWindowTestExtension] Showing window 'FormatSelection.vbhtml' without activating the window.
        (01:03:26.055) [Visual Studio Host (4384):TextEditorDocumentWindowTestExtension] Showing window 'FormatSelection.vbhtml'.
        (01:03:26.258) [Visual Studio Host (4384):VisualStudioTextEditorTestExtension] Setting keyboard focus to editor 'FormatSelection.vbhtml'.
        (01:03:26.410) [Visual Studio Host (4384):MainWindowService] Activating main window to bring it to the foreground.
        (01:03:26.589) [Visual Studio Host (4384):MainWindowService] Setting main window state to 'Maximized'.
    (01:03:26.859) [Visual Studio Host (4384):TextEditorDocumentWindowTestExtension] Showing window 'FormatSelection.vbhtml' without activating the window.
    (01:03:27.011) [Visual Studio Host (4384):TextEditorDocumentWindowTestExtension] Showing window 'FormatSelection.vbhtml'.
    (01:03:27.179) [Visual Studio Host (4384):VisualStudioCaretTestExtension] Moving the caret from (Ln: 1, Ch: 1) to (Ln: 5, Ch: 1)
    (01:03:27.340) [Visual Studio Host (4384):TextEditorDocumentWindowTestExtension] Showing window 'FormatSelection.vbhtml'.
    (01:03:27.506) [Visual Studio Host (4384):VisualStudioCaretTestExtension] Moving the caret and selecting from (Ln: 5, Ch: 1) down '5' lines
    (01:03:27.629) [Visual Studio Host (4384):VisualStudioTextEditorTestExtension] Setting keyboard focus to editor 'FormatSelection.vbhtml'.
    (01:03:27.783) [Visual Studio Host (4384):TextEditorDocumentWindowTestExtension] Showing window 'FormatSelection.vbhtml'.
    (01:03:27.936) [Visual Studio Host (4384):VisualStudioCaretTestExtension] Moving the caret and selecting from (Ln: 10, Ch: 1) to the beginning of the line
    (01:03:28.099) [Visual Studio Host (4384):VisualStudioTextEditorTestExtension] Setting keyboard focus to editor 'FormatSelection.vbhtml'.
    (01:03:28.295) [Visual Studio Host (4384):TextEditorDocumentWindowTestExtension] Showing window 'FormatSelection.vbhtml'.
    (01:03:28.602) [Visual Studio Host (4384):TextEditorDocumentWindowTestExtension] Showing window 'FormatSelection.vbhtml' without activating the window.
    (01:03:28.782) [Visual Studio Host (4384):TextEditorDocumentWindowTestExtension] Showing window 'FormatSelection.vbhtml'.
    (01:03:28.983) [Visual Studio Host (4384):TextEditorDocumentWindowTestExtension] Showing window 'FormatSelection.vbhtml' without activating the window.
    (01:03:29.161) [Visual Studio Host (4384):TextEditorDocumentWindowTestExtension] Showing window 'FormatSelection.vbhtml'.
    + ExternalProcessHostTest TestCleanup
        (01:03:29.485) [Visual Studio Host (4384):TextEditorDocumentWindowTestExtension] Closing window 'FormatSelection.vbhtml'.
        (01:03:29.722) [Platform:Testcase] Test 'VSTest_RazorV3Vb_FormatSelection' has 'Passed' outcome. Therefore, Apex will not shut down the 'Visual Studio Host (4384)' with process ID '4384'. A subsequent test scenario will run on the same instance of the host.
    + Final Test Result Verification
        (01:03:30.131) [Platform:DelayedAssertionVerifierSink] Verification Success: 0 verification steps failed.
    + ApexTest TestCleanup</StdOut>
      </Output>
      <ResultFiles>
        <ResultFile path="WNVM19648\Fail.azqsczivabnm.png" />
        <ResultFile path="WNVM19648\Fail.ig2gsfz5ad1y.png" />
        <ResultFile path="WNVM19648\Fail.o5zf0zepaw0l.png" />
        <ResultFile path="WNVM19648\Fail.raasvsmeanc1.png" />
        <ResultFile path="WNVM19648\Fail.t4yj0fxuatil.png" />
        <ResultFile path="WNVM19648\Fail.z10rn0n5ajdm.png" />
        <ResultFile path="WNVM19648\OmniLog.html" />
        <ResultFile path="WNVM19648\OmniLogRawXml.xml" />
      </ResultFiles>
    </UnitTestResult>
    <UnitTestResult executionId="c5a5a8c7-c612-4ba5-ad35-ef5c34bb2644" testId="44da6adf-2ea9-65af-d9d8-84b514ed786f" testName="VSTest_SmartIndentInCSharpRazorV4WithBlockIndent" computerName="WNVM19648" duration="00:00:07.0535457" startTime="2018-04-17T01:14:01.0591298-07:00" endTime="2018-04-17T01:14:08.1126755-07:00" testType="13cdc9d9-ddb5-4fa4-a97d-d965ccfc6d4b" outcome="Passed" testListId="8c84fa94-04c1-424b-9868-57a2d4851a1d" relativeResultsDirectory="c5a5a8c7-c612-4ba5-ad35-ef5c34bb2644">
      <Output>
        <StdOut>+ SmartIndentTests::VSTest_SmartIndentInCSharpRazorV4WithBlockIndent
    + ApexTest TestInitialize
    + ExternalProcessHostTest TestInitialize
        (01:15:42.796) [Visual Studio Host (8016):RoamingSettingsService] Disabling roaming settings.
        (01:15:42.959) [Visual Studio Host (8016):SettingsService] Setting Visual Studio option 'Environment\RoamingSettings\RoamingEnabled' to 'False'.
        (01:15:43.444) [Visual Studio Host (8016):TextEditorDocumentWindowTestExtension] Showing window 'SmartIndentInCSharpRazor.cshtml' without activating the window.
        (01:15:43.726) [Visual Studio Host (8016):TextEditorDocumentWindowTestExtension] Showing window 'SmartIndentInCSharpRazor.cshtml'.
        (01:15:43.896) [Visual Studio Host (8016):VisualStudioTextEditorTestExtension] Setting keyboard focus to editor 'SmartIndentInCSharpRazor.cshtml'.
        (01:15:44.038) [Visual Studio Host (8016):SettingsService] Getting value of Visual Studio Setting 'TextEditor\HTMLX\IndentStyle'. 
        (01:15:44.190) [Visual Studio Host (8016):SettingsService] Setting Visual Studio option 'TextEditor\HTMLX\IndentStyle' to '1'.
        (01:15:44.365) [Visual Studio Host (8016):MainWindowService] Activating main window to bring it to the foreground.
        (01:15:44.562) [Visual Studio Host (8016):MainWindowService] Setting main window state to 'Maximized'.
    (01:15:44.874) [Visual Studio Host (8016):TextEditorDocumentWindowTestExtension] Showing window 'SmartIndentInCSharpRazor.cshtml' without activating the window.
    (01:15:45.024) [Visual Studio Host (8016):TextEditorDocumentWindowTestExtension] Showing window 'SmartIndentInCSharpRazor.cshtml'.
    (01:15:45.190) [Visual Studio Host (8016):TextEditorDocumentWindowTestExtension] Showing window 'SmartIndentInCSharpRazor.cshtml' without activating the window.
    (01:15:45.324) [Visual Studio Host (8016):TextEditorDocumentWindowTestExtension] Showing window 'SmartIndentInCSharpRazor.cshtml' without activating the window.
    (01:15:45.467) [Visual Studio Host (8016):TextEditorDocumentWindowTestExtension] Showing window 'SmartIndentInCSharpRazor.cshtml'.
    (01:15:45.657) [Visual Studio Host (8016):VisualStudioCaretTestExtension] Moving the caret from (Ln: 1, Ch: 1) to (Ln: 9, Ch: 1)
    (01:15:45.818) [Visual Studio Host (8016):TextEditorDocumentWindowTestExtension] Showing window 'SmartIndentInCSharpRazor.cshtml'.
    (01:15:45.995) [Visual Studio Host (8016):VisualStudioCaretTestExtension] Moving the caret from (Ln: 9, Ch: 1) to the end of the line
    (01:15:46.155) [Visual Studio Host (8016):VisualStudioTextEditorTestExtension] Setting keyboard focus to editor 'SmartIndentInCSharpRazor.cshtml'.
    (01:15:46.492) [Visual Studio Host (8016):TextEditorDocumentWindowTestExtension] Showing window 'SmartIndentInCSharpRazor.cshtml' without activating the window.
    (01:15:46.688) [Visual Studio Host (8016):TextEditorDocumentWindowTestExtension] Showing window 'SmartIndentInCSharpRazor.cshtml'.
    (01:15:46.852) [Visual Studio Host (8016):TextEditorDocumentWindowTestExtension] Showing window 'SmartIndentInCSharpRazor.cshtml' without activating the window.
    (01:15:47.073) [Visual Studio Host (8016):TextEditorDocumentWindowTestExtension] Showing window 'SmartIndentInCSharpRazor.cshtml'.
    + ExternalProcessHostTest TestCleanup
        (01:15:47.372) [Visual Studio Host (8016):SettingsService] Setting Visual Studio option 'TextEditor\HTMLX\IndentStyle' to '2'.
        (01:15:47.592) [Visual Studio Host (8016):TextEditorDocumentWindowTestExtension] Closing window 'SmartIndentInCSharpRazor.cshtml'.
        (01:15:47.860) [Platform:Testcase] Test 'VSTest_SmartIndentInCSharpRazorV4WithBlockIndent' has 'Passed' outcome. Therefore, Apex will not shut down the 'Visual Studio Host (8016)' with process ID '8016'. A subsequent test scenario will run on the same instance of the host.
    + Final Test Result Verification
        (01:15:48.387) [Platform:DelayedAssertionVerifierSink] Verification Success: 0 verification steps failed.
    + ApexTest TestCleanup</StdOut>
      </Output>
      <ResultFiles>
        <ResultFile path="WNVM19648\Fail.aswak04hapa5.png" />
        <ResultFile path="WNVM19648\Fail.azqsczivabnm.png" />
        <ResultFile path="WNVM19648\Fail.ek4tb3wmalyl.png" />
        <ResultFile path="WNVM19648\Fail.ig2gsfz5ad1y.png" />
        <ResultFile path="WNVM19648\Fail.o4kkrjboasbk.png" />
        <ResultFile path="WNVM19648\Fail.o5zf0zepaw0l.png" />
        <ResultFile path="WNVM19648\Fail.raasvsmeanc1.png" />
        <ResultFile path="WNVM19648\Fail.t4yj0fxuatil.png" />
        <ResultFile path="WNVM19648\Fail.z10rn0n5ajdm.png" />
        <ResultFile path="WNVM19648\OmniLog.html" />
        <ResultFile path="WNVM19648\OmniLogRawXml.xml" />
      </ResultFiles>
    </UnitTestResult>
    <UnitTestResult executionId="32f07cc5-ad36-4e31-8b57-611d76620d08" testId="29fd1899-3c30-68e6-0122-8ed4d2f4f4e9" testName="VSTest_CSS_CommentSelection" computerName="WNVM19648" duration="00:00:06.6305151" startTime="2018-04-17T00:28:53.2944695-07:00" endTime="2018-04-17T00:28:59.9249846-07:00" testType="13cdc9d9-ddb5-4fa4-a97d-d965ccfc6d4b" outcome="Passed" testListId="8c84fa94-04c1-424b-9868-57a2d4851a1d" relativeResultsDirectory="32f07cc5-ad36-4e31-8b57-611d76620d08">
      <Output>
        <StdOut>+ CssCommentTests::VSTest_CSS_CommentSelection
    + ApexTest TestInitialize
    + ExternalProcessHostTest TestInitialize
        (30:34.654) [Visual Studio Host (11564):RoamingSettingsService] Disabling roaming settings.
        (30:34.709) [Visual Studio Host (11564):SettingsService] Setting Visual Studio option 'Environment\RoamingSettings\RoamingEnabled' to 'False'.
        (30:35.023) [Visual Studio Host (11564):TextEditorDocumentWindowTestExtension] Showing window 'commentselection.css' without activating the window.
        (30:35.116) [Visual Studio Host (11564):TextEditorDocumentWindowTestExtension] Showing window 'commentselection.css'.
        (30:35.189) [Visual Studio Host (11564):VisualStudioTextEditorTestExtension] Setting keyboard focus to editor 'commentselection.css'.
        (30:35.252) [Visual Studio Host (11564):MainWindowService] Activating main window to bring it to the foreground.
        (30:35.307) [Visual Studio Host (11564):MainWindowService] Setting main window state to 'Maximized'.
    (30:35.507) [Visual Studio Host (11564):TextEditorDocumentWindowTestExtension] Showing window 'commentselection.css' without activating the window.
    (30:35.563) [Visual Studio Host (11564):TextEditorDocumentWindowTestExtension] Showing window 'commentselection.css'.
    (30:35.628) [Visual Studio Host (11564):VisualStudioCaretTestExtension] Moving the caret from (Ln: 1, Ch: 1) to (Ln: 2, Ch: 3)
    (30:35.738) [Visual Studio Host (11564):TextEditorDocumentWindowTestExtension] Showing window 'commentselection.css' without activating the window.
    (30:35.805) [Visual Studio Host (11564):TextEditorDocumentWindowTestExtension] Showing window 'commentselection.css'.
    (30:35.867) [Visual Studio Host (11564):VisualStudioCaretTestExtension] Moving the caret from (Ln: 2, Ch: 9) to (Ln: 5, Ch: 1)
    (30:35.931) [Visual Studio Host (11564):TextEditorDocumentWindowTestExtension] Showing window 'commentselection.css'.
    (30:36.005) [Visual Studio Host (11564):VisualStudioCaretTestExtension] Moving the caret and selecting from (Ln: 5, Ch: 1) down '1' lines
    (30:36.075) [Visual Studio Host (11564):VisualStudioTextEditorTestExtension] Setting keyboard focus to editor 'commentselection.css'.
    (30:36.166) [Visual Studio Host (11564):TextEditorDocumentWindowTestExtension] Showing window 'commentselection.css'.
    (30:36.235) [Visual Studio Host (11564):VisualStudioCaretTestExtension] Moving the caret and selecting from (Ln: 6, Ch: 1) to the beginning of the line
    (30:36.313) [Visual Studio Host (11564):VisualStudioTextEditorTestExtension] Setting keyboard focus to editor 'commentselection.css'.
    (30:36.396) [Visual Studio Host (11564):TextEditorDocumentWindowTestExtension] Showing window 'commentselection.css'.
    (30:36.587) [Visual Studio Host (11564):TextEditorDocumentWindowTestExtension] Showing window 'commentselection.css' without activating the window.
    (30:36.662) [Visual Studio Host (11564):TextEditorDocumentWindowTestExtension] Showing window 'commentselection.css'.
    (30:36.740) [Visual Studio Host (11564):VisualStudioCaretTestExtension] Moving the caret from (Ln: 5, Ch: 25) to (Ln: 8, Ch: 9)
    (30:36.834) [Visual Studio Host (11564):TextEditorDocumentWindowTestExtension] Showing window 'commentselection.css' without activating the window.
    (30:36.930) [Visual Studio Host (11564):TextEditorDocumentWindowTestExtension] Showing window 'commentselection.css'.
    (30:37.016) [Visual Studio Host (11564):VisualStudioCaretTestExtension] Moving the caret from (Ln: 8, Ch: 25) to (Ln: 11, Ch: 9)
    (30:37.126) [Visual Studio Host (11564):TextEditorDocumentWindowTestExtension] Showing window 'commentselection.css' without activating the window.
    (30:37.209) [Visual Studio Host (11564):TextEditorDocumentWindowTestExtension] Showing window 'commentselection.css'.
    (30:37.293) [Visual Studio Host (11564):VisualStudioCaretTestExtension] Moving the caret from (Ln: 11, Ch: 25) to (Ln: 14, Ch: 30)
    (30:37.397) [Visual Studio Host (11564):TextEditorDocumentWindowTestExtension] Showing window 'commentselection.css' without activating the window.
    (30:37.462) [Visual Studio Host (11564):TextEditorDocumentWindowTestExtension] Showing window 'commentselection.css'.
    (30:37.526) [Visual Studio Host (11564):VisualStudioCaretTestExtension] Moving the caret from (Ln: 14, Ch: 46) to (Ln: 17, Ch: 30)
    (30:37.629) [Visual Studio Host (11564):TextEditorDocumentWindowTestExtension] Showing window 'commentselection.css' without activating the window.
    (30:37.712) [Visual Studio Host (11564):TextEditorDocumentWindowTestExtension] Showing window 'commentselection.css'.
    (30:37.803) [Visual Studio Host (11564):VisualStudioCaretTestExtension] Moving the caret from (Ln: 17, Ch: 46) to (Ln: 20, Ch: 19)
    (30:37.916) [Visual Studio Host (11564):TextEditorDocumentWindowTestExtension] Showing window 'commentselection.css' without activating the window.
    (30:37.986) [Visual Studio Host (11564):TextEditorDocumentWindowTestExtension] Showing window 'commentselection.css'.
    (30:38.051) [Visual Studio Host (11564):VisualStudioCaretTestExtension] Moving the caret from (Ln: 20, Ch: 26) to (Ln: 24, Ch: 1)
    (30:38.143) [Visual Studio Host (11564):TextEditorDocumentWindowTestExtension] Showing window 'commentselection.css' without activating the window.
    (30:38.227) [Visual Studio Host (11564):TextEditorDocumentWindowTestExtension] Showing window 'commentselection.css'.
    (30:38.398) [Visual Studio Host (11564):TextEditorDocumentWindowTestExtension] Showing window 'commentselection.css' without activating the window.
    (30:38.475) [Visual Studio Host (11564):TextEditorDocumentWindowTestExtension] Showing window 'commentselection.css'.
    (30:38.572) [Visual Studio Host (11564):VisualStudioCaretTestExtension] Moving the caret from (Ln: 24, Ch: 3) to (Ln: 1, Ch: 1)
    (30:38.646) [Visual Studio Host (11564):TextEditorDocumentWindowTestExtension] Showing window 'commentselection.css'.
    (30:38.755) [Visual Studio Host (11564):VisualStudioCaretTestExtension] Moving the caret and selecting from (Ln: 1, Ch: 1) down '23' lines
    (30:38.837) [Visual Studio Host (11564):VisualStudioTextEditorTestExtension] Setting keyboard focus to editor 'commentselection.css'.
    (30:38.995) [Visual Studio Host (11564):TextEditorDocumentWindowTestExtension] Showing window 'commentselection.css'.
    (30:39.083) [Visual Studio Host (11564):VisualStudioCaretTestExtension] Moving the caret and selecting from (Ln: 24, Ch: 1) to the beginning of the line
    (30:39.151) [Visual Studio Host (11564):VisualStudioTextEditorTestExtension] Setting keyboard focus to editor 'commentselection.css'.
    (30:39.220) [Visual Studio Host (11564):TextEditorDocumentWindowTestExtension] Showing window 'commentselection.css'.
    (30:39.308) [Visual Studio Host (11564):TextEditorDocumentWindowTestExtension] Showing window 'commentselection.css'.
    (30:39.414) [Visual Studio Host (11564):TextEditorDocumentWindowTestExtension] Showing window 'commentselection.css'.
    (30:39.494) [Visual Studio Host (11564):VisualStudioCaretTestExtension] Moving the caret and selecting from (Ln: 24, Ch: 1) right '4' characters
    (30:39.573) [Visual Studio Host (11564):VisualStudioTextEditorTestExtension] Setting keyboard focus to editor 'commentselection.css'.
    (30:39.682) [Visual Studio Host (11564):TextEditorDocumentWindowTestExtension] Showing window 'commentselection.css' without activating the window.
    (30:39.798) [Visual Studio Host (11564):TextEditorDocumentWindowTestExtension] Showing window 'commentselection.css' without activating the window.
    (30:39.921) [Visual Studio Host (11564):TextEditorDocumentWindowTestExtension] Showing window 'commentselection.css'.
    + ExternalProcessHostTest TestCleanup
        (30:40.188) [Visual Studio Host (11564):TextEditorDocumentWindowTestExtension] Closing window 'commentselection.css'.
        (30:40.420) [Platform:Testcase] Test 'VSTest_CSS_CommentSelection' has 'Passed' outcome. Therefore, Apex will not shut down the 'Visual Studio Host (11564)' with process ID '11564'. A subsequent test scenario will run on the same instance of the host.
    + Final Test Result Verification
        (30:40.664) [Platform:DelayedAssertionVerifierSink] Verification Success: 0 verification steps failed.
    + ApexTest TestCleanup</StdOut>
      </Output>
      <ResultFiles>
        <ResultFile path="WNVM19648\Fail.azqsczivabnm.png" />
        <ResultFile path="WNVM19648\Fail.ig2gsfz5ad1y.png" />
        <ResultFile path="WNVM19648\Fail.o5zf0zepaw0l.png" />
        <ResultFile path="WNVM19648\OmniLog.html" />
        <ResultFile path="WNVM19648\OmniLogRawXml.xml" />
      </ResultFiles>
    </UnitTestResult>
    <UnitTestResult executionId="f3e05a02-6899-44c8-9331-15c6157a24c1" testId="ad7cc112-1635-ff14-bb3b-bf754414dd16" testName="VSTest_SmartIndentInCSharpRazorV4InSection" computerName="WNVM19648" duration="00:00:25.8998017" startTime="2018-04-17T01:14:21.9157540-07:00" endTime="2018-04-17T01:14:47.8155557-07:00" testType="13cdc9d9-ddb5-4fa4-a97d-d965ccfc6d4b" outcome="Passed" testListId="8c84fa94-04c1-424b-9868-57a2d4851a1d" relativeResultsDirectory="f3e05a02-6899-44c8-9331-15c6157a24c1">
      <Output>
        <StdOut>+ SmartIndentTests::VSTest_SmartIndentInCSharpRazorV4InSection
    + ApexTest TestInitialize
    + ExternalProcessHostTest TestInitialize
        (01:16:03.758) [Visual Studio Host (8016):RoamingSettingsService] Disabling roaming settings.
        (01:16:03.940) [Visual Studio Host (8016):SettingsService] Setting Visual Studio option 'Environment\RoamingSettings\RoamingEnabled' to 'False'.
        (01:16:04.394) [Visual Studio Host (8016):TextEditorDocumentWindowTestExtension] Showing window 'empty.cshtml' without activating the window.
        (01:16:04.601) [Visual Studio Host (8016):TextEditorDocumentWindowTestExtension] Showing window 'empty.cshtml'.
        (01:16:04.755) [Visual Studio Host (8016):VisualStudioTextEditorTestExtension] Setting keyboard focus to editor 'empty.cshtml'.
        (01:16:04.943) [Visual Studio Host (8016):MainWindowService] Activating main window to bring it to the foreground.
        (01:16:05.135) [Visual Studio Host (8016):MainWindowService] Setting main window state to 'Maximized'.
    (01:16:05.534) [Visual Studio Host (8016):TextEditorDocumentWindowTestExtension] Showing window 'empty.cshtml' without activating the window.
    (01:16:05.719) [Visual Studio Host (8016):TextEditorDocumentWindowTestExtension] Showing window 'empty.cshtml'.
    (01:16:05.919) [Visual Studio Host (8016):VisualStudioSelectionTestExtension] Selects all text in the editor.
    (01:16:06.086) [Visual Studio Host (8016):KeyboardCommands] Sending the Delete key 1 times.
    (01:16:06.504) [Visual Studio Host (8016):TextEditorDocumentWindowTestExtension] Showing window 'empty.cshtml' without activating the window.
    (01:16:06.688) [Visual Studio Host (8016):TextEditorDocumentWindowTestExtension] Showing window 'empty.cshtml'.
    (01:16:06.942) [Visual Studio Host (8016):TextEditorDocumentWindowTestExtension] Showing window 'empty.cshtml' without activating the window.
    (01:16:07.114) [Visual Studio Host (8016):TextEditorDocumentWindowTestExtension] Showing window 'empty.cshtml'.
    VerificationPass: (01:16:07.366) [Platform:Testcase] Verification passed: String content is equal: Expected '@section mySection {}', Actual '@section mySection {}'; &lt;ComparisonType: OrdinalIgnoreCase&gt;
    (01:16:07.554) [Visual Studio Host (8016):TextEditorDocumentWindowTestExtension] Showing window 'empty.cshtml' without activating the window.
    (01:16:07.730) [Visual Studio Host (8016):TextEditorDocumentWindowTestExtension] Showing window 'empty.cshtml'.
    (01:16:07.934) [Visual Studio Host (8016):KeyboardCommands] Sending the Return key 1 times.
    (01:16:08.120) [Visual Studio Host (8016):TextEditorDocumentWindowTestExtension] Showing window 'empty.cshtml' without activating the window.
    (01:16:08.312) [Visual Studio Host (8016):TextEditorDocumentWindowTestExtension] Showing window 'empty.cshtml'.
    VerificationPass: (01:16:08.489) [Platform:Testcase] Verification passed: String content is equal: Expected '@section mySection {

}', Actual '@section mySection {

}'; &lt;ComparisonType: OrdinalIgnoreCase&gt;
    (01:16:08.662) [Visual Studio Host (8016):TextEditorDocumentWindowTestExtension] Showing window 'empty.cshtml' without activating the window.
    (01:16:08.840) [Visual Studio Host (8016):TextEditorDocumentWindowTestExtension] Showing window 'empty.cshtml'.
    VerificationPass: (01:16:09.058) [Visual Studio Host (8016):CaretVerifier] Verification passed: Expected caret line: '2', actual caret line: '2'
    VerificationPass: (01:16:09.260) [Visual Studio Host (8016):CaretVerifier] Verification passed: Expected caret column: '5', actual caret column: '5'
    (01:16:09.466) [Visual Studio Host (8016):TextEditorDocumentWindowTestExtension] Showing window 'empty.cshtml' without activating the window.
    (01:16:09.653) [Visual Studio Host (8016):TextEditorDocumentWindowTestExtension] Showing window 'empty.cshtml'.
    (01:16:09.853) [Visual Studio Host (8016):VisualStudioSelectionTestExtension] Selects all text in the editor.
    (01:16:10.058) [Visual Studio Host (8016):KeyboardCommands] Sending the Delete key 1 times.
    (01:16:10.260) [Visual Studio Host (8016):SettingsService] Setting Visual Studio option 'TextEditor\HTMLX\BraceCompletion' to 'False'.
    (01:16:10.819) [Visual Studio Host (8016):TextEditorDocumentWindowTestExtension] Showing window 'empty.cshtml' without activating the window.
    (01:16:11.040) [Visual Studio Host (8016):TextEditorDocumentWindowTestExtension] Showing window 'empty.cshtml'.
    (01:16:11.253) [Visual Studio Host (8016):TextEditorDocumentWindowTestExtension] Showing window 'empty.cshtml' without activating the window.
    (01:16:11.438) [Visual Studio Host (8016):TextEditorDocumentWindowTestExtension] Showing window 'empty.cshtml'.
    VerificationPass: (01:16:11.701) [Platform:Testcase] Verification passed: String content is equal: Expected '@section mySection {', Actual '@section mySection {'; &lt;ComparisonType: OrdinalIgnoreCase&gt;
    (01:16:11.917) [Visual Studio Host (8016):TextEditorDocumentWindowTestExtension] Showing window 'empty.cshtml' without activating the window.
    (01:16:12.077) [Visual Studio Host (8016):TextEditorDocumentWindowTestExtension] Showing window 'empty.cshtml'.
    (01:16:12.259) [Visual Studio Host (8016):KeyboardCommands] Sending the Return key 1 times.
    (01:16:12.484) [Visual Studio Host (8016):TextEditorDocumentWindowTestExtension] Showing window 'empty.cshtml' without activating the window.
    (01:16:12.678) [Visual Studio Host (8016):TextEditorDocumentWindowTestExtension] Showing window 'empty.cshtml'.
    VerificationPass: (01:16:12.864) [Platform:Testcase] Verification passed: String content is equal: Expected '@section mySection {
', Actual '@section mySection {
'; &lt;ComparisonType: OrdinalIgnoreCase&gt;
    (01:16:14.030) [Visual Studio Host (8016):TextEditorDocumentWindowTestExtension] Showing window 'empty.cshtml' without activating the window.
    (01:16:15.137) [Visual Studio Host (8016):TextEditorDocumentWindowTestExtension] Showing window 'empty.cshtml'.
    VerificationPass: (01:16:16.165) [Visual Studio Host (8016):CaretVerifier] Verification passed: Expected caret line: '2', actual caret line: '2'
    VerificationPass: (01:16:17.184) [Visual Studio Host (8016):CaretVerifier] Verification passed: Expected caret column: '5', actual caret column: '5'
    + ExternalProcessHostTest TestCleanup
        (01:16:19.364) [Visual Studio Host (8016):TextEditorDocumentWindowTestExtension] Closing window 'empty.cshtml'.
        (01:16:20.516) [Platform:Testcase] Test 'VSTest_SmartIndentInCSharpRazorV4InSection' has 'Passed' outcome. Therefore, Apex will not shut down the 'Visual Studio Host (8016)' with process ID '8016'. A subsequent test scenario will run on the same instance of the host.
    + Final Test Result Verification
        (01:16:23.623) [Platform:DelayedAssertionVerifierSink] Verification Success: 0 verification steps failed.
    + ApexTest TestCleanup</StdOut>
      </Output>
      <ResultFiles>
        <ResultFile path="WNVM19648\Fail.aswak04hapa5.png" />
        <ResultFile path="WNVM19648\Fail.azqsczivabnm.png" />
        <ResultFile path="WNVM19648\Fail.ek4tb3wmalyl.png" />
        <ResultFile path="WNVM19648\Fail.ig2gsfz5ad1y.png" />
        <ResultFile path="WNVM19648\Fail.o4kkrjboasbk.png" />
        <ResultFile path="WNVM19648\Fail.o5zf0zepaw0l.png" />
        <ResultFile path="WNVM19648\Fail.raasvsmeanc1.png" />
        <ResultFile path="WNVM19648\Fail.t4yj0fxuatil.png" />
        <ResultFile path="WNVM19648\Fail.z10rn0n5ajdm.png" />
        <ResultFile path="WNVM19648\OmniLog.html" />
        <ResultFile path="WNVM19648\OmniLogRawXml.xml" />
      </ResultFiles>
    </UnitTestResult>
    <UnitTestResult executionId="dd735699-be1c-442d-80e7-e71a749b8911" testId="43638d24-c41e-04ee-559b-200d3973faae" testName="VSTest_CssFormat_EmbeddedCSS_Expanded" computerName="WNVM19648" duration="00:00:02.5539392" startTime="2018-04-17T00:28:48.1071737-07:00" endTime="2018-04-17T00:28:50.6611129-07:00" testType="13cdc9d9-ddb5-4fa4-a97d-d965ccfc6d4b" outcome="Passed" testListId="8c84fa94-04c1-424b-9868-57a2d4851a1d" relativeResultsDirectory="dd735699-be1c-442d-80e7-e71a749b8911">
      <Output>
        <StdOut>+ CssFormatTests::VSTest_CssFormat_EmbeddedCSS_Expanded
    + ApexTest TestInitialize
    + ExternalProcessHostTest TestInitialize
        (30:29.510) [Visual Studio Host (11564):RoamingSettingsService] Disabling roaming settings.
        (30:29.563) [Visual Studio Host (11564):SettingsService] Setting Visual Studio option 'Environment\RoamingSettings\RoamingEnabled' to 'False'.
        (30:29.908) [Visual Studio Host (11564):TextEditorDocumentWindowTestExtension] Showing window 'FormatEmbeddedCss.html' without activating the window.
        (30:30.013) [Visual Studio Host (11564):TextEditorDocumentWindowTestExtension] Showing window 'FormatEmbeddedCss.html'.
        (30:30.091) [Visual Studio Host (11564):VisualStudioTextEditorTestExtension] Setting keyboard focus to editor 'FormatEmbeddedCss.html'.
        (30:30.156) [Visual Studio Host (11564):SettingsService] Getting value of Visual Studio Setting 'TextEditor\CSS Specific\BracePositionStyle'. 
        (30:30.224) [Visual Studio Host (11564):SettingsService] Setting Visual Studio option 'TextEditor\CSS Specific\BracePositionStyle' to '2'.
        (30:30.302) [Visual Studio Host (11564):MainWindowService] Activating main window to bring it to the foreground.
        (30:30.419) [Visual Studio Host (11564):MainWindowService] Setting main window state to 'Maximized'.
    (30:30.595) [Visual Studio Host (11564):TextEditorDocumentWindowTestExtension] Showing window 'FormatEmbeddedCss.html' without activating the window.
    (30:30.696) [Visual Studio Host (11564):TextEditorDocumentWindowTestExtension] Showing window 'FormatEmbeddedCss.html'.
    + ExternalProcessHostTest TestCleanup
        (30:30.856) [Visual Studio Host (11564):SettingsService] Setting Visual Studio option 'TextEditor\CSS Specific\BracePositionStyle' to '1'.
        (30:30.984) [Visual Studio Host (11564):TextEditorDocumentWindowTestExtension] Closing window 'FormatEmbeddedCss.html'.
        (30:31.201) [Platform:Testcase] Test 'VSTest_CssFormat_EmbeddedCSS_Expanded' has 'Passed' outcome. Therefore, Apex will not shut down the 'Visual Studio Host (11564)' with process ID '11564'. A subsequent test scenario will run on the same instance of the host.
    + Final Test Result Verification
        (30:31.444) [Platform:DelayedAssertionVerifierSink] Verification Success: 0 verification steps failed.
    + ApexTest TestCleanup</StdOut>
      </Output>
      <ResultFiles>
        <ResultFile path="WNVM19648\Fail.azqsczivabnm.png" />
        <ResultFile path="WNVM19648\Fail.ig2gsfz5ad1y.png" />
        <ResultFile path="WNVM19648\Fail.o5zf0zepaw0l.png" />
        <ResultFile path="WNVM19648\OmniLog.html" />
        <ResultFile path="WNVM19648\OmniLogRawXml.xml" />
      </ResultFiles>
    </UnitTestResult>
    <UnitTestResult executionId="a0ecd537-b16f-4435-9f7a-e7412dd28fbd" testId="7b8c058a-4716-1d5b-3462-1944e5eac86f" testName="VSTest_JSON_UnComments" computerName="WNVM19648" duration="00:00:09.2309785" startTime="2018-04-17T00:21:36.4483393-07:00" endTime="2018-04-17T00:21:45.6793178-07:00" testType="13cdc9d9-ddb5-4fa4-a97d-d965ccfc6d4b" outcome="Passed" testListId="8c84fa94-04c1-424b-9868-57a2d4851a1d" relativeResultsDirectory="a0ecd537-b16f-4435-9f7a-e7412dd28fbd">
      <Output>
        <StdOut>+ CommentsTests::VSTest_JSON_UnComments
    + ApexTest TestInitialize
    + ExternalProcessHostTest TestInitialize
        (23:17.806) [Visual Studio Host (11564):RoamingSettingsService] Disabling roaming settings.
        (23:17.853) [Visual Studio Host (11564):SettingsService] Setting Visual Studio option 'Environment\RoamingSettings\RoamingEnabled' to 'False'.
        (23:18.148) [Visual Studio Host (11564):TextEditorDocumentWindowTestExtension] Showing window 'Content.json' without activating the window.
        (23:18.218) [Visual Studio Host (11564):TextEditorDocumentWindowTestExtension] Showing window 'Content.json'.
        (23:18.277) [Visual Studio Host (11564):VisualStudioTextEditorTestExtension] Setting keyboard focus to editor 'Content.json'.
        (23:18.330) [Visual Studio Host (11564):MainWindowService] Activating main window to bring it to the foreground.
        (23:18.400) [Visual Studio Host (11564):MainWindowService] Setting main window state to 'Maximized'.
    (23:18.515) [Visual Studio Host (11564):TextEditorDocumentWindowTestExtension] Showing window 'Content.json' without activating the window.
    (23:18.564) [Visual Studio Host (11564):TextEditorDocumentWindowTestExtension] Showing window 'Content.json'.
    (23:18.621) [Visual Studio Host (11564):VisualStudioCaretTestExtension] Moving the caret and selecting the range from (Ln: 4, Ch: 16) to (Ln: 4, Ch: 16) based on a regular expression.  Expression = "()array" [group index '1', match index '1', options 'Singleline, CultureInvariant']
    (23:18.673) [Visual Studio Host (11564):TextEditorDocumentWindowTestExtension] Showing window 'Content.json' without activating the window.
    (23:18.723) [Visual Studio Host (11564):TextEditorDocumentWindowTestExtension] Showing window 'Content.json'.
    (23:18.784) [Visual Studio Host (11564):TextEditorDocumentWindowTestExtension] Showing window 'Content.json' without activating the window.
    (23:18.835) [Visual Studio Host (11564):TextEditorDocumentWindowTestExtension] Showing window 'Content.json'.
    (23:18.910) [Visual Studio Host (11564):TextEditorDocumentWindowTestExtension] Showing window 'Content.json' without activating the window.
    (23:18.976) [Visual Studio Host (11564):TextEditorDocumentWindowTestExtension] Showing window 'Content.json'.
    (23:19.032) [Visual Studio Host (11564):TextEditorDocumentWindowTestExtension] Showing window 'Content.json' without activating the window.
    (23:19.095) [Visual Studio Host (11564):TextEditorDocumentWindowTestExtension] Showing window 'Content.json'.
    (23:19.200) [Visual Studio Host (11564):TextEditorDocumentWindowTestExtension] Showing window 'Content.json' without activating the window.
    (23:19.254) [Visual Studio Host (11564):TextEditorDocumentWindowTestExtension] Showing window 'Content.json'.
    (23:19.326) [Visual Studio Host (11564):VisualStudioCaretTestExtension] Moving the caret from (Ln: 4, Ch: 16) to (Ln: 4, Ch: 16)
    (23:19.400) [Visual Studio Host (11564):TextEditorDocumentWindowTestExtension] Showing window 'Content.json' without activating the window.
    (23:19.481) [Visual Studio Host (11564):TextEditorDocumentWindowTestExtension] Showing window 'Content.json' without activating the window.
    (23:19.544) [Visual Studio Host (11564):TextEditorDocumentWindowTestExtension] Showing window 'Content.json'.
    (23:19.597) [Visual Studio Host (11564):VisualStudioCaretTestExtension] Moving the caret from (Ln: 4, Ch: 16) to (Ln: 4, Ch: 1)
    (23:19.650) [Visual Studio Host (11564):TextEditorDocumentWindowTestExtension] Showing window 'Content.json'.
    (23:19.705) [Visual Studio Host (11564):VisualStudioCaretTestExtension] Moving the caret and selecting from (Ln: 4, Ch: 1) down '8' lines
    (23:19.750) [Visual Studio Host (11564):VisualStudioTextEditorTestExtension] Setting keyboard focus to editor 'Content.json'.
    (23:19.835) [Visual Studio Host (11564):TextEditorDocumentWindowTestExtension] Showing window 'Content.json'.
    (23:19.922) [Visual Studio Host (11564):VisualStudioCaretTestExtension] Moving the caret and selecting from (Ln: 12, Ch: 1) to the beginning of the line
    (23:19.982) [Visual Studio Host (11564):VisualStudioTextEditorTestExtension] Setting keyboard focus to editor 'Content.json'.
    (23:20.031) [Visual Studio Host (11564):TextEditorDocumentWindowTestExtension] Showing window 'Content.json'.
    (23:20.141) [Visual Studio Host (11564):TextEditorDocumentWindowTestExtension] Showing window 'Content.json' without activating the window.
    (23:20.206) [Visual Studio Host (11564):TextEditorDocumentWindowTestExtension] Showing window 'Content.json'.
    (23:20.274) [Visual Studio Host (11564):VisualStudioCaretTestExtension] Moving the caret from (Ln: 12, Ch: 1) to (Ln: 3, Ch: 5)
    (23:20.326) [Visual Studio Host (11564):TextEditorDocumentWindowTestExtension] Showing window 'Content.json'.
    (23:20.387) [Visual Studio Host (11564):VisualStudioCaretTestExtension] Moving the caret and selecting from (Ln: 3, Ch: 5) down '6' lines
    (23:20.443) [Visual Studio Host (11564):VisualStudioTextEditorTestExtension] Setting keyboard focus to editor 'Content.json'.
    (23:20.527) [Visual Studio Host (11564):TextEditorDocumentWindowTestExtension] Showing window 'Content.json'.
    (23:20.601) [Visual Studio Host (11564):VisualStudioCaretTestExtension] Moving the caret and selecting from (Ln: 9, Ch: 5) to the beginning of the line
    (23:20.658) [Visual Studio Host (11564):VisualStudioTextEditorTestExtension] Setting keyboard focus to editor 'Content.json'.
    (23:20.718) [Visual Studio Host (11564):TextEditorDocumentWindowTestExtension] Showing window 'Content.json'.
    (23:20.796) [Visual Studio Host (11564):TextEditorDocumentWindowTestExtension] Showing window 'Content.json'.
    (23:20.858) [Visual Studio Host (11564):TextEditorDocumentWindowTestExtension] Showing window 'Content.json'.
    (23:20.956) [Visual Studio Host (11564):VisualStudioCaretTestExtension] Moving the caret and selecting from (Ln: 9, Ch: 1) right '3' characters
    (23:21.042) [Visual Studio Host (11564):VisualStudioTextEditorTestExtension] Setting keyboard focus to editor 'Content.json'.
    (23:21.124) [Visual Studio Host (11564):TextEditorDocumentWindowTestExtension] Showing window 'Content.json' without activating the window.
    (23:21.246) [Visual Studio Host (11564):TextEditorDocumentWindowTestExtension] Showing window 'Content.json' without activating the window.
    (23:21.326) [Visual Studio Host (11564):TextEditorDocumentWindowTestExtension] Showing window 'Content.json'.
    (23:21.393) [Visual Studio Host (11564):VisualStudioCaretTestExtension] Moving the caret from (Ln: 9, Ch: 4) to (Ln: 19, Ch: 16)
    (23:21.446) [Visual Studio Host (11564):TextEditorDocumentWindowTestExtension] Showing window 'Content.json'.
    (23:21.528) [Visual Studio Host (11564):VisualStudioCaretTestExtension] Moving the caret and selecting from (Ln: 19, Ch: 16) down '3' lines
    (23:21.588) [Visual Studio Host (11564):VisualStudioTextEditorTestExtension] Setting keyboard focus to editor 'Content.json'.
    (23:21.642) [Visual Studio Host (11564):TextEditorDocumentWindowTestExtension] Showing window 'Content.json'.
    (23:21.711) [Visual Studio Host (11564):VisualStudioCaretTestExtension] Moving the caret and selecting from (Ln: 22, Ch: 16) to the beginning of the line
    (23:21.755) [Visual Studio Host (11564):VisualStudioTextEditorTestExtension] Setting keyboard focus to editor 'Content.json'.
    (23:21.805) [Visual Studio Host (11564):TextEditorDocumentWindowTestExtension] Showing window 'Content.json'.
    (23:21.861) [Visual Studio Host (11564):TextEditorDocumentWindowTestExtension] Showing window 'Content.json'.
    (23:21.920) [Visual Studio Host (11564):TextEditorDocumentWindowTestExtension] Showing window 'Content.json'.
    (23:21.987) [Visual Studio Host (11564):VisualStudioCaretTestExtension] Moving the caret and selecting from (Ln: 22, Ch: 11) right '5' characters
    (23:22.051) [Visual Studio Host (11564):VisualStudioTextEditorTestExtension] Setting keyboard focus to editor 'Content.json'.
    (23:22.186) [Visual Studio Host (11564):TextEditorDocumentWindowTestExtension] Showing window 'Content.json' without activating the window.
    (23:22.242) [Visual Studio Host (11564):TextEditorDocumentWindowTestExtension] Showing window 'Content.json'.
    (23:22.305) [Visual Studio Host (11564):VisualStudioCaretTestExtension] Moving the caret from (Ln: 22, Ch: 18) to (Ln: 19, Ch: 16)
    (23:22.356) [Visual Studio Host (11564):TextEditorDocumentWindowTestExtension] Showing window 'Content.json'.
    (23:22.416) [Visual Studio Host (11564):VisualStudioCaretTestExtension] Moving the caret and selecting from (Ln: 19, Ch: 16) down '3' lines
    (23:22.459) [Visual Studio Host (11564):VisualStudioTextEditorTestExtension] Setting keyboard focus to editor 'Content.json'.
    (23:22.519) [Visual Studio Host (11564):TextEditorDocumentWindowTestExtension] Showing window 'Content.json'.
    (23:22.581) [Visual Studio Host (11564):VisualStudioCaretTestExtension] Moving the caret and selecting from (Ln: 22, Ch: 16) to the beginning of the line
    (23:22.627) [Visual Studio Host (11564):VisualStudioTextEditorTestExtension] Setting keyboard focus to editor 'Content.json'.
    (23:22.689) [Visual Studio Host (11564):TextEditorDocumentWindowTestExtension] Showing window 'Content.json'.
    (23:22.773) [Visual Studio Host (11564):TextEditorDocumentWindowTestExtension] Showing window 'Content.json'.
    (23:22.852) [Visual Studio Host (11564):TextEditorDocumentWindowTestExtension] Showing window 'Content.json'.
    (23:22.931) [Visual Studio Host (11564):VisualStudioCaretTestExtension] Moving the caret and selecting from (Ln: 22, Ch: 9) right '1' characters
    (23:23.006) [Visual Studio Host (11564):VisualStudioTextEditorTestExtension] Setting keyboard focus to editor 'Content.json'.
    (23:23.077) [Visual Studio Host (11564):TextEditorDocumentWindowTestExtension] Showing window 'Content.json' without activating the window.
    (23:23.161) [Visual Studio Host (11564):TextEditorDocumentWindowTestExtension] Showing window 'Content.json' without activating the window.
    (23:23.235) [Visual Studio Host (11564):TextEditorDocumentWindowTestExtension] Showing window 'Content.json'.
    VerificationPass: (23:23.324) [Platform:Testcase] Verification passed: The condition was expected to be false.
    (23:23.381) [Visual Studio Host (11564):TextEditorDocumentWindowTestExtension] Showing window 'Content.json' without activating the window.
    (23:23.455) [Visual Studio Host (11564):TextEditorDocumentWindowTestExtension] Showing window 'Content.json'.
    (23:23.522) [Visual Studio Host (11564):VisualStudioTextEditingActions] Undoing '1' operations.
    (23:23.583) [Visual Studio Host (11564):TextEditorDocumentWindowTestExtension] Showing window 'Content.json' without activating the window.
    (23:23.642) [Visual Studio Host (11564):TextEditorDocumentWindowTestExtension] Showing window 'Content.json'.
    VerificationPass: (23:23.709) [Platform:Testcase] Verification passed: The condition was expected to be true.
    (23:23.760) [Visual Studio Host (11564):TextEditorDocumentWindowTestExtension] Showing window 'Content.json' without activating the window.
    (23:23.822) [Visual Studio Host (11564):TextEditorDocumentWindowTestExtension] Showing window 'Content.json'.
    (23:23.893) [Visual Studio Host (11564):VisualStudioTextEditingActions] Redoing '1' operations.
    (23:23.990) [Visual Studio Host (11564):TextEditorDocumentWindowTestExtension] Showing window 'Content.json' without activating the window.
    (23:24.047) [Visual Studio Host (11564):TextEditorDocumentWindowTestExtension] Showing window 'Content.json'.
    (23:24.117) [Visual Studio Host (11564):VisualStudioCaretTestExtension] Moving the caret from (Ln: 22, Ch: 9) to (Ln: 24, Ch: 18)
    (23:24.168) [Visual Studio Host (11564):TextEditorDocumentWindowTestExtension] Showing window 'Content.json'.
    (23:24.246) [Visual Studio Host (11564):VisualStudioCaretTestExtension] Moving the caret and selecting from (Ln: 24, Ch: 18) right '10' characters
    (23:24.315) [Visual Studio Host (11564):VisualStudioTextEditorTestExtension] Setting keyboard focus to editor 'Content.json'.
    (23:24.455) [Visual Studio Host (11564):TextEditorDocumentWindowTestExtension] Showing window 'Content.json' without activating the window.
    (23:24.509) [Visual Studio Host (11564):TextEditorDocumentWindowTestExtension] Showing window 'Content.json'.
    (23:24.571) [Visual Studio Host (11564):VisualStudioCaretTestExtension] Moving the caret from (Ln: 24, Ch: 30) to (Ln: 24, Ch: 18)
    (23:24.624) [Visual Studio Host (11564):TextEditorDocumentWindowTestExtension] Showing window 'Content.json'.
    (23:24.684) [Visual Studio Host (11564):VisualStudioCaretTestExtension] Moving the caret and selecting from (Ln: 24, Ch: 18) right '10' characters
    (23:24.728) [Visual Studio Host (11564):VisualStudioTextEditorTestExtension] Setting keyboard focus to editor 'Content.json'.
    (23:24.831) [Visual Studio Host (11564):TextEditorDocumentWindowTestExtension] Showing window 'Content.json' without activating the window.
    (23:24.894) [Visual Studio Host (11564):TextEditorDocumentWindowTestExtension] Showing window 'Content.json'.
    (23:24.971) [Visual Studio Host (11564):VisualStudioCaretTestExtension] Moving the caret from (Ln: 24, Ch: 30) to (Ln: 24, Ch: 18)
    (23:25.035) [Visual Studio Host (11564):TextEditorDocumentWindowTestExtension] Showing window 'Content.json'.
    (23:25.112) [Visual Studio Host (11564):VisualStudioCaretTestExtension] Moving the caret and selecting from (Ln: 24, Ch: 18) right '10' characters
    (23:25.169) [Visual Studio Host (11564):VisualStudioTextEditorTestExtension] Setting keyboard focus to editor 'Content.json'.
    (23:25.308) [Visual Studio Host (11564):TextEditorDocumentWindowTestExtension] Showing window 'Content.json' without activating the window.
    (23:25.392) [Visual Studio Host (11564):TextEditorDocumentWindowTestExtension] Showing window 'Content.json' without activating the window.
    (23:25.461) [Visual Studio Host (11564):TextEditorDocumentWindowTestExtension] Showing window 'Content.json'.
    VerificationPass: (23:25.525) [Platform:Testcase] Verification passed: The condition was expected to be false.
    (23:25.580) [Visual Studio Host (11564):TextEditorDocumentWindowTestExtension] Showing window 'Content.json' without activating the window.
    (23:25.634) [Visual Studio Host (11564):TextEditorDocumentWindowTestExtension] Showing window 'Content.json'.
    (23:25.701) [Visual Studio Host (11564):VisualStudioTextEditingActions] Undoing '1' operations.
    (23:25.788) [Visual Studio Host (11564):TextEditorDocumentWindowTestExtension] Showing window 'Content.json' without activating the window.
    (23:25.888) [Visual Studio Host (11564):TextEditorDocumentWindowTestExtension] Showing window 'Content.json'.
    + ExternalProcessHostTest TestCleanup
        (23:26.043) [Visual Studio Host (11564):TextEditorDocumentWindowTestExtension] Closing window 'Content.json'.
        (23:26.249) [Platform:Testcase] Test 'VSTest_JSON_UnComments' has 'Passed' outcome. Therefore, Apex will not shut down the 'Visual Studio Host (11564)' with process ID '11564'. A subsequent test scenario will run on the same instance of the host.
    + Final Test Result Verification
        (23:26.445) [Platform:DelayedAssertionVerifierSink] Verification Success: 0 verification steps failed.
    + ApexTest TestCleanup</StdOut>
      </Output>
      <ResultFiles>
        <ResultFile path="WNVM19648\Fail.azqsczivabnm.png" />
        <ResultFile path="WNVM19648\Fail.ig2gsfz5ad1y.png" />
        <ResultFile path="WNVM19648\Fail.o5zf0zepaw0l.png" />
        <ResultFile path="WNVM19648\OmniLog.html" />
        <ResultFile path="WNVM19648\OmniLogRawXml.xml" />
      </ResultFiles>
    </UnitTestResult>
    <UnitTestResult executionId="c1ad5ff7-7b49-498c-b247-c94c80603731" testId="e8bcd81f-adf4-8db6-d019-fbe1fc9d76ff" testName="VSTest_Css_DiffViewer (Inline)" computerName="WNVM19648" startTime="2018-04-17T00:28:53.2944695-07:00" endTime="2018-04-17T00:28:53.2944695-07:00" testType="13cdc9d9-ddb5-4fa4-a97d-d965ccfc6d4b" outcome="NotExecuted" testListId="8c84fa94-04c1-424b-9868-57a2d4851a1d" relativeResultsDirectory="c1ad5ff7-7b49-498c-b247-c94c80603731">
      <Output>
      </Output>
    </UnitTestResult>
    <UnitTestResult executionId="b4dbef6c-9eb1-4761-892c-ca7ebabfb492" testId="3e9d6628-656d-3ad3-ed41-0a224fbbb952" testName="VSTest_Completion_DataAttribute" computerName="WNVM19648" duration="00:00:05.0135330" startTime="2018-04-17T00:16:02.8623154-07:00" endTime="2018-04-17T00:16:07.8758484-07:00" testType="13cdc9d9-ddb5-4fa4-a97d-d965ccfc6d4b" outcome="Passed" testListId="8c84fa94-04c1-424b-9868-57a2d4851a1d" relativeResultsDirectory="b4dbef6c-9eb1-4761-892c-ca7ebabfb492">
      <Output>
        <StdOut>+ CompletionTests::VSTest_Completion_DataAttribute
    + ApexTest TestInitialize
    + ExternalProcessHostTest TestInitialize
        (17:44.235) [Visual Studio Host (6956):RoamingSettingsService] Disabling roaming settings.
        (17:44.314) [Visual Studio Host (6956):SettingsService] Setting Visual Studio option 'Environment\RoamingSettings\RoamingEnabled' to 'False'.
        (17:44.700) [Visual Studio Host (6956):TextEditorDocumentWindowTestExtension] Showing window 'Completion.html' without activating the window.
        (17:44.791) [Visual Studio Host (6956):TextEditorDocumentWindowTestExtension] Showing window 'Completion.html'.
        (17:44.863) [Visual Studio Host (6956):VisualStudioTextEditorTestExtension] Setting keyboard focus to editor 'Completion.html'.
        (17:44.912) [Visual Studio Host (6956):MainWindowService] Activating main window to bring it to the foreground.
        (17:44.967) [Visual Studio Host (6956):MainWindowService] Setting main window state to 'Maximized'.
    (17:45.097) [Visual Studio Host (6956):TextEditorDocumentWindowTestExtension] Showing window 'Completion.html' without activating the window.
    (17:45.162) [Visual Studio Host (6956):TextEditorDocumentWindowTestExtension] Showing window 'Completion.html'.
    (17:45.231) [Visual Studio Host (6956):VisualStudioCaretTestExtension] Moving the caret to '&lt;body&gt;' at (Ln: 13, Ch: 1) based on a regular expression.  Expression = "&lt;body&gt;" [group index '0', match index '1', options 'Singleline, CultureInvariant']
    (17:45.320) [Visual Studio Host (6956):TextEditorDocumentWindowTestExtension] Showing window 'Completion.html' without activating the window.
    (17:45.422) [Visual Studio Host (6956):TextEditorDocumentWindowTestExtension] Showing window 'Completion.html'.
    (17:45.498) [Visual Studio Host (6956):VisualStudioCaretTestExtension] Moving the caret from (Ln: 13, Ch: 1) down '1' lines
    (17:45.554) [Visual Studio Host (6956):VisualStudioTextEditorTestExtension] Setting keyboard focus to editor 'Completion.html'.
    (17:45.615) [Visual Studio Host (6956):TextEditorDocumentWindowTestExtension] Showing window 'Completion.html' without activating the window.
    (17:45.669) [Visual Studio Host (6956):TextEditorDocumentWindowTestExtension] Showing window 'Completion.html'.
    (17:45.740) [Visual Studio Host (6956):VisualStudioTextEditingActions] Inserting text combine CRLF as single return: '&lt;div data-' at the current caret position: '(Ln: 14, Ch: 1)'
    (17:46.034) [Visual Studio Host (6956):TextEditorDocumentWindowTestExtension] Showing window 'Completion.html' without activating the window.
    (17:46.206) [Visual Studio Host (6956):TextEditorDocumentWindowTestExtension] Showing window 'Completion.html'.
    (17:46.315) [Visual Studio Host (6956):VisualStudioIntellisenseService] Getting the active completion at position '(Ln: 14, Ch: 11)'.
    (17:46.389) [Visual Studio Host (6956):VisualStudioCompletionListTestExtension] Found completion item with name 
    (17:46.455) [Visual Studio Host (6956):TextEditorDocumentWindowTestExtension] Showing window 'Completion.html' without activating the window.
    (17:46.526) [Visual Studio Host (6956):TextEditorDocumentWindowTestExtension] Showing window 'Completion.html'.
    (17:46.610) [Visual Studio Host (6956):VisualStudioTextEditingActions] Inserting text combine CRLF as single return: 'add' at the current caret position: '(Ln: 14, Ch: 11)'
    (17:46.736) [Visual Studio Host (6956):TextEditorDocumentWindowTestExtension] Showing window 'Completion.html' without activating the window.
    (17:46.792) [Visual Studio Host (6956):TextEditorDocumentWindowTestExtension] Showing window 'Completion.html'.
    (17:46.922) [Visual Studio Host (6956):KeyboardCommands] Sending '1' tabs.
    (17:47.052) [Visual Studio Host (6956):TextEditorDocumentWindowTestExtension] Showing window 'Completion.html' without activating the window.
    (17:47.123) [Visual Studio Host (6956):TextEditorDocumentWindowTestExtension] Showing window 'Completion.html'.
    (17:47.199) [Visual Studio Host (6956):VisualStudioIntellisenseService] Getting the active completion at position '(Ln: 14, Ch: 25)'.
    (17:47.286) [Visual Studio Host (6956):VisualStudioCompletionListTestExtension] Found completion item with name 
    (17:47.351) [Visual Studio Host (6956):TextEditorDocumentWindowTestExtension] Showing window 'Completion.html' without activating the window.
    (17:47.408) [Visual Studio Host (6956):TextEditorDocumentWindowTestExtension] Showing window 'Completion.html'.
    (17:47.476) [Visual Studio Host (6956):VisualStudioTextEditingActions] Inserting text combine CRLF as single return: 'f' at the current caret position: '(Ln: 14, Ch: 25)'
    (17:47.564) [Visual Studio Host (6956):TextEditorDocumentWindowTestExtension] Showing window 'Completion.html' without activating the window.
    (17:47.641) [Visual Studio Host (6956):TextEditorDocumentWindowTestExtension] Showing window 'Completion.html'.
    (17:47.718) [Visual Studio Host (6956):KeyboardCommands] Sending '1' tabs.
    (17:47.805) [Visual Studio Host (6956):TextEditorDocumentWindowTestExtension] Showing window 'Completion.html' without activating the window.
    (17:47.865) [Visual Studio Host (6956):TextEditorDocumentWindowTestExtension] Showing window 'Completion.html'.
    (17:47.925) [Visual Studio Host (6956):VisualStudioTextEditingActions] Inserting text combine CRLF as single return: '&gt;' at the current caret position: '(Ln: 14, Ch: 31)'
    (17:47.986) [Visual Studio Host (6956):TextEditorDocumentWindowTestExtension] Showing window 'Completion.html' without activating the window.
    (17:48.033) [Visual Studio Host (6956):TextEditorDocumentWindowTestExtension] Showing window 'Completion.html'.
    + ExternalProcessHostTest TestCleanup
        (17:48.140) [Visual Studio Host (6956):TextEditorDocumentWindowTestExtension] Closing window 'Completion.html'.
        (17:48.410) [Platform:Testcase] Test 'VSTest_Completion_DataAttribute' has 'Passed' outcome. Therefore, Apex will not shut down the 'Visual Studio Host (6956)' with process ID '6956'. A subsequent test scenario will run on the same instance of the host.
    + Final Test Result Verification
        (17:48.652) [Platform:DelayedAssertionVerifierSink] Verification Success: 0 verification steps failed.
    + ApexTest TestCleanup</StdOut>
      </Output>
      <ResultFiles>
        <ResultFile path="WNVM19648\Fail.azqsczivabnm.png" />
        <ResultFile path="WNVM19648\Fail.ig2gsfz5ad1y.png" />
        <ResultFile path="WNVM19648\Fail.o5zf0zepaw0l.png" />
        <ResultFile path="WNVM19648\OmniLog.html" />
        <ResultFile path="WNVM19648\OmniLogRawXml.xml" />
      </ResultFiles>
    </UnitTestResult>
    <UnitTestResult executionId="98198457-0540-4fbf-a4fa-cd2972fe214f" testId="1e3b8881-f41b-e36b-f0b7-88f909a4b871" testName="VSTest_CssFormat_EmbeddedCSS_SemiExpanded" computerName="WNVM19648" duration="00:00:02.4579342" startTime="2018-04-17T00:28:45.6492395-07:00" endTime="2018-04-17T00:28:48.1071737-07:00" testType="13cdc9d9-ddb5-4fa4-a97d-d965ccfc6d4b" outcome="Passed" testListId="8c84fa94-04c1-424b-9868-57a2d4851a1d" relativeResultsDirectory="98198457-0540-4fbf-a4fa-cd2972fe214f">
      <Output>
        <StdOut>+ CssFormatTests::VSTest_CssFormat_EmbeddedCSS_SemiExpanded
    + ApexTest TestInitialize
    + ExternalProcessHostTest TestInitialize
        (30:27.006) [Visual Studio Host (11564):RoamingSettingsService] Disabling roaming settings.
        (30:27.090) [Visual Studio Host (11564):SettingsService] Setting Visual Studio option 'Environment\RoamingSettings\RoamingEnabled' to 'False'.
        (30:27.490) [Visual Studio Host (11564):TextEditorDocumentWindowTestExtension] Showing window 'FormatEmbeddedCss.html' without activating the window.
        (30:27.621) [Visual Studio Host (11564):TextEditorDocumentWindowTestExtension] Showing window 'FormatEmbeddedCss.html'.
        (30:27.728) [Visual Studio Host (11564):VisualStudioTextEditorTestExtension] Setting keyboard focus to editor 'FormatEmbeddedCss.html'.
        (30:27.805) [Visual Studio Host (11564):SettingsService] Getting value of Visual Studio Setting 'TextEditor\CSS Specific\BracePositionStyle'. 
        (30:27.879) [Visual Studio Host (11564):SettingsService] Setting Visual Studio option 'TextEditor\CSS Specific\BracePositionStyle' to '1'.
        (30:27.942) [Visual Studio Host (11564):MainWindowService] Activating main window to bring it to the foreground.
        (30:28.007) [Visual Studio Host (11564):MainWindowService] Setting main window state to 'Maximized'.
    (30:28.233) [Visual Studio Host (11564):TextEditorDocumentWindowTestExtension] Showing window 'FormatEmbeddedCss.html' without activating the window.
    (30:28.346) [Visual Studio Host (11564):TextEditorDocumentWindowTestExtension] Showing window 'FormatEmbeddedCss.html'.
    + ExternalProcessHostTest TestCleanup
        (30:28.505) [Visual Studio Host (11564):SettingsService] Setting Visual Studio option 'TextEditor\CSS Specific\BracePositionStyle' to '1'.
        (30:28.568) [Visual Studio Host (11564):TextEditorDocumentWindowTestExtension] Closing window 'FormatEmbeddedCss.html'.
        (30:28.729) [Platform:Testcase] Test 'VSTest_CssFormat_EmbeddedCSS_SemiExpanded' has 'Passed' outcome. Therefore, Apex will not shut down the 'Visual Studio Host (11564)' with process ID '11564'. A subsequent test scenario will run on the same instance of the host.
    + Final Test Result Verification
        (30:28.920) [Platform:DelayedAssertionVerifierSink] Verification Success: 0 verification steps failed.
    + ApexTest TestCleanup</StdOut>
      </Output>
      <ResultFiles>
        <ResultFile path="WNVM19648\Fail.azqsczivabnm.png" />
        <ResultFile path="WNVM19648\Fail.ig2gsfz5ad1y.png" />
        <ResultFile path="WNVM19648\Fail.o5zf0zepaw0l.png" />
        <ResultFile path="WNVM19648\OmniLog.html" />
        <ResultFile path="WNVM19648\OmniLogRawXml.xml" />
      </ResultFiles>
    </UnitTestResult>
    <UnitTestResult executionId="8e98d1d8-3508-4731-878f-3065a08bd15b" testId="315e06f8-eddd-4e29-3983-79bcf64be5fc" testName="VSTest_Bower_NavigateToHomepage" computerName="WNVM19648" duration="00:00:51.2746247" startTime="2018-04-17T01:47:06.8679264-07:00" endTime="2018-04-17T01:47:58.1425511-07:00" testType="13cdc9d9-ddb5-4fa4-a97d-d965ccfc6d4b" outcome="Passed" testListId="8c84fa94-04c1-424b-9868-57a2d4851a1d" relativeResultsDirectory="8e98d1d8-3508-4731-878f-3065a08bd15b">
      <Output>
        <StdOut>+ BowerIntelliSenseTests::VSTest_Bower_NavigateToHomepage
    + ApexTest TestInitialize
    + ExternalProcessHostTest TestInitialize
        (01:48:48.828) [Visual Studio Host (11324):RoamingSettingsService] Disabling roaming settings.
        (01:48:49.052) [Visual Studio Host (11324):SettingsService] Setting Visual Studio option 'Environment\RoamingSettings\RoamingEnabled' to 'False'.
        (01:48:53.280) [Visual Studio Host (11324):SolutionService] Opening solution file 'file:///C:/TestBin/IntegrationTests/MS.VS.Web.Editors/webs/misc.sln' with asynchronous load data available.  WaitForFullyLoadedOnOpen set to 'True'. Apex will wait for all async project loads to complete before proceeding.
            (01:48:53.492) [Visual Studio Host (11324):SolutionService] Solution load behavior is set to 'Realtime'.
        + Waiting for the solution to fully load.
        (01:49:19.744) [Visual Studio Host (11324):TextEditorDocumentWindowTestExtension] Showing window 'bower.json' without activating the window.
        (01:49:20.212) [Visual Studio Host (11324):TextEditorDocumentWindowTestExtension] Showing window 'bower.json'.
        (01:49:23.113) [Visual Studio Host (11324):VisualStudioTextEditorTestExtension] Setting keyboard focus to editor 'bower.json'.
        (01:49:23.917) [Visual Studio Host (11324):MainWindowService] Activating main window to bring it to the foreground.
        (01:49:24.196) [Visual Studio Host (11324):MainWindowService] Setting main window state to 'Maximized'.
    (01:49:24.973) [Visual Studio Host (11324):TextEditorDocumentWindowTestExtension] Showing window 'bower.json' without activating the window.
    (01:49:25.522) [Visual Studio Host (11324):TextEditorDocumentWindowTestExtension] Showing window 'bower.json'.
    (01:49:25.773) [Visual Studio Host (11324):VisualStudioCaretTestExtension] Moving the caret to 'jquery' at (Ln: 6, Ch: 6) based on a regular expression.  Expression = "jquery" [group index '0', match index '1', options 'Singleline, CultureInvariant']
    (01:49:26.047) [Visual Studio Host (11324):TextEditorDocumentWindowTestExtension] Showing window 'bower.json' without activating the window.
    (01:49:26.289) [Visual Studio Host (11324):TextEditorDocumentWindowTestExtension] Showing window 'bower.json'.
    (01:49:26.635) [Visual Studio Host (11324):VisualStudioIntellisenseService] Invoking quick info tooltip at '(Ln: 6, Ch: 6)'.
    (01:49:27.684) [Visual Studio Host (11324):TextEditorDocumentWindowTestExtension] Showing window 'bower.json' without activating the window.
    (01:49:27.895) [Visual Studio Host (11324):TextEditorDocumentWindowTestExtension] Showing window 'bower.json'.
    (01:49:28.126) [Visual Studio Host (11324):VisualStudioCaretTestExtension] Moving the caret from (Ln: 6, Ch: 6) to the beginning of the line
    (01:49:28.332) [Visual Studio Host (11324):VisualStudioTextEditorTestExtension] Setting keyboard focus to editor 'bower.json'.
    (01:49:28.593) [Visual Studio Host (11324):TextEditorDocumentWindowTestExtension] Showing window 'bower.json' without activating the window.
    (01:49:28.800) [Visual Studio Host (11324):TextEditorDocumentWindowTestExtension] Showing window 'bower.json'.
    (01:49:29.090) [Visual Studio Host (11324):VisualStudioLightBulbService] Getting the active light bulb session at position '(Ln: 6, Ch: 5)'.
    VerificationPass: (01:49:29.342) [Visual Studio Host (11324):VisualStudioLightBulbServiceVerifier] Verification passed: Light bulb is present within a timeout of 00:00:10.
    (01:49:29.560) [Visual Studio Host (11324):TextEditorDocumentWindowTestExtension] Showing window 'bower.json' without activating the window.
    (01:49:29.797) [Visual Studio Host (11324):TextEditorDocumentWindowTestExtension] Showing window 'bower.json'.
    (01:49:30.027) [Visual Studio Host (11324):VisualStudioLightBulbService] Getting the active light bulb session at position '(Ln: 6, Ch: 5)'.
    (01:49:30.544) [Visual Studio Host (11324):LightBulbTestExtension] Retrieved '1' light bulb suggested actions.
    (01:49:30.760) [Visual Studio Host (11324):LightBulbSuggestedAction] Invoking light bulb suggestion action 'Open homepage in browser'.
    + ExternalProcessHostTest TestCleanup
        (01:49:36.569) [Visual Studio Host (11324):TextEditorDocumentWindowTestExtension] Closing window 'bower.json'.
        (01:49:37.504) [Platform:Testcase] Test 'VSTest_Bower_NavigateToHomepage' has 'Passed' outcome. Therefore, Apex will not shut down the 'Visual Studio Host (11324)' with process ID '11324'. A subsequent test scenario will run on the same instance of the host.
    + Final Test Result Verification
        (01:49:38.112) [Platform:DelayedAssertionVerifierSink] Verification Success: 0 verification steps failed.
    + ApexTest TestCleanup</StdOut>
      </Output>
      <ResultFiles>
        <ResultFile path="WNVM19648\Fail.22wpw0oka5fs.png" />
        <ResultFile path="WNVM19648\Fail.24wtv1jnawc3.png" />
        <ResultFile path="WNVM19648\Fail.2lws5epta1gw.png" />
        <ResultFile path="WNVM19648\Fail.33ju4eduay3u.png" />
        <ResultFile path="WNVM19648\Fail.3poblbx4alvv.png" />
        <ResultFile path="WNVM19648\Fail.4p531ykxaqdb.png" />
        <ResultFile path="WNVM19648\Fail.ashpv3rjajjr.png" />
        <ResultFile path="WNVM19648\Fail.aswak04hapa5.png" />
        <ResultFile path="WNVM19648\Fail.azqsczivabnm.png" />
        <ResultFile path="WNVM19648\Fail.byuslv5baqsd.png" />
        <ResultFile path="WNVM19648\Fail.ek4tb3wmalyl.png" />
        <ResultFile path="WNVM19648\Fail.ig2gsfz5ad1y.png" />
        <ResultFile path="WNVM19648\Fail.iymeazuqablz.png" />
        <ResultFile path="WNVM19648\Fail.kfb5og41ajlt.png" />
        <ResultFile path="WNVM19648\Fail.kxs1ersmaxma.png" />
        <ResultFile path="WNVM19648\Fail.lbyrcmqbastb.png" />
        <ResultFile path="WNVM19648\Fail.loc0xhl5a2hr.png" />
        <ResultFile path="WNVM19648\Fail.mazsob3aamsp.png" />
        <ResultFile path="WNVM19648\Fail.o4kkrjboasbk.png" />
        <ResultFile path="WNVM19648\Fail.o5zf0zepaw0l.png" />
        <ResultFile path="WNVM19648\Fail.pprwzak1ac5h.png" />
        <ResultFile path="WNVM19648\Fail.qagtqbftat3h.png" />
        <ResultFile path="WNVM19648\Fail.qbnuydioazjy.png" />
        <ResultFile path="WNVM19648\Fail.raasvsmeanc1.png" />
        <ResultFile path="WNVM19648\Fail.sidku4gxamg4.png" />
        <ResultFile path="WNVM19648\Fail.swwzdfhraz25.png" />
        <ResultFile path="WNVM19648\Fail.t4yj0fxuatil.png" />
        <ResultFile path="WNVM19648\Fail.vjqtiv2zaclz.png" />
        <ResultFile path="WNVM19648\Fail.z10rn0n5ajdm.png" />
        <ResultFile path="WNVM19648\Fail.z2gelfy0aa1q.png" />
        <ResultFile path="WNVM19648\OmniLog.html" />
        <ResultFile path="WNVM19648\OmniLogRawXml.xml" />
      </ResultFiles>
    </UnitTestResult>
    <UnitTestResult executionId="8b8105fa-c8c8-40e3-bf57-6b4eda4940bc" testId="02748736-15c8-0f76-37da-dc8c20896f9b" testName="VSTest_SetBreakpointsAndFormatInCSHtml" computerName="WNVM19648" duration="00:00:07.4208228" startTime="2018-04-17T01:29:32.4808447-07:00" endTime="2018-04-17T01:29:39.9016675-07:00" testType="13cdc9d9-ddb5-4fa4-a97d-d965ccfc6d4b" outcome="Passed" testListId="8c84fa94-04c1-424b-9868-57a2d4851a1d" relativeResultsDirectory="8b8105fa-c8c8-40e3-bf57-6b4eda4940bc">
      <Output>
        <StdOut>+ DebugTests::VSTest_SetBreakpointsAndFormatInCSHtml
    + ApexTest TestInitialize
    + ExternalProcessHostTest TestInitialize
        (01:31:14.419) [Visual Studio Host (840):RoamingSettingsService] Disabling roaming settings.
        (01:31:14.607) [Visual Studio Host (840):SettingsService] Setting Visual Studio option 'Environment\RoamingSettings\RoamingEnabled' to 'False'.
        (01:31:15.118) [Visual Studio Host (840):TextEditorDocumentWindowTestExtension] Showing window 'SetBreakPointsAndFormatInCshtml.cshtml' without activating the window.
        (01:31:15.357) [Visual Studio Host (840):TextEditorDocumentWindowTestExtension] Showing window 'SetBreakPointsAndFormatInCshtml.cshtml'.
        (01:31:15.577) [Visual Studio Host (840):VisualStudioTextEditorTestExtension] Setting keyboard focus to editor 'SetBreakPointsAndFormatInCshtml.cshtml'.
        (01:31:15.780) [Visual Studio Host (840):MainWindowService] Activating main window to bring it to the foreground.
        (01:31:15.979) [Visual Studio Host (840):MainWindowService] Setting main window state to 'Maximized'.
    (01:31:16.426) [Visual Studio Host (840):TextEditorDocumentWindowTestExtension] Showing window 'SetBreakPointsAndFormatInCshtml.cshtml' without activating the window.
    (01:31:16.633) [Visual Studio Host (840):TextEditorDocumentWindowTestExtension] Showing window 'SetBreakPointsAndFormatInCshtml.cshtml'.
    (01:31:16.850) [Visual Studio Host (840):VisualStudioCaretTestExtension] Moving the caret from (Ln: 1, Ch: 1) to (Ln: 6, Ch: 1)
    (01:31:17.629) [Visual Studio Host (840):TextEditorDocumentWindowTestExtension] Showing window 'SetBreakPointsAndFormatInCshtml.cshtml' without activating the window.
    (01:31:17.846) [Visual Studio Host (840):TextEditorDocumentWindowTestExtension] Showing window 'SetBreakPointsAndFormatInCshtml.cshtml'.
    + Deleting all debugger breakpoints.
        (01:31:18.296) [Visual Studio Host (840):DebuggerService] Deleted breakpoint 'C:\TestBin\IntegrationTests\MS.VS.Web.Editors\webs\RazorV3\SetBreakPointsAndFormatInCshtml.cshtml':6.
    + ExternalProcessHostTest TestCleanup
        (01:31:18.947) [Visual Studio Host (840):TextEditorDocumentWindowTestExtension] Closing window 'SetBreakPointsAndFormatInCshtml.cshtml'.
        (01:31:19.368) [Platform:Testcase] Test 'VSTest_SetBreakpointsAndFormatInCSHtml' has 'Passed' outcome. Therefore, Apex will not shut down the 'Visual Studio Host (840)' with process ID '840'. A subsequent test scenario will run on the same instance of the host.
    + Final Test Result Verification
        (01:31:20.011) [Platform:DelayedAssertionVerifierSink] Verification Success: 0 verification steps failed.
    + ApexTest TestCleanup</StdOut>
      </Output>
      <ResultFiles>
        <ResultFile path="WNVM19648\Fail.22wpw0oka5fs.png" />
        <ResultFile path="WNVM19648\Fail.33ju4eduay3u.png" />
        <ResultFile path="WNVM19648\Fail.3poblbx4alvv.png" />
        <ResultFile path="WNVM19648\Fail.ashpv3rjajjr.png" />
        <ResultFile path="WNVM19648\Fail.aswak04hapa5.png" />
        <ResultFile path="WNVM19648\Fail.azqsczivabnm.png" />
        <ResultFile path="WNVM19648\Fail.byuslv5baqsd.png" />
        <ResultFile path="WNVM19648\Fail.ek4tb3wmalyl.png" />
        <ResultFile path="WNVM19648\Fail.ig2gsfz5ad1y.png" />
        <ResultFile path="WNVM19648\Fail.kxs1ersmaxma.png" />
        <ResultFile path="WNVM19648\Fail.loc0xhl5a2hr.png" />
        <ResultFile path="WNVM19648\Fail.o4kkrjboasbk.png" />
        <ResultFile path="WNVM19648\Fail.o5zf0zepaw0l.png" />
        <ResultFile path="WNVM19648\Fail.qbnuydioazjy.png" />
        <ResultFile path="WNVM19648\Fail.raasvsmeanc1.png" />
        <ResultFile path="WNVM19648\Fail.sidku4gxamg4.png" />
        <ResultFile path="WNVM19648\Fail.t4yj0fxuatil.png" />
        <ResultFile path="WNVM19648\Fail.z10rn0n5ajdm.png" />
        <ResultFile path="WNVM19648\OmniLog.html" />
        <ResultFile path="WNVM19648\OmniLogRawXml.xml" />
      </ResultFiles>
    </UnitTestResult>
    <UnitTestResult executionId="73acf02e-0703-4bb6-a041-290354f78b00" testId="933f5889-4222-4b45-6b90-15a00aa5615c" testName="VSTest_KnockoutJS_EndToEnd_Aspx" computerName="WNVM19648" startTime="2018-04-16T23:55:51.0382520-07:00" endTime="2018-04-16T23:55:51.0382520-07:00" testType="13cdc9d9-ddb5-4fa4-a97d-d965ccfc6d4b" outcome="NotExecuted" testListId="8c84fa94-04c1-424b-9868-57a2d4851a1d" relativeResultsDirectory="73acf02e-0703-4bb6-a041-290354f78b00">
      <Output>
      </Output>
    </UnitTestResult>
    <UnitTestResult executionId="0025ac0e-2041-4270-8016-33f160ecfbeb" testId="5c0575f8-f8a1-16dd-201b-63600268def3" testName="VSTest_Colorization_RazorV4" computerName="WNVM19648" duration="00:00:17.2909621" startTime="2018-04-17T02:28:31.4390774-07:00" endTime="2018-04-17T02:28:48.7300395-07:00" testType="13cdc9d9-ddb5-4fa4-a97d-d965ccfc6d4b" outcome="Passed" testListId="8c84fa94-04c1-424b-9868-57a2d4851a1d" relativeResultsDirectory="0025ac0e-2041-4270-8016-33f160ecfbeb">
      <Output>
        <StdOut>+ ColorizationTests::VSTest_Colorization_RazorV4
    + ApexTest TestInitialize
    + ExternalProcessHostTest TestInitialize
        (02:30:13.288) [Visual Studio Host (8832):RoamingSettingsService] Disabling roaming settings.
        (02:30:13.442) [Visual Studio Host (8832):SettingsService] Setting Visual Studio option 'Environment\RoamingSettings\RoamingEnabled' to 'False'.
        (02:30:15.847) [Visual Studio Host (8832):TextEditorDocumentWindowTestExtension] Showing window 'empty.cshtml' without activating the window.
        (02:30:16.109) [Visual Studio Host (8832):TextEditorDocumentWindowTestExtension] Showing window 'empty.cshtml'.
        (02:30:16.581) [Visual Studio Host (8832):VisualStudioTextEditorTestExtension] Setting keyboard focus to editor 'empty.cshtml'.
        (02:30:16.790) [Visual Studio Host (8832):MainWindowService] Activating main window to bring it to the foreground.
        (02:30:17.022) [Visual Studio Host (8832):MainWindowService] Setting main window state to 'Maximized'.
    (02:30:17.620) [Visual Studio Host (8832):TextEditorDocumentWindowTestExtension] Showing window 'empty.cshtml' without activating the window.
    (02:30:17.822) [Visual Studio Host (8832):TextEditorDocumentWindowTestExtension] Showing window 'empty.cshtml'.
    (02:30:18.047) [Visual Studio Host (8832):VisualStudioCaretTestExtension] Moving the caret from (Ln: 1, Ch: 1) to the beginning of the file
    (02:30:18.227) [Visual Studio Host (8832):VisualStudioTextEditorTestExtension] Setting keyboard focus to editor 'empty.cshtml'.
    (02:30:18.412) [Visual Studio Host (8832):TextEditorDocumentWindowTestExtension] Showing window 'empty.cshtml' without activating the window.
    (02:30:18.570) [Visual Studio Host (8832):TextEditorDocumentWindowTestExtension] Showing window 'empty.cshtml'.
    (02:30:19.424) [Visual Studio Host (8832):TextEditorDocumentWindowTestExtension] Showing window 'empty.cshtml' without activating the window.
    (02:30:19.654) [Visual Studio Host (8832):TextEditorDocumentWindowTestExtension] Showing window 'empty.cshtml'.
    (02:30:20.114) [Visual Studio Host (8832):TextEditorDocumentWindowTestExtension] Showing window 'empty.cshtml' without activating the window.
    (02:30:20.361) [Visual Studio Host (8832):TextEditorDocumentWindowTestExtension] Showing window 'empty.cshtml'.
    (02:30:20.572) [Visual Studio Host (8832):TextEditorDocumentWindowTestExtension] Showing window 'empty.cshtml' without activating the window.
    (02:30:20.753) [Visual Studio Host (8832):TextEditorDocumentWindowTestExtension] Showing window 'empty.cshtml'.
    (02:30:20.981) [Visual Studio Host (8832):TextEditorDocumentWindowTestExtension] Showing window 'empty.cshtml' without activating the window.
    (02:30:21.186) [Visual Studio Host (8832):TextEditorDocumentWindowTestExtension] Showing window 'empty.cshtml'.
    (02:30:21.408) [Visual Studio Host (8832):VisualStudioCaretTestExtension] Moving the caret from (Ln: 1, Ch: 8) to the end of the line
    (02:30:21.619) [Visual Studio Host (8832):VisualStudioTextEditorTestExtension] Setting keyboard focus to editor 'empty.cshtml'.
    (02:30:21.834) [Visual Studio Host (8832):TextEditorDocumentWindowTestExtension] Showing window 'empty.cshtml' without activating the window.
    (02:30:22.040) [Visual Studio Host (8832):TextEditorDocumentWindowTestExtension] Showing window 'empty.cshtml'.
    (02:30:22.228) [Visual Studio Host (8832):KeyboardCommands] Sending the Return key 1 times.
    (02:30:23.892) [Visual Studio Host (8832):TextEditorDocumentWindowTestExtension] Showing window 'empty.cshtml' without activating the window.
    (02:30:24.102) [Visual Studio Host (8832):TextEditorDocumentWindowTestExtension] Showing window 'empty.cshtml'.
    (02:30:24.315) [Visual Studio Host (8832):KeyboardCommands] Sending the Return key 1 times.
    (02:30:24.559) [Visual Studio Host (8832):TextEditorDocumentWindowTestExtension] Showing window 'empty.cshtml' without activating the window.
    (02:30:24.753) [Visual Studio Host (8832):TextEditorDocumentWindowTestExtension] Showing window 'empty.cshtml'.
    (02:30:24.986) [Visual Studio Host (8832):TextEditorDocumentWindowTestExtension] Showing window 'empty.cshtml' without activating the window.
    (02:30:25.179) [Visual Studio Host (8832):TextEditorDocumentWindowTestExtension] Showing window 'empty.cshtml'.
    (02:30:25.418) [Visual Studio Host (8832):VisualStudioClassificationTestExtension] Retrieved '6' classifications in the editor.
    + ExternalProcessHostTest TestCleanup
        (02:30:25.772) [Visual Studio Host (8832):TextEditorDocumentWindowTestExtension] Closing window 'empty.cshtml'.
        (02:30:26.419) [Platform:Testcase] Test 'VSTest_Colorization_RazorV4' has 'Passed' outcome. Therefore, Apex will not shut down the 'Visual Studio Host (8832)' with process ID '8832'. A subsequent test scenario will run on the same instance of the host.
    + Final Test Result Verification
        (02:30:27.159) [Platform:DelayedAssertionVerifierSink] Verification Success: 0 verification steps failed.
    + ApexTest TestCleanup</StdOut>
      </Output>
      <ResultFiles>
        <ResultFile path="WNVM19648\Fail.1naitrosadk5.png" />
        <ResultFile path="WNVM19648\Fail.22wpw0oka5fs.png" />
        <ResultFile path="WNVM19648\Fail.24wtv1jnawc3.png" />
        <ResultFile path="WNVM19648\Fail.2dvw33g3abcx.png" />
        <ResultFile path="WNVM19648\Fail.2lws5epta1gw.png" />
        <ResultFile path="WNVM19648\Fail.2osatv43agzz.png" />
        <ResultFile path="WNVM19648\Fail.33ju4eduay3u.png" />
        <ResultFile path="WNVM19648\Fail.3poblbx4alvv.png" />
        <ResultFile path="WNVM19648\Fail.4p531ykxaqdb.png" />
        <ResultFile path="WNVM19648\Fail.5ckvvlpiahzj.png" />
        <ResultFile path="WNVM19648\Fail.5erbsz3aa4ay.png" />
        <ResultFile path="WNVM19648\Fail.ashpv3rjajjr.png" />
        <ResultFile path="WNVM19648\Fail.aswak04hapa5.png" />
        <ResultFile path="WNVM19648\Fail.azqsczivabnm.png" />
        <ResultFile path="WNVM19648\Fail.byuslv5baqsd.png" />
        <ResultFile path="WNVM19648\Fail.bz134qwyax2e.png" />
        <ResultFile path="WNVM19648\Fail.cwkly5opaa5x.png" />
        <ResultFile path="WNVM19648\Fail.czhshhzmawco.png" />
        <ResultFile path="WNVM19648\Fail.ek4tb3wmalyl.png" />
        <ResultFile path="WNVM19648\Fail.fdtmbjciavfs.png" />
        <ResultFile path="WNVM19648\Fail.fh0tepfdaffp.png" />
        <ResultFile path="WNVM19648\Fail.hxi2cahnapy2.png" />
        <ResultFile path="WNVM19648\Fail.ig2gsfz5ad1y.png" />
        <ResultFile path="WNVM19648\Fail.iwqb3wycasom.png" />
        <ResultFile path="WNVM19648\Fail.iymeazuqablz.png" />
        <ResultFile path="WNVM19648\Fail.jpga4adlarrf.png" />
        <ResultFile path="WNVM19648\Fail.k12p4vaeagac.png" />
        <ResultFile path="WNVM19648\Fail.kfb5og41ajlt.png" />
        <ResultFile path="WNVM19648\Fail.kp4fcfcpa5bw.png" />
        <ResultFile path="WNVM19648\Fail.kxs1ersmaxma.png" />
        <ResultFile path="WNVM19648\Fail.lbyrcmqbastb.png" />
        <ResultFile path="WNVM19648\Fail.loc0xhl5a2hr.png" />
        <ResultFile path="WNVM19648\Fail.lthgvalfaxfr.png" />
        <ResultFile path="WNVM19648\Fail.mazsob3aamsp.png" />
        <ResultFile path="WNVM19648\Fail.n13clx4iaowv.png" />
        <ResultFile path="WNVM19648\Fail.n3c2bmltan5e.png" />
        <ResultFile path="WNVM19648\Fail.o4kkrjboasbk.png" />
        <ResultFile path="WNVM19648\Fail.o5zf0zepaw0l.png" />
        <ResultFile path="WNVM19648\Fail.pdo2mhdtanq2.png" />
        <ResultFile path="WNVM19648\Fail.pprwzak1ac5h.png" />
        <ResultFile path="WNVM19648\Fail.qagtqbftat3h.png" />
        <ResultFile path="WNVM19648\Fail.qbnuydioazjy.png" />
        <ResultFile path="WNVM19648\Fail.raasvsmeanc1.png" />
        <ResultFile path="WNVM19648\Fail.rymman3va50a.png" />
        <ResultFile path="WNVM19648\Fail.sidku4gxamg4.png" />
        <ResultFile path="WNVM19648\Fail.swwzdfhraz25.png" />
        <ResultFile path="WNVM19648\Fail.t4yj0fxuatil.png" />
        <ResultFile path="WNVM19648\Fail.v0ywfcwsa23p.png" />
        <ResultFile path="WNVM19648\Fail.vjqtiv2zaclz.png" />
        <ResultFile path="WNVM19648\Fail.w3wlbab1aii5.png" />
        <ResultFile path="WNVM19648\Fail.wiz4mofdavag.png" />
        <ResultFile path="WNVM19648\Fail.xasrdkzvaogc.png" />
        <ResultFile path="WNVM19648\Fail.yd3ferxiaq1c.png" />
        <ResultFile path="WNVM19648\Fail.z10rn0n5ajdm.png" />
        <ResultFile path="WNVM19648\Fail.z2gelfy0aa1q.png" />
        <ResultFile path="WNVM19648\Fail.zpuouf2fa0ib.png" />
        <ResultFile path="WNVM19648\OmniLog.html" />
        <ResultFile path="WNVM19648\OmniLogRawXml.xml" />
      </ResultFiles>
    </UnitTestResult>
    <UnitTestResult executionId="3db35432-2ce7-44ed-9454-830da55d1d1b" testId="c6504608-82e2-78fc-e57f-344241895620" testName="VSTest_Html_DiffViewer (RightOnly)" computerName="WNVM19648" startTime="2018-04-17T00:14:25.9057723-07:00" endTime="2018-04-17T00:14:25.9057723-07:00" testType="13cdc9d9-ddb5-4fa4-a97d-d965ccfc6d4b" outcome="NotExecuted" testListId="8c84fa94-04c1-424b-9868-57a2d4851a1d" relativeResultsDirectory="3db35432-2ce7-44ed-9454-830da55d1d1b">
      <Output>
      </Output>
    </UnitTestResult>
    <UnitTestResult executionId="8e144cdc-1d70-4377-a4cd-3da3a3c87683" testId="08130ff7-ba46-e332-d25e-b29eab1afac0" testName="VSTest_Validate_Webforms_Basic_Validation" computerName="WNVM19648" duration="00:00:07.7238090" startTime="2018-04-17T01:22:38.9138536-07:00" endTime="2018-04-17T01:22:46.6376626-07:00" testType="13cdc9d9-ddb5-4fa4-a97d-d965ccfc6d4b" outcome="Passed" testListId="8c84fa94-04c1-424b-9868-57a2d4851a1d" relativeResultsDirectory="8e144cdc-1d70-4377-a4cd-3da3a3c87683">
      <Output>
        <StdOut>+ ValidationTests::VSTest_Validate_Webforms_Basic_Validation
    + ApexTest TestInitialize
    + ExternalProcessHostTest TestInitialize
        (01:24:20.638) [Visual Studio Host (10528):RoamingSettingsService] Disabling roaming settings.
        (01:24:20.782) [Visual Studio Host (10528):SettingsService] Setting Visual Studio option 'Environment\RoamingSettings\RoamingEnabled' to 'False'.
        (01:24:21.512) [Visual Studio Host (10528):TextEditorDocumentWindowTestExtension] Showing window 'Valid1.aspx' without activating the window.
        (01:24:21.718) [Visual Studio Host (10528):TextEditorDocumentWindowTestExtension] Showing window 'Valid1.aspx'.
        (01:24:21.910) [Visual Studio Host (10528):VisualStudioTextEditorTestExtension] Setting keyboard focus to editor 'Valid1.aspx'.
        (01:24:22.074) [Visual Studio Host (10528):MainWindowService] Activating main window to bring it to the foreground.
        (01:24:22.331) [Visual Studio Host (10528):MainWindowService] Setting main window state to 'Maximized'.
    (01:24:22.610) [Visual Studio Host (10528):TextEditorDocumentWindowTestExtension] Showing window 'Valid1.aspx' without activating the window.
    (01:24:22.746) [Visual Studio Host (10528):TextEditorDocumentWindowTestExtension] Showing window 'Valid1.aspx'.
    (01:24:22.916) [Visual Studio Host (10528):ToolWindowTestExtension] Showing window 'Error List ...' without activating the window.
    (01:24:23.074) [Visual Studio Host (10528):ErrorListService] Showing error list error items.
    (01:24:23.216) [Visual Studio Host (10528):ToolWindowTestExtension] Showing window 'Error List ...' without activating the window.
    (01:24:23.366) [Visual Studio Host (10528):ErrorListService] Showing error list message items.
    (01:24:23.515) [Visual Studio Host (10528):ToolWindowTestExtension] Showing window 'Error List ...' without activating the window.
    (01:24:23.648) [Visual Studio Host (10528):ErrorListService] Showing error list warning items.
    (01:24:25.843) [Visual Studio Host (10528):TextEditorDocumentWindowTestExtension] Showing window 'Valid1.aspx' without activating the window.
    (01:24:25.976) [Visual Studio Host (10528):TextEditorDocumentWindowTestExtension] Showing window 'Valid1.aspx'.
    + ExternalProcessHostTest TestCleanup
        (01:24:26.274) [Visual Studio Host (10528):TextEditorDocumentWindowTestExtension] Closing window 'Valid1.aspx'.
        (01:24:26.501) [Platform:Testcase] Test 'VSTest_Validate_Webforms_Basic_Validation' has 'Passed' outcome. Therefore, Apex will not shut down the 'Visual Studio Host (10528)' with process ID '10528'. A subsequent test scenario will run on the same instance of the host.
    + Final Test Result Verification
        (01:24:26.948) [Platform:DelayedAssertionVerifierSink] Verification Success: 0 verification steps failed.
    + ApexTest TestCleanup</StdOut>
      </Output>
      <ResultFiles>
        <ResultFile path="WNVM19648\Fail.aswak04hapa5.png" />
        <ResultFile path="WNVM19648\Fail.azqsczivabnm.png" />
        <ResultFile path="WNVM19648\Fail.byuslv5baqsd.png" />
        <ResultFile path="WNVM19648\Fail.ek4tb3wmalyl.png" />
        <ResultFile path="WNVM19648\Fail.ig2gsfz5ad1y.png" />
        <ResultFile path="WNVM19648\Fail.kxs1ersmaxma.png" />
        <ResultFile path="WNVM19648\Fail.loc0xhl5a2hr.png" />
        <ResultFile path="WNVM19648\Fail.o4kkrjboasbk.png" />
        <ResultFile path="WNVM19648\Fail.o5zf0zepaw0l.png" />
        <ResultFile path="WNVM19648\Fail.raasvsmeanc1.png" />
        <ResultFile path="WNVM19648\Fail.sidku4gxamg4.png" />
        <ResultFile path="WNVM19648\Fail.t4yj0fxuatil.png" />
        <ResultFile path="WNVM19648\Fail.z10rn0n5ajdm.png" />
        <ResultFile path="WNVM19648\OmniLog.html" />
        <ResultFile path="WNVM19648\OmniLogRawXml.xml" />
      </ResultFiles>
    </UnitTestResult>
    <UnitTestResult executionId="de32a456-2ab7-49e2-97fb-1b5cfd193c76" testId="2627c52e-1ba5-a13f-5e5c-22cb7a37903f" testName="VSTest_RazorCsFormatOnPaste" computerName="WNVM19648" duration="00:00:04.4551333" startTime="2018-04-17T01:03:55.3388758-07:00" endTime="2018-04-17T01:03:59.7940091-07:00" testType="13cdc9d9-ddb5-4fa4-a97d-d965ccfc6d4b" outcome="Passed" testListId="8c84fa94-04c1-424b-9868-57a2d4851a1d" relativeResultsDirectory="de32a456-2ab7-49e2-97fb-1b5cfd193c76">
      <Output>
        <StdOut>+ CSharpFormattingTests::VSTest_RazorCsFormatOnPaste
    + ApexTest TestInitialize
    + ExternalProcessHostTest TestInitialize
        (01:05:37.181) [Visual Studio Host (4384):RoamingSettingsService] Disabling roaming settings.
        (01:05:37.313) [Visual Studio Host (4384):SettingsService] Setting Visual Studio option 'Environment\RoamingSettings\RoamingEnabled' to 'False'.
        (01:05:37.683) [Visual Studio Host (4384):TextEditorDocumentWindowTestExtension] Showing window 'empty.cshtml' without activating the window.
        (01:05:37.873) [Visual Studio Host (4384):TextEditorDocumentWindowTestExtension] Showing window 'empty.cshtml'.
        (01:05:38.098) [Visual Studio Host (4384):VisualStudioTextEditorTestExtension] Setting keyboard focus to editor 'empty.cshtml'.
        (01:05:38.251) [Visual Studio Host (4384):MainWindowService] Activating main window to bring it to the foreground.
        (01:05:38.420) [Visual Studio Host (4384):MainWindowService] Setting main window state to 'Maximized'.
    (01:05:38.877) [Visual Studio Host (4384):TextEditorDocumentWindowTestExtension] Showing window 'empty.cshtml' without activating the window.
    (01:05:39.043) [Visual Studio Host (4384):TextEditorDocumentWindowTestExtension] Showing window 'empty.cshtml'.
    + ExternalProcessHostTest TestCleanup
        (01:05:39.370) [Visual Studio Host (4384):TextEditorDocumentWindowTestExtension] Closing window 'empty.cshtml'.
        (01:05:39.634) [Platform:Testcase] Test 'VSTest_RazorCsFormatOnPaste' has 'Passed' outcome. Therefore, Apex will not shut down the 'Visual Studio Host (4384)' with process ID '4384'. A subsequent test scenario will run on the same instance of the host.
    + Final Test Result Verification
        (01:05:40.166) [Platform:DelayedAssertionVerifierSink] Verification Success: 0 verification steps failed.
    + ApexTest TestCleanup</StdOut>
      </Output>
      <ResultFiles>
        <ResultFile path="WNVM19648\Fail.azqsczivabnm.png" />
        <ResultFile path="WNVM19648\Fail.ig2gsfz5ad1y.png" />
        <ResultFile path="WNVM19648\Fail.o5zf0zepaw0l.png" />
        <ResultFile path="WNVM19648\Fail.raasvsmeanc1.png" />
        <ResultFile path="WNVM19648\Fail.t4yj0fxuatil.png" />
        <ResultFile path="WNVM19648\Fail.z10rn0n5ajdm.png" />
        <ResultFile path="WNVM19648\OmniLog.html" />
        <ResultFile path="WNVM19648\OmniLogRawXml.xml" />
      </ResultFiles>
    </UnitTestResult>
    <UnitTestResult executionId="1c662e4f-a968-486b-9dfe-d4da39e24d67" testId="f4e962ab-c4d7-4962-cd6f-11a4e2f279c7" testName="VSTest_RazorV4IntellisenseInCshtml" computerName="WNVM19648" duration="00:00:14.6836608" startTime="2018-04-17T01:12:23.9794750-07:00" endTime="2018-04-17T01:12:38.6631358-07:00" testType="13cdc9d9-ddb5-4fa4-a97d-d965ccfc6d4b" outcome="Passed" testListId="8c84fa94-04c1-424b-9868-57a2d4851a1d" relativeResultsDirectory="1c662e4f-a968-486b-9dfe-d4da39e24d67">
      <Output>
        <StdOut>+ CSharpGeneralTests::VSTest_RazorV4IntellisenseInCshtml
    + ApexTest TestInitialize
    + ExternalProcessHostTest TestInitialize
        (01:14:05.735) [Visual Studio Host (8016):RoamingSettingsService] Disabling roaming settings.
        (01:14:05.911) [Visual Studio Host (8016):SettingsService] Setting Visual Studio option 'Environment\RoamingSettings\RoamingEnabled' to 'False'.
        (01:14:06.442) [Visual Studio Host (8016):TextEditorDocumentWindowTestExtension] Showing window 'emptyExceptUsingSystem.cshtml' without activating the window.
        (01:14:06.677) [Visual Studio Host (8016):TextEditorDocumentWindowTestExtension] Showing window 'emptyExceptUsingSystem.cshtml'.
        (01:14:06.855) [Visual Studio Host (8016):VisualStudioTextEditorTestExtension] Setting keyboard focus to editor 'emptyExceptUsingSystem.cshtml'.
        (01:14:06.994) [Visual Studio Host (8016):MainWindowService] Activating main window to bring it to the foreground.
        (01:14:07.149) [Visual Studio Host (8016):MainWindowService] Setting main window state to 'Maximized'.
    (01:14:07.461) [Visual Studio Host (8016):TextEditorDocumentWindowTestExtension] Showing window 'emptyExceptUsingSystem.cshtml' without activating the window.
    (01:14:07.634) [Visual Studio Host (8016):TextEditorDocumentWindowTestExtension] Showing window 'emptyExceptUsingSystem.cshtml'.
    (01:14:07.796) [Visual Studio Host (8016):VisualStudioCaretTestExtension] Moving the caret from (Ln: 1, Ch: 1) to (Ln: 2, Ch: 1)
    (01:14:07.959) [Visual Studio Host (8016):TextEditorDocumentWindowTestExtension] Showing window 'emptyExceptUsingSystem.cshtml' without activating the window.
    (01:14:08.130) [Visual Studio Host (8016):TextEditorDocumentWindowTestExtension] Showing window 'emptyExceptUsingSystem.cshtml'.
    (01:14:08.306) [Visual Studio Host (8016):VisualStudioTextEditingActions] Inserting text combine CRLF as single return: '@' at the current caret position: '(Ln: 2, Ch: 1)'
    (01:14:08.814) [Visual Studio Host (8016):TextEditorDocumentWindowTestExtension] Showing window 'emptyExceptUsingSystem.cshtml' without activating the window.
    (01:14:08.994) [Visual Studio Host (8016):TextEditorDocumentWindowTestExtension] Showing window 'emptyExceptUsingSystem.cshtml'.
    (01:14:09.167) [Visual Studio Host (8016):VisualStudioTextEditingActions] Inserting text combine CRLF as single return: 'date' at the current caret position: '(Ln: 2, Ch: 2)'
    (01:14:09.368) [Visual Studio Host (8016):TextEditorDocumentWindowTestExtension] Showing window 'emptyExceptUsingSystem.cshtml' without activating the window.
    (01:14:09.616) [Visual Studio Host (8016):TextEditorDocumentWindowTestExtension] Showing window 'emptyExceptUsingSystem.cshtml'.
    (01:14:09.971) [Visual Studio Host (8016):VisualStudioIntellisenseService] Getting the active completion at position '(Ln: 2, Ch: 6)'.
    (01:14:10.178) [Visual Studio Host (8016):VisualStudioCompletionListTestExtension] Found completion item with name 
    (01:14:10.371) [Visual Studio Host (8016):VisualStudioIntellisenseService] Getting the active completion at position '(Ln: 2, Ch: 6)'.
    (01:14:10.533) [Visual Studio Host (8016):VisualStudioCompletionListTestExtension] Found completion item with name 
    (01:14:10.704) [Visual Studio Host (8016):TextEditorDocumentWindowTestExtension] Showing window 'emptyExceptUsingSystem.cshtml' without activating the window.
    (01:14:10.864) [Visual Studio Host (8016):TextEditorDocumentWindowTestExtension] Showing window 'emptyExceptUsingSystem.cshtml'.
    (01:14:11.020) [Visual Studio Host (8016):VisualStudioTextEditingActions] Inserting text combine CRLF as single return: '.' at the current caret position: '(Ln: 2, Ch: 6)'
    (01:14:11.252) [Visual Studio Host (8016):TextEditorDocumentWindowTestExtension] Showing window 'emptyExceptUsingSystem.cshtml' without activating the window.
    (01:14:11.410) [Visual Studio Host (8016):TextEditorDocumentWindowTestExtension] Showing window 'emptyExceptUsingSystem.cshtml'.
    (01:14:11.620) [Visual Studio Host (8016):VisualStudioIntellisenseService] Getting the active completion at position '(Ln: 2, Ch: 11)'.
    (01:14:11.789) [Visual Studio Host (8016):VisualStudioCompletionListTestExtension] Found completion item with name 
    (01:14:11.940) [Visual Studio Host (8016):VisualStudioIntellisenseService] Getting the active completion at position '(Ln: 2, Ch: 11)'.
    (01:14:12.115) [Visual Studio Host (8016):VisualStudioCompletionListTestExtension] Found completion item with name 
    (01:14:12.270) [Visual Studio Host (8016):TextEditorDocumentWindowTestExtension] Showing window 'emptyExceptUsingSystem.cshtml' without activating the window.
    (01:14:12.431) [Visual Studio Host (8016):TextEditorDocumentWindowTestExtension] Showing window 'emptyExceptUsingSystem.cshtml'.
    (01:14:12.613) [Visual Studio Host (8016):VisualStudioTextEditingActions] Inserting text combine CRLF as single return: 'Now' at the current caret position: '(Ln: 2, Ch: 11)'
    (01:14:12.853) [Visual Studio Host (8016):TextEditorDocumentWindowTestExtension] Showing window 'emptyExceptUsingSystem.cshtml' without activating the window.
    (01:14:13.076) [Visual Studio Host (8016):TextEditorDocumentWindowTestExtension] Showing window 'emptyExceptUsingSystem.cshtml'.
    (01:14:13.564) [Visual Studio Host (8016):ToolWindowTestExtension] Showing window 'Error List ...' without activating the window.
    (01:14:14.342) [Visual Studio Host (8016):ToolWindowTestExtension] Showing window 'Error List ...'.
    (01:14:14.701) [Visual Studio Host (8016):ToolWindowTestExtension] Showing window 'Error List ...' without activating the window.
    (01:14:14.870) [Visual Studio Host (8016):ErrorListService] Showing error list error items.
    (01:14:15.080) [Visual Studio Host (8016):ToolWindowTestExtension] Showing window 'Error List ...' without activating the window.
    (01:14:15.223) [Visual Studio Host (8016):ErrorListService] Showing error list message items.
    (01:14:15.367) [Visual Studio Host (8016):ToolWindowTestExtension] Showing window 'Error List ...' without activating the window.
    (01:14:15.510) [Visual Studio Host (8016):ErrorListService] Showing error list warning items.
    (01:14:17.741) [Visual Studio Host (8016):TextEditorDocumentWindowTestExtension] Showing window 'emptyExceptUsingSystem.cshtml' without activating the window.
    (01:14:17.955) [Visual Studio Host (8016):TextEditorDocumentWindowTestExtension] Showing window 'emptyExceptUsingSystem.cshtml'.
    + ExternalProcessHostTest TestCleanup
        (01:14:18.300) [Visual Studio Host (8016):TextEditorDocumentWindowTestExtension] Closing window 'emptyExceptUsingSystem.cshtml'.
        (01:14:18.545) [Platform:Testcase] Test 'VSTest_RazorV4IntellisenseInCshtml' has 'Passed' outcome. Therefore, Apex will not shut down the 'Visual Studio Host (8016)' with process ID '8016'. A subsequent test scenario will run on the same instance of the host.
    + Final Test Result Verification
        (01:14:19.005) [Platform:DelayedAssertionVerifierSink] Verification Success: 0 verification steps failed.
    + ApexTest TestCleanup</StdOut>
      </Output>
      <ResultFiles>
        <ResultFile path="WNVM19648\Fail.azqsczivabnm.png" />
        <ResultFile path="WNVM19648\Fail.ig2gsfz5ad1y.png" />
        <ResultFile path="WNVM19648\Fail.o5zf0zepaw0l.png" />
        <ResultFile path="WNVM19648\Fail.raasvsmeanc1.png" />
        <ResultFile path="WNVM19648\Fail.t4yj0fxuatil.png" />
        <ResultFile path="WNVM19648\Fail.z10rn0n5ajdm.png" />
        <ResultFile path="WNVM19648\OmniLog.html" />
        <ResultFile path="WNVM19648\OmniLogRawXml.xml" />
      </ResultFiles>
    </UnitTestResult>
    <UnitTestResult executionId="05b8a9b3-6386-4a6f-9b83-c8042f4ea1e4" testId="283c2ee3-5153-3b3f-12de-9097ea195860" testName="VSTest_Razor_TagHelpers_Completion_Tooltip" computerName="WNVM19648" startTime="2018-04-17T01:17:53.4204076-07:00" endTime="2018-04-17T01:17:53.4204076-07:00" testType="13cdc9d9-ddb5-4fa4-a97d-d965ccfc6d4b" outcome="NotExecuted" testListId="8c84fa94-04c1-424b-9868-57a2d4851a1d" relativeResultsDirectory="05b8a9b3-6386-4a6f-9b83-c8042f4ea1e4">
      <Output>
      </Output>
    </UnitTestResult>
    <UnitTestResult executionId="ceea9f19-57c4-4d50-a9be-a8e7d008a39c" testId="cfae9aed-2cb5-2693-50bb-4ffab5aea729" testName="VSTest_Generate_AttrModel_Methods_WAP_Code_Behind_CS" computerName="WNVM19648" duration="00:00:28.1967168" startTime="2018-04-17T01:25:54.4003510-07:00" endTime="2018-04-17T01:26:22.5970678-07:00" testType="13cdc9d9-ddb5-4fa4-a97d-d965ccfc6d4b" outcome="Failed" testListId="8c84fa94-04c1-424b-9868-57a2d4851a1d" relativeResultsDirectory="ceea9f19-57c4-4d50-a9be-a8e7d008a39c">
      <Output>
        <StdOut>+ GenerateDataMethodTests::VSTest_Generate_AttrModel_Methods_WAP_Code_Behind_CS
    + ApexTest TestInitialize
    + ExternalProcessHostTest TestInitialize
        (01:27:36.220) [Visual Studio Host (3036):RoamingSettingsService] Disabling roaming settings.
        (01:27:36.381) [Visual Studio Host (3036):SettingsService] Setting Visual Studio option 'Environment\RoamingSettings\RoamingEnabled' to 'False'.
        (01:27:37.169) [Visual Studio Host (3036):TextEditorDocumentWindowTestExtension] Showing window 'CodeBehind.aspx' without activating the window.
        (01:27:37.406) [Visual Studio Host (3036):TextEditorDocumentWindowTestExtension] Showing window 'CodeBehind.aspx'.
        (01:27:37.598) [Visual Studio Host (3036):VisualStudioTextEditorTestExtension] Setting keyboard focus to editor 'CodeBehind.aspx'.
        (01:27:37.762) [Visual Studio Host (3036):MainWindowService] Activating main window to bring it to the foreground.
        (01:27:37.928) [Visual Studio Host (3036):MainWindowService] Setting main window state to 'Maximized'.
    (01:27:40.550) [Platform:Microsoft.Test.Apex.Services.ScreenshotService] Took a screenshot for category '' and saved as 'C:\TestBin\IntegrationTests\TestResults\2018_04_16_23_55_50\VSTest_Razor_TagHelpers_OptOut_Timedout.jpg'.
    Error: (01:27:40.969) [Platform:Testcase] Test method Microsoft.VisualStudio.Web.Editors.IntegrationTests.WebForm.GenerateDataMethodTests.VSTest_Generate_AttrModel_Methods_WAP_Code_Behind_CS threw exception. System.Runtime.Remoting.RemotingException: Failed to read from an IPC Port: The pipe has been ended.

   at Microsoft.VisualStudio.Web.Common.TestAdapter.ParameterizedTests.ReflectionUtilities.InvokeMethod(Object targetObject, MethodInfo method, Object[] methodArguments, String exceptionMessageFormat) in D:\dd\WTE\Main\test\Common\TestAdapter\ParameterizedTests\ReflectionUtilities.cs:line 190
   at Microsoft.VisualStudio.Web.Common.TestAdapter.ParameterizedTests.TestMethodInfo.Invoke(Object testObject, TestExecutionContext context) in D:\dd\WTE\Main\test\Common\TestAdapter\ParameterizedTests\TestMethodInfo.cs:line 64
    + ExternalProcessHostTest TestCleanup
        (01:27:44.587) [Platform:VenusHost] Compose Batch: 00:00:02.1718121
        (01:27:47.438) [Platform:VenusHost] Host Process is being started. Executable = 'C:\Program Files (x86)\Microsoft Visual Studio\Preview\Enterprise\Common7\IDE\devenv.exe'.
        (01:27:47.688) [Platform:VenusHost] Host Process is started. PID = 840.
        (01:27:47.891) [Platform:VenusHost] Host process 'devenv' (id: 840) is now idle/ready.
        (01:27:52.172) [Platform:Microsoft.Test.Apex.Hosts.Services.RemoteServiceInitializer] Using remote code injector service 'RemoteCodeInjectorService' for the operation 'ManagedAuto'.
        + Visual Studio Host Creation
            (01:27:59.969) [Platform:Testcase] Target Executable: 'C:\Program Files (x86)\Microsoft Visual Studio\Preview\Enterprise\Common7\IDE\devenv.exe'.
            (01:28:00.203) [Platform:Testcase] Process Id: '840'.
            (01:28:00.406) [Platform:Testcase] UI Culture: 'English (United States)'.
            (01:28:00.594) [Platform:Testcase] Build Number: '15.0.27615'.
        (01:28:00.984) [Visual Studio Host (840):MainWindowService] Setting main window state to 'Maximized'.
        (01:28:01.172) [Visual Studio Host (840):MainWindowService] Activating main window to bring it to the foreground.
        Warning: (01:28:01.453) [Platform:Microsoft.Test.Apex.Services.ScreenshotService] Exception occured when copying screenshot file from 'C:\TestBin\IntegrationTests\Failure.jpg' to 'C:\TestBin\IntegrationTests\TestResults\2018_04_16_23_55_50\Failure.jpg'.
        Warning: (01:28:01.453) [Platform:Microsoft.Test.Apex.Services.ScreenshotService] System.IO.IOException: The file 'C:\TestBin\IntegrationTests\TestResults\2018_04_16_23_55_50\Failure.jpg' already exists.
   at System.IO.__Error.WinIOError(Int32 errorCode, String maybeFullPath)
   at System.IO.File.InternalCopy(String sourceFileName, String destFileName, Boolean overwrite, Boolean checkHost)
   at System.IO.File.Copy(String sourceFileName, String destFileName, Boolean overwrite)
   at Microsoft.Test.Apex.Services.ScreenshotService.TakeOne(String categoryName, String fileNamePrefix, String repositoryPath) in F:\dd\src\omni\Apex\Framework\Services\Screenshot\ScreenshotService.cs:line 176
        (01:28:01.766) [Platform:ProcessCaptureService] Capturing screenshots for PID 840 (devenv)
        Result file 'VSTest_Generate_AttrModel_Methods_WAP_Code_Behind_CS-Failure-devenv.840.png' added: file:///C:/TestBin/IntegrationTests/TestResults/2018_04_16_23_55_50/VSTest_Generate_AttrModel_Methods_WAP_Code_Behind_CS-Failure-devenv.840.png
        (01:28:02.187) [Platform:ProcessCaptureService] Bounding rectangle of HWND 0xC0518 is size (0, 0), which cannot be captured.
        (01:28:02.375) [Platform:ProcessCaptureService] Bounding rectangle of HWND 0x1404EA is size (0, 0), which cannot be captured.
    + Final Test Result Verification
        (01:28:02.890) [Platform:DelayedAssertionVerifierSink] Verification Success: 0 verification steps failed.
    + ApexTest TestCleanup</StdOut>
        <ErrorInfo>
          <Message>Test method Microsoft.VisualStudio.Web.Editors.IntegrationTests.WebForm.GenerateDataMethodTests.VSTest_Generate_AttrModel_Methods_WAP_Code_Behind_CS threw exception. System.Runtime.Remoting.RemotingException: Failed to read from an IPC Port: The pipe has been ended.
</Message>
          <StackTrace>
Server stack trace: 
   at System.Runtime.Remoting.Channels.Ipc.IpcPort.Read(Byte[] data, Int32 offset, Int32 length)
   at System.Runtime.Remoting.Channels.Ipc.PipeStream.Read(Byte[] buffer, Int32 offset, Int32 size)
   at System.Runtime.Remoting.Channels.SocketHandler.ReadFromSocket(Byte[] buffer, Int32 offset, Int32 count)
   at System.Runtime.Remoting.Channels.SocketHandler.Read(Byte[] buffer, Int32 offset, Int32 count)
   at System.Runtime.Remoting.Channels.SocketHandler.ReadAndMatchFourBytes(Byte[] buffer)
   at System.Runtime.Remoting.Channels.Tcp.TcpSocketHandler.ReadAndMatchPreamble()
   at System.Runtime.Remoting.Channels.Tcp.TcpSocketHandler.ReadVersionAndOperation(UInt16&amp; operation)
   at System.Runtime.Remoting.Channels.Ipc.IpcClientHandler.ReadHeaders()
   at System.Runtime.Remoting.Channels.Ipc.IpcClientTransportSink.ProcessMessage(IMessage msg, ITransportHeaders requestHeaders, Stream requestStream, ITransportHeaders&amp; responseHeaders, Stream&amp; responseStream)
   at System.Runtime.Remoting.Channels.BinaryClientFormatterSink.SyncProcessMessage(IMessage msg)

Exception rethrown at [0]: 
   at System.Runtime.Remoting.Proxies.RealProxy.HandleReturnMessage(IMessage reqMsg, IMessage retMsg)
   at System.Runtime.Remoting.Proxies.RealProxy.PrivateInvoke(MessageData&amp; msgData, Int32 type)
   at Microsoft.VisualStudio.Web.Editors.TestServices.WebForms.WebFormsEditorService.EnsureControlSchemasReady()
   at Microsoft.VisualStudio.Web.Editors.IntegrationTests.WebForm.GenerateDataMethodTests.GenerateAttrModelMethods(String codeBehindFile) in D:\dd\WTE\Main\test\Editors\IntegrationTests\WebForm\GenerateDataMethodTests.cs:line 109
   at Microsoft.VisualStudio.Web.Editors.IntegrationTests.WebForm.GenerateDataMethodTests.VSTest_Generate_AttrModel_Methods_WAP_Code_Behind_CS() in D:\dd\WTE\Main\test\Editors\IntegrationTests\WebForm\GenerateDataMethodTests.cs:line 58</StackTrace>
        </ErrorInfo>
      </Output>
      <ResultFiles>
        <ResultFile path="WNVM19648\Fail.22wpw0oka5fs.png" />
        <ResultFile path="WNVM19648\Fail.33ju4eduay3u.png" />
        <ResultFile path="WNVM19648\Fail.aswak04hapa5.png" />
        <ResultFile path="WNVM19648\Fail.azqsczivabnm.png" />
        <ResultFile path="WNVM19648\Fail.byuslv5baqsd.png" />
        <ResultFile path="WNVM19648\Fail.ek4tb3wmalyl.png" />
        <ResultFile path="WNVM19648\Fail.ig2gsfz5ad1y.png" />
        <ResultFile path="WNVM19648\Fail.kxs1ersmaxma.png" />
        <ResultFile path="WNVM19648\Fail.loc0xhl5a2hr.png" />
        <ResultFile path="WNVM19648\Fail.o4kkrjboasbk.png" />
        <ResultFile path="WNVM19648\Fail.o5zf0zepaw0l.png" />
        <ResultFile path="WNVM19648\Fail.qbnuydioazjy.png" />
        <ResultFile path="WNVM19648\Fail.raasvsmeanc1.png" />
        <ResultFile path="WNVM19648\Fail.sidku4gxamg4.png" />
        <ResultFile path="WNVM19648\Fail.t4yj0fxuatil.png" />
        <ResultFile path="WNVM19648\Fail.z10rn0n5ajdm.png" />
        <ResultFile path="WNVM19648\Failure.jpg" />
        <ResultFile path="WNVM19648\Failure[1].jpg" />
        <ResultFile path="WNVM19648\OmniLog.html" />
        <ResultFile path="WNVM19648\OmniLogRawXml.xml" />
        <ResultFile path="WNVM19648\VSTest_Generate_AttrModel_Methods_WAP_Code_Behind_CS-Failure-devenv.840.png" />
        <ResultFile path="WNVM19648\VSTest_Html_Drag_Drop_JavascriptFile_Timedout.jpg" />
        <ResultFile path="WNVM19648\VSTest_Html_Drag_Drop_JavascriptFile_Timedout[1].jpg" />
        <ResultFile path="WNVM19648\VSTest_JSON_AutoStructureWithExistingComma_Timedout.jpg" />
        <ResultFile path="WNVM19648\VSTest_JSON_AutoStructureWithExistingComma_Timedout[1].jpg" />
        <ResultFile path="WNVM19648\VSTest_Parser_PTagTest_Timedout.jpg" />
        <ResultFile path="WNVM19648\VSTest_Parser_PTagTest_Timedout[1].jpg" />
        <ResultFile path="WNVM19648\VSTest_Razor_TagHelpers_OptOut_Timedout.jpg" />
        <ResultFile path="WNVM19648\VSTest_Razor_TagHelpers_OptOut_Timedout[1].jpg" />
        <ResultFile path="WNVM19648\VSTest_Razor_TagHelpers_Update_CS_File_And_Build_Timedout.jpg" />
        <ResultFile path="WNVM19648\VSTest_Razor_TagHelpers_Update_CS_File_And_Build_Timedout[1].jpg" />
        <ResultFile path="WNVM19648\VSTest_SmartIndentInJSInRazorV4_Timedout.jpg" />
        <ResultFile path="WNVM19648\VSTest_SmartIndentInJSInRazorV4_Timedout[1].jpg" />
      </ResultFiles>
    </UnitTestResult>
    <UnitTestResult executionId="cbf47c50-76bd-43ee-8977-8f9347d434da" testId="d937fdf8-3ff1-f812-a183-c4bf97f3e184" testName="VSTest_RazorCshtmlClassification" computerName="WNVM19648" startTime="2018-04-17T01:06:52.8300511-07:00" endTime="2018-04-17T01:06:52.8300511-07:00" testType="13cdc9d9-ddb5-4fa4-a97d-d965ccfc6d4b" outcome="NotExecuted" testListId="8c84fa94-04c1-424b-9868-57a2d4851a1d" relativeResultsDirectory="cbf47c50-76bd-43ee-8977-8f9347d434da">
      <Output>
      </Output>
    </UnitTestResult>
    <UnitTestResult executionId="0c2f1359-887d-49f7-b512-e3333c39e888" testId="4dd721cf-872c-21f4-2a95-70e4951f3dbe" testName="VSTest_Scss_DiffViewer (Inline)" computerName="WNVM19648" startTime="2018-04-17T01:22:03.8504706-07:00" endTime="2018-04-17T01:22:03.8504706-07:00" testType="13cdc9d9-ddb5-4fa4-a97d-d965ccfc6d4b" outcome="NotExecuted" testListId="8c84fa94-04c1-424b-9868-57a2d4851a1d" relativeResultsDirectory="0c2f1359-887d-49f7-b512-e3333c39e888">
      <Output>
      </Output>
    </UnitTestResult>
    <UnitTestResult executionId="e1d23865-3120-4290-bd4a-713bb4f3a798" testId="02a5ee45-4601-dcc9-5f99-de7d42c8dacc" testName="VSTest_Script_Completion_Top_Level" computerName="WNVM19648" duration="00:00:54.8207988" startTime="2018-04-17T01:28:07.0268297-07:00" endTime="2018-04-17T01:29:01.8476285-07:00" testType="13cdc9d9-ddb5-4fa4-a97d-d965ccfc6d4b" outcome="Failed" testListId="8c84fa94-04c1-424b-9868-57a2d4851a1d" relativeResultsDirectory="e1d23865-3120-4290-bd4a-713bb4f3a798">
      <Output>
        <StdOut>+ ScriptCompletionTests::VSTest_Script_Completion_Top_Level
    + ApexTest TestInitialize
    + ExternalProcessHostTest TestInitialize
        (01:29:48.897) [Visual Studio Host (840):RoamingSettingsService] Disabling roaming settings.
        (01:29:49.066) [Visual Studio Host (840):SettingsService] Setting Visual Studio option 'Environment\RoamingSettings\RoamingEnabled' to 'False'.
        (01:29:49.287) [Visual Studio Host (840):CodeMarkerListenerService] Starting code marker listenering.
        (01:29:49.475) [Visual Studio Host (840):CodeMarkerListenerService] Flushed code marker queue.
        (01:29:51.839) [Visual Studio Host (840):TextEditorDocumentWindowTestExtension] Showing window 'InlineJavaScript.html' without activating the window.
        (01:29:52.163) [Visual Studio Host (840):TextEditorDocumentWindowTestExtension] Showing window 'InlineJavaScript.html'.
        (01:29:52.483) [Visual Studio Host (840):VisualStudioTextEditorTestExtension] Setting keyboard focus to editor 'InlineJavaScript.html'.
        (01:29:52.708) [Visual Studio Host (840):CodeMarkerListenerService] Waiting for code marker '7203' in process with time-out of '00:01:00'.
        (01:29:57.404) [Visual Studio Host (840):MainWindowService] Activating main window to bring it to the foreground.
        (01:29:57.661) [Visual Studio Host (840):MainWindowService] Setting main window state to 'Maximized'.
    (01:29:58.108) [Visual Studio Host (840):TextEditorDocumentWindowTestExtension] Showing window 'InlineJavaScript.html' without activating the window.
    (01:29:58.480) [Visual Studio Host (840):TextEditorDocumentWindowTestExtension] Showing window 'InlineJavaScript.html'.
    (01:29:58.768) [Visual Studio Host (840):VisualStudioCaretTestExtension] Moving the caret from (Ln: 1, Ch: 1) to (Ln: 8, Ch: 24)
    (01:29:58.996) [Visual Studio Host (840):TextEditorDocumentWindowTestExtension] Showing window 'InlineJavaScript.html' without activating the window.
    (01:29:59.188) [Visual Studio Host (840):TextEditorDocumentWindowTestExtension] Showing window 'InlineJavaScript.html'.
    (01:29:59.404) [Visual Studio Host (840):VisualStudioIntellisenseService] Did not find an active completion session. Please use Verify.IsCompletionListPresent() to make sure that the list is present before requesting the completion session.
    Warning: (01:29:59.598) [Visual Studio Host (840):VisualStudioIntellisenseService] No active completion sessions were found for editor 'InlineJavaScript.html'.
    (01:29:59.893) [Visual Studio Host (840):VisualStudioIntellisenseService] Invoking Completion member list at '(Ln: 8, Ch: 24)'.
    (01:30:00.187) [Visual Studio Host (840):VisualStudioIntellisenseService] Did not find an active completion session. Please use Verify.IsCompletionListPresent() to make sure that the list is present before requesting the completion session.
    (01:30:00.702) [Visual Studio Host (840):VisualStudioIntellisenseService] Did not find an active completion session. Please use Verify.IsCompletionListPresent() to make sure that the list is present before requesting the completion session.
    (01:30:01.137) [Visual Studio Host (840):VisualStudioIntellisenseService] Did not find an active completion session. Please use Verify.IsCompletionListPresent() to make sure that the list is present before requesting the completion session.
    (01:30:01.556) [Visual Studio Host (840):VisualStudioIntellisenseService] Failed to invoke completion list within 1s.
    (01:30:01.804) [Visual Studio Host (840):VisualStudioIntellisenseService] Did not find an active completion session. Please use Verify.IsCompletionListPresent() to make sure that the list is present before requesting the completion session.
    Warning: (01:30:02.037) [Visual Studio Host (840):VisualStudioIntellisenseService] No active completion sessions were found for editor 'InlineJavaScript.html'.
    (01:30:02.576) [Visual Studio Host (840):VisualStudioIntellisenseService] Getting the active completion at position '(Ln: 8, Ch: 24)'.
    (01:30:02.897) [Visual Studio Host (840):VisualStudioCompletionListTestExtension] Found completion item with name 
    (01:30:03.107) [Visual Studio Host (840):VisualStudioCompletionListTestExtension] Found completion item with name 
    (01:30:03.328) [Visual Studio Host (840):VisualStudioCompletionListTestExtension] Found completion item with name 
    (01:30:03.506) [Visual Studio Host (840):VisualStudioCompletionListTestExtension] Found completion item with name 
    (01:30:03.730) [Visual Studio Host (840):VisualStudioCompletionListTestExtension] Found completion item with name 
    (01:30:03.960) [Visual Studio Host (840):VisualStudioCompletionListTestExtension] Found completion item with name 
    (01:30:04.314) [Visual Studio Host (840):VisualStudioCompletionListTestExtension] Unable to find completion item with name 
    (01:30:04.517) [Visual Studio Host (840):VisualStudioCompletionListTestExtension] Unable to find completion item with name 
    (01:30:04.717) [Visual Studio Host (840):VisualStudioCompletionListTestExtension] Found completion item with name 
    (01:30:06.685) [Visual Studio Host (840):VisualStudioCompletionListTestExtension] Retrieved '894' completion items.
    (01:30:07.423) [Visual Studio Host (840):VisualStudioCompletionListTestExtension] Dismissing completion session.
    (01:30:08.196) [Visual Studio Host (840):VisualStudioIntellisenseService] Did not find an active completion session. Please use Verify.IsCompletionListPresent() to make sure that the list is present before requesting the completion session.
    Warning: (01:30:08.383) [Visual Studio Host (840):VisualStudioIntellisenseService] No active completion sessions were found for editor 'InlineJavaScript.html'.
    (01:30:08.564) [Visual Studio Host (840):VisualStudioIntellisenseService] Invoking Completion member list at '(Ln: 8, Ch: 24)'.
    (01:30:08.772) [Visual Studio Host (840):VisualStudioIntellisenseService] Did not find an active completion session. Please use Verify.IsCompletionListPresent() to make sure that the list is present before requesting the completion session.
    (01:30:09.199) [Visual Studio Host (840):VisualStudioIntellisenseService] Getting the active completion at position '(Ln: 8, Ch: 24)'.
    (01:30:09.475) [Visual Studio Host (840):VisualStudioCompletionListTestExtension] Found completion item with name 
    (01:30:09.718) [Visual Studio Host (840):VisualStudioCompletionListTestExtension] Found completion item with name 
    (01:30:09.956) [Visual Studio Host (840):VisualStudioCompletionListTestExtension] Found completion item with name 
    (01:30:10.191) [Visual Studio Host (840):VisualStudioCompletionListTestExtension] Found completion item with name 
    (01:30:10.419) [Visual Studio Host (840):VisualStudioCompletionListTestExtension] Found completion item with name 
    (01:30:10.618) [Visual Studio Host (840):VisualStudioCompletionListTestExtension] Found completion item with name 
    (01:30:10.817) [Visual Studio Host (840):VisualStudioCompletionListTestExtension] Unable to find completion item with name 
    (01:30:11.013) [Visual Studio Host (840):VisualStudioCompletionListTestExtension] Unable to find completion item with name 
    (01:30:11.209) [Visual Studio Host (840):VisualStudioCompletionListTestExtension] Found completion item with name 
    (01:30:13.114) [Visual Studio Host (840):VisualStudioCompletionListTestExtension] Retrieved '894' completion items.
    (01:30:13.753) [Visual Studio Host (840):VisualStudioCompletionListTestExtension] Dismissing completion session.
    (01:30:14.471) [Visual Studio Host (840):VisualStudioIntellisenseService] Did not find an active completion session. Please use Verify.IsCompletionListPresent() to make sure that the list is present before requesting the completion session.
    Warning: (01:30:14.616) [Visual Studio Host (840):VisualStudioIntellisenseService] No active completion sessions were found for editor 'InlineJavaScript.html'.
    (01:30:14.763) [Visual Studio Host (840):VisualStudioIntellisenseService] Invoking Completion member list at '(Ln: 8, Ch: 24)'.
    (01:30:14.917) [Visual Studio Host (840):VisualStudioIntellisenseService] Did not find an active completion session. Please use Verify.IsCompletionListPresent() to make sure that the list is present before requesting the completion session.
    (01:30:15.284) [Visual Studio Host (840):VisualStudioIntellisenseService] Getting the active completion at position '(Ln: 8, Ch: 24)'.
    (01:30:15.450) [Visual Studio Host (840):VisualStudioCompletionListTestExtension] Found completion item with name 
    (01:30:15.643) [Visual Studio Host (840):VisualStudioCompletionListTestExtension] Found completion item with name 
    (01:30:15.849) [Visual Studio Host (840):VisualStudioCompletionListTestExtension] Found completion item with name 
    (01:30:16.068) [Visual Studio Host (840):VisualStudioCompletionListTestExtension] Found completion item with name 
    (01:30:16.266) [Visual Studio Host (840):VisualStudioCompletionListTestExtension] Found completion item with name 
    (01:30:16.438) [Visual Studio Host (840):VisualStudioCompletionListTestExtension] Found completion item with name 
    (01:30:16.620) [Visual Studio Host (840):VisualStudioCompletionListTestExtension] Unable to find completion item with name 
    (01:30:16.806) [Visual Studio Host (840):VisualStudioCompletionListTestExtension] Unable to find completion item with name 
    (01:30:17.007) [Visual Studio Host (840):VisualStudioCompletionListTestExtension] Found completion item with name 
    (01:30:18.951) [Visual Studio Host (840):VisualStudioCompletionListTestExtension] Retrieved '894' completion items.
    (01:30:19.665) [Visual Studio Host (840):VisualStudioCompletionListTestExtension] Dismissing completion session.
    (01:30:19.878) [Visual Studio Host (840):VisualStudioIntellisenseService] Did not find an active completion session. Please use Verify.IsCompletionListPresent() to make sure that the list is present before requesting the completion session.
    Warning: (01:30:20.067) [Visual Studio Host (840):VisualStudioIntellisenseService] No active completion sessions were found for editor 'InlineJavaScript.html'.
    (01:30:20.291) [Visual Studio Host (840):VisualStudioIntellisenseService] Invoking Completion member list at '(Ln: 8, Ch: 24)'.
    (01:30:20.494) [Visual Studio Host (840):VisualStudioIntellisenseService] Did not find an active completion session. Please use Verify.IsCompletionListPresent() to make sure that the list is present before requesting the completion session.
    (01:30:20.904) [Visual Studio Host (840):VisualStudioIntellisenseService] Getting the active completion at position '(Ln: 8, Ch: 24)'.
    (01:30:21.114) [Visual Studio Host (840):VisualStudioCompletionListTestExtension] Found completion item with name 
    (01:30:21.313) [Visual Studio Host (840):VisualStudioCompletionListTestExtension] Found completion item with name 
    (01:30:21.512) [Visual Studio Host (840):VisualStudioCompletionListTestExtension] Found completion item with name 
    (01:30:21.729) [Visual Studio Host (840):VisualStudioCompletionListTestExtension] Found completion item with name 
    (01:30:21.920) [Visual Studio Host (840):VisualStudioCompletionListTestExtension] Found completion item with name 
    (01:30:22.109) [Visual Studio Host (840):VisualStudioCompletionListTestExtension] Found completion item with name 
    (01:30:22.318) [Visual Studio Host (840):VisualStudioCompletionListTestExtension] Unable to find completion item with name 
    (01:30:22.522) [Visual Studio Host (840):VisualStudioCompletionListTestExtension] Unable to find completion item with name 
    (01:30:22.736) [Visual Studio Host (840):VisualStudioCompletionListTestExtension] Found completion item with name 
    (01:30:24.511) [Visual Studio Host (840):VisualStudioCompletionListTestExtension] Retrieved '894' completion items.
    (01:30:25.173) [Visual Studio Host (840):VisualStudioCompletionListTestExtension] Dismissing completion session.
    (01:30:25.901) [Visual Studio Host (840):VisualStudioIntellisenseService] Did not find an active completion session. Please use Verify.IsCompletionListPresent() to make sure that the list is present before requesting the completion session.
    Warning: (01:30:26.095) [Visual Studio Host (840):VisualStudioIntellisenseService] No active completion sessions were found for editor 'InlineJavaScript.html'.
    (01:30:26.290) [Visual Studio Host (840):VisualStudioIntellisenseService] Invoking Completion member list at '(Ln: 8, Ch: 24)'.
    (01:30:26.496) [Visual Studio Host (840):VisualStudioIntellisenseService] Did not find an active completion session. Please use Verify.IsCompletionListPresent() to make sure that the list is present before requesting the completion session.
    (01:30:26.948) [Visual Studio Host (840):VisualStudioIntellisenseService] Getting the active completion at position '(Ln: 8, Ch: 24)'.
    (01:30:27.163) [Visual Studio Host (840):VisualStudioCompletionListTestExtension] Found completion item with name 
    (01:30:27.397) [Visual Studio Host (840):VisualStudioCompletionListTestExtension] Found completion item with name 
    (01:30:27.606) [Visual Studio Host (840):VisualStudioCompletionListTestExtension] Found completion item with name 
    (01:30:27.824) [Visual Studio Host (840):VisualStudioCompletionListTestExtension] Found completion item with name 
    (01:30:28.028) [Visual Studio Host (840):VisualStudioCompletionListTestExtension] Found completion item with name 
    (01:30:28.227) [Visual Studio Host (840):VisualStudioCompletionListTestExtension] Found completion item with name 
    (01:30:28.423) [Visual Studio Host (840):VisualStudioCompletionListTestExtension] Unable to find completion item with name 
    (01:30:28.621) [Visual Studio Host (840):VisualStudioCompletionListTestExtension] Unable to find completion item with name 
    (01:30:28.820) [Visual Studio Host (840):VisualStudioCompletionListTestExtension] Found completion item with name 
    (01:30:30.643) [Visual Studio Host (840):VisualStudioCompletionListTestExtension] Retrieved '894' completion items.
    (01:30:31.291) [Visual Studio Host (840):VisualStudioCompletionListTestExtension] Dismissing completion session.
    (01:30:32.017) [Visual Studio Host (840):VisualStudioIntellisenseService] Did not find an active completion session. Please use Verify.IsCompletionListPresent() to make sure that the list is present before requesting the completion session.
    Warning: (01:30:32.211) [Visual Studio Host (840):VisualStudioIntellisenseService] No active completion sessions were found for editor 'InlineJavaScript.html'.
    (01:30:32.417) [Visual Studio Host (840):VisualStudioIntellisenseService] Invoking Completion member list at '(Ln: 8, Ch: 24)'.
    (01:30:32.624) [Visual Studio Host (840):VisualStudioIntellisenseService] Did not find an active completion session. Please use Verify.IsCompletionListPresent() to make sure that the list is present before requesting the completion session.
    (01:30:33.039) [Visual Studio Host (840):VisualStudioIntellisenseService] Getting the active completion at position '(Ln: 8, Ch: 24)'.
    (01:30:33.241) [Visual Studio Host (840):VisualStudioCompletionListTestExtension] Found completion item with name 
    (01:30:33.471) [Visual Studio Host (840):VisualStudioCompletionListTestExtension] Found completion item with name 
    (01:30:33.669) [Visual Studio Host (840):VisualStudioCompletionListTestExtension] Found completion item with name 
    (01:30:33.869) [Visual Studio Host (840):VisualStudioCompletionListTestExtension] Found completion item with name 
    (01:30:34.071) [Visual Studio Host (840):VisualStudioCompletionListTestExtension] Found completion item with name 
    (01:30:34.272) [Visual Studio Host (840):VisualStudioCompletionListTestExtension] Found completion item with name 
    (01:30:34.469) [Visual Studio Host (840):VisualStudioCompletionListTestExtension] Unable to find completion item with name 
    (01:30:34.666) [Visual Studio Host (840):VisualStudioCompletionListTestExtension] Unable to find completion item with name 
    (01:30:34.880) [Visual Studio Host (840):VisualStudioCompletionListTestExtension] Found completion item with name 
    (01:30:36.711) [Visual Studio Host (840):VisualStudioCompletionListTestExtension] Retrieved '894' completion items.
    (01:30:37.465) [Visual Studio Host (840):VisualStudioCompletionListTestExtension] Dismissing completion session.
    Error: (01:30:37.696) [Platform:Testcase] Test method Microsoft.VisualStudio.Web.Editors.IntegrationTests.Scripting.ScriptCompletionTests.VSTest_Script_Completion_Top_Level threw exception. Microsoft.Test.Apex.TimeoutException: 
Timed out waiting for completion entry: button1.
Timed out waiting for completion entry: image1.
Timed out waiting for completion entry: buttonInForm1 to not be present.
List contents:
	a
	AbortController
	AbortSignal
	ActiveXObject
	addEventListener
	alert
	AnalyserNode
	ANGLE_instanced_arrays
	Animation
	AnimationEvent
	AnimationPlaybackEvent
	any
	ApplicationCache
	applicationCache
	arguments
	Array
	ArrayBuffer
	as
	async
	atob
	Attr
	Audio
	AudioBuffer
	AudioBufferSourceNode
	AudioContext
	AudioDestinationNode
	AudioListener
	AudioNode
	AudioParam
	AudioProcessingEvent
	AudioTrack
	AudioTrackList
	await
	b
	BarProp
	BeforeUnloadEvent
	BhxBrowser
	BiquadFilterNode
	Blob
	blur
	boolean
	Boolean
	break
	BroadcastChannel
	btoa
	ByteLengthQueuingStrategy
	c
	Cache
	caches
	CacheStorage
	cancelAnimationFrame
	CanvasGradient
	CanvasPattern
	CanvasRenderingContext2D
	captureEvents
	case
	catch
	CDATASection
	ChannelMergerNode
	ChannelSplitterNode
	CharacterData
	class
	clearImmediate
	clearInterval
	clearTimeout
	clientInformation
	ClientRect
	ClientRectList
	ClipboardEvent
	close
	closed
	CloseEvent
	Comment
	CompositionEvent
	confirm
	Console
	console
	const
	ContentScriptGlobalScope
	continue
	ConvolverNode
	Coordinates
	CountQueuingStrategy
	createImageBitmap
	crypto
	Crypto
	CryptoKey
	CryptoKeyPair
	CSS
	CSSConditionRule
	CSSFontFaceRule
	CSSGroupingRule
	CSSImportRule
	CSSKeyframeRule
	CSSKeyframesRule
	CSSMediaRule
	CSSNamespaceRule
	CSSPageRule
	CSSRule
	CSSRuleList
	CSSStyleDeclaration
	CSSStyleRule
	CSSStyleSheet
	CSSSupportsRule
	customElements
	CustomEvent
	DataCue
	DataTransfer
	DataTransferItem
	DataTransferItemList
	DataView
	Date
	debugger
	declare
	decodeURI
	decodeURIComponent
	default
	defaultStatus
	DeferredPermissionRequest
	DelayNode
	delete
	departFocus
	DeviceAcceleration
	DeviceLightEvent
	DeviceMotionEvent
	DeviceOrientationEvent
	devicePixelRatio
	DeviceRotationRate
	dispatchEvent
	do
	Document
	document
	DocumentFragment
	DocumentType
	DOMError
	DOMException
	DOMImplementation
	DOMParser
	DOMRect
	DOMRectReadOnly
	DOMSettableTokenList
	DOMStringList
	DOMStringMap
	DOMTokenList
	doNotTrack
	DragEvent
	DynamicsCompressorNode
	Element
	else
	encodeURI
	encodeURIComponent
	enum
	Enumerator
	Error
	ErrorEvent
	escape
	eval
	EvalError
	event
	Event
	EventSource
	EventTarget
	export
	extends
	ExtensionScriptApis
	External
	external
	EXT_texture_filter_anisotropic
	false
	fetch
	File
	FileList
	FileReader
	finally
	Float32Array
	Float64Array
	focus
	FocusEvent
	FocusNavigationEvent
	foo
	for
	FormData
	frameElement
	frames
	from
	function
	Function
	GainNode
	Gamepad
	GamepadButton
	GamepadEvent
	GamepadHapticActuator
	GamepadPose
	Geolocation
	getComputedStyle
	getMatchedCSSRules
	getSelection
	global
	goo
	HashChangeEvent
	Headers
	History
	history
	HTMLAllCollection
	HTMLAnchorElement
	HTMLAppletElement
	HTMLAreaElement
	HTMLAreasCollection
	HTMLAudioElement
	HTMLBaseElement
	HTMLBaseFontElement
	HTMLBodyElement
	HTMLBRElement
	HTMLButtonElement
	HTMLCanvasElement
	HTMLCollection
	HTMLDataElement
	HTMLDataListElement
	HTMLDetailsElement
	HTMLDialogElement
	HTMLDirectoryElement
	HTMLDivElement
	HTMLDListElement
	HTMLDocument
	HTMLegendElement
	HTMLElement
	HTMLEmbedElement
	HTMLFieldSetElement
	HTMLFontElement
	HTMLFormControlsCollection
	HTMLFormElement
	HTMLFrameElement
	HTMLFrameSetElement
	HTMLHeadElement
	HTMLHeadingElement
	HTMLHRElement
	HTMLHtmlElement
	HTMLIFrameElement
	HTMLImageElement
	HTMLInputElement
	HTMLLabelElement
	HTMLLegendElement
	HTMLLIElement
	HTMLLinkElement
	HTMLMainElement
	HTMLMapElement
	HTMLMarqueeElement
	HTMLMediaElement
	HTMLMenuElement
	HTMLMetaElement
	HTMLMeterElement
	HTMLModElement
	HTMLObjectElement
	HTMLOListElement
	HTMLOptGroupElement
	HTMLOptionElement
	HTMLOptionsCollection
	HTMLOutputElement
	HTMLParagraphElement
	HTMLParamElement
	HTMLPictureElement
	HTMLPreElement
	HTMLProgressElement
	HTMLQuoteElement
	HTMLScriptElement
	HTMLSelectElement
	HTMLSourceElement
	HTMLSpanElement
	HTMLStyleElement
	HTMLSummaryElement
	HTMLTableCaptionElement
	HTMLTableCellElement
	HTMLTableColElement
	HTMLTableDataCellElement
	HTMLTableElement
	HTMLTableHeaderCellElement
	HTMLTableRowElement
	HTMLTableSectionElement
	HTMLTemplateElement
	HTMLTextAreaElement
	HTMLTimeElement
	HTMLTitleElement
	HTMLTrackElement
	HTMLUListElement
	HTMLUnknownElement
	HTMLVideoElement
	IDBCursor
	IDBCursorWithValue
	IDBDatabase
	IDBFactory
	IDBIndex
	IDBKeyRange
	IDBObjectStore
	IDBOpenDBRequest
	IDBRequest
	IDBTransaction
	IDBVersionChangeEvent
	if
	IIRFilterNode
	Image
	ImageData
	implements
	import
	importScripts
	in
	indexedDB
	infer
	Infinity
	innerHeight
	innerWidth
	instanceof
	Int16Array
	Int32Array
	Int8Array
	interface
	IntersectionObserver
	IntersectionObserverEntry
	Intl
	is
	isFinite
	isNaN
	isSecureContext
	JSON
	KeyboardEvent
	keyof
	length
	let
	ListeningStateChangedEvent
	localStorage
	location
	Location
	locationbar
	Map
	matchMedia
	Math
	MediaDeviceInfo
	MediaDevices
	MediaElementAudioSourceNode
	MediaEncryptedEvent
	MediaError
	MediaKeyMessageEvent
	MediaKeys
	MediaKeySession
	MediaKeyStatusMap
	MediaKeySystemAccess
	MediaList
	MediaQueryList
	MediaSource
	MediaStream
	MediaStreamAudioSourceNode
	MediaStreamError
	MediaStreamErrorEvent
	MediaStreamEvent
	MediaStreamTrack
	MediaStreamTrackEvent
	menubar
	MessageChannel
	MessageEvent
	MessagePort
	MimeType
	MimeTypeArray
	module
	MouseEvent
	moveBy
	moveTo
	MSAssertion
	MSBlobBuilder
	msContentScript
	MSCredentials
	msCredentials
	MSDCCEvent
	MSDSHEvent
	MSFIDOCredentialAssertion
	MSFIDOSignature
	MSFIDOSignatureAssertion
	MSGesture
	MSGestureEvent
	MSGraphicsTrust
	MSInputMethodContext
	MSMediaKeyError
	MSMediaKeyMessageEvent
	MSMediaKeyNeededEvent
	MSMediaKeys
	MSMediaKeySession
	MSPointerEvent
	MSStream
	MSStreamReader
	msWriteProfilerMark
	MutationEvent
	MutationObserver
	MutationRecord
	name
	NamedNodeMap
	namespace
	NaN
	Navigator
	navigator
	never
	new
	Node
	NodeFilter
	NodeIterator
	NodeList
	Notification
	null
	Number
	number
	object
	Object
	OES_element_index_uint
	OES_standard_derivatives
	OES_texture_float
	OES_texture_float_linear
	OES_texture_half_float
	OES_texture_half_float_linear
	of
	OfflineAudioCompletionEvent
	OfflineAudioContext
	offscreenBuffering
	onabort
	onbeforeunload
	onblur
	oncanplay
	oncanplaythrough
	onchange
	onclick
	oncompassneedscalibration
	oncontextmenu
	ondblclick
	ondevicelight
	ondevicemotion
	ondeviceorientation
	ondrag
	ondragend
	ondragenter
	ondragleave
	ondragover
	ondragstart
	ondrop
	ondurationchange
	onemptied
	onended
	onerror
	onfocus
	onhashchange
	oninput
	oninvalid
	onkeydown
	onkeypress
	onkeyup
	onload
	onloadeddata
	onloadedmetadata
	onloadstart
	onmessage
	onmousedown
	onmouseenter
	onmouseleave
	onmousemove
	onmouseout
	onmouseover
	onmouseup
	onmousewheel
	onmsgesturechange
	onmsgesturedoubletap
	onmsgestureend
	onmsgesturehold
	onmsgesturestart
	onmsgesturetap
	onmsinertiastart
	onmspointercancel
	onmspointerdown
	onmspointerenter
	onmspointerleave
	onmspointermove
	onmspointerout
	onmspointerover
	onmspointerup
	onoffline
	ononline
	onorientationchange
	onpagehide
	onpageshow
	onpause
	onplay
	onplaying
	onpointercancel
	onpointerdown
	onpointerenter
	onpointerleave
	onpointermove
	onpointerout
	onpointerover
	onpointerup
	onpopstate
	onprogress
	onratechange
	onreadystatechange
	onreset
	onresize
	onscroll
	onseeked
	onseeking
	onselect
	onstalled
	onstorage
	onsubmit
	onsuspend
	ontimeupdate
	ontouchcancel
	ontouchend
	ontouchmove
	ontouchstart
	onunload
	onvolumechange
	onvrdisplayactivate
	onvrdisplayblur
	onvrdisplayconnect
	onvrdisplaydeactivate
	onvrdisplaydisconnect
	onvrdisplayfocus
	onvrdisplaypointerrestricted
	onvrdisplaypointerunrestricted
	onvrdisplaypresentchange
	onwaiting
	onwheel
	open
	opener
	Option
	orientation
	OscillatorNode
	outerHeight
	outerWidth
	OverflowEvent
	package
	PageTransitionEvent
	pageXOffset
	pageYOffset
	PannerNode
	parent
	parseFloat
	parseInt
	Path2D
	PaymentAddress
	PaymentRequest
	PaymentRequestUpdateEvent
	PaymentResponse
	Performance
	performance
	PerformanceEntry
	PerformanceMark
	PerformanceMeasure
	PerformanceNavigation
	PerformanceNavigationTiming
	PerformanceResourceTiming
	PerformanceTiming
	PerfWidgetExternal
	PeriodicWave
	PermissionRequest
	PermissionRequestedEvent
	personalbar
	Plugin
	PluginArray
	PointerEvent
	PopStateEvent
	Position
	PositionError
	postMessage
	ProcessingInstruction
	ProgressEvent
	Promise
	prompt
	Proxy
	PushManager
	PushSubscription
	PushSubscriptionOptions
	RandomSource
	Range
	RangeError
	ReadableStream
	ReadableStreamReader
	ReferenceError
	Reflect
	RegExp
	releaseEvents
	removeEventListener
	Request
	requestAnimationFrame
	require
	resizeBy
	resizeTo
	Response
	return
	RTCDtlsTransport
	RTCDtlsTransportStateChangedEvent
	RTCDtmfSender
	RTCDTMFToneChangeEvent
	RTCIceCandidate
	RTCIceCandidatePairChangedEvent
	RTCIceGatherer
	RTCIceGathererEvent
	RTCIceTransport
	RTCIceTransportStateChangedEvent
	RTCPeerConnection
	RTCPeerConnectionIceEvent
	RTCRtpReceiver
	RTCRtpSender
	RTCSessionDescription
	RTCSrtpSdesTransport
	RTCSsrcConflictEvent
	RTCStatsProvider
	SafeArray
	ScopedCredential
	ScopedCredentialInfo
	screen
	Screen
	screenLeft
	screenTop
	screenX
	screenY
	ScriptProcessorNode
	scroll
	scrollbars
	scrollBy
	scrollTo
	scrollX
	scrollY
	SecurityPolicyViolationEvent
	Selection
	self
	ServiceUIFrameContext
	ServiceWorker
	ServiceWorkerContainer
	ServiceWorkerMessageEvent
	ServiceWorkerRegistration
	sessionStorage
	Set
	setImmediate
	setInterval
	setTimeout
	SourceBuffer
	SourceBufferList
	SpeechSynthesis
	speechSynthesis
	SpeechSynthesisEvent
	SpeechSynthesisUtterance
	SpeechSynthesisVoice
	status
	statusbar
	StereoPannerNode
	stop
	Storage
	StorageEvent
	string
	String
	StyleMedia
	styleMedia
	StyleSheet
	StyleSheetList
	SubtleCrypto
	super
	SVGAElement
	SVGAngle
	SVGAnimatedAngle
	SVGAnimatedBoolean
	SVGAnimatedEnumeration
	SVGAnimatedInteger
	SVGAnimatedLength
	SVGAnimatedLengthList
	SVGAnimatedNumber
	SVGAnimatedNumberList
	SVGAnimatedPreserveAspectRatio
	SVGAnimatedRect
	SVGAnimatedString
	SVGAnimatedTransformList
	SVGCircleElement
	SVGClipPathElement
	SVGComponentTransferFunctionElement
	SVGDefsElement
	SVGDescElement
	SVGElement
	SVGElementInstance
	SVGElementInstanceList
	SVGEllipseElement
	SVGFEBlendElement
	SVGFEColorMatrixElement
	SVGFEComponentTransferElement
	SVGFECompositeElement
	SVGFEConvolveMatrixElement
	SVGFEDiffuseLightingElement
	SVGFEDisplacementMapElement
	SVGFEDistantLightElement
	SVGFEFloodElement
	SVGFEFuncAElement
	SVGFEFuncBElement
	SVGFEFuncGElement
	SVGFEFuncRElement
	SVGFEGaussianBlurElement
	SVGFEImageElement
	SVGFEMergeElement
	SVGFEMergeNodeElement
	SVGFEMorphologyElement
	SVGFEOffsetElement
	SVGFEPointLightElement
	SVGFESpecularLightingElement
	SVGFESpotLightElement
	SVGFETileElement
	SVGFETurbulenceElement
	SVGFilterElement
	SVGForeignObjectElement
	SVGGElement
	SVGGradientElement
	SVGGraphicsElement
	SVGImageElement
	SVGLength
	SVGLengthList
	SVGLinearGradientElement
	SVGLineElement
	SVGMarkerElement
	SVGMaskElement
	SVGMatrix
	SVGMetadataElement
	SVGNumber
	SVGNumberList
	SVGPathElement
	SVGPathSeg
	SVGPathSegArcAbs
	SVGPathSegArcRel
	SVGPathSegClosePath
	SVGPathSegCurvetoCubicAbs
	SVGPathSegCurvetoCubicRel
	SVGPathSegCurvetoCubicSmoothAbs
	SVGPathSegCurvetoCubicSmoothRel
	SVGPathSegCurvetoQuadraticAbs
	SVGPathSegCurvetoQuadraticRel
	SVGPathSegCurvetoQuadraticSmoothAbs
	SVGPathSegCurvetoQuadraticSmoothRel
	SVGPathSegLinetoAbs
	SVGPathSegLinetoHorizontalAbs
	SVGPathSegLinetoHorizontalRel
	SVGPathSegLinetoRel
	SVGPathSegLinetoVerticalAbs
	SVGPathSegLinetoVerticalRel
	SVGPathSegList
	SVGPathSegMovetoAbs
	SVGPathSegMovetoRel
	SVGPatternElement
	SVGPoint
	SVGPointList
	SVGPolygonElement
	SVGPolylineElement
	SVGPreserveAspectRatio
	SVGRadialGradientElement
	SVGRect
	SVGRectElement
	SVGScriptElement
	SVGStopElement
	SVGStringList
	SVGStylable
	SVGStyleElement
	SVGSVGElement
	SVGSwitchElement
	SVGSymbolElement
	SVGTextContentElement
	SVGTextElement
	SVGTextPathElement
	SVGTextPositioningElement
	SVGTitleElement
	SVGTransform
	SVGTransformList
	SVGTSpanElement
	SVGUnitTypes
	SVGUseElement
	SVGViewElement
	SVGZoomAndPan
	SVGZoomEvent
	switch
	symbol
	Symbol
	SyncManager
	SyntaxError
	Text
	TextDecoder
	TextEncoder
	TextEvent
	TextMetrics
	TextTrack
	TextTrackCue
	TextTrackCueList
	TextTrackList
	this
	throw
	TimeRanges
	toolbar
	top
	toString
	Touch
	TouchEvent
	TouchList
	TrackEvent
	TransitionEvent
	TreeWalker
	true
	try
	type
	TypeError
	typeof
	UIEvent
	Uint16Array
	Uint32Array
	Uint8Array
	Uint8ClampedArray
	undefined
	unescape
	unique
	URIError
	URL
	URLSearchParams
	ValidityState
	var
	VarDate
	VBArray
	VideoPlaybackQuality
	VideoTrack
	VideoTrackList
	void
	VRDisplay
	VRDisplayCapabilities
	VRDisplayEvent
	VREyeParameters
	VRFieldOfView
	VRFrameData
	VRPose
	WaveShaperNode
	WeakMap
	WeakSet
	WebAuthentication
	WebAuthnAssertion
	WebGLActiveInfo
	WebGLBuffer
	WebGLContextEvent
	WebGLFramebuffer
	WebGLObject
	WebGLProgram
	WebGLRenderbuffer
	WebGLRenderingContext
	WebGLShader
	WebGLShaderPrecisionFormat
	WebGLTexture
	WebGLUniformLocation
	WEBGL_compressed_texture_s3tc
	WEBGL_debug_renderer_info
	WEBGL_depth_texture
	webkitCancelAnimationFrame
	webkitConvertPointFromNodeToPage
	webkitConvertPointFromPageToNode
	WebKitCSSMatrix
	WebKitDirectoryEntry
	WebKitDirectoryReader
	WebKitEntry
	WebKitFileEntry
	WebKitFileSystem
	WebKitPoint
	webkitRequestAnimationFrame
	webkitRTCPeerConnection
	WebSocket
	WheelEvent
	while
	Window
	window
	with
	Worker
	WritableStream
	WritableStreamDefaultController
	WritableStreamDefaultWriter
	WScript
	XMLDocument
	XMLHttpRequest
	XMLHttpRequestUpload
	XMLSerializer
	XPathEvaluator
	XPathExpression
	XPathNSResolver
	XPathResult
	XSLTProcessor
	yield
	align
	buttonInForm1
	d
	dir
	document
	form1
	getElementById
	write
Failed even when forcing completion with double timeout
   at Microsoft.VisualStudio.Web.Common.TestAdapter.ParameterizedTests.ReflectionUtilities.InvokeMethod(Object targetObject, MethodInfo method, Object[] methodArguments, String exceptionMessageFormat) in D:\dd\WTE\Main\test\Common\TestAdapter\ParameterizedTests\ReflectionUtilities.cs:line 190
   at Microsoft.VisualStudio.Web.Common.TestAdapter.ParameterizedTests.TestMethodInfo.Invoke(Object testObject, TestExecutionContext context) in D:\dd\WTE\Main\test\Common\TestAdapter\ParameterizedTests\TestMethodInfo.cs:line 64
    + ExternalProcessHostTest TestCleanup
        (01:30:38.653) [Visual Studio Host (840):TextEditorDocumentWindowTestExtension] Closing window 'InlineJavaScript.html'.
        (01:30:39.255) [Visual Studio Host (840):MainWindowService] Setting main window state to 'Maximized'.
        (01:30:39.613) [Visual Studio Host (840):MainWindowService] Activating main window to bring it to the foreground.
        Warning: (01:30:39.937) [Platform:Microsoft.Test.Apex.Services.ScreenshotService] Exception occured when copying screenshot file from 'C:\TestBin\IntegrationTests\Failure.jpg' to 'C:\TestBin\IntegrationTests\TestResults\2018_04_16_23_55_50\Failure.jpg'.
        Warning: (01:30:39.937) [Platform:Microsoft.Test.Apex.Services.ScreenshotService] System.IO.IOException: The file 'C:\TestBin\IntegrationTests\TestResults\2018_04_16_23_55_50\Failure.jpg' already exists.
   at System.IO.__Error.WinIOError(Int32 errorCode, String maybeFullPath)
   at System.IO.File.InternalCopy(String sourceFileName, String destFileName, Boolean overwrite, Boolean checkHost)
   at System.IO.File.Copy(String sourceFileName, String destFileName, Boolean overwrite)
   at Microsoft.Test.Apex.Services.ScreenshotService.TakeOne(String categoryName, String fileNamePrefix, String repositoryPath) in F:\dd\src\omni\Apex\Framework\Services\Screenshot\ScreenshotService.cs:line 176
        (01:30:40.400) [Platform:ProcessCaptureService] Capturing screenshots for PID 840 (devenv)
        Result file 'VSTest_Script_Completion_Top_Level-Failure-devenv.840.png' added: file:///C:/TestBin/IntegrationTests/TestResults/2018_04_16_23_55_50/VSTest_Script_Completion_Top_Level-Failure-devenv.840.png
        (01:30:40.941) [Platform:ProcessCaptureService] Bounding rectangle of HWND 0xC0518 is size (0, 0), which cannot be captured.
        (01:30:41.175) [Platform:ProcessCaptureService] Bounding rectangle of HWND 0x1404EA is size (0, 0), which cannot be captured.
    + Final Test Result Verification
        (01:30:41.811) [Platform:DelayedAssertionVerifierSink] Verification Success: 0 verification steps failed.
    + ApexTest TestCleanup</StdOut>
        <ErrorInfo>
          <Message>Test method Microsoft.VisualStudio.Web.Editors.IntegrationTests.Scripting.ScriptCompletionTests.VSTest_Script_Completion_Top_Level threw exception. Microsoft.Test.Apex.TimeoutException: 
Timed out waiting for completion entry: button1.
Timed out waiting for completion entry: image1.
Timed out waiting for completion entry: buttonInForm1 to not be present.
List contents:
	a
	AbortController
	AbortSignal
	ActiveXObject
	addEventListener
	alert
	AnalyserNode
	ANGLE_instanced_arrays
	Animation
	AnimationEvent
	AnimationPlaybackEvent
	any
	ApplicationCache
	applicationCache
	arguments
	Array
	ArrayBuffer
	as
	async
	atob
	Attr
	Audio
	AudioBuffer
	AudioBufferSourceNode
	AudioContext
	AudioDestinationNode
	AudioListener
	AudioNode
	AudioParam
	AudioProcessingEvent
	AudioTrack
	AudioTrackList
	await
	b
	BarProp
	BeforeUnloadEvent
	BhxBrowser
	BiquadFilterNode
	Blob
	blur
	boolean
	Boolean
	break
	BroadcastChannel
	btoa
	ByteLengthQueuingStrategy
	c
	Cache
	caches
	CacheStorage
	cancelAnimationFrame
	CanvasGradient
	CanvasPattern
	CanvasRenderingContext2D
	captureEvents
	case
	catch
	CDATASection
	ChannelMergerNode
	ChannelSplitterNode
	CharacterData
	class
	clearImmediate
	clearInterval
	clearTimeout
	clientInformation
	ClientRect
	ClientRectList
	ClipboardEvent
	close
	closed
	CloseEvent
	Comment
	CompositionEvent
	confirm
	Console
	console
	const
	ContentScriptGlobalScope
	continue
	ConvolverNode
	Coordinates
	CountQueuingStrategy
	createImageBitmap
	crypto
	Crypto
	CryptoKey
	CryptoKeyPair
	CSS
	CSSConditionRule
	CSSFontFaceRule
	CSSGroupingRule
	CSSImportRule
	CSSKeyframeRule
	CSSKeyframesRule
	CSSMediaRule
	CSSNamespaceRule
	CSSPageRule
	CSSRule
	CSSRuleList
	CSSStyleDeclaration
	CSSStyleRule
	CSSStyleSheet
	CSSSupportsRule
	customElements
	CustomEvent
	DataCue
	DataTransfer
	DataTransferItem
	DataTransferItemList
	DataView
	Date
	debugger
	declare
	decodeURI
	decodeURIComponent
	default
	defaultStatus
	DeferredPermissionRequest
	DelayNode
	delete
	departFocus
	DeviceAcceleration
	DeviceLightEvent
	DeviceMotionEvent
	DeviceOrientationEvent
	devicePixelRatio
	DeviceRotationRate
	dispatchEvent
	do
	Document
	document
	DocumentFragment
	DocumentType
	DOMError
	DOMException
	DOMImplementation
	DOMParser
	DOMRect
	DOMRectReadOnly
	DOMSettableTokenList
	DOMStringList
	DOMStringMap
	DOMTokenList
	doNotTrack
	DragEvent
	DynamicsCompressorNode
	Element
	else
	encodeURI
	encodeURIComponent
	enum
	Enumerator
	Error
	ErrorEvent
	escape
	eval
	EvalError
	event
	Event
	EventSource
	EventTarget
	export
	extends
	ExtensionScriptApis
	External
	external
	EXT_texture_filter_anisotropic
	false
	fetch
	File
	FileList
	FileReader
	finally
	Float32Array
	Float64Array
	focus
	FocusEvent
	FocusNavigationEvent
	foo
	for
	FormData
	frameElement
	frames
	from
	function
	Function
	GainNode
	Gamepad
	GamepadButton
	GamepadEvent
	GamepadHapticActuator
	GamepadPose
	Geolocation
	getComputedStyle
	getMatchedCSSRules
	getSelection
	global
	goo
	HashChangeEvent
	Headers
	History
	history
	HTMLAllCollection
	HTMLAnchorElement
	HTMLAppletElement
	HTMLAreaElement
	HTMLAreasCollection
	HTMLAudioElement
	HTMLBaseElement
	HTMLBaseFontElement
	HTMLBodyElement
	HTMLBRElement
	HTMLButtonElement
	HTMLCanvasElement
	HTMLCollection
	HTMLDataElement
	HTMLDataListElement
	HTMLDetailsElement
	HTMLDialogElement
	HTMLDirectoryElement
	HTMLDivElement
	HTMLDListElement
	HTMLDocument
	HTMLegendElement
	HTMLElement
	HTMLEmbedElement
	HTMLFieldSetElement
	HTMLFontElement
	HTMLFormControlsCollection
	HTMLFormElement
	HTMLFrameElement
	HTMLFrameSetElement
	HTMLHeadElement
	HTMLHeadingElement
	HTMLHRElement
	HTMLHtmlElement
	HTMLIFrameElement
	HTMLImageElement
	HTMLInputElement
	HTMLLabelElement
	HTMLLegendElement
	HTMLLIElement
	HTMLLinkElement
	HTMLMainElement
	HTMLMapElement
	HTMLMarqueeElement
	HTMLMediaElement
	HTMLMenuElement
	HTMLMetaElement
	HTMLMeterElement
	HTMLModElement
	HTMLObjectElement
	HTMLOListElement
	HTMLOptGroupElement
	HTMLOptionElement
	HTMLOptionsCollection
	HTMLOutputElement
	HTMLParagraphElement
	HTMLParamElement
	HTMLPictureElement
	HTMLPreElement
	HTMLProgressElement
	HTMLQuoteElement
	HTMLScriptElement
	HTMLSelectElement
	HTMLSourceElement
	HTMLSpanElement
	HTMLStyleElement
	HTMLSummaryElement
	HTMLTableCaptionElement
	HTMLTableCellElement
	HTMLTableColElement
	HTMLTableDataCellElement
	HTMLTableElement
	HTMLTableHeaderCellElement
	HTMLTableRowElement
	HTMLTableSectionElement
	HTMLTemplateElement
	HTMLTextAreaElement
	HTMLTimeElement
	HTMLTitleElement
	HTMLTrackElement
	HTMLUListElement
	HTMLUnknownElement
	HTMLVideoElement
	IDBCursor
	IDBCursorWithValue
	IDBDatabase
	IDBFactory
	IDBIndex
	IDBKeyRange
	IDBObjectStore
	IDBOpenDBRequest
	IDBRequest
	IDBTransaction
	IDBVersionChangeEvent
	if
	IIRFilterNode
	Image
	ImageData
	implements
	import
	importScripts
	in
	indexedDB
	infer
	Infinity
	innerHeight
	innerWidth
	instanceof
	Int16Array
	Int32Array
	Int8Array
	interface
	IntersectionObserver
	IntersectionObserverEntry
	Intl
	is
	isFinite
	isNaN
	isSecureContext
	JSON
	KeyboardEvent
	keyof
	length
	let
	ListeningStateChangedEvent
	localStorage
	location
	Location
	locationbar
	Map
	matchMedia
	Math
	MediaDeviceInfo
	MediaDevices
	MediaElementAudioSourceNode
	MediaEncryptedEvent
	MediaError
	MediaKeyMessageEvent
	MediaKeys
	MediaKeySession
	MediaKeyStatusMap
	MediaKeySystemAccess
	MediaList
	MediaQueryList
	MediaSource
	MediaStream
	MediaStreamAudioSourceNode
	MediaStreamError
	MediaStreamErrorEvent
	MediaStreamEvent
	MediaStreamTrack
	MediaStreamTrackEvent
	menubar
	MessageChannel
	MessageEvent
	MessagePort
	MimeType
	MimeTypeArray
	module
	MouseEvent
	moveBy
	moveTo
	MSAssertion
	MSBlobBuilder
	msContentScript
	MSCredentials
	msCredentials
	MSDCCEvent
	MSDSHEvent
	MSFIDOCredentialAssertion
	MSFIDOSignature
	MSFIDOSignatureAssertion
	MSGesture
	MSGestureEvent
	MSGraphicsTrust
	MSInputMethodContext
	MSMediaKeyError
	MSMediaKeyMessageEvent
	MSMediaKeyNeededEvent
	MSMediaKeys
	MSMediaKeySession
	MSPointerEvent
	MSStream
	MSStreamReader
	msWriteProfilerMark
	MutationEvent
	MutationObserver
	MutationRecord
	name
	NamedNodeMap
	namespace
	NaN
	Navigator
	navigator
	never
	new
	Node
	NodeFilter
	NodeIterator
	NodeList
	Notification
	null
	Number
	number
	object
	Object
	OES_element_index_uint
	OES_standard_derivatives
	OES_texture_float
	OES_texture_float_linear
	OES_texture_half_float
	OES_texture_half_float_linear
	of
	OfflineAudioCompletionEvent
	OfflineAudioContext
	offscreenBuffering
	onabort
	onbeforeunload
	onblur
	oncanplay
	oncanplaythrough
	onchange
	onclick
	oncompassneedscalibration
	oncontextmenu
	ondblclick
	ondevicelight
	ondevicemotion
	ondeviceorientation
	ondrag
	ondragend
	ondragenter
	ondragleave
	ondragover
	ondragstart
	ondrop
	ondurationchange
	onemptied
	onended
	onerror
	onfocus
	onhashchange
	oninput
	oninvalid
	onkeydown
	onkeypress
	onkeyup
	onload
	onloadeddata
	onloadedmetadata
	onloadstart
	onmessage
	onmousedown
	onmouseenter
	onmouseleave
	onmousemove
	onmouseout
	onmouseover
	onmouseup
	onmousewheel
	onmsgesturechange
	onmsgesturedoubletap
	onmsgestureend
	onmsgesturehold
	onmsgesturestart
	onmsgesturetap
	onmsinertiastart
	onmspointercancel
	onmspointerdown
	onmspointerenter
	onmspointerleave
	onmspointermove
	onmspointerout
	onmspointerover
	onmspointerup
	onoffline
	ononline
	onorientationchange
	onpagehide
	onpageshow
	onpause
	onplay
	onplaying
	onpointercancel
	onpointerdown
	onpointerenter
	onpointerleave
	onpointermove
	onpointerout
	onpointerover
	onpointerup
	onpopstate
	onprogress
	onratechange
	onreadystatechange
	onreset
	onresize
	onscroll
	onseeked
	onseeking
	onselect
	onstalled
	onstorage
	onsubmit
	onsuspend
	ontimeupdate
	ontouchcancel
	ontouchend
	ontouchmove
	ontouchstart
	onunload
	onvolumechange
	onvrdisplayactivate
	onvrdisplayblur
	onvrdisplayconnect
	onvrdisplaydeactivate
	onvrdisplaydisconnect
	onvrdisplayfocus
	onvrdisplaypointerrestricted
	onvrdisplaypointerunrestricted
	onvrdisplaypresentchange
	onwaiting
	onwheel
	open
	opener
	Option
	orientation
	OscillatorNode
	outerHeight
	outerWidth
	OverflowEvent
	package
	PageTransitionEvent
	pageXOffset
	pageYOffset
	PannerNode
	parent
	parseFloat
	parseInt
	Path2D
	PaymentAddress
	PaymentRequest
	PaymentRequestUpdateEvent
	PaymentResponse
	Performance
	performance
	PerformanceEntry
	PerformanceMark
	PerformanceMeasure
	PerformanceNavigation
	PerformanceNavigationTiming
	PerformanceResourceTiming
	PerformanceTiming
	PerfWidgetExternal
	PeriodicWave
	PermissionRequest
	PermissionRequestedEvent
	personalbar
	Plugin
	PluginArray
	PointerEvent
	PopStateEvent
	Position
	PositionError
	postMessage
	ProcessingInstruction
	ProgressEvent
	Promise
	prompt
	Proxy
	PushManager
	PushSubscription
	PushSubscriptionOptions
	RandomSource
	Range
	RangeError
	ReadableStream
	ReadableStreamReader
	ReferenceError
	Reflect
	RegExp
	releaseEvents
	removeEventListener
	Request
	requestAnimationFrame
	require
	resizeBy
	resizeTo
	Response
	return
	RTCDtlsTransport
	RTCDtlsTransportStateChangedEvent
	RTCDtmfSender
	RTCDTMFToneChangeEvent
	RTCIceCandidate
	RTCIceCandidatePairChangedEvent
	RTCIceGatherer
	RTCIceGathererEvent
	RTCIceTransport
	RTCIceTransportStateChangedEvent
	RTCPeerConnection
	RTCPeerConnectionIceEvent
	RTCRtpReceiver
	RTCRtpSender
	RTCSessionDescription
	RTCSrtpSdesTransport
	RTCSsrcConflictEvent
	RTCStatsProvider
	SafeArray
	ScopedCredential
	ScopedCredentialInfo
	screen
	Screen
	screenLeft
	screenTop
	screenX
	screenY
	ScriptProcessorNode
	scroll
	scrollbars
	scrollBy
	scrollTo
	scrollX
	scrollY
	SecurityPolicyViolationEvent
	Selection
	self
	ServiceUIFrameContext
	ServiceWorker
	ServiceWorkerContainer
	ServiceWorkerMessageEvent
	ServiceWorkerRegistration
	sessionStorage
	Set
	setImmediate
	setInterval
	setTimeout
	SourceBuffer
	SourceBufferList
	SpeechSynthesis
	speechSynthesis
	SpeechSynthesisEvent
	SpeechSynthesisUtterance
	SpeechSynthesisVoice
	status
	statusbar
	StereoPannerNode
	stop
	Storage
	StorageEvent
	string
	String
	StyleMedia
	styleMedia
	StyleSheet
	StyleSheetList
	SubtleCrypto
	super
	SVGAElement
	SVGAngle
	SVGAnimatedAngle
	SVGAnimatedBoolean
	SVGAnimatedEnumeration
	SVGAnimatedInteger
	SVGAnimatedLength
	SVGAnimatedLengthList
	SVGAnimatedNumber
	SVGAnimatedNumberList
	SVGAnimatedPreserveAspectRatio
	SVGAnimatedRect
	SVGAnimatedString
	SVGAnimatedTransformList
	SVGCircleElement
	SVGClipPathElement
	SVGComponentTransferFunctionElement
	SVGDefsElement
	SVGDescElement
	SVGElement
	SVGElementInstance
	SVGElementInstanceList
	SVGEllipseElement
	SVGFEBlendElement
	SVGFEColorMatrixElement
	SVGFEComponentTransferElement
	SVGFECompositeElement
	SVGFEConvolveMatrixElement
	SVGFEDiffuseLightingElement
	SVGFEDisplacementMapElement
	SVGFEDistantLightElement
	SVGFEFloodElement
	SVGFEFuncAElement
	SVGFEFuncBElement
	SVGFEFuncGElement
	SVGFEFuncRElement
	SVGFEGaussianBlurElement
	SVGFEImageElement
	SVGFEMergeElement
	SVGFEMergeNodeElement
	SVGFEMorphologyElement
	SVGFEOffsetElement
	SVGFEPointLightElement
	SVGFESpecularLightingElement
	SVGFESpotLightElement
	SVGFETileElement
	SVGFETurbulenceElement
	SVGFilterElement
	SVGForeignObjectElement
	SVGGElement
	SVGGradientElement
	SVGGraphicsElement
	SVGImageElement
	SVGLength
	SVGLengthList
	SVGLinearGradientElement
	SVGLineElement
	SVGMarkerElement
	SVGMaskElement
	SVGMatrix
	SVGMetadataElement
	SVGNumber
	SVGNumberList
	SVGPathElement
	SVGPathSeg
	SVGPathSegArcAbs
	SVGPathSegArcRel
	SVGPathSegClosePath
	SVGPathSegCurvetoCubicAbs
	SVGPathSegCurvetoCubicRel
	SVGPathSegCurvetoCubicSmoothAbs
	SVGPathSegCurvetoCubicSmoothRel
	SVGPathSegCurvetoQuadraticAbs
	SVGPathSegCurvetoQuadraticRel
	SVGPathSegCurvetoQuadraticSmoothAbs
	SVGPathSegCurvetoQuadraticSmoothRel
	SVGPathSegLinetoAbs
	SVGPathSegLinetoHorizontalAbs
	SVGPathSegLinetoHorizontalRel
	SVGPathSegLinetoRel
	SVGPathSegLinetoVerticalAbs
	SVGPathSegLinetoVerticalRel
	SVGPathSegList
	SVGPathSegMovetoAbs
	SVGPathSegMovetoRel
	SVGPatternElement
	SVGPoint
	SVGPointList
	SVGPolygonElement
	SVGPolylineElement
	SVGPreserveAspectRatio
	SVGRadialGradientElement
	SVGRect
	SVGRectElement
	SVGScriptElement
	SVGStopElement
	SVGStringList
	SVGStylable
	SVGStyleElement
	SVGSVGElement
	SVGSwitchElement
	SVGSymbolElement
	SVGTextContentElement
	SVGTextElement
	SVGTextPathElement
	SVGTextPositioningElement
	SVGTitleElement
	SVGTransform
	SVGTransformList
	SVGTSpanElement
	SVGUnitTypes
	SVGUseElement
	SVGViewElement
	SVGZoomAndPan
	SVGZoomEvent
	switch
	symbol
	Symbol
	SyncManager
	SyntaxError
	Text
	TextDecoder
	TextEncoder
	TextEvent
	TextMetrics
	TextTrack
	TextTrackCue
	TextTrackCueList
	TextTrackList
	this
	throw
	TimeRanges
	toolbar
	top
	toString
	Touch
	TouchEvent
	TouchList
	TrackEvent
	TransitionEvent
	TreeWalker
	true
	try
	type
	TypeError
	typeof
	UIEvent
	Uint16Array
	Uint32Array
	Uint8Array
	Uint8ClampedArray
	undefined
	unescape
	unique
	URIError
	URL
	URLSearchParams
	ValidityState
	var
	VarDate
	VBArray
	VideoPlaybackQuality
	VideoTrack
	VideoTrackList
	void
	VRDisplay
	VRDisplayCapabilities
	VRDisplayEvent
	VREyeParameters
	VRFieldOfView
	VRFrameData
	VRPose
	WaveShaperNode
	WeakMap
	WeakSet
	WebAuthentication
	WebAuthnAssertion
	WebGLActiveInfo
	WebGLBuffer
	WebGLContextEvent
	WebGLFramebuffer
	WebGLObject
	WebGLProgram
	WebGLRenderbuffer
	WebGLRenderingContext
	WebGLShader
	WebGLShaderPrecisionFormat
	WebGLTexture
	WebGLUniformLocation
	WEBGL_compressed_texture_s3tc
	WEBGL_debug_renderer_info
	WEBGL_depth_texture
	webkitCancelAnimationFrame
	webkitConvertPointFromNodeToPage
	webkitConvertPointFromPageToNode
	WebKitCSSMatrix
	WebKitDirectoryEntry
	WebKitDirectoryReader
	WebKitEntry
	WebKitFileEntry
	WebKitFileSystem
	WebKitPoint
	webkitRequestAnimationFrame
	webkitRTCPeerConnection
	WebSocket
	WheelEvent
	while
	Window
	window
	with
	Worker
	WritableStream
	WritableStreamDefaultController
	WritableStreamDefaultWriter
	WScript
	XMLDocument
	XMLHttpRequest
	XMLHttpRequestUpload
	XMLSerializer
	XPathEvaluator
	XPathExpression
	XPathNSResolver
	XPathResult
	XSLTProcessor
	yield
	align
	buttonInForm1
	d
	dir
	document
	form1
	getElementById
	write
Failed even when forcing completion with double timeout</Message>
          <StackTrace>   at Microsoft.VisualStudio.Web.Common.TestServices.Utilities.WebUtility.Completion.WaitForCompletionEntries(IVisualStudioTextEditorTestExtension editor, IEnumerable`1 present, IEnumerable`1 notPresent, Boolean invokeCompletion, Int32 timeout, Boolean caseInsensitive) in D:\dd\WTE\Main\test\Common\TestServices\Utilities\WebUtility.cs:line 507
   at Microsoft.VisualStudio.Web.Editors.IntegrationTests.Scripting.ScriptCompletionTests.VerifyCompletionListAtPosition(Int32 line, Int32 column, String[] toFind, String[] toNotFind) in D:\dd\WTE\Main\test\Editors\IntegrationTests\Scripting\ScriptCompletionTests.cs:line 57
   at Microsoft.VisualStudio.Web.Editors.IntegrationTests.Scripting.ScriptCompletionTests.VSTest_Script_Completion_Top_Level() in D:\dd\WTE\Main\test\Editors\IntegrationTests\Scripting\ScriptCompletionTests.cs:line 26</StackTrace>
        </ErrorInfo>
      </Output>
      <ResultFiles>
        <ResultFile path="WNVM19648\Fail.22wpw0oka5fs.png" />
        <ResultFile path="WNVM19648\Fail.33ju4eduay3u.png" />
        <ResultFile path="WNVM19648\Fail.3poblbx4alvv.png" />
        <ResultFile path="WNVM19648\Fail.ashpv3rjajjr.png" />
        <ResultFile path="WNVM19648\Fail.aswak04hapa5.png" />
        <ResultFile path="WNVM19648\Fail.azqsczivabnm.png" />
        <ResultFile path="WNVM19648\Fail.byuslv5baqsd.png" />
        <ResultFile path="WNVM19648\Fail.ek4tb3wmalyl.png" />
        <ResultFile path="WNVM19648\Fail.ig2gsfz5ad1y.png" />
        <ResultFile path="WNVM19648\Fail.kxs1ersmaxma.png" />
        <ResultFile path="WNVM19648\Fail.loc0xhl5a2hr.png" />
        <ResultFile path="WNVM19648\Fail.o4kkrjboasbk.png" />
        <ResultFile path="WNVM19648\Fail.o5zf0zepaw0l.png" />
        <ResultFile path="WNVM19648\Fail.qbnuydioazjy.png" />
        <ResultFile path="WNVM19648\Fail.raasvsmeanc1.png" />
        <ResultFile path="WNVM19648\Fail.sidku4gxamg4.png" />
        <ResultFile path="WNVM19648\Fail.t4yj0fxuatil.png" />
        <ResultFile path="WNVM19648\Fail.z10rn0n5ajdm.png" />
        <ResultFile path="WNVM19648\Failure.jpg" />
        <ResultFile path="WNVM19648\OmniLog.html" />
        <ResultFile path="WNVM19648\OmniLogRawXml.xml" />
        <ResultFile path="WNVM19648\VSTest_Html_Drag_Drop_JavascriptFile_Timedout.jpg" />
        <ResultFile path="WNVM19648\VSTest_JSON_AutoStructureWithExistingComma_Timedout.jpg" />
        <ResultFile path="WNVM19648\VSTest_Parser_PTagTest_Timedout.jpg" />
        <ResultFile path="WNVM19648\VSTest_Razor_TagHelpers_OptOut_Timedout.jpg" />
        <ResultFile path="WNVM19648\VSTest_Razor_TagHelpers_Update_CS_File_And_Build_Timedout.jpg" />
        <ResultFile path="WNVM19648\VSTest_Script_Completion_Top_Level-Failure-devenv.840.png" />
        <ResultFile path="WNVM19648\VSTest_SmartIndentInJSInRazorV4_Timedout.jpg" />
      </ResultFiles>
    </UnitTestResult>
    <UnitTestResult executionId="1dbbc6e8-abec-4ed8-9c92-b13e2ae9eff1" testId="c4315e85-fba3-1f7c-b78d-7a45e8fdd6f4" testName="VSTest_Razor_TagHelpers_Completion_OutputElement" computerName="WNVM19648" duration="00:00:17.3561941" startTime="2018-04-17T01:16:37.3140376-07:00" endTime="2018-04-17T01:16:54.6702317-07:00" testType="13cdc9d9-ddb5-4fa4-a97d-d965ccfc6d4b" outcome="Passed" testListId="8c84fa94-04c1-424b-9868-57a2d4851a1d" relativeResultsDirectory="1dbbc6e8-abec-4ed8-9c92-b13e2ae9eff1">
      <Output>
        <StdOut>+ RazorTagHelperTests::VSTest_Razor_TagHelpers_Completion_OutputElement
    + ApexTest TestInitialize
    + ExternalProcessHostTest TestInitialize
        (01:18:19.071) [Visual Studio Host (8016):RoamingSettingsService] Disabling roaming settings.
        (01:18:19.264) [Visual Studio Host (8016):SettingsService] Setting Visual Studio option 'Environment\RoamingSettings\RoamingEnabled' to 'False'.
        (01:18:20.005) [Visual Studio Host (8016):TextEditorDocumentWindowTestExtension] Showing window 'TagHelpers.cshtml' without activating the window.
        (01:18:20.173) [Visual Studio Host (8016):TextEditorDocumentWindowTestExtension] Showing window 'TagHelpers.cshtml'.
        (01:18:20.387) [Visual Studio Host (8016):VisualStudioTextEditorTestExtension] Setting keyboard focus to editor 'TagHelpers.cshtml'.
        (01:18:20.536) [Visual Studio Host (8016):MainWindowService] Activating main window to bring it to the foreground.
        (01:18:20.680) [Visual Studio Host (8016):MainWindowService] Setting main window state to 'Maximized'.
    (01:18:20.963) [Visual Studio Host (8016):TextEditorDocumentWindowTestExtension] Showing window 'TagHelpers.cshtml' without activating the window.
    (01:18:21.166) [Visual Studio Host (8016):TextEditorDocumentWindowTestExtension] Showing window 'TagHelpers.cshtml'.
    (01:18:21.349) [Visual Studio Host (8016):VisualStudioCaretTestExtension] Moving the caret to '&lt;body&gt;' at (Ln: 5, Ch: 1) based on a regular expression.  Expression = "()&lt;body&gt;" [group index '0', match index '1', options 'Singleline, CultureInvariant']
    (01:18:22.661) [Visual Studio Host (8016):TextEditorDocumentWindowTestExtension] Showing window 'TagHelpers.cshtml' without activating the window.
    (01:18:23.993) [Visual Studio Host (8016):TextEditorDocumentWindowTestExtension] Showing window 'TagHelpers.cshtml'.
    (01:18:25.497) [Visual Studio Host (8016):VisualStudioCaretTestExtension] Moving the caret from (Ln: 5, Ch: 1) down '1' lines
    (01:18:25.641) [Visual Studio Host (8016):VisualStudioTextEditorTestExtension] Setting keyboard focus to editor 'TagHelpers.cshtml'.
    (01:18:25.791) [Visual Studio Host (8016):TextEditorDocumentWindowTestExtension] Showing window 'TagHelpers.cshtml' without activating the window.
    (01:18:25.936) [Visual Studio Host (8016):TextEditorDocumentWindowTestExtension] Showing window 'TagHelpers.cshtml'.
    (01:18:26.130) [Visual Studio Host (8016):TextEditorDocumentWindowTestExtension] Showing window 'TagHelpers.cshtml' without activating the window.
    (01:18:26.300) [Visual Studio Host (8016):TextEditorDocumentWindowTestExtension] Showing window 'TagHelpers.cshtml'.
    (01:18:26.460) [Visual Studio Host (8016):VisualStudioIntellisenseService] Getting the active completion at position '(Ln: 6, Ch: 2)'.
    (01:18:26.613) [Visual Studio Host (8016):VisualStudioCompletionListTestExtension] Found completion item with name 
    (01:18:26.747) [Visual Studio Host (8016):VisualStudioCompletionListTestExtension] Found completion item with name 
    (01:18:26.898) [Visual Studio Host (8016):VisualStudioCompletionListTestExtension] Unable to find completion item with name 
    (01:18:27.031) [Visual Studio Host (8016):VisualStudioCompletionListTestExtension] Unable to find completion item with name 
    (01:18:27.203) [Visual Studio Host (8016):TextEditorDocumentWindowTestExtension] Showing window 'TagHelpers.cshtml' without activating the window.
    (01:18:27.352) [Visual Studio Host (8016):TextEditorDocumentWindowTestExtension] Showing window 'TagHelpers.cshtml'.
    (01:18:27.604) [Visual Studio Host (8016):TextEditorDocumentWindowTestExtension] Showing window 'TagHelpers.cshtml' without activating the window.
    (01:18:27.823) [Visual Studio Host (8016):TextEditorDocumentWindowTestExtension] Showing window 'TagHelpers.cshtml'.
    (01:18:27.980) [Visual Studio Host (8016):KeyboardCommands] Sending the Return key 1 times.
    (01:18:28.149) [Visual Studio Host (8016):TextEditorDocumentWindowTestExtension] Showing window 'TagHelpers.cshtml' without activating the window.
    (01:18:28.305) [Visual Studio Host (8016):TextEditorDocumentWindowTestExtension] Showing window 'TagHelpers.cshtml'.
    (01:18:28.605) [Visual Studio Host (8016):TextEditorDocumentWindowTestExtension] Showing window 'TagHelpers.cshtml' without activating the window.
    (01:18:28.768) [Visual Studio Host (8016):TextEditorDocumentWindowTestExtension] Showing window 'TagHelpers.cshtml'.
    (01:18:28.964) [Visual Studio Host (8016):VisualStudioIntellisenseService] Getting the active completion at position '(Ln: 7, Ch: 2)'.
    (01:18:29.117) [Visual Studio Host (8016):VisualStudioCompletionListTestExtension] Found completion item with name 
    (01:18:29.260) [Visual Studio Host (8016):VisualStudioCompletionListTestExtension] Found completion item with name 
    (01:18:29.429) [Visual Studio Host (8016):VisualStudioCompletionListTestExtension] Unable to find completion item with name 
    (01:18:29.582) [Visual Studio Host (8016):VisualStudioCompletionListTestExtension] Unable to find completion item with name 
    (01:18:29.719) [Visual Studio Host (8016):VisualStudioCompletionListTestExtension] Unable to find completion item with name 
    (01:18:29.861) [Visual Studio Host (8016):TextEditorDocumentWindowTestExtension] Showing window 'TagHelpers.cshtml' without activating the window.
    (01:18:30.019) [Visual Studio Host (8016):TextEditorDocumentWindowTestExtension] Showing window 'TagHelpers.cshtml'.
    (01:18:30.289) [Visual Studio Host (8016):TextEditorDocumentWindowTestExtension] Showing window 'TagHelpers.cshtml' without activating the window.
    (01:18:30.454) [Visual Studio Host (8016):TextEditorDocumentWindowTestExtension] Showing window 'TagHelpers.cshtml'.
    (01:18:30.643) [Visual Studio Host (8016):KeyboardCommands] Sending the Return key 1 times.
    (01:18:30.795) [Visual Studio Host (8016):TextEditorDocumentWindowTestExtension] Showing window 'TagHelpers.cshtml' without activating the window.
    (01:18:30.947) [Visual Studio Host (8016):TextEditorDocumentWindowTestExtension] Showing window 'TagHelpers.cshtml'.
    (01:18:31.127) [Visual Studio Host (8016):TextEditorDocumentWindowTestExtension] Showing window 'TagHelpers.cshtml' without activating the window.
    (01:18:31.384) [Visual Studio Host (8016):TextEditorDocumentWindowTestExtension] Showing window 'TagHelpers.cshtml'.
    (01:18:31.568) [Visual Studio Host (8016):VisualStudioIntellisenseService] Getting the active completion at position '(Ln: 8, Ch: 2)'.
    (01:18:31.745) [Visual Studio Host (8016):VisualStudioCompletionListTestExtension] Found completion item with name 
    (01:18:31.951) [Visual Studio Host (8016):VisualStudioCompletionListTestExtension] Found completion item with name 
    (01:18:32.083) [Visual Studio Host (8016):VisualStudioCompletionListTestExtension] Unable to find completion item with name 
    (01:18:32.212) [Visual Studio Host (8016):VisualStudioCompletionListTestExtension] Unable to find completion item with name 
    (01:18:32.344) [Visual Studio Host (8016):VisualStudioCompletionListTestExtension] Unable to find completion item with name 
    (01:18:32.484) [Visual Studio Host (8016):TextEditorDocumentWindowTestExtension] Showing window 'TagHelpers.cshtml' without activating the window.
    (01:18:32.625) [Visual Studio Host (8016):TextEditorDocumentWindowTestExtension] Showing window 'TagHelpers.cshtml'.
    (01:18:32.948) [Visual Studio Host (8016):TextEditorDocumentWindowTestExtension] Showing window 'TagHelpers.cshtml' without activating the window.
    (01:18:33.127) [Visual Studio Host (8016):TextEditorDocumentWindowTestExtension] Showing window 'TagHelpers.cshtml'.
    (01:18:33.306) [Visual Studio Host (8016):VisualStudioIntellisenseService] Getting the active completion at position '(Ln: 8, Ch: 8)'.
    (01:18:33.443) [Visual Studio Host (8016):VisualStudioCompletionListTestExtension] Found completion item with name 
    (01:18:33.581) [Visual Studio Host (8016):VisualStudioCompletionListTestExtension] Found completion item with name 
    (01:18:33.713) [Visual Studio Host (8016):VisualStudioCompletionListTestExtension] Found completion item with name 
    + ExternalProcessHostTest TestCleanup
        (01:18:34.027) [Visual Studio Host (8016):TextEditorDocumentWindowTestExtension] Closing window 'TagHelpers.cshtml'.
        (01:18:34.384) [Platform:Testcase] Test 'VSTest_Razor_TagHelpers_Completion_OutputElement' has 'Passed' outcome. Therefore, Apex will not shut down the 'Visual Studio Host (8016)' with process ID '8016'. A subsequent test scenario will run on the same instance of the host.
    + Final Test Result Verification
        (01:18:34.915) [Platform:DelayedAssertionVerifierSink] Verification Success: 0 verification steps failed.
    + ApexTest TestCleanup</StdOut>
      </Output>
      <ResultFiles>
        <ResultFile path="WNVM19648\Fail.aswak04hapa5.png" />
        <ResultFile path="WNVM19648\Fail.azqsczivabnm.png" />
        <ResultFile path="WNVM19648\Fail.ek4tb3wmalyl.png" />
        <ResultFile path="WNVM19648\Fail.ig2gsfz5ad1y.png" />
        <ResultFile path="WNVM19648\Fail.o4kkrjboasbk.png" />
        <ResultFile path="WNVM19648\Fail.o5zf0zepaw0l.png" />
        <ResultFile path="WNVM19648\Fail.raasvsmeanc1.png" />
        <ResultFile path="WNVM19648\Fail.t4yj0fxuatil.png" />
        <ResultFile path="WNVM19648\Fail.z10rn0n5ajdm.png" />
        <ResultFile path="WNVM19648\OmniLog.html" />
        <ResultFile path="WNVM19648\OmniLogRawXml.xml" />
      </ResultFiles>
    </UnitTestResult>
    <UnitTestResult executionId="f238f22c-d2e3-4701-a8bc-f879946f62ca" testId="c48fc44a-27a1-66ed-8204-f7ec3a493e5c" testName="VSTest_JSON_UnMinifyTests" computerName="WNVM19648" duration="00:00:02.8353098" startTime="2018-04-17T00:21:17.0785089-07:00" endTime="2018-04-17T00:21:19.9138187-07:00" testType="13cdc9d9-ddb5-4fa4-a97d-d965ccfc6d4b" outcome="Passed" testListId="8c84fa94-04c1-424b-9868-57a2d4851a1d" relativeResultsDirectory="f238f22c-d2e3-4701-a8bc-f879946f62ca">
      <Output>
        <StdOut>+ UnMinifyCommandTests::VSTest_JSON_UnMinifyTests
    + ApexTest TestInitialize
    + ExternalProcessHostTest TestInitialize
        (22:58.439) [Visual Studio Host (11564):RoamingSettingsService] Disabling roaming settings.
        (22:58.500) [Visual Studio Host (11564):SettingsService] Setting Visual Studio option 'Environment\RoamingSettings\RoamingEnabled' to 'False'.
        (22:58.833) [Visual Studio Host (11564):TextEditorDocumentWindowTestExtension] Showing window 'Content.json' without activating the window.
        (22:58.917) [Visual Studio Host (11564):TextEditorDocumentWindowTestExtension] Showing window 'Content.json'.
        (22:59.018) [Visual Studio Host (11564):VisualStudioTextEditorTestExtension] Setting keyboard focus to editor 'Content.json'.
        (22:59.178) [Visual Studio Host (11564):SettingsService] Getting value of Visual Studio Setting 'TextEditor\JSON Specific\BracePositionStyle'. 
        (22:59.259) [Visual Studio Host (11564):SettingsService] Setting Visual Studio option 'TextEditor\JSON Specific\BracePositionStyle' to '0'.
        (22:59.353) [Visual Studio Host (11564):MainWindowService] Activating main window to bring it to the foreground.
        (22:59.468) [Visual Studio Host (11564):MainWindowService] Setting main window state to 'Maximized'.
    (22:59.589) [Visual Studio Host (11564):TextEditorDocumentWindowTestExtension] Showing window 'Content.json' without activating the window.
    (22:59.645) [Visual Studio Host (11564):TextEditorDocumentWindowTestExtension] Showing window 'Content.json'.
    (22:59.748) [Visual Studio Host (11564):VisualStudioCaretTestExtension] Moving the caret and selecting the range from (Ln: 4, Ch: 16) to (Ln: 4, Ch: 16) based on a regular expression.  Expression = "()array" [group index '1', match index '1', options 'Singleline, CultureInvariant']
    (22:59.970) [Visual Studio Host (11564):TextEditorDocumentWindowTestExtension] Showing window 'Content.json' without activating the window.
    (23:00.042) [Visual Studio Host (11564):TextEditorDocumentWindowTestExtension] Showing window 'Content.json'.
    + ExternalProcessHostTest TestCleanup
        (23:00.214) [Visual Studio Host (11564):SettingsService] Setting Visual Studio option 'TextEditor\JSON Specific\BracePositionStyle' to '1'.
        (23:00.341) [Visual Studio Host (11564):TextEditorDocumentWindowTestExtension] Closing window 'Content.json'.
        (23:00.506) [Platform:Testcase] Test 'VSTest_JSON_UnMinifyTests' has 'Passed' outcome. Therefore, Apex will not shut down the 'Visual Studio Host (11564)' with process ID '11564'. A subsequent test scenario will run on the same instance of the host.
    + Final Test Result Verification
        (23:00.738) [Platform:DelayedAssertionVerifierSink] Verification Success: 0 verification steps failed.
    + ApexTest TestCleanup</StdOut>
      </Output>
      <ResultFiles>
        <ResultFile path="WNVM19648\Fail.azqsczivabnm.png" />
        <ResultFile path="WNVM19648\Fail.ig2gsfz5ad1y.png" />
        <ResultFile path="WNVM19648\Fail.o5zf0zepaw0l.png" />
        <ResultFile path="WNVM19648\OmniLog.html" />
        <ResultFile path="WNVM19648\OmniLogRawXml.xml" />
      </ResultFiles>
    </UnitTestResult>
    <UnitTestResult executionId="49681c1b-fbbc-414f-86e2-a5054ab9d556" testId="fe8aba61-c921-e5ce-89ad-b55eee0f3f34" testName="VSTest_CSS_DiffViewer_Embedded (SideBySide)" computerName="WNVM19648" startTime="2018-04-17T00:28:53.2944695-07:00" endTime="2018-04-17T00:28:53.2944695-07:00" testType="13cdc9d9-ddb5-4fa4-a97d-d965ccfc6d4b" outcome="NotExecuted" testListId="8c84fa94-04c1-424b-9868-57a2d4851a1d" relativeResultsDirectory="49681c1b-fbbc-414f-86e2-a5054ab9d556">
      <Output>
      </Output>
    </UnitTestResult>
    <UnitTestResult executionId="60dcf2f2-63bd-4f06-994f-dd7318680d09" testId="06c848e8-4ff4-dfb5-5646-ef0b2bcbcb22" testName="VSTest_RazorVbhtmlClassification" computerName="WNVM19648" startTime="2018-04-17T01:05:53.6035220-07:00" endTime="2018-04-17T01:05:53.6035220-07:00" testType="13cdc9d9-ddb5-4fa4-a97d-d965ccfc6d4b" outcome="NotExecuted" testListId="8c84fa94-04c1-424b-9868-57a2d4851a1d" relativeResultsDirectory="60dcf2f2-63bd-4f06-994f-dd7318680d09">
      <Output>
      </Output>
    </UnitTestResult>
    <UnitTestResult executionId="ffb2a1e2-b5dd-48c6-a2dc-1d0be234437e" testId="dca30c02-3277-db26-b6de-67f8d1776301" testName="VSTest_RazorUndoRedo" computerName="WNVM19648" duration="00:00:17.7066075" startTime="2018-04-17T01:11:46.1480259-07:00" endTime="2018-04-17T01:12:03.8546334-07:00" testType="13cdc9d9-ddb5-4fa4-a97d-d965ccfc6d4b" outcome="Passed" testListId="8c84fa94-04c1-424b-9868-57a2d4851a1d" relativeResultsDirectory="ffb2a1e2-b5dd-48c6-a2dc-1d0be234437e">
      <Output>
        <StdOut>+ CSharpGeneralTests::VSTest_RazorUndoRedo
    + ApexTest TestInitialize
    + ExternalProcessHostTest TestInitialize
        (01:13:27.863) [Visual Studio Host (8016):RoamingSettingsService] Disabling roaming settings.
        (01:13:28.013) [Visual Studio Host (8016):SettingsService] Setting Visual Studio option 'Environment\RoamingSettings\RoamingEnabled' to 'False'.
        (01:13:28.396) [Visual Studio Host (8016):TextEditorDocumentWindowTestExtension] Showing window 'UndoRedo.cshtml' without activating the window.
        (01:13:28.601) [Visual Studio Host (8016):TextEditorDocumentWindowTestExtension] Showing window 'UndoRedo.cshtml'.
        (01:13:28.754) [Visual Studio Host (8016):VisualStudioTextEditorTestExtension] Setting keyboard focus to editor 'UndoRedo.cshtml'.
        (01:13:28.905) [Visual Studio Host (8016):MainWindowService] Activating main window to bring it to the foreground.
        (01:13:29.047) [Visual Studio Host (8016):MainWindowService] Setting main window state to 'Maximized'.
    (01:13:29.364) [Visual Studio Host (8016):TextEditorDocumentWindowTestExtension] Showing window 'UndoRedo.cshtml' without activating the window.
    (01:13:29.503) [Visual Studio Host (8016):TextEditorDocumentWindowTestExtension] Showing window 'UndoRedo.cshtml'.
    (01:13:29.654) [Visual Studio Host (8016):VisualStudioCaretTestExtension] Moving the caret from (Ln: 1, Ch: 1) to (Ln: 6, Ch: 1)
    (01:13:29.786) [Visual Studio Host (8016):TextEditorDocumentWindowTestExtension] Showing window 'UndoRedo.cshtml' without activating the window.
    (01:13:29.927) [Visual Studio Host (8016):TextEditorDocumentWindowTestExtension] Showing window 'UndoRedo.cshtml'.
    (01:13:30.067) [Visual Studio Host (8016):VisualStudioTextEditingActions] Inserting text combine CRLF as single return: '&lt;style&gt;text' at the current caret position: '(Ln: 6, Ch: 1)'
    (01:13:30.301) [Visual Studio Host (8016):TextEditorDocumentWindowTestExtension] Showing window 'UndoRedo.cshtml' without activating the window.
    (01:13:30.449) [Visual Studio Host (8016):TextEditorDocumentWindowTestExtension] Showing window 'UndoRedo.cshtml'.
    (01:13:31.447) [Visual Studio Host (8016):TextEditorDocumentWindowTestExtension] Showing window 'UndoRedo.cshtml' without activating the window.
    (01:13:31.597) [Visual Studio Host (8016):TextEditorDocumentWindowTestExtension] Showing window 'UndoRedo.cshtml'.
    VerificationPass: (01:13:31.794) [Platform:Testcase] Verification passed: String content is equal: Expected '@{
    Layout = "~/_SiteLayout.cshtml";
    Page.Title = "Contact";
}

&lt;style&gt;text&lt;/style&gt;
&lt;hgroup class="title"&gt;
    &lt;h1&gt;@Page.Title.&lt;/h1&gt;
&lt;/hgroup&gt;

', Actual '@{
    Layout = "~/_SiteLayout.cshtml";
    Page.Title = "Contact";
}

&lt;style&gt;text&lt;/style&gt;
&lt;hgroup class="title"&gt;
    &lt;h1&gt;@Page.Title.&lt;/h1&gt;
&lt;/hgroup&gt;

'; &lt;ComparisonType: OrdinalIgnoreCase&gt;
    + ExternalProcessHostTest TestCleanup
        (01:13:34.899) [Visual Studio Host (8016):TextEditorDocumentWindowTestExtension] Closing window 'UndoRedo.cshtml'.
        (01:13:36.496) [Platform:Testcase] Test 'VSTest_RazorUndoRedo' has 'Passed' outcome. Therefore, Apex will not shut down the 'Visual Studio Host (8016)' with process ID '8016'. A subsequent test scenario will run on the same instance of the host.
    + Final Test Result Verification
        (01:13:40.226) [Platform:DelayedAssertionVerifierSink] Verification Success: 0 verification steps failed.
    + ApexTest TestCleanup</StdOut>
      </Output>
      <ResultFiles>
        <ResultFile path="WNVM19648\Fail.azqsczivabnm.png" />
        <ResultFile path="WNVM19648\Fail.ig2gsfz5ad1y.png" />
        <ResultFile path="WNVM19648\Fail.o5zf0zepaw0l.png" />
        <ResultFile path="WNVM19648\Fail.raasvsmeanc1.png" />
        <ResultFile path="WNVM19648\Fail.t4yj0fxuatil.png" />
        <ResultFile path="WNVM19648\Fail.z10rn0n5ajdm.png" />
        <ResultFile path="WNVM19648\OmniLog.html" />
        <ResultFile path="WNVM19648\OmniLogRawXml.xml" />
      </ResultFiles>
    </UnitTestResult>
    <UnitTestResult executionId="9d303ae9-aa82-4cf8-8bce-b13b07723e99" testId="a25f2acc-2a6f-fa51-54f2-18ba92e0133a" testName="VSTest_RazorV4CsFormatIfBlockInsideForBlock" computerName="WNVM19648" duration="00:00:05.1835791" startTime="2018-04-17T01:04:24.8757878-07:00" endTime="2018-04-17T01:04:30.0593669-07:00" testType="13cdc9d9-ddb5-4fa4-a97d-d965ccfc6d4b" outcome="Passed" testListId="8c84fa94-04c1-424b-9868-57a2d4851a1d" relativeResultsDirectory="9d303ae9-aa82-4cf8-8bce-b13b07723e99">
      <Output>
        <StdOut>+ CSharpFormattingTests::VSTest_RazorV4CsFormatIfBlockInsideForBlock
    + ApexTest TestInitialize
    + ExternalProcessHostTest TestInitialize
        (01:06:06.571) [Visual Studio Host (4384):RoamingSettingsService] Disabling roaming settings.
        (01:06:06.699) [Visual Studio Host (4384):SettingsService] Setting Visual Studio option 'Environment\RoamingSettings\RoamingEnabled' to 'False'.
        (01:06:07.079) [Visual Studio Host (4384):TextEditorDocumentWindowTestExtension] Showing window 'FormatIfBlockInsideForBlock.cshtml' without activating the window.
        (01:06:07.328) [Visual Studio Host (4384):TextEditorDocumentWindowTestExtension] Showing window 'FormatIfBlockInsideForBlock.cshtml'.
        (01:06:07.511) [Visual Studio Host (4384):VisualStudioTextEditorTestExtension] Setting keyboard focus to editor 'FormatIfBlockInsideForBlock.cshtml'.
        (01:06:07.656) [Visual Studio Host (4384):MainWindowService] Activating main window to bring it to the foreground.
        (01:06:07.806) [Visual Studio Host (4384):MainWindowService] Setting main window state to 'Maximized'.
    (01:06:08.087) [Visual Studio Host (4384):TextEditorDocumentWindowTestExtension] Showing window 'FormatIfBlockInsideForBlock.cshtml' without activating the window.
    (01:06:08.258) [Visual Studio Host (4384):TextEditorDocumentWindowTestExtension] Showing window 'FormatIfBlockInsideForBlock.cshtml'.
    (01:06:08.430) [Visual Studio Host (4384):VisualStudioCaretTestExtension] Moving the caret from (Ln: 1, Ch: 1) to (Ln: 10, Ch: 20)
    (01:06:08.930) [Visual Studio Host (4384):TextEditorDocumentWindowTestExtension] Showing window 'FormatIfBlockInsideForBlock.cshtml' without activating the window.
    (01:06:09.087) [Visual Studio Host (4384):TextEditorDocumentWindowTestExtension] Showing window 'FormatIfBlockInsideForBlock.cshtml'.
    (01:06:09.303) [Visual Studio Host (4384):TextEditorDocumentWindowTestExtension] Showing window 'FormatIfBlockInsideForBlock.cshtml' without activating the window.
    (01:06:09.453) [Visual Studio Host (4384):TextEditorDocumentWindowTestExtension] Showing window 'FormatIfBlockInsideForBlock.cshtml'.
    + ExternalProcessHostTest TestCleanup
        (01:06:09.736) [Visual Studio Host (4384):TextEditorDocumentWindowTestExtension] Closing window 'FormatIfBlockInsideForBlock.cshtml'.
        (01:06:09.946) [Platform:Testcase] Test 'VSTest_RazorV4CsFormatIfBlockInsideForBlock' has 'Passed' outcome. Therefore, Apex will not shut down the 'Visual Studio Host (4384)' with process ID '4384'. A subsequent test scenario will run on the same instance of the host.
    + Final Test Result Verification
        (01:06:10.400) [Platform:DelayedAssertionVerifierSink] Verification Success: 0 verification steps failed.
    + ApexTest TestCleanup</StdOut>
      </Output>
      <ResultFiles>
        <ResultFile path="WNVM19648\Fail.azqsczivabnm.png" />
        <ResultFile path="WNVM19648\Fail.ig2gsfz5ad1y.png" />
        <ResultFile path="WNVM19648\Fail.o5zf0zepaw0l.png" />
        <ResultFile path="WNVM19648\Fail.raasvsmeanc1.png" />
        <ResultFile path="WNVM19648\Fail.t4yj0fxuatil.png" />
        <ResultFile path="WNVM19648\Fail.z10rn0n5ajdm.png" />
        <ResultFile path="WNVM19648\OmniLog.html" />
        <ResultFile path="WNVM19648\OmniLogRawXml.xml" />
      </ResultFiles>
    </UnitTestResult>
    <UnitTestResult executionId="de887701-c0be-450f-9e2b-6e82bb04738a" testId="87b53a9d-456b-cf8f-c668-c75e1f782c8c" testName="VSTest_FormatOnPastePreserveCasing" computerName="WNVM19648" duration="00:00:18.6254529" startTime="2018-04-17T00:31:45.1356946-07:00" endTime="2018-04-17T00:32:03.7611475-07:00" testType="13cdc9d9-ddb5-4fa4-a97d-d965ccfc6d4b" outcome="Passed" testListId="8c84fa94-04c1-424b-9868-57a2d4851a1d" relativeResultsDirectory="de887701-c0be-450f-9e2b-6e82bb04738a">
      <Output>
        <StdOut>+ FormatOnPasteTests::VSTest_FormatOnPastePreserveCasing
    + ApexTest TestInitialize
    + ExternalProcessHostTest TestInitialize
        (33:28.638) [Visual Studio Host (11564):RoamingSettingsService] Disabling roaming settings.
        (33:29.153) [Visual Studio Host (11564):SettingsService] Setting Visual Studio option 'Environment\RoamingSettings\RoamingEnabled' to 'False'.
        (33:29.832) [Visual Studio Host (11564):TextEditorDocumentWindowTestExtension] Showing window 'Default.html' without activating the window.
        (33:30.403) [Visual Studio Host (11564):TextEditorDocumentWindowTestExtension] Showing window 'Default.html'.
        (33:30.996) [Visual Studio Host (11564):VisualStudioTextEditorTestExtension] Setting keyboard focus to editor 'Default.html'.
        (33:31.065) [Visual Studio Host (11564):MainWindowService] Activating main window to bring it to the foreground.
        (33:31.136) [Visual Studio Host (11564):MainWindowService] Setting main window state to 'Maximized'.
    (33:31.267) [Visual Studio Host (11564):TextEditorDocumentWindowTestExtension] Showing window 'Default.html' without activating the window.
    (33:31.326) [Visual Studio Host (11564):TextEditorDocumentWindowTestExtension] Showing window 'Default.html'.
    (33:31.411) [Visual Studio Host (11564):VisualStudioCaretTestExtension] Moving the caret to '&lt;body&gt;' at (Ln: 8, Ch: 1) based on a regular expression.  Expression = "&lt;body&gt;" [group index '0', match index '1', options 'Singleline, CultureInvariant']
    (33:32.098) [Visual Studio Host (11564):TextEditorDocumentWindowTestExtension] Showing window 'Default.html' without activating the window.
    (33:32.770) [Visual Studio Host (11564):TextEditorDocumentWindowTestExtension] Showing window 'Default.html'.
    (33:33.592) [Visual Studio Host (11564):VisualStudioCaretTestExtension] Moving the caret from (Ln: 8, Ch: 1) to the end of the line
    (33:33.654) [Visual Studio Host (11564):VisualStudioTextEditorTestExtension] Setting keyboard focus to editor 'Default.html'.
    (33:33.720) [Visual Studio Host (11564):TextEditorDocumentWindowTestExtension] Showing window 'Default.html' without activating the window.
    (33:33.783) [Visual Studio Host (11564):TextEditorDocumentWindowTestExtension] Showing window 'Default.html'.
    (33:33.849) [Visual Studio Host (11564):VisualStudioTextEditingActions] Inserting text combine CRLF as single return: '
' at the current caret position: '(Ln: 8, Ch: 7)'
    (33:34.348) [Visual Studio Host (11564):TextEditorDocumentWindowTestExtension] Showing window 'Default.html' without activating the window.
    (33:34.864) [Visual Studio Host (11564):TextEditorDocumentWindowTestExtension] Showing window 'Default.html'.
    (33:35.372) [Visual Studio Host (11564):VisualStudioTextEditingActions] Inserting text combine CRLF as single return: '&lt;a href="" Hello World' at the current caret position: '(Ln: 9, Ch: 5)'
    (33:36.187) [Visual Studio Host (11564):TextEditorDocumentWindowTestExtension] Showing window 'Default.html' without activating the window.
    (33:36.773) [Visual Studio Host (11564):TextEditorDocumentWindowTestExtension] Showing window 'Default.html'.
    (33:37.354) [Visual Studio Host (11564):VisualStudioCaretTestExtension] Moving the caret to '&lt;a' at (Ln: 9, Ch: 5) based on a regular expression.  Expression = "&lt;a" [group index '0', match index '1', options 'Singleline, CultureInvariant']
    (33:37.946) [Visual Studio Host (11564):TextEditorDocumentWindowTestExtension] Showing window 'Default.html' without activating the window.
    (33:38.487) [Visual Studio Host (11564):TextEditorDocumentWindowTestExtension] Showing window 'Default.html'.
    (33:39.068) [Visual Studio Host (11564):VisualStudioCaretTestExtension] Moving the caret from (Ln: 9, Ch: 5) right '9' characters
    (33:39.751) [Visual Studio Host (11564):VisualStudioTextEditorTestExtension] Setting keyboard focus to editor 'Default.html'.
    (33:40.420) [Visual Studio Host (11564):TextEditorDocumentWindowTestExtension] Showing window 'Default.html' without activating the window.
    (33:40.991) [Visual Studio Host (11564):TextEditorDocumentWindowTestExtension] Showing window 'Default.html'.
    (33:41.594) [Visual Studio Host (11564):TextEditorDocumentWindowTestExtension] Showing window 'Default.html' without activating the window.
    (33:41.665) [Visual Studio Host (11564):TextEditorDocumentWindowTestExtension] Showing window 'Default.html'.
    (33:41.759) [Visual Studio Host (11564):VisualStudioTextEditingActions] Undoing '1' operations.
    (33:41.841) [Visual Studio Host (11564):TextEditorDocumentWindowTestExtension] Showing window 'Default.html' without activating the window.
    (33:41.921) [Visual Studio Host (11564):TextEditorDocumentWindowTestExtension] Showing window 'Default.html'.
    (33:42.029) [Visual Studio Host (11564):TextEditorDocumentWindowTestExtension] Showing window 'Default.html' without activating the window.
    (33:42.106) [Visual Studio Host (11564):TextEditorDocumentWindowTestExtension] Showing window 'Default.html'.
    (33:42.187) [Visual Studio Host (11564):VisualStudioCaretTestExtension] Moving the caret to '&lt;a' at (Ln: 9, Ch: 5) based on a regular expression.  Expression = "&lt;a" [group index '0', match index '1', options 'Singleline, CultureInvariant']
    (33:42.260) [Visual Studio Host (11564):TextEditorDocumentWindowTestExtension] Showing window 'Default.html' without activating the window.
    (33:42.332) [Visual Studio Host (11564):TextEditorDocumentWindowTestExtension] Showing window 'Default.html'.
    (33:42.434) [Visual Studio Host (11564):VisualStudioCaretTestExtension] Moving the caret from (Ln: 9, Ch: 5) right '11' characters
    (33:42.502) [Visual Studio Host (11564):VisualStudioTextEditorTestExtension] Setting keyboard focus to editor 'Default.html'.
    (33:42.644) [Visual Studio Host (11564):TextEditorDocumentWindowTestExtension] Showing window 'Default.html' without activating the window.
    (33:42.740) [Visual Studio Host (11564):TextEditorDocumentWindowTestExtension] Showing window 'Default.html'.
    (33:42.865) [Visual Studio Host (11564):TextEditorDocumentWindowTestExtension] Showing window 'Default.html' without activating the window.
    (33:42.936) [Visual Studio Host (11564):TextEditorDocumentWindowTestExtension] Showing window 'Default.html'.
    (33:43.008) [Visual Studio Host (11564):VisualStudioTextEditingActions] Undoing '1' operations.
    (33:43.094) [Visual Studio Host (11564):TextEditorDocumentWindowTestExtension] Showing window 'Default.html' without activating the window.
    (33:43.167) [Visual Studio Host (11564):TextEditorDocumentWindowTestExtension] Showing window 'Default.html'.
    (33:43.320) [Visual Studio Host (11564):TextEditorDocumentWindowTestExtension] Showing window 'Default.html' without activating the window.
    (33:43.392) [Visual Studio Host (11564):TextEditorDocumentWindowTestExtension] Showing window 'Default.html'.
    (33:43.483) [Visual Studio Host (11564):VisualStudioCaretTestExtension] Moving the caret to '&lt;a' at (Ln: 9, Ch: 5) based on a regular expression.  Expression = "&lt;a" [group index '0', match index '1', options 'Singleline, CultureInvariant']
    (33:43.555) [Visual Studio Host (11564):TextEditorDocumentWindowTestExtension] Showing window 'Default.html' without activating the window.
    (33:43.615) [Visual Studio Host (11564):TextEditorDocumentWindowTestExtension] Showing window 'Default.html'.
    (33:43.700) [Visual Studio Host (11564):VisualStudioCaretTestExtension] Moving the caret from (Ln: 9, Ch: 5) right '10' characters
    (33:43.753) [Visual Studio Host (11564):VisualStudioTextEditorTestExtension] Setting keyboard focus to editor 'Default.html'.
    (33:43.864) [Visual Studio Host (11564):TextEditorDocumentWindowTestExtension] Showing window 'Default.html' without activating the window.
    (33:43.939) [Visual Studio Host (11564):TextEditorDocumentWindowTestExtension] Showing window 'Default.html'.
    + ExternalProcessHostTest TestCleanup
        (33:44.093) [Visual Studio Host (11564):TextEditorDocumentWindowTestExtension] Closing window 'Default.html'.
        (33:44.267) [Platform:Testcase] Test 'VSTest_FormatOnPastePreserveCasing' has 'Passed' outcome. Therefore, Apex will not shut down the 'Visual Studio Host (11564)' with process ID '11564'. A subsequent test scenario will run on the same instance of the host.
    + Final Test Result Verification
        (33:44.493) [Platform:DelayedAssertionVerifierSink] Verification Success: 0 verification steps failed.
    + ApexTest TestCleanup</StdOut>
      </Output>
      <ResultFiles>
        <ResultFile path="WNVM19648\Fail.azqsczivabnm.png" />
        <ResultFile path="WNVM19648\Fail.ig2gsfz5ad1y.png" />
        <ResultFile path="WNVM19648\Fail.o5zf0zepaw0l.png" />
        <ResultFile path="WNVM19648\OmniLog.html" />
        <ResultFile path="WNVM19648\OmniLogRawXml.xml" />
      </ResultFiles>
    </UnitTestResult>
    <UnitTestResult executionId="c68fc90d-db52-4e3f-81e3-9e9fd31ce737" testId="57f00b90-e89e-7c21-6985-1997247e73a1" testName="VSTest_CssFormat_EmbeddedCSS_Compact" computerName="WNVM19648" duration="00:00:02.5266918" startTime="2018-04-17T00:28:43.1215453-07:00" endTime="2018-04-17T00:28:45.6482371-07:00" testType="13cdc9d9-ddb5-4fa4-a97d-d965ccfc6d4b" outcome="Passed" testListId="8c84fa94-04c1-424b-9868-57a2d4851a1d" relativeResultsDirectory="c68fc90d-db52-4e3f-81e3-9e9fd31ce737">
      <Output>
        <StdOut>+ CssFormatTests::VSTest_CssFormat_EmbeddedCSS_Compact
    + ApexTest TestInitialize
    + ExternalProcessHostTest TestInitialize
        (30:24.444) [Visual Studio Host (11564):RoamingSettingsService] Disabling roaming settings.
        (30:24.491) [Visual Studio Host (11564):SettingsService] Setting Visual Studio option 'Environment\RoamingSettings\RoamingEnabled' to 'False'.
        (30:24.786) [Visual Studio Host (11564):TextEditorDocumentWindowTestExtension] Showing window 'FormatEmbeddedCss.html' without activating the window.
        (30:24.878) [Visual Studio Host (11564):TextEditorDocumentWindowTestExtension] Showing window 'FormatEmbeddedCss.html'.
        (30:24.954) [Visual Studio Host (11564):VisualStudioTextEditorTestExtension] Setting keyboard focus to editor 'FormatEmbeddedCss.html'.
        (30:25.008) [Visual Studio Host (11564):SettingsService] Getting value of Visual Studio Setting 'TextEditor\CSS Specific\BracePositionStyle'. 
        (30:25.064) [Visual Studio Host (11564):SettingsService] Setting Visual Studio option 'TextEditor\CSS Specific\BracePositionStyle' to '0'.
        (30:25.135) [Visual Studio Host (11564):MainWindowService] Activating main window to bring it to the foreground.
        (30:25.277) [Visual Studio Host (11564):MainWindowService] Setting main window state to 'Maximized'.
    (30:25.562) [Visual Studio Host (11564):TextEditorDocumentWindowTestExtension] Showing window 'FormatEmbeddedCss.html' without activating the window.
    (30:25.660) [Visual Studio Host (11564):TextEditorDocumentWindowTestExtension] Showing window 'FormatEmbeddedCss.html'.
    + ExternalProcessHostTest TestCleanup
        (30:25.822) [Visual Studio Host (11564):SettingsService] Setting Visual Studio option 'TextEditor\CSS Specific\BracePositionStyle' to '1'.
        (30:25.935) [Visual Studio Host (11564):TextEditorDocumentWindowTestExtension] Closing window 'FormatEmbeddedCss.html'.
        (30:26.148) [Platform:Testcase] Test 'VSTest_CssFormat_EmbeddedCSS_Compact' has 'Passed' outcome. Therefore, Apex will not shut down the 'Visual Studio Host (11564)' with process ID '11564'. A subsequent test scenario will run on the same instance of the host.
    + Final Test Result Verification
        (30:26.412) [Platform:DelayedAssertionVerifierSink] Verification Success: 0 verification steps failed.
    + ApexTest TestCleanup</StdOut>
      </Output>
      <ResultFiles>
        <ResultFile path="WNVM19648\Fail.azqsczivabnm.png" />
        <ResultFile path="WNVM19648\Fail.ig2gsfz5ad1y.png" />
        <ResultFile path="WNVM19648\Fail.o5zf0zepaw0l.png" />
        <ResultFile path="WNVM19648\OmniLog.html" />
        <ResultFile path="WNVM19648\OmniLogRawXml.xml" />
      </ResultFiles>
    </UnitTestResult>
    <UnitTestResult executionId="faa1ce33-8316-4f83-adc3-13b7ff692df1" testId="98a3b46f-c283-782d-a215-f185ac09e0a5" testName="VSTest_JSON_Schema_Catalog" computerName="WNVM19648" duration="00:00:51.6962716" startTime="2018-04-17T01:51:51.0340073-07:00" endTime="2018-04-17T01:52:42.7302789-07:00" testType="13cdc9d9-ddb5-4fa4-a97d-d965ccfc6d4b" outcome="Failed" testListId="8c84fa94-04c1-424b-9868-57a2d4851a1d" relativeResultsDirectory="faa1ce33-8316-4f83-adc3-13b7ff692df1">
      <Output>
        <StdOut>+ SchemaCatalogTests::VSTest_JSON_Schema_Catalog
    + ApexTest TestInitialize
    + ExternalProcessHostTest TestInitialize
        (01:53:33.086) [Visual Studio Host (5816):RoamingSettingsService] Disabling roaming settings.
        (01:53:33.237) [Visual Studio Host (5816):SettingsService] Setting Visual Studio option 'Environment\RoamingSettings\RoamingEnabled' to 'False'.
        (01:53:36.017) [Visual Studio Host (5816):SolutionService] Opening solution file 'file:///C:/TestBin/IntegrationTests/MS.VS.Web.Editors/webs/misc.sln' with asynchronous load data available.  WaitForFullyLoadedOnOpen set to 'True'. Apex will wait for all async project loads to complete before proceeding.
            (01:53:36.208) [Visual Studio Host (5816):SolutionService] Solution load behavior is set to 'Realtime'.
        + Waiting for the solution to fully load.
        (01:54:03.404) [Visual Studio Host (5816):TextEditorDocumentWindowTestExtension] Showing window 'EmptyWithoutSchema.json' without activating the window.
        (01:54:04.066) [Visual Studio Host (5816):TextEditorDocumentWindowTestExtension] Showing window 'EmptyWithoutSchema.json'.
        (01:54:05.457) [Visual Studio Host (5816):VisualStudioTextEditorTestExtension] Setting keyboard focus to editor 'EmptyWithoutSchema.json'.
        (01:54:06.198) [Visual Studio Host (5816):MainWindowService] Activating main window to bring it to the foreground.
        (01:54:09.720) [Visual Studio Host (5816):MainWindowService] Setting main window state to 'Maximized'.
    (01:54:10.553) [Visual Studio Host (5816):SettingsService] Getting value of Visual Studio Setting 'TextEditor\JSON Schema\SchemaCatalogs'. 
    + Validate default catalog
        (01:54:11.735) [Visual Studio Host (5816):SettingsService] Setting Visual Studio option 'TextEditor\JSON Schema\SchemaCatalogs' to 'http://schemastore.org/api/json/catalog.json'.
    (01:54:17.641) [Visual Studio Host (5816):SettingsService] Setting Visual Studio option 'TextEditor\JSON Schema\SchemaCatalogs' to 'http://schemastore.org/api/json/catalog.json'.
    Error: (01:54:17.842) [Platform:Testcase] Test method Microsoft.VisualStudio.Web.Editors.IntegrationTests.JSON.Schema.Microsoft.VisualStudio.Web.Editors.IntegrationTests.JSON.Schema.SchemaCatalogTests.VSTest_JSON_Schema_Catalog threw exception. System.TimeoutException: Timed out after 00:00:05 waiting for bower should exist
   at Microsoft.VisualStudio.Web.Common.TestAdapter.ParameterizedTests.ReflectionUtilities.InvokeMethod(Object targetObject, MethodInfo method, Object[] methodArguments, String exceptionMessageFormat) in D:\dd\WTE\Main\test\Common\TestAdapter\ParameterizedTests\ReflectionUtilities.cs:line 190
   at Microsoft.VisualStudio.Web.Common.TestAdapter.ParameterizedTests.TestMethodInfo.Invoke(Object testObject, TestExecutionContext context) in D:\dd\WTE\Main\test\Common\TestAdapter\ParameterizedTests\TestMethodInfo.cs:line 64
    + ExternalProcessHostTest TestCleanup
        (01:54:18.750) [Visual Studio Host (5816):TextEditorDocumentWindowTestExtension] Closing window 'EmptyWithoutSchema.json'.
        (01:54:19.733) [Visual Studio Host (5816):MainWindowService] Setting main window state to 'Maximized'.
        (01:54:20.114) [Visual Studio Host (5816):MainWindowService] Activating main window to bring it to the foreground.
        Warning: (01:54:20.459) [Platform:Microsoft.Test.Apex.Services.ScreenshotService] Exception occured when copying screenshot file from 'C:\TestBin\IntegrationTests\Failure.jpg' to 'C:\TestBin\IntegrationTests\TestResults\2018_04_16_23_55_50\Failure.jpg'.
        Warning: (01:54:20.459) [Platform:Microsoft.Test.Apex.Services.ScreenshotService] System.IO.IOException: The file 'C:\TestBin\IntegrationTests\TestResults\2018_04_16_23_55_50\Failure.jpg' already exists.
   at System.IO.__Error.WinIOError(Int32 errorCode, String maybeFullPath)
   at System.IO.File.InternalCopy(String sourceFileName, String destFileName, Boolean overwrite, Boolean checkHost)
   at System.IO.File.Copy(String sourceFileName, String destFileName, Boolean overwrite)
   at Microsoft.Test.Apex.Services.ScreenshotService.TakeOne(String categoryName, String fileNamePrefix, String repositoryPath) in F:\dd\src\omni\Apex\Framework\Services\Screenshot\ScreenshotService.cs:line 176
        (01:54:20.939) [Platform:ProcessCaptureService] Capturing screenshots for PID 5816 (devenv)
        Result file 'VSTest_JSON_Schema_Catalog-Failure-devenv.5816.png' added: file:///C:/TestBin/IntegrationTests/TestResults/2018_04_16_23_55_50/VSTest_JSON_Schema_Catalog-Failure-devenv.5816.png
        (01:54:21.578) [Platform:ProcessCaptureService] Bounding rectangle of HWND 0x170566 is size (0, 0), which cannot be captured.
        (01:54:21.775) [Platform:ProcessCaptureService] Bounding rectangle of HWND 0x2004E2 is size (0, 0), which cannot be captured.
    + Final Test Result Verification
        (01:54:22.425) [Platform:DelayedAssertionVerifierSink] Verification Success: 0 verification steps failed.
    + ApexTest TestCleanup</StdOut>
        <ErrorInfo>
          <Message>Test method Microsoft.VisualStudio.Web.Editors.IntegrationTests.JSON.Schema.Microsoft.VisualStudio.Web.Editors.IntegrationTests.JSON.Schema.SchemaCatalogTests.VSTest_JSON_Schema_Catalog threw exception. System.TimeoutException: Timed out after 00:00:05 waiting for bower should exist</Message>
          <StackTrace>   at Microsoft.Test.Apex.Services.Waiter.ThrowIfExpired(String waitCondition) in F:\dd\src\Omni\Common\WaitFor.cs:line 382
   at Microsoft.Test.Apex.Services.WaitFor.IsTrue(Func`1 predicate, TimeSpan timeout, Nullable`1 interval, String conditionDescription) in F:\dd\src\Omni\Common\WaitFor.cs:line 96
   at Microsoft.VisualStudio.Web.Editors.IntegrationTests.JSON.Schema.Microsoft.VisualStudio.Web.Editors.IntegrationTests.JSON.Schema.SchemaCatalogTests.VSTest_JSON_Schema_Catalog() in D:\dd\WTE\Main\test\Editors\IntegrationTests\JSON\Schema\SchemaCatalogTests.cs:line 43</StackTrace>
        </ErrorInfo>
      </Output>
      <ResultFiles>
        <ResultFile path="WNVM19648\Fail.22wpw0oka5fs.png" />
        <ResultFile path="WNVM19648\Fail.24wtv1jnawc3.png" />
        <ResultFile path="WNVM19648\Fail.2lws5epta1gw.png" />
        <ResultFile path="WNVM19648\Fail.33ju4eduay3u.png" />
        <ResultFile path="WNVM19648\Fail.3poblbx4alvv.png" />
        <ResultFile path="WNVM19648\Fail.4p531ykxaqdb.png" />
        <ResultFile path="WNVM19648\Fail.ashpv3rjajjr.png" />
        <ResultFile path="WNVM19648\Fail.aswak04hapa5.png" />
        <ResultFile path="WNVM19648\Fail.azqsczivabnm.png" />
        <ResultFile path="WNVM19648\Fail.byuslv5baqsd.png" />
        <ResultFile path="WNVM19648\Fail.ek4tb3wmalyl.png" />
        <ResultFile path="WNVM19648\Fail.ig2gsfz5ad1y.png" />
        <ResultFile path="WNVM19648\Fail.iymeazuqablz.png" />
        <ResultFile path="WNVM19648\Fail.jpga4adlarrf.png" />
        <ResultFile path="WNVM19648\Fail.kfb5og41ajlt.png" />
        <ResultFile path="WNVM19648\Fail.kxs1ersmaxma.png" />
        <ResultFile path="WNVM19648\Fail.lbyrcmqbastb.png" />
        <ResultFile path="WNVM19648\Fail.loc0xhl5a2hr.png" />
        <ResultFile path="WNVM19648\Fail.mazsob3aamsp.png" />
        <ResultFile path="WNVM19648\Fail.n13clx4iaowv.png" />
        <ResultFile path="WNVM19648\Fail.o4kkrjboasbk.png" />
        <ResultFile path="WNVM19648\Fail.o5zf0zepaw0l.png" />
        <ResultFile path="WNVM19648\Fail.pdo2mhdtanq2.png" />
        <ResultFile path="WNVM19648\Fail.pprwzak1ac5h.png" />
        <ResultFile path="WNVM19648\Fail.qagtqbftat3h.png" />
        <ResultFile path="WNVM19648\Fail.qbnuydioazjy.png" />
        <ResultFile path="WNVM19648\Fail.raasvsmeanc1.png" />
        <ResultFile path="WNVM19648\Fail.rymman3va50a.png" />
        <ResultFile path="WNVM19648\Fail.sidku4gxamg4.png" />
        <ResultFile path="WNVM19648\Fail.swwzdfhraz25.png" />
        <ResultFile path="WNVM19648\Fail.t4yj0fxuatil.png" />
        <ResultFile path="WNVM19648\Fail.vjqtiv2zaclz.png" />
        <ResultFile path="WNVM19648\Fail.z10rn0n5ajdm.png" />
        <ResultFile path="WNVM19648\Fail.z2gelfy0aa1q.png" />
        <ResultFile path="WNVM19648\Failure.jpg" />
        <ResultFile path="WNVM19648\OmniLog.html" />
        <ResultFile path="WNVM19648\OmniLogRawXml.xml" />
        <ResultFile path="WNVM19648\VSTest_BowerIntelliSenseTests_CaseSensitivity_Timedout.jpg" />
        <ResultFile path="WNVM19648\VSTest_BowerIntelliSenseTests_End_To_End_Timedout.jpg" />
        <ResultFile path="WNVM19648\VSTest_Generate_AttrModel_Methods_WAP_Code_Behind_CS_Timedout.jpg" />
        <ResultFile path="WNVM19648\VSTest_HitBreakpointAndEditInCSHtml_Timedout.jpg" />
        <ResultFile path="WNVM19648\VSTest_Html_Drag_Drop_JavascriptFile_Timedout.jpg" />
        <ResultFile path="WNVM19648\VSTest_JSON_AutoStructureWithExistingComma_Timedout.jpg" />
        <ResultFile path="WNVM19648\VSTest_JSON_Schema_Catalog-Failure-devenv.5816.png" />
        <ResultFile path="WNVM19648\VSTest_NPMIntelliSenseTests_End_To_End_Timedout.jpg" />
        <ResultFile path="WNVM19648\VSTest_NPM_Completion_ScopedPackage_Timedout.jpg" />
        <ResultFile path="WNVM19648\VSTest_NPM_NavigateToHomepage_Timedout.jpg" />
        <ResultFile path="WNVM19648\VSTest_Parser_PTagTest_Timedout.jpg" />
        <ResultFile path="WNVM19648\VSTest_Razor_TagHelpers_OptOut_Timedout.jpg" />
        <ResultFile path="WNVM19648\VSTest_Razor_TagHelpers_Update_CS_File_And_Build_Timedout.jpg" />
        <ResultFile path="WNVM19648\VSTest_Script_Completion_Top_Level_Timedout.jpg" />
        <ResultFile path="WNVM19648\VSTest_SmartIndentInJSInRazorV4_Timedout.jpg" />
      </ResultFiles>
    </UnitTestResult>
    <UnitTestResult executionId="b7c7f78c-5eb0-4e8c-bc55-4687256babe9" testId="075a0438-baea-d6a9-45f0-ab3560510654" testName="VSTest_Html_DropFromSolutionExplorer" computerName="WNVM19648" duration="00:00:03.6071108" startTime="2018-04-17T00:14:43.0822181-07:00" endTime="2018-04-17T00:14:46.6893289-07:00" testType="13cdc9d9-ddb5-4fa4-a97d-d965ccfc6d4b" outcome="Passed" testListId="8c84fa94-04c1-424b-9868-57a2d4851a1d" relativeResultsDirectory="b7c7f78c-5eb0-4e8c-bc55-4687256babe9">
      <Output>
        <StdOut>+ DragAndDropTests::VSTest_Html_DropFromSolutionExplorer
    + ApexTest TestInitialize
    + ExternalProcessHostTest TestInitialize
        (16:24.481) [Visual Studio Host (6956):RoamingSettingsService] Disabling roaming settings.
        (16:24.531) [Visual Studio Host (6956):SettingsService] Setting Visual Studio option 'Environment\RoamingSettings\RoamingEnabled' to 'False'.
        (16:25.175) [Visual Studio Host (6956):TextEditorDocumentWindowTestExtension] Showing window 'empty.html' without activating the window.
        (16:25.345) [Visual Studio Host (6956):TextEditorDocumentWindowTestExtension] Showing window 'empty.html'.
        (16:25.583) [Visual Studio Host (6956):VisualStudioTextEditorTestExtension] Setting keyboard focus to editor 'empty.html'.
        (16:25.646) [Visual Studio Host (6956):MainWindowService] Activating main window to bring it to the foreground.
        (16:26.047) [Visual Studio Host (6956):MainWindowService] Setting main window state to 'Maximized'.
    (16:26.307) [Visual Studio Host (6956):TextEditorDocumentWindowTestExtension] Showing window 'empty.html' without activating the window.
    (16:26.369) [Visual Studio Host (6956):TextEditorDocumentWindowTestExtension] Showing window 'empty.html'.
    (16:26.454) [Visual Studio Host (6956):TextEditorDocumentWindowTestExtension] Showing window 'empty.html' without activating the window.
    (16:26.508) [Visual Studio Host (6956):TextEditorDocumentWindowTestExtension] Showing window 'empty.html'.
    (16:26.580) [Visual Studio Host (6956):VisualStudioCaretTestExtension] Moving the caret from (Ln: 1, Ch: 46) to the end of the line
    (16:26.643) [Visual Studio Host (6956):VisualStudioTextEditorTestExtension] Setting keyboard focus to editor 'empty.html'.
    (16:26.704) [Visual Studio Host (6956):TextEditorDocumentWindowTestExtension] Showing window 'empty.html' without activating the window.
    (16:26.823) [Visual Studio Host (6956):TextEditorDocumentWindowTestExtension] Showing window 'empty.html'.
    (16:26.884) [Visual Studio Host (6956):VisualStudioTextEditingActions] Deleting to the beginning of line of the current caret position, position: '(Ln: 1, Ch: 46)', line: '1'
    (16:26.967) [Visual Studio Host (6956):TextEditorDocumentWindowTestExtension] Showing window 'empty.html' without activating the window.
    (16:27.013) [Visual Studio Host (6956):TextEditorDocumentWindowTestExtension] Showing window 'empty.html'.
    + ExternalProcessHostTest TestCleanup
        (16:27.123) [Visual Studio Host (6956):TextEditorDocumentWindowTestExtension] Closing window 'empty.html'.
        (16:27.301) [Platform:Testcase] Test 'VSTest_Html_DropFromSolutionExplorer' has 'Passed' outcome. Therefore, Apex will not shut down the 'Visual Studio Host (6956)' with process ID '6956'. A subsequent test scenario will run on the same instance of the host.
    + Final Test Result Verification
        (16:27.542) [Platform:DelayedAssertionVerifierSink] Verification Success: 0 verification steps failed.
    + ApexTest TestCleanup</StdOut>
      </Output>
      <ResultFiles>
        <ResultFile path="WNVM19648\Fail.azqsczivabnm.png" />
        <ResultFile path="WNVM19648\Fail.ig2gsfz5ad1y.png" />
        <ResultFile path="WNVM19648\Fail.o5zf0zepaw0l.png" />
        <ResultFile path="WNVM19648\OmniLog.html" />
        <ResultFile path="WNVM19648\OmniLogRawXml.xml" />
      </ResultFiles>
    </UnitTestResult>
    <UnitTestResult executionId="b406eeb5-8040-4f42-85c7-704e71c4b892" testId="6e226bf6-cba3-a7ff-f7d9-15f5af9e5e8b" testName="VSTest_SmartIndentInLessWithSmartIndent" computerName="WNVM19648" duration="00:00:04.3330066" startTime="2018-04-17T00:24:37.6206806-07:00" endTime="2018-04-17T00:24:41.9536872-07:00" testType="13cdc9d9-ddb5-4fa4-a97d-d965ccfc6d4b" outcome="Passed" testListId="8c84fa94-04c1-424b-9868-57a2d4851a1d" relativeResultsDirectory="b406eeb5-8040-4f42-85c7-704e71c4b892">
      <Output>
        <StdOut>+ SmartIndentTests::VSTest_SmartIndentInLessWithSmartIndent
    + ApexTest TestInitialize
    + ExternalProcessHostTest TestInitialize
        (26:19.008) [Visual Studio Host (11564):RoamingSettingsService] Disabling roaming settings.
        (26:19.066) [Visual Studio Host (11564):SettingsService] Setting Visual Studio option 'Environment\RoamingSettings\RoamingEnabled' to 'False'.
        (26:19.429) [Visual Studio Host (11564):TextEditorDocumentWindowTestExtension] Showing window 'SmartIndentInLESS.Less' without activating the window.
        (26:19.524) [Visual Studio Host (11564):TextEditorDocumentWindowTestExtension] Showing window 'SmartIndentInLESS.Less'.
        (26:19.603) [Visual Studio Host (11564):VisualStudioTextEditorTestExtension] Setting keyboard focus to editor 'SmartIndentInLESS.Less'.
        (26:19.673) [Visual Studio Host (11564):SettingsService] Getting value of Visual Studio Setting 'TextEditor\LESS\InsertTabs'. 
        (26:19.747) [Visual Studio Host (11564):SettingsService] Setting Visual Studio option 'TextEditor\LESS\InsertTabs' to 'False'.
        (26:19.806) [Visual Studio Host (11564):SettingsService] Getting value of Visual Studio Setting 'TextEditor\LESS\IndentSize'. 
        (26:19.862) [Visual Studio Host (11564):SettingsService] Setting Visual Studio option 'TextEditor\LESS\IndentSize' to '4'.
        (26:19.916) [Visual Studio Host (11564):SettingsService] Getting value of Visual Studio Setting 'TextEditor\LESS\TabSize'. 
        (26:19.971) [Visual Studio Host (11564):SettingsService] Setting Visual Studio option 'TextEditor\LESS\TabSize' to '4'.
        (26:20.021) [Visual Studio Host (11564):SettingsService] Getting value of Visual Studio Setting 'TextEditor\LESS\IndentStyle'. 
        (26:20.075) [Visual Studio Host (11564):SettingsService] Setting Visual Studio option 'TextEditor\LESS\IndentStyle' to '2'.
        (26:20.141) [Visual Studio Host (11564):MainWindowService] Activating main window to bring it to the foreground.
        (26:20.216) [Visual Studio Host (11564):MainWindowService] Setting main window state to 'Maximized'.
    (26:20.344) [Visual Studio Host (11564):TextEditorDocumentWindowTestExtension] Showing window 'SmartIndentInLESS.Less' without activating the window.
    (26:20.414) [Visual Studio Host (11564):TextEditorDocumentWindowTestExtension] Showing window 'SmartIndentInLESS.Less'.
    (26:20.490) [Visual Studio Host (11564):VisualStudioCaretTestExtension] Moving the caret from (Ln: 1, Ch: 1) to the beginning of the file
    (26:20.572) [Visual Studio Host (11564):VisualStudioTextEditorTestExtension] Setting keyboard focus to editor 'SmartIndentInLESS.Less'.
    (26:20.660) [Visual Studio Host (11564):TextEditorDocumentWindowTestExtension] Showing window 'SmartIndentInLESS.Less' without activating the window.
    (26:20.718) [Visual Studio Host (11564):TextEditorDocumentWindowTestExtension] Showing window 'SmartIndentInLESS.Less'.
    (26:20.788) [Visual Studio Host (11564):VisualStudioTextEditingActions] Inserting text combine CRLF as single return: 'body{' at the current caret position: '(Ln: 1, Ch: 1)'
    (26:21.040) [Visual Studio Host (11564):TextEditorDocumentWindowTestExtension] Showing window 'SmartIndentInLESS.Less' without activating the window.
    (26:21.107) [Visual Studio Host (11564):TextEditorDocumentWindowTestExtension] Showing window 'SmartIndentInLESS.Less'.
    (26:21.189) [Visual Studio Host (11564):KeyboardCommands] Sending the Return key 1 times.
    (26:21.267) [Visual Studio Host (11564):TextEditorDocumentWindowTestExtension] Showing window 'SmartIndentInLESS.Less' without activating the window.
    (26:21.336) [Visual Studio Host (11564):TextEditorDocumentWindowTestExtension] Showing window 'SmartIndentInLESS.Less'.
    (26:21.405) [Visual Studio Host (11564):VisualStudioTextEditingActions] Inserting text combine CRLF as single return: 'color:red;' at the current caret position: '(Ln: 2, Ch: 5)'
    (26:21.875) [Visual Studio Host (11564):TextEditorDocumentWindowTestExtension] Showing window 'SmartIndentInLESS.Less' without activating the window.
    (26:21.957) [Visual Studio Host (11564):TextEditorDocumentWindowTestExtension] Showing window 'SmartIndentInLESS.Less'.
    + ExternalProcessHostTest TestCleanup
        (26:22.120) [Visual Studio Host (11564):SettingsService] Setting Visual Studio option 'TextEditor\LESS\InsertTabs' to 'False'.
        (26:22.181) [Visual Studio Host (11564):SettingsService] Setting Visual Studio option 'TextEditor\LESS\IndentSize' to '4'.
        (26:22.236) [Visual Studio Host (11564):SettingsService] Setting Visual Studio option 'TextEditor\LESS\TabSize' to '4'.
        (26:22.308) [Visual Studio Host (11564):SettingsService] Setting Visual Studio option 'TextEditor\LESS\IndentStyle' to '2'.
        (26:22.365) [Visual Studio Host (11564):TextEditorDocumentWindowTestExtension] Closing window 'SmartIndentInLESS.Less'.
        (26:22.526) [Platform:Testcase] Test 'VSTest_SmartIndentInLessWithSmartIndent' has 'Passed' outcome. Therefore, Apex will not shut down the 'Visual Studio Host (11564)' with process ID '11564'. A subsequent test scenario will run on the same instance of the host.
    + Final Test Result Verification
        (26:22.769) [Platform:DelayedAssertionVerifierSink] Verification Success: 0 verification steps failed.
    + ApexTest TestCleanup</StdOut>
      </Output>
      <ResultFiles>
        <ResultFile path="WNVM19648\Fail.azqsczivabnm.png" />
        <ResultFile path="WNVM19648\Fail.ig2gsfz5ad1y.png" />
        <ResultFile path="WNVM19648\Fail.o5zf0zepaw0l.png" />
        <ResultFile path="WNVM19648\OmniLog.html" />
        <ResultFile path="WNVM19648\OmniLogRawXml.xml" />
      </ResultFiles>
    </UnitTestResult>
    <UnitTestResult executionId="f0082237-ca13-4de4-84e5-d2e8ebc6976f" testId="ad9c8ac5-1ee7-e376-2803-b82e348b2f90" testName="VSTest_JSON_AutoGeneration_WithoutSchema" computerName="WNVM19648" duration="00:00:52.9430733" startTime="2018-04-17T02:23:49.3167765-07:00" endTime="2018-04-17T02:24:42.2598498-07:00" testType="13cdc9d9-ddb5-4fa4-a97d-d965ccfc6d4b" outcome="Passed" testListId="8c84fa94-04c1-424b-9868-57a2d4851a1d" relativeResultsDirectory="f0082237-ca13-4de4-84e5-d2e8ebc6976f">
      <Output>
        <StdOut>+ AutoGenerationTests::VSTest_JSON_AutoGeneration_WithoutSchema
    + ApexTest TestInitialize
    + ExternalProcessHostTest TestInitialize
        (02:25:31.479) [Visual Studio Host (6688):RoamingSettingsService] Disabling roaming settings.
        (02:25:31.713) [Visual Studio Host (6688):SettingsService] Setting Visual Studio option 'Environment\RoamingSettings\RoamingEnabled' to 'False'.
        (02:25:33.792) [Visual Studio Host (6688):SolutionService] Opening solution file 'file:///C:/TestBin/IntegrationTests/MS.VS.Web.Editors/webs/misc.sln' with asynchronous load data available.  WaitForFullyLoadedOnOpen set to 'True'. Apex will wait for all async project loads to complete before proceeding.
            (02:25:34.008) [Visual Studio Host (6688):SolutionService] Solution load behavior is set to 'Realtime'.
        + Waiting for the solution to fully load.
        (02:26:01.282) [Visual Studio Host (6688):TextEditorDocumentWindowTestExtension] Showing window 'EmptyWithoutSchema.json' without activating the window.
        (02:26:01.652) [Visual Studio Host (6688):TextEditorDocumentWindowTestExtension] Showing window 'EmptyWithoutSchema.json'.
        (02:26:03.254) [Visual Studio Host (6688):VisualStudioTextEditorTestExtension] Setting keyboard focus to editor 'EmptyWithoutSchema.json'.
        (02:26:04.026) [Visual Studio Host (6688):MainWindowService] Activating main window to bring it to the foreground.
        (02:26:04.801) [Visual Studio Host (6688):MainWindowService] Setting main window state to 'Maximized'.
    (02:26:05.635) [Visual Studio Host (6688):TextEditorDocumentWindowTestExtension] Showing window 'EmptyWithoutSchema.json' without activating the window.
    (02:26:05.982) [Visual Studio Host (6688):TextEditorDocumentWindowTestExtension] Showing window 'EmptyWithoutSchema.json'.
    (02:26:06.284) [Visual Studio Host (6688):VisualStudioCaretTestExtension] Moving the caret from (Ln: 1, Ch: 1) to (Ln: 2, Ch: 3)
    + Verify colon and comma move the caret at the end of the property name/value
        (02:26:06.856) [Visual Studio Host (6688):TextEditorDocumentWindowTestExtension] Showing window 'EmptyWithoutSchema.json' without activating the window.
        (02:26:07.106) [Visual Studio Host (6688):TextEditorDocumentWindowTestExtension] Showing window 'EmptyWithoutSchema.json'.
        (02:26:08.025) [Visual Studio Host (6688):TextEditorDocumentWindowTestExtension] Showing window 'EmptyWithoutSchema.json' without activating the window.
        (02:26:08.252) [Visual Studio Host (6688):TextEditorDocumentWindowTestExtension] Showing window 'EmptyWithoutSchema.json'.
    + Verify neither colon nor comma move the caret in the middle of the property name/value
        (02:26:08.859) [Visual Studio Host (6688):TextEditorDocumentWindowTestExtension] Showing window 'EmptyWithoutSchema.json' without activating the window.
        (02:26:09.050) [Visual Studio Host (6688):TextEditorDocumentWindowTestExtension] Showing window 'EmptyWithoutSchema.json'.
        (02:26:09.262) [Visual Studio Host (6688):VisualStudioCaretTestExtension] Moving the caret to '' at (Ln: 2, Ch: 6) based on a regular expression.  Expression = "fo()o" [group index '1', match index '1', options 'Singleline, CultureInvariant']
        (02:26:09.491) [Visual Studio Host (6688):TextEditorDocumentWindowTestExtension] Showing window 'EmptyWithoutSchema.json' without activating the window.
        (02:26:09.690) [Visual Studio Host (6688):TextEditorDocumentWindowTestExtension] Showing window 'EmptyWithoutSchema.json'.
        (02:26:09.988) [Visual Studio Host (6688):TextEditorDocumentWindowTestExtension] Showing window 'EmptyWithoutSchema.json' without activating the window.
        (02:26:10.194) [Visual Studio Host (6688):TextEditorDocumentWindowTestExtension] Showing window 'EmptyWithoutSchema.json'.
        (02:26:10.399) [Visual Studio Host (6688):VisualStudioCaretTestExtension] Moving the caret to '' at (Ln: 2, Ch: 14) based on a regular expression.  Expression = "ba()r" [group index '1', match index '1', options 'Singleline, CultureInvariant']
        (02:26:10.609) [Visual Studio Host (6688):TextEditorDocumentWindowTestExtension] Showing window 'EmptyWithoutSchema.json' without activating the window.
        (02:26:10.812) [Visual Studio Host (6688):TextEditorDocumentWindowTestExtension] Showing window 'EmptyWithoutSchema.json'.
        (02:26:11.060) [Visual Studio Host (6688):TextEditorDocumentWindowTestExtension] Showing window 'EmptyWithoutSchema.json' without activating the window.
        (02:26:11.268) [Visual Studio Host (6688):TextEditorDocumentWindowTestExtension] Showing window 'EmptyWithoutSchema.json'.
    + Verify neither colon nor comma move the caret at the end of the property name/value if there is a following colon/comma
        (02:26:11.907) [Visual Studio Host (6688):TextEditorDocumentWindowTestExtension] Showing window 'EmptyWithoutSchema.json' without activating the window.
        (02:26:12.114) [Visual Studio Host (6688):TextEditorDocumentWindowTestExtension] Showing window 'EmptyWithoutSchema.json'.
        (02:26:12.330) [Visual Studio Host (6688):VisualStudioCaretTestExtension] Moving the caret to '' at (Ln: 2, Ch: 8) based on a regular expression.  Expression = "fo:o()" [group index '1', match index '1', options 'Singleline, CultureInvariant']
        (02:26:12.530) [Visual Studio Host (6688):TextEditorDocumentWindowTestExtension] Showing window 'EmptyWithoutSchema.json' without activating the window.
        (02:26:12.719) [Visual Studio Host (6688):TextEditorDocumentWindowTestExtension] Showing window 'EmptyWithoutSchema.json'.
        (02:26:12.967) [Visual Studio Host (6688):TextEditorDocumentWindowTestExtension] Showing window 'EmptyWithoutSchema.json' without activating the window.
        (02:26:13.189) [Visual Studio Host (6688):TextEditorDocumentWindowTestExtension] Showing window 'EmptyWithoutSchema.json'.
        (02:26:13.489) [Visual Studio Host (6688):VisualStudioCaretTestExtension] Moving the caret to '' at (Ln: 2, Ch: 17) based on a regular expression.  Expression = "ba,r()" [group index '1', match index '1', options 'Singleline, CultureInvariant']
        (02:26:13.722) [Visual Studio Host (6688):TextEditorDocumentWindowTestExtension] Showing window 'EmptyWithoutSchema.json' without activating the window.
        (02:26:13.915) [Visual Studio Host (6688):TextEditorDocumentWindowTestExtension] Showing window 'EmptyWithoutSchema.json'.
        (02:26:14.129) [Visual Studio Host (6688):TextEditorDocumentWindowTestExtension] Showing window 'EmptyWithoutSchema.json' without activating the window.
        (02:26:14.326) [Visual Studio Host (6688):TextEditorDocumentWindowTestExtension] Showing window 'EmptyWithoutSchema.json'.
    + verify typing a colon directly after the property name doesn't add any leading whitespace
        (02:26:14.917) [Visual Studio Host (6688):TextEditorDocumentWindowTestExtension] Showing window 'EmptyWithoutSchema.json' without activating the window.
        (02:26:15.108) [Visual Studio Host (6688):TextEditorDocumentWindowTestExtension] Showing window 'EmptyWithoutSchema.json'.
        (02:26:15.335) [Visual Studio Host (6688):VisualStudioCaretTestExtension] Moving the caret from (Ln: 2, Ch: 18) to the end of the line
        (02:26:15.504) [Visual Studio Host (6688):VisualStudioTextEditorTestExtension] Setting keyboard focus to editor 'EmptyWithoutSchema.json'.
        (02:26:15.681) [Visual Studio Host (6688):TextEditorDocumentWindowTestExtension] Showing window 'EmptyWithoutSchema.json' without activating the window.
        (02:26:15.899) [Visual Studio Host (6688):TextEditorDocumentWindowTestExtension] Showing window 'EmptyWithoutSchema.json'.
        (02:26:16.102) [Visual Studio Host (6688):TextEditorDocumentWindowTestExtension] Showing window 'EmptyWithoutSchema.json' without activating the window.
        (02:26:16.280) [Visual Studio Host (6688):TextEditorDocumentWindowTestExtension] Showing window 'EmptyWithoutSchema.json'.
        (02:26:16.516) [Visual Studio Host (6688):KeyboardCommands] Sending the Return key 1 times.
        (02:26:16.738) [Visual Studio Host (6688):TextEditorDocumentWindowTestExtension] Showing window 'EmptyWithoutSchema.json' without activating the window.
        (02:26:16.919) [Visual Studio Host (6688):TextEditorDocumentWindowTestExtension] Showing window 'EmptyWithoutSchema.json'.
        (02:26:17.387) [Visual Studio Host (6688):TextEditorDocumentWindowTestExtension] Showing window 'EmptyWithoutSchema.json' without activating the window.
        (02:26:17.565) [Visual Studio Host (6688):TextEditorDocumentWindowTestExtension] Showing window 'EmptyWithoutSchema.json'.
    + verify typing a colon after multiple whitespace after the property name doesn't remove any leading whitespace
        (02:26:18.095) [Visual Studio Host (6688):TextEditorDocumentWindowTestExtension] Showing window 'EmptyWithoutSchema.json' without activating the window.
        (02:26:18.282) [Visual Studio Host (6688):TextEditorDocumentWindowTestExtension] Showing window 'EmptyWithoutSchema.json'.
        (02:26:18.461) [Visual Studio Host (6688):VisualStudioCaretTestExtension] Moving the caret from (Ln: 3, Ch: 16) to the end of the line
        (02:26:18.618) [Visual Studio Host (6688):VisualStudioTextEditorTestExtension] Setting keyboard focus to editor 'EmptyWithoutSchema.json'.
        (02:26:18.810) [Visual Studio Host (6688):TextEditorDocumentWindowTestExtension] Showing window 'EmptyWithoutSchema.json' without activating the window.
        (02:26:19.020) [Visual Studio Host (6688):TextEditorDocumentWindowTestExtension] Showing window 'EmptyWithoutSchema.json'.
        (02:26:19.261) [Visual Studio Host (6688):KeyboardCommands] Sending the Return key 1 times.
        (02:26:19.547) [Visual Studio Host (6688):TextEditorDocumentWindowTestExtension] Showing window 'EmptyWithoutSchema.json' without activating the window.
        (02:26:19.763) [Visual Studio Host (6688):TextEditorDocumentWindowTestExtension] Showing window 'EmptyWithoutSchema.json'.
        (02:26:20.343) [Visual Studio Host (6688):TextEditorDocumentWindowTestExtension] Showing window 'EmptyWithoutSchema.json' without activating the window.
        (02:26:20.527) [Visual Studio Host (6688):TextEditorDocumentWindowTestExtension] Showing window 'EmptyWithoutSchema.json'.
    + ExternalProcessHostTest TestCleanup
        (02:26:21.166) [Visual Studio Host (6688):TextEditorDocumentWindowTestExtension] Closing window 'EmptyWithoutSchema.json'.
        (02:26:21.801) [Platform:Testcase] Test 'VSTest_JSON_AutoGeneration_WithoutSchema' has 'Passed' outcome. Therefore, Apex will not shut down the 'Visual Studio Host (6688)' with process ID '6688'. A subsequent test scenario will run on the same instance of the host.
    + Final Test Result Verification
        (02:26:22.487) [Platform:DelayedAssertionVerifierSink] Verification Success: 0 verification steps failed.
    + ApexTest TestCleanup</StdOut>
      </Output>
      <ResultFiles>
        <ResultFile path="WNVM19648\Fail.1naitrosadk5.png" />
        <ResultFile path="WNVM19648\Fail.22wpw0oka5fs.png" />
        <ResultFile path="WNVM19648\Fail.24wtv1jnawc3.png" />
        <ResultFile path="WNVM19648\Fail.2dvw33g3abcx.png" />
        <ResultFile path="WNVM19648\Fail.2lws5epta1gw.png" />
        <ResultFile path="WNVM19648\Fail.2osatv43agzz.png" />
        <ResultFile path="WNVM19648\Fail.33ju4eduay3u.png" />
        <ResultFile path="WNVM19648\Fail.3poblbx4alvv.png" />
        <ResultFile path="WNVM19648\Fail.4p531ykxaqdb.png" />
        <ResultFile path="WNVM19648\Fail.5ckvvlpiahzj.png" />
        <ResultFile path="WNVM19648\Fail.5erbsz3aa4ay.png" />
        <ResultFile path="WNVM19648\Fail.ashpv3rjajjr.png" />
        <ResultFile path="WNVM19648\Fail.aswak04hapa5.png" />
        <ResultFile path="WNVM19648\Fail.azqsczivabnm.png" />
        <ResultFile path="WNVM19648\Fail.byuslv5baqsd.png" />
        <ResultFile path="WNVM19648\Fail.bz134qwyax2e.png" />
        <ResultFile path="WNVM19648\Fail.cwkly5opaa5x.png" />
        <ResultFile path="WNVM19648\Fail.czhshhzmawco.png" />
        <ResultFile path="WNVM19648\Fail.ek4tb3wmalyl.png" />
        <ResultFile path="WNVM19648\Fail.fdtmbjciavfs.png" />
        <ResultFile path="WNVM19648\Fail.hxi2cahnapy2.png" />
        <ResultFile path="WNVM19648\Fail.ig2gsfz5ad1y.png" />
        <ResultFile path="WNVM19648\Fail.iwqb3wycasom.png" />
        <ResultFile path="WNVM19648\Fail.iymeazuqablz.png" />
        <ResultFile path="WNVM19648\Fail.jpga4adlarrf.png" />
        <ResultFile path="WNVM19648\Fail.k12p4vaeagac.png" />
        <ResultFile path="WNVM19648\Fail.kfb5og41ajlt.png" />
        <ResultFile path="WNVM19648\Fail.kp4fcfcpa5bw.png" />
        <ResultFile path="WNVM19648\Fail.kxs1ersmaxma.png" />
        <ResultFile path="WNVM19648\Fail.lbyrcmqbastb.png" />
        <ResultFile path="WNVM19648\Fail.loc0xhl5a2hr.png" />
        <ResultFile path="WNVM19648\Fail.lthgvalfaxfr.png" />
        <ResultFile path="WNVM19648\Fail.mazsob3aamsp.png" />
        <ResultFile path="WNVM19648\Fail.n13clx4iaowv.png" />
        <ResultFile path="WNVM19648\Fail.n3c2bmltan5e.png" />
        <ResultFile path="WNVM19648\Fail.o4kkrjboasbk.png" />
        <ResultFile path="WNVM19648\Fail.o5zf0zepaw0l.png" />
        <ResultFile path="WNVM19648\Fail.pdo2mhdtanq2.png" />
        <ResultFile path="WNVM19648\Fail.pprwzak1ac5h.png" />
        <ResultFile path="WNVM19648\Fail.qagtqbftat3h.png" />
        <ResultFile path="WNVM19648\Fail.qbnuydioazjy.png" />
        <ResultFile path="WNVM19648\Fail.raasvsmeanc1.png" />
        <ResultFile path="WNVM19648\Fail.rymman3va50a.png" />
        <ResultFile path="WNVM19648\Fail.sidku4gxamg4.png" />
        <ResultFile path="WNVM19648\Fail.swwzdfhraz25.png" />
        <ResultFile path="WNVM19648\Fail.t4yj0fxuatil.png" />
        <ResultFile path="WNVM19648\Fail.v0ywfcwsa23p.png" />
        <ResultFile path="WNVM19648\Fail.vjqtiv2zaclz.png" />
        <ResultFile path="WNVM19648\Fail.wiz4mofdavag.png" />
        <ResultFile path="WNVM19648\Fail.xasrdkzvaogc.png" />
        <ResultFile path="WNVM19648\Fail.yd3ferxiaq1c.png" />
        <ResultFile path="WNVM19648\Fail.z10rn0n5ajdm.png" />
        <ResultFile path="WNVM19648\Fail.z2gelfy0aa1q.png" />
        <ResultFile path="WNVM19648\Fail.zpuouf2fa0ib.png" />
        <ResultFile path="WNVM19648\OmniLog.html" />
        <ResultFile path="WNVM19648\OmniLogRawXml.xml" />
      </ResultFiles>
    </UnitTestResult>
    <UnitTestResult executionId="78bb8eb3-e87c-4d5e-a8ea-8e86fc3b5e0e" testId="36a4daa1-c13f-3a52-c823-01cf417bcf4d" testName="VSTest_CSS_CompletionWhileTyping" computerName="WNVM19648" duration="00:00:20.0902403" startTime="2018-04-17T00:30:27.0883782-07:00" endTime="2018-04-17T00:30:47.1786185-07:00" testType="13cdc9d9-ddb5-4fa4-a97d-d965ccfc6d4b" outcome="Passed" testListId="8c84fa94-04c1-424b-9868-57a2d4851a1d" relativeResultsDirectory="78bb8eb3-e87c-4d5e-a8ea-8e86fc3b5e0e">
      <Output>
        <StdOut>+ CssCompletionTests::VSTest_CSS_CompletionWhileTyping
    + ApexTest TestInitialize
    + ExternalProcessHostTest TestInitialize
        (32:08.457) [Visual Studio Host (11564):RoamingSettingsService] Disabling roaming settings.
        (32:08.537) [Visual Studio Host (11564):SettingsService] Setting Visual Studio option 'Environment\RoamingSettings\RoamingEnabled' to 'False'.
        (32:08.836) [Visual Studio Host (11564):TextEditorDocumentWindowTestExtension] Showing window 'empty.css' without activating the window.
        (32:08.926) [Visual Studio Host (11564):TextEditorDocumentWindowTestExtension] Showing window 'empty.css'.
        (32:09.021) [Visual Studio Host (11564):VisualStudioTextEditorTestExtension] Setting keyboard focus to editor 'empty.css'.
        (32:09.095) [Visual Studio Host (11564):SettingsService] Getting value of Visual Studio Setting 'TextEditor\CSS Specific\AutoFormat'. 
        (32:09.176) [Visual Studio Host (11564):SettingsService] Setting Visual Studio option 'TextEditor\CSS Specific\AutoFormat' to 'False'.
        (32:09.256) [Visual Studio Host (11564):MainWindowService] Activating main window to bring it to the foreground.
        (32:09.351) [Visual Studio Host (11564):MainWindowService] Setting main window state to 'Maximized'.
    (32:09.545) [Visual Studio Host (11564):TextEditorDocumentWindowTestExtension] Showing window 'empty.css' without activating the window.
    (32:09.645) [Visual Studio Host (11564):TextEditorDocumentWindowTestExtension] Showing window 'empty.css'.
    (32:09.735) [Visual Studio Host (11564):VisualStudioSelectionTestExtension] Selects all text in the editor.
    (32:09.801) [Visual Studio Host (11564):KeyboardCommands] Sending the Delete key 1 times.
    (32:09.885) [Visual Studio Host (11564):TextEditorDocumentWindowTestExtension] Showing window 'empty.css' without activating the window.
    (32:09.980) [Visual Studio Host (11564):TextEditorDocumentWindowTestExtension] Showing window 'empty.css'.
    (32:10.194) [Visual Studio Host (11564):TextEditorDocumentWindowTestExtension] Showing window 'empty.css' without activating the window.
    (32:10.336) [Visual Studio Host (11564):TextEditorDocumentWindowTestExtension] Showing window 'empty.css'.
    VerificationPass: (32:10.448) [Visual Studio Host (11564):CaretVerifier] Verification passed: The current line text is 'body:first-letter::first-letter.class{}'; the expected text is 'body:first-letter::first-letter.class{}'; trim = 'True'; &lt;ComparisonType: OrdinalIgnoreCase&gt;
    (32:10.522) [Visual Studio Host (11564):TextEditorDocumentWindowTestExtension] Showing window 'empty.css' without activating the window.
    (32:10.607) [Visual Studio Host (11564):TextEditorDocumentWindowTestExtension] Showing window 'empty.css'.
    (32:10.697) [Visual Studio Host (11564):VisualStudioSelectionTestExtension] Selects all text in the editor.
    (32:10.782) [Visual Studio Host (11564):KeyboardCommands] Sending the Delete key 1 times.
    (32:10.852) [Visual Studio Host (11564):TextEditorDocumentWindowTestExtension] Showing window 'empty.css' without activating the window.
    (32:10.927) [Visual Studio Host (11564):TextEditorDocumentWindowTestExtension] Showing window 'empty.css'.
    (32:11.169) [Visual Studio Host (11564):TextEditorDocumentWindowTestExtension] Showing window 'empty.css' without activating the window.
    (32:11.232) [Visual Studio Host (11564):TextEditorDocumentWindowTestExtension] Showing window 'empty.css'.
    VerificationPass: (32:11.322) [Visual Studio Host (11564):CaretVerifier] Verification passed: The current line text is 'body::after(3.14159)::after("3.14159"){}'; the expected text is 'body::after(3.14159)::after("3.14159"){}'; trim = 'True'; &lt;ComparisonType: OrdinalIgnoreCase&gt;
    (32:11.382) [Visual Studio Host (11564):TextEditorDocumentWindowTestExtension] Showing window 'empty.css' without activating the window.
    (32:11.467) [Visual Studio Host (11564):TextEditorDocumentWindowTestExtension] Showing window 'empty.css'.
    (32:11.557) [Visual Studio Host (11564):VisualStudioSelectionTestExtension] Selects all text in the editor.
    (32:11.613) [Visual Studio Host (11564):KeyboardCommands] Sending the Delete key 1 times.
    (32:11.676) [Visual Studio Host (11564):TextEditorDocumentWindowTestExtension] Showing window 'empty.css' without activating the window.
    (32:11.729) [Visual Studio Host (11564):TextEditorDocumentWindowTestExtension] Showing window 'empty.css'.
    (32:11.902) [Visual Studio Host (11564):TextEditorDocumentWindowTestExtension] Showing window 'empty.css' without activating the window.
    (32:11.972) [Visual Studio Host (11564):TextEditorDocumentWindowTestExtension] Showing window 'empty.css'.
    VerificationPass: (32:12.060) [Visual Studio Host (11564):CaretVerifier] Verification passed: The current line text is 'body::-ms-thumb:-moz-any-link#id{}'; the expected text is 'body::-ms-thumb:-moz-any-link#id{}'; trim = 'True'; &lt;ComparisonType: OrdinalIgnoreCase&gt;
    (32:12.117) [Visual Studio Host (11564):TextEditorDocumentWindowTestExtension] Showing window 'empty.css' without activating the window.
    (32:12.173) [Visual Studio Host (11564):TextEditorDocumentWindowTestExtension] Showing window 'empty.css'.
    (32:12.239) [Visual Studio Host (11564):VisualStudioSelectionTestExtension] Selects all text in the editor.
    (32:12.332) [Visual Studio Host (11564):KeyboardCommands] Sending the Delete key 1 times.
    (32:12.424) [Visual Studio Host (11564):TextEditorDocumentWindowTestExtension] Showing window 'empty.css' without activating the window.
    (32:12.497) [Visual Studio Host (11564):TextEditorDocumentWindowTestExtension] Showing window 'empty.css'.
    (32:12.676) [Visual Studio Host (11564):TextEditorDocumentWindowTestExtension] Showing window 'empty.css' without activating the window.
    (32:12.899) [Visual Studio Host (11564):TextEditorDocumentWindowTestExtension] Showing window 'empty.css'.
    (32:13.002) [Visual Studio Host (11564):KeyboardCommands] Sending '1' tabs.
    (32:13.153) [Visual Studio Host (11564):TextEditorDocumentWindowTestExtension] Showing window 'empty.css' without activating the window.
    (32:13.237) [Visual Studio Host (11564):TextEditorDocumentWindowTestExtension] Showing window 'empty.css'.
    (32:13.355) [Visual Studio Host (11564):TextEditorDocumentWindowTestExtension] Showing window 'empty.css' without activating the window.
    (32:13.441) [Visual Studio Host (11564):TextEditorDocumentWindowTestExtension] Showing window 'empty.css'.
    (32:13.526) [Visual Studio Host (11564):KeyboardCommands] Sending '1' tabs.
    (32:13.617) [Visual Studio Host (11564):TextEditorDocumentWindowTestExtension] Showing window 'empty.css' without activating the window.
    (32:13.674) [Visual Studio Host (11564):TextEditorDocumentWindowTestExtension] Showing window 'empty.css'.
    (32:13.780) [Visual Studio Host (11564):TextEditorDocumentWindowTestExtension] Showing window 'empty.css' without activating the window.
    (32:13.842) [Visual Studio Host (11564):TextEditorDocumentWindowTestExtension] Showing window 'empty.css'.
    VerificationPass: (32:13.916) [Visual Studio Host (11564):CaretVerifier] Verification passed: The current line text is 'body { order: inherit; }'; the expected text is 'body { order: inherit; }'; trim = 'True'; &lt;ComparisonType: OrdinalIgnoreCase&gt;
    (32:13.995) [Visual Studio Host (11564):TextEditorDocumentWindowTestExtension] Showing window 'empty.css' without activating the window.
    (32:14.074) [Visual Studio Host (11564):TextEditorDocumentWindowTestExtension] Showing window 'empty.css'.
    (32:14.140) [Visual Studio Host (11564):VisualStudioSelectionTestExtension] Selects all text in the editor.
    (32:14.197) [Visual Studio Host (11564):KeyboardCommands] Sending the Delete key 1 times.
    (32:14.265) [Visual Studio Host (11564):TextEditorDocumentWindowTestExtension] Showing window 'empty.css' without activating the window.
    (32:14.329) [Visual Studio Host (11564):TextEditorDocumentWindowTestExtension] Showing window 'empty.css'.
    (32:14.480) [Visual Studio Host (11564):TextEditorDocumentWindowTestExtension] Showing window 'empty.css' without activating the window.
    (32:14.567) [Visual Studio Host (11564):TextEditorDocumentWindowTestExtension] Showing window 'empty.css'.
    (32:14.655) [Visual Studio Host (11564):KeyboardCommands] Sending '1' tabs.
    (32:14.747) [Visual Studio Host (11564):TextEditorDocumentWindowTestExtension] Showing window 'empty.css' without activating the window.
    (32:14.810) [Visual Studio Host (11564):TextEditorDocumentWindowTestExtension] Showing window 'empty.css'.
    (32:14.937) [Visual Studio Host (11564):TextEditorDocumentWindowTestExtension] Showing window 'empty.css' without activating the window.
    (32:15.032) [Visual Studio Host (11564):TextEditorDocumentWindowTestExtension] Showing window 'empty.css'.
    (32:15.109) [Visual Studio Host (11564):KeyboardCommands] Sending '1' tabs.
    (32:15.234) [Visual Studio Host (11564):TextEditorDocumentWindowTestExtension] Showing window 'empty.css' without activating the window.
    (32:15.305) [Visual Studio Host (11564):TextEditorDocumentWindowTestExtension] Showing window 'empty.css'.
    (32:15.403) [Visual Studio Host (11564):TextEditorDocumentWindowTestExtension] Showing window 'empty.css' without activating the window.
    (32:15.472) [Visual Studio Host (11564):TextEditorDocumentWindowTestExtension] Showing window 'empty.css'.
    VerificationPass: (32:15.548) [Visual Studio Host (11564):CaretVerifier] Verification passed: The current line text is 'body { order: inherit; }'; the expected text is 'body { order: inherit; }'; trim = 'True'; &lt;ComparisonType: OrdinalIgnoreCase&gt;
    (32:15.614) [Visual Studio Host (11564):TextEditorDocumentWindowTestExtension] Showing window 'empty.css' without activating the window.
    (32:15.711) [Visual Studio Host (11564):TextEditorDocumentWindowTestExtension] Showing window 'empty.css'.
    (32:15.800) [Visual Studio Host (11564):VisualStudioSelectionTestExtension] Selects all text in the editor.
    (32:15.863) [Visual Studio Host (11564):KeyboardCommands] Sending the Delete key 1 times.
    (32:15.949) [Visual Studio Host (11564):TextEditorDocumentWindowTestExtension] Showing window 'empty.css' without activating the window.
    (32:16.046) [Visual Studio Host (11564):TextEditorDocumentWindowTestExtension] Showing window 'empty.css'.
    (32:16.211) [Visual Studio Host (11564):TextEditorDocumentWindowTestExtension] Showing window 'empty.css' without activating the window.
    (32:16.328) [Visual Studio Host (11564):TextEditorDocumentWindowTestExtension] Showing window 'empty.css'.
    (32:16.418) [Visual Studio Host (11564):KeyboardCommands] Sending the Return key 1 times.
    (32:16.552) [Visual Studio Host (11564):TextEditorDocumentWindowTestExtension] Showing window 'empty.css' without activating the window.
    (32:16.615) [Visual Studio Host (11564):TextEditorDocumentWindowTestExtension] Showing window 'empty.css'.
    VerificationPass: (32:16.688) [Visual Studio Host (11564):CaretVerifier] Verification passed: The current line text is 'body { orz}'; the expected text is 'body { orz}'; trim = 'True'; &lt;ComparisonType: OrdinalIgnoreCase&gt;
    (32:16.763) [Visual Studio Host (11564):TextEditorDocumentWindowTestExtension] Showing window 'empty.css' without activating the window.
    (32:16.827) [Visual Studio Host (11564):TextEditorDocumentWindowTestExtension] Showing window 'empty.css'.
    (32:16.906) [Visual Studio Host (11564):VisualStudioSelectionTestExtension] Selects all text in the editor.
    (32:16.972) [Visual Studio Host (11564):KeyboardCommands] Sending the Delete key 1 times.
    (32:17.070) [Visual Studio Host (11564):TextEditorDocumentWindowTestExtension] Showing window 'empty.css' without activating the window.
    (32:17.169) [Visual Studio Host (11564):TextEditorDocumentWindowTestExtension] Showing window 'empty.css'.
    (32:17.351) [Visual Studio Host (11564):TextEditorDocumentWindowTestExtension] Showing window 'empty.css' without activating the window.
    (32:17.465) [Visual Studio Host (11564):TextEditorDocumentWindowTestExtension] Showing window 'empty.css'.
    (32:17.584) [Visual Studio Host (11564):KeyboardCommands] Sending the Return key 1 times.
    (32:17.687) [Visual Studio Host (11564):TextEditorDocumentWindowTestExtension] Showing window 'empty.css' without activating the window.
    (32:17.757) [Visual Studio Host (11564):TextEditorDocumentWindowTestExtension] Showing window 'empty.css'.
    VerificationPass: (32:17.855) [Visual Studio Host (11564):CaretVerifier] Verification passed: The current line text is 'body { order}'; the expected text is 'body { order}'; trim = 'True'; &lt;ComparisonType: OrdinalIgnoreCase&gt;
    (32:17.942) [Visual Studio Host (11564):TextEditorDocumentWindowTestExtension] Showing window 'empty.css' without activating the window.
    (32:18.008) [Visual Studio Host (11564):TextEditorDocumentWindowTestExtension] Showing window 'empty.css'.
    (32:18.090) [Visual Studio Host (11564):VisualStudioSelectionTestExtension] Selects all text in the editor.
    (32:18.173) [Visual Studio Host (11564):KeyboardCommands] Sending the Delete key 1 times.
    (32:18.240) [Visual Studio Host (11564):TextEditorDocumentWindowTestExtension] Showing window 'empty.css' without activating the window.
    (32:18.335) [Visual Studio Host (11564):TextEditorDocumentWindowTestExtension] Showing window 'empty.css'.
    (32:18.520) [Visual Studio Host (11564):TextEditorDocumentWindowTestExtension] Showing window 'empty.css' without activating the window.
    (32:18.606) [Visual Studio Host (11564):TextEditorDocumentWindowTestExtension] Showing window 'empty.css'.
    VerificationPass: (32:18.721) [Visual Studio Host (11564):CaretVerifier] Verification passed: The current line text is 'body { orz ; order }'; the expected text is 'body { orz ; order }'; trim = 'True'; &lt;ComparisonType: OrdinalIgnoreCase&gt;
    (32:18.806) [Visual Studio Host (11564):TextEditorDocumentWindowTestExtension] Showing window 'empty.css' without activating the window.
    (32:18.872) [Visual Studio Host (11564):TextEditorDocumentWindowTestExtension] Showing window 'empty.css'.
    (32:18.942) [Visual Studio Host (11564):VisualStudioSelectionTestExtension] Selects all text in the editor.
    (32:19.011) [Visual Studio Host (11564):KeyboardCommands] Sending the Delete key 1 times.
    (32:19.096) [Visual Studio Host (11564):TextEditorDocumentWindowTestExtension] Showing window 'empty.css' without activating the window.
    (32:19.172) [Visual Studio Host (11564):TextEditorDocumentWindowTestExtension] Showing window 'empty.css'.
    (32:19.351) [Visual Studio Host (11564):TextEditorDocumentWindowTestExtension] Showing window 'empty.css' without activating the window.
    (32:19.463) [Visual Studio Host (11564):TextEditorDocumentWindowTestExtension] Showing window 'empty.css'.
    (32:19.532) [Visual Studio Host (11564):KeyboardCommands] Sending the Escape key 1 times.
    (32:19.643) [Visual Studio Host (11564):TextEditorDocumentWindowTestExtension] Showing window 'empty.css' without activating the window.
    (32:19.703) [Visual Studio Host (11564):TextEditorDocumentWindowTestExtension] Showing window 'empty.css'.
    (32:19.811) [Visual Studio Host (11564):TextEditorDocumentWindowTestExtension] Showing window 'empty.css' without activating the window.
    (32:19.872) [Visual Studio Host (11564):TextEditorDocumentWindowTestExtension] Showing window 'empty.css'.
    (32:19.947) [Visual Studio Host (11564):KeyboardCommands] Sending the Left key 1 times.
    (32:20.012) [Visual Studio Host (11564):TextEditorDocumentWindowTestExtension] Showing window 'empty.css' without activating the window.
    (32:20.086) [Visual Studio Host (11564):TextEditorDocumentWindowTestExtension] Showing window 'empty.css'.
    (32:20.172) [Visual Studio Host (11564):TextEditorDocumentWindowTestExtension] Showing window 'empty.css' without activating the window.
    (32:20.263) [Visual Studio Host (11564):TextEditorDocumentWindowTestExtension] Showing window 'empty.css'.
    (32:20.325) [Visual Studio Host (11564):KeyboardCommands] Sending '1' tabs.
    (32:20.451) [Visual Studio Host (11564):TextEditorDocumentWindowTestExtension] Showing window 'empty.css' without activating the window.
    (32:20.535) [Visual Studio Host (11564):TextEditorDocumentWindowTestExtension] Showing window 'empty.css'.
    (32:20.691) [Visual Studio Host (11564):TextEditorDocumentWindowTestExtension] Showing window 'empty.css' without activating the window.
    (32:20.760) [Visual Studio Host (11564):TextEditorDocumentWindowTestExtension] Showing window 'empty.css'.
    VerificationPass: (32:20.865) [Visual Studio Host (11564):CaretVerifier] Verification passed: The current line text is 'body { background-origin : border-box }'; the expected text is 'body { background-origin : border-box }'; trim = 'True'; &lt;ComparisonType: OrdinalIgnoreCase&gt;
    (32:20.966) [Visual Studio Host (11564):TextEditorDocumentWindowTestExtension] Showing window 'empty.css' without activating the window.
    (32:21.059) [Visual Studio Host (11564):TextEditorDocumentWindowTestExtension] Showing window 'empty.css'.
    (32:21.149) [Visual Studio Host (11564):VisualStudioSelectionTestExtension] Selects all text in the editor.
    (32:21.210) [Visual Studio Host (11564):KeyboardCommands] Sending the Delete key 1 times.
    (32:21.296) [Visual Studio Host (11564):TextEditorDocumentWindowTestExtension] Showing window 'empty.css' without activating the window.
    (32:21.358) [Visual Studio Host (11564):TextEditorDocumentWindowTestExtension] Showing window 'empty.css'.
    (32:21.504) [Visual Studio Host (11564):TextEditorDocumentWindowTestExtension] Showing window 'empty.css' without activating the window.
    (32:21.580) [Visual Studio Host (11564):TextEditorDocumentWindowTestExtension] Showing window 'empty.css'.
    (32:21.695) [Visual Studio Host (11564):KeyboardCommands] Sending '1' tabs.
    (32:21.791) [Visual Studio Host (11564):TextEditorDocumentWindowTestExtension] Showing window 'empty.css' without activating the window.
    (32:21.864) [Visual Studio Host (11564):TextEditorDocumentWindowTestExtension] Showing window 'empty.css'.
    (32:21.938) [Visual Studio Host (11564):KeyboardCommands] Sending '1' spaces.
    (32:22.010) [Visual Studio Host (11564):TextEditorDocumentWindowTestExtension] Showing window 'empty.css' without activating the window.
    (32:22.071) [Visual Studio Host (11564):TextEditorDocumentWindowTestExtension] Showing window 'empty.css'.
    (32:22.159) [Visual Studio Host (11564):VisualStudioIntellisenseService] Did not find an active completion session. Please use Verify.IsCompletionListPresent() to make sure that the list is present before requesting the completion session.
    Warning: (32:22.226) [Visual Studio Host (11564):VisualStudioIntellisenseService] No active completion sessions were found for editor 'empty.css'.
    VerificationPass: (32:22.285) [Visual Studio Host (11564):VisualStudioIntellisenseVerifier] Verification passed: Completion list is not present within a timeout of 00:00:10.
    (32:22.349) [Visual Studio Host (11564):TextEditorDocumentWindowTestExtension] Showing window 'empty.css' without activating the window.
    (32:22.403) [Visual Studio Host (11564):TextEditorDocumentWindowTestExtension] Showing window 'empty.css'.
    VerificationPass: (32:22.470) [Visual Studio Host (11564):CaretVerifier] Verification passed: The current line text is 'body { background-origi}'; the expected text is 'body { background-origi}'; trim = 'True'; &lt;ComparisonType: OrdinalIgnoreCase&gt;
    (32:22.538) [Visual Studio Host (11564):TextEditorDocumentWindowTestExtension] Showing window 'empty.css' without activating the window.
    (32:22.613) [Visual Studio Host (11564):TextEditorDocumentWindowTestExtension] Showing window 'empty.css'.
    (32:22.679) [Visual Studio Host (11564):VisualStudioSelectionTestExtension] Selects all text in the editor.
    (32:22.748) [Visual Studio Host (11564):KeyboardCommands] Sending the Delete key 1 times.
    (32:22.828) [Visual Studio Host (11564):TextEditorDocumentWindowTestExtension] Showing window 'empty.css' without activating the window.
    (32:22.903) [Visual Studio Host (11564):TextEditorDocumentWindowTestExtension] Showing window 'empty.css'.
    (32:23.062) [Visual Studio Host (11564):TextEditorDocumentWindowTestExtension] Showing window 'empty.css' without activating the window.
    (32:23.139) [Visual Studio Host (11564):TextEditorDocumentWindowTestExtension] Showing window 'empty.css'.
    (32:23.237) [Visual Studio Host (11564):KeyboardCommands] Sending the Escape key 1 times.
    (32:23.310) [Visual Studio Host (11564):TextEditorDocumentWindowTestExtension] Showing window 'empty.css' without activating the window.
    (32:23.367) [Visual Studio Host (11564):TextEditorDocumentWindowTestExtension] Showing window 'empty.css'.
    (32:23.440) [Visual Studio Host (11564):VisualStudioIntellisenseService] Invoking complete word at '(Ln: 1, Ch: 20)'.
    (32:23.537) [Visual Studio Host (11564):TextEditorDocumentWindowTestExtension] Showing window 'empty.css' without activating the window.
    (32:23.684) [Visual Studio Host (11564):TextEditorDocumentWindowTestExtension] Showing window 'empty.css'.
    (32:23.794) [Visual Studio Host (11564):KeyboardCommands] Sending '1' tabs.
    (32:23.881) [Visual Studio Host (11564):TextEditorDocumentWindowTestExtension] Showing window 'empty.css' without activating the window.
    (32:23.940) [Visual Studio Host (11564):TextEditorDocumentWindowTestExtension] Showing window 'empty.css'.
    (32:24.039) [Visual Studio Host (11564):TextEditorDocumentWindowTestExtension] Showing window 'empty.css' without activating the window.
    (32:24.126) [Visual Studio Host (11564):TextEditorDocumentWindowTestExtension] Showing window 'empty.css'.
    (32:24.200) [Visual Studio Host (11564):KeyboardCommands] Sending '1' tabs.
    (32:24.297) [Visual Studio Host (11564):TextEditorDocumentWindowTestExtension] Showing window 'empty.css' without activating the window.
    (32:24.356) [Visual Studio Host (11564):TextEditorDocumentWindowTestExtension] Showing window 'empty.css'.
    VerificationPass: (32:24.422) [Visual Studio Host (11564):CaretVerifier] Verification passed: The current line text is 'body { -webkit-transform-origin-x:inherit}'; the expected text is 'body { -webkit-transform-origin-x:inherit}'; trim = 'True'; &lt;ComparisonType: OrdinalIgnoreCase&gt;
    (32:24.484) [Visual Studio Host (11564):TextEditorDocumentWindowTestExtension] Showing window 'empty.css' without activating the window.
    (32:24.545) [Visual Studio Host (11564):TextEditorDocumentWindowTestExtension] Showing window 'empty.css'.
    (32:24.611) [Visual Studio Host (11564):VisualStudioSelectionTestExtension] Selects all text in the editor.
    (32:24.680) [Visual Studio Host (11564):KeyboardCommands] Sending the Delete key 1 times.
    (32:24.748) [Visual Studio Host (11564):TextEditorDocumentWindowTestExtension] Showing window 'empty.css' without activating the window.
    (32:24.808) [Visual Studio Host (11564):TextEditorDocumentWindowTestExtension] Showing window 'empty.css'.
    (32:25.056) [Visual Studio Host (11564):TextEditorDocumentWindowTestExtension] Showing window 'empty.css' without activating the window.
    (32:25.132) [Visual Studio Host (11564):TextEditorDocumentWindowTestExtension] Showing window 'empty.css'.
    (32:25.254) [Visual Studio Host (11564):KeyboardCommands] Sending '1' tabs.
    (32:25.364) [Visual Studio Host (11564):TextEditorDocumentWindowTestExtension] Showing window 'empty.css' without activating the window.
    (32:25.446) [Visual Studio Host (11564):TextEditorDocumentWindowTestExtension] Showing window 'empty.css'.
    (32:25.587) [Visual Studio Host (11564):TextEditorDocumentWindowTestExtension] Showing window 'empty.css' without activating the window.
    (32:25.681) [Visual Studio Host (11564):TextEditorDocumentWindowTestExtension] Showing window 'empty.css'.
    (32:25.780) [Visual Studio Host (11564):KeyboardCommands] Sending the Right key 1 times.
    (32:25.874) [Visual Studio Host (11564):TextEditorDocumentWindowTestExtension] Showing window 'empty.css' without activating the window.
    (32:25.940) [Visual Studio Host (11564):TextEditorDocumentWindowTestExtension] Showing window 'empty.css'.
    (32:26.095) [Visual Studio Host (11564):TextEditorDocumentWindowTestExtension] Showing window 'empty.css' without activating the window.
    (32:26.168) [Visual Studio Host (11564):TextEditorDocumentWindowTestExtension] Showing window 'empty.css'.
    (32:26.254) [Visual Studio Host (11564):KeyboardCommands] Sending '1' tabs.
    (32:26.382) [Visual Studio Host (11564):TextEditorDocumentWindowTestExtension] Showing window 'empty.css' without activating the window.
    (32:26.462) [Visual Studio Host (11564):TextEditorDocumentWindowTestExtension] Showing window 'empty.css'.
    (32:26.613) [Visual Studio Host (11564):TextEditorDocumentWindowTestExtension] Showing window 'empty.css' without activating the window.
    (32:26.704) [Visual Studio Host (11564):TextEditorDocumentWindowTestExtension] Showing window 'empty.css'.
    (32:26.784) [Visual Studio Host (11564):KeyboardCommands] Sending the Right key 1 times.
    (32:26.861) [Visual Studio Host (11564):TextEditorDocumentWindowTestExtension] Showing window 'empty.css' without activating the window.
    (32:26.929) [Visual Studio Host (11564):TextEditorDocumentWindowTestExtension] Showing window 'empty.css'.
    (32:27.041) [Visual Studio Host (11564):TextEditorDocumentWindowTestExtension] Showing window 'empty.css' without activating the window.
    (32:27.122) [Visual Studio Host (11564):TextEditorDocumentWindowTestExtension] Showing window 'empty.css'.
    VerificationPass: (32:27.206) [Visual Studio Host (11564):CaretVerifier] Verification passed: The current line text is 'body { background-image: url(none); clip: rect(test); }'; the expected text is 'body { background-image: url(none); clip: rect(test); }'; trim = 'True'; &lt;ComparisonType: OrdinalIgnoreCase&gt;
    + ExternalProcessHostTest TestCleanup
        (32:27.326) [Visual Studio Host (11564):SettingsService] Setting Visual Studio option 'TextEditor\CSS Specific\AutoFormat' to 'True'.
        (32:27.465) [Visual Studio Host (11564):TextEditorDocumentWindowTestExtension] Closing window 'empty.css'.
        (32:27.691) [Platform:Testcase] Test 'VSTest_CSS_CompletionWhileTyping' has 'Passed' outcome. Therefore, Apex will not shut down the 'Visual Studio Host (11564)' with process ID '11564'. A subsequent test scenario will run on the same instance of the host.
    + Final Test Result Verification
        (32:27.918) [Platform:DelayedAssertionVerifierSink] Verification Success: 0 verification steps failed.
    + ApexTest TestCleanup</StdOut>
      </Output>
      <ResultFiles>
        <ResultFile path="WNVM19648\Fail.azqsczivabnm.png" />
        <ResultFile path="WNVM19648\Fail.ig2gsfz5ad1y.png" />
        <ResultFile path="WNVM19648\Fail.o5zf0zepaw0l.png" />
        <ResultFile path="WNVM19648\OmniLog.html" />
        <ResultFile path="WNVM19648\OmniLogRawXml.xml" />
      </ResultFiles>
    </UnitTestResult>
    <UnitTestResult executionId="64ff1008-be11-4bf0-8c43-41e79de2df6a" testId="10387160-6989-e36b-5924-2339b9464bff" testName="VSTest_CSS_EmbeddedColorization" computerName="WNVM19648" duration="00:00:00.0969916" startTime="2018-04-17T00:29:02.2920603-07:00" endTime="2018-04-17T00:29:02.3890519-07:00" testType="13cdc9d9-ddb5-4fa4-a97d-d965ccfc6d4b" outcome="Failed" testListId="8c84fa94-04c1-424b-9868-57a2d4851a1d" relativeResultsDirectory="64ff1008-be11-4bf0-8c43-41e79de2df6a">
      <Output>
        <StdOut>+ CssColorizationTests::VSTest_CSS_EmbeddedColorization
    + ApexTest TestInitialize</StdOut>
        <ErrorInfo>
          <Message>Initialization method Microsoft.Test.Apex.ExternalProcessHostTest`2[[Microsoft.Test.Apex.VisualStudio.VisualStudioHostConfiguration, Microsoft.Test.Apex.VisualStudio, Version=15.0.0.0, Culture=neutral, PublicKeyToken=b03f5f7f11d50a3a],[Microsoft.Test.Apex.VisualStudio.VisualStudioHost, Microsoft.Test.Apex.VisualStudio, Version=15.0.0.0, Culture=neutral, PublicKeyToken=b03f5f7f11d50a3a]].TestInitialize threw exception. System.IO.IOException: The process cannot access the file 'C:\school\OmniLog.html' because it is being used by another process.</Message>
          <StackTrace>   at System.IO.__Error.WinIOError(Int32 errorCode, String maybeFullPath)
   at System.IO.FileStream.Init(String path, FileMode mode, FileAccess access, Int32 rights, Boolean useRights, FileShare share, Int32 bufferSize, FileOptions options, SECURITY_ATTRIBUTES secAttrs, String msgPath, Boolean bFromProxy, Boolean useLongPath, Boolean checkHost)
   at System.IO.FileStream..ctor(String path, FileMode mode, FileAccess access)
   at Omni.Logging.Sinks.IncrementalSummarySink.PrepareForWrite() in F:\dd\src\Omni\Log\Omni.Log\Sinks\IncrementalSummarySink.cs:line 169
   at Omni.Logging.Sinks.IncrementalSummarySink.Append(ILogMessage message) in F:\dd\src\Omni\Log\Omni.Log\Sinks\IncrementalSummarySink.cs:line 74
   at Omni.Logging.OmniLog.SendToSinks(LogMessage message) in F:\dd\src\Omni\Log\Omni.Log\OmniLog.cs:line 968
   at Omni.Logging.Log.BeginGroup(String message) in F:\dd\src\Omni\Log\Omni.Log\OmniLog.cs:line 1402
   at Microsoft.Test.Apex.Services.Logging.TestLoggerSinks.OmniLog.OmniLogSink.ActualSink.ScopeEntered(IExecutionScopeHandle scope) in F:\dd\src\omni\Apex\MsTestIntegration\Services\OmniLog\OmniLogSink.cs:line 318
   at Microsoft.Test.Apex.Services.Logging.TestLoggerSinks.OmniLog.OmniLogSink.ScopeEntered(IExecutionScopeHandle scope) in F:\dd\src\omni\Apex\MsTestIntegration\Services\OmniLog\OmniLogSink.cs:line 146
   at Microsoft.Test.Apex.Services.ExecutionScopeService.Enter(TestExecutionPoint testExecutionPoint, String scopeName, Boolean enterVerificationScope, Object context) in F:\dd\src\omni\Apex\Framework\Services\ExecutionScope\ExecutionScopeService.cs:line 228
   at Microsoft.Test.Apex.Services.ExecutionScopeService.Enter(String scopeName, Boolean enterVerificationScope, Object context) in F:\dd\src\omni\Apex\Framework\Services\ExecutionScope\ExecutionScopeService.cs:line 202
   at Microsoft.Test.Apex.Services.ExecutionScopeService.Enter(String scopeName) in F:\dd\src\omni\Apex\Framework\Services\ExecutionScope\ExecutionScopeService.cs:line 80
   at Microsoft.Test.Apex.ApexTest.TestInitialize() in F:\dd\src\omni\Apex\MsTestIntegration\ApexTest.cs:line 423
   at Microsoft.Test.Apex.ExternalProcessHostTest`2.TestInitialize() in F:\dd\src\omni\Apex\MsTestIntegration\ExternalProcessHostTest.cs:line 108</StackTrace>
        </ErrorInfo>
      </Output>
    </UnitTestResult>
    <UnitTestResult executionId="081fa893-25d4-4a47-a3f1-a1b01e2be81c" testId="a67e7db6-c543-b202-8520-edba28b96225" testName="VSTest_CSS_SmartIndentInCSSWithTabs" computerName="WNVM19648" duration="00:00:31.4453273" startTime="2018-04-17T00:26:54.7333808-07:00" endTime="2018-04-17T00:27:26.1787081-07:00" testType="13cdc9d9-ddb5-4fa4-a97d-d965ccfc6d4b" outcome="Passed" testListId="8c84fa94-04c1-424b-9868-57a2d4851a1d" relativeResultsDirectory="081fa893-25d4-4a47-a3f1-a1b01e2be81c">
      <Output>
        <StdOut>+ CssSmartIndentTests::VSTest_CSS_SmartIndentInCSSWithTabs
    + ApexTest TestInitialize
    + ExternalProcessHostTest TestInitialize
        (28:36.038) [Visual Studio Host (11564):RoamingSettingsService] Disabling roaming settings.
        (28:36.086) [Visual Studio Host (11564):SettingsService] Setting Visual Studio option 'Environment\RoamingSettings\RoamingEnabled' to 'False'.
        (28:36.339) [Visual Studio Host (11564):TextEditorDocumentWindowTestExtension] Showing window 'SmartIndentInCSS.css' without activating the window.
        (28:36.433) [Visual Studio Host (11564):TextEditorDocumentWindowTestExtension] Showing window 'SmartIndentInCSS.css'.
        (28:36.492) [Visual Studio Host (11564):VisualStudioTextEditorTestExtension] Setting keyboard focus to editor 'SmartIndentInCSS.css'.
        (28:36.559) [Visual Studio Host (11564):SettingsService] Getting value of Visual Studio Setting 'TextEditor\CSS\InsertTabs'. 
        (28:36.677) [Visual Studio Host (11564):SettingsService] Setting Visual Studio option 'TextEditor\CSS\InsertTabs' to 'True'.
        (28:36.766) [Visual Studio Host (11564):MainWindowService] Activating main window to bring it to the foreground.
        (28:36.892) [Visual Studio Host (11564):MainWindowService] Setting main window state to 'Maximized'.
    (28:37.228) [Visual Studio Host (11564):TextEditorDocumentWindowTestExtension] Showing window 'SmartIndentInCSS.css' without activating the window.
    (28:37.377) [Visual Studio Host (11564):TextEditorDocumentWindowTestExtension] Showing window 'SmartIndentInCSS.css'.
    (28:37.447) [Visual Studio Host (11564):VisualStudioCaretTestExtension] Moving the caret from (Ln: 1, Ch: 1) to (Ln: 100, Ch: 11)
    (28:37.536) [Visual Studio Host (11564):TextEditorDocumentWindowTestExtension] Showing window 'SmartIndentInCSS.css' without activating the window.
    (28:37.588) [Visual Studio Host (11564):TextEditorDocumentWindowTestExtension] Showing window 'SmartIndentInCSS.css'.
    (28:37.658) [Visual Studio Host (11564):KeyboardCommands] Sending the Return key 1 times.
    (28:37.756) [Visual Studio Host (11564):TextEditorDocumentWindowTestExtension] Showing window 'SmartIndentInCSS.css' without activating the window.
    (28:37.812) [Visual Studio Host (11564):TextEditorDocumentWindowTestExtension] Showing window 'SmartIndentInCSS.css'.
    (28:37.874) [Visual Studio Host (11564):VisualStudioTextEditingActions] Inserting text combine CRLF as single return: 'foo' at the current caret position: '(Ln: 101, Ch: 9)'
    (28:38.044) [Visual Studio Host (11564):TextEditorDocumentWindowTestExtension] Showing window 'SmartIndentInCSS.css' without activating the window.
    (28:38.243) [Visual Studio Host (11564):TextEditorDocumentWindowTestExtension] Showing window 'SmartIndentInCSS.css'.
    (28:38.326) [Visual Studio Host (11564):TextEditorDocumentWindowTestExtension] Showing window 'SmartIndentInCSS.css' without activating the window.
    (28:38.475) [Visual Studio Host (11564):TextEditorDocumentWindowTestExtension] Showing window 'SmartIndentInCSS.css'.
    (28:38.532) [Visual Studio Host (11564):VisualStudioCaretTestExtension] Moving the caret from (Ln: 101, Ch: 6) to (Ln: 93, Ch: 6)
    (28:38.619) [Visual Studio Host (11564):TextEditorDocumentWindowTestExtension] Showing window 'SmartIndentInCSS.css' without activating the window.
    (28:38.673) [Visual Studio Host (11564):TextEditorDocumentWindowTestExtension] Showing window 'SmartIndentInCSS.css'.
    (28:38.732) [Visual Studio Host (11564):KeyboardCommands] Sending the Return key 1 times.
    (28:38.800) [Visual Studio Host (11564):TextEditorDocumentWindowTestExtension] Showing window 'SmartIndentInCSS.css' without activating the window.
    (28:38.863) [Visual Studio Host (11564):TextEditorDocumentWindowTestExtension] Showing window 'SmartIndentInCSS.css'.
    (28:38.935) [Visual Studio Host (11564):VisualStudioTextEditingActions] Inserting text combine CRLF as single return: 'foo' at the current caret position: '(Ln: 94, Ch: 9)'
    (28:39.033) [Visual Studio Host (11564):TextEditorDocumentWindowTestExtension] Showing window 'SmartIndentInCSS.css' without activating the window.
    (28:39.083) [Visual Studio Host (11564):TextEditorDocumentWindowTestExtension] Showing window 'SmartIndentInCSS.css'.
    (28:39.150) [Visual Studio Host (11564):TextEditorDocumentWindowTestExtension] Showing window 'SmartIndentInCSS.css' without activating the window.
    (28:39.267) [Visual Studio Host (11564):TextEditorDocumentWindowTestExtension] Showing window 'SmartIndentInCSS.css'.
    (28:39.381) [Visual Studio Host (11564):VisualStudioCaretTestExtension] Moving the caret from (Ln: 94, Ch: 6) to (Ln: 86, Ch: 8)
    (28:39.443) [Visual Studio Host (11564):TextEditorDocumentWindowTestExtension] Showing window 'SmartIndentInCSS.css' without activating the window.
    (28:39.498) [Visual Studio Host (11564):TextEditorDocumentWindowTestExtension] Showing window 'SmartIndentInCSS.css'.
    (28:39.554) [Visual Studio Host (11564):KeyboardCommands] Sending the Return key 1 times.
    (28:39.612) [Visual Studio Host (11564):TextEditorDocumentWindowTestExtension] Showing window 'SmartIndentInCSS.css' without activating the window.
    (28:39.670) [Visual Studio Host (11564):TextEditorDocumentWindowTestExtension] Showing window 'SmartIndentInCSS.css'.
    (28:39.809) [Visual Studio Host (11564):VisualStudioTextEditingActions] Inserting text combine CRLF as single return: 'foo' at the current caret position: '(Ln: 87, Ch: 1)'
    (28:39.879) [Visual Studio Host (11564):TextEditorDocumentWindowTestExtension] Showing window 'SmartIndentInCSS.css' without activating the window.
    (28:39.939) [Visual Studio Host (11564):TextEditorDocumentWindowTestExtension] Showing window 'SmartIndentInCSS.css'.
    (28:40.167) [Visual Studio Host (11564):TextEditorDocumentWindowTestExtension] Showing window 'SmartIndentInCSS.css' without activating the window.
    (28:40.218) [Visual Studio Host (11564):TextEditorDocumentWindowTestExtension] Showing window 'SmartIndentInCSS.css'.
    (28:40.276) [Visual Studio Host (11564):VisualStudioCaretTestExtension] Moving the caret from (Ln: 87, Ch: 4) to (Ln: 82, Ch: 53)
    (28:40.341) [Visual Studio Host (11564):TextEditorDocumentWindowTestExtension] Showing window 'SmartIndentInCSS.css' without activating the window.
    (28:40.390) [Visual Studio Host (11564):TextEditorDocumentWindowTestExtension] Showing window 'SmartIndentInCSS.css'.
    (28:40.446) [Visual Studio Host (11564):KeyboardCommands] Sending the Return key 1 times.
    (28:40.503) [Visual Studio Host (11564):TextEditorDocumentWindowTestExtension] Showing window 'SmartIndentInCSS.css' without activating the window.
    (28:40.563) [Visual Studio Host (11564):TextEditorDocumentWindowTestExtension] Showing window 'SmartIndentInCSS.css'.
    (28:40.619) [Visual Studio Host (11564):VisualStudioTextEditingActions] Inserting text combine CRLF as single return: 'foo' at the current caret position: '(Ln: 83, Ch: 5)'
    (28:40.737) [Visual Studio Host (11564):TextEditorDocumentWindowTestExtension] Showing window 'SmartIndentInCSS.css' without activating the window.
    (28:40.805) [Visual Studio Host (11564):TextEditorDocumentWindowTestExtension] Showing window 'SmartIndentInCSS.css'.
    (28:40.886) [Visual Studio Host (11564):TextEditorDocumentWindowTestExtension] Showing window 'SmartIndentInCSS.css' without activating the window.
    (28:40.943) [Visual Studio Host (11564):TextEditorDocumentWindowTestExtension] Showing window 'SmartIndentInCSS.css'.
    (28:41.126) [Visual Studio Host (11564):VisualStudioCaretTestExtension] Moving the caret from (Ln: 83, Ch: 5) to (Ln: 78, Ch: 49)
    (28:41.206) [Visual Studio Host (11564):TextEditorDocumentWindowTestExtension] Showing window 'SmartIndentInCSS.css' without activating the window.
    (28:41.261) [Visual Studio Host (11564):TextEditorDocumentWindowTestExtension] Showing window 'SmartIndentInCSS.css'.
    (28:41.319) [Visual Studio Host (11564):KeyboardCommands] Sending the Return key 1 times.
    (28:41.381) [Visual Studio Host (11564):TextEditorDocumentWindowTestExtension] Showing window 'SmartIndentInCSS.css' without activating the window.
    (28:41.447) [Visual Studio Host (11564):TextEditorDocumentWindowTestExtension] Showing window 'SmartIndentInCSS.css'.
    (28:41.640) [Visual Studio Host (11564):VisualStudioTextEditingActions] Inserting text combine CRLF as single return: 'foo' at the current caret position: '(Ln: 79, Ch: 5)'
    (28:41.735) [Visual Studio Host (11564):TextEditorDocumentWindowTestExtension] Showing window 'SmartIndentInCSS.css' without activating the window.
    (28:41.805) [Visual Studio Host (11564):TextEditorDocumentWindowTestExtension] Showing window 'SmartIndentInCSS.css'.
    (28:41.980) [Visual Studio Host (11564):TextEditorDocumentWindowTestExtension] Showing window 'SmartIndentInCSS.css' without activating the window.
    (28:42.039) [Visual Studio Host (11564):TextEditorDocumentWindowTestExtension] Showing window 'SmartIndentInCSS.css'.
    (28:42.106) [Visual Studio Host (11564):VisualStudioCaretTestExtension] Moving the caret from (Ln: 79, Ch: 5) to (Ln: 73, Ch: 27)
    (28:42.193) [Visual Studio Host (11564):TextEditorDocumentWindowTestExtension] Showing window 'SmartIndentInCSS.css' without activating the window.
    (28:42.296) [Visual Studio Host (11564):TextEditorDocumentWindowTestExtension] Showing window 'SmartIndentInCSS.css'.
    (28:42.371) [Visual Studio Host (11564):KeyboardCommands] Sending the Return key 1 times.
    (28:42.452) [Visual Studio Host (11564):TextEditorDocumentWindowTestExtension] Showing window 'SmartIndentInCSS.css' without activating the window.
    (28:42.528) [Visual Studio Host (11564):TextEditorDocumentWindowTestExtension] Showing window 'SmartIndentInCSS.css'.
    (28:42.728) [Visual Studio Host (11564):VisualStudioTextEditingActions] Inserting text combine CRLF as single return: 'foo' at the current caret position: '(Ln: 74, Ch: 5)'
    (28:42.819) [Visual Studio Host (11564):TextEditorDocumentWindowTestExtension] Showing window 'SmartIndentInCSS.css' without activating the window.
    (28:42.891) [Visual Studio Host (11564):TextEditorDocumentWindowTestExtension] Showing window 'SmartIndentInCSS.css'.
    (28:42.960) [Visual Studio Host (11564):TextEditorDocumentWindowTestExtension] Showing window 'SmartIndentInCSS.css' without activating the window.
    (28:43.090) [Visual Studio Host (11564):TextEditorDocumentWindowTestExtension] Showing window 'SmartIndentInCSS.css'.
    (28:43.151) [Visual Studio Host (11564):VisualStudioCaretTestExtension] Moving the caret from (Ln: 74, Ch: 5) to (Ln: 69, Ch: 3)
    (28:43.216) [Visual Studio Host (11564):TextEditorDocumentWindowTestExtension] Showing window 'SmartIndentInCSS.css' without activating the window.
    (28:43.267) [Visual Studio Host (11564):TextEditorDocumentWindowTestExtension] Showing window 'SmartIndentInCSS.css'.
    (28:43.320) [Visual Studio Host (11564):KeyboardCommands] Sending the Return key 1 times.
    (28:43.385) [Visual Studio Host (11564):TextEditorDocumentWindowTestExtension] Showing window 'SmartIndentInCSS.css' without activating the window.
    (28:43.452) [Visual Studio Host (11564):TextEditorDocumentWindowTestExtension] Showing window 'SmartIndentInCSS.css'.
    (28:43.512) [Visual Studio Host (11564):VisualStudioTextEditingActions] Inserting text combine CRLF as single return: 'foo' at the current caret position: '(Ln: 70, Ch: 5)'
    (28:43.672) [Visual Studio Host (11564):TextEditorDocumentWindowTestExtension] Showing window 'SmartIndentInCSS.css' without activating the window.
    (28:43.757) [Visual Studio Host (11564):TextEditorDocumentWindowTestExtension] Showing window 'SmartIndentInCSS.css'.
    (28:43.829) [Visual Studio Host (11564):TextEditorDocumentWindowTestExtension] Showing window 'SmartIndentInCSS.css' without activating the window.
    (28:43.882) [Visual Studio Host (11564):TextEditorDocumentWindowTestExtension] Showing window 'SmartIndentInCSS.css'.
    (28:43.982) [Visual Studio Host (11564):VisualStudioCaretTestExtension] Moving the caret from (Ln: 70, Ch: 5) to (Ln: 66, Ch: 11)
    (28:44.069) [Visual Studio Host (11564):TextEditorDocumentWindowTestExtension] Showing window 'SmartIndentInCSS.css' without activating the window.
    (28:44.124) [Visual Studio Host (11564):TextEditorDocumentWindowTestExtension] Showing window 'SmartIndentInCSS.css'.
    (28:44.186) [Visual Studio Host (11564):KeyboardCommands] Sending the Return key 1 times.
    (28:44.251) [Visual Studio Host (11564):TextEditorDocumentWindowTestExtension] Showing window 'SmartIndentInCSS.css' without activating the window.
    (28:44.316) [Visual Studio Host (11564):TextEditorDocumentWindowTestExtension] Showing window 'SmartIndentInCSS.css'.
    (28:44.469) [Visual Studio Host (11564):VisualStudioTextEditingActions] Inserting text combine CRLF as single return: 'foo' at the current caret position: '(Ln: 67, Ch: 9)'
    (28:44.585) [Visual Studio Host (11564):TextEditorDocumentWindowTestExtension] Showing window 'SmartIndentInCSS.css' without activating the window.
    (28:44.652) [Visual Studio Host (11564):TextEditorDocumentWindowTestExtension] Showing window 'SmartIndentInCSS.css'.
    (28:44.825) [Visual Studio Host (11564):TextEditorDocumentWindowTestExtension] Showing window 'SmartIndentInCSS.css' without activating the window.
    (28:44.896) [Visual Studio Host (11564):TextEditorDocumentWindowTestExtension] Showing window 'SmartIndentInCSS.css'.
    (28:44.953) [Visual Studio Host (11564):VisualStudioCaretTestExtension] Moving the caret from (Ln: 67, Ch: 6) to (Ln: 59, Ch: 3)
    (28:45.033) [Visual Studio Host (11564):TextEditorDocumentWindowTestExtension] Showing window 'SmartIndentInCSS.css' without activating the window.
    (28:45.093) [Visual Studio Host (11564):TextEditorDocumentWindowTestExtension] Showing window 'SmartIndentInCSS.css'.
    (28:45.155) [Visual Studio Host (11564):KeyboardCommands] Sending the Return key 1 times.
    (28:45.223) [Visual Studio Host (11564):TextEditorDocumentWindowTestExtension] Showing window 'SmartIndentInCSS.css' without activating the window.
    (28:45.282) [Visual Studio Host (11564):TextEditorDocumentWindowTestExtension] Showing window 'SmartIndentInCSS.css'.
    (28:45.505) [Visual Studio Host (11564):VisualStudioTextEditingActions] Inserting text combine CRLF as single return: 'foo' at the current caret position: '(Ln: 60, Ch: 5)'
    (28:45.635) [Visual Studio Host (11564):TextEditorDocumentWindowTestExtension] Showing window 'SmartIndentInCSS.css' without activating the window.
    (28:45.706) [Visual Studio Host (11564):TextEditorDocumentWindowTestExtension] Showing window 'SmartIndentInCSS.css'.
    (28:45.896) [Visual Studio Host (11564):TextEditorDocumentWindowTestExtension] Showing window 'SmartIndentInCSS.css' without activating the window.
    (28:45.965) [Visual Studio Host (11564):TextEditorDocumentWindowTestExtension] Showing window 'SmartIndentInCSS.css'.
    (28:46.027) [Visual Studio Host (11564):VisualStudioCaretTestExtension] Moving the caret from (Ln: 60, Ch: 5) to (Ln: 55, Ch: 15)
    (28:46.106) [Visual Studio Host (11564):TextEditorDocumentWindowTestExtension] Showing window 'SmartIndentInCSS.css' without activating the window.
    (28:46.161) [Visual Studio Host (11564):TextEditorDocumentWindowTestExtension] Showing window 'SmartIndentInCSS.css'.
    (28:46.221) [Visual Studio Host (11564):KeyboardCommands] Sending the Return key 1 times.
    (28:46.284) [Visual Studio Host (11564):TextEditorDocumentWindowTestExtension] Showing window 'SmartIndentInCSS.css' without activating the window.
    (28:46.350) [Visual Studio Host (11564):TextEditorDocumentWindowTestExtension] Showing window 'SmartIndentInCSS.css'.
    (28:46.532) [Visual Studio Host (11564):VisualStudioTextEditingActions] Inserting text combine CRLF as single return: 'foo' at the current caret position: '(Ln: 56, Ch: 2)'
    (28:46.645) [Visual Studio Host (11564):TextEditorDocumentWindowTestExtension] Showing window 'SmartIndentInCSS.css' without activating the window.
    (28:46.707) [Visual Studio Host (11564):TextEditorDocumentWindowTestExtension] Showing window 'SmartIndentInCSS.css'.
    (28:46.781) [Visual Studio Host (11564):TextEditorDocumentWindowTestExtension] Showing window 'SmartIndentInCSS.css' without activating the window.
    (28:46.915) [Visual Studio Host (11564):TextEditorDocumentWindowTestExtension] Showing window 'SmartIndentInCSS.css'.
    (28:46.989) [Visual Studio Host (11564):VisualStudioCaretTestExtension] Moving the caret from (Ln: 56, Ch: 5) to (Ln: 51, Ch: 11)
    (28:47.094) [Visual Studio Host (11564):TextEditorDocumentWindowTestExtension] Showing window 'SmartIndentInCSS.css' without activating the window.
    (28:47.158) [Visual Studio Host (11564):TextEditorDocumentWindowTestExtension] Showing window 'SmartIndentInCSS.css'.
    (28:47.228) [Visual Studio Host (11564):KeyboardCommands] Sending the Return key 1 times.
    (28:47.310) [Visual Studio Host (11564):TextEditorDocumentWindowTestExtension] Showing window 'SmartIndentInCSS.css' without activating the window.
    (28:47.371) [Visual Studio Host (11564):TextEditorDocumentWindowTestExtension] Showing window 'SmartIndentInCSS.css'.
    (28:47.441) [Visual Studio Host (11564):VisualStudioTextEditingActions] Inserting text combine CRLF as single return: 'foo' at the current caret position: '(Ln: 52, Ch: 1)'
    (28:47.588) [Visual Studio Host (11564):TextEditorDocumentWindowTestExtension] Showing window 'SmartIndentInCSS.css' without activating the window.
    (28:47.660) [Visual Studio Host (11564):TextEditorDocumentWindowTestExtension] Showing window 'SmartIndentInCSS.css'.
    (28:47.731) [Visual Studio Host (11564):TextEditorDocumentWindowTestExtension] Showing window 'SmartIndentInCSS.css' without activating the window.
    (28:47.847) [Visual Studio Host (11564):TextEditorDocumentWindowTestExtension] Showing window 'SmartIndentInCSS.css'.
    (28:47.934) [Visual Studio Host (11564):VisualStudioCaretTestExtension] Moving the caret from (Ln: 52, Ch: 4) to (Ln: 47, Ch: 16)
    (28:48.021) [Visual Studio Host (11564):TextEditorDocumentWindowTestExtension] Showing window 'SmartIndentInCSS.css' without activating the window.
    (28:48.076) [Visual Studio Host (11564):TextEditorDocumentWindowTestExtension] Showing window 'SmartIndentInCSS.css'.
    (28:48.165) [Visual Studio Host (11564):KeyboardCommands] Sending the Return key 1 times.
    (28:48.237) [Visual Studio Host (11564):TextEditorDocumentWindowTestExtension] Showing window 'SmartIndentInCSS.css' without activating the window.
    (28:48.293) [Visual Studio Host (11564):TextEditorDocumentWindowTestExtension] Showing window 'SmartIndentInCSS.css'.
    (28:48.363) [Visual Studio Host (11564):VisualStudioTextEditingActions] Inserting text combine CRLF as single return: 'foo' at the current caret position: '(Ln: 48, Ch: 9)'
    (28:48.475) [Visual Studio Host (11564):TextEditorDocumentWindowTestExtension] Showing window 'SmartIndentInCSS.css' without activating the window.
    (28:48.587) [Visual Studio Host (11564):TextEditorDocumentWindowTestExtension] Showing window 'SmartIndentInCSS.css'.
    (28:48.680) [Visual Studio Host (11564):TextEditorDocumentWindowTestExtension] Showing window 'SmartIndentInCSS.css' without activating the window.
    (28:48.813) [Visual Studio Host (11564):TextEditorDocumentWindowTestExtension] Showing window 'SmartIndentInCSS.css'.
    (28:48.874) [Visual Studio Host (11564):VisualStudioCaretTestExtension] Moving the caret from (Ln: 48, Ch: 6) to (Ln: 43, Ch: 12)
    (28:48.956) [Visual Studio Host (11564):TextEditorDocumentWindowTestExtension] Showing window 'SmartIndentInCSS.css' without activating the window.
    (28:49.018) [Visual Studio Host (11564):TextEditorDocumentWindowTestExtension] Showing window 'SmartIndentInCSS.css'.
    (28:49.075) [Visual Studio Host (11564):KeyboardCommands] Sending the Return key 1 times.
    (28:49.154) [Visual Studio Host (11564):TextEditorDocumentWindowTestExtension] Showing window 'SmartIndentInCSS.css' without activating the window.
    (28:49.212) [Visual Studio Host (11564):TextEditorDocumentWindowTestExtension] Showing window 'SmartIndentInCSS.css'.
    (28:49.275) [Visual Studio Host (11564):VisualStudioTextEditingActions] Inserting text combine CRLF as single return: 'foo' at the current caret position: '(Ln: 44, Ch: 5)'
    (28:49.420) [Visual Studio Host (11564):TextEditorDocumentWindowTestExtension] Showing window 'SmartIndentInCSS.css' without activating the window.
    (28:49.473) [Visual Studio Host (11564):TextEditorDocumentWindowTestExtension] Showing window 'SmartIndentInCSS.css'.
    (28:49.555) [Visual Studio Host (11564):TextEditorDocumentWindowTestExtension] Showing window 'SmartIndentInCSS.css' without activating the window.
    (28:49.657) [Visual Studio Host (11564):TextEditorDocumentWindowTestExtension] Showing window 'SmartIndentInCSS.css'.
    (28:49.734) [Visual Studio Host (11564):VisualStudioCaretTestExtension] Moving the caret from (Ln: 44, Ch: 5) to (Ln: 40, Ch: 5)
    (28:49.819) [Visual Studio Host (11564):TextEditorDocumentWindowTestExtension] Showing window 'SmartIndentInCSS.css' without activating the window.
    (28:49.876) [Visual Studio Host (11564):TextEditorDocumentWindowTestExtension] Showing window 'SmartIndentInCSS.css'.
    (28:49.933) [Visual Studio Host (11564):KeyboardCommands] Sending the Return key 1 times.
    (28:49.998) [Visual Studio Host (11564):TextEditorDocumentWindowTestExtension] Showing window 'SmartIndentInCSS.css' without activating the window.
    (28:50.063) [Visual Studio Host (11564):TextEditorDocumentWindowTestExtension] Showing window 'SmartIndentInCSS.css'.
    (28:50.124) [Visual Studio Host (11564):VisualStudioTextEditingActions] Inserting text combine CRLF as single return: 'foo' at the current caret position: '(Ln: 41, Ch: 2)'
    (28:50.284) [Visual Studio Host (11564):TextEditorDocumentWindowTestExtension] Showing window 'SmartIndentInCSS.css' without activating the window.
    (28:50.361) [Visual Studio Host (11564):TextEditorDocumentWindowTestExtension] Showing window 'SmartIndentInCSS.css'.
    (28:50.434) [Visual Studio Host (11564):TextEditorDocumentWindowTestExtension] Showing window 'SmartIndentInCSS.css' without activating the window.
    (28:50.595) [Visual Studio Host (11564):TextEditorDocumentWindowTestExtension] Showing window 'SmartIndentInCSS.css'.
    (28:50.667) [Visual Studio Host (11564):VisualStudioCaretTestExtension] Moving the caret from (Ln: 41, Ch: 5) to (Ln: 36, Ch: 1)
    (28:50.745) [Visual Studio Host (11564):TextEditorDocumentWindowTestExtension] Showing window 'SmartIndentInCSS.css' without activating the window.
    (28:50.800) [Visual Studio Host (11564):TextEditorDocumentWindowTestExtension] Showing window 'SmartIndentInCSS.css'.
    (28:50.858) [Visual Studio Host (11564):KeyboardCommands] Sending the Return key 1 times.
    (28:50.919) [Visual Studio Host (11564):TextEditorDocumentWindowTestExtension] Showing window 'SmartIndentInCSS.css' without activating the window.
    (28:50.976) [Visual Studio Host (11564):TextEditorDocumentWindowTestExtension] Showing window 'SmartIndentInCSS.css'.
    (28:51.034) [Visual Studio Host (11564):VisualStudioTextEditingActions] Inserting text combine CRLF as single return: 'foo' at the current caret position: '(Ln: 37, Ch: 1)'
    (28:51.169) [Visual Studio Host (11564):TextEditorDocumentWindowTestExtension] Showing window 'SmartIndentInCSS.css' without activating the window.
    (28:51.248) [Visual Studio Host (11564):TextEditorDocumentWindowTestExtension] Showing window 'SmartIndentInCSS.css'.
    (28:51.322) [Visual Studio Host (11564):TextEditorDocumentWindowTestExtension] Showing window 'SmartIndentInCSS.css' without activating the window.
    (28:51.448) [Visual Studio Host (11564):TextEditorDocumentWindowTestExtension] Showing window 'SmartIndentInCSS.css'.
    (28:51.511) [Visual Studio Host (11564):VisualStudioCaretTestExtension] Moving the caret from (Ln: 37, Ch: 4) to (Ln: 31, Ch: 6)
    (28:51.604) [Visual Studio Host (11564):TextEditorDocumentWindowTestExtension] Showing window 'SmartIndentInCSS.css' without activating the window.
    (28:51.674) [Visual Studio Host (11564):TextEditorDocumentWindowTestExtension] Showing window 'SmartIndentInCSS.css'.
    (28:51.758) [Visual Studio Host (11564):KeyboardCommands] Sending the Return key 1 times.
    (28:51.822) [Visual Studio Host (11564):TextEditorDocumentWindowTestExtension] Showing window 'SmartIndentInCSS.css' without activating the window.
    (28:51.891) [Visual Studio Host (11564):TextEditorDocumentWindowTestExtension] Showing window 'SmartIndentInCSS.css'.
    (28:51.965) [Visual Studio Host (11564):VisualStudioTextEditingActions] Inserting text combine CRLF as single return: 'foo' at the current caret position: '(Ln: 32, Ch: 2)'
    (28:52.067) [Visual Studio Host (11564):TextEditorDocumentWindowTestExtension] Showing window 'SmartIndentInCSS.css' without activating the window.
    (28:52.133) [Visual Studio Host (11564):TextEditorDocumentWindowTestExtension] Showing window 'SmartIndentInCSS.css'.
    (28:52.247) [Visual Studio Host (11564):TextEditorDocumentWindowTestExtension] Showing window 'SmartIndentInCSS.css' without activating the window.
    (28:52.326) [Visual Studio Host (11564):TextEditorDocumentWindowTestExtension] Showing window 'SmartIndentInCSS.css'.
    (28:52.427) [Visual Studio Host (11564):VisualStudioCaretTestExtension] Moving the caret from (Ln: 32, Ch: 5) to (Ln: 27, Ch: 2)
    (28:52.543) [Visual Studio Host (11564):TextEditorDocumentWindowTestExtension] Showing window 'SmartIndentInCSS.css' without activating the window.
    (28:52.620) [Visual Studio Host (11564):TextEditorDocumentWindowTestExtension] Showing window 'SmartIndentInCSS.css'.
    (28:52.681) [Visual Studio Host (11564):KeyboardCommands] Sending the Return key 1 times.
    (28:52.766) [Visual Studio Host (11564):TextEditorDocumentWindowTestExtension] Showing window 'SmartIndentInCSS.css' without activating the window.
    (28:52.826) [Visual Studio Host (11564):TextEditorDocumentWindowTestExtension] Showing window 'SmartIndentInCSS.css'.
    (28:53.014) [Visual Studio Host (11564):VisualStudioTextEditingActions] Inserting text combine CRLF as single return: 'foo' at the current caret position: '(Ln: 28, Ch: 1)'
    (28:53.104) [Visual Studio Host (11564):TextEditorDocumentWindowTestExtension] Showing window 'SmartIndentInCSS.css' without activating the window.
    (28:53.193) [Visual Studio Host (11564):TextEditorDocumentWindowTestExtension] Showing window 'SmartIndentInCSS.css'.
    (28:53.267) [Visual Studio Host (11564):TextEditorDocumentWindowTestExtension] Showing window 'SmartIndentInCSS.css' without activating the window.
    (28:53.321) [Visual Studio Host (11564):TextEditorDocumentWindowTestExtension] Showing window 'SmartIndentInCSS.css'.
    (28:53.393) [Visual Studio Host (11564):VisualStudioCaretTestExtension] Moving the caret from (Ln: 28, Ch: 4) to (Ln: 23, Ch: 15)
    (28:53.517) [Visual Studio Host (11564):TextEditorDocumentWindowTestExtension] Showing window 'SmartIndentInCSS.css' without activating the window.
    (28:53.677) [Visual Studio Host (11564):TextEditorDocumentWindowTestExtension] Showing window 'SmartIndentInCSS.css'.
    (28:53.810) [Visual Studio Host (11564):KeyboardCommands] Sending the Return key 1 times.
    (28:53.914) [Visual Studio Host (11564):TextEditorDocumentWindowTestExtension] Showing window 'SmartIndentInCSS.css' without activating the window.
    (28:54.002) [Visual Studio Host (11564):TextEditorDocumentWindowTestExtension] Showing window 'SmartIndentInCSS.css'.
    (28:54.178) [Visual Studio Host (11564):VisualStudioTextEditingActions] Inserting text combine CRLF as single return: 'foo' at the current caret position: '(Ln: 24, Ch: 2)'
    (28:54.332) [Visual Studio Host (11564):TextEditorDocumentWindowTestExtension] Showing window 'SmartIndentInCSS.css' without activating the window.
    (28:54.549) [Visual Studio Host (11564):TextEditorDocumentWindowTestExtension] Showing window 'SmartIndentInCSS.css'.
    (28:54.680) [Visual Studio Host (11564):TextEditorDocumentWindowTestExtension] Showing window 'SmartIndentInCSS.css' without activating the window.
    (28:54.884) [Visual Studio Host (11564):TextEditorDocumentWindowTestExtension] Showing window 'SmartIndentInCSS.css'.
    (28:54.986) [Visual Studio Host (11564):VisualStudioCaretTestExtension] Moving the caret from (Ln: 24, Ch: 5) to (Ln: 17, Ch: 26)
    (28:55.126) [Visual Studio Host (11564):TextEditorDocumentWindowTestExtension] Showing window 'SmartIndentInCSS.css' without activating the window.
    (28:55.212) [Visual Studio Host (11564):TextEditorDocumentWindowTestExtension] Showing window 'SmartIndentInCSS.css'.
    (28:55.283) [Visual Studio Host (11564):KeyboardCommands] Sending the Return key 1 times.
    (28:55.370) [Visual Studio Host (11564):TextEditorDocumentWindowTestExtension] Showing window 'SmartIndentInCSS.css' without activating the window.
    (28:55.433) [Visual Studio Host (11564):TextEditorDocumentWindowTestExtension] Showing window 'SmartIndentInCSS.css'.
    (28:55.626) [Visual Studio Host (11564):VisualStudioTextEditingActions] Inserting text combine CRLF as single return: 'foo' at the current caret position: '(Ln: 18, Ch: 3)'
    (28:55.745) [Visual Studio Host (11564):TextEditorDocumentWindowTestExtension] Showing window 'SmartIndentInCSS.css' without activating the window.
    (28:55.878) [Visual Studio Host (11564):TextEditorDocumentWindowTestExtension] Showing window 'SmartIndentInCSS.css'.
    (28:55.977) [Visual Studio Host (11564):TextEditorDocumentWindowTestExtension] Showing window 'SmartIndentInCSS.css' without activating the window.
    (28:56.184) [Visual Studio Host (11564):TextEditorDocumentWindowTestExtension] Showing window 'SmartIndentInCSS.css'.
    (28:56.264) [Visual Studio Host (11564):VisualStudioCaretTestExtension] Moving the caret from (Ln: 18, Ch: 6) to (Ln: 17, Ch: 11)
    (28:56.366) [Visual Studio Host (11564):TextEditorDocumentWindowTestExtension] Showing window 'SmartIndentInCSS.css' without activating the window.
    (28:56.440) [Visual Studio Host (11564):TextEditorDocumentWindowTestExtension] Showing window 'SmartIndentInCSS.css'.
    (28:56.509) [Visual Studio Host (11564):KeyboardCommands] Sending the Return key 1 times.
    (28:56.604) [Visual Studio Host (11564):TextEditorDocumentWindowTestExtension] Showing window 'SmartIndentInCSS.css' without activating the window.
    (28:56.677) [Visual Studio Host (11564):TextEditorDocumentWindowTestExtension] Showing window 'SmartIndentInCSS.css'.
    (28:56.910) [Visual Studio Host (11564):VisualStudioTextEditingActions] Inserting text combine CRLF as single return: 'foo' at the current caret position: '(Ln: 18, Ch: 3)'
    (28:56.999) [Visual Studio Host (11564):TextEditorDocumentWindowTestExtension] Showing window 'SmartIndentInCSS.css' without activating the window.
    (28:57.150) [Visual Studio Host (11564):TextEditorDocumentWindowTestExtension] Showing window 'SmartIndentInCSS.css'.
    (28:57.242) [Visual Studio Host (11564):TextEditorDocumentWindowTestExtension] Showing window 'SmartIndentInCSS.css' without activating the window.
    (28:57.389) [Visual Studio Host (11564):TextEditorDocumentWindowTestExtension] Showing window 'SmartIndentInCSS.css'.
    (28:57.474) [Visual Studio Host (11564):VisualStudioCaretTestExtension] Moving the caret from (Ln: 18, Ch: 6) to (Ln: 12, Ch: 21)
    (28:57.817) [Visual Studio Host (11564):TextEditorDocumentWindowTestExtension] Showing window 'SmartIndentInCSS.css' without activating the window.
    (28:57.885) [Visual Studio Host (11564):TextEditorDocumentWindowTestExtension] Showing window 'SmartIndentInCSS.css'.
    (28:57.957) [Visual Studio Host (11564):KeyboardCommands] Sending the Return key 1 times.
    (28:58.041) [Visual Studio Host (11564):TextEditorDocumentWindowTestExtension] Showing window 'SmartIndentInCSS.css' without activating the window.
    (28:58.107) [Visual Studio Host (11564):TextEditorDocumentWindowTestExtension] Showing window 'SmartIndentInCSS.css'.
    (28:58.316) [Visual Studio Host (11564):VisualStudioTextEditingActions] Inserting text combine CRLF as single return: 'foo' at the current caret position: '(Ln: 13, Ch: 11)'
    (28:58.424) [Visual Studio Host (11564):TextEditorDocumentWindowTestExtension] Showing window 'SmartIndentInCSS.css' without activating the window.
    (28:58.527) [Visual Studio Host (11564):TextEditorDocumentWindowTestExtension] Showing window 'SmartIndentInCSS.css'.
    (28:58.612) [Visual Studio Host (11564):TextEditorDocumentWindowTestExtension] Showing window 'SmartIndentInCSS.css' without activating the window.
    (28:58.764) [Visual Studio Host (11564):TextEditorDocumentWindowTestExtension] Showing window 'SmartIndentInCSS.css'.
    (28:58.838) [Visual Studio Host (11564):VisualStudioCaretTestExtension] Moving the caret from (Ln: 13, Ch: 8) to (Ln: 11, Ch: 21)
    (28:58.944) [Visual Studio Host (11564):TextEditorDocumentWindowTestExtension] Showing window 'SmartIndentInCSS.css' without activating the window.
    (28:59.012) [Visual Studio Host (11564):TextEditorDocumentWindowTestExtension] Showing window 'SmartIndentInCSS.css'.
    (28:59.087) [Visual Studio Host (11564):KeyboardCommands] Sending the Return key 1 times.
    (28:59.168) [Visual Studio Host (11564):TextEditorDocumentWindowTestExtension] Showing window 'SmartIndentInCSS.css' without activating the window.
    (28:59.258) [Visual Studio Host (11564):TextEditorDocumentWindowTestExtension] Showing window 'SmartIndentInCSS.css'.
    (28:59.462) [Visual Studio Host (11564):VisualStudioTextEditingActions] Inserting text combine CRLF as single return: 'foo' at the current caret position: '(Ln: 12, Ch: 11)'
    (28:59.569) [Visual Studio Host (11564):TextEditorDocumentWindowTestExtension] Showing window 'SmartIndentInCSS.css' without activating the window.
    (28:59.659) [Visual Studio Host (11564):TextEditorDocumentWindowTestExtension] Showing window 'SmartIndentInCSS.css'.
    (28:59.736) [Visual Studio Host (11564):TextEditorDocumentWindowTestExtension] Showing window 'SmartIndentInCSS.css' without activating the window.
    (28:59.876) [Visual Studio Host (11564):TextEditorDocumentWindowTestExtension] Showing window 'SmartIndentInCSS.css'.
    (28:59.952) [Visual Studio Host (11564):VisualStudioCaretTestExtension] Moving the caret from (Ln: 12, Ch: 8) to (Ln: 8, Ch: 13)
    (29:00.036) [Visual Studio Host (11564):TextEditorDocumentWindowTestExtension] Showing window 'SmartIndentInCSS.css' without activating the window.
    (29:00.099) [Visual Studio Host (11564):TextEditorDocumentWindowTestExtension] Showing window 'SmartIndentInCSS.css'.
    (29:00.168) [Visual Studio Host (11564):KeyboardCommands] Sending the Return key 1 times.
    (29:00.245) [Visual Studio Host (11564):TextEditorDocumentWindowTestExtension] Showing window 'SmartIndentInCSS.css' without activating the window.
    (29:00.348) [Visual Studio Host (11564):TextEditorDocumentWindowTestExtension] Showing window 'SmartIndentInCSS.css'.
    (29:00.513) [Visual Studio Host (11564):VisualStudioTextEditingActions] Inserting text combine CRLF as single return: 'foo' at the current caret position: '(Ln: 9, Ch: 3)'
    (29:00.625) [Visual Studio Host (11564):TextEditorDocumentWindowTestExtension] Showing window 'SmartIndentInCSS.css' without activating the window.
    (29:00.695) [Visual Studio Host (11564):TextEditorDocumentWindowTestExtension] Showing window 'SmartIndentInCSS.css'.
    (29:00.910) [Visual Studio Host (11564):TextEditorDocumentWindowTestExtension] Showing window 'SmartIndentInCSS.css' without activating the window.
    (29:01.000) [Visual Studio Host (11564):TextEditorDocumentWindowTestExtension] Showing window 'SmartIndentInCSS.css'.
    (29:01.073) [Visual Studio Host (11564):VisualStudioCaretTestExtension] Moving the caret from (Ln: 9, Ch: 6) to (Ln: 7, Ch: 11)
    (29:01.165) [Visual Studio Host (11564):TextEditorDocumentWindowTestExtension] Showing window 'SmartIndentInCSS.css' without activating the window.
    (29:01.241) [Visual Studio Host (11564):TextEditorDocumentWindowTestExtension] Showing window 'SmartIndentInCSS.css'.
    (29:01.327) [Visual Studio Host (11564):KeyboardCommands] Sending the Return key 1 times.
    (29:01.411) [Visual Studio Host (11564):TextEditorDocumentWindowTestExtension] Showing window 'SmartIndentInCSS.css' without activating the window.
    (29:01.493) [Visual Studio Host (11564):TextEditorDocumentWindowTestExtension] Showing window 'SmartIndentInCSS.css'.
    (29:01.679) [Visual Studio Host (11564):VisualStudioTextEditingActions] Inserting text combine CRLF as single return: 'foo' at the current caret position: '(Ln: 8, Ch: 3)'
    (29:01.785) [Visual Studio Host (11564):TextEditorDocumentWindowTestExtension] Showing window 'SmartIndentInCSS.css' without activating the window.
    (29:01.851) [Visual Studio Host (11564):TextEditorDocumentWindowTestExtension] Showing window 'SmartIndentInCSS.css'.
    (29:01.936) [Visual Studio Host (11564):TextEditorDocumentWindowTestExtension] Showing window 'SmartIndentInCSS.css' without activating the window.
    (29:02.066) [Visual Studio Host (11564):TextEditorDocumentWindowTestExtension] Showing window 'SmartIndentInCSS.css'.
    (29:02.157) [Visual Studio Host (11564):VisualStudioCaretTestExtension] Moving the caret from (Ln: 8, Ch: 6) to (Ln: 4, Ch: 17)
    (29:02.258) [Visual Studio Host (11564):TextEditorDocumentWindowTestExtension] Showing window 'SmartIndentInCSS.css' without activating the window.
    (29:02.348) [Visual Studio Host (11564):TextEditorDocumentWindowTestExtension] Showing window 'SmartIndentInCSS.css'.
    (29:02.420) [Visual Studio Host (11564):KeyboardCommands] Sending the Return key 1 times.
    (29:02.488) [Visual Studio Host (11564):TextEditorDocumentWindowTestExtension] Showing window 'SmartIndentInCSS.css' without activating the window.
    (29:02.555) [Visual Studio Host (11564):TextEditorDocumentWindowTestExtension] Showing window 'SmartIndentInCSS.css'.
    (29:02.618) [Visual Studio Host (11564):VisualStudioTextEditingActions] Inserting text combine CRLF as single return: 'foo' at the current caret position: '(Ln: 5, Ch: 9)'
    (29:02.783) [Visual Studio Host (11564):TextEditorDocumentWindowTestExtension] Showing window 'SmartIndentInCSS.css' without activating the window.
    (29:02.872) [Visual Studio Host (11564):TextEditorDocumentWindowTestExtension] Showing window 'SmartIndentInCSS.css'.
    (29:02.945) [Visual Studio Host (11564):TextEditorDocumentWindowTestExtension] Showing window 'SmartIndentInCSS.css' without activating the window.
    (29:03.085) [Visual Studio Host (11564):TextEditorDocumentWindowTestExtension] Showing window 'SmartIndentInCSS.css'.
    (29:03.160) [Visual Studio Host (11564):VisualStudioCaretTestExtension] Moving the caret from (Ln: 5, Ch: 6) to (Ln: 3, Ch: 23)
    (29:03.238) [Visual Studio Host (11564):TextEditorDocumentWindowTestExtension] Showing window 'SmartIndentInCSS.css' without activating the window.
    (29:03.301) [Visual Studio Host (11564):TextEditorDocumentWindowTestExtension] Showing window 'SmartIndentInCSS.css'.
    (29:03.359) [Visual Studio Host (11564):KeyboardCommands] Sending the Return key 1 times.
    (29:03.467) [Visual Studio Host (11564):TextEditorDocumentWindowTestExtension] Showing window 'SmartIndentInCSS.css' without activating the window.
    (29:03.542) [Visual Studio Host (11564):TextEditorDocumentWindowTestExtension] Showing window 'SmartIndentInCSS.css'.
    (29:03.683) [Visual Studio Host (11564):VisualStudioTextEditingActions] Inserting text combine CRLF as single return: 'foo' at the current caret position: '(Ln: 4, Ch: 21)'
    (29:03.758) [Visual Studio Host (11564):TextEditorDocumentWindowTestExtension] Showing window 'SmartIndentInCSS.css' without activating the window.
    (29:03.827) [Visual Studio Host (11564):TextEditorDocumentWindowTestExtension] Showing window 'SmartIndentInCSS.css'.
    (29:03.900) [Visual Studio Host (11564):TextEditorDocumentWindowTestExtension] Showing window 'SmartIndentInCSS.css' without activating the window.
    (29:04.023) [Visual Studio Host (11564):TextEditorDocumentWindowTestExtension] Showing window 'SmartIndentInCSS.css'.
    (29:04.089) [Visual Studio Host (11564):VisualStudioCaretTestExtension] Moving the caret from (Ln: 4, Ch: 9) to (Ln: 3, Ch: 15)
    (29:04.148) [Visual Studio Host (11564):TextEditorDocumentWindowTestExtension] Showing window 'SmartIndentInCSS.css' without activating the window.
    (29:04.200) [Visual Studio Host (11564):TextEditorDocumentWindowTestExtension] Showing window 'SmartIndentInCSS.css'.
    (29:04.260) [Visual Studio Host (11564):KeyboardCommands] Sending the Return key 1 times.
    (29:04.320) [Visual Studio Host (11564):TextEditorDocumentWindowTestExtension] Showing window 'SmartIndentInCSS.css' without activating the window.
    (29:04.374) [Visual Studio Host (11564):TextEditorDocumentWindowTestExtension] Showing window 'SmartIndentInCSS.css'.
    (29:04.442) [Visual Studio Host (11564):VisualStudioTextEditingActions] Inserting text combine CRLF as single return: 'foo' at the current caret position: '(Ln: 4, Ch: 13)'
    (29:04.568) [Visual Studio Host (11564):TextEditorDocumentWindowTestExtension] Showing window 'SmartIndentInCSS.css' without activating the window.
    (29:04.654) [Visual Studio Host (11564):TextEditorDocumentWindowTestExtension] Showing window 'SmartIndentInCSS.css'.
    (29:04.730) [Visual Studio Host (11564):TextEditorDocumentWindowTestExtension] Showing window 'SmartIndentInCSS.css' without activating the window.
    (29:04.863) [Visual Studio Host (11564):TextEditorDocumentWindowTestExtension] Showing window 'SmartIndentInCSS.css'.
    (29:04.933) [Visual Studio Host (11564):VisualStudioCaretTestExtension] Moving the caret from (Ln: 4, Ch: 7) to (Ln: 2, Ch: 11)
    (29:05.014) [Visual Studio Host (11564):TextEditorDocumentWindowTestExtension] Showing window 'SmartIndentInCSS.css' without activating the window.
    (29:05.086) [Visual Studio Host (11564):TextEditorDocumentWindowTestExtension] Showing window 'SmartIndentInCSS.css'.
    (29:05.166) [Visual Studio Host (11564):KeyboardCommands] Sending the Return key 1 times.
    (29:05.260) [Visual Studio Host (11564):TextEditorDocumentWindowTestExtension] Showing window 'SmartIndentInCSS.css' without activating the window.
    (29:05.342) [Visual Studio Host (11564):TextEditorDocumentWindowTestExtension] Showing window 'SmartIndentInCSS.css'.
    (29:05.558) [Visual Studio Host (11564):VisualStudioTextEditingActions] Inserting text combine CRLF as single return: 'foo' at the current caret position: '(Ln: 3, Ch: 9)'
    (29:05.693) [Visual Studio Host (11564):TextEditorDocumentWindowTestExtension] Showing window 'SmartIndentInCSS.css' without activating the window.
    (29:05.758) [Visual Studio Host (11564):TextEditorDocumentWindowTestExtension] Showing window 'SmartIndentInCSS.css'.
    (29:05.837) [Visual Studio Host (11564):TextEditorDocumentWindowTestExtension] Showing window 'SmartIndentInCSS.css' without activating the window.
    (29:06.001) [Visual Studio Host (11564):TextEditorDocumentWindowTestExtension] Showing window 'SmartIndentInCSS.css'.
    + ExternalProcessHostTest TestCleanup
        (29:06.208) [Visual Studio Host (11564):SettingsService] Setting Visual Studio option 'TextEditor\CSS\InsertTabs' to 'False'.
        (29:06.321) [Visual Studio Host (11564):TextEditorDocumentWindowTestExtension] Closing window 'SmartIndentInCSS.css'.
        (29:06.583) [Platform:Testcase] Test 'VSTest_CSS_SmartIndentInCSSWithTabs' has 'Passed' outcome. Therefore, Apex will not shut down the 'Visual Studio Host (11564)' with process ID '11564'. A subsequent test scenario will run on the same instance of the host.
    + Final Test Result Verification
        (29:06.873) [Platform:DelayedAssertionVerifierSink] Verification Success: 0 verification steps failed.
    + ApexTest TestCleanup</StdOut>
      </Output>
      <ResultFiles>
        <ResultFile path="WNVM19648\Fail.azqsczivabnm.png" />
        <ResultFile path="WNVM19648\Fail.ig2gsfz5ad1y.png" />
        <ResultFile path="WNVM19648\Fail.o5zf0zepaw0l.png" />
        <ResultFile path="WNVM19648\OmniLog.html" />
        <ResultFile path="WNVM19648\OmniLogRawXml.xml" />
      </ResultFiles>
    </UnitTestResult>
    <UnitTestResult executionId="e3d3cd07-4c9e-465d-845c-962ad3407bbd" testId="1f15b2c2-4ce8-0b94-c62f-a958e1d0de99" testName="VSTest_CssCompletion_QuoteCommitsValueInSelector" computerName="WNVM19648" duration="00:00:02.3597933" startTime="2018-04-17T00:30:52.8467293-07:00" endTime="2018-04-17T00:30:55.2065226-07:00" testType="13cdc9d9-ddb5-4fa4-a97d-d965ccfc6d4b" outcome="Passed" testListId="8c84fa94-04c1-424b-9868-57a2d4851a1d" relativeResultsDirectory="e3d3cd07-4c9e-465d-845c-962ad3407bbd">
      <Output>
        <StdOut>+ CssCompletionTests::VSTest_CssCompletion_QuoteCommitsValueInSelector
    + ApexTest TestInitialize
    + ExternalProcessHostTest TestInitialize
        (32:34.287) [Visual Studio Host (11564):RoamingSettingsService] Disabling roaming settings.
        (32:34.337) [Visual Studio Host (11564):SettingsService] Setting Visual Studio option 'Environment\RoamingSettings\RoamingEnabled' to 'False'.
        (32:34.572) [Visual Studio Host (11564):TextEditorDocumentWindowTestExtension] Showing window 'empty.css' without activating the window.
        (32:34.648) [Visual Studio Host (11564):TextEditorDocumentWindowTestExtension] Showing window 'empty.css'.
        (32:34.726) [Visual Studio Host (11564):VisualStudioTextEditorTestExtension] Setting keyboard focus to editor 'empty.css'.
        (32:34.780) [Visual Studio Host (11564):MainWindowService] Activating main window to bring it to the foreground.
        (32:34.842) [Visual Studio Host (11564):MainWindowService] Setting main window state to 'Maximized'.
    (32:34.957) [Visual Studio Host (11564):TextEditorDocumentWindowTestExtension] Showing window 'empty.css' without activating the window.
    (32:35.026) [Visual Studio Host (11564):TextEditorDocumentWindowTestExtension] Showing window 'empty.css'.
    (32:35.232) [Visual Studio Host (11564):TextEditorDocumentWindowTestExtension] Showing window 'empty.css' without activating the window.
    (32:35.305) [Visual Studio Host (11564):TextEditorDocumentWindowTestExtension] Showing window 'empty.css'.
    VerificationPass: (32:35.435) [Visual Studio Host (11564):CaretVerifier] Verification passed: The current line text is 'input[type="button"]'; the expected text is 'input[type="button"]'; trim = 'True'; &lt;ComparisonType: OrdinalIgnoreCase&gt;
    + ExternalProcessHostTest TestCleanup
        (32:35.570) [Visual Studio Host (11564):TextEditorDocumentWindowTestExtension] Closing window 'empty.css'.
        (32:35.728) [Platform:Testcase] Test 'VSTest_CssCompletion_QuoteCommitsValueInSelector' has 'Passed' outcome. Therefore, Apex will not shut down the 'Visual Studio Host (11564)' with process ID '11564'. A subsequent test scenario will run on the same instance of the host.
    + Final Test Result Verification
        (32:35.956) [Platform:DelayedAssertionVerifierSink] Verification Success: 0 verification steps failed.
    + ApexTest TestCleanup</StdOut>
      </Output>
      <ResultFiles>
        <ResultFile path="WNVM19648\Fail.azqsczivabnm.png" />
        <ResultFile path="WNVM19648\Fail.ig2gsfz5ad1y.png" />
        <ResultFile path="WNVM19648\Fail.o5zf0zepaw0l.png" />
        <ResultFile path="WNVM19648\OmniLog.html" />
        <ResultFile path="WNVM19648\OmniLogRawXml.xml" />
      </ResultFiles>
    </UnitTestResult>
    <UnitTestResult executionId="bcee39a6-4ae5-4e06-b1e9-17c8a8b291e8" testId="fe43e74a-be9a-f9bb-e464-9c5bdf79df31" testName="VSTest_ScssTyping_MixinIntellisense" computerName="WNVM19648" duration="00:00:00.0699957" startTime="2018-04-17T01:22:17.9486783-07:00" endTime="2018-04-17T01:22:18.0186740-07:00" testType="13cdc9d9-ddb5-4fa4-a97d-d965ccfc6d4b" outcome="Failed" testListId="8c84fa94-04c1-424b-9868-57a2d4851a1d" relativeResultsDirectory="bcee39a6-4ae5-4e06-b1e9-17c8a8b291e8">
      <Output>
        <StdOut>+ ScssCompletionTests::VSTest_ScssTyping_MixinIntellisense</StdOut>
        <ErrorInfo>
          <Message>Initialization method Microsoft.Test.Apex.ExternalProcessHostTest`2[[Microsoft.Test.Apex.VisualStudio.VisualStudioHostConfiguration, Microsoft.Test.Apex.VisualStudio, Version=15.0.0.0, Culture=neutral, PublicKeyToken=b03f5f7f11d50a3a],[Microsoft.Test.Apex.VisualStudio.VisualStudioHost, Microsoft.Test.Apex.VisualStudio, Version=15.0.0.0, Culture=neutral, PublicKeyToken=b03f5f7f11d50a3a]].TestInitialize threw exception. System.IO.IOException: The process cannot access the file 'C:\school\OmniLog.html' because it is being used by another process.</Message>
          <StackTrace>   at System.IO.__Error.WinIOError(Int32 errorCode, String maybeFullPath)
   at System.IO.FileStream.Init(String path, FileMode mode, FileAccess access, Int32 rights, Boolean useRights, FileShare share, Int32 bufferSize, FileOptions options, SECURITY_ATTRIBUTES secAttrs, String msgPath, Boolean bFromProxy, Boolean useLongPath, Boolean checkHost)
   at System.IO.FileStream..ctor(String path, FileMode mode, FileAccess access)
   at Omni.Logging.Sinks.IncrementalSummarySink.PrepareForWrite() in F:\dd\src\Omni\Log\Omni.Log\Sinks\IncrementalSummarySink.cs:line 169
   at Omni.Logging.Sinks.IncrementalSummarySink.Append(ILogMessage message) in F:\dd\src\Omni\Log\Omni.Log\Sinks\IncrementalSummarySink.cs:line 74
   at Omni.Logging.OmniLog.SendToSinks(LogMessage message) in F:\dd\src\Omni\Log\Omni.Log\OmniLog.cs:line 968
   at Omni.Logging.Log.BeginGroup(String message) in F:\dd\src\Omni\Log\Omni.Log\OmniLog.cs:line 1402
   at Microsoft.Test.Apex.Services.Logging.TestLoggerSinks.OmniLog.OmniLogSink.ActualSink.ScopeEntered(IExecutionScopeHandle scope) in F:\dd\src\omni\Apex\MsTestIntegration\Services\OmniLog\OmniLogSink.cs:line 318
   at Microsoft.Test.Apex.Services.Logging.TestLoggerSinks.OmniLog.OmniLogSink.ScopeEntered(IExecutionScopeHandle scope) in F:\dd\src\omni\Apex\MsTestIntegration\Services\OmniLog\OmniLogSink.cs:line 146
   at Microsoft.Test.Apex.Services.ExecutionScopeService.Enter(TestExecutionPoint testExecutionPoint, String scopeName, Boolean enterVerificationScope, Object context) in F:\dd\src\omni\Apex\Framework\Services\ExecutionScope\ExecutionScopeService.cs:line 228
   at Microsoft.Test.Apex.Services.ExecutionScopeService.Enter(String scopeName, Boolean enterVerificationScope, Object context) in F:\dd\src\omni\Apex\Framework\Services\ExecutionScope\ExecutionScopeService.cs:line 202
   at Microsoft.Test.Apex.Services.ExecutionScopeService.Enter(String scopeName) in F:\dd\src\omni\Apex\Framework\Services\ExecutionScope\ExecutionScopeService.cs:line 80
   at Microsoft.Test.Apex.ApexTest.TestInitialize() in F:\dd\src\omni\Apex\MsTestIntegration\ApexTest.cs:line 421
   at Microsoft.Test.Apex.ExternalProcessHostTest`2.TestInitialize() in F:\dd\src\omni\Apex\MsTestIntegration\ExternalProcessHostTest.cs:line 108</StackTrace>
        </ErrorInfo>
      </Output>
    </UnitTestResult>
    <UnitTestResult executionId="d66e05af-0ded-4b83-b5dd-3b5d97286766" testId="0dc71a44-4b8f-1521-6b6a-022911868d84" testName="VSTest_Dump_AutoID" computerName="WNVM19648" duration="00:00:06.2722180" startTime="2018-04-17T00:21:02.8348136-07:00" endTime="2018-04-17T00:21:09.1070316-07:00" testType="13cdc9d9-ddb5-4fa4-a97d-d965ccfc6d4b" outcome="Passed" testListId="8c84fa94-04c1-424b-9868-57a2d4851a1d" relativeResultsDirectory="d66e05af-0ded-4b83-b5dd-3b5d97286766">
      <Output>
        <StdOut>+ AutoIDTests::VSTest_Dump_AutoID
    + ApexTest TestInitialize
    + ExternalProcessHostTest TestInitialize
        (22:44.235) [Visual Studio Host (11564):RoamingSettingsService] Disabling roaming settings.
        (22:44.295) [Visual Studio Host (11564):SettingsService] Setting Visual Studio option 'Environment\RoamingSettings\RoamingEnabled' to 'False'.
        (22:44.787) [Visual Studio Host (11564):TextEditorDocumentWindowTestExtension] Showing window 'AutoID.aspx' without activating the window.
        (22:44.904) [Visual Studio Host (11564):TextEditorDocumentWindowTestExtension] Showing window 'AutoID.aspx'.
        (22:44.990) [Visual Studio Host (11564):VisualStudioTextEditorTestExtension] Setting keyboard focus to editor 'AutoID.aspx'.
        (22:45.084) [Visual Studio Host (11564):MainWindowService] Activating main window to bring it to the foreground.
        (22:45.135) [Visual Studio Host (11564):MainWindowService] Setting main window state to 'Maximized'.
    (22:48.597) [Visual Studio Host (11564):TextEditorDocumentWindowTestExtension] Showing window 'AutoID.aspx' without activating the window.
    (22:48.715) [Visual Studio Host (11564):TextEditorDocumentWindowTestExtension] Showing window 'AutoID.aspx'.
    (22:49.027) [Visual Studio Host (11564):TextEditorDocumentWindowTestExtension] Showing window 'AutoID.aspx' without activating the window.
    (22:49.161) [Visual Studio Host (11564):TextEditorDocumentWindowTestExtension] Showing window 'AutoID.aspx'.
    + ExternalProcessHostTest TestCleanup
        (22:49.401) [Visual Studio Host (11564):TextEditorDocumentWindowTestExtension] Closing window 'AutoID.aspx'.
        (22:49.651) [Platform:Testcase] Test 'VSTest_Dump_AutoID' has 'Passed' outcome. Therefore, Apex will not shut down the 'Visual Studio Host (11564)' with process ID '11564'. A subsequent test scenario will run on the same instance of the host.
    + Final Test Result Verification
        (22:49.913) [Platform:DelayedAssertionVerifierSink] Verification Success: 0 verification steps failed.
    + ApexTest TestCleanup</StdOut>
      </Output>
      <ResultFiles>
        <ResultFile path="WNVM19648\Fail.azqsczivabnm.png" />
        <ResultFile path="WNVM19648\Fail.ig2gsfz5ad1y.png" />
        <ResultFile path="WNVM19648\Fail.o5zf0zepaw0l.png" />
        <ResultFile path="WNVM19648\OmniLog.html" />
        <ResultFile path="WNVM19648\OmniLogRawXml.xml" />
      </ResultFiles>
    </UnitTestResult>
    <UnitTestResult executionId="7bbbb879-f769-42df-9729-c549a1340f8e" testId="93fbb387-b38f-d07e-d95a-c104766d4c25" testName="VSTest_Html_FormatOnPaste_WithHandleBars" computerName="WNVM19648" duration="00:00:02.8270485" startTime="2018-04-17T00:32:03.8551464-07:00" endTime="2018-04-17T00:32:06.6821949-07:00" testType="13cdc9d9-ddb5-4fa4-a97d-d965ccfc6d4b" outcome="Passed" testListId="8c84fa94-04c1-424b-9868-57a2d4851a1d" relativeResultsDirectory="7bbbb879-f769-42df-9729-c549a1340f8e">
      <Output>
        <StdOut>+ FormatOnPasteTests::VSTest_Html_FormatOnPaste_WithHandleBars
    + ApexTest TestInitialize
    + ExternalProcessHostTest TestInitialize
        (33:45.374) [Visual Studio Host (11564):RoamingSettingsService] Disabling roaming settings.
        (33:45.455) [Visual Studio Host (11564):SettingsService] Setting Visual Studio option 'Environment\RoamingSettings\RoamingEnabled' to 'False'.
        (33:45.802) [Visual Studio Host (11564):TextEditorDocumentWindowTestExtension] Showing window 'Default.html' without activating the window.
        (33:45.914) [Visual Studio Host (11564):TextEditorDocumentWindowTestExtension] Showing window 'Default.html'.
        (33:46.018) [Visual Studio Host (11564):VisualStudioTextEditorTestExtension] Setting keyboard focus to editor 'Default.html'.
        (33:46.091) [Visual Studio Host (11564):MainWindowService] Activating main window to bring it to the foreground.
        (33:46.168) [Visual Studio Host (11564):MainWindowService] Setting main window state to 'Maximized'.
    (33:46.300) [Visual Studio Host (11564):TextEditorDocumentWindowTestExtension] Showing window 'Default.html' without activating the window.
    (33:46.378) [Visual Studio Host (11564):TextEditorDocumentWindowTestExtension] Showing window 'Default.html'.
    (33:46.456) [Visual Studio Host (11564):VisualStudioCaretTestExtension] Moving the caret from (Ln: 1, Ch: 1) to (Ln: 9, Ch: 1)
    (33:46.590) [Visual Studio Host (11564):TextEditorDocumentWindowTestExtension] Showing window 'Default.html' without activating the window.
    (33:46.674) [Visual Studio Host (11564):TextEditorDocumentWindowTestExtension] Showing window 'Default.html'.
    + ExternalProcessHostTest TestCleanup
        (33:46.832) [Visual Studio Host (11564):TextEditorDocumentWindowTestExtension] Closing window 'Default.html'.
        (33:47.044) [Platform:Testcase] Test 'VSTest_Html_FormatOnPaste_WithHandleBars' has 'Passed' outcome. Therefore, Apex will not shut down the 'Visual Studio Host (11564)' with process ID '11564'. A subsequent test scenario will run on the same instance of the host.
    + Final Test Result Verification
        (33:47.285) [Platform:DelayedAssertionVerifierSink] Verification Success: 0 verification steps failed.
    + ApexTest TestCleanup</StdOut>
      </Output>
      <ResultFiles>
        <ResultFile path="WNVM19648\Fail.azqsczivabnm.png" />
        <ResultFile path="WNVM19648\Fail.ig2gsfz5ad1y.png" />
        <ResultFile path="WNVM19648\Fail.o5zf0zepaw0l.png" />
        <ResultFile path="WNVM19648\OmniLog.html" />
        <ResultFile path="WNVM19648\OmniLogRawXml.xml" />
      </ResultFiles>
    </UnitTestResult>
    <UnitTestResult executionId="203859b7-6ced-41b3-83df-fedcacdce6a6" testId="25775317-e5d3-567f-a12e-9d47ad53d076" testName="VSTest_ScssCompletion_AllowedImportFileExtension" computerName="WNVM19648" duration="00:00:06.0920152" startTime="2018-04-17T01:22:18.0196707-07:00" endTime="2018-04-17T01:22:24.1116859-07:00" testType="13cdc9d9-ddb5-4fa4-a97d-d965ccfc6d4b" outcome="Passed" testListId="8c84fa94-04c1-424b-9868-57a2d4851a1d" relativeResultsDirectory="203859b7-6ced-41b3-83df-fedcacdce6a6">
      <Output>
        <StdOut>+ ScssCompletionTests::VSTest_ScssCompletion_AllowedImportFileExtension
    + ApexTest TestInitialize
    + ExternalProcessHostTest TestInitialize
        (01:23:59.930) [Visual Studio Host (10528):RoamingSettingsService] Disabling roaming settings.
        (01:24:00.063) [Visual Studio Host (10528):SettingsService] Setting Visual Studio option 'Environment\RoamingSettings\RoamingEnabled' to 'False'.
        (01:24:00.504) [Visual Studio Host (10528):TextEditorDocumentWindowTestExtension] Showing window 'ScssFile.scss' without activating the window.
        (01:24:00.732) [Visual Studio Host (10528):TextEditorDocumentWindowTestExtension] Showing window 'ScssFile.scss'.
        (01:24:00.938) [Visual Studio Host (10528):VisualStudioTextEditorTestExtension] Setting keyboard focus to editor 'ScssFile.scss'.
        (01:24:01.105) [Visual Studio Host (10528):MainWindowService] Activating main window to bring it to the foreground.
        (01:24:01.319) [Visual Studio Host (10528):MainWindowService] Setting main window state to 'Maximized'.
    (01:24:01.616) [Visual Studio Host (10528):TextEditorDocumentWindowTestExtension] Showing window 'ScssFile.scss' without activating the window.
    (01:24:01.794) [Visual Studio Host (10528):TextEditorDocumentWindowTestExtension] Showing window 'ScssFile.scss'.
    (01:24:02.003) [Visual Studio Host (10528):VisualStudioCaretTestExtension] Moving the caret to '' at (Ln: 1, Ch: 8) based on a regular expression.  Expression = "@import()" [group index '1', match index '1', options 'Singleline, CultureInvariant']
    (01:24:02.187) [Visual Studio Host (10528):TextEditorDocumentWindowTestExtension] Showing window 'ScssFile.scss' without activating the window.
    (01:24:02.345) [Visual Studio Host (10528):TextEditorDocumentWindowTestExtension] Showing window 'ScssFile.scss'.
    (01:24:02.610) [Visual Studio Host (10528):TextEditorDocumentWindowTestExtension] Showing window 'ScssFile.scss' without activating the window.
    (01:24:02.825) [Visual Studio Host (10528):TextEditorDocumentWindowTestExtension] Showing window 'ScssFile.scss'.
    (01:24:03.035) [Visual Studio Host (10528):VisualStudioIntellisenseService] Getting the active completion at position '(Ln: 1, Ch: 10)'.
    (01:24:03.204) [Visual Studio Host (10528):VisualStudioCompletionListTestExtension] Retrieved '4' completion items.
    (01:24:03.377) [Visual Studio Host (10528):VisualStudioCompletionListTestExtension] Dismissing completion session.
    + ExternalProcessHostTest TestCleanup
        (01:24:03.705) [Visual Studio Host (10528):TextEditorDocumentWindowTestExtension] Closing window 'ScssFile.scss'.
        (01:24:03.962) [Platform:Testcase] Test 'VSTest_ScssCompletion_AllowedImportFileExtension' has 'Passed' outcome. Therefore, Apex will not shut down the 'Visual Studio Host (10528)' with process ID '10528'. A subsequent test scenario will run on the same instance of the host.
    + Final Test Result Verification
        (01:24:04.427) [Platform:DelayedAssertionVerifierSink] Verification Success: 0 verification steps failed.
    + ApexTest TestCleanup</StdOut>
      </Output>
      <ResultFiles>
        <ResultFile path="WNVM19648\Fail.aswak04hapa5.png" />
        <ResultFile path="WNVM19648\Fail.azqsczivabnm.png" />
        <ResultFile path="WNVM19648\Fail.byuslv5baqsd.png" />
        <ResultFile path="WNVM19648\Fail.ek4tb3wmalyl.png" />
        <ResultFile path="WNVM19648\Fail.ig2gsfz5ad1y.png" />
        <ResultFile path="WNVM19648\Fail.kxs1ersmaxma.png" />
        <ResultFile path="WNVM19648\Fail.loc0xhl5a2hr.png" />
        <ResultFile path="WNVM19648\Fail.o4kkrjboasbk.png" />
        <ResultFile path="WNVM19648\Fail.o5zf0zepaw0l.png" />
        <ResultFile path="WNVM19648\Fail.raasvsmeanc1.png" />
        <ResultFile path="WNVM19648\Fail.sidku4gxamg4.png" />
        <ResultFile path="WNVM19648\Fail.t4yj0fxuatil.png" />
        <ResultFile path="WNVM19648\Fail.z10rn0n5ajdm.png" />
        <ResultFile path="WNVM19648\OmniLog.html" />
        <ResultFile path="WNVM19648\OmniLogRawXml.xml" />
      </ResultFiles>
    </UnitTestResult>
    <UnitTestResult executionId="b781a3a4-0f88-4762-bea3-21308ff003e6" testId="400cfd64-5cbf-9403-2911-8489236eccf6" testName="VSTest_CssFormatSampleCss_Expanded" computerName="WNVM19648" duration="00:00:02.2158629" startTime="2018-04-17T00:28:40.9056824-07:00" endTime="2018-04-17T00:28:43.1215453-07:00" testType="13cdc9d9-ddb5-4fa4-a97d-d965ccfc6d4b" outcome="Passed" testListId="8c84fa94-04c1-424b-9868-57a2d4851a1d" relativeResultsDirectory="b781a3a4-0f88-4762-bea3-21308ff003e6">
      <Output>
        <StdOut>+ CssFormatTests::VSTest_CssFormatSampleCss_Expanded
    + ApexTest TestInitialize
    + ExternalProcessHostTest TestInitialize
        (30:22.232) [Visual Studio Host (11564):RoamingSettingsService] Disabling roaming settings.
        (30:22.281) [Visual Studio Host (11564):SettingsService] Setting Visual Studio option 'Environment\RoamingSettings\RoamingEnabled' to 'False'.
        (30:22.537) [Visual Studio Host (11564):TextEditorDocumentWindowTestExtension] Showing window 'FormatSampleCss.css' without activating the window.
        (30:22.619) [Visual Studio Host (11564):TextEditorDocumentWindowTestExtension] Showing window 'FormatSampleCss.css'.
        (30:22.694) [Visual Studio Host (11564):VisualStudioTextEditorTestExtension] Setting keyboard focus to editor 'FormatSampleCss.css'.
        (30:22.748) [Visual Studio Host (11564):SettingsService] Getting value of Visual Studio Setting 'TextEditor\CSS Specific\BracePositionStyle'. 
        (30:22.804) [Visual Studio Host (11564):SettingsService] Setting Visual Studio option 'TextEditor\CSS Specific\BracePositionStyle' to '2'.
        (30:22.914) [Visual Studio Host (11564):MainWindowService] Activating main window to bring it to the foreground.
        (30:23.062) [Visual Studio Host (11564):MainWindowService] Setting main window state to 'Maximized'.
    (30:23.222) [Visual Studio Host (11564):TextEditorDocumentWindowTestExtension] Showing window 'FormatSampleCss.css' without activating the window.
    (30:23.299) [Visual Studio Host (11564):TextEditorDocumentWindowTestExtension] Showing window 'FormatSampleCss.css'.
    + ExternalProcessHostTest TestCleanup
        (30:23.460) [Visual Studio Host (11564):SettingsService] Setting Visual Studio option 'TextEditor\CSS Specific\BracePositionStyle' to '1'.
        (30:23.552) [Visual Studio Host (11564):TextEditorDocumentWindowTestExtension] Closing window 'FormatSampleCss.css'.
        (30:23.741) [Platform:Testcase] Test 'VSTest_CssFormatSampleCss_Expanded' has 'Passed' outcome. Therefore, Apex will not shut down the 'Visual Studio Host (11564)' with process ID '11564'. A subsequent test scenario will run on the same instance of the host.
    + Final Test Result Verification
        (30:23.931) [Platform:DelayedAssertionVerifierSink] Verification Success: 0 verification steps failed.
    + ApexTest TestCleanup</StdOut>
      </Output>
      <ResultFiles>
        <ResultFile path="WNVM19648\Fail.azqsczivabnm.png" />
        <ResultFile path="WNVM19648\Fail.ig2gsfz5ad1y.png" />
        <ResultFile path="WNVM19648\Fail.o5zf0zepaw0l.png" />
        <ResultFile path="WNVM19648\OmniLog.html" />
        <ResultFile path="WNVM19648\OmniLogRawXml.xml" />
      </ResultFiles>
    </UnitTestResult>
    <UnitTestResult executionId="7bcbce1a-d73d-4453-a53a-3d034f5a5dc9" testId="68a1a838-5909-b2b0-b18d-c2e2f16c6a40" testName="VSTest_RazorV3Cs_FormatDocument_WithKeepTabsOption" computerName="WNVM19648" duration="00:00:05.4100291" startTime="2018-04-17T01:02:37.4857670-07:00" endTime="2018-04-17T01:02:42.8957961-07:00" testType="13cdc9d9-ddb5-4fa4-a97d-d965ccfc6d4b" outcome="Passed" testListId="8c84fa94-04c1-424b-9868-57a2d4851a1d" relativeResultsDirectory="7bcbce1a-d73d-4453-a53a-3d034f5a5dc9">
      <Output>
        <StdOut>+ CSharpFormattingTests::VSTest_RazorV3Cs_FormatDocument_WithKeepTabsOption
    + ApexTest TestInitialize
    + ExternalProcessHostTest TestInitialize
        (01:04:19.141) [Visual Studio Host (4384):RoamingSettingsService] Disabling roaming settings.
        (01:04:19.265) [Visual Studio Host (4384):SettingsService] Setting Visual Studio option 'Environment\RoamingSettings\RoamingEnabled' to 'False'.
        (01:04:19.570) [Visual Studio Host (4384):TextEditorDocumentWindowTestExtension] Showing window 'FormatDocument.cshtml' without activating the window.
        (01:04:19.756) [Visual Studio Host (4384):TextEditorDocumentWindowTestExtension] Showing window 'FormatDocument.cshtml'.
        (01:04:19.912) [Visual Studio Host (4384):VisualStudioTextEditorTestExtension] Setting keyboard focus to editor 'FormatDocument.cshtml'.
        (01:04:20.071) [Visual Studio Host (4384):SettingsService] Getting value of Visual Studio Setting 'TextEditor\HTMLX\InsertTabs'. 
        (01:04:20.213) [Visual Studio Host (4384):SettingsService] Setting Visual Studio option 'TextEditor\HTMLX\InsertTabs' to 'True'.
        (01:04:20.396) [Visual Studio Host (4384):SettingsService] Getting value of Visual Studio Setting 'TextEditor\HTMLX\IndentSize'. 
        (01:04:20.548) [Visual Studio Host (4384):SettingsService] Setting Visual Studio option 'TextEditor\HTMLX\IndentSize' to '4'.
        (01:04:20.691) [Visual Studio Host (4384):MainWindowService] Activating main window to bring it to the foreground.
        (01:04:20.826) [Visual Studio Host (4384):MainWindowService] Setting main window state to 'Maximized'.
    (01:04:21.513) [Visual Studio Host (4384):TextEditorDocumentWindowTestExtension] Showing window 'FormatDocument.cshtml' without activating the window.
    (01:04:21.695) [Visual Studio Host (4384):TextEditorDocumentWindowTestExtension] Showing window 'FormatDocument.cshtml'.
    + ExternalProcessHostTest TestCleanup
        (01:04:22.037) [Visual Studio Host (4384):SettingsService] Setting Visual Studio option 'TextEditor\HTMLX\InsertTabs' to 'False'.
        (01:04:22.207) [Visual Studio Host (4384):SettingsService] Setting Visual Studio option 'TextEditor\HTMLX\IndentSize' to '4'.
        (01:04:22.408) [Visual Studio Host (4384):TextEditorDocumentWindowTestExtension] Closing window 'FormatDocument.cshtml'.
        (01:04:22.700) [Platform:Testcase] Test 'VSTest_RazorV3Cs_FormatDocument_WithKeepTabsOption' has 'Passed' outcome. Therefore, Apex will not shut down the 'Visual Studio Host (4384)' with process ID '4384'. A subsequent test scenario will run on the same instance of the host.
    + Final Test Result Verification
        (01:04:23.196) [Platform:DelayedAssertionVerifierSink] Verification Success: 0 verification steps failed.
    + ApexTest TestCleanup</StdOut>
      </Output>
      <ResultFiles>
        <ResultFile path="WNVM19648\Fail.azqsczivabnm.png" />
        <ResultFile path="WNVM19648\Fail.ig2gsfz5ad1y.png" />
        <ResultFile path="WNVM19648\Fail.o5zf0zepaw0l.png" />
        <ResultFile path="WNVM19648\Fail.raasvsmeanc1.png" />
        <ResultFile path="WNVM19648\Fail.t4yj0fxuatil.png" />
        <ResultFile path="WNVM19648\Fail.z10rn0n5ajdm.png" />
        <ResultFile path="WNVM19648\OmniLog.html" />
        <ResultFile path="WNVM19648\OmniLogRawXml.xml" />
      </ResultFiles>
    </UnitTestResult>
    <UnitTestResult executionId="a2027da2-2896-49e4-a62a-103776910d88" testId="6c1062d8-5cf3-817d-fd1a-e09612c0efb9" testName="VSTest_SmartIndentInJSInRazorV4" computerName="WNVM19648" duration="00:00:50.2599420" startTime="2018-04-17T01:13:04.1506820-07:00" endTime="2018-04-17T01:13:54.4106240-07:00" testType="13cdc9d9-ddb5-4fa4-a97d-d965ccfc6d4b" outcome="Failed" testListId="8c84fa94-04c1-424b-9868-57a2d4851a1d" relativeResultsDirectory="a2027da2-2896-49e4-a62a-103776910d88">
      <Output>
        <StdOut>+ SmartIndentTests::VSTest_SmartIndentInJSInRazorV4
    + ApexTest TestInitialize
    + ExternalProcessHostTest TestInitialize
        (01:14:46.010) [Visual Studio Host (8016):RoamingSettingsService] Disabling roaming settings.
        (01:14:46.182) [Visual Studio Host (8016):SettingsService] Setting Visual Studio option 'Environment\RoamingSettings\RoamingEnabled' to 'False'.
        (01:14:47.511) [Visual Studio Host (8016):TextEditorDocumentWindowTestExtension] Showing window 'SmartIndentInJSInRazor.cshtml' without activating the window.
        (01:14:47.818) [Visual Studio Host (8016):TextEditorDocumentWindowTestExtension] Showing window 'SmartIndentInJSInRazor.cshtml'.
        (01:14:48.050) [Visual Studio Host (8016):VisualStudioTextEditorTestExtension] Setting keyboard focus to editor 'SmartIndentInJSInRazor.cshtml'.
        (01:14:48.266) [Visual Studio Host (8016):MainWindowService] Activating main window to bring it to the foreground.
        (01:14:48.451) [Visual Studio Host (8016):MainWindowService] Setting main window state to 'Maximized'.
    (01:14:48.840) [Visual Studio Host (8016):TextEditorDocumentWindowTestExtension] Showing window 'SmartIndentInJSInRazor.cshtml' without activating the window.
    (01:14:49.013) [Visual Studio Host (8016):TextEditorDocumentWindowTestExtension] Showing window 'SmartIndentInJSInRazor.cshtml'.
    (01:14:49.172) [Visual Studio Host (8016):VisualStudioCaretTestExtension] Moving the caret to '' at (Ln: 15, Ch: 17) based on a regular expression.  Expression = "&lt;script&gt;()" [group index '1', match index '1', options 'Singleline, CultureInvariant']
    (01:14:50.582) [Visual Studio Host (8016):VisualStudioIntellisenseService] Did not find an active completion session. Please use Verify.IsCompletionListPresent() to make sure that the list is present before requesting the completion session.
    Warning: (01:14:52.131) [Visual Studio Host (8016):VisualStudioIntellisenseService] No active completion sessions were found for editor 'SmartIndentInJSInRazor.cshtml'.
    (01:14:53.632) [Visual Studio Host (8016):VisualStudioIntellisenseService] Invoking Completion member list at '(Ln: 15, Ch: 17)'.
    (01:14:53.805) [Visual Studio Host (8016):VisualStudioIntellisenseService] Did not find an active completion session. Please use Verify.IsCompletionListPresent() to make sure that the list is present before requesting the completion session.
    (01:14:54.194) [Visual Studio Host (8016):VisualStudioIntellisenseService] Did not find an active completion session. Please use Verify.IsCompletionListPresent() to make sure that the list is present before requesting the completion session.
    (01:14:54.536) [Visual Studio Host (8016):VisualStudioIntellisenseService] Did not find an active completion session. Please use Verify.IsCompletionListPresent() to make sure that the list is present before requesting the completion session.
    (01:14:54.902) [Visual Studio Host (8016):VisualStudioIntellisenseService] Failed to invoke completion list within 1s.
    (01:14:55.069) [Visual Studio Host (8016):VisualStudioIntellisenseService] Did not find an active completion session. Please use Verify.IsCompletionListPresent() to make sure that the list is present before requesting the completion session.
    Warning: (01:14:55.247) [Visual Studio Host (8016):VisualStudioIntellisenseService] No active completion sessions were found for editor 'SmartIndentInJSInRazor.cshtml'.
    (01:14:55.525) [Visual Studio Host (8016):VisualStudioIntellisenseService] Did not find an active completion session. Please use Verify.IsCompletionListPresent() to make sure that the list is present before requesting the completion session.
    Warning: (01:14:55.732) [Visual Studio Host (8016):VisualStudioIntellisenseService] No active completion sessions were found for editor 'SmartIndentInJSInRazor.cshtml'.
    (01:14:56.032) [Visual Studio Host (8016):VisualStudioIntellisenseService] Did not find an active completion session. Please use Verify.IsCompletionListPresent() to make sure that the list is present before requesting the completion session.
    Warning: (01:14:56.204) [Visual Studio Host (8016):VisualStudioIntellisenseService] No active completion sessions were found for editor 'SmartIndentInJSInRazor.cshtml'.
    (01:14:56.524) [Visual Studio Host (8016):VisualStudioIntellisenseService] Did not find an active completion session. Please use Verify.IsCompletionListPresent() to make sure that the list is present before requesting the completion session.
    Warning: (01:14:56.720) [Visual Studio Host (8016):VisualStudioIntellisenseService] No active completion sessions were found for editor 'SmartIndentInJSInRazor.cshtml'.
    (01:14:57.160) [Visual Studio Host (8016):VisualStudioIntellisenseService] Did not find an active completion session. Please use Verify.IsCompletionListPresent() to make sure that the list is present before requesting the completion session.
    Warning: (01:14:57.400) [Visual Studio Host (8016):VisualStudioIntellisenseService] No active completion sessions were found for editor 'SmartIndentInJSInRazor.cshtml'.
    (01:14:57.769) [Visual Studio Host (8016):VisualStudioIntellisenseService] Did not find an active completion session. Please use Verify.IsCompletionListPresent() to make sure that the list is present before requesting the completion session.
    Warning: (01:14:58.038) [Visual Studio Host (8016):VisualStudioIntellisenseService] No active completion sessions were found for editor 'SmartIndentInJSInRazor.cshtml'.
    (01:14:58.391) [Visual Studio Host (8016):VisualStudioIntellisenseService] Invoking Completion member list at '(Ln: 15, Ch: 17)'.
    (01:14:58.691) [Visual Studio Host (8016):VisualStudioIntellisenseService] Did not find an active completion session. Please use Verify.IsCompletionListPresent() to make sure that the list is present before requesting the completion session.
    (01:14:59.207) [Visual Studio Host (8016):VisualStudioIntellisenseService] Did not find an active completion session. Please use Verify.IsCompletionListPresent() to make sure that the list is present before requesting the completion session.
    (01:14:59.662) [Visual Studio Host (8016):VisualStudioIntellisenseService] Did not find an active completion session. Please use Verify.IsCompletionListPresent() to make sure that the list is present before requesting the completion session.
    (01:15:00.064) [Visual Studio Host (8016):VisualStudioIntellisenseService] Failed to invoke completion list within 1s.
    (01:15:00.249) [Visual Studio Host (8016):VisualStudioIntellisenseService] Did not find an active completion session. Please use Verify.IsCompletionListPresent() to make sure that the list is present before requesting the completion session.
    Warning: (01:15:00.439) [Visual Studio Host (8016):VisualStudioIntellisenseService] No active completion sessions were found for editor 'SmartIndentInJSInRazor.cshtml'.
    (01:15:00.715) [Visual Studio Host (8016):VisualStudioIntellisenseService] Did not find an active completion session. Please use Verify.IsCompletionListPresent() to make sure that the list is present before requesting the completion session.
    Warning: (01:15:00.880) [Visual Studio Host (8016):VisualStudioIntellisenseService] No active completion sessions were found for editor 'SmartIndentInJSInRazor.cshtml'.
    (01:15:01.157) [Visual Studio Host (8016):VisualStudioIntellisenseService] Did not find an active completion session. Please use Verify.IsCompletionListPresent() to make sure that the list is present before requesting the completion session.
    Warning: (01:15:01.349) [Visual Studio Host (8016):VisualStudioIntellisenseService] No active completion sessions were found for editor 'SmartIndentInJSInRazor.cshtml'.
    (01:15:01.628) [Visual Studio Host (8016):VisualStudioIntellisenseService] Did not find an active completion session. Please use Verify.IsCompletionListPresent() to make sure that the list is present before requesting the completion session.
    Warning: (01:15:01.814) [Visual Studio Host (8016):VisualStudioIntellisenseService] No active completion sessions were found for editor 'SmartIndentInJSInRazor.cshtml'.
    (01:15:02.095) [Visual Studio Host (8016):VisualStudioIntellisenseService] Did not find an active completion session. Please use Verify.IsCompletionListPresent() to make sure that the list is present before requesting the completion session.
    Warning: (01:15:02.290) [Visual Studio Host (8016):VisualStudioIntellisenseService] No active completion sessions were found for editor 'SmartIndentInJSInRazor.cshtml'.
    (01:15:02.587) [Visual Studio Host (8016):VisualStudioIntellisenseService] Did not find an active completion session. Please use Verify.IsCompletionListPresent() to make sure that the list is present before requesting the completion session.
    Warning: (01:15:02.779) [Visual Studio Host (8016):VisualStudioIntellisenseService] No active completion sessions were found for editor 'SmartIndentInJSInRazor.cshtml'.
    (01:15:02.965) [Visual Studio Host (8016):VisualStudioIntellisenseService] Invoking Completion member list at '(Ln: 15, Ch: 17)'.
    (01:15:03.153) [Visual Studio Host (8016):VisualStudioIntellisenseService] Did not find an active completion session. Please use Verify.IsCompletionListPresent() to make sure that the list is present before requesting the completion session.
    (01:15:03.558) [Visual Studio Host (8016):VisualStudioIntellisenseService] Did not find an active completion session. Please use Verify.IsCompletionListPresent() to make sure that the list is present before requesting the completion session.
    (01:15:03.960) [Visual Studio Host (8016):VisualStudioIntellisenseService] Did not find an active completion session. Please use Verify.IsCompletionListPresent() to make sure that the list is present before requesting the completion session.
    (01:15:04.363) [Visual Studio Host (8016):VisualStudioIntellisenseService] Failed to invoke completion list within 1s.
    (01:15:04.544) [Visual Studio Host (8016):VisualStudioIntellisenseService] Did not find an active completion session. Please use Verify.IsCompletionListPresent() to make sure that the list is present before requesting the completion session.
    Warning: (01:15:04.707) [Visual Studio Host (8016):VisualStudioIntellisenseService] No active completion sessions were found for editor 'SmartIndentInJSInRazor.cshtml'.
    (01:15:04.985) [Visual Studio Host (8016):VisualStudioIntellisenseService] Did not find an active completion session. Please use Verify.IsCompletionListPresent() to make sure that the list is present before requesting the completion session.
    Warning: (01:15:05.180) [Visual Studio Host (8016):VisualStudioIntellisenseService] No active completion sessions were found for editor 'SmartIndentInJSInRazor.cshtml'.
    (01:15:05.454) [Visual Studio Host (8016):VisualStudioIntellisenseService] Did not find an active completion session. Please use Verify.IsCompletionListPresent() to make sure that the list is present before requesting the completion session.
    Warning: (01:15:05.610) [Visual Studio Host (8016):VisualStudioIntellisenseService] No active completion sessions were found for editor 'SmartIndentInJSInRazor.cshtml'.
    (01:15:05.869) [Visual Studio Host (8016):VisualStudioIntellisenseService] Did not find an active completion session. Please use Verify.IsCompletionListPresent() to make sure that the list is present before requesting the completion session.
    Warning: (01:15:06.034) [Visual Studio Host (8016):VisualStudioIntellisenseService] No active completion sessions were found for editor 'SmartIndentInJSInRazor.cshtml'.
    (01:15:06.326) [Visual Studio Host (8016):VisualStudioIntellisenseService] Did not find an active completion session. Please use Verify.IsCompletionListPresent() to make sure that the list is present before requesting the completion session.
    Warning: (01:15:06.517) [Visual Studio Host (8016):VisualStudioIntellisenseService] No active completion sessions were found for editor 'SmartIndentInJSInRazor.cshtml'.
    (01:15:06.824) [Visual Studio Host (8016):VisualStudioIntellisenseService] Did not find an active completion session. Please use Verify.IsCompletionListPresent() to make sure that the list is present before requesting the completion session.
    Warning: (01:15:06.990) [Visual Studio Host (8016):VisualStudioIntellisenseService] No active completion sessions were found for editor 'SmartIndentInJSInRazor.cshtml'.
    (01:15:07.163) [Visual Studio Host (8016):VisualStudioIntellisenseService] Invoking Completion member list at '(Ln: 15, Ch: 17)'.
    (01:15:07.379) [Visual Studio Host (8016):VisualStudioIntellisenseService] Did not find an active completion session. Please use Verify.IsCompletionListPresent() to make sure that the list is present before requesting the completion session.
    (01:15:07.757) [Visual Studio Host (8016):VisualStudioIntellisenseService] Did not find an active completion session. Please use Verify.IsCompletionListPresent() to make sure that the list is present before requesting the completion session.
    (01:15:08.108) [Visual Studio Host (8016):VisualStudioIntellisenseService] Did not find an active completion session. Please use Verify.IsCompletionListPresent() to make sure that the list is present before requesting the completion session.
    (01:15:08.487) [Visual Studio Host (8016):VisualStudioIntellisenseService] Failed to invoke completion list within 1s.
    (01:15:08.678) [Visual Studio Host (8016):VisualStudioIntellisenseService] Did not find an active completion session. Please use Verify.IsCompletionListPresent() to make sure that the list is present before requesting the completion session.
    Warning: (01:15:08.855) [Visual Studio Host (8016):VisualStudioIntellisenseService] No active completion sessions were found for editor 'SmartIndentInJSInRazor.cshtml'.
    (01:15:09.141) [Visual Studio Host (8016):VisualStudioIntellisenseService] Did not find an active completion session. Please use Verify.IsCompletionListPresent() to make sure that the list is present before requesting the completion session.
    Warning: (01:15:09.317) [Visual Studio Host (8016):VisualStudioIntellisenseService] No active completion sessions were found for editor 'SmartIndentInJSInRazor.cshtml'.
    (01:15:09.600) [Visual Studio Host (8016):VisualStudioIntellisenseService] Did not find an active completion session. Please use Verify.IsCompletionListPresent() to make sure that the list is present before requesting the completion session.
    Warning: (01:15:09.749) [Visual Studio Host (8016):VisualStudioIntellisenseService] No active completion sessions were found for editor 'SmartIndentInJSInRazor.cshtml'.
    (01:15:10.013) [Visual Studio Host (8016):VisualStudioIntellisenseService] Did not find an active completion session. Please use Verify.IsCompletionListPresent() to make sure that the list is present before requesting the completion session.
    Warning: (01:15:10.206) [Visual Studio Host (8016):VisualStudioIntellisenseService] No active completion sessions were found for editor 'SmartIndentInJSInRazor.cshtml'.
    (01:15:10.488) [Visual Studio Host (8016):VisualStudioIntellisenseService] Did not find an active completion session. Please use Verify.IsCompletionListPresent() to make sure that the list is present before requesting the completion session.
    Warning: (01:15:10.630) [Visual Studio Host (8016):VisualStudioIntellisenseService] No active completion sessions were found for editor 'SmartIndentInJSInRazor.cshtml'.
    (01:15:10.777) [Visual Studio Host (8016):VisualStudioIntellisenseService] Did not find an active completion session. Please use Verify.IsCompletionListPresent() to make sure that the list is present before requesting the completion session.
    Warning: (01:15:10.930) [Visual Studio Host (8016):VisualStudioIntellisenseService] No active completion sessions were found for editor 'SmartIndentInJSInRazor.cshtml'.
    (01:15:11.102) [Visual Studio Host (8016):VisualStudioIntellisenseService] Invoking Completion member list at '(Ln: 15, Ch: 17)'.
    (01:15:11.268) [Visual Studio Host (8016):VisualStudioIntellisenseService] Did not find an active completion session. Please use Verify.IsCompletionListPresent() to make sure that the list is present before requesting the completion session.
    (01:15:11.659) [Visual Studio Host (8016):VisualStudioIntellisenseService] Did not find an active completion session. Please use Verify.IsCompletionListPresent() to make sure that the list is present before requesting the completion session.
    (01:15:12.049) [Visual Studio Host (8016):VisualStudioIntellisenseService] Did not find an active completion session. Please use Verify.IsCompletionListPresent() to make sure that the list is present before requesting the completion session.
    (01:15:12.401) [Visual Studio Host (8016):VisualStudioIntellisenseService] Failed to invoke completion list within 1s.
    (01:15:12.577) [Visual Studio Host (8016):VisualStudioIntellisenseService] Did not find an active completion session. Please use Verify.IsCompletionListPresent() to make sure that the list is present before requesting the completion session.
    Warning: (01:15:12.704) [Visual Studio Host (8016):VisualStudioIntellisenseService] No active completion sessions were found for editor 'SmartIndentInJSInRazor.cshtml'.
    (01:15:12.943) [Visual Studio Host (8016):VisualStudioIntellisenseService] Did not find an active completion session. Please use Verify.IsCompletionListPresent() to make sure that the list is present before requesting the completion session.
    Warning: (01:15:13.072) [Visual Studio Host (8016):VisualStudioIntellisenseService] No active completion sessions were found for editor 'SmartIndentInJSInRazor.cshtml'.
    (01:15:13.318) [Visual Studio Host (8016):VisualStudioIntellisenseService] Did not find an active completion session. Please use Verify.IsCompletionListPresent() to make sure that the list is present before requesting the completion session.
    Warning: (01:15:13.469) [Visual Studio Host (8016):VisualStudioIntellisenseService] No active completion sessions were found for editor 'SmartIndentInJSInRazor.cshtml'.
    (01:15:13.715) [Visual Studio Host (8016):VisualStudioIntellisenseService] Did not find an active completion session. Please use Verify.IsCompletionListPresent() to make sure that the list is present before requesting the completion session.
    Warning: (01:15:13.849) [Visual Studio Host (8016):VisualStudioIntellisenseService] No active completion sessions were found for editor 'SmartIndentInJSInRazor.cshtml'.
    (01:15:14.083) [Visual Studio Host (8016):VisualStudioIntellisenseService] Did not find an active completion session. Please use Verify.IsCompletionListPresent() to make sure that the list is present before requesting the completion session.
    Warning: (01:15:14.239) [Visual Studio Host (8016):VisualStudioIntellisenseService] No active completion sessions were found for editor 'SmartIndentInJSInRazor.cshtml'.
    (01:15:14.498) [Visual Studio Host (8016):VisualStudioIntellisenseService] Did not find an active completion session. Please use Verify.IsCompletionListPresent() to make sure that the list is present before requesting the completion session.
    Warning: (01:15:14.643) [Visual Studio Host (8016):VisualStudioIntellisenseService] No active completion sessions were found for editor 'SmartIndentInJSInRazor.cshtml'.
    (01:15:14.922) [Visual Studio Host (8016):VisualStudioIntellisenseService] Did not find an active completion session. Please use Verify.IsCompletionListPresent() to make sure that the list is present before requesting the completion session.
    Warning: (01:15:15.098) [Visual Studio Host (8016):VisualStudioIntellisenseService] No active completion sessions were found for editor 'SmartIndentInJSInRazor.cshtml'.
    (01:15:15.277) [Visual Studio Host (8016):VisualStudioIntellisenseService] Invoking Completion member list at '(Ln: 15, Ch: 17)'.
    (01:15:15.455) [Visual Studio Host (8016):VisualStudioIntellisenseService] Did not find an active completion session. Please use Verify.IsCompletionListPresent() to make sure that the list is present before requesting the completion session.
    (01:15:15.851) [Visual Studio Host (8016):VisualStudioIntellisenseService] Did not find an active completion session. Please use Verify.IsCompletionListPresent() to make sure that the list is present before requesting the completion session.
    (01:15:16.264) [Visual Studio Host (8016):VisualStudioIntellisenseService] Did not find an active completion session. Please use Verify.IsCompletionListPresent() to make sure that the list is present before requesting the completion session.
    (01:15:16.643) [Visual Studio Host (8016):VisualStudioIntellisenseService] Failed to invoke completion list within 1s.
    (01:15:16.791) [Visual Studio Host (8016):VisualStudioIntellisenseService] Did not find an active completion session. Please use Verify.IsCompletionListPresent() to make sure that the list is present before requesting the completion session.
    Warning: (01:15:16.956) [Visual Studio Host (8016):VisualStudioIntellisenseService] No active completion sessions were found for editor 'SmartIndentInJSInRazor.cshtml'.
    (01:15:17.257) [Visual Studio Host (8016):VisualStudioIntellisenseService] Did not find an active completion session. Please use Verify.IsCompletionListPresent() to make sure that the list is present before requesting the completion session.
    Warning: (01:15:17.404) [Visual Studio Host (8016):VisualStudioIntellisenseService] No active completion sessions were found for editor 'SmartIndentInJSInRazor.cshtml'.
    (01:15:17.672) [Visual Studio Host (8016):VisualStudioIntellisenseService] Did not find an active completion session. Please use Verify.IsCompletionListPresent() to make sure that the list is present before requesting the completion session.
    Warning: (01:15:17.860) [Visual Studio Host (8016):VisualStudioIntellisenseService] No active completion sessions were found for editor 'SmartIndentInJSInRazor.cshtml'.
    (01:15:18.160) [Visual Studio Host (8016):VisualStudioIntellisenseService] Did not find an active completion session. Please use Verify.IsCompletionListPresent() to make sure that the list is present before requesting the completion session.
    Warning: (01:15:18.302) [Visual Studio Host (8016):VisualStudioIntellisenseService] No active completion sessions were found for editor 'SmartIndentInJSInRazor.cshtml'.
    (01:15:18.603) [Visual Studio Host (8016):VisualStudioIntellisenseService] Did not find an active completion session. Please use Verify.IsCompletionListPresent() to make sure that the list is present before requesting the completion session.
    Warning: (01:15:18.788) [Visual Studio Host (8016):VisualStudioIntellisenseService] No active completion sessions were found for editor 'SmartIndentInJSInRazor.cshtml'.
    (01:15:19.080) [Visual Studio Host (8016):VisualStudioIntellisenseService] Did not find an active completion session. Please use Verify.IsCompletionListPresent() to make sure that the list is present before requesting the completion session.
    Warning: (01:15:19.253) [Visual Studio Host (8016):VisualStudioIntellisenseService] No active completion sessions were found for editor 'SmartIndentInJSInRazor.cshtml'.
    (01:15:19.404) [Visual Studio Host (8016):VisualStudioIntellisenseService] Invoking Completion member list at '(Ln: 15, Ch: 17)'.
    (01:15:19.596) [Visual Studio Host (8016):VisualStudioIntellisenseService] Did not find an active completion session. Please use Verify.IsCompletionListPresent() to make sure that the list is present before requesting the completion session.
    (01:15:20.027) [Visual Studio Host (8016):VisualStudioIntellisenseService] Did not find an active completion session. Please use Verify.IsCompletionListPresent() to make sure that the list is present before requesting the completion session.
    (01:15:20.439) [Visual Studio Host (8016):VisualStudioIntellisenseService] Did not find an active completion session. Please use Verify.IsCompletionListPresent() to make sure that the list is present before requesting the completion session.
    (01:15:20.825) [Visual Studio Host (8016):VisualStudioIntellisenseService] Failed to invoke completion list within 1s.
    (01:15:20.997) [Visual Studio Host (8016):VisualStudioIntellisenseService] Did not find an active completion session. Please use Verify.IsCompletionListPresent() to make sure that the list is present before requesting the completion session.
    Warning: (01:15:21.149) [Visual Studio Host (8016):VisualStudioIntellisenseService] No active completion sessions were found for editor 'SmartIndentInJSInRazor.cshtml'.
    (01:15:21.431) [Visual Studio Host (8016):VisualStudioIntellisenseService] Did not find an active completion session. Please use Verify.IsCompletionListPresent() to make sure that the list is present before requesting the completion session.
    Warning: (01:15:21.626) [Visual Studio Host (8016):VisualStudioIntellisenseService] No active completion sessions were found for editor 'SmartIndentInJSInRazor.cshtml'.
    (01:15:21.909) [Visual Studio Host (8016):VisualStudioIntellisenseService] Did not find an active completion session. Please use Verify.IsCompletionListPresent() to make sure that the list is present before requesting the completion session.
    Warning: (01:15:22.089) [Visual Studio Host (8016):VisualStudioIntellisenseService] No active completion sessions were found for editor 'SmartIndentInJSInRazor.cshtml'.
    (01:15:22.329) [Visual Studio Host (8016):VisualStudioIntellisenseService] Did not find an active completion session. Please use Verify.IsCompletionListPresent() to make sure that the list is present before requesting the completion session.
    Warning: (01:15:22.486) [Visual Studio Host (8016):VisualStudioIntellisenseService] No active completion sessions were found for editor 'SmartIndentInJSInRazor.cshtml'.
    (01:15:22.740) [Visual Studio Host (8016):VisualStudioIntellisenseService] Did not find an active completion session. Please use Verify.IsCompletionListPresent() to make sure that the list is present before requesting the completion session.
    Warning: (01:15:22.867) [Visual Studio Host (8016):VisualStudioIntellisenseService] No active completion sessions were found for editor 'SmartIndentInJSInRazor.cshtml'.
    (01:15:23.156) [Visual Studio Host (8016):VisualStudioIntellisenseService] Did not find an active completion session. Please use Verify.IsCompletionListPresent() to make sure that the list is present before requesting the completion session.
    Warning: (01:15:23.331) [Visual Studio Host (8016):VisualStudioIntellisenseService] No active completion sessions were found for editor 'SmartIndentInJSInRazor.cshtml'.
    (01:15:23.496) [Visual Studio Host (8016):VisualStudioIntellisenseService] Invoking Completion member list at '(Ln: 15, Ch: 17)'.
    (01:15:23.694) [Visual Studio Host (8016):VisualStudioIntellisenseService] Did not find an active completion session. Please use Verify.IsCompletionListPresent() to make sure that the list is present before requesting the completion session.
    (01:15:24.067) [Visual Studio Host (8016):VisualStudioIntellisenseService] Did not find an active completion session. Please use Verify.IsCompletionListPresent() to make sure that the list is present before requesting the completion session.
    (01:15:24.464) [Visual Studio Host (8016):VisualStudioIntellisenseService] Did not find an active completion session. Please use Verify.IsCompletionListPresent() to make sure that the list is present before requesting the completion session.
    (01:15:24.836) [Visual Studio Host (8016):VisualStudioIntellisenseService] Failed to invoke completion list within 1s.
    (01:15:24.988) [Visual Studio Host (8016):VisualStudioIntellisenseService] Did not find an active completion session. Please use Verify.IsCompletionListPresent() to make sure that the list is present before requesting the completion session.
    Warning: (01:15:25.119) [Visual Studio Host (8016):VisualStudioIntellisenseService] No active completion sessions were found for editor 'SmartIndentInJSInRazor.cshtml'.
    (01:15:25.359) [Visual Studio Host (8016):VisualStudioIntellisenseService] Did not find an active completion session. Please use Verify.IsCompletionListPresent() to make sure that the list is present before requesting the completion session.
    Warning: (01:15:25.553) [Visual Studio Host (8016):VisualStudioIntellisenseService] No active completion sessions were found for editor 'SmartIndentInJSInRazor.cshtml'.
    (01:15:25.808) [Visual Studio Host (8016):VisualStudioIntellisenseService] Did not find an active completion session. Please use Verify.IsCompletionListPresent() to make sure that the list is present before requesting the completion session.
    Warning: (01:15:25.982) [Visual Studio Host (8016):VisualStudioIntellisenseService] No active completion sessions were found for editor 'SmartIndentInJSInRazor.cshtml'.
    (01:15:26.257) [Visual Studio Host (8016):VisualStudioIntellisenseService] Did not find an active completion session. Please use Verify.IsCompletionListPresent() to make sure that the list is present before requesting the completion session.
    Warning: (01:15:26.444) [Visual Studio Host (8016):VisualStudioIntellisenseService] No active completion sessions were found for editor 'SmartIndentInJSInRazor.cshtml'.
    (01:15:26.705) [Visual Studio Host (8016):VisualStudioIntellisenseService] Did not find an active completion session. Please use Verify.IsCompletionListPresent() to make sure that the list is present before requesting the completion session.
    Warning: (01:15:26.840) [Visual Studio Host (8016):VisualStudioIntellisenseService] No active completion sessions were found for editor 'SmartIndentInJSInRazor.cshtml'.
    (01:15:27.083) [Visual Studio Host (8016):VisualStudioIntellisenseService] Did not find an active completion session. Please use Verify.IsCompletionListPresent() to make sure that the list is present before requesting the completion session.
    Warning: (01:15:27.227) [Visual Studio Host (8016):VisualStudioIntellisenseService] No active completion sessions were found for editor 'SmartIndentInJSInRazor.cshtml'.
    (01:15:27.477) [Visual Studio Host (8016):VisualStudioIntellisenseService] Did not find an active completion session. Please use Verify.IsCompletionListPresent() to make sure that the list is present before requesting the completion session.
    Warning: (01:15:27.634) [Visual Studio Host (8016):VisualStudioIntellisenseService] No active completion sessions were found for editor 'SmartIndentInJSInRazor.cshtml'.
    (01:15:27.787) [Visual Studio Host (8016):VisualStudioIntellisenseService] Invoking Completion member list at '(Ln: 15, Ch: 17)'.
    (01:15:27.920) [Visual Studio Host (8016):VisualStudioIntellisenseService] Did not find an active completion session. Please use Verify.IsCompletionListPresent() to make sure that the list is present before requesting the completion session.
    (01:15:28.275) [Visual Studio Host (8016):VisualStudioIntellisenseService] Did not find an active completion session. Please use Verify.IsCompletionListPresent() to make sure that the list is present before requesting the completion session.
    (01:15:28.656) [Visual Studio Host (8016):VisualStudioIntellisenseService] Did not find an active completion session. Please use Verify.IsCompletionListPresent() to make sure that the list is present before requesting the completion session.
    (01:15:29.025) [Visual Studio Host (8016):VisualStudioIntellisenseService] Failed to invoke completion list within 1s.
    (01:15:29.202) [Visual Studio Host (8016):VisualStudioIntellisenseService] Did not find an active completion session. Please use Verify.IsCompletionListPresent() to make sure that the list is present before requesting the completion session.
    Warning: (01:15:29.400) [Visual Studio Host (8016):VisualStudioIntellisenseService] No active completion sessions were found for editor 'SmartIndentInJSInRazor.cshtml'.
    (01:15:29.674) [Visual Studio Host (8016):VisualStudioIntellisenseService] Did not find an active completion session. Please use Verify.IsCompletionListPresent() to make sure that the list is present before requesting the completion session.
    Warning: (01:15:29.877) [Visual Studio Host (8016):VisualStudioIntellisenseService] No active completion sessions were found for editor 'SmartIndentInJSInRazor.cshtml'.
    (01:15:30.136) [Visual Studio Host (8016):VisualStudioIntellisenseService] Did not find an active completion session. Please use Verify.IsCompletionListPresent() to make sure that the list is present before requesting the completion session.
    Warning: (01:15:30.277) [Visual Studio Host (8016):VisualStudioIntellisenseService] No active completion sessions were found for editor 'SmartIndentInJSInRazor.cshtml'.
    (01:15:30.507) [Visual Studio Host (8016):VisualStudioIntellisenseService] Did not find an active completion session. Please use Verify.IsCompletionListPresent() to make sure that the list is present before requesting the completion session.
    Warning: (01:15:30.661) [Visual Studio Host (8016):VisualStudioIntellisenseService] No active completion sessions were found for editor 'SmartIndentInJSInRazor.cshtml'.
    (01:15:30.949) [Visual Studio Host (8016):VisualStudioIntellisenseService] Did not find an active completion session. Please use Verify.IsCompletionListPresent() to make sure that the list is present before requesting the completion session.
    Warning: (01:15:31.130) [Visual Studio Host (8016):VisualStudioIntellisenseService] No active completion sessions were found for editor 'SmartIndentInJSInRazor.cshtml'.
    Error: (01:15:31.313) [Platform:Testcase] Test method Microsoft.VisualStudio.Web.Editors.IntegrationTests.Razor.SmartIndent.SmartIndentTests.VSTest_SmartIndentInJSInRazorV4 threw exception. Microsoft.Test.Apex.TimeoutException: Timed out after 00:00:20 waiting for the condition to become true (expired even with doubled timeout length)
   at Microsoft.VisualStudio.Web.Common.TestAdapter.ParameterizedTests.ReflectionUtilities.InvokeMethod(Object targetObject, MethodInfo method, Object[] methodArguments, String exceptionMessageFormat) in D:\dd\WTE\Main\test\Common\TestAdapter\ParameterizedTests\ReflectionUtilities.cs:line 190
   at Microsoft.VisualStudio.Web.Common.TestAdapter.ParameterizedTests.TestMethodInfo.Invoke(Object testObject, TestExecutionContext context) in D:\dd\WTE\Main\test\Common\TestAdapter\ParameterizedTests\TestMethodInfo.cs:line 64
    + ExternalProcessHostTest TestCleanup
        (01:15:32.394) [Visual Studio Host (8016):TextEditorDocumentWindowTestExtension] Closing window 'SmartIndentInJSInRazor.cshtml'.
        (01:15:32.755) [Visual Studio Host (8016):MainWindowService] Setting main window state to 'Maximized'.
        (01:15:32.934) [Visual Studio Host (8016):MainWindowService] Activating main window to bring it to the foreground.
        Warning: (01:15:33.189) [Platform:Microsoft.Test.Apex.Services.ScreenshotService] Exception occured when copying screenshot file from 'C:\TestBin\IntegrationTests\Failure.jpg' to 'C:\TestBin\IntegrationTests\TestResults\2018_04_16_23_55_50\Failure.jpg'.
        Warning: (01:15:33.189) [Platform:Microsoft.Test.Apex.Services.ScreenshotService] System.IO.IOException: The file 'C:\TestBin\IntegrationTests\TestResults\2018_04_16_23_55_50\Failure.jpg' already exists.
   at System.IO.__Error.WinIOError(Int32 errorCode, String maybeFullPath)
   at System.IO.File.InternalCopy(String sourceFileName, String destFileName, Boolean overwrite, Boolean checkHost)
   at System.IO.File.Copy(String sourceFileName, String destFileName, Boolean overwrite)
   at Microsoft.Test.Apex.Services.ScreenshotService.TakeOne(String categoryName, String fileNamePrefix, String repositoryPath) in F:\dd\src\omni\Apex\Framework\Services\Screenshot\ScreenshotService.cs:line 176
        (01:15:33.589) [Platform:ProcessCaptureService] Capturing screenshots for PID 8016 (devenv)
        Result file 'VSTest_SmartIndentInJSInRazorV4-Failure-devenv.8016.png' added: file:///C:/TestBin/IntegrationTests/TestResults/2018_04_16_23_55_50/VSTest_SmartIndentInJSInRazorV4-Failure-devenv.8016.png
        (01:15:34.028) [Platform:ProcessCaptureService] Bounding rectangle of HWND 0x210524 is size (0, 0), which cannot be captured.
        (01:15:34.173) [Platform:ProcessCaptureService] Bounding rectangle of HWND 0x2D0478 is size (0, 0), which cannot be captured.
    + Final Test Result Verification
        (01:15:34.663) [Platform:DelayedAssertionVerifierSink] Verification Success: 0 verification steps failed.
    + ApexTest TestCleanup</StdOut>
        <ErrorInfo>
          <Message>Test method Microsoft.VisualStudio.Web.Editors.IntegrationTests.Razor.SmartIndent.SmartIndentTests.VSTest_SmartIndentInJSInRazorV4 threw exception. Microsoft.Test.Apex.TimeoutException: Timed out after 00:00:20 waiting for the condition to become true (expired even with doubled timeout length)</Message>
          <StackTrace>   at Microsoft.VisualStudio.Web.Common.TestServices.Utilities.WebUtility.WaitForExtensions.IsTrue(Func`1 predicate, TimeSpan timeout, Func`1 onTimeout) in D:\dd\WTE\Main\test\Common\TestServices\Utilities\WebUtility.cs:line 387
   at Microsoft.VisualStudio.Web.Common.TestServices.Utilities.WebUtility.Completion.InvokeAndWaitForCompletionPresent(IVisualStudioTextEditorTestExtension editor, Int32 timeoutMilliseconds) in D:\dd\WTE\Main\test\Common\TestServices\Utilities\WebUtility.cs:line 656
   at Microsoft.VisualStudio.Web.Common.TestServices.Utilities.WebUtility.Completion.InvokeAndWaitForJavaScriptCompletionPresent(IVisualStudioTextEditorTestExtension editor) in D:\dd\WTE\Main\test\Common\TestServices\Utilities\WebUtility.cs:line 633
   at Microsoft.VisualStudio.Web.Editors.IntegrationTests.Razor.SmartIndent.SmartIndentTests.VSTest_SmartIndentInJSInRazorV4() in D:\dd\WTE\Main\test\Editors\IntegrationTests\Razor\SmartIndent\SmartIndentTests.cs:line 47</StackTrace>
        </ErrorInfo>
      </Output>
      <ResultFiles>
        <ResultFile path="WNVM19648\Fail.aswak04hapa5.png" />
        <ResultFile path="WNVM19648\Fail.azqsczivabnm.png" />
        <ResultFile path="WNVM19648\Fail.ek4tb3wmalyl.png" />
        <ResultFile path="WNVM19648\Fail.ig2gsfz5ad1y.png" />
        <ResultFile path="WNVM19648\Fail.o4kkrjboasbk.png" />
        <ResultFile path="WNVM19648\Fail.o5zf0zepaw0l.png" />
        <ResultFile path="WNVM19648\Fail.raasvsmeanc1.png" />
        <ResultFile path="WNVM19648\Fail.t4yj0fxuatil.png" />
        <ResultFile path="WNVM19648\Fail.z10rn0n5ajdm.png" />
        <ResultFile path="WNVM19648\Failure.jpg" />
        <ResultFile path="WNVM19648\OmniLog.html" />
        <ResultFile path="WNVM19648\OmniLogRawXml.xml" />
        <ResultFile path="WNVM19648\VSTest_Html_Drag_Drop_JavascriptFile_Timedout.jpg" />
        <ResultFile path="WNVM19648\VSTest_JSON_AutoStructureWithExistingComma_Timedout.jpg" />
        <ResultFile path="WNVM19648\VSTest_Parser_PTagTest_Timedout.jpg" />
        <ResultFile path="WNVM19648\VSTest_SmartIndentInJSInRazorV4-Failure-devenv.8016.png" />
      </ResultFiles>
    </UnitTestResult>
    <UnitTestResult executionId="fac1678e-0b84-48a5-92b8-48ee93473d0b" testId="02be2809-b81a-14de-992a-85dbb076619d" testName="VSTest_CssAttributeCompletion_ColorPicker" computerName="WNVM19648" duration="00:00:04.2948949" startTime="2018-04-17T00:29:10.0172029-07:00" endTime="2018-04-17T00:29:14.3120978-07:00" testType="13cdc9d9-ddb5-4fa4-a97d-d965ccfc6d4b" outcome="Passed" testListId="8c84fa94-04c1-424b-9868-57a2d4851a1d" relativeResultsDirectory="fac1678e-0b84-48a5-92b8-48ee93473d0b">
      <Output>
        <StdOut>+ CssAttributeTests::VSTest_CssAttributeCompletion_ColorPicker
    + ApexTest TestInitialize
    + ExternalProcessHostTest TestInitialize
        (30:51.355) [Visual Studio Host (11564):RoamingSettingsService] Disabling roaming settings.
        (30:51.421) [Visual Studio Host (11564):SettingsService] Setting Visual Studio option 'Environment\RoamingSettings\RoamingEnabled' to 'False'.
        (30:51.752) [Visual Studio Host (11564):TextEditorDocumentWindowTestExtension] Showing window 'classname.html' without activating the window.
        (30:51.841) [Visual Studio Host (11564):TextEditorDocumentWindowTestExtension] Showing window 'classname.html'.
        (30:51.965) [Visual Studio Host (11564):VisualStudioTextEditorTestExtension] Setting keyboard focus to editor 'classname.html'.
        (30:52.046) [Visual Studio Host (11564):MainWindowService] Activating main window to bring it to the foreground.
        (30:52.141) [Visual Studio Host (11564):MainWindowService] Setting main window state to 'Maximized'.
    (30:52.298) [Visual Studio Host (11564):TextEditorDocumentWindowTestExtension] Showing window 'classname.html' without activating the window.
    (30:52.382) [Visual Studio Host (11564):TextEditorDocumentWindowTestExtension] Showing window 'classname.html'.
    (30:52.479) [Visual Studio Host (11564):VisualStudioCaretTestExtension] Moving the caret to '' at (Ln: 19, Ch: 9) based on a regular expression.  Expression = "&lt;div()&gt;" [group index '1', match index '1', options 'Singleline, CultureInvariant']
    (30:52.562) [Visual Studio Host (11564):TextEditorDocumentWindowTestExtension] Showing window 'classname.html' without activating the window.
    (30:52.649) [Visual Studio Host (11564):TextEditorDocumentWindowTestExtension] Showing window 'classname.html'.
    (30:52.722) [Visual Studio Host (11564):VisualStudioTextEditingActions] Inserting text: ' style="col' at the current caret position: '(Ln: 19, Ch: 9)'
    (30:52.965) [Visual Studio Host (11564):TextEditorDocumentWindowTestExtension] Showing window 'classname.html' without activating the window.
    (30:53.318) [Visual Studio Host (11564):TextEditorDocumentWindowTestExtension] Showing window 'classname.html'.
    (30:53.432) [Visual Studio Host (11564):VisualStudioIntellisenseService] Getting the active completion at position '(Ln: 19, Ch: 20)'.
    (30:53.527) [Visual Studio Host (11564):VisualStudioCompletionListTestExtension] Found completion item with name 
    (30:53.730) [Visual Studio Host (11564):TextEditorDocumentWindowTestExtension] Showing window 'classname.html' without activating the window.
    (30:53.921) [Visual Studio Host (11564):TextEditorDocumentWindowTestExtension] Showing window 'classname.html'.
    (30:54.029) [Visual Studio Host (11564):VisualStudioTextEditingActions] Inserting text: 'or:#' at the current caret position: '(Ln: 19, Ch: 20)'
    VerificationPass: (30:54.244) [Visual Studio Host (11564):CssColorPickerServiceVerifier] Verification passed: Color Picker is present within a timeout of 00:00:10
    + ExternalProcessHostTest TestCleanup
        (30:54.454) [Visual Studio Host (11564):TextEditorDocumentWindowTestExtension] Closing window 'classname.html'.
        (30:54.820) [Platform:Testcase] Test 'VSTest_CssAttributeCompletion_ColorPicker' has 'Passed' outcome. Therefore, Apex will not shut down the 'Visual Studio Host (11564)' with process ID '11564'. A subsequent test scenario will run on the same instance of the host.
    + Final Test Result Verification
        (30:55.071) [Platform:DelayedAssertionVerifierSink] Verification Success: 0 verification steps failed.
    + ApexTest TestCleanup</StdOut>
      </Output>
      <ResultFiles>
        <ResultFile path="WNVM19648\Fail.azqsczivabnm.png" />
        <ResultFile path="WNVM19648\Fail.ig2gsfz5ad1y.png" />
        <ResultFile path="WNVM19648\Fail.o5zf0zepaw0l.png" />
        <ResultFile path="WNVM19648\OmniLog.html" />
        <ResultFile path="WNVM19648\OmniLogRawXml.xml" />
      </ResultFiles>
    </UnitTestResult>
    <UnitTestResult executionId="d461731c-0bbf-4f4c-be72-7f215fd1a544" testId="62351a6f-8bf9-851f-4afe-dae398652157" testName="VSTest_Validate_Html5InvalidImplicitRoot" computerName="WNVM19648" duration="00:00:07.6942830" startTime="2018-04-17T00:48:36.4418961-07:00" endTime="2018-04-17T00:48:44.1361791-07:00" testType="13cdc9d9-ddb5-4fa4-a97d-d965ccfc6d4b" outcome="Passed" testListId="8c84fa94-04c1-424b-9868-57a2d4851a1d" relativeResultsDirectory="d461731c-0bbf-4f4c-be72-7f215fd1a544">
      <Output>
        <StdOut>+ ValidationTests::VSTest_Validate_Html5InvalidImplicitRoot
    + ApexTest TestInitialize
    + ExternalProcessHostTest TestInitialize
        (50:18.076) [Visual Studio Host (9888):RoamingSettingsService] Disabling roaming settings.
        (50:18.197) [Visual Studio Host (9888):SettingsService] Setting Visual Studio option 'Environment\RoamingSettings\RoamingEnabled' to 'False'.
        (50:18.564) [Visual Studio Host (9888):TextEditorDocumentWindowTestExtension] Showing window 'html5invalidimplicitroot.html' without activating the window.
        (50:18.720) [Visual Studio Host (9888):TextEditorDocumentWindowTestExtension] Showing window 'html5invalidimplicitroot.html'.
        (50:18.855) [Visual Studio Host (9888):VisualStudioTextEditorTestExtension] Setting keyboard focus to editor 'html5invalidimplicitroot.html'.
        (50:18.998) [Visual Studio Host (9888):MainWindowService] Activating main window to bring it to the foreground.
        (50:19.153) [Visual Studio Host (9888):MainWindowService] Setting main window state to 'Maximized'.
    (50:19.497) [Visual Studio Host (9888):EditorsResourceStringService] Fetched resource value as regular expression: []
    (50:19.663) [Visual Studio Host (9888):EditorsResourceStringService] Fetched resource value as regular expression: []
    (50:19.820) [Visual Studio Host (9888):TextEditorDocumentWindowTestExtension] Showing window 'html5invalidimplicitroot.html' without activating the window.
    (50:19.951) [Visual Studio Host (9888):TextEditorDocumentWindowTestExtension] Showing window 'html5invalidimplicitroot.html'.
    (50:20.096) [Visual Studio Host (9888):ToolWindowTestExtension] Showing window 'Error List' without activating the window.
    (50:20.235) [Visual Studio Host (9888):ToolWindowTestExtension] Showing window 'Error List' without activating the window.
    (50:20.398) [Visual Studio Host (9888):ErrorListService] Showing error list error items.
    (50:20.555) [Visual Studio Host (9888):ToolWindowTestExtension] Showing window 'Error List' without activating the window.
    (50:20.678) [Visual Studio Host (9888):ErrorListService] Showing error list message items.
    (50:20.827) [Visual Studio Host (9888):ToolWindowTestExtension] Showing window 'Error List' without activating the window.
    (50:20.962) [Visual Studio Host (9888):ErrorListService] Showing error list warning items.
    (50:23.160) [Visual Studio Host (9888):TextEditorDocumentWindowTestExtension] Showing window 'html5invalidimplicitroot.html' without activating the window.
    (50:23.339) [Visual Studio Host (9888):TextEditorDocumentWindowTestExtension] Showing window 'html5invalidimplicitroot.html'.
    + ExternalProcessHostTest TestCleanup
        (50:23.651) [Visual Studio Host (9888):TextEditorDocumentWindowTestExtension] Closing window 'html5invalidimplicitroot.html'.
        (50:23.914) [Platform:Testcase] Test 'VSTest_Validate_Html5InvalidImplicitRoot' has 'Passed' outcome. Therefore, Apex will not shut down the 'Visual Studio Host (9888)' with process ID '9888'. A subsequent test scenario will run on the same instance of the host.
    + Final Test Result Verification
        (50:24.443) [Platform:DelayedAssertionVerifierSink] Verification Success: 0 verification steps failed.
    + ApexTest TestCleanup</StdOut>
      </Output>
      <ResultFiles>
        <ResultFile path="WNVM19648\Fail.azqsczivabnm.png" />
        <ResultFile path="WNVM19648\Fail.ig2gsfz5ad1y.png" />
        <ResultFile path="WNVM19648\Fail.o5zf0zepaw0l.png" />
        <ResultFile path="WNVM19648\Fail.z10rn0n5ajdm.png" />
        <ResultFile path="WNVM19648\OmniLog.html" />
        <ResultFile path="WNVM19648\OmniLogRawXml.xml" />
      </ResultFiles>
    </UnitTestResult>
    <UnitTestResult executionId="3477d98d-16bc-464b-afa3-4f3bb735e005" testId="bac4a653-06da-44ea-5151-52a07b56b4c8" testName="VSTest_SmartIndentInCSharpRazorWithBlockIndent" computerName="WNVM19648" duration="00:00:03.1663494" startTime="2018-04-17T00:24:25.2705923-07:00" endTime="2018-04-17T00:24:28.4369417-07:00" testType="13cdc9d9-ddb5-4fa4-a97d-d965ccfc6d4b" outcome="Passed" testListId="8c84fa94-04c1-424b-9868-57a2d4851a1d" relativeResultsDirectory="3477d98d-16bc-464b-afa3-4f3bb735e005">
      <Output>
        <StdOut>+ SmartIndentTests::VSTest_SmartIndentInCSharpRazorWithBlockIndent
    + ApexTest TestInitialize
    + ExternalProcessHostTest TestInitialize
        (26:06.649) [Visual Studio Host (11564):RoamingSettingsService] Disabling roaming settings.
        (26:06.707) [Visual Studio Host (11564):SettingsService] Setting Visual Studio option 'Environment\RoamingSettings\RoamingEnabled' to 'False'.
        (26:07.002) [Visual Studio Host (11564):TextEditorDocumentWindowTestExtension] Showing window 'SmartIndentInCSharpRazor.cshtml' without activating the window.
        (26:07.106) [Visual Studio Host (11564):TextEditorDocumentWindowTestExtension] Showing window 'SmartIndentInCSharpRazor.cshtml'.
        (26:07.189) [Visual Studio Host (11564):VisualStudioTextEditorTestExtension] Setting keyboard focus to editor 'SmartIndentInCSharpRazor.cshtml'.
        (26:07.275) [Visual Studio Host (11564):SettingsService] Getting value of Visual Studio Setting 'TextEditor\HTMLX\IndentStyle'. 
        (26:07.341) [Visual Studio Host (11564):SettingsService] Setting Visual Studio option 'TextEditor\HTMLX\IndentStyle' to '1'.
        (26:07.429) [Visual Studio Host (11564):MainWindowService] Activating main window to bring it to the foreground.
        (26:07.585) [Visual Studio Host (11564):MainWindowService] Setting main window state to 'Maximized'.
    (26:07.737) [Visual Studio Host (11564):TextEditorDocumentWindowTestExtension] Showing window 'SmartIndentInCSharpRazor.cshtml' without activating the window.
    (26:07.798) [Visual Studio Host (11564):TextEditorDocumentWindowTestExtension] Showing window 'SmartIndentInCSharpRazor.cshtml'.
    (26:07.912) [Visual Studio Host (11564):TextEditorDocumentWindowTestExtension] Showing window 'SmartIndentInCSharpRazor.cshtml' without activating the window.
    (26:07.988) [Visual Studio Host (11564):TextEditorDocumentWindowTestExtension] Showing window 'SmartIndentInCSharpRazor.cshtml' without activating the window.
    (26:08.054) [Visual Studio Host (11564):TextEditorDocumentWindowTestExtension] Showing window 'SmartIndentInCSharpRazor.cshtml'.
    (26:08.129) [Visual Studio Host (11564):VisualStudioCaretTestExtension] Moving the caret from (Ln: 1, Ch: 1) to (Ln: 9, Ch: 1)
    (26:08.203) [Visual Studio Host (11564):TextEditorDocumentWindowTestExtension] Showing window 'SmartIndentInCSharpRazor.cshtml'.
    (26:08.272) [Visual Studio Host (11564):VisualStudioCaretTestExtension] Moving the caret from (Ln: 9, Ch: 1) to the end of the line
    (26:08.323) [Visual Studio Host (11564):VisualStudioTextEditorTestExtension] Setting keyboard focus to editor 'SmartIndentInCSharpRazor.cshtml'.
    (26:08.402) [Visual Studio Host (11564):TextEditorDocumentWindowTestExtension] Showing window 'SmartIndentInCSharpRazor.cshtml' without activating the window.
    (26:08.461) [Visual Studio Host (11564):TextEditorDocumentWindowTestExtension] Showing window 'SmartIndentInCSharpRazor.cshtml'.
    (26:08.595) [Visual Studio Host (11564):TextEditorDocumentWindowTestExtension] Showing window 'SmartIndentInCSharpRazor.cshtml' without activating the window.
    (26:08.683) [Visual Studio Host (11564):TextEditorDocumentWindowTestExtension] Showing window 'SmartIndentInCSharpRazor.cshtml'.
    + ExternalProcessHostTest TestCleanup
        (26:08.793) [Visual Studio Host (11564):SettingsService] Setting Visual Studio option 'TextEditor\HTMLX\IndentStyle' to '2'.
        (26:08.897) [Visual Studio Host (11564):TextEditorDocumentWindowTestExtension] Closing window 'SmartIndentInCSharpRazor.cshtml'.
        (26:09.069) [Platform:Testcase] Test 'VSTest_SmartIndentInCSharpRazorWithBlockIndent' has 'Passed' outcome. Therefore, Apex will not shut down the 'Visual Studio Host (11564)' with process ID '11564'. A subsequent test scenario will run on the same instance of the host.
    + Final Test Result Verification
        (26:09.279) [Platform:DelayedAssertionVerifierSink] Verification Success: 0 verification steps failed.
    + ApexTest TestCleanup</StdOut>
      </Output>
      <ResultFiles>
        <ResultFile path="WNVM19648\Fail.azqsczivabnm.png" />
        <ResultFile path="WNVM19648\Fail.ig2gsfz5ad1y.png" />
        <ResultFile path="WNVM19648\Fail.o5zf0zepaw0l.png" />
        <ResultFile path="WNVM19648\OmniLog.html" />
        <ResultFile path="WNVM19648\OmniLogRawXml.xml" />
      </ResultFiles>
    </UnitTestResult>
    <UnitTestResult executionId="578c4ed9-c2f1-4a99-ab45-dbcf2e293454" testId="bec286c8-18d5-73b7-85c6-522f9e5facc0" testName="VSTest_NonTypeThrough_CSS" computerName="WNVM19648" duration="00:00:05.3228515" startTime="2018-04-17T00:32:41.1275999-07:00" endTime="2018-04-17T00:32:46.4504514-07:00" testType="13cdc9d9-ddb5-4fa4-a97d-d965ccfc6d4b" outcome="Passed" testListId="8c84fa94-04c1-424b-9868-57a2d4851a1d" relativeResultsDirectory="578c4ed9-c2f1-4a99-ab45-dbcf2e293454">
      <Output>
        <StdOut>+ TypingThroughTests::VSTest_NonTypeThrough_CSS
    + ApexTest TestInitialize
    + ExternalProcessHostTest TestInitialize
        (34:22.500) [Visual Studio Host (11564):RoamingSettingsService] Disabling roaming settings.
        (34:22.552) [Visual Studio Host (11564):SettingsService] Setting Visual Studio option 'Environment\RoamingSettings\RoamingEnabled' to 'False'.
        (34:22.810) [Visual Studio Host (11564):TextEditorDocumentWindowTestExtension] Showing window 'Empty.html' without activating the window.
        (34:22.885) [Visual Studio Host (11564):TextEditorDocumentWindowTestExtension] Showing window 'Empty.html'.
        (34:22.947) [Visual Studio Host (11564):VisualStudioTextEditorTestExtension] Setting keyboard focus to editor 'Empty.html'.
        (34:23.002) [Visual Studio Host (11564):MainWindowService] Activating main window to bring it to the foreground.
        (34:23.058) [Visual Studio Host (11564):MainWindowService] Setting main window state to 'Maximized'.
    (34:23.192) [Visual Studio Host (11564):TextEditorDocumentWindowTestExtension] Showing window 'Empty.html' without activating the window.
    (34:23.246) [Visual Studio Host (11564):TextEditorDocumentWindowTestExtension] Showing window 'Empty.html'.
    (34:23.324) [Visual Studio Host (11564):VisualStudioCaretTestExtension] Moving the caret from (Ln: 1, Ch: 1) to (Ln: 7, Ch: 5)
    (34:23.404) [Visual Studio Host (11564):TextEditorDocumentWindowTestExtension] Showing window 'Empty.html' without activating the window.
    (34:23.483) [Visual Studio Host (11564):TextEditorDocumentWindowTestExtension] Showing window 'Empty.html'.
    (34:23.560) [Visual Studio Host (11564):VisualStudioTextEditingActions] Inserting text combine CRLF as single return: '&lt;style&gt;' at the current caret position: '(Ln: 7, Ch: 5)'
    (34:24.469) [Visual Studio Host (11564):TextEditorDocumentWindowTestExtension] Showing window 'Empty.html' without activating the window.
    (34:24.525) [Visual Studio Host (11564):TextEditorDocumentWindowTestExtension] Showing window 'Empty.html'.
    (34:24.592) [Visual Studio Host (11564):KeyboardCommands] Sending the Return key 1 times.
    (34:24.669) [Visual Studio Host (11564):TextEditorDocumentWindowTestExtension] Showing window 'Empty.html' without activating the window.
    (34:24.739) [Visual Studio Host (11564):TextEditorDocumentWindowTestExtension] Showing window 'Empty.html'.
    (34:24.813) [Visual Studio Host (11564):VisualStudioTextEditingActions] Inserting text combine CRLF as single return: 'div{color:blue;}' at the current caret position: '(Ln: 8, Ch: 9)'
    (34:25.014) [Visual Studio Host (11564):TextEditorDocumentWindowTestExtension] Showing window 'Empty.html' without activating the window.
    (34:25.085) [Visual Studio Host (11564):TextEditorDocumentWindowTestExtension] Showing window 'Empty.html'.
    (34:25.158) [Visual Studio Host (11564):TextEditorDocumentWindowTestExtension] Showing window 'Empty.html' without activating the window.
    (34:25.211) [Visual Studio Host (11564):TextEditorDocumentWindowTestExtension] Showing window 'Empty.html'.
    (34:25.277) [Visual Studio Host (11564):VisualStudioCaretTestExtension] Moving the caret to '' at (Ln: 8, Ch: 13) based on a regular expression.  Expression = "div (){" [group index '1', match index '1', options 'Singleline, CultureInvariant']
    (34:25.343) [Visual Studio Host (11564):TextEditorDocumentWindowTestExtension] Showing window 'Empty.html' without activating the window.
    (34:25.413) [Visual Studio Host (11564):TextEditorDocumentWindowTestExtension] Showing window 'Empty.html'.
    (34:25.494) [Visual Studio Host (11564):VisualStudioTextEditingActions] Inserting text: '{' at the current caret position: '(Ln: 8, Ch: 13)'
    (34:25.566) [Visual Studio Host (11564):TextEditorDocumentWindowTestExtension] Showing window 'Empty.html' without activating the window.
    (34:25.665) [Visual Studio Host (11564):TextEditorDocumentWindowTestExtension] Showing window 'Empty.html'.
    (34:25.744) [Visual Studio Host (11564):VisualStudioCaretTestExtension] Moving the caret to '' at (Ln: 9, Ch: 20) based on a regular expression.  Expression = "color: ()blue" [group index '1', match index '1', options 'Singleline, CultureInvariant']
    (34:25.813) [Visual Studio Host (11564):TextEditorDocumentWindowTestExtension] Showing window 'Empty.html' without activating the window.
    (34:25.882) [Visual Studio Host (11564):TextEditorDocumentWindowTestExtension] Showing window 'Empty.html'.
    (34:25.991) [Visual Studio Host (11564):VisualStudioTextEditingActions] Inserting text: '"' at the current caret position: '(Ln: 9, Ch: 20)'
    (34:26.084) [Visual Studio Host (11564):TextEditorDocumentWindowTestExtension] Showing window 'Empty.html' without activating the window.
    (34:26.152) [Visual Studio Host (11564):TextEditorDocumentWindowTestExtension] Showing window 'Empty.html'.
    (34:26.223) [Visual Studio Host (11564):VisualStudioCaretTestExtension] Moving the caret to '' at (Ln: 9, Ch: 25) based on a regular expression.  Expression = "color: "blue()" [group index '1', match index '1', options 'Singleline, CultureInvariant']
    (34:26.283) [Visual Studio Host (11564):TextEditorDocumentWindowTestExtension] Showing window 'Empty.html' without activating the window.
    (34:26.347) [Visual Studio Host (11564):TextEditorDocumentWindowTestExtension] Showing window 'Empty.html'.
    (34:26.418) [Visual Studio Host (11564):VisualStudioTextEditingActions] Inserting text: '"' at the current caret position: '(Ln: 9, Ch: 25)'
    (34:26.496) [Visual Studio Host (11564):TextEditorDocumentWindowTestExtension] Showing window 'Empty.html' without activating the window.
    (34:26.559) [Visual Studio Host (11564):TextEditorDocumentWindowTestExtension] Showing window 'Empty.html'.
    (34:26.621) [Visual Studio Host (11564):TextEditorDocumentWindowTestExtension] Showing window 'Empty.html' without activating the window.
    (34:26.676) [Visual Studio Host (11564):TextEditorDocumentWindowTestExtension] Showing window 'Empty.html'.
    + ExternalProcessHostTest TestCleanup
        (34:26.841) [Visual Studio Host (11564):TextEditorDocumentWindowTestExtension] Closing window 'Empty.html'.
        (34:27.028) [Platform:Testcase] Test 'VSTest_NonTypeThrough_CSS' has 'Passed' outcome. Therefore, Apex will not shut down the 'Visual Studio Host (11564)' with process ID '11564'. A subsequent test scenario will run on the same instance of the host.
    + Final Test Result Verification
        (34:27.227) [Platform:DelayedAssertionVerifierSink] Verification Success: 0 verification steps failed.
    + ApexTest TestCleanup</StdOut>
      </Output>
      <ResultFiles>
        <ResultFile path="WNVM19648\Fail.azqsczivabnm.png" />
        <ResultFile path="WNVM19648\Fail.ig2gsfz5ad1y.png" />
        <ResultFile path="WNVM19648\Fail.o5zf0zepaw0l.png" />
        <ResultFile path="WNVM19648\OmniLog.html" />
        <ResultFile path="WNVM19648\OmniLogRawXml.xml" />
      </ResultFiles>
    </UnitTestResult>
    <UnitTestResult executionId="d020f68c-4ea5-40d1-a6ac-3b91bc7977cd" testId="5eddf290-478e-55c6-32d6-e1463c8c265c" testName="VSTest_JSON_OpenSchemaSelectionDropdownWithKeyboardShortcut" computerName="WNVM19648" duration="00:00:02.4136490" startTime="2018-04-17T00:21:19.9148187-07:00" endTime="2018-04-17T00:21:22.3284677-07:00" testType="13cdc9d9-ddb5-4fa4-a97d-d965ccfc6d4b" outcome="Passed" testListId="8c84fa94-04c1-424b-9868-57a2d4851a1d" relativeResultsDirectory="d020f68c-4ea5-40d1-a6ac-3b91bc7977cd">
      <Output>
        <StdOut>+ JSONFocusSchemaSelectionDropdownCommandHandlerTests::VSTest_JSON_OpenSchemaSelectionDropdownWithKeyboardShortcut
    + ApexTest TestInitialize
    + ExternalProcessHostTest TestInitialize
        (23:01.320) [Visual Studio Host (11564):RoamingSettingsService] Disabling roaming settings.
        (23:01.390) [Visual Studio Host (11564):SettingsService] Setting Visual Studio option 'Environment\RoamingSettings\RoamingEnabled' to 'False'.
        (23:01.709) [Visual Studio Host (11564):TextEditorDocumentWindowTestExtension] Showing window 'Content.json' without activating the window.
        (23:01.793) [Visual Studio Host (11564):TextEditorDocumentWindowTestExtension] Showing window 'Content.json'.
        (23:01.866) [Visual Studio Host (11564):VisualStudioTextEditorTestExtension] Setting keyboard focus to editor 'Content.json'.
        (23:01.941) [Visual Studio Host (11564):MainWindowService] Activating main window to bring it to the foreground.
        (23:02.052) [Visual Studio Host (11564):MainWindowService] Setting main window state to 'Maximized'.
    + ExternalProcessHostTest TestCleanup
        (23:02.751) [Visual Studio Host (11564):TextEditorDocumentWindowTestExtension] Closing window 'Content.json'.
        (23:03.002) [Platform:Testcase] Test 'VSTest_JSON_OpenSchemaSelectionDropdownWithKeyboardShortcut' has 'Passed' outcome. Therefore, Apex will not shut down the 'Visual Studio Host (11564)' with process ID '11564'. A subsequent test scenario will run on the same instance of the host.
    + Final Test Result Verification
        (23:03.161) [Platform:DelayedAssertionVerifierSink] Verification Success: 0 verification steps failed.
    + ApexTest TestCleanup</StdOut>
      </Output>
      <ResultFiles>
        <ResultFile path="WNVM19648\Fail.azqsczivabnm.png" />
        <ResultFile path="WNVM19648\Fail.ig2gsfz5ad1y.png" />
        <ResultFile path="WNVM19648\Fail.o5zf0zepaw0l.png" />
        <ResultFile path="WNVM19648\OmniLog.html" />
        <ResultFile path="WNVM19648\OmniLogRawXml.xml" />
      </ResultFiles>
    </UnitTestResult>
    <UnitTestResult executionId="7f24c3f2-062e-4382-bb09-260933c438fe" testId="7516fff7-661a-0a92-4b18-68db220564f8" testName="VSTest_DumpCommentSelectionAspxResults" computerName="WNVM19648" duration="00:00:18.5202249" startTime="2018-04-17T00:18:53.5087923-07:00" endTime="2018-04-17T00:19:12.0290172-07:00" testType="13cdc9d9-ddb5-4fa4-a97d-d965ccfc6d4b" outcome="Passed" testListId="8c84fa94-04c1-424b-9868-57a2d4851a1d" relativeResultsDirectory="7f24c3f2-062e-4382-bb09-260933c438fe">
      <Output>
        <StdOut>+ CommentSelectionTests::VSTest_DumpCommentSelectionAspxResults
    + ApexTest TestInitialize
    + ExternalProcessHostTest TestInitialize
        (20:34.908) [Visual Studio Host (6956):RoamingSettingsService] Disabling roaming settings.
        (20:34.966) [Visual Studio Host (6956):SettingsService] Setting Visual Studio option 'Environment\RoamingSettings\RoamingEnabled' to 'False'.
        (20:35.079) [Visual Studio Host (6956):CodeMarkerListenerService] Flushed code marker queue.
        (20:35.624) [Visual Studio Host (6956):TextEditorDocumentWindowTestExtension] Showing window 'CommentSelection.aspx' without activating the window.
        (20:35.727) [Visual Studio Host (6956):TextEditorDocumentWindowTestExtension] Showing window 'CommentSelection.aspx'.
        (20:35.874) [Visual Studio Host (6956):VisualStudioTextEditorTestExtension] Setting keyboard focus to editor 'CommentSelection.aspx'.
        (20:35.960) [Visual Studio Host (6956):CodeMarkerListenerService] Waiting for code marker '7203' in process with time-out of '00:01:00'.
        (20:36.035) [Visual Studio Host (6956):MainWindowService] Activating main window to bring it to the foreground.
        (20:36.258) [Visual Studio Host (6956):MainWindowService] Setting main window state to 'Maximized'.
    (20:36.458) [Visual Studio Host (6956):TextEditorDocumentWindowTestExtension] Showing window 'CommentSelection.aspx' without activating the window.
    (20:36.547) [Visual Studio Host (6956):TextEditorDocumentWindowTestExtension] Showing window 'CommentSelection.aspx'.
    (20:36.641) [Visual Studio Host (6956):VisualStudioCaretTestExtension] Moving the caret from (Ln: 1, Ch: 1) to (Ln: 6, Ch: 20)
    (20:36.766) [Visual Studio Host (6956):TextEditorDocumentWindowTestExtension] Showing window 'CommentSelection.aspx' without activating the window.
    (20:36.846) [Visual Studio Host (6956):TextEditorDocumentWindowTestExtension] Showing window 'CommentSelection.aspx'.
    (20:36.915) [Visual Studio Host (6956):VisualStudioCaretTestExtension] Moving the caret from (Ln: 6, Ch: 37) to (Ln: 12, Ch: 19)
    (20:37.052) [Visual Studio Host (6956):TextEditorDocumentWindowTestExtension] Showing window 'CommentSelection.aspx' without activating the window.
    (20:37.128) [Visual Studio Host (6956):TextEditorDocumentWindowTestExtension] Showing window 'CommentSelection.aspx'.
    (20:37.238) [Visual Studio Host (6956):VisualStudioCaretTestExtension] Moving the caret from (Ln: 12, Ch: 29) to (Ln: 18, Ch: 19)
    (20:37.372) [Visual Studio Host (6956):TextEditorDocumentWindowTestExtension] Showing window 'CommentSelection.aspx' without activating the window.
    (20:37.442) [Visual Studio Host (6956):TextEditorDocumentWindowTestExtension] Showing window 'CommentSelection.aspx'.
    (20:37.526) [Visual Studio Host (6956):VisualStudioCaretTestExtension] Moving the caret from (Ln: 18, Ch: 20) to (Ln: 21, Ch: 9)
    (20:37.672) [Visual Studio Host (6956):TextEditorDocumentWindowTestExtension] Showing window 'CommentSelection.aspx'.
    (20:37.805) [Visual Studio Host (6956):VisualStudioCaretTestExtension] Moving the caret and selecting from (Ln: 21, Ch: 9) down '6' lines
    (20:37.859) [Visual Studio Host (6956):VisualStudioTextEditorTestExtension] Setting keyboard focus to editor 'CommentSelection.aspx'.
    (20:37.979) [Visual Studio Host (6956):TextEditorDocumentWindowTestExtension] Showing window 'CommentSelection.aspx'.
    (20:38.066) [Visual Studio Host (6956):VisualStudioCaretTestExtension] Moving the caret and selecting from (Ln: 27, Ch: 9) to the beginning of the line
    (20:38.139) [Visual Studio Host (6956):VisualStudioTextEditorTestExtension] Setting keyboard focus to editor 'CommentSelection.aspx'.
    (20:38.221) [Visual Studio Host (6956):TextEditorDocumentWindowTestExtension] Showing window 'CommentSelection.aspx'.
    (20:38.313) [Visual Studio Host (6956):TextEditorDocumentWindowTestExtension] Showing window 'CommentSelection.aspx'.
    (20:38.401) [Visual Studio Host (6956):TextEditorDocumentWindowTestExtension] Showing window 'CommentSelection.aspx'.
    (20:38.479) [Visual Studio Host (6956):VisualStudioCaretTestExtension] Moving the caret and selecting from (Ln: 27, Ch: 1) right '17' characters
    (20:38.554) [Visual Studio Host (6956):VisualStudioTextEditorTestExtension] Setting keyboard focus to editor 'CommentSelection.aspx'.
    (20:38.736) [Visual Studio Host (6956):TextEditorDocumentWindowTestExtension] Showing window 'CommentSelection.aspx' without activating the window.
    (20:38.792) [Visual Studio Host (6956):TextEditorDocumentWindowTestExtension] Showing window 'CommentSelection.aspx'.
    (20:38.881) [Visual Studio Host (6956):VisualStudioCaretTestExtension] Moving the caret from (Ln: 27, Ch: 22) to (Ln: 28, Ch: 21)
    (20:39.015) [Visual Studio Host (6956):TextEditorDocumentWindowTestExtension] Showing window 'CommentSelection.aspx' without activating the window.
    (20:39.097) [Visual Studio Host (6956):TextEditorDocumentWindowTestExtension] Showing window 'CommentSelection.aspx'.
    (20:39.219) [Visual Studio Host (6956):VisualStudioCaretTestExtension] Moving the caret from (Ln: 28, Ch: 40) to (Ln: 33, Ch: 14)
    (20:39.315) [Visual Studio Host (6956):TextEditorDocumentWindowTestExtension] Showing window 'CommentSelection.aspx'.
    (20:39.389) [Visual Studio Host (6956):VisualStudioCaretTestExtension] Moving the caret and selecting from (Ln: 33, Ch: 14) right '2' characters
    (20:39.452) [Visual Studio Host (6956):VisualStudioTextEditorTestExtension] Setting keyboard focus to editor 'CommentSelection.aspx'.
    (20:39.556) [Visual Studio Host (6956):TextEditorDocumentWindowTestExtension] Showing window 'CommentSelection.aspx' without activating the window.
    (20:39.667) [Visual Studio Host (6956):TextEditorDocumentWindowTestExtension] Showing window 'CommentSelection.aspx'.
    (20:39.755) [Visual Studio Host (6956):VisualStudioCaretTestExtension] Moving the caret from (Ln: 33, Ch: 24) to (Ln: 36, Ch: 19)
    (20:39.940) [Visual Studio Host (6956):TextEditorDocumentWindowTestExtension] Showing window 'CommentSelection.aspx' without activating the window.
    (20:40.023) [Visual Studio Host (6956):TextEditorDocumentWindowTestExtension] Showing window 'CommentSelection.aspx'.
    (20:40.123) [Visual Studio Host (6956):VisualStudioCaretTestExtension] Moving the caret from (Ln: 36, Ch: 36) to (Ln: 38, Ch: 15)
    (20:40.397) [Visual Studio Host (6956):TextEditorDocumentWindowTestExtension] Showing window 'CommentSelection.aspx' without activating the window.
    (20:40.483) [Visual Studio Host (6956):TextEditorDocumentWindowTestExtension] Showing window 'CommentSelection.aspx'.
    (20:40.580) [Visual Studio Host (6956):VisualStudioCaretTestExtension] Moving the caret from (Ln: 38, Ch: 30) to (Ln: 42, Ch: 20)
    (20:41.055) [Visual Studio Host (6956):TextEditorDocumentWindowTestExtension] Showing window 'CommentSelection.aspx' without activating the window.
    (20:41.145) [Visual Studio Host (6956):TextEditorDocumentWindowTestExtension] Showing window 'CommentSelection.aspx'.
    (20:41.220) [Visual Studio Host (6956):VisualStudioCaretTestExtension] Moving the caret from (Ln: 42, Ch: 20) to (Ln: 43, Ch: 20)
    (20:41.302) [Visual Studio Host (6956):TextEditorDocumentWindowTestExtension] Showing window 'CommentSelection.aspx' without activating the window.
    (20:41.373) [Visual Studio Host (6956):TextEditorDocumentWindowTestExtension] Showing window 'CommentSelection.aspx'.
    (20:41.458) [Visual Studio Host (6956):VisualStudioCaretTestExtension] Moving the caret from (Ln: 43, Ch: 20) to (Ln: 44, Ch: 2)
    (20:41.548) [Visual Studio Host (6956):TextEditorDocumentWindowTestExtension] Showing window 'CommentSelection.aspx'.
    (20:41.650) [Visual Studio Host (6956):VisualStudioCaretTestExtension] Moving the caret and selecting from (Ln: 44, Ch: 2) down '2' lines
    (20:41.717) [Visual Studio Host (6956):VisualStudioTextEditorTestExtension] Setting keyboard focus to editor 'CommentSelection.aspx'.
    (20:41.794) [Visual Studio Host (6956):TextEditorDocumentWindowTestExtension] Showing window 'CommentSelection.aspx'.
    (20:41.876) [Visual Studio Host (6956):VisualStudioCaretTestExtension] Moving the caret and selecting from (Ln: 46, Ch: 2) to the beginning of the line
    (20:41.934) [Visual Studio Host (6956):VisualStudioTextEditorTestExtension] Setting keyboard focus to editor 'CommentSelection.aspx'.
    (20:42.000) [Visual Studio Host (6956):TextEditorDocumentWindowTestExtension] Showing window 'CommentSelection.aspx'.
    (20:42.139) [Visual Studio Host (6956):TextEditorDocumentWindowTestExtension] Showing window 'CommentSelection.aspx' without activating the window.
    (20:42.214) [Visual Studio Host (6956):TextEditorDocumentWindowTestExtension] Showing window 'CommentSelection.aspx'.
    (20:42.287) [Visual Studio Host (6956):VisualStudioCaretTestExtension] Moving the caret from (Ln: 45, Ch: 6) to (Ln: 47, Ch: 5)
    (20:42.420) [Visual Studio Host (6956):TextEditorDocumentWindowTestExtension] Showing window 'CommentSelection.aspx' without activating the window.
    (20:42.512) [Visual Studio Host (6956):TextEditorDocumentWindowTestExtension] Showing window 'CommentSelection.aspx'.
    (20:42.611) [Visual Studio Host (6956):TextEditorDocumentWindowTestExtension] Showing window 'CommentSelection.aspx' without activating the window.
    (20:42.686) [Visual Studio Host (6956):TextEditorDocumentWindowTestExtension] Showing window 'CommentSelection.aspx'.
    (20:42.794) [Visual Studio Host (6956):VisualStudioCaretTestExtension] Moving the caret from (Ln: 47, Ch: 10) to (Ln: 6, Ch: 20)
    (20:42.875) [Visual Studio Host (6956):TextEditorDocumentWindowTestExtension] Showing window 'CommentSelection.aspx' without activating the window.
    (20:42.977) [Visual Studio Host (6956):TextEditorDocumentWindowTestExtension] Showing window 'CommentSelection.aspx' without activating the window.
    (20:43.044) [Visual Studio Host (6956):TextEditorDocumentWindowTestExtension] Showing window 'CommentSelection.aspx'.
    (20:43.117) [Visual Studio Host (6956):VisualStudioCaretTestExtension] Moving the caret from (Ln: 6, Ch: 18) to (Ln: 12, Ch: 19)
    (20:43.180) [Visual Studio Host (6956):TextEditorDocumentWindowTestExtension] Showing window 'CommentSelection.aspx' without activating the window.
    (20:43.276) [Visual Studio Host (6956):TextEditorDocumentWindowTestExtension] Showing window 'CommentSelection.aspx' without activating the window.
    (20:43.343) [Visual Studio Host (6956):TextEditorDocumentWindowTestExtension] Showing window 'CommentSelection.aspx'.
    (20:43.408) [Visual Studio Host (6956):VisualStudioCaretTestExtension] Moving the caret from (Ln: 12, Ch: 27) to (Ln: 18, Ch: 19)
    (20:43.477) [Visual Studio Host (6956):TextEditorDocumentWindowTestExtension] Showing window 'CommentSelection.aspx' without activating the window.
    (20:43.581) [Visual Studio Host (6956):TextEditorDocumentWindowTestExtension] Showing window 'CommentSelection.aspx' without activating the window.
    (20:43.640) [Visual Studio Host (6956):TextEditorDocumentWindowTestExtension] Showing window 'CommentSelection.aspx'.
    (20:43.724) [Visual Studio Host (6956):VisualStudioCaretTestExtension] Moving the caret from (Ln: 18, Ch: 18) to (Ln: 21, Ch: 9)
    (20:43.783) [Visual Studio Host (6956):TextEditorDocumentWindowTestExtension] Showing window 'CommentSelection.aspx'.
    (20:43.852) [Visual Studio Host (6956):VisualStudioCaretTestExtension] Moving the caret and selecting from (Ln: 21, Ch: 9) down '6' lines
    (20:43.919) [Visual Studio Host (6956):VisualStudioTextEditorTestExtension] Setting keyboard focus to editor 'CommentSelection.aspx'.
    (20:44.016) [Visual Studio Host (6956):TextEditorDocumentWindowTestExtension] Showing window 'CommentSelection.aspx'.
    (20:44.095) [Visual Studio Host (6956):VisualStudioCaretTestExtension] Moving the caret and selecting from (Ln: 27, Ch: 9) to the beginning of the line
    (20:44.143) [Visual Studio Host (6956):VisualStudioTextEditorTestExtension] Setting keyboard focus to editor 'CommentSelection.aspx'.
    (20:44.198) [Visual Studio Host (6956):TextEditorDocumentWindowTestExtension] Showing window 'CommentSelection.aspx'.
    (20:44.255) [Visual Studio Host (6956):TextEditorDocumentWindowTestExtension] Showing window 'CommentSelection.aspx'.
    (20:44.326) [Visual Studio Host (6956):TextEditorDocumentWindowTestExtension] Showing window 'CommentSelection.aspx'.
    (20:44.385) [Visual Studio Host (6956):VisualStudioCaretTestExtension] Moving the caret and selecting from (Ln: 27, Ch: 1) right '21' characters
    (20:44.434) [Visual Studio Host (6956):VisualStudioTextEditorTestExtension] Setting keyboard focus to editor 'CommentSelection.aspx'.
    (20:44.551) [Visual Studio Host (6956):TextEditorDocumentWindowTestExtension] Showing window 'CommentSelection.aspx' without activating the window.
    (20:44.699) [Visual Studio Host (6956):TextEditorDocumentWindowTestExtension] Showing window 'CommentSelection.aspx' without activating the window.
    (20:44.767) [Visual Studio Host (6956):TextEditorDocumentWindowTestExtension] Showing window 'CommentSelection.aspx'.
    (20:44.844) [Visual Studio Host (6956):VisualStudioCaretTestExtension] Moving the caret from (Ln: 27, Ch: 18) to (Ln: 28, Ch: 21)
    (20:44.920) [Visual Studio Host (6956):TextEditorDocumentWindowTestExtension] Showing window 'CommentSelection.aspx' without activating the window.
    (20:45.053) [Visual Studio Host (6956):TextEditorDocumentWindowTestExtension] Showing window 'CommentSelection.aspx' without activating the window.
    (20:45.117) [Visual Studio Host (6956):TextEditorDocumentWindowTestExtension] Showing window 'CommentSelection.aspx'.
    (20:45.215) [Visual Studio Host (6956):VisualStudioCaretTestExtension] Moving the caret from (Ln: 28, Ch: 17) to (Ln: 33, Ch: 14)
    (20:45.312) [Visual Studio Host (6956):TextEditorDocumentWindowTestExtension] Showing window 'CommentSelection.aspx'.
    (20:45.444) [Visual Studio Host (6956):VisualStudioCaretTestExtension] Moving the caret and selecting from (Ln: 33, Ch: 14) right '10' characters
    (20:45.512) [Visual Studio Host (6956):VisualStudioTextEditorTestExtension] Setting keyboard focus to editor 'CommentSelection.aspx'.
    (20:45.650) [Visual Studio Host (6956):TextEditorDocumentWindowTestExtension] Showing window 'CommentSelection.aspx' without activating the window.
    (20:45.802) [Visual Studio Host (6956):TextEditorDocumentWindowTestExtension] Showing window 'CommentSelection.aspx' without activating the window.
    (20:45.883) [Visual Studio Host (6956):TextEditorDocumentWindowTestExtension] Showing window 'CommentSelection.aspx'.
    (20:45.999) [Visual Studio Host (6956):VisualStudioCaretTestExtension] Moving the caret from (Ln: 33, Ch: 16) to (Ln: 36, Ch: 19)
    (20:46.108) [Visual Studio Host (6956):TextEditorDocumentWindowTestExtension] Showing window 'CommentSelection.aspx' without activating the window.
    (20:46.246) [Visual Studio Host (6956):TextEditorDocumentWindowTestExtension] Showing window 'CommentSelection.aspx' without activating the window.
    (20:46.333) [Visual Studio Host (6956):TextEditorDocumentWindowTestExtension] Showing window 'CommentSelection.aspx'.
    (20:46.437) [Visual Studio Host (6956):VisualStudioCaretTestExtension] Moving the caret from (Ln: 36, Ch: 17) to (Ln: 38, Ch: 15)
    (20:46.576) [Visual Studio Host (6956):TextEditorDocumentWindowTestExtension] Showing window 'CommentSelection.aspx' without activating the window.
    (20:46.732) [Visual Studio Host (6956):TextEditorDocumentWindowTestExtension] Showing window 'CommentSelection.aspx' without activating the window.
    (20:46.801) [Visual Studio Host (6956):TextEditorDocumentWindowTestExtension] Showing window 'CommentSelection.aspx'.
    (20:46.889) [Visual Studio Host (6956):VisualStudioCaretTestExtension] Moving the caret from (Ln: 38, Ch: 29) to (Ln: 42, Ch: 14)
    (20:47.041) [Visual Studio Host (6956):TextEditorDocumentWindowTestExtension] Showing window 'CommentSelection.aspx' without activating the window.
    (20:47.147) [Visual Studio Host (6956):TextEditorDocumentWindowTestExtension] Showing window 'CommentSelection.aspx' without activating the window.
    (20:47.225) [Visual Studio Host (6956):TextEditorDocumentWindowTestExtension] Showing window 'CommentSelection.aspx'.
    (20:47.319) [Visual Studio Host (6956):VisualStudioCaretTestExtension] Moving the caret from (Ln: 42, Ch: 10) to (Ln: 43, Ch: 14)
    (20:47.428) [Visual Studio Host (6956):TextEditorDocumentWindowTestExtension] Showing window 'CommentSelection.aspx' without activating the window.
    (20:47.536) [Visual Studio Host (6956):TextEditorDocumentWindowTestExtension] Showing window 'CommentSelection.aspx' without activating the window.
    (20:47.659) [Visual Studio Host (6956):TextEditorDocumentWindowTestExtension] Showing window 'CommentSelection.aspx'.
    (20:47.741) [Visual Studio Host (6956):VisualStudioCaretTestExtension] Moving the caret from (Ln: 43, Ch: 10) to (Ln: 45, Ch: 2)
    (20:47.810) [Visual Studio Host (6956):TextEditorDocumentWindowTestExtension] Showing window 'CommentSelection.aspx'.
    (20:47.887) [Visual Studio Host (6956):VisualStudioCaretTestExtension] Moving the caret and selecting from (Ln: 45, Ch: 2) left '1' characters
    (20:47.945) [Visual Studio Host (6956):VisualStudioTextEditorTestExtension] Setting keyboard focus to editor 'CommentSelection.aspx'.
    (20:48.045) [Visual Studio Host (6956):TextEditorDocumentWindowTestExtension] Showing window 'CommentSelection.aspx' without activating the window.
    (20:48.153) [Visual Studio Host (6956):TextEditorDocumentWindowTestExtension] Showing window 'CommentSelection.aspx' without activating the window.
    (20:48.252) [Visual Studio Host (6956):TextEditorDocumentWindowTestExtension] Showing window 'CommentSelection.aspx'.
    (20:48.343) [Visual Studio Host (6956):VisualStudioCaretTestExtension] Moving the caret from (Ln: 45, Ch: 1) to (Ln: 47, Ch: 6)
    (20:48.448) [Visual Studio Host (6956):TextEditorDocumentWindowTestExtension] Showing window 'CommentSelection.aspx' without activating the window.
    (20:48.551) [Visual Studio Host (6956):TextEditorDocumentWindowTestExtension] Showing window 'CommentSelection.aspx' without activating the window.
    (20:48.617) [Visual Studio Host (6956):TextEditorDocumentWindowTestExtension] Showing window 'CommentSelection.aspx'.
    (20:48.715) [Visual Studio Host (6956):TextEditorDocumentWindowTestExtension] Showing window 'CommentSelection.aspx' without activating the window.
    (20:48.808) [Visual Studio Host (6956):TextEditorDocumentWindowTestExtension] Showing window 'CommentSelection.aspx'.
    (20:48.895) [Visual Studio Host (6956):VisualStudioCaretTestExtension] Moving the caret from (Ln: 47, Ch: 5) to (Ln: 3, Ch: 21)
    (20:49.025) [Visual Studio Host (6956):TextEditorDocumentWindowTestExtension] Showing window 'CommentSelection.aspx'.
    (20:49.123) [Visual Studio Host (6956):VisualStudioCaretTestExtension] Moving the caret and selecting from (Ln: 3, Ch: 21) down '9' lines
    (20:49.177) [Visual Studio Host (6956):VisualStudioTextEditorTestExtension] Setting keyboard focus to editor 'CommentSelection.aspx'.
    (20:49.351) [Visual Studio Host (6956):TextEditorDocumentWindowTestExtension] Showing window 'CommentSelection.aspx'.
    (20:49.461) [Visual Studio Host (6956):VisualStudioCaretTestExtension] Moving the caret and selecting from (Ln: 12, Ch: 21) to the beginning of the line
    (20:49.512) [Visual Studio Host (6956):VisualStudioTextEditorTestExtension] Setting keyboard focus to editor 'CommentSelection.aspx'.
    (20:49.574) [Visual Studio Host (6956):TextEditorDocumentWindowTestExtension] Showing window 'CommentSelection.aspx'.
    (20:49.654) [Visual Studio Host (6956):TextEditorDocumentWindowTestExtension] Showing window 'CommentSelection.aspx'.
    (20:49.717) [Visual Studio Host (6956):TextEditorDocumentWindowTestExtension] Showing window 'CommentSelection.aspx'.
    (20:49.805) [Visual Studio Host (6956):VisualStudioCaretTestExtension] Moving the caret and selecting from (Ln: 12, Ch: 17) right '7' characters
    (20:49.895) [Visual Studio Host (6956):VisualStudioTextEditorTestExtension] Setting keyboard focus to editor 'CommentSelection.aspx'.
    (20:50.110) [Visual Studio Host (6956):TextEditorDocumentWindowTestExtension] Showing window 'CommentSelection.aspx' without activating the window.
    (20:50.221) [Visual Studio Host (6956):TextEditorDocumentWindowTestExtension] Showing window 'CommentSelection.aspx'.
    (20:50.313) [Visual Studio Host (6956):TextEditorDocumentWindowTestExtension] Showing window 'CommentSelection.aspx' without activating the window.
    (20:50.378) [Visual Studio Host (6956):TextEditorDocumentWindowTestExtension] Showing window 'CommentSelection.aspx'.
    (20:50.455) [Visual Studio Host (6956):VisualStudioCaretTestExtension] Moving the caret from (Ln: 12, Ch: 28) to (Ln: 3, Ch: 21)
    (20:50.540) [Visual Studio Host (6956):TextEditorDocumentWindowTestExtension] Showing window 'CommentSelection.aspx'.
    (20:50.614) [Visual Studio Host (6956):VisualStudioCaretTestExtension] Moving the caret and selecting from (Ln: 3, Ch: 21) down '9' lines
    (20:50.675) [Visual Studio Host (6956):VisualStudioTextEditorTestExtension] Setting keyboard focus to editor 'CommentSelection.aspx'.
    (20:50.811) [Visual Studio Host (6956):TextEditorDocumentWindowTestExtension] Showing window 'CommentSelection.aspx'.
    (20:50.935) [Visual Studio Host (6956):VisualStudioCaretTestExtension] Moving the caret and selecting from (Ln: 12, Ch: 21) to the beginning of the line
    (20:51.004) [Visual Studio Host (6956):VisualStudioTextEditorTestExtension] Setting keyboard focus to editor 'CommentSelection.aspx'.
    (20:51.087) [Visual Studio Host (6956):TextEditorDocumentWindowTestExtension] Showing window 'CommentSelection.aspx'.
    (20:51.184) [Visual Studio Host (6956):TextEditorDocumentWindowTestExtension] Showing window 'CommentSelection.aspx'.
    (20:51.269) [Visual Studio Host (6956):TextEditorDocumentWindowTestExtension] Showing window 'CommentSelection.aspx'.
    (20:51.356) [Visual Studio Host (6956):VisualStudioCaretTestExtension] Moving the caret and selecting from (Ln: 12, Ch: 17) right '11' characters
    (20:51.423) [Visual Studio Host (6956):VisualStudioTextEditorTestExtension] Setting keyboard focus to editor 'CommentSelection.aspx'.
    (20:51.547) [Visual Studio Host (6956):TextEditorDocumentWindowTestExtension] Showing window 'CommentSelection.aspx' without activating the window.
    (20:51.631) [Visual Studio Host (6956):TextEditorDocumentWindowTestExtension] Showing window 'CommentSelection.aspx' without activating the window.
    (20:51.687) [Visual Studio Host (6956):TextEditorDocumentWindowTestExtension] Showing window 'CommentSelection.aspx'.
    + ExternalProcessHostTest TestCleanup
        (20:51.971) [Visual Studio Host (6956):TextEditorDocumentWindowTestExtension] Closing window 'CommentSelection.aspx'.
        (20:52.243) [Platform:Testcase] Test 'VSTest_DumpCommentSelectionAspxResults' has 'Passed' outcome. Therefore, Apex will not shut down the 'Visual Studio Host (6956)' with process ID '6956'. A subsequent test scenario will run on the same instance of the host.
    + Final Test Result Verification
        (20:52.529) [Platform:DelayedAssertionVerifierSink] Verification Success: 0 verification steps failed.
    + ApexTest TestCleanup</StdOut>
      </Output>
      <ResultFiles>
        <ResultFile path="WNVM19648\Fail.azqsczivabnm.png" />
        <ResultFile path="WNVM19648\Fail.ig2gsfz5ad1y.png" />
        <ResultFile path="WNVM19648\Fail.o5zf0zepaw0l.png" />
        <ResultFile path="WNVM19648\OmniLog.html" />
        <ResultFile path="WNVM19648\OmniLogRawXml.xml" />
      </ResultFiles>
    </UnitTestResult>
    <UnitTestResult executionId="d6ca410a-896b-44f1-8c0f-bb5c696fb5d4" testId="9ad5782c-f792-109c-ddc6-8eeee1b1cf4d" testName="VSTest_CSS_SmartIndentInCSSInHTML" computerName="WNVM19648" duration="00:00:09.8980981" startTime="2018-04-17T00:28:00.1807387-07:00" endTime="2018-04-17T00:28:10.0788368-07:00" testType="13cdc9d9-ddb5-4fa4-a97d-d965ccfc6d4b" outcome="Passed" testListId="8c84fa94-04c1-424b-9868-57a2d4851a1d" relativeResultsDirectory="d6ca410a-896b-44f1-8c0f-bb5c696fb5d4">
      <Output>
        <StdOut>+ CssSmartIndentTests::VSTest_CSS_SmartIndentInCSSInHTML
    + ApexTest TestInitialize
    + ExternalProcessHostTest TestInitialize
        (29:41.568) [Visual Studio Host (11564):RoamingSettingsService] Disabling roaming settings.
        (29:41.632) [Visual Studio Host (11564):SettingsService] Setting Visual Studio option 'Environment\RoamingSettings\RoamingEnabled' to 'False'.
        (29:41.973) [Visual Studio Host (11564):TextEditorDocumentWindowTestExtension] Showing window 'SmartIndentInCSSInHTML.html' without activating the window.
        (29:42.083) [Visual Studio Host (11564):TextEditorDocumentWindowTestExtension] Showing window 'SmartIndentInCSSInHTML.html'.
        (29:42.188) [Visual Studio Host (11564):VisualStudioTextEditorTestExtension] Setting keyboard focus to editor 'SmartIndentInCSSInHTML.html'.
        (29:42.289) [Visual Studio Host (11564):SettingsService] Getting value of Visual Studio Setting 'TextEditor\HTMLX\InsertTabs'. 
        (29:42.371) [Visual Studio Host (11564):SettingsService] Setting Visual Studio option 'TextEditor\HTMLX\InsertTabs' to 'False'.
        (29:42.443) [Visual Studio Host (11564):SettingsService] Getting value of Visual Studio Setting 'TextEditor\CSS\InsertTabs'. 
        (29:42.519) [Visual Studio Host (11564):SettingsService] Setting Visual Studio option 'TextEditor\CSS\InsertTabs' to 'True'.
        (29:42.614) [Visual Studio Host (11564):SettingsService] Getting value of Visual Studio Setting 'TextEditor\CSS\IndentSize'. 
        (29:42.751) [Visual Studio Host (11564):SettingsService] Setting Visual Studio option 'TextEditor\CSS\IndentSize' to '8'.
        (29:42.853) [Visual Studio Host (11564):SettingsService] Getting value of Visual Studio Setting 'TextEditor\CSS\TabSize'. 
        (29:42.951) [Visual Studio Host (11564):SettingsService] Setting Visual Studio option 'TextEditor\CSS\TabSize' to '8'.
        (29:43.140) [Visual Studio Host (11564):MainWindowService] Activating main window to bring it to the foreground.
        (29:43.265) [Visual Studio Host (11564):MainWindowService] Setting main window state to 'Maximized'.
    (29:43.490) [Visual Studio Host (11564):TextEditorDocumentWindowTestExtension] Showing window 'SmartIndentInCSSInHTML.html' without activating the window.
    (29:43.563) [Visual Studio Host (11564):TextEditorDocumentWindowTestExtension] Showing window 'SmartIndentInCSSInHTML.html'.
    (29:43.701) [Visual Studio Host (11564):VisualStudioCaretTestExtension] Moving the caret from (Ln: 1, Ch: 1) to (Ln: 26, Ch: 14)
    (29:43.785) [Visual Studio Host (11564):TextEditorDocumentWindowTestExtension] Showing window 'SmartIndentInCSSInHTML.html' without activating the window.
    (29:43.856) [Visual Studio Host (11564):TextEditorDocumentWindowTestExtension] Showing window 'SmartIndentInCSSInHTML.html'.
    (29:43.944) [Visual Studio Host (11564):KeyboardCommands] Sending the Return key 1 times.
    (29:44.033) [Visual Studio Host (11564):TextEditorDocumentWindowTestExtension] Showing window 'SmartIndentInCSSInHTML.html' without activating the window.
    (29:44.103) [Visual Studio Host (11564):TextEditorDocumentWindowTestExtension] Showing window 'SmartIndentInCSSInHTML.html'.
    (29:44.204) [Visual Studio Host (11564):VisualStudioTextEditingActions] Inserting text combine CRLF as single return: 'foo' at the current caret position: '(Ln: 27, Ch: 13)'
    (29:44.303) [Visual Studio Host (11564):TextEditorDocumentWindowTestExtension] Showing window 'SmartIndentInCSSInHTML.html' without activating the window.
    (29:44.395) [Visual Studio Host (11564):TextEditorDocumentWindowTestExtension] Showing window 'SmartIndentInCSSInHTML.html'.
    (29:44.465) [Visual Studio Host (11564):TextEditorDocumentWindowTestExtension] Showing window 'SmartIndentInCSSInHTML.html' without activating the window.
    (29:44.524) [Visual Studio Host (11564):TextEditorDocumentWindowTestExtension] Showing window 'SmartIndentInCSSInHTML.html'.
    (29:44.607) [Visual Studio Host (11564):VisualStudioCaretTestExtension] Moving the caret from (Ln: 27, Ch: 16) to (Ln: 22, Ch: 13)
    (29:44.688) [Visual Studio Host (11564):TextEditorDocumentWindowTestExtension] Showing window 'SmartIndentInCSSInHTML.html' without activating the window.
    (29:44.768) [Visual Studio Host (11564):TextEditorDocumentWindowTestExtension] Showing window 'SmartIndentInCSSInHTML.html'.
    (29:44.842) [Visual Studio Host (11564):KeyboardCommands] Sending the Return key 1 times.
    (29:44.916) [Visual Studio Host (11564):TextEditorDocumentWindowTestExtension] Showing window 'SmartIndentInCSSInHTML.html' without activating the window.
    (29:44.981) [Visual Studio Host (11564):TextEditorDocumentWindowTestExtension] Showing window 'SmartIndentInCSSInHTML.html'.
    (29:45.074) [Visual Studio Host (11564):VisualStudioTextEditingActions] Inserting text combine CRLF as single return: 'foo' at the current caret position: '(Ln: 23, Ch: 13)'
    (29:45.202) [Visual Studio Host (11564):TextEditorDocumentWindowTestExtension] Showing window 'SmartIndentInCSSInHTML.html' without activating the window.
    (29:45.286) [Visual Studio Host (11564):TextEditorDocumentWindowTestExtension] Showing window 'SmartIndentInCSSInHTML.html'.
    (29:45.415) [Visual Studio Host (11564):TextEditorDocumentWindowTestExtension] Showing window 'SmartIndentInCSSInHTML.html' without activating the window.
    (29:45.493) [Visual Studio Host (11564):TextEditorDocumentWindowTestExtension] Showing window 'SmartIndentInCSSInHTML.html'.
    (29:45.565) [Visual Studio Host (11564):VisualStudioCaretTestExtension] Moving the caret from (Ln: 23, Ch: 16) to (Ln: 17, Ch: 16)
    (29:45.655) [Visual Studio Host (11564):TextEditorDocumentWindowTestExtension] Showing window 'SmartIndentInCSSInHTML.html' without activating the window.
    (29:45.712) [Visual Studio Host (11564):TextEditorDocumentWindowTestExtension] Showing window 'SmartIndentInCSSInHTML.html'.
    (29:45.771) [Visual Studio Host (11564):KeyboardCommands] Sending the Return key 1 times.
    (29:45.838) [Visual Studio Host (11564):TextEditorDocumentWindowTestExtension] Showing window 'SmartIndentInCSSInHTML.html' without activating the window.
    (29:45.921) [Visual Studio Host (11564):TextEditorDocumentWindowTestExtension] Showing window 'SmartIndentInCSSInHTML.html'.
    (29:46.049) [Visual Studio Host (11564):VisualStudioTextEditingActions] Inserting text combine CRLF as single return: 'foo' at the current caret position: '(Ln: 18, Ch: 17)'
    (29:46.178) [Visual Studio Host (11564):TextEditorDocumentWindowTestExtension] Showing window 'SmartIndentInCSSInHTML.html' without activating the window.
    (29:46.265) [Visual Studio Host (11564):TextEditorDocumentWindowTestExtension] Showing window 'SmartIndentInCSSInHTML.html'.
    (29:46.401) [Visual Studio Host (11564):TextEditorDocumentWindowTestExtension] Showing window 'SmartIndentInCSSInHTML.html' without activating the window.
    (29:46.473) [Visual Studio Host (11564):TextEditorDocumentWindowTestExtension] Showing window 'SmartIndentInCSSInHTML.html'.
    (29:46.594) [Visual Studio Host (11564):VisualStudioCaretTestExtension] Moving the caret from (Ln: 18, Ch: 20) to (Ln: 13, Ch: 15)
    (29:46.672) [Visual Studio Host (11564):TextEditorDocumentWindowTestExtension] Showing window 'SmartIndentInCSSInHTML.html' without activating the window.
    (29:46.743) [Visual Studio Host (11564):TextEditorDocumentWindowTestExtension] Showing window 'SmartIndentInCSSInHTML.html'.
    (29:46.816) [Visual Studio Host (11564):KeyboardCommands] Sending the Return key 1 times.
    (29:46.895) [Visual Studio Host (11564):TextEditorDocumentWindowTestExtension] Showing window 'SmartIndentInCSSInHTML.html' without activating the window.
    (29:46.973) [Visual Studio Host (11564):TextEditorDocumentWindowTestExtension] Showing window 'SmartIndentInCSSInHTML.html'.
    (29:47.068) [Visual Studio Host (11564):VisualStudioTextEditingActions] Inserting text combine CRLF as single return: 'foo' at the current caret position: '(Ln: 14, Ch: 13)'
    (29:47.180) [Visual Studio Host (11564):TextEditorDocumentWindowTestExtension] Showing window 'SmartIndentInCSSInHTML.html' without activating the window.
    (29:47.255) [Visual Studio Host (11564):TextEditorDocumentWindowTestExtension] Showing window 'SmartIndentInCSSInHTML.html'.
    (29:47.390) [Visual Studio Host (11564):TextEditorDocumentWindowTestExtension] Showing window 'SmartIndentInCSSInHTML.html' without activating the window.
    (29:47.483) [Visual Studio Host (11564):TextEditorDocumentWindowTestExtension] Showing window 'SmartIndentInCSSInHTML.html'.
    (29:47.562) [Visual Studio Host (11564):VisualStudioCaretTestExtension] Moving the caret from (Ln: 14, Ch: 16) to (Ln: 9, Ch: 16)
    (29:47.669) [Visual Studio Host (11564):TextEditorDocumentWindowTestExtension] Showing window 'SmartIndentInCSSInHTML.html' without activating the window.
    (29:47.745) [Visual Studio Host (11564):TextEditorDocumentWindowTestExtension] Showing window 'SmartIndentInCSSInHTML.html'.
    (29:47.815) [Visual Studio Host (11564):KeyboardCommands] Sending the Return key 1 times.
    (29:47.899) [Visual Studio Host (11564):TextEditorDocumentWindowTestExtension] Showing window 'SmartIndentInCSSInHTML.html' without activating the window.
    (29:47.986) [Visual Studio Host (11564):TextEditorDocumentWindowTestExtension] Showing window 'SmartIndentInCSSInHTML.html'.
    (29:48.099) [Visual Studio Host (11564):VisualStudioTextEditingActions] Inserting text combine CRLF as single return: 'foo' at the current caret position: '(Ln: 10, Ch: 13)'
    (29:48.234) [Visual Studio Host (11564):TextEditorDocumentWindowTestExtension] Showing window 'SmartIndentInCSSInHTML.html' without activating the window.
    (29:48.310) [Visual Studio Host (11564):TextEditorDocumentWindowTestExtension] Showing window 'SmartIndentInCSSInHTML.html'.
    (29:48.496) [Visual Studio Host (11564):TextEditorDocumentWindowTestExtension] Showing window 'SmartIndentInCSSInHTML.html' without activating the window.
    (29:48.587) [Visual Studio Host (11564):TextEditorDocumentWindowTestExtension] Showing window 'SmartIndentInCSSInHTML.html'.
    (29:48.666) [Visual Studio Host (11564):VisualStudioCaretTestExtension] Moving the caret from (Ln: 10, Ch: 16) to (Ln: 7, Ch: 12)
    (29:48.757) [Visual Studio Host (11564):TextEditorDocumentWindowTestExtension] Showing window 'SmartIndentInCSSInHTML.html' without activating the window.
    (29:48.824) [Visual Studio Host (11564):TextEditorDocumentWindowTestExtension] Showing window 'SmartIndentInCSSInHTML.html'.
    (29:48.888) [Visual Studio Host (11564):KeyboardCommands] Sending the Return key 1 times.
    (29:48.984) [Visual Studio Host (11564):TextEditorDocumentWindowTestExtension] Showing window 'SmartIndentInCSSInHTML.html' without activating the window.
    (29:49.077) [Visual Studio Host (11564):TextEditorDocumentWindowTestExtension] Showing window 'SmartIndentInCSSInHTML.html'.
    (29:49.175) [Visual Studio Host (11564):VisualStudioTextEditingActions] Inserting text combine CRLF as single return: 'foo' at the current caret position: '(Ln: 8, Ch: 9)'
    (29:49.277) [Visual Studio Host (11564):TextEditorDocumentWindowTestExtension] Showing window 'SmartIndentInCSSInHTML.html' without activating the window.
    (29:49.351) [Visual Studio Host (11564):TextEditorDocumentWindowTestExtension] Showing window 'SmartIndentInCSSInHTML.html'.
    (29:49.498) [Visual Studio Host (11564):TextEditorDocumentWindowTestExtension] Showing window 'SmartIndentInCSSInHTML.html' without activating the window.
    (29:49.562) [Visual Studio Host (11564):TextEditorDocumentWindowTestExtension] Showing window 'SmartIndentInCSSInHTML.html'.
    + ExternalProcessHostTest TestCleanup
        (29:49.727) [Visual Studio Host (11564):SettingsService] Setting Visual Studio option 'TextEditor\CSS\InsertTabs' to 'False'.
        (29:49.809) [Visual Studio Host (11564):SettingsService] Setting Visual Studio option 'TextEditor\CSS\IndentSize' to '4'.
        (29:49.949) [Visual Studio Host (11564):SettingsService] Setting Visual Studio option 'TextEditor\CSS\TabSize' to '4'.
        (29:50.076) [Visual Studio Host (11564):SettingsService] Setting Visual Studio option 'TextEditor\HTMLX\InsertTabs' to 'False'.
        (29:50.231) [Visual Studio Host (11564):TextEditorDocumentWindowTestExtension] Closing window 'SmartIndentInCSSInHTML.html'.
        (29:50.516) [Platform:Testcase] Test 'VSTest_CSS_SmartIndentInCSSInHTML' has 'Passed' outcome. Therefore, Apex will not shut down the 'Visual Studio Host (11564)' with process ID '11564'. A subsequent test scenario will run on the same instance of the host.
    + Final Test Result Verification
        (29:50.781) [Platform:DelayedAssertionVerifierSink] Verification Success: 0 verification steps failed.
    + ApexTest TestCleanup</StdOut>
      </Output>
      <ResultFiles>
        <ResultFile path="WNVM19648\Fail.azqsczivabnm.png" />
        <ResultFile path="WNVM19648\Fail.ig2gsfz5ad1y.png" />
        <ResultFile path="WNVM19648\Fail.o5zf0zepaw0l.png" />
        <ResultFile path="WNVM19648\OmniLog.html" />
        <ResultFile path="WNVM19648\OmniLogRawXml.xml" />
      </ResultFiles>
    </UnitTestResult>
    <UnitTestResult executionId="b6af1d24-cde1-47f2-96e4-d522e6b018b5" testId="0ea4657c-2d4d-0557-ad4e-285fc4bbd4b1" testName="VSTest_UWP_ImplicitJavaScriptReferenceIntelliSense" computerName="WNVM19648" startTime="2018-04-17T00:51:21.3239525-07:00" endTime="2018-04-17T00:51:21.3239525-07:00" testType="13cdc9d9-ddb5-4fa4-a97d-d965ccfc6d4b" outcome="NotExecuted" testListId="8c84fa94-04c1-424b-9868-57a2d4851a1d" relativeResultsDirectory="b6af1d24-cde1-47f2-96e4-d522e6b018b5">
      <Output>
        <ErrorInfo>
          <Message>Assert.Inconclusive failed. Required component ID "Microsoft.VisualStudio.Workload.Universal" (UWP Workload) was not installed.  Please install this component and rerun the test.</Message>
        </ErrorInfo>
      </Output>
    </UnitTestResult>
    <UnitTestResult executionId="402379ad-36ff-4476-89be-8dc0a3bcabad" testId="b1258ab6-6726-97ba-6866-88545be9326f" testName="VSTest_RazorClearContent" computerName="WNVM19648" duration="00:00:04.2809361" startTime="2018-04-17T01:11:37.1184097-07:00" endTime="2018-04-17T01:11:41.3993458-07:00" testType="13cdc9d9-ddb5-4fa4-a97d-d965ccfc6d4b" outcome="Passed" testListId="8c84fa94-04c1-424b-9868-57a2d4851a1d" relativeResultsDirectory="402379ad-36ff-4476-89be-8dc0a3bcabad">
      <Output>
        <StdOut>+ CSharpGeneralTests::VSTest_RazorClearContent
    + ApexTest TestInitialize
    + ExternalProcessHostTest TestInitialize
        (01:13:18.768) [Visual Studio Host (8016):RoamingSettingsService] Disabling roaming settings.
        (01:13:18.897) [Visual Studio Host (8016):SettingsService] Setting Visual Studio option 'Environment\RoamingSettings\RoamingEnabled' to 'False'.
        (01:13:19.219) [Visual Studio Host (8016):TextEditorDocumentWindowTestExtension] Showing window 'valid.cshtml' without activating the window.
        (01:13:19.385) [Visual Studio Host (8016):TextEditorDocumentWindowTestExtension] Showing window 'valid.cshtml'.
        (01:13:19.549) [Visual Studio Host (8016):VisualStudioTextEditorTestExtension] Setting keyboard focus to editor 'valid.cshtml'.
        (01:13:19.682) [Visual Studio Host (8016):MainWindowService] Activating main window to bring it to the foreground.
        (01:13:19.833) [Visual Studio Host (8016):MainWindowService] Setting main window state to 'Maximized'.
    (01:13:20.190) [Visual Studio Host (8016):TextEditorDocumentWindowTestExtension] Showing window 'valid.cshtml' without activating the window.
    (01:13:20.341) [Visual Studio Host (8016):TextEditorDocumentWindowTestExtension] Showing window 'valid.cshtml'.
    (01:13:20.496) [Visual Studio Host (8016):VisualStudioTextEditingActions] Inserting text combine CRLF as single return: 'This is a test!' at the current caret position: '(Ln: 6, Ch: 1)'
    (01:13:20.702) [Visual Studio Host (8016):TextEditorDocumentWindowTestExtension] Showing window 'valid.cshtml' without activating the window.
    (01:13:20.855) [Visual Studio Host (8016):TextEditorDocumentWindowTestExtension] Showing window 'valid.cshtml'.
    + ExternalProcessHostTest TestCleanup
        (01:13:21.136) [Visual Studio Host (8016):TextEditorDocumentWindowTestExtension] Closing window 'valid.cshtml'.
        (01:13:21.403) [Platform:Testcase] Test 'VSTest_RazorClearContent' has 'Passed' outcome. Therefore, Apex will not shut down the 'Visual Studio Host (8016)' with process ID '8016'. A subsequent test scenario will run on the same instance of the host.
    + Final Test Result Verification
        (01:13:21.811) [Platform:DelayedAssertionVerifierSink] Verification Success: 0 verification steps failed.
    + ApexTest TestCleanup</StdOut>
      </Output>
      <ResultFiles>
        <ResultFile path="WNVM19648\Fail.azqsczivabnm.png" />
        <ResultFile path="WNVM19648\Fail.ig2gsfz5ad1y.png" />
        <ResultFile path="WNVM19648\Fail.o5zf0zepaw0l.png" />
        <ResultFile path="WNVM19648\Fail.raasvsmeanc1.png" />
        <ResultFile path="WNVM19648\Fail.t4yj0fxuatil.png" />
        <ResultFile path="WNVM19648\Fail.z10rn0n5ajdm.png" />
        <ResultFile path="WNVM19648\OmniLog.html" />
        <ResultFile path="WNVM19648\OmniLogRawXml.xml" />
      </ResultFiles>
    </UnitTestResult>
    <UnitTestResult executionId="6ec6a7ab-67be-41d5-a331-c0f4658d7874" testId="80ddbbf1-24a0-eb1c-c202-46675d5dc1f1" testName="VSTest_JSON_SuggestedActions_RemoveDefaultValue_IsPresent" computerName="WNVM19648" startTime="2018-04-17T01:53:57.1440876-07:00" endTime="2018-04-17T01:53:57.1440876-07:00" testType="13cdc9d9-ddb5-4fa4-a97d-d965ccfc6d4b" outcome="NotExecuted" testListId="8c84fa94-04c1-424b-9868-57a2d4851a1d" relativeResultsDirectory="6ec6a7ab-67be-41d5-a331-c0f4658d7874">
      <Output>
      </Output>
    </UnitTestResult>
    <UnitTestResult executionId="36ade0e5-1eab-443d-97d8-078b36fdc1bb" testId="ec13a3ee-12a8-ba6b-5ae5-0a4183ed0c7d" testName="VSTest_JSON_VerifyKnownFileSchemaAssociations (webs\misc\JSON\KnownSchemas\.bowerrc, http://json.schemastore.org/bowerrc)" computerName="WNVM19648" startTime="2018-04-17T01:53:07.2130097-07:00" endTime="2018-04-17T01:53:07.2130097-07:00" testType="13cdc9d9-ddb5-4fa4-a97d-d965ccfc6d4b" outcome="NotExecuted" testListId="8c84fa94-04c1-424b-9868-57a2d4851a1d" relativeResultsDirectory="36ade0e5-1eab-443d-97d8-078b36fdc1bb">
      <Output>
      </Output>
    </UnitTestResult>
    <UnitTestResult executionId="61fc100e-4238-4379-865a-4d852c83d874" testId="4bfd258d-4b13-ba17-9f88-95cc5d19d297" testName="VSTest_AutoTagNameMatcher_RemoveUnclosedSameInnerTagNameAspx" computerName="WNVM19648" duration="00:00:53.3339161" startTime="2018-04-17T00:20:04.9450135-07:00" endTime="2018-04-17T00:20:58.2789296-07:00" testType="13cdc9d9-ddb5-4fa4-a97d-d965ccfc6d4b" outcome="Passed" testListId="8c84fa94-04c1-424b-9868-57a2d4851a1d" relativeResultsDirectory="61fc100e-4238-4379-865a-4d852c83d874">
      <Output>
        <StdOut>+ AutoTagNameMatcherTests::VSTest_AutoTagNameMatcher_RemoveUnclosedSameInnerTagNameAspx
    + ApexTest TestInitialize
    + ExternalProcessHostTest TestInitialize
        (21:49.071) [Platform:VenusHost] Compose Batch: 00:00:02.4999343
        (21:51.032) [Platform:VenusHost] Host Process is being started. Executable = 'C:\Program Files (x86)\Microsoft Visual Studio\Preview\Enterprise\Common7\IDE\devenv.exe'.
        (21:51.126) [Platform:VenusHost] Host Process is started. PID = 11564.
        (21:51.282) [Platform:VenusHost] Host process 'devenv' (id: 11564) is now idle/ready.
        (21:58.860) [Platform:Microsoft.Test.Apex.Hosts.Services.RemoteServiceInitializer] Using remote code injector service 'RemoteCodeInjectorService' for the operation 'ManagedAuto'.
        + Visual Studio Host Creation
            (22:07.806) [Platform:Testcase] Target Executable: 'C:\Program Files (x86)\Microsoft Visual Studio\Preview\Enterprise\Common7\IDE\devenv.exe'.
            (22:07.893) [Platform:Testcase] Process Id: '11564'.
            (22:07.980) [Platform:Testcase] UI Culture: 'English (United States)'.
            (22:08.052) [Platform:Testcase] Build Number: '15.0.27615'.
        (22:08.294) [Visual Studio Host (11564):RoamingSettingsService] Disabling roaming settings.
        (22:08.362) [Visual Studio Host (11564):SettingsService] Setting Visual Studio option 'Environment\RoamingSettings\RoamingEnabled' to 'False'.
        (22:12.212) [Visual Studio Host (11564):SolutionService] Opening solution file 'file:///C:/TestBin/IntegrationTests/MS.VS.Web.Editors/webs/misc.sln' with asynchronous load data available.  WaitForFullyLoadedOnOpen set to 'True'. Apex will wait for all async project loads to complete before proceeding.
            (22:12.270) [Visual Studio Host (11564):SolutionService] Solution load behavior is set to 'Realtime'.
        + Waiting for the solution to fully load.
        (22:32.707) [Visual Studio Host (11564):TextEditorDocumentWindowTestExtension] Showing window 'RemoveUnclosedSameInnerTagName.aspx' without activating the window.
        (22:33.063) [Visual Studio Host (11564):TextEditorDocumentWindowTestExtension] Showing window 'RemoveUnclosedSameInnerTagName.aspx'.
        (22:33.287) [Visual Studio Host (11564):VisualStudioTextEditorTestExtension] Setting keyboard focus to editor 'RemoveUnclosedSameInnerTagName.aspx'.
        (22:33.761) [Visual Studio Host (11564):MainWindowService] Activating main window to bring it to the foreground.
        (22:34.635) [Visual Studio Host (11564):MainWindowService] Setting main window state to 'Maximized'.
    (22:35.288) [Visual Studio Host (11564):TextEditorDocumentWindowTestExtension] Showing window 'RemoveUnclosedSameInnerTagName.aspx' without activating the window.
    (22:35.505) [Visual Studio Host (11564):TextEditorDocumentWindowTestExtension] Showing window 'RemoveUnclosedSameInnerTagName.aspx'.
    (22:35.656) [Visual Studio Host (11564):VisualStudioCaretTestExtension] Moving the caret from (Ln: 1, Ch: 1) to (Ln: 14, Ch: 33)
    (22:35.828) [Visual Studio Host (11564):TextEditorDocumentWindowTestExtension] Showing window 'RemoveUnclosedSameInnerTagName.aspx' without activating the window.
    (22:35.916) [Visual Studio Host (11564):TextEditorDocumentWindowTestExtension] Showing window 'RemoveUnclosedSameInnerTagName.aspx'.
    (22:36.870) [Visual Studio Host (11564):VisualStudioTextEditingActions] Deleting previous '19' characters at the current caret position: '(Ln: 14, Ch: 33)'
    (22:37.160) [Visual Studio Host (11564):TextEditorDocumentWindowTestExtension] Showing window 'RemoveUnclosedSameInnerTagName.aspx' without activating the window.
    (22:37.249) [Visual Studio Host (11564):TextEditorDocumentWindowTestExtension] Showing window 'RemoveUnclosedSameInnerTagName.aspx'.
    + ExternalProcessHostTest TestCleanup
        (22:38.232) [Visual Studio Host (11564):TextEditorDocumentWindowTestExtension] Closing window 'RemoveUnclosedSameInnerTagName.aspx'.
        (22:38.708) [Platform:Testcase] Test 'VSTest_AutoTagNameMatcher_RemoveUnclosedSameInnerTagNameAspx' has 'Passed' outcome. Therefore, Apex will not shut down the 'Visual Studio Host (11564)' with process ID '11564'. A subsequent test scenario will run on the same instance of the host.
    + Final Test Result Verification
        (22:39.036) [Platform:DelayedAssertionVerifierSink] Verification Success: 0 verification steps failed.
    + ApexTest TestCleanup</StdOut>
      </Output>
      <ResultFiles>
        <ResultFile path="WNVM19648\Fail.azqsczivabnm.png" />
        <ResultFile path="WNVM19648\Fail.ig2gsfz5ad1y.png" />
        <ResultFile path="WNVM19648\Fail.o5zf0zepaw0l.png" />
        <ResultFile path="WNVM19648\OmniLog.html" />
        <ResultFile path="WNVM19648\OmniLogRawXml.xml" />
      </ResultFiles>
    </UnitTestResult>
    <UnitTestResult executionId="1d81320f-a8d9-41e0-915b-f162944b31c5" testId="613a2f06-100c-784e-7022-738e5c61d766" testName="VSTest_Razor_TagHelpers_Script" computerName="WNVM19648" duration="00:00:19.1449083" startTime="2018-04-17T01:16:18.1691293-07:00" endTime="2018-04-17T01:16:37.3140376-07:00" testType="13cdc9d9-ddb5-4fa4-a97d-d965ccfc6d4b" outcome="Passed" testListId="8c84fa94-04c1-424b-9868-57a2d4851a1d" relativeResultsDirectory="1d81320f-a8d9-41e0-915b-f162944b31c5">
      <Output>
        <StdOut>+ RazorTagHelperTests::VSTest_Razor_TagHelpers_Script
    + ApexTest TestInitialize
    + ExternalProcessHostTest TestInitialize
        (01:17:59.846) [Visual Studio Host (8016):RoamingSettingsService] Disabling roaming settings.
        (01:17:59.983) [Visual Studio Host (8016):SettingsService] Setting Visual Studio option 'Environment\RoamingSettings\RoamingEnabled' to 'False'.
        (01:18:00.752) [Visual Studio Host (8016):TextEditorDocumentWindowTestExtension] Showing window 'TagHelpers.cshtml' without activating the window.
        (01:18:00.916) [Visual Studio Host (8016):TextEditorDocumentWindowTestExtension] Showing window 'TagHelpers.cshtml'.
        (01:18:01.200) [Visual Studio Host (8016):VisualStudioTextEditorTestExtension] Setting keyboard focus to editor 'TagHelpers.cshtml'.
        (01:18:01.420) [Visual Studio Host (8016):MainWindowService] Activating main window to bring it to the foreground.
        (01:18:01.611) [Visual Studio Host (8016):MainWindowService] Setting main window state to 'Maximized'.
    (01:18:02.001) [Visual Studio Host (8016):TextEditorDocumentWindowTestExtension] Showing window 'TagHelpers.cshtml' without activating the window.
    (01:18:02.135) [Visual Studio Host (8016):TextEditorDocumentWindowTestExtension] Showing window 'TagHelpers.cshtml'.
    (01:18:02.306) [Visual Studio Host (8016):VisualStudioCaretTestExtension] Moving the caret to '@addTagHelper' at (Ln: 2, Ch: 1) based on a regular expression.  Expression = "()@addTagHelper" [group index '0', match index '2', options 'Singleline, CultureInvariant']
    (01:18:02.482) [Visual Studio Host (8016):TextEditorDocumentWindowTestExtension] Showing window 'TagHelpers.cshtml' without activating the window.
    (01:18:02.650) [Visual Studio Host (8016):TextEditorDocumentWindowTestExtension] Showing window 'TagHelpers.cshtml'.
    (01:18:02.794) [Visual Studio Host (8016):VisualStudioCaretTestExtension] Moving the caret from (Ln: 2, Ch: 1) down '1' lines
    (01:18:02.951) [Visual Studio Host (8016):VisualStudioTextEditorTestExtension] Setting keyboard focus to editor 'TagHelpers.cshtml'.
    (01:18:03.134) [Visual Studio Host (8016):TextEditorDocumentWindowTestExtension] Showing window 'TagHelpers.cshtml' without activating the window.
    (01:18:03.277) [Visual Studio Host (8016):TextEditorDocumentWindowTestExtension] Showing window 'TagHelpers.cshtml'.
    (01:18:03.811) [Visual Studio Host (8016):TextEditorDocumentWindowTestExtension] Showing window 'TagHelpers.cshtml' without activating the window.
    (01:18:03.996) [Visual Studio Host (8016):TextEditorDocumentWindowTestExtension] Showing window 'TagHelpers.cshtml'.
    (01:18:04.152) [Visual Studio Host (8016):VisualStudioCaretTestExtension] Moving the caret to '' at (Ln: 5, Ch: 1) based on a regular expression.  Expression = "()&lt;body&gt;" [group index '1', match index '1', options 'Singleline, CultureInvariant']
    (01:18:05.375) [Visual Studio Host (8016):TextEditorDocumentWindowTestExtension] Showing window 'TagHelpers.cshtml' without activating the window.
    (01:18:06.600) [Visual Studio Host (8016):TextEditorDocumentWindowTestExtension] Showing window 'TagHelpers.cshtml'.
    (01:18:08.040) [Visual Studio Host (8016):VisualStudioCaretTestExtension] Moving the caret from (Ln: 5, Ch: 1) down '1' lines
    (01:18:08.185) [Visual Studio Host (8016):VisualStudioTextEditorTestExtension] Setting keyboard focus to editor 'TagHelpers.cshtml'.
    (01:18:08.500) [Visual Studio Host (8016):TextEditorDocumentWindowTestExtension] Showing window 'TagHelpers.cshtml' without activating the window.
    (01:18:08.702) [Visual Studio Host (8016):TextEditorDocumentWindowTestExtension] Showing window 'TagHelpers.cshtml'.
    VerificationPass: (01:18:08.896) [Visual Studio Host (8016):CaretVerifier] Verification passed: The current line text is '&lt;-prfx-script&gt;&lt;/-prfx-script&gt;'; the expected text is '&lt;-prfx-script&gt;&lt;/-prfx-script&gt;'; trim = 'True'; &lt;ComparisonType: OrdinalIgnoreCase&gt;
    (01:18:09.057) [Visual Studio Host (8016):TextEditorDocumentWindowTestExtension] Showing window 'TagHelpers.cshtml' without activating the window.
    (01:18:09.231) [Visual Studio Host (8016):TextEditorDocumentWindowTestExtension] Showing window 'TagHelpers.cshtml'.
    (01:18:09.388) [Visual Studio Host (8016):VisualStudioCaretTestExtension] Moving the caret to '' at (Ln: 6, Ch: 19) based on a regular expression.  Expression = "&lt;-prfx-script&gt;()" [group index '1', match index '1', options 'Singleline, CultureInvariant']
    (01:18:09.547) [Visual Studio Host (8016):TextEditorDocumentWindowTestExtension] Showing window 'TagHelpers.cshtml' without activating the window.
    (01:18:09.724) [Visual Studio Host (8016):TextEditorDocumentWindowTestExtension] Showing window 'TagHelpers.cshtml'.
    (01:18:09.926) [Visual Studio Host (8016):KeyboardCommands] Sending the Return key 1 times.
    (01:18:10.155) [Visual Studio Host (8016):TextEditorDocumentWindowTestExtension] Showing window 'TagHelpers.cshtml' without activating the window.
    (01:18:10.367) [Visual Studio Host (8016):TextEditorDocumentWindowTestExtension] Showing window 'TagHelpers.cshtml'.
    (01:18:10.552) [Visual Studio Host (8016):VisualStudioIntellisenseService] Did not find an active completion session. Please use Verify.IsCompletionListPresent() to make sure that the list is present before requesting the completion session.
    Warning: (01:18:10.688) [Visual Studio Host (8016):VisualStudioIntellisenseService] No active completion sessions were found for editor 'TagHelpers.cshtml'.
    (01:18:10.834) [Visual Studio Host (8016):VisualStudioIntellisenseService] Invoking Completion member list at '(Ln: 7, Ch: 1)'.
    (01:18:10.976) [Visual Studio Host (8016):VisualStudioIntellisenseService] Did not find an active completion session. Please use Verify.IsCompletionListPresent() to make sure that the list is present before requesting the completion session.
    (01:18:11.331) [Visual Studio Host (8016):VisualStudioIntellisenseService] Did not find an active completion session. Please use Verify.IsCompletionListPresent() to make sure that the list is present before requesting the completion session.
    (01:18:11.689) [Visual Studio Host (8016):VisualStudioIntellisenseService] Did not find an active completion session. Please use Verify.IsCompletionListPresent() to make sure that the list is present before requesting the completion session.
    (01:18:12.030) [Visual Studio Host (8016):VisualStudioIntellisenseService] Failed to invoke completion list within 1s.
    (01:18:12.203) [Visual Studio Host (8016):VisualStudioIntellisenseService] Did not find an active completion session. Please use Verify.IsCompletionListPresent() to make sure that the list is present before requesting the completion session.
    Warning: (01:18:12.335) [Visual Studio Host (8016):VisualStudioIntellisenseService] No active completion sessions were found for editor 'TagHelpers.cshtml'.
    (01:18:12.604) [Visual Studio Host (8016):VisualStudioIntellisenseService] Did not find an active completion session. Please use Verify.IsCompletionListPresent() to make sure that the list is present before requesting the completion session.
    Warning: (01:18:12.731) [Visual Studio Host (8016):VisualStudioIntellisenseService] No active completion sessions were found for editor 'TagHelpers.cshtml'.
    (01:18:12.969) [Visual Studio Host (8016):VisualStudioIntellisenseService] Did not find an active completion session. Please use Verify.IsCompletionListPresent() to make sure that the list is present before requesting the completion session.
    Warning: (01:18:13.103) [Visual Studio Host (8016):VisualStudioIntellisenseService] No active completion sessions were found for editor 'TagHelpers.cshtml'.
    (01:18:13.337) [Visual Studio Host (8016):VisualStudioIntellisenseService] Did not find an active completion session. Please use Verify.IsCompletionListPresent() to make sure that the list is present before requesting the completion session.
    Warning: (01:18:13.497) [Visual Studio Host (8016):VisualStudioIntellisenseService] No active completion sessions were found for editor 'TagHelpers.cshtml'.
    (01:18:13.740) [Visual Studio Host (8016):VisualStudioIntellisenseService] Did not find an active completion session. Please use Verify.IsCompletionListPresent() to make sure that the list is present before requesting the completion session.
    Warning: (01:18:13.903) [Visual Studio Host (8016):VisualStudioIntellisenseService] No active completion sessions were found for editor 'TagHelpers.cshtml'.
    (01:18:14.155) [Visual Studio Host (8016):VisualStudioIntellisenseService] Did not find an active completion session. Please use Verify.IsCompletionListPresent() to make sure that the list is present before requesting the completion session.
    Warning: (01:18:14.314) [Visual Studio Host (8016):VisualStudioIntellisenseService] No active completion sessions were found for editor 'TagHelpers.cshtml'.
    (01:18:14.974) [Visual Studio Host (8016):VisualStudioIntellisenseService] Did not find an active completion session. Please use Verify.IsCompletionListPresent() to make sure that the list is present before requesting the completion session.
    Warning: (01:18:15.137) [Visual Studio Host (8016):VisualStudioIntellisenseService] No active completion sessions were found for editor 'TagHelpers.cshtml'.
    (01:18:15.299) [Visual Studio Host (8016):VisualStudioIntellisenseService] Invoking Completion member list at '(Ln: 7, Ch: 1)'.
    (01:18:15.470) [Visual Studio Host (8016):VisualStudioIntellisenseService] Did not find an active completion session. Please use Verify.IsCompletionListPresent() to make sure that the list is present before requesting the completion session.
    (01:18:15.846) [Visual Studio Host (8016):VisualStudioIntellisenseService] Getting the active completion at position '(Ln: 7, Ch: 1)'.
    (01:18:16.011) [Visual Studio Host (8016):VisualStudioCompletionListTestExtension] Found completion item with name 
    (01:18:16.143) [Visual Studio Host (8016):VisualStudioIntellisenseService] Getting the active completion at position '(Ln: 7, Ch: 1)'.
    (01:18:16.339) [Visual Studio Host (8016):VisualStudioCompletionListTestExtension] Found completion item with name 
    + ExternalProcessHostTest TestCleanup
        (01:18:16.686) [Visual Studio Host (8016):TextEditorDocumentWindowTestExtension] Closing window 'TagHelpers.cshtml'.
        (01:18:17.022) [Platform:Testcase] Test 'VSTest_Razor_TagHelpers_Script' has 'Passed' outcome. Therefore, Apex will not shut down the 'Visual Studio Host (8016)' with process ID '8016'. A subsequent test scenario will run on the same instance of the host.
    + Final Test Result Verification
        (01:18:17.580) [Platform:DelayedAssertionVerifierSink] Verification Success: 0 verification steps failed.
    + ApexTest TestCleanup</StdOut>
      </Output>
      <ResultFiles>
        <ResultFile path="WNVM19648\Fail.aswak04hapa5.png" />
        <ResultFile path="WNVM19648\Fail.azqsczivabnm.png" />
        <ResultFile path="WNVM19648\Fail.ek4tb3wmalyl.png" />
        <ResultFile path="WNVM19648\Fail.ig2gsfz5ad1y.png" />
        <ResultFile path="WNVM19648\Fail.o4kkrjboasbk.png" />
        <ResultFile path="WNVM19648\Fail.o5zf0zepaw0l.png" />
        <ResultFile path="WNVM19648\Fail.raasvsmeanc1.png" />
        <ResultFile path="WNVM19648\Fail.t4yj0fxuatil.png" />
        <ResultFile path="WNVM19648\Fail.z10rn0n5ajdm.png" />
        <ResultFile path="WNVM19648\OmniLog.html" />
        <ResultFile path="WNVM19648\OmniLogRawXml.xml" />
      </ResultFiles>
    </UnitTestResult>
    <UnitTestResult executionId="9ccaf115-fbc8-4088-917f-4d1f4655ec61" testId="89e0dbb4-9f1c-8e68-6752-7a757f3f43b0" testName="VSTest_UWP_UrlPicker" computerName="WNVM19648" startTime="2018-04-17T00:50:38.0733227-07:00" endTime="2018-04-17T00:50:38.0733227-07:00" testType="13cdc9d9-ddb5-4fa4-a97d-d965ccfc6d4b" outcome="NotExecuted" testListId="8c84fa94-04c1-424b-9868-57a2d4851a1d" relativeResultsDirectory="9ccaf115-fbc8-4088-917f-4d1f4655ec61">
      <Output>
        <ErrorInfo>
          <Message>Assert.Inconclusive failed. Required component ID "Microsoft.VisualStudio.Workload.Universal" (UWP Workload) was not installed.  Please install this component and rerun the test.</Message>
        </ErrorInfo>
      </Output>
    </UnitTestResult>
    <UnitTestResult executionId="1269efec-eb85-4ebe-beaf-bcae68464462" testId="ff801cd4-9b31-701c-9bea-a5380fe254b8" testName="VSTest_Html_FormatDocument_WithStyleBlockAndIndentSizeOption" computerName="WNVM19648" duration="00:00:02.6359335" startTime="2018-04-17T00:31:22.7293194-07:00" endTime="2018-04-17T00:31:25.3652529-07:00" testType="13cdc9d9-ddb5-4fa4-a97d-d965ccfc6d4b" outcome="Passed" testListId="8c84fa94-04c1-424b-9868-57a2d4851a1d" relativeResultsDirectory="1269efec-eb85-4ebe-beaf-bcae68464462">
      <Output>
        <StdOut>+ FormatTests::VSTest_Html_FormatDocument_WithStyleBlockAndIndentSizeOption
    + ApexTest TestInitialize
    + ExternalProcessHostTest TestInitialize
        (33:04.168) [Visual Studio Host (11564):RoamingSettingsService] Disabling roaming settings.
        (33:04.218) [Visual Studio Host (11564):SettingsService] Setting Visual Studio option 'Environment\RoamingSettings\RoamingEnabled' to 'False'.
        (33:04.530) [Visual Studio Host (11564):TextEditorDocumentWindowTestExtension] Showing window 'FormatDocumentWithStyleBlock.htm' without activating the window.
        (33:04.627) [Visual Studio Host (11564):TextEditorDocumentWindowTestExtension] Showing window 'FormatDocumentWithStyleBlock.htm'.
        (33:04.778) [Visual Studio Host (11564):VisualStudioTextEditorTestExtension] Setting keyboard focus to editor 'FormatDocumentWithStyleBlock.htm'.
        (33:04.841) [Visual Studio Host (11564):SettingsService] Getting value of Visual Studio Setting 'TextEditor\HTMLX\IndentSize'. 
        (33:04.900) [Visual Studio Host (11564):SettingsService] Setting Visual Studio option 'TextEditor\HTMLX\IndentSize' to '8'.
        (33:04.968) [Visual Studio Host (11564):MainWindowService] Activating main window to bring it to the foreground.
        (33:05.101) [Visual Studio Host (11564):MainWindowService] Setting main window state to 'Maximized'.
    (33:05.277) [Visual Studio Host (11564):TextEditorDocumentWindowTestExtension] Showing window 'FormatDocumentWithStyleBlock.htm' without activating the window.
    (33:05.397) [Visual Studio Host (11564):TextEditorDocumentWindowTestExtension] Showing window 'FormatDocumentWithStyleBlock.htm'.
    + ExternalProcessHostTest TestCleanup
        (33:05.569) [Visual Studio Host (11564):SettingsService] Setting Visual Studio option 'TextEditor\HTMLX\IndentSize' to '4'.
        (33:05.695) [Visual Studio Host (11564):TextEditorDocumentWindowTestExtension] Closing window 'FormatDocumentWithStyleBlock.htm'.
        (33:05.930) [Platform:Testcase] Test 'VSTest_Html_FormatDocument_WithStyleBlockAndIndentSizeOption' has 'Passed' outcome. Therefore, Apex will not shut down the 'Visual Studio Host (11564)' with process ID '11564'. A subsequent test scenario will run on the same instance of the host.
    + Final Test Result Verification
        (33:06.163) [Platform:DelayedAssertionVerifierSink] Verification Success: 0 verification steps failed.
    + ApexTest TestCleanup</StdOut>
      </Output>
      <ResultFiles>
        <ResultFile path="WNVM19648\Fail.azqsczivabnm.png" />
        <ResultFile path="WNVM19648\Fail.ig2gsfz5ad1y.png" />
        <ResultFile path="WNVM19648\Fail.o5zf0zepaw0l.png" />
        <ResultFile path="WNVM19648\OmniLog.html" />
        <ResultFile path="WNVM19648\OmniLogRawXml.xml" />
      </ResultFiles>
    </UnitTestResult>
    <UnitTestResult executionId="6593d1ad-0726-4a86-9bf6-d4c0c6d3e0c5" testId="a0d1b98a-283e-31bd-f283-ce4f1821e325" testName="VSTest_Colorization_Html_Typing" computerName="WNVM19648" duration="00:00:09.9843202" startTime="2018-04-17T00:19:12.0290172-07:00" endTime="2018-04-17T00:19:22.0133374-07:00" testType="13cdc9d9-ddb5-4fa4-a97d-d965ccfc6d4b" outcome="Passed" testListId="8c84fa94-04c1-424b-9868-57a2d4851a1d" relativeResultsDirectory="6593d1ad-0726-4a86-9bf6-d4c0c6d3e0c5">
      <Output>
        <StdOut>+ ColorizationTests::VSTest_Colorization_Html_Typing
    + ApexTest TestInitialize
    + ExternalProcessHostTest TestInitialize
        (20:53.452) [Visual Studio Host (6956):RoamingSettingsService] Disabling roaming settings.
        (20:53.515) [Visual Studio Host (6956):SettingsService] Setting Visual Studio option 'Environment\RoamingSettings\RoamingEnabled' to 'False'.
        (20:53.993) [Visual Studio Host (6956):TextEditorDocumentWindowTestExtension] Showing window 'empty.html' without activating the window.
        (20:54.229) [Visual Studio Host (6956):TextEditorDocumentWindowTestExtension] Showing window 'empty.html'.
        (20:54.391) [Visual Studio Host (6956):VisualStudioTextEditorTestExtension] Setting keyboard focus to editor 'empty.html'.
        (20:54.479) [Visual Studio Host (6956):MainWindowService] Activating main window to bring it to the foreground.
        (20:54.567) [Visual Studio Host (6956):MainWindowService] Setting main window state to 'Maximized'.
    (20:54.738) [Visual Studio Host (6956):TextEditorDocumentWindowTestExtension] Showing window 'empty.html' without activating the window.
    (20:54.826) [Visual Studio Host (6956):TextEditorDocumentWindowTestExtension] Showing window 'empty.html'.
    (20:54.922) [Visual Studio Host (6956):VisualStudioTextEditingActions] Inserting text: '

&lt;a /&gt;' at the current caret position: '(Ln: 1, Ch: 1)'
    (20:55.070) [Visual Studio Host (6956):TextEditorDocumentWindowTestExtension] Showing window 'empty.html' without activating the window.
    (20:55.138) [Visual Studio Host (6956):TextEditorDocumentWindowTestExtension] Showing window 'empty.html'.
    (20:55.211) [Visual Studio Host (6956):VisualStudioCaretTestExtension] Moving the caret from (Ln: 3, Ch: 6) to the beginning of the file
    (20:55.264) [Visual Studio Host (6956):VisualStudioTextEditorTestExtension] Setting keyboard focus to editor 'empty.html'.
    (20:55.327) [Visual Studio Host (6956):TextEditorDocumentWindowTestExtension] Showing window 'empty.html' without activating the window.
    (20:55.398) [Visual Studio Host (6956):TextEditorDocumentWindowTestExtension] Showing window 'empty.html'.
    (20:55.498) [Visual Studio Host (6956):VisualStudioTextEditingActions] Inserting text: '&lt;!--' at the current caret position: '(Ln: 1, Ch: 1)'
    (20:55.860) [Visual Studio Host (6956):TextEditorDocumentWindowTestExtension] Showing window 'empty.html' without activating the window.
    (20:56.208) [Visual Studio Host (6956):TextEditorDocumentWindowTestExtension] Showing window 'empty.html'.
    (20:56.583) [Visual Studio Host (6956):VisualStudioClassificationTestExtension] Retrieved '4' classifications in the editor.
    (20:56.659) [Visual Studio Host (6956):VisualStudioClassificationTestExtension] Retrieved '4' classifications in the editor.
    (20:56.728) [Visual Studio Host (6956):TextEditorDocumentWindowTestExtension] Showing window 'empty.html' without activating the window.
    (20:56.792) [Visual Studio Host (6956):TextEditorDocumentWindowTestExtension] Showing window 'empty.html'.
    (20:56.879) [Visual Studio Host (6956):TextEditorDocumentWindowTestExtension] Showing window 'empty.html' without activating the window.
    (20:56.945) [Visual Studio Host (6956):TextEditorDocumentWindowTestExtension] Showing window 'empty.html'.
    (20:57.018) [Visual Studio Host (6956):VisualStudioTextEditingActions] Undoing '2' operations.
    (20:57.102) [Visual Studio Host (6956):TextEditorDocumentWindowTestExtension] Showing window 'empty.html' without activating the window.
    (20:57.200) [Visual Studio Host (6956):TextEditorDocumentWindowTestExtension] Showing window 'empty.html'.
    (20:57.277) [Visual Studio Host (6956):VisualStudioCaretTestExtension] Moving the caret to '' at (Ln: 3, Ch: 2) based on a regular expression.  Expression = "&lt;()a /&gt;" [group index '1', match index '1', options 'Singleline, CultureInvariant']
    (20:57.352) [Visual Studio Host (6956):TextEditorDocumentWindowTestExtension] Showing window 'empty.html' without activating the window.
    (20:57.433) [Visual Studio Host (6956):TextEditorDocumentWindowTestExtension] Showing window 'empty.html'.
    (20:57.559) [Visual Studio Host (6956):TextEditorDocumentWindowTestExtension] Showing window 'empty.html' without activating the window.
    (20:57.657) [Visual Studio Host (6956):TextEditorDocumentWindowTestExtension] Showing window 'empty.html'.
    (20:57.754) [Visual Studio Host (6956):VisualStudioClassificationTestExtension] Retrieved '[Name: HTML Element Name, Span: ((Ln: 3, Ch: 2) - (Ln: 3, Ch: 3))]' classification at position '(Ln: 3, Ch: 2)'.
    (20:57.825) [Visual Studio Host (6956):TextEditorDocumentWindowTestExtension] Showing window 'empty.html' without activating the window.
    (20:57.899) [Visual Studio Host (6956):TextEditorDocumentWindowTestExtension] Showing window 'empty.html'.
    (20:57.990) [Visual Studio Host (6956):VisualStudioSelectionTestExtension] Selects all text in the editor.
    (20:58.058) [Visual Studio Host (6956):KeyboardCommands] Sending the Delete key 1 times.
    (20:58.140) [Visual Studio Host (6956):TextEditorDocumentWindowTestExtension] Showing window 'empty.html' without activating the window.
    (20:58.233) [Visual Studio Host (6956):TextEditorDocumentWindowTestExtension] Showing window 'empty.html'.
    (20:58.341) [Visual Studio Host (6956):VisualStudioTextEditingActions] Inserting text: '&lt;!-- foo ' at the current caret position: '(Ln: 1, Ch: 1)'
    (20:58.722) [Visual Studio Host (6956):TextEditorDocumentWindowTestExtension] Showing window 'empty.html' without activating the window.
    (20:59.026) [Visual Studio Host (6956):TextEditorDocumentWindowTestExtension] Showing window 'empty.html'.
    (20:59.321) [Visual Studio Host (6956):VisualStudioCaretTestExtension] Moving the caret and selecting from (Ln: 1, Ch: 10) left '1' characters
    (20:59.381) [Visual Studio Host (6956):VisualStudioTextEditorTestExtension] Setting keyboard focus to editor 'empty.html'.
    (20:59.477) [Visual Studio Host (6956):TextEditorDocumentWindowTestExtension] Showing window 'empty.html' without activating the window.
    (20:59.565) [Visual Studio Host (6956):TextEditorDocumentWindowTestExtension] Showing window 'empty.html'.
    (20:59.670) [Visual Studio Host (6956):TextEditorDocumentWindowTestExtension] Showing window 'empty.html' without activating the window.
    (20:59.752) [Visual Studio Host (6956):TextEditorDocumentWindowTestExtension] Showing window 'empty.html'.
    (20:59.824) [Visual Studio Host (6956):VisualStudioClassificationTestExtension] Retrieved '[Name: HTML Comment, Span: ((Ln: 1, Ch: 1) - (Ln: 1, Ch: 13))]' classification at position '(Ln: 1, Ch: 9)'.
    (20:59.894) [Visual Studio Host (6956):TextEditorDocumentWindowTestExtension] Showing window 'empty.html' without activating the window.
    (20:59.964) [Visual Studio Host (6956):TextEditorDocumentWindowTestExtension] Showing window 'empty.html'.
    (21:00.046) [Visual Studio Host (6956):VisualStudioSelectionTestExtension] Selects all text in the editor.
    (21:00.112) [Visual Studio Host (6956):KeyboardCommands] Sending the Delete key 1 times.
    (21:00.206) [Visual Studio Host (6956):TextEditorDocumentWindowTestExtension] Showing window 'empty.html' without activating the window.
    (21:00.291) [Visual Studio Host (6956):TextEditorDocumentWindowTestExtension] Showing window 'empty.html'.
    (21:00.378) [Visual Studio Host (6956):VisualStudioTextEditingActions] Inserting text: '&lt;!DOCTYPE html' at the current caret position: '(Ln: 1, Ch: 1)'
    (21:00.836) [Visual Studio Host (6956):TextEditorDocumentWindowTestExtension] Showing window 'empty.html' without activating the window.
    (21:01.246) [Visual Studio Host (6956):TextEditorDocumentWindowTestExtension] Showing window 'empty.html'.
    (21:01.665) [Visual Studio Host (6956):VisualStudioCaretTestExtension] Moving the caret and selecting from (Ln: 1, Ch: 15) left '1' characters
    (21:01.721) [Visual Studio Host (6956):VisualStudioTextEditorTestExtension] Setting keyboard focus to editor 'empty.html'.
    (21:01.791) [Visual Studio Host (6956):TextEditorDocumentWindowTestExtension] Showing window 'empty.html' without activating the window.
    (21:01.862) [Visual Studio Host (6956):TextEditorDocumentWindowTestExtension] Showing window 'empty.html'.
    (21:01.939) [Visual Studio Host (6956):TextEditorDocumentWindowTestExtension] Showing window 'empty.html' without activating the window.
    (21:02.002) [Visual Studio Host (6956):TextEditorDocumentWindowTestExtension] Showing window 'empty.html'.
    (21:02.093) [Visual Studio Host (6956):VisualStudioClassificationTestExtension] Retrieved '[Name: HTML Attribute Name, Span: ((Ln: 1, Ch: 11) - (Ln: 1, Ch: 15))]' classification at position '(Ln: 1, Ch: 14)'.
    + ExternalProcessHostTest TestCleanup
        (21:02.225) [Visual Studio Host (6956):TextEditorDocumentWindowTestExtension] Closing window 'empty.html'.
        (21:02.513) [Platform:Testcase] Test 'VSTest_Colorization_Html_Typing' has 'Passed' outcome. Therefore, Apex will not shut down the 'Visual Studio Host (6956)' with process ID '6956'. A subsequent test scenario will run on the same instance of the host.
    + Final Test Result Verification
        (21:02.775) [Platform:DelayedAssertionVerifierSink] Verification Success: 0 verification steps failed.
    + ApexTest TestCleanup</StdOut>
      </Output>
      <ResultFiles>
        <ResultFile path="WNVM19648\Fail.azqsczivabnm.png" />
        <ResultFile path="WNVM19648\Fail.ig2gsfz5ad1y.png" />
        <ResultFile path="WNVM19648\Fail.o5zf0zepaw0l.png" />
        <ResultFile path="WNVM19648\OmniLog.html" />
        <ResultFile path="WNVM19648\OmniLogRawXml.xml" />
      </ResultFiles>
    </UnitTestResult>
    <UnitTestResult executionId="bce1d829-4b5e-4c72-a9d1-c0c0c95ee9c4" testId="6230c3bf-5e69-7eac-db92-e86a107ce911" testName="VSTest_RazorCshtmlTypeCodeBlock" computerName="WNVM19648" startTime="2018-04-17T01:06:52.8300511-07:00" endTime="2018-04-17T01:06:52.8300511-07:00" testType="13cdc9d9-ddb5-4fa4-a97d-d965ccfc6d4b" outcome="NotExecuted" testListId="8c84fa94-04c1-424b-9868-57a2d4851a1d" relativeResultsDirectory="bce1d829-4b5e-4c72-a9d1-c0c0c95ee9c4">
      <Output>
      </Output>
    </UnitTestResult>
    <UnitTestResult executionId="3ba7fe3f-a3f1-4c66-a70a-41634a94d4ea" testId="b05a2452-14ac-4911-cb24-69086e5794c2" testName="VSTest_CssFormatSampleCss_Compact" computerName="WNVM19648" duration="00:00:02.5560004" startTime="2018-04-17T00:28:36.2318049-07:00" endTime="2018-04-17T00:28:38.7878053-07:00" testType="13cdc9d9-ddb5-4fa4-a97d-d965ccfc6d4b" outcome="Passed" testListId="8c84fa94-04c1-424b-9868-57a2d4851a1d" relativeResultsDirectory="3ba7fe3f-a3f1-4c66-a70a-41634a94d4ea">
      <Output>
        <StdOut>+ CssFormatTests::VSTest_CssFormatSampleCss_Compact
    + ApexTest TestInitialize
    + ExternalProcessHostTest TestInitialize
        (30:17.544) [Visual Studio Host (11564):RoamingSettingsService] Disabling roaming settings.
        (30:17.608) [Visual Studio Host (11564):SettingsService] Setting Visual Studio option 'Environment\RoamingSettings\RoamingEnabled' to 'False'.
        (30:17.876) [Visual Studio Host (11564):TextEditorDocumentWindowTestExtension] Showing window 'FormatSampleCss.css' without activating the window.
        (30:17.950) [Visual Studio Host (11564):TextEditorDocumentWindowTestExtension] Showing window 'FormatSampleCss.css'.
        (30:18.050) [Visual Studio Host (11564):VisualStudioTextEditorTestExtension] Setting keyboard focus to editor 'FormatSampleCss.css'.
        (30:18.128) [Visual Studio Host (11564):SettingsService] Getting value of Visual Studio Setting 'TextEditor\CSS Specific\BracePositionStyle'. 
        (30:18.271) [Visual Studio Host (11564):SettingsService] Setting Visual Studio option 'TextEditor\CSS Specific\BracePositionStyle' to '0'.
        (30:18.347) [Visual Studio Host (11564):MainWindowService] Activating main window to bring it to the foreground.
        (30:18.467) [Visual Studio Host (11564):MainWindowService] Setting main window state to 'Maximized'.
    (30:18.674) [Visual Studio Host (11564):TextEditorDocumentWindowTestExtension] Showing window 'FormatSampleCss.css' without activating the window.
    (30:18.760) [Visual Studio Host (11564):TextEditorDocumentWindowTestExtension] Showing window 'FormatSampleCss.css'.
    + ExternalProcessHostTest TestCleanup
        (30:18.928) [Visual Studio Host (11564):SettingsService] Setting Visual Studio option 'TextEditor\CSS Specific\BracePositionStyle' to '1'.
        (30:19.106) [Visual Studio Host (11564):TextEditorDocumentWindowTestExtension] Closing window 'FormatSampleCss.css'.
        (30:19.332) [Platform:Testcase] Test 'VSTest_CssFormatSampleCss_Compact' has 'Passed' outcome. Therefore, Apex will not shut down the 'Visual Studio Host (11564)' with process ID '11564'. A subsequent test scenario will run on the same instance of the host.
    + Final Test Result Verification
        (30:19.578) [Platform:DelayedAssertionVerifierSink] Verification Success: 0 verification steps failed.
    + ApexTest TestCleanup</StdOut>
      </Output>
      <ResultFiles>
        <ResultFile path="WNVM19648\Fail.azqsczivabnm.png" />
        <ResultFile path="WNVM19648\Fail.ig2gsfz5ad1y.png" />
        <ResultFile path="WNVM19648\Fail.o5zf0zepaw0l.png" />
        <ResultFile path="WNVM19648\OmniLog.html" />
        <ResultFile path="WNVM19648\OmniLogRawXml.xml" />
      </ResultFiles>
    </UnitTestResult>
    <UnitTestResult executionId="88cc0915-24e6-4cd3-a2aa-baad20a8340d" testId="b4eefce7-c91d-cc00-74fc-ef8be528eb87" testName="VSTest_TagNavigator_VerifyTags" computerName="WNVM19648" duration="00:00:25.1952983" startTime="2018-04-17T00:52:28.1744803-07:00" endTime="2018-04-17T00:52:53.3697786-07:00" testType="13cdc9d9-ddb5-4fa4-a97d-d965ccfc6d4b" outcome="Passed" testListId="8c84fa94-04c1-424b-9868-57a2d4851a1d" relativeResultsDirectory="88cc0915-24e6-4cd3-a2aa-baad20a8340d">
      <Output>
        <StdOut>+ TagNavigatorTests::VSTest_TagNavigator_VerifyTags
    + ApexTest TestInitialize
    + ExternalProcessHostTest TestInitialize
        (54:09.910) [Visual Studio Host (4384):RoamingSettingsService] Disabling roaming settings.
        (54:10.053) [Visual Studio Host (4384):SettingsService] Setting Visual Studio option 'Environment\RoamingSettings\RoamingEnabled' to 'False'.
        (54:10.795) [Visual Studio Host (4384):TextEditorDocumentWindowTestExtension] Showing window 'HtmlPage.html' without activating the window.
        (54:10.973) [Visual Studio Host (4384):TextEditorDocumentWindowTestExtension] Showing window 'HtmlPage.html'.
        (54:11.178) [Visual Studio Host (4384):VisualStudioTextEditorTestExtension] Setting keyboard focus to editor 'HtmlPage.html'.
        (54:11.395) [Visual Studio Host (4384):SettingsService] Getting value of Visual Studio Setting 'TextEditor\HTMLX Specific\EnableTagNavigator'. 
        (54:11.580) [Visual Studio Host (4384):SettingsService] Setting Visual Studio option 'TextEditor\HTMLX Specific\EnableTagNavigator' to 'True'.
        (54:11.924) [Visual Studio Host (4384):MainWindowService] Activating main window to bring it to the foreground.
        (54:12.138) [Visual Studio Host (4384):MainWindowService] Setting main window state to 'Maximized'.
    (54:12.507) [Visual Studio Host (4384):TextEditorDocumentWindowTestExtension] Showing window 'HtmlPage.html' without activating the window.
    (54:12.701) [Visual Studio Host (4384):TextEditorDocumentWindowTestExtension] Showing window 'HtmlPage.html'.
    (54:12.909) [Visual Studio Host (4384):VisualStudioCaretTestExtension] Moving the caret to '&lt;/a&gt;' at (Ln: 12, Ch: 38) based on a regular expression.  Expression = "&lt;/a&gt;" [group index '0', match index '1', options 'Singleline, CultureInvariant']
    (54:13.978) [Visual Studio Host (4384):TextEditorDocumentWindowTestExtension] Showing window 'HtmlPage.html' without activating the window.
    (54:15.040) [Visual Studio Host (4384):TextEditorDocumentWindowTestExtension] Showing window 'HtmlPage.html'.
    (54:16.177) [Visual Studio Host (4384):VisualStudioCaretTestExtension] Moving the caret to 'table&gt;' at (Ln: 8, Ch: 14) based on a regular expression.  Expression = "table&gt;" [group index '0', match index '1', options 'Singleline, CultureInvariant']
    (54:16.460) [Visual Studio Host (4384):TextEditorDocumentWindowTestExtension] Showing window 'HtmlPage.html' without activating the window.
    (54:16.633) [Visual Studio Host (4384):TextEditorDocumentWindowTestExtension] Showing window 'HtmlPage.html'.
    (54:16.819) [Visual Studio Host (4384):VisualStudioCaretTestExtension] Moving the caret to '&lt;p&gt;' at (Ln: 19, Ch: 9) based on a regular expression.  Expression = "&lt;p&gt;" [group index '0', match index '1', options 'Singleline, CultureInvariant']
    (54:17.895) [Visual Studio Host (4384):TextEditorDocumentWindowTestExtension] Showing window 'HtmlPage.html' without activating the window.
    (54:19.041) [Visual Studio Host (4384):TextEditorDocumentWindowTestExtension] Showing window 'HtmlPage.html'.
    (54:20.132) [Visual Studio Host (4384):VisualStudioCaretTestExtension] Moving the caret from (Ln: 19, Ch: 9) right '1' characters
    (54:20.303) [Visual Studio Host (4384):VisualStudioTextEditorTestExtension] Setting keyboard focus to editor 'HtmlPage.html'.
    (54:20.595) [Visual Studio Host (4384):TextEditorDocumentWindowTestExtension] Showing window 'HtmlPage.html' without activating the window.
    (54:20.767) [Visual Studio Host (4384):TextEditorDocumentWindowTestExtension] Showing window 'HtmlPage.html'.
    (54:20.924) [Visual Studio Host (4384):VisualStudioCaretTestExtension] Moving the caret from (Ln: 19, Ch: 10) to the end of the line
    (54:21.105) [Visual Studio Host (4384):VisualStudioTextEditorTestExtension] Setting keyboard focus to editor 'HtmlPage.html'.
    (54:21.277) [Visual Studio Host (4384):TextEditorDocumentWindowTestExtension] Showing window 'HtmlPage.html' without activating the window.
    (54:21.442) [Visual Studio Host (4384):TextEditorDocumentWindowTestExtension] Showing window 'HtmlPage.html'.
    (54:21.620) [Visual Studio Host (4384):KeyboardCommands] Sending the Return key 1 times.
    (54:21.829) [Visual Studio Host (4384):TextEditorDocumentWindowTestExtension] Showing window 'HtmlPage.html' without activating the window.
    (54:21.973) [Visual Studio Host (4384):TextEditorDocumentWindowTestExtension] Showing window 'HtmlPage.html'.
    (54:22.687) [Visual Studio Host (4384):TextEditorDocumentWindowTestExtension] Showing window 'HtmlPage.html' without activating the window.
    (54:22.817) [Visual Studio Host (4384):TextEditorDocumentWindowTestExtension] Showing window 'HtmlPage.html'.
    (54:22.962) [Visual Studio Host (4384):VisualStudioCaretTestExtension] Moving the caret and selecting the range from (Ln: 6, Ch: 5) to (Ln: 22, Ch: 12) based on a regular expression.  Expression = "&lt;body&gt;.*&lt;/body&gt;" [group index '0', match index '1', options 'Singleline, CultureInvariant']
    (54:24.128) [Visual Studio Host (4384):TextEditorDocumentWindowTestExtension] Showing window 'HtmlPage.html' without activating the window.
    (54:25.074) [Visual Studio Host (4384):TextEditorDocumentWindowTestExtension] Showing window 'HtmlPage.html'.
    (54:26.075) [Visual Studio Host (4384):VisualStudioCaretTestExtension] Moving the caret and selecting the range from (Ln: 6, Ch: 4) to (Ln: 22, Ch: 12) based on a regular expression.  Expression = " &lt;body&gt;.*&lt;/body&gt;" [group index '0', match index '1', options 'Singleline, CultureInvariant']
    (54:27.188) [Visual Studio Host (4384):TextEditorDocumentWindowTestExtension] Showing window 'HtmlPage.html' without activating the window.
    (54:28.132) [Visual Studio Host (4384):TextEditorDocumentWindowTestExtension] Showing window 'HtmlPage.html'.
    (54:29.032) [Visual Studio Host (4384):VisualStudioCaretTestExtension] Moving the caret and selecting the range from (Ln: 6, Ch: 5) to (Ln: 23, Ch: 1) based on a regular expression.  Expression = "&lt;body&gt;.*&lt;/body&gt;
" [group index '0', match index '1', options 'Singleline, CultureInvariant']
    + ExternalProcessHostTest TestCleanup
        (54:31.011) [Visual Studio Host (4384):SettingsService] Setting Visual Studio option 'TextEditor\HTMLX Specific\EnableTagNavigator' to 'False'.
        (54:31.962) [Visual Studio Host (4384):TextEditorDocumentWindowTestExtension] Closing window 'HtmlPage.html'.
        (54:33.194) [Platform:Testcase] Test 'VSTest_TagNavigator_VerifyTags' has 'Passed' outcome. Therefore, Apex will not shut down the 'Visual Studio Host (4384)' with process ID '4384'. A subsequent test scenario will run on the same instance of the host.
    + Final Test Result Verification
        (54:33.634) [Platform:DelayedAssertionVerifierSink] Verification Success: 0 verification steps failed.
    + ApexTest TestCleanup</StdOut>
      </Output>
      <ResultFiles>
        <ResultFile path="WNVM19648\Fail.azqsczivabnm.png" />
        <ResultFile path="WNVM19648\Fail.ig2gsfz5ad1y.png" />
        <ResultFile path="WNVM19648\Fail.o5zf0zepaw0l.png" />
        <ResultFile path="WNVM19648\Fail.z10rn0n5ajdm.png" />
        <ResultFile path="WNVM19648\OmniLog.html" />
        <ResultFile path="WNVM19648\OmniLogRawXml.xml" />
      </ResultFiles>
    </UnitTestResult>
    <UnitTestResult executionId="ad4c40d3-bdc9-446f-8a47-32fa85ca0405" testId="351bd4a7-0f7e-a0c7-2af7-93054f05b8dd" testName="VSTest_TypingThrough_SingleQuotesInAttribute" computerName="WNVM19648" duration="00:00:03.0059708" startTime="2018-04-17T00:32:22.8907785-07:00" endTime="2018-04-17T00:32:25.8967493-07:00" testType="13cdc9d9-ddb5-4fa4-a97d-d965ccfc6d4b" outcome="Passed" testListId="8c84fa94-04c1-424b-9868-57a2d4851a1d" relativeResultsDirectory="ad4c40d3-bdc9-446f-8a47-32fa85ca0405">
      <Output>
        <StdOut>+ TypingThroughTests::VSTest_TypingThrough_SingleQuotesInAttribute
    + ApexTest TestInitialize
    + ExternalProcessHostTest TestInitialize
        (34:04.231) [Visual Studio Host (11564):RoamingSettingsService] Disabling roaming settings.
        (34:04.289) [Visual Studio Host (11564):SettingsService] Setting Visual Studio option 'Environment\RoamingSettings\RoamingEnabled' to 'False'.
        (34:04.579) [Visual Studio Host (11564):TextEditorDocumentWindowTestExtension] Showing window 'Empty.html' without activating the window.
        (34:04.678) [Visual Studio Host (11564):TextEditorDocumentWindowTestExtension] Showing window 'Empty.html'.
        (34:04.766) [Visual Studio Host (11564):VisualStudioTextEditorTestExtension] Setting keyboard focus to editor 'Empty.html'.
        (34:04.818) [Visual Studio Host (11564):MainWindowService] Activating main window to bring it to the foreground.
        (34:04.891) [Visual Studio Host (11564):MainWindowService] Setting main window state to 'Maximized'.
    (34:05.042) [Visual Studio Host (11564):TextEditorDocumentWindowTestExtension] Showing window 'Empty.html' without activating the window.
    (34:05.114) [Visual Studio Host (11564):TextEditorDocumentWindowTestExtension] Showing window 'Empty.html'.
    (34:05.210) [Visual Studio Host (11564):VisualStudioCaretTestExtension] Moving the caret from (Ln: 1, Ch: 1) to (Ln: 7, Ch: 5)
    (34:05.276) [Visual Studio Host (11564):TextEditorDocumentWindowTestExtension] Showing window 'Empty.html' without activating the window.
    (34:05.332) [Visual Studio Host (11564):TextEditorDocumentWindowTestExtension] Showing window 'Empty.html'.
    (34:05.397) [Visual Studio Host (11564):VisualStudioTextEditingActions] Inserting text: '&lt;button data-win-options="{id:'cmd', label:'Command'}"&gt;' at the current caret position: '(Ln: 7, Ch: 5)'
    (34:06.010) [Visual Studio Host (11564):TextEditorDocumentWindowTestExtension] Showing window 'Empty.html' without activating the window.
    (34:06.079) [Visual Studio Host (11564):TextEditorDocumentWindowTestExtension] Showing window 'Empty.html'.
    (34:06.147) [Visual Studio Host (11564):TextEditorDocumentWindowTestExtension] Showing window 'Empty.html' without activating the window.
    (34:06.205) [Visual Studio Host (11564):TextEditorDocumentWindowTestExtension] Showing window 'Empty.html'.
    + ExternalProcessHostTest TestCleanup
        (34:06.328) [Visual Studio Host (11564):TextEditorDocumentWindowTestExtension] Closing window 'Empty.html'.
        (34:06.476) [Platform:Testcase] Test 'VSTest_TypingThrough_SingleQuotesInAttribute' has 'Passed' outcome. Therefore, Apex will not shut down the 'Visual Studio Host (11564)' with process ID '11564'. A subsequent test scenario will run on the same instance of the host.
    + Final Test Result Verification
        (34:06.649) [Platform:DelayedAssertionVerifierSink] Verification Success: 0 verification steps failed.
    + ApexTest TestCleanup</StdOut>
      </Output>
      <ResultFiles>
        <ResultFile path="WNVM19648\Fail.azqsczivabnm.png" />
        <ResultFile path="WNVM19648\Fail.ig2gsfz5ad1y.png" />
        <ResultFile path="WNVM19648\Fail.o5zf0zepaw0l.png" />
        <ResultFile path="WNVM19648\OmniLog.html" />
        <ResultFile path="WNVM19648\OmniLogRawXml.xml" />
      </ResultFiles>
    </UnitTestResult>
    <UnitTestResult executionId="d8ea7544-592d-47a7-bfea-2189f38c79e9" testId="ed6b867e-eb02-d6c2-96d2-46d0436e1262" testName="VSTest_Completion_SmartIndent_Functions" computerName="WNVM19648" duration="00:00:08.6560394" startTime="2018-04-17T01:33:13.8090331-07:00" endTime="2018-04-17T01:33:22.4650725-07:00" testType="13cdc9d9-ddb5-4fa4-a97d-d965ccfc6d4b" outcome="Passed" testListId="8c84fa94-04c1-424b-9868-57a2d4851a1d" relativeResultsDirectory="d8ea7544-592d-47a7-bfea-2189f38c79e9">
      <Output>
        <StdOut>+ CompletionTests::VSTest_Completion_SmartIndent_Functions
    + ApexTest TestInitialize
    + ExternalProcessHostTest TestInitialize
        (01:34:55.643) [Visual Studio Host (11640):RoamingSettingsService] Disabling roaming settings.
        (01:34:55.818) [Visual Studio Host (11640):SettingsService] Setting Visual Studio option 'Environment\RoamingSettings\RoamingEnabled' to 'False'.
        (01:34:56.334) [Visual Studio Host (11640):TextEditorDocumentWindowTestExtension] Showing window 'empty.cshtml' without activating the window.
        (01:34:56.525) [Visual Studio Host (11640):TextEditorDocumentWindowTestExtension] Showing window 'empty.cshtml'.
        (01:34:56.779) [Visual Studio Host (11640):VisualStudioTextEditorTestExtension] Setting keyboard focus to editor 'empty.cshtml'.
        (01:34:56.940) [Visual Studio Host (11640):MainWindowService] Activating main window to bring it to the foreground.
        (01:34:57.099) [Visual Studio Host (11640):MainWindowService] Setting main window state to 'Maximized'.
    (01:34:57.424) [Visual Studio Host (11640):TextEditorDocumentWindowTestExtension] Showing window 'empty.cshtml' without activating the window.
    (01:34:57.603) [Visual Studio Host (11640):TextEditorDocumentWindowTestExtension] Showing window 'empty.cshtml'.
    (01:34:57.828) [Visual Studio Host (11640):KeyboardCommands] Sending the Return key 1 times.
    (01:34:58.292) [Visual Studio Host (11640):TextEditorDocumentWindowTestExtension] Showing window 'empty.cshtml' without activating the window.
    (01:34:58.580) [Visual Studio Host (11640):TextEditorDocumentWindowTestExtension] Showing window 'empty.cshtml'.
    (01:34:58.796) [Visual Studio Host (11640):VisualStudioCaretTestExtension] Moving the caret from (Ln: 3, Ch: 8) to the beginning of the file
    (01:34:59.167) [Visual Studio Host (11640):VisualStudioTextEditorTestExtension] Setting keyboard focus to editor 'empty.cshtml'.
    (01:35:00.195) [Visual Studio Host (11640):TextEditorDocumentWindowTestExtension] Showing window 'empty.cshtml' without activating the window.
    (01:35:00.471) [Visual Studio Host (11640):TextEditorDocumentWindowTestExtension] Showing window 'empty.cshtml'.
    (01:35:00.645) [Visual Studio Host (11640):KeyboardCommands] Sending the Return key 1 times.
    (01:35:00.854) [Visual Studio Host (11640):TextEditorDocumentWindowTestExtension] Showing window 'empty.cshtml' without activating the window.
    (01:35:01.113) [Visual Studio Host (11640):TextEditorDocumentWindowTestExtension] Showing window 'empty.cshtml'.
    VerificationPass: (01:35:01.339) [Visual Studio Host (11640):CaretVerifier] Verification passed: Expected caret column: '5', actual caret column: '5'
    + ExternalProcessHostTest TestCleanup
        (01:35:01.689) [Visual Studio Host (11640):TextEditorDocumentWindowTestExtension] Closing window 'empty.cshtml'.
        (01:35:02.070) [Platform:Testcase] Test 'VSTest_Completion_SmartIndent_Functions' has 'Passed' outcome. Therefore, Apex will not shut down the 'Visual Studio Host (11640)' with process ID '11640'. A subsequent test scenario will run on the same instance of the host.
    + Final Test Result Verification
        (01:35:02.598) [Platform:DelayedAssertionVerifierSink] Verification Success: 0 verification steps failed.
    + ApexTest TestCleanup</StdOut>
      </Output>
      <ResultFiles>
        <ResultFile path="WNVM19648\Fail.22wpw0oka5fs.png" />
        <ResultFile path="WNVM19648\Fail.33ju4eduay3u.png" />
        <ResultFile path="WNVM19648\Fail.3poblbx4alvv.png" />
        <ResultFile path="WNVM19648\Fail.ashpv3rjajjr.png" />
        <ResultFile path="WNVM19648\Fail.aswak04hapa5.png" />
        <ResultFile path="WNVM19648\Fail.azqsczivabnm.png" />
        <ResultFile path="WNVM19648\Fail.byuslv5baqsd.png" />
        <ResultFile path="WNVM19648\Fail.ek4tb3wmalyl.png" />
        <ResultFile path="WNVM19648\Fail.ig2gsfz5ad1y.png" />
        <ResultFile path="WNVM19648\Fail.kxs1ersmaxma.png" />
        <ResultFile path="WNVM19648\Fail.loc0xhl5a2hr.png" />
        <ResultFile path="WNVM19648\Fail.o4kkrjboasbk.png" />
        <ResultFile path="WNVM19648\Fail.o5zf0zepaw0l.png" />
        <ResultFile path="WNVM19648\Fail.qbnuydioazjy.png" />
        <ResultFile path="WNVM19648\Fail.raasvsmeanc1.png" />
        <ResultFile path="WNVM19648\Fail.sidku4gxamg4.png" />
        <ResultFile path="WNVM19648\Fail.swwzdfhraz25.png" />
        <ResultFile path="WNVM19648\Fail.t4yj0fxuatil.png" />
        <ResultFile path="WNVM19648\Fail.vjqtiv2zaclz.png" />
        <ResultFile path="WNVM19648\Fail.z10rn0n5ajdm.png" />
        <ResultFile path="WNVM19648\OmniLog.html" />
        <ResultFile path="WNVM19648\OmniLogRawXml.xml" />
      </ResultFiles>
    </UnitTestResult>
    <UnitTestResult executionId="572bac60-7af8-4472-afac-4f11d098b91e" testId="ff371a94-14c1-16f7-bf50-ddd3b75c3538" testName="VSTest_Validate_Webforms_Invalid_Files_Scenario1" computerName="WNVM19648" duration="00:00:08.2219334" startTime="2018-04-17T01:22:46.6386624-07:00" endTime="2018-04-17T01:22:54.8605958-07:00" testType="13cdc9d9-ddb5-4fa4-a97d-d965ccfc6d4b" outcome="Passed" testListId="8c84fa94-04c1-424b-9868-57a2d4851a1d" relativeResultsDirectory="572bac60-7af8-4472-afac-4f11d098b91e">
      <Output>
        <StdOut>+ ValidationTests::VSTest_Validate_Webforms_Invalid_Files_Scenario1
    + ApexTest TestInitialize
    + ExternalProcessHostTest TestInitialize
        (01:24:28.356) [Visual Studio Host (10528):RoamingSettingsService] Disabling roaming settings.
        (01:24:28.517) [Visual Studio Host (10528):SettingsService] Setting Visual Studio option 'Environment\RoamingSettings\RoamingEnabled' to 'False'.
        (01:24:28.995) [Visual Studio Host (10528):TextEditorDocumentWindowTestExtension] Showing window 'Invalid1.aspx' without activating the window.
        (01:24:29.201) [Visual Studio Host (10528):TextEditorDocumentWindowTestExtension] Showing window 'Invalid1.aspx'.
        (01:24:29.380) [Visual Studio Host (10528):VisualStudioTextEditorTestExtension] Setting keyboard focus to editor 'Invalid1.aspx'.
        (01:24:29.634) [Visual Studio Host (10528):MainWindowService] Activating main window to bring it to the foreground.
        (01:24:29.815) [Visual Studio Host (10528):MainWindowService] Setting main window state to 'Maximized'.
    (01:24:30.131) [Visual Studio Host (10528):TextEditorDocumentWindowTestExtension] Showing window 'Invalid1.aspx' without activating the window.
    (01:24:30.286) [Visual Studio Host (10528):TextEditorDocumentWindowTestExtension] Showing window 'Invalid1.aspx'.
    (01:24:30.437) [Visual Studio Host (10528):ToolWindowTestExtension] Showing window 'Error List ...' without activating the window.
    (01:24:30.587) [Visual Studio Host (10528):ErrorListService] Showing error list error items.
    (01:24:30.733) [Visual Studio Host (10528):ToolWindowTestExtension] Showing window 'Error List ...' without activating the window.
    (01:24:30.878) [Visual Studio Host (10528):ErrorListService] Showing error list message items.
    (01:24:31.041) [Visual Studio Host (10528):ToolWindowTestExtension] Showing window 'Error List ...' without activating the window.
    (01:24:31.174) [Visual Studio Host (10528):ErrorListService] Showing error list warning items.
    (01:24:34.117) [Visual Studio Host (10528):TextEditorDocumentWindowTestExtension] Showing window 'Invalid1.aspx' without activating the window.
    (01:24:34.266) [Visual Studio Host (10528):TextEditorDocumentWindowTestExtension] Showing window 'Invalid1.aspx'.
    + ExternalProcessHostTest TestCleanup
        (01:24:34.544) [Visual Studio Host (10528):TextEditorDocumentWindowTestExtension] Closing window 'Invalid1.aspx'.
        (01:24:34.752) [Platform:Testcase] Test 'VSTest_Validate_Webforms_Invalid_Files_Scenario1' has 'Passed' outcome. Therefore, Apex will not shut down the 'Visual Studio Host (10528)' with process ID '10528'. A subsequent test scenario will run on the same instance of the host.
    + Final Test Result Verification
        (01:24:35.249) [Platform:DelayedAssertionVerifierSink] Verification Success: 0 verification steps failed.
    + ApexTest TestCleanup</StdOut>
      </Output>
      <ResultFiles>
        <ResultFile path="WNVM19648\Fail.aswak04hapa5.png" />
        <ResultFile path="WNVM19648\Fail.azqsczivabnm.png" />
        <ResultFile path="WNVM19648\Fail.byuslv5baqsd.png" />
        <ResultFile path="WNVM19648\Fail.ek4tb3wmalyl.png" />
        <ResultFile path="WNVM19648\Fail.ig2gsfz5ad1y.png" />
        <ResultFile path="WNVM19648\Fail.kxs1ersmaxma.png" />
        <ResultFile path="WNVM19648\Fail.loc0xhl5a2hr.png" />
        <ResultFile path="WNVM19648\Fail.o4kkrjboasbk.png" />
        <ResultFile path="WNVM19648\Fail.o5zf0zepaw0l.png" />
        <ResultFile path="WNVM19648\Fail.raasvsmeanc1.png" />
        <ResultFile path="WNVM19648\Fail.sidku4gxamg4.png" />
        <ResultFile path="WNVM19648\Fail.t4yj0fxuatil.png" />
        <ResultFile path="WNVM19648\Fail.z10rn0n5ajdm.png" />
        <ResultFile path="WNVM19648\OmniLog.html" />
        <ResultFile path="WNVM19648\OmniLogRawXml.xml" />
      </ResultFiles>
    </UnitTestResult>
    <UnitTestResult executionId="07d45d7d-5e28-4c35-9cb1-f948c72067fb" testId="79014ccc-ef6b-72c8-6cb0-d32071b399b9" testName="VSTest_Completion_RepeatLayoutAttribute" computerName="WNVM19648" duration="00:00:03.5362618" startTime="2018-04-17T00:16:48.6683564-07:00" endTime="2018-04-17T00:16:52.2046182-07:00" testType="13cdc9d9-ddb5-4fa4-a97d-d965ccfc6d4b" outcome="Passed" testListId="8c84fa94-04c1-424b-9868-57a2d4851a1d" relativeResultsDirectory="07d45d7d-5e28-4c35-9cb1-f948c72067fb">
      <Output>
        <StdOut>+ CompletionTests::VSTest_Completion_RepeatLayoutAttribute
    + ApexTest TestInitialize
    + ExternalProcessHostTest TestInitialize
        (18:30.044) [Visual Studio Host (6956):RoamingSettingsService] Disabling roaming settings.
        (18:30.098) [Visual Studio Host (6956):SettingsService] Setting Visual Studio option 'Environment\RoamingSettings\RoamingEnabled' to 'False'.
        (18:30.649) [Visual Studio Host (6956):TextEditorDocumentWindowTestExtension] Showing window 'RepeatLayoutAttribute.aspx' without activating the window.
        (18:30.767) [Visual Studio Host (6956):TextEditorDocumentWindowTestExtension] Showing window 'RepeatLayoutAttribute.aspx'.
        (18:30.877) [Visual Studio Host (6956):VisualStudioTextEditorTestExtension] Setting keyboard focus to editor 'RepeatLayoutAttribute.aspx'.
        (18:30.949) [Visual Studio Host (6956):MainWindowService] Activating main window to bring it to the foreground.
        (18:31.023) [Visual Studio Host (6956):MainWindowService] Setting main window state to 'Maximized'.
    (18:31.184) [Visual Studio Host (6956):TextEditorDocumentWindowTestExtension] Showing window 'RepeatLayoutAttribute.aspx' without activating the window.
    (18:31.353) [Visual Studio Host (6956):TextEditorDocumentWindowTestExtension] Showing window 'RepeatLayoutAttribute.aspx'.
    (18:31.441) [Visual Studio Host (6956):VisualStudioCaretTestExtension] Moving the caret from (Ln: 1, Ch: 1) to (Ln: 12, Ch: 56)
    (18:31.518) [Visual Studio Host (6956):TextEditorDocumentWindowTestExtension] Showing window 'RepeatLayoutAttribute.aspx' without activating the window.
    (18:31.622) [Visual Studio Host (6956):TextEditorDocumentWindowTestExtension] Showing window 'RepeatLayoutAttribute.aspx'.
    (18:31.709) [Visual Studio Host (6956):VisualStudioIntellisenseService] Did not find an active completion session. Please use Verify.IsCompletionListPresent() to make sure that the list is present before requesting the completion session.
    Warning: (18:31.763) [Visual Studio Host (6956):VisualStudioIntellisenseService] No active completion sessions were found for editor 'RepeatLayoutAttribute.aspx'.
    (18:31.815) [Visual Studio Host (6956):VisualStudioIntellisenseService] Invoking Completion member list at '(Ln: 12, Ch: 56)'.
    (18:31.892) [Visual Studio Host (6956):VisualStudioIntellisenseService] Getting the active completion at position '(Ln: 12, Ch: 56)'.
    (18:31.960) [Visual Studio Host (6956):VisualStudioCompletionListTestExtension] Found completion item with name 
    (18:32.019) [Visual Studio Host (6956):VisualStudioCompletionListTestExtension] Found completion item with name 
    (18:32.105) [Visual Studio Host (6956):VisualStudioCompletionListTestExtension] Found completion item with name 
    (18:32.182) [Visual Studio Host (6956):VisualStudioCompletionListTestExtension] Found completion item with name 
    + ExternalProcessHostTest TestCleanup
        (18:32.318) [Visual Studio Host (6956):TextEditorDocumentWindowTestExtension] Closing window 'RepeatLayoutAttribute.aspx'.
        (18:32.646) [Platform:Testcase] Test 'VSTest_Completion_RepeatLayoutAttribute' has 'Passed' outcome. Therefore, Apex will not shut down the 'Visual Studio Host (6956)' with process ID '6956'. A subsequent test scenario will run on the same instance of the host.
    + Final Test Result Verification
        (18:32.971) [Platform:DelayedAssertionVerifierSink] Verification Success: 0 verification steps failed.
    + ApexTest TestCleanup</StdOut>
      </Output>
      <ResultFiles>
        <ResultFile path="WNVM19648\Fail.azqsczivabnm.png" />
        <ResultFile path="WNVM19648\Fail.ig2gsfz5ad1y.png" />
        <ResultFile path="WNVM19648\Fail.o5zf0zepaw0l.png" />
        <ResultFile path="WNVM19648\OmniLog.html" />
        <ResultFile path="WNVM19648\OmniLogRawXml.xml" />
      </ResultFiles>
    </UnitTestResult>
    <UnitTestResult executionId="9b2e5d56-26a5-4eb0-8752-609e494da620" testId="a84d5970-89e5-6afb-55c3-a641e183aec4" testName="VSTest_FormatSVG" computerName="WNVM19648" duration="00:00:00.1019923" startTime="2018-04-17T00:31:14.9934152-07:00" endTime="2018-04-17T00:31:15.0954075-07:00" testType="13cdc9d9-ddb5-4fa4-a97d-d965ccfc6d4b" outcome="Failed" testListId="8c84fa94-04c1-424b-9868-57a2d4851a1d" relativeResultsDirectory="9b2e5d56-26a5-4eb0-8752-609e494da620">
      <Output>
        <StdOut>+ FormatTests::VSTest_FormatSVG
    + ApexTest TestInitialize</StdOut>
        <ErrorInfo>
          <Message>Initialization method Microsoft.Test.Apex.ExternalProcessHostTest`2[[Microsoft.Test.Apex.VisualStudio.VisualStudioHostConfiguration, Microsoft.Test.Apex.VisualStudio, Version=15.0.0.0, Culture=neutral, PublicKeyToken=b03f5f7f11d50a3a],[Microsoft.Test.Apex.VisualStudio.VisualStudioHost, Microsoft.Test.Apex.VisualStudio, Version=15.0.0.0, Culture=neutral, PublicKeyToken=b03f5f7f11d50a3a]].TestInitialize threw exception. System.IO.IOException: The process cannot access the file 'C:\school\OmniLog.html' because it is being used by another process.</Message>
          <StackTrace>   at System.IO.__Error.WinIOError(Int32 errorCode, String maybeFullPath)
   at System.IO.FileStream.Init(String path, FileMode mode, FileAccess access, Int32 rights, Boolean useRights, FileShare share, Int32 bufferSize, FileOptions options, SECURITY_ATTRIBUTES secAttrs, String msgPath, Boolean bFromProxy, Boolean useLongPath, Boolean checkHost)
   at System.IO.FileStream..ctor(String path, FileMode mode, FileAccess access)
   at Omni.Logging.Sinks.IncrementalSummarySink.PrepareForWrite() in F:\dd\src\Omni\Log\Omni.Log\Sinks\IncrementalSummarySink.cs:line 169
   at Omni.Logging.Sinks.IncrementalSummarySink.Append(ILogMessage message) in F:\dd\src\Omni\Log\Omni.Log\Sinks\IncrementalSummarySink.cs:line 74
   at Omni.Logging.OmniLog.SendToSinks(LogMessage message) in F:\dd\src\Omni\Log\Omni.Log\OmniLog.cs:line 968
   at Omni.Logging.Log.BeginGroup(String message) in F:\dd\src\Omni\Log\Omni.Log\OmniLog.cs:line 1402
   at Microsoft.Test.Apex.Services.Logging.TestLoggerSinks.OmniLog.OmniLogSink.ActualSink.ScopeEntered(IExecutionScopeHandle scope) in F:\dd\src\omni\Apex\MsTestIntegration\Services\OmniLog\OmniLogSink.cs:line 318
   at Microsoft.Test.Apex.Services.Logging.TestLoggerSinks.OmniLog.OmniLogSink.ScopeEntered(IExecutionScopeHandle scope) in F:\dd\src\omni\Apex\MsTestIntegration\Services\OmniLog\OmniLogSink.cs:line 146
   at Microsoft.Test.Apex.Services.ExecutionScopeService.Enter(TestExecutionPoint testExecutionPoint, String scopeName, Boolean enterVerificationScope, Object context) in F:\dd\src\omni\Apex\Framework\Services\ExecutionScope\ExecutionScopeService.cs:line 228
   at Microsoft.Test.Apex.Services.ExecutionScopeService.Enter(String scopeName, Boolean enterVerificationScope, Object context) in F:\dd\src\omni\Apex\Framework\Services\ExecutionScope\ExecutionScopeService.cs:line 202
   at Microsoft.Test.Apex.Services.ExecutionScopeService.Enter(String scopeName) in F:\dd\src\omni\Apex\Framework\Services\ExecutionScope\ExecutionScopeService.cs:line 80
   at Microsoft.Test.Apex.ApexTest.TestInitialize() in F:\dd\src\omni\Apex\MsTestIntegration\ApexTest.cs:line 423
   at Microsoft.Test.Apex.ExternalProcessHostTest`2.TestInitialize() in F:\dd\src\omni\Apex\MsTestIntegration\ExternalProcessHostTest.cs:line 108</StackTrace>
        </ErrorInfo>
      </Output>
    </UnitTestResult>
    <UnitTestResult executionId="a6af290f-c2ff-419b-9a35-4430f8ec477e" testId="4d8d9000-4c82-f5fb-fb9b-c4dca9d8e495" testName="VSTest_JSON_Schema_Dropdown_Select" computerName="WNVM19648" startTime="2018-04-17T01:53:07.2130097-07:00" endTime="2018-04-17T01:53:07.2130097-07:00" testType="13cdc9d9-ddb5-4fa4-a97d-d965ccfc6d4b" outcome="NotExecuted" testListId="8c84fa94-04c1-424b-9868-57a2d4851a1d" relativeResultsDirectory="a6af290f-c2ff-419b-9a35-4430f8ec477e">
      <Output>
      </Output>
    </UnitTestResult>
    <UnitTestResult executionId="65ba2535-f436-40c1-b4df-329caf149c93" testId="52875ada-1026-41de-0426-16c1dce63327" testName="VSTest_Script_EmptyBlock" computerName="WNVM19648" duration="00:00:12.6596773" startTime="2018-04-17T01:29:01.8496289-07:00" endTime="2018-04-17T01:29:14.5093062-07:00" testType="13cdc9d9-ddb5-4fa4-a97d-d965ccfc6d4b" outcome="Passed" testListId="8c84fa94-04c1-424b-9868-57a2d4851a1d" relativeResultsDirectory="65ba2535-f436-40c1-b4df-329caf149c93">
      <Output>
        <StdOut>+ ScriptCompletionTests::VSTest_Script_EmptyBlock
    + ApexTest TestInitialize
    + ExternalProcessHostTest TestInitialize
        (01:30:43.955) [Visual Studio Host (840):RoamingSettingsService] Disabling roaming settings.
        (01:30:44.171) [Visual Studio Host (840):SettingsService] Setting Visual Studio option 'Environment\RoamingSettings\RoamingEnabled' to 'False'.
        (01:30:44.847) [Visual Studio Host (840):TextEditorDocumentWindowTestExtension] Showing window 'InlineJavaScript.html' without activating the window.
        (01:30:45.151) [Visual Studio Host (840):TextEditorDocumentWindowTestExtension] Showing window 'InlineJavaScript.html'.
        (01:30:45.375) [Visual Studio Host (840):VisualStudioTextEditorTestExtension] Setting keyboard focus to editor 'InlineJavaScript.html'.
        (01:30:45.580) [Visual Studio Host (840):MainWindowService] Activating main window to bring it to the foreground.
        (01:30:45.803) [Visual Studio Host (840):MainWindowService] Setting main window state to 'Maximized'.
    (01:30:46.242) [Visual Studio Host (840):TextEditorDocumentWindowTestExtension] Showing window 'InlineJavaScript.html' without activating the window.
    (01:30:46.450) [Visual Studio Host (840):TextEditorDocumentWindowTestExtension] Showing window 'InlineJavaScript.html'.
    (01:30:46.677) [Visual Studio Host (840):VisualStudioCaretTestExtension] Moving the caret from (Ln: 1, Ch: 1) to (Ln: 16, Ch: 33)
    (01:30:46.871) [Visual Studio Host (840):TextEditorDocumentWindowTestExtension] Showing window 'InlineJavaScript.html'.
    (01:30:47.078) [Visual Studio Host (840):VisualStudioCaretTestExtension] Moving the caret and selecting from (Ln: 16, Ch: 33) down '4' lines
    (01:30:47.276) [Visual Studio Host (840):VisualStudioTextEditorTestExtension] Setting keyboard focus to editor 'InlineJavaScript.html'.
    (01:30:47.514) [Visual Studio Host (840):TextEditorDocumentWindowTestExtension] Showing window 'InlineJavaScript.html'.
    (01:30:47.733) [Visual Studio Host (840):VisualStudioCaretTestExtension] Moving the caret and selecting from (Ln: 20, Ch: 14) to the beginning of the line
    (01:30:47.924) [Visual Studio Host (840):VisualStudioTextEditorTestExtension] Setting keyboard focus to editor 'InlineJavaScript.html'.
    (01:30:48.158) [Visual Studio Host (840):TextEditorDocumentWindowTestExtension] Showing window 'InlineJavaScript.html'.
    (01:30:48.533) [Visual Studio Host (840):TextEditorDocumentWindowTestExtension] Showing window 'InlineJavaScript.html' without activating the window.
    (01:30:48.741) [Visual Studio Host (840):TextEditorDocumentWindowTestExtension] Showing window 'InlineJavaScript.html'.
    (01:30:48.997) [Visual Studio Host (840):VisualStudioIntellisenseService] Did not find an active completion session. Please use Verify.IsCompletionListPresent() to make sure that the list is present before requesting the completion session.
    Warning: (01:30:49.191) [Visual Studio Host (840):VisualStudioIntellisenseService] No active completion sessions were found for editor 'InlineJavaScript.html'.
    (01:30:49.398) [Visual Studio Host (840):VisualStudioIntellisenseService] Invoking Completion member list at '(Ln: 16, Ch: 34)'.
    (01:30:49.634) [Visual Studio Host (840):VisualStudioIntellisenseService] Did not find an active completion session. Please use Verify.IsCompletionListPresent() to make sure that the list is present before requesting the completion session.
    (01:30:50.037) [Visual Studio Host (840):VisualStudioIntellisenseService] Getting the active completion at position '(Ln: 16, Ch: 34)'.
    (01:30:50.238) [Visual Studio Host (840):KeyboardCommands] Sending the Escape key 1 times.
    (01:30:50.470) [Visual Studio Host (840):KeyboardCommands] Sending '1' spaces.
    (01:30:50.697) [Visual Studio Host (840):VisualStudioCaretTestExtension] Moving the caret from (Ln: 16, Ch: 33) to (Ln: 16, Ch: 33)
    (01:30:50.903) [Visual Studio Host (840):TextEditorDocumentWindowTestExtension] Showing window 'InlineJavaScript.html' without activating the window.
    (01:30:51.093) [Visual Studio Host (840):TextEditorDocumentWindowTestExtension] Showing window 'InlineJavaScript.html'.
    (01:30:51.345) [Visual Studio Host (840):TextEditorDocumentWindowTestExtension] Showing window 'InlineJavaScript.html' without activating the window.
    (01:30:51.589) [Visual Studio Host (840):TextEditorDocumentWindowTestExtension] Showing window 'InlineJavaScript.html'.
    (01:30:51.809) [Visual Studio Host (840):VisualStudioIntellisenseService] Getting the active completion at position '(Ln: 16, Ch: 35)'.
    (01:30:52.023) [Visual Studio Host (840):VisualStudioCompletionListTestExtension] Found completion item with name 
    (01:30:52.236) [Visual Studio Host (840):VisualStudioCompletionListTestExtension] Unable to find completion item with name 
    + ExternalProcessHostTest TestCleanup
        (01:30:52.971) [Visual Studio Host (840):TextEditorDocumentWindowTestExtension] Closing window 'InlineJavaScript.html'.
        (01:30:53.572) [Platform:Testcase] Test 'VSTest_Script_EmptyBlock' has 'Passed' outcome. Therefore, Apex will not shut down the 'Visual Studio Host (840)' with process ID '840'. A subsequent test scenario will run on the same instance of the host.
    + Final Test Result Verification
        (01:30:54.441) [Platform:DelayedAssertionVerifierSink] Verification Success: 0 verification steps failed.
    + ApexTest TestCleanup</StdOut>
      </Output>
      <ResultFiles>
        <ResultFile path="WNVM19648\Fail.22wpw0oka5fs.png" />
        <ResultFile path="WNVM19648\Fail.33ju4eduay3u.png" />
        <ResultFile path="WNVM19648\Fail.3poblbx4alvv.png" />
        <ResultFile path="WNVM19648\Fail.ashpv3rjajjr.png" />
        <ResultFile path="WNVM19648\Fail.aswak04hapa5.png" />
        <ResultFile path="WNVM19648\Fail.azqsczivabnm.png" />
        <ResultFile path="WNVM19648\Fail.byuslv5baqsd.png" />
        <ResultFile path="WNVM19648\Fail.ek4tb3wmalyl.png" />
        <ResultFile path="WNVM19648\Fail.ig2gsfz5ad1y.png" />
        <ResultFile path="WNVM19648\Fail.kxs1ersmaxma.png" />
        <ResultFile path="WNVM19648\Fail.loc0xhl5a2hr.png" />
        <ResultFile path="WNVM19648\Fail.o4kkrjboasbk.png" />
        <ResultFile path="WNVM19648\Fail.o5zf0zepaw0l.png" />
        <ResultFile path="WNVM19648\Fail.qbnuydioazjy.png" />
        <ResultFile path="WNVM19648\Fail.raasvsmeanc1.png" />
        <ResultFile path="WNVM19648\Fail.sidku4gxamg4.png" />
        <ResultFile path="WNVM19648\Fail.t4yj0fxuatil.png" />
        <ResultFile path="WNVM19648\Fail.z10rn0n5ajdm.png" />
        <ResultFile path="WNVM19648\OmniLog.html" />
        <ResultFile path="WNVM19648\OmniLogRawXml.xml" />
      </ResultFiles>
    </UnitTestResult>
    <UnitTestResult executionId="32030c2b-259a-472e-b1f7-d5d31246a8e8" testId="9a0cd434-52ff-432b-fa29-dc944b1f1c5d" testName="VSTest_RazorV4Cs_FormatSelection_StartingWithContainedLanguageCode" computerName="WNVM19648" duration="00:00:07.0892676" startTime="2018-04-17T01:05:19.2666280-07:00" endTime="2018-04-17T01:05:26.3558956-07:00" testType="13cdc9d9-ddb5-4fa4-a97d-d965ccfc6d4b" outcome="Passed" testListId="8c84fa94-04c1-424b-9868-57a2d4851a1d" relativeResultsDirectory="32030c2b-259a-472e-b1f7-d5d31246a8e8">
      <Output>
        <StdOut>+ CSharpFormattingTests::VSTest_RazorV4Cs_FormatSelection_StartingWithContainedLanguageCode
    + ApexTest TestInitialize
    + ExternalProcessHostTest TestInitialize
        (01:07:00.953) [Visual Studio Host (4384):RoamingSettingsService] Disabling roaming settings.
        (01:07:01.094) [Visual Studio Host (4384):SettingsService] Setting Visual Studio option 'Environment\RoamingSettings\RoamingEnabled' to 'False'.
        (01:07:01.472) [Visual Studio Host (4384):TextEditorDocumentWindowTestExtension] Showing window 'FormatSelectionStartingWithContainedLanguageCode.cshtml' without activating the window.
        (01:07:01.687) [Visual Studio Host (4384):TextEditorDocumentWindowTestExtension] Showing window 'FormatSelectionStartingWithContainedLanguageCode.cshtml'.
        (01:07:01.845) [Visual Studio Host (4384):VisualStudioTextEditorTestExtension] Setting keyboard focus to editor 'FormatSelectionStartingWithContainedLanguageCode.cshtml'.
        (01:07:01.984) [Visual Studio Host (4384):MainWindowService] Activating main window to bring it to the foreground.
        (01:07:02.123) [Visual Studio Host (4384):MainWindowService] Setting main window state to 'Maximized'.
    (01:07:02.508) [Visual Studio Host (4384):TextEditorDocumentWindowTestExtension] Showing window 'FormatSelectionStartingWithContainedLanguageCode.cshtml' without activating the window.
    (01:07:02.652) [Visual Studio Host (4384):TextEditorDocumentWindowTestExtension] Showing window 'FormatSelectionStartingWithContainedLanguageCode.cshtml'.
    (01:07:02.836) [Visual Studio Host (4384):VisualStudioCaretTestExtension] Moving the caret from (Ln: 1, Ch: 1) to (Ln: 6, Ch: 1)
    (01:07:03.022) [Visual Studio Host (4384):TextEditorDocumentWindowTestExtension] Showing window 'FormatSelectionStartingWithContainedLanguageCode.cshtml'.
    (01:07:03.231) [Visual Studio Host (4384):VisualStudioCaretTestExtension] Moving the caret and selecting from (Ln: 6, Ch: 1) down '5' lines
    (01:07:03.402) [Visual Studio Host (4384):VisualStudioTextEditorTestExtension] Setting keyboard focus to editor 'FormatSelectionStartingWithContainedLanguageCode.cshtml'.
    (01:07:03.577) [Visual Studio Host (4384):TextEditorDocumentWindowTestExtension] Showing window 'FormatSelectionStartingWithContainedLanguageCode.cshtml'.
    (01:07:03.757) [Visual Studio Host (4384):VisualStudioCaretTestExtension] Moving the caret and selecting from (Ln: 11, Ch: 1) to the beginning of the line
    (01:07:03.907) [Visual Studio Host (4384):VisualStudioTextEditorTestExtension] Setting keyboard focus to editor 'FormatSelectionStartingWithContainedLanguageCode.cshtml'.
    (01:07:04.054) [Visual Studio Host (4384):TextEditorDocumentWindowTestExtension] Showing window 'FormatSelectionStartingWithContainedLanguageCode.cshtml'.
    (01:07:04.218) [Visual Studio Host (4384):TextEditorDocumentWindowTestExtension] Showing window 'FormatSelectionStartingWithContainedLanguageCode.cshtml'.
    (01:07:04.374) [Visual Studio Host (4384):TextEditorDocumentWindowTestExtension] Showing window 'FormatSelectionStartingWithContainedLanguageCode.cshtml'.
    (01:07:04.552) [Visual Studio Host (4384):VisualStudioCaretTestExtension] Moving the caret and selecting from (Ln: 11, Ch: 1) right '1' characters
    (01:07:04.677) [Visual Studio Host (4384):VisualStudioTextEditorTestExtension] Setting keyboard focus to editor 'FormatSelectionStartingWithContainedLanguageCode.cshtml'.
    (01:07:04.880) [Visual Studio Host (4384):TextEditorDocumentWindowTestExtension] Showing window 'FormatSelectionStartingWithContainedLanguageCode.cshtml' without activating the window.
    (01:07:05.059) [Visual Studio Host (4384):TextEditorDocumentWindowTestExtension] Showing window 'FormatSelectionStartingWithContainedLanguageCode.cshtml'.
    (01:07:05.274) [Visual Studio Host (4384):TextEditorDocumentWindowTestExtension] Showing window 'FormatSelectionStartingWithContainedLanguageCode.cshtml' without activating the window.
    (01:07:05.449) [Visual Studio Host (4384):TextEditorDocumentWindowTestExtension] Showing window 'FormatSelectionStartingWithContainedLanguageCode.cshtml'.
    + ExternalProcessHostTest TestCleanup
        (01:07:05.826) [Visual Studio Host (4384):TextEditorDocumentWindowTestExtension] Closing window 'FormatSelectionStartingWithContainedLanguageCode.cshtml'.
        (01:07:06.147) [Platform:Testcase] Test 'VSTest_RazorV4Cs_FormatSelection_StartingWithContainedLanguageCode' has 'Passed' outcome. Therefore, Apex will not shut down the 'Visual Studio Host (4384)' with process ID '4384'. A subsequent test scenario will run on the same instance of the host.
    + Final Test Result Verification
        (01:07:06.677) [Platform:DelayedAssertionVerifierSink] Verification Success: 0 verification steps failed.
    + ApexTest TestCleanup</StdOut>
      </Output>
      <ResultFiles>
        <ResultFile path="WNVM19648\Fail.azqsczivabnm.png" />
        <ResultFile path="WNVM19648\Fail.ig2gsfz5ad1y.png" />
        <ResultFile path="WNVM19648\Fail.o5zf0zepaw0l.png" />
        <ResultFile path="WNVM19648\Fail.raasvsmeanc1.png" />
        <ResultFile path="WNVM19648\Fail.t4yj0fxuatil.png" />
        <ResultFile path="WNVM19648\Fail.z10rn0n5ajdm.png" />
        <ResultFile path="WNVM19648\OmniLog.html" />
        <ResultFile path="WNVM19648\OmniLogRawXml.xml" />
      </ResultFiles>
    </UnitTestResult>
    <UnitTestResult executionId="56d1fa6f-b75e-4bc5-b1fe-e928be3bfafc" testId="455eeb05-e1b9-182c-3e66-9f5123a45f1b" testName="VSTest_Colorization_Insert_Delete_Angle_Bracket" computerName="WNVM19648" duration="00:00:06.4971251" startTime="2018-04-17T00:19:22.0133374-07:00" endTime="2018-04-17T00:19:28.5104625-07:00" testType="13cdc9d9-ddb5-4fa4-a97d-d965ccfc6d4b" outcome="Passed" testListId="8c84fa94-04c1-424b-9868-57a2d4851a1d" relativeResultsDirectory="56d1fa6f-b75e-4bc5-b1fe-e928be3bfafc">
      <Output>
        <StdOut>+ ColorizationTests::VSTest_Colorization_Insert_Delete_Angle_Bracket
    + ApexTest TestInitialize
    + ExternalProcessHostTest TestInitialize
        (21:03.518) [Visual Studio Host (6956):RoamingSettingsService] Disabling roaming settings.
        (21:03.590) [Visual Studio Host (6956):SettingsService] Setting Visual Studio option 'Environment\RoamingSettings\RoamingEnabled' to 'False'.
        (21:03.957) [Visual Studio Host (6956):TextEditorDocumentWindowTestExtension] Showing window 'Empty.html' without activating the window.
        (21:04.050) [Visual Studio Host (6956):TextEditorDocumentWindowTestExtension] Showing window 'Empty.html'.
        (21:04.125) [Visual Studio Host (6956):VisualStudioTextEditorTestExtension] Setting keyboard focus to editor 'Empty.html'.
        (21:04.203) [Visual Studio Host (6956):MainWindowService] Activating main window to bring it to the foreground.
        (21:04.295) [Visual Studio Host (6956):MainWindowService] Setting main window state to 'Maximized'.
    (21:04.500) [Visual Studio Host (6956):TextEditorDocumentWindowTestExtension] Showing window 'Empty.html' without activating the window.
    (21:04.585) [Visual Studio Host (6956):TextEditorDocumentWindowTestExtension] Showing window 'Empty.html'.
    (21:04.656) [Visual Studio Host (6956):VisualStudioCaretTestExtension] Moving the caret to '&lt;body&gt;' at (Ln: 6, Ch: 1) based on a regular expression.  Expression = "&lt;body&gt;" [group index '0', match index '1', options 'Singleline, CultureInvariant']
    (21:05.058) [Visual Studio Host (6956):TextEditorDocumentWindowTestExtension] Showing window 'Empty.html' without activating the window.
    (21:05.509) [Visual Studio Host (6956):TextEditorDocumentWindowTestExtension] Showing window 'Empty.html'.
    (21:05.851) [Visual Studio Host (6956):VisualStudioCaretTestExtension] Moving the caret from (Ln: 6, Ch: 1) down '1' lines
    (21:05.922) [Visual Studio Host (6956):VisualStudioTextEditorTestExtension] Setting keyboard focus to editor 'Empty.html'.
    (21:06.009) [Visual Studio Host (6956):TextEditorDocumentWindowTestExtension] Showing window 'Empty.html' without activating the window.
    (21:06.074) [Visual Studio Host (6956):TextEditorDocumentWindowTestExtension] Showing window 'Empty.html'.
    (21:06.245) [Visual Studio Host (6956):TextEditorDocumentWindowTestExtension] Showing window 'Empty.html' without activating the window.
    (21:06.346) [Visual Studio Host (6956):TextEditorDocumentWindowTestExtension] Showing window 'Empty.html'.
    (21:06.453) [Visual Studio Host (6956):VisualStudioCaretTestExtension] Moving the caret from (Ln: 7, Ch: 19) to the beginning of the line
    (21:06.625) [Visual Studio Host (6956):VisualStudioTextEditorTestExtension] Setting keyboard focus to editor 'Empty.html'.
    (21:06.728) [Visual Studio Host (6956):TextEditorDocumentWindowTestExtension] Showing window 'Empty.html' without activating the window.
    (21:06.822) [Visual Studio Host (6956):TextEditorDocumentWindowTestExtension] Showing window 'Empty.html'.
    (21:06.947) [Visual Studio Host (6956):TextEditorDocumentWindowTestExtension] Showing window 'Empty.html' without activating the window.
    (21:07.037) [Visual Studio Host (6956):TextEditorDocumentWindowTestExtension] Showing window 'Empty.html'.
    (21:07.123) [Visual Studio Host (6956):VisualStudioCaretTestExtension] Moving the caret and selecting from (Ln: 7, Ch: 2) left '1' characters
    (21:07.185) [Visual Studio Host (6956):VisualStudioTextEditorTestExtension] Setting keyboard focus to editor 'Empty.html'.
    (21:07.311) [Visual Studio Host (6956):TextEditorDocumentWindowTestExtension] Showing window 'Empty.html' without activating the window.
    (21:07.436) [Visual Studio Host (6956):TextEditorDocumentWindowTestExtension] Showing window 'Empty.html'.
    (21:07.548) [Visual Studio Host (6956):TextEditorDocumentWindowTestExtension] Showing window 'Empty.html' without activating the window.
    (21:07.625) [Visual Studio Host (6956):TextEditorDocumentWindowTestExtension] Showing window 'Empty.html'.
    (21:07.738) [Visual Studio Host (6956):VisualStudioClassificationTestExtension] Retrieved '[Name: HTML Tag Delimiter, Span: ((Ln: 7, Ch: 1) - (Ln: 7, Ch: 2))]' classification at position '(Ln: 7, Ch: 1)'.
    (21:07.830) [Visual Studio Host (6956):TextEditorDocumentWindowTestExtension] Showing window 'Empty.html' without activating the window.
    (21:07.904) [Visual Studio Host (6956):TextEditorDocumentWindowTestExtension] Showing window 'Empty.html'.
    (21:07.969) [Visual Studio Host (6956):VisualStudioCaretTestExtension] Moving the caret from (Ln: 7, Ch: 1) to the beginning of the line
    (21:08.027) [Visual Studio Host (6956):VisualStudioTextEditorTestExtension] Setting keyboard focus to editor 'Empty.html'.
    (21:08.129) [Visual Studio Host (6956):TextEditorDocumentWindowTestExtension] Showing window 'Empty.html' without activating the window.
    (21:08.188) [Visual Studio Host (6956):TextEditorDocumentWindowTestExtension] Showing window 'Empty.html'.
    (21:08.269) [Visual Studio Host (6956):KeyboardCommands] Sending the Delete key 1 times.
    (21:08.353) [Visual Studio Host (6956):TextEditorDocumentWindowTestExtension] Showing window 'Empty.html' without activating the window.
    (21:08.471) [Visual Studio Host (6956):TextEditorDocumentWindowTestExtension] Showing window 'Empty.html'.
    (21:08.561) [Visual Studio Host (6956):TextEditorDocumentWindowTestExtension] Showing window 'Empty.html' without activating the window.
    (21:08.648) [Visual Studio Host (6956):TextEditorDocumentWindowTestExtension] Showing window 'Empty.html'.
    (21:08.723) [Visual Studio Host (6956):VisualStudioClassificationTestExtension] Did not find a classification at the given position '(Ln: 7, Ch: 1)'.
    VerificationPass: (21:08.775) [Platform:Testcase] Verification passed: Object expected to be null.
    + ExternalProcessHostTest TestCleanup
        (21:08.878) [Visual Studio Host (6956):TextEditorDocumentWindowTestExtension] Closing window 'Empty.html'.
        (21:09.086) [Platform:Testcase] Test 'VSTest_Colorization_Insert_Delete_Angle_Bracket' has 'Passed' outcome. Therefore, Apex will not shut down the 'Visual Studio Host (6956)' with process ID '6956'. A subsequent test scenario will run on the same instance of the host.
    + Final Test Result Verification
        (21:09.310) [Platform:DelayedAssertionVerifierSink] Verification Success: 0 verification steps failed.
    + ApexTest TestCleanup</StdOut>
      </Output>
      <ResultFiles>
        <ResultFile path="WNVM19648\Fail.azqsczivabnm.png" />
        <ResultFile path="WNVM19648\Fail.ig2gsfz5ad1y.png" />
        <ResultFile path="WNVM19648\Fail.o5zf0zepaw0l.png" />
        <ResultFile path="WNVM19648\OmniLog.html" />
        <ResultFile path="WNVM19648\OmniLogRawXml.xml" />
      </ResultFiles>
    </UnitTestResult>
    <UnitTestResult executionId="82215afc-4c20-4b5b-9cc7-3549c12660f4" testId="17cbe034-ecb4-14e6-b6ac-c5ed69fd3cb6" testName="VSTest_RazorPasteIndentedAtIfInCshtml" computerName="WNVM19648" duration="00:00:04.1751126" startTime="2018-04-17T01:09:40.2083012-07:00" endTime="2018-04-17T01:09:44.3834138-07:00" testType="13cdc9d9-ddb5-4fa4-a97d-d965ccfc6d4b" outcome="Passed" testListId="8c84fa94-04c1-424b-9868-57a2d4851a1d" relativeResultsDirectory="82215afc-4c20-4b5b-9cc7-3549c12660f4">
      <Output>
        <StdOut>+ CSharpGeneralTests::VSTest_RazorPasteIndentedAtIfInCshtml
    + ApexTest TestInitialize
    + ExternalProcessHostTest TestInitialize
        (01:11:21.882) [Visual Studio Host (4384):RoamingSettingsService] Disabling roaming settings.
        (01:11:22.007) [Visual Studio Host (4384):SettingsService] Setting Visual Studio option 'Environment\RoamingSettings\RoamingEnabled' to 'False'.
        (01:11:22.352) [Visual Studio Host (4384):TextEditorDocumentWindowTestExtension] Showing window 'empty.cshtml' without activating the window.
        (01:11:22.538) [Visual Studio Host (4384):TextEditorDocumentWindowTestExtension] Showing window 'empty.cshtml'.
        (01:11:22.741) [Visual Studio Host (4384):VisualStudioTextEditorTestExtension] Setting keyboard focus to editor 'empty.cshtml'.
        (01:11:22.934) [Visual Studio Host (4384):MainWindowService] Activating main window to bring it to the foreground.
        (01:11:23.088) [Visual Studio Host (4384):MainWindowService] Setting main window state to 'Maximized'.
    (01:11:23.637) [Visual Studio Host (4384):TextEditorDocumentWindowTestExtension] Showing window 'empty.cshtml' without activating the window.
    (01:11:23.803) [Visual Studio Host (4384):TextEditorDocumentWindowTestExtension] Showing window 'empty.cshtml'.
    + ExternalProcessHostTest TestCleanup
        (01:11:24.103) [Visual Studio Host (4384):TextEditorDocumentWindowTestExtension] Closing window 'empty.cshtml'.
        (01:11:24.337) [Platform:Testcase] Test 'VSTest_RazorPasteIndentedAtIfInCshtml' has 'Passed' outcome. Therefore, Apex will not shut down the 'Visual Studio Host (4384)' with process ID '4384'. A subsequent test scenario will run on the same instance of the host.
    + Final Test Result Verification
        (01:11:24.809) [Platform:DelayedAssertionVerifierSink] Verification Success: 0 verification steps failed.
    + ApexTest TestCleanup</StdOut>
      </Output>
      <ResultFiles>
        <ResultFile path="WNVM19648\Fail.azqsczivabnm.png" />
        <ResultFile path="WNVM19648\Fail.ig2gsfz5ad1y.png" />
        <ResultFile path="WNVM19648\Fail.o5zf0zepaw0l.png" />
        <ResultFile path="WNVM19648\Fail.raasvsmeanc1.png" />
        <ResultFile path="WNVM19648\Fail.t4yj0fxuatil.png" />
        <ResultFile path="WNVM19648\Fail.z10rn0n5ajdm.png" />
        <ResultFile path="WNVM19648\OmniLog.html" />
        <ResultFile path="WNVM19648\OmniLogRawXml.xml" />
      </ResultFiles>
    </UnitTestResult>
    <UnitTestResult executionId="1121d4e0-d832-4e83-b571-7d3914a53974" testId="5a35e6f5-cb55-45a7-2a12-f79ea256af6b" testName="VSTest_RazorCsFormatArtifactsAfterPartialParse" computerName="WNVM19648" duration="00:00:08.0688975" startTime="2018-04-17T01:03:39.3488411-07:00" endTime="2018-04-17T01:03:47.4177386-07:00" testType="13cdc9d9-ddb5-4fa4-a97d-d965ccfc6d4b" outcome="Passed" testListId="8c84fa94-04c1-424b-9868-57a2d4851a1d" relativeResultsDirectory="1121d4e0-d832-4e83-b571-7d3914a53974">
      <Output>
        <StdOut>+ CSharpFormattingTests::VSTest_RazorCsFormatArtifactsAfterPartialParse
    + ApexTest TestInitialize
    + ExternalProcessHostTest TestInitialize
        (01:05:21.070) [Visual Studio Host (4384):RoamingSettingsService] Disabling roaming settings.
        (01:05:21.197) [Visual Studio Host (4384):SettingsService] Setting Visual Studio option 'Environment\RoamingSettings\RoamingEnabled' to 'False'.
        (01:05:21.545) [Visual Studio Host (4384):TextEditorDocumentWindowTestExtension] Showing window 'FormatArtifactsAfterPartialParse.cshtml' without activating the window.
        (01:05:21.731) [Visual Studio Host (4384):TextEditorDocumentWindowTestExtension] Showing window 'FormatArtifactsAfterPartialParse.cshtml'.
        (01:05:21.889) [Visual Studio Host (4384):VisualStudioTextEditorTestExtension] Setting keyboard focus to editor 'FormatArtifactsAfterPartialParse.cshtml'.
        (01:05:22.047) [Visual Studio Host (4384):MainWindowService] Activating main window to bring it to the foreground.
        (01:05:22.173) [Visual Studio Host (4384):MainWindowService] Setting main window state to 'Maximized'.
    (01:05:22.440) [Visual Studio Host (4384):TextEditorDocumentWindowTestExtension] Showing window 'FormatArtifactsAfterPartialParse.cshtml' without activating the window.
    (01:05:22.576) [Visual Studio Host (4384):TextEditorDocumentWindowTestExtension] Showing window 'FormatArtifactsAfterPartialParse.cshtml'.
    (01:05:22.732) [Visual Studio Host (4384):VisualStudioCaretTestExtension] Moving the caret from (Ln: 1, Ch: 1) to (Ln: 1, Ch: 13)
    (01:05:23.035) [Visual Studio Host (4384):TextEditorDocumentWindowTestExtension] Showing window 'FormatArtifactsAfterPartialParse.cshtml' without activating the window.
    (01:05:23.163) [Visual Studio Host (4384):TextEditorDocumentWindowTestExtension] Showing window 'FormatArtifactsAfterPartialParse.cshtml'.
    (01:05:23.301) [Visual Studio Host (4384):TextEditorDocumentWindowTestExtension] Showing window 'FormatArtifactsAfterPartialParse.cshtml' without activating the window.
    (01:05:23.434) [Visual Studio Host (4384):TextEditorDocumentWindowTestExtension] Showing window 'FormatArtifactsAfterPartialParse.cshtml'.
    (01:05:23.642) [Visual Studio Host (4384):TextEditorDocumentWindowTestExtension] Showing window 'FormatArtifactsAfterPartialParse.cshtml' without activating the window.
    (01:05:23.817) [Visual Studio Host (4384):TextEditorDocumentWindowTestExtension] Showing window 'FormatArtifactsAfterPartialParse.cshtml'.
    (01:05:23.958) [Visual Studio Host (4384):VisualStudioCaretTestExtension] Moving the caret from (Ln: 1, Ch: 15) to (Ln: 1, Ch: 6)
    (01:05:24.094) [Visual Studio Host (4384):TextEditorDocumentWindowTestExtension] Showing window 'FormatArtifactsAfterPartialParse.cshtml'.
    (01:05:24.287) [Visual Studio Host (4384):VisualStudioCaretTestExtension] Moving the caret and selecting from (Ln: 1, Ch: 6) right '4' characters
    (01:05:24.446) [Visual Studio Host (4384):VisualStudioTextEditorTestExtension] Setting keyboard focus to editor 'FormatArtifactsAfterPartialParse.cshtml'.
    (01:05:24.695) [Visual Studio Host (4384):TextEditorDocumentWindowTestExtension] Showing window 'FormatArtifactsAfterPartialParse.cshtml' without activating the window.
    (01:05:24.897) [Visual Studio Host (4384):TextEditorDocumentWindowTestExtension] Showing window 'FormatArtifactsAfterPartialParse.cshtml'.
    (01:05:25.066) [Visual Studio Host (4384):VisualStudioCaretTestExtension] Moving the caret from (Ln: 1, Ch: 10) to (Ln: 1, Ch: 1)
    (01:05:25.218) [Visual Studio Host (4384):TextEditorDocumentWindowTestExtension] Showing window 'FormatArtifactsAfterPartialParse.cshtml'.
    (01:05:25.392) [Visual Studio Host (4384):VisualStudioCaretTestExtension] Moving the caret and selecting from (Ln: 1, Ch: 1) right '14' characters
    (01:05:25.568) [Visual Studio Host (4384):VisualStudioTextEditorTestExtension] Setting keyboard focus to editor 'FormatArtifactsAfterPartialParse.cshtml'.
    (01:05:25.787) [Visual Studio Host (4384):TextEditorDocumentWindowTestExtension] Showing window 'FormatArtifactsAfterPartialParse.cshtml' without activating the window.
    (01:05:25.953) [Visual Studio Host (4384):TextEditorDocumentWindowTestExtension] Showing window 'FormatArtifactsAfterPartialParse.cshtml'.
    (01:05:26.149) [Visual Studio Host (4384):TextEditorDocumentWindowTestExtension] Showing window 'FormatArtifactsAfterPartialParse.cshtml' without activating the window.
    (01:05:26.333) [Visual Studio Host (4384):TextEditorDocumentWindowTestExtension] Showing window 'FormatArtifactsAfterPartialParse.cshtml'.
    (01:05:26.526) [Visual Studio Host (4384):TextEditorDocumentWindowTestExtension] Showing window 'FormatArtifactsAfterPartialParse.cshtml' without activating the window.
    (01:05:26.703) [Visual Studio Host (4384):TextEditorDocumentWindowTestExtension] Showing window 'FormatArtifactsAfterPartialParse.cshtml'.
    + ExternalProcessHostTest TestCleanup
        (01:05:27.037) [Visual Studio Host (4384):TextEditorDocumentWindowTestExtension] Closing window 'FormatArtifactsAfterPartialParse.cshtml'.
        (01:05:27.322) [Platform:Testcase] Test 'VSTest_RazorCsFormatArtifactsAfterPartialParse' has 'Passed' outcome. Therefore, Apex will not shut down the 'Visual Studio Host (4384)' with process ID '4384'. A subsequent test scenario will run on the same instance of the host.
    + Final Test Result Verification
        (01:05:27.799) [Platform:DelayedAssertionVerifierSink] Verification Success: 0 verification steps failed.
    + ApexTest TestCleanup</StdOut>
      </Output>
      <ResultFiles>
        <ResultFile path="WNVM19648\Fail.azqsczivabnm.png" />
        <ResultFile path="WNVM19648\Fail.ig2gsfz5ad1y.png" />
        <ResultFile path="WNVM19648\Fail.o5zf0zepaw0l.png" />
        <ResultFile path="WNVM19648\Fail.raasvsmeanc1.png" />
        <ResultFile path="WNVM19648\Fail.t4yj0fxuatil.png" />
        <ResultFile path="WNVM19648\Fail.z10rn0n5ajdm.png" />
        <ResultFile path="WNVM19648\OmniLog.html" />
        <ResultFile path="WNVM19648\OmniLogRawXml.xml" />
      </ResultFiles>
    </UnitTestResult>
    <UnitTestResult executionId="ab694a13-f973-48af-8fba-e09b05969911" testId="f0497117-f6fa-270a-348f-65e39dba6d1b" testName="VSTest_CssCompletion_AllowedImportFileExtension" computerName="WNVM19648" duration="00:00:02.9171012" startTime="2018-04-17T00:29:38.1984452-07:00" endTime="2018-04-17T00:29:41.1155464-07:00" testType="13cdc9d9-ddb5-4fa4-a97d-d965ccfc6d4b" outcome="Passed" testListId="8c84fa94-04c1-424b-9868-57a2d4851a1d" relativeResultsDirectory="ab694a13-f973-48af-8fba-e09b05969911">
      <Output>
        <StdOut>+ CssCompletionTests::VSTest_CssCompletion_AllowedImportFileExtension
    + ApexTest TestInitialize
    + ExternalProcessHostTest TestInitialize
        (31:19.611) [Visual Studio Host (11564):RoamingSettingsService] Disabling roaming settings.
        (31:19.687) [Visual Studio Host (11564):SettingsService] Setting Visual Studio option 'Environment\RoamingSettings\RoamingEnabled' to 'False'.
        (31:19.974) [Visual Studio Host (11564):TextEditorDocumentWindowTestExtension] Showing window 'default.css' without activating the window.
        (31:20.058) [Visual Studio Host (11564):TextEditorDocumentWindowTestExtension] Showing window 'default.css'.
        (31:20.142) [Visual Studio Host (11564):VisualStudioTextEditorTestExtension] Setting keyboard focus to editor 'default.css'.
        (31:20.201) [Visual Studio Host (11564):MainWindowService] Activating main window to bring it to the foreground.
        (31:20.302) [Visual Studio Host (11564):MainWindowService] Setting main window state to 'Maximized'.
    (31:20.434) [Visual Studio Host (11564):TextEditorDocumentWindowTestExtension] Showing window 'default.css' without activating the window.
    (31:20.501) [Visual Studio Host (11564):TextEditorDocumentWindowTestExtension] Showing window 'default.css'.
    (31:20.594) [Visual Studio Host (11564):VisualStudioCaretTestExtension] Moving the caret to '' at (Ln: 1, Ch: 8) based on a regular expression.  Expression = "@import()" [group index '1', match index '1', options 'Singleline, CultureInvariant']
    (31:20.664) [Visual Studio Host (11564):TextEditorDocumentWindowTestExtension] Showing window 'default.css' without activating the window.
    (31:20.737) [Visual Studio Host (11564):TextEditorDocumentWindowTestExtension] Showing window 'default.css'.
    (31:20.851) [Visual Studio Host (11564):TextEditorDocumentWindowTestExtension] Showing window 'default.css' without activating the window.
    (31:21.026) [Visual Studio Host (11564):TextEditorDocumentWindowTestExtension] Showing window 'default.css'.
    (31:21.138) [Visual Studio Host (11564):VisualStudioIntellisenseService] Getting the active completion at position '(Ln: 1, Ch: 10)'.
    (31:21.209) [Visual Studio Host (11564):VisualStudioCompletionListTestExtension] Retrieved '3' completion items.
    (31:21.300) [Visual Studio Host (11564):VisualStudioCompletionListTestExtension] Dismissing completion session.
    + ExternalProcessHostTest TestCleanup
        (31:21.477) [Visual Studio Host (11564):TextEditorDocumentWindowTestExtension] Closing window 'default.css'.
        (31:21.654) [Platform:Testcase] Test 'VSTest_CssCompletion_AllowedImportFileExtension' has 'Passed' outcome. Therefore, Apex will not shut down the 'Visual Studio Host (11564)' with process ID '11564'. A subsequent test scenario will run on the same instance of the host.
    + Final Test Result Verification
        (31:21.884) [Platform:DelayedAssertionVerifierSink] Verification Success: 0 verification steps failed.
    + ApexTest TestCleanup</StdOut>
      </Output>
      <ResultFiles>
        <ResultFile path="WNVM19648\Fail.azqsczivabnm.png" />
        <ResultFile path="WNVM19648\Fail.ig2gsfz5ad1y.png" />
        <ResultFile path="WNVM19648\Fail.o5zf0zepaw0l.png" />
        <ResultFile path="WNVM19648\OmniLog.html" />
        <ResultFile path="WNVM19648\OmniLogRawXml.xml" />
      </ResultFiles>
    </UnitTestResult>
    <UnitTestResult executionId="09708600-1d68-4dc4-8dc5-92f91c5b3e00" testId="f968f50e-c29b-d887-894c-539000727297" testName="VSTest_RazorCsFormatCodeBlock_FormatRazorAttribute" computerName="WNVM19648" duration="00:00:05.4408678" startTime="2018-04-17T01:03:17.4947889-07:00" endTime="2018-04-17T01:03:22.9356567-07:00" testType="13cdc9d9-ddb5-4fa4-a97d-d965ccfc6d4b" outcome="Passed" testListId="8c84fa94-04c1-424b-9868-57a2d4851a1d" relativeResultsDirectory="09708600-1d68-4dc4-8dc5-92f91c5b3e00">
      <Output>
        <StdOut>+ CSharpFormattingTests::VSTest_RazorCsFormatCodeBlock_FormatRazorAttribute
    + ApexTest TestInitialize
    + ExternalProcessHostTest TestInitialize
        (01:04:59.211) [Visual Studio Host (4384):RoamingSettingsService] Disabling roaming settings.
        (01:04:59.342) [Visual Studio Host (4384):SettingsService] Setting Visual Studio option 'Environment\RoamingSettings\RoamingEnabled' to 'False'.
        (01:04:59.702) [Visual Studio Host (4384):TextEditorDocumentWindowTestExtension] Showing window 'FormatRazorAttribute.cshtml' without activating the window.
        (01:04:59.912) [Visual Studio Host (4384):TextEditorDocumentWindowTestExtension] Showing window 'FormatRazorAttribute.cshtml'.
        (01:05:00.072) [Visual Studio Host (4384):VisualStudioTextEditorTestExtension] Setting keyboard focus to editor 'FormatRazorAttribute.cshtml'.
        (01:05:00.216) [Visual Studio Host (4384):MainWindowService] Activating main window to bring it to the foreground.
        (01:05:00.371) [Visual Studio Host (4384):MainWindowService] Setting main window state to 'Maximized'.
    (01:05:00.636) [Visual Studio Host (4384):TextEditorDocumentWindowTestExtension] Showing window 'FormatRazorAttribute.cshtml' without activating the window.
    (01:05:00.771) [Visual Studio Host (4384):TextEditorDocumentWindowTestExtension] Showing window 'FormatRazorAttribute.cshtml'.
    (01:05:00.931) [Visual Studio Host (4384):VisualStudioCaretTestExtension] Moving the caret from (Ln: 1, Ch: 1) to (Ln: 2, Ch: 5)
    (01:05:01.110) [Visual Studio Host (4384):TextEditorDocumentWindowTestExtension] Showing window 'FormatRazorAttribute.cshtml' without activating the window.
    (01:05:01.268) [Visual Studio Host (4384):TextEditorDocumentWindowTestExtension] Showing window 'FormatRazorAttribute.cshtml'.
    (01:05:01.963) [Visual Studio Host (4384):TextEditorDocumentWindowTestExtension] Showing window 'FormatRazorAttribute.cshtml' without activating the window.
    (01:05:02.158) [Visual Studio Host (4384):TextEditorDocumentWindowTestExtension] Showing window 'FormatRazorAttribute.cshtml'.
    + ExternalProcessHostTest TestCleanup
        (01:05:02.472) [Visual Studio Host (4384):TextEditorDocumentWindowTestExtension] Closing window 'FormatRazorAttribute.cshtml'.
        (01:05:02.735) [Platform:Testcase] Test 'VSTest_RazorCsFormatCodeBlock_FormatRazorAttribute' has 'Passed' outcome. Therefore, Apex will not shut down the 'Visual Studio Host (4384)' with process ID '4384'. A subsequent test scenario will run on the same instance of the host.
    + Final Test Result Verification
        (01:05:03.213) [Platform:DelayedAssertionVerifierSink] Verification Success: 0 verification steps failed.
    + ApexTest TestCleanup</StdOut>
      </Output>
      <ResultFiles>
        <ResultFile path="WNVM19648\Fail.azqsczivabnm.png" />
        <ResultFile path="WNVM19648\Fail.ig2gsfz5ad1y.png" />
        <ResultFile path="WNVM19648\Fail.o5zf0zepaw0l.png" />
        <ResultFile path="WNVM19648\Fail.raasvsmeanc1.png" />
        <ResultFile path="WNVM19648\Fail.t4yj0fxuatil.png" />
        <ResultFile path="WNVM19648\Fail.z10rn0n5ajdm.png" />
        <ResultFile path="WNVM19648\OmniLog.html" />
        <ResultFile path="WNVM19648\OmniLogRawXml.xml" />
      </ResultFiles>
    </UnitTestResult>
    <UnitTestResult executionId="4b3b4d94-5456-4e45-9107-17547efb158a" testId="6b31908d-4443-5e25-3bbd-0c4aaa2bc316" testName="VSTest_RazorV4CsFormatCommentWithKeyword" computerName="WNVM19648" duration="00:00:04.7692152" startTime="2018-04-17T01:04:07.9797273-07:00" endTime="2018-04-17T01:04:12.7489425-07:00" testType="13cdc9d9-ddb5-4fa4-a97d-d965ccfc6d4b" outcome="Passed" testListId="8c84fa94-04c1-424b-9868-57a2d4851a1d" relativeResultsDirectory="4b3b4d94-5456-4e45-9107-17547efb158a">
      <Output>
        <StdOut>+ CSharpFormattingTests::VSTest_RazorV4CsFormatCommentWithKeyword
    + ApexTest TestInitialize
    + ExternalProcessHostTest TestInitialize
        (01:05:49.683) [Visual Studio Host (4384):RoamingSettingsService] Disabling roaming settings.
        (01:05:49.875) [Visual Studio Host (4384):SettingsService] Setting Visual Studio option 'Environment\RoamingSettings\RoamingEnabled' to 'False'.
        (01:05:50.251) [Visual Studio Host (4384):TextEditorDocumentWindowTestExtension] Showing window 'FormatCommentWithKeyword.cshtml' without activating the window.
        (01:05:50.457) [Visual Studio Host (4384):TextEditorDocumentWindowTestExtension] Showing window 'FormatCommentWithKeyword.cshtml'.
        (01:05:50.645) [Visual Studio Host (4384):VisualStudioTextEditorTestExtension] Setting keyboard focus to editor 'FormatCommentWithKeyword.cshtml'.
        (01:05:50.819) [Visual Studio Host (4384):MainWindowService] Activating main window to bring it to the foreground.
        (01:05:51.012) [Visual Studio Host (4384):MainWindowService] Setting main window state to 'Maximized'.
    (01:05:51.701) [Visual Studio Host (4384):TextEditorDocumentWindowTestExtension] Showing window 'FormatCommentWithKeyword.cshtml' without activating the window.
    (01:05:51.901) [Visual Studio Host (4384):TextEditorDocumentWindowTestExtension] Showing window 'FormatCommentWithKeyword.cshtml'.
    + ExternalProcessHostTest TestCleanup
        (01:05:52.265) [Visual Studio Host (4384):TextEditorDocumentWindowTestExtension] Closing window 'FormatCommentWithKeyword.cshtml'.
        (01:05:52.521) [Platform:Testcase] Test 'VSTest_RazorV4CsFormatCommentWithKeyword' has 'Passed' outcome. Therefore, Apex will not shut down the 'Visual Studio Host (4384)' with process ID '4384'. A subsequent test scenario will run on the same instance of the host.
    + Final Test Result Verification
        (01:05:52.955) [Platform:DelayedAssertionVerifierSink] Verification Success: 0 verification steps failed.
    + ApexTest TestCleanup</StdOut>
      </Output>
      <ResultFiles>
        <ResultFile path="WNVM19648\Fail.azqsczivabnm.png" />
        <ResultFile path="WNVM19648\Fail.ig2gsfz5ad1y.png" />
        <ResultFile path="WNVM19648\Fail.o5zf0zepaw0l.png" />
        <ResultFile path="WNVM19648\Fail.raasvsmeanc1.png" />
        <ResultFile path="WNVM19648\Fail.t4yj0fxuatil.png" />
        <ResultFile path="WNVM19648\Fail.z10rn0n5ajdm.png" />
        <ResultFile path="WNVM19648\OmniLog.html" />
        <ResultFile path="WNVM19648\OmniLogRawXml.xml" />
      </ResultFiles>
    </UnitTestResult>
    <UnitTestResult executionId="92d5992e-6aa3-4b50-87b5-737e3a7cbbe8" testId="fcb43806-982b-5e9a-44ff-6aad6cc3392a" testName="VSTest_RazorCsFormatSelection" computerName="WNVM19648" duration="00:00:19.6747289" startTime="2018-04-17T01:04:40.0069913-07:00" endTime="2018-04-17T01:04:59.6817202-07:00" testType="13cdc9d9-ddb5-4fa4-a97d-d965ccfc6d4b" outcome="Passed" testListId="8c84fa94-04c1-424b-9868-57a2d4851a1d" relativeResultsDirectory="92d5992e-6aa3-4b50-87b5-737e3a7cbbe8">
      <Output>
        <StdOut>+ CSharpFormattingTests::VSTest_RazorCsFormatSelection
    + ApexTest TestInitialize
    + ExternalProcessHostTest TestInitialize
        (01:06:21.815) [Visual Studio Host (4384):RoamingSettingsService] Disabling roaming settings.
        (01:06:21.996) [Visual Studio Host (4384):SettingsService] Setting Visual Studio option 'Environment\RoamingSettings\RoamingEnabled' to 'False'.
        (01:06:22.399) [Visual Studio Host (4384):TextEditorDocumentWindowTestExtension] Showing window 'FormatSelection.cshtml' without activating the window.
        (01:06:22.605) [Visual Studio Host (4384):TextEditorDocumentWindowTestExtension] Showing window 'FormatSelection.cshtml'.
        (01:06:22.796) [Visual Studio Host (4384):VisualStudioTextEditorTestExtension] Setting keyboard focus to editor 'FormatSelection.cshtml'.
        (01:06:22.979) [Visual Studio Host (4384):MainWindowService] Activating main window to bring it to the foreground.
        (01:06:23.166) [Visual Studio Host (4384):MainWindowService] Setting main window state to 'Maximized'.
    (01:06:23.524) [Visual Studio Host (4384):TextEditorDocumentWindowTestExtension] Showing window 'FormatSelection.cshtml' without activating the window.
    (01:06:23.679) [Visual Studio Host (4384):TextEditorDocumentWindowTestExtension] Showing window 'FormatSelection.cshtml'.
    (01:06:23.881) [Visual Studio Host (4384):VisualStudioCaretTestExtension] Moving the caret from (Ln: 1, Ch: 1) to (Ln: 1, Ch: 1)
    (01:06:24.043) [Visual Studio Host (4384):TextEditorDocumentWindowTestExtension] Showing window 'FormatSelection.cshtml'.
    (01:06:24.211) [Visual Studio Host (4384):VisualStudioCaretTestExtension] Moving the caret and selecting from (Ln: 1, Ch: 1) down '2' lines
    (01:06:24.371) [Visual Studio Host (4384):VisualStudioTextEditorTestExtension] Setting keyboard focus to editor 'FormatSelection.cshtml'.
    (01:06:24.561) [Visual Studio Host (4384):TextEditorDocumentWindowTestExtension] Showing window 'FormatSelection.cshtml'.
    (01:06:24.752) [Visual Studio Host (4384):VisualStudioCaretTestExtension] Moving the caret and selecting from (Ln: 3, Ch: 1) to the beginning of the line
    (01:06:24.932) [Visual Studio Host (4384):VisualStudioTextEditorTestExtension] Setting keyboard focus to editor 'FormatSelection.cshtml'.
    (01:06:25.112) [Visual Studio Host (4384):TextEditorDocumentWindowTestExtension] Showing window 'FormatSelection.cshtml'.
    (01:06:25.279) [Visual Studio Host (4384):TextEditorDocumentWindowTestExtension] Showing window 'FormatSelection.cshtml'.
    (01:06:25.474) [Visual Studio Host (4384):TextEditorDocumentWindowTestExtension] Showing window 'FormatSelection.cshtml'.
    (01:06:25.662) [Visual Studio Host (4384):VisualStudioCaretTestExtension] Moving the caret and selecting from (Ln: 3, Ch: 1) right '1' characters
    (01:06:25.893) [Visual Studio Host (4384):VisualStudioTextEditorTestExtension] Setting keyboard focus to editor 'FormatSelection.cshtml'.
    (01:06:26.150) [Visual Studio Host (4384):TextEditorDocumentWindowTestExtension] Showing window 'FormatSelection.cshtml' without activating the window.
    (01:06:26.300) [Visual Studio Host (4384):TextEditorDocumentWindowTestExtension] Showing window 'FormatSelection.cshtml'.
    (01:06:26.449) [Visual Studio Host (4384):TextEditorDocumentWindowTestExtension] Showing window 'FormatSelection.cshtml' without activating the window.
    (01:06:26.594) [Visual Studio Host (4384):TextEditorDocumentWindowTestExtension] Showing window 'FormatSelection.cshtml'.
    (01:06:26.829) [Visual Studio Host (4384):TextEditorDocumentWindowTestExtension] Showing window 'FormatSelection.cshtml' without activating the window.
    (01:06:26.993) [Visual Studio Host (4384):TextEditorDocumentWindowTestExtension] Showing window 'FormatSelection.cshtml'.
    (01:06:27.157) [Visual Studio Host (4384):TextEditorDocumentWindowTestExtension] Showing window 'FormatSelection.cshtml' without activating the window.
    (01:06:27.326) [Visual Studio Host (4384):TextEditorDocumentWindowTestExtension] Showing window 'FormatSelection.cshtml'.
    (01:06:27.498) [Visual Studio Host (4384):TextEditorDocumentWindowTestExtension] Showing window 'FormatSelection.cshtml' without activating the window.
    (01:06:27.885) [Visual Studio Host (4384):TextEditorDocumentWindowTestExtension] Showing window 'FormatSelection.cshtml' without activating the window.
    (01:06:28.044) [Visual Studio Host (4384):TextEditorDocumentWindowTestExtension] Showing window 'FormatSelection.cshtml'.
    (01:06:28.188) [Visual Studio Host (4384):VisualStudioCaretTestExtension] Moving the caret from (Ln: 3, Ch: 2) to (Ln: 1, Ch: 1)
    (01:06:28.328) [Visual Studio Host (4384):TextEditorDocumentWindowTestExtension] Showing window 'FormatSelection.cshtml'.
    (01:06:28.518) [Visual Studio Host (4384):VisualStudioCaretTestExtension] Moving the caret and selecting from (Ln: 1, Ch: 1) down '2' lines
    (01:06:28.687) [Visual Studio Host (4384):VisualStudioTextEditorTestExtension] Setting keyboard focus to editor 'FormatSelection.cshtml'.
    (01:06:28.837) [Visual Studio Host (4384):TextEditorDocumentWindowTestExtension] Showing window 'FormatSelection.cshtml'.
    (01:06:28.993) [Visual Studio Host (4384):VisualStudioCaretTestExtension] Moving the caret and selecting from (Ln: 3, Ch: 1) to the beginning of the line
    (01:06:29.133) [Visual Studio Host (4384):VisualStudioTextEditorTestExtension] Setting keyboard focus to editor 'FormatSelection.cshtml'.
    (01:06:29.277) [Visual Studio Host (4384):TextEditorDocumentWindowTestExtension] Showing window 'FormatSelection.cshtml'.
    (01:06:29.428) [Visual Studio Host (4384):TextEditorDocumentWindowTestExtension] Showing window 'FormatSelection.cshtml'.
    (01:06:29.573) [Visual Studio Host (4384):TextEditorDocumentWindowTestExtension] Showing window 'FormatSelection.cshtml'.
    (01:06:29.706) [Visual Studio Host (4384):VisualStudioCaretTestExtension] Moving the caret and selecting from (Ln: 3, Ch: 1) right '1' characters
    (01:06:29.839) [Visual Studio Host (4384):VisualStudioTextEditorTestExtension] Setting keyboard focus to editor 'FormatSelection.cshtml'.
    (01:06:30.128) [Visual Studio Host (4384):TextEditorDocumentWindowTestExtension] Showing window 'FormatSelection.cshtml' without activating the window.
    (01:06:30.285) [Visual Studio Host (4384):TextEditorDocumentWindowTestExtension] Showing window 'FormatSelection.cshtml'.
    (01:06:30.448) [Visual Studio Host (4384):TextEditorDocumentWindowTestExtension] Showing window 'FormatSelection.cshtml' without activating the window.
    (01:06:30.577) [Visual Studio Host (4384):TextEditorDocumentWindowTestExtension] Showing window 'FormatSelection.cshtml'.
    (01:06:30.780) [Visual Studio Host (4384):TextEditorDocumentWindowTestExtension] Showing window 'FormatSelection.cshtml' without activating the window.
    (01:06:30.939) [Visual Studio Host (4384):TextEditorDocumentWindowTestExtension] Showing window 'FormatSelection.cshtml'.
    (01:06:31.087) [Visual Studio Host (4384):TextEditorDocumentWindowTestExtension] Showing window 'FormatSelection.cshtml' without activating the window.
    (01:06:31.223) [Visual Studio Host (4384):TextEditorDocumentWindowTestExtension] Showing window 'FormatSelection.cshtml'.
    (01:06:31.374) [Visual Studio Host (4384):TextEditorDocumentWindowTestExtension] Showing window 'FormatSelection.cshtml' without activating the window.
    (01:06:31.504) [Visual Studio Host (4384):TextEditorDocumentWindowTestExtension] Showing window 'FormatSelection.cshtml'.
    (01:06:31.659) [Visual Studio Host (4384):VisualStudioCaretTestExtension] Moving the caret from (Ln: 3, Ch: 2) to (Ln: 4, Ch: 5)
    (01:06:31.813) [Visual Studio Host (4384):TextEditorDocumentWindowTestExtension] Showing window 'FormatSelection.cshtml'.
    (01:06:32.016) [Visual Studio Host (4384):VisualStudioCaretTestExtension] Moving the caret and selecting from (Ln: 4, Ch: 5) right '4' characters
    (01:06:32.166) [Visual Studio Host (4384):VisualStudioTextEditorTestExtension] Setting keyboard focus to editor 'FormatSelection.cshtml'.
    (01:06:32.388) [Visual Studio Host (4384):TextEditorDocumentWindowTestExtension] Showing window 'FormatSelection.cshtml' without activating the window.
    (01:06:32.537) [Visual Studio Host (4384):TextEditorDocumentWindowTestExtension] Showing window 'FormatSelection.cshtml'.
    (01:06:32.731) [Visual Studio Host (4384):TextEditorDocumentWindowTestExtension] Showing window 'FormatSelection.cshtml' without activating the window.
    (01:06:32.902) [Visual Studio Host (4384):TextEditorDocumentWindowTestExtension] Showing window 'FormatSelection.cshtml'.
    (01:06:33.070) [Visual Studio Host (4384):TextEditorDocumentWindowTestExtension] Showing window 'FormatSelection.cshtml' without activating the window.
    (01:06:33.221) [Visual Studio Host (4384):TextEditorDocumentWindowTestExtension] Showing window 'FormatSelection.cshtml'.
    (01:06:33.367) [Visual Studio Host (4384):TextEditorDocumentWindowTestExtension] Showing window 'FormatSelection.cshtml' without activating the window.
    (01:06:33.522) [Visual Studio Host (4384):TextEditorDocumentWindowTestExtension] Showing window 'FormatSelection.cshtml'.
    (01:06:33.672) [Visual Studio Host (4384):TextEditorDocumentWindowTestExtension] Showing window 'FormatSelection.cshtml' without activating the window.
    (01:06:33.806) [Visual Studio Host (4384):TextEditorDocumentWindowTestExtension] Showing window 'FormatSelection.cshtml'.
    (01:06:33.959) [Visual Studio Host (4384):VisualStudioCaretTestExtension] Moving the caret from (Ln: 4, Ch: 9) to (Ln: 14, Ch: 17)
    (01:06:34.089) [Visual Studio Host (4384):TextEditorDocumentWindowTestExtension] Showing window 'FormatSelection.cshtml'.
    (01:06:34.227) [Visual Studio Host (4384):VisualStudioCaretTestExtension] Moving the caret and selecting from (Ln: 14, Ch: 17) down '4' lines
    (01:06:34.378) [Visual Studio Host (4384):VisualStudioTextEditorTestExtension] Setting keyboard focus to editor 'FormatSelection.cshtml'.
    (01:06:34.532) [Visual Studio Host (4384):TextEditorDocumentWindowTestExtension] Showing window 'FormatSelection.cshtml'.
    (01:06:34.694) [Visual Studio Host (4384):VisualStudioCaretTestExtension] Moving the caret and selecting from (Ln: 18, Ch: 17) to the beginning of the line
    (01:06:34.828) [Visual Studio Host (4384):VisualStudioTextEditorTestExtension] Setting keyboard focus to editor 'FormatSelection.cshtml'.
    (01:06:34.961) [Visual Studio Host (4384):TextEditorDocumentWindowTestExtension] Showing window 'FormatSelection.cshtml'.
    (01:06:35.114) [Visual Studio Host (4384):TextEditorDocumentWindowTestExtension] Showing window 'FormatSelection.cshtml'.
    (01:06:35.269) [Visual Studio Host (4384):TextEditorDocumentWindowTestExtension] Showing window 'FormatSelection.cshtml'.
    (01:06:35.418) [Visual Studio Host (4384):VisualStudioCaretTestExtension] Moving the caret and selecting from (Ln: 18, Ch: 1) right '21' characters
    (01:06:35.542) [Visual Studio Host (4384):VisualStudioTextEditorTestExtension] Setting keyboard focus to editor 'FormatSelection.cshtml'.
    (01:06:35.858) [Visual Studio Host (4384):TextEditorDocumentWindowTestExtension] Showing window 'FormatSelection.cshtml' without activating the window.
    (01:06:36.017) [Visual Studio Host (4384):TextEditorDocumentWindowTestExtension] Showing window 'FormatSelection.cshtml'.
    (01:06:36.180) [Visual Studio Host (4384):TextEditorDocumentWindowTestExtension] Showing window 'FormatSelection.cshtml' without activating the window.
    (01:06:36.312) [Visual Studio Host (4384):TextEditorDocumentWindowTestExtension] Showing window 'FormatSelection.cshtml'.
    (01:06:36.464) [Visual Studio Host (4384):TextEditorDocumentWindowTestExtension] Showing window 'FormatSelection.cshtml' without activating the window.
    (01:06:36.614) [Visual Studio Host (4384):TextEditorDocumentWindowTestExtension] Showing window 'FormatSelection.cshtml'.
    (01:06:36.748) [Visual Studio Host (4384):TextEditorDocumentWindowTestExtension] Showing window 'FormatSelection.cshtml' without activating the window.
    (01:06:36.892) [Visual Studio Host (4384):TextEditorDocumentWindowTestExtension] Showing window 'FormatSelection.cshtml'.
    (01:06:37.043) [Visual Studio Host (4384):TextEditorDocumentWindowTestExtension] Showing window 'FormatSelection.cshtml' without activating the window.
    (01:06:37.174) [Visual Studio Host (4384):TextEditorDocumentWindowTestExtension] Showing window 'FormatSelection.cshtml'.
    (01:06:37.316) [Visual Studio Host (4384):VisualStudioCaretTestExtension] Moving the caret from (Ln: 18, Ch: 22) to (Ln: 25, Ch: 9)
    (01:06:37.468) [Visual Studio Host (4384):TextEditorDocumentWindowTestExtension] Showing window 'FormatSelection.cshtml'.
    (01:06:37.604) [Visual Studio Host (4384):VisualStudioCaretTestExtension] Moving the caret and selecting from (Ln: 25, Ch: 9) right '16' characters
    (01:06:37.766) [Visual Studio Host (4384):VisualStudioTextEditorTestExtension] Setting keyboard focus to editor 'FormatSelection.cshtml'.
    (01:06:38.021) [Visual Studio Host (4384):TextEditorDocumentWindowTestExtension] Showing window 'FormatSelection.cshtml' without activating the window.
    (01:06:38.196) [Visual Studio Host (4384):TextEditorDocumentWindowTestExtension] Showing window 'FormatSelection.cshtml'.
    (01:06:38.380) [Visual Studio Host (4384):TextEditorDocumentWindowTestExtension] Showing window 'FormatSelection.cshtml' without activating the window.
    (01:06:38.555) [Visual Studio Host (4384):TextEditorDocumentWindowTestExtension] Showing window 'FormatSelection.cshtml'.
    (01:06:38.721) [Visual Studio Host (4384):TextEditorDocumentWindowTestExtension] Showing window 'FormatSelection.cshtml' without activating the window.
    (01:06:38.863) [Visual Studio Host (4384):TextEditorDocumentWindowTestExtension] Showing window 'FormatSelection.cshtml'.
    (01:06:39.001) [Visual Studio Host (4384):TextEditorDocumentWindowTestExtension] Showing window 'FormatSelection.cshtml' without activating the window.
    (01:06:39.134) [Visual Studio Host (4384):TextEditorDocumentWindowTestExtension] Showing window 'FormatSelection.cshtml'.
    + ExternalProcessHostTest TestCleanup
        (01:06:39.432) [Visual Studio Host (4384):TextEditorDocumentWindowTestExtension] Closing window 'FormatSelection.cshtml'.
        (01:06:39.653) [Platform:Testcase] Test 'VSTest_RazorCsFormatSelection' has 'Passed' outcome. Therefore, Apex will not shut down the 'Visual Studio Host (4384)' with process ID '4384'. A subsequent test scenario will run on the same instance of the host.
    + Final Test Result Verification
        (01:06:40.133) [Platform:DelayedAssertionVerifierSink] Verification Success: 0 verification steps failed.
    + ApexTest TestCleanup</StdOut>
      </Output>
      <ResultFiles>
        <ResultFile path="WNVM19648\Fail.azqsczivabnm.png" />
        <ResultFile path="WNVM19648\Fail.ig2gsfz5ad1y.png" />
        <ResultFile path="WNVM19648\Fail.o5zf0zepaw0l.png" />
        <ResultFile path="WNVM19648\Fail.raasvsmeanc1.png" />
        <ResultFile path="WNVM19648\Fail.t4yj0fxuatil.png" />
        <ResultFile path="WNVM19648\Fail.z10rn0n5ajdm.png" />
        <ResultFile path="WNVM19648\OmniLog.html" />
        <ResultFile path="WNVM19648\OmniLogRawXml.xml" />
      </ResultFiles>
    </UnitTestResult>
    <UnitTestResult executionId="cb94ce4c-92ff-4a86-820c-7854653876a6" testId="e276ff22-0c1f-6489-b239-574d72e5038d" testName="VSTest_CSS_SmartIndentInCSSInHTMLWithBlockIndent" computerName="WNVM19648" duration="00:00:10.9449367" startTime="2018-04-17T00:28:10.0788368-07:00" endTime="2018-04-17T00:28:21.0237735-07:00" testType="13cdc9d9-ddb5-4fa4-a97d-d965ccfc6d4b" outcome="Passed" testListId="8c84fa94-04c1-424b-9868-57a2d4851a1d" relativeResultsDirectory="cb94ce4c-92ff-4a86-820c-7854653876a6">
      <Output>
        <StdOut>+ CssSmartIndentTests::VSTest_CSS_SmartIndentInCSSInHTMLWithBlockIndent
    + ApexTest TestInitialize
    + ExternalProcessHostTest TestInitialize
        (29:51.533) [Visual Studio Host (11564):RoamingSettingsService] Disabling roaming settings.
        (29:51.615) [Visual Studio Host (11564):SettingsService] Setting Visual Studio option 'Environment\RoamingSettings\RoamingEnabled' to 'False'.
        (29:51.942) [Visual Studio Host (11564):TextEditorDocumentWindowTestExtension] Showing window 'SmartIndentInCSSInHTML.html' without activating the window.
        (29:52.039) [Visual Studio Host (11564):TextEditorDocumentWindowTestExtension] Showing window 'SmartIndentInCSSInHTML.html'.
        (29:52.116) [Visual Studio Host (11564):VisualStudioTextEditorTestExtension] Setting keyboard focus to editor 'SmartIndentInCSSInHTML.html'.
        (29:52.179) [Visual Studio Host (11564):SettingsService] Getting value of Visual Studio Setting 'TextEditor\HTMLX\InsertTabs'. 
        (29:52.256) [Visual Studio Host (11564):SettingsService] Setting Visual Studio option 'TextEditor\HTMLX\InsertTabs' to 'False'.
        (29:52.334) [Visual Studio Host (11564):SettingsService] Getting value of Visual Studio Setting 'TextEditor\CSS\InsertTabs'. 
        (29:52.406) [Visual Studio Host (11564):SettingsService] Setting Visual Studio option 'TextEditor\CSS\InsertTabs' to 'True'.
        (29:52.535) [Visual Studio Host (11564):SettingsService] Getting value of Visual Studio Setting 'TextEditor\CSS\IndentSize'. 
        (29:52.760) [Visual Studio Host (11564):SettingsService] Setting Visual Studio option 'TextEditor\CSS\IndentSize' to '8'.
        (29:52.903) [Visual Studio Host (11564):SettingsService] Getting value of Visual Studio Setting 'TextEditor\CSS\TabSize'. 
        (29:53.074) [Visual Studio Host (11564):SettingsService] Setting Visual Studio option 'TextEditor\CSS\TabSize' to '8'.
        (29:53.180) [Visual Studio Host (11564):SettingsService] Getting value of Visual Studio Setting 'TextEditor\CSS\IndentStyle'. 
        (29:53.318) [Visual Studio Host (11564):SettingsService] Setting Visual Studio option 'TextEditor\CSS\IndentStyle' to '1'.
        (29:53.392) [Visual Studio Host (11564):MainWindowService] Activating main window to bring it to the foreground.
        (29:53.483) [Visual Studio Host (11564):MainWindowService] Setting main window state to 'Maximized'.
    (29:53.740) [Visual Studio Host (11564):TextEditorDocumentWindowTestExtension] Showing window 'SmartIndentInCSSInHTML.html' without activating the window.
    (29:53.998) [Visual Studio Host (11564):TextEditorDocumentWindowTestExtension] Showing window 'SmartIndentInCSSInHTML.html'.
    (29:54.095) [Visual Studio Host (11564):VisualStudioCaretTestExtension] Moving the caret from (Ln: 1, Ch: 1) to (Ln: 26, Ch: 14)
    (29:54.256) [Visual Studio Host (11564):TextEditorDocumentWindowTestExtension] Showing window 'SmartIndentInCSSInHTML.html' without activating the window.
    (29:54.419) [Visual Studio Host (11564):TextEditorDocumentWindowTestExtension] Showing window 'SmartIndentInCSSInHTML.html'.
    (29:54.530) [Visual Studio Host (11564):KeyboardCommands] Sending the Return key 1 times.
    (29:54.672) [Visual Studio Host (11564):TextEditorDocumentWindowTestExtension] Showing window 'SmartIndentInCSSInHTML.html' without activating the window.
    (29:54.827) [Visual Studio Host (11564):TextEditorDocumentWindowTestExtension] Showing window 'SmartIndentInCSSInHTML.html'.
    (29:54.948) [Visual Studio Host (11564):VisualStudioTextEditingActions] Inserting text combine CRLF as single return: 'foo' at the current caret position: '(Ln: 27, Ch: 13)'
    (29:55.099) [Visual Studio Host (11564):TextEditorDocumentWindowTestExtension] Showing window 'SmartIndentInCSSInHTML.html' without activating the window.
    (29:55.200) [Visual Studio Host (11564):TextEditorDocumentWindowTestExtension] Showing window 'SmartIndentInCSSInHTML.html'.
    (29:55.296) [Visual Studio Host (11564):TextEditorDocumentWindowTestExtension] Showing window 'SmartIndentInCSSInHTML.html' without activating the window.
    (29:55.410) [Visual Studio Host (11564):TextEditorDocumentWindowTestExtension] Showing window 'SmartIndentInCSSInHTML.html'.
    (29:55.482) [Visual Studio Host (11564):VisualStudioCaretTestExtension] Moving the caret from (Ln: 27, Ch: 16) to (Ln: 22, Ch: 13)
    (29:55.564) [Visual Studio Host (11564):TextEditorDocumentWindowTestExtension] Showing window 'SmartIndentInCSSInHTML.html' without activating the window.
    (29:55.624) [Visual Studio Host (11564):TextEditorDocumentWindowTestExtension] Showing window 'SmartIndentInCSSInHTML.html'.
    (29:55.694) [Visual Studio Host (11564):KeyboardCommands] Sending the Return key 1 times.
    (29:55.762) [Visual Studio Host (11564):TextEditorDocumentWindowTestExtension] Showing window 'SmartIndentInCSSInHTML.html' without activating the window.
    (29:55.837) [Visual Studio Host (11564):TextEditorDocumentWindowTestExtension] Showing window 'SmartIndentInCSSInHTML.html'.
    (29:55.935) [Visual Studio Host (11564):VisualStudioTextEditingActions] Inserting text combine CRLF as single return: 'foo' at the current caret position: '(Ln: 23, Ch: 13)'
    (29:56.073) [Visual Studio Host (11564):TextEditorDocumentWindowTestExtension] Showing window 'SmartIndentInCSSInHTML.html' without activating the window.
    (29:56.174) [Visual Studio Host (11564):TextEditorDocumentWindowTestExtension] Showing window 'SmartIndentInCSSInHTML.html'.
    (29:56.264) [Visual Studio Host (11564):TextEditorDocumentWindowTestExtension] Showing window 'SmartIndentInCSSInHTML.html' without activating the window.
    (29:56.346) [Visual Studio Host (11564):TextEditorDocumentWindowTestExtension] Showing window 'SmartIndentInCSSInHTML.html'.
    (29:56.421) [Visual Studio Host (11564):VisualStudioCaretTestExtension] Moving the caret from (Ln: 23, Ch: 16) to (Ln: 17, Ch: 16)
    (29:56.503) [Visual Studio Host (11564):TextEditorDocumentWindowTestExtension] Showing window 'SmartIndentInCSSInHTML.html' without activating the window.
    (29:56.583) [Visual Studio Host (11564):TextEditorDocumentWindowTestExtension] Showing window 'SmartIndentInCSSInHTML.html'.
    (29:56.657) [Visual Studio Host (11564):KeyboardCommands] Sending the Return key 1 times.
    (29:56.737) [Visual Studio Host (11564):TextEditorDocumentWindowTestExtension] Showing window 'SmartIndentInCSSInHTML.html' without activating the window.
    (29:56.821) [Visual Studio Host (11564):TextEditorDocumentWindowTestExtension] Showing window 'SmartIndentInCSSInHTML.html'.
    (29:56.909) [Visual Studio Host (11564):VisualStudioTextEditingActions] Inserting text combine CRLF as single return: 'foo' at the current caret position: '(Ln: 18, Ch: 13)'
    (29:56.993) [Visual Studio Host (11564):TextEditorDocumentWindowTestExtension] Showing window 'SmartIndentInCSSInHTML.html' without activating the window.
    (29:57.056) [Visual Studio Host (11564):TextEditorDocumentWindowTestExtension] Showing window 'SmartIndentInCSSInHTML.html'.
    (29:57.132) [Visual Studio Host (11564):TextEditorDocumentWindowTestExtension] Showing window 'SmartIndentInCSSInHTML.html' without activating the window.
    (29:57.189) [Visual Studio Host (11564):TextEditorDocumentWindowTestExtension] Showing window 'SmartIndentInCSSInHTML.html'.
    (29:57.281) [Visual Studio Host (11564):VisualStudioCaretTestExtension] Moving the caret from (Ln: 18, Ch: 16) to (Ln: 13, Ch: 15)
    (29:57.377) [Visual Studio Host (11564):TextEditorDocumentWindowTestExtension] Showing window 'SmartIndentInCSSInHTML.html' without activating the window.
    (29:57.442) [Visual Studio Host (11564):TextEditorDocumentWindowTestExtension] Showing window 'SmartIndentInCSSInHTML.html'.
    (29:57.523) [Visual Studio Host (11564):KeyboardCommands] Sending the Return key 1 times.
    (29:57.618) [Visual Studio Host (11564):TextEditorDocumentWindowTestExtension] Showing window 'SmartIndentInCSSInHTML.html' without activating the window.
    (29:57.693) [Visual Studio Host (11564):TextEditorDocumentWindowTestExtension] Showing window 'SmartIndentInCSSInHTML.html'.
    (29:57.813) [Visual Studio Host (11564):VisualStudioTextEditingActions] Inserting text combine CRLF as single return: 'foo' at the current caret position: '(Ln: 14, Ch: 13)'
    (29:57.904) [Visual Studio Host (11564):TextEditorDocumentWindowTestExtension] Showing window 'SmartIndentInCSSInHTML.html' without activating the window.
    (29:57.989) [Visual Studio Host (11564):TextEditorDocumentWindowTestExtension] Showing window 'SmartIndentInCSSInHTML.html'.
    (29:58.091) [Visual Studio Host (11564):TextEditorDocumentWindowTestExtension] Showing window 'SmartIndentInCSSInHTML.html' without activating the window.
    (29:58.159) [Visual Studio Host (11564):TextEditorDocumentWindowTestExtension] Showing window 'SmartIndentInCSSInHTML.html'.
    (29:58.230) [Visual Studio Host (11564):VisualStudioCaretTestExtension] Moving the caret from (Ln: 14, Ch: 16) to (Ln: 9, Ch: 16)
    (29:58.318) [Visual Studio Host (11564):TextEditorDocumentWindowTestExtension] Showing window 'SmartIndentInCSSInHTML.html' without activating the window.
    (29:58.388) [Visual Studio Host (11564):TextEditorDocumentWindowTestExtension] Showing window 'SmartIndentInCSSInHTML.html'.
    (29:58.458) [Visual Studio Host (11564):KeyboardCommands] Sending the Return key 1 times.
    (29:58.548) [Visual Studio Host (11564):TextEditorDocumentWindowTestExtension] Showing window 'SmartIndentInCSSInHTML.html' without activating the window.
    (29:58.626) [Visual Studio Host (11564):TextEditorDocumentWindowTestExtension] Showing window 'SmartIndentInCSSInHTML.html'.
    (29:58.733) [Visual Studio Host (11564):VisualStudioTextEditingActions] Inserting text combine CRLF as single return: 'foo' at the current caret position: '(Ln: 10, Ch: 13)'
    (29:58.892) [Visual Studio Host (11564):TextEditorDocumentWindowTestExtension] Showing window 'SmartIndentInCSSInHTML.html' without activating the window.
    (29:58.964) [Visual Studio Host (11564):TextEditorDocumentWindowTestExtension] Showing window 'SmartIndentInCSSInHTML.html'.
    (29:59.141) [Visual Studio Host (11564):TextEditorDocumentWindowTestExtension] Showing window 'SmartIndentInCSSInHTML.html' without activating the window.
    (29:59.231) [Visual Studio Host (11564):TextEditorDocumentWindowTestExtension] Showing window 'SmartIndentInCSSInHTML.html'.
    (29:59.332) [Visual Studio Host (11564):VisualStudioCaretTestExtension] Moving the caret from (Ln: 10, Ch: 16) to (Ln: 7, Ch: 12)
    (29:59.425) [Visual Studio Host (11564):TextEditorDocumentWindowTestExtension] Showing window 'SmartIndentInCSSInHTML.html' without activating the window.
    (29:59.491) [Visual Studio Host (11564):TextEditorDocumentWindowTestExtension] Showing window 'SmartIndentInCSSInHTML.html'.
    (29:59.577) [Visual Studio Host (11564):KeyboardCommands] Sending the Return key 1 times.
    (29:59.691) [Visual Studio Host (11564):TextEditorDocumentWindowTestExtension] Showing window 'SmartIndentInCSSInHTML.html' without activating the window.
    (29:59.789) [Visual Studio Host (11564):TextEditorDocumentWindowTestExtension] Showing window 'SmartIndentInCSSInHTML.html'.
    (29:59.932) [Visual Studio Host (11564):VisualStudioTextEditingActions] Inserting text combine CRLF as single return: 'foo' at the current caret position: '(Ln: 8, Ch: 9)'
    (30:00.031) [Visual Studio Host (11564):TextEditorDocumentWindowTestExtension] Showing window 'SmartIndentInCSSInHTML.html' without activating the window.
    (30:00.103) [Visual Studio Host (11564):TextEditorDocumentWindowTestExtension] Showing window 'SmartIndentInCSSInHTML.html'.
    (30:00.186) [Visual Studio Host (11564):TextEditorDocumentWindowTestExtension] Showing window 'SmartIndentInCSSInHTML.html' without activating the window.
    (30:00.275) [Visual Studio Host (11564):TextEditorDocumentWindowTestExtension] Showing window 'SmartIndentInCSSInHTML.html'.
    + ExternalProcessHostTest TestCleanup
        (30:00.442) [Visual Studio Host (11564):SettingsService] Setting Visual Studio option 'TextEditor\CSS\InsertTabs' to 'False'.
        (30:00.530) [Visual Studio Host (11564):SettingsService] Setting Visual Studio option 'TextEditor\CSS\IndentSize' to '4'.
        (30:00.714) [Visual Studio Host (11564):SettingsService] Setting Visual Studio option 'TextEditor\CSS\TabSize' to '4'.
        (30:00.847) [Visual Studio Host (11564):SettingsService] Setting Visual Studio option 'TextEditor\CSS\IndentStyle' to '2'.
        (30:00.996) [Visual Studio Host (11564):SettingsService] Setting Visual Studio option 'TextEditor\HTMLX\InsertTabs' to 'False'.
        (30:01.137) [Visual Studio Host (11564):TextEditorDocumentWindowTestExtension] Closing window 'SmartIndentInCSSInHTML.html'.
        (30:01.494) [Platform:Testcase] Test 'VSTest_CSS_SmartIndentInCSSInHTMLWithBlockIndent' has 'Passed' outcome. Therefore, Apex will not shut down the 'Visual Studio Host (11564)' with process ID '11564'. A subsequent test scenario will run on the same instance of the host.
    + Final Test Result Verification
        (30:01.748) [Platform:DelayedAssertionVerifierSink] Verification Success: 0 verification steps failed.
    + ApexTest TestCleanup</StdOut>
      </Output>
      <ResultFiles>
        <ResultFile path="WNVM19648\Fail.azqsczivabnm.png" />
        <ResultFile path="WNVM19648\Fail.ig2gsfz5ad1y.png" />
        <ResultFile path="WNVM19648\Fail.o5zf0zepaw0l.png" />
        <ResultFile path="WNVM19648\OmniLog.html" />
        <ResultFile path="WNVM19648\OmniLogRawXml.xml" />
      </ResultFiles>
    </UnitTestResult>
    <UnitTestResult executionId="655d6ed3-3840-40e5-ac23-fc9b81419a25" testId="f1d506df-931b-859b-b89f-36e13a4a9c7f" testName="VSTest_Completion_TypeScriptBeforeRazorCode" computerName="WNVM19648" duration="00:00:46.2610535" startTime="2018-04-17T01:31:53.1308343-07:00" endTime="2018-04-17T01:32:39.3918878-07:00" testType="13cdc9d9-ddb5-4fa4-a97d-d965ccfc6d4b" outcome="Passed" testListId="8c84fa94-04c1-424b-9868-57a2d4851a1d" relativeResultsDirectory="655d6ed3-3840-40e5-ac23-fc9b81419a25">
      <Output>
        <StdOut>+ CompletionTests::VSTest_Completion_TypeScriptBeforeRazorCode
    + ApexTest TestInitialize
    + ExternalProcessHostTest TestInitialize
        (01:33:34.971) [Visual Studio Host (11640):RoamingSettingsService] Disabling roaming settings.
        (01:33:35.129) [Visual Studio Host (11640):SettingsService] Setting Visual Studio option 'Environment\RoamingSettings\RoamingEnabled' to 'False'.
        (01:33:36.659) [Visual Studio Host (11640):SolutionService] Opening solution file 'file:///C:/TestBin/IntegrationTests/MS.VS.Web.Editors/webs/misc.sln' with asynchronous load data available.  WaitForFullyLoadedOnOpen set to 'True'. Apex will wait for all async project loads to complete before proceeding.
            (01:33:36.815) [Visual Studio Host (11640):SolutionService] Solution load behavior is set to 'Realtime'.
        + Waiting for the solution to fully load.
        (01:33:55.993) [Visual Studio Host (11640):TextEditorDocumentWindowTestExtension] Showing window 'empty.cshtml' without activating the window.
        (01:33:57.255) [Visual Studio Host (11640):TextEditorDocumentWindowTestExtension] Showing window 'empty.cshtml'.
        (01:34:02.501) [Visual Studio Host (11640):VisualStudioTextEditorTestExtension] Setting keyboard focus to editor 'empty.cshtml'.
        (01:34:02.736) [Visual Studio Host (11640):MainWindowService] Activating main window to bring it to the foreground.
        (01:34:03.413) [Visual Studio Host (11640):MainWindowService] Setting main window state to 'Maximized'.
    (01:34:03.908) [Visual Studio Host (11640):TextEditorDocumentWindowTestExtension] Showing window 'empty.cshtml' without activating the window.
    (01:34:04.125) [Visual Studio Host (11640):TextEditorDocumentWindowTestExtension] Showing window 'empty.cshtml'.
    (01:34:04.507) [Visual Studio Host (11640):VisualStudioCaretTestExtension] Moving the caret from (Ln: 1, Ch: 1) to the beginning of the file
    (01:34:05.021) [Visual Studio Host (11640):VisualStudioTextEditorTestExtension] Setting keyboard focus to editor 'empty.cshtml'.
    (01:34:05.431) [Visual Studio Host (11640):TextEditorDocumentWindowTestExtension] Showing window 'empty.cshtml' without activating the window.
    (01:34:05.641) [Visual Studio Host (11640):TextEditorDocumentWindowTestExtension] Showing window 'empty.cshtml'.
    (01:34:05.895) [Visual Studio Host (11640):VisualStudioTextEditingActions] Inserting text combine CRLF as single return: '@' at the current caret position: '(Ln: 1, Ch: 1)'
    (01:34:06.353) [Visual Studio Host (11640):TextEditorDocumentWindowTestExtension] Showing window 'empty.cshtml' without activating the window.
    (01:34:06.789) [Visual Studio Host (11640):TextEditorDocumentWindowTestExtension] Showing window 'empty.cshtml'.
    (01:34:07.009) [Visual Studio Host (11640):VisualStudioCaretTestExtension] Moving the caret from (Ln: 1, Ch: 2) left '1' characters
    (01:34:07.258) [Visual Studio Host (11640):VisualStudioTextEditorTestExtension] Setting keyboard focus to editor 'empty.cshtml'.
    (01:34:07.535) [Visual Studio Host (11640):TextEditorDocumentWindowTestExtension] Showing window 'empty.cshtml' without activating the window.
    (01:34:07.740) [Visual Studio Host (11640):TextEditorDocumentWindowTestExtension] Showing window 'empty.cshtml'.
    (01:34:08.000) [Visual Studio Host (11640):VisualStudioTextEditingActions] Inserting text combine CRLF as single return: '&lt;script&gt;' at the current caret position: '(Ln: 1, Ch: 1)'
    (01:34:10.718) [Visual Studio Host (11640):TextEditorDocumentWindowTestExtension] Showing window 'empty.cshtml' without activating the window.
    (01:34:13.190) [Visual Studio Host (11640):TextEditorDocumentWindowTestExtension] Showing window 'empty.cshtml'.
    + ExternalProcessHostTest TestCleanup
        (01:34:17.977) [Visual Studio Host (11640):TextEditorDocumentWindowTestExtension] Closing window 'empty.cshtml'.
        (01:34:18.793) [Platform:Testcase] Test 'VSTest_Completion_TypeScriptBeforeRazorCode' has 'Passed' outcome. Therefore, Apex will not shut down the 'Visual Studio Host (11640)' with process ID '11640'. A subsequent test scenario will run on the same instance of the host.
    + Final Test Result Verification
        (01:34:19.488) [Platform:DelayedAssertionVerifierSink] Verification Success: 0 verification steps failed.
    + ApexTest TestCleanup</StdOut>
      </Output>
      <ResultFiles>
        <ResultFile path="WNVM19648\Fail.22wpw0oka5fs.png" />
        <ResultFile path="WNVM19648\Fail.33ju4eduay3u.png" />
        <ResultFile path="WNVM19648\Fail.3poblbx4alvv.png" />
        <ResultFile path="WNVM19648\Fail.ashpv3rjajjr.png" />
        <ResultFile path="WNVM19648\Fail.aswak04hapa5.png" />
        <ResultFile path="WNVM19648\Fail.azqsczivabnm.png" />
        <ResultFile path="WNVM19648\Fail.byuslv5baqsd.png" />
        <ResultFile path="WNVM19648\Fail.ek4tb3wmalyl.png" />
        <ResultFile path="WNVM19648\Fail.ig2gsfz5ad1y.png" />
        <ResultFile path="WNVM19648\Fail.kxs1ersmaxma.png" />
        <ResultFile path="WNVM19648\Fail.loc0xhl5a2hr.png" />
        <ResultFile path="WNVM19648\Fail.o4kkrjboasbk.png" />
        <ResultFile path="WNVM19648\Fail.o5zf0zepaw0l.png" />
        <ResultFile path="WNVM19648\Fail.qbnuydioazjy.png" />
        <ResultFile path="WNVM19648\Fail.raasvsmeanc1.png" />
        <ResultFile path="WNVM19648\Fail.sidku4gxamg4.png" />
        <ResultFile path="WNVM19648\Fail.swwzdfhraz25.png" />
        <ResultFile path="WNVM19648\Fail.t4yj0fxuatil.png" />
        <ResultFile path="WNVM19648\Fail.vjqtiv2zaclz.png" />
        <ResultFile path="WNVM19648\Fail.z10rn0n5ajdm.png" />
        <ResultFile path="WNVM19648\OmniLog.html" />
        <ResultFile path="WNVM19648\OmniLogRawXml.xml" />
      </ResultFiles>
    </UnitTestResult>
    <UnitTestResult executionId="b5be18a8-7e98-4e0c-8770-78a2ebbc95d1" testId="4ddbfa68-4e08-f15f-7b97-7f38fe231be5" testName="VSTest_Razor_TagHelpers_Update_ViewImports_File" computerName="WNVM19648" duration="00:01:19.9298154" startTime="2018-04-17T01:19:03.7642512-07:00" endTime="2018-04-17T01:20:23.6940666-07:00" testType="13cdc9d9-ddb5-4fa4-a97d-d965ccfc6d4b" outcome="Passed" testListId="8c84fa94-04c1-424b-9868-57a2d4851a1d" relativeResultsDirectory="b5be18a8-7e98-4e0c-8770-78a2ebbc95d1">
      <Output>
        <StdOut>+ RazorTagHelperTests::VSTest_Razor_TagHelpers_Update_ViewImports_File
    + ApexTest TestInitialize
    + ExternalProcessHostTest TestInitialize
        (01:20:45.521) [Visual Studio Host (10528):RoamingSettingsService] Disabling roaming settings.
        (01:20:45.669) [Visual Studio Host (10528):SettingsService] Setting Visual Studio option 'Environment\RoamingSettings\RoamingEnabled' to 'False'.
        (01:20:48.004) [Visual Studio Host (10528):SolutionService] Opening solution file 'file:///C:/TestBin/IntegrationTests/MS.VS.Web.Editors/webs/misc.sln' with asynchronous load data available.  WaitForFullyLoadedOnOpen set to 'True'. Apex will wait for all async project loads to complete before proceeding.
            (01:20:48.172) [Visual Studio Host (10528):SolutionService] Solution load behavior is set to 'Realtime'.
        + Waiting for the solution to fully load.
        (01:21:05.855) [Visual Studio Host (10528):MainWindowService] Activating main window to bring it to the foreground.
        (01:21:06.481) [Visual Studio Host (10528):MainWindowService] Setting main window state to 'Maximized'.
    + Verify initial tag helper element completion in index.cshtml files
        (01:21:10.991) [Visual Studio Host (10528):TextEditorDocumentWindowTestExtension] Showing window 'Index.cshtml' without activating the window.
        (01:21:13.391) [Visual Studio Host (10528):TextEditorDocumentWindowTestExtension] Showing window 'Index.cshtml' without activating the window.
        (01:21:13.675) [Visual Studio Host (10528):TextEditorDocumentWindowTestExtension] Showing window 'Index.cshtml'.
        (01:21:13.991) [Visual Studio Host (10528):VisualStudioIntellisenseService] Did not find an active completion session. Please use Verify.IsCompletionListPresent() to make sure that the list is present before requesting the completion session.
        Warning: (01:21:14.181) [Visual Studio Host (10528):VisualStudioIntellisenseService] No active completion sessions were found for editor 'Index.cshtml'.
        (01:21:14.373) [Visual Studio Host (10528):VisualStudioIntellisenseService] Invoking Completion member list at '(Ln: 1, Ch: 1)'.
        (01:21:14.854) [Visual Studio Host (10528):VisualStudioIntellisenseService] Getting the active completion at position '(Ln: 1, Ch: 1)'.
        (01:21:15.042) [Visual Studio Host (10528):VisualStudioCompletionListTestExtension] Unable to find completion item with name 
        (01:21:15.210) [Visual Studio Host (10528):VisualStudioCompletionListTestExtension] Unable to find completion item with name 
        (01:21:15.590) [Visual Studio Host (10528):VisualStudioCompletionListTestExtension] Retrieved '130' completion items.
        (01:21:16.046) [Visual Studio Host (10528):VisualStudioCompletionListTestExtension] Dismissing completion session.
        (01:21:16.845) [Visual Studio Host (10528):VisualStudioIntellisenseService] Did not find an active completion session. Please use Verify.IsCompletionListPresent() to make sure that the list is present before requesting the completion session.
        Warning: (01:21:17.034) [Visual Studio Host (10528):VisualStudioIntellisenseService] No active completion sessions were found for editor 'Index.cshtml'.
        (01:21:17.246) [Visual Studio Host (10528):VisualStudioIntellisenseService] Invoking Completion member list at '(Ln: 1, Ch: 1)'.
        (01:21:17.457) [Visual Studio Host (10528):VisualStudioIntellisenseService] Getting the active completion at position '(Ln: 1, Ch: 1)'.
        (01:21:17.650) [Visual Studio Host (10528):VisualStudioCompletionListTestExtension] Unable to find completion item with name 
        (01:21:17.834) [Visual Studio Host (10528):VisualStudioCompletionListTestExtension] Unable to find completion item with name 
        (01:21:18.330) [Visual Studio Host (10528):VisualStudioCompletionListTestExtension] Retrieved '130' completion items.
        (01:21:18.782) [Visual Studio Host (10528):VisualStudioCompletionListTestExtension] Dismissing completion session.
        (01:21:19.499) [Visual Studio Host (10528):VisualStudioIntellisenseService] Did not find an active completion session. Please use Verify.IsCompletionListPresent() to make sure that the list is present before requesting the completion session.
        Warning: (01:21:19.685) [Visual Studio Host (10528):VisualStudioIntellisenseService] No active completion sessions were found for editor 'Index.cshtml'.
        (01:21:19.859) [Visual Studio Host (10528):VisualStudioIntellisenseService] Invoking Completion member list at '(Ln: 1, Ch: 1)'.
        (01:21:20.079) [Visual Studio Host (10528):VisualStudioIntellisenseService] Getting the active completion at position '(Ln: 1, Ch: 1)'.
        (01:21:20.280) [Visual Studio Host (10528):VisualStudioCompletionListTestExtension] Unable to find completion item with name 
        (01:21:20.499) [Visual Studio Host (10528):VisualStudioCompletionListTestExtension] Unable to find completion item with name 
        (01:21:20.844) [Visual Studio Host (10528):VisualStudioCompletionListTestExtension] Retrieved '130' completion items.
        (01:21:21.300) [Visual Studio Host (10528):VisualStudioCompletionListTestExtension] Dismissing completion session.
        (01:21:22.019) [Visual Studio Host (10528):VisualStudioIntellisenseService] Did not find an active completion session. Please use Verify.IsCompletionListPresent() to make sure that the list is present before requesting the completion session.
        Warning: (01:21:22.393) [Visual Studio Host (10528):VisualStudioIntellisenseService] No active completion sessions were found for editor 'Index.cshtml'.
        (01:21:22.636) [Visual Studio Host (10528):VisualStudioIntellisenseService] Invoking Completion member list at '(Ln: 1, Ch: 1)'.
        (01:21:22.851) [Visual Studio Host (10528):VisualStudioIntellisenseService] Getting the active completion at position '(Ln: 1, Ch: 1)'.
        (01:21:23.046) [Visual Studio Host (10528):VisualStudioCompletionListTestExtension] Found completion item with name 
        (01:21:23.215) [Visual Studio Host (10528):VisualStudioCompletionListTestExtension] Unable to find completion item with name 
        (01:21:23.812) [Visual Studio Host (10528):TextEditorDocumentWindowTestExtension] Showing window 'Index.cshtml' without activating the window.
        (01:21:24.097) [Visual Studio Host (10528):TextEditorDocumentWindowTestExtension] Showing window 'Index.cshtml' without activating the window.
        (01:21:24.322) [Visual Studio Host (10528):TextEditorDocumentWindowTestExtension] Showing window 'Index.cshtml'.
        (01:21:24.521) [Visual Studio Host (10528):VisualStudioIntellisenseService] Did not find an active completion session. Please use Verify.IsCompletionListPresent() to make sure that the list is present before requesting the completion session.
        Warning: (01:21:24.675) [Visual Studio Host (10528):VisualStudioIntellisenseService] No active completion sessions were found for editor 'Index.cshtml'.
        (01:21:24.823) [Visual Studio Host (10528):VisualStudioIntellisenseService] Invoking Completion member list at '(Ln: 1, Ch: 1)'.
        (01:21:24.989) [Visual Studio Host (10528):VisualStudioIntellisenseService] Getting the active completion at position '(Ln: 1, Ch: 1)'.
        (01:21:25.178) [Visual Studio Host (10528):VisualStudioCompletionListTestExtension] Found completion item with name 
        (01:21:25.333) [Visual Studio Host (10528):VisualStudioCompletionListTestExtension] Unable to find completion item with name 
        (01:21:25.813) [Visual Studio Host (10528):TextEditorDocumentWindowTestExtension] Showing window 'Index.cshtml' without activating the window.
        (01:21:26.109) [Visual Studio Host (10528):TextEditorDocumentWindowTestExtension] Showing window 'Index.cshtml' without activating the window.
        (01:21:26.288) [Visual Studio Host (10528):TextEditorDocumentWindowTestExtension] Showing window 'Index.cshtml'.
        (01:21:26.461) [Visual Studio Host (10528):VisualStudioIntellisenseService] Did not find an active completion session. Please use Verify.IsCompletionListPresent() to make sure that the list is present before requesting the completion session.
        Warning: (01:21:26.655) [Visual Studio Host (10528):VisualStudioIntellisenseService] No active completion sessions were found for editor 'Index.cshtml'.
        (01:21:26.849) [Visual Studio Host (10528):VisualStudioIntellisenseService] Invoking Completion member list at '(Ln: 1, Ch: 1)'.
        (01:21:27.016) [Visual Studio Host (10528):VisualStudioIntellisenseService] Getting the active completion at position '(Ln: 1, Ch: 1)'.
        (01:21:27.203) [Visual Studio Host (10528):VisualStudioCompletionListTestExtension] Found completion item with name 
        (01:21:27.368) [Visual Studio Host (10528):VisualStudioCompletionListTestExtension] Unable to find completion item with name 
    + modify Views\_ViewImports.cshtml and verify completions
        (01:21:28.133) [Visual Studio Host (10528):TextEditorDocumentWindowTestExtension] Showing window '_ViewImports.cshtml' without activating the window.
        (01:21:28.371) [Visual Studio Host (10528):TextEditorDocumentWindowTestExtension] Showing window '_ViewImports.cshtml' without activating the window.
        (01:21:28.536) [Visual Studio Host (10528):TextEditorDocumentWindowTestExtension] Showing window '_ViewImports.cshtml'.
        (01:21:28.764) [Visual Studio Host (10528):VisualStudioCaretTestExtension] Moving the caret to '' at (Ln: 3, Ch: 26) based on a regular expression.  Expression = "@tagHelperPrefix aaaViews():" [group index '1', match index '1', options 'Singleline, CultureInvariant']
        (01:21:28.997) [Visual Studio Host (10528):TextEditorDocumentWindowTestExtension] Showing window '_ViewImports.cshtml' without activating the window.
        (01:21:29.173) [Visual Studio Host (10528):TextEditorDocumentWindowTestExtension] Showing window '_ViewImports.cshtml'.
        (01:21:29.547) [Visual Studio Host (10528):TextEditorDocumentWindowTestExtension] Showing window '_ViewImports.cshtml' without activating the window.
        (01:21:29.771) [Visual Studio Host (10528):TextEditorDocumentWindowTestExtension] Saving document window '_ViewImports.cshtml'
        (01:21:30.216) [Visual Studio Host (10528):TextEditorDocumentWindowTestExtension] Showing window 'Index.cshtml' without activating the window.
        (01:21:30.688) [Visual Studio Host (10528):TextEditorDocumentWindowTestExtension] Showing window 'Index.cshtml' without activating the window.
        (01:21:30.850) [Visual Studio Host (10528):TextEditorDocumentWindowTestExtension] Showing window 'Index.cshtml'.
        (01:21:31.006) [Visual Studio Host (10528):VisualStudioIntellisenseService] Did not find an active completion session. Please use Verify.IsCompletionListPresent() to make sure that the list is present before requesting the completion session.
        Warning: (01:21:31.154) [Visual Studio Host (10528):VisualStudioIntellisenseService] No active completion sessions were found for editor 'Index.cshtml'.
        (01:21:31.302) [Visual Studio Host (10528):VisualStudioIntellisenseService] Invoking Completion member list at '(Ln: 1, Ch: 1)'.
        (01:21:31.484) [Visual Studio Host (10528):VisualStudioIntellisenseService] Getting the active completion at position '(Ln: 1, Ch: 1)'.
        (01:21:31.649) [Visual Studio Host (10528):VisualStudioCompletionListTestExtension] Found completion item with name 
        (01:21:31.786) [Visual Studio Host (10528):VisualStudioCompletionListTestExtension] Unable to find completion item with name 
        (01:21:31.935) [Visual Studio Host (10528):VisualStudioCompletionListTestExtension] Unable to find completion item with name 
        (01:21:32.298) [Visual Studio Host (10528):TextEditorDocumentWindowTestExtension] Showing window 'Index.cshtml' without activating the window.
        (01:21:32.518) [Visual Studio Host (10528):TextEditorDocumentWindowTestExtension] Showing window 'Index.cshtml' without activating the window.
        (01:21:32.672) [Visual Studio Host (10528):TextEditorDocumentWindowTestExtension] Showing window 'Index.cshtml'.
        (01:21:32.820) [Visual Studio Host (10528):VisualStudioIntellisenseService] Did not find an active completion session. Please use Verify.IsCompletionListPresent() to make sure that the list is present before requesting the completion session.
        Warning: (01:21:32.954) [Visual Studio Host (10528):VisualStudioIntellisenseService] No active completion sessions were found for editor 'Index.cshtml'.
        (01:21:33.106) [Visual Studio Host (10528):VisualStudioIntellisenseService] Invoking Completion member list at '(Ln: 1, Ch: 1)'.
        (01:21:33.320) [Visual Studio Host (10528):VisualStudioIntellisenseService] Getting the active completion at position '(Ln: 1, Ch: 1)'.
        (01:21:33.472) [Visual Studio Host (10528):VisualStudioCompletionListTestExtension] Found completion item with name 
        (01:21:33.641) [Visual Studio Host (10528):VisualStudioCompletionListTestExtension] Unable to find completion item with name 
        (01:21:33.801) [Visual Studio Host (10528):VisualStudioCompletionListTestExtension] Unable to find completion item with name 
        (01:21:34.146) [Visual Studio Host (10528):TextEditorDocumentWindowTestExtension] Showing window 'Index.cshtml' without activating the window.
        (01:21:34.355) [Visual Studio Host (10528):TextEditorDocumentWindowTestExtension] Showing window 'Index.cshtml' without activating the window.
        (01:21:34.515) [Visual Studio Host (10528):TextEditorDocumentWindowTestExtension] Showing window 'Index.cshtml'.
        (01:21:34.662) [Visual Studio Host (10528):VisualStudioIntellisenseService] Did not find an active completion session. Please use Verify.IsCompletionListPresent() to make sure that the list is present before requesting the completion session.
        Warning: (01:21:34.809) [Visual Studio Host (10528):VisualStudioIntellisenseService] No active completion sessions were found for editor 'Index.cshtml'.
        (01:21:34.976) [Visual Studio Host (10528):VisualStudioIntellisenseService] Invoking Completion member list at '(Ln: 1, Ch: 1)'.
        (01:21:35.165) [Visual Studio Host (10528):VisualStudioIntellisenseService] Getting the active completion at position '(Ln: 1, Ch: 1)'.
        (01:21:35.348) [Visual Studio Host (10528):VisualStudioCompletionListTestExtension] Found completion item with name 
        (01:21:35.541) [Visual Studio Host (10528):VisualStudioCompletionListTestExtension] Unable to find completion item with name 
        (01:21:35.698) [Visual Studio Host (10528):VisualStudioCompletionListTestExtension] Unable to find completion item with name 
    + Undo change to Views\_ViewImports.cshtml and verify completions
        (01:21:36.284) [Visual Studio Host (10528):TextEditorDocumentWindowTestExtension] Showing window '_ViewImports.cshtml' without activating the window.
        (01:21:36.426) [Visual Studio Host (10528):TextEditorDocumentWindowTestExtension] Showing window '_ViewImports.cshtml' without activating the window.
        (01:21:36.567) [Visual Studio Host (10528):TextEditorDocumentWindowTestExtension] Showing window '_ViewImports.cshtml'.
        (01:21:36.747) [Visual Studio Host (10528):VisualStudioCaretTestExtension] Moving the caret to '' at (Ln: 3, Ch: 27) based on a regular expression.  Expression = "@tagHelperPrefix aaaViews1():" [group index '1', match index '1', options 'Singleline, CultureInvariant']
        (01:21:37.007) [Visual Studio Host (10528):TextEditorDocumentWindowTestExtension] Showing window '_ViewImports.cshtml' without activating the window.
        (01:21:37.154) [Visual Studio Host (10528):TextEditorDocumentWindowTestExtension] Showing window '_ViewImports.cshtml'.
        (01:21:37.317) [Visual Studio Host (10528):VisualStudioTextEditingActions] Deleting previous '1' characters at the current caret position: '(Ln: 3, Ch: 27)'
        (01:21:37.478) [Visual Studio Host (10528):TextEditorDocumentWindowTestExtension] Showing window '_ViewImports.cshtml' without activating the window.
        (01:21:37.631) [Visual Studio Host (10528):TextEditorDocumentWindowTestExtension] Saving document window '_ViewImports.cshtml'
        (01:21:38.017) [Visual Studio Host (10528):TextEditorDocumentWindowTestExtension] Showing window 'Index.cshtml' without activating the window.
        (01:21:38.359) [Visual Studio Host (10528):TextEditorDocumentWindowTestExtension] Showing window 'Index.cshtml' without activating the window.
        (01:21:38.533) [Visual Studio Host (10528):TextEditorDocumentWindowTestExtension] Showing window 'Index.cshtml'.
        (01:21:38.705) [Visual Studio Host (10528):VisualStudioIntellisenseService] Did not find an active completion session. Please use Verify.IsCompletionListPresent() to make sure that the list is present before requesting the completion session.
        Warning: (01:21:38.869) [Visual Studio Host (10528):VisualStudioIntellisenseService] No active completion sessions were found for editor 'Index.cshtml'.
        (01:21:39.042) [Visual Studio Host (10528):VisualStudioIntellisenseService] Invoking Completion member list at '(Ln: 1, Ch: 1)'.
        (01:21:39.225) [Visual Studio Host (10528):VisualStudioIntellisenseService] Getting the active completion at position '(Ln: 1, Ch: 1)'.
        (01:21:39.359) [Visual Studio Host (10528):VisualStudioCompletionListTestExtension] Found completion item with name 
        (01:21:39.491) [Visual Studio Host (10528):VisualStudioCompletionListTestExtension] Unable to find completion item with name 
        (01:21:39.619) [Visual Studio Host (10528):VisualStudioCompletionListTestExtension] Unable to find completion item with name 
        (01:21:39.946) [Visual Studio Host (10528):TextEditorDocumentWindowTestExtension] Showing window 'Index.cshtml' without activating the window.
        (01:21:40.158) [Visual Studio Host (10528):TextEditorDocumentWindowTestExtension] Showing window 'Index.cshtml' without activating the window.
        (01:21:40.303) [Visual Studio Host (10528):TextEditorDocumentWindowTestExtension] Showing window 'Index.cshtml'.
        (01:21:40.450) [Visual Studio Host (10528):VisualStudioIntellisenseService] Did not find an active completion session. Please use Verify.IsCompletionListPresent() to make sure that the list is present before requesting the completion session.
        Warning: (01:21:40.582) [Visual Studio Host (10528):VisualStudioIntellisenseService] No active completion sessions were found for editor 'Index.cshtml'.
        (01:21:40.759) [Visual Studio Host (10528):VisualStudioIntellisenseService] Invoking Completion member list at '(Ln: 1, Ch: 1)'.
        (01:21:40.923) [Visual Studio Host (10528):VisualStudioIntellisenseService] Getting the active completion at position '(Ln: 1, Ch: 1)'.
        (01:21:41.097) [Visual Studio Host (10528):VisualStudioCompletionListTestExtension] Found completion item with name 
        (01:21:41.242) [Visual Studio Host (10528):VisualStudioCompletionListTestExtension] Unable to find completion item with name 
        (01:21:41.373) [Visual Studio Host (10528):VisualStudioCompletionListTestExtension] Unable to find completion item with name 
        (01:21:41.704) [Visual Studio Host (10528):TextEditorDocumentWindowTestExtension] Showing window 'Index.cshtml' without activating the window.
        (01:21:41.887) [Visual Studio Host (10528):TextEditorDocumentWindowTestExtension] Showing window 'Index.cshtml' without activating the window.
        (01:21:42.023) [Visual Studio Host (10528):TextEditorDocumentWindowTestExtension] Showing window 'Index.cshtml'.
        (01:21:42.174) [Visual Studio Host (10528):VisualStudioIntellisenseService] Did not find an active completion session. Please use Verify.IsCompletionListPresent() to make sure that the list is present before requesting the completion session.
        Warning: (01:21:42.307) [Visual Studio Host (10528):VisualStudioIntellisenseService] No active completion sessions were found for editor 'Index.cshtml'.
        (01:21:42.446) [Visual Studio Host (10528):VisualStudioIntellisenseService] Invoking Completion member list at '(Ln: 1, Ch: 1)'.
        (01:21:42.639) [Visual Studio Host (10528):VisualStudioIntellisenseService] Getting the active completion at position '(Ln: 1, Ch: 1)'.
        (01:21:42.814) [Visual Studio Host (10528):VisualStudioCompletionListTestExtension] Found completion item with name 
        (01:21:42.967) [Visual Studio Host (10528):VisualStudioCompletionListTestExtension] Unable to find completion item with name 
        (01:21:43.112) [Visual Studio Host (10528):VisualStudioCompletionListTestExtension] Unable to find completion item with name 
    + modify Views\Razor\_ViewImports.cshtml and verify completions
        (01:21:43.767) [Visual Studio Host (10528):TextEditorDocumentWindowTestExtension] Showing window '_ViewImports.cshtml' without activating the window.
        (01:21:43.952) [Visual Studio Host (10528):TextEditorDocumentWindowTestExtension] Showing window '_ViewImports.cshtml' without activating the window.
        (01:21:44.098) [Visual Studio Host (10528):TextEditorDocumentWindowTestExtension] Showing window '_ViewImports.cshtml'.
        (01:21:44.280) [Visual Studio Host (10528):VisualStudioCaretTestExtension] Moving the caret to '' at (Ln: 1, Ch: 31) based on a regular expression.  Expression = "@tagHelperPrefix aaaViewsRazor():" [group index '1', match index '1', options 'Singleline, CultureInvariant']
        (01:21:44.421) [Visual Studio Host (10528):TextEditorDocumentWindowTestExtension] Showing window '_ViewImports.cshtml' without activating the window.
        (01:21:44.567) [Visual Studio Host (10528):TextEditorDocumentWindowTestExtension] Showing window '_ViewImports.cshtml'.
        (01:21:44.726) [Visual Studio Host (10528):TextEditorDocumentWindowTestExtension] Showing window '_ViewImports.cshtml' without activating the window.
        (01:21:44.875) [Visual Studio Host (10528):TextEditorDocumentWindowTestExtension] Saving document window '_ViewImports.cshtml'
        (01:21:45.222) [Visual Studio Host (10528):TextEditorDocumentWindowTestExtension] Showing window 'Index.cshtml' without activating the window.
        (01:21:45.416) [Visual Studio Host (10528):TextEditorDocumentWindowTestExtension] Showing window 'Index.cshtml' without activating the window.
        (01:21:45.554) [Visual Studio Host (10528):TextEditorDocumentWindowTestExtension] Showing window 'Index.cshtml'.
        (01:21:45.709) [Visual Studio Host (10528):VisualStudioIntellisenseService] Did not find an active completion session. Please use Verify.IsCompletionListPresent() to make sure that the list is present before requesting the completion session.
        Warning: (01:21:45.838) [Visual Studio Host (10528):VisualStudioIntellisenseService] No active completion sessions were found for editor 'Index.cshtml'.
        (01:21:45.976) [Visual Studio Host (10528):VisualStudioIntellisenseService] Invoking Completion member list at '(Ln: 1, Ch: 1)'.
        (01:21:46.172) [Visual Studio Host (10528):VisualStudioIntellisenseService] Getting the active completion at position '(Ln: 1, Ch: 1)'.
        (01:21:46.352) [Visual Studio Host (10528):VisualStudioCompletionListTestExtension] Found completion item with name 
        (01:21:46.484) [Visual Studio Host (10528):VisualStudioCompletionListTestExtension] Unable to find completion item with name 
        (01:21:46.650) [Visual Studio Host (10528):VisualStudioCompletionListTestExtension] Unable to find completion item with name 
        (01:21:47.058) [Visual Studio Host (10528):TextEditorDocumentWindowTestExtension] Showing window 'Index.cshtml' without activating the window.
        (01:21:47.255) [Visual Studio Host (10528):TextEditorDocumentWindowTestExtension] Showing window 'Index.cshtml' without activating the window.
        (01:21:47.402) [Visual Studio Host (10528):TextEditorDocumentWindowTestExtension] Showing window 'Index.cshtml'.
        (01:21:47.543) [Visual Studio Host (10528):VisualStudioIntellisenseService] Did not find an active completion session. Please use Verify.IsCompletionListPresent() to make sure that the list is present before requesting the completion session.
        Warning: (01:21:47.672) [Visual Studio Host (10528):VisualStudioIntellisenseService] No active completion sessions were found for editor 'Index.cshtml'.
        (01:21:47.807) [Visual Studio Host (10528):VisualStudioIntellisenseService] Invoking Completion member list at '(Ln: 1, Ch: 1)'.
        (01:21:47.992) [Visual Studio Host (10528):VisualStudioIntellisenseService] Getting the active completion at position '(Ln: 1, Ch: 1)'.
        (01:21:48.140) [Visual Studio Host (10528):VisualStudioCompletionListTestExtension] Found completion item with name 
        (01:21:48.267) [Visual Studio Host (10528):VisualStudioCompletionListTestExtension] Unable to find completion item with name 
        (01:21:48.408) [Visual Studio Host (10528):VisualStudioCompletionListTestExtension] Unable to find completion item with name 
        (01:21:48.799) [Visual Studio Host (10528):TextEditorDocumentWindowTestExtension] Showing window 'Index.cshtml' without activating the window.
        (01:21:48.984) [Visual Studio Host (10528):TextEditorDocumentWindowTestExtension] Showing window 'Index.cshtml' without activating the window.
        (01:21:49.122) [Visual Studio Host (10528):TextEditorDocumentWindowTestExtension] Showing window 'Index.cshtml'.
        (01:21:49.279) [Visual Studio Host (10528):VisualStudioIntellisenseService] Did not find an active completion session. Please use Verify.IsCompletionListPresent() to make sure that the list is present before requesting the completion session.
        Warning: (01:21:49.417) [Visual Studio Host (10528):VisualStudioIntellisenseService] No active completion sessions were found for editor 'Index.cshtml'.
        (01:21:49.571) [Visual Studio Host (10528):VisualStudioIntellisenseService] Invoking Completion member list at '(Ln: 1, Ch: 1)'.
        (01:21:49.715) [Visual Studio Host (10528):VisualStudioIntellisenseService] Getting the active completion at position '(Ln: 1, Ch: 1)'.
        (01:21:49.864) [Visual Studio Host (10528):VisualStudioCompletionListTestExtension] Found completion item with name 
        (01:21:50.002) [Visual Studio Host (10528):VisualStudioCompletionListTestExtension] Unable to find completion item with name 
        (01:21:50.150) [Visual Studio Host (10528):VisualStudioCompletionListTestExtension] Unable to find completion item with name 
    + Undo change to Views\Razor\_ViewImports.cshtml and verify completions
        (01:21:50.693) [Visual Studio Host (10528):TextEditorDocumentWindowTestExtension] Showing window '_ViewImports.cshtml' without activating the window.
        (01:21:50.838) [Visual Studio Host (10528):TextEditorDocumentWindowTestExtension] Showing window '_ViewImports.cshtml' without activating the window.
        (01:21:50.975) [Visual Studio Host (10528):TextEditorDocumentWindowTestExtension] Showing window '_ViewImports.cshtml'.
        (01:21:51.136) [Visual Studio Host (10528):VisualStudioCaretTestExtension] Moving the caret to '' at (Ln: 1, Ch: 32) based on a regular expression.  Expression = "@tagHelperPrefix aaaViewsRazor1():" [group index '1', match index '1', options 'Singleline, CultureInvariant']
        (01:21:51.270) [Visual Studio Host (10528):TextEditorDocumentWindowTestExtension] Showing window '_ViewImports.cshtml' without activating the window.
        (01:21:51.399) [Visual Studio Host (10528):TextEditorDocumentWindowTestExtension] Showing window '_ViewImports.cshtml'.
        (01:21:51.541) [Visual Studio Host (10528):VisualStudioTextEditingActions] Deleting previous '1' characters at the current caret position: '(Ln: 1, Ch: 32)'
        (01:21:51.695) [Visual Studio Host (10528):TextEditorDocumentWindowTestExtension] Showing window '_ViewImports.cshtml' without activating the window.
        (01:21:51.866) [Visual Studio Host (10528):TextEditorDocumentWindowTestExtension] Saving document window '_ViewImports.cshtml'
        (01:21:52.181) [Visual Studio Host (10528):TextEditorDocumentWindowTestExtension] Showing window 'Index.cshtml' without activating the window.
        (01:21:52.495) [Visual Studio Host (10528):TextEditorDocumentWindowTestExtension] Showing window 'Index.cshtml' without activating the window.
        (01:21:52.664) [Visual Studio Host (10528):TextEditorDocumentWindowTestExtension] Showing window 'Index.cshtml'.
        (01:21:52.818) [Visual Studio Host (10528):VisualStudioIntellisenseService] Did not find an active completion session. Please use Verify.IsCompletionListPresent() to make sure that the list is present before requesting the completion session.
        Warning: (01:21:52.950) [Visual Studio Host (10528):VisualStudioIntellisenseService] No active completion sessions were found for editor 'Index.cshtml'.
        (01:21:53.094) [Visual Studio Host (10528):VisualStudioIntellisenseService] Invoking Completion member list at '(Ln: 1, Ch: 1)'.
        (01:21:53.296) [Visual Studio Host (10528):VisualStudioIntellisenseService] Getting the active completion at position '(Ln: 1, Ch: 1)'.
        (01:21:53.444) [Visual Studio Host (10528):VisualStudioCompletionListTestExtension] Found completion item with name 
        (01:21:53.592) [Visual Studio Host (10528):VisualStudioCompletionListTestExtension] Unable to find completion item with name 
        (01:21:53.742) [Visual Studio Host (10528):VisualStudioCompletionListTestExtension] Unable to find completion item with name 
        (01:21:54.093) [Visual Studio Host (10528):TextEditorDocumentWindowTestExtension] Showing window 'Index.cshtml' without activating the window.
        (01:21:54.307) [Visual Studio Host (10528):TextEditorDocumentWindowTestExtension] Showing window 'Index.cshtml' without activating the window.
        (01:21:54.458) [Visual Studio Host (10528):TextEditorDocumentWindowTestExtension] Showing window 'Index.cshtml'.
        (01:21:54.607) [Visual Studio Host (10528):VisualStudioIntellisenseService] Did not find an active completion session. Please use Verify.IsCompletionListPresent() to make sure that the list is present before requesting the completion session.
        Warning: (01:21:54.793) [Visual Studio Host (10528):VisualStudioIntellisenseService] No active completion sessions were found for editor 'Index.cshtml'.
        (01:21:54.971) [Visual Studio Host (10528):VisualStudioIntellisenseService] Invoking Completion member list at '(Ln: 1, Ch: 1)'.
        (01:21:55.207) [Visual Studio Host (10528):VisualStudioIntellisenseService] Getting the active completion at position '(Ln: 1, Ch: 1)'.
        (01:21:55.353) [Visual Studio Host (10528):VisualStudioCompletionListTestExtension] Found completion item with name 
        (01:21:55.488) [Visual Studio Host (10528):VisualStudioCompletionListTestExtension] Unable to find completion item with name 
        (01:21:55.657) [Visual Studio Host (10528):VisualStudioCompletionListTestExtension] Unable to find completion item with name 
        (01:21:56.009) [Visual Studio Host (10528):TextEditorDocumentWindowTestExtension] Showing window 'Index.cshtml' without activating the window.
        (01:21:56.191) [Visual Studio Host (10528):TextEditorDocumentWindowTestExtension] Showing window 'Index.cshtml' without activating the window.
        (01:21:56.336) [Visual Studio Host (10528):TextEditorDocumentWindowTestExtension] Showing window 'Index.cshtml'.
        (01:21:56.494) [Visual Studio Host (10528):VisualStudioIntellisenseService] Did not find an active completion session. Please use Verify.IsCompletionListPresent() to make sure that the list is present before requesting the completion session.
        Warning: (01:21:56.650) [Visual Studio Host (10528):VisualStudioIntellisenseService] No active completion sessions were found for editor 'Index.cshtml'.
        (01:21:56.822) [Visual Studio Host (10528):VisualStudioIntellisenseService] Invoking Completion member list at '(Ln: 1, Ch: 1)'.
        (01:21:56.994) [Visual Studio Host (10528):VisualStudioIntellisenseService] Getting the active completion at position '(Ln: 1, Ch: 1)'.
        (01:21:57.145) [Visual Studio Host (10528):VisualStudioCompletionListTestExtension] Found completion item with name 
        (01:21:57.303) [Visual Studio Host (10528):VisualStudioCompletionListTestExtension] Unable to find completion item with name 
        (01:21:57.563) [Visual Studio Host (10528):VisualStudioCompletionListTestExtension] Unable to find completion item with name 
    (01:21:58.019) [Visual Studio Host (10528):WindowManagementService] Closing all open documents and tool windows docked as within the document pane.
    (01:21:58.305) [Visual Studio Host (10528):DocumentWindowTestExtension] Showing window 'Index.cshtml' without activating the window.
    (01:21:58.541) [Visual Studio Host (10528):DocumentWindowTestExtension] Showing window 'Index.cshtml' without activating the window.
    (01:21:58.727) [Visual Studio Host (10528):DocumentWindowTestExtension] Showing window 'Index.cshtml' without activating the window.
    (01:21:58.886) [Visual Studio Host (10528):DocumentWindowTestExtension] Showing window '_ViewImports.cshtml' without activating the window.
    (01:21:59.041) [Visual Studio Host (10528):DocumentWindowTestExtension] Showing window '_ViewImports.cshtml' without activating the window.
    (01:21:59.176) [Visual Studio Host (10528):DocumentWindowTestExtension] Showing window 'MyTagHelpers.cs' without activating the window.
    (01:21:59.343) [Visual Studio Host (10528):DocumentWindowTestExtension] Showing window 'TagHelpers.cshtml' without activating the window.
    (01:21:59.571) [Visual Studio Host (10528):DocumentWindowTestExtension] Showing window 'WebForm1.aspx' without activating the window.
    (01:22:00.601) [Visual Studio Host (10528):DocumentWindowTestExtension] Closing window 'Index.cshtml'.
    (01:22:01.052) [Visual Studio Host (10528):DocumentWindowTestExtension] Closing window 'Index.cshtml'.
    (01:22:01.308) [Visual Studio Host (10528):DocumentWindowTestExtension] Closing window 'Index.cshtml'.
    (01:22:01.792) [Visual Studio Host (10528):DocumentWindowTestExtension] Closing window '_ViewImports.cshtml'.
    (01:22:01.996) [Visual Studio Host (10528):DocumentWindowTestExtension] Closing window '_ViewImports.cshtml'.
    (01:22:02.238) [Visual Studio Host (10528):DocumentWindowTestExtension] Closing window 'MyTagHelpers.cs'.
    (01:22:02.489) [Visual Studio Host (10528):DocumentWindowTestExtension] Closing window 'TagHelpers.cshtml'.
    (01:22:02.675) [Visual Studio Host (10528):DocumentWindowTestExtension] Closing window 'WebForm1.aspx'.
    (01:22:03.024) [Visual Studio Host (10528):WindowManagementService] Command 'CloseAllDocuments' was not available
    + ExternalProcessHostTest TestCleanup
        (01:22:03.391) [Platform:Testcase] Test 'VSTest_Razor_TagHelpers_Update_ViewImports_File' has 'Passed' outcome. Therefore, Apex will not shut down the 'Visual Studio Host (10528)' with process ID '10528'. A subsequent test scenario will run on the same instance of the host.
    + Final Test Result Verification
        (01:22:03.898) [Platform:DelayedAssertionVerifierSink] Verification Success: 0 verification steps failed.
    + ApexTest TestCleanup</StdOut>
      </Output>
      <ResultFiles>
        <ResultFile path="WNVM19648\Fail.aswak04hapa5.png" />
        <ResultFile path="WNVM19648\Fail.azqsczivabnm.png" />
        <ResultFile path="WNVM19648\Fail.byuslv5baqsd.png" />
        <ResultFile path="WNVM19648\Fail.ek4tb3wmalyl.png" />
        <ResultFile path="WNVM19648\Fail.ig2gsfz5ad1y.png" />
        <ResultFile path="WNVM19648\Fail.loc0xhl5a2hr.png" />
        <ResultFile path="WNVM19648\Fail.o4kkrjboasbk.png" />
        <ResultFile path="WNVM19648\Fail.o5zf0zepaw0l.png" />
        <ResultFile path="WNVM19648\Fail.raasvsmeanc1.png" />
        <ResultFile path="WNVM19648\Fail.t4yj0fxuatil.png" />
        <ResultFile path="WNVM19648\Fail.z10rn0n5ajdm.png" />
        <ResultFile path="WNVM19648\OmniLog.html" />
        <ResultFile path="WNVM19648\OmniLogRawXml.xml" />
      </ResultFiles>
    </UnitTestResult>
    <UnitTestResult executionId="634bb23b-775b-44fc-897c-e4b281fd64db" testId="a7d42b9d-d8a3-1757-1560-b71505d852b3" testName="VSTest_FormatTest2" computerName="WNVM19648" duration="00:00:00.0759951" startTime="2018-04-17T00:30:57.8908872-07:00" endTime="2018-04-17T00:30:57.9668823-07:00" testType="13cdc9d9-ddb5-4fa4-a97d-d965ccfc6d4b" outcome="Failed" testListId="8c84fa94-04c1-424b-9868-57a2d4851a1d" relativeResultsDirectory="634bb23b-775b-44fc-897c-e4b281fd64db">
      <Output>
        <StdOut>+ FormatTests::VSTest_FormatTest2
    + ApexTest TestInitialize</StdOut>
        <ErrorInfo>
          <Message>Initialization method Microsoft.Test.Apex.ExternalProcessHostTest`2[[Microsoft.Test.Apex.VisualStudio.VisualStudioHostConfiguration, Microsoft.Test.Apex.VisualStudio, Version=15.0.0.0, Culture=neutral, PublicKeyToken=b03f5f7f11d50a3a],[Microsoft.Test.Apex.VisualStudio.VisualStudioHost, Microsoft.Test.Apex.VisualStudio, Version=15.0.0.0, Culture=neutral, PublicKeyToken=b03f5f7f11d50a3a]].TestInitialize threw exception. System.IO.IOException: The process cannot access the file 'C:\school\OmniLog.html' because it is being used by another process.</Message>
          <StackTrace>   at System.IO.__Error.WinIOError(Int32 errorCode, String maybeFullPath)
   at System.IO.FileStream.Init(String path, FileMode mode, FileAccess access, Int32 rights, Boolean useRights, FileShare share, Int32 bufferSize, FileOptions options, SECURITY_ATTRIBUTES secAttrs, String msgPath, Boolean bFromProxy, Boolean useLongPath, Boolean checkHost)
   at System.IO.FileStream..ctor(String path, FileMode mode, FileAccess access)
   at Omni.Logging.Sinks.IncrementalSummarySink.PrepareForWrite() in F:\dd\src\Omni\Log\Omni.Log\Sinks\IncrementalSummarySink.cs:line 169
   at Omni.Logging.Sinks.IncrementalSummarySink.Append(ILogMessage message) in F:\dd\src\Omni\Log\Omni.Log\Sinks\IncrementalSummarySink.cs:line 74
   at Omni.Logging.OmniLog.SendToSinks(LogMessage message) in F:\dd\src\Omni\Log\Omni.Log\OmniLog.cs:line 968
   at Omni.Logging.Log.BeginGroup(String message) in F:\dd\src\Omni\Log\Omni.Log\OmniLog.cs:line 1402
   at Microsoft.Test.Apex.Services.Logging.TestLoggerSinks.OmniLog.OmniLogSink.ActualSink.ScopeEntered(IExecutionScopeHandle scope) in F:\dd\src\omni\Apex\MsTestIntegration\Services\OmniLog\OmniLogSink.cs:line 318
   at Microsoft.Test.Apex.Services.Logging.TestLoggerSinks.OmniLog.OmniLogSink.ScopeEntered(IExecutionScopeHandle scope) in F:\dd\src\omni\Apex\MsTestIntegration\Services\OmniLog\OmniLogSink.cs:line 146
   at Microsoft.Test.Apex.Services.ExecutionScopeService.Enter(TestExecutionPoint testExecutionPoint, String scopeName, Boolean enterVerificationScope, Object context) in F:\dd\src\omni\Apex\Framework\Services\ExecutionScope\ExecutionScopeService.cs:line 228
   at Microsoft.Test.Apex.Services.ExecutionScopeService.Enter(String scopeName, Boolean enterVerificationScope, Object context) in F:\dd\src\omni\Apex\Framework\Services\ExecutionScope\ExecutionScopeService.cs:line 202
   at Microsoft.Test.Apex.Services.ExecutionScopeService.Enter(String scopeName) in F:\dd\src\omni\Apex\Framework\Services\ExecutionScope\ExecutionScopeService.cs:line 80
   at Microsoft.Test.Apex.ApexTest.TestInitialize() in F:\dd\src\omni\Apex\MsTestIntegration\ApexTest.cs:line 423
   at Microsoft.Test.Apex.ExternalProcessHostTest`2.TestInitialize() in F:\dd\src\omni\Apex\MsTestIntegration\ExternalProcessHostTest.cs:line 108</StackTrace>
        </ErrorInfo>
      </Output>
    </UnitTestResult>
    <UnitTestResult executionId="2d546f08-8083-4986-937c-4f9b69913a05" testId="fed22d6d-791e-cf51-bbf2-770aa78a67a6" testName="VSTest_JSON_SchemaValidation_ClearErrorListWhenDeletionFixesIssue" computerName="WNVM19648" duration="00:00:14.1025434" startTime="2018-04-17T02:00:00.1850061-07:00" endTime="2018-04-17T02:00:14.2875495-07:00" testType="13cdc9d9-ddb5-4fa4-a97d-d965ccfc6d4b" outcome="Passed" testListId="8c84fa94-04c1-424b-9868-57a2d4851a1d" relativeResultsDirectory="2d546f08-8083-4986-937c-4f9b69913a05">
      <Output>
        <StdOut>+ SchemaValidation::VSTest_JSON_SchemaValidation_ClearErrorListWhenDeletionFixesIssue
    + ApexTest TestInitialize
    + ExternalProcessHostTest TestInitialize
        (02:01:41.997) [Visual Studio Host (9768):RoamingSettingsService] Disabling roaming settings.
        (02:01:42.173) [Visual Studio Host (9768):SettingsService] Setting Visual Studio option 'Environment\RoamingSettings\RoamingEnabled' to 'False'.
        (02:01:42.600) [Visual Studio Host (9768):TextEditorDocumentWindowTestExtension] Showing window 'validationTest.json' without activating the window.
        (02:01:42.771) [Visual Studio Host (9768):TextEditorDocumentWindowTestExtension] Showing window 'validationTest.json'.
        (02:01:42.948) [Visual Studio Host (9768):VisualStudioTextEditorTestExtension] Setting keyboard focus to editor 'validationTest.json'.
        (02:01:43.111) [Visual Studio Host (9768):MainWindowService] Activating main window to bring it to the foreground.
        (02:01:43.305) [Visual Studio Host (9768):MainWindowService] Setting main window state to 'Maximized'.
    (02:01:43.614) [Visual Studio Host (9768):TextEditorDocumentWindowTestExtension] Showing window 'validationTest.json' without activating the window.
    (02:01:43.790) [Visual Studio Host (9768):TextEditorDocumentWindowTestExtension] Showing window 'validationTest.json'.
    (02:01:43.972) [Visual Studio Host (9768):VisualStudioCaretTestExtension] Moving the caret to '' at (Ln: 2, Ch: 40) based on a regular expression.  Expression = ",()" [group index '1', match index '1', options 'Singleline, CultureInvariant']
    (02:01:44.159) [Visual Studio Host (9768):TextEditorDocumentWindowTestExtension] Showing window 'validationTest.json' without activating the window.
    (02:01:44.302) [Visual Studio Host (9768):TextEditorDocumentWindowTestExtension] Showing window 'validationTest.json'.
    (02:01:44.479) [Visual Studio Host (9768):VisualStudioTextEditingActions] Inserting '
  "requiredValue": 1,
  "constrainedPropertyCount": {
    "foo": "foo",
    "bar": "bar",
    "baz": "baz"
  }' at position (Ln: 2, Ch: 40).
    (02:01:44.681) [Visual Studio Host (9768):TextEditorDocumentWindowTestExtension] Showing window 'validationTest.json' without activating the window.
    (02:01:44.875) [Visual Studio Host (9768):TextEditorDocumentWindowTestExtension] Showing window 'validationTest.json'.
    (02:01:45.038) [Visual Studio Host (9768):ToolWindowTestExtension] Showing window 'Error List' without activating the window.
    (02:01:45.212) [Visual Studio Host (9768):ToolWindowTestExtension] Showing window 'Error List' without activating the window.
    (02:01:45.381) [Visual Studio Host (9768):ErrorListService] Showing error list error items.
    (02:01:45.553) [Visual Studio Host (9768):ToolWindowTestExtension] Showing window 'Error List' without activating the window.
    (02:01:45.731) [Visual Studio Host (9768):ErrorListService] Showing error list message items.
    (02:01:45.885) [Visual Studio Host (9768):ToolWindowTestExtension] Showing window 'Error List' without activating the window.
    (02:01:46.049) [Visual Studio Host (9768):ErrorListService] Showing error list warning items.
    (02:01:48.268) [Visual Studio Host (9768):TextEditorDocumentWindowTestExtension] Showing window 'validationTest.json' without activating the window.
    (02:01:48.423) [Visual Studio Host (9768):TextEditorDocumentWindowTestExtension] Showing window 'validationTest.json'.
    (02:01:48.571) [Visual Studio Host (9768):TextEditorDocumentWindowTestExtension] Showing window 'validationTest.json' without activating the window.
    (02:01:48.719) [Visual Studio Host (9768):TextEditorDocumentWindowTestExtension] Showing window 'validationTest.json'.
    (02:01:48.877) [Visual Studio Host (9768):VisualStudioCaretTestExtension] Moving the caret to 'bar' at (Ln: 6, Ch: 6) based on a regular expression.  Expression = "bar" [group index '0', match index '1', options 'Singleline, CultureInvariant']
    (02:01:49.028) [Visual Studio Host (9768):TextEditorDocumentWindowTestExtension] Showing window 'validationTest.json' without activating the window.
    (02:01:49.173) [Visual Studio Host (9768):TextEditorDocumentWindowTestExtension] Showing window 'validationTest.json'.
    (02:01:49.352) [Visual Studio Host (9768):VisualStudioTextEditingActions] Deleting the current line: '6'
    (02:01:49.552) [Visual Studio Host (9768):TextEditorDocumentWindowTestExtension] Showing window 'validationTest.json' without activating the window.
    (02:01:49.710) [Visual Studio Host (9768):TextEditorDocumentWindowTestExtension] Showing window 'validationTest.json'.
    (02:01:49.894) [Visual Studio Host (9768):ToolWindowTestExtension] Showing window 'Error List' without activating the window.
    (02:01:50.173) [Visual Studio Host (9768):ToolWindowTestExtension] Showing window 'Error List' without activating the window.
    (02:01:50.335) [Visual Studio Host (9768):ErrorListService] Showing error list error items.
    (02:01:50.485) [Visual Studio Host (9768):ToolWindowTestExtension] Showing window 'Error List' without activating the window.
    (02:01:50.646) [Visual Studio Host (9768):ErrorListService] Showing error list message items.
    (02:01:50.810) [Visual Studio Host (9768):ToolWindowTestExtension] Showing window 'Error List' without activating the window.
    (02:01:50.971) [Visual Studio Host (9768):ErrorListService] Showing error list warning items.
    (02:01:53.137) [Visual Studio Host (9768):TextEditorDocumentWindowTestExtension] Showing window 'validationTest.json' without activating the window.
    (02:01:53.309) [Visual Studio Host (9768):TextEditorDocumentWindowTestExtension] Showing window 'validationTest.json'.
    + ExternalProcessHostTest TestCleanup
        (02:01:53.636) [Visual Studio Host (9768):TextEditorDocumentWindowTestExtension] Closing window 'validationTest.json'.
        (02:01:53.973) [Platform:Testcase] Test 'VSTest_JSON_SchemaValidation_ClearErrorListWhenDeletionFixesIssue' has 'Passed' outcome. Therefore, Apex will not shut down the 'Visual Studio Host (9768)' with process ID '9768'. A subsequent test scenario will run on the same instance of the host.
    + Final Test Result Verification
        (02:01:54.504) [Platform:DelayedAssertionVerifierSink] Verification Success: 0 verification steps failed.
    + ApexTest TestCleanup</StdOut>
      </Output>
      <ResultFiles>
        <ResultFile path="WNVM19648\Fail.22wpw0oka5fs.png" />
        <ResultFile path="WNVM19648\Fail.24wtv1jnawc3.png" />
        <ResultFile path="WNVM19648\Fail.2dvw33g3abcx.png" />
        <ResultFile path="WNVM19648\Fail.2lws5epta1gw.png" />
        <ResultFile path="WNVM19648\Fail.33ju4eduay3u.png" />
        <ResultFile path="WNVM19648\Fail.3poblbx4alvv.png" />
        <ResultFile path="WNVM19648\Fail.4p531ykxaqdb.png" />
        <ResultFile path="WNVM19648\Fail.5erbsz3aa4ay.png" />
        <ResultFile path="WNVM19648\Fail.ashpv3rjajjr.png" />
        <ResultFile path="WNVM19648\Fail.aswak04hapa5.png" />
        <ResultFile path="WNVM19648\Fail.azqsczivabnm.png" />
        <ResultFile path="WNVM19648\Fail.byuslv5baqsd.png" />
        <ResultFile path="WNVM19648\Fail.bz134qwyax2e.png" />
        <ResultFile path="WNVM19648\Fail.czhshhzmawco.png" />
        <ResultFile path="WNVM19648\Fail.ek4tb3wmalyl.png" />
        <ResultFile path="WNVM19648\Fail.hxi2cahnapy2.png" />
        <ResultFile path="WNVM19648\Fail.ig2gsfz5ad1y.png" />
        <ResultFile path="WNVM19648\Fail.iymeazuqablz.png" />
        <ResultFile path="WNVM19648\Fail.jpga4adlarrf.png" />
        <ResultFile path="WNVM19648\Fail.kfb5og41ajlt.png" />
        <ResultFile path="WNVM19648\Fail.kxs1ersmaxma.png" />
        <ResultFile path="WNVM19648\Fail.lbyrcmqbastb.png" />
        <ResultFile path="WNVM19648\Fail.loc0xhl5a2hr.png" />
        <ResultFile path="WNVM19648\Fail.lthgvalfaxfr.png" />
        <ResultFile path="WNVM19648\Fail.mazsob3aamsp.png" />
        <ResultFile path="WNVM19648\Fail.n13clx4iaowv.png" />
        <ResultFile path="WNVM19648\Fail.o4kkrjboasbk.png" />
        <ResultFile path="WNVM19648\Fail.o5zf0zepaw0l.png" />
        <ResultFile path="WNVM19648\Fail.pdo2mhdtanq2.png" />
        <ResultFile path="WNVM19648\Fail.pprwzak1ac5h.png" />
        <ResultFile path="WNVM19648\Fail.qagtqbftat3h.png" />
        <ResultFile path="WNVM19648\Fail.qbnuydioazjy.png" />
        <ResultFile path="WNVM19648\Fail.raasvsmeanc1.png" />
        <ResultFile path="WNVM19648\Fail.rymman3va50a.png" />
        <ResultFile path="WNVM19648\Fail.sidku4gxamg4.png" />
        <ResultFile path="WNVM19648\Fail.swwzdfhraz25.png" />
        <ResultFile path="WNVM19648\Fail.t4yj0fxuatil.png" />
        <ResultFile path="WNVM19648\Fail.v0ywfcwsa23p.png" />
        <ResultFile path="WNVM19648\Fail.vjqtiv2zaclz.png" />
        <ResultFile path="WNVM19648\Fail.wiz4mofdavag.png" />
        <ResultFile path="WNVM19648\Fail.yd3ferxiaq1c.png" />
        <ResultFile path="WNVM19648\Fail.z10rn0n5ajdm.png" />
        <ResultFile path="WNVM19648\Fail.z2gelfy0aa1q.png" />
        <ResultFile path="WNVM19648\Fail.zpuouf2fa0ib.png" />
        <ResultFile path="WNVM19648\OmniLog.html" />
        <ResultFile path="WNVM19648\OmniLogRawXml.xml" />
      </ResultFiles>
    </UnitTestResult>
    <UnitTestResult executionId="6ed0d4e8-101e-4b5b-b49f-6bbbb6664744" testId="670f2861-51b6-83b7-c14b-811b65773a6c" testName="VSTest_JSON_Comments_WithKeepTabs" computerName="WNVM19648" duration="00:00:02.4014815" startTime="2018-04-17T00:21:45.6803179-07:00" endTime="2018-04-17T00:21:48.0817994-07:00" testType="13cdc9d9-ddb5-4fa4-a97d-d965ccfc6d4b" outcome="Passed" testListId="8c84fa94-04c1-424b-9868-57a2d4851a1d" relativeResultsDirectory="6ed0d4e8-101e-4b5b-b49f-6bbbb6664744">
      <Output>
        <StdOut>+ CommentsTests::VSTest_JSON_Comments_WithKeepTabs
    + ApexTest TestInitialize
    + ExternalProcessHostTest TestInitialize
        (23:27.024) [Visual Studio Host (11564):RoamingSettingsService] Disabling roaming settings.
        (23:27.105) [Visual Studio Host (11564):SettingsService] Setting Visual Studio option 'Environment\RoamingSettings\RoamingEnabled' to 'False'.
        (23:27.446) [Visual Studio Host (11564):TextEditorDocumentWindowTestExtension] Showing window 'Content.json' without activating the window.
        (23:27.524) [Visual Studio Host (11564):TextEditorDocumentWindowTestExtension] Showing window 'Content.json'.
        (23:27.581) [Visual Studio Host (11564):VisualStudioTextEditorTestExtension] Setting keyboard focus to editor 'Content.json'.
        (23:27.627) [Visual Studio Host (11564):MainWindowService] Activating main window to bring it to the foreground.
        (23:27.675) [Visual Studio Host (11564):MainWindowService] Setting main window state to 'Maximized'.
    (23:27.780) [Visual Studio Host (11564):TextEditorDocumentWindowTestExtension] Showing window 'Content.json' without activating the window.
    (23:27.832) [Visual Studio Host (11564):TextEditorDocumentWindowTestExtension] Showing window 'Content.json'.
    (23:27.889) [Visual Studio Host (11564):VisualStudioCaretTestExtension] Moving the caret from (Ln: 1, Ch: 1) to (Ln: 3, Ch: 1)
    (23:27.938) [Visual Studio Host (11564):TextEditorDocumentWindowTestExtension] Showing window 'Content.json'.
    (23:27.990) [Visual Studio Host (11564):VisualStudioCaretTestExtension] Moving the caret and selecting from (Ln: 3, Ch: 1) down '4' lines
    (23:28.034) [Visual Studio Host (11564):VisualStudioTextEditorTestExtension] Setting keyboard focus to editor 'Content.json'.
    (23:28.092) [Visual Studio Host (11564):TextEditorDocumentWindowTestExtension] Showing window 'Content.json'.
    (23:28.155) [Visual Studio Host (11564):VisualStudioCaretTestExtension] Moving the caret and selecting from (Ln: 7, Ch: 1) to the beginning of the line
    (23:28.202) [Visual Studio Host (11564):VisualStudioTextEditorTestExtension] Setting keyboard focus to editor 'Content.json'.
    (23:28.284) [Visual Studio Host (11564):TextEditorDocumentWindowTestExtension] Showing window 'Content.json'.
    (23:28.367) [Visual Studio Host (11564):TextEditorDocumentWindowTestExtension] Showing window 'Content.json' without activating the window.
    (23:28.437) [Visual Studio Host (11564):TextEditorDocumentWindowTestExtension] Showing window 'Content.json'.
    + ExternalProcessHostTest TestCleanup
        (23:28.565) [Visual Studio Host (11564):TextEditorDocumentWindowTestExtension] Closing window 'Content.json'.
        (23:28.742) [Platform:Testcase] Test 'VSTest_JSON_Comments_WithKeepTabs' has 'Passed' outcome. Therefore, Apex will not shut down the 'Visual Studio Host (11564)' with process ID '11564'. A subsequent test scenario will run on the same instance of the host.
    + Final Test Result Verification
        (23:28.906) [Platform:DelayedAssertionVerifierSink] Verification Success: 0 verification steps failed.
    + ApexTest TestCleanup</StdOut>
      </Output>
      <ResultFiles>
        <ResultFile path="WNVM19648\Fail.azqsczivabnm.png" />
        <ResultFile path="WNVM19648\Fail.ig2gsfz5ad1y.png" />
        <ResultFile path="WNVM19648\Fail.o5zf0zepaw0l.png" />
        <ResultFile path="WNVM19648\OmniLog.html" />
        <ResultFile path="WNVM19648\OmniLogRawXml.xml" />
      </ResultFiles>
    </UnitTestResult>
    <UnitTestResult executionId="b40277e2-e8a2-4751-8cc5-15faa42b90dd" testId="9419465f-5cbe-c9b4-b84f-fee0122b6cf2" testName="VSTest_RazorV3Cs_FormatOnPaste_ForContainedLanguages" computerName="WNVM19648" duration="00:00:06.6238198" startTime="2018-04-17T01:02:15.8039158-07:00" endTime="2018-04-17T01:02:22.4277356-07:00" testType="13cdc9d9-ddb5-4fa4-a97d-d965ccfc6d4b" outcome="Passed" testListId="8c84fa94-04c1-424b-9868-57a2d4851a1d" relativeResultsDirectory="b40277e2-e8a2-4751-8cc5-15faa42b90dd">
      <Output>
        <StdOut>+ CSharpFormattingTests::VSTest_RazorV3Cs_FormatOnPaste_ForContainedLanguages
    + ApexTest TestInitialize
    + ExternalProcessHostTest TestInitialize
        (01:03:57.966) [Visual Studio Host (4384):RoamingSettingsService] Disabling roaming settings.
        (01:03:58.175) [Visual Studio Host (4384):SettingsService] Setting Visual Studio option 'Environment\RoamingSettings\RoamingEnabled' to 'False'.
        (01:03:58.654) [Visual Studio Host (4384):TextEditorDocumentWindowTestExtension] Showing window 'FormatOnPasteContainedLanguageCode.cshtml' without activating the window.
        (01:03:58.892) [Visual Studio Host (4384):TextEditorDocumentWindowTestExtension] Showing window 'FormatOnPasteContainedLanguageCode.cshtml'.
        (01:03:59.122) [Visual Studio Host (4384):VisualStudioTextEditorTestExtension] Setting keyboard focus to editor 'FormatOnPasteContainedLanguageCode.cshtml'.
        (01:03:59.304) [Visual Studio Host (4384):SettingsService] Getting value of Visual Studio Setting 'TextEditor\HTMLX Specific\FormatOnPaste'. 
        (01:03:59.469) [Visual Studio Host (4384):SettingsService] Setting Visual Studio option 'TextEditor\HTMLX Specific\FormatOnPaste' to 'False'.
        (01:03:59.659) [Visual Studio Host (4384):MainWindowService] Activating main window to bring it to the foreground.
        (01:03:59.903) [Visual Studio Host (4384):MainWindowService] Setting main window state to 'Maximized'.
    (01:04:00.262) [Visual Studio Host (4384):TextEditorDocumentWindowTestExtension] Showing window 'FormatOnPasteContainedLanguageCode.cshtml' without activating the window.
    (01:04:00.464) [Visual Studio Host (4384):TextEditorDocumentWindowTestExtension] Showing window 'FormatOnPasteContainedLanguageCode.cshtml'.
    (01:04:00.654) [Visual Studio Host (4384):VisualStudioCaretTestExtension] Moving the caret from (Ln: 1, Ch: 1) to (Ln: 5, Ch: 1)
    (01:04:00.927) [Visual Studio Host (4384):TextEditorDocumentWindowTestExtension] Showing window 'FormatOnPasteContainedLanguageCode.cshtml' without activating the window.
    (01:04:01.106) [Visual Studio Host (4384):TextEditorDocumentWindowTestExtension] Showing window 'FormatOnPasteContainedLanguageCode.cshtml'.
    + ExternalProcessHostTest TestCleanup
        (01:04:01.481) [Visual Studio Host (4384):SettingsService] Setting Visual Studio option 'TextEditor\HTMLX Specific\FormatOnPaste' to 'True'.
        (01:04:01.802) [Visual Studio Host (4384):TextEditorDocumentWindowTestExtension] Closing window 'FormatOnPasteContainedLanguageCode.cshtml'.
        (01:04:02.102) [Platform:Testcase] Test 'VSTest_RazorV3Cs_FormatOnPaste_ForContainedLanguages' has 'Passed' outcome. Therefore, Apex will not shut down the 'Visual Studio Host (4384)' with process ID '4384'. A subsequent test scenario will run on the same instance of the host.
    + Final Test Result Verification
        (01:04:02.658) [Platform:DelayedAssertionVerifierSink] Verification Success: 0 verification steps failed.
    + ApexTest TestCleanup</StdOut>
      </Output>
      <ResultFiles>
        <ResultFile path="WNVM19648\Fail.azqsczivabnm.png" />
        <ResultFile path="WNVM19648\Fail.ig2gsfz5ad1y.png" />
        <ResultFile path="WNVM19648\Fail.o5zf0zepaw0l.png" />
        <ResultFile path="WNVM19648\Fail.raasvsmeanc1.png" />
        <ResultFile path="WNVM19648\Fail.t4yj0fxuatil.png" />
        <ResultFile path="WNVM19648\Fail.z10rn0n5ajdm.png" />
        <ResultFile path="WNVM19648\OmniLog.html" />
        <ResultFile path="WNVM19648\OmniLogRawXml.xml" />
      </ResultFiles>
    </UnitTestResult>
    <UnitTestResult executionId="c8c29199-479a-40bc-804a-76cc73a80faf" testId="0e8f9908-eba0-e249-196d-e21168153973" testName="VSTest_Completion_UnclosedStartTagAndAutoCompletion" computerName="WNVM19648" duration="00:00:04.1632170" startTime="2018-04-17T00:17:33.8772092-07:00" endTime="2018-04-17T00:17:38.0404262-07:00" testType="13cdc9d9-ddb5-4fa4-a97d-d965ccfc6d4b" outcome="Passed" testListId="8c84fa94-04c1-424b-9868-57a2d4851a1d" relativeResultsDirectory="c8c29199-479a-40bc-804a-76cc73a80faf">
      <Output>
        <StdOut>+ CompletionTests::VSTest_Completion_UnclosedStartTagAndAutoCompletion
    + ApexTest TestInitialize
    + ExternalProcessHostTest TestInitialize
        (19:15.194) [Visual Studio Host (6956):RoamingSettingsService] Disabling roaming settings.
        (19:15.245) [Visual Studio Host (6956):SettingsService] Setting Visual Studio option 'Environment\RoamingSettings\RoamingEnabled' to 'False'.
        (19:15.601) [Visual Studio Host (6956):TextEditorDocumentWindowTestExtension] Showing window 'Completion.html' without activating the window.
        (19:15.675) [Visual Studio Host (6956):TextEditorDocumentWindowTestExtension] Showing window 'Completion.html'.
        (19:15.750) [Visual Studio Host (6956):VisualStudioTextEditorTestExtension] Setting keyboard focus to editor 'Completion.html'.
        (19:15.805) [Visual Studio Host (6956):MainWindowService] Activating main window to bring it to the foreground.
        (19:15.887) [Visual Studio Host (6956):MainWindowService] Setting main window state to 'Maximized'.
    (19:16.070) [Visual Studio Host (6956):TextEditorDocumentWindowTestExtension] Showing window 'Completion.html' without activating the window.
    (19:16.147) [Visual Studio Host (6956):TextEditorDocumentWindowTestExtension] Showing window 'Completion.html'.
    (19:16.236) [Visual Studio Host (6956):VisualStudioCaretTestExtension] Moving the caret from (Ln: 1, Ch: 1) to (Ln: 14, Ch: 4)
    (19:16.317) [Visual Studio Host (6956):TextEditorDocumentWindowTestExtension] Showing window 'Completion.html' without activating the window.
    (19:16.385) [Visual Studio Host (6956):TextEditorDocumentWindowTestExtension] Showing window 'Completion.html'.
    (19:16.543) [Visual Studio Host (6956):TextEditorDocumentWindowTestExtension] Showing window 'Completion.html' without activating the window.
    (19:16.619) [Visual Studio Host (6956):TextEditorDocumentWindowTestExtension] Showing window 'Completion.html'.
    (19:16.712) [Visual Studio Host (6956):VisualStudioCaretTestExtension] Moving the caret from (Ln: 14, Ch: 10) to (Ln: 14, Ch: 4)
    (19:16.770) [Visual Studio Host (6956):TextEditorDocumentWindowTestExtension] Showing window 'Completion.html' without activating the window.
    (19:16.834) [Visual Studio Host (6956):TextEditorDocumentWindowTestExtension] Showing window 'Completion.html'.
    (19:16.965) [Visual Studio Host (6956):TextEditorDocumentWindowTestExtension] Showing window 'Completion.html' without activating the window.
    (19:17.157) [Visual Studio Host (6956):TextEditorDocumentWindowTestExtension] Showing window 'Completion.html'.
    (19:17.303) [Visual Studio Host (6956):VisualStudioIntellisenseService] Getting the active completion at position '(Ln: 14, Ch: 5)'.
    (19:17.378) [Visual Studio Host (6956):VisualStudioCompletionListTestExtension] Found completion item with name 
    (19:17.431) [Visual Studio Host (6956):VisualStudioIntellisenseService] Getting the active completion at position '(Ln: 14, Ch: 5)'.
    (19:17.512) [Visual Studio Host (6956):VisualStudioCompletionListTestExtension] Found completion item with name 
    (19:17.573) [Visual Studio Host (6956):VisualStudioCompletionListTestExtension] Selecting completion item 'wbr'.
    (19:17.676) [Visual Studio Host (6956):VisualStudioCompletionListTestExtension] Committing 'wbr' completion item.
    (19:17.799) [Visual Studio Host (6956):TextEditorDocumentWindowTestExtension] Showing window 'Completion.html' without activating the window.
    (19:17.880) [Visual Studio Host (6956):TextEditorDocumentWindowTestExtension] Showing window 'Completion.html'.
    (19:17.975) [Visual Studio Host (6956):TextEditorDocumentWindowTestExtension] Showing window 'Completion.html' without activating the window.
    (19:18.043) [Visual Studio Host (6956):TextEditorDocumentWindowTestExtension] Showing window 'Completion.html'.
    VerificationPass: (19:18.129) [Visual Studio Host (6956):VisualStudioTextEditorVerifier] Verification passed: Line 14 was expected to contain the text '&lt;wbr /&gt;(test)', The line text in full is: '   &lt;wbr /&gt;(test)'
    + ExternalProcessHostTest TestCleanup
        (19:18.290) [Visual Studio Host (6956):TextEditorDocumentWindowTestExtension] Closing window 'Completion.html'.
        (19:18.600) [Platform:Testcase] Test 'VSTest_Completion_UnclosedStartTagAndAutoCompletion' has 'Passed' outcome. Therefore, Apex will not shut down the 'Visual Studio Host (6956)' with process ID '6956'. A subsequent test scenario will run on the same instance of the host.
    + Final Test Result Verification
        (19:18.807) [Platform:DelayedAssertionVerifierSink] Verification Success: 0 verification steps failed.
    + ApexTest TestCleanup</StdOut>
      </Output>
      <ResultFiles>
        <ResultFile path="WNVM19648\Fail.azqsczivabnm.png" />
        <ResultFile path="WNVM19648\Fail.ig2gsfz5ad1y.png" />
        <ResultFile path="WNVM19648\Fail.o5zf0zepaw0l.png" />
        <ResultFile path="WNVM19648\OmniLog.html" />
        <ResultFile path="WNVM19648\OmniLogRawXml.xml" />
      </ResultFiles>
    </UnitTestResult>
    <UnitTestResult executionId="4cfe8614-167d-4860-bdb4-97a5e7c719c5" testId="275203d5-5826-9585-0cff-48371724077a" testName="VSTest_Generate_AttrModel_Methods_WAP_Code_Inline_CS" computerName="WNVM19648" duration="00:00:05.3908273" startTime="2018-04-17T01:27:43.9853763-07:00" endTime="2018-04-17T01:27:49.3762036-07:00" testType="13cdc9d9-ddb5-4fa4-a97d-d965ccfc6d4b" outcome="Passed" testListId="8c84fa94-04c1-424b-9868-57a2d4851a1d" relativeResultsDirectory="4cfe8614-167d-4860-bdb4-97a5e7c719c5">
      <Output>
        <StdOut>+ GenerateDataMethodTests::VSTest_Generate_AttrModel_Methods_WAP_Code_Inline_CS
    + ApexTest TestInitialize
    + ExternalProcessHostTest TestInitialize
        (01:29:25.901) [Visual Studio Host (840):RoamingSettingsService] Disabling roaming settings.
        (01:29:26.204) [Visual Studio Host (840):SettingsService] Setting Visual Studio option 'Environment\RoamingSettings\RoamingEnabled' to 'False'.
        (01:29:26.960) [Visual Studio Host (840):TextEditorDocumentWindowTestExtension] Showing window 'CodeInline.aspx' without activating the window.
        (01:29:27.188) [Visual Studio Host (840):TextEditorDocumentWindowTestExtension] Showing window 'CodeInline.aspx'.
        (01:29:27.395) [Visual Studio Host (840):VisualStudioTextEditorTestExtension] Setting keyboard focus to editor 'CodeInline.aspx'.
        (01:29:27.562) [Visual Studio Host (840):MainWindowService] Activating main window to bring it to the foreground.
        (01:29:27.719) [Visual Studio Host (840):MainWindowService] Setting main window state to 'Maximized'.
    (01:29:28.061) [Visual Studio Host (840):TextEditorDocumentWindowTestExtension] Showing window 'CodeInline.aspx' without activating the window.
    (01:29:28.206) [Visual Studio Host (840):TextEditorDocumentWindowTestExtension] Showing window 'CodeInline.aspx'.
    + ExternalProcessHostTest TestCleanup
        (01:29:28.614) [Visual Studio Host (840):TextEditorDocumentWindowTestExtension] Closing window 'CodeInline.aspx'.
        (01:29:28.970) [Platform:Testcase] Test 'VSTest_Generate_AttrModel_Methods_WAP_Code_Inline_CS' has 'Passed' outcome. Therefore, Apex will not shut down the 'Visual Studio Host (840)' with process ID '840'. A subsequent test scenario will run on the same instance of the host.
    + Final Test Result Verification
        (01:29:29.535) [Platform:DelayedAssertionVerifierSink] Verification Success: 0 verification steps failed.
    + ApexTest TestCleanup</StdOut>
      </Output>
      <ResultFiles>
        <ResultFile path="WNVM19648\Fail.22wpw0oka5fs.png" />
        <ResultFile path="WNVM19648\Fail.33ju4eduay3u.png" />
        <ResultFile path="WNVM19648\Fail.aswak04hapa5.png" />
        <ResultFile path="WNVM19648\Fail.azqsczivabnm.png" />
        <ResultFile path="WNVM19648\Fail.byuslv5baqsd.png" />
        <ResultFile path="WNVM19648\Fail.ek4tb3wmalyl.png" />
        <ResultFile path="WNVM19648\Fail.ig2gsfz5ad1y.png" />
        <ResultFile path="WNVM19648\Fail.kxs1ersmaxma.png" />
        <ResultFile path="WNVM19648\Fail.loc0xhl5a2hr.png" />
        <ResultFile path="WNVM19648\Fail.o4kkrjboasbk.png" />
        <ResultFile path="WNVM19648\Fail.o5zf0zepaw0l.png" />
        <ResultFile path="WNVM19648\Fail.qbnuydioazjy.png" />
        <ResultFile path="WNVM19648\Fail.raasvsmeanc1.png" />
        <ResultFile path="WNVM19648\Fail.sidku4gxamg4.png" />
        <ResultFile path="WNVM19648\Fail.t4yj0fxuatil.png" />
        <ResultFile path="WNVM19648\Fail.z10rn0n5ajdm.png" />
        <ResultFile path="WNVM19648\OmniLog.html" />
        <ResultFile path="WNVM19648\OmniLogRawXml.xml" />
      </ResultFiles>
    </UnitTestResult>
    <UnitTestResult executionId="eefd0870-6bb3-4cff-9dca-ede2cd5d829c" testId="b5d71830-0232-5ad5-b8ac-d16dba5fb977" testName="VSTest_ItemType_Auto_completion" computerName="WNVM19648" duration="00:00:26.3924476" startTime="2018-04-17T00:12:55.8616434-07:00" endTime="2018-04-17T00:13:22.2540910-07:00" testType="13cdc9d9-ddb5-4fa4-a97d-d965ccfc6d4b" outcome="Passed" testListId="8c84fa94-04c1-424b-9868-57a2d4851a1d" relativeResultsDirectory="eefd0870-6bb3-4cff-9dca-ede2cd5d829c">
      <Output>
        <StdOut>+ ItemTypeTests::VSTest_ItemType_Auto_completion
    + ApexTest TestInitialize
    + ExternalProcessHostTest TestInitialize
        (14:37.292) [Visual Studio Host (6956):RoamingSettingsService] Disabling roaming settings.
        (14:37.358) [Visual Studio Host (6956):SettingsService] Setting Visual Studio option 'Environment\RoamingSettings\RoamingEnabled' to 'False'.
        (14:38.243) [Visual Studio Host (6956):TextEditorDocumentWindowTestExtension] Showing window 'WebForm1.aspx' without activating the window.
        (14:38.349) [Visual Studio Host (6956):TextEditorDocumentWindowTestExtension] Showing window 'WebForm1.aspx'.
        (14:38.483) [Visual Studio Host (6956):VisualStudioTextEditorTestExtension] Setting keyboard focus to editor 'WebForm1.aspx'.
        (14:38.777) [Visual Studio Host (6956):MainWindowService] Activating main window to bring it to the foreground.
        (14:38.865) [Visual Studio Host (6956):MainWindowService] Setting main window state to 'Maximized'.
    (14:39.033) [Visual Studio Host (6956):BuildManagerService] Solution Build started.
    (14:57.536) [Visual Studio Host (6956):TextEditorDocumentWindowTestExtension] Showing window 'WebForm1.aspx' without activating the window.
    (14:57.635) [Visual Studio Host (6956):TextEditorDocumentWindowTestExtension] Showing window 'WebForm1.aspx'.
    (14:57.782) [Visual Studio Host (6956):VisualStudioCaretTestExtension] Moving the caret from (Ln: 1, Ch: 1) to (Ln: 12, Ch: 53)
    (14:57.915) [Visual Studio Host (6956):TextEditorDocumentWindowTestExtension] Showing window 'WebForm1.aspx' without activating the window.
    (14:57.980) [Visual Studio Host (6956):TextEditorDocumentWindowTestExtension] Showing window 'WebForm1.aspx'.
    (15:01.036) [Visual Studio Host (6956):TextEditorDocumentWindowTestExtension] Showing window 'WebForm1.aspx' without activating the window.
    (15:02.029) [Visual Studio Host (6956):TextEditorDocumentWindowTestExtension] Showing window 'WebForm1.aspx'.
    (15:02.150) [Visual Studio Host (6956):VisualStudioIntellisenseService] Getting the active completion at position '(Ln: 12, Ch: 63)'.
    (15:02.275) [Visual Studio Host (6956):VisualStudioCompletionListTestExtension] Found completion item with name 
    (15:02.343) [Visual Studio Host (6956):VisualStudioCompletionListTestExtension] Found completion item with name 
    + ExternalProcessHostTest TestCleanup
        (15:02.453) [Visual Studio Host (6956):TextEditorDocumentWindowTestExtension] Closing window 'WebForm1.aspx'.
        (15:02.875) [Platform:Testcase] Test 'VSTest_ItemType_Auto_completion' has 'Passed' outcome. Therefore, Apex will not shut down the 'Visual Studio Host (6956)' with process ID '6956'. A subsequent test scenario will run on the same instance of the host.
    + Final Test Result Verification
        (15:03.052) [Platform:DelayedAssertionVerifierSink] Verification Success: 0 verification steps failed.
    + ApexTest TestCleanup</StdOut>
      </Output>
      <ResultFiles>
        <ResultFile path="WNVM19648\Fail.ig2gsfz5ad1y.png" />
        <ResultFile path="WNVM19648\OmniLog.html" />
        <ResultFile path="WNVM19648\OmniLogRawXml.xml" />
      </ResultFiles>
    </UnitTestResult>
    <UnitTestResult executionId="bf025613-dfd8-4f87-961a-562efbe4475f" testId="0a1865c8-8559-78e8-c522-5066d26c339c" testName="VSTest_Dump_VBScript_Breakpoints" computerName="WNVM19648" duration="00:00:02.0508589" startTime="2018-04-17T00:15:05.5039345-07:00" endTime="2018-04-17T00:15:07.5547934-07:00" testType="13cdc9d9-ddb5-4fa4-a97d-d965ccfc6d4b" outcome="Passed" testListId="8c84fa94-04c1-424b-9868-57a2d4851a1d" relativeResultsDirectory="bf025613-dfd8-4f87-961a-562efbe4475f">
      <Output>
        <StdOut>+ DebugTests::VSTest_Dump_VBScript_Breakpoints
    + ApexTest TestInitialize
    + ExternalProcessHostTest TestInitialize
        (16:46.871) [Visual Studio Host (6956):RoamingSettingsService] Disabling roaming settings.
        (16:46.929) [Visual Studio Host (6956):SettingsService] Setting Visual Studio option 'Environment\RoamingSettings\RoamingEnabled' to 'False'.
        (16:47.389) [Visual Studio Host (6956):TextEditorDocumentWindowTestExtension] Showing window 'VBScript.vbs' without activating the window.
        (16:47.499) [Visual Studio Host (6956):TextEditorDocumentWindowTestExtension] Showing window 'VBScript.vbs'.
        (16:47.586) [Visual Studio Host (6956):VisualStudioTextEditorTestExtension] Setting keyboard focus to editor 'VBScript.vbs'.
        (16:47.659) [Visual Studio Host (6956):MainWindowService] Activating main window to bring it to the foreground.
        (16:47.719) [Visual Studio Host (6956):MainWindowService] Setting main window state to 'Maximized'.
    + ExternalProcessHostTest TestCleanup
        (16:47.927) [Visual Studio Host (6956):TextEditorDocumentWindowTestExtension] Closing window 'VBScript.vbs'.
        (16:48.149) [Platform:Testcase] Test 'VSTest_Dump_VBScript_Breakpoints' has 'Passed' outcome. Therefore, Apex will not shut down the 'Visual Studio Host (6956)' with process ID '6956'. A subsequent test scenario will run on the same instance of the host.
    + Final Test Result Verification
        (16:48.380) [Platform:DelayedAssertionVerifierSink] Verification Success: 0 verification steps failed.
    + ApexTest TestCleanup</StdOut>
      </Output>
      <ResultFiles>
        <ResultFile path="WNVM19648\Fail.azqsczivabnm.png" />
        <ResultFile path="WNVM19648\Fail.ig2gsfz5ad1y.png" />
        <ResultFile path="WNVM19648\Fail.o5zf0zepaw0l.png" />
        <ResultFile path="WNVM19648\OmniLog.html" />
        <ResultFile path="WNVM19648\OmniLogRawXml.xml" />
      </ResultFiles>
    </UnitTestResult>
    <UnitTestResult executionId="1755c5ac-b96d-41d4-a497-11a3bb543d70" testId="21292bd6-20a3-b296-afb0-ea32ccaadb19" testName="VSTest_RazorV4TypeWithErrorInCshtml" computerName="WNVM19648" duration="00:00:30.1063097" startTime="2018-04-17T01:09:10.1000090-07:00" endTime="2018-04-17T01:09:40.2063187-07:00" testType="13cdc9d9-ddb5-4fa4-a97d-d965ccfc6d4b" outcome="Passed" testListId="8c84fa94-04c1-424b-9868-57a2d4851a1d" relativeResultsDirectory="1755c5ac-b96d-41d4-a497-11a3bb543d70">
      <Output>
        <StdOut>+ CSharpGeneralTests::VSTest_RazorV4TypeWithErrorInCshtml
    + ApexTest TestInitialize
    + ExternalProcessHostTest TestInitialize
        (01:10:56.397) [Visual Studio Host (4384):RoamingSettingsService] Disabling roaming settings.
        (01:10:56.555) [Visual Studio Host (4384):SettingsService] Setting Visual Studio option 'Environment\RoamingSettings\RoamingEnabled' to 'False'.
        (01:10:57.206) [Visual Studio Host (4384):TextEditorDocumentWindowTestExtension] Showing window 'TypeWithError.cshtml' without activating the window.
        (01:10:57.582) [Visual Studio Host (4384):TextEditorDocumentWindowTestExtension] Showing window 'TypeWithError.cshtml'.
        (01:10:57.883) [Visual Studio Host (4384):VisualStudioTextEditorTestExtension] Setting keyboard focus to editor 'TypeWithError.cshtml'.
        (01:10:58.056) [Visual Studio Host (4384):SettingsService] Getting value of Visual Studio Setting 'TextEditor\HTMLX\BraceCompletion'. 
        (01:10:58.248) [Visual Studio Host (4384):SettingsService] Setting Visual Studio option 'TextEditor\HTMLX\BraceCompletion' to 'False'.
        (01:10:58.394) [Visual Studio Host (4384):MainWindowService] Activating main window to bring it to the foreground.
        (01:10:58.599) [Visual Studio Host (4384):MainWindowService] Setting main window state to 'Maximized'.
    (01:10:58.897) [Visual Studio Host (4384):TextEditorDocumentWindowTestExtension] Showing window 'TypeWithError.cshtml' without activating the window.
    (01:10:59.051) [Visual Studio Host (4384):TextEditorDocumentWindowTestExtension] Showing window 'TypeWithError.cshtml'.
    (01:10:59.209) [Visual Studio Host (4384):VisualStudioCaretTestExtension] Moving the caret from (Ln: 1, Ch: 1) to (Ln: 4, Ch: 1)
    (01:10:59.378) [Visual Studio Host (4384):TextEditorDocumentWindowTestExtension] Showing window 'TypeWithError.cshtml' without activating the window.
    (01:10:59.557) [Visual Studio Host (4384):TextEditorDocumentWindowTestExtension] Showing window 'TypeWithError.cshtml'.
    (01:10:59.735) [Visual Studio Host (4384):VisualStudioTextEditingActions] Inserting text: '@if(true)' at the current caret position: '(Ln: 4, Ch: 1)'
    (01:11:00.247) [Visual Studio Host (4384):TextEditorDocumentWindowTestExtension] Showing window 'TypeWithError.cshtml' without activating the window.
    (01:11:00.431) [Visual Studio Host (4384):TextEditorDocumentWindowTestExtension] Showing window 'TypeWithError.cshtml'.
    (01:11:00.591) [Visual Studio Host (4384):VisualStudioTextEditingActions] Inserting text combine CRLF as single return: '
' at the current caret position: '(Ln: 4, Ch: 10)'
    (01:11:01.428) [Visual Studio Host (4384):TextEditorDocumentWindowTestExtension] Showing window 'TypeWithError.cshtml' without activating the window.
    (01:11:02.322) [Visual Studio Host (4384):TextEditorDocumentWindowTestExtension] Showing window 'TypeWithError.cshtml'.
    (01:11:03.167) [Visual Studio Host (4384):VisualStudioTextEditingActions] Inserting text: '{' at the current caret position: '(Ln: 5, Ch: 5)'
    (01:11:04.203) [Visual Studio Host (4384):TextEditorDocumentWindowTestExtension] Showing window 'TypeWithError.cshtml' without activating the window.
    (01:11:05.070) [Visual Studio Host (4384):TextEditorDocumentWindowTestExtension] Showing window 'TypeWithError.cshtml'.
    (01:11:05.897) [Visual Studio Host (4384):VisualStudioTextEditingActions] Inserting text combine CRLF as single return: '
' at the current caret position: '(Ln: 5, Ch: 2)'
    (01:11:06.756) [Visual Studio Host (4384):TextEditorDocumentWindowTestExtension] Showing window 'TypeWithError.cshtml' without activating the window.
    (01:11:07.677) [Visual Studio Host (4384):TextEditorDocumentWindowTestExtension] Showing window 'TypeWithError.cshtml'.
    (01:11:08.608) [Visual Studio Host (4384):VisualStudioTextEditingActions] Inserting text: '@if' at the current caret position: '(Ln: 6, Ch: 5)'
    (01:11:10.433) [Visual Studio Host (4384):TextEditorDocumentWindowTestExtension] Showing window 'TypeWithError.cshtml' without activating the window.
    (01:11:11.273) [Visual Studio Host (4384):TextEditorDocumentWindowTestExtension] Showing window 'TypeWithError.cshtml'.
    (01:11:12.103) [Visual Studio Host (4384):TextEditorDocumentWindowTestExtension] Showing window 'TypeWithError.cshtml' without activating the window.
    (01:11:12.893) [Visual Studio Host (4384):TextEditorDocumentWindowTestExtension] Showing window 'TypeWithError.cshtml'.
    + ExternalProcessHostTest TestCleanup
        (01:11:14.578) [Visual Studio Host (4384):SettingsService] Setting Visual Studio option 'TextEditor\HTMLX\BraceCompletion' to 'True'.
        (01:11:15.406) [Visual Studio Host (4384):TextEditorDocumentWindowTestExtension] Closing window 'TypeWithError.cshtml'.
        (01:11:16.251) [Platform:Testcase] Test 'VSTest_RazorV4TypeWithErrorInCshtml' has 'Passed' outcome. Therefore, Apex will not shut down the 'Visual Studio Host (4384)' with process ID '4384'. A subsequent test scenario will run on the same instance of the host.
    + Final Test Result Verification
        (01:11:18.570) [Platform:DelayedAssertionVerifierSink] Verification Success: 0 verification steps failed.
    + ApexTest TestCleanup</StdOut>
      </Output>
      <ResultFiles>
        <ResultFile path="WNVM19648\Fail.azqsczivabnm.png" />
        <ResultFile path="WNVM19648\Fail.ig2gsfz5ad1y.png" />
        <ResultFile path="WNVM19648\Fail.o5zf0zepaw0l.png" />
        <ResultFile path="WNVM19648\Fail.raasvsmeanc1.png" />
        <ResultFile path="WNVM19648\Fail.t4yj0fxuatil.png" />
        <ResultFile path="WNVM19648\Fail.z10rn0n5ajdm.png" />
        <ResultFile path="WNVM19648\OmniLog.html" />
        <ResultFile path="WNVM19648\OmniLogRawXml.xml" />
      </ResultFiles>
    </UnitTestResult>
    <UnitTestResult executionId="a0c8cffc-26b8-42ae-bc9a-2b6315b51985" testId="68b3ce0d-94c6-3486-e853-c4ec64b94491" testName="VSTest_SaveAs_StartWithHtml" computerName="WNVM19648" duration="00:00:14.4520649" startTime="2018-04-17T00:17:38.0414276-07:00" endTime="2018-04-17T00:17:52.4934925-07:00" testType="13cdc9d9-ddb5-4fa4-a97d-d965ccfc6d4b" outcome="Passed" testListId="8c84fa94-04c1-424b-9868-57a2d4851a1d" relativeResultsDirectory="a0c8cffc-26b8-42ae-bc9a-2b6315b51985">
      <Output>
        <StdOut>+ SaveAsTests::VSTest_SaveAs_StartWithHtml
    + ApexTest TestInitialize
    + ExternalProcessHostTest TestInitialize
        (19:19.429) [Visual Studio Host (6956):RoamingSettingsService] Disabling roaming settings.
        (19:19.488) [Visual Studio Host (6956):SettingsService] Setting Visual Studio option 'Environment\RoamingSettings\RoamingEnabled' to 'False'.
        (19:19.832) [Visual Studio Host (6956):TextEditorDocumentWindowTestExtension] Showing window 'SaveAs.html' without activating the window.
        (19:19.931) [Visual Studio Host (6956):TextEditorDocumentWindowTestExtension] Showing window 'SaveAs.html'.
        (19:20.012) [Visual Studio Host (6956):VisualStudioTextEditorTestExtension] Setting keyboard focus to editor 'SaveAs.html'.
        (19:20.081) [Visual Studio Host (6956):MainWindowService] Activating main window to bring it to the foreground.
        (19:20.144) [Visual Studio Host (6956):MainWindowService] Setting main window state to 'Maximized'.
    (19:20.786) [Visual Studio Host (6956):TextEditorDocumentWindowTestExtension] Showing window 'SaveAs.html' without activating the window.
    (19:20.869) [Visual Studio Host (6956):TextEditorDocumentWindowTestExtension] Showing window 'SaveAs.html'.
    (19:21.030) [Visual Studio Host (6956):TextEditorDocumentWindowTestExtension] Showing window 'SaveAs.html' without activating the window.
    (19:21.231) [Visual Studio Host (6956):TextEditorDocumentWindowTestExtension] Showing window 'SaveAs.html'.
    (19:21.353) [Visual Studio Host (6956):VisualStudioIntellisenseService] Getting the active completion at position '(Ln: 1, Ch: 2)'.
    (19:21.407) [Visual Studio Host (6956):VisualStudioCompletionListTestExtension] Found completion item with name 
    (19:21.525) [Visual Studio Host (6956):ProjectItemTestExtension] Rename ProjectFile 'SaveAs.html' to 'SaveAs.json'
    (19:21.621) [Visual Studio Host (6956):ToolWindowTestExtension] Showing window 'Solution Explorer' without activating the window.
    (19:21.671) [Visual Studio Host (6956):ToolWindowTestExtension] Showing window 'Solution Explorer'.
    (19:21.778) [Visual Studio Host (6956):SolutionExplorerService] Expanding item 'misc' in tool window 'Solution Explorer'
    (19:21.841) [Visual Studio Host (6956):ToolWindowTestExtension] Showing window 'Solution Explorer'.
    (19:21.904) [Visual Studio Host (6956):SolutionExplorerService] Selecting item 'SaveAs.html' in tool window 'Solution Explorer'
    (19:24.690) [Visual Studio Host (6956):TextEditorDocumentWindowTestExtension] Showing window 'SaveAs.json' without activating the window.
    (19:24.783) [Visual Studio Host (6956):TextEditorDocumentWindowTestExtension] Showing window 'SaveAs.json'.
    (19:25.110) [Visual Studio Host (6956):TextEditorDocumentWindowTestExtension] Showing window 'SaveAs.json' without activating the window.
    (19:25.183) [Visual Studio Host (6956):TextEditorDocumentWindowTestExtension] Showing window 'SaveAs.json'.
    (19:25.305) [Visual Studio Host (6956):ProjectItemTestExtension] Rename ProjectFile 'SaveAs.json' to 'SaveAs.cshtml'
    (19:25.393) [Visual Studio Host (6956):SolutionExplorerService] Expanding item 'misc' in tool window 'Solution Explorer'
    (19:25.440) [Visual Studio Host (6956):ToolWindowTestExtension] Showing window 'Solution Explorer'.
    (19:25.522) [Visual Studio Host (6956):SolutionExplorerService] Selecting item 'SaveAs.json' in tool window 'Solution Explorer'
    (19:25.797) [Visual Studio Host (6956):TextEditorDocumentWindowTestExtension] Showing window 'SaveAs.cshtml' without activating the window.
    (19:25.879) [Visual Studio Host (6956):TextEditorDocumentWindowTestExtension] Showing window 'SaveAs.cshtml'.
    (19:26.064) [Visual Studio Host (6956):TextEditorDocumentWindowTestExtension] Showing window 'SaveAs.cshtml' without activating the window.
    (19:26.123) [Visual Studio Host (6956):TextEditorDocumentWindowTestExtension] Showing window 'SaveAs.cshtml'.
    (19:26.197) [Visual Studio Host (6956):VisualStudioIntellisenseService] Getting the active completion at position '(Ln: 1, Ch: 2)'.
    (19:26.257) [Visual Studio Host (6956):VisualStudioCompletionListTestExtension] Found completion item with name 
    (19:26.370) [Visual Studio Host (6956):ProjectItemTestExtension] Rename ProjectFile 'SaveAs.cshtml' to 'SaveAs.css'
    (19:26.451) [Visual Studio Host (6956):SolutionExplorerService] Expanding item 'misc' in tool window 'Solution Explorer'
    (19:26.507) [Visual Studio Host (6956):ToolWindowTestExtension] Showing window 'Solution Explorer'.
    (19:26.579) [Visual Studio Host (6956):SolutionExplorerService] Selecting item 'SaveAs.cshtml' in tool window 'Solution Explorer'
    (19:26.890) [Visual Studio Host (6956):TextEditorDocumentWindowTestExtension] Showing window 'SaveAs.css' without activating the window.
    (19:27.005) [Visual Studio Host (6956):TextEditorDocumentWindowTestExtension] Showing window 'SaveAs.css'.
    (19:27.283) [Visual Studio Host (6956):TextEditorDocumentWindowTestExtension] Showing window 'SaveAs.css' without activating the window.
    (19:27.396) [Visual Studio Host (6956):TextEditorDocumentWindowTestExtension] Showing window 'SaveAs.css'.
    (19:27.539) [Visual Studio Host (6956):VisualStudioIntellisenseService] Getting the active completion at position '(Ln: 1, Ch: 4)'.
    (19:27.592) [Visual Studio Host (6956):VisualStudioCompletionListTestExtension] Found completion item with name 
    (19:27.714) [Visual Studio Host (6956):ProjectItemTestExtension] Rename ProjectFile 'SaveAs.css' to 'SaveAs.html'
    (19:27.835) [Visual Studio Host (6956):SolutionExplorerService] Expanding item 'misc' in tool window 'Solution Explorer'
    (19:27.897) [Visual Studio Host (6956):ToolWindowTestExtension] Showing window 'Solution Explorer'.
    (19:27.988) [Visual Studio Host (6956):SolutionExplorerService] Selecting item 'SaveAs.css' in tool window 'Solution Explorer'
    (19:28.297) [Visual Studio Host (6956):TextEditorDocumentWindowTestExtension] Showing window 'SaveAs.html' without activating the window.
    (19:28.398) [Visual Studio Host (6956):TextEditorDocumentWindowTestExtension] Showing window 'SaveAs.html'.
    (19:28.524) [Visual Studio Host (6956):TextEditorDocumentWindowTestExtension] Showing window 'SaveAs.html' without activating the window.
    (19:28.626) [Visual Studio Host (6956):TextEditorDocumentWindowTestExtension] Showing window 'SaveAs.html'.
    (19:28.731) [Visual Studio Host (6956):VisualStudioIntellisenseService] Getting the active completion at position '(Ln: 1, Ch: 2)'.
    (19:28.806) [Visual Studio Host (6956):VisualStudioCompletionListTestExtension] Found completion item with name 
    (19:28.925) [Visual Studio Host (6956):ProjectItemTestExtension] Rename ProjectFile 'SaveAs.html' to 'SaveAs.json'
    (19:29.022) [Visual Studio Host (6956):SolutionExplorerService] Expanding item 'misc' in tool window 'Solution Explorer'
    (19:29.078) [Visual Studio Host (6956):ToolWindowTestExtension] Showing window 'Solution Explorer'.
    (19:29.139) [Visual Studio Host (6956):SolutionExplorerService] Selecting item 'SaveAs.html' in tool window 'Solution Explorer'
    (19:29.434) [Visual Studio Host (6956):TextEditorDocumentWindowTestExtension] Showing window 'SaveAs.json' without activating the window.
    (19:29.489) [Visual Studio Host (6956):TextEditorDocumentWindowTestExtension] Showing window 'SaveAs.json'.
    (19:29.689) [Visual Studio Host (6956):TextEditorDocumentWindowTestExtension] Showing window 'SaveAs.json' without activating the window.
    (19:29.778) [Visual Studio Host (6956):TextEditorDocumentWindowTestExtension] Showing window 'SaveAs.json'.
    (19:29.890) [Visual Studio Host (6956):ProjectItemTestExtension] Rename ProjectFile 'SaveAs.json' to 'SaveAs.cshtml'
    (19:29.970) [Visual Studio Host (6956):SolutionExplorerService] Expanding item 'misc' in tool window 'Solution Explorer'
    (19:30.032) [Visual Studio Host (6956):ToolWindowTestExtension] Showing window 'Solution Explorer'.
    (19:30.122) [Visual Studio Host (6956):SolutionExplorerService] Selecting item 'SaveAs.json' in tool window 'Solution Explorer'
    (19:30.368) [Visual Studio Host (6956):TextEditorDocumentWindowTestExtension] Showing window 'SaveAs.cshtml' without activating the window.
    (19:30.451) [Visual Studio Host (6956):TextEditorDocumentWindowTestExtension] Showing window 'SaveAs.cshtml'.
    (19:30.581) [Visual Studio Host (6956):TextEditorDocumentWindowTestExtension] Showing window 'SaveAs.cshtml' without activating the window.
    (19:30.649) [Visual Studio Host (6956):TextEditorDocumentWindowTestExtension] Showing window 'SaveAs.cshtml'.
    (19:30.711) [Visual Studio Host (6956):VisualStudioIntellisenseService] Getting the active completion at position '(Ln: 1, Ch: 2)'.
    (19:30.798) [Visual Studio Host (6956):VisualStudioCompletionListTestExtension] Found completion item with name 
    (19:30.880) [Visual Studio Host (6956):ProjectItemTestExtension] Rename ProjectFile 'SaveAs.cshtml' to 'SaveAs.css'
    (19:30.949) [Visual Studio Host (6956):SolutionExplorerService] Expanding item 'misc' in tool window 'Solution Explorer'
    (19:31.006) [Visual Studio Host (6956):ToolWindowTestExtension] Showing window 'Solution Explorer'.
    (19:31.078) [Visual Studio Host (6956):SolutionExplorerService] Selecting item 'SaveAs.cshtml' in tool window 'Solution Explorer'
    (19:31.315) [Visual Studio Host (6956):TextEditorDocumentWindowTestExtension] Showing window 'SaveAs.css' without activating the window.
    (19:31.435) [Visual Studio Host (6956):TextEditorDocumentWindowTestExtension] Showing window 'SaveAs.css'.
    (19:32.126) [Visual Studio Host (6956):TextEditorDocumentWindowTestExtension] Showing window 'SaveAs.css' without activating the window.
    (19:32.233) [Visual Studio Host (6956):TextEditorDocumentWindowTestExtension] Showing window 'SaveAs.css'.
    (19:32.333) [Visual Studio Host (6956):VisualStudioIntellisenseService] Getting the active completion at position '(Ln: 1, Ch: 4)'.
    (19:32.414) [Visual Studio Host (6956):VisualStudioCompletionListTestExtension] Found completion item with name 
    (19:32.550) [Visual Studio Host (6956):ProjectItemTestExtension] Rename ProjectFile 'SaveAs.css' to 'SaveAs.html'
    (19:32.623) [Visual Studio Host (6956):SolutionExplorerService] Expanding item 'misc' in tool window 'Solution Explorer'
    (19:32.674) [Visual Studio Host (6956):ToolWindowTestExtension] Showing window 'Solution Explorer'.
    (19:32.762) [Visual Studio Host (6956):SolutionExplorerService] Selecting item 'SaveAs.css' in tool window 'Solution Explorer'
    + ExternalProcessHostTest TestCleanup
        (19:33.059) [Visual Studio Host (6956):TextEditorDocumentWindowTestExtension] Closing window 'SaveAs.html'.
        (19:33.193) [Platform:Testcase] Test 'VSTest_SaveAs_StartWithHtml' has 'Passed' outcome. Therefore, Apex will not shut down the 'Visual Studio Host (6956)' with process ID '6956'. A subsequent test scenario will run on the same instance of the host.
    + Final Test Result Verification
        (19:33.355) [Platform:DelayedAssertionVerifierSink] Verification Success: 0 verification steps failed.
    + ApexTest TestCleanup</StdOut>
      </Output>
      <ResultFiles>
        <ResultFile path="WNVM19648\Fail.azqsczivabnm.png" />
        <ResultFile path="WNVM19648\Fail.ig2gsfz5ad1y.png" />
        <ResultFile path="WNVM19648\Fail.o5zf0zepaw0l.png" />
        <ResultFile path="WNVM19648\OmniLog.html" />
        <ResultFile path="WNVM19648\OmniLogRawXml.xml" />
      </ResultFiles>
    </UnitTestResult>
    <UnitTestResult executionId="d9568a27-5522-47a2-bd3b-9d199deafbcd" testId="7bc6a1bf-5c29-3dea-7973-2c6d430e94da" testName="VSTest_Razor_Diff (SideBySide)" computerName="WNVM19648" startTime="2018-04-17T01:21:33.2680599-07:00" endTime="2018-04-17T01:21:33.2680599-07:00" testType="13cdc9d9-ddb5-4fa4-a97d-d965ccfc6d4b" outcome="NotExecuted" testListId="8c84fa94-04c1-424b-9868-57a2d4851a1d" relativeResultsDirectory="d9568a27-5522-47a2-bd3b-9d199deafbcd">
      <Output>
      </Output>
    </UnitTestResult>
    <UnitTestResult executionId="ec5029cc-a76b-4dab-aaa5-0afea6468330" testId="a4f4fe5a-fc22-0a58-463e-acabd5e1367d" testName="VSTest_JSON_SuggestedActions_Bower_UninstallBehavior" computerName="WNVM19648" duration="00:00:10.4345445" startTime="2018-04-17T01:55:07.6517164-07:00" endTime="2018-04-17T01:55:18.0862609-07:00" testType="13cdc9d9-ddb5-4fa4-a97d-d965ccfc6d4b" outcome="Failed" testListId="8c84fa94-04c1-424b-9868-57a2d4851a1d" relativeResultsDirectory="ec5029cc-a76b-4dab-aaa5-0afea6468330">
      <Output>
        <StdOut>+ BowerActions::VSTest_JSON_SuggestedActions_Bower_UninstallBehavior
    + ApexTest TestInitialize
    + ExternalProcessHostTest TestInitialize
        (01:56:49.363) [Visual Studio Host (6752):RoamingSettingsService] Disabling roaming settings.
        (01:56:49.501) [Visual Studio Host (6752):SettingsService] Setting Visual Studio option 'Environment\RoamingSettings\RoamingEnabled' to 'False'.
        (01:56:49.921) [Visual Studio Host (6752):TextEditorDocumentWindowTestExtension] Showing window 'bower.json' without activating the window.
        (01:56:50.121) [Visual Studio Host (6752):TextEditorDocumentWindowTestExtension] Showing window 'bower.json'.
        (01:56:50.272) [Visual Studio Host (6752):VisualStudioTextEditorTestExtension] Setting keyboard focus to editor 'bower.json'.
        (01:56:50.423) [Visual Studio Host (6752):SettingsService] Getting value of Visual Studio Setting 'Environment\Documents\AutoloadExternalChanges'. 
        (01:56:50.569) [Visual Studio Host (6752):SettingsService] Setting Visual Studio option 'Environment\Documents\AutoloadExternalChanges' to 'True'.
        (01:56:50.709) [Visual Studio Host (6752):MainWindowService] Activating main window to bring it to the foreground.
        (01:56:50.854) [Visual Studio Host (6752):MainWindowService] Setting main window state to 'Maximized'.
    + Verify Uninstall removes the package
        (01:56:51.332) [Visual Studio Host (6752):TextEditorDocumentWindowTestExtension] Showing window 'bower.json' without activating the window.
        (01:56:51.485) [Visual Studio Host (6752):TextEditorDocumentWindowTestExtension] Showing window 'bower.json'.
        (01:56:51.645) [Visual Studio Host (6752):VisualStudioCaretTestExtension] Moving the caret to '' at (Ln: 8, Ch: 6) based on a regular expression.  Expression = ""()jquery-validation-unobtrusive"" [group index '1', match index '1', options 'Singleline, CultureInvariant']
        (01:56:51.796) [Visual Studio Host (6752):TextEditorDocumentWindowTestExtension] Showing window 'bower.json' without activating the window.
        (01:56:51.952) [Visual Studio Host (6752):TextEditorDocumentWindowTestExtension] Showing window 'bower.json'.
        (01:56:52.117) [Visual Studio Host (6752):VisualStudioLightBulbService] Did not find an active light bulb session. Please use Verify.IsLightBulbPresent() to make sure that the light bulb is present before requesting the LightBulb session.
        Warning: (01:56:52.318) [Visual Studio Host (6752):VisualStudioLightBulbService] No light bulb session provided to create a test extension.
        (01:56:52.764) [Visual Studio Host (6752):VisualStudioLightBulbService] Getting the active light bulb session at position '(Ln: 8, Ch: 6)'.
        VerificationPass: (01:56:52.928) [Visual Studio Host (6752):VisualStudioLightBulbServiceVerifier] Verification passed: Light bulb is present within a timeout of 00:00:10.
        (01:56:53.076) [Visual Studio Host (6752):TextEditorDocumentWindowTestExtension] Showing window 'bower.json' without activating the window.
        (01:56:53.224) [Visual Studio Host (6752):TextEditorDocumentWindowTestExtension] Showing window 'bower.json'.
        (01:56:53.375) [Visual Studio Host (6752):VisualStudioLightBulbService] Getting the active light bulb session at position '(Ln: 8, Ch: 6)'.
        (01:56:53.535) [Visual Studio Host (6752):LightBulbTestExtension] Retrieved '4' light bulb suggested actions.
        (01:56:53.697) [Visual Studio Host (6752):LightBulbSuggestedAction] Invoking light bulb suggestion action 'Uninstall Package'.
    Error: (01:56:54.155) [Platform:Testcase] Test method Microsoft.VisualStudio.Web.Editors.IntegrationTests.JSON.SuggestedActions.BowerActions.VSTest_JSON_SuggestedActions_Bower_UninstallBehavior threw exception. System.ArgumentException: The path is not of a legal form.
   at Microsoft.VisualStudio.Web.Common.TestAdapter.ParameterizedTests.ReflectionUtilities.InvokeMethod(Object targetObject, MethodInfo method, Object[] methodArguments, String exceptionMessageFormat) in D:\dd\WTE\Main\test\Common\TestAdapter\ParameterizedTests\ReflectionUtilities.cs:line 190
   at Microsoft.VisualStudio.Web.Common.TestAdapter.ParameterizedTests.TestMethodInfo.Invoke(Object testObject, TestExecutionContext context) in D:\dd\WTE\Main\test\Common\TestAdapter\ParameterizedTests\TestMethodInfo.cs:line 64
    + ExternalProcessHostTest TestCleanup
        (01:56:54.868) [Visual Studio Host (6752):SettingsService] Setting Visual Studio option 'Environment\Documents\AutoloadExternalChanges' to 'True'.
        (01:56:55.042) [Visual Studio Host (6752):TextEditorDocumentWindowTestExtension] Closing window 'bower.json'.
        (01:56:55.390) [Visual Studio Host (6752):MainWindowService] Setting main window state to 'Maximized'.
        (01:56:55.570) [Visual Studio Host (6752):MainWindowService] Activating main window to bring it to the foreground.
        Warning: (01:56:55.814) [Platform:Microsoft.Test.Apex.Services.ScreenshotService] Exception occured when copying screenshot file from 'C:\TestBin\IntegrationTests\Failure.jpg' to 'C:\TestBin\IntegrationTests\TestResults\2018_04_16_23_55_50\Failure.jpg'.
        Warning: (01:56:55.814) [Platform:Microsoft.Test.Apex.Services.ScreenshotService] System.IO.IOException: The file 'C:\TestBin\IntegrationTests\TestResults\2018_04_16_23_55_50\Failure.jpg' already exists.
   at System.IO.__Error.WinIOError(Int32 errorCode, String maybeFullPath)
   at System.IO.File.InternalCopy(String sourceFileName, String destFileName, Boolean overwrite, Boolean checkHost)
   at System.IO.File.Copy(String sourceFileName, String destFileName, Boolean overwrite)
   at Microsoft.Test.Apex.Services.ScreenshotService.TakeOne(String categoryName, String fileNamePrefix, String repositoryPath) in F:\dd\src\omni\Apex\Framework\Services\Screenshot\ScreenshotService.cs:line 176
        (01:56:56.168) [Platform:ProcessCaptureService] Capturing screenshots for PID 6752 (devenv)
        Result file 'VSTest_JSON_SuggestedActions_Bower_UninstallBehavior-Failure-devenv.6752.png' added: file:///C:/TestBin/IntegrationTests/TestResults/2018_04_16_23_55_50/VSTest_JSON_SuggestedActions_Bower_UninstallBehavior-Failure-devenv.6752.png
        (01:56:56.623) [Platform:ProcessCaptureService] Bounding rectangle of HWND 0x5A0532 is size (0, 0), which cannot be captured.
        (01:56:56.770) [Platform:ProcessCaptureService] Bounding rectangle of HWND 0x220578 is size (0, 0), which cannot be captured.
    + Final Test Result Verification
        (01:56:57.231) [Platform:DelayedAssertionVerifierSink] Verification Success: 0 verification steps failed.
    + ApexTest TestCleanup</StdOut>
        <ErrorInfo>
          <Message>Test method Microsoft.VisualStudio.Web.Editors.IntegrationTests.JSON.SuggestedActions.BowerActions.VSTest_JSON_SuggestedActions_Bower_UninstallBehavior threw exception. System.ArgumentException: The path is not of a legal form.</Message>
          <StackTrace>   at System.IO.Path.LegacyNormalizePath(String path, Boolean fullCheck, Int32 maxPathLength, Boolean expandShortPaths)
   at System.IO.Path.NormalizePath(String path, Boolean fullCheck, Int32 maxPathLength, Boolean expandShortPaths)
   at System.IO.Path.InternalGetDirectoryName(String path)
   at System.IO.Path.GetDirectoryName(String path)
   at Microsoft.VisualStudio.Web.Editors.TestServices.Json.PackageManagementUtilities.get_CurrentProjectPath() in D:\dd\WTE\Main\test\Editors\TestServices\Json\PackageManagementUtilities.cs:line 46
   at Microsoft.VisualStudio.Web.Editors.TestServices.Json.PackageManagementUtilities.IsBowerDependencyPresent(String dependency) in D:\dd\WTE\Main\test\Editors\TestServices\Json\PackageManagementUtilities.cs:line 54
   at Microsoft.VisualStudio.Web.Editors.TestServices.Json.PackageManagementUtilities.&lt;&gt;c__DisplayClass6_0.&lt;WaitForBowerDependencyNotPresent&gt;b__0() in D:\dd\WTE\Main\test\Editors\TestServices\Json\PackageManagementUtilities.cs:line 67
   at Omni.Common.WaitFor.TryIsTrue(Func`1 predicate, TimeSpan timeout, Nullable`1 interval) in F:\dd\src\Omni\Common\WaitFor.cs:line 68
   at Microsoft.VisualStudio.Web.Common.TestServices.Utilities.WebUtility.WaitForExtensions.IsTrue(Func`1 predicate, TimeSpan timeout, Func`1 onTimeout) in D:\dd\WTE\Main\test\Common\TestServices\Utilities\WebUtility.cs:line 362
   at Microsoft.VisualStudio.Web.Editors.TestServices.Json.PackageManagementUtilities.WaitForBowerDependencyNotPresent(String dependency) in D:\dd\WTE\Main\test\Editors\TestServices\Json\PackageManagementUtilities.cs:line 67
   at Microsoft.VisualStudio.Web.Editors.IntegrationTests.JSON.SuggestedActions.BowerActions.VSTest_JSON_SuggestedActions_Bower_UninstallBehavior() in D:\dd\WTE\Main\test\Editors\IntegrationTests\JSON\SuggestedActions\BowerActions.cs:line 60</StackTrace>
        </ErrorInfo>
      </Output>
      <ResultFiles>
        <ResultFile path="WNVM19648\Fail.22wpw0oka5fs.png" />
        <ResultFile path="WNVM19648\Fail.24wtv1jnawc3.png" />
        <ResultFile path="WNVM19648\Fail.2lws5epta1gw.png" />
        <ResultFile path="WNVM19648\Fail.33ju4eduay3u.png" />
        <ResultFile path="WNVM19648\Fail.3poblbx4alvv.png" />
        <ResultFile path="WNVM19648\Fail.4p531ykxaqdb.png" />
        <ResultFile path="WNVM19648\Fail.5erbsz3aa4ay.png" />
        <ResultFile path="WNVM19648\Fail.ashpv3rjajjr.png" />
        <ResultFile path="WNVM19648\Fail.aswak04hapa5.png" />
        <ResultFile path="WNVM19648\Fail.azqsczivabnm.png" />
        <ResultFile path="WNVM19648\Fail.byuslv5baqsd.png" />
        <ResultFile path="WNVM19648\Fail.bz134qwyax2e.png" />
        <ResultFile path="WNVM19648\Fail.ek4tb3wmalyl.png" />
        <ResultFile path="WNVM19648\Fail.hxi2cahnapy2.png" />
        <ResultFile path="WNVM19648\Fail.ig2gsfz5ad1y.png" />
        <ResultFile path="WNVM19648\Fail.iymeazuqablz.png" />
        <ResultFile path="WNVM19648\Fail.jpga4adlarrf.png" />
        <ResultFile path="WNVM19648\Fail.kfb5og41ajlt.png" />
        <ResultFile path="WNVM19648\Fail.kxs1ersmaxma.png" />
        <ResultFile path="WNVM19648\Fail.lbyrcmqbastb.png" />
        <ResultFile path="WNVM19648\Fail.loc0xhl5a2hr.png" />
        <ResultFile path="WNVM19648\Fail.lthgvalfaxfr.png" />
        <ResultFile path="WNVM19648\Fail.mazsob3aamsp.png" />
        <ResultFile path="WNVM19648\Fail.n13clx4iaowv.png" />
        <ResultFile path="WNVM19648\Fail.o4kkrjboasbk.png" />
        <ResultFile path="WNVM19648\Fail.o5zf0zepaw0l.png" />
        <ResultFile path="WNVM19648\Fail.pdo2mhdtanq2.png" />
        <ResultFile path="WNVM19648\Fail.pprwzak1ac5h.png" />
        <ResultFile path="WNVM19648\Fail.qagtqbftat3h.png" />
        <ResultFile path="WNVM19648\Fail.qbnuydioazjy.png" />
        <ResultFile path="WNVM19648\Fail.raasvsmeanc1.png" />
        <ResultFile path="WNVM19648\Fail.rymman3va50a.png" />
        <ResultFile path="WNVM19648\Fail.sidku4gxamg4.png" />
        <ResultFile path="WNVM19648\Fail.swwzdfhraz25.png" />
        <ResultFile path="WNVM19648\Fail.t4yj0fxuatil.png" />
        <ResultFile path="WNVM19648\Fail.v0ywfcwsa23p.png" />
        <ResultFile path="WNVM19648\Fail.vjqtiv2zaclz.png" />
        <ResultFile path="WNVM19648\Fail.wiz4mofdavag.png" />
        <ResultFile path="WNVM19648\Fail.yd3ferxiaq1c.png" />
        <ResultFile path="WNVM19648\Fail.z10rn0n5ajdm.png" />
        <ResultFile path="WNVM19648\Fail.z2gelfy0aa1q.png" />
        <ResultFile path="WNVM19648\Fail.zpuouf2fa0ib.png" />
        <ResultFile path="WNVM19648\Failure.jpg" />
        <ResultFile path="WNVM19648\OmniLog.html" />
        <ResultFile path="WNVM19648\OmniLogRawXml.xml" />
        <ResultFile path="WNVM19648\VSTest_BowerIntelliSenseTests_CaseSensitivity_Timedout.jpg" />
        <ResultFile path="WNVM19648\VSTest_BowerIntelliSenseTests_End_To_End_Timedout.jpg" />
        <ResultFile path="WNVM19648\VSTest_BowerIntelliSenseTests_UnavailableVersion_Timedout.jpg" />
        <ResultFile path="WNVM19648\VSTest_Generate_AttrModel_Methods_WAP_Code_Behind_CS_Timedout.jpg" />
        <ResultFile path="WNVM19648\VSTest_HitBreakpointAndEditInCSHtml_Timedout.jpg" />
        <ResultFile path="WNVM19648\VSTest_Html_Drag_Drop_JavascriptFile_Timedout.jpg" />
        <ResultFile path="WNVM19648\VSTest_JSON_AutoStructureWithExistingComma_Timedout.jpg" />
        <ResultFile path="WNVM19648\VSTest_JSON_SuggestedActions_Bower_UninstallBehavior-Failure-devenv.6752.png" />
        <ResultFile path="WNVM19648\VSTest_NPMIntelliSenseTests_End_To_End_Timedout.jpg" />
        <ResultFile path="WNVM19648\VSTest_NPM_Completion_ScopedPackage_Timedout.jpg" />
        <ResultFile path="WNVM19648\VSTest_NPM_NavigateToHomepage_Timedout.jpg" />
        <ResultFile path="WNVM19648\VSTest_Parser_PTagTest_Timedout.jpg" />
        <ResultFile path="WNVM19648\VSTest_Razor_TagHelpers_OptOut_Timedout.jpg" />
        <ResultFile path="WNVM19648\VSTest_Razor_TagHelpers_Update_CS_File_And_Build_Timedout.jpg" />
        <ResultFile path="WNVM19648\VSTest_Script_Completion_Top_Level_Timedout.jpg" />
        <ResultFile path="WNVM19648\VSTest_SmartIndentInJSInRazorV4_Timedout.jpg" />
      </ResultFiles>
    </UnitTestResult>
    <UnitTestResult executionId="7acb0bca-6863-443e-b57e-0b24eb335270" testId="f677f5cb-e68b-47d0-48c2-72bbca881a0f" testName="VSTest_RazorVbFormattingTest" computerName="WNVM19648" duration="00:00:47.0819894" startTime="2018-04-17T01:00:36.0185450-07:00" endTime="2018-04-17T01:01:23.1005344-07:00" testType="13cdc9d9-ddb5-4fa4-a97d-d965ccfc6d4b" outcome="Passed" testListId="8c84fa94-04c1-424b-9868-57a2d4851a1d" relativeResultsDirectory="7acb0bca-6863-443e-b57e-0b24eb335270">
      <Output>
        <StdOut>+ VBFormattingTests::VSTest_RazorVbFormattingTest
    + ApexTest TestInitialize
    + ExternalProcessHostTest TestInitialize
        (01:02:19.937) [Platform:VenusHost] Compose Batch: 00:00:02.1093581
        (01:02:20.421) [Platform:VenusHost] Host Process is being started. Executable = 'C:\Program Files (x86)\Microsoft Visual Studio\Preview\Enterprise\Common7\IDE\devenv.exe'.
        (01:02:20.546) [Platform:VenusHost] Host Process is started. PID = 4384.
        (01:02:20.702) [Platform:VenusHost] Host process 'devenv' (id: 4384) is now idle/ready.
        (01:02:23.827) [Platform:Microsoft.Test.Apex.Hosts.Services.RemoteServiceInitializer] Using remote code injector service 'RemoteCodeInjectorService' for the operation 'ManagedAuto'.
        + Visual Studio Host Creation
            (01:02:32.796) [Platform:Testcase] Target Executable: 'C:\Program Files (x86)\Microsoft Visual Studio\Preview\Enterprise\Common7\IDE\devenv.exe'.
            (01:02:32.983) [Platform:Testcase] Process Id: '4384'.
            (01:02:33.155) [Platform:Testcase] UI Culture: 'English (United States)'.
            (01:02:33.343) [Platform:Testcase] Build Number: '15.0.27615'.
        (01:02:33.765) [Visual Studio Host (4384):RoamingSettingsService] Disabling roaming settings.
        (01:02:33.983) [Visual Studio Host (4384):SettingsService] Setting Visual Studio option 'Environment\RoamingSettings\RoamingEnabled' to 'False'.
        (01:02:37.343) [Visual Studio Host (4384):SolutionService] Opening solution file 'file:///C:/TestBin/IntegrationTests/MS.VS.Web.Editors/webs/misc.sln' with asynchronous load data available.  WaitForFullyLoadedOnOpen set to 'True'. Apex will wait for all async project loads to complete before proceeding.
            (01:02:37.546) [Visual Studio Host (4384):SolutionService] Solution load behavior is set to 'Realtime'.
        + Waiting for the solution to fully load.
        (01:02:55.989) [Visual Studio Host (4384):TextEditorDocumentWindowTestExtension] Showing window 'FormatVb.vbhtml' without activating the window.
        (01:02:56.757) [Visual Studio Host (4384):TextEditorDocumentWindowTestExtension] Showing window 'FormatVb.vbhtml'.
        (01:02:57.747) [Visual Studio Host (4384):VisualStudioTextEditorTestExtension] Setting keyboard focus to editor 'FormatVb.vbhtml'.
        (01:02:58.306) [Visual Studio Host (4384):MainWindowService] Activating main window to bring it to the foreground.
        (01:02:58.599) [Visual Studio Host (4384):MainWindowService] Setting main window state to 'Maximized'.
    (01:03:01.445) [Visual Studio Host (4384):TextEditorDocumentWindowTestExtension] Showing window 'FormatVb.vbhtml' without activating the window.
    (01:03:01.675) [Visual Studio Host (4384):TextEditorDocumentWindowTestExtension] Showing window 'FormatVb.vbhtml'.
    + ExternalProcessHostTest TestCleanup
        (01:03:02.232) [Visual Studio Host (4384):TextEditorDocumentWindowTestExtension] Closing window 'FormatVb.vbhtml'.
        (01:03:02.633) [Platform:Testcase] Test 'VSTest_RazorVbFormattingTest' has 'Passed' outcome. Therefore, Apex will not shut down the 'Visual Studio Host (4384)' with process ID '4384'. A subsequent test scenario will run on the same instance of the host.
    + Final Test Result Verification
        (01:03:03.265) [Platform:DelayedAssertionVerifierSink] Verification Success: 0 verification steps failed.
    + ApexTest TestCleanup</StdOut>
      </Output>
      <ResultFiles>
        <ResultFile path="WNVM19648\Fail.azqsczivabnm.png" />
        <ResultFile path="WNVM19648\Fail.ig2gsfz5ad1y.png" />
        <ResultFile path="WNVM19648\Fail.o5zf0zepaw0l.png" />
        <ResultFile path="WNVM19648\Fail.raasvsmeanc1.png" />
        <ResultFile path="WNVM19648\Fail.t4yj0fxuatil.png" />
        <ResultFile path="WNVM19648\Fail.z10rn0n5ajdm.png" />
        <ResultFile path="WNVM19648\OmniLog.html" />
        <ResultFile path="WNVM19648\OmniLogRawXml.xml" />
      </ResultFiles>
    </UnitTestResult>
    <UnitTestResult executionId="2165222b-bffd-4df7-bb06-f9d9038bc1bf" testId="e582f489-3193-6b87-ad62-41795d3488cb" testName="VSTest_Less_DiffViewer (SideBySide)" computerName="WNVM19648" startTime="2018-04-17T02:27:35.6273887-07:00" endTime="2018-04-17T02:27:35.6273887-07:00" testType="13cdc9d9-ddb5-4fa4-a97d-d965ccfc6d4b" outcome="NotExecuted" testListId="8c84fa94-04c1-424b-9868-57a2d4851a1d" relativeResultsDirectory="2165222b-bffd-4df7-bb06-f9d9038bc1bf">
      <Output>
      </Output>
    </UnitTestResult>
    <UnitTestResult executionId="b8340863-9ac0-4bf4-bc92-108c0ba7ae2b" testId="3a40ecbf-c680-c259-cc08-48a724ff3712" testName="VSTest_FormatTest17" computerName="WNVM19648" duration="00:00:03.2914826" startTime="2018-04-17T00:31:03.1763354-07:00" endTime="2018-04-17T00:31:06.4678180-07:00" testType="13cdc9d9-ddb5-4fa4-a97d-d965ccfc6d4b" outcome="Passed" testListId="8c84fa94-04c1-424b-9868-57a2d4851a1d" relativeResultsDirectory="b8340863-9ac0-4bf4-bc92-108c0ba7ae2b">
      <Output>
        <StdOut>+ FormatTests::VSTest_FormatTest17
    + ApexTest TestInitialize
    + ExternalProcessHostTest TestInitialize
        (32:44.620) [Visual Studio Host (11564):RoamingSettingsService] Disabling roaming settings.
        (32:44.670) [Visual Studio Host (11564):SettingsService] Setting Visual Studio option 'Environment\RoamingSettings\RoamingEnabled' to 'False'.
        (32:45.025) [Visual Studio Host (11564):TextEditorDocumentWindowTestExtension] Showing window 'Format17.htm' without activating the window.
        (32:45.112) [Visual Studio Host (11564):TextEditorDocumentWindowTestExtension] Showing window 'Format17.htm'.
        (32:45.197) [Visual Studio Host (11564):VisualStudioTextEditorTestExtension] Setting keyboard focus to editor 'Format17.htm'.
        (32:45.261) [Visual Studio Host (11564):MainWindowService] Activating main window to bring it to the foreground.
        (32:45.322) [Visual Studio Host (11564):MainWindowService] Setting main window state to 'Maximized'.
    (32:45.433) [Visual Studio Host (11564):TextEditorDocumentWindowTestExtension] Showing window 'Format17.htm' without activating the window.
    (32:45.486) [Visual Studio Host (11564):TextEditorDocumentWindowTestExtension] Showing window 'Format17.htm'.
    (32:45.552) [Visual Studio Host (11564):VisualStudioCaretTestExtension] Moving the caret from (Ln: 1, Ch: 1) to (Ln: 9, Ch: 1)
    (32:45.620) [Visual Studio Host (11564):TextEditorDocumentWindowTestExtension] Showing window 'Format17.htm'.
    (32:45.716) [Visual Studio Host (11564):VisualStudioCaretTestExtension] Moving the caret and selecting from (Ln: 9, Ch: 1) down '12' lines
    (32:45.787) [Visual Studio Host (11564):VisualStudioTextEditorTestExtension] Setting keyboard focus to editor 'Format17.htm'.
    (32:45.903) [Visual Studio Host (11564):TextEditorDocumentWindowTestExtension] Showing window 'Format17.htm'.
    (32:45.986) [Visual Studio Host (11564):VisualStudioCaretTestExtension] Moving the caret and selecting from (Ln: 21, Ch: 1) to the beginning of the line
    (32:46.057) [Visual Studio Host (11564):VisualStudioTextEditorTestExtension] Setting keyboard focus to editor 'Format17.htm'.
    (32:46.135) [Visual Studio Host (11564):TextEditorDocumentWindowTestExtension] Showing window 'Format17.htm'.
    (32:46.217) [Visual Studio Host (11564):TextEditorDocumentWindowTestExtension] Showing window 'Format17.htm'.
    (32:46.288) [Visual Studio Host (11564):TextEditorDocumentWindowTestExtension] Showing window 'Format17.htm'.
    (32:46.359) [Visual Studio Host (11564):VisualStudioCaretTestExtension] Moving the caret and selecting from (Ln: 21, Ch: 1) right '7' characters
    (32:46.414) [Visual Studio Host (11564):VisualStudioTextEditorTestExtension] Setting keyboard focus to editor 'Format17.htm'.
    (32:46.523) [Visual Studio Host (11564):TextEditorDocumentWindowTestExtension] Showing window 'Format17.htm' without activating the window.
    (32:46.597) [Visual Studio Host (11564):TextEditorDocumentWindowTestExtension] Showing window 'Format17.htm'.
    (32:46.664) [Visual Studio Host (11564):TextEditorDocumentWindowTestExtension] Showing window 'Format17.htm' without activating the window.
    (32:46.716) [Visual Studio Host (11564):TextEditorDocumentWindowTestExtension] Showing window 'Format17.htm'.
    + ExternalProcessHostTest TestCleanup
        (32:46.849) [Visual Studio Host (11564):TextEditorDocumentWindowTestExtension] Closing window 'Format17.htm'.
        (32:47.038) [Platform:Testcase] Test 'VSTest_FormatTest17' has 'Passed' outcome. Therefore, Apex will not shut down the 'Visual Studio Host (11564)' with process ID '11564'. A subsequent test scenario will run on the same instance of the host.
    + Final Test Result Verification
        (32:47.280) [Platform:DelayedAssertionVerifierSink] Verification Success: 0 verification steps failed.
    + ApexTest TestCleanup</StdOut>
      </Output>
      <ResultFiles>
        <ResultFile path="WNVM19648\Fail.azqsczivabnm.png" />
        <ResultFile path="WNVM19648\Fail.ig2gsfz5ad1y.png" />
        <ResultFile path="WNVM19648\Fail.o5zf0zepaw0l.png" />
        <ResultFile path="WNVM19648\OmniLog.html" />
        <ResultFile path="WNVM19648\OmniLogRawXml.xml" />
      </ResultFiles>
    </UnitTestResult>
    <UnitTestResult executionId="417943b6-1d01-4be8-b859-b992b90754d3" testId="6563c1ca-1404-372c-dc3c-62cdd5b63c06" testName="VSTest_Html_FormatDocument_WithStyleBlockAndKeepTabsOption" computerName="WNVM19648" duration="00:00:00.0789326" startTime="2018-04-17T00:31:22.6503868-07:00" endTime="2018-04-17T00:31:22.7293194-07:00" testType="13cdc9d9-ddb5-4fa4-a97d-d965ccfc6d4b" outcome="Failed" testListId="8c84fa94-04c1-424b-9868-57a2d4851a1d" relativeResultsDirectory="417943b6-1d01-4be8-b859-b992b90754d3">
      <Output>
        <StdOut>+ FormatTests::VSTest_Html_FormatDocument_WithStyleBlockAndKeepTabsOption
    + ApexTest TestInitialize</StdOut>
        <ErrorInfo>
          <Message>Initialization method Microsoft.Test.Apex.ExternalProcessHostTest`2[[Microsoft.Test.Apex.VisualStudio.VisualStudioHostConfiguration, Microsoft.Test.Apex.VisualStudio, Version=15.0.0.0, Culture=neutral, PublicKeyToken=b03f5f7f11d50a3a],[Microsoft.Test.Apex.VisualStudio.VisualStudioHost, Microsoft.Test.Apex.VisualStudio, Version=15.0.0.0, Culture=neutral, PublicKeyToken=b03f5f7f11d50a3a]].TestInitialize threw exception. System.IO.IOException: The process cannot access the file 'C:\school\OmniLog.html' because it is being used by another process.</Message>
          <StackTrace>   at System.IO.__Error.WinIOError(Int32 errorCode, String maybeFullPath)
   at System.IO.FileStream.Init(String path, FileMode mode, FileAccess access, Int32 rights, Boolean useRights, FileShare share, Int32 bufferSize, FileOptions options, SECURITY_ATTRIBUTES secAttrs, String msgPath, Boolean bFromProxy, Boolean useLongPath, Boolean checkHost)
   at System.IO.FileStream..ctor(String path, FileMode mode, FileAccess access)
   at Omni.Logging.Sinks.IncrementalSummarySink.PrepareForWrite() in F:\dd\src\Omni\Log\Omni.Log\Sinks\IncrementalSummarySink.cs:line 169
   at Omni.Logging.Sinks.IncrementalSummarySink.Append(ILogMessage message) in F:\dd\src\Omni\Log\Omni.Log\Sinks\IncrementalSummarySink.cs:line 74
   at Omni.Logging.OmniLog.SendToSinks(LogMessage message) in F:\dd\src\Omni\Log\Omni.Log\OmniLog.cs:line 968
   at Omni.Logging.Log.BeginGroup(String message) in F:\dd\src\Omni\Log\Omni.Log\OmniLog.cs:line 1402
   at Microsoft.Test.Apex.Services.Logging.TestLoggerSinks.OmniLog.OmniLogSink.ActualSink.ScopeEntered(IExecutionScopeHandle scope) in F:\dd\src\omni\Apex\MsTestIntegration\Services\OmniLog\OmniLogSink.cs:line 318
   at Microsoft.Test.Apex.Services.Logging.TestLoggerSinks.OmniLog.OmniLogSink.ScopeEntered(IExecutionScopeHandle scope) in F:\dd\src\omni\Apex\MsTestIntegration\Services\OmniLog\OmniLogSink.cs:line 146
   at Microsoft.Test.Apex.Services.ExecutionScopeService.Enter(TestExecutionPoint testExecutionPoint, String scopeName, Boolean enterVerificationScope, Object context) in F:\dd\src\omni\Apex\Framework\Services\ExecutionScope\ExecutionScopeService.cs:line 228
   at Microsoft.Test.Apex.Services.ExecutionScopeService.Enter(String scopeName, Boolean enterVerificationScope, Object context) in F:\dd\src\omni\Apex\Framework\Services\ExecutionScope\ExecutionScopeService.cs:line 202
   at Microsoft.Test.Apex.Services.ExecutionScopeService.Enter(String scopeName) in F:\dd\src\omni\Apex\Framework\Services\ExecutionScope\ExecutionScopeService.cs:line 80
   at Microsoft.Test.Apex.ApexTest.TestInitialize() in F:\dd\src\omni\Apex\MsTestIntegration\ApexTest.cs:line 423
   at Microsoft.Test.Apex.ExternalProcessHostTest`2.TestInitialize() in F:\dd\src\omni\Apex\MsTestIntegration\ExternalProcessHostTest.cs:line 108</StackTrace>
        </ErrorInfo>
      </Output>
    </UnitTestResult>
    <UnitTestResult executionId="9a911eb9-e744-4188-9c08-2c136b757f22" testId="43b00881-0136-0d5f-9bb6-c1f4749ea846" testName="VSTest_CommentContent_Todo_EndToEnd_Css" computerName="WNVM19648" duration="00:00:09.4965576" startTime="2018-04-17T00:22:15.9256620-07:00" endTime="2018-04-17T00:22:25.4222196-07:00" testType="13cdc9d9-ddb5-4fa4-a97d-d965ccfc6d4b" outcome="Passed" testListId="8c84fa94-04c1-424b-9868-57a2d4851a1d" relativeResultsDirectory="9a911eb9-e744-4188-9c08-2c136b757f22">
      <Output>
        <StdOut>+ CommentContentTests::VSTest_CommentContent_Todo_EndToEnd_Css
    + ApexTest TestInitialize
    + ExternalProcessHostTest TestInitialize
        (23:57.309) [Visual Studio Host (11564):RoamingSettingsService] Disabling roaming settings.
        (23:57.369) [Visual Studio Host (11564):SettingsService] Setting Visual Studio option 'Environment\RoamingSettings\RoamingEnabled' to 'False'.
        (23:57.877) [Visual Studio Host (11564):TextEditorDocumentWindowTestExtension] Showing window 'CommentContent.css' without activating the window.
        (23:57.991) [Visual Studio Host (11564):TextEditorDocumentWindowTestExtension] Showing window 'CommentContent.css'.
        (23:58.187) [Visual Studio Host (11564):VisualStudioTextEditorTestExtension] Setting keyboard focus to editor 'CommentContent.css'.
        (23:58.262) [Visual Studio Host (11564):MainWindowService] Activating main window to bring it to the foreground.
        (23:58.330) [Visual Studio Host (11564):MainWindowService] Setting main window state to 'Maximized'.
    (23:58.532) [Visual Studio Host (11564):TextEditorDocumentWindowTestExtension] Showing window 'CommentContent.css' without activating the window.
    (23:58.596) [Visual Studio Host (11564):TextEditorDocumentWindowTestExtension] Showing window 'CommentContent.css'.
    (23:58.673) [Visual Studio Host (11564):VisualStudioCaretTestExtension] Moving the caret to '' at (Ln: 1, Ch: 7) based on a regular expression.  Expression = "{()" [group index '1', match index '1', options 'Singleline, CultureInvariant']
    (23:58.741) [Visual Studio Host (11564):TextEditorDocumentWindowTestExtension] Showing window 'CommentContent.css' without activating the window.
    (23:58.803) [Visual Studio Host (11564):TextEditorDocumentWindowTestExtension] Showing window 'CommentContent.css'.
    (23:58.876) [Visual Studio Host (11564):KeyboardCommands] Sending the Return key 1 times.
    (23:59.010) [Visual Studio Host (11564):TextEditorDocumentWindowTestExtension] Showing window 'CommentContent.css' without activating the window.
    (23:59.077) [Visual Studio Host (11564):TextEditorDocumentWindowTestExtension] Showing window 'CommentContent.css'.
    (23:59.368) [Visual Studio Host (11564):TextEditorDocumentWindowTestExtension] Showing window 'CommentContent.css' without activating the window.
    (23:59.444) [Visual Studio Host (11564):TextEditorDocumentWindowTestExtension] Showing window 'CommentContent.css'.
    (23:59.593) [Visual Studio Host (11564):VisualStudioCaretTestExtension] Moving the caret from (Ln: 2, Ch: 19) to the end of the line
    (23:59.649) [Visual Studio Host (11564):VisualStudioTextEditorTestExtension] Setting keyboard focus to editor 'CommentContent.css'.
    (23:59.724) [Visual Studio Host (11564):TextEditorDocumentWindowTestExtension] Showing window 'CommentContent.css' without activating the window.
    (23:59.784) [Visual Studio Host (11564):TextEditorDocumentWindowTestExtension] Showing window 'CommentContent.css'.
    (23:59.978) [Visual Studio Host (11564):TextEditorDocumentWindowTestExtension] Showing window 'CommentContent.css' without activating the window.
    (24:00.059) [Visual Studio Host (11564):TextEditorDocumentWindowTestExtension] Showing window 'CommentContent.css'.
    (24:00.141) [Visual Studio Host (11564):VisualStudioCaretTestExtension] Moving the caret to '' at (Ln: 3, Ch: 2) based on a regular expression.  Expression = "}()" [group index '1', match index '1', options 'Singleline, CultureInvariant']
    (24:00.227) [Visual Studio Host (11564):TextEditorDocumentWindowTestExtension] Showing window 'CommentContent.css' without activating the window.
    (24:00.290) [Visual Studio Host (11564):TextEditorDocumentWindowTestExtension] Showing window 'CommentContent.css'.
    (24:00.366) [Visual Studio Host (11564):KeyboardCommands] Sending the Return key 1 times.
    (24:00.462) [Visual Studio Host (11564):TextEditorDocumentWindowTestExtension] Showing window 'CommentContent.css' without activating the window.
    (24:00.543) [Visual Studio Host (11564):TextEditorDocumentWindowTestExtension] Showing window 'CommentContent.css'.
    (24:01.763) [Visual Studio Host (11564):TextEditorDocumentWindowTestExtension] Showing window 'CommentContent.css' without activating the window.
    (24:01.815) [Visual Studio Host (11564):TextEditorDocumentWindowTestExtension] Showing window 'CommentContent.css'.
    (24:01.889) [Visual Studio Host (11564):TextEditorDocumentWindowTestExtension] Showing window 'CommentContent.css' without activating the window.
    (24:01.942) [Visual Studio Host (11564):TextEditorDocumentWindowTestExtension] Showing window 'CommentContent.css'.
    (24:02.015) [Visual Studio Host (11564):VisualStudioCaretTestExtension] Moving the caret to '' at (Ln: 2, Ch: 22) based on a regular expression.  Expression = "()\/\*TODO: todo 2" [group index '1', match index '1', options 'Singleline, CultureInvariant']
    (24:02.085) [Visual Studio Host (11564):TextEditorDocumentWindowTestExtension] Showing window 'CommentContent.css' without activating the window.
    (24:02.151) [Visual Studio Host (11564):TextEditorDocumentWindowTestExtension] Showing window 'CommentContent.css'.
    (24:02.224) [Visual Studio Host (11564):VisualStudioTextEditingActions] Deleting to the end of line of the current caret position, position: '(Ln: 2, Ch: 22)', line: '2'
    (24:03.381) [Visual Studio Host (11564):TextEditorDocumentWindowTestExtension] Showing window 'CommentContent.css' without activating the window.
    (24:03.452) [Visual Studio Host (11564):TextEditorDocumentWindowTestExtension] Showing window 'CommentContent.css'.
    (24:03.526) [Visual Studio Host (11564):TextEditorDocumentWindowTestExtension] Showing window 'CommentContent.css' without activating the window.
    (24:03.599) [Visual Studio Host (11564):TextEditorDocumentWindowTestExtension] Showing window 'CommentContent.css'.
    (24:03.682) [Visual Studio Host (11564):VisualStudioCaretTestExtension] Moving the caret to '' at (Ln: 4, Ch: 1) based on a regular expression.  Expression = "()\/\* HACK" [group index '1', match index '1', options 'Singleline, CultureInvariant']
    (24:03.747) [Visual Studio Host (11564):TextEditorDocumentWindowTestExtension] Showing window 'CommentContent.css' without activating the window.
    (24:03.803) [Visual Studio Host (11564):TextEditorDocumentWindowTestExtension] Showing window 'CommentContent.css'.
    (24:03.860) [Visual Studio Host (11564):KeyboardCommands] Sending the Return key 1 times.
    (24:03.936) [Visual Studio Host (11564):TextEditorDocumentWindowTestExtension] Showing window 'CommentContent.css' without activating the window.
    (24:03.994) [Visual Studio Host (11564):TextEditorDocumentWindowTestExtension] Showing window 'CommentContent.css'.
    (24:04.180) [Visual Studio Host (11564):TextEditorDocumentWindowTestExtension] Showing window 'CommentContent.css' without activating the window.
    (24:04.234) [Visual Studio Host (11564):TextEditorDocumentWindowTestExtension] Showing window 'CommentContent.css'.
    (24:04.410) [Visual Studio Host (11564):TextEditorDocumentWindowTestExtension] Showing window 'CommentContent.css' without activating the window.
    (24:04.457) [Visual Studio Host (11564):TextEditorDocumentWindowTestExtension] Showing window 'CommentContent.css'.
    (24:04.642) [Visual Studio Host (11564):TextEditorDocumentWindowTestExtension] Showing window 'CommentContent.css' without activating the window.
    (24:04.699) [Visual Studio Host (11564):TextEditorDocumentWindowTestExtension] Showing window 'CommentContent.css'.
    (24:04.884) [Visual Studio Host (11564):TextEditorDocumentWindowTestExtension] Showing window 'CommentContent.css' without activating the window.
    (24:04.943) [Visual Studio Host (11564):TextEditorDocumentWindowTestExtension] Showing window 'CommentContent.css'.
    (24:05.122) [Visual Studio Host (11564):TextEditorDocumentWindowTestExtension] Showing window 'CommentContent.css' without activating the window.
    (24:05.186) [Visual Studio Host (11564):TextEditorDocumentWindowTestExtension] Showing window 'CommentContent.css'.
    (24:05.262) [Visual Studio Host (11564):TextEditorDocumentWindowTestExtension] Showing window 'CommentContent.css' without activating the window.
    (24:05.316) [Visual Studio Host (11564):TextEditorDocumentWindowTestExtension] Showing window 'CommentContent.css'.
    (24:05.390) [Visual Studio Host (11564):TextEditorDocumentWindowTestExtension] Showing window 'CommentContent.css' without activating the window.
    (24:05.440) [Visual Studio Host (11564):TextEditorDocumentWindowTestExtension] Showing window 'CommentContent.css'.
    (24:05.506) [Visual Studio Host (11564):TextEditorDocumentWindowTestExtension] Showing window 'CommentContent.css' without activating the window.
    (24:05.573) [Visual Studio Host (11564):TextEditorDocumentWindowTestExtension] Showing window 'CommentContent.css'.
    (24:05.644) [Visual Studio Host (11564):TaskItemTestExtension] Navigating to Task Item 'TODO: todo 1'. File Name: 'C:\TestBin\IntegrationTests\MS.VS.Web.Editors\webs\misc\CommentContent\CommentContent.css.
    (24:05.707) [Visual Studio Host (11564):TaskItemTestExtension] Navigating to Task Item 'HACK: This is clearly a hack'. File Name: 'C:\TestBin\IntegrationTests\MS.VS.Web.Editors\webs\misc\CommentContent\CommentContent.css.
    + ExternalProcessHostTest TestCleanup
        (24:05.834) [Visual Studio Host (11564):TextEditorDocumentWindowTestExtension] Closing window 'CommentContent.css'.
        (24:05.999) [Platform:Testcase] Test 'VSTest_CommentContent_Todo_EndToEnd_Css' has 'Passed' outcome. Therefore, Apex will not shut down the 'Visual Studio Host (11564)' with process ID '11564'. A subsequent test scenario will run on the same instance of the host.
    + Final Test Result Verification
        (24:06.186) [Platform:DelayedAssertionVerifierSink] Verification Success: 0 verification steps failed.
    + ApexTest TestCleanup</StdOut>
      </Output>
      <ResultFiles>
        <ResultFile path="WNVM19648\Fail.azqsczivabnm.png" />
        <ResultFile path="WNVM19648\Fail.ig2gsfz5ad1y.png" />
        <ResultFile path="WNVM19648\Fail.o5zf0zepaw0l.png" />
        <ResultFile path="WNVM19648\OmniLog.html" />
        <ResultFile path="WNVM19648\OmniLogRawXml.xml" />
      </ResultFiles>
    </UnitTestResult>
    <UnitTestResult executionId="23a6384e-c017-4a19-8ff0-8eb2aa83eecd" testId="1842483a-ffd4-7f2d-f66d-844d6ab33b06" testName="VSTest_Validate_RemoveEndCommentValidation" computerName="WNVM19648" duration="00:00:12.2727027" startTime="2018-04-17T00:49:19.2207404-07:00" endTime="2018-04-17T00:49:31.4934431-07:00" testType="13cdc9d9-ddb5-4fa4-a97d-d965ccfc6d4b" outcome="Passed" testListId="8c84fa94-04c1-424b-9868-57a2d4851a1d" relativeResultsDirectory="23a6384e-c017-4a19-8ff0-8eb2aa83eecd">
      <Output>
        <StdOut>+ ValidationTests::VSTest_Validate_RemoveEndCommentValidation
    + ApexTest TestInitialize
    + ExternalProcessHostTest TestInitialize
        (51:00.936) [Visual Studio Host (9888):RoamingSettingsService] Disabling roaming settings.
        (51:01.090) [Visual Studio Host (9888):SettingsService] Setting Visual Studio option 'Environment\RoamingSettings\RoamingEnabled' to 'False'.
        (51:01.488) [Visual Studio Host (9888):TextEditorDocumentWindowTestExtension] Showing window 'RemoveEndComment.htm' without activating the window.
        (51:01.668) [Visual Studio Host (9888):TextEditorDocumentWindowTestExtension] Showing window 'RemoveEndComment.htm'.
        (51:01.842) [Visual Studio Host (9888):VisualStudioTextEditorTestExtension] Setting keyboard focus to editor 'RemoveEndComment.htm'.
        (51:02.010) [Visual Studio Host (9888):MainWindowService] Activating main window to bring it to the foreground.
        (51:02.168) [Visual Studio Host (9888):MainWindowService] Setting main window state to 'Maximized'.
    (51:02.483) [Visual Studio Host (9888):TextEditorDocumentWindowTestExtension] Showing window 'RemoveEndComment.htm' without activating the window.
    (51:02.635) [Visual Studio Host (9888):TextEditorDocumentWindowTestExtension] Showing window 'RemoveEndComment.htm'.
    (51:02.776) [Visual Studio Host (9888):ToolWindowTestExtension] Showing window 'Error List ...' without activating the window.
    (51:02.910) [Visual Studio Host (9888):ToolWindowTestExtension] Showing window 'Error List ...' without activating the window.
    (51:03.053) [Visual Studio Host (9888):ErrorListService] Showing error list error items.
    (51:03.196) [Visual Studio Host (9888):ToolWindowTestExtension] Showing window 'Error List ...' without activating the window.
    (51:03.320) [Visual Studio Host (9888):ErrorListService] Showing error list message items.
    (51:03.445) [Visual Studio Host (9888):ToolWindowTestExtension] Showing window 'Error List ...' without activating the window.
    (51:03.587) [Visual Studio Host (9888):ErrorListService] Showing error list warning items.
    (51:05.766) [Visual Studio Host (9888):TextEditorDocumentWindowTestExtension] Showing window 'RemoveEndComment.htm' without activating the window.
    (51:05.913) [Visual Studio Host (9888):TextEditorDocumentWindowTestExtension] Showing window 'RemoveEndComment.htm'.
    (51:06.064) [Visual Studio Host (9888):TextEditorDocumentWindowTestExtension] Showing window 'RemoveEndComment.htm' without activating the window.
    (51:06.215) [Visual Studio Host (9888):TextEditorDocumentWindowTestExtension] Showing window 'RemoveEndComment.htm'.
    (51:06.402) [Visual Studio Host (9888):VisualStudioCaretTestExtension] Moving the caret from (Ln: 1, Ch: 1) to (Ln: 5, Ch: 2)
    (51:06.545) [Visual Studio Host (9888):TextEditorDocumentWindowTestExtension] Showing window 'RemoveEndComment.htm' without activating the window.
    (51:06.684) [Visual Studio Host (9888):TextEditorDocumentWindowTestExtension] Showing window 'RemoveEndComment.htm'.
    (51:06.847) [Visual Studio Host (9888):VisualStudioTextEditingActions] Inserting text combine CRLF as single return: 'a' at the current caret position: '(Ln: 5, Ch: 2)'
    (51:07.008) [Visual Studio Host (9888):TextEditorDocumentWindowTestExtension] Showing window 'RemoveEndComment.htm' without activating the window.
    (51:07.140) [Visual Studio Host (9888):TextEditorDocumentWindowTestExtension] Showing window 'RemoveEndComment.htm'.
    (51:07.287) [Visual Studio Host (9888):ToolWindowTestExtension] Showing window 'Error List ...' without activating the window.
    (51:07.459) [Visual Studio Host (9888):ToolWindowTestExtension] Showing window 'Error List ...' without activating the window.
    (51:07.617) [Visual Studio Host (9888):ErrorListService] Showing error list error items.
    (51:07.767) [Visual Studio Host (9888):ToolWindowTestExtension] Showing window 'Error List ...' without activating the window.
    (51:07.897) [Visual Studio Host (9888):ErrorListService] Showing error list message items.
    (51:08.041) [Visual Studio Host (9888):ToolWindowTestExtension] Showing window 'Error List ...' without activating the window.
    (51:08.225) [Visual Studio Host (9888):ErrorListService] Showing error list warning items.
    (51:10.427) [Visual Studio Host (9888):TextEditorDocumentWindowTestExtension] Showing window 'RemoveEndComment.htm' without activating the window.
    (51:10.582) [Visual Studio Host (9888):TextEditorDocumentWindowTestExtension] Showing window 'RemoveEndComment.htm'.
    + ExternalProcessHostTest TestCleanup
        (51:10.931) [Visual Studio Host (9888):TextEditorDocumentWindowTestExtension] Closing window 'RemoveEndComment.htm'.
        (51:11.201) [Platform:Testcase] Test 'VSTest_Validate_RemoveEndCommentValidation' has 'Passed' outcome. Therefore, Apex will not shut down the 'Visual Studio Host (9888)' with process ID '9888'. A subsequent test scenario will run on the same instance of the host.
    + Final Test Result Verification
        (51:11.750) [Platform:DelayedAssertionVerifierSink] Verification Success: 0 verification steps failed.
    + ApexTest TestCleanup</StdOut>
      </Output>
      <ResultFiles>
        <ResultFile path="WNVM19648\Fail.azqsczivabnm.png" />
        <ResultFile path="WNVM19648\Fail.ig2gsfz5ad1y.png" />
        <ResultFile path="WNVM19648\Fail.o5zf0zepaw0l.png" />
        <ResultFile path="WNVM19648\Fail.z10rn0n5ajdm.png" />
        <ResultFile path="WNVM19648\OmniLog.html" />
        <ResultFile path="WNVM19648\OmniLogRawXml.xml" />
      </ResultFiles>
    </UnitTestResult>
    <UnitTestResult executionId="6c0869a5-8322-4c08-861d-e7c8a204b730" testId="1d51e426-add9-0fa2-d97c-f7bdeccae548" testName="VSTest_Completion_Attributes_Standalone" computerName="WNVM19648" duration="00:00:04.8486118" startTime="2018-04-17T00:15:17.1788594-07:00" endTime="2018-04-17T00:15:22.0274712-07:00" testType="13cdc9d9-ddb5-4fa4-a97d-d965ccfc6d4b" outcome="Passed" testListId="8c84fa94-04c1-424b-9868-57a2d4851a1d" relativeResultsDirectory="6c0869a5-8322-4c08-861d-e7c8a204b730">
      <Output>
        <StdOut>+ CompletionTests::VSTest_Completion_Attributes_Standalone
    + ApexTest TestInitialize
    + ExternalProcessHostTest TestInitialize
        (16:58.543) [Visual Studio Host (6956):RoamingSettingsService] Disabling roaming settings.
        (16:58.598) [Visual Studio Host (6956):SettingsService] Setting Visual Studio option 'Environment\RoamingSettings\RoamingEnabled' to 'False'.
        (16:58.897) [Visual Studio Host (6956):TextEditorDocumentWindowTestExtension] Showing window 'Completion.html' without activating the window.
        (16:58.986) [Visual Studio Host (6956):TextEditorDocumentWindowTestExtension] Showing window 'Completion.html'.
        (16:59.120) [Visual Studio Host (6956):VisualStudioTextEditorTestExtension] Setting keyboard focus to editor 'Completion.html'.
        (16:59.183) [Visual Studio Host (6956):MainWindowService] Activating main window to bring it to the foreground.
        (16:59.235) [Visual Studio Host (6956):MainWindowService] Setting main window state to 'Maximized'.
    (16:59.345) [Visual Studio Host (6956):TextEditorDocumentWindowTestExtension] Showing window 'Completion.html' without activating the window.
    (16:59.399) [Visual Studio Host (6956):TextEditorDocumentWindowTestExtension] Showing window 'Completion.html'.
    (16:59.459) [Visual Studio Host (6956):VisualStudioCaretTestExtension] Moving the caret to '&lt;body&gt;' at (Ln: 13, Ch: 1) based on a regular expression.  Expression = "&lt;body&gt;" [group index '0', match index '1', options 'Singleline, CultureInvariant']
    (16:59.551) [Visual Studio Host (6956):TextEditorDocumentWindowTestExtension] Showing window 'Completion.html' without activating the window.
    (16:59.647) [Visual Studio Host (6956):TextEditorDocumentWindowTestExtension] Showing window 'Completion.html'.
    (16:59.733) [Visual Studio Host (6956):VisualStudioCaretTestExtension] Moving the caret from (Ln: 13, Ch: 1) down '1' lines
    (16:59.792) [Visual Studio Host (6956):VisualStudioTextEditorTestExtension] Setting keyboard focus to editor 'Completion.html'.
    (16:59.866) [Visual Studio Host (6956):TextEditorDocumentWindowTestExtension] Showing window 'Completion.html' without activating the window.
    (16:59.927) [Visual Studio Host (6956):TextEditorDocumentWindowTestExtension] Showing window 'Completion.html'.
    (17:00.066) [Visual Studio Host (6956):TextEditorDocumentWindowTestExtension] Showing window 'Completion.html' without activating the window.
    (17:00.132) [Visual Studio Host (6956):TextEditorDocumentWindowTestExtension] Showing window 'Completion.html'.
    (17:00.224) [Visual Studio Host (6956):VisualStudioIntellisenseService] Getting the active completion at position '(Ln: 14, Ch: 5)'.
    (17:00.272) [Visual Studio Host (6956):VisualStudioCompletionListTestExtension] Found completion item with name 
    (17:00.320) [Visual Studio Host (6956):TextEditorDocumentWindowTestExtension] Showing window 'Completion.html' without activating the window.
    (17:00.364) [Visual Studio Host (6956):TextEditorDocumentWindowTestExtension] Showing window 'Completion.html'.
    (17:00.412) [Visual Studio Host (6956):KeyboardCommands] Sending the Return key 1 times.
    (17:00.490) [Visual Studio Host (6956):TextEditorDocumentWindowTestExtension] Showing window 'Completion.html' without activating the window.
    (17:00.537) [Visual Studio Host (6956):TextEditorDocumentWindowTestExtension] Showing window 'Completion.html'.
    (17:00.594) [Visual Studio Host (6956):TextEditorDocumentWindowTestExtension] Showing window 'Completion.html' without activating the window.
    (17:00.651) [Visual Studio Host (6956):TextEditorDocumentWindowTestExtension] Showing window 'Completion.html'.
    (17:00.744) [Visual Studio Host (6956):VisualStudioSelectionTestExtension] Selects the current line.
    (17:00.825) [Visual Studio Host (6956):VisualStudioCaretTestExtension] Moving the caret from (Ln: 14, Ch: 10) to the beginning of the line
    (17:00.883) [Visual Studio Host (6956):VisualStudioTextEditorTestExtension] Setting keyboard focus to editor 'Completion.html'.
    (17:00.943) [Visual Studio Host (6956):VisualStudioCaretTestExtension] Moving the caret and selecting from (Ln: 14, Ch: 1) to the end of the line
    (17:00.998) [Visual Studio Host (6956):VisualStudioTextEditorTestExtension] Setting keyboard focus to editor 'Completion.html'.
    (17:01.079) [Visual Studio Host (6956):TextEditorDocumentWindowTestExtension] Showing window 'Completion.html' without activating the window.
    (17:01.143) [Visual Studio Host (6956):TextEditorDocumentWindowTestExtension] Showing window 'Completion.html'.
    (17:01.242) [Visual Studio Host (6956):KeyboardCommands] Sending the Delete key 1 times.
    (17:01.329) [Visual Studio Host (6956):TextEditorDocumentWindowTestExtension] Showing window 'Completion.html' without activating the window.
    (17:01.408) [Visual Studio Host (6956):TextEditorDocumentWindowTestExtension] Showing window 'Completion.html'.
    (17:01.547) [Visual Studio Host (6956):TextEditorDocumentWindowTestExtension] Showing window 'Completion.html' without activating the window.
    (17:01.623) [Visual Studio Host (6956):TextEditorDocumentWindowTestExtension] Showing window 'Completion.html'.
    (17:01.706) [Visual Studio Host (6956):VisualStudioIntellisenseService] Getting the active completion at position '(Ln: 14, Ch: 5)'.
    (17:01.787) [Visual Studio Host (6956):VisualStudioCompletionListTestExtension] Found completion item with name 
    (17:01.851) [Visual Studio Host (6956):TextEditorDocumentWindowTestExtension] Showing window 'Completion.html' without activating the window.
    (17:01.904) [Visual Studio Host (6956):TextEditorDocumentWindowTestExtension] Showing window 'Completion.html'.
    (17:02.039) [Visual Studio Host (6956):TextEditorDocumentWindowTestExtension] Showing window 'Completion.html' without activating the window.
    (17:02.105) [Visual Studio Host (6956):TextEditorDocumentWindowTestExtension] Showing window 'Completion.html'.
    + ExternalProcessHostTest TestCleanup
        (17:02.450) [Visual Studio Host (6956):TextEditorDocumentWindowTestExtension] Closing window 'Completion.html'.
        (17:02.698) [Platform:Testcase] Test 'VSTest_Completion_Attributes_Standalone' has 'Passed' outcome. Therefore, Apex will not shut down the 'Visual Studio Host (6956)' with process ID '6956'. A subsequent test scenario will run on the same instance of the host.
    + Final Test Result Verification
        (17:02.905) [Platform:DelayedAssertionVerifierSink] Verification Success: 0 verification steps failed.
    + ApexTest TestCleanup</StdOut>
      </Output>
      <ResultFiles>
        <ResultFile path="WNVM19648\Fail.azqsczivabnm.png" />
        <ResultFile path="WNVM19648\Fail.ig2gsfz5ad1y.png" />
        <ResultFile path="WNVM19648\Fail.o5zf0zepaw0l.png" />
        <ResultFile path="WNVM19648\OmniLog.html" />
        <ResultFile path="WNVM19648\OmniLogRawXml.xml" />
      </ResultFiles>
    </UnitTestResult>
    <UnitTestResult executionId="c3fe3e07-0c5e-46d6-bc3a-fcaaf9bde855" testId="a5cee008-7b3d-0cfe-ab94-71c6430d5a06" testName="VSTest_RazorV4Cs_FormatOnPaste_ForContainedLanguages" computerName="WNVM19648" duration="00:00:05.6458512" startTime="2018-04-17T01:02:22.4287391-07:00" endTime="2018-04-17T01:02:28.0745903-07:00" testType="13cdc9d9-ddb5-4fa4-a97d-d965ccfc6d4b" outcome="Passed" testListId="8c84fa94-04c1-424b-9868-57a2d4851a1d" relativeResultsDirectory="c3fe3e07-0c5e-46d6-bc3a-fcaaf9bde855">
      <Output>
        <StdOut>+ CSharpFormattingTests::VSTest_RazorV4Cs_FormatOnPaste_ForContainedLanguages
    + ApexTest TestInitialize
    + ExternalProcessHostTest TestInitialize
        (01:04:04.202) [Visual Studio Host (4384):RoamingSettingsService] Disabling roaming settings.
        (01:04:04.341) [Visual Studio Host (4384):SettingsService] Setting Visual Studio option 'Environment\RoamingSettings\RoamingEnabled' to 'False'.
        (01:04:04.745) [Visual Studio Host (4384):TextEditorDocumentWindowTestExtension] Showing window 'FormatOnPasteContainedLanguageCode.cshtml' without activating the window.
        (01:04:04.937) [Visual Studio Host (4384):TextEditorDocumentWindowTestExtension] Showing window 'FormatOnPasteContainedLanguageCode.cshtml'.
        (01:04:05.118) [Visual Studio Host (4384):VisualStudioTextEditorTestExtension] Setting keyboard focus to editor 'FormatOnPasteContainedLanguageCode.cshtml'.
        (01:04:05.295) [Visual Studio Host (4384):SettingsService] Getting value of Visual Studio Setting 'TextEditor\HTMLX Specific\FormatOnPaste'. 
        (01:04:05.427) [Visual Studio Host (4384):SettingsService] Setting Visual Studio option 'TextEditor\HTMLX Specific\FormatOnPaste' to 'False'.
        (01:04:05.613) [Visual Studio Host (4384):MainWindowService] Activating main window to bring it to the foreground.
        (01:04:05.815) [Visual Studio Host (4384):MainWindowService] Setting main window state to 'Maximized'.
    (01:04:06.178) [Visual Studio Host (4384):TextEditorDocumentWindowTestExtension] Showing window 'FormatOnPasteContainedLanguageCode.cshtml' without activating the window.
    (01:04:06.413) [Visual Studio Host (4384):TextEditorDocumentWindowTestExtension] Showing window 'FormatOnPasteContainedLanguageCode.cshtml'.
    (01:04:06.579) [Visual Studio Host (4384):VisualStudioCaretTestExtension] Moving the caret from (Ln: 1, Ch: 1) to (Ln: 5, Ch: 1)
    (01:04:06.826) [Visual Studio Host (4384):TextEditorDocumentWindowTestExtension] Showing window 'FormatOnPasteContainedLanguageCode.cshtml' without activating the window.
    (01:04:06.969) [Visual Studio Host (4384):TextEditorDocumentWindowTestExtension] Showing window 'FormatOnPasteContainedLanguageCode.cshtml'.
    + ExternalProcessHostTest TestCleanup
        (01:04:07.370) [Visual Studio Host (4384):SettingsService] Setting Visual Studio option 'TextEditor\HTMLX Specific\FormatOnPaste' to 'True'.
        (01:04:07.600) [Visual Studio Host (4384):TextEditorDocumentWindowTestExtension] Closing window 'FormatOnPasteContainedLanguageCode.cshtml'.
        (01:04:07.843) [Platform:Testcase] Test 'VSTest_RazorV4Cs_FormatOnPaste_ForContainedLanguages' has 'Passed' outcome. Therefore, Apex will not shut down the 'Visual Studio Host (4384)' with process ID '4384'. A subsequent test scenario will run on the same instance of the host.
    + Final Test Result Verification
        (01:04:08.413) [Platform:DelayedAssertionVerifierSink] Verification Success: 0 verification steps failed.
    + ApexTest TestCleanup</StdOut>
      </Output>
      <ResultFiles>
        <ResultFile path="WNVM19648\Fail.azqsczivabnm.png" />
        <ResultFile path="WNVM19648\Fail.ig2gsfz5ad1y.png" />
        <ResultFile path="WNVM19648\Fail.o5zf0zepaw0l.png" />
        <ResultFile path="WNVM19648\Fail.raasvsmeanc1.png" />
        <ResultFile path="WNVM19648\Fail.t4yj0fxuatil.png" />
        <ResultFile path="WNVM19648\Fail.z10rn0n5ajdm.png" />
        <ResultFile path="WNVM19648\OmniLog.html" />
        <ResultFile path="WNVM19648\OmniLogRawXml.xml" />
      </ResultFiles>
    </UnitTestResult>
    <UnitTestResult executionId="b60ab9dc-561c-4359-89de-1aaf1a931058" testId="d199b597-457c-7f20-ef06-27ff23037a7b" testName="VSTest_JSON_SchemaHandlerSelect_Draft3" computerName="WNVM19648" duration="00:00:08.9685220" startTime="2018-04-17T02:14:22.6744791-07:00" endTime="2018-04-17T02:14:31.6430011-07:00" testType="13cdc9d9-ddb5-4fa4-a97d-d965ccfc6d4b" outcome="Passed" testListId="8c84fa94-04c1-424b-9868-57a2d4851a1d" relativeResultsDirectory="b60ab9dc-561c-4359-89de-1aaf1a931058">
      <Output>
        <StdOut>+ SchemaValidation::VSTest_JSON_SchemaHandlerSelect_Draft3
    + ApexTest TestInitialize
    + ExternalProcessHostTest TestInitialize
        (02:16:04.702) [Visual Studio Host (4596):RoamingSettingsService] Disabling roaming settings.
        (02:16:04.858) [Visual Studio Host (4596):SettingsService] Setting Visual Studio option 'Environment\RoamingSettings\RoamingEnabled' to 'False'.
        (02:16:05.452) [Visual Studio Host (4596):TextEditorDocumentWindowTestExtension] Showing window 'Draft3Schema.json' without activating the window.
        (02:16:05.765) [Visual Studio Host (4596):TextEditorDocumentWindowTestExtension] Showing window 'Draft3Schema.json'.
        (02:16:05.955) [Visual Studio Host (4596):VisualStudioTextEditorTestExtension] Setting keyboard focus to editor 'Draft3Schema.json'.
        (02:16:06.124) [Visual Studio Host (4596):MainWindowService] Activating main window to bring it to the foreground.
        (02:16:06.312) [Visual Studio Host (4596):MainWindowService] Setting main window state to 'Maximized'.
    (02:16:06.702) [Visual Studio Host (4596):TextEditorDocumentWindowTestExtension] Showing window 'Draft3Schema.json' without activating the window.
    (02:16:06.874) [Visual Studio Host (4596):TextEditorDocumentWindowTestExtension] Showing window 'Draft3Schema.json'.
    (02:16:07.062) [Visual Studio Host (4596):ToolWindowTestExtension] Showing window 'Error List' without activating the window.
    (02:16:07.202) [Visual Studio Host (4596):ToolWindowTestExtension] Showing window 'Error List' without activating the window.
    (02:16:07.405) [Visual Studio Host (4596):ErrorListService] Showing error list error items.
    (02:16:07.577) [Visual Studio Host (4596):ToolWindowTestExtension] Showing window 'Error List' without activating the window.
    (02:16:07.733) [Visual Studio Host (4596):ErrorListService] Showing error list message items.
    (02:16:07.874) [Visual Studio Host (4596):ToolWindowTestExtension] Showing window 'Error List' without activating the window.
    (02:16:08.046) [Visual Studio Host (4596):ErrorListService] Showing error list warning items.
    (02:16:10.296) [Visual Studio Host (4596):TextEditorDocumentWindowTestExtension] Showing window 'Draft3Schema.json' without activating the window.
    (02:16:10.483) [Visual Studio Host (4596):TextEditorDocumentWindowTestExtension] Showing window 'Draft3Schema.json'.
    + ExternalProcessHostTest TestCleanup
        (02:16:10.827) [Visual Studio Host (4596):TextEditorDocumentWindowTestExtension] Closing window 'Draft3Schema.json'.
        (02:16:11.186) [Platform:Testcase] Test 'VSTest_JSON_SchemaHandlerSelect_Draft3' has 'Passed' outcome. Therefore, Apex will not shut down the 'Visual Studio Host (4596)' with process ID '4596'. A subsequent test scenario will run on the same instance of the host.
    + Final Test Result Verification
        (02:16:11.858) [Platform:DelayedAssertionVerifierSink] Verification Success: 0 verification steps failed.
    + ApexTest TestCleanup</StdOut>
      </Output>
      <ResultFiles>
        <ResultFile path="WNVM19648\Fail.22wpw0oka5fs.png" />
        <ResultFile path="WNVM19648\Fail.24wtv1jnawc3.png" />
        <ResultFile path="WNVM19648\Fail.2dvw33g3abcx.png" />
        <ResultFile path="WNVM19648\Fail.2lws5epta1gw.png" />
        <ResultFile path="WNVM19648\Fail.2osatv43agzz.png" />
        <ResultFile path="WNVM19648\Fail.33ju4eduay3u.png" />
        <ResultFile path="WNVM19648\Fail.3poblbx4alvv.png" />
        <ResultFile path="WNVM19648\Fail.4p531ykxaqdb.png" />
        <ResultFile path="WNVM19648\Fail.5erbsz3aa4ay.png" />
        <ResultFile path="WNVM19648\Fail.ashpv3rjajjr.png" />
        <ResultFile path="WNVM19648\Fail.aswak04hapa5.png" />
        <ResultFile path="WNVM19648\Fail.azqsczivabnm.png" />
        <ResultFile path="WNVM19648\Fail.byuslv5baqsd.png" />
        <ResultFile path="WNVM19648\Fail.bz134qwyax2e.png" />
        <ResultFile path="WNVM19648\Fail.czhshhzmawco.png" />
        <ResultFile path="WNVM19648\Fail.ek4tb3wmalyl.png" />
        <ResultFile path="WNVM19648\Fail.hxi2cahnapy2.png" />
        <ResultFile path="WNVM19648\Fail.ig2gsfz5ad1y.png" />
        <ResultFile path="WNVM19648\Fail.iymeazuqablz.png" />
        <ResultFile path="WNVM19648\Fail.jpga4adlarrf.png" />
        <ResultFile path="WNVM19648\Fail.kfb5og41ajlt.png" />
        <ResultFile path="WNVM19648\Fail.kp4fcfcpa5bw.png" />
        <ResultFile path="WNVM19648\Fail.kxs1ersmaxma.png" />
        <ResultFile path="WNVM19648\Fail.lbyrcmqbastb.png" />
        <ResultFile path="WNVM19648\Fail.loc0xhl5a2hr.png" />
        <ResultFile path="WNVM19648\Fail.lthgvalfaxfr.png" />
        <ResultFile path="WNVM19648\Fail.mazsob3aamsp.png" />
        <ResultFile path="WNVM19648\Fail.n13clx4iaowv.png" />
        <ResultFile path="WNVM19648\Fail.n3c2bmltan5e.png" />
        <ResultFile path="WNVM19648\Fail.o4kkrjboasbk.png" />
        <ResultFile path="WNVM19648\Fail.o5zf0zepaw0l.png" />
        <ResultFile path="WNVM19648\Fail.pdo2mhdtanq2.png" />
        <ResultFile path="WNVM19648\Fail.pprwzak1ac5h.png" />
        <ResultFile path="WNVM19648\Fail.qagtqbftat3h.png" />
        <ResultFile path="WNVM19648\Fail.qbnuydioazjy.png" />
        <ResultFile path="WNVM19648\Fail.raasvsmeanc1.png" />
        <ResultFile path="WNVM19648\Fail.rymman3va50a.png" />
        <ResultFile path="WNVM19648\Fail.sidku4gxamg4.png" />
        <ResultFile path="WNVM19648\Fail.swwzdfhraz25.png" />
        <ResultFile path="WNVM19648\Fail.t4yj0fxuatil.png" />
        <ResultFile path="WNVM19648\Fail.v0ywfcwsa23p.png" />
        <ResultFile path="WNVM19648\Fail.vjqtiv2zaclz.png" />
        <ResultFile path="WNVM19648\Fail.wiz4mofdavag.png" />
        <ResultFile path="WNVM19648\Fail.xasrdkzvaogc.png" />
        <ResultFile path="WNVM19648\Fail.yd3ferxiaq1c.png" />
        <ResultFile path="WNVM19648\Fail.z10rn0n5ajdm.png" />
        <ResultFile path="WNVM19648\Fail.z2gelfy0aa1q.png" />
        <ResultFile path="WNVM19648\Fail.zpuouf2fa0ib.png" />
        <ResultFile path="WNVM19648\OmniLog.html" />
        <ResultFile path="WNVM19648\OmniLogRawXml.xml" />
      </ResultFiles>
    </UnitTestResult>
    <UnitTestResult executionId="11537f27-c9f9-4e23-be56-ea341e7b6fdf" testId="42410741-9458-4b8b-c8b3-6f4873056352" testName="VSTest_CommentContent_Region_EndToEnd_Html" computerName="WNVM19648" duration="00:00:15.6326982" startTime="2018-04-17T00:22:00.2919716-07:00" endTime="2018-04-17T00:22:15.9246698-07:00" testType="13cdc9d9-ddb5-4fa4-a97d-d965ccfc6d4b" outcome="Passed" testListId="8c84fa94-04c1-424b-9868-57a2d4851a1d" relativeResultsDirectory="11537f27-c9f9-4e23-be56-ea341e7b6fdf">
      <Output>
        <StdOut>+ CommentContentTests::VSTest_CommentContent_Region_EndToEnd_Html
    + ApexTest TestInitialize
    + ExternalProcessHostTest TestInitialize
        (23:41.589) [Visual Studio Host (11564):RoamingSettingsService] Disabling roaming settings.
        (23:41.633) [Visual Studio Host (11564):SettingsService] Setting Visual Studio option 'Environment\RoamingSettings\RoamingEnabled' to 'False'.
        (23:41.880) [Visual Studio Host (11564):TextEditorDocumentWindowTestExtension] Showing window 'CommentContent.html' without activating the window.
        (23:41.950) [Visual Studio Host (11564):TextEditorDocumentWindowTestExtension] Showing window 'CommentContent.html'.
        (23:42.003) [Visual Studio Host (11564):VisualStudioTextEditorTestExtension] Setting keyboard focus to editor 'CommentContent.html'.
        (23:42.058) [Visual Studio Host (11564):MainWindowService] Activating main window to bring it to the foreground.
        (23:42.134) [Visual Studio Host (11564):MainWindowService] Setting main window state to 'Maximized'.
    (23:42.273) [Visual Studio Host (11564):TextEditorDocumentWindowTestExtension] Showing window 'CommentContent.html' without activating the window.
    (23:42.343) [Visual Studio Host (11564):TextEditorDocumentWindowTestExtension] Showing window 'CommentContent.html'.
    (23:42.423) [Visual Studio Host (11564):VisualStudioCaretTestExtension] Moving the caret to '' at (Ln: 7, Ch: 7) based on a regular expression.  Expression = "&lt;body&gt;()" [group index '1', match index '1', options 'Singleline, CultureInvariant']
    (23:42.886) [Visual Studio Host (11564):TextEditorDocumentWindowTestExtension] Showing window 'CommentContent.html' without activating the window.
    (23:43.282) [Visual Studio Host (11564):TextEditorDocumentWindowTestExtension] Showing window 'CommentContent.html'.
    (23:43.687) [Visual Studio Host (11564):KeyboardCommands] Sending the Return key 1 times.
    (23:43.751) [Visual Studio Host (11564):TextEditorDocumentWindowTestExtension] Showing window 'CommentContent.html' without activating the window.
    (23:43.810) [Visual Studio Host (11564):TextEditorDocumentWindowTestExtension] Showing window 'CommentContent.html'.
    (23:43.956) [Visual Studio Host (11564):TextEditorDocumentWindowTestExtension] Showing window 'CommentContent.html' without activating the window.
    (23:44.036) [Visual Studio Host (11564):TextEditorDocumentWindowTestExtension] Showing window 'CommentContent.html'.
    (23:44.106) [Visual Studio Host (11564):VisualStudioCaretTestExtension] Moving the caret to '' at (Ln: 6, Ch: 8) based on a regular expression.  Expression = "&lt;/head&gt;()" [group index '1', match index '1', options 'Singleline, CultureInvariant']
    (23:44.479) [Visual Studio Host (11564):TextEditorDocumentWindowTestExtension] Showing window 'CommentContent.html' without activating the window.
    (23:44.909) [Visual Studio Host (11564):TextEditorDocumentWindowTestExtension] Showing window 'CommentContent.html'.
    (23:45.397) [Visual Studio Host (11564):KeyboardCommands] Sending the Return key 1 times.
    (23:45.464) [Visual Studio Host (11564):TextEditorDocumentWindowTestExtension] Showing window 'CommentContent.html' without activating the window.
    (23:45.522) [Visual Studio Host (11564):TextEditorDocumentWindowTestExtension] Showing window 'CommentContent.html'.
    (23:45.822) [Visual Studio Host (11564):TextEditorDocumentWindowTestExtension] Showing window 'CommentContent.html' without activating the window.
    (23:45.901) [Visual Studio Host (11564):TextEditorDocumentWindowTestExtension] Showing window 'CommentContent.html'.
    (23:45.971) [Visual Studio Host (11564):VisualStudioCaretTestExtension] Moving the caret to '' at (Ln: 11, Ch: 8) based on a regular expression.  Expression = "&lt;/body&gt;()" [group index '1', match index '1', options 'Singleline, CultureInvariant']
    (23:46.425) [Visual Studio Host (11564):TextEditorDocumentWindowTestExtension] Showing window 'CommentContent.html' without activating the window.
    (23:46.820) [Visual Studio Host (11564):TextEditorDocumentWindowTestExtension] Showing window 'CommentContent.html'.
    (23:47.278) [Visual Studio Host (11564):KeyboardCommands] Sending the Return key 1 times.
    (23:47.368) [Visual Studio Host (11564):TextEditorDocumentWindowTestExtension] Showing window 'CommentContent.html' without activating the window.
    (23:47.438) [Visual Studio Host (11564):TextEditorDocumentWindowTestExtension] Showing window 'CommentContent.html'.
    (23:47.590) [Visual Studio Host (11564):TextEditorDocumentWindowTestExtension] Showing window 'CommentContent.html' without activating the window.
    (23:47.655) [Visual Studio Host (11564):TextEditorDocumentWindowTestExtension] Showing window 'CommentContent.html'.
    (23:47.766) [Visual Studio Host (11564):VisualStudioOutliningTestExtension] Retrieved '3' outlined regions in the editor.
    (23:47.852) [Visual Studio Host (11564):TextEditorDocumentWindowTestExtension] Showing window 'CommentContent.html' without activating the window.
    (23:47.926) [Visual Studio Host (11564):TextEditorDocumentWindowTestExtension] Showing window 'CommentContent.html'.
    (23:47.998) [Visual Studio Host (11564):VisualStudioOutliningTestExtension] Retrieved '3' outlined regions in the editor.
    (23:48.178) [Visual Studio Host (11564):TextEditorDocumentWindowTestExtension] Showing window 'CommentContent.html' without activating the window.
    (23:48.227) [Visual Studio Host (11564):TextEditorDocumentWindowTestExtension] Showing window 'CommentContent.html'.
    (23:48.292) [Visual Studio Host (11564):VisualStudioOutliningTestExtension] Retrieved '3' outlined regions in the editor.
    (23:48.446) [Visual Studio Host (11564):TextEditorDocumentWindowTestExtension] Showing window 'CommentContent.html' without activating the window.
    (23:48.495) [Visual Studio Host (11564):TextEditorDocumentWindowTestExtension] Showing window 'CommentContent.html'.
    (23:48.565) [Visual Studio Host (11564):VisualStudioOutliningTestExtension] Retrieved '3' outlined regions in the editor.
    (23:48.735) [Visual Studio Host (11564):TextEditorDocumentWindowTestExtension] Showing window 'CommentContent.html' without activating the window.
    (23:48.818) [Visual Studio Host (11564):TextEditorDocumentWindowTestExtension] Showing window 'CommentContent.html'.
    (23:48.921) [Visual Studio Host (11564):VisualStudioOutliningTestExtension] Retrieved '4' outlined regions in the editor.
    (23:49.012) [Visual Studio Host (11564):TextEditorDocumentWindowTestExtension] Showing window 'CommentContent.html' without activating the window.
    (23:49.102) [Visual Studio Host (11564):TextEditorDocumentWindowTestExtension] Showing window 'CommentContent.html'.
    (23:49.191) [Visual Studio Host (11564):VisualStudioCaretTestExtension] Moving the caret to '' at (Ln: 8, Ch: 7) based on a regular expression.  Expression = "&lt;body&gt;()" [group index '1', match index '1', options 'Singleline, CultureInvariant']
    (23:49.637) [Visual Studio Host (11564):TextEditorDocumentWindowTestExtension] Showing window 'CommentContent.html' without activating the window.
    (23:50.132) [Visual Studio Host (11564):TextEditorDocumentWindowTestExtension] Showing window 'CommentContent.html'.
    (23:50.684) [Visual Studio Host (11564):KeyboardCommands] Sending the Return key 1 times.
    (23:50.756) [Visual Studio Host (11564):TextEditorDocumentWindowTestExtension] Showing window 'CommentContent.html' without activating the window.
    (23:50.809) [Visual Studio Host (11564):TextEditorDocumentWindowTestExtension] Showing window 'CommentContent.html'.
    (23:51.020) [Visual Studio Host (11564):TextEditorDocumentWindowTestExtension] Showing window 'CommentContent.html' without activating the window.
    (23:51.087) [Visual Studio Host (11564):TextEditorDocumentWindowTestExtension] Showing window 'CommentContent.html'.
    (23:51.164) [Visual Studio Host (11564):VisualStudioCaretTestExtension] Moving the caret to '' at (Ln: 12, Ch: 1) based on a regular expression.  Expression = "()&lt;/body&gt;" [group index '1', match index '1', options 'Singleline, CultureInvariant']
    (23:51.641) [Visual Studio Host (11564):TextEditorDocumentWindowTestExtension] Showing window 'CommentContent.html' without activating the window.
    (23:52.089) [Visual Studio Host (11564):TextEditorDocumentWindowTestExtension] Showing window 'CommentContent.html'.
    (23:52.667) [Visual Studio Host (11564):KeyboardCommands] Sending the Return key 1 times.
    (23:52.746) [Visual Studio Host (11564):TextEditorDocumentWindowTestExtension] Showing window 'CommentContent.html' without activating the window.
    (23:52.817) [Visual Studio Host (11564):TextEditorDocumentWindowTestExtension] Showing window 'CommentContent.html'.
    (23:52.889) [Visual Studio Host (11564):KeyboardCommands] Sending the Up key 1 times.
    (23:52.952) [Visual Studio Host (11564):TextEditorDocumentWindowTestExtension] Showing window 'CommentContent.html' without activating the window.
    (23:53.030) [Visual Studio Host (11564):TextEditorDocumentWindowTestExtension] Showing window 'CommentContent.html'.
    (23:53.292) [Visual Studio Host (11564):TextEditorDocumentWindowTestExtension] Showing window 'CommentContent.html' without activating the window.
    (23:53.374) [Visual Studio Host (11564):TextEditorDocumentWindowTestExtension] Showing window 'CommentContent.html'.
    (23:53.478) [Visual Studio Host (11564):VisualStudioOutliningTestExtension] Retrieved '4' outlined regions in the editor.
    (23:53.539) [Visual Studio Host (11564):TextEditorDocumentWindowTestExtension] Showing window 'CommentContent.html' without activating the window.
    (23:53.618) [Visual Studio Host (11564):TextEditorDocumentWindowTestExtension] Showing window 'CommentContent.html'.
    (23:53.758) [Visual Studio Host (11564):VisualStudioOutliningTestExtension] Retrieved '4' outlined regions in the editor.
    (23:53.954) [Visual Studio Host (11564):TextEditorDocumentWindowTestExtension] Showing window 'CommentContent.html' without activating the window.
    (23:54.106) [Visual Studio Host (11564):TextEditorDocumentWindowTestExtension] Showing window 'CommentContent.html'.
    (23:54.207) [Visual Studio Host (11564):VisualStudioOutliningTestExtension] Retrieved '4' outlined regions in the editor.
    (23:54.389) [Visual Studio Host (11564):TextEditorDocumentWindowTestExtension] Showing window 'CommentContent.html' without activating the window.
    (23:54.461) [Visual Studio Host (11564):TextEditorDocumentWindowTestExtension] Showing window 'CommentContent.html'.
    (23:54.556) [Visual Studio Host (11564):VisualStudioOutliningTestExtension] Retrieved '5' outlined regions in the editor.
    (23:54.630) [Visual Studio Host (11564):TextEditorDocumentWindowTestExtension] Showing window 'CommentContent.html' without activating the window.
    (23:54.683) [Visual Studio Host (11564):TextEditorDocumentWindowTestExtension] Showing window 'CommentContent.html'.
    (23:54.742) [Visual Studio Host (11564):VisualStudioCaretTestExtension] Moving the caret to '&lt;!--TODO:' at (Ln: 10, Ch: 5) based on a regular expression.  Expression = "&lt;!--TODO:" [group index '0', match index '1', options 'Singleline, CultureInvariant']
    (23:55.270) [Visual Studio Host (11564):TextEditorDocumentWindowTestExtension] Showing window 'CommentContent.html' without activating the window.
    (23:55.657) [Visual Studio Host (11564):TextEditorDocumentWindowTestExtension] Showing window 'CommentContent.html'.
    (23:56.190) [Visual Studio Host (11564):VisualStudioOutliningTestExtension] Retrieved '5' outlined regions in the editor.
    + ExternalProcessHostTest TestCleanup
        (23:56.346) [Visual Studio Host (11564):TextEditorDocumentWindowTestExtension] Closing window 'CommentContent.html'.
        (23:56.512) [Platform:Testcase] Test 'VSTest_CommentContent_Region_EndToEnd_Html' has 'Passed' outcome. Therefore, Apex will not shut down the 'Visual Studio Host (11564)' with process ID '11564'. A subsequent test scenario will run on the same instance of the host.
    + Final Test Result Verification
        (23:56.733) [Platform:DelayedAssertionVerifierSink] Verification Success: 0 verification steps failed.
    + ApexTest TestCleanup</StdOut>
      </Output>
      <ResultFiles>
        <ResultFile path="WNVM19648\Fail.azqsczivabnm.png" />
        <ResultFile path="WNVM19648\Fail.ig2gsfz5ad1y.png" />
        <ResultFile path="WNVM19648\Fail.o5zf0zepaw0l.png" />
        <ResultFile path="WNVM19648\OmniLog.html" />
        <ResultFile path="WNVM19648\OmniLogRawXml.xml" />
      </ResultFiles>
    </UnitTestResult>
    <UnitTestResult executionId="d5ddfbc7-e6be-41b2-a715-a44e8989f726" testId="cc699c03-febb-3a32-cfcd-4ff11926b0a6" testName="VSTest_CSSTyping_MultiLineComment" computerName="WNVM19648" duration="00:00:02.5771723" startTime="2018-04-17T00:26:15.0883802-07:00" endTime="2018-04-17T00:26:17.6655525-07:00" testType="13cdc9d9-ddb5-4fa4-a97d-d965ccfc6d4b" outcome="Passed" testListId="8c84fa94-04c1-424b-9868-57a2d4851a1d" relativeResultsDirectory="d5ddfbc7-e6be-41b2-a715-a44e8989f726">
      <Output>
        <StdOut>+ CssTypingTests::VSTest_CSSTyping_MultiLineComment
    + ApexTest TestInitialize
    + ExternalProcessHostTest TestInitialize
        (27:56.396) [Visual Studio Host (11564):RoamingSettingsService] Disabling roaming settings.
        (27:56.440) [Visual Studio Host (11564):SettingsService] Setting Visual Studio option 'Environment\RoamingSettings\RoamingEnabled' to 'False'.
        (27:56.654) [Visual Studio Host (11564):TextEditorDocumentWindowTestExtension] Showing window 'empty.css' without activating the window.
        (27:56.732) [Visual Studio Host (11564):TextEditorDocumentWindowTestExtension] Showing window 'empty.css'.
        (27:56.793) [Visual Studio Host (11564):VisualStudioTextEditorTestExtension] Setting keyboard focus to editor 'empty.css'.
        (27:56.843) [Visual Studio Host (11564):MainWindowService] Activating main window to bring it to the foreground.
        (27:56.905) [Visual Studio Host (11564):MainWindowService] Setting main window state to 'Maximized'.
    (27:57.019) [Visual Studio Host (11564):TextEditorDocumentWindowTestExtension] Showing window 'empty.css' without activating the window.
    (27:57.078) [Visual Studio Host (11564):TextEditorDocumentWindowTestExtension] Showing window 'empty.css'.
    (27:57.168) [Visual Studio Host (11564):TextEditorDocumentWindowTestExtension] Showing window 'empty.css' without activating the window.
    (27:57.232) [Visual Studio Host (11564):TextEditorDocumentWindowTestExtension] Showing window 'empty.css'.
    (27:57.294) [Visual Studio Host (11564):KeyboardCommands] Sending the Return key 1 times.
    (27:57.361) [Visual Studio Host (11564):TextEditorDocumentWindowTestExtension] Showing window 'empty.css' without activating the window.
    (27:57.424) [Visual Studio Host (11564):TextEditorDocumentWindowTestExtension] Showing window 'empty.css'.
    (27:57.521) [Visual Studio Host (11564):TextEditorDocumentWindowTestExtension] Showing window 'empty.css' without activating the window.
    (27:57.584) [Visual Studio Host (11564):TextEditorDocumentWindowTestExtension] Showing window 'empty.css'.
    (27:57.638) [Visual Studio Host (11564):KeyboardCommands] Sending the Return key 1 times.
    (27:57.692) [Visual Studio Host (11564):TextEditorDocumentWindowTestExtension] Showing window 'empty.css' without activating the window.
    (27:57.751) [Visual Studio Host (11564):TextEditorDocumentWindowTestExtension] Showing window 'empty.css'.
    (27:57.823) [Visual Studio Host (11564):TextEditorDocumentWindowTestExtension] Showing window 'empty.css' without activating the window.
    (27:57.876) [Visual Studio Host (11564):TextEditorDocumentWindowTestExtension] Showing window 'empty.css'.
    + ExternalProcessHostTest TestCleanup
        (27:58.013) [Visual Studio Host (11564):TextEditorDocumentWindowTestExtension] Closing window 'empty.css'.
        (27:58.207) [Platform:Testcase] Test 'VSTest_CSSTyping_MultiLineComment' has 'Passed' outcome. Therefore, Apex will not shut down the 'Visual Studio Host (11564)' with process ID '11564'. A subsequent test scenario will run on the same instance of the host.
    + Final Test Result Verification
        (27:58.414) [Platform:DelayedAssertionVerifierSink] Verification Success: 0 verification steps failed.
    + ApexTest TestCleanup</StdOut>
      </Output>
      <ResultFiles>
        <ResultFile path="WNVM19648\Fail.azqsczivabnm.png" />
        <ResultFile path="WNVM19648\Fail.ig2gsfz5ad1y.png" />
        <ResultFile path="WNVM19648\Fail.o5zf0zepaw0l.png" />
        <ResultFile path="WNVM19648\OmniLog.html" />
        <ResultFile path="WNVM19648\OmniLogRawXml.xml" />
      </ResultFiles>
    </UnitTestResult>
    <UnitTestResult executionId="ccaf84cc-860b-46b4-bc53-3d0491aaac14" testId="3d05c67d-f6e7-82b0-61d8-89ede0358e20" testName="VSTest_CommentContent_Todo_EndToEnd_Html" computerName="WNVM19648" duration="00:00:12.2101722" startTime="2018-04-17T00:21:48.0817994-07:00" endTime="2018-04-17T00:22:00.2919716-07:00" testType="13cdc9d9-ddb5-4fa4-a97d-d965ccfc6d4b" outcome="Passed" testListId="8c84fa94-04c1-424b-9868-57a2d4851a1d" relativeResultsDirectory="ccaf84cc-860b-46b4-bc53-3d0491aaac14">
      <Output>
        <StdOut>+ CommentContentTests::VSTest_CommentContent_Todo_EndToEnd_Html
    + ApexTest TestInitialize
    + ExternalProcessHostTest TestInitialize
        (23:29.471) [Visual Studio Host (11564):RoamingSettingsService] Disabling roaming settings.
        (23:29.518) [Visual Studio Host (11564):SettingsService] Setting Visual Studio option 'Environment\RoamingSettings\RoamingEnabled' to 'False'.
        (23:29.765) [Visual Studio Host (11564):TextEditorDocumentWindowTestExtension] Showing window 'CommentContent.html' without activating the window.
        (23:29.829) [Visual Studio Host (11564):TextEditorDocumentWindowTestExtension] Showing window 'CommentContent.html'.
        (23:29.911) [Visual Studio Host (11564):VisualStudioTextEditorTestExtension] Setting keyboard focus to editor 'CommentContent.html'.
        (23:29.960) [Visual Studio Host (11564):MainWindowService] Activating main window to bring it to the foreground.
        (23:30.015) [Visual Studio Host (11564):MainWindowService] Setting main window state to 'Maximized'.
    (23:30.116) [Visual Studio Host (11564):TextEditorDocumentWindowTestExtension] Showing window 'CommentContent.html' without activating the window.
    (23:30.163) [Visual Studio Host (11564):TextEditorDocumentWindowTestExtension] Showing window 'CommentContent.html'.
    (23:30.219) [Visual Studio Host (11564):VisualStudioCaretTestExtension] Moving the caret to '' at (Ln: 7, Ch: 7) based on a regular expression.  Expression = "&lt;body&gt;()" [group index '1', match index '1', options 'Singleline, CultureInvariant']
    (23:30.571) [Visual Studio Host (11564):TextEditorDocumentWindowTestExtension] Showing window 'CommentContent.html' without activating the window.
    (23:30.904) [Visual Studio Host (11564):TextEditorDocumentWindowTestExtension] Showing window 'CommentContent.html'.
    (23:31.249) [Visual Studio Host (11564):KeyboardCommands] Sending the Return key 1 times.
    (23:31.368) [Visual Studio Host (11564):TextEditorDocumentWindowTestExtension] Showing window 'CommentContent.html' without activating the window.
    (23:31.419) [Visual Studio Host (11564):TextEditorDocumentWindowTestExtension] Showing window 'CommentContent.html'.
    (23:31.698) [Visual Studio Host (11564):TextEditorDocumentWindowTestExtension] Showing window 'CommentContent.html' without activating the window.
    (23:31.766) [Visual Studio Host (11564):TextEditorDocumentWindowTestExtension] Showing window 'CommentContent.html'.
    (23:31.828) [Visual Studio Host (11564):VisualStudioCaretTestExtension] Moving the caret from (Ln: 8, Ch: 21) to the end of the line
    (23:31.884) [Visual Studio Host (11564):VisualStudioTextEditorTestExtension] Setting keyboard focus to editor 'CommentContent.html'.
    (23:31.951) [Visual Studio Host (11564):TextEditorDocumentWindowTestExtension] Showing window 'CommentContent.html' without activating the window.
    (23:32.000) [Visual Studio Host (11564):TextEditorDocumentWindowTestExtension] Showing window 'CommentContent.html'.
    (23:32.205) [Visual Studio Host (11564):TextEditorDocumentWindowTestExtension] Showing window 'CommentContent.html' without activating the window.
    (23:32.256) [Visual Studio Host (11564):TextEditorDocumentWindowTestExtension] Showing window 'CommentContent.html'.
    (23:32.329) [Visual Studio Host (11564):VisualStudioCaretTestExtension] Moving the caret to '' at (Ln: 11, Ch: 8) based on a regular expression.  Expression = "&lt;/html&gt;()" [group index '1', match index '1', options 'Singleline, CultureInvariant']
    (23:32.688) [Visual Studio Host (11564):TextEditorDocumentWindowTestExtension] Showing window 'CommentContent.html' without activating the window.
    (23:33.092) [Visual Studio Host (11564):TextEditorDocumentWindowTestExtension] Showing window 'CommentContent.html'.
    (23:33.483) [Visual Studio Host (11564):KeyboardCommands] Sending the Return key 1 times.
    (23:33.541) [Visual Studio Host (11564):TextEditorDocumentWindowTestExtension] Showing window 'CommentContent.html' without activating the window.
    (23:33.592) [Visual Studio Host (11564):TextEditorDocumentWindowTestExtension] Showing window 'CommentContent.html'.
    (23:34.848) [Visual Studio Host (11564):TextEditorDocumentWindowTestExtension] Showing window 'CommentContent.html' without activating the window.
    (23:34.896) [Visual Studio Host (11564):TextEditorDocumentWindowTestExtension] Showing window 'CommentContent.html'.
    (23:34.966) [Visual Studio Host (11564):TextEditorDocumentWindowTestExtension] Showing window 'CommentContent.html' without activating the window.
    (23:35.014) [Visual Studio Host (11564):TextEditorDocumentWindowTestExtension] Showing window 'CommentContent.html'.
    (23:35.077) [Visual Studio Host (11564):VisualStudioCaretTestExtension] Moving the caret to '' at (Ln: 8, Ch: 25) based on a regular expression.  Expression = "()&lt;!--TODO: todo 2" [group index '1', match index '1', options 'Singleline, CultureInvariant']
    (23:35.439) [Visual Studio Host (11564):TextEditorDocumentWindowTestExtension] Showing window 'CommentContent.html' without activating the window.
    (23:35.811) [Visual Studio Host (11564):TextEditorDocumentWindowTestExtension] Showing window 'CommentContent.html'.
    (23:36.171) [Visual Studio Host (11564):VisualStudioTextEditingActions] Deleting to the end of line of the current caret position, position: '(Ln: 8, Ch: 25)', line: '8'
    (23:37.383) [Visual Studio Host (11564):TextEditorDocumentWindowTestExtension] Showing window 'CommentContent.html' without activating the window.
    (23:37.435) [Visual Studio Host (11564):TextEditorDocumentWindowTestExtension] Showing window 'CommentContent.html'.
    (23:37.491) [Visual Studio Host (11564):TextEditorDocumentWindowTestExtension] Showing window 'CommentContent.html' without activating the window.
    (23:37.554) [Visual Studio Host (11564):TextEditorDocumentWindowTestExtension] Showing window 'CommentContent.html'.
    (23:37.617) [Visual Studio Host (11564):VisualStudioCaretTestExtension] Moving the caret to '' at (Ln: 12, Ch: 1) based on a regular expression.  Expression = "()&lt;!-- HACK" [group index '1', match index '1', options 'Singleline, CultureInvariant']
    (23:37.970) [Visual Studio Host (11564):TextEditorDocumentWindowTestExtension] Showing window 'CommentContent.html' without activating the window.
    (23:38.349) [Visual Studio Host (11564):TextEditorDocumentWindowTestExtension] Showing window 'CommentContent.html'.
    (23:38.754) [Visual Studio Host (11564):KeyboardCommands] Sending the Return key 1 times.
    (23:38.826) [Visual Studio Host (11564):TextEditorDocumentWindowTestExtension] Showing window 'CommentContent.html' without activating the window.
    (23:38.903) [Visual Studio Host (11564):TextEditorDocumentWindowTestExtension] Showing window 'CommentContent.html'.
    (23:39.098) [Visual Studio Host (11564):TextEditorDocumentWindowTestExtension] Showing window 'CommentContent.html' without activating the window.
    (23:39.149) [Visual Studio Host (11564):TextEditorDocumentWindowTestExtension] Showing window 'CommentContent.html'.
    (23:39.329) [Visual Studio Host (11564):TextEditorDocumentWindowTestExtension] Showing window 'CommentContent.html' without activating the window.
    (23:39.386) [Visual Studio Host (11564):TextEditorDocumentWindowTestExtension] Showing window 'CommentContent.html'.
    (23:39.560) [Visual Studio Host (11564):TextEditorDocumentWindowTestExtension] Showing window 'CommentContent.html' without activating the window.
    (23:39.615) [Visual Studio Host (11564):TextEditorDocumentWindowTestExtension] Showing window 'CommentContent.html'.
    (23:39.779) [Visual Studio Host (11564):TextEditorDocumentWindowTestExtension] Showing window 'CommentContent.html' without activating the window.
    (23:39.828) [Visual Studio Host (11564):TextEditorDocumentWindowTestExtension] Showing window 'CommentContent.html'.
    (23:40.006) [Visual Studio Host (11564):TextEditorDocumentWindowTestExtension] Showing window 'CommentContent.html' without activating the window.
    (23:40.061) [Visual Studio Host (11564):TextEditorDocumentWindowTestExtension] Showing window 'CommentContent.html'.
    (23:40.149) [Visual Studio Host (11564):TextEditorDocumentWindowTestExtension] Showing window 'CommentContent.html' without activating the window.
    (23:40.213) [Visual Studio Host (11564):TextEditorDocumentWindowTestExtension] Showing window 'CommentContent.html'.
    (23:40.304) [Visual Studio Host (11564):TextEditorDocumentWindowTestExtension] Showing window 'CommentContent.html' without activating the window.
    (23:40.356) [Visual Studio Host (11564):TextEditorDocumentWindowTestExtension] Showing window 'CommentContent.html'.
    (23:40.409) [Visual Studio Host (11564):TextEditorDocumentWindowTestExtension] Showing window 'CommentContent.html' without activating the window.
    (23:40.456) [Visual Studio Host (11564):TextEditorDocumentWindowTestExtension] Showing window 'CommentContent.html'.
    (23:40.525) [Visual Studio Host (11564):TaskItemTestExtension] Navigating to Task Item 'TODO: todo 1'. File Name: 'C:\TestBin\IntegrationTests\MS.VS.Web.Editors\webs\misc\CommentContent\CommentContent.html.
    (23:40.630) [Visual Studio Host (11564):TaskItemTestExtension] Navigating to Task Item 'HACK: This is clearly a hack'. File Name: 'C:\TestBin\IntegrationTests\MS.VS.Web.Editors\webs\misc\CommentContent\CommentContent.html.
    + ExternalProcessHostTest TestCleanup
        (23:40.774) [Visual Studio Host (11564):TextEditorDocumentWindowTestExtension] Closing window 'CommentContent.html'.
        (23:40.929) [Platform:Testcase] Test 'VSTest_CommentContent_Todo_EndToEnd_Html' has 'Passed' outcome. Therefore, Apex will not shut down the 'Visual Studio Host (11564)' with process ID '11564'. A subsequent test scenario will run on the same instance of the host.
    + Final Test Result Verification
        (23:41.120) [Platform:DelayedAssertionVerifierSink] Verification Success: 0 verification steps failed.
    + ApexTest TestCleanup</StdOut>
      </Output>
      <ResultFiles>
        <ResultFile path="WNVM19648\Fail.azqsczivabnm.png" />
        <ResultFile path="WNVM19648\Fail.ig2gsfz5ad1y.png" />
        <ResultFile path="WNVM19648\Fail.o5zf0zepaw0l.png" />
        <ResultFile path="WNVM19648\OmniLog.html" />
        <ResultFile path="WNVM19648\OmniLogRawXml.xml" />
      </ResultFiles>
    </UnitTestResult>
    <UnitTestResult executionId="b44ce00f-8e10-46d1-a34c-611e4d999389" testId="3ffdfd4b-d21d-1ef0-054c-9e2da4dc753c" testName="VSTest_JSON_SuggestedActions_Bower" computerName="WNVM19648" duration="00:00:08.9294695" startTime="2018-04-17T01:54:58.7222469-07:00" endTime="2018-04-17T01:55:07.6517164-07:00" testType="13cdc9d9-ddb5-4fa4-a97d-d965ccfc6d4b" outcome="Passed" testListId="8c84fa94-04c1-424b-9868-57a2d4851a1d" relativeResultsDirectory="b44ce00f-8e10-46d1-a34c-611e4d999389">
      <Output>
        <StdOut>+ BowerActions::VSTest_JSON_SuggestedActions_Bower
    + ApexTest TestInitialize
    + ExternalProcessHostTest TestInitialize
        (01:56:40.518) [Visual Studio Host (6752):RoamingSettingsService] Disabling roaming settings.
        (01:56:40.664) [Visual Studio Host (6752):SettingsService] Setting Visual Studio option 'Environment\RoamingSettings\RoamingEnabled' to 'False'.
        (01:56:41.267) [Visual Studio Host (6752):TextEditorDocumentWindowTestExtension] Showing window 'bower.json' without activating the window.
        (01:56:41.502) [Visual Studio Host (6752):TextEditorDocumentWindowTestExtension] Showing window 'bower.json'.
        (01:56:41.712) [Visual Studio Host (6752):VisualStudioTextEditorTestExtension] Setting keyboard focus to editor 'bower.json'.
        (01:56:41.881) [Visual Studio Host (6752):MainWindowService] Activating main window to bring it to the foreground.
        (01:56:42.051) [Visual Studio Host (6752):MainWindowService] Setting main window state to 'Maximized'.
    (01:56:42.417) [Visual Studio Host (6752):TextEditorDocumentWindowTestExtension] Showing window 'bower.json' without activating the window.
    (01:56:42.563) [Visual Studio Host (6752):TextEditorDocumentWindowTestExtension] Showing window 'bower.json'.
    (01:56:42.841) [Visual Studio Host (6752):VisualStudioCaretTestExtension] Moving the caret to '' at (Ln: 1, Ch: 1) based on a regular expression.  Expression = ""name":" [group index '1', match index '1', options 'Singleline, CultureInvariant']
    (01:56:43.087) [Visual Studio Host (6752):TextEditorDocumentWindowTestExtension] Showing window 'bower.json' without activating the window.
    (01:56:43.307) [Visual Studio Host (6752):TextEditorDocumentWindowTestExtension] Showing window 'bower.json'.
    (01:56:43.536) [Visual Studio Host (6752):VisualStudioLightBulbService] Did not find an active light bulb session. Please use Verify.IsLightBulbPresent() to make sure that the light bulb is present before requesting the LightBulb session.
    Warning: (01:56:43.879) [Visual Studio Host (6752):VisualStudioLightBulbService] No light bulb session provided to create a test extension.
    VerificationPass: (01:56:44.068) [Visual Studio Host (6752):VisualStudioLightBulbServiceVerifier] Verification passed: Signature Help is not present within a timeout of 00:00:10.
    (01:56:44.255) [Visual Studio Host (6752):TextEditorDocumentWindowTestExtension] Showing window 'bower.json' without activating the window.
    (01:56:44.427) [Visual Studio Host (6752):TextEditorDocumentWindowTestExtension] Showing window 'bower.json'.
    (01:56:44.607) [Visual Studio Host (6752):VisualStudioCaretTestExtension] Moving the caret to '' at (Ln: 8, Ch: 6) based on a regular expression.  Expression = ""()jquery-validation-unobtrusive"" [group index '1', match index '1', options 'Singleline, CultureInvariant']
    (01:56:44.766) [Visual Studio Host (6752):TextEditorDocumentWindowTestExtension] Showing window 'bower.json' without activating the window.
    (01:56:44.912) [Visual Studio Host (6752):TextEditorDocumentWindowTestExtension] Showing window 'bower.json'.
    (01:56:45.069) [Visual Studio Host (6752):VisualStudioLightBulbService] Did not find an active light bulb session. Please use Verify.IsLightBulbPresent() to make sure that the light bulb is present before requesting the LightBulb session.
    Warning: (01:56:45.227) [Visual Studio Host (6752):VisualStudioLightBulbService] No light bulb session provided to create a test extension.
    (01:56:45.647) [Visual Studio Host (6752):VisualStudioLightBulbService] Getting the active light bulb session at position '(Ln: 8, Ch: 6)'.
    VerificationPass: (01:56:45.819) [Visual Studio Host (6752):VisualStudioLightBulbServiceVerifier] Verification passed: Light bulb is present within a timeout of 00:00:10.
    (01:56:45.986) [Visual Studio Host (6752):TextEditorDocumentWindowTestExtension] Showing window 'bower.json' without activating the window.
    (01:56:46.156) [Visual Studio Host (6752):TextEditorDocumentWindowTestExtension] Showing window 'bower.json'.
    (01:56:46.315) [Visual Studio Host (6752):VisualStudioLightBulbService] Getting the active light bulb session at position '(Ln: 8, Ch: 6)'.
    (01:56:46.500) [Visual Studio Host (6752):LightBulbTestExtension] Retrieved '4' light bulb suggested actions.
    VerificationPass: (01:56:46.643) [Platform:Testcase] Verification passed: The condition was expected to be true.
    VerificationPass: (01:56:46.787) [Platform:Testcase] Verification passed: The condition was expected to be true.
    VerificationPass: (01:56:46.946) [Platform:Testcase] Verification passed: The condition was expected to be true.
    + ExternalProcessHostTest TestCleanup
        (01:56:47.228) [Visual Studio Host (6752):TextEditorDocumentWindowTestExtension] Closing window 'bower.json'.
        (01:56:47.505) [Platform:Testcase] Test 'VSTest_JSON_SuggestedActions_Bower' has 'Passed' outcome. Therefore, Apex will not shut down the 'Visual Studio Host (6752)' with process ID '6752'. A subsequent test scenario will run on the same instance of the host.
    + Final Test Result Verification
        (01:56:47.939) [Platform:DelayedAssertionVerifierSink] Verification Success: 0 verification steps failed.
    + ApexTest TestCleanup</StdOut>
      </Output>
      <ResultFiles>
        <ResultFile path="WNVM19648\Fail.22wpw0oka5fs.png" />
        <ResultFile path="WNVM19648\Fail.24wtv1jnawc3.png" />
        <ResultFile path="WNVM19648\Fail.2lws5epta1gw.png" />
        <ResultFile path="WNVM19648\Fail.33ju4eduay3u.png" />
        <ResultFile path="WNVM19648\Fail.3poblbx4alvv.png" />
        <ResultFile path="WNVM19648\Fail.4p531ykxaqdb.png" />
        <ResultFile path="WNVM19648\Fail.ashpv3rjajjr.png" />
        <ResultFile path="WNVM19648\Fail.aswak04hapa5.png" />
        <ResultFile path="WNVM19648\Fail.azqsczivabnm.png" />
        <ResultFile path="WNVM19648\Fail.byuslv5baqsd.png" />
        <ResultFile path="WNVM19648\Fail.bz134qwyax2e.png" />
        <ResultFile path="WNVM19648\Fail.ek4tb3wmalyl.png" />
        <ResultFile path="WNVM19648\Fail.ig2gsfz5ad1y.png" />
        <ResultFile path="WNVM19648\Fail.iymeazuqablz.png" />
        <ResultFile path="WNVM19648\Fail.jpga4adlarrf.png" />
        <ResultFile path="WNVM19648\Fail.kfb5og41ajlt.png" />
        <ResultFile path="WNVM19648\Fail.kxs1ersmaxma.png" />
        <ResultFile path="WNVM19648\Fail.lbyrcmqbastb.png" />
        <ResultFile path="WNVM19648\Fail.loc0xhl5a2hr.png" />
        <ResultFile path="WNVM19648\Fail.lthgvalfaxfr.png" />
        <ResultFile path="WNVM19648\Fail.mazsob3aamsp.png" />
        <ResultFile path="WNVM19648\Fail.n13clx4iaowv.png" />
        <ResultFile path="WNVM19648\Fail.o4kkrjboasbk.png" />
        <ResultFile path="WNVM19648\Fail.o5zf0zepaw0l.png" />
        <ResultFile path="WNVM19648\Fail.pdo2mhdtanq2.png" />
        <ResultFile path="WNVM19648\Fail.pprwzak1ac5h.png" />
        <ResultFile path="WNVM19648\Fail.qagtqbftat3h.png" />
        <ResultFile path="WNVM19648\Fail.qbnuydioazjy.png" />
        <ResultFile path="WNVM19648\Fail.raasvsmeanc1.png" />
        <ResultFile path="WNVM19648\Fail.rymman3va50a.png" />
        <ResultFile path="WNVM19648\Fail.sidku4gxamg4.png" />
        <ResultFile path="WNVM19648\Fail.swwzdfhraz25.png" />
        <ResultFile path="WNVM19648\Fail.t4yj0fxuatil.png" />
        <ResultFile path="WNVM19648\Fail.v0ywfcwsa23p.png" />
        <ResultFile path="WNVM19648\Fail.vjqtiv2zaclz.png" />
        <ResultFile path="WNVM19648\Fail.wiz4mofdavag.png" />
        <ResultFile path="WNVM19648\Fail.yd3ferxiaq1c.png" />
        <ResultFile path="WNVM19648\Fail.z10rn0n5ajdm.png" />
        <ResultFile path="WNVM19648\Fail.z2gelfy0aa1q.png" />
        <ResultFile path="WNVM19648\Fail.zpuouf2fa0ib.png" />
        <ResultFile path="WNVM19648\OmniLog.html" />
        <ResultFile path="WNVM19648\OmniLogRawXml.xml" />
      </ResultFiles>
    </UnitTestResult>
    <UnitTestResult executionId="93562adf-3f35-45e4-a2c2-eee9b4554a86" testId="e819bbbf-84b6-0008-dd30-54db94658ce4" testName="VSTest_Css_DiffViewer (SideBySide)" computerName="WNVM19648" startTime="2018-04-17T00:28:53.2944695-07:00" endTime="2018-04-17T00:28:53.2944695-07:00" testType="13cdc9d9-ddb5-4fa4-a97d-d965ccfc6d4b" outcome="NotExecuted" testListId="8c84fa94-04c1-424b-9868-57a2d4851a1d" relativeResultsDirectory="93562adf-3f35-45e4-a2c2-eee9b4554a86">
      <Output>
      </Output>
    </UnitTestResult>
    <UnitTestResult executionId="802ca4e9-9cd5-4a9c-840f-be0f43b1a832" testId="b49b64f1-b4f9-24f1-e3e5-4535dd8dd5bd" testName="VSTest_AutoTagNameMatcher_RemoveUnclosedSameInnerTagNameHtml" computerName="WNVM19648" duration="00:00:02.6734534" startTime="2018-04-17T00:20:02.2705599-07:00" endTime="2018-04-17T00:20:04.9440133-07:00" testType="13cdc9d9-ddb5-4fa4-a97d-d965ccfc6d4b" outcome="Passed" testListId="8c84fa94-04c1-424b-9868-57a2d4851a1d" relativeResultsDirectory="802ca4e9-9cd5-4a9c-840f-be0f43b1a832">
      <Output>
        <StdOut>+ AutoTagNameMatcherTests::VSTest_AutoTagNameMatcher_RemoveUnclosedSameInnerTagNameHtml
    + ApexTest TestInitialize
    + ExternalProcessHostTest TestInitialize
        (21:43.631) [Visual Studio Host (6956):RoamingSettingsService] Disabling roaming settings.
        (21:43.692) [Visual Studio Host (6956):SettingsService] Setting Visual Studio option 'Environment\RoamingSettings\RoamingEnabled' to 'False'.
        (21:44.058) [Visual Studio Host (6956):TextEditorDocumentWindowTestExtension] Showing window 'RemoveUnclosedSameInnerTagName.html' without activating the window.
        (21:44.146) [Visual Studio Host (6956):TextEditorDocumentWindowTestExtension] Showing window 'RemoveUnclosedSameInnerTagName.html'.
        (21:44.231) [Visual Studio Host (6956):VisualStudioTextEditorTestExtension] Setting keyboard focus to editor 'RemoveUnclosedSameInnerTagName.html'.
        (21:44.284) [Visual Studio Host (6956):MainWindowService] Activating main window to bring it to the foreground.
        (21:44.388) [Visual Studio Host (6956):MainWindowService] Setting main window state to 'Maximized'.
    (21:44.510) [Visual Studio Host (6956):TextEditorDocumentWindowTestExtension] Showing window 'RemoveUnclosedSameInnerTagName.html' without activating the window.
    (21:44.574) [Visual Studio Host (6956):TextEditorDocumentWindowTestExtension] Showing window 'RemoveUnclosedSameInnerTagName.html'.
    (21:44.649) [Visual Studio Host (6956):VisualStudioCaretTestExtension] Moving the caret from (Ln: 1, Ch: 1) to (Ln: 14, Ch: 27)
    (21:44.724) [Visual Studio Host (6956):TextEditorDocumentWindowTestExtension] Showing window 'RemoveUnclosedSameInnerTagName.html' without activating the window.
    (21:44.784) [Visual Studio Host (6956):TextEditorDocumentWindowTestExtension] Showing window 'RemoveUnclosedSameInnerTagName.html'.
    (21:44.839) [Visual Studio Host (6956):VisualStudioTextEditingActions] Deleting previous '13' characters at the current caret position: '(Ln: 14, Ch: 27)'
    (21:44.998) [Visual Studio Host (6956):TextEditorDocumentWindowTestExtension] Showing window 'RemoveUnclosedSameInnerTagName.html' without activating the window.
    (21:45.073) [Visual Studio Host (6956):TextEditorDocumentWindowTestExtension] Showing window 'RemoveUnclosedSameInnerTagName.html'.
    + ExternalProcessHostTest TestCleanup
        (21:45.260) [Visual Studio Host (6956):TextEditorDocumentWindowTestExtension] Closing window 'RemoveUnclosedSameInnerTagName.html'.
        (21:45.515) [Platform:Testcase] Test 'VSTest_AutoTagNameMatcher_RemoveUnclosedSameInnerTagNameHtml' has 'Passed' outcome. Therefore, Apex will not shut down the 'Visual Studio Host (6956)' with process ID '6956'. A subsequent test scenario will run on the same instance of the host.
    + Final Test Result Verification
        (21:45.713) [Platform:DelayedAssertionVerifierSink] Verification Success: 0 verification steps failed.
    + ApexTest TestCleanup
    (21:45.941) [Platform:Microsoft.Test.Apex.Services.ScreenshotService] Took a screenshot for category '' and saved as 'C:\TestBin\IntegrationTests\TestResults\2018_04_16_23_55_50\VSTest_Html_Drag_Drop_JavascriptFile_Timedout.jpg'.</StdOut>
      </Output>
      <ResultFiles>
        <ResultFile path="WNVM19648\Fail.azqsczivabnm.png" />
        <ResultFile path="WNVM19648\Fail.ig2gsfz5ad1y.png" />
        <ResultFile path="WNVM19648\Fail.o5zf0zepaw0l.png" />
        <ResultFile path="WNVM19648\Failure.jpg" />
        <ResultFile path="WNVM19648\OmniLog.html" />
        <ResultFile path="WNVM19648\OmniLogRawXml.xml" />
        <ResultFile path="WNVM19648\VSTest_Html_Drag_Drop_JavascriptFile_Timedout.jpg" />
        <ResultFile path="WNVM19648\VSTest_Parser_PTagTest_Timedout.jpg" />
      </ResultFiles>
    </UnitTestResult>
    <UnitTestResult executionId="b5e321b9-032a-43d0-90fb-b7393ec743a4" testId="38fae5c1-e195-c79c-10f2-8e28814097df" testName="VSTest_CssCompletion_CustomProperties_VarCompletion" computerName="WNVM19648" duration="00:00:04.4452524" startTime="2018-04-17T00:29:24.3717154-07:00" endTime="2018-04-17T00:29:28.8169678-07:00" testType="13cdc9d9-ddb5-4fa4-a97d-d965ccfc6d4b" outcome="Passed" testListId="8c84fa94-04c1-424b-9868-57a2d4851a1d" relativeResultsDirectory="b5e321b9-032a-43d0-90fb-b7393ec743a4">
      <Output>
        <StdOut>+ CssCompletionTests::VSTest_CssCompletion_CustomProperties_VarCompletion
    + ApexTest TestInitialize
    + ExternalProcessHostTest TestInitialize
        (31:05.766) [Visual Studio Host (11564):RoamingSettingsService] Disabling roaming settings.
        (31:05.820) [Visual Studio Host (11564):SettingsService] Setting Visual Studio option 'Environment\RoamingSettings\RoamingEnabled' to 'False'.
        (31:06.128) [Visual Studio Host (11564):TextEditorDocumentWindowTestExtension] Showing window 'CustomProperties.css' without activating the window.
        (31:06.225) [Visual Studio Host (11564):TextEditorDocumentWindowTestExtension] Showing window 'CustomProperties.css'.
        (31:06.308) [Visual Studio Host (11564):VisualStudioTextEditorTestExtension] Setting keyboard focus to editor 'CustomProperties.css'.
        (31:06.384) [Visual Studio Host (11564):MainWindowService] Activating main window to bring it to the foreground.
        (31:06.453) [Visual Studio Host (11564):MainWindowService] Setting main window state to 'Maximized'.
    (31:06.668) [Visual Studio Host (11564):TextEditorDocumentWindowTestExtension] Showing window 'CustomProperties.css' without activating the window.
    (31:06.731) [Visual Studio Host (11564):TextEditorDocumentWindowTestExtension] Showing window 'CustomProperties.css'.
    (31:06.803) [Visual Studio Host (11564):VisualStudioCaretTestExtension] Moving the caret and selecting the range from (Ln: 9, Ch: 6) to (Ln: 9, Ch: 6) based on a regular expression.  Expression = "div {()" [group index '1', match index '1', options 'Singleline, CultureInvariant']
    (31:06.866) [Visual Studio Host (11564):TextEditorDocumentWindowTestExtension] Showing window 'CustomProperties.css' without activating the window.
    (31:06.921) [Visual Studio Host (11564):TextEditorDocumentWindowTestExtension] Showing window 'CustomProperties.css'.
    (31:06.977) [Visual Studio Host (11564):KeyboardCommands] Sending the Return key 1 times.
    (31:07.041) [Visual Studio Host (11564):TextEditorDocumentWindowTestExtension] Showing window 'CustomProperties.css' without activating the window.
    (31:07.096) [Visual Studio Host (11564):TextEditorDocumentWindowTestExtension] Showing window 'CustomProperties.css'.
    (31:07.271) [Visual Studio Host (11564):TextEditorDocumentWindowTestExtension] Showing window 'CustomProperties.css' without activating the window.
    (31:07.421) [Visual Studio Host (11564):TextEditorDocumentWindowTestExtension] Showing window 'CustomProperties.css'.
    (31:07.523) [Visual Studio Host (11564):VisualStudioIntellisenseService] Getting the active completion at position '(Ln: 10, Ch: 16)'.
    (31:07.676) [Visual Studio Host (11564):VisualStudioCompletionListTestExtension] Found completion item with name 
    (31:07.743) [Visual Studio Host (11564):VisualStudioIntellisenseService] Getting the active completion at position '(Ln: 10, Ch: 16)'.
    (31:07.813) [Visual Studio Host (11564):VisualStudioCompletionListTestExtension] Found completion item with name 
    (31:07.873) [Visual Studio Host (11564):VisualStudioCompletionListTestExtension] Selecting completion item '--fgColor'.
    (31:07.929) [Visual Studio Host (11564):VisualStudioCompletionListTestExtension] Committing '--fgColor' completion item.
    (31:08.030) [Visual Studio Host (11564):TextEditorDocumentWindowTestExtension] Showing window 'CustomProperties.css' without activating the window.
    (31:08.121) [Visual Studio Host (11564):TextEditorDocumentWindowTestExtension] Showing window 'CustomProperties.css'.
    (31:08.325) [Visual Studio Host (11564):TextEditorDocumentWindowTestExtension] Showing window 'CustomProperties.css' without activating the window.
    (31:08.455) [Visual Studio Host (11564):TextEditorDocumentWindowTestExtension] Showing window 'CustomProperties.css'.
    (31:08.547) [Visual Studio Host (11564):VisualStudioIntellisenseService] Getting the active completion at position '(Ln: 10, Ch: 27)'.
    (31:08.702) [Visual Studio Host (11564):VisualStudioCompletionListTestExtension] Found completion item with name 
    (31:08.793) [Visual Studio Host (11564):VisualStudioIntellisenseService] Getting the active completion at position '(Ln: 10, Ch: 27)'.
    (31:08.862) [Visual Studio Host (11564):VisualStudioCompletionListTestExtension] Found completion item with name 
    (31:08.919) [Visual Studio Host (11564):VisualStudioCompletionListTestExtension] Selecting completion item 'blue'.
    (31:08.999) [Visual Studio Host (11564):VisualStudioCompletionListTestExtension] Committing 'blue' completion item.
    + ExternalProcessHostTest TestCleanup
        (31:09.137) [Visual Studio Host (11564):TextEditorDocumentWindowTestExtension] Closing window 'CustomProperties.css'.
        (31:09.380) [Platform:Testcase] Test 'VSTest_CssCompletion_CustomProperties_VarCompletion' has 'Passed' outcome. Therefore, Apex will not shut down the 'Visual Studio Host (11564)' with process ID '11564'. A subsequent test scenario will run on the same instance of the host.
    + Final Test Result Verification
        (31:09.571) [Platform:DelayedAssertionVerifierSink] Verification Success: 0 verification steps failed.
    + ApexTest TestCleanup</StdOut>
      </Output>
      <ResultFiles>
        <ResultFile path="WNVM19648\Fail.azqsczivabnm.png" />
        <ResultFile path="WNVM19648\Fail.ig2gsfz5ad1y.png" />
        <ResultFile path="WNVM19648\Fail.o5zf0zepaw0l.png" />
        <ResultFile path="WNVM19648\OmniLog.html" />
        <ResultFile path="WNVM19648\OmniLogRawXml.xml" />
      </ResultFiles>
    </UnitTestResult>
    <UnitTestResult executionId="00864f4e-51ae-4e67-9d06-dbe7e151655d" testId="dace258a-dfa2-acd4-1526-5b98af0fd501" testName="VSTest_RazorCsFormatIfBlockInsideForBlock" computerName="WNVM19648" duration="00:00:05.6346612" startTime="2018-04-17T01:04:19.2411266-07:00" endTime="2018-04-17T01:04:24.8757878-07:00" testType="13cdc9d9-ddb5-4fa4-a97d-d965ccfc6d4b" outcome="Passed" testListId="8c84fa94-04c1-424b-9868-57a2d4851a1d" relativeResultsDirectory="00864f4e-51ae-4e67-9d06-dbe7e151655d">
      <Output>
        <StdOut>+ CSharpFormattingTests::VSTest_RazorCsFormatIfBlockInsideForBlock
    + ApexTest TestInitialize
    + ExternalProcessHostTest TestInitialize
        (01:06:01.105) [Visual Studio Host (4384):RoamingSettingsService] Disabling roaming settings.
        (01:06:01.283) [Visual Studio Host (4384):SettingsService] Setting Visual Studio option 'Environment\RoamingSettings\RoamingEnabled' to 'False'.
        (01:06:01.721) [Visual Studio Host (4384):TextEditorDocumentWindowTestExtension] Showing window 'FormatIfBlockInsideForBlock.cshtml' without activating the window.
        (01:06:01.926) [Visual Studio Host (4384):TextEditorDocumentWindowTestExtension] Showing window 'FormatIfBlockInsideForBlock.cshtml'.
        (01:06:02.118) [Visual Studio Host (4384):VisualStudioTextEditorTestExtension] Setting keyboard focus to editor 'FormatIfBlockInsideForBlock.cshtml'.
        (01:06:02.300) [Visual Studio Host (4384):MainWindowService] Activating main window to bring it to the foreground.
        (01:06:02.510) [Visual Studio Host (4384):MainWindowService] Setting main window state to 'Maximized'.
    (01:06:02.856) [Visual Studio Host (4384):TextEditorDocumentWindowTestExtension] Showing window 'FormatIfBlockInsideForBlock.cshtml' without activating the window.
    (01:06:03.036) [Visual Studio Host (4384):TextEditorDocumentWindowTestExtension] Showing window 'FormatIfBlockInsideForBlock.cshtml'.
    (01:06:03.228) [Visual Studio Host (4384):VisualStudioCaretTestExtension] Moving the caret from (Ln: 1, Ch: 1) to (Ln: 10, Ch: 20)
    (01:06:03.780) [Visual Studio Host (4384):TextEditorDocumentWindowTestExtension] Showing window 'FormatIfBlockInsideForBlock.cshtml' without activating the window.
    (01:06:03.972) [Visual Studio Host (4384):TextEditorDocumentWindowTestExtension] Showing window 'FormatIfBlockInsideForBlock.cshtml'.
    (01:06:04.135) [Visual Studio Host (4384):TextEditorDocumentWindowTestExtension] Showing window 'FormatIfBlockInsideForBlock.cshtml' without activating the window.
    (01:06:04.269) [Visual Studio Host (4384):TextEditorDocumentWindowTestExtension] Showing window 'FormatIfBlockInsideForBlock.cshtml'.
    + ExternalProcessHostTest TestCleanup
        (01:06:04.548) [Visual Studio Host (4384):TextEditorDocumentWindowTestExtension] Closing window 'FormatIfBlockInsideForBlock.cshtml'.
        (01:06:04.767) [Platform:Testcase] Test 'VSTest_RazorCsFormatIfBlockInsideForBlock' has 'Passed' outcome. Therefore, Apex will not shut down the 'Visual Studio Host (4384)' with process ID '4384'. A subsequent test scenario will run on the same instance of the host.
    + Final Test Result Verification
        (01:06:05.238) [Platform:DelayedAssertionVerifierSink] Verification Success: 0 verification steps failed.
    + ApexTest TestCleanup</StdOut>
      </Output>
      <ResultFiles>
        <ResultFile path="WNVM19648\Fail.azqsczivabnm.png" />
        <ResultFile path="WNVM19648\Fail.ig2gsfz5ad1y.png" />
        <ResultFile path="WNVM19648\Fail.o5zf0zepaw0l.png" />
        <ResultFile path="WNVM19648\Fail.raasvsmeanc1.png" />
        <ResultFile path="WNVM19648\Fail.t4yj0fxuatil.png" />
        <ResultFile path="WNVM19648\Fail.z10rn0n5ajdm.png" />
        <ResultFile path="WNVM19648\OmniLog.html" />
        <ResultFile path="WNVM19648\OmniLogRawXml.xml" />
      </ResultFiles>
    </UnitTestResult>
    <UnitTestResult executionId="a317983a-1821-49fb-805f-d3526ebec091" testId="eab4b2d3-cfe0-5252-49a0-7574e8b521b1" testName="VSTest_Razor_TagHelpers_Completion_RestrictChildren" computerName="WNVM19648" duration="00:00:33.7437806" startTime="2018-04-17T01:17:19.6756299-07:00" endTime="2018-04-17T01:17:53.4194105-07:00" testType="13cdc9d9-ddb5-4fa4-a97d-d965ccfc6d4b" outcome="Passed" testListId="8c84fa94-04c1-424b-9868-57a2d4851a1d" relativeResultsDirectory="a317983a-1821-49fb-805f-d3526ebec091">
      <Output>
        <StdOut>+ RazorTagHelperTests::VSTest_Razor_TagHelpers_Completion_RestrictChildren
    + ApexTest TestInitialize
    + ExternalProcessHostTest TestInitialize
        (01:19:01.379) [Visual Studio Host (8016):RoamingSettingsService] Disabling roaming settings.
        (01:19:01.524) [Visual Studio Host (8016):SettingsService] Setting Visual Studio option 'Environment\RoamingSettings\RoamingEnabled' to 'False'.
        (01:19:02.277) [Visual Studio Host (8016):TextEditorDocumentWindowTestExtension] Showing window 'TagHelpers.cshtml' without activating the window.
        (01:19:02.523) [Visual Studio Host (8016):TextEditorDocumentWindowTestExtension] Showing window 'TagHelpers.cshtml'.
        (01:19:02.697) [Visual Studio Host (8016):VisualStudioTextEditorTestExtension] Setting keyboard focus to editor 'TagHelpers.cshtml'.
        (01:19:02.835) [Visual Studio Host (8016):MainWindowService] Activating main window to bring it to the foreground.
        (01:19:02.974) [Visual Studio Host (8016):MainWindowService] Setting main window state to 'Maximized'.
    (01:19:03.304) [Visual Studio Host (8016):TextEditorDocumentWindowTestExtension] Showing window 'TagHelpers.cshtml' without activating the window.
    (01:19:03.439) [Visual Studio Host (8016):TextEditorDocumentWindowTestExtension] Showing window 'TagHelpers.cshtml'.
    (01:19:03.578) [Visual Studio Host (8016):VisualStudioCaretTestExtension] Moving the caret to '@addTagHelper' at (Ln: 2, Ch: 1) based on a regular expression.  Expression = "()@addTagHelper" [group index '0', match index '2', options 'Singleline, CultureInvariant']
    (01:19:03.717) [Visual Studio Host (8016):TextEditorDocumentWindowTestExtension] Showing window 'TagHelpers.cshtml' without activating the window.
    (01:19:03.869) [Visual Studio Host (8016):TextEditorDocumentWindowTestExtension] Showing window 'TagHelpers.cshtml'.
    (01:19:04.020) [Visual Studio Host (8016):VisualStudioCaretTestExtension] Moving the caret from (Ln: 2, Ch: 1) down '1' lines
    (01:19:04.157) [Visual Studio Host (8016):VisualStudioTextEditorTestExtension] Setting keyboard focus to editor 'TagHelpers.cshtml'.
    (01:19:04.310) [Visual Studio Host (8016):TextEditorDocumentWindowTestExtension] Showing window 'TagHelpers.cshtml' without activating the window.
    (01:19:04.450) [Visual Studio Host (8016):TextEditorDocumentWindowTestExtension] Showing window 'TagHelpers.cshtml'.
    (01:19:04.599) [Visual Studio Host (8016):VisualStudioTextEditingActions] Deleting to the end of line of the current caret position, position: '(Ln: 3, Ch: 1)', line: '3'
    (01:19:04.751) [Visual Studio Host (8016):TextEditorDocumentWindowTestExtension] Showing window 'TagHelpers.cshtml' without activating the window.
    (01:19:04.894) [Visual Studio Host (8016):TextEditorDocumentWindowTestExtension] Showing window 'TagHelpers.cshtml'.
    (01:19:05.088) [Visual Studio Host (8016):VisualStudioCaretTestExtension] Moving the caret to '' at (Ln: 5, Ch: 7) based on a regular expression.  Expression = "&lt;body&gt;()" [group index '1', match index '1', options 'Singleline, CultureInvariant']
    (01:19:06.464) [Visual Studio Host (8016):TextEditorDocumentWindowTestExtension] Showing window 'TagHelpers.cshtml' without activating the window.
    (01:19:07.855) [Visual Studio Host (8016):TextEditorDocumentWindowTestExtension] Showing window 'TagHelpers.cshtml'.
    (01:19:09.543) [Visual Studio Host (8016):KeyboardCommands] Sending the Return key 1 times.
    (01:19:09.736) [Visual Studio Host (8016):TextEditorDocumentWindowTestExtension] Showing window 'TagHelpers.cshtml' without activating the window.
    (01:19:09.912) [Visual Studio Host (8016):TextEditorDocumentWindowTestExtension] Showing window 'TagHelpers.cshtml'.
    (01:19:10.090) [Visual Studio Host (8016):TextEditorDocumentWindowTestExtension] Showing window 'TagHelpers.cshtml' without activating the window.
    (01:19:10.282) [Visual Studio Host (8016):TextEditorDocumentWindowTestExtension] Showing window 'TagHelpers.cshtml'.
    (01:19:10.532) [Visual Studio Host (8016):VisualStudioIntellisenseService] Getting the active completion at position '(Ln: 6, Ch: 6)'.
    (01:19:10.702) [Visual Studio Host (8016):VisualStudioCompletionListTestExtension] Found completion item with name 
    (01:19:10.833) [Visual Studio Host (8016):VisualStudioCompletionListTestExtension] Unable to find completion item with name 
    (01:19:10.973) [Visual Studio Host (8016):VisualStudioCompletionListTestExtension] Unable to find completion item with name 
    (01:19:11.123) [Visual Studio Host (8016):VisualStudioCompletionListTestExtension] Unable to find completion item with name 
    (01:19:11.311) [Visual Studio Host (8016):VisualStudioCompletionListTestExtension] Unable to find completion item with name 
    (01:19:11.462) [Visual Studio Host (8016):VisualStudioCompletionListTestExtension] Unable to find completion item with name 
    (01:19:11.632) [Visual Studio Host (8016):TextEditorDocumentWindowTestExtension] Showing window 'TagHelpers.cshtml' without activating the window.
    (01:19:11.820) [Visual Studio Host (8016):TextEditorDocumentWindowTestExtension] Showing window 'TagHelpers.cshtml'.
    (01:19:12.081) [Visual Studio Host (8016):TextEditorDocumentWindowTestExtension] Showing window 'TagHelpers.cshtml' without activating the window.
    (01:19:12.345) [Visual Studio Host (8016):TextEditorDocumentWindowTestExtension] Showing window 'TagHelpers.cshtml'.
    (01:19:12.516) [Visual Studio Host (8016):KeyboardCommands] Sending the Return key 1 times.
    (01:19:12.694) [Visual Studio Host (8016):TextEditorDocumentWindowTestExtension] Showing window 'TagHelpers.cshtml' without activating the window.
    (01:19:12.862) [Visual Studio Host (8016):TextEditorDocumentWindowTestExtension] Showing window 'TagHelpers.cshtml'.
    (01:19:13.104) [Visual Studio Host (8016):TextEditorDocumentWindowTestExtension] Showing window 'TagHelpers.cshtml' without activating the window.
    (01:19:13.272) [Visual Studio Host (8016):TextEditorDocumentWindowTestExtension] Showing window 'TagHelpers.cshtml'.
    (01:19:13.442) [Visual Studio Host (8016):VisualStudioIntellisenseService] Getting the active completion at position '(Ln: 7, Ch: 2)'.
    (01:19:13.676) [Visual Studio Host (8016):VisualStudioCompletionListTestExtension] Found completion item with name 
    (01:19:13.845) [Visual Studio Host (8016):VisualStudioCompletionListTestExtension] Found completion item with name 
    (01:19:14.032) [Visual Studio Host (8016):VisualStudioCompletionListTestExtension] Unable to find completion item with name 
    (01:19:14.191) [Visual Studio Host (8016):VisualStudioCompletionListTestExtension] Unable to find completion item with name 
    (01:19:14.328) [Visual Studio Host (8016):VisualStudioCompletionListTestExtension] Unable to find completion item with name 
    (01:19:14.494) [Visual Studio Host (8016):VisualStudioCompletionListTestExtension] Unable to find completion item with name 
    (01:19:14.704) [Visual Studio Host (8016):TextEditorDocumentWindowTestExtension] Showing window 'TagHelpers.cshtml' without activating the window.
    (01:19:14.869) [Visual Studio Host (8016):TextEditorDocumentWindowTestExtension] Showing window 'TagHelpers.cshtml'.
    (01:19:15.165) [Visual Studio Host (8016):TextEditorDocumentWindowTestExtension] Showing window 'TagHelpers.cshtml' without activating the window.
    (01:19:15.358) [Visual Studio Host (8016):TextEditorDocumentWindowTestExtension] Showing window 'TagHelpers.cshtml'.
    (01:19:15.580) [Visual Studio Host (8016):KeyboardCommands] Sending the Return key 1 times.
    (01:19:15.747) [Visual Studio Host (8016):TextEditorDocumentWindowTestExtension] Showing window 'TagHelpers.cshtml' without activating the window.
    (01:19:15.936) [Visual Studio Host (8016):TextEditorDocumentWindowTestExtension] Showing window 'TagHelpers.cshtml'.
    (01:19:16.220) [Visual Studio Host (8016):TextEditorDocumentWindowTestExtension] Showing window 'TagHelpers.cshtml' without activating the window.
    (01:19:16.379) [Visual Studio Host (8016):TextEditorDocumentWindowTestExtension] Showing window 'TagHelpers.cshtml'.
    (01:19:16.563) [Visual Studio Host (8016):VisualStudioIntellisenseService] Getting the active completion at position '(Ln: 8, Ch: 2)'.
    (01:19:16.709) [Visual Studio Host (8016):VisualStudioCompletionListTestExtension] Found completion item with name 
    (01:19:16.872) [Visual Studio Host (8016):VisualStudioCompletionListTestExtension] Found completion item with name 
    (01:19:17.038) [Visual Studio Host (8016):VisualStudioCompletionListTestExtension] Found completion item with name 
    (01:19:17.168) [Visual Studio Host (8016):VisualStudioCompletionListTestExtension] Unable to find completion item with name 
    (01:19:17.311) [Visual Studio Host (8016):VisualStudioCompletionListTestExtension] Unable to find completion item with name 
    (01:19:17.441) [Visual Studio Host (8016):VisualStudioCompletionListTestExtension] Unable to find completion item with name 
    (01:19:17.594) [Visual Studio Host (8016):TextEditorDocumentWindowTestExtension] Showing window 'TagHelpers.cshtml' without activating the window.
    (01:19:17.754) [Visual Studio Host (8016):TextEditorDocumentWindowTestExtension] Showing window 'TagHelpers.cshtml'.
    (01:19:18.063) [Visual Studio Host (8016):TextEditorDocumentWindowTestExtension] Showing window 'TagHelpers.cshtml' without activating the window.
    (01:19:18.239) [Visual Studio Host (8016):TextEditorDocumentWindowTestExtension] Showing window 'TagHelpers.cshtml'.
    (01:19:18.420) [Visual Studio Host (8016):KeyboardCommands] Sending the Return key 1 times.
    (01:19:18.578) [Visual Studio Host (8016):TextEditorDocumentWindowTestExtension] Showing window 'TagHelpers.cshtml' without activating the window.
    (01:19:18.735) [Visual Studio Host (8016):TextEditorDocumentWindowTestExtension] Showing window 'TagHelpers.cshtml'.
    (01:19:18.893) [Visual Studio Host (8016):VisualStudioCaretTestExtension] Moving the caret to '@addTagHelper' at (Ln: 2, Ch: 1) based on a regular expression.  Expression = "()@addTagHelper" [group index '0', match index '2', options 'Singleline, CultureInvariant']
    (01:19:19.066) [Visual Studio Host (8016):TextEditorDocumentWindowTestExtension] Showing window 'TagHelpers.cshtml' without activating the window.
    (01:19:19.215) [Visual Studio Host (8016):TextEditorDocumentWindowTestExtension] Showing window 'TagHelpers.cshtml'.
    (01:19:19.360) [Visual Studio Host (8016):VisualStudioCaretTestExtension] Moving the caret from (Ln: 2, Ch: 1) down '1' lines
    (01:19:19.490) [Visual Studio Host (8016):VisualStudioTextEditorTestExtension] Setting keyboard focus to editor 'TagHelpers.cshtml'.
    (01:19:19.631) [Visual Studio Host (8016):TextEditorDocumentWindowTestExtension] Showing window 'TagHelpers.cshtml' without activating the window.
    (01:19:19.779) [Visual Studio Host (8016):TextEditorDocumentWindowTestExtension] Showing window 'TagHelpers.cshtml'.
    (01:19:19.939) [Visual Studio Host (8016):VisualStudioTextEditingActions] Deleting to the end of line of the current caret position, position: '(Ln: 3, Ch: 1)', line: '3'
    (01:19:20.100) [Visual Studio Host (8016):TextEditorDocumentWindowTestExtension] Showing window 'TagHelpers.cshtml' without activating the window.
    (01:19:20.271) [Visual Studio Host (8016):TextEditorDocumentWindowTestExtension] Showing window 'TagHelpers.cshtml'.
    (01:19:20.567) [Visual Studio Host (8016):TextEditorDocumentWindowTestExtension] Showing window 'TagHelpers.cshtml' without activating the window.
    (01:19:20.722) [Visual Studio Host (8016):TextEditorDocumentWindowTestExtension] Showing window 'TagHelpers.cshtml'.
    (01:19:21.384) [Visual Studio Host (8016):TextEditorDocumentWindowTestExtension] Showing window 'TagHelpers.cshtml' without activating the window.
    (01:19:21.525) [Visual Studio Host (8016):TextEditorDocumentWindowTestExtension] Showing window 'TagHelpers.cshtml'.
    (01:19:21.665) [Visual Studio Host (8016):VisualStudioCaretTestExtension] Moving the caret to '' at (Ln: 5, Ch: 7) based on a regular expression.  Expression = "&lt;body&gt;()" [group index '1', match index '1', options 'Singleline, CultureInvariant']
    (01:19:23.190) [Visual Studio Host (8016):TextEditorDocumentWindowTestExtension] Showing window 'TagHelpers.cshtml' without activating the window.
    (01:19:24.840) [Visual Studio Host (8016):TextEditorDocumentWindowTestExtension] Showing window 'TagHelpers.cshtml'.
    (01:19:26.301) [Visual Studio Host (8016):KeyboardCommands] Sending the Return key 1 times.
    (01:19:26.461) [Visual Studio Host (8016):TextEditorDocumentWindowTestExtension] Showing window 'TagHelpers.cshtml' without activating the window.
    (01:19:26.607) [Visual Studio Host (8016):TextEditorDocumentWindowTestExtension] Showing window 'TagHelpers.cshtml'.
    (01:19:26.816) [Visual Studio Host (8016):TextEditorDocumentWindowTestExtension] Showing window 'TagHelpers.cshtml' without activating the window.
    (01:19:26.990) [Visual Studio Host (8016):TextEditorDocumentWindowTestExtension] Showing window 'TagHelpers.cshtml'.
    (01:19:27.173) [Visual Studio Host (8016):VisualStudioIntellisenseService] Getting the active completion at position '(Ln: 6, Ch: 6)'.
    (01:19:27.332) [Visual Studio Host (8016):VisualStudioCompletionListTestExtension] Found completion item with name 
    (01:19:27.470) [Visual Studio Host (8016):VisualStudioCompletionListTestExtension] Unable to find completion item with name 
    (01:19:27.603) [Visual Studio Host (8016):VisualStudioCompletionListTestExtension] Unable to find completion item with name 
    (01:19:27.736) [Visual Studio Host (8016):VisualStudioCompletionListTestExtension] Unable to find completion item with name 
    (01:19:27.866) [Visual Studio Host (8016):VisualStudioCompletionListTestExtension] Unable to find completion item with name 
    (01:19:28.016) [Visual Studio Host (8016):VisualStudioCompletionListTestExtension] Unable to find completion item with name 
    (01:19:28.204) [Visual Studio Host (8016):TextEditorDocumentWindowTestExtension] Showing window 'TagHelpers.cshtml' without activating the window.
    (01:19:28.364) [Visual Studio Host (8016):TextEditorDocumentWindowTestExtension] Showing window 'TagHelpers.cshtml'.
    (01:19:28.635) [Visual Studio Host (8016):TextEditorDocumentWindowTestExtension] Showing window 'TagHelpers.cshtml' without activating the window.
    (01:19:28.848) [Visual Studio Host (8016):TextEditorDocumentWindowTestExtension] Showing window 'TagHelpers.cshtml'.
    (01:19:29.030) [Visual Studio Host (8016):KeyboardCommands] Sending the Return key 1 times.
    (01:19:29.247) [Visual Studio Host (8016):TextEditorDocumentWindowTestExtension] Showing window 'TagHelpers.cshtml' without activating the window.
    (01:19:29.500) [Visual Studio Host (8016):TextEditorDocumentWindowTestExtension] Showing window 'TagHelpers.cshtml'.
    (01:19:29.711) [Visual Studio Host (8016):TextEditorDocumentWindowTestExtension] Showing window 'TagHelpers.cshtml' without activating the window.
    (01:19:29.919) [Visual Studio Host (8016):TextEditorDocumentWindowTestExtension] Showing window 'TagHelpers.cshtml'.
    (01:19:30.193) [Visual Studio Host (8016):VisualStudioIntellisenseService] Getting the active completion at position '(Ln: 7, Ch: 2)'.
    (01:19:30.386) [Visual Studio Host (8016):VisualStudioCompletionListTestExtension] Found completion item with name 
    (01:19:30.590) [Visual Studio Host (8016):VisualStudioCompletionListTestExtension] Found completion item with name 
    (01:19:30.751) [Visual Studio Host (8016):VisualStudioCompletionListTestExtension] Unable to find completion item with name 
    (01:19:30.907) [Visual Studio Host (8016):VisualStudioCompletionListTestExtension] Unable to find completion item with name 
    (01:19:31.080) [Visual Studio Host (8016):VisualStudioCompletionListTestExtension] Unable to find completion item with name 
    (01:19:31.270) [Visual Studio Host (8016):VisualStudioCompletionListTestExtension] Unable to find completion item with name 
    (01:19:31.479) [Visual Studio Host (8016):TextEditorDocumentWindowTestExtension] Showing window 'TagHelpers.cshtml' without activating the window.
    (01:19:31.663) [Visual Studio Host (8016):TextEditorDocumentWindowTestExtension] Showing window 'TagHelpers.cshtml'.
    (01:19:31.974) [Visual Studio Host (8016):TextEditorDocumentWindowTestExtension] Showing window 'TagHelpers.cshtml' without activating the window.
    (01:19:32.192) [Visual Studio Host (8016):TextEditorDocumentWindowTestExtension] Showing window 'TagHelpers.cshtml'.
    (01:19:32.359) [Visual Studio Host (8016):KeyboardCommands] Sending the Return key 1 times.
    + ExternalProcessHostTest TestCleanup
        (01:19:32.741) [Visual Studio Host (8016):TextEditorDocumentWindowTestExtension] Closing window 'TagHelpers.cshtml'.
        (01:19:33.084) [Platform:Testcase] Test 'VSTest_Razor_TagHelpers_Completion_RestrictChildren' has 'Passed' outcome. Therefore, Apex will not shut down the 'Visual Studio Host (8016)' with process ID '8016'. A subsequent test scenario will run on the same instance of the host.
    + Final Test Result Verification
        (01:19:33.671) [Platform:DelayedAssertionVerifierSink] Verification Success: 0 verification steps failed.
    + ApexTest TestCleanup</StdOut>
      </Output>
      <ResultFiles>
        <ResultFile path="WNVM19648\Fail.aswak04hapa5.png" />
        <ResultFile path="WNVM19648\Fail.azqsczivabnm.png" />
        <ResultFile path="WNVM19648\Fail.ek4tb3wmalyl.png" />
        <ResultFile path="WNVM19648\Fail.ig2gsfz5ad1y.png" />
        <ResultFile path="WNVM19648\Fail.o4kkrjboasbk.png" />
        <ResultFile path="WNVM19648\Fail.o5zf0zepaw0l.png" />
        <ResultFile path="WNVM19648\Fail.raasvsmeanc1.png" />
        <ResultFile path="WNVM19648\Fail.t4yj0fxuatil.png" />
        <ResultFile path="WNVM19648\Fail.z10rn0n5ajdm.png" />
        <ResultFile path="WNVM19648\OmniLog.html" />
        <ResultFile path="WNVM19648\OmniLogRawXml.xml" />
      </ResultFiles>
    </UnitTestResult>
    <UnitTestResult executionId="e2e8f6db-d2b9-430a-8dfb-7f3568fcf174" testId="f53a5c21-2644-43c4-21bf-7753c6054d14" testName="VSTest_TypingOptionsXHTMLCodingStyleFalse" computerName="WNVM19648" duration="00:01:42.7899373" startTime="2018-04-17T00:45:20.1272775-07:00" endTime="2018-04-17T00:47:02.9172148-07:00" testType="13cdc9d9-ddb5-4fa4-a97d-d965ccfc6d4b" outcome="Passed" testListId="8c84fa94-04c1-424b-9868-57a2d4851a1d" relativeResultsDirectory="e2e8f6db-d2b9-430a-8dfb-7f3568fcf174">
      <Output>
        <StdOut>+ TypingOptionsTests::VSTest_TypingOptionsXHTMLCodingStyleFalse
    + ApexTest TestInitialize
        Error: (47:18.442) [Platform:Testcase] Previous test's TestCleanup method did not complete within the time out of '00:00:15', indicating that an exception may have been thrown or that the cleanup timed out. Therefore Apex will shut down any hosts associated with the previous test. A subsequent test scenario will run on a new host instances.
+ ExternalProcessHostTest TestInitialize
    (47:34.518) [Platform:VenusHost] Compose Batch: 00:00:01.8905671
    (47:39.572) [Platform:VenusHost] Host Process is being started. Executable = 'C:\Program Files (x86)\Microsoft Visual Studio\Preview\Enterprise\Common7\IDE\devenv.exe'.
    (47:39.775) [Platform:VenusHost] Host Process is started. PID = 9888.
    (47:40.213) [Platform:VenusHost] Host process 'devenv' (id: 9888) is now idle/ready.
    (47:45.166) [Platform:Microsoft.Test.Apex.Hosts.Services.RemoteServiceInitializer] Using remote code injector service 'RemoteCodeInjectorService' for the operation 'ManagedAuto'.
    + Visual Studio Host Creation
        (47:52.150) [Platform:Testcase] Target Executable: 'C:\Program Files (x86)\Microsoft Visual Studio\Preview\Enterprise\Common7\IDE\devenv.exe'.
        (47:52.368) [Platform:Testcase] Process Id: '9888'.
        (47:52.540) [Platform:Testcase] UI Culture: 'English (United States)'.
        (47:52.759) [Platform:Testcase] Build Number: '15.0.27615'.
    (47:53.181) [Visual Studio Host (9888):RoamingSettingsService] Disabling roaming settings.
    (47:53.321) [Visual Studio Host (9888):SettingsService] Setting Visual Studio option 'Environment\RoamingSettings\RoamingEnabled' to 'False'.
    (47:55.650) [Visual Studio Host (9888):SolutionService] Opening solution file 'file:///C:/TestBin/IntegrationTests/MS.VS.Web.Editors/webs/misc.sln' with asynchronous load data available.  WaitForFullyLoadedOnOpen set to 'True'. Apex will wait for all async project loads to complete before proceeding.
        (47:55.853) [Visual Studio Host (9888):SolutionService] Solution load behavior is set to 'Realtime'.
    + Waiting for the solution to fully load.
    (48:16.586) [Visual Studio Host (9888):TextEditorDocumentWindowTestExtension] Showing window 'HtmlPage.html' without activating the window.
    (48:16.967) [Visual Studio Host (9888):TextEditorDocumentWindowTestExtension] Showing window 'HtmlPage.html'.
    (48:17.442) [Visual Studio Host (9888):VisualStudioTextEditorTestExtension] Setting keyboard focus to editor 'HtmlPage.html'.
    (48:17.969) [Visual Studio Host (9888):SettingsService] Getting value of Visual Studio Setting 'TextEditor\HTMLX Specific\XHtmlCodingStyle'. 
    (48:18.351) [Visual Studio Host (9888):SettingsService] Setting Visual Studio option 'TextEditor\HTMLX Specific\XHtmlCodingStyle' to 'False'.
    (48:18.833) [Visual Studio Host (9888):MainWindowService] Activating main window to bring it to the foreground.
    (48:19.177) [Visual Studio Host (9888):MainWindowService] Setting main window state to 'Maximized'.
(48:19.838) [Visual Studio Host (9888):TextEditorDocumentWindowTestExtension] Showing window 'HtmlPage.html' without activating the window.
(48:20.016) [Visual Studio Host (9888):TextEditorDocumentWindowTestExtension] Showing window 'HtmlPage.html'.
(48:20.344) [Visual Studio Host (9888):VisualStudioCaretTestExtension] Moving the caret to '&lt;body&gt;' at (Ln: 6, Ch: 5) based on a regular expression.  Expression = "&lt;body&gt;" [group index '0', match index '1', options 'Singleline, CultureInvariant']
(48:21.611) [Visual Studio Host (9888):VisualStudioCaretTestExtension] Moving the caret from (Ln: 6, Ch: 5) down '1' lines
(48:22.618) [Visual Studio Host (9888):VisualStudioTextEditorTestExtension] Setting keyboard focus to editor 'HtmlPage.html'.
(48:23.478) [Visual Studio Host (9888):VisualStudioCaretTestExtension] Moving the caret from (Ln: 7, Ch: 5) to the end of the line
(48:23.613) [Visual Studio Host (9888):VisualStudioTextEditorTestExtension] Setting keyboard focus to editor 'HtmlPage.html'.
(48:23.781) [Visual Studio Host (9888):VisualStudioTextEditingActions] Inserting text: '&lt;br&gt;' at the current caret position: '(Ln: 7, Ch: 9)'
(48:24.325) [Visual Studio Host (9888):VisualStudioTextEditingActions] Deleting to the end of line of the current caret position, position: '(Ln: 7, Ch: 13)', line: '7'
(48:24.494) [Visual Studio Host (9888):TextEditorDocumentWindowTestExtension] Showing window 'HtmlPage.html' without activating the window.
(48:24.669) [Visual Studio Host (9888):TextEditorDocumentWindowTestExtension] Showing window 'HtmlPage.html'.
(48:24.830) [Visual Studio Host (9888):TextEditorDocumentWindowTestExtension] Showing window 'HtmlPage.html' without activating the window.
(48:25.159) [Visual Studio Host (9888):TextEditorDocumentWindowTestExtension] Showing window 'HtmlPage.html'.
(48:25.357) [Visual Studio Host (9888):VisualStudioIntellisenseService] Did not find an active completion session. Please use Verify.IsCompletionListPresent() to make sure that the list is present before requesting the completion session.
Warning: (48:25.528) [Visual Studio Host (9888):VisualStudioIntellisenseService] No active completion sessions were found for editor 'HtmlPage.html'.
(48:25.680) [Visual Studio Host (9888):VisualStudioTextEditingActions] Inserting text combine CRLF as single return: '
' at the current caret position: '(Ln: 7, Ch: 13)'
(48:26.461) [Visual Studio Host (9888):VisualStudioTextEditingActions] Inserting text: '&lt;hr&gt;' at the current caret position: '(Ln: 8, Ch: 9)'
(48:27.137) [Visual Studio Host (9888):VisualStudioTextEditingActions] Deleting to the end of line of the current caret position, position: '(Ln: 8, Ch: 13)', line: '8'
(48:27.945) [Visual Studio Host (9888):TextEditorDocumentWindowTestExtension] Showing window 'HtmlPage.html' without activating the window.
(48:28.747) [Visual Studio Host (9888):TextEditorDocumentWindowTestExtension] Showing window 'HtmlPage.html'.
(48:29.579) [Visual Studio Host (9888):TextEditorDocumentWindowTestExtension] Showing window 'HtmlPage.html' without activating the window.
(48:30.385) [Visual Studio Host (9888):TextEditorDocumentWindowTestExtension] Showing window 'HtmlPage.html'.
(48:31.222) [Visual Studio Host (9888):VisualStudioIntellisenseService] Did not find an active completion session. Please use Verify.IsCompletionListPresent() to make sure that the list is present before requesting the completion session.
Warning: (48:32.037) [Visual Studio Host (9888):VisualStudioIntellisenseService] No active completion sessions were found for editor 'HtmlPage.html'.
(48:32.848) [Visual Studio Host (9888):VisualStudioTextEditingActions] Inserting text combine CRLF as single return: '
' at the current caret position: '(Ln: 8, Ch: 13)'
(48:33.699) [Visual Studio Host (9888):TextEditorDocumentWindowTestExtension] Showing window 'HtmlPage.html' without activating the window.
(48:34.433) [Visual Studio Host (9888):TextEditorDocumentWindowTestExtension] Showing window 'HtmlPage.html'.
+ ExternalProcessHostTest TestCleanup
    (48:35.947) [Visual Studio Host (9888):SettingsService] Setting Visual Studio option 'TextEditor\HTMLX Specific\XHtmlCodingStyle' to 'True'.
    (48:36.775) [Visual Studio Host (9888):TextEditorDocumentWindowTestExtension] Closing window 'HtmlPage.html'.
    (48:37.882) [Platform:Testcase] Test 'VSTest_TypingOptionsXHTMLCodingStyleFalse' has 'Passed' outcome. Therefore, Apex will not shut down the 'Visual Studio Host (9888)' with process ID '9888'. A subsequent test scenario will run on the same instance of the host.
+ Final Test Result Verification
    (48:40.350) [Platform:DelayedAssertionVerifierSink] Verification Success: 0 verification steps failed.
+ ApexTest TestCleanup</StdOut>
      </Output>
      <ResultFiles>
        <ResultFile path="WNVM19648\Fail.azqsczivabnm.png" />
        <ResultFile path="WNVM19648\Fail.ig2gsfz5ad1y.png" />
        <ResultFile path="WNVM19648\Fail.o5zf0zepaw0l.png" />
        <ResultFile path="WNVM19648\Fail.z10rn0n5ajdm.png" />
        <ResultFile path="WNVM19648\OmniLog.html" />
        <ResultFile path="WNVM19648\OmniLogRawXml.xml" />
      </ResultFiles>
    </UnitTestResult>
    <UnitTestResult executionId="aa347dae-9360-4294-a19d-63b1b2af11f2" testId="61eb78d6-dcb6-cad1-795f-b6163506edf1" testName="VSTest_CSSTyping_AtDirectiveInRazor" computerName="WNVM19648" duration="00:00:06.9748337" startTime="2018-04-17T01:21:26.2932262-07:00" endTime="2018-04-17T01:21:33.2680599-07:00" testType="13cdc9d9-ddb5-4fa4-a97d-d965ccfc6d4b" outcome="Passed" testListId="8c84fa94-04c1-424b-9868-57a2d4851a1d" relativeResultsDirectory="aa347dae-9360-4294-a19d-63b1b2af11f2">
      <Output>
        <StdOut>+ RazorCssTypingTests::VSTest_CSSTyping_AtDirectiveInRazor
    + ApexTest TestInitialize
    + ExternalProcessHostTest TestInitialize
        (01:23:08.024) [Visual Studio Host (10528):RoamingSettingsService] Disabling roaming settings.
        (01:23:08.153) [Visual Studio Host (10528):SettingsService] Setting Visual Studio option 'Environment\RoamingSettings\RoamingEnabled' to 'False'.
        (01:23:08.819) [Visual Studio Host (10528):TextEditorDocumentWindowTestExtension] Showing window 'StyleTag.cshtml' without activating the window.
        (01:23:09.064) [Visual Studio Host (10528):TextEditorDocumentWindowTestExtension] Showing window 'StyleTag.cshtml'.
        (01:23:09.279) [Visual Studio Host (10528):VisualStudioTextEditorTestExtension] Setting keyboard focus to editor 'StyleTag.cshtml'.
        (01:23:09.478) [Visual Studio Host (10528):MainWindowService] Activating main window to bring it to the foreground.
        (01:23:09.687) [Visual Studio Host (10528):MainWindowService] Setting main window state to 'Maximized'.
    (01:23:09.997) [Visual Studio Host (10528):TextEditorDocumentWindowTestExtension] Showing window 'StyleTag.cshtml' without activating the window.
    (01:23:10.145) [Visual Studio Host (10528):TextEditorDocumentWindowTestExtension] Showing window 'StyleTag.cshtml'.
    (01:23:10.337) [Visual Studio Host (10528):VisualStudioCaretTestExtension] Moving the caret to '' at (Ln: 10, Ch: 12) based on a regular expression.  Expression = "&lt;style&gt;()" [group index '1', match index '1', options 'Singleline, CultureInvariant']
    (01:23:10.509) [Visual Studio Host (10528):TextEditorDocumentWindowTestExtension] Showing window 'StyleTag.cshtml' without activating the window.
    (01:23:10.673) [Visual Studio Host (10528):TextEditorDocumentWindowTestExtension] Showing window 'StyleTag.cshtml'.
    (01:23:10.817) [Visual Studio Host (10528):KeyboardCommands] Sending the Return key 1 times.
    (01:23:11.080) [Visual Studio Host (10528):TextEditorDocumentWindowTestExtension] Showing window 'StyleTag.cshtml' without activating the window.
    (01:23:11.256) [Visual Studio Host (10528):TextEditorDocumentWindowTestExtension] Showing window 'StyleTag.cshtml'.
    (01:23:11.707) [Visual Studio Host (10528):TextEditorDocumentWindowTestExtension] Showing window 'StyleTag.cshtml' without activating the window.
    (01:23:11.863) [Visual Studio Host (10528):TextEditorDocumentWindowTestExtension] Showing window 'StyleTag.cshtml'.
    (01:23:12.047) [Visual Studio Host (10528):VisualStudioIntellisenseService] Getting the active completion at position '(Ln: 11, Ch: 14)'.
    (01:23:12.203) [Visual Studio Host (10528):VisualStudioCompletionListTestExtension] Found completion item with name 
    (01:23:12.341) [Visual Studio Host (10528):VisualStudioIntellisenseService] Getting the active completion at position '(Ln: 11, Ch: 14)'.
    (01:23:12.483) [Visual Studio Host (10528):VisualStudioCompletionListTestExtension] Found completion item with name 
    + ExternalProcessHostTest TestCleanup
        (01:23:12.830) [Visual Studio Host (10528):TextEditorDocumentWindowTestExtension] Closing window 'StyleTag.cshtml'.
        (01:23:13.164) [Platform:Testcase] Test 'VSTest_CSSTyping_AtDirectiveInRazor' has 'Passed' outcome. Therefore, Apex will not shut down the 'Visual Studio Host (10528)' with process ID '10528'. A subsequent test scenario will run on the same instance of the host.
    + Final Test Result Verification
        (01:23:13.645) [Platform:DelayedAssertionVerifierSink] Verification Success: 0 verification steps failed.
    + ApexTest TestCleanup</StdOut>
      </Output>
      <ResultFiles>
        <ResultFile path="WNVM19648\Fail.aswak04hapa5.png" />
        <ResultFile path="WNVM19648\Fail.azqsczivabnm.png" />
        <ResultFile path="WNVM19648\Fail.byuslv5baqsd.png" />
        <ResultFile path="WNVM19648\Fail.ek4tb3wmalyl.png" />
        <ResultFile path="WNVM19648\Fail.ig2gsfz5ad1y.png" />
        <ResultFile path="WNVM19648\Fail.kxs1ersmaxma.png" />
        <ResultFile path="WNVM19648\Fail.loc0xhl5a2hr.png" />
        <ResultFile path="WNVM19648\Fail.o4kkrjboasbk.png" />
        <ResultFile path="WNVM19648\Fail.o5zf0zepaw0l.png" />
        <ResultFile path="WNVM19648\Fail.raasvsmeanc1.png" />
        <ResultFile path="WNVM19648\Fail.sidku4gxamg4.png" />
        <ResultFile path="WNVM19648\Fail.t4yj0fxuatil.png" />
        <ResultFile path="WNVM19648\Fail.z10rn0n5ajdm.png" />
        <ResultFile path="WNVM19648\OmniLog.html" />
        <ResultFile path="WNVM19648\OmniLogRawXml.xml" />
      </ResultFiles>
    </UnitTestResult>
    <UnitTestResult executionId="974d2f06-3df5-4aaf-a093-103597c287c0" testId="583ebeb2-20a4-f9dd-bed4-f78e2f9ae41d" testName="VSTest_JSON_CommonSetting_Options" computerName="WNVM19648" duration="00:00:08.2498021" startTime="2018-04-17T01:55:46.7915575-07:00" endTime="2018-04-17T01:55:55.0413596-07:00" testType="13cdc9d9-ddb5-4fa4-a97d-d965ccfc6d4b" outcome="Passed" testListId="8c84fa94-04c1-424b-9868-57a2d4851a1d" relativeResultsDirectory="974d2f06-3df5-4aaf-a093-103597c287c0">
      <Output>
        <StdOut>+ SettingOptionsTests::VSTest_JSON_CommonSetting_Options
    + ApexTest TestInitialize
    + ExternalProcessHostTest TestInitialize
        (01:57:28.669) [Visual Studio Host (6752):RoamingSettingsService] Disabling roaming settings.
        (01:57:28.854) [Visual Studio Host (6752):SettingsService] Setting Visual Studio option 'Environment\RoamingSettings\RoamingEnabled' to 'False'.
        (01:57:29.086) [Visual Studio Host (6752):MainWindowService] Activating main window to bring it to the foreground.
        (01:57:29.267) [Visual Studio Host (6752):MainWindowService] Setting main window state to 'Maximized'.
    (01:57:29.635) [Visual Studio Host (6752):SettingsService] Getting value of Visual Studio Setting 'TextEditor\JSON\IndentStyle'. 
    (01:57:29.813) [Visual Studio Host (6752):SettingsService] Setting Visual Studio option 'TextEditor\JSON\IndentStyle' to '1'.
    (01:57:30.041) [Visual Studio Host (6752):SettingsService] Getting value of Visual Studio Setting 'TextEditor\JSON\IndentStyle'. 
    VerificationPass: (01:57:30.327) [Platform:Testcase] Verification passed: Instances are equal. Expected '1', Actual '1'.
    (01:57:30.492) [Visual Studio Host (6752):SettingsService] Setting Visual Studio option 'TextEditor\JSON\IndentStyle' to '2'.
    (01:57:30.668) [Visual Studio Host (6752):SettingsService] Getting value of Visual Studio Setting 'TextEditor\JSON\IndentSize'. 
    (01:57:30.986) [Visual Studio Host (6752):SettingsService] Setting Visual Studio option 'TextEditor\JSON\IndentSize' to '5'.
    (01:57:31.157) [Visual Studio Host (6752):SettingsService] Getting value of Visual Studio Setting 'TextEditor\JSON\IndentSize'. 
    VerificationPass: (01:57:31.488) [Platform:Testcase] Verification passed: Instances are equal. Expected '5', Actual '5'.
    (01:57:31.632) [Visual Studio Host (6752):SettingsService] Setting Visual Studio option 'TextEditor\JSON\IndentSize' to '2'.
    (01:57:31.792) [Visual Studio Host (6752):SettingsService] Getting value of Visual Studio Setting 'TextEditor\JSON\TabSize'. 
    (01:57:32.090) [Visual Studio Host (6752):SettingsService] Setting Visual Studio option 'TextEditor\JSON\TabSize' to '6'.
    (01:57:32.304) [Visual Studio Host (6752):SettingsService] Getting value of Visual Studio Setting 'TextEditor\JSON\TabSize'. 
    VerificationPass: (01:57:32.623) [Platform:Testcase] Verification passed: Instances are equal. Expected '6', Actual '6'.
    (01:57:32.852) [Visual Studio Host (6752):SettingsService] Setting Visual Studio option 'TextEditor\JSON\TabSize' to '2'.
    (01:57:33.055) [Visual Studio Host (6752):SettingsService] Getting value of Visual Studio Setting 'TextEditor\JSON\InsertTabs'. 
    (01:57:33.422) [Visual Studio Host (6752):SettingsService] Setting Visual Studio option 'TextEditor\JSON\InsertTabs' to 'True'.
    (01:57:33.620) [Visual Studio Host (6752):SettingsService] Getting value of Visual Studio Setting 'TextEditor\JSON\InsertTabs'. 
    VerificationPass: (01:57:33.965) [Platform:Testcase] Verification passed: Instances are equal. Expected 'True', Actual 'True'.
    (01:57:34.171) [Visual Studio Host (6752):SettingsService] Setting Visual Studio option 'TextEditor\JSON\InsertTabs' to 'False'.
    + ExternalProcessHostTest TestCleanup
        (01:57:34.672) [Platform:Testcase] Test 'VSTest_JSON_CommonSetting_Options' has 'Passed' outcome. Therefore, Apex will not shut down the 'Visual Studio Host (6752)' with process ID '6752'. A subsequent test scenario will run on the same instance of the host.
    + Final Test Result Verification
        (01:57:35.225) [Platform:DelayedAssertionVerifierSink] Verification Success: 0 verification steps failed.
    + ApexTest TestCleanup</StdOut>
      </Output>
      <ResultFiles>
        <ResultFile path="WNVM19648\Fail.22wpw0oka5fs.png" />
        <ResultFile path="WNVM19648\Fail.24wtv1jnawc3.png" />
        <ResultFile path="WNVM19648\Fail.2lws5epta1gw.png" />
        <ResultFile path="WNVM19648\Fail.33ju4eduay3u.png" />
        <ResultFile path="WNVM19648\Fail.3poblbx4alvv.png" />
        <ResultFile path="WNVM19648\Fail.4p531ykxaqdb.png" />
        <ResultFile path="WNVM19648\Fail.5erbsz3aa4ay.png" />
        <ResultFile path="WNVM19648\Fail.ashpv3rjajjr.png" />
        <ResultFile path="WNVM19648\Fail.aswak04hapa5.png" />
        <ResultFile path="WNVM19648\Fail.azqsczivabnm.png" />
        <ResultFile path="WNVM19648\Fail.byuslv5baqsd.png" />
        <ResultFile path="WNVM19648\Fail.bz134qwyax2e.png" />
        <ResultFile path="WNVM19648\Fail.ek4tb3wmalyl.png" />
        <ResultFile path="WNVM19648\Fail.hxi2cahnapy2.png" />
        <ResultFile path="WNVM19648\Fail.ig2gsfz5ad1y.png" />
        <ResultFile path="WNVM19648\Fail.iymeazuqablz.png" />
        <ResultFile path="WNVM19648\Fail.jpga4adlarrf.png" />
        <ResultFile path="WNVM19648\Fail.kfb5og41ajlt.png" />
        <ResultFile path="WNVM19648\Fail.kxs1ersmaxma.png" />
        <ResultFile path="WNVM19648\Fail.lbyrcmqbastb.png" />
        <ResultFile path="WNVM19648\Fail.loc0xhl5a2hr.png" />
        <ResultFile path="WNVM19648\Fail.lthgvalfaxfr.png" />
        <ResultFile path="WNVM19648\Fail.mazsob3aamsp.png" />
        <ResultFile path="WNVM19648\Fail.n13clx4iaowv.png" />
        <ResultFile path="WNVM19648\Fail.o4kkrjboasbk.png" />
        <ResultFile path="WNVM19648\Fail.o5zf0zepaw0l.png" />
        <ResultFile path="WNVM19648\Fail.pdo2mhdtanq2.png" />
        <ResultFile path="WNVM19648\Fail.pprwzak1ac5h.png" />
        <ResultFile path="WNVM19648\Fail.qagtqbftat3h.png" />
        <ResultFile path="WNVM19648\Fail.qbnuydioazjy.png" />
        <ResultFile path="WNVM19648\Fail.raasvsmeanc1.png" />
        <ResultFile path="WNVM19648\Fail.rymman3va50a.png" />
        <ResultFile path="WNVM19648\Fail.sidku4gxamg4.png" />
        <ResultFile path="WNVM19648\Fail.swwzdfhraz25.png" />
        <ResultFile path="WNVM19648\Fail.t4yj0fxuatil.png" />
        <ResultFile path="WNVM19648\Fail.v0ywfcwsa23p.png" />
        <ResultFile path="WNVM19648\Fail.vjqtiv2zaclz.png" />
        <ResultFile path="WNVM19648\Fail.wiz4mofdavag.png" />
        <ResultFile path="WNVM19648\Fail.yd3ferxiaq1c.png" />
        <ResultFile path="WNVM19648\Fail.z10rn0n5ajdm.png" />
        <ResultFile path="WNVM19648\Fail.z2gelfy0aa1q.png" />
        <ResultFile path="WNVM19648\Fail.zpuouf2fa0ib.png" />
        <ResultFile path="WNVM19648\OmniLog.html" />
        <ResultFile path="WNVM19648\OmniLogRawXml.xml" />
      </ResultFiles>
    </UnitTestResult>
    <UnitTestResult executionId="ca66993e-d509-4a88-8da5-e61a7b538a66" testId="4459ea68-8a18-9109-3438-423e4505fa13" testName="VSTest_JSON_Completion_WithSchema_Array" computerName="WNVM19648" duration="00:04:01.1962732" startTime="2018-04-17T02:34:11.4972313-07:00" endTime="2018-04-17T02:38:12.6935045-07:00" testType="13cdc9d9-ddb5-4fa4-a97d-d965ccfc6d4b" outcome="Failed" testListId="8c84fa94-04c1-424b-9868-57a2d4851a1d" relativeResultsDirectory="ca66993e-d509-4a88-8da5-e61a7b538a66">
      <Output>
        <StdOut>+ CompletionTests::VSTest_JSON_Completion_WithSchema_Array
    + ApexTest TestInitialize
    + ExternalProcessHostTest TestInitialize
        (02:35:53.770) [Visual Studio Host (2508):RoamingSettingsService] Disabling roaming settings.
        (02:35:54.051) [Visual Studio Host (2508):SettingsService] Setting Visual Studio option 'Environment\RoamingSettings\RoamingEnabled' to 'False'.
        (02:35:57.790) [Visual Studio Host (2508):SolutionService] Opening solution file 'file:///C:/TestBin/IntegrationTests/MS.VS.Web.Editors/webs/misc.sln' with asynchronous load data available.  WaitForFullyLoadedOnOpen set to 'True'. Apex will wait for all async project loads to complete before proceeding.
            (02:35:58.103) [Visual Studio Host (2508):SolutionService] Solution load behavior is set to 'Realtime'.
        (02:36:05.829) [Platform:Microsoft.Test.Apex.Services.ScreenshotService] Took a screenshot for category '' and saved as 'C:\TestBin\IntegrationTests\TestResults\2018_04_16_23_55_50\VSTest_JSON_Completion_WithSchema_PropertyName_Timedout.jpg'.
        (02:36:13.496) [Platform:Testcase] The host with process id '2508' was shutdown.
        (02:36:16.181) [Platform:VenusHost] Compose Batch: 00:00:02.4449359
        (02:36:16.644) [Platform:VenusHost] Host Process is being started. Executable = 'C:\Program Files (x86)\Microsoft Visual Studio\Preview\Enterprise\Common7\IDE\devenv.exe'.
        (02:36:16.830) [Platform:VenusHost] Host Process is started. PID = 6600.
        (02:36:17.049) [Platform:VenusHost] Host process 'devenv' (id: 6600) is now idle/ready.
        (02:36:21.940) [Platform:Microsoft.Test.Apex.Hosts.Services.RemoteServiceInitializer] Using remote code injector service 'RemoteCodeInjectorService' for the operation 'ManagedAuto'.
        + Visual Studio Host Creation
            (02:36:30.097) [Platform:Testcase] Target Executable: 'C:\Program Files (x86)\Microsoft Visual Studio\Preview\Enterprise\Common7\IDE\devenv.exe'.
            (02:36:30.258) [Platform:Testcase] Process Id: '6600'.
            (02:36:30.438) [Platform:Testcase] UI Culture: 'English (United States)'.
            (02:36:30.687) [Platform:Testcase] Build Number: '15.0.27615'.
        (02:36:31.133) [Visual Studio Host (6600):RoamingSettingsService] Disabling roaming settings.
        (02:36:31.307) [Visual Studio Host (6600):SettingsService] Setting Visual Studio option 'Environment\RoamingSettings\RoamingEnabled' to 'False'.
        (02:36:34.380) [Visual Studio Host (6600):SolutionService] Opening solution file 'file:///C:/TestBin/IntegrationTests/MS.VS.Web.Editors/webs/misc.sln' with asynchronous load data available.  WaitForFullyLoadedOnOpen set to 'True'. Apex will wait for all async project loads to complete before proceeding.
            (02:36:34.562) [Visual Studio Host (6600):SolutionService] Solution load behavior is set to 'Realtime'.
        + Waiting for the solution to fully load.
        (02:36:53.349) [Visual Studio Host (6600):TextEditorDocumentWindowTestExtension] Showing window 'EmptyWithSchema.json' without activating the window.
        (02:36:53.778) [Visual Studio Host (6600):TextEditorDocumentWindowTestExtension] Showing window 'EmptyWithSchema.json'.
        (02:36:54.233) [Visual Studio Host (6600):VisualStudioTextEditorTestExtension] Setting keyboard focus to editor 'EmptyWithSchema.json'.
        (02:36:54.798) [Visual Studio Host (6600):MainWindowService] Activating main window to bring it to the foreground.
        (02:36:55.300) [Visual Studio Host (6600):MainWindowService] Setting main window state to 'Maximized'.
    (02:36:56.944) [Visual Studio Host (6600):TextEditorDocumentWindowTestExtension] Showing window 'EmptyWithSchema.json' without activating the window.
    (02:36:57.493) [Visual Studio Host (6600):TextEditorDocumentWindowTestExtension] Showing window 'EmptyWithSchema.json'.
    (02:36:57.984) [Visual Studio Host (6600):VisualStudioCaretTestExtension] Moving the caret to 'schema' at (Ln: 2, Ch: 5) based on a regular expression.  Expression = "schema" [group index '0', match index '1', options 'Singleline, CultureInvariant']
    (02:36:58.590) [Visual Studio Host (6600):TextEditorDocumentWindowTestExtension] Showing window 'EmptyWithSchema.json' without activating the window.
    (02:36:58.869) [Visual Studio Host (6600):TextEditorDocumentWindowTestExtension] Showing window 'EmptyWithSchema.json'.
    (02:36:59.257) [Visual Studio Host (6600):VisualStudioCaretTestExtension] Moving the caret from (Ln: 2, Ch: 5) down '1' lines
    (02:36:59.509) [Visual Studio Host (6600):VisualStudioTextEditorTestExtension] Setting keyboard focus to editor 'EmptyWithSchema.json'.
    (02:36:59.765) [Visual Studio Host (6600):TextEditorDocumentWindowTestExtension] Showing window 'EmptyWithSchema.json' without activating the window.
    (02:36:59.984) [Visual Studio Host (6600):TextEditorDocumentWindowTestExtension] Showing window 'EmptyWithSchema.json'.
    (02:37:00.919) [Visual Studio Host (6600):TextEditorDocumentWindowTestExtension] Showing window 'EmptyWithSchema.json' without activating the window.
    (02:37:01.138) [Visual Studio Host (6600):TextEditorDocumentWindowTestExtension] Showing window 'EmptyWithSchema.json'.
    (02:39:16.859) [Platform:Microsoft.Test.Apex.Services.ScreenshotService] Took a screenshot for category '' and saved as 'C:\TestBin\IntegrationTests\TestResults\2018_04_16_23_55_50\VSTest_JSON_Reference_Completion_Timedout.jpg'.
    Error: (02:39:27.310) [Platform:Testcase] Test method Microsoft.VisualStudio.Web.Editors.IntegrationTests.JSON.Completion.CompletionTests.VSTest_JSON_Completion_WithSchema_Array threw exception. Microsoft.Test.Apex.TimeoutException: Timed out after 00:00:10 waiting for the condition to become true (expired even with doubled timeout length)
   at Microsoft.VisualStudio.Web.Common.TestAdapter.ParameterizedTests.ReflectionUtilities.InvokeMethod(Object targetObject, MethodInfo method, Object[] methodArguments, String exceptionMessageFormat) in D:\dd\WTE\Main\test\Common\TestAdapter\ParameterizedTests\ReflectionUtilities.cs:line 190
   at Microsoft.VisualStudio.Web.Common.TestAdapter.ParameterizedTests.TestMethodInfo.Invoke(Object testObject, TestExecutionContext context) in D:\dd\WTE\Main\test\Common\TestAdapter\ParameterizedTests\TestMethodInfo.cs:line 64
    + ExternalProcessHostTest TestCleanup
        (02:39:30.786) [Platform:VenusHost] Compose Batch: 00:00:02.6039400
        (02:39:35.468) [Platform:VenusHost] Host Process is being started. Executable = 'C:\Program Files (x86)\Microsoft Visual Studio\Preview\Enterprise\Common7\IDE\devenv.exe'.
        (02:39:35.728) [Platform:VenusHost] Host Process is started. PID = 7092.
        (02:39:35.941) [Platform:VenusHost] Host process 'devenv' (id: 7092) is now idle/ready.
        (02:39:41.919) [Platform:Microsoft.Test.Apex.Hosts.Services.RemoteServiceInitializer] Using remote code injector service 'RemoteCodeInjectorService' for the operation 'ManagedAuto'.
        + Visual Studio Host Creation
            (02:39:49.153) [Platform:Testcase] Target Executable: 'C:\Program Files (x86)\Microsoft Visual Studio\Preview\Enterprise\Common7\IDE\devenv.exe'.
            (02:39:49.360) [Platform:Testcase] Process Id: '7092'.
            (02:39:49.538) [Platform:Testcase] UI Culture: 'English (United States)'.
            (02:39:49.752) [Platform:Testcase] Build Number: '15.0.27615'.
        (02:39:50.208) [Visual Studio Host (7092):MainWindowService] Setting main window state to 'Maximized'.
        (02:39:50.434) [Visual Studio Host (7092):MainWindowService] Activating main window to bring it to the foreground.
        Warning: (02:39:50.712) [Platform:Microsoft.Test.Apex.Services.ScreenshotService] Exception occured when copying screenshot file from 'C:\TestBin\IntegrationTests\Failure.jpg' to 'C:\TestBin\IntegrationTests\TestResults\2018_04_16_23_55_50\Failure.jpg'.
        Warning: (02:39:50.712) [Platform:Microsoft.Test.Apex.Services.ScreenshotService] System.IO.IOException: The file 'C:\TestBin\IntegrationTests\TestResults\2018_04_16_23_55_50\Failure.jpg' already exists.
   at System.IO.__Error.WinIOError(Int32 errorCode, String maybeFullPath)
   at System.IO.File.InternalCopy(String sourceFileName, String destFileName, Boolean overwrite, Boolean checkHost)
   at System.IO.File.Copy(String sourceFileName, String destFileName, Boolean overwrite)
   at Microsoft.Test.Apex.Services.ScreenshotService.TakeOne(String categoryName, String fileNamePrefix, String repositoryPath) in F:\dd\src\omni\Apex\Framework\Services\Screenshot\ScreenshotService.cs:line 176
        (02:39:51.101) [Platform:ProcessCaptureService] Capturing screenshots for PID 7092 (devenv)
        Result file 'VSTest_JSON_Completion_WithSchema_Array-Failure-devenv.7092.png' added: file:///C:/TestBin/IntegrationTests/TestResults/2018_04_16_23_55_50/VSTest_JSON_Completion_WithSchema_Array-Failure-devenv.7092.png
        Result file 'VSTest_JSON_Completion_WithSchema_Array-Failure-devenv.7092-Dialog807BE.png' added: file:///C:/TestBin/IntegrationTests/TestResults/2018_04_16_23_55_50/VSTest_JSON_Completion_WithSchema_Array-Failure-devenv.7092-Dialog807BE.png
        Result file 'VSTest_JSON_Completion_WithSchema_Array-Failure-devenv.7092-Dialog1E058A.png' added: file:///C:/TestBin/IntegrationTests/TestResults/2018_04_16_23_55_50/VSTest_JSON_Completion_WithSchema_Array-Failure-devenv.7092-Dialog1E058A.png
        (02:39:52.019) [Platform:ProcessCaptureService] Bounding rectangle of HWND 0x4305AA is size (0, 0), which cannot be captured.
        (02:39:52.200) [Platform:ProcessCaptureService] Bounding rectangle of HWND 0x33044C is size (0, 0), which cannot be captured.
    + Final Test Result Verification
        (02:39:52.886) [Platform:DelayedAssertionVerifierSink] Verification Success: 0 verification steps failed.
    + ApexTest TestCleanup</StdOut>
        <ErrorInfo>
          <Message>Test method Microsoft.VisualStudio.Web.Editors.IntegrationTests.JSON.Completion.CompletionTests.VSTest_JSON_Completion_WithSchema_Array threw exception. Microsoft.Test.Apex.TimeoutException: Timed out after 00:00:10 waiting for the condition to become true (expired even with doubled timeout length)</Message>
          <StackTrace>   at Microsoft.VisualStudio.Web.Common.TestServices.Utilities.WebUtility.WaitForExtensions.IsTrue(Func`1 predicate, TimeSpan timeout, Func`1 onTimeout) in D:\dd\WTE\Main\test\Common\TestServices\Utilities\WebUtility.cs:line 387
   at Microsoft.VisualStudio.Web.Common.TestServices.Utilities.WebUtility.Completion.WaitForSelectedEntry(IVisualStudioTextEditorTestExtension editor, String entryText) in D:\dd\WTE\Main\test\Common\TestServices\Utilities\WebUtility.cs:line 666
   at Microsoft.VisualStudio.Web.Editors.IntegrationTests.JSON.Completion.CompletionTests.VSTest_JSON_Completion_WithSchema_Array() in D:\dd\WTE\Main\test\Editors\IntegrationTests\JSON\Completion\CompletionTests.cs:line 141</StackTrace>
        </ErrorInfo>
      </Output>
      <ResultFiles>
        <ResultFile path="WNVM19648\Fail.1naitrosadk5.png" />
        <ResultFile path="WNVM19648\Fail.22wpw0oka5fs.png" />
        <ResultFile path="WNVM19648\Fail.24wtv1jnawc3.png" />
        <ResultFile path="WNVM19648\Fail.2dvw33g3abcx.png" />
        <ResultFile path="WNVM19648\Fail.2lws5epta1gw.png" />
        <ResultFile path="WNVM19648\Fail.2osatv43agzz.png" />
        <ResultFile path="WNVM19648\Fail.33ju4eduay3u.png" />
        <ResultFile path="WNVM19648\Fail.3poblbx4alvv.png" />
        <ResultFile path="WNVM19648\Fail.4p531ykxaqdb.png" />
        <ResultFile path="WNVM19648\Fail.5ckvvlpiahzj.png" />
        <ResultFile path="WNVM19648\Fail.5erbsz3aa4ay.png" />
        <ResultFile path="WNVM19648\Fail.ashpv3rjajjr.png" />
        <ResultFile path="WNVM19648\Fail.aswak04hapa5.png" />
        <ResultFile path="WNVM19648\Fail.azqsczivabnm.png" />
        <ResultFile path="WNVM19648\Fail.byuslv5baqsd.png" />
        <ResultFile path="WNVM19648\Fail.bz134qwyax2e.png" />
        <ResultFile path="WNVM19648\Fail.cwkly5opaa5x.png" />
        <ResultFile path="WNVM19648\Fail.czhshhzmawco.png" />
        <ResultFile path="WNVM19648\Fail.dcoftbgsadp0.png" />
        <ResultFile path="WNVM19648\Fail.ek4tb3wmalyl.png" />
        <ResultFile path="WNVM19648\Fail.f3trw3vmamhl.png" />
        <ResultFile path="WNVM19648\Fail.fdtmbjciavfs.png" />
        <ResultFile path="WNVM19648\Fail.fh0tepfdaffp.png" />
        <ResultFile path="WNVM19648\Fail.hxi2cahnapy2.png" />
        <ResultFile path="WNVM19648\Fail.ig2gsfz5ad1y.png" />
        <ResultFile path="WNVM19648\Fail.iwqb3wycasom.png" />
        <ResultFile path="WNVM19648\Fail.iymeazuqablz.png" />
        <ResultFile path="WNVM19648\Fail.jnwm2z2la0nn.png" />
        <ResultFile path="WNVM19648\Fail.jpga4adlarrf.png" />
        <ResultFile path="WNVM19648\Fail.k12p4vaeagac.png" />
        <ResultFile path="WNVM19648\Fail.k5bctzara353.png" />
        <ResultFile path="WNVM19648\Fail.kfb5og41ajlt.png" />
        <ResultFile path="WNVM19648\Fail.kp4fcfcpa5bw.png" />
        <ResultFile path="WNVM19648\Fail.kxs1ersmaxma.png" />
        <ResultFile path="WNVM19648\Fail.l5uqbrmmaymp.png" />
        <ResultFile path="WNVM19648\Fail.lbyrcmqbastb.png" />
        <ResultFile path="WNVM19648\Fail.loc0xhl5a2hr.png" />
        <ResultFile path="WNVM19648\Fail.lthgvalfaxfr.png" />
        <ResultFile path="WNVM19648\Fail.mazsob3aamsp.png" />
        <ResultFile path="WNVM19648\Fail.n13clx4iaowv.png" />
        <ResultFile path="WNVM19648\Fail.n3c2bmltan5e.png" />
        <ResultFile path="WNVM19648\Fail.o4kkrjboasbk.png" />
        <ResultFile path="WNVM19648\Fail.o5zf0zepaw0l.png" />
        <ResultFile path="WNVM19648\Fail.pdo2mhdtanq2.png" />
        <ResultFile path="WNVM19648\Fail.pprwzak1ac5h.png" />
        <ResultFile path="WNVM19648\Fail.qagtqbftat3h.png" />
        <ResultFile path="WNVM19648\Fail.qbnuydioazjy.png" />
        <ResultFile path="WNVM19648\Fail.raasvsmeanc1.png" />
        <ResultFile path="WNVM19648\Fail.rymman3va50a.png" />
        <ResultFile path="WNVM19648\Fail.sidku4gxamg4.png" />
        <ResultFile path="WNVM19648\Fail.swwzdfhraz25.png" />
        <ResultFile path="WNVM19648\Fail.t4yj0fxuatil.png" />
        <ResultFile path="WNVM19648\Fail.v0ywfcwsa23p.png" />
        <ResultFile path="WNVM19648\Fail.vedy4wlua0xf.png" />
        <ResultFile path="WNVM19648\Fail.vjqtiv2zaclz.png" />
        <ResultFile path="WNVM19648\Fail.w3wlbab1aii5.png" />
        <ResultFile path="WNVM19648\Fail.wiz4mofdavag.png" />
        <ResultFile path="WNVM19648\Fail.xasrdkzvaogc.png" />
        <ResultFile path="WNVM19648\Fail.yd3ferxiaq1c.png" />
        <ResultFile path="WNVM19648\Fail.z10rn0n5ajdm.png" />
        <ResultFile path="WNVM19648\Fail.z2gelfy0aa1q.png" />
        <ResultFile path="WNVM19648\Fail.zpuouf2fa0ib.png" />
        <ResultFile path="WNVM19648\Failure.jpg" />
        <ResultFile path="WNVM19648\Failure[1].jpg" />
        <ResultFile path="WNVM19648\Failure[2].jpg" />
        <ResultFile path="WNVM19648\OmniLog.html" />
        <ResultFile path="WNVM19648\OmniLogRawXml.xml" />
        <ResultFile path="WNVM19648\VSTest_BowerIntelliSenseTests_CaseSensitivity_Timedout.jpg" />
        <ResultFile path="WNVM19648\VSTest_BowerIntelliSenseTests_CaseSensitivity_Timedout[1].jpg" />
        <ResultFile path="WNVM19648\VSTest_BowerIntelliSenseTests_CaseSensitivity_Timedout[2].jpg" />
        <ResultFile path="WNVM19648\VSTest_BowerIntelliSenseTests_End_To_End_Timedout.jpg" />
        <ResultFile path="WNVM19648\VSTest_BowerIntelliSenseTests_End_To_End_Timedout[1].jpg" />
        <ResultFile path="WNVM19648\VSTest_BowerIntelliSenseTests_End_To_End_Timedout[2].jpg" />
        <ResultFile path="WNVM19648\VSTest_BowerIntelliSenseTests_UnavailableVersion_Timedout.jpg" />
        <ResultFile path="WNVM19648\VSTest_BowerIntelliSenseTests_UnavailableVersion_Timedout[1].jpg" />
        <ResultFile path="WNVM19648\VSTest_BowerIntelliSenseTests_UnavailableVersion_Timedout[2].jpg" />
        <ResultFile path="WNVM19648\VSTest_Generate_AttrModel_Methods_WAP_Code_Behind_CS_Timedout.jpg" />
        <ResultFile path="WNVM19648\VSTest_Generate_AttrModel_Methods_WAP_Code_Behind_CS_Timedout[1].jpg" />
        <ResultFile path="WNVM19648\VSTest_Generate_AttrModel_Methods_WAP_Code_Behind_CS_Timedout[2].jpg" />
        <ResultFile path="WNVM19648\VSTest_HitBreakpointAndEditInCSHtml_Timedout.jpg" />
        <ResultFile path="WNVM19648\VSTest_HitBreakpointAndEditInCSHtml_Timedout[1].jpg" />
        <ResultFile path="WNVM19648\VSTest_HitBreakpointAndEditInCSHtml_Timedout[2].jpg" />
        <ResultFile path="WNVM19648\VSTest_Html_Drag_Drop_JavascriptFile_Timedout.jpg" />
        <ResultFile path="WNVM19648\VSTest_Html_Drag_Drop_JavascriptFile_Timedout[1].jpg" />
        <ResultFile path="WNVM19648\VSTest_Html_Drag_Drop_JavascriptFile_Timedout[2].jpg" />
        <ResultFile path="WNVM19648\VSTest_JSON_AutoGeneration_Disabled_TypingWithSchema_Timedout.jpg" />
        <ResultFile path="WNVM19648\VSTest_JSON_AutoGeneration_Disabled_TypingWithSchema_Timedout[1].jpg" />
        <ResultFile path="WNVM19648\VSTest_JSON_AutoGeneration_Disabled_TypingWithSchema_Timedout[2].jpg" />
        <ResultFile path="WNVM19648\VSTest_JSON_AutoGeneration_WithSchema_Timedout.jpg" />
        <ResultFile path="WNVM19648\VSTest_JSON_AutoGeneration_WithSchema_Timedout[1].jpg" />
        <ResultFile path="WNVM19648\VSTest_JSON_AutoGeneration_WithSchema_Timedout[2].jpg" />
        <ResultFile path="WNVM19648\VSTest_JSON_AutoStructureWithExistingComma_Timedout.jpg" />
        <ResultFile path="WNVM19648\VSTest_JSON_AutoStructureWithExistingComma_Timedout[1].jpg" />
        <ResultFile path="WNVM19648\VSTest_JSON_AutoStructureWithExistingComma_Timedout[2].jpg" />
        <ResultFile path="WNVM19648\VSTest_JSON_Completion_WithSchema_Array-Failure-devenv.7092-Dialog1E058A.png" />
        <ResultFile path="WNVM19648\VSTest_JSON_Completion_WithSchema_Array-Failure-devenv.7092-Dialog807BE.png" />
        <ResultFile path="WNVM19648\VSTest_JSON_Completion_WithSchema_Array-Failure-devenv.7092.png" />
        <ResultFile path="WNVM19648\VSTest_JSON_Completion_WithSchema_PropertyName_Timedout.jpg" />
        <ResultFile path="WNVM19648\VSTest_JSON_Completion_WithSchema_PropertyName_Timedout[1].jpg" />
        <ResultFile path="WNVM19648\VSTest_JSON_Completion_WithSchema_PropertyName_Timedout[2].jpg" />
        <ResultFile path="WNVM19648\VSTest_JSON_End_To_End_Timedout.jpg" />
        <ResultFile path="WNVM19648\VSTest_JSON_End_To_End_Timedout[1].jpg" />
        <ResultFile path="WNVM19648\VSTest_JSON_End_To_End_Timedout[2].jpg" />
        <ResultFile path="WNVM19648\VSTest_JSON_Reference_Completion_Timedout.jpg" />
        <ResultFile path="WNVM19648\VSTest_JSON_Reference_Completion_Timedout[1].jpg" />
        <ResultFile path="WNVM19648\VSTest_JSON_SchemaValidation_FixBasicValidationErrors_Timedout.jpg" />
        <ResultFile path="WNVM19648\VSTest_JSON_SchemaValidation_FixBasicValidationErrors_Timedout[1].jpg" />
        <ResultFile path="WNVM19648\VSTest_JSON_SchemaValidation_FixBasicValidationErrors_Timedout[2].jpg" />
        <ResultFile path="WNVM19648\VSTest_JSON_Schema_CatalogReload_Timedout.jpg" />
        <ResultFile path="WNVM19648\VSTest_JSON_Schema_CatalogReload_Timedout[1].jpg" />
        <ResultFile path="WNVM19648\VSTest_JSON_Schema_CatalogReload_Timedout[2].jpg" />
        <ResultFile path="WNVM19648\VSTest_JSON_Schema_Catalog_Timedout.jpg" />
        <ResultFile path="WNVM19648\VSTest_JSON_Schema_Catalog_Timedout[1].jpg" />
        <ResultFile path="WNVM19648\VSTest_JSON_Schema_Catalog_Timedout[2].jpg" />
        <ResultFile path="WNVM19648\VSTest_JSON_SuggestedActions_Bower_UninstallBehavior_Timedout.jpg" />
        <ResultFile path="WNVM19648\VSTest_JSON_SuggestedActions_Bower_UninstallBehavior_Timedout[1].jpg" />
        <ResultFile path="WNVM19648\VSTest_JSON_SuggestedActions_Bower_UninstallBehavior_Timedout[2].jpg" />
        <ResultFile path="WNVM19648\VSTest_JSON_SuggestedActions_SortProperties_IsPresent_Timedout.jpg" />
        <ResultFile path="WNVM19648\VSTest_JSON_SuggestedActions_SortProperties_IsPresent_Timedout[1].jpg" />
        <ResultFile path="WNVM19648\VSTest_JSON_SuggestedActions_SortProperties_IsPresent_Timedout[2].jpg" />
        <ResultFile path="WNVM19648\VSTest_NPMIntelliSenseTests_End_To_End_Timedout.jpg" />
        <ResultFile path="WNVM19648\VSTest_NPMIntelliSenseTests_End_To_End_Timedout[1].jpg" />
        <ResultFile path="WNVM19648\VSTest_NPMIntelliSenseTests_End_To_End_Timedout[2].jpg" />
        <ResultFile path="WNVM19648\VSTest_NPM_Completion_ScopedPackage_Timedout.jpg" />
        <ResultFile path="WNVM19648\VSTest_NPM_Completion_ScopedPackage_Timedout[1].jpg" />
        <ResultFile path="WNVM19648\VSTest_NPM_Completion_ScopedPackage_Timedout[2].jpg" />
        <ResultFile path="WNVM19648\VSTest_NPM_NavigateToHomepage_Timedout.jpg" />
        <ResultFile path="WNVM19648\VSTest_NPM_NavigateToHomepage_Timedout[1].jpg" />
        <ResultFile path="WNVM19648\VSTest_NPM_NavigateToHomepage_Timedout[2].jpg" />
        <ResultFile path="WNVM19648\VSTest_Parser_PTagTest_Timedout.jpg" />
        <ResultFile path="WNVM19648\VSTest_Parser_PTagTest_Timedout[1].jpg" />
        <ResultFile path="WNVM19648\VSTest_Parser_PTagTest_Timedout[2].jpg" />
        <ResultFile path="WNVM19648\VSTest_Razor_TagHelpers_OptOut_Timedout.jpg" />
        <ResultFile path="WNVM19648\VSTest_Razor_TagHelpers_OptOut_Timedout[1].jpg" />
        <ResultFile path="WNVM19648\VSTest_Razor_TagHelpers_OptOut_Timedout[2].jpg" />
        <ResultFile path="WNVM19648\VSTest_Razor_TagHelpers_Update_CS_File_And_Build_Timedout.jpg" />
        <ResultFile path="WNVM19648\VSTest_Razor_TagHelpers_Update_CS_File_And_Build_Timedout[1].jpg" />
        <ResultFile path="WNVM19648\VSTest_Razor_TagHelpers_Update_CS_File_And_Build_Timedout[2].jpg" />
        <ResultFile path="WNVM19648\VSTest_Script_Completion_Top_Level_Timedout.jpg" />
        <ResultFile path="WNVM19648\VSTest_Script_Completion_Top_Level_Timedout[1].jpg" />
        <ResultFile path="WNVM19648\VSTest_Script_Completion_Top_Level_Timedout[2].jpg" />
        <ResultFile path="WNVM19648\VSTest_SmartIndentInJSInRazorV4_Timedout.jpg" />
        <ResultFile path="WNVM19648\VSTest_SmartIndentInJSInRazorV4_Timedout[1].jpg" />
        <ResultFile path="WNVM19648\VSTest_SmartIndentInJSInRazorV4_Timedout[2].jpg" />
      </ResultFiles>
    </UnitTestResult>
    <UnitTestResult executionId="bd36aad8-edef-4775-ac21-750ec662b5f7" testId="3a7506c0-982c-379d-77bf-8f61b39d6e38" testName="VSTest_HtmlSuggestedActions_Img_AddDimensions" computerName="WNVM19648" duration="00:00:04.4117158" startTime="2018-04-17T00:13:42.6828873-07:00" endTime="2018-04-17T00:13:47.0946031-07:00" testType="13cdc9d9-ddb5-4fa4-a97d-d965ccfc6d4b" outcome="Passed" testListId="8c84fa94-04c1-424b-9868-57a2d4851a1d" relativeResultsDirectory="bd36aad8-edef-4775-ac21-750ec662b5f7">
      <Output>
        <StdOut>+ ImgSuggestedActionsTests::VSTest_HtmlSuggestedActions_Img_AddDimensions
    + ApexTest TestInitialize
    + ExternalProcessHostTest TestInitialize
        (15:23.981) [Visual Studio Host (6956):RoamingSettingsService] Disabling roaming settings.
        (15:24.035) [Visual Studio Host (6956):SettingsService] Setting Visual Studio option 'Environment\RoamingSettings\RoamingEnabled' to 'False'.
        (15:24.361) [Visual Studio Host (6956):TextEditorDocumentWindowTestExtension] Showing window 'img.html' without activating the window.
        (15:24.467) [Visual Studio Host (6956):TextEditorDocumentWindowTestExtension] Showing window 'img.html'.
        (15:24.539) [Visual Studio Host (6956):VisualStudioTextEditorTestExtension] Setting keyboard focus to editor 'img.html'.
        (15:24.592) [Visual Studio Host (6956):MainWindowService] Activating main window to bring it to the foreground.
        (15:24.656) [Visual Studio Host (6956):MainWindowService] Setting main window state to 'Maximized'.
    (15:24.754) [Visual Studio Host (6956):TextEditorDocumentWindowTestExtension] Showing window 'img.html' without activating the window.
    (15:24.820) [Visual Studio Host (6956):TextEditorDocumentWindowTestExtension] Showing window 'img.html'.
    (15:24.895) [Visual Studio Host (6956):VisualStudioCaretTestExtension] Moving the caret to '' at (Ln: 9, Ch: 9) based on a regular expression.  Expression = "&lt;img()" [group index '1', match index '1', options 'Singleline, CultureInvariant']
    (15:24.953) [Visual Studio Host (6956):TextEditorDocumentWindowTestExtension] Showing window 'img.html' without activating the window.
    (15:25.038) [Visual Studio Host (6956):TextEditorDocumentWindowTestExtension] Showing window 'img.html'.
    (15:25.113) [Visual Studio Host (6956):VisualStudioLightBulbService] Did not find an active light bulb session. Please use Verify.IsLightBulbPresent() to make sure that the light bulb is present before requesting the LightBulb session.
    Warning: (15:25.161) [Visual Studio Host (6956):VisualStudioLightBulbService] No light bulb session provided to create a test extension.
    (15:25.460) [Visual Studio Host (6956):VisualStudioLightBulbService] Getting the active light bulb session at position '(Ln: 9, Ch: 9)'.
    VerificationPass: (15:25.511) [Visual Studio Host (6956):VisualStudioLightBulbServiceVerifier] Verification passed: Light bulb is present within a timeout of 00:00:10.
    (15:25.582) [Visual Studio Host (6956):TextEditorDocumentWindowTestExtension] Showing window 'img.html' without activating the window.
    (15:25.641) [Visual Studio Host (6956):TextEditorDocumentWindowTestExtension] Showing window 'img.html'.
    (15:25.726) [Visual Studio Host (6956):VisualStudioLightBulbService] Getting the active light bulb session at position '(Ln: 9, Ch: 9)'.
    (15:25.795) [Visual Studio Host (6956):LightBulbTestExtension] Retrieved '2' light bulb suggested actions.
    (15:25.845) [Visual Studio Host (6956):LightBulbTestExtension] Retrieved '2' light bulb suggested actions.
    VerificationPass: (15:25.888) [Visual Studio Host (6956):LightBulbVerifier] Verification passed: Expected to find a suggested action with text 'Insert width and height attributes'.
Actual set:
Encode image in base64,
Insert width and height attributes
    (15:25.938) [Visual Studio Host (6956):TextEditorDocumentWindowTestExtension] Showing window 'img.html' without activating the window.
    (15:25.985) [Visual Studio Host (6956):TextEditorDocumentWindowTestExtension] Showing window 'img.html'.
    (15:26.061) [Visual Studio Host (6956):VisualStudioLightBulbService] Getting the active light bulb session at position '(Ln: 9, Ch: 9)'.
    (15:26.134) [Visual Studio Host (6956):LightBulbTestExtension] Retrieved '2' light bulb suggested actions.
    (15:26.194) [Visual Studio Host (6956):LightBulbSuggestedAction] Invoking light bulb suggestion action 'Insert width and height attributes'.
    (15:26.260) [Visual Studio Host (6956):TextEditorDocumentWindowTestExtension] Showing window 'img.html' without activating the window.
    (15:26.311) [Visual Studio Host (6956):TextEditorDocumentWindowTestExtension] Showing window 'img.html'.
    (15:26.372) [Visual Studio Host (6956):VisualStudioLightBulbService] Did not find an active light bulb session. Please use Verify.IsLightBulbPresent() to make sure that the light bulb is present before requesting the LightBulb session.
    Warning: (15:26.428) [Visual Studio Host (6956):VisualStudioLightBulbService] No light bulb session provided to create a test extension.
    (15:26.731) [Visual Studio Host (6956):VisualStudioLightBulbService] Did not find an active light bulb session. Please use Verify.IsLightBulbPresent() to make sure that the light bulb is present before requesting the LightBulb session.
    Warning: (15:26.799) [Visual Studio Host (6956):VisualStudioLightBulbService] No light bulb session provided to create a test extension.
    (15:27.125) [Visual Studio Host (6956):VisualStudioLightBulbService] Getting the active light bulb session at position '(Ln: 9, Ch: 9)'.
    VerificationPass: (15:27.180) [Visual Studio Host (6956):VisualStudioLightBulbServiceVerifier] Verification passed: Light bulb is present within a timeout of 00:00:10.
    (15:27.229) [Visual Studio Host (6956):TextEditorDocumentWindowTestExtension] Showing window 'img.html' without activating the window.
    (15:27.281) [Visual Studio Host (6956):TextEditorDocumentWindowTestExtension] Showing window 'img.html'.
    VerificationPass: (15:27.341) [Visual Studio Host (6956):CaretVerifier] Verification passed: The current line text is '&lt;img src="sample.png" width="40" height="40" /&gt;'; the expected text is '&lt;img src="sample.png" width="40" height="40" /&gt;'; trim = 'True'; &lt;ComparisonType: OrdinalIgnoreCase&gt;
    + ExternalProcessHostTest TestCleanup
        (15:27.431) [Visual Studio Host (6956):TextEditorDocumentWindowTestExtension] Closing window 'img.html'.
        (15:27.694) [Platform:Testcase] Test 'VSTest_HtmlSuggestedActions_Img_AddDimensions' has 'Passed' outcome. Therefore, Apex will not shut down the 'Visual Studio Host (6956)' with process ID '6956'. A subsequent test scenario will run on the same instance of the host.
    + Final Test Result Verification
        (15:27.875) [Platform:DelayedAssertionVerifierSink] Verification Success: 0 verification steps failed.
    + ApexTest TestCleanup</StdOut>
      </Output>
      <ResultFiles>
        <ResultFile path="WNVM19648\Fail.ig2gsfz5ad1y.png" />
        <ResultFile path="WNVM19648\OmniLog.html" />
        <ResultFile path="WNVM19648\OmniLogRawXml.xml" />
      </ResultFiles>
    </UnitTestResult>
    <UnitTestResult executionId="d4f6a92f-fc2b-4e86-a1fe-70c32d0e5985" testId="bf87e50f-db30-5230-89c8-3237f00226bd" testName="VSTest_JSON_ProjectJSON_Completion_AutoFilterNoExistingPackages" computerName="WNVM19648" startTime="2018-04-17T00:54:37.4138747-07:00" endTime="2018-04-17T00:54:37.4138747-07:00" testType="13cdc9d9-ddb5-4fa4-a97d-d965ccfc6d4b" outcome="NotExecuted" testListId="8c84fa94-04c1-424b-9868-57a2d4851a1d" relativeResultsDirectory="d4f6a92f-fc2b-4e86-a1fe-70c32d0e5985">
      <Output>
        <ErrorInfo>
          <Message>Assert.Inconclusive failed. Required component ID "Microsoft.VisualStudio.Workload.Universal" (UWP Workload) was not installed.  Please install this component and rerun the test.</Message>
        </ErrorInfo>
      </Output>
    </UnitTestResult>
    <UnitTestResult executionId="25eb6813-7e69-494c-9f24-57277224a75a" testId="62675386-aeac-51ad-3964-c697e6c885e2" testName="VSTest_JSON_PasteObjectLiteral_ObjectMember" computerName="WNVM19648" duration="00:00:11.4215758" startTime="2018-04-17T02:15:38.5664745-07:00" endTime="2018-04-17T02:15:49.9880503-07:00" testType="13cdc9d9-ddb5-4fa4-a97d-d965ccfc6d4b" outcome="Passed" testListId="8c84fa94-04c1-424b-9868-57a2d4851a1d" relativeResultsDirectory="25eb6813-7e69-494c-9f24-57277224a75a">
      <Output>
        <StdOut>+ PasteJavascriptObjectLiteralAsJSONTests::VSTest_JSON_PasteObjectLiteral_ObjectMember
    + ApexTest TestInitialize
    + ExternalProcessHostTest TestInitialize
        (02:17:20.407) [Visual Studio Host (4596):RoamingSettingsService] Disabling roaming settings.
        (02:17:20.563) [Visual Studio Host (4596):SettingsService] Setting Visual Studio option 'Environment\RoamingSettings\RoamingEnabled' to 'False'.
        (02:17:21.094) [Visual Studio Host (4596):TextEditorDocumentWindowTestExtension] Showing window 'EmptyWithoutSchema.json' without activating the window.
        (02:17:21.313) [Visual Studio Host (4596):TextEditorDocumentWindowTestExtension] Showing window 'EmptyWithoutSchema.json'.
        (02:17:21.501) [Visual Studio Host (4596):VisualStudioTextEditorTestExtension] Setting keyboard focus to editor 'EmptyWithoutSchema.json'.
        (02:17:21.657) [Visual Studio Host (4596):MainWindowService] Activating main window to bring it to the foreground.
        (02:17:21.844) [Visual Studio Host (4596):MainWindowService] Setting main window state to 'Maximized'.
    (02:17:22.172) [Visual Studio Host (4596):TextEditorDocumentWindowTestExtension] Showing window 'EmptyWithoutSchema.json' without activating the window.
    (02:17:22.344) [Visual Studio Host (4596):TextEditorDocumentWindowTestExtension] Showing window 'EmptyWithoutSchema.json'.
    (02:17:22.532) [Visual Studio Host (4596):VisualStudioSelectionTestExtension] Selects all text in the editor.
    (02:17:22.688) [Visual Studio Host (4596):TextEditorDocumentWindowTestExtension] Showing window 'EmptyWithoutSchema.json' without activating the window.
    (02:17:22.875) [Visual Studio Host (4596):TextEditorDocumentWindowTestExtension] Showing window 'EmptyWithoutSchema.json'.
    (02:17:23.094) [Visual Studio Host (4596):KeyboardCommands] Sending the Delete key 1 times.
    (02:17:23.282) [Visual Studio Host (4596):TextEditorDocumentWindowTestExtension] Showing window 'EmptyWithoutSchema.json' without activating the window.
    (02:17:23.485) [Visual Studio Host (4596):TextEditorDocumentWindowTestExtension] Showing window 'EmptyWithoutSchema.json'.
    (02:17:23.672) [Visual Studio Host (4596):VisualStudioTextEditingActions] Inserting text: '{' at the current caret position: '(Ln: 1, Ch: 1)'
    (02:17:23.844) [Visual Studio Host (4596):TextEditorDocumentWindowTestExtension] Showing window 'EmptyWithoutSchema.json' without activating the window.
    (02:17:24.001) [Visual Studio Host (4596):TextEditorDocumentWindowTestExtension] Showing window 'EmptyWithoutSchema.json'.
    (02:17:24.172) [Visual Studio Host (4596):KeyboardCommands] Sending the Return key 1 times.
    (02:17:24.360) [Visual Studio Host (4596):TextEditorDocumentWindowTestExtension] Showing window 'EmptyWithoutSchema.json' without activating the window.
    (02:17:24.547) [Visual Studio Host (4596):TextEditorDocumentWindowTestExtension] Showing window 'EmptyWithoutSchema.json'.
    (02:17:24.735) [Visual Studio Host (4596):VisualStudioTextEditingActions] Inserting text: '}' at the current caret position: '(Ln: 2, Ch: 3)'
    (02:17:24.922) [Visual Studio Host (4596):TextEditorDocumentWindowTestExtension] Showing window 'EmptyWithoutSchema.json' without activating the window.
    (02:17:25.079) [Visual Studio Host (4596):TextEditorDocumentWindowTestExtension] Showing window 'EmptyWithoutSchema.json'.
    (02:17:25.266) [Visual Studio Host (4596):VisualStudioCaretTestExtension] Moving the caret from (Ln: 2, Ch: 2) up '1' lines
    (02:17:25.438) [Visual Studio Host (4596):VisualStudioTextEditorTestExtension] Setting keyboard focus to editor 'EmptyWithoutSchema.json'.
    (02:17:25.688) [Visual Studio Host (4596):TextEditorDocumentWindowTestExtension] Showing window 'EmptyWithoutSchema.json' without activating the window.
    (02:17:25.875) [Visual Studio Host (4596):TextEditorDocumentWindowTestExtension] Showing window 'EmptyWithoutSchema.json'.
    (02:17:26.078) [Visual Studio Host (4596):VisualStudioCaretTestExtension] Moving the caret from (Ln: 3, Ch: 24) to the beginning of the file
    (02:17:26.250) [Visual Studio Host (4596):VisualStudioTextEditorTestExtension] Setting keyboard focus to editor 'EmptyWithoutSchema.json'.
    (02:17:26.422) [Visual Studio Host (4596):TextEditorDocumentWindowTestExtension] Showing window 'EmptyWithoutSchema.json' without activating the window.
    (02:17:26.563) [Visual Studio Host (4596):TextEditorDocumentWindowTestExtension] Showing window 'EmptyWithoutSchema.json'.
    (02:17:26.735) [Visual Studio Host (4596):VisualStudioCaretTestExtension] Moving the caret from (Ln: 1, Ch: 1) down '1' lines
    (02:17:26.891) [Visual Studio Host (4596):VisualStudioTextEditorTestExtension] Setting keyboard focus to editor 'EmptyWithoutSchema.json'.
    (02:17:27.079) [Visual Studio Host (4596):TextEditorDocumentWindowTestExtension] Showing window 'EmptyWithoutSchema.json' without activating the window.
    (02:17:27.266) [Visual Studio Host (4596):TextEditorDocumentWindowTestExtension] Showing window 'EmptyWithoutSchema.json'.
    VerificationPass: (02:17:27.469) [Platform:Testcase] Verification passed: String content is equal: Expected '"value1": 1,', Actual '"value1": 1,'; &lt;ComparisonType: OrdinalIgnoreCase&gt;
    (02:17:27.672) [Visual Studio Host (4596):TextEditorDocumentWindowTestExtension] Showing window 'EmptyWithoutSchema.json' without activating the window.
    (02:17:27.860) [Visual Studio Host (4596):TextEditorDocumentWindowTestExtension] Showing window 'EmptyWithoutSchema.json'.
    (02:17:28.032) [Visual Studio Host (4596):VisualStudioCaretTestExtension] Moving the caret from (Ln: 2, Ch: 1) down '1' lines
    (02:17:28.157) [Visual Studio Host (4596):VisualStudioTextEditorTestExtension] Setting keyboard focus to editor 'EmptyWithoutSchema.json'.
    (02:17:28.313) [Visual Studio Host (4596):TextEditorDocumentWindowTestExtension] Showing window 'EmptyWithoutSchema.json' without activating the window.
    (02:17:28.469) [Visual Studio Host (4596):TextEditorDocumentWindowTestExtension] Showing window 'EmptyWithoutSchema.json'.
    VerificationPass: (02:17:28.688) [Platform:Testcase] Verification passed: String content is equal: Expected '"valueString": "test"', Actual '"valueString": "test"'; &lt;ComparisonType: OrdinalIgnoreCase&gt;
    + ExternalProcessHostTest TestCleanup
        (02:17:29.063) [Visual Studio Host (4596):TextEditorDocumentWindowTestExtension] Closing window 'EmptyWithoutSchema.json'.
        (02:17:29.469) [Platform:Testcase] Test 'VSTest_JSON_PasteObjectLiteral_ObjectMember' has 'Passed' outcome. Therefore, Apex will not shut down the 'Visual Studio Host (4596)' with process ID '4596'. A subsequent test scenario will run on the same instance of the host.
    + Final Test Result Verification
        (02:17:30.125) [Platform:DelayedAssertionVerifierSink] Verification Success: 0 verification steps failed.
    + ApexTest TestCleanup</StdOut>
      </Output>
      <ResultFiles>
        <ResultFile path="WNVM19648\Fail.22wpw0oka5fs.png" />
        <ResultFile path="WNVM19648\Fail.24wtv1jnawc3.png" />
        <ResultFile path="WNVM19648\Fail.2dvw33g3abcx.png" />
        <ResultFile path="WNVM19648\Fail.2lws5epta1gw.png" />
        <ResultFile path="WNVM19648\Fail.2osatv43agzz.png" />
        <ResultFile path="WNVM19648\Fail.33ju4eduay3u.png" />
        <ResultFile path="WNVM19648\Fail.3poblbx4alvv.png" />
        <ResultFile path="WNVM19648\Fail.4p531ykxaqdb.png" />
        <ResultFile path="WNVM19648\Fail.5erbsz3aa4ay.png" />
        <ResultFile path="WNVM19648\Fail.ashpv3rjajjr.png" />
        <ResultFile path="WNVM19648\Fail.aswak04hapa5.png" />
        <ResultFile path="WNVM19648\Fail.azqsczivabnm.png" />
        <ResultFile path="WNVM19648\Fail.byuslv5baqsd.png" />
        <ResultFile path="WNVM19648\Fail.bz134qwyax2e.png" />
        <ResultFile path="WNVM19648\Fail.czhshhzmawco.png" />
        <ResultFile path="WNVM19648\Fail.ek4tb3wmalyl.png" />
        <ResultFile path="WNVM19648\Fail.hxi2cahnapy2.png" />
        <ResultFile path="WNVM19648\Fail.ig2gsfz5ad1y.png" />
        <ResultFile path="WNVM19648\Fail.iymeazuqablz.png" />
        <ResultFile path="WNVM19648\Fail.jpga4adlarrf.png" />
        <ResultFile path="WNVM19648\Fail.kfb5og41ajlt.png" />
        <ResultFile path="WNVM19648\Fail.kp4fcfcpa5bw.png" />
        <ResultFile path="WNVM19648\Fail.kxs1ersmaxma.png" />
        <ResultFile path="WNVM19648\Fail.lbyrcmqbastb.png" />
        <ResultFile path="WNVM19648\Fail.loc0xhl5a2hr.png" />
        <ResultFile path="WNVM19648\Fail.lthgvalfaxfr.png" />
        <ResultFile path="WNVM19648\Fail.mazsob3aamsp.png" />
        <ResultFile path="WNVM19648\Fail.n13clx4iaowv.png" />
        <ResultFile path="WNVM19648\Fail.n3c2bmltan5e.png" />
        <ResultFile path="WNVM19648\Fail.o4kkrjboasbk.png" />
        <ResultFile path="WNVM19648\Fail.o5zf0zepaw0l.png" />
        <ResultFile path="WNVM19648\Fail.pdo2mhdtanq2.png" />
        <ResultFile path="WNVM19648\Fail.pprwzak1ac5h.png" />
        <ResultFile path="WNVM19648\Fail.qagtqbftat3h.png" />
        <ResultFile path="WNVM19648\Fail.qbnuydioazjy.png" />
        <ResultFile path="WNVM19648\Fail.raasvsmeanc1.png" />
        <ResultFile path="WNVM19648\Fail.rymman3va50a.png" />
        <ResultFile path="WNVM19648\Fail.sidku4gxamg4.png" />
        <ResultFile path="WNVM19648\Fail.swwzdfhraz25.png" />
        <ResultFile path="WNVM19648\Fail.t4yj0fxuatil.png" />
        <ResultFile path="WNVM19648\Fail.v0ywfcwsa23p.png" />
        <ResultFile path="WNVM19648\Fail.vjqtiv2zaclz.png" />
        <ResultFile path="WNVM19648\Fail.wiz4mofdavag.png" />
        <ResultFile path="WNVM19648\Fail.xasrdkzvaogc.png" />
        <ResultFile path="WNVM19648\Fail.yd3ferxiaq1c.png" />
        <ResultFile path="WNVM19648\Fail.z10rn0n5ajdm.png" />
        <ResultFile path="WNVM19648\Fail.z2gelfy0aa1q.png" />
        <ResultFile path="WNVM19648\Fail.zpuouf2fa0ib.png" />
        <ResultFile path="WNVM19648\OmniLog.html" />
        <ResultFile path="WNVM19648\OmniLogRawXml.xml" />
      </ResultFiles>
    </UnitTestResult>
    <UnitTestResult executionId="9fb54cb3-29f2-4ce8-bb31-040d7bbc1392" testId="ad15d110-320a-9081-dd82-521f63993402" testName="VSTest_JSON_NotValid_Content_File_Sniffing" computerName="WNVM19648" duration="00:00:06.3744129" startTime="2018-04-17T02:17:13.6556850-07:00" endTime="2018-04-17T02:17:20.0300979-07:00" testType="13cdc9d9-ddb5-4fa4-a97d-d965ccfc6d4b" outcome="Passed" testListId="8c84fa94-04c1-424b-9868-57a2d4851a1d" relativeResultsDirectory="9fb54cb3-29f2-4ce8-bb31-040d7bbc1392">
      <Output>
        <StdOut>+ SniffingTests::VSTest_JSON_NotValid_Content_File_Sniffing
    + ApexTest TestInitialize
    + ExternalProcessHostTest TestInitialize
        (02:18:55.480) [Visual Studio Host (4596):RoamingSettingsService] Disabling roaming settings.
        (02:18:55.652) [Visual Studio Host (4596):SettingsService] Setting Visual Studio option 'Environment\RoamingSettings\RoamingEnabled' to 'False'.
        (02:18:57.575) [Visual Studio Host (4596):TextEditorDocumentWindowTestExtension] Showing window 'notjson.foo' without activating the window.
        (02:18:57.808) [Visual Studio Host (4596):TextEditorDocumentWindowTestExtension] Showing window 'notjson.foo'.
        (02:18:58.027) [Visual Studio Host (4596):VisualStudioTextEditorTestExtension] Setting keyboard focus to editor 'notjson.foo'.
        (02:18:58.214) [Visual Studio Host (4596):MainWindowService] Activating main window to bring it to the foreground.
        (02:18:58.417) [Visual Studio Host (4596):MainWindowService] Setting main window state to 'Maximized'.
    VerificationPass: (02:18:58.824) [Platform:Testcase] Verification passed: The condition was expected to be false.
    + ExternalProcessHostTest TestCleanup
        (02:18:59.105) [Visual Studio Host (4596):TextEditorDocumentWindowTestExtension] Closing window 'notjson.foo'.
        (02:18:59.433) [Platform:Testcase] Test 'VSTest_JSON_NotValid_Content_File_Sniffing' has 'Passed' outcome. Therefore, Apex will not shut down the 'Visual Studio Host (4596)' with process ID '4596'. A subsequent test scenario will run on the same instance of the host.
    + Final Test Result Verification
        (02:19:00.089) [Platform:DelayedAssertionVerifierSink] Verification Success: 0 verification steps failed.
    + ApexTest TestCleanup</StdOut>
      </Output>
      <ResultFiles>
        <ResultFile path="WNVM19648\Fail.22wpw0oka5fs.png" />
        <ResultFile path="WNVM19648\Fail.24wtv1jnawc3.png" />
        <ResultFile path="WNVM19648\Fail.2dvw33g3abcx.png" />
        <ResultFile path="WNVM19648\Fail.2lws5epta1gw.png" />
        <ResultFile path="WNVM19648\Fail.2osatv43agzz.png" />
        <ResultFile path="WNVM19648\Fail.33ju4eduay3u.png" />
        <ResultFile path="WNVM19648\Fail.3poblbx4alvv.png" />
        <ResultFile path="WNVM19648\Fail.4p531ykxaqdb.png" />
        <ResultFile path="WNVM19648\Fail.5erbsz3aa4ay.png" />
        <ResultFile path="WNVM19648\Fail.ashpv3rjajjr.png" />
        <ResultFile path="WNVM19648\Fail.aswak04hapa5.png" />
        <ResultFile path="WNVM19648\Fail.azqsczivabnm.png" />
        <ResultFile path="WNVM19648\Fail.byuslv5baqsd.png" />
        <ResultFile path="WNVM19648\Fail.bz134qwyax2e.png" />
        <ResultFile path="WNVM19648\Fail.czhshhzmawco.png" />
        <ResultFile path="WNVM19648\Fail.ek4tb3wmalyl.png" />
        <ResultFile path="WNVM19648\Fail.hxi2cahnapy2.png" />
        <ResultFile path="WNVM19648\Fail.ig2gsfz5ad1y.png" />
        <ResultFile path="WNVM19648\Fail.iymeazuqablz.png" />
        <ResultFile path="WNVM19648\Fail.jpga4adlarrf.png" />
        <ResultFile path="WNVM19648\Fail.kfb5og41ajlt.png" />
        <ResultFile path="WNVM19648\Fail.kp4fcfcpa5bw.png" />
        <ResultFile path="WNVM19648\Fail.kxs1ersmaxma.png" />
        <ResultFile path="WNVM19648\Fail.lbyrcmqbastb.png" />
        <ResultFile path="WNVM19648\Fail.loc0xhl5a2hr.png" />
        <ResultFile path="WNVM19648\Fail.lthgvalfaxfr.png" />
        <ResultFile path="WNVM19648\Fail.mazsob3aamsp.png" />
        <ResultFile path="WNVM19648\Fail.n13clx4iaowv.png" />
        <ResultFile path="WNVM19648\Fail.n3c2bmltan5e.png" />
        <ResultFile path="WNVM19648\Fail.o4kkrjboasbk.png" />
        <ResultFile path="WNVM19648\Fail.o5zf0zepaw0l.png" />
        <ResultFile path="WNVM19648\Fail.pdo2mhdtanq2.png" />
        <ResultFile path="WNVM19648\Fail.pprwzak1ac5h.png" />
        <ResultFile path="WNVM19648\Fail.qagtqbftat3h.png" />
        <ResultFile path="WNVM19648\Fail.qbnuydioazjy.png" />
        <ResultFile path="WNVM19648\Fail.raasvsmeanc1.png" />
        <ResultFile path="WNVM19648\Fail.rymman3va50a.png" />
        <ResultFile path="WNVM19648\Fail.sidku4gxamg4.png" />
        <ResultFile path="WNVM19648\Fail.swwzdfhraz25.png" />
        <ResultFile path="WNVM19648\Fail.t4yj0fxuatil.png" />
        <ResultFile path="WNVM19648\Fail.v0ywfcwsa23p.png" />
        <ResultFile path="WNVM19648\Fail.vjqtiv2zaclz.png" />
        <ResultFile path="WNVM19648\Fail.wiz4mofdavag.png" />
        <ResultFile path="WNVM19648\Fail.xasrdkzvaogc.png" />
        <ResultFile path="WNVM19648\Fail.yd3ferxiaq1c.png" />
        <ResultFile path="WNVM19648\Fail.z10rn0n5ajdm.png" />
        <ResultFile path="WNVM19648\Fail.z2gelfy0aa1q.png" />
        <ResultFile path="WNVM19648\Fail.zpuouf2fa0ib.png" />
        <ResultFile path="WNVM19648\OmniLog.html" />
        <ResultFile path="WNVM19648\OmniLogRawXml.xml" />
      </ResultFiles>
    </UnitTestResult>
    <UnitTestResult executionId="f270affc-fd62-4b72-9259-734cc23afd6c" testId="578d7718-9b50-49d2-dd4f-7b47f35b6023" testName="VSTest_Html_FormatSelection_EOLThroughComment" computerName="WNVM19648" duration="00:00:03.3941260" startTime="2018-04-17T00:31:25.3672512-07:00" endTime="2018-04-17T00:31:28.7613772-07:00" testType="13cdc9d9-ddb5-4fa4-a97d-d965ccfc6d4b" outcome="Passed" testListId="8c84fa94-04c1-424b-9868-57a2d4851a1d" relativeResultsDirectory="f270affc-fd62-4b72-9259-734cc23afd6c">
      <Output>
        <StdOut>+ FormatTests::VSTest_Html_FormatSelection_EOLThroughComment
    + ApexTest TestInitialize
    + ExternalProcessHostTest TestInitialize
        (33:06.787) [Visual Studio Host (11564):RoamingSettingsService] Disabling roaming settings.
        (33:06.853) [Visual Studio Host (11564):SettingsService] Setting Visual Studio option 'Environment\RoamingSettings\RoamingEnabled' to 'False'.
        (33:07.168) [Visual Studio Host (11564):TextEditorDocumentWindowTestExtension] Showing window 'FormatSelectionEOLThroughComment.htm' without activating the window.
        (33:07.245) [Visual Studio Host (11564):TextEditorDocumentWindowTestExtension] Showing window 'FormatSelectionEOLThroughComment.htm'.
        (33:07.335) [Visual Studio Host (11564):VisualStudioTextEditorTestExtension] Setting keyboard focus to editor 'FormatSelectionEOLThroughComment.htm'.
        (33:07.401) [Visual Studio Host (11564):MainWindowService] Activating main window to bring it to the foreground.
        (33:07.473) [Visual Studio Host (11564):MainWindowService] Setting main window state to 'Maximized'.
    (33:07.616) [Visual Studio Host (11564):TextEditorDocumentWindowTestExtension] Showing window 'FormatSelectionEOLThroughComment.htm' without activating the window.
    (33:07.710) [Visual Studio Host (11564):TextEditorDocumentWindowTestExtension] Showing window 'FormatSelectionEOLThroughComment.htm'.
    (33:07.792) [Visual Studio Host (11564):VisualStudioCaretTestExtension] Moving the caret from (Ln: 1, Ch: 1) to (Ln: 8, Ch: 7)
    (33:07.857) [Visual Studio Host (11564):TextEditorDocumentWindowTestExtension] Showing window 'FormatSelectionEOLThroughComment.htm'.
    (33:07.928) [Visual Studio Host (11564):VisualStudioCaretTestExtension] Moving the caret and selecting from (Ln: 8, Ch: 7) down '1' lines
    (33:07.984) [Visual Studio Host (11564):VisualStudioTextEditorTestExtension] Setting keyboard focus to editor 'FormatSelectionEOLThroughComment.htm'.
    (33:08.045) [Visual Studio Host (11564):TextEditorDocumentWindowTestExtension] Showing window 'FormatSelectionEOLThroughComment.htm'.
    (33:08.106) [Visual Studio Host (11564):VisualStudioCaretTestExtension] Moving the caret and selecting from (Ln: 9, Ch: 7) to the beginning of the line
    (33:08.158) [Visual Studio Host (11564):VisualStudioTextEditorTestExtension] Setting keyboard focus to editor 'FormatSelectionEOLThroughComment.htm'.
    (33:08.214) [Visual Studio Host (11564):TextEditorDocumentWindowTestExtension] Showing window 'FormatSelectionEOLThroughComment.htm'.
    (33:08.299) [Visual Studio Host (11564):TextEditorDocumentWindowTestExtension] Showing window 'FormatSelectionEOLThroughComment.htm'.
    (33:08.398) [Visual Studio Host (11564):TextEditorDocumentWindowTestExtension] Showing window 'FormatSelectionEOLThroughComment.htm'.
    (33:08.481) [Visual Studio Host (11564):VisualStudioCaretTestExtension] Moving the caret and selecting from (Ln: 9, Ch: 5) right '24' characters
    (33:08.545) [Visual Studio Host (11564):VisualStudioTextEditorTestExtension] Setting keyboard focus to editor 'FormatSelectionEOLThroughComment.htm'.
    (33:08.705) [Visual Studio Host (11564):TextEditorDocumentWindowTestExtension] Showing window 'FormatSelectionEOLThroughComment.htm' without activating the window.
    (33:08.796) [Visual Studio Host (11564):TextEditorDocumentWindowTestExtension] Showing window 'FormatSelectionEOLThroughComment.htm'.
    (33:08.877) [Visual Studio Host (11564):TextEditorDocumentWindowTestExtension] Showing window 'FormatSelectionEOLThroughComment.htm' without activating the window.
    (33:08.939) [Visual Studio Host (11564):TextEditorDocumentWindowTestExtension] Showing window 'FormatSelectionEOLThroughComment.htm'.
    + ExternalProcessHostTest TestCleanup
        (33:09.096) [Visual Studio Host (11564):TextEditorDocumentWindowTestExtension] Closing window 'FormatSelectionEOLThroughComment.htm'.
        (33:09.320) [Platform:Testcase] Test 'VSTest_Html_FormatSelection_EOLThroughComment' has 'Passed' outcome. Therefore, Apex will not shut down the 'Visual Studio Host (11564)' with process ID '11564'. A subsequent test scenario will run on the same instance of the host.
    + Final Test Result Verification
        (33:09.554) [Platform:DelayedAssertionVerifierSink] Verification Success: 0 verification steps failed.
    + ApexTest TestCleanup</StdOut>
      </Output>
      <ResultFiles>
        <ResultFile path="WNVM19648\Fail.azqsczivabnm.png" />
        <ResultFile path="WNVM19648\Fail.ig2gsfz5ad1y.png" />
        <ResultFile path="WNVM19648\Fail.o5zf0zepaw0l.png" />
        <ResultFile path="WNVM19648\OmniLog.html" />
        <ResultFile path="WNVM19648\OmniLogRawXml.xml" />
      </ResultFiles>
    </UnitTestResult>
    <UnitTestResult executionId="988300f3-64c2-4437-8f39-2d2177992cf0" testId="89da2315-95ea-b743-89b9-568e4ca36a26" testName="VSTest_Razor_Diff (Inline)" computerName="WNVM19648" startTime="2018-04-17T01:21:33.2680599-07:00" endTime="2018-04-17T01:21:33.2680599-07:00" testType="13cdc9d9-ddb5-4fa4-a97d-d965ccfc6d4b" outcome="NotExecuted" testListId="8c84fa94-04c1-424b-9868-57a2d4851a1d" relativeResultsDirectory="988300f3-64c2-4437-8f39-2d2177992cf0">
      <Output>
      </Output>
    </UnitTestResult>
    <UnitTestResult executionId="c908b225-e801-4684-8601-5ca7e485d634" testId="256a4b65-4463-f562-2747-6ae9de50c60c" testName="VSTest_TypingOptionsInsertClosingTagFalse" computerName="WNVM19648" duration="00:00:01.3729637" startTime="2018-04-17T00:47:02.9172148-07:00" endTime="2018-04-17T00:47:04.2901785-07:00" testType="13cdc9d9-ddb5-4fa4-a97d-d965ccfc6d4b" outcome="Failed" testListId="8c84fa94-04c1-424b-9868-57a2d4851a1d" relativeResultsDirectory="c908b225-e801-4684-8601-5ca7e485d634">
      <Output>
        <StdOut>+ TypingOptionsTests::VSTest_TypingOptionsInsertClosingTagFalse
    + ApexTest TestInitialize</StdOut>
        <ErrorInfo>
          <Message>Initialization method Microsoft.Test.Apex.ExternalProcessHostTest`2[[Microsoft.Test.Apex.VisualStudio.VisualStudioHostConfiguration, Microsoft.Test.Apex.VisualStudio, Version=15.0.0.0, Culture=neutral, PublicKeyToken=b03f5f7f11d50a3a],[Microsoft.Test.Apex.VisualStudio.VisualStudioHost, Microsoft.Test.Apex.VisualStudio, Version=15.0.0.0, Culture=neutral, PublicKeyToken=b03f5f7f11d50a3a]].TestInitialize threw exception. System.IO.IOException: The process cannot access the file 'C:\school\OmniLog.html' because it is being used by another process.</Message>
          <StackTrace>   at System.IO.__Error.WinIOError(Int32 errorCode, String maybeFullPath)
   at System.IO.FileStream.Init(String path, FileMode mode, FileAccess access, Int32 rights, Boolean useRights, FileShare share, Int32 bufferSize, FileOptions options, SECURITY_ATTRIBUTES secAttrs, String msgPath, Boolean bFromProxy, Boolean useLongPath, Boolean checkHost)
   at System.IO.FileStream..ctor(String path, FileMode mode, FileAccess access)
   at Omni.Logging.Sinks.IncrementalSummarySink.PrepareForWrite() in F:\dd\src\Omni\Log\Omni.Log\Sinks\IncrementalSummarySink.cs:line 169
   at Omni.Logging.Sinks.IncrementalSummarySink.Append(ILogMessage message) in F:\dd\src\Omni\Log\Omni.Log\Sinks\IncrementalSummarySink.cs:line 74
   at Omni.Logging.OmniLog.SendToSinks(LogMessage message) in F:\dd\src\Omni\Log\Omni.Log\OmniLog.cs:line 968
   at Omni.Logging.Log.BeginGroup(String message) in F:\dd\src\Omni\Log\Omni.Log\OmniLog.cs:line 1402
   at Microsoft.Test.Apex.Services.Logging.TestLoggerSinks.OmniLog.OmniLogSink.ActualSink.ScopeEntered(IExecutionScopeHandle scope) in F:\dd\src\omni\Apex\MsTestIntegration\Services\OmniLog\OmniLogSink.cs:line 318
   at Microsoft.Test.Apex.Services.Logging.TestLoggerSinks.OmniLog.OmniLogSink.ScopeEntered(IExecutionScopeHandle scope) in F:\dd\src\omni\Apex\MsTestIntegration\Services\OmniLog\OmniLogSink.cs:line 146
   at Microsoft.Test.Apex.Services.ExecutionScopeService.Enter(TestExecutionPoint testExecutionPoint, String scopeName, Boolean enterVerificationScope, Object context) in F:\dd\src\omni\Apex\Framework\Services\ExecutionScope\ExecutionScopeService.cs:line 228
   at Microsoft.Test.Apex.Services.ExecutionScopeService.Enter(String scopeName, Boolean enterVerificationScope, Object context) in F:\dd\src\omni\Apex\Framework\Services\ExecutionScope\ExecutionScopeService.cs:line 202
   at Microsoft.Test.Apex.Services.ExecutionScopeService.Enter(String scopeName) in F:\dd\src\omni\Apex\Framework\Services\ExecutionScope\ExecutionScopeService.cs:line 80
   at Microsoft.Test.Apex.ApexTest.TestInitialize() in F:\dd\src\omni\Apex\MsTestIntegration\ApexTest.cs:line 423
   at Microsoft.Test.Apex.ExternalProcessHostTest`2.TestInitialize() in F:\dd\src\omni\Apex\MsTestIntegration\ExternalProcessHostTest.cs:line 108</StackTrace>
        </ErrorInfo>
      </Output>
    </UnitTestResult>
    <UnitTestResult executionId="f1a194fb-e573-494a-b8a1-9a2df31c2cff" testId="9d2062cf-cbbb-6d51-b2a2-10ba8d351629" testName="VSTest_Razor_TagHelpers_Update_CS_File_And_Build" computerName="WNVM19648" duration="00:00:44.5597779" startTime="2018-04-17T01:18:19.2044733-07:00" endTime="2018-04-17T01:19:03.7642512-07:00" testType="13cdc9d9-ddb5-4fa4-a97d-d965ccfc6d4b" outcome="Failed" testListId="8c84fa94-04c1-424b-9868-57a2d4851a1d" relativeResultsDirectory="f1a194fb-e573-494a-b8a1-9a2df31c2cff">
      <Output>
        <StdOut>+ RazorTagHelperTests::VSTest_Razor_TagHelpers_Update_CS_File_And_Build
    + ApexTest TestInitialize
    + ExternalProcessHostTest TestInitialize
        (01:20:00.935) [Visual Studio Host (8016):RoamingSettingsService] Disabling roaming settings.
        (01:20:01.089) [Visual Studio Host (8016):SettingsService] Setting Visual Studio option 'Environment\RoamingSettings\RoamingEnabled' to 'False'.
        (01:20:01.885) [Visual Studio Host (8016):TextEditorDocumentWindowTestExtension] Showing window 'TagHelpers.cshtml' without activating the window.
        (01:20:02.038) [Visual Studio Host (8016):TextEditorDocumentWindowTestExtension] Showing window 'TagHelpers.cshtml'.
        (01:20:02.247) [Visual Studio Host (8016):VisualStudioTextEditorTestExtension] Setting keyboard focus to editor 'TagHelpers.cshtml'.
        (01:20:02.396) [Visual Studio Host (8016):MainWindowService] Activating main window to bring it to the foreground.
        (01:20:02.565) [Visual Studio Host (8016):MainWindowService] Setting main window state to 'Maximized'.
    (01:20:02.858) [Visual Studio Host (8016):TextEditorDocumentWindowTestExtension] Showing window 'TagHelpers.cshtml' without activating the window.
    (01:20:03.004) [Visual Studio Host (8016):TextEditorDocumentWindowTestExtension] Showing window 'TagHelpers.cshtml' without activating the window.
    (01:20:03.161) [Visual Studio Host (8016):TextEditorDocumentWindowTestExtension] Showing window 'TagHelpers.cshtml'.
    (01:20:03.320) [Visual Studio Host (8016):VisualStudioCaretTestExtension] Moving the caret to '&lt;body&gt;' at (Ln: 5, Ch: 1) based on a regular expression.  Expression = "()&lt;body&gt;" [group index '0', match index '1', options 'Singleline, CultureInvariant']
    (01:20:04.739) [Visual Studio Host (8016):TextEditorDocumentWindowTestExtension] Showing window 'TagHelpers.cshtml' without activating the window.
    (01:20:06.070) [Visual Studio Host (8016):TextEditorDocumentWindowTestExtension] Showing window 'TagHelpers.cshtml'.
    (01:20:07.409) [Visual Studio Host (8016):VisualStudioCaretTestExtension] Moving the caret from (Ln: 5, Ch: 1) down '1' lines
    (01:20:07.580) [Visual Studio Host (8016):VisualStudioTextEditorTestExtension] Setting keyboard focus to editor 'TagHelpers.cshtml'.
    (01:20:07.734) [Visual Studio Host (8016):TextEditorDocumentWindowTestExtension] Showing window 'TagHelpers.cshtml' without activating the window.
    (01:20:07.904) [Visual Studio Host (8016):TextEditorDocumentWindowTestExtension] Showing window 'TagHelpers.cshtml'.
    (01:20:08.193) [Visual Studio Host (8016):TextEditorDocumentWindowTestExtension] Showing window 'TagHelpers.cshtml' without activating the window.
    (01:20:08.441) [Visual Studio Host (8016):TextEditorDocumentWindowTestExtension] Showing window 'TagHelpers.cshtml'.
    (01:20:08.695) [Visual Studio Host (8016):VisualStudioIntellisenseService] Getting the active completion at position '(Ln: 6, Ch: 4)'.
    (01:20:08.864) [Visual Studio Host (8016):VisualStudioCompletionListTestExtension] Found completion item with name 
    (01:20:09.015) [Visual Studio Host (8016):VisualStudioCompletionListTestExtension] Unable to find completion item with name 
    (01:20:09.715) [Visual Studio Host (8016):TextEditorDocumentWindowTestExtension] Showing window 'MyTagHelpers.cs' without activating the window.
    (01:20:10.032) [Visual Studio Host (8016):TextEditorDocumentWindowTestExtension] Showing window 'MyTagHelpers.cs' without activating the window.
    (01:20:10.404) [Visual Studio Host (8016):TextEditorDocumentWindowTestExtension] Showing window 'MyTagHelpers.cs' without activating the window.
    (01:20:10.631) [Visual Studio Host (8016):TextEditorDocumentWindowTestExtension] Showing window 'MyTagHelpers.cs'.
    (01:20:10.856) [Visual Studio Host (8016):VisualStudioCaretTestExtension] Moving the caret to '' at (Ln: 10, Ch: 42) based on a regular expression.  Expression = "-Every-Action()" [group index '1', match index '1', options 'Singleline, CultureInvariant']
    (01:20:11.154) [Visual Studio Host (8016):TextEditorDocumentWindowTestExtension] Showing window 'MyTagHelpers.cs' without activating the window.
    (01:20:12.309) [Visual Studio Host (8016):TextEditorDocumentWindowTestExtension] Showing window 'MyTagHelpers.cs'.
    (01:20:12.613) [Visual Studio Host (8016):TextEditorDocumentWindowTestExtension] Showing window 'MyTagHelpers.cs' without activating the window.
    (01:20:12.805) [Visual Studio Host (8016):TextEditorDocumentWindowTestExtension] Saving document window 'MyTagHelpers.cs'
    (01:20:13.138) [Visual Studio Host (8016):TextEditorDocumentWindowTestExtension] Showing window 'MyTagHelpers.cs' without activating the window.
    (01:20:18.353) [Visual Studio Host (8016):TextEditorDocumentWindowTestExtension] Showing window 'TagHelpers.cshtml'.
    (01:20:19.518) [Visual Studio Host (8016):TextEditorDocumentWindowTestExtension] Showing window 'TagHelpers.cshtml' without activating the window.
    (01:20:19.706) [Visual Studio Host (8016):TextEditorDocumentWindowTestExtension] Showing window 'TagHelpers.cshtml'.
    (01:20:19.931) [Visual Studio Host (8016):VisualStudioIntellisenseService] Did not find an active completion session. Please use Verify.IsCompletionListPresent() to make sure that the list is present before requesting the completion session.
    Warning: (01:20:20.083) [Visual Studio Host (8016):VisualStudioIntellisenseService] No active completion sessions were found for editor 'TagHelpers.cshtml'.
    (01:20:20.272) [Visual Studio Host (8016):VisualStudioIntellisenseService] Invoking Completion member list at '(Ln: 6, Ch: 4)'.
    (01:20:20.460) [Visual Studio Host (8016):VisualStudioIntellisenseService] Getting the active completion at position '(Ln: 6, Ch: 4)'.
    (01:20:20.629) [Visual Studio Host (8016):VisualStudioCompletionListTestExtension] Found completion item with name 
    (01:20:20.780) [Visual Studio Host (8016):VisualStudioCompletionListTestExtension] Unable to find completion item with name 
    (01:20:20.964) [Visual Studio Host (8016):TextEditorDocumentWindowTestExtension] Showing window 'MyTagHelpers.cs'.
    (01:20:21.063) [Platform:Microsoft.Test.Apex.Services.ScreenshotService] Took a screenshot for category '' and saved as 'C:\TestBin\IntegrationTests\TestResults\2018_04_16_23_55_50\VSTest_SmartIndentInJSInRazorV4_Timedout.jpg'.
    (01:20:21.326) [Visual Studio Host (8016):TextEditorDocumentWindowTestExtension] Showing window 'MyTagHelpers.cs'.
    Error: (01:20:21.507) [Platform:Testcase] Test method Microsoft.VisualStudio.Web.Editors.IntegrationTests.Razor.TagHelpers.RazorTagHelperTests.VSTest_Razor_TagHelpers_Update_CS_File_And_Build threw exception. System.Runtime.Remoting.RemotingException: Failed to read from an IPC Port: The pipe has been ended.

   at Microsoft.VisualStudio.Web.Common.TestAdapter.ParameterizedTests.ReflectionUtilities.InvokeMethod(Object targetObject, MethodInfo method, Object[] methodArguments, String exceptionMessageFormat) in D:\dd\WTE\Main\test\Common\TestAdapter\ParameterizedTests\ReflectionUtilities.cs:line 190
   at Microsoft.VisualStudio.Web.Common.TestAdapter.ParameterizedTests.TestMethodInfo.Invoke(Object testObject, TestExecutionContext context) in D:\dd\WTE\Main\test\Common\TestAdapter\ParameterizedTests\TestMethodInfo.cs:line 64
    + ExternalProcessHostTest TestCleanup
        (01:20:24.460) [Platform:VenusHost] Compose Batch: 00:00:01.9530041
        (01:20:26.100) [Platform:VenusHost] Host Process is being started. Executable = 'C:\Program Files (x86)\Microsoft Visual Studio\Preview\Enterprise\Common7\IDE\devenv.exe'.
        (01:20:26.257) [Platform:VenusHost] Host Process is started. PID = 10528.
        (01:20:26.428) [Platform:VenusHost] Host process 'devenv' (id: 10528) is now idle/ready.
        (01:20:31.241) [Platform:Microsoft.Test.Apex.Hosts.Services.RemoteServiceInitializer] Using remote code injector service 'RemoteCodeInjectorService' for the operation 'ManagedAuto'.
        + Visual Studio Host Creation
            (01:20:41.063) [Platform:Testcase] Target Executable: 'C:\Program Files (x86)\Microsoft Visual Studio\Preview\Enterprise\Common7\IDE\devenv.exe'.
            (01:20:41.260) [Platform:Testcase] Process Id: '10528'.
            (01:20:41.397) [Platform:Testcase] UI Culture: 'English (United States)'.
            (01:20:41.569) [Platform:Testcase] Build Number: '15.0.27615'.
        (01:20:41.993) [Visual Studio Host (10528):MainWindowService] Setting main window state to 'Maximized'.
        (01:20:42.194) [Visual Studio Host (10528):MainWindowService] Activating main window to bring it to the foreground.
        Warning: (01:20:42.478) [Platform:Microsoft.Test.Apex.Services.ScreenshotService] Exception occured when copying screenshot file from 'C:\TestBin\IntegrationTests\Failure.jpg' to 'C:\TestBin\IntegrationTests\TestResults\2018_04_16_23_55_50\Failure.jpg'.
        Warning: (01:20:42.478) [Platform:Microsoft.Test.Apex.Services.ScreenshotService] System.IO.IOException: The file 'C:\TestBin\IntegrationTests\TestResults\2018_04_16_23_55_50\Failure.jpg' already exists.
   at System.IO.__Error.WinIOError(Int32 errorCode, String maybeFullPath)
   at System.IO.File.InternalCopy(String sourceFileName, String destFileName, Boolean overwrite, Boolean checkHost)
   at System.IO.File.Copy(String sourceFileName, String destFileName, Boolean overwrite)
   at Microsoft.Test.Apex.Services.ScreenshotService.TakeOne(String categoryName, String fileNamePrefix, String repositoryPath) in F:\dd\src\omni\Apex\Framework\Services\Screenshot\ScreenshotService.cs:line 176
        (01:20:42.800) [Platform:ProcessCaptureService] Capturing screenshots for PID 10528 (devenv)
        Result file 'VSTest_Razor_TagHelpers_Update_CS_File_And_Build-Failure-devenv.10528.png' added: file:///C:/TestBin/IntegrationTests/TestResults/2018_04_16_23_55_50/VSTest_Razor_TagHelpers_Update_CS_File_And_Build-Failure-devenv.10528.png
        Result file 'VSTest_Razor_TagHelpers_Update_CS_File_And_Build-Failure-devenv.10528-Dialog3D036C.png' added: file:///C:/TestBin/IntegrationTests/TestResults/2018_04_16_23_55_50/VSTest_Razor_TagHelpers_Update_CS_File_And_Build-Failure-devenv.10528-Dialog3D036C.png
        Result file 'VSTest_Razor_TagHelpers_Update_CS_File_And_Build-Failure-devenv.10528-Dialog33036E.png' added: file:///C:/TestBin/IntegrationTests/TestResults/2018_04_16_23_55_50/VSTest_Razor_TagHelpers_Update_CS_File_And_Build-Failure-devenv.10528-Dialog33036E.png
        (01:20:43.510) [Platform:ProcessCaptureService] Bounding rectangle of HWND 0x33024A is size (0, 0), which cannot be captured.
        (01:20:43.656) [Platform:ProcessCaptureService] Bounding rectangle of HWND 0x3B052A is size (0, 0), which cannot be captured.
    + Final Test Result Verification
        (01:20:44.103) [Platform:DelayedAssertionVerifierSink] Verification Success: 0 verification steps failed.
    + ApexTest TestCleanup</StdOut>
        <ErrorInfo>
          <Message>Test method Microsoft.VisualStudio.Web.Editors.IntegrationTests.Razor.TagHelpers.RazorTagHelperTests.VSTest_Razor_TagHelpers_Update_CS_File_And_Build threw exception. System.Runtime.Remoting.RemotingException: Failed to read from an IPC Port: The pipe has been ended.
</Message>
          <StackTrace>
Server stack trace: 
   at System.Runtime.Remoting.Channels.Ipc.IpcPort.Read(Byte[] data, Int32 offset, Int32 length)
   at System.Runtime.Remoting.Channels.Ipc.PipeStream.Read(Byte[] buffer, Int32 offset, Int32 size)
   at System.Runtime.Remoting.Channels.SocketHandler.ReadFromSocket(Byte[] buffer, Int32 offset, Int32 count)
   at System.Runtime.Remoting.Channels.SocketHandler.Read(Byte[] buffer, Int32 offset, Int32 count)
   at System.Runtime.Remoting.Channels.SocketHandler.ReadAndMatchFourBytes(Byte[] buffer)
   at System.Runtime.Remoting.Channels.Tcp.TcpSocketHandler.ReadAndMatchPreamble()
   at System.Runtime.Remoting.Channels.Tcp.TcpSocketHandler.ReadVersionAndOperation(UInt16&amp; operation)
   at System.Runtime.Remoting.Channels.Ipc.IpcClientHandler.ReadHeaders()
   at System.Runtime.Remoting.Channels.Ipc.IpcClientTransportSink.ProcessMessage(IMessage msg, ITransportHeaders requestHeaders, Stream requestStream, ITransportHeaders&amp; responseHeaders, Stream&amp; responseStream)
   at System.Runtime.Remoting.Channels.BinaryClientFormatterSink.SyncProcessMessage(IMessage msg)

Exception rethrown at [0]: 
   at System.Runtime.Remoting.Proxies.RealProxy.HandleReturnMessage(IMessage reqMsg, IMessage retMsg)
   at System.Runtime.Remoting.Proxies.RealProxy.PrivateInvoke(MessageData&amp; msgData, Int32 type)
   at Microsoft.Test.Apex.VisualStudio.Shell.TextEditorDocumentWindowTestExtension.get_Editor()
   at Microsoft.VisualStudio.Web.Editors.IntegrationTests.Razor.TagHelpers.RazorTagHelperTests.VSTest_Razor_TagHelpers_Update_CS_File_And_Build() in D:\dd\WTE\Main\test\Editors\IntegrationTests\Razor\TagHelpers\TagHelperTests.cs:line 560</StackTrace>
        </ErrorInfo>
      </Output>
      <ResultFiles>
        <ResultFile path="WNVM19648\Fail.aswak04hapa5.png" />
        <ResultFile path="WNVM19648\Fail.azqsczivabnm.png" />
        <ResultFile path="WNVM19648\Fail.byuslv5baqsd.png" />
        <ResultFile path="WNVM19648\Fail.ek4tb3wmalyl.png" />
        <ResultFile path="WNVM19648\Fail.ig2gsfz5ad1y.png" />
        <ResultFile path="WNVM19648\Fail.loc0xhl5a2hr.png" />
        <ResultFile path="WNVM19648\Fail.o4kkrjboasbk.png" />
        <ResultFile path="WNVM19648\Fail.o5zf0zepaw0l.png" />
        <ResultFile path="WNVM19648\Fail.raasvsmeanc1.png" />
        <ResultFile path="WNVM19648\Fail.t4yj0fxuatil.png" />
        <ResultFile path="WNVM19648\Fail.z10rn0n5ajdm.png" />
        <ResultFile path="WNVM19648\Failure.jpg" />
        <ResultFile path="WNVM19648\Failure[1].jpg" />
        <ResultFile path="WNVM19648\OmniLog.html" />
        <ResultFile path="WNVM19648\OmniLogRawXml.xml" />
        <ResultFile path="WNVM19648\VSTest_Html_Drag_Drop_JavascriptFile_Timedout.jpg" />
        <ResultFile path="WNVM19648\VSTest_Html_Drag_Drop_JavascriptFile_Timedout[1].jpg" />
        <ResultFile path="WNVM19648\VSTest_JSON_AutoStructureWithExistingComma_Timedout.jpg" />
        <ResultFile path="WNVM19648\VSTest_JSON_AutoStructureWithExistingComma_Timedout[1].jpg" />
        <ResultFile path="WNVM19648\VSTest_Parser_PTagTest_Timedout.jpg" />
        <ResultFile path="WNVM19648\VSTest_Parser_PTagTest_Timedout[1].jpg" />
        <ResultFile path="WNVM19648\VSTest_Razor_TagHelpers_Update_CS_File_And_Build-Failure-devenv.10528-Dialog33036E.png" />
        <ResultFile path="WNVM19648\VSTest_Razor_TagHelpers_Update_CS_File_And_Build-Failure-devenv.10528-Dialog3D036C.png" />
        <ResultFile path="WNVM19648\VSTest_Razor_TagHelpers_Update_CS_File_And_Build-Failure-devenv.10528.png" />
        <ResultFile path="WNVM19648\VSTest_SmartIndentInJSInRazorV4_Timedout.jpg" />
        <ResultFile path="WNVM19648\VSTest_SmartIndentInJSInRazorV4_Timedout[1].jpg" />
      </ResultFiles>
    </UnitTestResult>
    <UnitTestResult executionId="69b62221-b728-4ba8-9de3-0e90c4486d68" testId="b18d6413-d111-707d-9cca-29181376b93b" testName="VSTest_RazorV3PasteTextAtEndOfCshtml" computerName="WNVM19648" duration="00:00:09.4359062" startTime="2018-04-17T01:12:54.7147758-07:00" endTime="2018-04-17T01:13:04.1506820-07:00" testType="13cdc9d9-ddb5-4fa4-a97d-d965ccfc6d4b" outcome="Passed" testListId="8c84fa94-04c1-424b-9868-57a2d4851a1d" relativeResultsDirectory="69b62221-b728-4ba8-9de3-0e90c4486d68">
      <Output>
        <StdOut>+ CSharpGeneralTests::VSTest_RazorV3PasteTextAtEndOfCshtml
    + ApexTest TestInitialize
    + ExternalProcessHostTest TestInitialize
        (01:14:36.509) [Visual Studio Host (8016):RoamingSettingsService] Disabling roaming settings.
        (01:14:36.708) [Visual Studio Host (8016):SettingsService] Setting Visual Studio option 'Environment\RoamingSettings\RoamingEnabled' to 'False'.
        (01:14:37.204) [Visual Studio Host (8016):TextEditorDocumentWindowTestExtension] Showing window 'valid.cshtml' without activating the window.
        (01:14:37.378) [Visual Studio Host (8016):TextEditorDocumentWindowTestExtension] Showing window 'valid.cshtml'.
        (01:14:37.541) [Visual Studio Host (8016):VisualStudioTextEditorTestExtension] Setting keyboard focus to editor 'valid.cshtml'.
        (01:14:37.680) [Visual Studio Host (8016):MainWindowService] Activating main window to bring it to the foreground.
        (01:14:37.821) [Visual Studio Host (8016):MainWindowService] Setting main window state to 'Maximized'.
    (01:14:38.184) [Visual Studio Host (8016):ToolWindowTestExtension] Docking Window 'Error List ...'.
    (01:14:38.354) [Visual Studio Host (8016):ToolWindowTestExtension] Changing window 'Error List ...' state to 'Docked'.
    (01:14:38.508) [Visual Studio Host (8016):TextEditorDocumentWindowTestExtension] Showing window 'valid.cshtml' without activating the window.
    (01:14:38.670) [Visual Studio Host (8016):TextEditorDocumentWindowTestExtension] Showing window 'valid.cshtml'.
    (01:14:38.894) [Visual Studio Host (8016):VisualStudioCaretTestExtension] Moving the caret from (Ln: 1, Ch: 1) to the end of the file
    (01:14:39.059) [Visual Studio Host (8016):VisualStudioTextEditorTestExtension] Setting keyboard focus to editor 'valid.cshtml'.
    (01:14:39.615) [Visual Studio Host (8016):TextEditorDocumentWindowTestExtension] Showing window 'valid.cshtml' without activating the window.
    (01:14:39.777) [Visual Studio Host (8016):TextEditorDocumentWindowTestExtension] Showing window 'valid.cshtml'.
    (01:14:39.981) [Visual Studio Host (8016):ToolWindowTestExtension] Showing window 'Error List ...' without activating the window.
    (01:14:40.129) [Visual Studio Host (8016):ErrorListService] Showing error list error items.
    (01:14:40.282) [Visual Studio Host (8016):ToolWindowTestExtension] Showing window 'Error List ...' without activating the window.
    (01:14:40.442) [Visual Studio Host (8016):ErrorListService] Showing error list message items.
    (01:14:40.604) [Visual Studio Host (8016):ToolWindowTestExtension] Showing window 'Error List ...' without activating the window.
    (01:14:40.789) [Visual Studio Host (8016):ErrorListService] Showing error list warning items.
    (01:14:43.011) [Visual Studio Host (8016):TextEditorDocumentWindowTestExtension] Showing window 'valid.cshtml' without activating the window.
    (01:14:43.158) [Visual Studio Host (8016):TextEditorDocumentWindowTestExtension] Showing window 'valid.cshtml'.
    + ExternalProcessHostTest TestCleanup
        (01:14:43.565) [Visual Studio Host (8016):TextEditorDocumentWindowTestExtension] Closing window 'valid.cshtml'.
        (01:14:43.825) [Platform:Testcase] Test 'VSTest_RazorV3PasteTextAtEndOfCshtml' has 'Passed' outcome. Therefore, Apex will not shut down the 'Visual Studio Host (8016)' with process ID '8016'. A subsequent test scenario will run on the same instance of the host.
    + Final Test Result Verification
        (01:14:44.366) [Platform:DelayedAssertionVerifierSink] Verification Success: 0 verification steps failed.
    + ApexTest TestCleanup</StdOut>
      </Output>
      <ResultFiles>
        <ResultFile path="WNVM19648\Fail.azqsczivabnm.png" />
        <ResultFile path="WNVM19648\Fail.ig2gsfz5ad1y.png" />
        <ResultFile path="WNVM19648\Fail.o5zf0zepaw0l.png" />
        <ResultFile path="WNVM19648\Fail.raasvsmeanc1.png" />
        <ResultFile path="WNVM19648\Fail.t4yj0fxuatil.png" />
        <ResultFile path="WNVM19648\Fail.z10rn0n5ajdm.png" />
        <ResultFile path="WNVM19648\OmniLog.html" />
        <ResultFile path="WNVM19648\OmniLogRawXml.xml" />
      </ResultFiles>
    </UnitTestResult>
    <UnitTestResult executionId="8bd019a8-d428-4603-9ba9-73192e4064a9" testId="7e3f2cf1-2102-190b-ec6f-664a196ecb92" testName="VSTest_CssCompletion_CustomProperties_CaseSensitive" computerName="WNVM19648" duration="00:00:03.8241369" startTime="2018-04-17T00:29:28.8169678-07:00" endTime="2018-04-17T00:29:32.6411047-07:00" testType="13cdc9d9-ddb5-4fa4-a97d-d965ccfc6d4b" outcome="Passed" testListId="8c84fa94-04c1-424b-9868-57a2d4851a1d" relativeResultsDirectory="8bd019a8-d428-4603-9ba9-73192e4064a9">
      <Output>
        <StdOut>+ CssCompletionTests::VSTest_CssCompletion_CustomProperties_CaseSensitive
    + ApexTest TestInitialize
    + ExternalProcessHostTest TestInitialize
        (31:10.215) [Visual Studio Host (11564):RoamingSettingsService] Disabling roaming settings.
        (31:10.271) [Visual Studio Host (11564):SettingsService] Setting Visual Studio option 'Environment\RoamingSettings\RoamingEnabled' to 'False'.
        (31:10.547) [Visual Studio Host (11564):TextEditorDocumentWindowTestExtension] Showing window 'CustomProperties.css' without activating the window.
        (31:10.653) [Visual Studio Host (11564):TextEditorDocumentWindowTestExtension] Showing window 'CustomProperties.css'.
        (31:10.752) [Visual Studio Host (11564):VisualStudioTextEditorTestExtension] Setting keyboard focus to editor 'CustomProperties.css'.
        (31:10.813) [Visual Studio Host (11564):MainWindowService] Activating main window to bring it to the foreground.
        (31:10.924) [Visual Studio Host (11564):MainWindowService] Setting main window state to 'Maximized'.
    (31:11.090) [Visual Studio Host (11564):TextEditorDocumentWindowTestExtension] Showing window 'CustomProperties.css' without activating the window.
    (31:11.163) [Visual Studio Host (11564):TextEditorDocumentWindowTestExtension] Showing window 'CustomProperties.css'.
    (31:11.242) [Visual Studio Host (11564):VisualStudioCaretTestExtension] Moving the caret and selecting the range from (Ln: 3, Ch: 7) to (Ln: 3, Ch: 9) based on a regular expression.  Expression = "(fg)Color" [group index '1', match index '1', options 'Singleline, CultureInvariant']
    (31:11.323) [Visual Studio Host (11564):TextEditorDocumentWindowTestExtension] Showing window 'CustomProperties.css' without activating the window.
    (31:11.395) [Visual Studio Host (11564):TextEditorDocumentWindowTestExtension] Showing window 'CustomProperties.css'.
    (31:11.467) [Visual Studio Host (11564):VisualStudioTextEditingActions] Inserting text: 'BG' at the current caret position: '(Ln: 3, Ch: 9)'
    (31:11.566) [Visual Studio Host (11564):TextEditorDocumentWindowTestExtension] Showing window 'CustomProperties.css' without activating the window.
    (31:11.643) [Visual Studio Host (11564):TextEditorDocumentWindowTestExtension] Showing window 'CustomProperties.css'.
    (31:11.711) [Visual Studio Host (11564):VisualStudioCaretTestExtension] Moving the caret from (Ln: 3, Ch: 9) to the end of the line
    (31:11.764) [Visual Studio Host (11564):VisualStudioTextEditorTestExtension] Setting keyboard focus to editor 'CustomProperties.css'.
    (31:11.854) [Visual Studio Host (11564):TextEditorDocumentWindowTestExtension] Showing window 'CustomProperties.css' without activating the window.
    (31:11.935) [Visual Studio Host (11564):TextEditorDocumentWindowTestExtension] Showing window 'CustomProperties.css'.
    (31:12.028) [Visual Studio Host (11564):KeyboardCommands] Sending the Return key 1 times.
    (31:12.096) [Visual Studio Host (11564):TextEditorDocumentWindowTestExtension] Showing window 'CustomProperties.css' without activating the window.
    (31:12.159) [Visual Studio Host (11564):TextEditorDocumentWindowTestExtension] Showing window 'CustomProperties.css'.
    (31:12.281) [Visual Studio Host (11564):TextEditorDocumentWindowTestExtension] Showing window 'CustomProperties.css' without activating the window.
    (31:12.345) [Visual Studio Host (11564):TextEditorDocumentWindowTestExtension] Showing window 'CustomProperties.css'.
    (31:12.548) [Visual Studio Host (11564):VisualStudioIntellisenseService] Getting the active completion at position '(Ln: 4, Ch: 9)'.
    (31:12.636) [Visual Studio Host (11564):VisualStudioCompletionListTestExtension] Found completion item with name 
    (31:12.699) [Visual Studio Host (11564):VisualStudioCompletionListTestExtension] Found completion item with name 
    (31:12.762) [Visual Studio Host (11564):TextEditorDocumentWindowTestExtension] Showing window 'CustomProperties.css' without activating the window.
    (31:12.824) [Visual Studio Host (11564):TextEditorDocumentWindowTestExtension] Showing window 'CustomProperties.css'.
    (31:12.894) [Visual Studio Host (11564):VisualStudioIntellisenseService] Getting the active completion at position '(Ln: 4, Ch: 9)'.
    + ExternalProcessHostTest TestCleanup
        (31:13.036) [Visual Studio Host (11564):TextEditorDocumentWindowTestExtension] Closing window 'CustomProperties.css'.
        (31:13.246) [Platform:Testcase] Test 'VSTest_CssCompletion_CustomProperties_CaseSensitive' has 'Passed' outcome. Therefore, Apex will not shut down the 'Visual Studio Host (11564)' with process ID '11564'. A subsequent test scenario will run on the same instance of the host.
    + Final Test Result Verification
        (31:13.450) [Platform:DelayedAssertionVerifierSink] Verification Success: 0 verification steps failed.
    + ApexTest TestCleanup</StdOut>
      </Output>
      <ResultFiles>
        <ResultFile path="WNVM19648\Fail.azqsczivabnm.png" />
        <ResultFile path="WNVM19648\Fail.ig2gsfz5ad1y.png" />
        <ResultFile path="WNVM19648\Fail.o5zf0zepaw0l.png" />
        <ResultFile path="WNVM19648\OmniLog.html" />
        <ResultFile path="WNVM19648\OmniLogRawXml.xml" />
      </ResultFiles>
    </UnitTestResult>
    <UnitTestResult executionId="a215844b-9017-45c1-b1ca-9df042c89d26" testId="4d7aedd6-3d5d-e197-7f31-6e18dddba379" testName="VSTest_RazorV2SmokeTest" computerName="WNVM19648" startTime="2018-04-17T01:10:07.5432994-07:00" endTime="2018-04-17T01:10:07.5432994-07:00" testType="13cdc9d9-ddb5-4fa4-a97d-d965ccfc6d4b" outcome="NotExecuted" testListId="8c84fa94-04c1-424b-9868-57a2d4851a1d" relativeResultsDirectory="a215844b-9017-45c1-b1ca-9df042c89d26">
      <Output>
        <ErrorInfo>
          <Message>Assert.Inconclusive failed. Required component ID "Microsoft.VisualStudio.Web.Mvc4.ComponentGroup" (ASP.NET MVC 4) was not installed.  Please install this component and rerun the test.</Message>
        </ErrorInfo>
      </Output>
      <ResultFiles>
        <ResultFile path="WNVM19648\Fail.azqsczivabnm.png" />
        <ResultFile path="WNVM19648\Fail.ig2gsfz5ad1y.png" />
        <ResultFile path="WNVM19648\Fail.o5zf0zepaw0l.png" />
        <ResultFile path="WNVM19648\Fail.raasvsmeanc1.png" />
        <ResultFile path="WNVM19648\Fail.t4yj0fxuatil.png" />
        <ResultFile path="WNVM19648\Fail.z10rn0n5ajdm.png" />
        <ResultFile path="WNVM19648\OmniLog.html" />
        <ResultFile path="WNVM19648\OmniLogRawXml.xml" />
      </ResultFiles>
    </UnitTestResult>
    <UnitTestResult executionId="e804de77-a913-4b07-b88e-f1c97db74655" testId="796b2799-fcfb-d584-3091-e2996a93d558" testName="VSTest_RazorV2CsFormattingTest" computerName="WNVM19648" startTime="2018-04-17T01:03:55.3388758-07:00" endTime="2018-04-17T01:03:55.3388758-07:00" testType="13cdc9d9-ddb5-4fa4-a97d-d965ccfc6d4b" outcome="NotExecuted" testListId="8c84fa94-04c1-424b-9868-57a2d4851a1d" relativeResultsDirectory="e804de77-a913-4b07-b88e-f1c97db74655">
      <Output>
      </Output>
    </UnitTestResult>
    <UnitTestResult executionId="5cf2a551-8f7a-4bb4-9c5d-1e56d18f10d3" testId="cee5a8f8-e813-9cc9-dae7-ea164d9eb690" testName="VSTest_JSON_With_BlockIndent" computerName="WNVM19648" duration="00:00:07.9714773" startTime="2018-04-17T00:21:09.1070316-07:00" endTime="2018-04-17T00:21:17.0785089-07:00" testType="13cdc9d9-ddb5-4fa4-a97d-d965ccfc6d4b" outcome="Passed" testListId="8c84fa94-04c1-424b-9868-57a2d4851a1d" relativeResultsDirectory="5cf2a551-8f7a-4bb4-9c5d-1e56d18f10d3">
      <Output>
        <StdOut>+ BlockIndentTests::VSTest_JSON_With_BlockIndent
    + ApexTest TestInitialize
    + ExternalProcessHostTest TestInitialize
        (22:50.531) [Visual Studio Host (11564):RoamingSettingsService] Disabling roaming settings.
        (22:50.584) [Visual Studio Host (11564):SettingsService] Setting Visual Studio option 'Environment\RoamingSettings\RoamingEnabled' to 'False'.
        (22:51.926) [Visual Studio Host (11564):TextEditorDocumentWindowTestExtension] Showing window 'BlockIndent.json' without activating the window.
        (22:52.012) [Visual Studio Host (11564):TextEditorDocumentWindowTestExtension] Showing window 'BlockIndent.json'.
        (22:52.135) [Visual Studio Host (11564):VisualStudioTextEditorTestExtension] Setting keyboard focus to editor 'BlockIndent.json'.
        (22:52.254) [Visual Studio Host (11564):SettingsService] Getting value of Visual Studio Setting 'TextEditor\JSON\IndentSize'. 
        (22:52.313) [Visual Studio Host (11564):SettingsService] Setting Visual Studio option 'TextEditor\JSON\IndentSize' to '4'.
        (22:52.406) [Visual Studio Host (11564):SettingsService] Getting value of Visual Studio Setting 'TextEditor\JSON\TabSize'. 
        (22:52.507) [Visual Studio Host (11564):SettingsService] Setting Visual Studio option 'TextEditor\JSON\TabSize' to '4'.
        (22:52.626) [Visual Studio Host (11564):SettingsService] Getting value of Visual Studio Setting 'TextEditor\JSON\IndentStyle'. 
        (22:52.803) [Visual Studio Host (11564):SettingsService] Setting Visual Studio option 'TextEditor\JSON\IndentStyle' to '1'.
        (22:52.978) [Visual Studio Host (11564):MainWindowService] Activating main window to bring it to the foreground.
        (22:53.055) [Visual Studio Host (11564):MainWindowService] Setting main window state to 'Maximized'.
    (22:53.359) [Visual Studio Host (11564):TextEditorDocumentWindowTestExtension] Showing window 'BlockIndent.json' without activating the window.
    (22:53.479) [Visual Studio Host (11564):TextEditorDocumentWindowTestExtension] Showing window 'BlockIndent.json'.
    (22:53.624) [Visual Studio Host (11564):VisualStudioCaretTestExtension] Moving the caret from (Ln: 1, Ch: 1) to (Ln: 2, Ch: 1)
    (22:53.706) [Visual Studio Host (11564):TextEditorDocumentWindowTestExtension] Showing window 'BlockIndent.json' without activating the window.
    (22:53.763) [Visual Studio Host (11564):TextEditorDocumentWindowTestExtension] Showing window 'BlockIndent.json'.
    (22:53.859) [Visual Studio Host (11564):KeyboardCommands] Sending '1' tabs.
    (22:54.020) [Visual Studio Host (11564):TextEditorDocumentWindowTestExtension] Showing window 'BlockIndent.json' without activating the window.
    (22:54.114) [Visual Studio Host (11564):TextEditorDocumentWindowTestExtension] Showing window 'BlockIndent.json'.
    (22:54.821) [Visual Studio Host (11564):TextEditorDocumentWindowTestExtension] Showing window 'BlockIndent.json' without activating the window.
    (22:54.909) [Visual Studio Host (11564):TextEditorDocumentWindowTestExtension] Showing window 'BlockIndent.json'.
    (22:55.078) [Visual Studio Host (11564):TextEditorDocumentWindowTestExtension] Showing window 'BlockIndent.json' without activating the window.
    (22:55.132) [Visual Studio Host (11564):TextEditorDocumentWindowTestExtension] Showing window 'BlockIndent.json'.
    (22:55.194) [Visual Studio Host (11564):KeyboardCommands] Sending the Return key 1 times.
    (22:55.268) [Visual Studio Host (11564):TextEditorDocumentWindowTestExtension] Showing window 'BlockIndent.json' without activating the window.
    (22:55.325) [Visual Studio Host (11564):TextEditorDocumentWindowTestExtension] Showing window 'BlockIndent.json'.
    (22:55.595) [Visual Studio Host (11564):TextEditorDocumentWindowTestExtension] Showing window 'BlockIndent.json' without activating the window.
    (22:55.665) [Visual Studio Host (11564):TextEditorDocumentWindowTestExtension] Showing window 'BlockIndent.json'.
    (22:55.738) [Visual Studio Host (11564):TextEditorDocumentWindowTestExtension] Showing window 'BlockIndent.json' without activating the window.
    (22:55.805) [Visual Studio Host (11564):TextEditorDocumentWindowTestExtension] Showing window 'BlockIndent.json'.
    (22:55.881) [Visual Studio Host (11564):KeyboardCommands] Sending the Return key 1 times.
    (22:55.975) [Visual Studio Host (11564):TextEditorDocumentWindowTestExtension] Showing window 'BlockIndent.json' without activating the window.
    (22:56.050) [Visual Studio Host (11564):TextEditorDocumentWindowTestExtension] Showing window 'BlockIndent.json'.
    (22:56.272) [Visual Studio Host (11564):TextEditorDocumentWindowTestExtension] Showing window 'BlockIndent.json' without activating the window.
    (22:56.326) [Visual Studio Host (11564):TextEditorDocumentWindowTestExtension] Showing window 'BlockIndent.json'.
    (22:56.472) [Visual Studio Host (11564):TextEditorDocumentWindowTestExtension] Showing window 'BlockIndent.json' without activating the window.
    (22:56.535) [Visual Studio Host (11564):TextEditorDocumentWindowTestExtension] Showing window 'BlockIndent.json'.
    (22:56.597) [Visual Studio Host (11564):KeyboardCommands] Sending the Return key 1 times.
    (22:56.662) [Visual Studio Host (11564):TextEditorDocumentWindowTestExtension] Showing window 'BlockIndent.json' without activating the window.
    (22:56.716) [Visual Studio Host (11564):TextEditorDocumentWindowTestExtension] Showing window 'BlockIndent.json'.
    (22:56.894) [Visual Studio Host (11564):TextEditorDocumentWindowTestExtension] Showing window 'BlockIndent.json' without activating the window.
    (22:56.953) [Visual Studio Host (11564):TextEditorDocumentWindowTestExtension] Showing window 'BlockIndent.json'.
    (22:57.081) [Visual Studio Host (11564):TextEditorDocumentWindowTestExtension] Showing window 'BlockIndent.json' without activating the window.
    (22:57.134) [Visual Studio Host (11564):TextEditorDocumentWindowTestExtension] Showing window 'BlockIndent.json'.
    + ExternalProcessHostTest TestCleanup
        (22:57.266) [Visual Studio Host (11564):SettingsService] Setting Visual Studio option 'TextEditor\JSON\IndentSize' to '2'.
        (22:57.335) [Visual Studio Host (11564):SettingsService] Setting Visual Studio option 'TextEditor\JSON\TabSize' to '2'.
        (22:57.452) [Visual Studio Host (11564):SettingsService] Setting Visual Studio option 'TextEditor\JSON\IndentStyle' to '2'.
        (22:57.543) [Visual Studio Host (11564):TextEditorDocumentWindowTestExtension] Closing window 'BlockIndent.json'.
        (22:57.729) [Platform:Testcase] Test 'VSTest_JSON_With_BlockIndent' has 'Passed' outcome. Therefore, Apex will not shut down the 'Visual Studio Host (11564)' with process ID '11564'. A subsequent test scenario will run on the same instance of the host.
    + Final Test Result Verification
        (22:57.899) [Platform:DelayedAssertionVerifierSink] Verification Success: 0 verification steps failed.
    + ApexTest TestCleanup</StdOut>
      </Output>
      <ResultFiles>
        <ResultFile path="WNVM19648\Fail.azqsczivabnm.png" />
        <ResultFile path="WNVM19648\Fail.ig2gsfz5ad1y.png" />
        <ResultFile path="WNVM19648\Fail.o5zf0zepaw0l.png" />
        <ResultFile path="WNVM19648\OmniLog.html" />
        <ResultFile path="WNVM19648\OmniLogRawXml.xml" />
      </ResultFiles>
    </UnitTestResult>
    <UnitTestResult executionId="f58628b8-1fa8-4611-a04a-c19a9faf11ec" testId="d98252d4-bff3-a6b7-b45e-499749981356" testName="VSTest_CSSTyping_TypeThrough" computerName="WNVM19648" duration="00:00:09.7721248" startTime="2018-04-17T00:26:05.3162554-07:00" endTime="2018-04-17T00:26:15.0883802-07:00" testType="13cdc9d9-ddb5-4fa4-a97d-d965ccfc6d4b" outcome="Passed" testListId="8c84fa94-04c1-424b-9868-57a2d4851a1d" relativeResultsDirectory="f58628b8-1fa8-4611-a04a-c19a9faf11ec">
      <Output>
        <StdOut>+ CssTypingTests::VSTest_CSSTyping_TypeThrough
    + ApexTest TestInitialize
    + ExternalProcessHostTest TestInitialize
        (27:48.460) [Visual Studio Host (11564):RoamingSettingsService] Disabling roaming settings.
        (27:48.895) [Visual Studio Host (11564):SettingsService] Setting Visual Studio option 'Environment\RoamingSettings\RoamingEnabled' to 'False'.
        (27:49.409) [Visual Studio Host (11564):TextEditorDocumentWindowTestExtension] Showing window 'TypeThrough.css' without activating the window.
        (27:49.781) [Visual Studio Host (11564):TextEditorDocumentWindowTestExtension] Showing window 'TypeThrough.css'.
        (27:49.835) [Visual Studio Host (11564):VisualStudioTextEditorTestExtension] Setting keyboard focus to editor 'TypeThrough.css'.
        (27:49.930) [Visual Studio Host (11564):MainWindowService] Activating main window to bring it to the foreground.
        (27:49.984) [Visual Studio Host (11564):MainWindowService] Setting main window state to 'Maximized'.
    (27:50.082) [Visual Studio Host (11564):TextEditorDocumentWindowTestExtension] Showing window 'TypeThrough.css' without activating the window.
    (27:50.133) [Visual Studio Host (11564):TextEditorDocumentWindowTestExtension] Showing window 'TypeThrough.css'.
    (27:50.187) [Visual Studio Host (11564):VisualStudioCaretTestExtension] Moving the caret to '' at (Ln: 4, Ch: 21) based on a regular expression.  Expression = "3: url()" [group index '1', match index '1', options 'Singleline, CultureInvariant']
    (27:50.255) [Visual Studio Host (11564):TextEditorDocumentWindowTestExtension] Showing window 'TypeThrough.css' without activating the window.
    (27:50.342) [Visual Studio Host (11564):TextEditorDocumentWindowTestExtension] Showing window 'TypeThrough.css'.
    (27:50.417) [Visual Studio Host (11564):VisualStudioCaretTestExtension] Moving the caret from (Ln: 4, Ch: 21) right '1' characters
    (27:50.474) [Visual Studio Host (11564):VisualStudioTextEditorTestExtension] Setting keyboard focus to editor 'TypeThrough.css'.
    (27:50.571) [Visual Studio Host (11564):TextEditorDocumentWindowTestExtension] Showing window 'TypeThrough.css' without activating the window.
    (27:50.640) [Visual Studio Host (11564):TextEditorDocumentWindowTestExtension] Showing window 'TypeThrough.css'.
    (27:50.746) [Visual Studio Host (11564):TextEditorDocumentWindowTestExtension] Showing window 'TypeThrough.css' without activating the window.
    (27:50.936) [Visual Studio Host (11564):TextEditorDocumentWindowTestExtension] Showing window 'TypeThrough.css'.
    (27:51.081) [Visual Studio Host (11564):VisualStudioCaretTestExtension] Moving the caret to '' at (Ln: 5, Ch: 21) based on a regular expression.  Expression = "4: url()" [group index '1', match index '1', options 'Singleline, CultureInvariant']
    (27:51.163) [Visual Studio Host (11564):TextEditorDocumentWindowTestExtension] Showing window 'TypeThrough.css' without activating the window.
    (27:51.217) [Visual Studio Host (11564):TextEditorDocumentWindowTestExtension] Showing window 'TypeThrough.css'.
    (27:51.271) [Visual Studio Host (11564):VisualStudioCaretTestExtension] Moving the caret from (Ln: 5, Ch: 21) right '1' characters
    (27:51.317) [Visual Studio Host (11564):VisualStudioTextEditorTestExtension] Setting keyboard focus to editor 'TypeThrough.css'.
    (27:51.367) [Visual Studio Host (11564):TextEditorDocumentWindowTestExtension] Showing window 'TypeThrough.css' without activating the window.
    (27:51.437) [Visual Studio Host (11564):TextEditorDocumentWindowTestExtension] Showing window 'TypeThrough.css'.
    (27:51.530) [Visual Studio Host (11564):TextEditorDocumentWindowTestExtension] Showing window 'TypeThrough.css' without activating the window.
    (27:51.642) [Visual Studio Host (11564):TextEditorDocumentWindowTestExtension] Showing window 'TypeThrough.css'.
    (27:51.723) [Visual Studio Host (11564):VisualStudioCaretTestExtension] Moving the caret to '' at (Ln: 6, Ch: 21) based on a regular expression.  Expression = "5: url()" [group index '1', match index '1', options 'Singleline, CultureInvariant']
    (27:51.906) [Visual Studio Host (11564):TextEditorDocumentWindowTestExtension] Showing window 'TypeThrough.css' without activating the window.
    (27:51.993) [Visual Studio Host (11564):TextEditorDocumentWindowTestExtension] Showing window 'TypeThrough.css'.
    (27:52.086) [Visual Studio Host (11564):VisualStudioCaretTestExtension] Moving the caret from (Ln: 6, Ch: 21) right '1' characters
    (27:52.149) [Visual Studio Host (11564):VisualStudioTextEditorTestExtension] Setting keyboard focus to editor 'TypeThrough.css'.
    (27:52.228) [Visual Studio Host (11564):TextEditorDocumentWindowTestExtension] Showing window 'TypeThrough.css' without activating the window.
    (27:52.298) [Visual Studio Host (11564):TextEditorDocumentWindowTestExtension] Showing window 'TypeThrough.css'.
    (27:52.424) [Visual Studio Host (11564):TextEditorDocumentWindowTestExtension] Showing window 'TypeThrough.css' without activating the window.
    (27:52.527) [Visual Studio Host (11564):TextEditorDocumentWindowTestExtension] Showing window 'TypeThrough.css'.
    (27:52.662) [Visual Studio Host (11564):VisualStudioCaretTestExtension] Moving the caret to '' at (Ln: 7, Ch: 18) based on a regular expression.  Expression = "6: ()" [group index '1', match index '1', options 'Singleline, CultureInvariant']
    (27:52.761) [Visual Studio Host (11564):TextEditorDocumentWindowTestExtension] Showing window 'TypeThrough.css' without activating the window.
    (27:52.830) [Visual Studio Host (11564):TextEditorDocumentWindowTestExtension] Showing window 'TypeThrough.css'.
    (27:52.948) [Visual Studio Host (11564):TextEditorDocumentWindowTestExtension] Showing window 'TypeThrough.css' without activating the window.
    (27:53.024) [Visual Studio Host (11564):TextEditorDocumentWindowTestExtension] Showing window 'TypeThrough.css'.
    (27:53.190) [Visual Studio Host (11564):VisualStudioCaretTestExtension] Moving the caret from (Ln: 7, Ch: 26) right '1' characters
    (27:53.250) [Visual Studio Host (11564):VisualStudioTextEditorTestExtension] Setting keyboard focus to editor 'TypeThrough.css'.
    (27:53.336) [Visual Studio Host (11564):TextEditorDocumentWindowTestExtension] Showing window 'TypeThrough.css' without activating the window.
    (27:53.427) [Visual Studio Host (11564):TextEditorDocumentWindowTestExtension] Showing window 'TypeThrough.css'.
    (27:53.593) [Visual Studio Host (11564):TextEditorDocumentWindowTestExtension] Showing window 'TypeThrough.css' without activating the window.
    (27:53.706) [Visual Studio Host (11564):TextEditorDocumentWindowTestExtension] Showing window 'TypeThrough.css'.
    (27:53.912) [Visual Studio Host (11564):VisualStudioCaretTestExtension] Moving the caret to '' at (Ln: 9, Ch: 21) based on a regular expression.  Expression = "8: url()" [group index '1', match index '1', options 'Singleline, CultureInvariant']
    (27:54.023) [Visual Studio Host (11564):TextEditorDocumentWindowTestExtension] Showing window 'TypeThrough.css' without activating the window.
    (27:54.118) [Visual Studio Host (11564):TextEditorDocumentWindowTestExtension] Showing window 'TypeThrough.css'.
    (27:54.257) [Visual Studio Host (11564):VisualStudioCaretTestExtension] Moving the caret from (Ln: 9, Ch: 21) right '1' characters
    (27:54.345) [Visual Studio Host (11564):VisualStudioTextEditorTestExtension] Setting keyboard focus to editor 'TypeThrough.css'.
    (27:54.467) [Visual Studio Host (11564):TextEditorDocumentWindowTestExtension] Showing window 'TypeThrough.css' without activating the window.
    (27:54.542) [Visual Studio Host (11564):TextEditorDocumentWindowTestExtension] Showing window 'TypeThrough.css'.
    (27:54.660) [Visual Studio Host (11564):TextEditorDocumentWindowTestExtension] Showing window 'TypeThrough.css' without activating the window.
    (27:54.741) [Visual Studio Host (11564):TextEditorDocumentWindowTestExtension] Showing window 'TypeThrough.css'.
    (27:54.875) [Visual Studio Host (11564):VisualStudioCaretTestExtension] Moving the caret to '' at (Ln: 10, Ch: 21) based on a regular expression.  Expression = "9: url()" [group index '1', match index '1', options 'Singleline, CultureInvariant']
    (27:54.969) [Visual Studio Host (11564):TextEditorDocumentWindowTestExtension] Showing window 'TypeThrough.css' without activating the window.
    (27:55.023) [Visual Studio Host (11564):TextEditorDocumentWindowTestExtension] Showing window 'TypeThrough.css'.
    (27:55.089) [Visual Studio Host (11564):VisualStudioCaretTestExtension] Moving the caret from (Ln: 10, Ch: 21) right '1' characters
    (27:55.136) [Visual Studio Host (11564):VisualStudioTextEditorTestExtension] Setting keyboard focus to editor 'TypeThrough.css'.
    (27:55.189) [Visual Studio Host (11564):TextEditorDocumentWindowTestExtension] Showing window 'TypeThrough.css' without activating the window.
    (27:55.240) [Visual Studio Host (11564):TextEditorDocumentWindowTestExtension] Showing window 'TypeThrough.css'.
    (27:55.347) [Visual Studio Host (11564):TextEditorDocumentWindowTestExtension] Showing window 'TypeThrough.css' without activating the window.
    (27:55.439) [Visual Studio Host (11564):TextEditorDocumentWindowTestExtension] Showing window 'TypeThrough.css'.
    + ExternalProcessHostTest TestCleanup
        (27:55.608) [Visual Studio Host (11564):TextEditorDocumentWindowTestExtension] Closing window 'TypeThrough.css'.
        (27:55.770) [Platform:Testcase] Test 'VSTest_CSSTyping_TypeThrough' has 'Passed' outcome. Therefore, Apex will not shut down the 'Visual Studio Host (11564)' with process ID '11564'. A subsequent test scenario will run on the same instance of the host.
    + Final Test Result Verification
        (27:55.952) [Platform:DelayedAssertionVerifierSink] Verification Success: 0 verification steps failed.
    + ApexTest TestCleanup</StdOut>
      </Output>
      <ResultFiles>
        <ResultFile path="WNVM19648\Fail.azqsczivabnm.png" />
        <ResultFile path="WNVM19648\Fail.ig2gsfz5ad1y.png" />
        <ResultFile path="WNVM19648\Fail.o5zf0zepaw0l.png" />
        <ResultFile path="WNVM19648\OmniLog.html" />
        <ResultFile path="WNVM19648\OmniLogRawXml.xml" />
      </ResultFiles>
    </UnitTestResult>
    <UnitTestResult executionId="e5f3e3de-7afa-49e8-aadf-7da281088bc9" testId="91eeed41-8d3f-ea06-23a5-6a6c4754335e" testName="VSTest_SCSS_Colorization" computerName="WNVM19648" duration="00:00:04.0440003" startTime="2018-04-17T01:22:24.1116859-07:00" endTime="2018-04-17T01:22:28.1556862-07:00" testType="13cdc9d9-ddb5-4fa4-a97d-d965ccfc6d4b" outcome="Passed" testListId="8c84fa94-04c1-424b-9868-57a2d4851a1d" relativeResultsDirectory="e5f3e3de-7afa-49e8-aadf-7da281088bc9">
      <Output>
        <StdOut>+ ScssColorizationTests::VSTest_SCSS_Colorization
    + ApexTest TestInitialize
    + ExternalProcessHostTest TestInitialize
        (01:24:05.922) [Visual Studio Host (10528):RoamingSettingsService] Disabling roaming settings.
        (01:24:06.076) [Visual Studio Host (10528):SettingsService] Setting Visual Studio option 'Environment\RoamingSettings\RoamingEnabled' to 'False'.
        (01:24:06.514) [Visual Studio Host (10528):TextEditorDocumentWindowTestExtension] Showing window 'Colorization.scss' without activating the window.
        (01:24:06.679) [Visual Studio Host (10528):TextEditorDocumentWindowTestExtension] Showing window 'Colorization.scss'.
        (01:24:06.840) [Visual Studio Host (10528):VisualStudioTextEditorTestExtension] Setting keyboard focus to editor 'Colorization.scss'.
        (01:24:07.004) [Visual Studio Host (10528):MainWindowService] Activating main window to bring it to the foreground.
        (01:24:07.154) [Visual Studio Host (10528):MainWindowService] Setting main window state to 'Maximized'.
    + ExternalProcessHostTest TestCleanup
        (01:24:07.764) [Visual Studio Host (10528):TextEditorDocumentWindowTestExtension] Closing window 'Colorization.scss'.
        (01:24:08.014) [Platform:Testcase] Test 'VSTest_SCSS_Colorization' has 'Passed' outcome. Therefore, Apex will not shut down the 'Visual Studio Host (10528)' with process ID '10528'. A subsequent test scenario will run on the same instance of the host.
    + Final Test Result Verification
        (01:24:08.493) [Platform:DelayedAssertionVerifierSink] Verification Success: 0 verification steps failed.
    + ApexTest TestCleanup</StdOut>
      </Output>
      <ResultFiles>
        <ResultFile path="WNVM19648\Fail.aswak04hapa5.png" />
        <ResultFile path="WNVM19648\Fail.azqsczivabnm.png" />
        <ResultFile path="WNVM19648\Fail.byuslv5baqsd.png" />
        <ResultFile path="WNVM19648\Fail.ek4tb3wmalyl.png" />
        <ResultFile path="WNVM19648\Fail.ig2gsfz5ad1y.png" />
        <ResultFile path="WNVM19648\Fail.kxs1ersmaxma.png" />
        <ResultFile path="WNVM19648\Fail.loc0xhl5a2hr.png" />
        <ResultFile path="WNVM19648\Fail.o4kkrjboasbk.png" />
        <ResultFile path="WNVM19648\Fail.o5zf0zepaw0l.png" />
        <ResultFile path="WNVM19648\Fail.raasvsmeanc1.png" />
        <ResultFile path="WNVM19648\Fail.sidku4gxamg4.png" />
        <ResultFile path="WNVM19648\Fail.t4yj0fxuatil.png" />
        <ResultFile path="WNVM19648\Fail.z10rn0n5ajdm.png" />
        <ResultFile path="WNVM19648\OmniLog.html" />
        <ResultFile path="WNVM19648\OmniLogRawXml.xml" />
      </ResultFiles>
    </UnitTestResult>
    <UnitTestResult executionId="8c5fa33b-b4dd-44c4-a97a-baf4499eaa43" testId="84badc73-824e-554c-88fc-2b77bb3d6279" testName="VSTest_CSS_PasteProjectFiles" computerName="WNVM19648" duration="00:00:06.8555038" startTime="2018-04-17T00:28:21.0247746-07:00" endTime="2018-04-17T00:28:27.8802784-07:00" testType="13cdc9d9-ddb5-4fa4-a97d-d965ccfc6d4b" outcome="Passed" testListId="8c84fa94-04c1-424b-9868-57a2d4851a1d" relativeResultsDirectory="8c5fa33b-b4dd-44c4-a97a-baf4499eaa43">
      <Output>
        <StdOut>+ CssPasteTests::VSTest_CSS_PasteProjectFiles
    + ApexTest TestInitialize
    + ExternalProcessHostTest TestInitialize
        (30:02.489) [Visual Studio Host (11564):RoamingSettingsService] Disabling roaming settings.
        (30:02.565) [Visual Studio Host (11564):SettingsService] Setting Visual Studio option 'Environment\RoamingSettings\RoamingEnabled' to 'False'.
        (30:02.900) [Visual Studio Host (11564):TextEditorDocumentWindowTestExtension] Showing window 'empty.css' without activating the window.
        (30:03.017) [Visual Studio Host (11564):TextEditorDocumentWindowTestExtension] Showing window 'empty.css'.
        (30:03.113) [Visual Studio Host (11564):VisualStudioTextEditorTestExtension] Setting keyboard focus to editor 'empty.css'.
        (30:03.175) [Visual Studio Host (11564):MainWindowService] Activating main window to bring it to the foreground.
        (30:03.240) [Visual Studio Host (11564):MainWindowService] Setting main window state to 'Maximized'.
    (30:03.746) [Visual Studio Host (11564):ToolWindowTestExtension] Showing window 'Solution Explorer' without activating the window.
    (30:03.796) [Visual Studio Host (11564):ToolWindowTestExtension] Showing window 'Solution Explorer'.
    (30:03.880) [Visual Studio Host (11564):ToolWindowTestExtension] Showing window 'Solution Explorer'.
    (30:04.031) [Visual Studio Host (11564):ToolWindowTestExtension] Showing window 'Solution Explorer'.
    (30:04.092) [Visual Studio Host (11564):SolutionExplorerService] Selecting item 'circles.png' in tool window 'Solution Explorer'
    (30:04.698) [Visual Studio Host (11564):TextEditorDocumentWindowTestExtension] Showing window 'empty.css' without activating the window.
    (30:04.813) [Visual Studio Host (11564):TextEditorDocumentWindowTestExtension] Showing window 'empty.css'.
    (30:05.071) [Visual Studio Host (11564):TextEditorDocumentWindowTestExtension] Showing window 'empty.css' without activating the window.
    (30:05.138) [Visual Studio Host (11564):TextEditorDocumentWindowTestExtension] Showing window 'empty.css'.
    (30:05.236) [Visual Studio Host (11564):KeyboardCommands] Sending the Return key 1 times.
    (30:05.380) [Visual Studio Host (11564):TextEditorDocumentWindowTestExtension] Showing window 'empty.css' without activating the window.
    (30:05.473) [Visual Studio Host (11564):TextEditorDocumentWindowTestExtension] Showing window 'empty.css'.
    (30:05.569) [Visual Studio Host (11564):VisualStudioCaretTestExtension] Moving the caret from (Ln: 2, Ch: 50) to the end of the file
    (30:05.632) [Visual Studio Host (11564):VisualStudioTextEditorTestExtension] Setting keyboard focus to editor 'empty.css'.
    (30:05.755) [Visual Studio Host (11564):ToolWindowTestExtension] Showing window 'Solution Explorer'.
    (30:05.876) [Visual Studio Host (11564):SolutionExplorerService] Selecting item 'font2.ttf' in tool window 'Solution Explorer'
    (30:06.021) [Visual Studio Host (11564):TextEditorDocumentWindowTestExtension] Showing window 'empty.css' without activating the window.
    (30:06.144) [Visual Studio Host (11564):TextEditorDocumentWindowTestExtension] Showing window 'empty.css'.
    (30:06.770) [Visual Studio Host (11564):KeyboardCommands] Sending the Return key 1 times.
    (30:06.872) [Visual Studio Host (11564):ToolWindowTestExtension] Showing window 'Solution Explorer'.
    (30:06.987) [Visual Studio Host (11564):SolutionExplorerService] Selecting item 'import2.css' in tool window 'Solution Explorer'
    (30:07.143) [Visual Studio Host (11564):TextEditorDocumentWindowTestExtension] Showing window 'empty.css' without activating the window.
    (30:07.233) [Visual Studio Host (11564):TextEditorDocumentWindowTestExtension] Showing window 'empty.css'.
    (30:07.563) [Visual Studio Host (11564):KeyboardCommands] Sending the Return key 2 times.
    (30:07.695) [Visual Studio Host (11564):TextEditorDocumentWindowTestExtension] Showing window 'empty.css' without activating the window.
    (30:07.794) [Visual Studio Host (11564):TextEditorDocumentWindowTestExtension] Showing window 'empty.css'.
    (30:07.903) [Visual Studio Host (11564):KeyboardCommands] Sending the Return key 1 times.
    (30:07.996) [Visual Studio Host (11564):TextEditorDocumentWindowTestExtension] Showing window 'empty.css' without activating the window.
    (30:08.064) [Visual Studio Host (11564):TextEditorDocumentWindowTestExtension] Showing window 'empty.css'.
    + ExternalProcessHostTest TestCleanup
        (30:08.210) [Visual Studio Host (11564):TextEditorDocumentWindowTestExtension] Closing window 'empty.css'.
        (30:08.407) [Platform:Testcase] Test 'VSTest_CSS_PasteProjectFiles' has 'Passed' outcome. Therefore, Apex will not shut down the 'Visual Studio Host (11564)' with process ID '11564'. A subsequent test scenario will run on the same instance of the host.
    + Final Test Result Verification
        (30:08.645) [Platform:DelayedAssertionVerifierSink] Verification Success: 0 verification steps failed.
    + ApexTest TestCleanup</StdOut>
      </Output>
      <ResultFiles>
        <ResultFile path="WNVM19648\Fail.azqsczivabnm.png" />
        <ResultFile path="WNVM19648\Fail.ig2gsfz5ad1y.png" />
        <ResultFile path="WNVM19648\Fail.o5zf0zepaw0l.png" />
        <ResultFile path="WNVM19648\OmniLog.html" />
        <ResultFile path="WNVM19648\OmniLogRawXml.xml" />
      </ResultFiles>
    </UnitTestResult>
    <UnitTestResult executionId="f827148e-4cc6-45c8-88ef-05a529aa59d3" testId="9c3e67c9-6b1a-da8f-4e33-2e8fc06d0f0d" testName="VSTest_ScssTyping_VariableIntellisense" computerName="WNVM19648" duration="00:00:14.0982077" startTime="2018-04-17T01:22:03.8504706-07:00" endTime="2018-04-17T01:22:17.9486783-07:00" testType="13cdc9d9-ddb5-4fa4-a97d-d965ccfc6d4b" outcome="Passed" testListId="8c84fa94-04c1-424b-9868-57a2d4851a1d" relativeResultsDirectory="f827148e-4cc6-45c8-88ef-05a529aa59d3">
      <Output>
        <StdOut>+ ScssCompletionTests::VSTest_ScssTyping_VariableIntellisense
    + ApexTest TestInitialize
    + ExternalProcessHostTest TestInitialize
        (01:23:45.876) [Visual Studio Host (10528):RoamingSettingsService] Disabling roaming settings.
        (01:23:46.042) [Visual Studio Host (10528):SettingsService] Setting Visual Studio option 'Environment\RoamingSettings\RoamingEnabled' to 'False'.
        (01:23:46.436) [Visual Studio Host (10528):TextEditorDocumentWindowTestExtension] Showing window 'test.scss' without activating the window.
        (01:23:46.647) [Visual Studio Host (10528):TextEditorDocumentWindowTestExtension] Showing window 'test.scss'.
        (01:23:46.844) [Visual Studio Host (10528):VisualStudioTextEditorTestExtension] Setting keyboard focus to editor 'test.scss'.
        (01:23:47.046) [Visual Studio Host (10528):MainWindowService] Activating main window to bring it to the foreground.
        (01:23:47.239) [Visual Studio Host (10528):MainWindowService] Setting main window state to 'Maximized'.
    (01:23:47.586) [Visual Studio Host (10528):TextEditorDocumentWindowTestExtension] Showing window 'test.scss' without activating the window.
    (01:23:47.783) [Visual Studio Host (10528):TextEditorDocumentWindowTestExtension] Showing window 'test.scss'.
    (01:23:47.987) [Visual Studio Host (10528):VisualStudioCaretTestExtension] Moving the caret from (Ln: 1, Ch: 1) to line '14'
    (01:23:48.178) [Visual Studio Host (10528):VisualStudioTextEditorTestExtension] Setting keyboard focus to editor 'test.scss'.
    (01:23:48.380) [Visual Studio Host (10528):TextEditorDocumentWindowTestExtension] Showing window 'test.scss' without activating the window.
    (01:23:48.554) [Visual Studio Host (10528):TextEditorDocumentWindowTestExtension] Showing window 'test.scss'.
    (01:23:48.859) [Visual Studio Host (10528):TextEditorDocumentWindowTestExtension] Showing window 'test.scss' without activating the window.
    (01:23:49.046) [Visual Studio Host (10528):TextEditorDocumentWindowTestExtension] Showing window 'test.scss'.
    (01:23:49.239) [Visual Studio Host (10528):KeyboardCommands] Sending the Return key 1 times.
    (01:23:49.445) [Visual Studio Host (10528):TextEditorDocumentWindowTestExtension] Showing window 'test.scss' without activating the window.
    (01:23:49.638) [Visual Studio Host (10528):TextEditorDocumentWindowTestExtension] Showing window 'test.scss'.
    (01:23:49.934) [Visual Studio Host (10528):TextEditorDocumentWindowTestExtension] Showing window 'test.scss' without activating the window.
    (01:23:50.159) [Visual Studio Host (10528):TextEditorDocumentWindowTestExtension] Showing window 'test.scss'.
    (01:23:50.345) [Visual Studio Host (10528):VisualStudioIntellisenseService] Getting the active completion at position '(Ln: 15, Ch: 8)'.
    VerificationPass: (01:23:50.541) [Visual Studio Host (10528):VisualStudioIntellisenseVerifier] Verification passed: Completion list is present within a timeout of 00:00:10.
    (01:23:50.729) [Visual Studio Host (10528):TextEditorDocumentWindowTestExtension] Showing window 'test.scss' without activating the window.
    (01:23:50.902) [Visual Studio Host (10528):TextEditorDocumentWindowTestExtension] Showing window 'test.scss'.
    (01:23:51.130) [Visual Studio Host (10528):KeyboardCommands] Sending '1' tabs.
    (01:23:51.376) [Visual Studio Host (10528):TextEditorDocumentWindowTestExtension] Showing window 'test.scss' without activating the window.
    (01:23:51.526) [Visual Studio Host (10528):TextEditorDocumentWindowTestExtension] Showing window 'test.scss'.
    (01:23:51.764) [Visual Studio Host (10528):TextEditorDocumentWindowTestExtension] Showing window 'test.scss' without activating the window.
    (01:23:51.937) [Visual Studio Host (10528):TextEditorDocumentWindowTestExtension] Showing window 'test.scss'.
    (01:23:52.114) [Visual Studio Host (10528):VisualStudioIntellisenseService] Getting the active completion at position '(Ln: 15, Ch: 18)'.
    VerificationPass: (01:23:52.281) [Visual Studio Host (10528):VisualStudioIntellisenseVerifier] Verification passed: Completion list is present within a timeout of 00:00:10.
    (01:23:52.484) [Visual Studio Host (10528):TextEditorDocumentWindowTestExtension] Showing window 'test.scss' without activating the window.
    (01:23:52.650) [Visual Studio Host (10528):TextEditorDocumentWindowTestExtension] Showing window 'test.scss'.
    (01:23:52.814) [Visual Studio Host (10528):KeyboardCommands] Sending the Down key 1 times.
    (01:23:52.989) [Visual Studio Host (10528):TextEditorDocumentWindowTestExtension] Showing window 'test.scss' without activating the window.
    (01:23:53.152) [Visual Studio Host (10528):TextEditorDocumentWindowTestExtension] Showing window 'test.scss'.
    (01:23:53.353) [Visual Studio Host (10528):TextEditorDocumentWindowTestExtension] Showing window 'test.scss' without activating the window.
    (01:23:53.504) [Visual Studio Host (10528):TextEditorDocumentWindowTestExtension] Showing window 'test.scss'.
    (01:23:53.677) [Visual Studio Host (10528):KeyboardCommands] Sending the Return key 1 times.
    (01:23:53.861) [Visual Studio Host (10528):TextEditorDocumentWindowTestExtension] Showing window 'test.scss' without activating the window.
    (01:23:54.001) [Visual Studio Host (10528):TextEditorDocumentWindowTestExtension] Showing window 'test.scss'.
    (01:23:54.203) [Visual Studio Host (10528):TextEditorDocumentWindowTestExtension] Showing window 'test.scss' without activating the window.
    (01:23:54.350) [Visual Studio Host (10528):TextEditorDocumentWindowTestExtension] Showing window 'test.scss'.
    (01:23:54.505) [Visual Studio Host (10528):KeyboardCommands] Sending the Return key 1 times.
    (01:23:54.668) [Visual Studio Host (10528):TextEditorDocumentWindowTestExtension] Showing window 'test.scss' without activating the window.
    (01:23:54.833) [Visual Studio Host (10528):TextEditorDocumentWindowTestExtension] Showing window 'test.scss'.
    (01:23:55.162) [Visual Studio Host (10528):TextEditorDocumentWindowTestExtension] Showing window 'test.scss' without activating the window.
    (01:23:55.343) [Visual Studio Host (10528):TextEditorDocumentWindowTestExtension] Showing window 'test.scss'.
    (01:23:55.536) [Visual Studio Host (10528):KeyboardCommands] Sending the Left key 2 times.
    (01:23:55.734) [Visual Studio Host (10528):TextEditorDocumentWindowTestExtension] Showing window 'test.scss' without activating the window.
    (01:23:55.928) [Visual Studio Host (10528):TextEditorDocumentWindowTestExtension] Showing window 'test.scss'.
    (01:23:56.097) [Visual Studio Host (10528):VisualStudioIntellisenseService] Invoking quick info tooltip at '(Ln: 17, Ch: 17)'.
    (01:23:56.550) [Visual Studio Host (10528):TextEditorDocumentWindowTestExtension] Showing window 'test.scss' without activating the window.
    (01:23:56.705) [Visual Studio Host (10528):TextEditorDocumentWindowTestExtension] Showing window 'test.scss'.
    + ExternalProcessHostTest TestCleanup
        (01:23:57.016) [Visual Studio Host (10528):TextEditorDocumentWindowTestExtension] Closing window 'test.scss'.
        (01:23:57.285) [Platform:Testcase] Test 'VSTest_ScssTyping_VariableIntellisense' has 'Passed' outcome. Therefore, Apex will not shut down the 'Visual Studio Host (10528)' with process ID '10528'. A subsequent test scenario will run on the same instance of the host.
    + Final Test Result Verification
        (01:23:57.967) [Platform:DelayedAssertionVerifierSink] Verification Success: 0 verification steps failed.
    + ApexTest TestCleanup</StdOut>
      </Output>
      <ResultFiles>
        <ResultFile path="WNVM19648\Fail.aswak04hapa5.png" />
        <ResultFile path="WNVM19648\Fail.azqsczivabnm.png" />
        <ResultFile path="WNVM19648\Fail.byuslv5baqsd.png" />
        <ResultFile path="WNVM19648\Fail.ek4tb3wmalyl.png" />
        <ResultFile path="WNVM19648\Fail.ig2gsfz5ad1y.png" />
        <ResultFile path="WNVM19648\Fail.kxs1ersmaxma.png" />
        <ResultFile path="WNVM19648\Fail.loc0xhl5a2hr.png" />
        <ResultFile path="WNVM19648\Fail.o4kkrjboasbk.png" />
        <ResultFile path="WNVM19648\Fail.o5zf0zepaw0l.png" />
        <ResultFile path="WNVM19648\Fail.raasvsmeanc1.png" />
        <ResultFile path="WNVM19648\Fail.sidku4gxamg4.png" />
        <ResultFile path="WNVM19648\Fail.t4yj0fxuatil.png" />
        <ResultFile path="WNVM19648\Fail.z10rn0n5ajdm.png" />
        <ResultFile path="WNVM19648\OmniLog.html" />
        <ResultFile path="WNVM19648\OmniLogRawXml.xml" />
      </ResultFiles>
    </UnitTestResult>
    <UnitTestResult executionId="90b92803-186e-4dfa-8893-9c318ae70543" testId="a061f658-83af-57a7-1162-c06c0de0da7f" testName="VSTest_Validate_Webforms_Invalid_Files_Scenario2" computerName="WNVM19648" duration="00:00:07.5614642" startTime="2018-04-17T01:22:54.8615963-07:00" endTime="2018-04-17T01:23:02.4230605-07:00" testType="13cdc9d9-ddb5-4fa4-a97d-d965ccfc6d4b" outcome="Passed" testListId="8c84fa94-04c1-424b-9868-57a2d4851a1d" relativeResultsDirectory="90b92803-186e-4dfa-8893-9c318ae70543">
      <Output>
        <StdOut>+ ValidationTests::VSTest_Validate_Webforms_Invalid_Files_Scenario2
    + ApexTest TestInitialize
    + ExternalProcessHostTest TestInitialize
        (01:24:36.534) [Visual Studio Host (10528):RoamingSettingsService] Disabling roaming settings.
        (01:24:36.667) [Visual Studio Host (10528):SettingsService] Setting Visual Studio option 'Environment\RoamingSettings\RoamingEnabled' to 'False'.
        (01:24:37.087) [Visual Studio Host (10528):TextEditorDocumentWindowTestExtension] Showing window 'Invalid2.aspx' without activating the window.
        (01:24:37.307) [Visual Studio Host (10528):TextEditorDocumentWindowTestExtension] Showing window 'Invalid2.aspx'.
        (01:24:37.634) [Visual Studio Host (10528):VisualStudioTextEditorTestExtension] Setting keyboard focus to editor 'Invalid2.aspx'.
        (01:24:37.825) [Visual Studio Host (10528):MainWindowService] Activating main window to bring it to the foreground.
        (01:24:37.999) [Visual Studio Host (10528):MainWindowService] Setting main window state to 'Maximized'.
    (01:24:38.291) [Visual Studio Host (10528):TextEditorDocumentWindowTestExtension] Showing window 'Invalid2.aspx' without activating the window.
    (01:24:38.436) [Visual Studio Host (10528):TextEditorDocumentWindowTestExtension] Showing window 'Invalid2.aspx'.
    (01:24:38.620) [Visual Studio Host (10528):ToolWindowTestExtension] Showing window 'Error List ...' without activating the window.
    (01:24:38.860) [Visual Studio Host (10528):ErrorListService] Showing error list error items.
    (01:24:39.031) [Visual Studio Host (10528):ToolWindowTestExtension] Showing window 'Error List ...' without activating the window.
    (01:24:39.183) [Visual Studio Host (10528):ErrorListService] Showing error list message items.
    (01:24:39.328) [Visual Studio Host (10528):ToolWindowTestExtension] Showing window 'Error List ...' without activating the window.
    (01:24:39.476) [Visual Studio Host (10528):ErrorListService] Showing error list warning items.
    (01:24:41.690) [Visual Studio Host (10528):TextEditorDocumentWindowTestExtension] Showing window 'Invalid2.aspx' without activating the window.
    (01:24:41.836) [Visual Studio Host (10528):TextEditorDocumentWindowTestExtension] Showing window 'Invalid2.aspx'.
    + ExternalProcessHostTest TestCleanup
        (01:24:42.112) [Visual Studio Host (10528):TextEditorDocumentWindowTestExtension] Closing window 'Invalid2.aspx'.
        (01:24:42.331) [Platform:Testcase] Test 'VSTest_Validate_Webforms_Invalid_Files_Scenario2' has 'Passed' outcome. Therefore, Apex will not shut down the 'Visual Studio Host (10528)' with process ID '10528'. A subsequent test scenario will run on the same instance of the host.
    + Final Test Result Verification
        (01:24:42.820) [Platform:DelayedAssertionVerifierSink] Verification Success: 0 verification steps failed.
    + ApexTest TestCleanup</StdOut>
      </Output>
      <ResultFiles>
        <ResultFile path="WNVM19648\Fail.aswak04hapa5.png" />
        <ResultFile path="WNVM19648\Fail.azqsczivabnm.png" />
        <ResultFile path="WNVM19648\Fail.byuslv5baqsd.png" />
        <ResultFile path="WNVM19648\Fail.ek4tb3wmalyl.png" />
        <ResultFile path="WNVM19648\Fail.ig2gsfz5ad1y.png" />
        <ResultFile path="WNVM19648\Fail.kxs1ersmaxma.png" />
        <ResultFile path="WNVM19648\Fail.loc0xhl5a2hr.png" />
        <ResultFile path="WNVM19648\Fail.o4kkrjboasbk.png" />
        <ResultFile path="WNVM19648\Fail.o5zf0zepaw0l.png" />
        <ResultFile path="WNVM19648\Fail.raasvsmeanc1.png" />
        <ResultFile path="WNVM19648\Fail.sidku4gxamg4.png" />
        <ResultFile path="WNVM19648\Fail.t4yj0fxuatil.png" />
        <ResultFile path="WNVM19648\Fail.z10rn0n5ajdm.png" />
        <ResultFile path="WNVM19648\OmniLog.html" />
        <ResultFile path="WNVM19648\OmniLogRawXml.xml" />
      </ResultFiles>
    </UnitTestResult>
    <UnitTestResult executionId="a9d3fc31-de9e-4c68-9147-463dded6bde1" testId="8939e394-6d57-5556-6020-6dcbc9f301e9" testName="VSTest_InsertSnippetViaTab" computerName="WNVM19648" duration="00:00:05.3876661" startTime="2018-04-17T00:24:45.7466175-07:00" endTime="2018-04-17T00:24:51.1342836-07:00" testType="13cdc9d9-ddb5-4fa4-a97d-d965ccfc6d4b" outcome="Passed" testListId="8c84fa94-04c1-424b-9868-57a2d4851a1d" relativeResultsDirectory="a9d3fc31-de9e-4c68-9147-463dded6bde1">
      <Output>
        <StdOut>+ SnippetTests::VSTest_InsertSnippetViaTab
    + ApexTest TestInitialize
    + ExternalProcessHostTest TestInitialize
        (26:27.099) [Visual Studio Host (11564):RoamingSettingsService] Disabling roaming settings.
        (26:27.162) [Visual Studio Host (11564):SettingsService] Setting Visual Studio option 'Environment\RoamingSettings\RoamingEnabled' to 'False'.
        (26:27.505) [Visual Studio Host (11564):TextEditorDocumentWindowTestExtension] Showing window 'HtmlPage.html' without activating the window.
        (26:27.602) [Visual Studio Host (11564):TextEditorDocumentWindowTestExtension] Showing window 'HtmlPage.html'.
        (26:27.682) [Visual Studio Host (11564):VisualStudioTextEditorTestExtension] Setting keyboard focus to editor 'HtmlPage.html'.
        (26:27.755) [Visual Studio Host (11564):MainWindowService] Activating main window to bring it to the foreground.
        (26:27.828) [Visual Studio Host (11564):MainWindowService] Setting main window state to 'Maximized'.
    (26:28.076) [Visual Studio Host (11564):TextEditorDocumentWindowTestExtension] Showing window 'HtmlPage.html' without activating the window.
    (26:28.153) [Visual Studio Host (11564):TextEditorDocumentWindowTestExtension] Showing window 'HtmlPage.html'.
    (26:28.237) [Visual Studio Host (11564):VisualStudioCaretTestExtension] Moving the caret to '&lt;body&gt;' at (Ln: 6, Ch: 5) based on a regular expression.  Expression = "&lt;body&gt;" [group index '0', match index '1', options 'Singleline, CultureInvariant']
    (26:28.821) [Visual Studio Host (11564):TextEditorDocumentWindowTestExtension] Showing window 'HtmlPage.html' without activating the window.
    (26:29.276) [Visual Studio Host (11564):TextEditorDocumentWindowTestExtension] Showing window 'HtmlPage.html'.
    (26:29.881) [Visual Studio Host (11564):VisualStudioCaretTestExtension] Moving the caret from (Ln: 6, Ch: 5) down '1' lines
    (26:29.945) [Visual Studio Host (11564):VisualStudioTextEditorTestExtension] Setting keyboard focus to editor 'HtmlPage.html'.
    (26:30.015) [Visual Studio Host (11564):TextEditorDocumentWindowTestExtension] Showing window 'HtmlPage.html' without activating the window.
    (26:30.085) [Visual Studio Host (11564):TextEditorDocumentWindowTestExtension] Showing window 'HtmlPage.html'.
    (26:30.177) [Visual Studio Host (11564):VisualStudioCaretTestExtension] Moving the caret from (Ln: 7, Ch: 5) to the end of the line
    (26:30.241) [Visual Studio Host (11564):VisualStudioTextEditorTestExtension] Setting keyboard focus to editor 'HtmlPage.html'.
    (26:30.314) [Visual Studio Host (11564):TextEditorDocumentWindowTestExtension] Showing window 'HtmlPage.html' without activating the window.
    (26:30.378) [Visual Studio Host (11564):TextEditorDocumentWindowTestExtension] Showing window 'HtmlPage.html'.
    (26:30.453) [Visual Studio Host (11564):VisualStudioTextEditingActions] Inserting text: 'script' at the current caret position: '(Ln: 7, Ch: 9)'
    (26:30.564) [Visual Studio Host (11564):TextEditorDocumentWindowTestExtension] Showing window 'HtmlPage.html' without activating the window.
    (26:30.635) [Visual Studio Host (11564):TextEditorDocumentWindowTestExtension] Showing window 'HtmlPage.html'.
    (26:30.709) [Visual Studio Host (11564):KeyboardCommands] Sending '1' tabs.
    (26:31.079) [Visual Studio Host (11564):TextEditorDocumentWindowTestExtension] Showing window 'HtmlPage.html' without activating the window.
    (26:31.160) [Visual Studio Host (11564):TextEditorDocumentWindowTestExtension] Showing window 'HtmlPage.html'.
    + ExternalProcessHostTest TestCleanup
        (26:31.333) [Visual Studio Host (11564):TextEditorDocumentWindowTestExtension] Closing window 'HtmlPage.html'.
        (26:31.589) [Platform:Testcase] Test 'VSTest_InsertSnippetViaTab' has 'Passed' outcome. Therefore, Apex will not shut down the 'Visual Studio Host (11564)' with process ID '11564'. A subsequent test scenario will run on the same instance of the host.
    + Final Test Result Verification
        (26:31.845) [Platform:DelayedAssertionVerifierSink] Verification Success: 0 verification steps failed.
    + ApexTest TestCleanup</StdOut>
      </Output>
      <ResultFiles>
        <ResultFile path="WNVM19648\Fail.azqsczivabnm.png" />
        <ResultFile path="WNVM19648\Fail.ig2gsfz5ad1y.png" />
        <ResultFile path="WNVM19648\Fail.o5zf0zepaw0l.png" />
        <ResultFile path="WNVM19648\OmniLog.html" />
        <ResultFile path="WNVM19648\OmniLogRawXml.xml" />
      </ResultFiles>
    </UnitTestResult>
    <UnitTestResult executionId="91f331e1-e318-49a3-ab2e-36ee42ea20ee" testId="71f569d8-11be-86bd-54f2-e31f93496cd1" testName="VSTest_Dump_Embedded_VBScript_Breakpoints" computerName="WNVM19648" duration="00:00:02.0797334" startTime="2018-04-17T00:15:13.0179093-07:00" endTime="2018-04-17T00:15:15.0976427-07:00" testType="13cdc9d9-ddb5-4fa4-a97d-d965ccfc6d4b" outcome="Passed" testListId="8c84fa94-04c1-424b-9868-57a2d4851a1d" relativeResultsDirectory="91f331e1-e318-49a3-ab2e-36ee42ea20ee">
      <Output>
        <StdOut>+ DebugTests::VSTest_Dump_Embedded_VBScript_Breakpoints
    + ApexTest TestInitialize
    + ExternalProcessHostTest TestInitialize
        (16:54.330) [Visual Studio Host (6956):RoamingSettingsService] Disabling roaming settings.
        (16:54.371) [Visual Studio Host (6956):SettingsService] Setting Visual Studio option 'Environment\RoamingSettings\RoamingEnabled' to 'False'.
        (16:54.816) [Visual Studio Host (6956):TextEditorDocumentWindowTestExtension] Showing window 'EmbeddedVBScript.aspx' without activating the window.
        (16:54.943) [Visual Studio Host (6956):TextEditorDocumentWindowTestExtension] Showing window 'EmbeddedVBScript.aspx'.
        (16:55.055) [Visual Studio Host (6956):VisualStudioTextEditorTestExtension] Setting keyboard focus to editor 'EmbeddedVBScript.aspx'.
        (16:55.132) [Visual Studio Host (6956):MainWindowService] Activating main window to bring it to the foreground.
        (16:55.223) [Visual Studio Host (6956):MainWindowService] Setting main window state to 'Maximized'.
    + ExternalProcessHostTest TestCleanup
        (16:55.441) [Visual Studio Host (6956):TextEditorDocumentWindowTestExtension] Closing window 'EmbeddedVBScript.aspx'.
        (16:55.693) [Platform:Testcase] Test 'VSTest_Dump_Embedded_VBScript_Breakpoints' has 'Passed' outcome. Therefore, Apex will not shut down the 'Visual Studio Host (6956)' with process ID '6956'. A subsequent test scenario will run on the same instance of the host.
    + Final Test Result Verification
        (16:55.900) [Platform:DelayedAssertionVerifierSink] Verification Success: 0 verification steps failed.
    + ApexTest TestCleanup</StdOut>
      </Output>
      <ResultFiles>
        <ResultFile path="WNVM19648\Fail.azqsczivabnm.png" />
        <ResultFile path="WNVM19648\Fail.ig2gsfz5ad1y.png" />
        <ResultFile path="WNVM19648\Fail.o5zf0zepaw0l.png" />
        <ResultFile path="WNVM19648\OmniLog.html" />
        <ResultFile path="WNVM19648\OmniLogRawXml.xml" />
      </ResultFiles>
    </UnitTestResult>
    <UnitTestResult executionId="3902d2ab-3999-446b-b5fa-32ad4c35375a" testId="568e53e3-288a-53f3-d7c5-1f212e198f52" testName="VSTest_HelpIntellisenseTest" computerName="WNVM19648" duration="00:00:03.6462281" startTime="2018-04-17T00:14:25.9068158-07:00" endTime="2018-04-17T00:14:29.5530439-07:00" testType="13cdc9d9-ddb5-4fa4-a97d-d965ccfc6d4b" outcome="Passed" testListId="8c84fa94-04c1-424b-9868-57a2d4851a1d" relativeResultsDirectory="3902d2ab-3999-446b-b5fa-32ad4c35375a">
      <Output>
        <StdOut>+ HelpIntellisenseTests::VSTest_HelpIntellisenseTest
    + ApexTest TestInitialize
    + ExternalProcessHostTest TestInitialize
        (16:07.413) [Visual Studio Host (6956):RoamingSettingsService] Disabling roaming settings.
        (16:07.463) [Visual Studio Host (6956):SettingsService] Setting Visual Studio option 'Environment\RoamingSettings\RoamingEnabled' to 'False'.
        (16:07.770) [Visual Studio Host (6956):TextEditorDocumentWindowTestExtension] Showing window 'HelpIntellisenseTest.html' without activating the window.
        (16:07.854) [Visual Studio Host (6956):TextEditorDocumentWindowTestExtension] Showing window 'HelpIntellisenseTest.html'.
        (16:07.930) [Visual Studio Host (6956):VisualStudioTextEditorTestExtension] Setting keyboard focus to editor 'HelpIntellisenseTest.html'.
        (16:07.983) [Visual Studio Host (6956):MainWindowService] Activating main window to bring it to the foreground.
        (16:08.051) [Visual Studio Host (6956):MainWindowService] Setting main window state to 'Maximized'.
    (16:08.171) [Visual Studio Host (6956):TextEditorDocumentWindowTestExtension] Showing window 'HelpIntellisenseTest.html' without activating the window.
    (16:08.221) [Visual Studio Host (6956):TextEditorDocumentWindowTestExtension] Showing window 'HelpIntellisenseTest.html'.
    Warning: (16:08.293) [Visual Studio Host (6956):VisualStudioOutliningTestExtension] Expand All outlining is not enabled.
    (16:08.353) [Visual Studio Host (6956):TextEditorDocumentWindowTestExtension] Showing window 'HelpIntellisenseTest.html' without activating the window.
    (16:08.407) [Visual Studio Host (6956):TextEditorDocumentWindowTestExtension] Showing window 'HelpIntellisenseTest.html'.
    (16:08.467) [Visual Studio Host (6956):VisualStudioCaretTestExtension] Moving the caret to '&lt;title&gt;' at (Ln: 6, Ch: 5) based on a regular expression.  Expression = "&lt;title&gt;" [group index '0', match index '1', options 'Singleline, CultureInvariant']
    (16:08.529) [Visual Studio Host (6956):TextEditorDocumentWindowTestExtension] Showing window 'HelpIntellisenseTest.html' without activating the window.
    (16:08.600) [Visual Studio Host (6956):TextEditorDocumentWindowTestExtension] Showing window 'HelpIntellisenseTest.html'.
    (16:08.679) [Visual Studio Host (6956):VisualStudioCaretTestExtension] Moving the caret from (Ln: 6, Ch: 5) right '2' characters
    (16:08.726) [Visual Studio Host (6956):VisualStudioTextEditorTestExtension] Setting keyboard focus to editor 'HelpIntellisenseTest.html'.
    (16:09.247) [Visual Studio Host (6956):TextEditorDocumentWindowTestExtension] Showing window 'HelpIntellisenseTest.html' without activating the window.
    (16:09.298) [Visual Studio Host (6956):TextEditorDocumentWindowTestExtension] Showing window 'HelpIntellisenseTest.html'.
    (16:09.356) [Visual Studio Host (6956):VisualStudioIntellisenseService] Getting the active quick info tooltip at position '(Ln: 6, Ch: 11)'.
    (16:09.428) [Visual Studio Host (6956):TextEditorDocumentWindowTestExtension] Showing window 'HelpIntellisenseTest.html' without activating the window.
    (16:09.491) [Visual Studio Host (6956):TextEditorDocumentWindowTestExtension] Showing window 'HelpIntellisenseTest.html'.
    (16:09.578) [Visual Studio Host (6956):VisualStudioOutliningTestExtension] Collapsing region at '(Ln: 6, Ch: 7)'.
    (16:09.653) [Visual Studio Host (6956):TextEditorDocumentWindowTestExtension] Showing window 'HelpIntellisenseTest.html' without activating the window.
    (16:09.710) [Visual Studio Host (6956):TextEditorDocumentWindowTestExtension] Showing window 'HelpIntellisenseTest.html'.
    (16:09.764) [Visual Studio Host (6956):VisualStudioIntellisenseService] Did not find an active quick info session. Please use Verify.IsQuickInfoPresent() to make sure that the tooltip is present before requesting the QuickInfo session.
    Warning: (16:09.808) [Visual Studio Host (6956):VisualStudioIntellisenseService] No active quick info tooltip were found in the editor 'HelpIntellisenseTest.html'.
    VerificationPass: (16:09.852) [Visual Studio Host (6956):VisualStudioIntellisenseVerifier] Verification passed: Quick Info is not present within a timeout of 00:00:10.
    + ExternalProcessHostTest TestCleanup
        (16:09.951) [Visual Studio Host (6956):TextEditorDocumentWindowTestExtension] Closing window 'HelpIntellisenseTest.html'.
        (16:10.190) [Platform:Testcase] Test 'VSTest_HelpIntellisenseTest' has 'Passed' outcome. Therefore, Apex will not shut down the 'Visual Studio Host (6956)' with process ID '6956'. A subsequent test scenario will run on the same instance of the host.
    + Final Test Result Verification
        (16:10.403) [Platform:DelayedAssertionVerifierSink] Verification Success: 0 verification steps failed.
    + ApexTest TestCleanup</StdOut>
      </Output>
      <ResultFiles>
        <ResultFile path="WNVM19648\Fail.ig2gsfz5ad1y.png" />
        <ResultFile path="WNVM19648\OmniLog.html" />
        <ResultFile path="WNVM19648\OmniLogRawXml.xml" />
      </ResultFiles>
    </UnitTestResult>
    <UnitTestResult executionId="075abadf-31fc-428b-b2ba-eb442b47d52d" testId="2122fc25-4bda-3ec1-2c73-7ae64d45db91" testName="VSTest_JSON_VerifyKnownFileSchemaAssociations (webs\misc\JSON\KnownSchemas\.csslintrc, http://json.schemastore.org/csslintrc)" computerName="WNVM19648" startTime="2018-04-17T01:53:07.2140087-07:00" endTime="2018-04-17T01:53:07.2140087-07:00" testType="13cdc9d9-ddb5-4fa4-a97d-d965ccfc6d4b" outcome="NotExecuted" testListId="8c84fa94-04c1-424b-9868-57a2d4851a1d" relativeResultsDirectory="075abadf-31fc-428b-b2ba-eb442b47d52d">
      <Output>
      </Output>
    </UnitTestResult>
    <UnitTestResult executionId="8a31b443-4fb9-4514-a1ce-edf2e3efe37c" testId="43bd32cc-5cce-42b2-5c46-2d833daf249a" testName="VSTest_RazorV4CsFormattingTest" computerName="WNVM19648" duration="00:00:12.8655761" startTime="2018-04-17T01:02:02.9383397-07:00" endTime="2018-04-17T01:02:15.8039158-07:00" testType="13cdc9d9-ddb5-4fa4-a97d-d965ccfc6d4b" outcome="Passed" testListId="8c84fa94-04c1-424b-9868-57a2d4851a1d" relativeResultsDirectory="8a31b443-4fb9-4514-a1ce-edf2e3efe37c">
      <Output>
        <StdOut>+ CSharpFormattingTests::VSTest_RazorV4CsFormattingTest
    + ApexTest TestInitialize
    + ExternalProcessHostTest TestInitialize
        (01:03:44.677) [Visual Studio Host (4384):RoamingSettingsService] Disabling roaming settings.
        (01:03:44.800) [Visual Studio Host (4384):SettingsService] Setting Visual Studio option 'Environment\RoamingSettings\RoamingEnabled' to 'False'.
        (01:03:46.721) [Visual Studio Host (4384):TextEditorDocumentWindowTestExtension] Showing window 'FormatCs.cshtml' without activating the window.
        (01:03:46.997) [Visual Studio Host (4384):TextEditorDocumentWindowTestExtension] Showing window 'FormatCs.cshtml'.
        (01:03:47.224) [Visual Studio Host (4384):VisualStudioTextEditorTestExtension] Setting keyboard focus to editor 'FormatCs.cshtml'.
        (01:03:47.405) [Visual Studio Host (4384):MainWindowService] Activating main window to bring it to the foreground.
        (01:03:47.735) [Visual Studio Host (4384):MainWindowService] Setting main window state to 'Maximized'.
    (01:03:54.366) [Visual Studio Host (4384):TextEditorDocumentWindowTestExtension] Showing window 'FormatCs.cshtml' without activating the window.
    (01:03:54.564) [Visual Studio Host (4384):TextEditorDocumentWindowTestExtension] Showing window 'FormatCs.cshtml'.
    + ExternalProcessHostTest TestCleanup
        (01:03:54.907) [Visual Studio Host (4384):TextEditorDocumentWindowTestExtension] Closing window 'FormatCs.cshtml'.
        (01:03:55.200) [Platform:Testcase] Test 'VSTest_RazorV4CsFormattingTest' has 'Passed' outcome. Therefore, Apex will not shut down the 'Visual Studio Host (4384)' with process ID '4384'. A subsequent test scenario will run on the same instance of the host.
    + Final Test Result Verification
        (01:03:55.804) [Platform:DelayedAssertionVerifierSink] Verification Success: 0 verification steps failed.
    + ApexTest TestCleanup</StdOut>
      </Output>
      <ResultFiles>
        <ResultFile path="WNVM19648\Fail.azqsczivabnm.png" />
        <ResultFile path="WNVM19648\Fail.ig2gsfz5ad1y.png" />
        <ResultFile path="WNVM19648\Fail.o5zf0zepaw0l.png" />
        <ResultFile path="WNVM19648\Fail.raasvsmeanc1.png" />
        <ResultFile path="WNVM19648\Fail.t4yj0fxuatil.png" />
        <ResultFile path="WNVM19648\Fail.z10rn0n5ajdm.png" />
        <ResultFile path="WNVM19648\OmniLog.html" />
        <ResultFile path="WNVM19648\OmniLogRawXml.xml" />
      </ResultFiles>
    </UnitTestResult>
    <UnitTestResult executionId="42c34951-a068-4232-bc1a-1d5eb6b47743" testId="4bd39737-4d99-6754-4562-b16fbd2fd0e8" testName="VSTest_JSON_SchemaValidation_FixBasicValidationErrors" computerName="WNVM19648" duration="00:01:49.7851011" startTime="2018-04-17T01:56:05.6875071-07:00" endTime="2018-04-17T01:57:55.4726082-07:00" testType="13cdc9d9-ddb5-4fa4-a97d-d965ccfc6d4b" outcome="Failed" testListId="8c84fa94-04c1-424b-9868-57a2d4851a1d" relativeResultsDirectory="42c34951-a068-4232-bc1a-1d5eb6b47743">
      <Output>
        <StdOut>+ SchemaValidation::VSTest_JSON_SchemaValidation_FixBasicValidationErrors
    + ApexTest TestInitialize
    + ExternalProcessHostTest TestInitialize
        (01:57:47.557) [Visual Studio Host (6752):RoamingSettingsService] Disabling roaming settings.
        (01:57:47.778) [Visual Studio Host (6752):SettingsService] Setting Visual Studio option 'Environment\RoamingSettings\RoamingEnabled' to 'False'.
        (01:57:48.331) [Visual Studio Host (6752):TextEditorDocumentWindowTestExtension] Showing window 'validationErrors.json' without activating the window.
        (01:57:48.558) [Visual Studio Host (6752):TextEditorDocumentWindowTestExtension] Showing window 'validationErrors.json'.
        (01:57:48.772) [Visual Studio Host (6752):VisualStudioTextEditorTestExtension] Setting keyboard focus to editor 'validationErrors.json'.
        (01:57:48.960) [Visual Studio Host (6752):MainWindowService] Activating main window to bring it to the foreground.
        (01:57:49.135) [Visual Studio Host (6752):MainWindowService] Setting main window state to 'Maximized'.
    (01:57:49.478) [Visual Studio Host (6752):TextEditorDocumentWindowTestExtension] Showing window 'validationErrors.json' without activating the window.
    (01:57:49.720) [Visual Studio Host (6752):TextEditorDocumentWindowTestExtension] Showing window 'validationErrors.json'.
    (01:57:49.929) [Visual Studio Host (6752):VisualStudioCaretTestExtension] Moving the caret and selecting the range from (Ln: 3, Ch: 33) to (Ln: 3, Ch: 56) based on a regular expression.  Expression = "this string is too long" [group index '0', match index '1', options 'Singleline, CultureInvariant']
    (01:57:50.172) [Visual Studio Host (6752):TextEditorDocumentWindowTestExtension] Showing window 'validationErrors.json' without activating the window.
    (01:57:50.382) [Visual Studio Host (6752):TextEditorDocumentWindowTestExtension] Showing window 'validationErrors.json'.
    (01:57:50.612) [Visual Studio Host (6752):VisualStudioTextEditingActions] Inserting text: 'good' at the current caret position: '(Ln: 3, Ch: 56)'
    (01:57:50.880) [Visual Studio Host (6752):TextEditorDocumentWindowTestExtension] Showing window 'validationErrors.json' without activating the window.
    (01:57:51.177) [Visual Studio Host (6752):TextEditorDocumentWindowTestExtension] Showing window 'validationErrors.json'.
    (01:57:51.366) [Visual Studio Host (6752):VisualStudioCaretTestExtension] Moving the caret and selecting the range from (Ln: 4, Ch: 25) to (Ln: 4, Ch: 51) based on a regular expression.  Expression = "this string does not match" [group index '0', match index '1', options 'Singleline, CultureInvariant']
    (01:57:51.551) [Visual Studio Host (6752):TextEditorDocumentWindowTestExtension] Showing window 'validationErrors.json' without activating the window.
    (01:57:51.719) [Visual Studio Host (6752):TextEditorDocumentWindowTestExtension] Showing window 'validationErrors.json'.
    (01:57:51.890) [Visual Studio Host (6752):VisualStudioTextEditingActions] Inserting text: 'abab.cd' at the current caret position: '(Ln: 4, Ch: 51)'
    (01:57:52.149) [Visual Studio Host (6752):TextEditorDocumentWindowTestExtension] Showing window 'validationErrors.json' without activating the window.
    (01:57:52.349) [Visual Studio Host (6752):TextEditorDocumentWindowTestExtension] Showing window 'validationErrors.json'.
    (01:57:52.581) [Visual Studio Host (6752):VisualStudioCaretTestExtension] Moving the caret and selecting the range from (Ln: 5, Ch: 22) to (Ln: 5, Ch: 23) based on a regular expression.  Expression = "1" [group index '0', match index '1', options 'Singleline, CultureInvariant']
    (01:57:52.788) [Visual Studio Host (6752):TextEditorDocumentWindowTestExtension] Showing window 'validationErrors.json' without activating the window.
    (01:57:52.970) [Visual Studio Host (6752):TextEditorDocumentWindowTestExtension] Showing window 'validationErrors.json'.
    (01:57:53.128) [Visual Studio Host (6752):VisualStudioTextEditingActions] Inserting text: '2' at the current caret position: '(Ln: 5, Ch: 23)'
    (01:57:53.289) [Visual Studio Host (6752):TextEditorDocumentWindowTestExtension] Showing window 'validationErrors.json' without activating the window.
    (01:57:53.453) [Visual Studio Host (6752):TextEditorDocumentWindowTestExtension] Showing window 'validationErrors.json'.
    (01:57:53.617) [Visual Studio Host (6752):VisualStudioTextEditingActions] Inserting text: ',
    "requiredValue": 1' at the current caret position: '(Ln: 5, Ch: 23)'
    (01:57:54.147) [Visual Studio Host (6752):TextEditorDocumentWindowTestExtension] Showing window 'validationErrors.json' without activating the window.
    (01:57:54.317) [Visual Studio Host (6752):TextEditorDocumentWindowTestExtension] Showing window 'validationErrors.json'.
    (01:57:54.525) [Visual Studio Host (6752):VisualStudioCaretTestExtension] Moving the caret and selecting the range from (Ln: 8, Ch: 6) to (Ln: 8, Ch: 15) based on a regular expression.  Expression = "(almost_a_)billing_address" [group index '1', match index '1', options 'Singleline, CultureInvariant']
    (01:59:08.131) [Platform:Microsoft.Test.Apex.Services.ScreenshotService] Took a screenshot for category '' and saved as 'C:\TestBin\IntegrationTests\TestResults\2018_04_16_23_55_50\VSTest_JSON_Schema_Catalog_Timedout.jpg'.
    Error: (01:59:08.568) [Platform:Testcase] Test method Microsoft.VisualStudio.Web.Editors.IntegrationTests.JSON.SchemaValidation.VSTest_JSON_SchemaValidation_FixBasicValidationErrors threw exception. System.Runtime.Remoting.RemotingException: Failed to read from an IPC Port: The pipe has been ended.

   at Microsoft.VisualStudio.Web.Common.TestAdapter.ParameterizedTests.ReflectionUtilities.InvokeMethod(Object targetObject, MethodInfo method, Object[] methodArguments, String exceptionMessageFormat) in D:\dd\WTE\Main\test\Common\TestAdapter\ParameterizedTests\ReflectionUtilities.cs:line 190
   at Microsoft.VisualStudio.Web.Common.TestAdapter.ParameterizedTests.TestMethodInfo.Invoke(Object testObject, TestExecutionContext context) in D:\dd\WTE\Main\test\Common\TestAdapter\ParameterizedTests\TestMethodInfo.cs:line 64
    + ExternalProcessHostTest TestCleanup
        (01:59:13.452) [Platform:VenusHost] Compose Batch: 00:00:03.9154954
        (01:59:15.378) [Platform:VenusHost] Host Process is being started. Executable = 'C:\Program Files (x86)\Microsoft Visual Studio\Preview\Enterprise\Common7\IDE\devenv.exe'.
        (01:59:15.558) [Platform:VenusHost] Host Process is started. PID = 12100.
        (01:59:15.872) [Platform:VenusHost] Host process 'devenv' (id: 12100) is now idle/ready.
        (01:59:23.237) [Platform:Microsoft.Test.Apex.Hosts.Services.RemoteServiceInitializer] Using remote code injector service 'RemoteCodeInjectorService' for the operation 'ManagedAuto'.
        + Visual Studio Host Creation
            (01:59:32.091) [Platform:Testcase] Target Executable: 'C:\Program Files (x86)\Microsoft Visual Studio\Preview\Enterprise\Common7\IDE\devenv.exe'.
            (01:59:32.259) [Platform:Testcase] Process Id: '12100'.
            (01:59:32.402) [Platform:Testcase] UI Culture: 'English (United States)'.
            (01:59:32.560) [Platform:Testcase] Build Number: '15.0.27615'.
        (01:59:33.062) [Visual Studio Host (12100):MainWindowService] Setting main window state to 'Maximized'.
        (01:59:33.289) [Visual Studio Host (12100):MainWindowService] Activating main window to bring it to the foreground.
        Warning: (01:59:33.550) [Platform:Microsoft.Test.Apex.Services.ScreenshotService] Exception occured when copying screenshot file from 'C:\TestBin\IntegrationTests\Failure.jpg' to 'C:\TestBin\IntegrationTests\TestResults\2018_04_16_23_55_50\Failure.jpg'.
        Warning: (01:59:33.550) [Platform:Microsoft.Test.Apex.Services.ScreenshotService] System.IO.IOException: The file 'C:\TestBin\IntegrationTests\TestResults\2018_04_16_23_55_50\Failure.jpg' already exists.
   at System.IO.__Error.WinIOError(Int32 errorCode, String maybeFullPath)
   at System.IO.File.InternalCopy(String sourceFileName, String destFileName, Boolean overwrite, Boolean checkHost)
   at System.IO.File.Copy(String sourceFileName, String destFileName, Boolean overwrite)
   at Microsoft.Test.Apex.Services.ScreenshotService.TakeOne(String categoryName, String fileNamePrefix, String repositoryPath) in F:\dd\src\omni\Apex\Framework\Services\Screenshot\ScreenshotService.cs:line 176
        (01:59:33.901) [Platform:ProcessCaptureService] Capturing screenshots for PID 12100 (devenv)
        Result file 'VSTest_JSON_SchemaValidation_FixBasicValidationErrors-Failure-devenv.12100.png' added: file:///C:/TestBin/IntegrationTests/TestResults/2018_04_16_23_55_50/VSTest_JSON_SchemaValidation_FixBasicValidationErrors-Failure-devenv.12100.png
        Result file 'VSTest_JSON_SchemaValidation_FixBasicValidationErrors-Failure-devenv.12100-Dialog10700.png' added: file:///C:/TestBin/IntegrationTests/TestResults/2018_04_16_23_55_50/VSTest_JSON_SchemaValidation_FixBasicValidationErrors-Failure-devenv.12100-Dialog10700.png
        Result file 'VSTest_JSON_SchemaValidation_FixBasicValidationErrors-Failure-devenv.12100-Dialog106FE.png' added: file:///C:/TestBin/IntegrationTests/TestResults/2018_04_16_23_55_50/VSTest_JSON_SchemaValidation_FixBasicValidationErrors-Failure-devenv.12100-Dialog106FE.png
        (01:59:34.861) [Platform:ProcessCaptureService] Bounding rectangle of HWND 0x1071C is size (0, 0), which cannot be captured.
        (01:59:35.012) [Platform:ProcessCaptureService] Bounding rectangle of HWND 0x74055E is size (0, 0), which cannot be captured.
    + Final Test Result Verification
        (01:59:35.586) [Platform:DelayedAssertionVerifierSink] Verification Success: 0 verification steps failed.
    + ApexTest TestCleanup</StdOut>
        <ErrorInfo>
          <Message>Test method Microsoft.VisualStudio.Web.Editors.IntegrationTests.JSON.SchemaValidation.VSTest_JSON_SchemaValidation_FixBasicValidationErrors threw exception. System.Runtime.Remoting.RemotingException: Failed to read from an IPC Port: The pipe has been ended.
</Message>
          <StackTrace>
Server stack trace: 
   at System.Runtime.Remoting.Channels.Ipc.IpcPort.Read(Byte[] data, Int32 offset, Int32 length)
   at System.Runtime.Remoting.Channels.Ipc.PipeStream.Read(Byte[] buffer, Int32 offset, Int32 size)
   at System.Runtime.Remoting.Channels.SocketHandler.ReadFromSocket(Byte[] buffer, Int32 offset, Int32 count)
   at System.Runtime.Remoting.Channels.SocketHandler.Read(Byte[] buffer, Int32 offset, Int32 count)
   at System.Runtime.Remoting.Channels.SocketHandler.ReadAndMatchFourBytes(Byte[] buffer)
   at System.Runtime.Remoting.Channels.Tcp.TcpSocketHandler.ReadAndMatchPreamble()
   at System.Runtime.Remoting.Channels.Tcp.TcpSocketHandler.ReadVersionAndOperation(UInt16&amp; operation)
   at System.Runtime.Remoting.Channels.Ipc.IpcClientHandler.ReadHeaders()
   at System.Runtime.Remoting.Channels.Ipc.IpcClientTransportSink.ProcessMessage(IMessage msg, ITransportHeaders requestHeaders, Stream requestStream, ITransportHeaders&amp; responseHeaders, Stream&amp; responseStream)
   at System.Runtime.Remoting.Channels.BinaryClientFormatterSink.SyncProcessMessage(IMessage msg)

Exception rethrown at [0]: 
   at System.Runtime.Remoting.Proxies.RealProxy.HandleReturnMessage(IMessage reqMsg, IMessage retMsg)
   at System.Runtime.Remoting.Proxies.RealProxy.PrivateInvoke(MessageData&amp; msgData, Int32 type)
   at Microsoft.Test.Apex.Editor.ICaretTestExtension.MoveToAndSelectExpression(String expression, Int32 groupIndex, Int32 matchIndex, RegexOptions options)
   at Microsoft.VisualStudio.Web.Editors.IntegrationTests.JSON.SchemaValidation.VSTest_JSON_SchemaValidation_FixBasicValidationErrors() in D:\dd\WTE\Main\test\Editors\IntegrationTests\JSON\SchemaValidation.cs:line 64</StackTrace>
        </ErrorInfo>
      </Output>
      <ResultFiles>
        <ResultFile path="WNVM19648\Fail.22wpw0oka5fs.png" />
        <ResultFile path="WNVM19648\Fail.24wtv1jnawc3.png" />
        <ResultFile path="WNVM19648\Fail.2dvw33g3abcx.png" />
        <ResultFile path="WNVM19648\Fail.2lws5epta1gw.png" />
        <ResultFile path="WNVM19648\Fail.33ju4eduay3u.png" />
        <ResultFile path="WNVM19648\Fail.3poblbx4alvv.png" />
        <ResultFile path="WNVM19648\Fail.4p531ykxaqdb.png" />
        <ResultFile path="WNVM19648\Fail.5erbsz3aa4ay.png" />
        <ResultFile path="WNVM19648\Fail.ashpv3rjajjr.png" />
        <ResultFile path="WNVM19648\Fail.aswak04hapa5.png" />
        <ResultFile path="WNVM19648\Fail.azqsczivabnm.png" />
        <ResultFile path="WNVM19648\Fail.byuslv5baqsd.png" />
        <ResultFile path="WNVM19648\Fail.bz134qwyax2e.png" />
        <ResultFile path="WNVM19648\Fail.czhshhzmawco.png" />
        <ResultFile path="WNVM19648\Fail.ek4tb3wmalyl.png" />
        <ResultFile path="WNVM19648\Fail.hxi2cahnapy2.png" />
        <ResultFile path="WNVM19648\Fail.ig2gsfz5ad1y.png" />
        <ResultFile path="WNVM19648\Fail.iymeazuqablz.png" />
        <ResultFile path="WNVM19648\Fail.jpga4adlarrf.png" />
        <ResultFile path="WNVM19648\Fail.kfb5og41ajlt.png" />
        <ResultFile path="WNVM19648\Fail.kxs1ersmaxma.png" />
        <ResultFile path="WNVM19648\Fail.lbyrcmqbastb.png" />
        <ResultFile path="WNVM19648\Fail.loc0xhl5a2hr.png" />
        <ResultFile path="WNVM19648\Fail.lthgvalfaxfr.png" />
        <ResultFile path="WNVM19648\Fail.mazsob3aamsp.png" />
        <ResultFile path="WNVM19648\Fail.n13clx4iaowv.png" />
        <ResultFile path="WNVM19648\Fail.o4kkrjboasbk.png" />
        <ResultFile path="WNVM19648\Fail.o5zf0zepaw0l.png" />
        <ResultFile path="WNVM19648\Fail.pdo2mhdtanq2.png" />
        <ResultFile path="WNVM19648\Fail.pprwzak1ac5h.png" />
        <ResultFile path="WNVM19648\Fail.qagtqbftat3h.png" />
        <ResultFile path="WNVM19648\Fail.qbnuydioazjy.png" />
        <ResultFile path="WNVM19648\Fail.raasvsmeanc1.png" />
        <ResultFile path="WNVM19648\Fail.rymman3va50a.png" />
        <ResultFile path="WNVM19648\Fail.sidku4gxamg4.png" />
        <ResultFile path="WNVM19648\Fail.swwzdfhraz25.png" />
        <ResultFile path="WNVM19648\Fail.t4yj0fxuatil.png" />
        <ResultFile path="WNVM19648\Fail.v0ywfcwsa23p.png" />
        <ResultFile path="WNVM19648\Fail.vjqtiv2zaclz.png" />
        <ResultFile path="WNVM19648\Fail.wiz4mofdavag.png" />
        <ResultFile path="WNVM19648\Fail.yd3ferxiaq1c.png" />
        <ResultFile path="WNVM19648\Fail.z10rn0n5ajdm.png" />
        <ResultFile path="WNVM19648\Fail.z2gelfy0aa1q.png" />
        <ResultFile path="WNVM19648\Fail.zpuouf2fa0ib.png" />
        <ResultFile path="WNVM19648\Failure.jpg" />
        <ResultFile path="WNVM19648\Failure[1].jpg" />
        <ResultFile path="WNVM19648\OmniLog.html" />
        <ResultFile path="WNVM19648\OmniLogRawXml.xml" />
        <ResultFile path="WNVM19648\VSTest_BowerIntelliSenseTests_CaseSensitivity_Timedout.jpg" />
        <ResultFile path="WNVM19648\VSTest_BowerIntelliSenseTests_CaseSensitivity_Timedout[1].jpg" />
        <ResultFile path="WNVM19648\VSTest_BowerIntelliSenseTests_End_To_End_Timedout.jpg" />
        <ResultFile path="WNVM19648\VSTest_BowerIntelliSenseTests_End_To_End_Timedout[1].jpg" />
        <ResultFile path="WNVM19648\VSTest_BowerIntelliSenseTests_UnavailableVersion_Timedout.jpg" />
        <ResultFile path="WNVM19648\VSTest_BowerIntelliSenseTests_UnavailableVersion_Timedout[1].jpg" />
        <ResultFile path="WNVM19648\VSTest_Generate_AttrModel_Methods_WAP_Code_Behind_CS_Timedout.jpg" />
        <ResultFile path="WNVM19648\VSTest_Generate_AttrModel_Methods_WAP_Code_Behind_CS_Timedout[1].jpg" />
        <ResultFile path="WNVM19648\VSTest_HitBreakpointAndEditInCSHtml_Timedout.jpg" />
        <ResultFile path="WNVM19648\VSTest_HitBreakpointAndEditInCSHtml_Timedout[1].jpg" />
        <ResultFile path="WNVM19648\VSTest_Html_Drag_Drop_JavascriptFile_Timedout.jpg" />
        <ResultFile path="WNVM19648\VSTest_Html_Drag_Drop_JavascriptFile_Timedout[1].jpg" />
        <ResultFile path="WNVM19648\VSTest_JSON_AutoStructureWithExistingComma_Timedout.jpg" />
        <ResultFile path="WNVM19648\VSTest_JSON_AutoStructureWithExistingComma_Timedout[1].jpg" />
        <ResultFile path="WNVM19648\VSTest_JSON_SchemaValidation_FixBasicValidationErrors-Failure-devenv.12100-Dialog106FE.png" />
        <ResultFile path="WNVM19648\VSTest_JSON_SchemaValidation_FixBasicValidationErrors-Failure-devenv.12100-Dialog10700.png" />
        <ResultFile path="WNVM19648\VSTest_JSON_SchemaValidation_FixBasicValidationErrors-Failure-devenv.12100.png" />
        <ResultFile path="WNVM19648\VSTest_JSON_Schema_Catalog_Timedout.jpg" />
        <ResultFile path="WNVM19648\VSTest_JSON_Schema_Catalog_Timedout[1].jpg" />
        <ResultFile path="WNVM19648\VSTest_NPMIntelliSenseTests_End_To_End_Timedout.jpg" />
        <ResultFile path="WNVM19648\VSTest_NPMIntelliSenseTests_End_To_End_Timedout[1].jpg" />
        <ResultFile path="WNVM19648\VSTest_NPM_Completion_ScopedPackage_Timedout.jpg" />
        <ResultFile path="WNVM19648\VSTest_NPM_Completion_ScopedPackage_Timedout[1].jpg" />
        <ResultFile path="WNVM19648\VSTest_NPM_NavigateToHomepage_Timedout.jpg" />
        <ResultFile path="WNVM19648\VSTest_NPM_NavigateToHomepage_Timedout[1].jpg" />
        <ResultFile path="WNVM19648\VSTest_Parser_PTagTest_Timedout.jpg" />
        <ResultFile path="WNVM19648\VSTest_Parser_PTagTest_Timedout[1].jpg" />
        <ResultFile path="WNVM19648\VSTest_Razor_TagHelpers_OptOut_Timedout.jpg" />
        <ResultFile path="WNVM19648\VSTest_Razor_TagHelpers_OptOut_Timedout[1].jpg" />
        <ResultFile path="WNVM19648\VSTest_Razor_TagHelpers_Update_CS_File_And_Build_Timedout.jpg" />
        <ResultFile path="WNVM19648\VSTest_Razor_TagHelpers_Update_CS_File_And_Build_Timedout[1].jpg" />
        <ResultFile path="WNVM19648\VSTest_Script_Completion_Top_Level_Timedout.jpg" />
        <ResultFile path="WNVM19648\VSTest_Script_Completion_Top_Level_Timedout[1].jpg" />
        <ResultFile path="WNVM19648\VSTest_SmartIndentInJSInRazorV4_Timedout.jpg" />
        <ResultFile path="WNVM19648\VSTest_SmartIndentInJSInRazorV4_Timedout[1].jpg" />
      </ResultFiles>
    </UnitTestResult>
    <UnitTestResult executionId="018d6686-fd61-4eaf-ae2d-104f89881618" testId="9af2875f-8c9c-5568-786a-444cec578e02" testName="VSTest_Disable_Lightbulb_For_SVG_References" computerName="WNVM19648" duration="00:00:03.3228983" startTime="2018-04-17T00:13:39.3599890-07:00" endTime="2018-04-17T00:13:42.6828873-07:00" testType="13cdc9d9-ddb5-4fa4-a97d-d965ccfc6d4b" outcome="Passed" testListId="8c84fa94-04c1-424b-9868-57a2d4851a1d" relativeResultsDirectory="018d6686-fd61-4eaf-ae2d-104f89881618">
      <Output>
        <StdOut>+ ImgSuggestedActionsTests::VSTest_Disable_Lightbulb_For_SVG_References
    + ApexTest TestInitialize
    + ExternalProcessHostTest TestInitialize
        (15:20.711) [Visual Studio Host (6956):RoamingSettingsService] Disabling roaming settings.
        (15:20.766) [Visual Studio Host (6956):SettingsService] Setting Visual Studio option 'Environment\RoamingSettings\RoamingEnabled' to 'False'.
        (15:21.057) [Visual Studio Host (6956):TextEditorDocumentWindowTestExtension] Showing window 'Empty.html' without activating the window.
        (15:21.134) [Visual Studio Host (6956):TextEditorDocumentWindowTestExtension] Showing window 'Empty.html'.
        (15:21.206) [Visual Studio Host (6956):VisualStudioTextEditorTestExtension] Setting keyboard focus to editor 'Empty.html'.
        (15:21.262) [Visual Studio Host (6956):MainWindowService] Activating main window to bring it to the foreground.
        (15:21.351) [Visual Studio Host (6956):MainWindowService] Setting main window state to 'Maximized'.
    (15:21.472) [Visual Studio Host (6956):TextEditorDocumentWindowTestExtension] Showing window 'Empty.html' without activating the window.
    (15:21.522) [Visual Studio Host (6956):TextEditorDocumentWindowTestExtension] Showing window 'Empty.html'.
    (15:21.579) [Visual Studio Host (6956):VisualStudioCaretTestExtension] Moving the caret from (Ln: 1, Ch: 1) to (Ln: 7, Ch: 5)
    (15:21.642) [Visual Studio Host (6956):TextEditorDocumentWindowTestExtension] Showing window 'Empty.html' without activating the window.
    (15:21.715) [Visual Studio Host (6956):TextEditorDocumentWindowTestExtension] Showing window 'Empty.html'.
    (15:22.570) [Visual Studio Host (6956):TextEditorDocumentWindowTestExtension] Showing window 'Empty.html' without activating the window.
    (15:22.783) [Visual Studio Host (6956):TextEditorDocumentWindowTestExtension] Showing window 'Empty.html'.
    (15:22.850) [Visual Studio Host (6956):VisualStudioCaretTestExtension] Moving the caret to '' at (Ln: 7, Ch: 9) based on a regular expression.  Expression = "&lt;img()" [group index '1', match index '1', options 'Singleline, CultureInvariant']
    (15:22.922) [Visual Studio Host (6956):TextEditorDocumentWindowTestExtension] Showing window 'Empty.html' without activating the window.
    (15:22.965) [Visual Studio Host (6956):TextEditorDocumentWindowTestExtension] Showing window 'Empty.html'.
    (15:23.017) [Visual Studio Host (6956):VisualStudioLightBulbService] Did not find an active light bulb session. Please use Verify.IsLightBulbPresent() to make sure that the light bulb is present before requesting the LightBulb session.
    Warning: (15:23.063) [Visual Studio Host (6956):VisualStudioLightBulbService] No light bulb session provided to create a test extension.
    VerificationPass: (15:23.109) [Visual Studio Host (6956):VisualStudioLightBulbServiceVerifier] Verification passed: Signature Help is not present within a timeout of 00:00:10.
    + ExternalProcessHostTest TestCleanup
        (15:23.192) [Visual Studio Host (6956):TextEditorDocumentWindowTestExtension] Closing window 'Empty.html'.
        (15:23.374) [Platform:Testcase] Test 'VSTest_Disable_Lightbulb_For_SVG_References' has 'Passed' outcome. Therefore, Apex will not shut down the 'Visual Studio Host (6956)' with process ID '6956'. A subsequent test scenario will run on the same instance of the host.
    + Final Test Result Verification
        (15:23.561) [Platform:DelayedAssertionVerifierSink] Verification Success: 0 verification steps failed.
    + ApexTest TestCleanup</StdOut>
      </Output>
      <ResultFiles>
        <ResultFile path="WNVM19648\Fail.ig2gsfz5ad1y.png" />
        <ResultFile path="WNVM19648\OmniLog.html" />
        <ResultFile path="WNVM19648\OmniLogRawXml.xml" />
      </ResultFiles>
    </UnitTestResult>
    <UnitTestResult executionId="5b71eba5-e81a-4514-914e-eed76d162895" testId="9fb629c4-ae0f-a609-e7c4-93fe2221d128" testName="VSTest_JSON_End_To_End" computerName="WNVM19648" duration="00:03:34.5001146" startTime="2018-04-17T02:17:25.5611449-07:00" endTime="2018-04-17T02:21:00.0612595-07:00" testType="13cdc9d9-ddb5-4fa4-a97d-d965ccfc6d4b" outcome="Failed" testListId="8c84fa94-04c1-424b-9868-57a2d4851a1d" relativeResultsDirectory="5b71eba5-e81a-4514-914e-eed76d162895">
      <Output>
        <StdOut>+ EndToEndTest::VSTest_JSON_End_To_End
    + ApexTest TestInitialize
    + ExternalProcessHostTest TestInitialize
        (02:19:07.308) [Visual Studio Host (4596):RoamingSettingsService] Disabling roaming settings.
        (02:19:07.464) [Visual Studio Host (4596):SettingsService] Setting Visual Studio option 'Environment\RoamingSettings\RoamingEnabled' to 'False'.
        (02:19:07.948) [Visual Studio Host (4596):TextEditorDocumentWindowTestExtension] Showing window 'EndToEnd.json' without activating the window.
        (02:19:08.136) [Visual Studio Host (4596):TextEditorDocumentWindowTestExtension] Showing window 'EndToEnd.json'.
        (02:19:08.308) [Visual Studio Host (4596):VisualStudioTextEditorTestExtension] Setting keyboard focus to editor 'EndToEnd.json'.
        (02:19:08.479) [Visual Studio Host (4596):SettingsService] Getting value of Visual Studio Setting 'TextEditor\JSON Specific\AutoFormat'. 
        (02:19:08.651) [Visual Studio Host (4596):SettingsService] Setting Visual Studio option 'TextEditor\JSON Specific\AutoFormat' to 'True'.
        (02:19:08.854) [Visual Studio Host (4596):MainWindowService] Activating main window to bring it to the foreground.
        (02:19:09.042) [Visual Studio Host (4596):MainWindowService] Setting main window state to 'Maximized'.
    (02:19:09.417) [Visual Studio Host (4596):TextEditorDocumentWindowTestExtension] Showing window 'EndToEnd.json' without activating the window.
    (02:19:09.558) [Visual Studio Host (4596):TextEditorDocumentWindowTestExtension] Showing window 'EndToEnd.json'.
    (02:19:09.729) [Visual Studio Host (4596):VisualStudioCaretTestExtension] Moving the caret from (Ln: 1, Ch: 1) to (Ln: 1, Ch: 1)
    (02:19:09.886) [Visual Studio Host (4596):TextEditorDocumentWindowTestExtension] Showing window 'EndToEnd.json' without activating the window.
    (02:19:10.026) [Visual Studio Host (4596):TextEditorDocumentWindowTestExtension] Showing window 'EndToEnd.json'.
    (02:19:10.183) [Visual Studio Host (4596):KeyboardCommands] Sending the Return key 1 times.
    (02:19:10.323) [Visual Studio Host (4596):TextEditorDocumentWindowTestExtension] Showing window 'EndToEnd.json' without activating the window.
    (02:19:10.479) [Visual Studio Host (4596):TextEditorDocumentWindowTestExtension] Showing window 'EndToEnd.json'.
    (02:19:10.638) [Visual Studio Host (4596):VisualStudioCaretTestExtension] Moving the caret from (Ln: 2, Ch: 1) up '1' lines
    (02:19:10.776) [Visual Studio Host (4596):VisualStudioTextEditorTestExtension] Setting keyboard focus to editor 'EndToEnd.json'.
    (02:19:10.995) [Visual Studio Host (4596):TextEditorDocumentWindowTestExtension] Showing window 'EndToEnd.json' without activating the window.
    (02:19:11.167) [Visual Studio Host (4596):TextEditorDocumentWindowTestExtension] Showing window 'EndToEnd.json'.
    (02:19:11.339) [Visual Studio Host (4596):TextEditorDocumentWindowTestExtension] Showing window 'EndToEnd.json' without activating the window.
    (02:19:11.495) [Visual Studio Host (4596):TextEditorDocumentWindowTestExtension] Showing window 'EndToEnd.json'.
    (02:19:11.682) [Visual Studio Host (4596):KeyboardCommands] Sending the Return key 1 times.
    (02:19:11.839) [Visual Studio Host (4596):TextEditorDocumentWindowTestExtension] Showing window 'EndToEnd.json' without activating the window.
    Error: (02:22:04.084) [Platform:Testcase] Test method Microsoft.VisualStudio.Web.Editors.IntegrationTests.JSON.EndToEndTest.VSTest_JSON_End_To_End threw exception. System.Runtime.Remoting.RemotingException: Failed to read from an IPC Port: The pipe has been ended.

   at Microsoft.VisualStudio.Web.Common.TestAdapter.ParameterizedTests.ReflectionUtilities.InvokeMethod(Object targetObject, MethodInfo method, Object[] methodArguments, String exceptionMessageFormat) in D:\dd\WTE\Main\test\Common\TestAdapter\ParameterizedTests\ReflectionUtilities.cs:line 190
   at Microsoft.VisualStudio.Web.Common.TestAdapter.ParameterizedTests.TestMethodInfo.Invoke(Object testObject, TestExecutionContext context) in D:\dd\WTE\Main\test\Common\TestAdapter\ParameterizedTests\TestMethodInfo.cs:line 64
    + ExternalProcessHostTest TestCleanup
        (02:22:09.272) [Platform:VenusHost] Compose Batch: 00:00:03.2186663
        (02:22:12.023) [Platform:VenusHost] Host Process is being started. Executable = 'C:\Program Files (x86)\Microsoft Visual Studio\Preview\Enterprise\Common7\IDE\devenv.exe'.
        (02:22:12.226) [Platform:VenusHost] Host Process is started. PID = 1844.
        (02:22:13.976) [Platform:VenusHost] Host process 'devenv' (id: 1844) is now idle/ready.
        (02:22:20.870) [Platform:Microsoft.Test.Apex.Hosts.Services.RemoteServiceInitializer] Using remote code injector service 'RemoteCodeInjectorService' for the operation 'ManagedAuto'.
        + Visual Studio Host Creation
            (02:22:34.118) [Platform:Testcase] Target Executable: 'C:\Program Files (x86)\Microsoft Visual Studio\Preview\Enterprise\Common7\IDE\devenv.exe'.
            (02:22:34.335) [Platform:Testcase] Process Id: '1844'.
            (02:22:34.605) [Platform:Testcase] UI Culture: 'English (United States)'.
            (02:22:35.117) [Platform:Testcase] Build Number: '15.0.27615'.
        (02:22:35.825) [Visual Studio Host (1844):MainWindowService] Setting main window state to 'Maximized'.
        (02:22:36.160) [Visual Studio Host (1844):MainWindowService] Activating main window to bring it to the foreground.
        Warning: (02:22:36.718) [Platform:Microsoft.Test.Apex.Services.ScreenshotService] Exception occured when copying screenshot file from 'C:\TestBin\IntegrationTests\Failure.jpg' to 'C:\TestBin\IntegrationTests\TestResults\2018_04_16_23_55_50\Failure.jpg'.
        Warning: (02:22:36.718) [Platform:Microsoft.Test.Apex.Services.ScreenshotService] System.IO.IOException: The file 'C:\TestBin\IntegrationTests\TestResults\2018_04_16_23_55_50\Failure.jpg' already exists.
   at System.IO.__Error.WinIOError(Int32 errorCode, String maybeFullPath)
   at System.IO.File.InternalCopy(String sourceFileName, String destFileName, Boolean overwrite, Boolean checkHost)
   at System.IO.File.Copy(String sourceFileName, String destFileName, Boolean overwrite)
   at Microsoft.Test.Apex.Services.ScreenshotService.TakeOne(String categoryName, String fileNamePrefix, String repositoryPath) in F:\dd\src\omni\Apex\Framework\Services\Screenshot\ScreenshotService.cs:line 176
        (02:22:37.498) [Platform:ProcessCaptureService] Capturing screenshots for PID 1844 (devenv)
        Result file 'VSTest_JSON_End_To_End-Failure-devenv.1844.png' added: file:///C:/TestBin/IntegrationTests/TestResults/2018_04_16_23_55_50/VSTest_JSON_End_To_End-Failure-devenv.1844.png
        (02:22:38.411) [Platform:ProcessCaptureService] Bounding rectangle of HWND 0x23041E is size (0, 0), which cannot be captured.
        (02:22:38.714) [Platform:ProcessCaptureService] Bounding rectangle of HWND 0x207E2 is size (0, 0), which cannot be captured.
    + Final Test Result Verification
        (02:22:39.776) [Platform:DelayedAssertionVerifierSink] Verification Success: 0 verification steps failed.
    + ApexTest TestCleanup</StdOut>
        <ErrorInfo>
          <Message>Test method Microsoft.VisualStudio.Web.Editors.IntegrationTests.JSON.EndToEndTest.VSTest_JSON_End_To_End threw exception. System.Runtime.Remoting.RemotingException: Failed to read from an IPC Port: The pipe has been ended.
</Message>
          <StackTrace>
Server stack trace: 
   at System.Runtime.Remoting.Channels.Ipc.IpcPort.Read(Byte[] data, Int32 offset, Int32 length)
   at System.Runtime.Remoting.Channels.Ipc.PipeStream.Read(Byte[] buffer, Int32 offset, Int32 size)
   at System.Runtime.Remoting.Channels.SocketHandler.ReadFromSocket(Byte[] buffer, Int32 offset, Int32 count)
   at System.Runtime.Remoting.Channels.SocketHandler.Read(Byte[] buffer, Int32 offset, Int32 count)
   at System.Runtime.Remoting.Channels.SocketHandler.ReadAndMatchFourBytes(Byte[] buffer)
   at System.Runtime.Remoting.Channels.Tcp.TcpSocketHandler.ReadAndMatchPreamble()
   at System.Runtime.Remoting.Channels.Tcp.TcpSocketHandler.ReadVersionAndOperation(UInt16&amp; operation)
   at System.Runtime.Remoting.Channels.Ipc.IpcClientHandler.ReadHeaders()
   at System.Runtime.Remoting.Channels.Ipc.IpcClientTransportSink.ProcessMessage(IMessage msg, ITransportHeaders requestHeaders, Stream requestStream, ITransportHeaders&amp; responseHeaders, Stream&amp; responseStream)
   at System.Runtime.Remoting.Channels.BinaryClientFormatterSink.SyncProcessMessage(IMessage msg)

Exception rethrown at [0]: 
   at System.Runtime.Remoting.Proxies.RealProxy.HandleReturnMessage(IMessage reqMsg, IMessage retMsg)
   at System.Runtime.Remoting.Proxies.RealProxy.PrivateInvoke(MessageData&amp; msgData, Int32 type)
   at Microsoft.Test.Apex.VisualStudio.Shell.WindowManagementService.get_ActiveDocumentWindowAsTextEditor()
   at Microsoft.VisualStudio.Web.Common.TestServices.Utilities.WebUtility.GetActiveTextEditorDocument() in D:\dd\WTE\Main\test\Common\TestServices\Utilities\WebUtility.cs:line 40
   at Microsoft.VisualStudio.Web.Common.TestServices.VisualStudioHostWebTest.get_Editor() in D:\dd\WTE\Main\test\Common\TestServices\Apex\VisualStudioHostWebTest.cs:line 639
   at Microsoft.VisualStudio.Web.Editors.IntegrationTests.JSON.EndToEndTest.VSTest_JSON_End_To_End() in D:\dd\WTE\Main\test\Editors\IntegrationTests\JSON\EndToEndTest.cs:line 40</StackTrace>
        </ErrorInfo>
      </Output>
      <ResultFiles>
        <ResultFile path="WNVM19648\Fail.1naitrosadk5.png" />
        <ResultFile path="WNVM19648\Fail.22wpw0oka5fs.png" />
        <ResultFile path="WNVM19648\Fail.24wtv1jnawc3.png" />
        <ResultFile path="WNVM19648\Fail.2dvw33g3abcx.png" />
        <ResultFile path="WNVM19648\Fail.2lws5epta1gw.png" />
        <ResultFile path="WNVM19648\Fail.2osatv43agzz.png" />
        <ResultFile path="WNVM19648\Fail.33ju4eduay3u.png" />
        <ResultFile path="WNVM19648\Fail.3poblbx4alvv.png" />
        <ResultFile path="WNVM19648\Fail.4p531ykxaqdb.png" />
        <ResultFile path="WNVM19648\Fail.5erbsz3aa4ay.png" />
        <ResultFile path="WNVM19648\Fail.ashpv3rjajjr.png" />
        <ResultFile path="WNVM19648\Fail.aswak04hapa5.png" />
        <ResultFile path="WNVM19648\Fail.azqsczivabnm.png" />
        <ResultFile path="WNVM19648\Fail.byuslv5baqsd.png" />
        <ResultFile path="WNVM19648\Fail.bz134qwyax2e.png" />
        <ResultFile path="WNVM19648\Fail.cwkly5opaa5x.png" />
        <ResultFile path="WNVM19648\Fail.czhshhzmawco.png" />
        <ResultFile path="WNVM19648\Fail.ek4tb3wmalyl.png" />
        <ResultFile path="WNVM19648\Fail.hxi2cahnapy2.png" />
        <ResultFile path="WNVM19648\Fail.ig2gsfz5ad1y.png" />
        <ResultFile path="WNVM19648\Fail.iwqb3wycasom.png" />
        <ResultFile path="WNVM19648\Fail.iymeazuqablz.png" />
        <ResultFile path="WNVM19648\Fail.jpga4adlarrf.png" />
        <ResultFile path="WNVM19648\Fail.kfb5og41ajlt.png" />
        <ResultFile path="WNVM19648\Fail.kp4fcfcpa5bw.png" />
        <ResultFile path="WNVM19648\Fail.kxs1ersmaxma.png" />
        <ResultFile path="WNVM19648\Fail.lbyrcmqbastb.png" />
        <ResultFile path="WNVM19648\Fail.loc0xhl5a2hr.png" />
        <ResultFile path="WNVM19648\Fail.lthgvalfaxfr.png" />
        <ResultFile path="WNVM19648\Fail.mazsob3aamsp.png" />
        <ResultFile path="WNVM19648\Fail.n13clx4iaowv.png" />
        <ResultFile path="WNVM19648\Fail.n3c2bmltan5e.png" />
        <ResultFile path="WNVM19648\Fail.o4kkrjboasbk.png" />
        <ResultFile path="WNVM19648\Fail.o5zf0zepaw0l.png" />
        <ResultFile path="WNVM19648\Fail.pdo2mhdtanq2.png" />
        <ResultFile path="WNVM19648\Fail.pprwzak1ac5h.png" />
        <ResultFile path="WNVM19648\Fail.qagtqbftat3h.png" />
        <ResultFile path="WNVM19648\Fail.qbnuydioazjy.png" />
        <ResultFile path="WNVM19648\Fail.raasvsmeanc1.png" />
        <ResultFile path="WNVM19648\Fail.rymman3va50a.png" />
        <ResultFile path="WNVM19648\Fail.sidku4gxamg4.png" />
        <ResultFile path="WNVM19648\Fail.swwzdfhraz25.png" />
        <ResultFile path="WNVM19648\Fail.t4yj0fxuatil.png" />
        <ResultFile path="WNVM19648\Fail.v0ywfcwsa23p.png" />
        <ResultFile path="WNVM19648\Fail.vjqtiv2zaclz.png" />
        <ResultFile path="WNVM19648\Fail.wiz4mofdavag.png" />
        <ResultFile path="WNVM19648\Fail.xasrdkzvaogc.png" />
        <ResultFile path="WNVM19648\Fail.yd3ferxiaq1c.png" />
        <ResultFile path="WNVM19648\Fail.z10rn0n5ajdm.png" />
        <ResultFile path="WNVM19648\Fail.z2gelfy0aa1q.png" />
        <ResultFile path="WNVM19648\Fail.zpuouf2fa0ib.png" />
        <ResultFile path="WNVM19648\Failure.jpg" />
        <ResultFile path="WNVM19648\OmniLog.html" />
        <ResultFile path="WNVM19648\OmniLogRawXml.xml" />
        <ResultFile path="WNVM19648\VSTest_BowerIntelliSenseTests_CaseSensitivity_Timedout.jpg" />
        <ResultFile path="WNVM19648\VSTest_BowerIntelliSenseTests_End_To_End_Timedout.jpg" />
        <ResultFile path="WNVM19648\VSTest_BowerIntelliSenseTests_UnavailableVersion_Timedout.jpg" />
        <ResultFile path="WNVM19648\VSTest_Generate_AttrModel_Methods_WAP_Code_Behind_CS_Timedout.jpg" />
        <ResultFile path="WNVM19648\VSTest_HitBreakpointAndEditInCSHtml_Timedout.jpg" />
        <ResultFile path="WNVM19648\VSTest_Html_Drag_Drop_JavascriptFile_Timedout.jpg" />
        <ResultFile path="WNVM19648\VSTest_JSON_AutoStructureWithExistingComma_Timedout.jpg" />
        <ResultFile path="WNVM19648\VSTest_JSON_End_To_End-Failure-devenv.1844.png" />
        <ResultFile path="WNVM19648\VSTest_JSON_SchemaValidation_FixBasicValidationErrors_Timedout.jpg" />
        <ResultFile path="WNVM19648\VSTest_JSON_Schema_CatalogReload_Timedout.jpg" />
        <ResultFile path="WNVM19648\VSTest_JSON_Schema_Catalog_Timedout.jpg" />
        <ResultFile path="WNVM19648\VSTest_JSON_SuggestedActions_Bower_UninstallBehavior_Timedout.jpg" />
        <ResultFile path="WNVM19648\VSTest_JSON_SuggestedActions_SortProperties_IsPresent_Timedout.jpg" />
        <ResultFile path="WNVM19648\VSTest_NPMIntelliSenseTests_End_To_End_Timedout.jpg" />
        <ResultFile path="WNVM19648\VSTest_NPM_Completion_ScopedPackage_Timedout.jpg" />
        <ResultFile path="WNVM19648\VSTest_NPM_NavigateToHomepage_Timedout.jpg" />
        <ResultFile path="WNVM19648\VSTest_Parser_PTagTest_Timedout.jpg" />
        <ResultFile path="WNVM19648\VSTest_Razor_TagHelpers_OptOut_Timedout.jpg" />
        <ResultFile path="WNVM19648\VSTest_Razor_TagHelpers_Update_CS_File_And_Build_Timedout.jpg" />
        <ResultFile path="WNVM19648\VSTest_Script_Completion_Top_Level_Timedout.jpg" />
        <ResultFile path="WNVM19648\VSTest_SmartIndentInJSInRazorV4_Timedout.jpg" />
      </ResultFiles>
    </UnitTestResult>
    <UnitTestResult executionId="b869e138-2500-431c-bd19-3336ac8bd506" testId="852eb3b5-f025-4191-05e4-ebc948985964" testName="VSTest_Classification_HtmlSyntax" computerName="WNVM19648" duration="00:00:02.9519894" startTime="2018-04-17T00:19:35.4455881-07:00" endTime="2018-04-17T00:19:38.3975775-07:00" testType="13cdc9d9-ddb5-4fa4-a97d-d965ccfc6d4b" outcome="Passed" testListId="8c84fa94-04c1-424b-9868-57a2d4851a1d" relativeResultsDirectory="b869e138-2500-431c-bd19-3336ac8bd506">
      <Output>
        <StdOut>+ ClassificationTests::VSTest_Classification_HtmlSyntax
    + ApexTest TestInitialize
    + ExternalProcessHostTest TestInitialize
        (21:16.893) [Visual Studio Host (6956):RoamingSettingsService] Disabling roaming settings.
        (21:16.978) [Visual Studio Host (6956):SettingsService] Setting Visual Studio option 'Environment\RoamingSettings\RoamingEnabled' to 'False'.
        (21:17.415) [Visual Studio Host (6956):TextEditorDocumentWindowTestExtension] Showing window 'HTM.htm' without activating the window.
        (21:17.495) [Visual Studio Host (6956):TextEditorDocumentWindowTestExtension] Showing window 'HTM.htm'.
        (21:17.608) [Visual Studio Host (6956):VisualStudioTextEditorTestExtension] Setting keyboard focus to editor 'HTM.htm'.
        (21:17.690) [Visual Studio Host (6956):MainWindowService] Activating main window to bring it to the foreground.
        (21:17.775) [Visual Studio Host (6956):MainWindowService] Setting main window state to 'Maximized'.
    (21:17.914) [Visual Studio Host (6956):TextEditorDocumentWindowTestExtension] Showing window 'HTM.htm' without activating the window.
    (21:17.986) [Visual Studio Host (6956):TextEditorDocumentWindowTestExtension] Showing window 'HTM.htm'.
    (21:18.156) [Visual Studio Host (6956):VisualStudioClassificationTestExtension] Retrieved '22' classifications in the editor.
    (21:18.312) [Visual Studio Host (6956):VisualStudioClassificationTestExtension] Retrieved '22' classifications in the editor.
    (21:18.427) [Visual Studio Host (6956):TextEditorDocumentWindowTestExtension] Showing window 'HTM.htm' without activating the window.
    (21:18.503) [Visual Studio Host (6956):TextEditorDocumentWindowTestExtension] Showing window 'HTM.htm'.
    + ExternalProcessHostTest TestCleanup
        (21:18.673) [Visual Studio Host (6956):TextEditorDocumentWindowTestExtension] Closing window 'HTM.htm'.
        (21:18.863) [Platform:Testcase] Test 'VSTest_Classification_HtmlSyntax' has 'Passed' outcome. Therefore, Apex will not shut down the 'Visual Studio Host (6956)' with process ID '6956'. A subsequent test scenario will run on the same instance of the host.
    + Final Test Result Verification
        (21:19.101) [Platform:DelayedAssertionVerifierSink] Verification Success: 0 verification steps failed.
    + ApexTest TestCleanup</StdOut>
      </Output>
      <ResultFiles>
        <ResultFile path="WNVM19648\Fail.azqsczivabnm.png" />
        <ResultFile path="WNVM19648\Fail.ig2gsfz5ad1y.png" />
        <ResultFile path="WNVM19648\Fail.o5zf0zepaw0l.png" />
        <ResultFile path="WNVM19648\OmniLog.html" />
        <ResultFile path="WNVM19648\OmniLogRawXml.xml" />
      </ResultFiles>
    </UnitTestResult>
    <UnitTestResult executionId="040e7cec-cdf8-4654-b54c-258c692690b8" testId="a7bd62ce-b19d-0ba1-1b07-834c1af09fda" testName="VSTest_CSSTyping_SampleCss_Legacy" computerName="WNVM19648" duration="00:00:00.6559835" startTime="2018-04-17T00:26:04.6592708-07:00" endTime="2018-04-17T00:26:05.3152543-07:00" testType="13cdc9d9-ddb5-4fa4-a97d-d965ccfc6d4b" outcome="Failed" testListId="8c84fa94-04c1-424b-9868-57a2d4851a1d" relativeResultsDirectory="040e7cec-cdf8-4654-b54c-258c692690b8">
      <Output>
        <StdOut>+ CssTypingTests::VSTest_CSSTyping_SampleCss_Legacy
    + ApexTest TestInitialize</StdOut>
        <ErrorInfo>
          <Message>Initialization method Microsoft.Test.Apex.ExternalProcessHostTest`2[[Microsoft.Test.Apex.VisualStudio.VisualStudioHostConfiguration, Microsoft.Test.Apex.VisualStudio, Version=15.0.0.0, Culture=neutral, PublicKeyToken=b03f5f7f11d50a3a],[Microsoft.Test.Apex.VisualStudio.VisualStudioHost, Microsoft.Test.Apex.VisualStudio, Version=15.0.0.0, Culture=neutral, PublicKeyToken=b03f5f7f11d50a3a]].TestInitialize threw exception. System.IO.IOException: The process cannot access the file 'C:\school\OmniLog.html' because it is being used by another process.</Message>
          <StackTrace>   at System.IO.__Error.WinIOError(Int32 errorCode, String maybeFullPath)
   at System.IO.FileStream.Init(String path, FileMode mode, FileAccess access, Int32 rights, Boolean useRights, FileShare share, Int32 bufferSize, FileOptions options, SECURITY_ATTRIBUTES secAttrs, String msgPath, Boolean bFromProxy, Boolean useLongPath, Boolean checkHost)
   at System.IO.FileStream..ctor(String path, FileMode mode, FileAccess access)
   at Omni.Logging.Sinks.IncrementalSummarySink.PrepareForWrite() in F:\dd\src\Omni\Log\Omni.Log\Sinks\IncrementalSummarySink.cs:line 169
   at Omni.Logging.Sinks.IncrementalSummarySink.Append(ILogMessage message) in F:\dd\src\Omni\Log\Omni.Log\Sinks\IncrementalSummarySink.cs:line 74
   at Omni.Logging.OmniLog.SendToSinks(LogMessage message) in F:\dd\src\Omni\Log\Omni.Log\OmniLog.cs:line 968
   at Omni.Logging.Log.BeginGroup(String message) in F:\dd\src\Omni\Log\Omni.Log\OmniLog.cs:line 1402
   at Microsoft.Test.Apex.Services.Logging.TestLoggerSinks.OmniLog.OmniLogSink.ActualSink.ScopeEntered(IExecutionScopeHandle scope) in F:\dd\src\omni\Apex\MsTestIntegration\Services\OmniLog\OmniLogSink.cs:line 318
   at Microsoft.Test.Apex.Services.Logging.TestLoggerSinks.OmniLog.OmniLogSink.ScopeEntered(IExecutionScopeHandle scope) in F:\dd\src\omni\Apex\MsTestIntegration\Services\OmniLog\OmniLogSink.cs:line 146
   at Microsoft.Test.Apex.Services.ExecutionScopeService.Enter(TestExecutionPoint testExecutionPoint, String scopeName, Boolean enterVerificationScope, Object context) in F:\dd\src\omni\Apex\Framework\Services\ExecutionScope\ExecutionScopeService.cs:line 228
   at Microsoft.Test.Apex.Services.ExecutionScopeService.Enter(String scopeName, Boolean enterVerificationScope, Object context) in F:\dd\src\omni\Apex\Framework\Services\ExecutionScope\ExecutionScopeService.cs:line 202
   at Microsoft.Test.Apex.Services.ExecutionScopeService.Enter(String scopeName) in F:\dd\src\omni\Apex\Framework\Services\ExecutionScope\ExecutionScopeService.cs:line 80
   at Microsoft.Test.Apex.ApexTest.TestInitialize() in F:\dd\src\omni\Apex\MsTestIntegration\ApexTest.cs:line 423
   at Microsoft.Test.Apex.ExternalProcessHostTest`2.TestInitialize() in F:\dd\src\omni\Apex\MsTestIntegration\ExternalProcessHostTest.cs:line 108</StackTrace>
        </ErrorInfo>
      </Output>
    </UnitTestResult>
    <UnitTestResult executionId="42be9056-c204-4302-b4b6-53b1bfb380af" testId="7281eb8d-c771-cf8d-8a4f-6b83e9140d51" testName="VSTest_FormatOnPasteUnclosedPTag" computerName="WNVM19648" duration="00:00:02.2009464" startTime="2018-04-17T00:31:31.8452975-07:00" endTime="2018-04-17T00:31:34.0462439-07:00" testType="13cdc9d9-ddb5-4fa4-a97d-d965ccfc6d4b" outcome="Passed" testListId="8c84fa94-04c1-424b-9868-57a2d4851a1d" relativeResultsDirectory="42be9056-c204-4302-b4b6-53b1bfb380af">
      <Output>
        <StdOut>+ FormatOnPasteTests::VSTest_FormatOnPasteUnclosedPTag
    + ApexTest TestInitialize
    + ExternalProcessHostTest TestInitialize
        (33:13.280) [Visual Studio Host (11564):RoamingSettingsService] Disabling roaming settings.
        (33:13.357) [Visual Studio Host (11564):SettingsService] Setting Visual Studio option 'Environment\RoamingSettings\RoamingEnabled' to 'False'.
        (33:13.701) [Visual Studio Host (11564):TextEditorDocumentWindowTestExtension] Showing window 'Default.html' without activating the window.
        (33:13.798) [Visual Studio Host (11564):TextEditorDocumentWindowTestExtension] Showing window 'Default.html'.
        (33:13.875) [Visual Studio Host (11564):VisualStudioTextEditorTestExtension] Setting keyboard focus to editor 'Default.html'.
        (33:13.937) [Visual Studio Host (11564):MainWindowService] Activating main window to bring it to the foreground.
        (33:13.999) [Visual Studio Host (11564):MainWindowService] Setting main window state to 'Maximized'.
    (33:14.113) [Visual Studio Host (11564):TextEditorDocumentWindowTestExtension] Showing window 'Default.html' without activating the window.
    (33:14.178) [Visual Studio Host (11564):TextEditorDocumentWindowTestExtension] Showing window 'Default.html'.
    (33:14.253) [Visual Studio Host (11564):VisualStudioCaretTestExtension] Moving the caret from (Ln: 1, Ch: 1) to (Ln: 9, Ch: 1)
    (33:14.349) [Visual Studio Host (11564):TextEditorDocumentWindowTestExtension] Showing window 'Default.html' without activating the window.
    (33:14.418) [Visual Studio Host (11564):TextEditorDocumentWindowTestExtension] Showing window 'Default.html'.
    + ExternalProcessHostTest TestCleanup
        (33:14.540) [Visual Studio Host (11564):TextEditorDocumentWindowTestExtension] Closing window 'Default.html'.
        (33:14.698) [Platform:Testcase] Test 'VSTest_FormatOnPasteUnclosedPTag' has 'Passed' outcome. Therefore, Apex will not shut down the 'Visual Studio Host (11564)' with process ID '11564'. A subsequent test scenario will run on the same instance of the host.
    + Final Test Result Verification
        (33:14.871) [Platform:DelayedAssertionVerifierSink] Verification Success: 0 verification steps failed.
    + ApexTest TestCleanup</StdOut>
      </Output>
      <ResultFiles>
        <ResultFile path="WNVM19648\Fail.azqsczivabnm.png" />
        <ResultFile path="WNVM19648\Fail.ig2gsfz5ad1y.png" />
        <ResultFile path="WNVM19648\Fail.o5zf0zepaw0l.png" />
        <ResultFile path="WNVM19648\OmniLog.html" />
        <ResultFile path="WNVM19648\OmniLogRawXml.xml" />
      </ResultFiles>
    </UnitTestResult>
    <UnitTestResult executionId="7d6edf44-b29a-4d19-a384-a700485f831c" testId="437cc800-d76c-2a1a-b48a-ba2dd8b7cba6" testName="VSTest_Validate_ErrorListNavigate" computerName="WNVM19648" duration="00:00:26.3841778" startTime="2018-04-17T00:49:44.8969823-07:00" endTime="2018-04-17T00:50:11.2811601-07:00" testType="13cdc9d9-ddb5-4fa4-a97d-d965ccfc6d4b" outcome="Passed" testListId="8c84fa94-04c1-424b-9868-57a2d4851a1d" relativeResultsDirectory="7d6edf44-b29a-4d19-a384-a700485f831c">
      <Output>
        <StdOut>+ ValidationTests::VSTest_Validate_ErrorListNavigate
    + ApexTest TestInitialize
    + ExternalProcessHostTest TestInitialize
        (51:26.553) [Visual Studio Host (9888):RoamingSettingsService] Disabling roaming settings.
        (51:26.680) [Visual Studio Host (9888):SettingsService] Setting Visual Studio option 'Environment\RoamingSettings\RoamingEnabled' to 'False'.
        (51:27.033) [Visual Studio Host (9888):TextEditorDocumentWindowTestExtension] Showing window 'ErrorListNavigate.htm' without activating the window.
        (51:27.198) [Visual Studio Host (9888):TextEditorDocumentWindowTestExtension] Showing window 'ErrorListNavigate.htm'.
        (51:27.396) [Visual Studio Host (9888):VisualStudioTextEditorTestExtension] Setting keyboard focus to editor 'ErrorListNavigate.htm'.
        (51:27.566) [Visual Studio Host (9888):MainWindowService] Activating main window to bring it to the foreground.
        (51:27.754) [Visual Studio Host (9888):MainWindowService] Setting main window state to 'Maximized'.
    (51:28.116) [Visual Studio Host (9888):TextEditorDocumentWindowTestExtension] Showing window 'ErrorListNavigate.htm' without activating the window.
    (51:28.287) [Visual Studio Host (9888):TextEditorDocumentWindowTestExtension] Showing window 'ErrorListNavigate.htm'.
    (51:28.451) [Visual Studio Host (9888):ToolWindowTestExtension] Showing window 'Error List ...' without activating the window.
    (51:28.609) [Visual Studio Host (9888):ErrorListService] Showing error list error items.
    (51:28.785) [Visual Studio Host (9888):ToolWindowTestExtension] Showing window 'Error List ...' without activating the window.
    (51:28.928) [Visual Studio Host (9888):ErrorListService] Showing error list message items.
    (51:29.078) [Visual Studio Host (9888):ToolWindowTestExtension] Showing window 'Error List ...' without activating the window.
    (51:29.242) [Visual Studio Host (9888):ErrorListService] Showing error list warning items.
    (51:32.719) [Visual Studio Host (9888):TextEditorDocumentWindowTestExtension] Showing window 'ErrorListNavigate.htm' without activating the window.
    (51:32.893) [Visual Studio Host (9888):TextEditorDocumentWindowTestExtension] Showing window 'ErrorListNavigate.htm'.
    (51:33.045) [Visual Studio Host (9888):ErrorItemTestExtension] Navigating to Error Item 'Closing tag supplied for self-closing element. ...'. File Name: 'ErrorListNavigate.htm.
    (51:33.268) [Visual Studio Host (9888):TextEditorDocumentWindowTestExtension] Showing window 'ErrorListNavigate.htm' without activating the window.
    (51:33.450) [Visual Studio Host (9888):TextEditorDocumentWindowTestExtension] Showing window 'ErrorListNavigate.htm'.
    (51:33.667) [Visual Studio Host (9888):ErrorItemTestExtension] Navigating to Error Item 'Validation (CSS 3.0): "asfd" is not a known CSS...'. File Name: 'ErrorListNavigate.htm.
    (51:33.895) [Visual Studio Host (9888):TextEditorDocumentWindowTestExtension] Showing window 'ErrorListNavigate.htm' without activating the window.
    (51:34.096) [Visual Studio Host (9888):TextEditorDocumentWindowTestExtension] Showing window 'ErrorListNavigate.htm'.
    (51:34.294) [Visual Studio Host (9888):ErrorItemTestExtension] Navigating to Error Item '(JS) ';' expected.'. File Name: 'ErrorListNavigate.htm.
    (51:34.598) [Visual Studio Host (9888):TextEditorDocumentWindowTestExtension] Showing window 'ErrorListNavigate.htm' without activating the window.
    (51:34.759) [Visual Studio Host (9888):TextEditorDocumentWindowTestExtension] Showing window 'ErrorListNavigate.htm'.
    (51:34.988) [Visual Studio Host (9888):TextEditorDocumentWindowTestExtension] Showing window 'ErrorListNavigate.htm' without activating the window.
    (51:35.182) [Visual Studio Host (9888):TextEditorDocumentWindowTestExtension] Showing window 'ErrorListNavigate.htm'.
    (51:35.368) [Visual Studio Host (9888):VisualStudioCaretTestExtension] Moving the caret from (Ln: 15, Ch: 14) to (Ln: 4, Ch: 2)
    (51:35.570) [Visual Studio Host (9888):TextEditorDocumentWindowTestExtension] Showing window 'ErrorListNavigate.htm' without activating the window.
    (51:35.756) [Visual Studio Host (9888):TextEditorDocumentWindowTestExtension] Showing window 'ErrorListNavigate.htm'.
    (51:35.974) [Visual Studio Host (9888):VisualStudioTextEditingActions] Inserting text combine CRLF as single return: '
' at the current caret position: '(Ln: 4, Ch: 2)'
    (51:36.806) [Visual Studio Host (9888):TextEditorDocumentWindowTestExtension] Showing window 'ErrorListNavigate.htm' without activating the window.
    (51:37.569) [Visual Studio Host (9888):TextEditorDocumentWindowTestExtension] Showing window 'ErrorListNavigate.htm'.
    (51:38.549) [Visual Studio Host (9888):ToolWindowTestExtension] Showing window 'Error List ...' without activating the window.
    (51:39.455) [Visual Studio Host (9888):ErrorListService] Showing error list error items.
    (51:40.317) [Visual Studio Host (9888):ToolWindowTestExtension] Showing window 'Error List ...' without activating the window.
    (51:41.143) [Visual Studio Host (9888):ErrorListService] Showing error list message items.
    (51:42.005) [Visual Studio Host (9888):ToolWindowTestExtension] Showing window 'Error List ...' without activating the window.
    (51:42.775) [Visual Studio Host (9888):ErrorListService] Showing error list warning items.
    (51:45.556) [Visual Studio Host (9888):TextEditorDocumentWindowTestExtension] Showing window 'ErrorListNavigate.htm' without activating the window.
    (51:46.362) [Visual Studio Host (9888):TextEditorDocumentWindowTestExtension] Showing window 'ErrorListNavigate.htm'.
    (51:47.103) [Visual Studio Host (9888):ErrorItemTestExtension] Navigating to Error Item 'Closing tag supplied for self-closing element. ...'. File Name: 'ErrorListNavigate.htm.
    (51:47.759) [Visual Studio Host (9888):TextEditorDocumentWindowTestExtension] Showing window 'ErrorListNavigate.htm' without activating the window.
    (51:48.630) [Visual Studio Host (9888):TextEditorDocumentWindowTestExtension] Showing window 'ErrorListNavigate.htm'.
    (51:49.493) [Visual Studio Host (9888):ErrorItemTestExtension] Navigating to Error Item 'Validation (CSS 3.0): "asfd" is not a known CSS...'. File Name: 'ErrorListNavigate.htm.
    (51:49.692) [Visual Studio Host (9888):TextEditorDocumentWindowTestExtension] Showing window 'ErrorListNavigate.htm' without activating the window.
    (51:49.870) [Visual Studio Host (9888):TextEditorDocumentWindowTestExtension] Showing window 'ErrorListNavigate.htm'.
    (51:50.060) [Visual Studio Host (9888):ErrorItemTestExtension] Navigating to Error Item '(JS) ';' expected.'. File Name: 'ErrorListNavigate.htm.
    (51:50.255) [Visual Studio Host (9888):TextEditorDocumentWindowTestExtension] Showing window 'ErrorListNavigate.htm' without activating the window.
    (51:50.413) [Visual Studio Host (9888):TextEditorDocumentWindowTestExtension] Showing window 'ErrorListNavigate.htm'.
    + ExternalProcessHostTest TestCleanup
        (51:50.745) [Visual Studio Host (9888):TextEditorDocumentWindowTestExtension] Closing window 'ErrorListNavigate.htm'.
        (51:51.015) [Platform:Testcase] Test 'VSTest_Validate_ErrorListNavigate' has 'Passed' outcome. Therefore, Apex will not shut down the 'Visual Studio Host (9888)' with process ID '9888'. A subsequent test scenario will run on the same instance of the host.
    + Final Test Result Verification
        (51:51.592) [Platform:DelayedAssertionVerifierSink] Verification Success: 0 verification steps failed.
    + ApexTest TestCleanup</StdOut>
      </Output>
      <ResultFiles>
        <ResultFile path="WNVM19648\Fail.azqsczivabnm.png" />
        <ResultFile path="WNVM19648\Fail.ig2gsfz5ad1y.png" />
        <ResultFile path="WNVM19648\Fail.o5zf0zepaw0l.png" />
        <ResultFile path="WNVM19648\Fail.z10rn0n5ajdm.png" />
        <ResultFile path="WNVM19648\OmniLog.html" />
        <ResultFile path="WNVM19648\OmniLogRawXml.xml" />
      </ResultFiles>
    </UnitTestResult>
    <UnitTestResult executionId="e08e1358-28c0-4b16-9664-ebc73f3a08a0" testId="1b35fc6a-4687-c7da-e876-14c9a89f5736" testName="VSTest_RazorV3Cs_FormatDocument_WithMethodParametersOnDifferentLines" computerName="WNVM19648" duration="00:00:04.2960317" startTime="2018-04-17T01:02:52.4511007-07:00" endTime="2018-04-17T01:02:56.7471324-07:00" testType="13cdc9d9-ddb5-4fa4-a97d-d965ccfc6d4b" outcome="Passed" testListId="8c84fa94-04c1-424b-9868-57a2d4851a1d" relativeResultsDirectory="e08e1358-28c0-4b16-9664-ebc73f3a08a0">
      <Output>
        <StdOut>+ CSharpFormattingTests::VSTest_RazorV3Cs_FormatDocument_WithMethodParametersOnDifferentLines
    + ApexTest TestInitialize
    + ExternalProcessHostTest TestInitialize
        (01:04:34.160) [Visual Studio Host (4384):RoamingSettingsService] Disabling roaming settings.
        (01:04:34.282) [Visual Studio Host (4384):SettingsService] Setting Visual Studio option 'Environment\RoamingSettings\RoamingEnabled' to 'False'.
        (01:04:34.653) [Visual Studio Host (4384):TextEditorDocumentWindowTestExtension] Showing window 'FormatDocumentWithMethodParametersOnDifferentLines.cshtml' without activating the window.
        (01:04:34.826) [Visual Studio Host (4384):TextEditorDocumentWindowTestExtension] Showing window 'FormatDocumentWithMethodParametersOnDifferentLines.cshtml'.
        (01:04:34.967) [Visual Studio Host (4384):VisualStudioTextEditorTestExtension] Setting keyboard focus to editor 'FormatDocumentWithMethodParametersOnDifferentLines.cshtml'.
        (01:04:35.101) [Visual Studio Host (4384):MainWindowService] Activating main window to bring it to the foreground.
        (01:04:35.228) [Visual Studio Host (4384):MainWindowService] Setting main window state to 'Maximized'.
    (01:04:35.628) [Visual Studio Host (4384):TextEditorDocumentWindowTestExtension] Showing window 'FormatDocumentWithMethodParametersOnDifferentLines.cshtml' without activating the window.
    (01:04:35.787) [Visual Studio Host (4384):TextEditorDocumentWindowTestExtension] Showing window 'FormatDocumentWithMethodParametersOnDifferentLines.cshtml'.
    + ExternalProcessHostTest TestCleanup
        (01:04:36.155) [Visual Studio Host (4384):TextEditorDocumentWindowTestExtension] Closing window 'FormatDocumentWithMethodParametersOnDifferentLines.cshtml'.
        (01:04:36.492) [Platform:Testcase] Test 'VSTest_RazorV3Cs_FormatDocument_WithMethodParametersOnDifferentLines' has 'Passed' outcome. Therefore, Apex will not shut down the 'Visual Studio Host (4384)' with process ID '4384'. A subsequent test scenario will run on the same instance of the host.
    + Final Test Result Verification
        (01:04:37.021) [Platform:DelayedAssertionVerifierSink] Verification Success: 0 verification steps failed.
    + ApexTest TestCleanup</StdOut>
      </Output>
      <ResultFiles>
        <ResultFile path="WNVM19648\Fail.azqsczivabnm.png" />
        <ResultFile path="WNVM19648\Fail.ig2gsfz5ad1y.png" />
        <ResultFile path="WNVM19648\Fail.o5zf0zepaw0l.png" />
        <ResultFile path="WNVM19648\Fail.raasvsmeanc1.png" />
        <ResultFile path="WNVM19648\Fail.t4yj0fxuatil.png" />
        <ResultFile path="WNVM19648\Fail.z10rn0n5ajdm.png" />
        <ResultFile path="WNVM19648\OmniLog.html" />
        <ResultFile path="WNVM19648\OmniLogRawXml.xml" />
      </ResultFiles>
    </UnitTestResult>
    <UnitTestResult executionId="aa37305f-49a1-451d-80b4-eb2a7babd573" testId="805ff533-34fb-13ff-d48a-a07d437e1f66" testName="VSTest_Parser_ScriptTagTest" computerName="WNVM19648" duration="00:02:00.5647762" startTime="2018-04-17T00:10:43.4181711-07:00" endTime="2018-04-17T00:12:43.9829473-07:00" testType="13cdc9d9-ddb5-4fa4-a97d-d965ccfc6d4b" outcome="Passed" testListId="8c84fa94-04c1-424b-9868-57a2d4851a1d" relativeResultsDirectory="aa37305f-49a1-451d-80b4-eb2a7babd573">
      <Output>
        <StdOut>+ ParserTests::VSTest_Parser_ScriptTagTest
    + ApexTest TestInitialize
        Error: (12:39.785) [Platform:Testcase] Previous test's TestCleanup method did not complete within the time out of '00:00:15', indicating that an exception may have been thrown or that the cleanup timed out. Therefore Apex will shut down any hosts associated with the previous test. A subsequent test scenario will run on a new host instances.
+ ExternalProcessHostTest TestInitialize
    (12:45.159) [Platform:VenusHost] Compose Batch: 00:00:02.0468885
    (13:01.906) [Platform:VenusHost] Host Process is being started. Executable = 'C:\Program Files (x86)\Microsoft Visual Studio\Preview\Enterprise\Common7\IDE\devenv.exe'.
    (13:01.969) [Platform:VenusHost] Host Process is started. PID = 6956.
    (13:02.375) [Platform:VenusHost] Host process 'devenv' (id: 6956) is now idle/ready.
    (13:11.187) [Platform:Microsoft.Test.Apex.Hosts.Services.RemoteServiceInitializer] Using remote code injector service 'RemoteCodeInjectorService' for the operation 'ManagedAuto'.
    + Visual Studio Host Creation
        (13:18.640) [Platform:Testcase] Target Executable: 'C:\Program Files (x86)\Microsoft Visual Studio\Preview\Enterprise\Common7\IDE\devenv.exe'.
        (13:18.687) [Platform:Testcase] Process Id: '6956'.
        (13:18.734) [Platform:Testcase] UI Culture: 'English (United States)'.
        (13:18.782) [Platform:Testcase] Build Number: '15.0.27615'.
    (13:18.984) [Visual Studio Host (6956):RoamingSettingsService] Disabling roaming settings.
    (13:19.046) [Visual Studio Host (6956):SettingsService] Setting Visual Studio option 'Environment\RoamingSettings\RoamingEnabled' to 'False'.
    (13:21.703) [Visual Studio Host (6956):SolutionService] Opening solution file 'file:///C:/TestBin/IntegrationTests/MS.VS.Web.Editors/webs/misc.sln' synchronously.
        (13:21.750) [Visual Studio Host (6956):SolutionService] Solution load behavior is set to 'Realtime'.
    + Waiting for the solution to fully load.
    (14:19.066) [Visual Studio Host (6956):TextEditorDocumentWindowTestExtension] Showing window 'ScriptTag.html' without activating the window.
    (14:19.226) [Visual Studio Host (6956):TextEditorDocumentWindowTestExtension] Showing window 'ScriptTag.html'.
    (14:19.647) [Visual Studio Host (6956):VisualStudioTextEditorTestExtension] Setting keyboard focus to editor 'ScriptTag.html'.
    (14:19.716) [Visual Studio Host (6956):MainWindowService] Activating main window to bring it to the foreground.
    (14:19.890) [Visual Studio Host (6956):MainWindowService] Setting main window state to 'Maximized'.
(14:20.155) [Visual Studio Host (6956):TextEditorDocumentWindowTestExtension] Showing window 'ScriptTag.html' without activating the window.
(14:20.224) [Visual Studio Host (6956):TextEditorDocumentWindowTestExtension] Showing window 'ScriptTag.html'.
(14:20.409) [Visual Studio Host (6956):VisualStudioCaretTestExtension] Moving the caret from (Ln: 1, Ch: 1) to the beginning of the file
(14:20.525) [Visual Studio Host (6956):VisualStudioTextEditorTestExtension] Setting keyboard focus to editor 'ScriptTag.html'.
(14:21.279) [Visual Studio Host (6956):TextEditorDocumentWindowTestExtension] Showing window 'ScriptTag.html' without activating the window.
(14:21.717) [Visual Studio Host (6956):TextEditorDocumentWindowTestExtension] Showing window 'ScriptTag.html'.
(14:21.943) [Visual Studio Host (6956):VisualStudioCaretTestExtension] Moving the caret to '&lt;/script&gt;' at (Ln: 6, Ch: 5) based on a regular expression.  Expression = "&lt;/script&gt;" [group index '0', match index '1', options 'Singleline, CultureInvariant']
(14:22.101) [Visual Studio Host (6956):TextEditorDocumentWindowTestExtension] Showing window 'ScriptTag.html' without activating the window.
(14:22.216) [Visual Studio Host (6956):TextEditorDocumentWindowTestExtension] Showing window 'ScriptTag.html'.
(14:22.290) [Visual Studio Host (6956):VisualStudioCaretTestExtension] Moving the caret from (Ln: 6, Ch: 5) right '1' characters
(14:22.349) [Visual Studio Host (6956):VisualStudioTextEditorTestExtension] Setting keyboard focus to editor 'ScriptTag.html'.
(14:22.513) [Visual Studio Host (6956):TextEditorDocumentWindowTestExtension] Showing window 'ScriptTag.html' without activating the window.
(14:22.578) [Visual Studio Host (6956):TextEditorDocumentWindowTestExtension] Showing window 'ScriptTag.html'.
(14:22.658) [Visual Studio Host (6956):VisualStudioTextEditingActions] Inserting text combine CRLF as single return: '\' at the current caret position: '(Ln: 6, Ch: 6)'
(14:23.260) [Visual Studio Host (6956):TextEditorDocumentWindowTestExtension] Showing window 'ScriptTag.html' without activating the window.
(14:23.356) [Visual Studio Host (6956):TextEditorDocumentWindowTestExtension] Showing window 'ScriptTag.html'.
+ ExternalProcessHostTest TestCleanup
    (14:23.661) [Visual Studio Host (6956):TextEditorDocumentWindowTestExtension] Closing window 'ScriptTag.html'.
    (14:24.284) [Platform:Testcase] Test 'VSTest_Parser_ScriptTagTest' has 'Passed' outcome. Therefore, Apex will not shut down the 'Visual Studio Host (6956)' with process ID '6956'. A subsequent test scenario will run on the same instance of the host.
+ Final Test Result Verification
    (14:24.553) [Platform:DelayedAssertionVerifierSink] Verification Success: 0 verification steps failed.
+ ApexTest TestCleanup</StdOut>
      </Output>
      <ResultFiles>
        <ResultFile path="WNVM19648\Fail.ig2gsfz5ad1y.png" />
        <ResultFile path="WNVM19648\OmniLog.html" />
        <ResultFile path="WNVM19648\OmniLogRawXml.xml" />
      </ResultFiles>
    </UnitTestResult>
    <UnitTestResult executionId="e32ff579-1aa0-414e-aada-899679165bfb" testId="a26f8272-09e2-35ac-69e7-d541b8af281c" testName="VSTest_RazorCsFormatCommentWithKeyword" computerName="WNVM19648" duration="00:00:04.0797537" startTime="2018-04-17T01:04:03.8999736-07:00" endTime="2018-04-17T01:04:07.9797273-07:00" testType="13cdc9d9-ddb5-4fa4-a97d-d965ccfc6d4b" outcome="Passed" testListId="8c84fa94-04c1-424b-9868-57a2d4851a1d" relativeResultsDirectory="e32ff579-1aa0-414e-aada-899679165bfb">
      <Output>
        <StdOut>+ CSharpFormattingTests::VSTest_RazorCsFormatCommentWithKeyword
    + ApexTest TestInitialize
    + ExternalProcessHostTest TestInitialize
        (01:05:45.549) [Visual Studio Host (4384):RoamingSettingsService] Disabling roaming settings.
        (01:05:45.731) [Visual Studio Host (4384):SettingsService] Setting Visual Studio option 'Environment\RoamingSettings\RoamingEnabled' to 'False'.
        (01:05:46.103) [Visual Studio Host (4384):TextEditorDocumentWindowTestExtension] Showing window 'FormatCommentWithKeyword.cshtml' without activating the window.
        (01:05:46.303) [Visual Studio Host (4384):TextEditorDocumentWindowTestExtension] Showing window 'FormatCommentWithKeyword.cshtml'.
        (01:05:46.454) [Visual Studio Host (4384):VisualStudioTextEditorTestExtension] Setting keyboard focus to editor 'FormatCommentWithKeyword.cshtml'.
        (01:05:46.591) [Visual Studio Host (4384):MainWindowService] Activating main window to bring it to the foreground.
        (01:05:46.728) [Visual Studio Host (4384):MainWindowService] Setting main window state to 'Maximized'.
    (01:05:47.267) [Visual Studio Host (4384):TextEditorDocumentWindowTestExtension] Showing window 'FormatCommentWithKeyword.cshtml' without activating the window.
    (01:05:47.410) [Visual Studio Host (4384):TextEditorDocumentWindowTestExtension] Showing window 'FormatCommentWithKeyword.cshtml'.
    + ExternalProcessHostTest TestCleanup
        (01:05:47.702) [Visual Studio Host (4384):TextEditorDocumentWindowTestExtension] Closing window 'FormatCommentWithKeyword.cshtml'.
        (01:05:47.922) [Platform:Testcase] Test 'VSTest_RazorCsFormatCommentWithKeyword' has 'Passed' outcome. Therefore, Apex will not shut down the 'Visual Studio Host (4384)' with process ID '4384'. A subsequent test scenario will run on the same instance of the host.
    + Final Test Result Verification
        (01:05:48.332) [Platform:DelayedAssertionVerifierSink] Verification Success: 0 verification steps failed.
    + ApexTest TestCleanup</StdOut>
      </Output>
      <ResultFiles>
        <ResultFile path="WNVM19648\Fail.azqsczivabnm.png" />
        <ResultFile path="WNVM19648\Fail.ig2gsfz5ad1y.png" />
        <ResultFile path="WNVM19648\Fail.o5zf0zepaw0l.png" />
        <ResultFile path="WNVM19648\Fail.raasvsmeanc1.png" />
        <ResultFile path="WNVM19648\Fail.t4yj0fxuatil.png" />
        <ResultFile path="WNVM19648\Fail.z10rn0n5ajdm.png" />
        <ResultFile path="WNVM19648\OmniLog.html" />
        <ResultFile path="WNVM19648\OmniLogRawXml.xml" />
      </ResultFiles>
    </UnitTestResult>
    <UnitTestResult executionId="4cb5b810-9130-442a-8c8a-7e788214f35e" testId="ce8c3e9e-3c4f-8bb2-d196-40ccabeb3994" testName="VSTest_SmartIndentInCSharpInRazorV4" computerName="WNVM19648" duration="00:00:06.6475065" startTime="2018-04-17T01:13:54.4116233-07:00" endTime="2018-04-17T01:14:01.0591298-07:00" testType="13cdc9d9-ddb5-4fa4-a97d-d965ccfc6d4b" outcome="Passed" testListId="8c84fa94-04c1-424b-9868-57a2d4851a1d" relativeResultsDirectory="4cb5b810-9130-442a-8c8a-7e788214f35e">
      <Output>
        <StdOut>+ SmartIndentTests::VSTest_SmartIndentInCSharpInRazorV4
    + ApexTest TestInitialize
    + ExternalProcessHostTest TestInitialize
        (01:15:36.206) [Visual Studio Host (8016):RoamingSettingsService] Disabling roaming settings.
        (01:15:36.375) [Visual Studio Host (8016):SettingsService] Setting Visual Studio option 'Environment\RoamingSettings\RoamingEnabled' to 'False'.
        (01:15:36.877) [Visual Studio Host (8016):TextEditorDocumentWindowTestExtension] Showing window 'SmartIndentInCSharpRazor.cshtml' without activating the window.
        (01:15:37.116) [Visual Studio Host (8016):TextEditorDocumentWindowTestExtension] Showing window 'SmartIndentInCSharpRazor.cshtml'.
        (01:15:37.320) [Visual Studio Host (8016):VisualStudioTextEditorTestExtension] Setting keyboard focus to editor 'SmartIndentInCSharpRazor.cshtml'.
        (01:15:37.501) [Visual Studio Host (8016):MainWindowService] Activating main window to bring it to the foreground.
        (01:15:37.668) [Visual Studio Host (8016):MainWindowService] Setting main window state to 'Maximized'.
    (01:15:37.993) [Visual Studio Host (8016):TextEditorDocumentWindowTestExtension] Showing window 'SmartIndentInCSharpRazor.cshtml' without activating the window.
    (01:15:38.156) [Visual Studio Host (8016):TextEditorDocumentWindowTestExtension] Showing window 'SmartIndentInCSharpRazor.cshtml'.
    (01:15:38.359) [Visual Studio Host (8016):TextEditorDocumentWindowTestExtension] Showing window 'SmartIndentInCSharpRazor.cshtml' without activating the window.
    (01:15:38.561) [Visual Studio Host (8016):TextEditorDocumentWindowTestExtension] Showing window 'SmartIndentInCSharpRazor.cshtml' without activating the window.
    (01:15:38.699) [Visual Studio Host (8016):TextEditorDocumentWindowTestExtension] Showing window 'SmartIndentInCSharpRazor.cshtml'.
    (01:15:38.853) [Visual Studio Host (8016):VisualStudioCaretTestExtension] Moving the caret from (Ln: 1, Ch: 1) to (Ln: 9, Ch: 1)
    (01:15:39.002) [Visual Studio Host (8016):TextEditorDocumentWindowTestExtension] Showing window 'SmartIndentInCSharpRazor.cshtml'.
    (01:15:39.203) [Visual Studio Host (8016):VisualStudioCaretTestExtension] Moving the caret from (Ln: 9, Ch: 1) to the end of the line
    (01:15:39.371) [Visual Studio Host (8016):VisualStudioTextEditorTestExtension] Setting keyboard focus to editor 'SmartIndentInCSharpRazor.cshtml'.
    (01:15:39.562) [Visual Studio Host (8016):TextEditorDocumentWindowTestExtension] Showing window 'SmartIndentInCSharpRazor.cshtml' without activating the window.
    (01:15:39.781) [Visual Studio Host (8016):TextEditorDocumentWindowTestExtension] Showing window 'SmartIndentInCSharpRazor.cshtml'.
    (01:15:39.957) [Visual Studio Host (8016):TextEditorDocumentWindowTestExtension] Showing window 'SmartIndentInCSharpRazor.cshtml' without activating the window.
    (01:15:40.109) [Visual Studio Host (8016):TextEditorDocumentWindowTestExtension] Showing window 'SmartIndentInCSharpRazor.cshtml'.
    + ExternalProcessHostTest TestCleanup
        (01:15:40.399) [Visual Studio Host (8016):TextEditorDocumentWindowTestExtension] Closing window 'SmartIndentInCSharpRazor.cshtml'.
        (01:15:40.680) [Platform:Testcase] Test 'VSTest_SmartIndentInCSharpInRazorV4' has 'Passed' outcome. Therefore, Apex will not shut down the 'Visual Studio Host (8016)' with process ID '8016'. A subsequent test scenario will run on the same instance of the host.
    + Final Test Result Verification
        (01:15:41.196) [Platform:DelayedAssertionVerifierSink] Verification Success: 0 verification steps failed.
    + ApexTest TestCleanup</StdOut>
      </Output>
      <ResultFiles>
        <ResultFile path="WNVM19648\Fail.aswak04hapa5.png" />
        <ResultFile path="WNVM19648\Fail.azqsczivabnm.png" />
        <ResultFile path="WNVM19648\Fail.ek4tb3wmalyl.png" />
        <ResultFile path="WNVM19648\Fail.ig2gsfz5ad1y.png" />
        <ResultFile path="WNVM19648\Fail.o4kkrjboasbk.png" />
        <ResultFile path="WNVM19648\Fail.o5zf0zepaw0l.png" />
        <ResultFile path="WNVM19648\Fail.raasvsmeanc1.png" />
        <ResultFile path="WNVM19648\Fail.t4yj0fxuatil.png" />
        <ResultFile path="WNVM19648\Fail.z10rn0n5ajdm.png" />
        <ResultFile path="WNVM19648\OmniLog.html" />
        <ResultFile path="WNVM19648\OmniLogRawXml.xml" />
      </ResultFiles>
    </UnitTestResult>
    <UnitTestResult executionId="4b520294-3a33-4771-9853-0cdebf07d526" testId="cfda07be-41e3-6ed1-e21a-30a748be62fa" testName="VSTest_JSON_AutoGeneration_WithSchema" computerName="WNVM19648" duration="00:02:49.2535181" startTime="2018-04-17T02:21:00.0622598-07:00" endTime="2018-04-17T02:23:49.3157779-07:00" testType="13cdc9d9-ddb5-4fa4-a97d-d965ccfc6d4b" outcome="Failed" testListId="8c84fa94-04c1-424b-9868-57a2d4851a1d" relativeResultsDirectory="4b520294-3a33-4771-9853-0cdebf07d526">
      <Output>
        <StdOut>+ AutoGenerationTests::VSTest_JSON_AutoGeneration_WithSchema
    + ApexTest TestInitialize
    + ExternalProcessHostTest TestInitialize
        (02:22:42.373) [Visual Studio Host (1844):RoamingSettingsService] Disabling roaming settings.
        (02:22:42.590) [Visual Studio Host (1844):SettingsService] Setting Visual Studio option 'Environment\RoamingSettings\RoamingEnabled' to 'False'.
        (02:22:45.847) [Visual Studio Host (1844):SolutionService] Opening solution file 'file:///C:/TestBin/IntegrationTests/MS.VS.Web.Editors/webs/misc.sln' with asynchronous load data available.  WaitForFullyLoadedOnOpen set to 'True'. Apex will wait for all async project loads to complete before proceeding.
            (02:22:46.129) [Visual Studio Host (1844):SolutionService] Solution load behavior is set to 'Realtime'.
        + Waiting for the solution to fully load.
        (02:23:08.169) [Visual Studio Host (1844):TextEditorDocumentWindowTestExtension] Showing window 'EmptyWithSchema.json' without activating the window.
        (02:23:08.883) [Visual Studio Host (1844):TextEditorDocumentWindowTestExtension] Showing window 'EmptyWithSchema.json'.
        (02:23:09.410) [Visual Studio Host (1844):VisualStudioTextEditorTestExtension] Setting keyboard focus to editor 'EmptyWithSchema.json'.
        (02:23:09.955) [Visual Studio Host (1844):MainWindowService] Activating main window to bring it to the foreground.
        (02:23:10.725) [Visual Studio Host (1844):MainWindowService] Setting main window state to 'Maximized'.
    (02:23:12.182) [Visual Studio Host (1844):TextEditorDocumentWindowTestExtension] Showing window 'EmptyWithSchema.json' without activating the window.
    (02:23:12.649) [Visual Studio Host (1844):TextEditorDocumentWindowTestExtension] Showing window 'EmptyWithSchema.json'.
    (02:23:13.230) [Visual Studio Host (1844):VisualStudioCaretTestExtension] Moving the caret to 'schema' at (Ln: 2, Ch: 5) based on a regular expression.  Expression = "schema" [group index '0', match index '1', options 'Singleline, CultureInvariant']
    (02:23:13.553) [Visual Studio Host (1844):TextEditorDocumentWindowTestExtension] Showing window 'EmptyWithSchema.json' without activating the window.
    (02:23:13.815) [Visual Studio Host (1844):TextEditorDocumentWindowTestExtension] Showing window 'EmptyWithSchema.json'.
    (02:23:14.093) [Visual Studio Host (1844):VisualStudioCaretTestExtension] Moving the caret from (Ln: 2, Ch: 5) down '2' lines
    (02:23:14.473) [Visual Studio Host (1844):VisualStudioTextEditorTestExtension] Setting keyboard focus to editor 'EmptyWithSchema.json'.
    + Verify commit with colon on last property name with type array
        (02:23:15.006) [Visual Studio Host (1844):TextEditorDocumentWindowTestExtension] Showing window 'EmptyWithSchema.json' without activating the window.
        (02:23:15.267) [Visual Studio Host (1844):TextEditorDocumentWindowTestExtension] Showing window 'EmptyWithSchema.json'.
        (02:23:16.106) [Visual Studio Host (1844):TextEditorDocumentWindowTestExtension] Showing window 'EmptyWithSchema.json' without activating the window.
        (02:24:42.386) [Platform:Microsoft.Test.Apex.Services.ScreenshotService] Took a screenshot for category '' and saved as 'C:\TestBin\IntegrationTests\TestResults\2018_04_16_23_55_50\VSTest_JSON_End_To_End_Timedout.jpg'.
    Error: (02:24:42.952) [Platform:Testcase] Test method Microsoft.VisualStudio.Web.Editors.IntegrationTests.JSON.AutoGenerationTests.VSTest_JSON_AutoGeneration_WithSchema threw exception. System.Runtime.Remoting.RemotingException: Failed to read from an IPC Port: The pipe has been ended.

   at Microsoft.VisualStudio.Web.Common.TestAdapter.ParameterizedTests.ReflectionUtilities.InvokeMethod(Object targetObject, MethodInfo method, Object[] methodArguments, String exceptionMessageFormat) in D:\dd\WTE\Main\test\Common\TestAdapter\ParameterizedTests\ReflectionUtilities.cs:line 190
   at Microsoft.VisualStudio.Web.Common.TestAdapter.ParameterizedTests.TestMethodInfo.Invoke(Object testObject, TestExecutionContext context) in D:\dd\WTE\Main\test\Common\TestAdapter\ParameterizedTests\TestMethodInfo.cs:line 64
    + ExternalProcessHostTest TestCleanup
        (02:24:47.170) [Platform:VenusHost] Compose Batch: 00:00:04.2811411
        (02:24:48.592) [Platform:VenusHost] Compose Batch: 00:00:04.1873930
        (02:24:55.192) [Platform:VenusHost] Host Process is being started. Executable = 'C:\Program Files (x86)\Microsoft Visual Studio\Preview\Enterprise\Common7\IDE\devenv.exe'.
        (02:24:55.199) [Platform:VenusHost] Host Process is being started. Executable = 'C:\Program Files (x86)\Microsoft Visual Studio\Preview\Enterprise\Common7\IDE\devenv.exe'.
        (02:24:55.468) [Platform:VenusHost] Host Process is started. PID = 1480.
        (02:24:55.719) [Platform:VenusHost] Host Process is started. PID = 6688.
        (02:24:57.293) [Platform:VenusHost] Host process 'devenv' (id: 1480) is now idle/ready.
        (02:24:57.826) [Platform:VenusHost] Host process 'devenv' (id: 6688) is now idle/ready.
        Error: (02:24:58.979) [Platform:DumpCollectorService] A dump file for the 'devenv' process has been written to the following location 'C:\Users\fwtlabb\AppData\Local\Temp\Dumps\devenv_1480.dmp'.
        (02:25:04.793) [Platform:Microsoft.Test.Apex.Hosts.Services.RemoteServiceInitializer] Using remote code injector service 'RemoteCodeInjectorService' for the operation 'ManagedAuto'.
        + Visual Studio Host Creation
            (02:25:21.435) [Platform:Testcase] Target Executable: 'C:\Program Files (x86)\Microsoft Visual Studio\Preview\Enterprise\Common7\IDE\devenv.exe'.
            (02:25:21.942) [Platform:Testcase] Process Id: '6688'.
            (02:25:22.523) [Platform:Testcase] UI Culture: 'English (United States)'.
            (02:25:24.397) [Platform:Testcase] Build Number: '15.0.27615'.
        (02:25:25.940) [Visual Studio Host (6688):MainWindowService] Setting main window state to 'Maximized'.
        (02:25:26.324) [Visual Studio Host (6688):MainWindowService] Activating main window to bring it to the foreground.
        Warning: (02:25:26.846) [Platform:Microsoft.Test.Apex.Services.ScreenshotService] Exception occured when copying screenshot file from 'C:\TestBin\IntegrationTests\Failure.jpg' to 'C:\TestBin\IntegrationTests\TestResults\2018_04_16_23_55_50\Failure.jpg'.
        Warning: (02:25:26.846) [Platform:Microsoft.Test.Apex.Services.ScreenshotService] System.IO.IOException: The file 'C:\TestBin\IntegrationTests\TestResults\2018_04_16_23_55_50\Failure.jpg' already exists.
   at System.IO.__Error.WinIOError(Int32 errorCode, String maybeFullPath)
   at System.IO.File.InternalCopy(String sourceFileName, String destFileName, Boolean overwrite, Boolean checkHost)
   at System.IO.File.Copy(String sourceFileName, String destFileName, Boolean overwrite)
   at Microsoft.Test.Apex.Services.ScreenshotService.TakeOne(String categoryName, String fileNamePrefix, String repositoryPath) in F:\dd\src\omni\Apex\Framework\Services\Screenshot\ScreenshotService.cs:line 176
        (02:25:27.417) [Platform:ProcessCaptureService] Capturing screenshots for PID 6688 (devenv)
        Result file 'VSTest_JSON_AutoGeneration_WithSchema-Failure-devenv.6688.png' added: file:///C:/TestBin/IntegrationTests/TestResults/2018_04_16_23_55_50/VSTest_JSON_AutoGeneration_WithSchema-Failure-devenv.6688.png
        (02:25:28.199) [Platform:ProcessCaptureService] Bounding rectangle of HWND 0x50800 is size (0, 0), which cannot be captured.
        (02:25:28.472) [Platform:ProcessCaptureService] Bounding rectangle of HWND 0x5076C is size (0, 0), which cannot be captured.
    + Final Test Result Verification
        (02:25:29.195) [Platform:DelayedAssertionVerifierSink] Verification Success: 0 verification steps failed.
    + ApexTest TestCleanup</StdOut>
        <ErrorInfo>
          <Message>Test method Microsoft.VisualStudio.Web.Editors.IntegrationTests.JSON.AutoGenerationTests.VSTest_JSON_AutoGeneration_WithSchema threw exception. System.Runtime.Remoting.RemotingException: Failed to read from an IPC Port: The pipe has been ended.
</Message>
          <StackTrace>
Server stack trace: 
   at System.Runtime.Remoting.Channels.Ipc.IpcPort.Read(Byte[] data, Int32 offset, Int32 length)
   at System.Runtime.Remoting.Channels.Ipc.PipeStream.Read(Byte[] buffer, Int32 offset, Int32 size)
   at System.Runtime.Remoting.Channels.SocketHandler.ReadFromSocket(Byte[] buffer, Int32 offset, Int32 count)
   at System.Runtime.Remoting.Channels.SocketHandler.Read(Byte[] buffer, Int32 offset, Int32 count)
   at System.Runtime.Remoting.Channels.SocketHandler.ReadAndMatchFourBytes(Byte[] buffer)
   at System.Runtime.Remoting.Channels.Tcp.TcpSocketHandler.ReadAndMatchPreamble()
   at System.Runtime.Remoting.Channels.Tcp.TcpSocketHandler.ReadVersionAndOperation(UInt16&amp; operation)
   at System.Runtime.Remoting.Channels.Ipc.IpcClientHandler.ReadHeaders()
   at System.Runtime.Remoting.Channels.Ipc.IpcClientTransportSink.ProcessMessage(IMessage msg, ITransportHeaders requestHeaders, Stream requestStream, ITransportHeaders&amp; responseHeaders, Stream&amp; responseStream)
   at System.Runtime.Remoting.Channels.BinaryClientFormatterSink.SyncProcessMessage(IMessage msg)

Exception rethrown at [0]: 
   at System.Runtime.Remoting.Proxies.RealProxy.HandleReturnMessage(IMessage reqMsg, IMessage retMsg)
   at System.Runtime.Remoting.Proxies.RealProxy.PrivateInvoke(MessageData&amp; msgData, Int32 type)
   at Microsoft.Test.Apex.VisualStudio.Shell.WindowManagementService.get_ActiveDocumentWindowAsTextEditor()
   at Microsoft.VisualStudio.Web.Common.TestServices.Utilities.WebUtility.GetActiveTextEditorDocument() in D:\dd\WTE\Main\test\Common\TestServices\Utilities\WebUtility.cs:line 40
   at Microsoft.VisualStudio.Web.Common.TestServices.VisualStudioHostWebTest.get_Editor() in D:\dd\WTE\Main\test\Common\TestServices\Apex\VisualStudioHostWebTest.cs:line 639
   at Microsoft.VisualStudio.Web.Editors.IntegrationTests.JSON.AutoGenerationTests.VSTest_JSON_AutoGeneration_WithSchema() in D:\dd\WTE\Main\test\Editors\IntegrationTests\JSON\AutoGenerationTests.cs:line 30</StackTrace>
        </ErrorInfo>
      </Output>
      <ResultFiles>
        <ResultFile path="WNVM19648\Fail.1naitrosadk5.png" />
        <ResultFile path="WNVM19648\Fail.22wpw0oka5fs.png" />
        <ResultFile path="WNVM19648\Fail.24wtv1jnawc3.png" />
        <ResultFile path="WNVM19648\Fail.2dvw33g3abcx.png" />
        <ResultFile path="WNVM19648\Fail.2lws5epta1gw.png" />
        <ResultFile path="WNVM19648\Fail.2osatv43agzz.png" />
        <ResultFile path="WNVM19648\Fail.33ju4eduay3u.png" />
        <ResultFile path="WNVM19648\Fail.3poblbx4alvv.png" />
        <ResultFile path="WNVM19648\Fail.4p531ykxaqdb.png" />
        <ResultFile path="WNVM19648\Fail.5ckvvlpiahzj.png" />
        <ResultFile path="WNVM19648\Fail.5erbsz3aa4ay.png" />
        <ResultFile path="WNVM19648\Fail.ashpv3rjajjr.png" />
        <ResultFile path="WNVM19648\Fail.aswak04hapa5.png" />
        <ResultFile path="WNVM19648\Fail.azqsczivabnm.png" />
        <ResultFile path="WNVM19648\Fail.byuslv5baqsd.png" />
        <ResultFile path="WNVM19648\Fail.bz134qwyax2e.png" />
        <ResultFile path="WNVM19648\Fail.cwkly5opaa5x.png" />
        <ResultFile path="WNVM19648\Fail.czhshhzmawco.png" />
        <ResultFile path="WNVM19648\Fail.ek4tb3wmalyl.png" />
        <ResultFile path="WNVM19648\Fail.fdtmbjciavfs.png" />
        <ResultFile path="WNVM19648\Fail.hxi2cahnapy2.png" />
        <ResultFile path="WNVM19648\Fail.ig2gsfz5ad1y.png" />
        <ResultFile path="WNVM19648\Fail.iwqb3wycasom.png" />
        <ResultFile path="WNVM19648\Fail.iymeazuqablz.png" />
        <ResultFile path="WNVM19648\Fail.jpga4adlarrf.png" />
        <ResultFile path="WNVM19648\Fail.k12p4vaeagac.png" />
        <ResultFile path="WNVM19648\Fail.kfb5og41ajlt.png" />
        <ResultFile path="WNVM19648\Fail.kp4fcfcpa5bw.png" />
        <ResultFile path="WNVM19648\Fail.kxs1ersmaxma.png" />
        <ResultFile path="WNVM19648\Fail.lbyrcmqbastb.png" />
        <ResultFile path="WNVM19648\Fail.loc0xhl5a2hr.png" />
        <ResultFile path="WNVM19648\Fail.lthgvalfaxfr.png" />
        <ResultFile path="WNVM19648\Fail.mazsob3aamsp.png" />
        <ResultFile path="WNVM19648\Fail.n13clx4iaowv.png" />
        <ResultFile path="WNVM19648\Fail.n3c2bmltan5e.png" />
        <ResultFile path="WNVM19648\Fail.o4kkrjboasbk.png" />
        <ResultFile path="WNVM19648\Fail.o5zf0zepaw0l.png" />
        <ResultFile path="WNVM19648\Fail.pdo2mhdtanq2.png" />
        <ResultFile path="WNVM19648\Fail.pprwzak1ac5h.png" />
        <ResultFile path="WNVM19648\Fail.qagtqbftat3h.png" />
        <ResultFile path="WNVM19648\Fail.qbnuydioazjy.png" />
        <ResultFile path="WNVM19648\Fail.raasvsmeanc1.png" />
        <ResultFile path="WNVM19648\Fail.rymman3va50a.png" />
        <ResultFile path="WNVM19648\Fail.sidku4gxamg4.png" />
        <ResultFile path="WNVM19648\Fail.swwzdfhraz25.png" />
        <ResultFile path="WNVM19648\Fail.t4yj0fxuatil.png" />
        <ResultFile path="WNVM19648\Fail.v0ywfcwsa23p.png" />
        <ResultFile path="WNVM19648\Fail.vjqtiv2zaclz.png" />
        <ResultFile path="WNVM19648\Fail.wiz4mofdavag.png" />
        <ResultFile path="WNVM19648\Fail.xasrdkzvaogc.png" />
        <ResultFile path="WNVM19648\Fail.yd3ferxiaq1c.png" />
        <ResultFile path="WNVM19648\Fail.z10rn0n5ajdm.png" />
        <ResultFile path="WNVM19648\Fail.z2gelfy0aa1q.png" />
        <ResultFile path="WNVM19648\Fail.zpuouf2fa0ib.png" />
        <ResultFile path="WNVM19648\Failure.jpg" />
        <ResultFile path="WNVM19648\Failure[1].jpg" />
        <ResultFile path="WNVM19648\OmniLog.html" />
        <ResultFile path="WNVM19648\OmniLogRawXml.xml" />
        <ResultFile path="WNVM19648\VSTest_BowerIntelliSenseTests_CaseSensitivity_Timedout.jpg" />
        <ResultFile path="WNVM19648\VSTest_BowerIntelliSenseTests_CaseSensitivity_Timedout[1].jpg" />
        <ResultFile path="WNVM19648\VSTest_BowerIntelliSenseTests_End_To_End_Timedout.jpg" />
        <ResultFile path="WNVM19648\VSTest_BowerIntelliSenseTests_End_To_End_Timedout[1].jpg" />
        <ResultFile path="WNVM19648\VSTest_BowerIntelliSenseTests_UnavailableVersion_Timedout.jpg" />
        <ResultFile path="WNVM19648\VSTest_BowerIntelliSenseTests_UnavailableVersion_Timedout[1].jpg" />
        <ResultFile path="WNVM19648\VSTest_Generate_AttrModel_Methods_WAP_Code_Behind_CS_Timedout.jpg" />
        <ResultFile path="WNVM19648\VSTest_Generate_AttrModel_Methods_WAP_Code_Behind_CS_Timedout[1].jpg" />
        <ResultFile path="WNVM19648\VSTest_HitBreakpointAndEditInCSHtml_Timedout.jpg" />
        <ResultFile path="WNVM19648\VSTest_HitBreakpointAndEditInCSHtml_Timedout[1].jpg" />
        <ResultFile path="WNVM19648\VSTest_Html_Drag_Drop_JavascriptFile_Timedout.jpg" />
        <ResultFile path="WNVM19648\VSTest_Html_Drag_Drop_JavascriptFile_Timedout[1].jpg" />
        <ResultFile path="WNVM19648\VSTest_JSON_AutoGeneration_WithSchema-Failure-devenv.6688.png" />
        <ResultFile path="WNVM19648\VSTest_JSON_AutoStructureWithExistingComma_Timedout.jpg" />
        <ResultFile path="WNVM19648\VSTest_JSON_AutoStructureWithExistingComma_Timedout[1].jpg" />
        <ResultFile path="WNVM19648\VSTest_JSON_End_To_End_Timedout.jpg" />
        <ResultFile path="WNVM19648\VSTest_JSON_End_To_End_Timedout[1].jpg" />
        <ResultFile path="WNVM19648\VSTest_JSON_SchemaValidation_FixBasicValidationErrors_Timedout.jpg" />
        <ResultFile path="WNVM19648\VSTest_JSON_SchemaValidation_FixBasicValidationErrors_Timedout[1].jpg" />
        <ResultFile path="WNVM19648\VSTest_JSON_Schema_CatalogReload_Timedout.jpg" />
        <ResultFile path="WNVM19648\VSTest_JSON_Schema_CatalogReload_Timedout[1].jpg" />
        <ResultFile path="WNVM19648\VSTest_JSON_Schema_Catalog_Timedout.jpg" />
        <ResultFile path="WNVM19648\VSTest_JSON_Schema_Catalog_Timedout[1].jpg" />
        <ResultFile path="WNVM19648\VSTest_JSON_SuggestedActions_Bower_UninstallBehavior_Timedout.jpg" />
        <ResultFile path="WNVM19648\VSTest_JSON_SuggestedActions_Bower_UninstallBehavior_Timedout[1].jpg" />
        <ResultFile path="WNVM19648\VSTest_JSON_SuggestedActions_SortProperties_IsPresent_Timedout.jpg" />
        <ResultFile path="WNVM19648\VSTest_JSON_SuggestedActions_SortProperties_IsPresent_Timedout[1].jpg" />
        <ResultFile path="WNVM19648\VSTest_NPMIntelliSenseTests_End_To_End_Timedout.jpg" />
        <ResultFile path="WNVM19648\VSTest_NPMIntelliSenseTests_End_To_End_Timedout[1].jpg" />
        <ResultFile path="WNVM19648\VSTest_NPM_Completion_ScopedPackage_Timedout.jpg" />
        <ResultFile path="WNVM19648\VSTest_NPM_Completion_ScopedPackage_Timedout[1].jpg" />
        <ResultFile path="WNVM19648\VSTest_NPM_NavigateToHomepage_Timedout.jpg" />
        <ResultFile path="WNVM19648\VSTest_NPM_NavigateToHomepage_Timedout[1].jpg" />
        <ResultFile path="WNVM19648\VSTest_Parser_PTagTest_Timedout.jpg" />
        <ResultFile path="WNVM19648\VSTest_Parser_PTagTest_Timedout[1].jpg" />
        <ResultFile path="WNVM19648\VSTest_Razor_TagHelpers_OptOut_Timedout.jpg" />
        <ResultFile path="WNVM19648\VSTest_Razor_TagHelpers_OptOut_Timedout[1].jpg" />
        <ResultFile path="WNVM19648\VSTest_Razor_TagHelpers_Update_CS_File_And_Build_Timedout.jpg" />
        <ResultFile path="WNVM19648\VSTest_Razor_TagHelpers_Update_CS_File_And_Build_Timedout[1].jpg" />
        <ResultFile path="WNVM19648\VSTest_Script_Completion_Top_Level_Timedout.jpg" />
        <ResultFile path="WNVM19648\VSTest_Script_Completion_Top_Level_Timedout[1].jpg" />
        <ResultFile path="WNVM19648\VSTest_SmartIndentInJSInRazorV4_Timedout.jpg" />
        <ResultFile path="WNVM19648\VSTest_SmartIndentInJSInRazorV4_Timedout[1].jpg" />
      </ResultFiles>
    </UnitTestResult>
    <UnitTestResult executionId="a2e6f68a-ae3b-4f13-9d47-ba7b9414e7ef" testId="692c3744-1e27-a041-5aa6-b1a6631fc933" testName="VSTest_AutoTagNameMatcher_BackspaceEndingTag" computerName="WNVM19648" duration="00:00:04.5548840" startTime="2018-04-17T00:20:58.2789296-07:00" endTime="2018-04-17T00:21:02.8338136-07:00" testType="13cdc9d9-ddb5-4fa4-a97d-d965ccfc6d4b" outcome="Passed" testListId="8c84fa94-04c1-424b-9868-57a2d4851a1d" relativeResultsDirectory="a2e6f68a-ae3b-4f13-9d47-ba7b9414e7ef">
      <Output>
        <StdOut>+ AutoTagNameMatcherTests::VSTest_AutoTagNameMatcher_BackspaceEndingTag
    + ApexTest TestInitialize
    + ExternalProcessHostTest TestInitialize
        (22:39.695) [Visual Studio Host (11564):RoamingSettingsService] Disabling roaming settings.
        (22:39.789) [Visual Studio Host (11564):SettingsService] Setting Visual Studio option 'Environment\RoamingSettings\RoamingEnabled' to 'False'.
        (22:41.005) [Visual Studio Host (11564):TextEditorDocumentWindowTestExtension] Showing window 'BackspaceEndingTag.html' without activating the window.
        (22:41.108) [Visual Studio Host (11564):TextEditorDocumentWindowTestExtension] Showing window 'BackspaceEndingTag.html'.
        (22:41.253) [Visual Studio Host (11564):VisualStudioTextEditorTestExtension] Setting keyboard focus to editor 'BackspaceEndingTag.html'.
        (22:41.346) [Visual Studio Host (11564):MainWindowService] Activating main window to bring it to the foreground.
        (22:41.427) [Visual Studio Host (11564):MainWindowService] Setting main window state to 'Maximized'.
    (22:41.615) [Visual Studio Host (11564):TextEditorDocumentWindowTestExtension] Showing window 'BackspaceEndingTag.html' without activating the window.
    (22:41.729) [Visual Studio Host (11564):TextEditorDocumentWindowTestExtension] Showing window 'BackspaceEndingTag.html'.
    (22:41.946) [Visual Studio Host (11564):VisualStudioCaretTestExtension] Moving the caret from (Ln: 1, Ch: 1) to (Ln: 10, Ch: 24)
    (22:42.039) [Visual Studio Host (11564):TextEditorDocumentWindowTestExtension] Showing window 'BackspaceEndingTag.html' without activating the window.
    (22:42.120) [Visual Studio Host (11564):TextEditorDocumentWindowTestExtension] Showing window 'BackspaceEndingTag.html'.
    (22:42.213) [Visual Studio Host (11564):VisualStudioTextEditingActions] Deleting previous '2' characters at the current caret position: '(Ln: 10, Ch: 24)'
    (22:42.695) [Visual Studio Host (11564):TextEditorDocumentWindowTestExtension] Showing window 'BackspaceEndingTag.html' without activating the window.
    (22:42.788) [Visual Studio Host (11564):TextEditorDocumentWindowTestExtension] Showing window 'BackspaceEndingTag.html'.
    + ExternalProcessHostTest TestCleanup
        (22:42.982) [Visual Studio Host (11564):TextEditorDocumentWindowTestExtension] Closing window 'BackspaceEndingTag.html'.
        (22:43.302) [Platform:Testcase] Test 'VSTest_AutoTagNameMatcher_BackspaceEndingTag' has 'Passed' outcome. Therefore, Apex will not shut down the 'Visual Studio Host (11564)' with process ID '11564'. A subsequent test scenario will run on the same instance of the host.
    + Final Test Result Verification
        (22:43.578) [Platform:DelayedAssertionVerifierSink] Verification Success: 0 verification steps failed.
    + ApexTest TestCleanup</StdOut>
      </Output>
      <ResultFiles>
        <ResultFile path="WNVM19648\Fail.azqsczivabnm.png" />
        <ResultFile path="WNVM19648\Fail.ig2gsfz5ad1y.png" />
        <ResultFile path="WNVM19648\Fail.o5zf0zepaw0l.png" />
        <ResultFile path="WNVM19648\OmniLog.html" />
        <ResultFile path="WNVM19648\OmniLogRawXml.xml" />
      </ResultFiles>
    </UnitTestResult>
    <UnitTestResult executionId="00d2f9d9-762f-459b-8370-e38becc26f14" testId="7921cbe5-1dc8-dbea-beed-743cd26260b0" testName="VSTest_ServerIntellisenseCS" computerName="WNVM19648" duration="00:00:04.2008258" startTime="2018-04-17T00:23:04.6336255-07:00" endTime="2018-04-17T00:23:08.8344513-07:00" testType="13cdc9d9-ddb5-4fa4-a97d-d965ccfc6d4b" outcome="Passed" testListId="8c84fa94-04c1-424b-9868-57a2d4851a1d" relativeResultsDirectory="00d2f9d9-762f-459b-8370-e38becc26f14">
      <Output>
        <StdOut>+ ServerIntellisenseTests::VSTest_ServerIntellisenseCS
    + ApexTest TestInitialize
    + ExternalProcessHostTest TestInitialize
        (24:46.001) [Visual Studio Host (11564):RoamingSettingsService] Disabling roaming settings.
        (24:46.076) [Visual Studio Host (11564):SettingsService] Setting Visual Studio option 'Environment\RoamingSettings\RoamingEnabled' to 'False'.
        (24:46.415) [Visual Studio Host (11564):TextEditorDocumentWindowTestExtension] Showing window 'UserControlCS.ascx' without activating the window.
        (24:46.508) [Visual Studio Host (11564):TextEditorDocumentWindowTestExtension] Showing window 'UserControlCS.ascx'.
        (24:46.578) [Visual Studio Host (11564):VisualStudioTextEditorTestExtension] Setting keyboard focus to editor 'UserControlCS.ascx'.
        (24:46.639) [Visual Studio Host (11564):MainWindowService] Activating main window to bring it to the foreground.
        (24:46.730) [Visual Studio Host (11564):MainWindowService] Setting main window state to 'Maximized'.
    (24:47.256) [Visual Studio Host (11564):TextEditorDocumentWindowTestExtension] Showing window 'UserControlCS.ascx' without activating the window.
    (24:47.347) [Visual Studio Host (11564):TextEditorDocumentWindowTestExtension] Showing window 'UserControlCS.ascx'.
    (24:47.424) [Visual Studio Host (11564):KeyboardCommands] Sending the Left key 1 times.
    Warning: (24:47.484) [Visual Studio Host (11564):EditorCommandTarget] Editor 'UserControlCS.ascx' does not have focus, automatically setting focus.
    (24:47.559) [Visual Studio Host (11564):VisualStudioTextEditorTestExtension] Setting keyboard focus to editor 'UserControlCS.ascx'.
    (24:47.715) [Visual Studio Host (11564):TextEditorDocumentWindowTestExtension] Showing window 'UserControlCS.ascx' without activating the window.
    (24:47.773) [Visual Studio Host (11564):TextEditorDocumentWindowTestExtension] Showing window 'UserControlCS.ascx'.
    (24:47.846) [Visual Studio Host (11564):KeyboardCommands] Sending the Return key 1 times.
    (24:48.281) [Visual Studio Host (11564):TextEditorDocumentWindowTestExtension] Showing window 'UserControlCS.ascx' without activating the window.
    (24:48.395) [Visual Studio Host (11564):TextEditorDocumentWindowTestExtension] Showing window 'UserControlCS.ascx'.
    (24:48.822) [Visual Studio Host (11564):TextEditorDocumentWindowTestExtension] Showing window 'UserControlCS.ascx' without activating the window.
    (24:48.923) [Visual Studio Host (11564):TextEditorDocumentWindowTestExtension] Showing window 'UserControlCS.ascx'.
    (24:49.037) [Visual Studio Host (11564):VisualStudioIntellisenseService] Getting the active completion at position '(Ln: 7, Ch: 20)'.
    (24:49.104) [Visual Studio Host (11564):VisualStudioCompletionListTestExtension] Found completion item with name 
    + ExternalProcessHostTest TestCleanup
        (24:49.235) [Visual Studio Host (11564):TextEditorDocumentWindowTestExtension] Closing window 'UserControlCS.ascx'.
        (24:49.442) [Platform:Testcase] Test 'VSTest_ServerIntellisenseCS' has 'Passed' outcome. Therefore, Apex will not shut down the 'Visual Studio Host (11564)' with process ID '11564'. A subsequent test scenario will run on the same instance of the host.
    + Final Test Result Verification
        (24:49.655) [Platform:DelayedAssertionVerifierSink] Verification Success: 0 verification steps failed.
    + ApexTest TestCleanup</StdOut>
      </Output>
      <ResultFiles>
        <ResultFile path="WNVM19648\Fail.azqsczivabnm.png" />
        <ResultFile path="WNVM19648\Fail.ig2gsfz5ad1y.png" />
        <ResultFile path="WNVM19648\Fail.o5zf0zepaw0l.png" />
        <ResultFile path="WNVM19648\OmniLog.html" />
        <ResultFile path="WNVM19648\OmniLogRawXml.xml" />
      </ResultFiles>
    </UnitTestResult>
    <UnitTestResult executionId="082d2578-e99c-4ef4-9725-946864a25ca2" testId="95031c4c-a0e1-b1b5-eba4-5a36d9dd7986" testName="VSTest_Html_DiffViewer (Inline)" computerName="WNVM19648" startTime="2018-04-17T00:14:25.9057723-07:00" endTime="2018-04-17T00:14:25.9057723-07:00" testType="13cdc9d9-ddb5-4fa4-a97d-d965ccfc6d4b" outcome="NotExecuted" testListId="8c84fa94-04c1-424b-9868-57a2d4851a1d" relativeResultsDirectory="082d2578-e99c-4ef4-9725-946864a25ca2">
      <Output>
      </Output>
    </UnitTestResult>
    <UnitTestResult executionId="bdf704de-9211-47ed-8759-989206f9e41f" testId="cf744bf0-9f52-6e91-3362-acdb6c90155c" testName="VSTest_RazorV4SmokeTest" computerName="WNVM19648" duration="00:00:54.8558755" startTime="2018-04-17T01:10:13.4333295-07:00" endTime="2018-04-17T01:11:08.2892050-07:00" testType="13cdc9d9-ddb5-4fa4-a97d-d965ccfc6d4b" outcome="Passed" testListId="8c84fa94-04c1-424b-9868-57a2d4851a1d" relativeResultsDirectory="bdf704de-9211-47ed-8759-989206f9e41f">
      <Output>
        <StdOut>+ CSharpGeneralTests::VSTest_RazorV4SmokeTest
    + ApexTest TestInitialize
    + ExternalProcessHostTest TestInitialize
        (01:11:57.742) [Platform:VenusHost] Compose Batch: 00:00:02.5780550
        (01:12:00.064) [Platform:VenusHost] Host Process is being started. Executable = 'C:\Program Files (x86)\Microsoft Visual Studio\Preview\Enterprise\Common7\IDE\devenv.exe'.
        (01:12:00.204) [Platform:VenusHost] Host Process is started. PID = 8016.
        (01:12:00.392) [Platform:VenusHost] Host process 'devenv' (id: 8016) is now idle/ready.
        (01:12:04.220) [Platform:Microsoft.Test.Apex.Hosts.Services.RemoteServiceInitializer] Using remote code injector service 'RemoteCodeInjectorService' for the operation 'ManagedAuto'.
        + Visual Studio Host Creation
            (01:12:13.189) [Platform:Testcase] Target Executable: 'C:\Program Files (x86)\Microsoft Visual Studio\Preview\Enterprise\Common7\IDE\devenv.exe'.
            (01:12:13.360) [Platform:Testcase] Process Id: '8016'.
            (01:12:13.501) [Platform:Testcase] UI Culture: 'English (United States)'.
            (01:12:13.673) [Platform:Testcase] Build Number: '15.0.27615'.
        (01:12:14.188) [Visual Studio Host (8016):RoamingSettingsService] Disabling roaming settings.
        (01:12:14.329) [Visual Studio Host (8016):SettingsService] Setting Visual Studio option 'Environment\RoamingSettings\RoamingEnabled' to 'False'.
        (01:12:16.704) [Visual Studio Host (8016):SolutionService] Opening solution file 'file:///C:/TestBin/IntegrationTests/MS.VS.Web.Editors/webs/misc.sln' with asynchronous load data available.  WaitForFullyLoadedOnOpen set to 'True'. Apex will wait for all async project loads to complete before proceeding.
            (01:12:16.892) [Visual Studio Host (8016):SolutionService] Solution load behavior is set to 'Realtime'.
        + Waiting for the solution to fully load.
        (01:12:36.894) [Visual Studio Host (8016):TextEditorDocumentWindowTestExtension] Showing window 'SmokeTest.cshtml' without activating the window.
        (01:12:37.430) [Visual Studio Host (8016):TextEditorDocumentWindowTestExtension] Showing window 'SmokeTest.cshtml'.
        (01:12:38.543) [Visual Studio Host (8016):VisualStudioTextEditorTestExtension] Setting keyboard focus to editor 'SmokeTest.cshtml'.
        (01:12:39.355) [Visual Studio Host (8016):MainWindowService] Activating main window to bring it to the foreground.
        (01:12:39.930) [Visual Studio Host (8016):MainWindowService] Setting main window state to 'Maximized'.
    (01:12:41.065) [Visual Studio Host (8016):TextEditorDocumentWindowTestExtension] Showing window 'SmokeTest.cshtml' without activating the window.
    (01:12:41.451) [Visual Studio Host (8016):TextEditorDocumentWindowTestExtension] Showing window 'SmokeTest.cshtml'.
    (01:12:41.782) [Visual Studio Host (8016):VisualStudioCaretTestExtension] Moving the caret from (Ln: 1, Ch: 1) to (Ln: 2, Ch: 1)
    (01:12:42.261) [Visual Studio Host (8016):TextEditorDocumentWindowTestExtension] Showing window 'SmokeTest.cshtml' without activating the window.
    (01:12:42.538) [Visual Studio Host (8016):TextEditorDocumentWindowTestExtension] Showing window 'SmokeTest.cshtml'.
    (01:12:42.832) [Visual Studio Host (8016):VisualStudioCaretTestExtension] Moving the caret from (Ln: 2, Ch: 1) to the end of the line
    (01:12:43.040) [Visual Studio Host (8016):VisualStudioTextEditorTestExtension] Setting keyboard focus to editor 'SmokeTest.cshtml'.
    (01:12:43.266) [Visual Studio Host (8016):TextEditorDocumentWindowTestExtension] Showing window 'SmokeTest.cshtml' without activating the window.
    (01:12:43.436) [Visual Studio Host (8016):TextEditorDocumentWindowTestExtension] Showing window 'SmokeTest.cshtml'.
    (01:12:43.597) [Visual Studio Host (8016):KeyboardCommands] Sending the Return key 1 times.
    (01:12:43.992) [Visual Studio Host (8016):TextEditorDocumentWindowTestExtension] Showing window 'SmokeTest.cshtml' without activating the window.
    (01:12:44.152) [Visual Studio Host (8016):TextEditorDocumentWindowTestExtension] Showing window 'SmokeTest.cshtml'.
    (01:12:44.732) [Visual Studio Host (8016):TextEditorDocumentWindowTestExtension] Showing window 'SmokeTest.cshtml' without activating the window.
    (01:12:44.990) [Visual Studio Host (8016):TextEditorDocumentWindowTestExtension] Showing window 'SmokeTest.cshtml'.
    (01:12:45.200) [Visual Studio Host (8016):VisualStudioIntellisenseService] Getting the active completion at position '(Ln: 3, Ch: 25)'.
    (01:12:45.355) [Visual Studio Host (8016):VisualStudioCompletionListTestExtension] Found completion item with name 
    (01:12:45.506) [Visual Studio Host (8016):VisualStudioIntellisenseService] Getting the active completion at position '(Ln: 3, Ch: 25)'.
    (01:12:45.756) [Visual Studio Host (8016):VisualStudioCompletionListTestExtension] Found completion item with name 
    (01:12:45.888) [Visual Studio Host (8016):VisualStudioCompletionListTestExtension] Selecting completion item 'Now'.
    (01:12:46.055) [Visual Studio Host (8016):VisualStudioCompletionListTestExtension] Committing 'Now' completion item.
    (01:12:46.268) [Visual Studio Host (8016):TextEditorDocumentWindowTestExtension] Showing window 'SmokeTest.cshtml' without activating the window.
    (01:12:46.401) [Visual Studio Host (8016):TextEditorDocumentWindowTestExtension] Showing window 'SmokeTest.cshtml'.
    (01:12:46.738) [Visual Studio Host (8016):TextEditorDocumentWindowTestExtension] Showing window 'SmokeTest.cshtml' without activating the window.
    (01:12:46.875) [Visual Studio Host (8016):TextEditorDocumentWindowTestExtension] Showing window 'SmokeTest.cshtml'.
    (01:12:47.072) [Visual Studio Host (8016):TextEditorDocumentWindowTestExtension] Showing window 'SmokeTest.cshtml' without activating the window.
    (01:12:47.216) [Visual Studio Host (8016):TextEditorDocumentWindowTestExtension] Showing window 'SmokeTest.cshtml'.
    (01:12:47.406) [Visual Studio Host (8016):VisualStudioClassificationTestExtension] Retrieved '13' classifications in the editor.
    + ExternalProcessHostTest TestCleanup
        (01:12:47.776) [Visual Studio Host (8016):TextEditorDocumentWindowTestExtension] Closing window 'SmokeTest.cshtml'.
        (01:12:48.194) [Platform:Testcase] Test 'VSTest_RazorV4SmokeTest' has 'Passed' outcome. Therefore, Apex will not shut down the 'Visual Studio Host (8016)' with process ID '8016'. A subsequent test scenario will run on the same instance of the host.
    + Final Test Result Verification
        (01:12:48.621) [Platform:DelayedAssertionVerifierSink] Verification Success: 0 verification steps failed.
    + ApexTest TestCleanup</StdOut>
      </Output>
    </UnitTestResult>
    <UnitTestResult executionId="d67b7ef3-abd0-4d27-b797-501b19b1224c" testId="db95570e-7071-767f-bb7b-ccc4770d2972" testName="VSTest_Validate_Xhtml5ValidationWithErrorsAsWarningsTrue" computerName="WNVM19648" duration="00:00:08.0290689" startTime="2018-04-17T00:48:04.8152971-07:00" endTime="2018-04-17T00:48:12.8443660-07:00" testType="13cdc9d9-ddb5-4fa4-a97d-d965ccfc6d4b" outcome="Passed" testListId="8c84fa94-04c1-424b-9868-57a2d4851a1d" relativeResultsDirectory="d67b7ef3-abd0-4d27-b797-501b19b1224c">
      <Output>
        <StdOut>+ ValidationTests::VSTest_Validate_Xhtml5ValidationWithErrorsAsWarningsTrue
    + ApexTest TestInitialize
    + ExternalProcessHostTest TestInitialize
        (49:46.466) [Visual Studio Host (9888):RoamingSettingsService] Disabling roaming settings.
        (49:46.588) [Visual Studio Host (9888):SettingsService] Setting Visual Studio option 'Environment\RoamingSettings\RoamingEnabled' to 'False'.
        (49:46.908) [Visual Studio Host (9888):TextEditorDocumentWindowTestExtension] Showing window 'xhtml5invalid.htm' without activating the window.
        (49:47.058) [Visual Studio Host (9888):TextEditorDocumentWindowTestExtension] Showing window 'xhtml5invalid.htm'.
        (49:47.192) [Visual Studio Host (9888):VisualStudioTextEditorTestExtension] Setting keyboard focus to editor 'xhtml5invalid.htm'.
        (49:47.366) [Visual Studio Host (9888):MainWindowService] Activating main window to bring it to the foreground.
        (49:47.503) [Visual Studio Host (9888):MainWindowService] Setting main window state to 'Maximized'.
    (49:47.770) [Visual Studio Host (9888):EditorsResourceStringService] Fetched resource value as regular expression: []
    (49:47.896) [Visual Studio Host (9888):EditorsResourceStringService] Fetched resource value as regular expression: []
    (49:48.023) [Visual Studio Host (9888):EditorsResourceStringService] Fetched resource value as regular expression: []
    (49:48.164) [Visual Studio Host (9888):EditorsResourceStringService] Fetched resource value as regular expression: []
    (49:48.292) [Visual Studio Host (9888):EditorsResourceStringService] Fetched resource value as regular expression: []
    (49:48.424) [Visual Studio Host (9888):TextEditorDocumentWindowTestExtension] Showing window 'xhtml5invalid.htm' without activating the window.
    (49:48.560) [Visual Studio Host (9888):TextEditorDocumentWindowTestExtension] Showing window 'xhtml5invalid.htm'.
    (49:48.707) [Visual Studio Host (9888):ToolWindowTestExtension] Showing window 'Error List' without activating the window.
    (49:48.856) [Visual Studio Host (9888):ToolWindowTestExtension] Showing window 'Error List' without activating the window.
    (49:49.019) [Visual Studio Host (9888):ErrorListService] Showing error list error items.
    (49:49.186) [Visual Studio Host (9888):ToolWindowTestExtension] Showing window 'Error List' without activating the window.
    (49:49.341) [Visual Studio Host (9888):ErrorListService] Showing error list message items.
    (49:49.484) [Visual Studio Host (9888):ToolWindowTestExtension] Showing window 'Error List' without activating the window.
    (49:49.619) [Visual Studio Host (9888):ErrorListService] Showing error list warning items.
    (49:51.796) [Visual Studio Host (9888):TextEditorDocumentWindowTestExtension] Showing window 'xhtml5invalid.htm' without activating the window.
    (49:51.970) [Visual Studio Host (9888):TextEditorDocumentWindowTestExtension] Showing window 'xhtml5invalid.htm'.
    + ExternalProcessHostTest TestCleanup
        (49:52.294) [Visual Studio Host (9888):TextEditorDocumentWindowTestExtension] Closing window 'xhtml5invalid.htm'.
        (49:52.572) [Platform:Testcase] Test 'VSTest_Validate_Xhtml5ValidationWithErrorsAsWarningsTrue' has 'Passed' outcome. Therefore, Apex will not shut down the 'Visual Studio Host (9888)' with process ID '9888'. A subsequent test scenario will run on the same instance of the host.
    + Final Test Result Verification
        (49:53.078) [Platform:DelayedAssertionVerifierSink] Verification Success: 0 verification steps failed.
    + ApexTest TestCleanup</StdOut>
      </Output>
      <ResultFiles>
        <ResultFile path="WNVM19648\Fail.azqsczivabnm.png" />
        <ResultFile path="WNVM19648\Fail.ig2gsfz5ad1y.png" />
        <ResultFile path="WNVM19648\Fail.o5zf0zepaw0l.png" />
        <ResultFile path="WNVM19648\Fail.z10rn0n5ajdm.png" />
        <ResultFile path="WNVM19648\OmniLog.html" />
        <ResultFile path="WNVM19648\OmniLogRawXml.xml" />
      </ResultFiles>
    </UnitTestResult>
    <UnitTestResult executionId="d9b98c05-aa47-410f-922c-bddd4784ad45" testId="b8db0d1e-a93b-7796-5023-24bde3583ffb" testName="VSTest_Html_DiffViewer (SideBySide)" computerName="WNVM19648" startTime="2018-04-17T00:14:25.9057723-07:00" endTime="2018-04-17T00:14:25.9057723-07:00" testType="13cdc9d9-ddb5-4fa4-a97d-d965ccfc6d4b" outcome="NotExecuted" testListId="8c84fa94-04c1-424b-9868-57a2d4851a1d" relativeResultsDirectory="d9b98c05-aa47-410f-922c-bddd4784ad45">
      <Output>
      </Output>
    </UnitTestResult>
    <UnitTestResult executionId="d490d8e8-a7a1-443c-bc15-802e1a6db20b" testId="a45b0824-f6c0-b04a-b5b9-04fb4a8bbc68" testName="VSTest_RazorV3Completion_LastUsedCompletionItem" computerName="WNVM19648" duration="00:00:15.5159765" startTime="2018-04-17T01:11:08.2892050-07:00" endTime="2018-04-17T01:11:23.8051815-07:00" testType="13cdc9d9-ddb5-4fa4-a97d-d965ccfc6d4b" outcome="Passed" testListId="8c84fa94-04c1-424b-9868-57a2d4851a1d" relativeResultsDirectory="d490d8e8-a7a1-443c-bc15-802e1a6db20b">
      <Output>
        <StdOut>+ CSharpGeneralTests::VSTest_RazorV3Completion_LastUsedCompletionItem
    + ApexTest TestInitialize
    + ExternalProcessHostTest TestInitialize
        (01:12:50.103) [Visual Studio Host (8016):RoamingSettingsService] Disabling roaming settings.
        (01:12:50.276) [Visual Studio Host (8016):SettingsService] Setting Visual Studio option 'Environment\RoamingSettings\RoamingEnabled' to 'False'.
        (01:12:50.856) [Visual Studio Host (8016):TextEditorDocumentWindowTestExtension] Showing window 'Default.cshtml' without activating the window.
        (01:12:51.014) [Visual Studio Host (8016):TextEditorDocumentWindowTestExtension] Showing window 'Default.cshtml'.
        (01:12:51.158) [Visual Studio Host (8016):VisualStudioTextEditorTestExtension] Setting keyboard focus to editor 'Default.cshtml'.
        (01:12:51.290) [Visual Studio Host (8016):MainWindowService] Activating main window to bring it to the foreground.
        (01:12:51.424) [Visual Studio Host (8016):MainWindowService] Setting main window state to 'Maximized'.
    (01:12:51.772) [Visual Studio Host (8016):TextEditorDocumentWindowTestExtension] Showing window 'Default.cshtml' without activating the window.
    (01:12:51.955) [Visual Studio Host (8016):TextEditorDocumentWindowTestExtension] Showing window 'Default.cshtml'.
    (01:12:52.135) [Visual Studio Host (8016):VisualStudioCaretTestExtension] Moving the caret from (Ln: 1, Ch: 1) to the end of the file
    (01:12:52.304) [Visual Studio Host (8016):VisualStudioTextEditorTestExtension] Setting keyboard focus to editor 'Default.cshtml'.
    (01:12:52.525) [Visual Studio Host (8016):TextEditorDocumentWindowTestExtension] Showing window 'Default.cshtml' without activating the window.
    (01:12:52.703) [Visual Studio Host (8016):TextEditorDocumentWindowTestExtension] Showing window 'Default.cshtml'.
    (01:12:52.911) [Visual Studio Host (8016):VisualStudioTextEditingActions] Inserting text: '&lt;p&gt;@' at the current caret position: '(Ln: 5, Ch: 1)'
    (01:12:55.024) [Visual Studio Host (8016):TextEditorDocumentWindowTestExtension] Showing window 'Default.cshtml' without activating the window.
    (01:12:56.442) [Visual Studio Host (8016):TextEditorDocumentWindowTestExtension] Showing window 'Default.cshtml'.
    (01:12:58.097) [Visual Studio Host (8016):VisualStudioTextEditingActions] Inserting text: 'tru' at the current caret position: '(Ln: 5, Ch: 5)'
    (01:12:58.286) [Visual Studio Host (8016):TextEditorDocumentWindowTestExtension] Showing window 'Default.cshtml' without activating the window.
    (01:12:58.556) [Visual Studio Host (8016):TextEditorDocumentWindowTestExtension] Showing window 'Default.cshtml'.
    (01:12:58.763) [Visual Studio Host (8016):VisualStudioIntellisenseService] Getting the active completion at position '(Ln: 5, Ch: 8)'.
    (01:12:58.948) [Visual Studio Host (8016):VisualStudioCompletionListTestExtension] Found completion item with name 
    (01:12:59.105) [Visual Studio Host (8016):VisualStudioIntellisenseService] Getting the active completion at position '(Ln: 5, Ch: 8)'.
    (01:12:59.256) [Visual Studio Host (8016):VisualStudioCompletionListTestExtension] Found completion item with name 
    (01:12:59.440) [Visual Studio Host (8016):TextEditorDocumentWindowTestExtension] Showing window 'Default.cshtml' without activating the window.
    (01:12:59.604) [Visual Studio Host (8016):TextEditorDocumentWindowTestExtension] Showing window 'Default.cshtml'.
    (01:12:59.781) [Visual Studio Host (8016):VisualStudioIntellisenseService] Getting the active completion at position '(Ln: 5, Ch: 8)'.
    (01:12:59.981) [Visual Studio Host (8016):VisualStudioCompletionListTestExtension] Committing 'true' completion item.
    (01:13:00.197) [Visual Studio Host (8016):TextEditorDocumentWindowTestExtension] Showing window 'Default.cshtml' without activating the window.
    (01:13:00.367) [Visual Studio Host (8016):TextEditorDocumentWindowTestExtension] Showing window 'Default.cshtml'.
    (01:13:00.545) [Visual Studio Host (8016):VisualStudioTextEditingActions] Deleting previous '5' characters at the current caret position: '(Ln: 5, Ch: 9)'
    (01:13:00.775) [Visual Studio Host (8016):TextEditorDocumentWindowTestExtension] Showing window 'Default.cshtml' without activating the window.
    (01:13:00.974) [Visual Studio Host (8016):TextEditorDocumentWindowTestExtension] Showing window 'Default.cshtml'.
    (01:13:01.179) [Visual Studio Host (8016):VisualStudioTextEditingActions] Inserting text: '@' at the current caret position: '(Ln: 5, Ch: 4)'
    (01:13:01.510) [Visual Studio Host (8016):TextEditorDocumentWindowTestExtension] Showing window 'Default.cshtml' without activating the window.
    (01:13:01.691) [Visual Studio Host (8016):TextEditorDocumentWindowTestExtension] Showing window 'Default.cshtml'.
    (01:13:01.878) [Visual Studio Host (8016):VisualStudioIntellisenseService] Did not find an active completion session. Please use Verify.IsCompletionListPresent() to make sure that the list is present before requesting the completion session.
    Warning: (01:13:02.046) [Visual Studio Host (8016):VisualStudioIntellisenseService] No active completion sessions were found for editor 'Default.cshtml'.
    (01:13:02.225) [Visual Studio Host (8016):TextEditorDocumentWindowTestExtension] Showing window 'Default.cshtml' without activating the window.
    (01:13:02.404) [Visual Studio Host (8016):TextEditorDocumentWindowTestExtension] Showing window 'Default.cshtml'.
    (01:13:02.643) [Visual Studio Host (8016):VisualStudioTextEditingActions] Inserting text: '(' at the current caret position: '(Ln: 5, Ch: 5)'
    (01:13:02.861) [Visual Studio Host (8016):TextEditorDocumentWindowTestExtension] Showing window 'Default.cshtml' without activating the window.
    (01:13:03.004) [Visual Studio Host (8016):TextEditorDocumentWindowTestExtension] Showing window 'Default.cshtml'.
    + ExternalProcessHostTest TestCleanup
        (01:13:03.322) [Visual Studio Host (8016):TextEditorDocumentWindowTestExtension] Closing window 'Default.cshtml'.
        (01:13:03.626) [Platform:Testcase] Test 'VSTest_RazorV3Completion_LastUsedCompletionItem' has 'Passed' outcome. Therefore, Apex will not shut down the 'Visual Studio Host (8016)' with process ID '8016'. A subsequent test scenario will run on the same instance of the host.
    + Final Test Result Verification
        (01:13:04.159) [Platform:DelayedAssertionVerifierSink] Verification Success: 0 verification steps failed.
    + ApexTest TestCleanup</StdOut>
      </Output>
      <ResultFiles>
        <ResultFile path="WNVM19648\Fail.azqsczivabnm.png" />
        <ResultFile path="WNVM19648\Fail.ig2gsfz5ad1y.png" />
        <ResultFile path="WNVM19648\Fail.o5zf0zepaw0l.png" />
        <ResultFile path="WNVM19648\Fail.raasvsmeanc1.png" />
        <ResultFile path="WNVM19648\Fail.t4yj0fxuatil.png" />
        <ResultFile path="WNVM19648\Fail.z10rn0n5ajdm.png" />
        <ResultFile path="WNVM19648\OmniLog.html" />
        <ResultFile path="WNVM19648\OmniLogRawXml.xml" />
      </ResultFiles>
    </UnitTestResult>
    <UnitTestResult executionId="dd892f67-69cd-4fae-bc1f-edf60393f399" testId="c4eb4f00-b7bb-0116-fa67-c3540cab4c5e" testName="VSTest_SmartIndentInCSharpRazorInsideForBlock" computerName="WNVM19648" duration="00:00:06.0916316" startTime="2018-04-17T00:24:28.4369417-07:00" endTime="2018-04-17T00:24:34.5285733-07:00" testType="13cdc9d9-ddb5-4fa4-a97d-d965ccfc6d4b" outcome="Passed" testListId="8c84fa94-04c1-424b-9868-57a2d4851a1d" relativeResultsDirectory="dd892f67-69cd-4fae-bc1f-edf60393f399">
      <Output>
        <StdOut>+ SmartIndentTests::VSTest_SmartIndentInCSharpRazorInsideForBlock
    + ApexTest TestInitialize
    + ExternalProcessHostTest TestInitialize
        (26:09.769) [Visual Studio Host (11564):RoamingSettingsService] Disabling roaming settings.
        (26:09.813) [Visual Studio Host (11564):SettingsService] Setting Visual Studio option 'Environment\RoamingSettings\RoamingEnabled' to 'False'.
        (26:10.074) [Visual Studio Host (11564):TextEditorDocumentWindowTestExtension] Showing window 'SmartIndentInCSharpRazorInsideForBlock.cshtml' without activating the window.
        (26:10.164) [Visual Studio Host (11564):TextEditorDocumentWindowTestExtension] Showing window 'SmartIndentInCSharpRazorInsideForBlock.cshtml'.
        (26:10.228) [Visual Studio Host (11564):VisualStudioTextEditorTestExtension] Setting keyboard focus to editor 'SmartIndentInCSharpRazorInsideForBlock.cshtml'.
        (26:10.279) [Visual Studio Host (11564):SettingsService] Getting value of Visual Studio Setting 'TextEditor\HTMLX\BraceCompletion'. 
        (26:10.347) [Visual Studio Host (11564):SettingsService] Setting Visual Studio option 'TextEditor\HTMLX\BraceCompletion' to 'False'.
        (26:10.411) [Visual Studio Host (11564):MainWindowService] Activating main window to bring it to the foreground.
        (26:10.552) [Visual Studio Host (11564):MainWindowService] Setting main window state to 'Maximized'.
    (26:10.704) [Visual Studio Host (11564):TextEditorDocumentWindowTestExtension] Showing window 'SmartIndentInCSharpRazorInsideForBlock.cshtml' without activating the window.
    (26:10.755) [Visual Studio Host (11564):TextEditorDocumentWindowTestExtension] Showing window 'SmartIndentInCSharpRazorInsideForBlock.cshtml'.
    (26:10.941) [Visual Studio Host (11564):TextEditorDocumentWindowTestExtension] Showing window 'SmartIndentInCSharpRazorInsideForBlock.cshtml' without activating the window.
    (26:11.023) [Visual Studio Host (11564):TextEditorDocumentWindowTestExtension] Showing window 'SmartIndentInCSharpRazorInsideForBlock.cshtml'.
    (26:11.104) [Visual Studio Host (11564):KeyboardCommands] Sending the Return key 1 times.
    (26:11.193) [Visual Studio Host (11564):TextEditorDocumentWindowTestExtension] Showing window 'SmartIndentInCSharpRazorInsideForBlock.cshtml' without activating the window.
    (26:11.256) [Visual Studio Host (11564):TextEditorDocumentWindowTestExtension] Showing window 'SmartIndentInCSharpRazorInsideForBlock.cshtml'.
    (26:11.399) [Visual Studio Host (11564):TextEditorDocumentWindowTestExtension] Showing window 'SmartIndentInCSharpRazorInsideForBlock.cshtml' without activating the window.
    (26:11.464) [Visual Studio Host (11564):TextEditorDocumentWindowTestExtension] Showing window 'SmartIndentInCSharpRazorInsideForBlock.cshtml'.
    (26:11.825) [Visual Studio Host (11564):TextEditorDocumentWindowTestExtension] Showing window 'SmartIndentInCSharpRazorInsideForBlock.cshtml' without activating the window.
    (26:11.880) [Visual Studio Host (11564):TextEditorDocumentWindowTestExtension] Showing window 'SmartIndentInCSharpRazorInsideForBlock.cshtml'.
    (26:11.967) [Visual Studio Host (11564):KeyboardCommands] Sending the Return key 1 times.
    (26:12.259) [Visual Studio Host (11564):TextEditorDocumentWindowTestExtension] Showing window 'SmartIndentInCSharpRazorInsideForBlock.cshtml' without activating the window.
    (26:12.311) [Visual Studio Host (11564):TextEditorDocumentWindowTestExtension] Showing window 'SmartIndentInCSharpRazorInsideForBlock.cshtml'.
    (26:12.660) [Visual Studio Host (11564):TextEditorDocumentWindowTestExtension] Showing window 'SmartIndentInCSharpRazorInsideForBlock.cshtml' without activating the window.
    (26:12.725) [Visual Studio Host (11564):TextEditorDocumentWindowTestExtension] Showing window 'SmartIndentInCSharpRazorInsideForBlock.cshtml'.
    (26:12.795) [Visual Studio Host (11564):TextEditorDocumentWindowTestExtension] Showing window 'SmartIndentInCSharpRazorInsideForBlock.cshtml' without activating the window.
    (26:12.849) [Visual Studio Host (11564):TextEditorDocumentWindowTestExtension] Showing window 'SmartIndentInCSharpRazorInsideForBlock.cshtml'.
    (26:12.919) [Visual Studio Host (11564):VisualStudioCaretTestExtension] Moving the caret from (Ln: 4, Ch: 6) up '1' lines
    (26:12.981) [Visual Studio Host (11564):VisualStudioTextEditorTestExtension] Setting keyboard focus to editor 'SmartIndentInCSharpRazorInsideForBlock.cshtml'.
    (26:13.078) [Visual Studio Host (11564):TextEditorDocumentWindowTestExtension] Showing window 'SmartIndentInCSharpRazorInsideForBlock.cshtml' without activating the window.
    (26:13.179) [Visual Studio Host (11564):TextEditorDocumentWindowTestExtension] Showing window 'SmartIndentInCSharpRazorInsideForBlock.cshtml'.
    (26:13.273) [Visual Studio Host (11564):TextEditorDocumentWindowTestExtension] Showing window 'SmartIndentInCSharpRazorInsideForBlock.cshtml' without activating the window.
    (26:13.350) [Visual Studio Host (11564):TextEditorDocumentWindowTestExtension] Showing window 'SmartIndentInCSharpRazorInsideForBlock.cshtml'.
    (26:13.416) [Visual Studio Host (11564):KeyboardCommands] Sending the Return key 1 times.
    (26:13.518) [Visual Studio Host (11564):TextEditorDocumentWindowTestExtension] Showing window 'SmartIndentInCSharpRazorInsideForBlock.cshtml' without activating the window.
    (26:13.594) [Visual Studio Host (11564):TextEditorDocumentWindowTestExtension] Showing window 'SmartIndentInCSharpRazorInsideForBlock.cshtml'.
    (26:13.666) [Visual Studio Host (11564):TextEditorDocumentWindowTestExtension] Showing window 'SmartIndentInCSharpRazorInsideForBlock.cshtml' without activating the window.
    (26:13.729) [Visual Studio Host (11564):TextEditorDocumentWindowTestExtension] Showing window 'SmartIndentInCSharpRazorInsideForBlock.cshtml'.
    (26:14.255) [Visual Studio Host (11564):TextEditorDocumentWindowTestExtension] Showing window 'SmartIndentInCSharpRazorInsideForBlock.cshtml' without activating the window.
    (26:14.304) [Visual Studio Host (11564):TextEditorDocumentWindowTestExtension] Showing window 'SmartIndentInCSharpRazorInsideForBlock.cshtml'.
    (26:14.449) [Visual Studio Host (11564):TextEditorDocumentWindowTestExtension] Showing window 'SmartIndentInCSharpRazorInsideForBlock.cshtml' without activating the window.
    (26:14.510) [Visual Studio Host (11564):TextEditorDocumentWindowTestExtension] Showing window 'SmartIndentInCSharpRazorInsideForBlock.cshtml'.
    + ExternalProcessHostTest TestCleanup
        (26:14.643) [Visual Studio Host (11564):SettingsService] Setting Visual Studio option 'TextEditor\HTMLX\BraceCompletion' to 'True'.
        (26:14.797) [Visual Studio Host (11564):TextEditorDocumentWindowTestExtension] Closing window 'SmartIndentInCSharpRazorInsideForBlock.cshtml'.
        (26:15.058) [Platform:Testcase] Test 'VSTest_SmartIndentInCSharpRazorInsideForBlock' has 'Passed' outcome. Therefore, Apex will not shut down the 'Visual Studio Host (11564)' with process ID '11564'. A subsequent test scenario will run on the same instance of the host.
    + Final Test Result Verification
        (26:15.294) [Platform:DelayedAssertionVerifierSink] Verification Success: 0 verification steps failed.
    + ApexTest TestCleanup</StdOut>
      </Output>
      <ResultFiles>
        <ResultFile path="WNVM19648\Fail.azqsczivabnm.png" />
        <ResultFile path="WNVM19648\Fail.ig2gsfz5ad1y.png" />
        <ResultFile path="WNVM19648\Fail.o5zf0zepaw0l.png" />
        <ResultFile path="WNVM19648\OmniLog.html" />
        <ResultFile path="WNVM19648\OmniLogRawXml.xml" />
      </ResultFiles>
    </UnitTestResult>
    <UnitTestResult executionId="15f9ca29-fe84-4a23-a4ba-4d98644b7407" testId="71e2bb8d-e6ac-ade4-cf11-a6623f27d8a7" testName="VSTest_Validate_Html5ImplicitBodyTag" computerName="WNVM19648" duration="00:00:07.4904447" startTime="2018-04-17T00:48:28.9504518-07:00" endTime="2018-04-17T00:48:36.4408965-07:00" testType="13cdc9d9-ddb5-4fa4-a97d-d965ccfc6d4b" outcome="Passed" testListId="8c84fa94-04c1-424b-9868-57a2d4851a1d" relativeResultsDirectory="15f9ca29-fe84-4a23-a4ba-4d98644b7407">
      <Output>
        <StdOut>+ ValidationTests::VSTest_Validate_Html5ImplicitBodyTag
    + ApexTest TestInitialize
    + ExternalProcessHostTest TestInitialize
        (50:10.722) [Visual Studio Host (9888):RoamingSettingsService] Disabling roaming settings.
        (50:10.907) [Visual Studio Host (9888):SettingsService] Setting Visual Studio option 'Environment\RoamingSettings\RoamingEnabled' to 'False'.
        (50:11.345) [Visual Studio Host (9888):TextEditorDocumentWindowTestExtension] Showing window 'html5implicitbodytag.html' without activating the window.
        (50:11.527) [Visual Studio Host (9888):TextEditorDocumentWindowTestExtension] Showing window 'html5implicitbodytag.html'.
        (50:11.710) [Visual Studio Host (9888):VisualStudioTextEditorTestExtension] Setting keyboard focus to editor 'html5implicitbodytag.html'.
        (50:11.878) [Visual Studio Host (9888):MainWindowService] Activating main window to bring it to the foreground.
        (50:12.036) [Visual Studio Host (9888):MainWindowService] Setting main window state to 'Maximized'.
    (50:12.304) [Visual Studio Host (9888):TextEditorDocumentWindowTestExtension] Showing window 'html5implicitbodytag.html' without activating the window.
    (50:12.461) [Visual Studio Host (9888):TextEditorDocumentWindowTestExtension] Showing window 'html5implicitbodytag.html'.
    (50:12.935) [Visual Studio Host (9888):ToolWindowTestExtension] Showing window 'Error List' without activating the window.
    (50:13.064) [Visual Studio Host (9888):ErrorListService] Showing error list error items.
    (50:13.195) [Visual Studio Host (9888):ToolWindowTestExtension] Showing window 'Error List' without activating the window.
    (50:13.332) [Visual Studio Host (9888):ErrorListService] Showing error list message items.
    (50:13.498) [Visual Studio Host (9888):ToolWindowTestExtension] Showing window 'Error List' without activating the window.
    (50:13.690) [Visual Studio Host (9888):ErrorListService] Showing error list warning items.
    (50:15.849) [Visual Studio Host (9888):TextEditorDocumentWindowTestExtension] Showing window 'html5implicitbodytag.html' without activating the window.
    (50:15.980) [Visual Studio Host (9888):TextEditorDocumentWindowTestExtension] Showing window 'html5implicitbodytag.html'.
    + ExternalProcessHostTest TestCleanup
        (50:16.243) [Visual Studio Host (9888):TextEditorDocumentWindowTestExtension] Closing window 'html5implicitbodytag.html'.
        (50:16.437) [Platform:Testcase] Test 'VSTest_Validate_Html5ImplicitBodyTag' has 'Passed' outcome. Therefore, Apex will not shut down the 'Visual Studio Host (9888)' with process ID '9888'. A subsequent test scenario will run on the same instance of the host.
    + Final Test Result Verification
        (50:16.892) [Platform:DelayedAssertionVerifierSink] Verification Success: 0 verification steps failed.
    + ApexTest TestCleanup</StdOut>
      </Output>
      <ResultFiles>
        <ResultFile path="WNVM19648\Fail.azqsczivabnm.png" />
        <ResultFile path="WNVM19648\Fail.ig2gsfz5ad1y.png" />
        <ResultFile path="WNVM19648\Fail.o5zf0zepaw0l.png" />
        <ResultFile path="WNVM19648\Fail.z10rn0n5ajdm.png" />
        <ResultFile path="WNVM19648\OmniLog.html" />
        <ResultFile path="WNVM19648\OmniLogRawXml.xml" />
      </ResultFiles>
    </UnitTestResult>
    <UnitTestResult executionId="50affc2a-fb2a-4119-acd3-43664008d77c" testId="ac7f2b22-b05c-64c2-aa6c-0501b0d8bc20" testName="VSTest_Completion_ScriptTypeAttribute" computerName="WNVM19648" duration="00:00:03.6639056" startTime="2018-04-17T00:16:52.2056222-07:00" endTime="2018-04-17T00:16:55.8695278-07:00" testType="13cdc9d9-ddb5-4fa4-a97d-d965ccfc6d4b" outcome="Passed" testListId="8c84fa94-04c1-424b-9868-57a2d4851a1d" relativeResultsDirectory="50affc2a-fb2a-4119-acd3-43664008d77c">
      <Output>
        <StdOut>+ CompletionTests::VSTest_Completion_ScriptTypeAttribute
    + ApexTest TestInitialize
    + ExternalProcessHostTest TestInitialize
        (18:33.510) [Visual Studio Host (6956):RoamingSettingsService] Disabling roaming settings.
        (18:33.552) [Visual Studio Host (6956):SettingsService] Setting Visual Studio option 'Environment\RoamingSettings\RoamingEnabled' to 'False'.
        (18:33.849) [Visual Studio Host (6956):TextEditorDocumentWindowTestExtension] Showing window 'Completion.html' without activating the window.
        (18:33.919) [Visual Studio Host (6956):TextEditorDocumentWindowTestExtension] Showing window 'Completion.html'.
        (18:34.027) [Visual Studio Host (6956):VisualStudioTextEditorTestExtension] Setting keyboard focus to editor 'Completion.html'.
        (18:34.082) [Visual Studio Host (6956):MainWindowService] Activating main window to bring it to the foreground.
        (18:34.165) [Visual Studio Host (6956):MainWindowService] Setting main window state to 'Maximized'.
    (18:34.319) [Visual Studio Host (6956):TextEditorDocumentWindowTestExtension] Showing window 'Completion.html' without activating the window.
    (18:34.384) [Visual Studio Host (6956):TextEditorDocumentWindowTestExtension] Showing window 'Completion.html'.
    (18:34.482) [Visual Studio Host (6956):VisualStudioCaretTestExtension] Moving the caret to '&lt;body&gt;' at (Ln: 13, Ch: 1) based on a regular expression.  Expression = "&lt;body&gt;" [group index '0', match index '1', options 'Singleline, CultureInvariant']
    (18:34.675) [Visual Studio Host (6956):TextEditorDocumentWindowTestExtension] Showing window 'Completion.html' without activating the window.
    (18:34.839) [Visual Studio Host (6956):TextEditorDocumentWindowTestExtension] Showing window 'Completion.html'.
    (18:35.005) [Visual Studio Host (6956):VisualStudioCaretTestExtension] Moving the caret from (Ln: 13, Ch: 1) down '1' lines
    (18:35.070) [Visual Studio Host (6956):VisualStudioTextEditorTestExtension] Setting keyboard focus to editor 'Completion.html'.
    (18:35.135) [Visual Studio Host (6956):TextEditorDocumentWindowTestExtension] Showing window 'Completion.html' without activating the window.
    (18:35.211) [Visual Studio Host (6956):TextEditorDocumentWindowTestExtension] Showing window 'Completion.html'.
    (18:35.280) [Visual Studio Host (6956):VisualStudioTextEditingActions] Inserting text combine CRLF as single return: '&lt;script type=' at the current caret position: '(Ln: 14, Ch: 1)'
    (18:35.628) [Visual Studio Host (6956):TextEditorDocumentWindowTestExtension] Showing window 'Completion.html' without activating the window.
    (18:35.807) [Visual Studio Host (6956):TextEditorDocumentWindowTestExtension] Showing window 'Completion.html'.
    (18:35.985) [Visual Studio Host (6956):VisualStudioIntellisenseService] Getting the active completion at position '(Ln: 14, Ch: 15)'.
    (18:36.051) [Visual Studio Host (6956):VisualStudioCompletionListTestExtension] Found completion item with name 
    (18:36.119) [Visual Studio Host (6956):VisualStudioCompletionListTestExtension] Found completion item with name 
    + ExternalProcessHostTest TestCleanup
        (18:36.216) [Visual Studio Host (6956):TextEditorDocumentWindowTestExtension] Closing window 'Completion.html'.
        (18:36.461) [Platform:Testcase] Test 'VSTest_Completion_ScriptTypeAttribute' has 'Passed' outcome. Therefore, Apex will not shut down the 'Visual Studio Host (6956)' with process ID '6956'. A subsequent test scenario will run on the same instance of the host.
    + Final Test Result Verification
        (18:36.704) [Platform:DelayedAssertionVerifierSink] Verification Success: 0 verification steps failed.
    + ApexTest TestCleanup</StdOut>
      </Output>
      <ResultFiles>
        <ResultFile path="WNVM19648\Fail.azqsczivabnm.png" />
        <ResultFile path="WNVM19648\Fail.ig2gsfz5ad1y.png" />
        <ResultFile path="WNVM19648\Fail.o5zf0zepaw0l.png" />
        <ResultFile path="WNVM19648\OmniLog.html" />
        <ResultFile path="WNVM19648\OmniLogRawXml.xml" />
      </ResultFiles>
    </UnitTestResult>
    <UnitTestResult executionId="09bcc60d-ec44-4fb6-ad86-d744150aa2d1" testId="f28f60e4-c502-901c-8ede-8aa70d29c700" testName="VSTest_RazorIntellisenseInVbhtml" computerName="WNVM19648" duration="00:00:06.1784455" startTime="2018-04-17T01:05:42.0715749-07:00" endTime="2018-04-17T01:05:48.2500204-07:00" testType="13cdc9d9-ddb5-4fa4-a97d-d965ccfc6d4b" outcome="Passed" testListId="8c84fa94-04c1-424b-9868-57a2d4851a1d" relativeResultsDirectory="09bcc60d-ec44-4fb6-ad86-d744150aa2d1">
      <Output>
        <StdOut>+ VBGeneralTests::VSTest_RazorIntellisenseInVbhtml
    + ApexTest TestInitialize
    + ExternalProcessHostTest TestInitialize
        (01:07:23.765) [Visual Studio Host (4384):RoamingSettingsService] Disabling roaming settings.
        (01:07:23.902) [Visual Studio Host (4384):SettingsService] Setting Visual Studio option 'Environment\RoamingSettings\RoamingEnabled' to 'False'.
        (01:07:24.271) [Visual Studio Host (4384):TextEditorDocumentWindowTestExtension] Showing window 'empty.vbhtml' without activating the window.
        (01:07:24.441) [Visual Studio Host (4384):TextEditorDocumentWindowTestExtension] Showing window 'empty.vbhtml'.
        (01:07:24.605) [Visual Studio Host (4384):VisualStudioTextEditorTestExtension] Setting keyboard focus to editor 'empty.vbhtml'.
        (01:07:24.732) [Visual Studio Host (4384):MainWindowService] Activating main window to bring it to the foreground.
        (01:07:24.888) [Visual Studio Host (4384):MainWindowService] Setting main window state to 'Maximized'.
    (01:07:25.149) [Visual Studio Host (4384):TextEditorDocumentWindowTestExtension] Showing window 'empty.vbhtml' without activating the window.
    (01:07:25.280) [Visual Studio Host (4384):TextEditorDocumentWindowTestExtension] Showing window 'empty.vbhtml'.
    (01:07:25.423) [Visual Studio Host (4384):VisualStudioTextEditingActions] Inserting text: '@User.Id' at the current caret position: '(Ln: 1, Ch: 1)'
    (01:07:25.892) [Visual Studio Host (4384):TextEditorDocumentWindowTestExtension] Showing window 'empty.vbhtml' without activating the window.
    (01:07:26.051) [Visual Studio Host (4384):TextEditorDocumentWindowTestExtension] Showing window 'empty.vbhtml'.
    (01:07:26.195) [Visual Studio Host (4384):VisualStudioIntellisenseService] Getting the active completion at position '(Ln: 1, Ch: 9)'.
    (01:07:26.327) [Visual Studio Host (4384):VisualStudioCompletionListTestExtension] Found completion item with name 
    (01:07:26.452) [Visual Studio Host (4384):VisualStudioIntellisenseService] Getting the active completion at position '(Ln: 1, Ch: 9)'.
    (01:07:26.748) [Visual Studio Host (4384):VisualStudioCompletionListTestExtension] Found completion item with name 
    (01:07:26.882) [Visual Studio Host (4384):VisualStudioCompletionListTestExtension] Selecting completion item 'Identity'.
    (01:07:27.035) [Visual Studio Host (4384):VisualStudioCompletionListTestExtension] Committing 'Identity' completion item.
    (01:07:27.186) [Visual Studio Host (4384):TextEditorDocumentWindowTestExtension] Showing window 'empty.vbhtml' without activating the window.
    (01:07:27.337) [Visual Studio Host (4384):TextEditorDocumentWindowTestExtension] Showing window 'empty.vbhtml'.
    + ExternalProcessHostTest TestCleanup
        (01:07:27.652) [Visual Studio Host (4384):TextEditorDocumentWindowTestExtension] Closing window 'empty.vbhtml'.
        (01:07:27.927) [Platform:Testcase] Test 'VSTest_RazorIntellisenseInVbhtml' has 'Passed' outcome. Therefore, Apex will not shut down the 'Visual Studio Host (4384)' with process ID '4384'. A subsequent test scenario will run on the same instance of the host.
    + Final Test Result Verification
        (01:07:28.486) [Platform:DelayedAssertionVerifierSink] Verification Success: 0 verification steps failed.
    + ApexTest TestCleanup</StdOut>
      </Output>
      <ResultFiles>
        <ResultFile path="WNVM19648\Fail.azqsczivabnm.png" />
        <ResultFile path="WNVM19648\Fail.ig2gsfz5ad1y.png" />
        <ResultFile path="WNVM19648\Fail.o5zf0zepaw0l.png" />
        <ResultFile path="WNVM19648\Fail.raasvsmeanc1.png" />
        <ResultFile path="WNVM19648\Fail.t4yj0fxuatil.png" />
        <ResultFile path="WNVM19648\Fail.z10rn0n5ajdm.png" />
        <ResultFile path="WNVM19648\OmniLog.html" />
        <ResultFile path="WNVM19648\OmniLogRawXml.xml" />
      </ResultFiles>
    </UnitTestResult>
    <UnitTestResult executionId="4d5b4e28-058b-402e-832a-0a56b535c61b" testId="1eacaded-ed8d-7987-eef8-8bf137a0734c" testName="VSTest_CssCompletion_CustomProperties_DetectFromUsage" computerName="WNVM19648" duration="00:00:05.5563256" startTime="2018-04-17T00:29:32.6411047-07:00" endTime="2018-04-17T00:29:38.1974303-07:00" testType="13cdc9d9-ddb5-4fa4-a97d-d965ccfc6d4b" outcome="Passed" testListId="8c84fa94-04c1-424b-9868-57a2d4851a1d" relativeResultsDirectory="4d5b4e28-058b-402e-832a-0a56b535c61b">
      <Output>
        <StdOut>+ CssCompletionTests::VSTest_CssCompletion_CustomProperties_DetectFromUsage
    + ApexTest TestInitialize
    + ExternalProcessHostTest TestInitialize
        (31:13.969) [Visual Studio Host (11564):RoamingSettingsService] Disabling roaming settings.
        (31:14.018) [Visual Studio Host (11564):SettingsService] Setting Visual Studio option 'Environment\RoamingSettings\RoamingEnabled' to 'False'.
        (31:14.296) [Visual Studio Host (11564):TextEditorDocumentWindowTestExtension] Showing window 'CustomProperties.css' without activating the window.
        (31:14.379) [Visual Studio Host (11564):TextEditorDocumentWindowTestExtension] Showing window 'CustomProperties.css'.
        (31:14.448) [Visual Studio Host (11564):VisualStudioTextEditorTestExtension] Setting keyboard focus to editor 'CustomProperties.css'.
        (31:14.508) [Visual Studio Host (11564):MainWindowService] Activating main window to bring it to the foreground.
        (31:14.582) [Visual Studio Host (11564):MainWindowService] Setting main window state to 'Maximized'.
    (31:14.764) [Visual Studio Host (11564):TextEditorDocumentWindowTestExtension] Showing window 'CustomProperties.css' without activating the window.
    (31:14.825) [Visual Studio Host (11564):TextEditorDocumentWindowTestExtension] Showing window 'CustomProperties.css'.
    (31:14.890) [Visual Studio Host (11564):VisualStudioCaretTestExtension] Moving the caret and selecting the range from (Ln: 6, Ch: 7) to (Ln: 6, Ch: 7) based on a regular expression.  Expression = "body {()" [group index '1', match index '1', options 'Singleline, CultureInvariant']
    (31:14.954) [Visual Studio Host (11564):TextEditorDocumentWindowTestExtension] Showing window 'CustomProperties.css' without activating the window.
    (31:15.020) [Visual Studio Host (11564):TextEditorDocumentWindowTestExtension] Showing window 'CustomProperties.css'.
    (31:15.086) [Visual Studio Host (11564):KeyboardCommands] Sending the Return key 1 times.
    (31:15.179) [Visual Studio Host (11564):TextEditorDocumentWindowTestExtension] Showing window 'CustomProperties.css' without activating the window.
    (31:15.256) [Visual Studio Host (11564):TextEditorDocumentWindowTestExtension] Showing window 'CustomProperties.css'.
    (31:15.369) [Visual Studio Host (11564):VisualStudioIntellisenseService] Did not find an active completion session. Please use Verify.IsCompletionListPresent() to make sure that the list is present before requesting the completion session.
    Warning: (31:15.434) [Visual Studio Host (11564):VisualStudioIntellisenseService] No active completion sessions were found for editor 'CustomProperties.css'.
    (31:15.494) [Visual Studio Host (11564):VisualStudioIntellisenseService] Invoking Completion member list at '(Ln: 7, Ch: 5)'.
    (31:15.568) [Visual Studio Host (11564):VisualStudioIntellisenseService] Getting the active completion at position '(Ln: 7, Ch: 5)'.
    (31:15.675) [Visual Studio Host (11564):VisualStudioCompletionListTestExtension] Found completion item with name 
    (31:15.758) [Visual Studio Host (11564):VisualStudioCompletionListTestExtension] Found completion item with name 
    (31:15.827) [Visual Studio Host (11564):TextEditorDocumentWindowTestExtension] Showing window 'CustomProperties.css' without activating the window.
    (31:15.915) [Visual Studio Host (11564):TextEditorDocumentWindowTestExtension] Showing window 'CustomProperties.css'.
    (31:16.188) [Visual Studio Host (11564):TextEditorDocumentWindowTestExtension] Showing window 'CustomProperties.css' without activating the window.
    (31:16.258) [Visual Studio Host (11564):TextEditorDocumentWindowTestExtension] Showing window 'CustomProperties.css'.
    (31:16.449) [Visual Studio Host (11564):VisualStudioCaretTestExtension] Moving the caret and selecting the range from (Ln: 10, Ch: 6) to (Ln: 10, Ch: 6) based on a regular expression.  Expression = "div {()" [group index '1', match index '1', options 'Singleline, CultureInvariant']
    (31:16.523) [Visual Studio Host (11564):TextEditorDocumentWindowTestExtension] Showing window 'CustomProperties.css' without activating the window.
    (31:16.590) [Visual Studio Host (11564):TextEditorDocumentWindowTestExtension] Showing window 'CustomProperties.css'.
    (31:16.661) [Visual Studio Host (11564):KeyboardCommands] Sending the Return key 1 times.
    (31:16.744) [Visual Studio Host (11564):TextEditorDocumentWindowTestExtension] Showing window 'CustomProperties.css' without activating the window.
    (31:16.817) [Visual Studio Host (11564):TextEditorDocumentWindowTestExtension] Showing window 'CustomProperties.css'.
    (31:16.892) [Visual Studio Host (11564):VisualStudioIntellisenseService] Did not find an active completion session. Please use Verify.IsCompletionListPresent() to make sure that the list is present before requesting the completion session.
    Warning: (31:16.952) [Visual Studio Host (11564):VisualStudioIntellisenseService] No active completion sessions were found for editor 'CustomProperties.css'.
    (31:17.014) [Visual Studio Host (11564):VisualStudioIntellisenseService] Invoking Completion member list at '(Ln: 11, Ch: 5)'.
    (31:17.091) [Visual Studio Host (11564):VisualStudioIntellisenseService] Getting the active completion at position '(Ln: 11, Ch: 5)'.
    (31:17.163) [Visual Studio Host (11564):VisualStudioCompletionListTestExtension] Found completion item with name 
    (31:17.226) [Visual Studio Host (11564):VisualStudioCompletionListTestExtension] Found completion item with name 
    (31:17.288) [Visual Studio Host (11564):VisualStudioCompletionListTestExtension] Found completion item with name 
    (31:17.368) [Visual Studio Host (11564):TextEditorDocumentWindowTestExtension] Showing window 'CustomProperties.css' without activating the window.
    (31:17.436) [Visual Studio Host (11564):TextEditorDocumentWindowTestExtension] Showing window 'CustomProperties.css'.
    (31:17.518) [Visual Studio Host (11564):KeyboardCommands] Sending the Return key 1 times.
    (31:17.631) [Visual Studio Host (11564):TextEditorDocumentWindowTestExtension] Showing window 'CustomProperties.css' without activating the window.
    (31:17.700) [Visual Studio Host (11564):TextEditorDocumentWindowTestExtension] Showing window 'CustomProperties.css'.
    (31:17.811) [Visual Studio Host (11564):TextEditorDocumentWindowTestExtension] Showing window 'CustomProperties.css' without activating the window.
    (31:17.889) [Visual Studio Host (11564):TextEditorDocumentWindowTestExtension] Showing window 'CustomProperties.css'.
    (31:17.985) [Visual Studio Host (11564):VisualStudioIntellisenseService] Getting the active completion at position '(Ln: 11, Ch: 7)'.
    (31:18.057) [Visual Studio Host (11564):VisualStudioCompletionListTestExtension] Found completion item with name 
    (31:18.127) [Visual Studio Host (11564):VisualStudioCompletionListTestExtension] Found completion item with name 
    (31:18.204) [Visual Studio Host (11564):VisualStudioCompletionListTestExtension] Found completion item with name 
    (31:18.277) [Visual Studio Host (11564):VisualStudioCompletionListTestExtension] Unable to find completion item with name 
    (31:18.358) [Visual Studio Host (11564):VisualStudioCompletionListTestExtension] Unable to find completion item with name 
    (31:18.417) [Visual Studio Host (11564):VisualStudioCompletionListTestExtension] Unable to find completion item with name 
    + ExternalProcessHostTest TestCleanup
        (31:18.545) [Visual Studio Host (11564):TextEditorDocumentWindowTestExtension] Closing window 'CustomProperties.css'.
        (31:18.751) [Platform:Testcase] Test 'VSTest_CssCompletion_CustomProperties_DetectFromUsage' has 'Passed' outcome. Therefore, Apex will not shut down the 'Visual Studio Host (11564)' with process ID '11564'. A subsequent test scenario will run on the same instance of the host.
    + Final Test Result Verification
        (31:18.958) [Platform:DelayedAssertionVerifierSink] Verification Success: 0 verification steps failed.
    + ApexTest TestCleanup</StdOut>
      </Output>
      <ResultFiles>
        <ResultFile path="WNVM19648\Fail.azqsczivabnm.png" />
        <ResultFile path="WNVM19648\Fail.ig2gsfz5ad1y.png" />
        <ResultFile path="WNVM19648\Fail.o5zf0zepaw0l.png" />
        <ResultFile path="WNVM19648\OmniLog.html" />
        <ResultFile path="WNVM19648\OmniLogRawXml.xml" />
      </ResultFiles>
    </UnitTestResult>
    <UnitTestResult executionId="1afecc14-60f3-4310-832c-8ba05f684424" testId="dda656ca-8a8e-0f24-876c-126329c5453c" testName="VSTest_Dump_Embedded_VB_Breakpoints" computerName="WNVM19648" duration="00:00:03.1201716" startTime="2018-04-17T00:15:09.8977377-07:00" endTime="2018-04-17T00:15:13.0179093-07:00" testType="13cdc9d9-ddb5-4fa4-a97d-d965ccfc6d4b" outcome="Passed" testListId="8c84fa94-04c1-424b-9868-57a2d4851a1d" relativeResultsDirectory="1afecc14-60f3-4310-832c-8ba05f684424">
      <Output>
        <StdOut>+ DebugTests::VSTest_Dump_Embedded_VB_Breakpoints
    + ApexTest TestInitialize
    + ExternalProcessHostTest TestInitialize
        (16:51.313) [Visual Studio Host (6956):RoamingSettingsService] Disabling roaming settings.
        (16:51.393) [Visual Studio Host (6956):SettingsService] Setting Visual Studio option 'Environment\RoamingSettings\RoamingEnabled' to 'False'.
        (16:51.874) [Visual Studio Host (6956):TextEditorDocumentWindowTestExtension] Showing window 'EmbeddedVB.aspx' without activating the window.
        (16:52.018) [Visual Studio Host (6956):TextEditorDocumentWindowTestExtension] Showing window 'EmbeddedVB.aspx'.
        (16:52.128) [Visual Studio Host (6956):VisualStudioTextEditorTestExtension] Setting keyboard focus to editor 'EmbeddedVB.aspx'.
        (16:52.304) [Visual Studio Host (6956):MainWindowService] Activating main window to bring it to the foreground.
        (16:52.451) [Visual Studio Host (6956):MainWindowService] Setting main window state to 'Maximized'.
    + ExternalProcessHostTest TestCleanup
        (16:53.069) [Visual Studio Host (6956):TextEditorDocumentWindowTestExtension] Closing window 'EmbeddedVB.aspx'.
        (16:53.353) [Platform:Testcase] Test 'VSTest_Dump_Embedded_VB_Breakpoints' has 'Passed' outcome. Therefore, Apex will not shut down the 'Visual Studio Host (6956)' with process ID '6956'. A subsequent test scenario will run on the same instance of the host.
    + Final Test Result Verification
        (16:53.770) [Platform:DelayedAssertionVerifierSink] Verification Success: 0 verification steps failed.
    + ApexTest TestCleanup</StdOut>
      </Output>
      <ResultFiles>
        <ResultFile path="WNVM19648\Fail.azqsczivabnm.png" />
        <ResultFile path="WNVM19648\Fail.ig2gsfz5ad1y.png" />
        <ResultFile path="WNVM19648\Fail.o5zf0zepaw0l.png" />
        <ResultFile path="WNVM19648\OmniLog.html" />
        <ResultFile path="WNVM19648\OmniLogRawXml.xml" />
      </ResultFiles>
    </UnitTestResult>
    <UnitTestResult executionId="eba1d455-f04d-4449-bf31-70cdb7bf8b7a" testId="dce03c0d-fd3a-f912-f6e8-259d3e8f5f87" testName="VSTest_SmartIndentInHTML" computerName="WNVM19648" duration="00:00:31.9833914" startTime="2018-04-17T00:23:08.8344513-07:00" endTime="2018-04-17T00:23:40.8178427-07:00" testType="13cdc9d9-ddb5-4fa4-a97d-d965ccfc6d4b" outcome="Passed" testListId="8c84fa94-04c1-424b-9868-57a2d4851a1d" relativeResultsDirectory="eba1d455-f04d-4449-bf31-70cdb7bf8b7a">
      <Output>
        <StdOut>+ SmartIndentTests::VSTest_SmartIndentInHTML
    + ApexTest TestInitialize
    + ExternalProcessHostTest TestInitialize
        (24:50.207) [Visual Studio Host (11564):RoamingSettingsService] Disabling roaming settings.
        (24:50.267) [Visual Studio Host (11564):SettingsService] Setting Visual Studio option 'Environment\RoamingSettings\RoamingEnabled' to 'False'.
        (24:50.703) [Visual Studio Host (11564):TextEditorDocumentWindowTestExtension] Showing window 'SmartIndentInHTML.html' without activating the window.
        (24:50.780) [Visual Studio Host (11564):TextEditorDocumentWindowTestExtension] Showing window 'SmartIndentInHTML.html'.
        (24:50.865) [Visual Studio Host (11564):VisualStudioTextEditorTestExtension] Setting keyboard focus to editor 'SmartIndentInHTML.html'.
        (24:50.930) [Visual Studio Host (11564):MainWindowService] Activating main window to bring it to the foreground.
        (24:51.006) [Visual Studio Host (11564):MainWindowService] Setting main window state to 'Maximized'.
    (24:51.147) [Visual Studio Host (11564):TextEditorDocumentWindowTestExtension] Showing window 'SmartIndentInHTML.html' without activating the window.
    (24:51.227) [Visual Studio Host (11564):TextEditorDocumentWindowTestExtension] Showing window 'SmartIndentInHTML.html'.
    (24:51.395) [Visual Studio Host (11564):TextEditorDocumentWindowTestExtension] Showing window 'SmartIndentInHTML.html' without activating the window.
    (24:51.477) [Visual Studio Host (11564):TextEditorDocumentWindowTestExtension] Showing window 'SmartIndentInHTML.html'.
    (24:51.574) [Visual Studio Host (11564):VisualStudioCaretTestExtension] Moving the caret from (Ln: 1, Ch: 1) to (Ln: 26, Ch: 8)
    (24:51.657) [Visual Studio Host (11564):VisualStudioTextEditingActions] Inserting text combine CRLF as single return: '
' at the current caret position: '(Ln: 26, Ch: 8)'
    (24:51.992) [Visual Studio Host (11564):TextEditorDocumentWindowTestExtension] Showing window 'SmartIndentInHTML.html' without activating the window.
    (24:52.373) [Visual Studio Host (11564):TextEditorDocumentWindowTestExtension] Showing window 'SmartIndentInHTML.html'.
    (24:52.732) [Visual Studio Host (11564):TextEditorDocumentWindowTestExtension] Showing window 'SmartIndentInHTML.html' without activating the window.
    (24:53.013) [Visual Studio Host (11564):TextEditorDocumentWindowTestExtension] Showing window 'SmartIndentInHTML.html'.
    (24:53.537) [Visual Studio Host (11564):VisualStudioCaretTestExtension] Moving the caret from (Ln: 27, Ch: 1) to (Ln: 22, Ch: 23)
    (24:53.954) [Visual Studio Host (11564):VisualStudioTextEditingActions] Inserting text combine CRLF as single return: '
' at the current caret position: '(Ln: 22, Ch: 23)'
    (24:54.639) [Visual Studio Host (11564):TextEditorDocumentWindowTestExtension] Showing window 'SmartIndentInHTML.html' without activating the window.
    (24:54.916) [Visual Studio Host (11564):TextEditorDocumentWindowTestExtension] Showing window 'SmartIndentInHTML.html'.
    (24:55.243) [Visual Studio Host (11564):TextEditorDocumentWindowTestExtension] Showing window 'SmartIndentInHTML.html' without activating the window.
    (24:55.506) [Visual Studio Host (11564):TextEditorDocumentWindowTestExtension] Showing window 'SmartIndentInHTML.html'.
    (24:55.774) [Visual Studio Host (11564):VisualStudioCaretTestExtension] Moving the caret from (Ln: 23, Ch: 9) to (Ln: 19, Ch: 66)
    (24:56.046) [Visual Studio Host (11564):VisualStudioTextEditingActions] Inserting text combine CRLF as single return: '
' at the current caret position: '(Ln: 19, Ch: 66)'
    (24:56.358) [Visual Studio Host (11564):TextEditorDocumentWindowTestExtension] Showing window 'SmartIndentInHTML.html' without activating the window.
    (24:56.683) [Visual Studio Host (11564):TextEditorDocumentWindowTestExtension] Showing window 'SmartIndentInHTML.html'.
    (24:56.988) [Visual Studio Host (11564):TextEditorDocumentWindowTestExtension] Showing window 'SmartIndentInHTML.html' without activating the window.
    (24:57.331) [Visual Studio Host (11564):TextEditorDocumentWindowTestExtension] Showing window 'SmartIndentInHTML.html'.
    (24:57.643) [Visual Studio Host (11564):VisualStudioCaretTestExtension] Moving the caret from (Ln: 20, Ch: 13) to (Ln: 17, Ch: 9)
    (24:57.904) [Visual Studio Host (11564):VisualStudioTextEditingActions] Inserting text combine CRLF as single return: '
' at the current caret position: '(Ln: 17, Ch: 9)'
    (24:58.190) [Visual Studio Host (11564):TextEditorDocumentWindowTestExtension] Showing window 'SmartIndentInHTML.html' without activating the window.
    (24:58.464) [Visual Studio Host (11564):TextEditorDocumentWindowTestExtension] Showing window 'SmartIndentInHTML.html'.
    (24:58.774) [Visual Studio Host (11564):TextEditorDocumentWindowTestExtension] Showing window 'SmartIndentInHTML.html' without activating the window.
    (24:59.112) [Visual Studio Host (11564):TextEditorDocumentWindowTestExtension] Showing window 'SmartIndentInHTML.html'.
    (24:59.420) [Visual Studio Host (11564):VisualStudioCaretTestExtension] Moving the caret from (Ln: 18, Ch: 9) to (Ln: 14, Ch: 12)
    (24:59.777) [Visual Studio Host (11564):TextEditorDocumentWindowTestExtension] Showing window 'SmartIndentInHTML.html'.
    (25:00.066) [Visual Studio Host (11564):VisualStudioCaretTestExtension] Moving the caret and selecting from (Ln: 14, Ch: 12) right '24' characters
    (25:00.416) [Visual Studio Host (11564):VisualStudioTextEditorTestExtension] Setting keyboard focus to editor 'SmartIndentInHTML.html'.
    (25:00.845) [Visual Studio Host (11564):VisualStudioTextEditingActions] Inserting text combine CRLF as single return: '
' at the current caret position: '(Ln: 14, Ch: 36)'
    (25:01.220) [Visual Studio Host (11564):TextEditorDocumentWindowTestExtension] Showing window 'SmartIndentInHTML.html' without activating the window.
    (25:01.582) [Visual Studio Host (11564):TextEditorDocumentWindowTestExtension] Showing window 'SmartIndentInHTML.html'.
    (25:01.983) [Visual Studio Host (11564):TextEditorDocumentWindowTestExtension] Showing window 'SmartIndentInHTML.html' without activating the window.
    (25:02.372) [Visual Studio Host (11564):TextEditorDocumentWindowTestExtension] Showing window 'SmartIndentInHTML.html'.
    (25:02.714) [Visual Studio Host (11564):VisualStudioCaretTestExtension] Moving the caret from (Ln: 15, Ch: 13) to (Ln: 13, Ch: 28)
    (25:03.022) [Visual Studio Host (11564):VisualStudioTextEditingActions] Inserting text combine CRLF as single return: '
' at the current caret position: '(Ln: 13, Ch: 28)'
    (25:03.384) [Visual Studio Host (11564):TextEditorDocumentWindowTestExtension] Showing window 'SmartIndentInHTML.html' without activating the window.
    (25:03.689) [Visual Studio Host (11564):TextEditorDocumentWindowTestExtension] Showing window 'SmartIndentInHTML.html'.
    (25:03.981) [Visual Studio Host (11564):TextEditorDocumentWindowTestExtension] Showing window 'SmartIndentInHTML.html' without activating the window.
    (25:04.285) [Visual Studio Host (11564):TextEditorDocumentWindowTestExtension] Showing window 'SmartIndentInHTML.html'.
    (25:04.655) [Visual Studio Host (11564):VisualStudioCaretTestExtension] Moving the caret from (Ln: 14, Ch: 9) to (Ln: 12, Ch: 28)
    (25:05.018) [Visual Studio Host (11564):VisualStudioTextEditingActions] Inserting text combine CRLF as single return: '
' at the current caret position: '(Ln: 12, Ch: 28)'
    (25:05.423) [Visual Studio Host (11564):TextEditorDocumentWindowTestExtension] Showing window 'SmartIndentInHTML.html' without activating the window.
    (25:05.699) [Visual Studio Host (11564):TextEditorDocumentWindowTestExtension] Showing window 'SmartIndentInHTML.html'.
    (25:05.989) [Visual Studio Host (11564):TextEditorDocumentWindowTestExtension] Showing window 'SmartIndentInHTML.html' without activating the window.
    (25:06.278) [Visual Studio Host (11564):TextEditorDocumentWindowTestExtension] Showing window 'SmartIndentInHTML.html'.
    (25:06.582) [Visual Studio Host (11564):VisualStudioCaretTestExtension] Moving the caret from (Ln: 13, Ch: 9) to (Ln: 11, Ch: 16)
    (25:06.874) [Visual Studio Host (11564):VisualStudioTextEditingActions] Inserting text combine CRLF as single return: '
' at the current caret position: '(Ln: 11, Ch: 16)'
    (25:07.240) [Visual Studio Host (11564):TextEditorDocumentWindowTestExtension] Showing window 'SmartIndentInHTML.html' without activating the window.
    (25:07.588) [Visual Studio Host (11564):TextEditorDocumentWindowTestExtension] Showing window 'SmartIndentInHTML.html'.
    (25:07.962) [Visual Studio Host (11564):TextEditorDocumentWindowTestExtension] Showing window 'SmartIndentInHTML.html' without activating the window.
    (25:08.287) [Visual Studio Host (11564):TextEditorDocumentWindowTestExtension] Showing window 'SmartIndentInHTML.html'.
    (25:08.653) [Visual Studio Host (11564):VisualStudioCaretTestExtension] Moving the caret from (Ln: 12, Ch: 9) to (Ln: 10, Ch: 12)
    (25:08.979) [Visual Studio Host (11564):VisualStudioTextEditingActions] Inserting text combine CRLF as single return: '
' at the current caret position: '(Ln: 10, Ch: 12)'
    (25:09.298) [Visual Studio Host (11564):TextEditorDocumentWindowTestExtension] Showing window 'SmartIndentInHTML.html' without activating the window.
    (25:09.582) [Visual Studio Host (11564):TextEditorDocumentWindowTestExtension] Showing window 'SmartIndentInHTML.html'.
    (25:09.859) [Visual Studio Host (11564):TextEditorDocumentWindowTestExtension] Showing window 'SmartIndentInHTML.html' without activating the window.
    (25:10.134) [Visual Studio Host (11564):TextEditorDocumentWindowTestExtension] Showing window 'SmartIndentInHTML.html'.
    (25:10.417) [Visual Studio Host (11564):VisualStudioCaretTestExtension] Moving the caret from (Ln: 11, Ch: 9) to (Ln: 9, Ch: 12)
    (25:10.753) [Visual Studio Host (11564):VisualStudioTextEditingActions] Inserting text combine CRLF as single return: '
' at the current caret position: '(Ln: 9, Ch: 12)'
    (25:11.133) [Visual Studio Host (11564):TextEditorDocumentWindowTestExtension] Showing window 'SmartIndentInHTML.html' without activating the window.
    (25:11.557) [Visual Studio Host (11564):TextEditorDocumentWindowTestExtension] Showing window 'SmartIndentInHTML.html'.
    (25:11.917) [Visual Studio Host (11564):TextEditorDocumentWindowTestExtension] Showing window 'SmartIndentInHTML.html' without activating the window.
    (25:12.201) [Visual Studio Host (11564):TextEditorDocumentWindowTestExtension] Showing window 'SmartIndentInHTML.html'.
    (25:12.534) [Visual Studio Host (11564):VisualStudioCaretTestExtension] Moving the caret from (Ln: 10, Ch: 13) to (Ln: 8, Ch: 10)
    (25:12.885) [Visual Studio Host (11564):VisualStudioTextEditingActions] Inserting text combine CRLF as single return: '
' at the current caret position: '(Ln: 8, Ch: 10)'
    (25:13.221) [Visual Studio Host (11564):TextEditorDocumentWindowTestExtension] Showing window 'SmartIndentInHTML.html' without activating the window.
    (25:13.517) [Visual Studio Host (11564):TextEditorDocumentWindowTestExtension] Showing window 'SmartIndentInHTML.html'.
    (25:13.802) [Visual Studio Host (11564):TextEditorDocumentWindowTestExtension] Showing window 'SmartIndentInHTML.html' without activating the window.
    (25:14.122) [Visual Studio Host (11564):TextEditorDocumentWindowTestExtension] Showing window 'SmartIndentInHTML.html'.
    (25:14.412) [Visual Studio Host (11564):VisualStudioCaretTestExtension] Moving the caret from (Ln: 9, Ch: 9) to (Ln: 7, Ch: 37)
    (25:14.748) [Visual Studio Host (11564):VisualStudioTextEditingActions] Inserting text combine CRLF as single return: '
' at the current caret position: '(Ln: 7, Ch: 37)'
    (25:15.102) [Visual Studio Host (11564):TextEditorDocumentWindowTestExtension] Showing window 'SmartIndentInHTML.html' without activating the window.
    (25:15.470) [Visual Studio Host (11564):TextEditorDocumentWindowTestExtension] Showing window 'SmartIndentInHTML.html'.
    (25:15.777) [Visual Studio Host (11564):TextEditorDocumentWindowTestExtension] Showing window 'SmartIndentInHTML.html' without activating the window.
    (25:16.046) [Visual Studio Host (11564):TextEditorDocumentWindowTestExtension] Showing window 'SmartIndentInHTML.html'.
    (25:16.404) [Visual Studio Host (11564):VisualStudioCaretTestExtension] Moving the caret from (Ln: 8, Ch: 9) to (Ln: 6, Ch: 7)
    (25:16.777) [Visual Studio Host (11564):VisualStudioTextEditingActions] Inserting text combine CRLF as single return: '
' at the current caret position: '(Ln: 6, Ch: 7)'
    (25:17.139) [Visual Studio Host (11564):TextEditorDocumentWindowTestExtension] Showing window 'SmartIndentInHTML.html' without activating the window.
    (25:17.503) [Visual Studio Host (11564):TextEditorDocumentWindowTestExtension] Showing window 'SmartIndentInHTML.html'.
    (25:17.898) [Visual Studio Host (11564):TextEditorDocumentWindowTestExtension] Showing window 'SmartIndentInHTML.html' without activating the window.
    (25:18.261) [Visual Studio Host (11564):TextEditorDocumentWindowTestExtension] Showing window 'SmartIndentInHTML.html'.
    + ExternalProcessHostTest TestCleanup
        (25:19.056) [Visual Studio Host (11564):TextEditorDocumentWindowTestExtension] Closing window 'SmartIndentInHTML.html'.
        (25:19.437) [Platform:Testcase] Test 'VSTest_SmartIndentInHTML' has 'Passed' outcome. Therefore, Apex will not shut down the 'Visual Studio Host (11564)' with process ID '11564'. A subsequent test scenario will run on the same instance of the host.
    + Final Test Result Verification
        (25:20.370) [Platform:DelayedAssertionVerifierSink] Verification Success: 0 verification steps failed.
    + ApexTest TestCleanup</StdOut>
      </Output>
      <ResultFiles>
        <ResultFile path="WNVM19648\Fail.azqsczivabnm.png" />
        <ResultFile path="WNVM19648\Fail.ig2gsfz5ad1y.png" />
        <ResultFile path="WNVM19648\Fail.o5zf0zepaw0l.png" />
        <ResultFile path="WNVM19648\OmniLog.html" />
        <ResultFile path="WNVM19648\OmniLogRawXml.xml" />
      </ResultFiles>
    </UnitTestResult>
    <UnitTestResult executionId="d266a827-6735-4120-bf89-d7c0e5f44a9f" testId="47d1aa8e-75ce-8f06-65ca-97a714fcff56" testName="VSTest_RazorHTMLIntellisenseInVbhtml" computerName="WNVM19648" duration="00:00:05.3513957" startTime="2018-04-17T01:05:48.2510757-07:00" endTime="2018-04-17T01:05:53.6024714-07:00" testType="13cdc9d9-ddb5-4fa4-a97d-d965ccfc6d4b" outcome="Passed" testListId="8c84fa94-04c1-424b-9868-57a2d4851a1d" relativeResultsDirectory="d266a827-6735-4120-bf89-d7c0e5f44a9f">
      <Output>
        <StdOut>+ VBGeneralTests::VSTest_RazorHTMLIntellisenseInVbhtml
    + ApexTest TestInitialize
    + ExternalProcessHostTest TestInitialize
        (01:07:30.002) [Visual Studio Host (4384):RoamingSettingsService] Disabling roaming settings.
        (01:07:30.134) [Visual Studio Host (4384):SettingsService] Setting Visual Studio option 'Environment\RoamingSettings\RoamingEnabled' to 'False'.
        (01:07:30.475) [Visual Studio Host (4384):TextEditorDocumentWindowTestExtension] Showing window 'empty.vbhtml' without activating the window.
        (01:07:30.690) [Visual Studio Host (4384):TextEditorDocumentWindowTestExtension] Showing window 'empty.vbhtml'.
        (01:07:30.881) [Visual Studio Host (4384):VisualStudioTextEditorTestExtension] Setting keyboard focus to editor 'empty.vbhtml'.
        (01:07:31.064) [Visual Studio Host (4384):MainWindowService] Activating main window to bring it to the foreground.
        (01:07:31.245) [Visual Studio Host (4384):MainWindowService] Setting main window state to 'Maximized'.
    (01:07:31.655) [Visual Studio Host (4384):TextEditorDocumentWindowTestExtension] Showing window 'empty.vbhtml' without activating the window.
    (01:07:31.838) [Visual Studio Host (4384):TextEditorDocumentWindowTestExtension] Showing window 'empty.vbhtml'.
    (01:07:32.033) [Visual Studio Host (4384):VisualStudioTextEditingActions] Inserting text combine CRLF as single return: '&lt;' at the current caret position: '(Ln: 1, Ch: 1)'
    (01:07:32.247) [Visual Studio Host (4384):TextEditorDocumentWindowTestExtension] Showing window 'empty.vbhtml' without activating the window.
    (01:07:32.459) [Visual Studio Host (4384):TextEditorDocumentWindowTestExtension] Showing window 'empty.vbhtml'.
    (01:07:32.640) [Visual Studio Host (4384):VisualStudioIntellisenseService] Getting the active completion at position '(Ln: 1, Ch: 2)'.
    (01:07:32.773) [Visual Studio Host (4384):VisualStudioCompletionListTestExtension] Found completion item with name 
    (01:07:32.902) [Visual Studio Host (4384):VisualStudioIntellisenseService] Getting the active completion at position '(Ln: 1, Ch: 2)'.
    (01:07:33.036) [Visual Studio Host (4384):VisualStudioCompletionListTestExtension] Found completion item with name 
    + ExternalProcessHostTest TestCleanup
        (01:07:33.286) [Visual Studio Host (4384):TextEditorDocumentWindowTestExtension] Closing window 'empty.vbhtml'.
        (01:07:33.557) [Platform:Testcase] Test 'VSTest_RazorHTMLIntellisenseInVbhtml' has 'Passed' outcome. Therefore, Apex will not shut down the 'Visual Studio Host (4384)' with process ID '4384'. A subsequent test scenario will run on the same instance of the host.
    + Final Test Result Verification
        (01:07:34.053) [Platform:DelayedAssertionVerifierSink] Verification Success: 0 verification steps failed.
    + ApexTest TestCleanup</StdOut>
      </Output>
      <ResultFiles>
        <ResultFile path="WNVM19648\Fail.azqsczivabnm.png" />
        <ResultFile path="WNVM19648\Fail.ig2gsfz5ad1y.png" />
        <ResultFile path="WNVM19648\Fail.o5zf0zepaw0l.png" />
        <ResultFile path="WNVM19648\Fail.raasvsmeanc1.png" />
        <ResultFile path="WNVM19648\Fail.t4yj0fxuatil.png" />
        <ResultFile path="WNVM19648\Fail.z10rn0n5ajdm.png" />
        <ResultFile path="WNVM19648\OmniLog.html" />
        <ResultFile path="WNVM19648\OmniLogRawXml.xml" />
      </ResultFiles>
    </UnitTestResult>
    <UnitTestResult executionId="4b0ec3c1-e92e-4136-8f8a-d07bd33ce7ff" testId="4c84ec70-141f-e8e9-2a2d-92f9de28784b" testName="VSTest_NPM_Completion_ScopedPackage" computerName="WNVM19648" duration="00:04:32.0412419" startTime="2018-04-17T01:36:31.1974717-07:00" endTime="2018-04-17T01:41:03.2387136-07:00" testType="13cdc9d9-ddb5-4fa4-a97d-d965ccfc6d4b" outcome="Failed" testListId="8c84fa94-04c1-424b-9868-57a2d4851a1d" relativeResultsDirectory="4b0ec3c1-e92e-4136-8f8a-d07bd33ce7ff">
      <Output>
        <StdOut>+ NPMIntelliSenseTests::VSTest_NPM_Completion_ScopedPackage
    + ApexTest TestInitialize
    + ExternalProcessHostTest TestInitialize
        (01:38:13.158) [Visual Studio Host (4912):RoamingSettingsService] Disabling roaming settings.
        (01:38:13.352) [Visual Studio Host (4912):SettingsService] Setting Visual Studio option 'Environment\RoamingSettings\RoamingEnabled' to 'False'.
        (01:38:14.038) [Visual Studio Host (4912):TextEditorDocumentWindowTestExtension] Showing window 'package.json' without activating the window.
        (01:38:14.260) [Visual Studio Host (4912):TextEditorDocumentWindowTestExtension] Showing window 'package.json'.
        (01:38:14.480) [Visual Studio Host (4912):VisualStudioTextEditorTestExtension] Setting keyboard focus to editor 'package.json'.
        (01:38:14.688) [Visual Studio Host (4912):MainWindowService] Activating main window to bring it to the foreground.
        (01:38:14.915) [Visual Studio Host (4912):MainWindowService] Setting main window state to 'Maximized'.
    (01:38:15.356) [Visual Studio Host (4912):TextEditorDocumentWindowTestExtension] Showing window 'package.json' without activating the window.
    (01:38:15.604) [Visual Studio Host (4912):TextEditorDocumentWindowTestExtension] Showing window 'package.json'.
    (01:38:15.932) [Visual Studio Host (4912):VisualStudioCaretTestExtension] Moving the caret to 'devDependencies' at (Ln: 4, Ch: 4) based on a regular expression.  Expression = "devDependencies" [group index '0', match index '1', options 'Singleline, CultureInvariant']
    (01:38:16.182) [Visual Studio Host (4912):TextEditorDocumentWindowTestExtension] Showing window 'package.json' without activating the window.
    (01:38:16.386) [Visual Studio Host (4912):TextEditorDocumentWindowTestExtension] Showing window 'package.json'.
    (01:38:16.649) [Visual Studio Host (4912):VisualStudioCaretTestExtension] Moving the caret from (Ln: 4, Ch: 4) to the end of the line
    (01:38:16.918) [Visual Studio Host (4912):VisualStudioTextEditorTestExtension] Setting keyboard focus to editor 'package.json'.
    (01:38:17.148) [Visual Studio Host (4912):TextEditorDocumentWindowTestExtension] Showing window 'package.json' without activating the window.
    (01:38:17.392) [Visual Studio Host (4912):TextEditorDocumentWindowTestExtension] Showing window 'package.json'.
    (01:38:17.629) [Visual Studio Host (4912):KeyboardCommands] Sending the Return key 1 times.
    (01:38:18.061) [Visual Studio Host (4912):TextEditorDocumentWindowTestExtension] Showing window 'package.json' without activating the window.
    (01:38:18.310) [Visual Studio Host (4912):TextEditorDocumentWindowTestExtension] Showing window 'package.json'.
    (01:38:18.540) [Visual Studio Host (4912):VisualStudioTextEditingActions] Inserting text: ' ' at the current caret position: '(Ln: 5, Ch: 5)'
    (01:38:19.034) [Visual Studio Host (4912):TextEditorDocumentWindowTestExtension] Showing window 'package.json' without activating the window.
    (01:38:19.216) [Visual Studio Host (4912):TextEditorDocumentWindowTestExtension] Showing window 'package.json'.
    (01:38:19.401) [Visual Studio Host (4912):KeyboardCommands] Sending '1' spaces.
    (01:38:19.566) [Visual Studio Host (4912):TextEditorDocumentWindowTestExtension] Showing window 'package.json' without activating the window.
    (01:38:19.740) [Visual Studio Host (4912):TextEditorDocumentWindowTestExtension] Showing window 'package.json'.
    (01:38:19.999) [Visual Studio Host (4912):VisualStudioTextEditingActions] Inserting '"' at position (Ln: 5, Ch: 5).
    (01:38:20.237) [Visual Studio Host (4912):TextEditorDocumentWindowTestExtension] Showing window 'package.json' without activating the window.
    (01:38:20.441) [Visual Studio Host (4912):TextEditorDocumentWindowTestExtension] Showing window 'package.json'.
    (01:42:17.318) [Platform:Microsoft.Test.Apex.Services.ScreenshotService] Took a screenshot for category '' and saved as 'C:\TestBin\IntegrationTests\TestResults\2018_04_16_23_55_50\VSTest_NPMIntelliSenseTests_End_To_End_Timedout.jpg'.
    Error: (01:42:17.795) [Platform:Testcase] Test method Microsoft.VisualStudio.Web.Editors.IntegrationTests.JSON.PackageManagement.NPMIntelliSenseTests.VSTest_NPM_Completion_ScopedPackage threw exception. System.Runtime.Remoting.RemotingException: Failed to read from an IPC Port: The pipe has been ended.

   at Microsoft.VisualStudio.Web.Common.TestAdapter.ParameterizedTests.ReflectionUtilities.InvokeMethod(Object targetObject, MethodInfo method, Object[] methodArguments, String exceptionMessageFormat) in D:\dd\WTE\Main\test\Common\TestAdapter\ParameterizedTests\ReflectionUtilities.cs:line 190
   at Microsoft.VisualStudio.Web.Common.TestAdapter.ParameterizedTests.TestMethodInfo.Invoke(Object testObject, TestExecutionContext context) in D:\dd\WTE\Main\test\Common\TestAdapter\ParameterizedTests\TestMethodInfo.cs:line 64
    + ExternalProcessHostTest TestCleanup
        (01:42:21.788) [Platform:VenusHost] Compose Batch: 00:00:02.8436918
        (01:42:25.189) [Platform:VenusHost] Host Process is being started. Executable = 'C:\Program Files (x86)\Microsoft Visual Studio\Preview\Enterprise\Common7\IDE\devenv.exe'.
        (01:42:25.392) [Platform:VenusHost] Host Process is started. PID = 3900.
        (01:42:25.595) [Platform:VenusHost] Host process 'devenv' (id: 3900) is now idle/ready.
        (01:42:29.751) [Platform:Microsoft.Test.Apex.Hosts.Services.RemoteServiceInitializer] Using remote code injector service 'RemoteCodeInjectorService' for the operation 'ManagedAuto'.
        + Visual Studio Host Creation
            (01:42:40.235) [Platform:Testcase] Target Executable: 'C:\Program Files (x86)\Microsoft Visual Studio\Preview\Enterprise\Common7\IDE\devenv.exe'.
            (01:42:40.438) [Platform:Testcase] Process Id: '3900'.
            (01:42:40.657) [Platform:Testcase] UI Culture: 'English (United States)'.
            (01:42:40.876) [Platform:Testcase] Build Number: '15.0.27615'.
        (01:42:41.329) [Visual Studio Host (3900):MainWindowService] Setting main window state to 'Maximized'.
        (01:42:41.563) [Visual Studio Host (3900):MainWindowService] Activating main window to bring it to the foreground.
        Warning: (01:42:41.845) [Platform:Microsoft.Test.Apex.Services.ScreenshotService] Exception occured when copying screenshot file from 'C:\TestBin\IntegrationTests\Failure.jpg' to 'C:\TestBin\IntegrationTests\TestResults\2018_04_16_23_55_50\Failure.jpg'.
        Warning: (01:42:41.845) [Platform:Microsoft.Test.Apex.Services.ScreenshotService] System.IO.IOException: The file 'C:\TestBin\IntegrationTests\TestResults\2018_04_16_23_55_50\Failure.jpg' already exists.
   at System.IO.__Error.WinIOError(Int32 errorCode, String maybeFullPath)
   at System.IO.File.InternalCopy(String sourceFileName, String destFileName, Boolean overwrite, Boolean checkHost)
   at System.IO.File.Copy(String sourceFileName, String destFileName, Boolean overwrite)
   at Microsoft.Test.Apex.Services.ScreenshotService.TakeOne(String categoryName, String fileNamePrefix, String repositoryPath) in F:\dd\src\omni\Apex\Framework\Services\Screenshot\ScreenshotService.cs:line 176
        (01:42:42.188) [Platform:ProcessCaptureService] Capturing screenshots for PID 3900 (devenv)
        Result file 'VSTest_NPM_Completion_ScopedPackage-Failure-devenv.3900.png' added: file:///C:/TestBin/IntegrationTests/TestResults/2018_04_16_23_55_50/VSTest_NPM_Completion_ScopedPackage-Failure-devenv.3900.png
        (01:42:42.720) [Platform:ProcessCaptureService] Bounding rectangle of HWND 0x1C0588 is size (0, 0), which cannot be captured.
        (01:42:42.907) [Platform:ProcessCaptureService] Bounding rectangle of HWND 0x3504B8 is size (0, 0), which cannot be captured.
    + Final Test Result Verification
        (01:42:43.470) [Platform:DelayedAssertionVerifierSink] Verification Success: 0 verification steps failed.
    + ApexTest TestCleanup</StdOut>
        <ErrorInfo>
          <Message>Test method Microsoft.VisualStudio.Web.Editors.IntegrationTests.JSON.PackageManagement.NPMIntelliSenseTests.VSTest_NPM_Completion_ScopedPackage threw exception. System.Runtime.Remoting.RemotingException: Failed to read from an IPC Port: The pipe has been ended.
</Message>
          <StackTrace>
Server stack trace: 
   at System.Runtime.Remoting.Channels.Ipc.IpcPort.Read(Byte[] data, Int32 offset, Int32 length)
   at System.Runtime.Remoting.Channels.Ipc.PipeStream.Read(Byte[] buffer, Int32 offset, Int32 size)
   at System.Runtime.Remoting.Channels.SocketHandler.ReadFromSocket(Byte[] buffer, Int32 offset, Int32 count)
   at System.Runtime.Remoting.Channels.SocketHandler.Read(Byte[] buffer, Int32 offset, Int32 count)
   at System.Runtime.Remoting.Channels.SocketHandler.ReadAndMatchFourBytes(Byte[] buffer)
   at System.Runtime.Remoting.Channels.Tcp.TcpSocketHandler.ReadAndMatchPreamble()
   at System.Runtime.Remoting.Channels.Tcp.TcpSocketHandler.ReadVersionAndOperation(UInt16&amp; operation)
   at System.Runtime.Remoting.Channels.Ipc.IpcClientHandler.ReadHeaders()
   at System.Runtime.Remoting.Channels.Ipc.IpcClientTransportSink.ProcessMessage(IMessage msg, ITransportHeaders requestHeaders, Stream requestStream, ITransportHeaders&amp; responseHeaders, Stream&amp; responseStream)
   at System.Runtime.Remoting.Channels.BinaryClientFormatterSink.SyncProcessMessage(IMessage msg)

Exception rethrown at [0]: 
   at System.Runtime.Remoting.Proxies.RealProxy.HandleReturnMessage(IMessage reqMsg, IMessage retMsg)
   at System.Runtime.Remoting.Proxies.RealProxy.PrivateInvoke(MessageData&amp; msgData, Int32 type)
   at Microsoft.Test.Apex.VisualStudio.Shell.KeyboardCommands.Type(String text)
   at Microsoft.VisualStudio.Web.Editors.IntegrationTests.JSON.PackageManagement.NPMIntelliSenseTests.VSTest_NPM_Completion_ScopedPackage() in D:\dd\WTE\Main\test\Editors\IntegrationTests\JSON\PackageManagement\NPMIntelliSenseTests.cs:line 142</StackTrace>
        </ErrorInfo>
      </Output>
      <ResultFiles>
        <ResultFile path="WNVM19648\Fail.22wpw0oka5fs.png" />
        <ResultFile path="WNVM19648\Fail.33ju4eduay3u.png" />
        <ResultFile path="WNVM19648\Fail.3poblbx4alvv.png" />
        <ResultFile path="WNVM19648\Fail.4p531ykxaqdb.png" />
        <ResultFile path="WNVM19648\Fail.ashpv3rjajjr.png" />
        <ResultFile path="WNVM19648\Fail.aswak04hapa5.png" />
        <ResultFile path="WNVM19648\Fail.azqsczivabnm.png" />
        <ResultFile path="WNVM19648\Fail.byuslv5baqsd.png" />
        <ResultFile path="WNVM19648\Fail.ek4tb3wmalyl.png" />
        <ResultFile path="WNVM19648\Fail.ig2gsfz5ad1y.png" />
        <ResultFile path="WNVM19648\Fail.kfb5og41ajlt.png" />
        <ResultFile path="WNVM19648\Fail.kxs1ersmaxma.png" />
        <ResultFile path="WNVM19648\Fail.lbyrcmqbastb.png" />
        <ResultFile path="WNVM19648\Fail.loc0xhl5a2hr.png" />
        <ResultFile path="WNVM19648\Fail.o4kkrjboasbk.png" />
        <ResultFile path="WNVM19648\Fail.o5zf0zepaw0l.png" />
        <ResultFile path="WNVM19648\Fail.pprwzak1ac5h.png" />
        <ResultFile path="WNVM19648\Fail.qagtqbftat3h.png" />
        <ResultFile path="WNVM19648\Fail.qbnuydioazjy.png" />
        <ResultFile path="WNVM19648\Fail.raasvsmeanc1.png" />
        <ResultFile path="WNVM19648\Fail.sidku4gxamg4.png" />
        <ResultFile path="WNVM19648\Fail.swwzdfhraz25.png" />
        <ResultFile path="WNVM19648\Fail.t4yj0fxuatil.png" />
        <ResultFile path="WNVM19648\Fail.vjqtiv2zaclz.png" />
        <ResultFile path="WNVM19648\Fail.z10rn0n5ajdm.png" />
        <ResultFile path="WNVM19648\Fail.z2gelfy0aa1q.png" />
        <ResultFile path="WNVM19648\Failure.jpg" />
        <ResultFile path="WNVM19648\Failure[1].jpg" />
        <ResultFile path="WNVM19648\OmniLog.html" />
        <ResultFile path="WNVM19648\OmniLogRawXml.xml" />
        <ResultFile path="WNVM19648\VSTest_Generate_AttrModel_Methods_WAP_Code_Behind_CS_Timedout.jpg" />
        <ResultFile path="WNVM19648\VSTest_Generate_AttrModel_Methods_WAP_Code_Behind_CS_Timedout[1].jpg" />
        <ResultFile path="WNVM19648\VSTest_HitBreakpointAndEditInCSHtml_Timedout.jpg" />
        <ResultFile path="WNVM19648\VSTest_HitBreakpointAndEditInCSHtml_Timedout[1].jpg" />
        <ResultFile path="WNVM19648\VSTest_Html_Drag_Drop_JavascriptFile_Timedout.jpg" />
        <ResultFile path="WNVM19648\VSTest_Html_Drag_Drop_JavascriptFile_Timedout[1].jpg" />
        <ResultFile path="WNVM19648\VSTest_JSON_AutoStructureWithExistingComma_Timedout.jpg" />
        <ResultFile path="WNVM19648\VSTest_JSON_AutoStructureWithExistingComma_Timedout[1].jpg" />
        <ResultFile path="WNVM19648\VSTest_NPMIntelliSenseTests_End_To_End_Timedout.jpg" />
        <ResultFile path="WNVM19648\VSTest_NPMIntelliSenseTests_End_To_End_Timedout[1].jpg" />
        <ResultFile path="WNVM19648\VSTest_NPM_Completion_ScopedPackage-Failure-devenv.3900.png" />
        <ResultFile path="WNVM19648\VSTest_Parser_PTagTest_Timedout.jpg" />
        <ResultFile path="WNVM19648\VSTest_Parser_PTagTest_Timedout[1].jpg" />
        <ResultFile path="WNVM19648\VSTest_Razor_TagHelpers_OptOut_Timedout.jpg" />
        <ResultFile path="WNVM19648\VSTest_Razor_TagHelpers_OptOut_Timedout[1].jpg" />
        <ResultFile path="WNVM19648\VSTest_Razor_TagHelpers_Update_CS_File_And_Build_Timedout.jpg" />
        <ResultFile path="WNVM19648\VSTest_Razor_TagHelpers_Update_CS_File_And_Build_Timedout[1].jpg" />
        <ResultFile path="WNVM19648\VSTest_Script_Completion_Top_Level_Timedout.jpg" />
        <ResultFile path="WNVM19648\VSTest_Script_Completion_Top_Level_Timedout[1].jpg" />
        <ResultFile path="WNVM19648\VSTest_SmartIndentInJSInRazorV4_Timedout.jpg" />
        <ResultFile path="WNVM19648\VSTest_SmartIndentInJSInRazorV4_Timedout[1].jpg" />
      </ResultFiles>
    </UnitTestResult>
    <UnitTestResult executionId="4912420f-deed-454f-921b-3b1006fe68a5" testId="f60faaa0-81ca-1ac3-6b26-35cb114fcb5a" testName="VSTest_Generate_Page_Load_Event_VB" computerName="WNVM19648" duration="00:00:05.1601646" startTime="2018-04-17T01:23:44.3202082-07:00" endTime="2018-04-17T01:23:49.4803728-07:00" testType="13cdc9d9-ddb5-4fa4-a97d-d965ccfc6d4b" outcome="Passed" testListId="8c84fa94-04c1-424b-9868-57a2d4851a1d" relativeResultsDirectory="4912420f-deed-454f-921b-3b1006fe68a5">
      <Output>
        <StdOut>+ GenerateEventTests::VSTest_Generate_Page_Load_Event_VB
    + ApexTest TestInitialize
    + ExternalProcessHostTest TestInitialize
        (01:25:26.037) [Visual Studio Host (10528):RoamingSettingsService] Disabling roaming settings.
        (01:25:26.193) [Visual Studio Host (10528):SettingsService] Setting Visual Studio option 'Environment\RoamingSettings\RoamingEnabled' to 'False'.
        (01:25:26.687) [Visual Studio Host (10528):TextEditorDocumentWindowTestExtension] Showing window 'WebFormVB.aspx' without activating the window.
        (01:25:26.932) [Visual Studio Host (10528):TextEditorDocumentWindowTestExtension] Showing window 'WebFormVB.aspx'.
        (01:25:27.137) [Visual Studio Host (10528):VisualStudioTextEditorTestExtension] Setting keyboard focus to editor 'WebFormVB.aspx'.
        (01:25:27.288) [Visual Studio Host (10528):MainWindowService] Activating main window to bring it to the foreground.
        (01:25:27.463) [Visual Studio Host (10528):MainWindowService] Setting main window state to 'Maximized'.
    (01:25:28.278) [Visual Studio Host (10528):TextEditorDocumentWindowTestExtension] Showing window 'WebFormVB.aspx' without activating the window.
    (01:25:28.461) [Visual Studio Host (10528):TextEditorDocumentWindowTestExtension] Showing window 'WebFormVB.aspx'.
    (01:25:28.647) [Visual Studio Host (10528):TextEditorDocumentWindowTestExtension] Showing window 'WebFormVB.aspx' without activating the window.
    (01:25:28.797) [Visual Studio Host (10528):TextEditorDocumentWindowTestExtension] Showing window 'WebFormVB.aspx'.
    + ExternalProcessHostTest TestCleanup
        (01:25:29.123) [Visual Studio Host (10528):TextEditorDocumentWindowTestExtension] Closing window 'WebFormVB.aspx'.
        (01:25:29.406) [Platform:Testcase] Test 'VSTest_Generate_Page_Load_Event_VB' has 'Passed' outcome. Therefore, Apex will not shut down the 'Visual Studio Host (10528)' with process ID '10528'. A subsequent test scenario will run on the same instance of the host.
    + Final Test Result Verification
        (01:25:29.840) [Platform:DelayedAssertionVerifierSink] Verification Success: 0 verification steps failed.
    + ApexTest TestCleanup</StdOut>
      </Output>
      <ResultFiles>
        <ResultFile path="WNVM19648\Fail.aswak04hapa5.png" />
        <ResultFile path="WNVM19648\Fail.azqsczivabnm.png" />
        <ResultFile path="WNVM19648\Fail.byuslv5baqsd.png" />
        <ResultFile path="WNVM19648\Fail.ek4tb3wmalyl.png" />
        <ResultFile path="WNVM19648\Fail.ig2gsfz5ad1y.png" />
        <ResultFile path="WNVM19648\Fail.kxs1ersmaxma.png" />
        <ResultFile path="WNVM19648\Fail.loc0xhl5a2hr.png" />
        <ResultFile path="WNVM19648\Fail.o4kkrjboasbk.png" />
        <ResultFile path="WNVM19648\Fail.o5zf0zepaw0l.png" />
        <ResultFile path="WNVM19648\Fail.raasvsmeanc1.png" />
        <ResultFile path="WNVM19648\Fail.sidku4gxamg4.png" />
        <ResultFile path="WNVM19648\Fail.t4yj0fxuatil.png" />
        <ResultFile path="WNVM19648\Fail.z10rn0n5ajdm.png" />
        <ResultFile path="WNVM19648\OmniLog.html" />
        <ResultFile path="WNVM19648\OmniLogRawXml.xml" />
      </ResultFiles>
    </UnitTestResult>
    <UnitTestResult executionId="19ac4688-4e8d-4973-a7e6-c2a1165ad06f" testId="ae299ad6-5cbb-4d5e-c5ba-a25f87e58f4f" testName="VSTest_RazorV4PasteTextAtEndOfCshtml" computerName="WNVM19648" duration="00:00:09.6201574" startTime="2018-04-17T01:09:53.5808842-07:00" endTime="2018-04-17T01:10:03.2010416-07:00" testType="13cdc9d9-ddb5-4fa4-a97d-d965ccfc6d4b" outcome="Passed" testListId="8c84fa94-04c1-424b-9868-57a2d4851a1d" relativeResultsDirectory="19ac4688-4e8d-4973-a7e6-c2a1165ad06f">
      <Output>
        <StdOut>+ CSharpGeneralTests::VSTest_RazorV4PasteTextAtEndOfCshtml
    + ApexTest TestInitialize
    + ExternalProcessHostTest TestInitialize
        (01:11:35.365) [Visual Studio Host (4384):RoamingSettingsService] Disabling roaming settings.
        (01:11:35.502) [Visual Studio Host (4384):SettingsService] Setting Visual Studio option 'Environment\RoamingSettings\RoamingEnabled' to 'False'.
        (01:11:35.862) [Visual Studio Host (4384):TextEditorDocumentWindowTestExtension] Showing window 'valid.cshtml' without activating the window.
        (01:11:36.063) [Visual Studio Host (4384):TextEditorDocumentWindowTestExtension] Showing window 'valid.cshtml'.
        (01:11:36.210) [Visual Studio Host (4384):VisualStudioTextEditorTestExtension] Setting keyboard focus to editor 'valid.cshtml'.
        (01:11:36.354) [Visual Studio Host (4384):MainWindowService] Activating main window to bring it to the foreground.
        (01:11:36.516) [Visual Studio Host (4384):MainWindowService] Setting main window state to 'Maximized'.
    (01:11:36.903) [Visual Studio Host (4384):ToolWindowTestExtension] Showing window 'Error List ...' without activating the window.
    (01:11:37.316) [Visual Studio Host (4384):ToolWindowTestExtension] Showing window 'Error List ...'.
    (01:11:37.737) [Visual Studio Host (4384):ToolWindowTestExtension] Docking Window 'Error List ...'.
    (01:11:37.896) [Visual Studio Host (4384):ToolWindowTestExtension] Changing window 'Error List ...' state to 'Docked'.
    (01:11:38.071) [Visual Studio Host (4384):TextEditorDocumentWindowTestExtension] Showing window 'valid.cshtml' without activating the window.
    (01:11:38.260) [Visual Studio Host (4384):TextEditorDocumentWindowTestExtension] Showing window 'valid.cshtml'.
    (01:11:38.466) [Visual Studio Host (4384):VisualStudioCaretTestExtension] Moving the caret from (Ln: 1, Ch: 1) to the end of the file
    (01:11:38.640) [Visual Studio Host (4384):VisualStudioTextEditorTestExtension] Setting keyboard focus to editor 'valid.cshtml'.
    (01:11:39.008) [Visual Studio Host (4384):TextEditorDocumentWindowTestExtension] Showing window 'valid.cshtml' without activating the window.
    (01:11:39.186) [Visual Studio Host (4384):TextEditorDocumentWindowTestExtension] Showing window 'valid.cshtml'.
    (01:11:39.390) [Visual Studio Host (4384):ToolWindowTestExtension] Showing window 'Error List ...' without activating the window.
    (01:11:39.535) [Visual Studio Host (4384):ErrorListService] Showing error list error items.
    (01:11:39.711) [Visual Studio Host (4384):ToolWindowTestExtension] Showing window 'Error List ...' without activating the window.
    (01:11:39.870) [Visual Studio Host (4384):ErrorListService] Showing error list message items.
    (01:11:40.013) [Visual Studio Host (4384):ToolWindowTestExtension] Showing window 'Error List ...' without activating the window.
    (01:11:40.162) [Visual Studio Host (4384):ErrorListService] Showing error list warning items.
    (01:11:42.386) [Visual Studio Host (4384):TextEditorDocumentWindowTestExtension] Showing window 'valid.cshtml' without activating the window.
    (01:11:42.516) [Visual Studio Host (4384):TextEditorDocumentWindowTestExtension] Showing window 'valid.cshtml'.
    + ExternalProcessHostTest TestCleanup
        (01:11:42.781) [Visual Studio Host (4384):TextEditorDocumentWindowTestExtension] Closing window 'valid.cshtml'.
        (01:11:43.026) [Platform:Testcase] Test 'VSTest_RazorV4PasteTextAtEndOfCshtml' has 'Passed' outcome. Therefore, Apex will not shut down the 'Visual Studio Host (4384)' with process ID '4384'. A subsequent test scenario will run on the same instance of the host.
    + Final Test Result Verification
        (01:11:43.473) [Platform:DelayedAssertionVerifierSink] Verification Success: 0 verification steps failed.
    + ApexTest TestCleanup</StdOut>
      </Output>
      <ResultFiles>
        <ResultFile path="WNVM19648\Fail.azqsczivabnm.png" />
        <ResultFile path="WNVM19648\Fail.ig2gsfz5ad1y.png" />
        <ResultFile path="WNVM19648\Fail.o5zf0zepaw0l.png" />
        <ResultFile path="WNVM19648\Fail.raasvsmeanc1.png" />
        <ResultFile path="WNVM19648\Fail.t4yj0fxuatil.png" />
        <ResultFile path="WNVM19648\Fail.z10rn0n5ajdm.png" />
        <ResultFile path="WNVM19648\OmniLog.html" />
        <ResultFile path="WNVM19648\OmniLogRawXml.xml" />
      </ResultFiles>
    </UnitTestResult>
    <UnitTestResult executionId="8ece7f98-b57a-48ea-854c-ce9bc06c7189" testId="3afae53f-7058-788a-1e27-de414aa7fdec" testName="VSTest_JSON_PasteObjectLiteral_MemberValueAlreadyCorrect" computerName="WNVM19648" duration="00:00:15.4993810" startTime="2018-04-17T02:16:05.2533407-07:00" endTime="2018-04-17T02:16:20.7527217-07:00" testType="13cdc9d9-ddb5-4fa4-a97d-d965ccfc6d4b" outcome="Passed" testListId="8c84fa94-04c1-424b-9868-57a2d4851a1d" relativeResultsDirectory="8ece7f98-b57a-48ea-854c-ce9bc06c7189">
      <Output>
        <StdOut>+ PasteJavascriptObjectLiteralAsJSONTests::VSTest_JSON_PasteObjectLiteral_MemberValueAlreadyCorrect
    + ApexTest TestInitialize
    + ExternalProcessHostTest TestInitialize
        (02:17:47.156) [Visual Studio Host (4596):RoamingSettingsService] Disabling roaming settings.
        (02:17:47.328) [Visual Studio Host (4596):SettingsService] Setting Visual Studio option 'Environment\RoamingSettings\RoamingEnabled' to 'False'.
        (02:17:47.906) [Visual Studio Host (4596):TextEditorDocumentWindowTestExtension] Showing window 'EmptyWithoutSchema.json' without activating the window.
        (02:17:48.156) [Visual Studio Host (4596):TextEditorDocumentWindowTestExtension] Showing window 'EmptyWithoutSchema.json'.
        (02:17:48.328) [Visual Studio Host (4596):VisualStudioTextEditorTestExtension] Setting keyboard focus to editor 'EmptyWithoutSchema.json'.
        (02:17:48.453) [Visual Studio Host (4596):MainWindowService] Activating main window to bring it to the foreground.
        (02:17:48.625) [Visual Studio Host (4596):MainWindowService] Setting main window state to 'Maximized'.
    (02:17:48.953) [Visual Studio Host (4596):TextEditorDocumentWindowTestExtension] Showing window 'EmptyWithoutSchema.json' without activating the window.
    (02:17:49.093) [Visual Studio Host (4596):TextEditorDocumentWindowTestExtension] Showing window 'EmptyWithoutSchema.json'.
    (02:17:49.312) [Visual Studio Host (4596):VisualStudioSelectionTestExtension] Selects all text in the editor.
    (02:17:49.500) [Visual Studio Host (4596):TextEditorDocumentWindowTestExtension] Showing window 'EmptyWithoutSchema.json' without activating the window.
    (02:17:49.687) [Visual Studio Host (4596):TextEditorDocumentWindowTestExtension] Showing window 'EmptyWithoutSchema.json'.
    (02:17:49.875) [Visual Studio Host (4596):KeyboardCommands] Sending the Delete key 1 times.
    (02:17:50.062) [Visual Studio Host (4596):TextEditorDocumentWindowTestExtension] Showing window 'EmptyWithoutSchema.json' without activating the window.
    (02:17:50.218) [Visual Studio Host (4596):TextEditorDocumentWindowTestExtension] Showing window 'EmptyWithoutSchema.json'.
    (02:17:50.390) [Visual Studio Host (4596):VisualStudioTextEditingActions] Inserting text: '{' at the current caret position: '(Ln: 1, Ch: 1)'
    (02:17:50.578) [Visual Studio Host (4596):TextEditorDocumentWindowTestExtension] Showing window 'EmptyWithoutSchema.json' without activating the window.
    (02:17:50.750) [Visual Studio Host (4596):TextEditorDocumentWindowTestExtension] Showing window 'EmptyWithoutSchema.json'.
    (02:17:50.968) [Visual Studio Host (4596):KeyboardCommands] Sending the Return key 1 times.
    (02:17:51.156) [Visual Studio Host (4596):TextEditorDocumentWindowTestExtension] Showing window 'EmptyWithoutSchema.json' without activating the window.
    (02:17:51.343) [Visual Studio Host (4596):TextEditorDocumentWindowTestExtension] Showing window 'EmptyWithoutSchema.json'.
    (02:17:51.548) [Visual Studio Host (4596):VisualStudioTextEditingActions] Inserting text: '"outer": ' at the current caret position: '(Ln: 2, Ch: 3)'
    (02:17:52.031) [Visual Studio Host (4596):TextEditorDocumentWindowTestExtension] Showing window 'EmptyWithoutSchema.json' without activating the window.
    (02:17:52.250) [Visual Studio Host (4596):TextEditorDocumentWindowTestExtension] Showing window 'EmptyWithoutSchema.json'.
    (02:17:52.468) [Visual Studio Host (4596):VisualStudioCaretTestExtension] Moving the caret from (Ln: 6, Ch: 6) to the beginning of the file
    (02:17:52.671) [Visual Studio Host (4596):VisualStudioTextEditorTestExtension] Setting keyboard focus to editor 'EmptyWithoutSchema.json'.
    (02:17:52.875) [Visual Studio Host (4596):TextEditorDocumentWindowTestExtension] Showing window 'EmptyWithoutSchema.json' without activating the window.
    (02:17:53.078) [Visual Studio Host (4596):TextEditorDocumentWindowTestExtension] Showing window 'EmptyWithoutSchema.json'.
    (02:17:53.296) [Visual Studio Host (4596):VisualStudioCaretTestExtension] Moving the caret from (Ln: 1, Ch: 1) down '1' lines
    (02:17:53.484) [Visual Studio Host (4596):VisualStudioTextEditorTestExtension] Setting keyboard focus to editor 'EmptyWithoutSchema.json'.
    (02:17:53.703) [Visual Studio Host (4596):TextEditorDocumentWindowTestExtension] Showing window 'EmptyWithoutSchema.json' without activating the window.
    (02:17:53.906) [Visual Studio Host (4596):TextEditorDocumentWindowTestExtension] Showing window 'EmptyWithoutSchema.json'.
    VerificationPass: (02:17:54.109) [Platform:Testcase] Verification passed: String content is equal: Expected '"outer": {', Actual '"outer": {'; &lt;ComparisonType: OrdinalIgnoreCase&gt;
    (02:17:54.312) [Visual Studio Host (4596):TextEditorDocumentWindowTestExtension] Showing window 'EmptyWithoutSchema.json' without activating the window.
    (02:17:54.500) [Visual Studio Host (4596):TextEditorDocumentWindowTestExtension] Showing window 'EmptyWithoutSchema.json'.
    (02:17:54.703) [Visual Studio Host (4596):VisualStudioCaretTestExtension] Moving the caret from (Ln: 2, Ch: 1) down '1' lines
    (02:17:54.875) [Visual Studio Host (4596):VisualStudioTextEditorTestExtension] Setting keyboard focus to editor 'EmptyWithoutSchema.json'.
    (02:17:55.062) [Visual Studio Host (4596):TextEditorDocumentWindowTestExtension] Showing window 'EmptyWithoutSchema.json' without activating the window.
    (02:17:55.249) [Visual Studio Host (4596):TextEditorDocumentWindowTestExtension] Showing window 'EmptyWithoutSchema.json'.
    VerificationPass: (02:17:55.453) [Platform:Testcase] Verification passed: String content is equal: Expected '"value1": 1,', Actual '"value1": 1,'; &lt;ComparisonType: OrdinalIgnoreCase&gt;
    (02:17:55.624) [Visual Studio Host (4596):TextEditorDocumentWindowTestExtension] Showing window 'EmptyWithoutSchema.json' without activating the window.
    (02:17:55.812) [Visual Studio Host (4596):TextEditorDocumentWindowTestExtension] Showing window 'EmptyWithoutSchema.json'.
    (02:17:56.031) [Visual Studio Host (4596):VisualStudioCaretTestExtension] Moving the caret from (Ln: 3, Ch: 1) down '1' lines
    (02:17:56.203) [Visual Studio Host (4596):VisualStudioTextEditorTestExtension] Setting keyboard focus to editor 'EmptyWithoutSchema.json'.
    (02:17:56.375) [Visual Studio Host (4596):TextEditorDocumentWindowTestExtension] Showing window 'EmptyWithoutSchema.json' without activating the window.
    (02:17:56.546) [Visual Studio Host (4596):TextEditorDocumentWindowTestExtension] Showing window 'EmptyWithoutSchema.json'.
    VerificationPass: (02:17:56.734) [Platform:Testcase] Verification passed: String content is equal: Expected '"valueObject": {', Actual '"valueObject": {'; &lt;ComparisonType: OrdinalIgnoreCase&gt;
    (02:17:56.937) [Visual Studio Host (4596):TextEditorDocumentWindowTestExtension] Showing window 'EmptyWithoutSchema.json' without activating the window.
    (02:17:57.109) [Visual Studio Host (4596):TextEditorDocumentWindowTestExtension] Showing window 'EmptyWithoutSchema.json'.
    (02:17:57.312) [Visual Studio Host (4596):VisualStudioCaretTestExtension] Moving the caret from (Ln: 4, Ch: 1) down '1' lines
    (02:17:57.484) [Visual Studio Host (4596):VisualStudioTextEditorTestExtension] Setting keyboard focus to editor 'EmptyWithoutSchema.json'.
    (02:17:57.687) [Visual Studio Host (4596):TextEditorDocumentWindowTestExtension] Showing window 'EmptyWithoutSchema.json' without activating the window.
    (02:17:57.859) [Visual Studio Host (4596):TextEditorDocumentWindowTestExtension] Showing window 'EmptyWithoutSchema.json'.
    VerificationPass: (02:17:58.078) [Platform:Testcase] Verification passed: String content is equal: Expected '"valueArray": [ { "valueString": "test" } ]', Actual '"valueArray": [ { "valueString": "test" } ]'; &lt;ComparisonType: OrdinalIgnoreCase&gt;
    (02:17:58.249) [Visual Studio Host (4596):TextEditorDocumentWindowTestExtension] Showing window 'EmptyWithoutSchema.json' without activating the window.
    (02:17:58.406) [Visual Studio Host (4596):TextEditorDocumentWindowTestExtension] Showing window 'EmptyWithoutSchema.json'.
    (02:17:58.624) [Visual Studio Host (4596):VisualStudioCaretTestExtension] Moving the caret from (Ln: 5, Ch: 1) down '1' lines
    (02:17:58.765) [Visual Studio Host (4596):VisualStudioTextEditorTestExtension] Setting keyboard focus to editor 'EmptyWithoutSchema.json'.
    (02:17:58.984) [Visual Studio Host (4596):TextEditorDocumentWindowTestExtension] Showing window 'EmptyWithoutSchema.json' without activating the window.
    (02:17:59.171) [Visual Studio Host (4596):TextEditorDocumentWindowTestExtension] Showing window 'EmptyWithoutSchema.json'.
    VerificationPass: (02:17:59.359) [Platform:Testcase] Verification passed: String content is equal: Expected '}', Actual '}'; &lt;ComparisonType: OrdinalIgnoreCase&gt;
    + ExternalProcessHostTest TestCleanup
        (02:17:59.734) [Visual Studio Host (4596):TextEditorDocumentWindowTestExtension] Closing window 'EmptyWithoutSchema.json'.
        (02:18:00.202) [Platform:Testcase] Test 'VSTest_JSON_PasteObjectLiteral_MemberValueAlreadyCorrect' has 'Passed' outcome. Therefore, Apex will not shut down the 'Visual Studio Host (4596)' with process ID '4596'. A subsequent test scenario will run on the same instance of the host.
    + Final Test Result Verification
        (02:18:00.827) [Platform:DelayedAssertionVerifierSink] Verification Success: 0 verification steps failed.
    + ApexTest TestCleanup</StdOut>
      </Output>
      <ResultFiles>
        <ResultFile path="WNVM19648\Fail.22wpw0oka5fs.png" />
        <ResultFile path="WNVM19648\Fail.24wtv1jnawc3.png" />
        <ResultFile path="WNVM19648\Fail.2dvw33g3abcx.png" />
        <ResultFile path="WNVM19648\Fail.2lws5epta1gw.png" />
        <ResultFile path="WNVM19648\Fail.2osatv43agzz.png" />
        <ResultFile path="WNVM19648\Fail.33ju4eduay3u.png" />
        <ResultFile path="WNVM19648\Fail.3poblbx4alvv.png" />
        <ResultFile path="WNVM19648\Fail.4p531ykxaqdb.png" />
        <ResultFile path="WNVM19648\Fail.5erbsz3aa4ay.png" />
        <ResultFile path="WNVM19648\Fail.ashpv3rjajjr.png" />
        <ResultFile path="WNVM19648\Fail.aswak04hapa5.png" />
        <ResultFile path="WNVM19648\Fail.azqsczivabnm.png" />
        <ResultFile path="WNVM19648\Fail.byuslv5baqsd.png" />
        <ResultFile path="WNVM19648\Fail.bz134qwyax2e.png" />
        <ResultFile path="WNVM19648\Fail.czhshhzmawco.png" />
        <ResultFile path="WNVM19648\Fail.ek4tb3wmalyl.png" />
        <ResultFile path="WNVM19648\Fail.hxi2cahnapy2.png" />
        <ResultFile path="WNVM19648\Fail.ig2gsfz5ad1y.png" />
        <ResultFile path="WNVM19648\Fail.iymeazuqablz.png" />
        <ResultFile path="WNVM19648\Fail.jpga4adlarrf.png" />
        <ResultFile path="WNVM19648\Fail.kfb5og41ajlt.png" />
        <ResultFile path="WNVM19648\Fail.kp4fcfcpa5bw.png" />
        <ResultFile path="WNVM19648\Fail.kxs1ersmaxma.png" />
        <ResultFile path="WNVM19648\Fail.lbyrcmqbastb.png" />
        <ResultFile path="WNVM19648\Fail.loc0xhl5a2hr.png" />
        <ResultFile path="WNVM19648\Fail.lthgvalfaxfr.png" />
        <ResultFile path="WNVM19648\Fail.mazsob3aamsp.png" />
        <ResultFile path="WNVM19648\Fail.n13clx4iaowv.png" />
        <ResultFile path="WNVM19648\Fail.n3c2bmltan5e.png" />
        <ResultFile path="WNVM19648\Fail.o4kkrjboasbk.png" />
        <ResultFile path="WNVM19648\Fail.o5zf0zepaw0l.png" />
        <ResultFile path="WNVM19648\Fail.pdo2mhdtanq2.png" />
        <ResultFile path="WNVM19648\Fail.pprwzak1ac5h.png" />
        <ResultFile path="WNVM19648\Fail.qagtqbftat3h.png" />
        <ResultFile path="WNVM19648\Fail.qbnuydioazjy.png" />
        <ResultFile path="WNVM19648\Fail.raasvsmeanc1.png" />
        <ResultFile path="WNVM19648\Fail.rymman3va50a.png" />
        <ResultFile path="WNVM19648\Fail.sidku4gxamg4.png" />
        <ResultFile path="WNVM19648\Fail.swwzdfhraz25.png" />
        <ResultFile path="WNVM19648\Fail.t4yj0fxuatil.png" />
        <ResultFile path="WNVM19648\Fail.v0ywfcwsa23p.png" />
        <ResultFile path="WNVM19648\Fail.vjqtiv2zaclz.png" />
        <ResultFile path="WNVM19648\Fail.wiz4mofdavag.png" />
        <ResultFile path="WNVM19648\Fail.xasrdkzvaogc.png" />
        <ResultFile path="WNVM19648\Fail.yd3ferxiaq1c.png" />
        <ResultFile path="WNVM19648\Fail.z10rn0n5ajdm.png" />
        <ResultFile path="WNVM19648\Fail.z2gelfy0aa1q.png" />
        <ResultFile path="WNVM19648\Fail.zpuouf2fa0ib.png" />
        <ResultFile path="WNVM19648\OmniLog.html" />
        <ResultFile path="WNVM19648\OmniLogRawXml.xml" />
      </ResultFiles>
    </UnitTestResult>
    <UnitTestResult executionId="31585730-afad-4a8c-b778-3e4e9fbcaffb" testId="ea8f09a1-525b-258f-5ced-612674a8944e" testName="VSTest_RazorVerifyVersionedMEFExports" computerName="WNVM19648" duration="00:00:02.6016387" startTime="2018-04-17T01:05:53.6035220-07:00" endTime="2018-04-17T01:05:56.2051607-07:00" testType="13cdc9d9-ddb5-4fa4-a97d-d965ccfc6d4b" outcome="Passed" testListId="8c84fa94-04c1-424b-9868-57a2d4851a1d" relativeResultsDirectory="31585730-afad-4a8c-b778-3e4e9fbcaffb">
      <Output>
        <StdOut>+ MEFTests::VSTest_RazorVerifyVersionedMEFExports
    + ApexTest TestInitialize
    + ExternalProcessHostTest TestInitialize
        (01:07:35.279) [Visual Studio Host (4384):RoamingSettingsService] Disabling roaming settings.
        (01:07:35.412) [Visual Studio Host (4384):SettingsService] Setting Visual Studio option 'Environment\RoamingSettings\RoamingEnabled' to 'False'.
        (01:07:35.581) [Visual Studio Host (4384):MainWindowService] Activating main window to bring it to the foreground.
        (01:07:35.722) [Visual Studio Host (4384):MainWindowService] Setting main window state to 'Maximized'.
    + ExternalProcessHostTest TestCleanup
        (01:07:36.217) [Platform:Testcase] Test 'VSTest_RazorVerifyVersionedMEFExports' has 'Passed' outcome. Therefore, Apex will not shut down the 'Visual Studio Host (4384)' with process ID '4384'. A subsequent test scenario will run on the same instance of the host.
    + Final Test Result Verification
        (01:07:36.629) [Platform:DelayedAssertionVerifierSink] Verification Success: 0 verification steps failed.
    + ApexTest TestCleanup</StdOut>
      </Output>
      <ResultFiles>
        <ResultFile path="WNVM19648\Fail.azqsczivabnm.png" />
        <ResultFile path="WNVM19648\Fail.ig2gsfz5ad1y.png" />
        <ResultFile path="WNVM19648\Fail.o5zf0zepaw0l.png" />
        <ResultFile path="WNVM19648\Fail.raasvsmeanc1.png" />
        <ResultFile path="WNVM19648\Fail.t4yj0fxuatil.png" />
        <ResultFile path="WNVM19648\Fail.z10rn0n5ajdm.png" />
        <ResultFile path="WNVM19648\OmniLog.html" />
        <ResultFile path="WNVM19648\OmniLogRawXml.xml" />
      </ResultFiles>
    </UnitTestResult>
    <UnitTestResult executionId="304a33b7-b4fd-4cb2-9fed-790102268304" testId="0561b288-03ef-c54c-0d87-c72562419c7d" testName="VSTest_Completion_TransparentElementContent" computerName="WNVM19648" duration="00:00:05.6619581" startTime="2018-04-17T00:17:01.4669082-07:00" endTime="2018-04-17T00:17:07.1288663-07:00" testType="13cdc9d9-ddb5-4fa4-a97d-d965ccfc6d4b" outcome="Passed" testListId="8c84fa94-04c1-424b-9868-57a2d4851a1d" relativeResultsDirectory="304a33b7-b4fd-4cb2-9fed-790102268304">
      <Output>
        <StdOut>+ CompletionTests::VSTest_Completion_TransparentElementContent
    + ApexTest TestInitialize
    + ExternalProcessHostTest TestInitialize
        (18:42.834) [Visual Studio Host (6956):RoamingSettingsService] Disabling roaming settings.
        (18:42.891) [Visual Studio Host (6956):SettingsService] Setting Visual Studio option 'Environment\RoamingSettings\RoamingEnabled' to 'False'.
        (18:43.193) [Visual Studio Host (6956):TextEditorDocumentWindowTestExtension] Showing window 'Completion.html' without activating the window.
        (18:43.259) [Visual Studio Host (6956):TextEditorDocumentWindowTestExtension] Showing window 'Completion.html'.
        (18:43.356) [Visual Studio Host (6956):VisualStudioTextEditorTestExtension] Setting keyboard focus to editor 'Completion.html'.
        (18:43.411) [Visual Studio Host (6956):MainWindowService] Activating main window to bring it to the foreground.
        (18:43.513) [Visual Studio Host (6956):MainWindowService] Setting main window state to 'Maximized'.
    (18:43.613) [Visual Studio Host (6956):TextEditorDocumentWindowTestExtension] Showing window 'Completion.html' without activating the window.
    (18:43.666) [Visual Studio Host (6956):TextEditorDocumentWindowTestExtension] Showing window 'Completion.html'.
    (18:43.741) [Visual Studio Host (6956):VisualStudioCaretTestExtension] Moving the caret to '&lt;/body' at (Ln: 15, Ch: 1) based on a regular expression.  Expression = "&lt;/body" [group index '0', match index '1', options 'Singleline, CultureInvariant']
    (18:43.806) [Visual Studio Host (6956):TextEditorDocumentWindowTestExtension] Showing window 'Completion.html' without activating the window.
    (18:43.860) [Visual Studio Host (6956):TextEditorDocumentWindowTestExtension] Showing window 'Completion.html'.
    (18:43.930) [Visual Studio Host (6956):VisualStudioTextEditingActions] Inserting '1' lines below the current caret position: '(Ln: 15, Ch: 1)'
    (18:43.997) [Visual Studio Host (6956):TextEditorDocumentWindowTestExtension] Showing window 'Completion.html' without activating the window.
    (18:44.085) [Visual Studio Host (6956):TextEditorDocumentWindowTestExtension] Showing window 'Completion.html'.
    (18:44.149) [Visual Studio Host (6956):VisualStudioCaretTestExtension] Moving the caret from (Ln: 16, Ch: 1) down '1' lines
    (18:44.191) [Visual Studio Host (6956):VisualStudioTextEditorTestExtension] Setting keyboard focus to editor 'Completion.html'.
    (18:44.296) [Visual Studio Host (6956):TextEditorDocumentWindowTestExtension] Showing window 'Completion.html' without activating the window.
    (18:44.350) [Visual Studio Host (6956):TextEditorDocumentWindowTestExtension] Showing window 'Completion.html'.
    (18:44.418) [Visual Studio Host (6956):VisualStudioCaretTestExtension] Moving the caret to '&lt;/a&gt;' at (Ln: 17, Ch: 40) based on a regular expression.  Expression = "&lt;/a&gt;" [group index '0', match index '1', options 'Singleline, CultureInvariant']
    (18:44.641) [Visual Studio Host (6956):TextEditorDocumentWindowTestExtension] Showing window 'Completion.html' without activating the window.
    (18:44.813) [Visual Studio Host (6956):TextEditorDocumentWindowTestExtension] Showing window 'Completion.html'.
    (18:45.001) [Visual Studio Host (6956):VisualStudioIntellisenseService] Did not find an active completion session. Please use Verify.IsCompletionListPresent() to make sure that the list is present before requesting the completion session.
    Warning: (18:45.057) [Visual Studio Host (6956):VisualStudioIntellisenseService] No active completion sessions were found for editor 'Completion.html'.
    (18:45.113) [Visual Studio Host (6956):VisualStudioIntellisenseService] Invoking Completion member list at '(Ln: 17, Ch: 40)'.
    (18:45.185) [Visual Studio Host (6956):VisualStudioIntellisenseService] Getting the active completion at position '(Ln: 17, Ch: 40)'.
    (18:45.440) [Visual Studio Host (6956):VisualStudioCompletionListTestExtension] Retrieved '87' completion items.
    (18:45.646) [Visual Studio Host (6956):TextEditorDocumentWindowTestExtension] Showing window 'Completion.html' without activating the window.
    (18:45.691) [Visual Studio Host (6956):TextEditorDocumentWindowTestExtension] Showing window 'Completion.html'.
    (18:45.796) [Visual Studio Host (6956):VisualStudioCaretTestExtension] Moving the caret to '&lt;/p&gt;' at (Ln: 17, Ch: 44) based on a regular expression.  Expression = "&lt;/p&gt;" [group index '0', match index '1', options 'Singleline, CultureInvariant']
    (18:45.871) [Visual Studio Host (6956):TextEditorDocumentWindowTestExtension] Showing window 'Completion.html' without activating the window.
    (18:45.928) [Visual Studio Host (6956):TextEditorDocumentWindowTestExtension] Showing window 'Completion.html'.
    (18:45.991) [Visual Studio Host (6956):KeyboardCommands] Sending the Return key 1 times.
    (18:46.212) [Visual Studio Host (6956):TextEditorDocumentWindowTestExtension] Showing window 'Completion.html' without activating the window.
    (18:46.270) [Visual Studio Host (6956):TextEditorDocumentWindowTestExtension] Showing window 'Completion.html'.
    (18:46.435) [Visual Studio Host (6956):VisualStudioCaretTestExtension] Moving the caret to '&lt;/svg&gt;' at (Ln: 18, Ch: 27) based on a regular expression.  Expression = "&lt;/svg&gt;" [group index '0', match index '1', options 'Singleline, CultureInvariant']
    (18:46.511) [Visual Studio Host (6956):TextEditorDocumentWindowTestExtension] Showing window 'Completion.html' without activating the window.
    (18:46.575) [Visual Studio Host (6956):TextEditorDocumentWindowTestExtension] Showing window 'Completion.html'.
    (18:46.682) [Visual Studio Host (6956):VisualStudioIntellisenseService] Did not find an active completion session. Please use Verify.IsCompletionListPresent() to make sure that the list is present before requesting the completion session.
    Warning: (18:46.752) [Visual Studio Host (6956):VisualStudioIntellisenseService] No active completion sessions were found for editor 'Completion.html'.
    (18:46.817) [Visual Studio Host (6956):VisualStudioIntellisenseService] Invoking Completion member list at '(Ln: 18, Ch: 27)'.
    (18:46.905) [Visual Studio Host (6956):VisualStudioIntellisenseService] Getting the active completion at position '(Ln: 18, Ch: 27)'.
    (18:47.072) [Visual Studio Host (6956):VisualStudioCompletionListTestExtension] Retrieved '40' completion items.
    + ExternalProcessHostTest TestCleanup
        (18:47.351) [Visual Studio Host (6956):TextEditorDocumentWindowTestExtension] Closing window 'Completion.html'.
        (18:47.678) [Platform:Testcase] Test 'VSTest_Completion_TransparentElementContent' has 'Passed' outcome. Therefore, Apex will not shut down the 'Visual Studio Host (6956)' with process ID '6956'. A subsequent test scenario will run on the same instance of the host.
    + Final Test Result Verification
        (18:47.894) [Platform:DelayedAssertionVerifierSink] Verification Success: 0 verification steps failed.
    + ApexTest TestCleanup</StdOut>
      </Output>
      <ResultFiles>
        <ResultFile path="WNVM19648\Fail.azqsczivabnm.png" />
        <ResultFile path="WNVM19648\Fail.ig2gsfz5ad1y.png" />
        <ResultFile path="WNVM19648\Fail.o5zf0zepaw0l.png" />
        <ResultFile path="WNVM19648\OmniLog.html" />
        <ResultFile path="WNVM19648\OmniLogRawXml.xml" />
      </ResultFiles>
    </UnitTestResult>
    <UnitTestResult executionId="acd3732d-80d7-4911-b7eb-bba229417d3c" testId="96087fee-c14b-2433-f3b6-bcd4db38f25f" testName="VSTest_Razor_TagHelpers_Completion_RestrictChildrenWithParentTag" computerName="WNVM19648" duration="00:00:25.0053982" startTime="2018-04-17T01:16:54.6702317-07:00" endTime="2018-04-17T01:17:19.6756299-07:00" testType="13cdc9d9-ddb5-4fa4-a97d-d965ccfc6d4b" outcome="Passed" testListId="8c84fa94-04c1-424b-9868-57a2d4851a1d" relativeResultsDirectory="acd3732d-80d7-4911-b7eb-bba229417d3c">
      <Output>
        <StdOut>+ RazorTagHelperTests::VSTest_Razor_TagHelpers_Completion_RestrictChildrenWithParentTag
    + ApexTest TestInitialize
    + ExternalProcessHostTest TestInitialize
        (01:18:36.406) [Visual Studio Host (8016):RoamingSettingsService] Disabling roaming settings.
        (01:18:36.544) [Visual Studio Host (8016):SettingsService] Setting Visual Studio option 'Environment\RoamingSettings\RoamingEnabled' to 'False'.
        (01:18:37.300) [Visual Studio Host (8016):TextEditorDocumentWindowTestExtension] Showing window 'TagHelpers.cshtml' without activating the window.
        (01:18:37.456) [Visual Studio Host (8016):TextEditorDocumentWindowTestExtension] Showing window 'TagHelpers.cshtml'.
        (01:18:37.649) [Visual Studio Host (8016):VisualStudioTextEditorTestExtension] Setting keyboard focus to editor 'TagHelpers.cshtml'.
        (01:18:37.789) [Visual Studio Host (8016):MainWindowService] Activating main window to bring it to the foreground.
        (01:18:37.932) [Visual Studio Host (8016):MainWindowService] Setting main window state to 'Maximized'.
    (01:18:38.254) [Visual Studio Host (8016):TextEditorDocumentWindowTestExtension] Showing window 'TagHelpers.cshtml' without activating the window.
    (01:18:38.420) [Visual Studio Host (8016):TextEditorDocumentWindowTestExtension] Showing window 'TagHelpers.cshtml'.
    (01:18:38.620) [Visual Studio Host (8016):VisualStudioCaretTestExtension] Moving the caret to '&lt;body&gt;' at (Ln: 5, Ch: 1) based on a regular expression.  Expression = "()&lt;body&gt;" [group index '0', match index '1', options 'Singleline, CultureInvariant']
    (01:18:39.970) [Visual Studio Host (8016):TextEditorDocumentWindowTestExtension] Showing window 'TagHelpers.cshtml' without activating the window.
    (01:18:41.541) [Visual Studio Host (8016):TextEditorDocumentWindowTestExtension] Showing window 'TagHelpers.cshtml'.
    (01:18:42.960) [Visual Studio Host (8016):VisualStudioCaretTestExtension] Moving the caret from (Ln: 5, Ch: 1) down '1' lines
    (01:18:43.094) [Visual Studio Host (8016):VisualStudioTextEditorTestExtension] Setting keyboard focus to editor 'TagHelpers.cshtml'.
    + Verify CustomParent, CustomGrandChildAll are present and CustomChild1, CustomChild2 and CustomGrandChild2 aren't
        (01:18:43.388) [Visual Studio Host (8016):TextEditorDocumentWindowTestExtension] Showing window 'TagHelpers.cshtml' without activating the window.
        (01:18:43.543) [Visual Studio Host (8016):TextEditorDocumentWindowTestExtension] Showing window 'TagHelpers.cshtml'.
        (01:18:43.863) [Visual Studio Host (8016):TextEditorDocumentWindowTestExtension] Showing window 'TagHelpers.cshtml' without activating the window.
        (01:18:44.107) [Visual Studio Host (8016):TextEditorDocumentWindowTestExtension] Showing window 'TagHelpers.cshtml'.
        (01:18:44.283) [Visual Studio Host (8016):VisualStudioIntellisenseService] Getting the active completion at position '(Ln: 6, Ch: 2)'.
        (01:18:44.437) [Visual Studio Host (8016):VisualStudioCompletionListTestExtension] Found completion item with name 
        (01:18:44.608) [Visual Studio Host (8016):VisualStudioCompletionListTestExtension] Found completion item with name 
        (01:18:44.771) [Visual Studio Host (8016):VisualStudioCompletionListTestExtension] Unable to find completion item with name 
        (01:18:44.927) [Visual Studio Host (8016):VisualStudioCompletionListTestExtension] Unable to find completion item with name 
        (01:18:45.093) [Visual Studio Host (8016):VisualStudioCompletionListTestExtension] Unable to find completion item with name 
        (01:18:45.265) [Visual Studio Host (8016):TextEditorDocumentWindowTestExtension] Showing window 'TagHelpers.cshtml' without activating the window.
        (01:18:45.429) [Visual Studio Host (8016):TextEditorDocumentWindowTestExtension] Showing window 'TagHelpers.cshtml'.
        (01:18:45.734) [Visual Studio Host (8016):TextEditorDocumentWindowTestExtension] Showing window 'TagHelpers.cshtml' without activating the window.
        (01:18:45.951) [Visual Studio Host (8016):TextEditorDocumentWindowTestExtension] Showing window 'TagHelpers.cshtml'.
        (01:18:46.125) [Visual Studio Host (8016):KeyboardCommands] Sending the Return key 1 times.
    + Verify all but CustomGrandChild2 are present
        (01:18:46.566) [Visual Studio Host (8016):TextEditorDocumentWindowTestExtension] Showing window 'TagHelpers.cshtml' without activating the window.
        (01:18:46.724) [Visual Studio Host (8016):TextEditorDocumentWindowTestExtension] Showing window 'TagHelpers.cshtml'.
        (01:18:46.933) [Visual Studio Host (8016):TextEditorDocumentWindowTestExtension] Showing window 'TagHelpers.cshtml' without activating the window.
        (01:18:47.078) [Visual Studio Host (8016):TextEditorDocumentWindowTestExtension] Showing window 'TagHelpers.cshtml'.
        (01:18:47.324) [Visual Studio Host (8016):VisualStudioIntellisenseService] Getting the active completion at position '(Ln: 7, Ch: 2)'.
        (01:18:47.483) [Visual Studio Host (8016):VisualStudioCompletionListTestExtension] Found completion item with name 
        (01:18:47.620) [Visual Studio Host (8016):VisualStudioCompletionListTestExtension] Found completion item with name 
        (01:18:47.766) [Visual Studio Host (8016):VisualStudioCompletionListTestExtension] Found completion item with name 
        (01:18:47.936) [Visual Studio Host (8016):VisualStudioCompletionListTestExtension] Found completion item with name 
        (01:18:48.120) [Visual Studio Host (8016):VisualStudioCompletionListTestExtension] Unable to find completion item with name 
        (01:18:48.277) [Visual Studio Host (8016):TextEditorDocumentWindowTestExtension] Showing window 'TagHelpers.cshtml' without activating the window.
        (01:18:48.447) [Visual Studio Host (8016):TextEditorDocumentWindowTestExtension] Showing window 'TagHelpers.cshtml'.
        (01:18:48.792) [Visual Studio Host (8016):TextEditorDocumentWindowTestExtension] Showing window 'TagHelpers.cshtml' without activating the window.
        (01:18:48.975) [Visual Studio Host (8016):TextEditorDocumentWindowTestExtension] Showing window 'TagHelpers.cshtml'.
        (01:18:49.155) [Visual Studio Host (8016):KeyboardCommands] Sending the Return key 1 times.
    + Verify CustomGrandChildAll and CustomGrandChild2 are only ones present
        (01:18:49.655) [Visual Studio Host (8016):TextEditorDocumentWindowTestExtension] Showing window 'TagHelpers.cshtml' without activating the window.
        (01:18:49.824) [Visual Studio Host (8016):TextEditorDocumentWindowTestExtension] Showing window 'TagHelpers.cshtml'.
        (01:18:50.038) [Visual Studio Host (8016):TextEditorDocumentWindowTestExtension] Showing window 'TagHelpers.cshtml' without activating the window.
        (01:18:50.270) [Visual Studio Host (8016):TextEditorDocumentWindowTestExtension] Showing window 'TagHelpers.cshtml'.
        (01:18:50.471) [Visual Studio Host (8016):VisualStudioIntellisenseService] Getting the active completion at position '(Ln: 8, Ch: 2)'.
        (01:18:50.635) [Visual Studio Host (8016):VisualStudioCompletionListTestExtension] Found completion item with name 
        (01:18:50.790) [Visual Studio Host (8016):VisualStudioCompletionListTestExtension] Found completion item with name 
        (01:18:50.923) [Visual Studio Host (8016):VisualStudioCompletionListTestExtension] Unable to find completion item with name 
        (01:18:51.080) [Visual Studio Host (8016):VisualStudioCompletionListTestExtension] Unable to find completion item with name 
        (01:18:51.267) [Visual Studio Host (8016):VisualStudioCompletionListTestExtension] Unable to find completion item with name 
        (01:18:51.420) [Visual Studio Host (8016):TextEditorDocumentWindowTestExtension] Showing window 'TagHelpers.cshtml' without activating the window.
        (01:18:51.562) [Visual Studio Host (8016):TextEditorDocumentWindowTestExtension] Showing window 'TagHelpers.cshtml'.
    (01:18:52.043) [Visual Studio Host (8016):TextEditorDocumentWindowTestExtension] Showing window 'TagHelpers.cshtml' without activating the window.
    (01:18:52.195) [Visual Studio Host (8016):TextEditorDocumentWindowTestExtension] Showing window 'TagHelpers.cshtml'.
    (01:18:52.360) [Visual Studio Host (8016):KeyboardCommands] Sending the Down key 1 times.
    (01:18:52.548) [Visual Studio Host (8016):TextEditorDocumentWindowTestExtension] Showing window 'TagHelpers.cshtml' without activating the window.
    (01:18:52.727) [Visual Studio Host (8016):TextEditorDocumentWindowTestExtension] Showing window 'TagHelpers.cshtml'.
    (01:18:52.893) [Visual Studio Host (8016):VisualStudioCaretTestExtension] Moving the caret from (Ln: 9, Ch: 16) to the end of the line
    (01:18:53.032) [Visual Studio Host (8016):VisualStudioTextEditorTestExtension] Setting keyboard focus to editor 'TagHelpers.cshtml'.
    (01:18:53.193) [Visual Studio Host (8016):TextEditorDocumentWindowTestExtension] Showing window 'TagHelpers.cshtml' without activating the window.
    (01:18:53.349) [Visual Studio Host (8016):TextEditorDocumentWindowTestExtension] Showing window 'TagHelpers.cshtml'.
    (01:18:53.502) [Visual Studio Host (8016):KeyboardCommands] Sending the Return key 1 times.
    + Verify all but CustomGrandChild2 are present
        (01:18:53.824) [Visual Studio Host (8016):TextEditorDocumentWindowTestExtension] Showing window 'TagHelpers.cshtml' without activating the window.
        (01:18:54.013) [Visual Studio Host (8016):TextEditorDocumentWindowTestExtension] Showing window 'TagHelpers.cshtml'.
        (01:18:54.205) [Visual Studio Host (8016):TextEditorDocumentWindowTestExtension] Showing window 'TagHelpers.cshtml' without activating the window.
        (01:18:54.375) [Visual Studio Host (8016):TextEditorDocumentWindowTestExtension] Showing window 'TagHelpers.cshtml'.
        (01:18:54.563) [Visual Studio Host (8016):VisualStudioIntellisenseService] Getting the active completion at position '(Ln: 10, Ch: 6)'.
        (01:18:54.752) [Visual Studio Host (8016):VisualStudioCompletionListTestExtension] Found completion item with name 
        (01:18:54.931) [Visual Studio Host (8016):VisualStudioCompletionListTestExtension] Found completion item with name 
        (01:18:55.067) [Visual Studio Host (8016):VisualStudioCompletionListTestExtension] Found completion item with name 
        (01:18:55.210) [Visual Studio Host (8016):VisualStudioCompletionListTestExtension] Found completion item with name 
        (01:18:55.376) [Visual Studio Host (8016):VisualStudioCompletionListTestExtension] Unable to find completion item with name 
        (01:18:55.517) [Visual Studio Host (8016):TextEditorDocumentWindowTestExtension] Showing window 'TagHelpers.cshtml' without activating the window.
        (01:18:55.663) [Visual Studio Host (8016):TextEditorDocumentWindowTestExtension] Showing window 'TagHelpers.cshtml'.
        (01:18:56.030) [Visual Studio Host (8016):TextEditorDocumentWindowTestExtension] Showing window 'TagHelpers.cshtml' without activating the window.
        (01:18:56.227) [Visual Studio Host (8016):TextEditorDocumentWindowTestExtension] Showing window 'TagHelpers.cshtml'.
        (01:18:56.390) [Visual Studio Host (8016):KeyboardCommands] Sending the Return key 1 times.
    + Verify CustomGrandChild2, CustomGrandChildAll are the only ones present
        (01:18:56.890) [Visual Studio Host (8016):TextEditorDocumentWindowTestExtension] Showing window 'TagHelpers.cshtml' without activating the window.
        (01:18:57.050) [Visual Studio Host (8016):TextEditorDocumentWindowTestExtension] Showing window 'TagHelpers.cshtml'.
        (01:18:57.354) [Visual Studio Host (8016):TextEditorDocumentWindowTestExtension] Showing window 'TagHelpers.cshtml' without activating the window.
        (01:18:57.651) [Visual Studio Host (8016):TextEditorDocumentWindowTestExtension] Showing window 'TagHelpers.cshtml'.
        (01:18:57.910) [Visual Studio Host (8016):VisualStudioIntellisenseService] Getting the active completion at position '(Ln: 11, Ch: 2)'.
        (01:18:58.132) [Visual Studio Host (8016):VisualStudioCompletionListTestExtension] Found completion item with name 
        (01:18:58.325) [Visual Studio Host (8016):VisualStudioCompletionListTestExtension] Found completion item with name 
        (01:18:58.501) [Visual Studio Host (8016):VisualStudioCompletionListTestExtension] Unable to find completion item with name 
        (01:18:58.647) [Visual Studio Host (8016):VisualStudioCompletionListTestExtension] Unable to find completion item with name 
        (01:18:58.793) [Visual Studio Host (8016):VisualStudioCompletionListTestExtension] Unable to find completion item with name 
    + ExternalProcessHostTest TestCleanup
        (01:18:59.269) [Visual Studio Host (8016):TextEditorDocumentWindowTestExtension] Closing window 'TagHelpers.cshtml'.
        (01:18:59.584) [Platform:Testcase] Test 'VSTest_Razor_TagHelpers_Completion_RestrictChildrenWithParentTag' has 'Passed' outcome. Therefore, Apex will not shut down the 'Visual Studio Host (8016)' with process ID '8016'. A subsequent test scenario will run on the same instance of the host.
    + Final Test Result Verification
        (01:19:00.048) [Platform:DelayedAssertionVerifierSink] Verification Success: 0 verification steps failed.
    + ApexTest TestCleanup</StdOut>
      </Output>
      <ResultFiles>
        <ResultFile path="WNVM19648\Fail.aswak04hapa5.png" />
        <ResultFile path="WNVM19648\Fail.azqsczivabnm.png" />
        <ResultFile path="WNVM19648\Fail.ek4tb3wmalyl.png" />
        <ResultFile path="WNVM19648\Fail.ig2gsfz5ad1y.png" />
        <ResultFile path="WNVM19648\Fail.o4kkrjboasbk.png" />
        <ResultFile path="WNVM19648\Fail.o5zf0zepaw0l.png" />
        <ResultFile path="WNVM19648\Fail.raasvsmeanc1.png" />
        <ResultFile path="WNVM19648\Fail.t4yj0fxuatil.png" />
        <ResultFile path="WNVM19648\Fail.z10rn0n5ajdm.png" />
        <ResultFile path="WNVM19648\OmniLog.html" />
        <ResultFile path="WNVM19648\OmniLogRawXml.xml" />
      </ResultFiles>
    </UnitTestResult>
    <UnitTestResult executionId="886cdfc6-313b-44d0-905a-6d7e8ad78d71" testId="e71daa4d-2319-dd12-2052-e2f049206df5" testName="VSTest_JSON_AutoGeneration_PasteText" computerName="WNVM19648" duration="00:00:06.9831212" startTime="2018-04-17T02:24:42.2608499-07:00" endTime="2018-04-17T02:24:49.2439711-07:00" testType="13cdc9d9-ddb5-4fa4-a97d-d965ccfc6d4b" outcome="Passed" testListId="8c84fa94-04c1-424b-9868-57a2d4851a1d" relativeResultsDirectory="886cdfc6-313b-44d0-905a-6d7e8ad78d71">
      <Output>
        <StdOut>+ AutoGenerationTests::VSTest_JSON_AutoGeneration_PasteText
    + ApexTest TestInitialize
    + ExternalProcessHostTest TestInitialize
        (02:26:24.202) [Visual Studio Host (6688):RoamingSettingsService] Disabling roaming settings.
        (02:26:24.416) [Visual Studio Host (6688):SettingsService] Setting Visual Studio option 'Environment\RoamingSettings\RoamingEnabled' to 'False'.
        (02:26:25.007) [Visual Studio Host (6688):TextEditorDocumentWindowTestExtension] Showing window 'EmptyWithoutSchema.json' without activating the window.
        (02:26:25.234) [Visual Studio Host (6688):TextEditorDocumentWindowTestExtension] Showing window 'EmptyWithoutSchema.json'.
        (02:26:25.485) [Visual Studio Host (6688):VisualStudioTextEditorTestExtension] Setting keyboard focus to editor 'EmptyWithoutSchema.json'.
        (02:26:25.683) [Visual Studio Host (6688):MainWindowService] Activating main window to bring it to the foreground.
        (02:26:25.914) [Visual Studio Host (6688):MainWindowService] Setting main window state to 'Maximized'.
    (02:26:26.322) [Visual Studio Host (6688):TextEditorDocumentWindowTestExtension] Showing window 'EmptyWithoutSchema.json' without activating the window.
    (02:26:26.516) [Visual Studio Host (6688):TextEditorDocumentWindowTestExtension] Showing window 'EmptyWithoutSchema.json'.
    (02:26:26.746) [Visual Studio Host (6688):VisualStudioCaretTestExtension] Moving the caret from (Ln: 1, Ch: 1) to (Ln: 2, Ch: 3)
    (02:26:27.077) [Visual Studio Host (6688):TextEditorDocumentWindowTestExtension] Showing window 'EmptyWithoutSchema.json' without activating the window.
    (02:26:27.278) [Visual Studio Host (6688):TextEditorDocumentWindowTestExtension] Showing window 'EmptyWithoutSchema.json'.
    VerificationPass: (02:26:27.471) [Visual Studio Host (6688):VisualStudioTextEditorVerifier] Verification passed: The editor was expected to contain the text '"stringProp": "value",'
    (02:26:27.683) [Visual Studio Host (6688):TextEditorDocumentWindowTestExtension] Showing window 'EmptyWithoutSchema.json' without activating the window.
    (02:26:27.854) [Visual Studio Host (6688):TextEditorDocumentWindowTestExtension] Showing window 'EmptyWithoutSchema.json'.
    VerificationPass: (02:26:28.049) [Visual Studio Host (6688):VisualStudioTextEditorVerifier] Verification passed: The editor was expected to contain the text '"intProp": 5'
    + ExternalProcessHostTest TestCleanup
        (02:26:28.442) [Visual Studio Host (6688):TextEditorDocumentWindowTestExtension] Closing window 'EmptyWithoutSchema.json'.
        (02:26:28.794) [Platform:Testcase] Test 'VSTest_JSON_AutoGeneration_PasteText' has 'Passed' outcome. Therefore, Apex will not shut down the 'Visual Studio Host (6688)' with process ID '6688'. A subsequent test scenario will run on the same instance of the host.
    + Final Test Result Verification
        (02:26:29.321) [Platform:DelayedAssertionVerifierSink] Verification Success: 0 verification steps failed.
    + ApexTest TestCleanup</StdOut>
      </Output>
      <ResultFiles>
        <ResultFile path="WNVM19648\Fail.1naitrosadk5.png" />
        <ResultFile path="WNVM19648\Fail.22wpw0oka5fs.png" />
        <ResultFile path="WNVM19648\Fail.24wtv1jnawc3.png" />
        <ResultFile path="WNVM19648\Fail.2dvw33g3abcx.png" />
        <ResultFile path="WNVM19648\Fail.2lws5epta1gw.png" />
        <ResultFile path="WNVM19648\Fail.2osatv43agzz.png" />
        <ResultFile path="WNVM19648\Fail.33ju4eduay3u.png" />
        <ResultFile path="WNVM19648\Fail.3poblbx4alvv.png" />
        <ResultFile path="WNVM19648\Fail.4p531ykxaqdb.png" />
        <ResultFile path="WNVM19648\Fail.5ckvvlpiahzj.png" />
        <ResultFile path="WNVM19648\Fail.5erbsz3aa4ay.png" />
        <ResultFile path="WNVM19648\Fail.ashpv3rjajjr.png" />
        <ResultFile path="WNVM19648\Fail.aswak04hapa5.png" />
        <ResultFile path="WNVM19648\Fail.azqsczivabnm.png" />
        <ResultFile path="WNVM19648\Fail.byuslv5baqsd.png" />
        <ResultFile path="WNVM19648\Fail.bz134qwyax2e.png" />
        <ResultFile path="WNVM19648\Fail.cwkly5opaa5x.png" />
        <ResultFile path="WNVM19648\Fail.czhshhzmawco.png" />
        <ResultFile path="WNVM19648\Fail.ek4tb3wmalyl.png" />
        <ResultFile path="WNVM19648\Fail.fdtmbjciavfs.png" />
        <ResultFile path="WNVM19648\Fail.hxi2cahnapy2.png" />
        <ResultFile path="WNVM19648\Fail.ig2gsfz5ad1y.png" />
        <ResultFile path="WNVM19648\Fail.iwqb3wycasom.png" />
        <ResultFile path="WNVM19648\Fail.iymeazuqablz.png" />
        <ResultFile path="WNVM19648\Fail.jpga4adlarrf.png" />
        <ResultFile path="WNVM19648\Fail.k12p4vaeagac.png" />
        <ResultFile path="WNVM19648\Fail.kfb5og41ajlt.png" />
        <ResultFile path="WNVM19648\Fail.kp4fcfcpa5bw.png" />
        <ResultFile path="WNVM19648\Fail.kxs1ersmaxma.png" />
        <ResultFile path="WNVM19648\Fail.lbyrcmqbastb.png" />
        <ResultFile path="WNVM19648\Fail.loc0xhl5a2hr.png" />
        <ResultFile path="WNVM19648\Fail.lthgvalfaxfr.png" />
        <ResultFile path="WNVM19648\Fail.mazsob3aamsp.png" />
        <ResultFile path="WNVM19648\Fail.n13clx4iaowv.png" />
        <ResultFile path="WNVM19648\Fail.n3c2bmltan5e.png" />
        <ResultFile path="WNVM19648\Fail.o4kkrjboasbk.png" />
        <ResultFile path="WNVM19648\Fail.o5zf0zepaw0l.png" />
        <ResultFile path="WNVM19648\Fail.pdo2mhdtanq2.png" />
        <ResultFile path="WNVM19648\Fail.pprwzak1ac5h.png" />
        <ResultFile path="WNVM19648\Fail.qagtqbftat3h.png" />
        <ResultFile path="WNVM19648\Fail.qbnuydioazjy.png" />
        <ResultFile path="WNVM19648\Fail.raasvsmeanc1.png" />
        <ResultFile path="WNVM19648\Fail.rymman3va50a.png" />
        <ResultFile path="WNVM19648\Fail.sidku4gxamg4.png" />
        <ResultFile path="WNVM19648\Fail.swwzdfhraz25.png" />
        <ResultFile path="WNVM19648\Fail.t4yj0fxuatil.png" />
        <ResultFile path="WNVM19648\Fail.v0ywfcwsa23p.png" />
        <ResultFile path="WNVM19648\Fail.vjqtiv2zaclz.png" />
        <ResultFile path="WNVM19648\Fail.wiz4mofdavag.png" />
        <ResultFile path="WNVM19648\Fail.xasrdkzvaogc.png" />
        <ResultFile path="WNVM19648\Fail.yd3ferxiaq1c.png" />
        <ResultFile path="WNVM19648\Fail.z10rn0n5ajdm.png" />
        <ResultFile path="WNVM19648\Fail.z2gelfy0aa1q.png" />
        <ResultFile path="WNVM19648\Fail.zpuouf2fa0ib.png" />
        <ResultFile path="WNVM19648\OmniLog.html" />
        <ResultFile path="WNVM19648\OmniLogRawXml.xml" />
      </ResultFiles>
    </UnitTestResult>
    <UnitTestResult executionId="a91671bf-f739-4fa7-8408-4f066d49854d" testId="88a9b818-4047-71dd-56d6-65c1b5c7da23" testName="VSTest_Completion_TypeRazorComment" computerName="WNVM19648" duration="00:00:08.1208938" startTime="2018-04-17T01:33:05.6881393-07:00" endTime="2018-04-17T01:33:13.8090331-07:00" testType="13cdc9d9-ddb5-4fa4-a97d-d965ccfc6d4b" outcome="Passed" testListId="8c84fa94-04c1-424b-9868-57a2d4851a1d" relativeResultsDirectory="a91671bf-f739-4fa7-8408-4f066d49854d">
      <Output>
        <StdOut>+ CompletionTests::VSTest_Completion_TypeRazorComment
    + ApexTest TestInitialize
    + ExternalProcessHostTest TestInitialize
        (01:34:47.510) [Visual Studio Host (11640):RoamingSettingsService] Disabling roaming settings.
        (01:34:47.684) [Visual Studio Host (11640):SettingsService] Setting Visual Studio option 'Environment\RoamingSettings\RoamingEnabled' to 'False'.
        (01:34:48.466) [Visual Studio Host (11640):TextEditorDocumentWindowTestExtension] Showing window 'empty.cshtml' without activating the window.
        (01:34:48.735) [Visual Studio Host (11640):TextEditorDocumentWindowTestExtension] Showing window 'empty.cshtml'.
        (01:34:49.097) [Visual Studio Host (11640):VisualStudioTextEditorTestExtension] Setting keyboard focus to editor 'empty.cshtml'.
        (01:34:49.275) [Visual Studio Host (11640):MainWindowService] Activating main window to bring it to the foreground.
        (01:34:49.453) [Visual Studio Host (11640):MainWindowService] Setting main window state to 'Maximized'.
    (01:34:49.870) [Visual Studio Host (11640):TextEditorDocumentWindowTestExtension] Showing window 'empty.cshtml' without activating the window.
    (01:34:50.067) [Visual Studio Host (11640):TextEditorDocumentWindowTestExtension] Showing window 'empty.cshtml'.
    (01:34:50.284) [Visual Studio Host (11640):VisualStudioCaretTestExtension] Moving the caret from (Ln: 1, Ch: 1) to the beginning of the file
    (01:34:50.456) [Visual Studio Host (11640):VisualStudioTextEditorTestExtension] Setting keyboard focus to editor 'empty.cshtml'.
    (01:34:50.616) [Visual Studio Host (11640):TextEditorDocumentWindowTestExtension] Showing window 'empty.cshtml' without activating the window.
    (01:34:50.839) [Visual Studio Host (11640):TextEditorDocumentWindowTestExtension] Showing window 'empty.cshtml'.
    (01:34:50.982) [Visual Studio Host (11640):VisualStudioTextEditingActions] Inserting text: '@@' at the current caret position: '(Ln: 1, Ch: 1)'
    (01:34:51.198) [Visual Studio Host (11640):TextEditorDocumentWindowTestExtension] Showing window 'empty.cshtml' without activating the window.
    (01:34:51.390) [Visual Studio Host (11640):TextEditorDocumentWindowTestExtension] Showing window 'empty.cshtml'.
    (01:34:51.543) [Visual Studio Host (11640):KeyboardCommands] Sending the Left key 1 times.
    (01:34:51.704) [Visual Studio Host (11640):TextEditorDocumentWindowTestExtension] Showing window 'empty.cshtml' without activating the window.
    (01:34:51.843) [Visual Studio Host (11640):TextEditorDocumentWindowTestExtension] Showing window 'empty.cshtml'.
    (01:34:51.996) [Visual Studio Host (11640):VisualStudioTextEditingActions] Inserting text: '*' at the current caret position: '(Ln: 1, Ch: 2)'
    (01:34:52.197) [Visual Studio Host (11640):TextEditorDocumentWindowTestExtension] Showing window 'empty.cshtml' without activating the window.
    (01:34:52.500) [Visual Studio Host (11640):TextEditorDocumentWindowTestExtension] Showing window 'empty.cshtml'.
    + ExternalProcessHostTest TestCleanup
        (01:34:52.923) [Visual Studio Host (11640):TextEditorDocumentWindowTestExtension] Closing window 'empty.cshtml'.
        (01:34:53.434) [Platform:Testcase] Test 'VSTest_Completion_TypeRazorComment' has 'Passed' outcome. Therefore, Apex will not shut down the 'Visual Studio Host (11640)' with process ID '11640'. A subsequent test scenario will run on the same instance of the host.
    + Final Test Result Verification
        (01:34:54.022) [Platform:DelayedAssertionVerifierSink] Verification Success: 0 verification steps failed.
    + ApexTest TestCleanup</StdOut>
      </Output>
      <ResultFiles>
        <ResultFile path="WNVM19648\Fail.22wpw0oka5fs.png" />
        <ResultFile path="WNVM19648\Fail.33ju4eduay3u.png" />
        <ResultFile path="WNVM19648\Fail.3poblbx4alvv.png" />
        <ResultFile path="WNVM19648\Fail.ashpv3rjajjr.png" />
        <ResultFile path="WNVM19648\Fail.aswak04hapa5.png" />
        <ResultFile path="WNVM19648\Fail.azqsczivabnm.png" />
        <ResultFile path="WNVM19648\Fail.byuslv5baqsd.png" />
        <ResultFile path="WNVM19648\Fail.ek4tb3wmalyl.png" />
        <ResultFile path="WNVM19648\Fail.ig2gsfz5ad1y.png" />
        <ResultFile path="WNVM19648\Fail.kxs1ersmaxma.png" />
        <ResultFile path="WNVM19648\Fail.loc0xhl5a2hr.png" />
        <ResultFile path="WNVM19648\Fail.o4kkrjboasbk.png" />
        <ResultFile path="WNVM19648\Fail.o5zf0zepaw0l.png" />
        <ResultFile path="WNVM19648\Fail.qbnuydioazjy.png" />
        <ResultFile path="WNVM19648\Fail.raasvsmeanc1.png" />
        <ResultFile path="WNVM19648\Fail.sidku4gxamg4.png" />
        <ResultFile path="WNVM19648\Fail.swwzdfhraz25.png" />
        <ResultFile path="WNVM19648\Fail.t4yj0fxuatil.png" />
        <ResultFile path="WNVM19648\Fail.vjqtiv2zaclz.png" />
        <ResultFile path="WNVM19648\Fail.z10rn0n5ajdm.png" />
        <ResultFile path="WNVM19648\OmniLog.html" />
        <ResultFile path="WNVM19648\OmniLogRawXml.xml" />
      </ResultFiles>
    </UnitTestResult>
    <UnitTestResult executionId="1efd9b05-aafe-49c8-a601-632fd6b0fb8f" testId="71421ddd-88e2-b659-6e41-ddbbfba070a0" testName="VSTest_RazorVbFormatCommentWithKeyword" computerName="WNVM19648" duration="00:00:04.4548865" startTime="2018-04-17T01:01:28.0804045-07:00" endTime="2018-04-17T01:01:32.5352910-07:00" testType="13cdc9d9-ddb5-4fa4-a97d-d965ccfc6d4b" outcome="Passed" testListId="8c84fa94-04c1-424b-9868-57a2d4851a1d" relativeResultsDirectory="1efd9b05-aafe-49c8-a601-632fd6b0fb8f">
      <Output>
        <StdOut>+ VBFormattingTests::VSTest_RazorVbFormatCommentWithKeyword
    + ApexTest TestInitialize
    + ExternalProcessHostTest TestInitialize
        (01:03:09.876) [Visual Studio Host (4384):RoamingSettingsService] Disabling roaming settings.
        (01:03:10.038) [Visual Studio Host (4384):SettingsService] Setting Visual Studio option 'Environment\RoamingSettings\RoamingEnabled' to 'False'.
        (01:03:10.528) [Visual Studio Host (4384):TextEditorDocumentWindowTestExtension] Showing window 'FormatCommentWithKeyword.vbhtml' without activating the window.
        (01:03:10.744) [Visual Studio Host (4384):TextEditorDocumentWindowTestExtension] Showing window 'FormatCommentWithKeyword.vbhtml'.
        (01:03:10.909) [Visual Studio Host (4384):VisualStudioTextEditorTestExtension] Setting keyboard focus to editor 'FormatCommentWithKeyword.vbhtml'.
        (01:03:11.089) [Visual Studio Host (4384):MainWindowService] Activating main window to bring it to the foreground.
        (01:03:11.267) [Visual Studio Host (4384):MainWindowService] Setting main window state to 'Maximized'.
    (01:03:11.852) [Visual Studio Host (4384):TextEditorDocumentWindowTestExtension] Showing window 'FormatCommentWithKeyword.vbhtml' without activating the window.
    (01:03:12.003) [Visual Studio Host (4384):TextEditorDocumentWindowTestExtension] Showing window 'FormatCommentWithKeyword.vbhtml'.
    + ExternalProcessHostTest TestCleanup
        (01:03:12.318) [Visual Studio Host (4384):TextEditorDocumentWindowTestExtension] Closing window 'FormatCommentWithKeyword.vbhtml'.
        (01:03:12.531) [Platform:Testcase] Test 'VSTest_RazorVbFormatCommentWithKeyword' has 'Passed' outcome. Therefore, Apex will not shut down the 'Visual Studio Host (4384)' with process ID '4384'. A subsequent test scenario will run on the same instance of the host.
    + Final Test Result Verification
        (01:03:12.947) [Platform:DelayedAssertionVerifierSink] Verification Success: 0 verification steps failed.
    + ApexTest TestCleanup</StdOut>
      </Output>
      <ResultFiles>
        <ResultFile path="WNVM19648\Fail.azqsczivabnm.png" />
        <ResultFile path="WNVM19648\Fail.ig2gsfz5ad1y.png" />
        <ResultFile path="WNVM19648\Fail.o5zf0zepaw0l.png" />
        <ResultFile path="WNVM19648\Fail.raasvsmeanc1.png" />
        <ResultFile path="WNVM19648\Fail.t4yj0fxuatil.png" />
        <ResultFile path="WNVM19648\Fail.z10rn0n5ajdm.png" />
        <ResultFile path="WNVM19648\OmniLog.html" />
        <ResultFile path="WNVM19648\OmniLogRawXml.xml" />
      </ResultFiles>
    </UnitTestResult>
    <UnitTestResult executionId="81c81946-3b7b-46db-a457-3b1f8e81db69" testId="6c8aa97d-7986-a134-10d3-ed33fcd7b4bf" testName="VSTest_JSON_ProjectJSON_Completion_PackageSources_Multiple" computerName="WNVM19648" startTime="2018-04-17T00:53:12.7113574-07:00" endTime="2018-04-17T00:53:12.7113574-07:00" testType="13cdc9d9-ddb5-4fa4-a97d-d965ccfc6d4b" outcome="NotExecuted" testListId="8c84fa94-04c1-424b-9868-57a2d4851a1d" relativeResultsDirectory="81c81946-3b7b-46db-a457-3b1f8e81db69">
      <Output>
        <ErrorInfo>
          <Message>Assert.Inconclusive failed. Required component ID "Microsoft.VisualStudio.Workload.Universal" (UWP Workload) was not installed.  Please install this component and rerun the test.</Message>
        </ErrorInfo>
      </Output>
    </UnitTestResult>
    <UnitTestResult executionId="3daac10b-b816-4281-be5c-9b41df0e4d87" testId="a02b8f3d-880b-53c9-8e68-b891aa855eec" testName="VSTest_TypingTags_Audio_to_Button" computerName="WNVM19648" duration="00:01:19.5420046" startTime="2018-04-17T00:33:57.7007997-07:00" endTime="2018-04-17T00:35:17.2428043-07:00" testType="13cdc9d9-ddb5-4fa4-a97d-d965ccfc6d4b" outcome="Passed" testListId="8c84fa94-04c1-424b-9868-57a2d4851a1d" relativeResultsDirectory="3daac10b-b816-4281-be5c-9b41df0e4d87">
      <Output>
        <StdOut>+ TypingTests::VSTest_TypingTags_Audio_to_Button
    + ApexTest TestInitialize
    + ExternalProcessHostTest TestInitialize
        (35:42.166) [Visual Studio Host (11564):RoamingSettingsService] Disabling roaming settings.
        (35:42.724) [Visual Studio Host (11564):SettingsService] Setting Visual Studio option 'Environment\RoamingSettings\RoamingEnabled' to 'False'.
        (35:43.584) [Visual Studio Host (11564):TextEditorDocumentWindowTestExtension] Showing window 'HtmlPage.html' without activating the window.
        (35:44.152) [Visual Studio Host (11564):TextEditorDocumentWindowTestExtension] Showing window 'HtmlPage.html'.
        (35:44.217) [Visual Studio Host (11564):VisualStudioTextEditorTestExtension] Setting keyboard focus to editor 'HtmlPage.html'.
        (35:44.270) [Visual Studio Host (11564):MainWindowService] Activating main window to bring it to the foreground.
        (35:44.332) [Visual Studio Host (11564):MainWindowService] Setting main window state to 'Maximized'.
    (35:44.461) [Visual Studio Host (11564):TextEditorDocumentWindowTestExtension] Showing window 'HtmlPage.html' without activating the window.
    (35:44.518) [Visual Studio Host (11564):TextEditorDocumentWindowTestExtension] Showing window 'HtmlPage.html'.
    (35:44.586) [Visual Studio Host (11564):VisualStudioCaretTestExtension] Moving the caret to '&lt;body&gt;' at (Ln: 6, Ch: 5) based on a regular expression.  Expression = "&lt;body&gt;" [group index '0', match index '1', options 'Singleline, CultureInvariant']
    (35:45.355) [Visual Studio Host (11564):VisualStudioCaretTestExtension] Moving the caret from (Ln: 6, Ch: 5) down '1' lines
    (35:46.170) [Visual Studio Host (11564):VisualStudioTextEditorTestExtension] Setting keyboard focus to editor 'HtmlPage.html'.
    (35:46.957) [Visual Studio Host (11564):VisualStudioCaretTestExtension] Moving the caret from (Ln: 7, Ch: 5) to the end of the line
    (35:47.040) [Visual Studio Host (11564):VisualStudioTextEditorTestExtension] Setting keyboard focus to editor 'HtmlPage.html'.
    (35:47.108) [Visual Studio Host (11564):VisualStudioTextEditingActions] Inserting text: '&lt;audio controls="controls"&gt;' at the current caret position: '(Ln: 7, Ch: 9)'
    (35:47.375) [Visual Studio Host (11564):VisualStudioTextEditingActions] Deleting to the end of line of the current caret position, position: '(Ln: 7, Ch: 36)', line: '7'
    (35:47.484) [Visual Studio Host (11564):TextEditorDocumentWindowTestExtension] Showing window 'HtmlPage.html' without activating the window.
    (35:47.557) [Visual Studio Host (11564):TextEditorDocumentWindowTestExtension] Showing window 'HtmlPage.html'.
    (35:47.645) [Visual Studio Host (11564):TextEditorDocumentWindowTestExtension] Showing window 'HtmlPage.html' without activating the window.
    (35:47.737) [Visual Studio Host (11564):TextEditorDocumentWindowTestExtension] Showing window 'HtmlPage.html'.
    (35:47.829) [Visual Studio Host (11564):VisualStudioIntellisenseService] Did not find an active completion session. Please use Verify.IsCompletionListPresent() to make sure that the list is present before requesting the completion session.
    Warning: (35:47.899) [Visual Studio Host (11564):VisualStudioIntellisenseService] No active completion sessions were found for editor 'HtmlPage.html'.
    (35:47.973) [Visual Studio Host (11564):VisualStudioTextEditingActions] Inserting text combine CRLF as single return: '
' at the current caret position: '(Ln: 7, Ch: 36)'
    (35:48.625) [Visual Studio Host (11564):VisualStudioTextEditingActions] Inserting text: '&lt;source src="file.mp3" type="audio/mp3" /&gt;' at the current caret position: '(Ln: 8, Ch: 13)'
    (35:49.545) [Visual Studio Host (11564):VisualStudioTextEditingActions] Deleting to the end of line of the current caret position, position: '(Ln: 8, Ch: 55)', line: '8'
    (35:50.180) [Visual Studio Host (11564):TextEditorDocumentWindowTestExtension] Showing window 'HtmlPage.html' without activating the window.
    (35:50.736) [Visual Studio Host (11564):TextEditorDocumentWindowTestExtension] Showing window 'HtmlPage.html'.
    (35:51.332) [Visual Studio Host (11564):TextEditorDocumentWindowTestExtension] Showing window 'HtmlPage.html' without activating the window.
    (35:51.906) [Visual Studio Host (11564):TextEditorDocumentWindowTestExtension] Showing window 'HtmlPage.html'.
    (35:52.520) [Visual Studio Host (11564):VisualStudioIntellisenseService] Getting the active completion at position '(Ln: 8, Ch: 55)'.
    (35:53.091) [Visual Studio Host (11564):VisualStudioCompletionListTestExtension] Dismissing completion session.
    (35:53.750) [Visual Studio Host (11564):VisualStudioTextEditingActions] Inserting text combine CRLF as single return: '
' at the current caret position: '(Ln: 8, Ch: 55)'
    (35:54.619) [Visual Studio Host (11564):VisualStudioTextEditingActions] Inserting text: '&lt;source src="file.ogg" type="audio/ogg" /&gt;' at the current caret position: '(Ln: 9, Ch: 13)'
    (35:55.781) [Visual Studio Host (11564):VisualStudioTextEditingActions] Deleting to the end of line of the current caret position, position: '(Ln: 9, Ch: 55)', line: '9'
    (35:56.425) [Visual Studio Host (11564):TextEditorDocumentWindowTestExtension] Showing window 'HtmlPage.html' without activating the window.
    (35:57.093) [Visual Studio Host (11564):TextEditorDocumentWindowTestExtension] Showing window 'HtmlPage.html'.
    (35:57.707) [Visual Studio Host (11564):TextEditorDocumentWindowTestExtension] Showing window 'HtmlPage.html' without activating the window.
    (35:58.343) [Visual Studio Host (11564):TextEditorDocumentWindowTestExtension] Showing window 'HtmlPage.html'.
    (35:58.925) [Visual Studio Host (11564):VisualStudioIntellisenseService] Getting the active completion at position '(Ln: 9, Ch: 55)'.
    (35:59.572) [Visual Studio Host (11564):VisualStudioCompletionListTestExtension] Dismissing completion session.
    (36:00.210) [Visual Studio Host (11564):VisualStudioTextEditingActions] Inserting text combine CRLF as single return: '
' at the current caret position: '(Ln: 9, Ch: 55)'
    (36:00.783) [Visual Studio Host (11564):VisualStudioTextEditingActions] Inserting text: '&lt;/audio&gt;' at the current caret position: '(Ln: 10, Ch: 9)'
    (36:01.433) [Visual Studio Host (11564):VisualStudioTextEditingActions] Deleting to the end of line of the current caret position, position: '(Ln: 10, Ch: 17)', line: '10'
    (36:02.077) [Visual Studio Host (11564):TextEditorDocumentWindowTestExtension] Showing window 'HtmlPage.html' without activating the window.
    (36:02.724) [Visual Studio Host (11564):TextEditorDocumentWindowTestExtension] Showing window 'HtmlPage.html'.
    (36:03.436) [Visual Studio Host (11564):TextEditorDocumentWindowTestExtension] Showing window 'HtmlPage.html' without activating the window.
    (36:04.091) [Visual Studio Host (11564):TextEditorDocumentWindowTestExtension] Showing window 'HtmlPage.html'.
    (36:04.671) [Visual Studio Host (11564):VisualStudioIntellisenseService] Did not find an active completion session. Please use Verify.IsCompletionListPresent() to make sure that the list is present before requesting the completion session.
    Warning: (36:05.261) [Visual Studio Host (11564):VisualStudioIntellisenseService] No active completion sessions were found for editor 'HtmlPage.html'.
    (36:05.981) [Visual Studio Host (11564):VisualStudioTextEditingActions] Inserting text combine CRLF as single return: '
' at the current caret position: '(Ln: 10, Ch: 17)'
    (36:06.629) [Visual Studio Host (11564):VisualStudioTextEditingActions] Inserting text: '&lt;b&gt;content&lt;/b&gt;' at the current caret position: '(Ln: 11, Ch: 9)'
    (36:07.398) [Visual Studio Host (11564):VisualStudioTextEditingActions] Deleting to the end of line of the current caret position, position: '(Ln: 11, Ch: 23)', line: '11'
    (36:08.082) [Visual Studio Host (11564):TextEditorDocumentWindowTestExtension] Showing window 'HtmlPage.html' without activating the window.
    (36:08.715) [Visual Studio Host (11564):TextEditorDocumentWindowTestExtension] Showing window 'HtmlPage.html'.
    (36:09.382) [Visual Studio Host (11564):TextEditorDocumentWindowTestExtension] Showing window 'HtmlPage.html' without activating the window.
    (36:09.967) [Visual Studio Host (11564):TextEditorDocumentWindowTestExtension] Showing window 'HtmlPage.html'.
    (36:10.560) [Visual Studio Host (11564):VisualStudioIntellisenseService] Did not find an active completion session. Please use Verify.IsCompletionListPresent() to make sure that the list is present before requesting the completion session.
    Warning: (36:11.182) [Visual Studio Host (11564):VisualStudioIntellisenseService] No active completion sessions were found for editor 'HtmlPage.html'.
    (36:11.748) [Visual Studio Host (11564):VisualStudioTextEditingActions] Inserting text combine CRLF as single return: '
' at the current caret position: '(Ln: 11, Ch: 23)'
    (36:12.326) [Visual Studio Host (11564):VisualStudioTextEditingActions] Inserting text: '&lt;base href="http://www.w3schools.com/images/" target="_blank"&gt;' at the current caret position: '(Ln: 12, Ch: 9)'
    (36:13.423) [Visual Studio Host (11564):VisualStudioTextEditingActions] Deleting to the end of line of the current caret position, position: '(Ln: 12, Ch: 73)', line: '12'
    (36:14.034) [Visual Studio Host (11564):TextEditorDocumentWindowTestExtension] Showing window 'HtmlPage.html' without activating the window.
    (36:14.572) [Visual Studio Host (11564):TextEditorDocumentWindowTestExtension] Showing window 'HtmlPage.html'.
    (36:15.072) [Visual Studio Host (11564):TextEditorDocumentWindowTestExtension] Showing window 'HtmlPage.html' without activating the window.
    (36:15.718) [Visual Studio Host (11564):TextEditorDocumentWindowTestExtension] Showing window 'HtmlPage.html'.
    (36:16.233) [Visual Studio Host (11564):VisualStudioIntellisenseService] Getting the active completion at position '(Ln: 12, Ch: 73)'.
    (36:16.851) [Visual Studio Host (11564):VisualStudioCompletionListTestExtension] Dismissing completion session.
    (36:17.494) [Visual Studio Host (11564):VisualStudioTextEditingActions] Inserting text combine CRLF as single return: '
' at the current caret position: '(Ln: 12, Ch: 73)'
    (36:18.123) [Visual Studio Host (11564):VisualStudioTextEditingActions] Inserting text: '&lt;p&gt;&lt;bdi&gt;content&lt;/bdi&gt;&lt;/p&gt;' at the current caret position: '(Ln: 13, Ch: 9)'
    (36:19.559) [Visual Studio Host (11564):VisualStudioTextEditingActions] Deleting to the end of line of the current caret position, position: '(Ln: 13, Ch: 34)', line: '13'
    (36:20.652) [Visual Studio Host (11564):TextEditorDocumentWindowTestExtension] Showing window 'HtmlPage.html' without activating the window.
    (36:21.765) [Visual Studio Host (11564):TextEditorDocumentWindowTestExtension] Showing window 'HtmlPage.html'.
    (36:22.375) [Visual Studio Host (11564):TextEditorDocumentWindowTestExtension] Showing window 'HtmlPage.html' without activating the window.
    (36:22.979) [Visual Studio Host (11564):TextEditorDocumentWindowTestExtension] Showing window 'HtmlPage.html'.
    (36:23.598) [Visual Studio Host (11564):VisualStudioIntellisenseService] Did not find an active completion session. Please use Verify.IsCompletionListPresent() to make sure that the list is present before requesting the completion session.
    Warning: (36:24.211) [Visual Studio Host (11564):VisualStudioIntellisenseService] No active completion sessions were found for editor 'HtmlPage.html'.
    (36:24.780) [Visual Studio Host (11564):VisualStudioTextEditingActions] Inserting text combine CRLF as single return: '
' at the current caret position: '(Ln: 13, Ch: 34)'
    (36:25.324) [Visual Studio Host (11564):VisualStudioTextEditingActions] Inserting text: '&lt;p&gt;&lt;bdo dir="rtl"&gt;content&lt;/bdo&gt;&lt;/p&gt;' at the current caret position: '(Ln: 14, Ch: 9)'
    (36:26.645) [Visual Studio Host (11564):VisualStudioTextEditingActions] Deleting to the end of line of the current caret position, position: '(Ln: 14, Ch: 44)', line: '14'
    (36:27.763) [Visual Studio Host (11564):TextEditorDocumentWindowTestExtension] Showing window 'HtmlPage.html' without activating the window.
    (36:28.909) [Visual Studio Host (11564):TextEditorDocumentWindowTestExtension] Showing window 'HtmlPage.html'.
    (36:29.544) [Visual Studio Host (11564):TextEditorDocumentWindowTestExtension] Showing window 'HtmlPage.html' without activating the window.
    (36:30.164) [Visual Studio Host (11564):TextEditorDocumentWindowTestExtension] Showing window 'HtmlPage.html'.
    (36:30.743) [Visual Studio Host (11564):VisualStudioIntellisenseService] Did not find an active completion session. Please use Verify.IsCompletionListPresent() to make sure that the list is present before requesting the completion session.
    Warning: (36:31.352) [Visual Studio Host (11564):VisualStudioIntellisenseService] No active completion sessions were found for editor 'HtmlPage.html'.
    (36:32.033) [Visual Studio Host (11564):VisualStudioTextEditingActions] Inserting text combine CRLF as single return: '
' at the current caret position: '(Ln: 14, Ch: 44)'
    (36:32.663) [Visual Studio Host (11564):VisualStudioTextEditingActions] Inserting text: '&lt;blockquote&gt;content&lt;/blockquote&gt;' at the current caret position: '(Ln: 15, Ch: 9)'
    (36:33.705) [Visual Studio Host (11564):VisualStudioTextEditingActions] Deleting to the end of line of the current caret position, position: '(Ln: 15, Ch: 41)', line: '15'
    (36:34.279) [Visual Studio Host (11564):TextEditorDocumentWindowTestExtension] Showing window 'HtmlPage.html' without activating the window.
    (36:34.791) [Visual Studio Host (11564):TextEditorDocumentWindowTestExtension] Showing window 'HtmlPage.html'.
    (36:35.377) [Visual Studio Host (11564):TextEditorDocumentWindowTestExtension] Showing window 'HtmlPage.html' without activating the window.
    (36:36.021) [Visual Studio Host (11564):TextEditorDocumentWindowTestExtension] Showing window 'HtmlPage.html'.
    (36:36.597) [Visual Studio Host (11564):VisualStudioIntellisenseService] Did not find an active completion session. Please use Verify.IsCompletionListPresent() to make sure that the list is present before requesting the completion session.
    Warning: (36:37.263) [Visual Studio Host (11564):VisualStudioIntellisenseService] No active completion sessions were found for editor 'HtmlPage.html'.
    (36:37.766) [Visual Studio Host (11564):VisualStudioTextEditingActions] Inserting text combine CRLF as single return: '
' at the current caret position: '(Ln: 15, Ch: 41)'
    (36:38.463) [Visual Studio Host (11564):VisualStudioTextEditingActions] Inserting text: '&lt;br /&gt;' at the current caret position: '(Ln: 16, Ch: 9)'
    (36:39.234) [Visual Studio Host (11564):VisualStudioTextEditingActions] Deleting to the end of line of the current caret position, position: '(Ln: 16, Ch: 15)', line: '16'
    (36:39.952) [Visual Studio Host (11564):TextEditorDocumentWindowTestExtension] Showing window 'HtmlPage.html' without activating the window.
    (36:40.593) [Visual Studio Host (11564):TextEditorDocumentWindowTestExtension] Showing window 'HtmlPage.html'.
    (36:41.265) [Visual Studio Host (11564):TextEditorDocumentWindowTestExtension] Showing window 'HtmlPage.html' without activating the window.
    (36:41.947) [Visual Studio Host (11564):TextEditorDocumentWindowTestExtension] Showing window 'HtmlPage.html'.
    (36:42.606) [Visual Studio Host (11564):VisualStudioIntellisenseService] Did not find an active completion session. Please use Verify.IsCompletionListPresent() to make sure that the list is present before requesting the completion session.
    Warning: (36:43.262) [Visual Studio Host (11564):VisualStudioIntellisenseService] No active completion sessions were found for editor 'HtmlPage.html'.
    (36:43.776) [Visual Studio Host (11564):VisualStudioTextEditingActions] Inserting text combine CRLF as single return: '
' at the current caret position: '(Ln: 16, Ch: 15)'
    (36:44.362) [Visual Studio Host (11564):VisualStudioTextEditingActions] Inserting text: '&lt;button type="button"&gt;Click Me!&lt;/button&gt;' at the current caret position: '(Ln: 17, Ch: 9)'
    (36:45.260) [Visual Studio Host (11564):VisualStudioTextEditingActions] Deleting to the end of line of the current caret position, position: '(Ln: 17, Ch: 49)', line: '17'
    (36:45.948) [Visual Studio Host (11564):TextEditorDocumentWindowTestExtension] Showing window 'HtmlPage.html' without activating the window.
    (36:46.582) [Visual Studio Host (11564):TextEditorDocumentWindowTestExtension] Showing window 'HtmlPage.html'.
    (36:47.191) [Visual Studio Host (11564):TextEditorDocumentWindowTestExtension] Showing window 'HtmlPage.html' without activating the window.
    (36:47.843) [Visual Studio Host (11564):TextEditorDocumentWindowTestExtension] Showing window 'HtmlPage.html'.
    (36:48.372) [Visual Studio Host (11564):VisualStudioIntellisenseService] Did not find an active completion session. Please use Verify.IsCompletionListPresent() to make sure that the list is present before requesting the completion session.
    Warning: (36:48.963) [Visual Studio Host (11564):VisualStudioIntellisenseService] No active completion sessions were found for editor 'HtmlPage.html'.
    (36:49.477) [Visual Studio Host (11564):VisualStudioTextEditingActions] Inserting text combine CRLF as single return: '
' at the current caret position: '(Ln: 17, Ch: 49)'
    (36:50.131) [Visual Studio Host (11564):TextEditorDocumentWindowTestExtension] Showing window 'HtmlPage.html' without activating the window.
    (36:50.778) [Visual Studio Host (11564):TextEditorDocumentWindowTestExtension] Showing window 'HtmlPage.html'.
    + ExternalProcessHostTest TestCleanup
        (36:52.093) [Visual Studio Host (11564):TextEditorDocumentWindowTestExtension] Closing window 'HtmlPage.html'.
        (36:52.819) [Platform:Testcase] Test 'VSTest_TypingTags_Audio_to_Button' has 'Passed' outcome. Therefore, Apex will not shut down the 'Visual Studio Host (11564)' with process ID '11564'. A subsequent test scenario will run on the same instance of the host.
    + Final Test Result Verification
        (36:55.167) [Platform:DelayedAssertionVerifierSink] Verification Success: 0 verification steps failed.
    + ApexTest TestCleanup</StdOut>
      </Output>
      <ResultFiles>
        <ResultFile path="WNVM19648\Fail.azqsczivabnm.png" />
        <ResultFile path="WNVM19648\Fail.ig2gsfz5ad1y.png" />
        <ResultFile path="WNVM19648\Fail.o5zf0zepaw0l.png" />
        <ResultFile path="WNVM19648\OmniLog.html" />
        <ResultFile path="WNVM19648\OmniLogRawXml.xml" />
      </ResultFiles>
    </UnitTestResult>
    <UnitTestResult executionId="65cb01f9-13f5-4bff-8293-e951bedee906" testId="6ef8fef7-ed4a-e3ce-6249-2314f9c5f5bd" testName="VSTest_Razor_DropFromSolutionExplorer" computerName="WNVM19648" duration="00:00:31.3777373" startTime="2018-04-17T01:05:56.2051607-07:00" endTime="2018-04-17T01:06:27.5828980-07:00" testType="13cdc9d9-ddb5-4fa4-a97d-d965ccfc6d4b" outcome="Passed" testListId="8c84fa94-04c1-424b-9868-57a2d4851a1d" relativeResultsDirectory="65cb01f9-13f5-4bff-8293-e951bedee906">
      <Output>
        <StdOut>+ DragAndDropTests::VSTest_Razor_DropFromSolutionExplorer
    + ApexTest TestInitialize
    + ExternalProcessHostTest TestInitialize
        (01:07:38.023) [Visual Studio Host (4384):RoamingSettingsService] Disabling roaming settings.
        (01:07:38.202) [Visual Studio Host (4384):SettingsService] Setting Visual Studio option 'Environment\RoamingSettings\RoamingEnabled' to 'False'.
        (01:07:38.420) [Visual Studio Host (4384):SolutionService] Closing solution 'misc'.
        (01:07:39.805) [Visual Studio Host (4384):SolutionService] Opening solution file 'file:///C:/TestBin/IntegrationTests/MS.VS.Web.Editors/webs/RazorV4.sln' synchronously.
            (01:07:40.217) [Visual Studio Host (4384):SolutionService] Solution load behavior is set to 'Realtime'.
        + Waiting for the solution to fully load.
        (01:07:44.265) [Visual Studio Host (4384):TextEditorDocumentWindowTestExtension] Showing window 'StyleTag.cshtml' without activating the window.
        (01:07:44.793) [Visual Studio Host (4384):TextEditorDocumentWindowTestExtension] Showing window 'StyleTag.cshtml'.
        (01:07:45.175) [Visual Studio Host (4384):VisualStudioTextEditorTestExtension] Setting keyboard focus to editor 'StyleTag.cshtml'.
        (01:07:45.455) [Visual Studio Host (4384):MainWindowService] Activating main window to bring it to the foreground.
        (01:07:45.715) [Visual Studio Host (4384):MainWindowService] Setting main window state to 'Maximized'.
    (01:07:46.281) [Visual Studio Host (4384):ToolWindowTestExtension] Showing window 'Solution Explorer' without activating the window.
    (01:07:46.518) [Visual Studio Host (4384):ToolWindowTestExtension] Showing window 'Solution Explorer'.
    (01:07:46.823) [Visual Studio Host (4384):ToolWindowTestExtension] Showing window 'Solution Explorer'.
    (01:07:47.140) [Visual Studio Host (4384):SolutionExplorerItemTestExtension] Expanding item 'wwwroot' in Solution Explorer.
    (01:07:47.551) [Visual Studio Host (4384):SolutionExplorerItemTestExtension] Expanding item 'images' in Solution Explorer.
    (01:07:47.895) [Visual Studio Host (4384):SolutionExplorerItemTestExtension] Selecting item 'banner1.svg' in Solution Explorer. SelectionAction: 'SingleSelection'
    (01:07:48.433) [Visual Studio Host (4384):TextEditorDocumentWindowTestExtension] Showing window 'StyleTag.cshtml' without activating the window.
    (01:07:49.528) [Visual Studio Host (4384):TextEditorDocumentWindowTestExtension] Showing window 'StyleTag.cshtml'.
    (01:07:49.866) [Visual Studio Host (4384):VisualStudioTextEditorTestExtension] Setting keyboard focus to editor 'StyleTag.cshtml'.
    (01:07:50.214) [Visual Studio Host (4384):TextEditorDocumentWindowTestExtension] Showing window 'StyleTag.cshtml' without activating the window.
    (01:07:50.503) [Visual Studio Host (4384):TextEditorDocumentWindowTestExtension] Showing window 'StyleTag.cshtml'.
    (01:07:50.962) [Visual Studio Host (4384):VisualStudioCaretTestExtension] Moving the caret to '' at (Ln: 15, Ch: 10) based on a regular expression.  Expression = "&lt;div&gt;()" [group index '1', match index '1', options 'Singleline, CultureInvariant']
    (01:07:51.124) [Visual Studio Host (4384):TextEditorDocumentWindowTestExtension] Showing window 'StyleTag.cshtml' without activating the window.
    (01:07:51.283) [Visual Studio Host (4384):TextEditorDocumentWindowTestExtension] Showing window 'StyleTag.cshtml'.
    (01:07:51.465) [Visual Studio Host (4384):VisualStudioTextEditingActions] Inserting text combine CRLF as single return: '
' at the current caret position: '(Ln: 15, Ch: 10)'
    (01:07:52.586) [Visual Studio Host (4384):TextEditorDocumentWindowTestExtension] Showing window 'StyleTag.cshtml' without activating the window.
    (01:07:53.414) [Visual Studio Host (4384):TextEditorDocumentWindowTestExtension] Showing window 'StyleTag.cshtml'.
    (01:07:54.397) [Visual Studio Host (4384):VisualStudioTextEditorTestExtension] Setting keyboard focus to editor 'StyleTag.cshtml'.
    (01:07:55.514) [Visual Studio Host (4384):TextEditorDocumentWindowTestExtension] Showing window 'StyleTag.cshtml' without activating the window.
    (01:07:57.212) [Visual Studio Host (4384):TextEditorDocumentWindowTestExtension] Showing window 'StyleTag.cshtml'.
    (01:07:58.410) [Visual Studio Host (4384):TextEditorDocumentWindowTestExtension] Showing window 'StyleTag.cshtml' without activating the window.
    (01:07:59.207) [Visual Studio Host (4384):TextEditorDocumentWindowTestExtension] Showing window 'StyleTag.cshtml'.
    (01:08:00.001) [Visual Studio Host (4384):VisualStudioCaretTestExtension] Moving the caret from (Ln: 16, Ch: 43) to the end of the line
    (01:08:00.868) [Visual Studio Host (4384):VisualStudioTextEditorTestExtension] Setting keyboard focus to editor 'StyleTag.cshtml'.
    (01:08:01.797) [Visual Studio Host (4384):TextEditorDocumentWindowTestExtension] Showing window 'StyleTag.cshtml' without activating the window.
    (01:08:02.617) [Visual Studio Host (4384):TextEditorDocumentWindowTestExtension] Showing window 'StyleTag.cshtml'.
    (01:08:03.537) [Visual Studio Host (4384):VisualStudioTextEditingActions] Deleting to the beginning of line of the current caret position, position: '(Ln: 16, Ch: 43)', line: '16'
    (01:08:04.543) [Visual Studio Host (4384):TextEditorDocumentWindowTestExtension] Showing window 'StyleTag.cshtml' without activating the window.
    (01:08:04.694) [Visual Studio Host (4384):TextEditorDocumentWindowTestExtension] Showing window 'StyleTag.cshtml'.
    (01:08:04.851) [Visual Studio Host (4384):TextEditorDocumentWindowTestExtension] Showing window 'StyleTag.cshtml' without activating the window.
    (01:08:05.032) [Visual Studio Host (4384):TextEditorDocumentWindowTestExtension] Showing window 'StyleTag.cshtml'.
    (01:08:05.195) [Visual Studio Host (4384):VisualStudioCaretTestExtension] Moving the caret to '' at (Ln: 10, Ch: 12) based on a regular expression.  Expression = "&lt;style&gt;()" [group index '1', match index '1', options 'Singleline, CultureInvariant']
    (01:08:05.379) [Visual Studio Host (4384):TextEditorDocumentWindowTestExtension] Showing window 'StyleTag.cshtml' without activating the window.
    (01:08:05.554) [Visual Studio Host (4384):TextEditorDocumentWindowTestExtension] Showing window 'StyleTag.cshtml'.
    (01:08:05.713) [Visual Studio Host (4384):VisualStudioCaretTestExtension] Moving the caret from (Ln: 10, Ch: 12) down '1' lines
    (01:08:05.862) [Visual Studio Host (4384):VisualStudioTextEditorTestExtension] Setting keyboard focus to editor 'StyleTag.cshtml'.
    (01:08:06.200) [Visual Studio Host (4384):TextEditorDocumentWindowTestExtension] Showing window 'StyleTag.cshtml' without activating the window.
    (01:08:06.453) [Visual Studio Host (4384):TextEditorDocumentWindowTestExtension] Showing window 'StyleTag.cshtml'.
    + ExternalProcessHostTest TestCleanup
        (01:08:06.826) [Visual Studio Host (4384):TextEditorDocumentWindowTestExtension] Closing window 'StyleTag.cshtml'.
        (01:08:07.373) [Platform:Testcase] Test 'VSTest_Razor_DropFromSolutionExplorer' has 'Passed' outcome. Therefore, Apex will not shut down the 'Visual Studio Host (4384)' with process ID '4384'. A subsequent test scenario will run on the same instance of the host.
    + Final Test Result Verification
        (01:08:07.917) [Platform:DelayedAssertionVerifierSink] Verification Success: 0 verification steps failed.
    + ApexTest TestCleanup</StdOut>
      </Output>
      <ResultFiles>
        <ResultFile path="WNVM19648\Fail.azqsczivabnm.png" />
        <ResultFile path="WNVM19648\Fail.ig2gsfz5ad1y.png" />
        <ResultFile path="WNVM19648\Fail.o5zf0zepaw0l.png" />
        <ResultFile path="WNVM19648\Fail.raasvsmeanc1.png" />
        <ResultFile path="WNVM19648\Fail.t4yj0fxuatil.png" />
        <ResultFile path="WNVM19648\Fail.z10rn0n5ajdm.png" />
        <ResultFile path="WNVM19648\OmniLog.html" />
        <ResultFile path="WNVM19648\OmniLogRawXml.xml" />
      </ResultFiles>
    </UnitTestResult>
    <UnitTestResult executionId="ac3caec1-43ed-4e12-91cb-b32b4a5315cf" testId="288780fb-93de-c9f2-ef61-de396d7c3d00" testName="VSTest_Dump_Embedded_CS_Breakpoints" computerName="WNVM19648" duration="00:00:02.3429443" startTime="2018-04-17T00:15:07.5547934-07:00" endTime="2018-04-17T00:15:09.8977377-07:00" testType="13cdc9d9-ddb5-4fa4-a97d-d965ccfc6d4b" outcome="Passed" testListId="8c84fa94-04c1-424b-9868-57a2d4851a1d" relativeResultsDirectory="ac3caec1-43ed-4e12-91cb-b32b4a5315cf">
      <Output>
        <StdOut>+ DebugTests::VSTest_Dump_Embedded_CS_Breakpoints
    + ApexTest TestInitialize
    + ExternalProcessHostTest TestInitialize
        (16:48.852) [Visual Studio Host (6956):RoamingSettingsService] Disabling roaming settings.
        (16:48.903) [Visual Studio Host (6956):SettingsService] Setting Visual Studio option 'Environment\RoamingSettings\RoamingEnabled' to 'False'.
        (16:49.352) [Visual Studio Host (6956):TextEditorDocumentWindowTestExtension] Showing window 'EmbeddedCS.aspx' without activating the window.
        (16:49.553) [Visual Studio Host (6956):TextEditorDocumentWindowTestExtension] Showing window 'EmbeddedCS.aspx'.
        (16:49.770) [Visual Studio Host (6956):VisualStudioTextEditorTestExtension] Setting keyboard focus to editor 'EmbeddedCS.aspx'.
        (16:49.845) [Visual Studio Host (6956):MainWindowService] Activating main window to bring it to the foreground.
        (16:49.928) [Visual Studio Host (6956):MainWindowService] Setting main window state to 'Maximized'.
    + ExternalProcessHostTest TestCleanup
        (16:50.359) [Visual Studio Host (6956):TextEditorDocumentWindowTestExtension] Closing window 'EmbeddedCS.aspx'.
        (16:50.566) [Platform:Testcase] Test 'VSTest_Dump_Embedded_CS_Breakpoints' has 'Passed' outcome. Therefore, Apex will not shut down the 'Visual Studio Host (6956)' with process ID '6956'. A subsequent test scenario will run on the same instance of the host.
    + Final Test Result Verification
        (16:50.751) [Platform:DelayedAssertionVerifierSink] Verification Success: 0 verification steps failed.
    + ApexTest TestCleanup</StdOut>
      </Output>
      <ResultFiles>
        <ResultFile path="WNVM19648\Fail.azqsczivabnm.png" />
        <ResultFile path="WNVM19648\Fail.ig2gsfz5ad1y.png" />
        <ResultFile path="WNVM19648\Fail.o5zf0zepaw0l.png" />
        <ResultFile path="WNVM19648\OmniLog.html" />
        <ResultFile path="WNVM19648\OmniLogRawXml.xml" />
      </ResultFiles>
    </UnitTestResult>
    <UnitTestResult executionId="5f75ea91-42f0-4fb3-b50e-bef2c57f345b" testId="423918f4-0b31-04a1-8412-6a076cc4b0ce" testName="VSTest_LessCompletion_AllowedImportFileExtension" computerName="WNVM19648" duration="00:00:09.1445202" startTime="2018-04-17T02:28:16.6700051-07:00" endTime="2018-04-17T02:28:25.8145253-07:00" testType="13cdc9d9-ddb5-4fa4-a97d-d965ccfc6d4b" outcome="Passed" testListId="8c84fa94-04c1-424b-9868-57a2d4851a1d" relativeResultsDirectory="5f75ea91-42f0-4fb3-b50e-bef2c57f345b">
      <Output>
        <StdOut>+ LessCompletionTests::VSTest_LessCompletion_AllowedImportFileExtension
    + ApexTest TestInitialize
    + ExternalProcessHostTest TestInitialize
        (02:29:58.495) [Visual Studio Host (8832):RoamingSettingsService] Disabling roaming settings.
        (02:29:58.635) [Visual Studio Host (8832):SettingsService] Setting Visual Studio option 'Environment\RoamingSettings\RoamingEnabled' to 'False'.
        (02:29:59.247) [Visual Studio Host (8832):TextEditorDocumentWindowTestExtension] Showing window 'default.css' without activating the window.
        (02:30:00.891) [Visual Studio Host (8832):TextEditorDocumentWindowTestExtension] Showing window 'default.css'.
        (02:30:01.065) [Visual Studio Host (8832):VisualStudioTextEditorTestExtension] Setting keyboard focus to editor 'default.css'.
        (02:30:01.290) [Visual Studio Host (8832):MainWindowService] Activating main window to bring it to the foreground.
        (02:30:01.503) [Visual Studio Host (8832):MainWindowService] Setting main window state to 'Maximized'.
    (02:30:01.917) [Visual Studio Host (8832):TextEditorDocumentWindowTestExtension] Showing window 'default.css' without activating the window.
    (02:30:02.131) [Visual Studio Host (8832):TextEditorDocumentWindowTestExtension] Showing window 'default.css'.
    (02:30:02.373) [Visual Studio Host (8832):VisualStudioCaretTestExtension] Moving the caret to '' at (Ln: 1, Ch: 8) based on a regular expression.  Expression = "@import()" [group index '1', match index '1', options 'Singleline, CultureInvariant']
    (02:30:02.580) [Visual Studio Host (8832):TextEditorDocumentWindowTestExtension] Showing window 'default.css' without activating the window.
    (02:30:02.791) [Visual Studio Host (8832):TextEditorDocumentWindowTestExtension] Showing window 'default.css'.
    (02:30:03.148) [Visual Studio Host (8832):TextEditorDocumentWindowTestExtension] Showing window 'default.css' without activating the window.
    (02:30:03.356) [Visual Studio Host (8832):TextEditorDocumentWindowTestExtension] Showing window 'default.css'.
    (02:30:03.591) [Visual Studio Host (8832):VisualStudioIntellisenseService] Getting the active completion at position '(Ln: 1, Ch: 10)'.
    (02:30:03.825) [Visual Studio Host (8832):VisualStudioCompletionListTestExtension] Retrieved '3' completion items.
    (02:30:03.991) [Visual Studio Host (8832):VisualStudioCompletionListTestExtension] Dismissing completion session.
    + ExternalProcessHostTest TestCleanup
        (02:30:04.398) [Visual Studio Host (8832):TextEditorDocumentWindowTestExtension] Closing window 'default.css'.
        (02:30:04.801) [Platform:Testcase] Test 'VSTest_LessCompletion_AllowedImportFileExtension' has 'Passed' outcome. Therefore, Apex will not shut down the 'Visual Studio Host (8832)' with process ID '8832'. A subsequent test scenario will run on the same instance of the host.
    + Final Test Result Verification
        (02:30:05.652) [Platform:DelayedAssertionVerifierSink] Verification Success: 0 verification steps failed.
    + ApexTest TestCleanup</StdOut>
      </Output>
      <ResultFiles>
        <ResultFile path="WNVM19648\Fail.1naitrosadk5.png" />
        <ResultFile path="WNVM19648\Fail.22wpw0oka5fs.png" />
        <ResultFile path="WNVM19648\Fail.24wtv1jnawc3.png" />
        <ResultFile path="WNVM19648\Fail.2dvw33g3abcx.png" />
        <ResultFile path="WNVM19648\Fail.2lws5epta1gw.png" />
        <ResultFile path="WNVM19648\Fail.2osatv43agzz.png" />
        <ResultFile path="WNVM19648\Fail.33ju4eduay3u.png" />
        <ResultFile path="WNVM19648\Fail.3poblbx4alvv.png" />
        <ResultFile path="WNVM19648\Fail.4p531ykxaqdb.png" />
        <ResultFile path="WNVM19648\Fail.5ckvvlpiahzj.png" />
        <ResultFile path="WNVM19648\Fail.5erbsz3aa4ay.png" />
        <ResultFile path="WNVM19648\Fail.ashpv3rjajjr.png" />
        <ResultFile path="WNVM19648\Fail.aswak04hapa5.png" />
        <ResultFile path="WNVM19648\Fail.azqsczivabnm.png" />
        <ResultFile path="WNVM19648\Fail.byuslv5baqsd.png" />
        <ResultFile path="WNVM19648\Fail.bz134qwyax2e.png" />
        <ResultFile path="WNVM19648\Fail.cwkly5opaa5x.png" />
        <ResultFile path="WNVM19648\Fail.czhshhzmawco.png" />
        <ResultFile path="WNVM19648\Fail.ek4tb3wmalyl.png" />
        <ResultFile path="WNVM19648\Fail.fdtmbjciavfs.png" />
        <ResultFile path="WNVM19648\Fail.fh0tepfdaffp.png" />
        <ResultFile path="WNVM19648\Fail.hxi2cahnapy2.png" />
        <ResultFile path="WNVM19648\Fail.ig2gsfz5ad1y.png" />
        <ResultFile path="WNVM19648\Fail.iwqb3wycasom.png" />
        <ResultFile path="WNVM19648\Fail.iymeazuqablz.png" />
        <ResultFile path="WNVM19648\Fail.jpga4adlarrf.png" />
        <ResultFile path="WNVM19648\Fail.k12p4vaeagac.png" />
        <ResultFile path="WNVM19648\Fail.kfb5og41ajlt.png" />
        <ResultFile path="WNVM19648\Fail.kp4fcfcpa5bw.png" />
        <ResultFile path="WNVM19648\Fail.kxs1ersmaxma.png" />
        <ResultFile path="WNVM19648\Fail.lbyrcmqbastb.png" />
        <ResultFile path="WNVM19648\Fail.loc0xhl5a2hr.png" />
        <ResultFile path="WNVM19648\Fail.lthgvalfaxfr.png" />
        <ResultFile path="WNVM19648\Fail.mazsob3aamsp.png" />
        <ResultFile path="WNVM19648\Fail.n13clx4iaowv.png" />
        <ResultFile path="WNVM19648\Fail.n3c2bmltan5e.png" />
        <ResultFile path="WNVM19648\Fail.o4kkrjboasbk.png" />
        <ResultFile path="WNVM19648\Fail.o5zf0zepaw0l.png" />
        <ResultFile path="WNVM19648\Fail.pdo2mhdtanq2.png" />
        <ResultFile path="WNVM19648\Fail.pprwzak1ac5h.png" />
        <ResultFile path="WNVM19648\Fail.qagtqbftat3h.png" />
        <ResultFile path="WNVM19648\Fail.qbnuydioazjy.png" />
        <ResultFile path="WNVM19648\Fail.raasvsmeanc1.png" />
        <ResultFile path="WNVM19648\Fail.rymman3va50a.png" />
        <ResultFile path="WNVM19648\Fail.sidku4gxamg4.png" />
        <ResultFile path="WNVM19648\Fail.swwzdfhraz25.png" />
        <ResultFile path="WNVM19648\Fail.t4yj0fxuatil.png" />
        <ResultFile path="WNVM19648\Fail.v0ywfcwsa23p.png" />
        <ResultFile path="WNVM19648\Fail.vjqtiv2zaclz.png" />
        <ResultFile path="WNVM19648\Fail.w3wlbab1aii5.png" />
        <ResultFile path="WNVM19648\Fail.wiz4mofdavag.png" />
        <ResultFile path="WNVM19648\Fail.xasrdkzvaogc.png" />
        <ResultFile path="WNVM19648\Fail.yd3ferxiaq1c.png" />
        <ResultFile path="WNVM19648\Fail.z10rn0n5ajdm.png" />
        <ResultFile path="WNVM19648\Fail.z2gelfy0aa1q.png" />
        <ResultFile path="WNVM19648\Fail.zpuouf2fa0ib.png" />
        <ResultFile path="WNVM19648\OmniLog.html" />
        <ResultFile path="WNVM19648\OmniLogRawXml.xml" />
      </ResultFiles>
    </UnitTestResult>
    <UnitTestResult executionId="68dc55f9-e7de-4273-898b-ade56448de9b" testId="c8cceede-4b25-68f5-508e-616a073b9bcc" testName="VSTest_RazorV4Cs_FormatDocument_WithTextAreaAttributes" computerName="WNVM19648" duration="00:00:04.2726347" startTime="2018-04-17T01:02:28.0755908-07:00" endTime="2018-04-17T01:02:32.3482255-07:00" testType="13cdc9d9-ddb5-4fa4-a97d-d965ccfc6d4b" outcome="Passed" testListId="8c84fa94-04c1-424b-9868-57a2d4851a1d" relativeResultsDirectory="68dc55f9-e7de-4273-898b-ade56448de9b">
      <Output>
        <StdOut>+ CSharpFormattingTests::VSTest_RazorV4Cs_FormatDocument_WithTextAreaAttributes
    + ApexTest TestInitialize
    + ExternalProcessHostTest TestInitialize
        (01:04:09.778) [Visual Studio Host (4384):RoamingSettingsService] Disabling roaming settings.
        (01:04:09.904) [Visual Studio Host (4384):SettingsService] Setting Visual Studio option 'Environment\RoamingSettings\RoamingEnabled' to 'False'.
        (01:04:10.274) [Visual Studio Host (4384):TextEditorDocumentWindowTestExtension] Showing window 'FormatDocumentWithTextAreaAttributes.cshtml' without activating the window.
        (01:04:10.427) [Visual Studio Host (4384):TextEditorDocumentWindowTestExtension] Showing window 'FormatDocumentWithTextAreaAttributes.cshtml'.
        (01:04:10.694) [Visual Studio Host (4384):VisualStudioTextEditorTestExtension] Setting keyboard focus to editor 'FormatDocumentWithTextAreaAttributes.cshtml'.
        (01:04:10.856) [Visual Studio Host (4384):MainWindowService] Activating main window to bring it to the foreground.
        (01:04:11.014) [Visual Studio Host (4384):MainWindowService] Setting main window state to 'Maximized'.
    (01:04:11.515) [Visual Studio Host (4384):TextEditorDocumentWindowTestExtension] Showing window 'FormatDocumentWithTextAreaAttributes.cshtml' without activating the window.
    (01:04:11.656) [Visual Studio Host (4384):TextEditorDocumentWindowTestExtension] Showing window 'FormatDocumentWithTextAreaAttributes.cshtml'.
    + ExternalProcessHostTest TestCleanup
        (01:04:11.998) [Visual Studio Host (4384):TextEditorDocumentWindowTestExtension] Closing window 'FormatDocumentWithTextAreaAttributes.cshtml'.
        (01:04:12.206) [Platform:Testcase] Test 'VSTest_RazorV4Cs_FormatDocument_WithTextAreaAttributes' has 'Passed' outcome. Therefore, Apex will not shut down the 'Visual Studio Host (4384)' with process ID '4384'. A subsequent test scenario will run on the same instance of the host.
    + Final Test Result Verification
        (01:04:12.694) [Platform:DelayedAssertionVerifierSink] Verification Success: 0 verification steps failed.
    + ApexTest TestCleanup</StdOut>
      </Output>
      <ResultFiles>
        <ResultFile path="WNVM19648\Fail.azqsczivabnm.png" />
        <ResultFile path="WNVM19648\Fail.ig2gsfz5ad1y.png" />
        <ResultFile path="WNVM19648\Fail.o5zf0zepaw0l.png" />
        <ResultFile path="WNVM19648\Fail.raasvsmeanc1.png" />
        <ResultFile path="WNVM19648\Fail.t4yj0fxuatil.png" />
        <ResultFile path="WNVM19648\Fail.z10rn0n5ajdm.png" />
        <ResultFile path="WNVM19648\OmniLog.html" />
        <ResultFile path="WNVM19648\OmniLogRawXml.xml" />
      </ResultFiles>
    </UnitTestResult>
    <UnitTestResult executionId="b3eb95a5-b14d-4691-88a6-60aba46f852a" testId="1cfec4bc-c9f8-e1f6-236b-7912608575f6" testName="VSTest_Completion_IdAndClassNameAttributes" computerName="WNVM19648" duration="00:00:16.5327767" startTime="2018-04-17T00:16:32.1355797-07:00" endTime="2018-04-17T00:16:48.6683564-07:00" testType="13cdc9d9-ddb5-4fa4-a97d-d965ccfc6d4b" outcome="Passed" testListId="8c84fa94-04c1-424b-9868-57a2d4851a1d" relativeResultsDirectory="b3eb95a5-b14d-4691-88a6-60aba46f852a">
      <Output>
        <StdOut>+ CompletionTests::VSTest_Completion_IdAndClassNameAttributes
    + ApexTest TestInitialize
    + ExternalProcessHostTest TestInitialize
        (18:13.490) [Visual Studio Host (6956):RoamingSettingsService] Disabling roaming settings.
        (18:13.545) [Visual Studio Host (6956):SettingsService] Setting Visual Studio option 'Environment\RoamingSettings\RoamingEnabled' to 'False'.
        (18:13.886) [Visual Studio Host (6956):TextEditorDocumentWindowTestExtension] Showing window 'Completion.html' without activating the window.
        (18:13.951) [Visual Studio Host (6956):TextEditorDocumentWindowTestExtension] Showing window 'Completion.html'.
        (18:14.024) [Visual Studio Host (6956):VisualStudioTextEditorTestExtension] Setting keyboard focus to editor 'Completion.html'.
        (18:14.084) [Visual Studio Host (6956):MainWindowService] Activating main window to bring it to the foreground.
        (18:14.147) [Visual Studio Host (6956):MainWindowService] Setting main window state to 'Maximized'.
    (18:14.252) [Visual Studio Host (6956):TextEditorDocumentWindowTestExtension] Showing window 'Completion.html' without activating the window.
    (18:14.296) [Visual Studio Host (6956):TextEditorDocumentWindowTestExtension] Showing window 'Completion.html'.
    (18:14.376) [Visual Studio Host (6956):VisualStudioCaretTestExtension] Moving the caret to '&lt;body&gt;' at (Ln: 13, Ch: 1) based on a regular expression.  Expression = "&lt;body&gt;" [group index '0', match index '1', options 'Singleline, CultureInvariant']
    (18:14.483) [Visual Studio Host (6956):TextEditorDocumentWindowTestExtension] Showing window 'Completion.html' without activating the window.
    (18:14.568) [Visual Studio Host (6956):TextEditorDocumentWindowTestExtension] Showing window 'Completion.html'.
    (18:14.668) [Visual Studio Host (6956):VisualStudioCaretTestExtension] Moving the caret from (Ln: 13, Ch: 1) to the end of the line
    (18:14.713) [Visual Studio Host (6956):VisualStudioTextEditorTestExtension] Setting keyboard focus to editor 'Completion.html'.
    (18:14.798) [Visual Studio Host (6956):TextEditorDocumentWindowTestExtension] Showing window 'Completion.html' without activating the window.
    (18:14.860) [Visual Studio Host (6956):TextEditorDocumentWindowTestExtension] Showing window 'Completion.html'.
    (18:14.926) [Visual Studio Host (6956):VisualStudioCaretTestExtension] Moving the caret from (Ln: 13, Ch: 7) down '1' lines
    (18:14.983) [Visual Studio Host (6956):VisualStudioTextEditorTestExtension] Setting keyboard focus to editor 'Completion.html'.
    (18:17.324) [Visual Studio Host (6956):TextEditorDocumentWindowTestExtension] Showing window 'Completion.html' without activating the window.
    (18:17.376) [Visual Studio Host (6956):TextEditorDocumentWindowTestExtension] Showing window 'Completion.html'.
    (18:17.452) [Visual Studio Host (6956):VisualStudioTextEditingActions] Inserting text combine CRLF as single return: '&lt;div class=' at the current caret position: '(Ln: 14, Ch: 5)'
    (18:17.671) [Visual Studio Host (6956):TextEditorDocumentWindowTestExtension] Showing window 'Completion.html' without activating the window.
    (18:17.796) [Visual Studio Host (6956):TextEditorDocumentWindowTestExtension] Showing window 'Completion.html'.
    (18:17.892) [Visual Studio Host (6956):VisualStudioIntellisenseService] Getting the active completion at position '(Ln: 14, Ch: 17)'.
    (18:17.962) [Visual Studio Host (6956):VisualStudioCompletionListTestExtension] Found completion item with name 
    (18:18.017) [Visual Studio Host (6956):VisualStudioCompletionListTestExtension] Found completion item with name 
    (18:18.097) [Visual Studio Host (6956):TextEditorDocumentWindowTestExtension] Showing window 'Completion.html' without activating the window.
    (18:18.151) [Visual Studio Host (6956):TextEditorDocumentWindowTestExtension] Showing window 'Completion.html'.
    (18:18.233) [Visual Studio Host (6956):VisualStudioTextEditingActions] Inserting text combine CRLF as single return: 'newclass"&gt;' at the current caret position: '(Ln: 14, Ch: 17)'
    (18:18.406) [Visual Studio Host (6956):TextEditorDocumentWindowTestExtension] Showing window 'Completion.html' without activating the window.
    (18:18.481) [Visual Studio Host (6956):TextEditorDocumentWindowTestExtension] Showing window 'Completion.html'.
    (18:18.552) [Visual Studio Host (6956):VisualStudioCaretTestExtension] Moving the caret from (Ln: 14, Ch: 27) to the end of the line
    (18:18.618) [Visual Studio Host (6956):VisualStudioTextEditorTestExtension] Setting keyboard focus to editor 'Completion.html'.
    (18:18.688) [Visual Studio Host (6956):TextEditorDocumentWindowTestExtension] Showing window 'Completion.html' without activating the window.
    (18:18.771) [Visual Studio Host (6956):TextEditorDocumentWindowTestExtension] Showing window 'Completion.html'.
    (18:18.870) [Visual Studio Host (6956):KeyboardCommands] Sending the Return key 1 times.
    (18:18.957) [Visual Studio Host (6956):TextEditorDocumentWindowTestExtension] Showing window 'Completion.html' without activating the window.
    (18:19.059) [Visual Studio Host (6956):TextEditorDocumentWindowTestExtension] Showing window 'Completion.html'.
    (18:19.128) [Visual Studio Host (6956):VisualStudioTextEditingActions] Inserting text combine CRLF as single return: '&lt;div class=fo' at the current caret position: '(Ln: 15, Ch: 5)'
    (18:19.379) [Visual Studio Host (6956):TextEditorDocumentWindowTestExtension] Showing window 'Completion.html' without activating the window.
    (18:19.468) [Visual Studio Host (6956):TextEditorDocumentWindowTestExtension] Showing window 'Completion.html'.
    (18:19.554) [Visual Studio Host (6956):VisualStudioIntellisenseService] Getting the active completion at position '(Ln: 15, Ch: 19)'.
    (18:19.634) [Visual Studio Host (6956):VisualStudioCompletionListTestExtension] Found completion item with name 
    (18:19.687) [Visual Studio Host (6956):TextEditorDocumentWindowTestExtension] Showing window 'Completion.html' without activating the window.
    (18:19.746) [Visual Studio Host (6956):TextEditorDocumentWindowTestExtension] Showing window 'Completion.html'.
    (18:19.836) [Visual Studio Host (6956):VisualStudioTextEditingActions] Inserting text combine CRLF as single return: ' zoo"' at the current caret position: '(Ln: 15, Ch: 19)'
    (18:20.001) [Visual Studio Host (6956):TextEditorDocumentWindowTestExtension] Showing window 'Completion.html' without activating the window.
    (18:20.073) [Visual Studio Host (6956):TextEditorDocumentWindowTestExtension] Showing window 'Completion.html'.
    (18:20.143) [Visual Studio Host (6956):VisualStudioTextEditingActions] Inserting text combine CRLF as single return: ' hid' at the current caret position: '(Ln: 15, Ch: 25)'
    (18:20.284) [Visual Studio Host (6956):TextEditorDocumentWindowTestExtension] Showing window 'Completion.html' without activating the window.
    (18:20.392) [Visual Studio Host (6956):TextEditorDocumentWindowTestExtension] Showing window 'Completion.html'.
    (18:20.510) [Visual Studio Host (6956):VisualStudioIntellisenseService] Getting the active completion at position '(Ln: 15, Ch: 29)'.
    (18:20.576) [Visual Studio Host (6956):VisualStudioCompletionListTestExtension] Found completion item with name 
    (18:20.664) [Visual Studio Host (6956):TextEditorDocumentWindowTestExtension] Showing window 'Completion.html' without activating the window.
    (18:20.736) [Visual Studio Host (6956):TextEditorDocumentWindowTestExtension] Showing window 'Completion.html'.
    (18:20.820) [Visual Studio Host (6956):VisualStudioTextEditingActions] Inserting text combine CRLF as single return: '=hid' at the current caret position: '(Ln: 15, Ch: 29)'
    (18:20.977) [Visual Studio Host (6956):TextEditorDocumentWindowTestExtension] Showing window 'Completion.html' without activating the window.
    (18:21.059) [Visual Studio Host (6956):TextEditorDocumentWindowTestExtension] Showing window 'Completion.html'.
    (18:21.147) [Visual Studio Host (6956):VisualStudioIntellisenseService] Getting the active completion at position '(Ln: 15, Ch: 37)'.
    (18:21.219) [Visual Studio Host (6956):VisualStudioCompletionListTestExtension] Found completion item with name 
    (18:21.299) [Visual Studio Host (6956):TextEditorDocumentWindowTestExtension] Showing window 'Completion.html' without activating the window.
    (18:21.374) [Visual Studio Host (6956):TextEditorDocumentWindowTestExtension] Showing window 'Completion.html'.
    (18:21.446) [Visual Studio Host (6956):VisualStudioTextEditingActions] Inserting text combine CRLF as single return: '"&gt;' at the current caret position: '(Ln: 15, Ch: 37)'
    (18:21.551) [Visual Studio Host (6956):TextEditorDocumentWindowTestExtension] Showing window 'Completion.html' without activating the window.
    (18:21.636) [Visual Studio Host (6956):TextEditorDocumentWindowTestExtension] Showing window 'Completion.html'.
    (18:21.720) [Visual Studio Host (6956):VisualStudioCaretTestExtension] Moving the caret from (Ln: 15, Ch: 42) to the end of the line
    (18:21.783) [Visual Studio Host (6956):VisualStudioTextEditorTestExtension] Setting keyboard focus to editor 'Completion.html'.
    (18:21.863) [Visual Studio Host (6956):TextEditorDocumentWindowTestExtension] Showing window 'Completion.html' without activating the window.
    (18:21.935) [Visual Studio Host (6956):TextEditorDocumentWindowTestExtension] Showing window 'Completion.html'.
    (18:22.013) [Visual Studio Host (6956):KeyboardCommands] Sending the Return key 1 times.
    (18:22.108) [Visual Studio Host (6956):TextEditorDocumentWindowTestExtension] Showing window 'Completion.html' without activating the window.
    (18:22.183) [Visual Studio Host (6956):TextEditorDocumentWindowTestExtension] Showing window 'Completion.html'.
    (18:22.249) [Visual Studio Host (6956):VisualStudioTextEditingActions] Inserting text combine CRLF as single return: '&lt;div id=go' at the current caret position: '(Ln: 16, Ch: 5)'
    (18:22.440) [Visual Studio Host (6956):TextEditorDocumentWindowTestExtension] Showing window 'Completion.html' without activating the window.
    (18:22.506) [Visual Studio Host (6956):TextEditorDocumentWindowTestExtension] Showing window 'Completion.html'.
    (18:22.596) [Visual Studio Host (6956):VisualStudioIntellisenseService] Getting the active completion at position '(Ln: 16, Ch: 16)'.
    (18:22.657) [Visual Studio Host (6956):VisualStudioCompletionListTestExtension] Found completion item with name 
    (18:22.741) [Visual Studio Host (6956):TextEditorDocumentWindowTestExtension] Showing window 'Completion.html' without activating the window.
    (18:22.802) [Visual Studio Host (6956):TextEditorDocumentWindowTestExtension] Showing window 'Completion.html'.
    (18:22.886) [Visual Studio Host (6956):VisualStudioTextEditingActions] Inserting text combine CRLF as single return: ' class=new' at the current caret position: '(Ln: 16, Ch: 16)'
    (18:23.062) [Visual Studio Host (6956):TextEditorDocumentWindowTestExtension] Showing window 'Completion.html' without activating the window.
    (18:23.113) [Visual Studio Host (6956):TextEditorDocumentWindowTestExtension] Showing window 'Completion.html'.
    (18:23.184) [Visual Studio Host (6956):VisualStudioIntellisenseService] Getting the active completion at position '(Ln: 16, Ch: 29)'.
    (18:23.269) [Visual Studio Host (6956):VisualStudioCompletionListTestExtension] Found completion item with name 
    (18:23.340) [Visual Studio Host (6956):TextEditorDocumentWindowTestExtension] Showing window 'Completion.html' without activating the window.
    (18:23.430) [Visual Studio Host (6956):TextEditorDocumentWindowTestExtension] Showing window 'Completion.html'.
    (18:23.489) [Visual Studio Host (6956):VisualStudioTextEditingActions] Inserting text combine CRLF as single return: '"&gt;' at the current caret position: '(Ln: 16, Ch: 29)'
    (18:23.576) [Visual Studio Host (6956):TextEditorDocumentWindowTestExtension] Showing window 'Completion.html' without activating the window.
    (18:23.638) [Visual Studio Host (6956):TextEditorDocumentWindowTestExtension] Showing window 'Completion.html'.
    (18:23.705) [Visual Studio Host (6956):VisualStudioCaretTestExtension] Moving the caret from (Ln: 16, Ch: 36) to the end of the line
    (18:23.769) [Visual Studio Host (6956):VisualStudioTextEditorTestExtension] Setting keyboard focus to editor 'Completion.html'.
    (18:23.843) [Visual Studio Host (6956):TextEditorDocumentWindowTestExtension] Showing window 'Completion.html' without activating the window.
    (18:23.900) [Visual Studio Host (6956):TextEditorDocumentWindowTestExtension] Showing window 'Completion.html'.
    (18:23.987) [Visual Studio Host (6956):KeyboardCommands] Sending the Return key 1 times.
    (18:24.054) [Visual Studio Host (6956):TextEditorDocumentWindowTestExtension] Showing window 'Completion.html' without activating the window.
    (18:24.107) [Visual Studio Host (6956):TextEditorDocumentWindowTestExtension] Showing window 'Completion.html'.
    (18:24.192) [Visual Studio Host (6956):VisualStudioTextEditingActions] Inserting text combine CRLF as single return: '&lt;div class=bar"&gt;' at the current caret position: '(Ln: 17, Ch: 5)'
    (18:24.439) [Visual Studio Host (6956):TextEditorDocumentWindowTestExtension] Showing window 'Completion.html' without activating the window.
    (18:24.500) [Visual Studio Host (6956):TextEditorDocumentWindowTestExtension] Showing window 'Completion.html'.
    (18:24.574) [Visual Studio Host (6956):KeyboardCommands] Sending the Left key 5 times.
    (18:24.659) [Visual Studio Host (6956):TextEditorDocumentWindowTestExtension] Showing window 'Completion.html' without activating the window.
    (18:24.734) [Visual Studio Host (6956):TextEditorDocumentWindowTestExtension] Showing window 'Completion.html'.
    (18:24.827) [Visual Studio Host (6956):VisualStudioTextEditingActions] Inserting text combine CRLF as single return: 'foo ' at the current caret position: '(Ln: 17, Ch: 17)'
    (18:24.942) [Visual Studio Host (6956):TextEditorDocumentWindowTestExtension] Showing window 'Completion.html' without activating the window.
    (18:25.004) [Visual Studio Host (6956):TextEditorDocumentWindowTestExtension] Showing window 'Completion.html'.
    (18:25.118) [Visual Studio Host (6956):TextEditorDocumentWindowTestExtension] Showing window 'Completion.html' without activating the window.
    (18:25.176) [Visual Studio Host (6956):TextEditorDocumentWindowTestExtension] Showing window 'Completion.html'.
    (18:25.257) [Visual Studio Host (6956):VisualStudioIntellisenseService] Invoking Completion member list at '(Ln: 17, Ch: 21)'.
    (18:25.329) [Visual Studio Host (6956):TextEditorDocumentWindowTestExtension] Showing window 'Completion.html' without activating the window.
    (18:25.419) [Visual Studio Host (6956):TextEditorDocumentWindowTestExtension] Showing window 'Completion.html'.
    (18:25.505) [Visual Studio Host (6956):VisualStudioIntellisenseService] Getting the active completion at position '(Ln: 17, Ch: 21)'.
    (18:25.574) [Visual Studio Host (6956):VisualStudioCompletionListTestExtension] Found completion item with name 
    (18:25.649) [Visual Studio Host (6956):TextEditorDocumentWindowTestExtension] Showing window 'Completion.html' without activating the window.
    (18:25.750) [Visual Studio Host (6956):TextEditorDocumentWindowTestExtension] Showing window 'Completion.html'.
    (18:25.835) [Visual Studio Host (6956):KeyboardCommands] Sending the Return key 1 times.
    (18:25.933) [Visual Studio Host (6956):TextEditorDocumentWindowTestExtension] Showing window 'Completion.html' without activating the window.
    (18:25.993) [Visual Studio Host (6956):TextEditorDocumentWindowTestExtension] Showing window 'Completion.html'.
    (18:26.067) [Visual Studio Host (6956):TextEditorDocumentWindowTestExtension] Showing window 'Completion.html' without activating the window.
    (18:26.127) [Visual Studio Host (6956):TextEditorDocumentWindowTestExtension] Showing window 'Completion.html'.
    (18:26.195) [Visual Studio Host (6956):KeyboardCommands] Sending the Left key 7 times.
    (18:26.297) [Visual Studio Host (6956):TextEditorDocumentWindowTestExtension] Showing window 'Completion.html' without activating the window.
    (18:26.367) [Visual Studio Host (6956):TextEditorDocumentWindowTestExtension] Showing window 'Completion.html'.
    (18:26.468) [Visual Studio Host (6956):TextEditorDocumentWindowTestExtension] Showing window 'Completion.html' without activating the window.
    (18:26.518) [Visual Studio Host (6956):TextEditorDocumentWindowTestExtension] Showing window 'Completion.html'.
    (18:26.576) [Visual Studio Host (6956):VisualStudioIntellisenseService] Invoking Completion member list at '(Ln: 17, Ch: 18)'.
    (18:26.637) [Visual Studio Host (6956):TextEditorDocumentWindowTestExtension] Showing window 'Completion.html' without activating the window.
    (18:26.724) [Visual Studio Host (6956):TextEditorDocumentWindowTestExtension] Showing window 'Completion.html'.
    (18:26.790) [Visual Studio Host (6956):KeyboardCommands] Sending the Return key 1 times.
    (18:26.866) [Visual Studio Host (6956):TextEditorDocumentWindowTestExtension] Showing window 'Completion.html' without activating the window.
    (18:26.938) [Visual Studio Host (6956):TextEditorDocumentWindowTestExtension] Showing window 'Completion.html'.
    (18:27.030) [Visual Studio Host (6956):TextEditorDocumentWindowTestExtension] Showing window 'Completion.html' without activating the window.
    (18:27.110) [Visual Studio Host (6956):TextEditorDocumentWindowTestExtension] Showing window 'Completion.html'.
    (18:27.203) [Visual Studio Host (6956):VisualStudioCaretTestExtension] Moving the caret from (Ln: 17, Ch: 20) to the end of the line
    (18:27.260) [Visual Studio Host (6956):VisualStudioTextEditorTestExtension] Setting keyboard focus to editor 'Completion.html'.
    (18:27.343) [Visual Studio Host (6956):TextEditorDocumentWindowTestExtension] Showing window 'Completion.html' without activating the window.
    (18:27.424) [Visual Studio Host (6956):TextEditorDocumentWindowTestExtension] Showing window 'Completion.html'.
    (18:27.503) [Visual Studio Host (6956):KeyboardCommands] Sending the Return key 1 times.
    (18:27.599) [Visual Studio Host (6956):TextEditorDocumentWindowTestExtension] Showing window 'Completion.html' without activating the window.
    (18:27.672) [Visual Studio Host (6956):TextEditorDocumentWindowTestExtension] Showing window 'Completion.html'.
    (18:27.761) [Visual Studio Host (6956):VisualStudioTextEditingActions] Inserting text combine CRLF as single return: '&lt;div class=bar"&gt;' at the current caret position: '(Ln: 18, Ch: 5)'
    (18:28.008) [Visual Studio Host (6956):TextEditorDocumentWindowTestExtension] Showing window 'Completion.html' without activating the window.
    (18:28.100) [Visual Studio Host (6956):TextEditorDocumentWindowTestExtension] Showing window 'Completion.html'.
    (18:28.177) [Visual Studio Host (6956):KeyboardCommands] Sending the Left key 5 times.
    (18:28.276) [Visual Studio Host (6956):TextEditorDocumentWindowTestExtension] Showing window 'Completion.html' without activating the window.
    (18:28.343) [Visual Studio Host (6956):TextEditorDocumentWindowTestExtension] Showing window 'Completion.html'.
    (18:28.424) [Visual Studio Host (6956):VisualStudioTextEditingActions] Inserting text combine CRLF as single return: 'foo"' at the current caret position: '(Ln: 18, Ch: 17)'
    (18:28.515) [Visual Studio Host (6956):TextEditorDocumentWindowTestExtension] Showing window 'Completion.html' without activating the window.
    (18:28.612) [Visual Studio Host (6956):TextEditorDocumentWindowTestExtension] Showing window 'Completion.html'.
    (18:28.717) [Visual Studio Host (6956):TextEditorDocumentWindowTestExtension] Showing window 'Completion.html' without activating the window.
    (18:28.781) [Visual Studio Host (6956):TextEditorDocumentWindowTestExtension] Showing window 'Completion.html'.
    + ExternalProcessHostTest TestCleanup
        (18:28.915) [Visual Studio Host (6956):TextEditorDocumentWindowTestExtension] Closing window 'Completion.html'.
        (18:29.231) [Platform:Testcase] Test 'VSTest_Completion_IdAndClassNameAttributes' has 'Passed' outcome. Therefore, Apex will not shut down the 'Visual Studio Host (6956)' with process ID '6956'. A subsequent test scenario will run on the same instance of the host.
    + Final Test Result Verification
        (18:29.445) [Platform:DelayedAssertionVerifierSink] Verification Success: 0 verification steps failed.
    + ApexTest TestCleanup</StdOut>
      </Output>
      <ResultFiles>
        <ResultFile path="WNVM19648\Fail.azqsczivabnm.png" />
        <ResultFile path="WNVM19648\Fail.ig2gsfz5ad1y.png" />
        <ResultFile path="WNVM19648\Fail.o5zf0zepaw0l.png" />
        <ResultFile path="WNVM19648\OmniLog.html" />
        <ResultFile path="WNVM19648\OmniLogRawXml.xml" />
      </ResultFiles>
    </UnitTestResult>
    <UnitTestResult executionId="988e6d02-715e-42b8-a05d-89a64d55aa02" testId="d8648910-d311-af2d-abd8-716b9f0e14f1" testName="VSTest_TypingLESSCode" computerName="WNVM19648" duration="00:00:02.1519326" startTime="2018-04-17T00:45:17.9753449-07:00" endTime="2018-04-17T00:45:20.1272775-07:00" testType="13cdc9d9-ddb5-4fa4-a97d-d965ccfc6d4b" outcome="Failed" testListId="8c84fa94-04c1-424b-9868-57a2d4851a1d" relativeResultsDirectory="988e6d02-715e-42b8-a05d-89a64d55aa02">
      <Output>
        <StdOut>+ TypingTests::VSTest_TypingLESSCode
    + ApexTest TestInitialize</StdOut>
        <ErrorInfo>
          <Message>Initialization method Microsoft.Test.Apex.ExternalProcessHostTest`2[[Microsoft.Test.Apex.VisualStudio.VisualStudioHostConfiguration, Microsoft.Test.Apex.VisualStudio, Version=15.0.0.0, Culture=neutral, PublicKeyToken=b03f5f7f11d50a3a],[Microsoft.Test.Apex.VisualStudio.VisualStudioHost, Microsoft.Test.Apex.VisualStudio, Version=15.0.0.0, Culture=neutral, PublicKeyToken=b03f5f7f11d50a3a]].TestInitialize threw exception. System.IO.IOException: The process cannot access the file 'C:\school\OmniLog.html' because it is being used by another process.</Message>
          <StackTrace>   at System.IO.__Error.WinIOError(Int32 errorCode, String maybeFullPath)
   at System.IO.FileStream.Init(String path, FileMode mode, FileAccess access, Int32 rights, Boolean useRights, FileShare share, Int32 bufferSize, FileOptions options, SECURITY_ATTRIBUTES secAttrs, String msgPath, Boolean bFromProxy, Boolean useLongPath, Boolean checkHost)
   at System.IO.FileStream..ctor(String path, FileMode mode, FileAccess access)
   at Omni.Logging.Sinks.IncrementalSummarySink.PrepareForWrite() in F:\dd\src\Omni\Log\Omni.Log\Sinks\IncrementalSummarySink.cs:line 169
   at Omni.Logging.Sinks.IncrementalSummarySink.Append(ILogMessage message) in F:\dd\src\Omni\Log\Omni.Log\Sinks\IncrementalSummarySink.cs:line 74
   at Omni.Logging.OmniLog.SendToSinks(LogMessage message) in F:\dd\src\Omni\Log\Omni.Log\OmniLog.cs:line 968
   at Omni.Logging.Log.EndGroup() in F:\dd\src\Omni\Log\Omni.Log\OmniLog.cs:line 1427
   at Microsoft.Test.Apex.Services.Logging.TestLoggerSinks.OmniLog.OmniLogSink.ActualSink.ScopeExited(IExecutionScopeHandle scope) in F:\dd\src\omni\Apex\MsTestIntegration\Services\OmniLog\OmniLogSink.cs:line 328
   at Microsoft.Test.Apex.Services.Logging.TestLoggerSinks.OmniLog.OmniLogSink.ScopeExited(IExecutionScopeHandle scope) in F:\dd\src\omni\Apex\MsTestIntegration\Services\OmniLog\OmniLogSink.cs:line 159
   at Microsoft.Test.Apex.Services.ExecutionScopeService.RemoveScope(IExecutionScopeHandle handle) in F:\dd\src\omni\Apex\Framework\Services\ExecutionScope\ExecutionScopeService.cs:line 312
   at Microsoft.Test.Apex.Services.ExecutionScopeService.OnScopeExitedRaised(Object sender, EventArgs e) in F:\dd\src\omni\Apex\Framework\Services\ExecutionScope\ExecutionScopeService.cs:line 300
   at Microsoft.Test.Apex.EventExtensions.Fire[TEventArgs](EventHandler`1 eventToFire, Object sender, TEventArgs e) in F:\dd\src\omni\Apex\Framework\Extensions\EventExtensions.cs:line 34
   at Microsoft.Test.Apex.Services.ExecutionScopeHandle.Exit() in F:\dd\src\omni\Apex\Framework\Services\ExecutionScope\ExecutionScopeHandle.cs:line 120
   at Microsoft.Test.Apex.Services.ExecutionScopeHandle.Dispose() in F:\dd\src\omni\Apex\Framework\Services\ExecutionScope\ExecutionScopeHandle.cs:line 153
   at Microsoft.Test.Apex.ApexTest.TestInitialize() in F:\dd\src\omni\Apex\MsTestIntegration\ApexTest.cs:line 474
   at Microsoft.Test.Apex.ExternalProcessHostTest`2.TestInitialize() in F:\dd\src\omni\Apex\MsTestIntegration\ExternalProcessHostTest.cs:line 108</StackTrace>
        </ErrorInfo>
      </Output>
    </UnitTestResult>
    <UnitTestResult executionId="51c112aa-87d9-48a4-878e-ca0f7164a79c" testId="5aa81b10-a7a9-52f5-3b44-cdabeb41683a" testName="VSTest_JSON_FormatOnPaste" computerName="WNVM19648" duration="00:00:06.0935753" startTime="2018-04-17T02:16:55.4392091-07:00" endTime="2018-04-17T02:17:01.5327844-07:00" testType="13cdc9d9-ddb5-4fa4-a97d-d965ccfc6d4b" outcome="Passed" testListId="8c84fa94-04c1-424b-9868-57a2d4851a1d" relativeResultsDirectory="51c112aa-87d9-48a4-878e-ca0f7164a79c">
      <Output>
        <StdOut>+ JsonFormatOnPasteTests::VSTest_JSON_FormatOnPaste
    + ApexTest TestInitialize
    + ExternalProcessHostTest TestInitialize
        (02:18:37.358) [Visual Studio Host (4596):RoamingSettingsService] Disabling roaming settings.
        (02:18:37.545) [Visual Studio Host (4596):SettingsService] Setting Visual Studio option 'Environment\RoamingSettings\RoamingEnabled' to 'False'.
        (02:18:38.076) [Visual Studio Host (4596):TextEditorDocumentWindowTestExtension] Showing window 'EmptyWithoutSchema.json' without activating the window.
        (02:18:38.311) [Visual Studio Host (4596):TextEditorDocumentWindowTestExtension] Showing window 'EmptyWithoutSchema.json'.
        (02:18:38.514) [Visual Studio Host (4596):VisualStudioTextEditorTestExtension] Setting keyboard focus to editor 'EmptyWithoutSchema.json'.
        (02:18:38.686) [Visual Studio Host (4596):MainWindowService] Activating main window to bring it to the foreground.
        (02:18:38.889) [Visual Studio Host (4596):MainWindowService] Setting main window state to 'Maximized'.
    (02:18:39.239) [Visual Studio Host (4596):TextEditorDocumentWindowTestExtension] Showing window 'EmptyWithoutSchema.json' without activating the window.
    (02:18:39.420) [Visual Studio Host (4596):TextEditorDocumentWindowTestExtension] Showing window 'EmptyWithoutSchema.json'.
    (02:18:39.623) [Visual Studio Host (4596):VisualStudioCaretTestExtension] Moving the caret from (Ln: 1, Ch: 1) to line '2'
    (02:18:39.795) [Visual Studio Host (4596):VisualStudioTextEditorTestExtension] Setting keyboard focus to editor 'EmptyWithoutSchema.json'.
    (02:18:40.061) [Visual Studio Host (4596):TextEditorDocumentWindowTestExtension] Showing window 'EmptyWithoutSchema.json' without activating the window.
    (02:18:40.248) [Visual Studio Host (4596):TextEditorDocumentWindowTestExtension] Showing window 'EmptyWithoutSchema.json'.
    + ExternalProcessHostTest TestCleanup
        (02:18:40.639) [Visual Studio Host (4596):TextEditorDocumentWindowTestExtension] Closing window 'EmptyWithoutSchema.json'.
        (02:18:41.014) [Platform:Testcase] Test 'VSTest_JSON_FormatOnPaste' has 'Passed' outcome. Therefore, Apex will not shut down the 'Visual Studio Host (4596)' with process ID '4596'. A subsequent test scenario will run on the same instance of the host.
    + Final Test Result Verification
        (02:18:41.639) [Platform:DelayedAssertionVerifierSink] Verification Success: 0 verification steps failed.
    + ApexTest TestCleanup</StdOut>
      </Output>
      <ResultFiles>
        <ResultFile path="WNVM19648\Fail.22wpw0oka5fs.png" />
        <ResultFile path="WNVM19648\Fail.24wtv1jnawc3.png" />
        <ResultFile path="WNVM19648\Fail.2dvw33g3abcx.png" />
        <ResultFile path="WNVM19648\Fail.2lws5epta1gw.png" />
        <ResultFile path="WNVM19648\Fail.2osatv43agzz.png" />
        <ResultFile path="WNVM19648\Fail.33ju4eduay3u.png" />
        <ResultFile path="WNVM19648\Fail.3poblbx4alvv.png" />
        <ResultFile path="WNVM19648\Fail.4p531ykxaqdb.png" />
        <ResultFile path="WNVM19648\Fail.5erbsz3aa4ay.png" />
        <ResultFile path="WNVM19648\Fail.ashpv3rjajjr.png" />
        <ResultFile path="WNVM19648\Fail.aswak04hapa5.png" />
        <ResultFile path="WNVM19648\Fail.azqsczivabnm.png" />
        <ResultFile path="WNVM19648\Fail.byuslv5baqsd.png" />
        <ResultFile path="WNVM19648\Fail.bz134qwyax2e.png" />
        <ResultFile path="WNVM19648\Fail.czhshhzmawco.png" />
        <ResultFile path="WNVM19648\Fail.ek4tb3wmalyl.png" />
        <ResultFile path="WNVM19648\Fail.hxi2cahnapy2.png" />
        <ResultFile path="WNVM19648\Fail.ig2gsfz5ad1y.png" />
        <ResultFile path="WNVM19648\Fail.iymeazuqablz.png" />
        <ResultFile path="WNVM19648\Fail.jpga4adlarrf.png" />
        <ResultFile path="WNVM19648\Fail.kfb5og41ajlt.png" />
        <ResultFile path="WNVM19648\Fail.kp4fcfcpa5bw.png" />
        <ResultFile path="WNVM19648\Fail.kxs1ersmaxma.png" />
        <ResultFile path="WNVM19648\Fail.lbyrcmqbastb.png" />
        <ResultFile path="WNVM19648\Fail.loc0xhl5a2hr.png" />
        <ResultFile path="WNVM19648\Fail.lthgvalfaxfr.png" />
        <ResultFile path="WNVM19648\Fail.mazsob3aamsp.png" />
        <ResultFile path="WNVM19648\Fail.n13clx4iaowv.png" />
        <ResultFile path="WNVM19648\Fail.n3c2bmltan5e.png" />
        <ResultFile path="WNVM19648\Fail.o4kkrjboasbk.png" />
        <ResultFile path="WNVM19648\Fail.o5zf0zepaw0l.png" />
        <ResultFile path="WNVM19648\Fail.pdo2mhdtanq2.png" />
        <ResultFile path="WNVM19648\Fail.pprwzak1ac5h.png" />
        <ResultFile path="WNVM19648\Fail.qagtqbftat3h.png" />
        <ResultFile path="WNVM19648\Fail.qbnuydioazjy.png" />
        <ResultFile path="WNVM19648\Fail.raasvsmeanc1.png" />
        <ResultFile path="WNVM19648\Fail.rymman3va50a.png" />
        <ResultFile path="WNVM19648\Fail.sidku4gxamg4.png" />
        <ResultFile path="WNVM19648\Fail.swwzdfhraz25.png" />
        <ResultFile path="WNVM19648\Fail.t4yj0fxuatil.png" />
        <ResultFile path="WNVM19648\Fail.v0ywfcwsa23p.png" />
        <ResultFile path="WNVM19648\Fail.vjqtiv2zaclz.png" />
        <ResultFile path="WNVM19648\Fail.wiz4mofdavag.png" />
        <ResultFile path="WNVM19648\Fail.xasrdkzvaogc.png" />
        <ResultFile path="WNVM19648\Fail.yd3ferxiaq1c.png" />
        <ResultFile path="WNVM19648\Fail.z10rn0n5ajdm.png" />
        <ResultFile path="WNVM19648\Fail.z2gelfy0aa1q.png" />
        <ResultFile path="WNVM19648\Fail.zpuouf2fa0ib.png" />
        <ResultFile path="WNVM19648\OmniLog.html" />
        <ResultFile path="WNVM19648\OmniLogRawXml.xml" />
      </ResultFiles>
    </UnitTestResult>
    <UnitTestResult executionId="7faf4835-e3e6-422c-9e41-8bfdebbb9880" testId="8b57998e-c627-521a-6e73-8b47a421bf91" testName="VSTest_CssCompletion_ColorPicker_ChangingValues" computerName="WNVM19648" duration="00:00:00.0869881" startTime="2018-04-17T00:29:43.5857826-07:00" endTime="2018-04-17T00:29:43.6727707-07:00" testType="13cdc9d9-ddb5-4fa4-a97d-d965ccfc6d4b" outcome="Failed" testListId="8c84fa94-04c1-424b-9868-57a2d4851a1d" relativeResultsDirectory="7faf4835-e3e6-422c-9e41-8bfdebbb9880">
      <Output>
        <StdOut>+ CssCompletionTests::VSTest_CssCompletion_ColorPicker_ChangingValues
    + ApexTest TestInitialize</StdOut>
        <ErrorInfo>
          <Message>Initialization method Microsoft.Test.Apex.ExternalProcessHostTest`2[[Microsoft.Test.Apex.VisualStudio.VisualStudioHostConfiguration, Microsoft.Test.Apex.VisualStudio, Version=15.0.0.0, Culture=neutral, PublicKeyToken=b03f5f7f11d50a3a],[Microsoft.Test.Apex.VisualStudio.VisualStudioHost, Microsoft.Test.Apex.VisualStudio, Version=15.0.0.0, Culture=neutral, PublicKeyToken=b03f5f7f11d50a3a]].TestInitialize threw exception. System.IO.IOException: The process cannot access the file 'C:\school\OmniLog.html' because it is being used by another process.</Message>
          <StackTrace>   at System.IO.__Error.WinIOError(Int32 errorCode, String maybeFullPath)
   at System.IO.FileStream.Init(String path, FileMode mode, FileAccess access, Int32 rights, Boolean useRights, FileShare share, Int32 bufferSize, FileOptions options, SECURITY_ATTRIBUTES secAttrs, String msgPath, Boolean bFromProxy, Boolean useLongPath, Boolean checkHost)
   at System.IO.FileStream..ctor(String path, FileMode mode, FileAccess access)
   at Omni.Logging.Sinks.IncrementalSummarySink.PrepareForWrite() in F:\dd\src\Omni\Log\Omni.Log\Sinks\IncrementalSummarySink.cs:line 169
   at Omni.Logging.Sinks.IncrementalSummarySink.Append(ILogMessage message) in F:\dd\src\Omni\Log\Omni.Log\Sinks\IncrementalSummarySink.cs:line 74
   at Omni.Logging.OmniLog.SendToSinks(LogMessage message) in F:\dd\src\Omni\Log\Omni.Log\OmniLog.cs:line 968
   at Omni.Logging.Log.BeginGroup(String message) in F:\dd\src\Omni\Log\Omni.Log\OmniLog.cs:line 1402
   at Microsoft.Test.Apex.Services.Logging.TestLoggerSinks.OmniLog.OmniLogSink.ActualSink.ScopeEntered(IExecutionScopeHandle scope) in F:\dd\src\omni\Apex\MsTestIntegration\Services\OmniLog\OmniLogSink.cs:line 318
   at Microsoft.Test.Apex.Services.Logging.TestLoggerSinks.OmniLog.OmniLogSink.ScopeEntered(IExecutionScopeHandle scope) in F:\dd\src\omni\Apex\MsTestIntegration\Services\OmniLog\OmniLogSink.cs:line 146
   at Microsoft.Test.Apex.Services.ExecutionScopeService.Enter(TestExecutionPoint testExecutionPoint, String scopeName, Boolean enterVerificationScope, Object context) in F:\dd\src\omni\Apex\Framework\Services\ExecutionScope\ExecutionScopeService.cs:line 228
   at Microsoft.Test.Apex.Services.ExecutionScopeService.Enter(String scopeName, Boolean enterVerificationScope, Object context) in F:\dd\src\omni\Apex\Framework\Services\ExecutionScope\ExecutionScopeService.cs:line 202
   at Microsoft.Test.Apex.Services.ExecutionScopeService.Enter(String scopeName) in F:\dd\src\omni\Apex\Framework\Services\ExecutionScope\ExecutionScopeService.cs:line 80
   at Microsoft.Test.Apex.ApexTest.TestInitialize() in F:\dd\src\omni\Apex\MsTestIntegration\ApexTest.cs:line 423
   at Microsoft.Test.Apex.ExternalProcessHostTest`2.TestInitialize() in F:\dd\src\omni\Apex\MsTestIntegration\ExternalProcessHostTest.cs:line 108</StackTrace>
        </ErrorInfo>
      </Output>
    </UnitTestResult>
    <UnitTestResult executionId="fa833bfe-fee3-4d19-8d77-34b47bf44773" testId="e35e48e5-187c-2952-2b94-d10dc4444501" testName="VSTest_KnockoutJS_EndToEnd_Html" computerName="WNVM19648" startTime="2018-04-16T23:55:51.0292484-07:00" endTime="2018-04-16T23:55:51.0292484-07:00" testType="13cdc9d9-ddb5-4fa4-a97d-d965ccfc6d4b" outcome="NotExecuted" testListId="8c84fa94-04c1-424b-9868-57a2d4851a1d" relativeResultsDirectory="fa833bfe-fee3-4d19-8d77-34b47bf44773">
      <Output>
      </Output>
    </UnitTestResult>
    <UnitTestResult executionId="c583fc2a-a2c4-446a-880a-de0f420281dc" testId="771c4a6d-0d1c-f8f0-dd7f-cd63001443e3" testName="VSTest_Completion_Icons" computerName="WNVM19648" duration="00:00:09.9774546" startTime="2018-04-17T00:17:07.1298597-07:00" endTime="2018-04-17T00:17:17.1073143-07:00" testType="13cdc9d9-ddb5-4fa4-a97d-d965ccfc6d4b" outcome="Passed" testListId="8c84fa94-04c1-424b-9868-57a2d4851a1d" relativeResultsDirectory="c583fc2a-a2c4-446a-880a-de0f420281dc">
      <Output>
        <StdOut>+ CompletionTests::VSTest_Completion_Icons
    + ApexTest TestInitialize
    + ExternalProcessHostTest TestInitialize
        (18:48.514) [Visual Studio Host (6956):RoamingSettingsService] Disabling roaming settings.
        (18:48.573) [Visual Studio Host (6956):SettingsService] Setting Visual Studio option 'Environment\RoamingSettings\RoamingEnabled' to 'False'.
        (18:48.943) [Visual Studio Host (6956):TextEditorDocumentWindowTestExtension] Showing window 'Completion.html' without activating the window.
        (18:49.037) [Visual Studio Host (6956):TextEditorDocumentWindowTestExtension] Showing window 'Completion.html'.
        (18:49.140) [Visual Studio Host (6956):VisualStudioTextEditorTestExtension] Setting keyboard focus to editor 'Completion.html'.
        (18:49.204) [Visual Studio Host (6956):MainWindowService] Activating main window to bring it to the foreground.
        (18:49.256) [Visual Studio Host (6956):MainWindowService] Setting main window state to 'Maximized'.
    (18:49.405) [Visual Studio Host (6956):TextEditorDocumentWindowTestExtension] Showing window 'Completion.html' without activating the window.
    (18:49.482) [Visual Studio Host (6956):TextEditorDocumentWindowTestExtension] Showing window 'Completion.html'.
    (18:49.551) [Visual Studio Host (6956):VisualStudioCaretTestExtension] Moving the caret to '&lt;body&gt;' at (Ln: 13, Ch: 1) based on a regular expression.  Expression = "&lt;body&gt;" [group index '0', match index '1', options 'Singleline, CultureInvariant']
    (18:49.726) [Visual Studio Host (6956):TextEditorDocumentWindowTestExtension] Showing window 'Completion.html' without activating the window.
    (18:49.905) [Visual Studio Host (6956):TextEditorDocumentWindowTestExtension] Showing window 'Completion.html'.
    (18:50.085) [Visual Studio Host (6956):VisualStudioCaretTestExtension] Moving the caret from (Ln: 13, Ch: 1) down '1' lines
    (18:50.138) [Visual Studio Host (6956):VisualStudioTextEditorTestExtension] Setting keyboard focus to editor 'Completion.html'.
    (18:50.228) [Visual Studio Host (6956):TextEditorDocumentWindowTestExtension] Showing window 'Completion.html' without activating the window.
    (18:50.289) [Visual Studio Host (6956):TextEditorDocumentWindowTestExtension] Showing window 'Completion.html'.
    (18:50.364) [Visual Studio Host (6956):VisualStudioIntellisenseService] Invoking Completion member list at '(Ln: 14, Ch: 1)'.
    (18:50.614) [Visual Studio Host (6956):VisualStudioCompletionListTestExtension] Retrieved '94' completion items.
    (18:50.827) [Visual Studio Host (6956):TextEditorDocumentWindowTestExtension] Showing window 'Completion.html' without activating the window.
    (18:50.895) [Visual Studio Host (6956):TextEditorDocumentWindowTestExtension] Showing window 'Completion.html'.
    (18:50.967) [Visual Studio Host (6956):VisualStudioIntellisenseService] Invoking Completion member list at '(Ln: 14, Ch: 1)'.
    (18:51.333) [Visual Studio Host (6956):VisualStudioCompletionListTestExtension] Retrieved '94' completion items.
    (18:51.473) [Visual Studio Host (6956):TextEditorDocumentWindowTestExtension] Showing window 'Completion.html' without activating the window.
    (18:51.567) [Visual Studio Host (6956):TextEditorDocumentWindowTestExtension] Showing window 'Completion.html'.
    (18:51.674) [Visual Studio Host (6956):VisualStudioCaretTestExtension] Moving the caret to '' at (Ln: 13, Ch: 6) based on a regular expression.  Expression = "&lt;body()&gt;" [group index '1', match index '1', options 'Singleline, CultureInvariant']
    (18:51.810) [Visual Studio Host (6956):TextEditorDocumentWindowTestExtension] Showing window 'Completion.html' without activating the window.
    (18:51.880) [Visual Studio Host (6956):TextEditorDocumentWindowTestExtension] Showing window 'Completion.html'.
    (18:51.983) [Visual Studio Host (6956):TextEditorDocumentWindowTestExtension] Showing window 'Completion.html' without activating the window.
    (18:52.099) [Visual Studio Host (6956):TextEditorDocumentWindowTestExtension] Showing window 'Completion.html'.
    (18:52.299) [Visual Studio Host (6956):VisualStudioIntellisenseService] Getting the active completion at position '(Ln: 13, Ch: 7)'.
    (18:52.446) [Visual Studio Host (6956):VisualStudioCompletionListTestExtension] Retrieved '33' completion items.
    (18:52.555) [Visual Studio Host (6956):TextEditorDocumentWindowTestExtension] Showing window 'Completion.html' without activating the window.
    (18:52.680) [Visual Studio Host (6956):TextEditorDocumentWindowTestExtension] Showing window 'Completion.html'.
    (18:52.827) [Visual Studio Host (6956):VisualStudioCaretTestExtension] Moving the caret from (Ln: 13, Ch: 7) to the end of the line
    (18:52.967) [Visual Studio Host (6956):VisualStudioTextEditorTestExtension] Setting keyboard focus to editor 'Completion.html'.
    (18:53.089) [Visual Studio Host (6956):TextEditorDocumentWindowTestExtension] Showing window 'Completion.html' without activating the window.
    (18:53.202) [Visual Studio Host (6956):TextEditorDocumentWindowTestExtension] Showing window 'Completion.html'.
    (18:53.446) [Visual Studio Host (6956):TextEditorDocumentWindowTestExtension] Showing window 'Completion.html' without activating the window.
    (18:53.941) [Visual Studio Host (6956):TextEditorDocumentWindowTestExtension] Showing window 'Completion.html'.
    (18:54.117) [Visual Studio Host (6956):VisualStudioIntellisenseService] Getting the active completion at position '(Ln: 13, Ch: 9)'.
    (18:54.726) [Visual Studio Host (6956):VisualStudioCompletionListTestExtension] Retrieved '264' completion items.
    (18:54.858) [Visual Studio Host (6956):TextEditorDocumentWindowTestExtension] Showing window 'Completion.html' without activating the window.
    (18:54.922) [Visual Studio Host (6956):TextEditorDocumentWindowTestExtension] Showing window 'Completion.html'.
    (18:54.993) [Visual Studio Host (6956):VisualStudioCaretTestExtension] Moving the caret to '' at (Ln: 4, Ch: 12) based on a regular expression.  Expression = "a {()" [group index '1', match index '1', options 'Singleline, CultureInvariant']
    (18:55.124) [Visual Studio Host (6956):TextEditorDocumentWindowTestExtension] Showing window 'Completion.html' without activating the window.
    (18:55.193) [Visual Studio Host (6956):TextEditorDocumentWindowTestExtension] Showing window 'Completion.html'.
    (18:55.283) [Visual Studio Host (6956):VisualStudioCaretTestExtension] Moving the caret from (Ln: 4, Ch: 12) down '1' lines
    (18:55.359) [Visual Studio Host (6956):VisualStudioTextEditorTestExtension] Setting keyboard focus to editor 'Completion.html'.
    (18:55.424) [Visual Studio Host (6956):TextEditorDocumentWindowTestExtension] Showing window 'Completion.html' without activating the window.
    (18:55.479) [Visual Studio Host (6956):TextEditorDocumentWindowTestExtension] Showing window 'Completion.html'.
    (18:55.546) [Visual Studio Host (6956):VisualStudioIntellisenseService] Invoking Completion member list at '(Ln: 5, Ch: 13)'.
    (18:56.593) [Visual Studio Host (6956):VisualStudioCompletionListTestExtension] Retrieved '621' completion items.
    + ExternalProcessHostTest TestCleanup
        (18:57.351) [Visual Studio Host (6956):TextEditorDocumentWindowTestExtension] Closing window 'Completion.html'.
        (18:57.649) [Platform:Testcase] Test 'VSTest_Completion_Icons' has 'Passed' outcome. Therefore, Apex will not shut down the 'Visual Studio Host (6956)' with process ID '6956'. A subsequent test scenario will run on the same instance of the host.
    + Final Test Result Verification
        (18:57.855) [Platform:DelayedAssertionVerifierSink] Verification Success: 0 verification steps failed.
    + ApexTest TestCleanup</StdOut>
      </Output>
      <ResultFiles>
        <ResultFile path="WNVM19648\Fail.azqsczivabnm.png" />
        <ResultFile path="WNVM19648\Fail.ig2gsfz5ad1y.png" />
        <ResultFile path="WNVM19648\Fail.o5zf0zepaw0l.png" />
        <ResultFile path="WNVM19648\OmniLog.html" />
        <ResultFile path="WNVM19648\OmniLogRawXml.xml" />
      </ResultFiles>
    </UnitTestResult>
    <UnitTestResult executionId="24f9afd3-946d-4e3b-af89-3ed389b50701" testId="309495ff-1765-8d14-cb42-f50262916313" testName="VSTest_Dump_Css_Definitions" computerName="WNVM19648" duration="00:00:11.8786961" startTime="2018-04-17T00:12:43.9829473-07:00" endTime="2018-04-17T00:12:55.8616434-07:00" testType="13cdc9d9-ddb5-4fa4-a97d-d965ccfc6d4b" outcome="Passed" testListId="8c84fa94-04c1-424b-9868-57a2d4851a1d" relativeResultsDirectory="24f9afd3-946d-4e3b-af89-3ed389b50701">
      <Output>
        <StdOut>+ NavigationTests::VSTest_Dump_Css_Definitions
    + ApexTest TestInitialize
    + ExternalProcessHostTest TestInitialize
        (14:25.413) [Visual Studio Host (6956):RoamingSettingsService] Disabling roaming settings.
        (14:25.474) [Visual Studio Host (6956):SettingsService] Setting Visual Studio option 'Environment\RoamingSettings\RoamingEnabled' to 'False'.
        (14:28.040) [Visual Studio Host (6956):TextEditorDocumentWindowTestExtension] Showing window 'html5scopedstyles.aspx' without activating the window.
        (14:28.529) [Visual Studio Host (6956):TextEditorDocumentWindowTestExtension] Showing window 'html5scopedstyles.aspx'.
        (14:28.867) [Visual Studio Host (6956):VisualStudioTextEditorTestExtension] Setting keyboard focus to editor 'html5scopedstyles.aspx'.
        (14:29.851) [Visual Studio Host (6956):MainWindowService] Activating main window to bring it to the foreground.
        (14:30.075) [Visual Studio Host (6956):MainWindowService] Setting main window state to 'Maximized'.
    (14:30.253) [Visual Studio Host (6956):TextEditorDocumentWindowTestExtension] Showing window 'html5scopedstyles.aspx' without activating the window.
    (14:30.324) [Visual Studio Host (6956):TextEditorDocumentWindowTestExtension] Showing window 'html5scopedstyles.aspx'.
    (14:30.438) [Visual Studio Host (6956):VisualStudioCaretTestExtension] Moving the caret from (Ln: 1, Ch: 1) to (Ln: 18, Ch: 18)
    (14:34.605) [Visual Studio Host (6956):TextEditorDocumentWindowTestExtension] Showing window 'html5scopedstyles.aspx' without activating the window.
    (14:34.915) [Visual Studio Host (6956):TextEditorDocumentWindowTestExtension] Showing window 'html5scopedstyles.aspx'.
    (14:35.244) [Visual Studio Host (6956):TextEditorDocumentWindowTestExtension] Showing window 'html5scopedstyles.aspx' without activating the window.
    (14:35.345) [Visual Studio Host (6956):TextEditorDocumentWindowTestExtension] Showing window 'html5scopedstyles.aspx'.
    (14:35.608) [Visual Studio Host (6956):VisualStudioCaretTestExtension] Moving the caret from (Ln: 15, Ch: 10) to (Ln: 31, Ch: 18)
    + ExternalProcessHostTest TestCleanup
        (14:35.861) [Visual Studio Host (6956):TextEditorDocumentWindowTestExtension] Closing window 'html5scopedstyles.aspx'.
        (14:36.234) [Platform:Testcase] Test 'VSTest_Dump_Css_Definitions' has 'Passed' outcome. Therefore, Apex will not shut down the 'Visual Studio Host (6956)' with process ID '6956'. A subsequent test scenario will run on the same instance of the host.
    + Final Test Result Verification
        (14:36.613) [Platform:DelayedAssertionVerifierSink] Verification Success: 0 verification steps failed.
    + ApexTest TestCleanup</StdOut>
      </Output>
      <ResultFiles>
        <ResultFile path="WNVM19648\Fail.ig2gsfz5ad1y.png" />
        <ResultFile path="WNVM19648\OmniLog.html" />
        <ResultFile path="WNVM19648\OmniLogRawXml.xml" />
      </ResultFiles>
    </UnitTestResult>
    <UnitTestResult executionId="d8da0550-24a1-4b82-87d0-cf1fd752349f" testId="5a1d1d70-0b05-e1b3-29c9-696c83e23981" testName="VSTest_JSON_PasteObjectLiteral_ArrayContent" computerName="WNVM19648" duration="00:00:21.6555711" startTime="2018-04-17T02:15:01.3176315-07:00" endTime="2018-04-17T02:15:22.9732026-07:00" testType="13cdc9d9-ddb5-4fa4-a97d-d965ccfc6d4b" outcome="Passed" testListId="8c84fa94-04c1-424b-9868-57a2d4851a1d" relativeResultsDirectory="d8da0550-24a1-4b82-87d0-cf1fd752349f">
      <Output>
        <StdOut>+ PasteJavascriptObjectLiteralAsJSONTests::VSTest_JSON_PasteObjectLiteral_ArrayContent
    + ApexTest TestInitialize
    + ExternalProcessHostTest TestInitialize
        (02:16:43.174) [Visual Studio Host (4596):RoamingSettingsService] Disabling roaming settings.
        (02:16:43.330) [Visual Studio Host (4596):SettingsService] Setting Visual Studio option 'Environment\RoamingSettings\RoamingEnabled' to 'False'.
        (02:16:43.892) [Visual Studio Host (4596):TextEditorDocumentWindowTestExtension] Showing window 'EmptyWithoutSchema.json' without activating the window.
        (02:16:44.112) [Visual Studio Host (4596):TextEditorDocumentWindowTestExtension] Showing window 'EmptyWithoutSchema.json'.
        (02:16:44.299) [Visual Studio Host (4596):VisualStudioTextEditorTestExtension] Setting keyboard focus to editor 'EmptyWithoutSchema.json'.
        (02:16:44.502) [Visual Studio Host (4596):MainWindowService] Activating main window to bring it to the foreground.
        (02:16:44.720) [Visual Studio Host (4596):MainWindowService] Setting main window state to 'Maximized'.
    (02:16:45.111) [Visual Studio Host (4596):TextEditorDocumentWindowTestExtension] Showing window 'EmptyWithoutSchema.json' without activating the window.
    (02:16:45.330) [Visual Studio Host (4596):TextEditorDocumentWindowTestExtension] Showing window 'EmptyWithoutSchema.json'.
    (02:16:45.564) [Visual Studio Host (4596):VisualStudioSelectionTestExtension] Selects all text in the editor.
    (02:16:45.720) [Visual Studio Host (4596):TextEditorDocumentWindowTestExtension] Showing window 'EmptyWithoutSchema.json' without activating the window.
    (02:16:45.877) [Visual Studio Host (4596):TextEditorDocumentWindowTestExtension] Showing window 'EmptyWithoutSchema.json'.
    (02:16:46.048) [Visual Studio Host (4596):KeyboardCommands] Sending the Delete key 1 times.
    (02:16:46.236) [Visual Studio Host (4596):TextEditorDocumentWindowTestExtension] Showing window 'EmptyWithoutSchema.json' without activating the window.
    (02:16:46.408) [Visual Studio Host (4596):TextEditorDocumentWindowTestExtension] Showing window 'EmptyWithoutSchema.json'.
    (02:16:46.658) [Visual Studio Host (4596):VisualStudioTextEditingActions] Inserting text: '[' at the current caret position: '(Ln: 1, Ch: 1)'
    (02:16:46.861) [Visual Studio Host (4596):TextEditorDocumentWindowTestExtension] Showing window 'EmptyWithoutSchema.json' without activating the window.
    (02:16:47.033) [Visual Studio Host (4596):TextEditorDocumentWindowTestExtension] Showing window 'EmptyWithoutSchema.json'.
    (02:16:47.236) [Visual Studio Host (4596):KeyboardCommands] Sending the Return key 1 times.
    (02:16:47.439) [Visual Studio Host (4596):TextEditorDocumentWindowTestExtension] Showing window 'EmptyWithoutSchema.json' without activating the window.
    (02:16:47.595) [Visual Studio Host (4596):TextEditorDocumentWindowTestExtension] Showing window 'EmptyWithoutSchema.json'.
    (02:16:47.798) [Visual Studio Host (4596):VisualStudioTextEditingActions] Inserting text: ']' at the current caret position: '(Ln: 2, Ch: 3)'
    (02:16:48.001) [Visual Studio Host (4596):TextEditorDocumentWindowTestExtension] Showing window 'EmptyWithoutSchema.json' without activating the window.
    (02:16:48.189) [Visual Studio Host (4596):TextEditorDocumentWindowTestExtension] Showing window 'EmptyWithoutSchema.json'.
    (02:16:48.408) [Visual Studio Host (4596):VisualStudioCaretTestExtension] Moving the caret from (Ln: 2, Ch: 2) up '1' lines
    (02:16:48.595) [Visual Studio Host (4596):VisualStudioTextEditorTestExtension] Setting keyboard focus to editor 'EmptyWithoutSchema.json'.
    (02:16:48.814) [Visual Studio Host (4596):TextEditorDocumentWindowTestExtension] Showing window 'EmptyWithoutSchema.json' without activating the window.
    (02:16:49.001) [Visual Studio Host (4596):TextEditorDocumentWindowTestExtension] Showing window 'EmptyWithoutSchema.json'.
    (02:16:49.173) [Visual Studio Host (4596):VisualStudioCaretTestExtension] Moving the caret from (Ln: 9, Ch: 6) to the beginning of the file
    (02:16:49.314) [Visual Studio Host (4596):VisualStudioTextEditorTestExtension] Setting keyboard focus to editor 'EmptyWithoutSchema.json'.
    (02:16:49.470) [Visual Studio Host (4596):TextEditorDocumentWindowTestExtension] Showing window 'EmptyWithoutSchema.json' without activating the window.
    (02:16:49.626) [Visual Studio Host (4596):TextEditorDocumentWindowTestExtension] Showing window 'EmptyWithoutSchema.json'.
    VerificationPass: (02:16:49.814) [Platform:Testcase] Verification passed: String content is equal: Expected '[', Actual '['; &lt;ComparisonType: OrdinalIgnoreCase&gt;
    (02:16:49.939) [Visual Studio Host (4596):TextEditorDocumentWindowTestExtension] Showing window 'EmptyWithoutSchema.json' without activating the window.
    (02:16:50.080) [Visual Studio Host (4596):TextEditorDocumentWindowTestExtension] Showing window 'EmptyWithoutSchema.json'.
    (02:16:50.253) [Visual Studio Host (4596):VisualStudioCaretTestExtension] Moving the caret from (Ln: 1, Ch: 1) down '1' lines
    (02:16:50.439) [Visual Studio Host (4596):VisualStudioTextEditorTestExtension] Setting keyboard focus to editor 'EmptyWithoutSchema.json'.
    (02:16:50.642) [Visual Studio Host (4596):TextEditorDocumentWindowTestExtension] Showing window 'EmptyWithoutSchema.json' without activating the window.
    (02:16:50.830) [Visual Studio Host (4596):TextEditorDocumentWindowTestExtension] Showing window 'EmptyWithoutSchema.json'.
    VerificationPass: (02:16:51.017) [Platform:Testcase] Verification passed: String content is equal: Expected '{', Actual '{'; &lt;ComparisonType: OrdinalIgnoreCase&gt;
    (02:16:51.173) [Visual Studio Host (4596):TextEditorDocumentWindowTestExtension] Showing window 'EmptyWithoutSchema.json' without activating the window.
    (02:16:51.376) [Visual Studio Host (4596):TextEditorDocumentWindowTestExtension] Showing window 'EmptyWithoutSchema.json'.
    (02:16:51.626) [Visual Studio Host (4596):VisualStudioCaretTestExtension] Moving the caret from (Ln: 2, Ch: 1) down '1' lines
    (02:16:51.767) [Visual Studio Host (4596):VisualStudioTextEditorTestExtension] Setting keyboard focus to editor 'EmptyWithoutSchema.json'.
    (02:16:51.939) [Visual Studio Host (4596):TextEditorDocumentWindowTestExtension] Showing window 'EmptyWithoutSchema.json' without activating the window.
    (02:16:52.111) [Visual Studio Host (4596):TextEditorDocumentWindowTestExtension] Showing window 'EmptyWithoutSchema.json'.
    VerificationPass: (02:16:52.329) [Platform:Testcase] Verification passed: String content is equal: Expected '"value1": 1,', Actual '"value1": 1,'; &lt;ComparisonType: OrdinalIgnoreCase&gt;
    (02:16:52.517) [Visual Studio Host (4596):TextEditorDocumentWindowTestExtension] Showing window 'EmptyWithoutSchema.json' without activating the window.
    (02:16:52.736) [Visual Studio Host (4596):TextEditorDocumentWindowTestExtension] Showing window 'EmptyWithoutSchema.json'.
    (02:16:52.876) [Visual Studio Host (4596):VisualStudioCaretTestExtension] Moving the caret from (Ln: 3, Ch: 1) down '1' lines
    (02:16:53.033) [Visual Studio Host (4596):VisualStudioTextEditorTestExtension] Setting keyboard focus to editor 'EmptyWithoutSchema.json'.
    (02:16:53.189) [Visual Studio Host (4596):TextEditorDocumentWindowTestExtension] Showing window 'EmptyWithoutSchema.json' without activating the window.
    (02:16:53.345) [Visual Studio Host (4596):TextEditorDocumentWindowTestExtension] Showing window 'EmptyWithoutSchema.json'.
    VerificationPass: (02:16:53.564) [Platform:Testcase] Verification passed: String content is equal: Expected '"valueObject": {', Actual '"valueObject": {'; &lt;ComparisonType: OrdinalIgnoreCase&gt;
    (02:16:53.720) [Visual Studio Host (4596):TextEditorDocumentWindowTestExtension] Showing window 'EmptyWithoutSchema.json' without activating the window.
    (02:16:53.892) [Visual Studio Host (4596):TextEditorDocumentWindowTestExtension] Showing window 'EmptyWithoutSchema.json'.
    (02:16:54.064) [Visual Studio Host (4596):VisualStudioCaretTestExtension] Moving the caret from (Ln: 4, Ch: 1) down '1' lines
    (02:16:54.220) [Visual Studio Host (4596):VisualStudioTextEditorTestExtension] Setting keyboard focus to editor 'EmptyWithoutSchema.json'.
    (02:16:54.379) [Visual Studio Host (4596):TextEditorDocumentWindowTestExtension] Showing window 'EmptyWithoutSchema.json' without activating the window.
    (02:16:54.564) [Visual Studio Host (4596):TextEditorDocumentWindowTestExtension] Showing window 'EmptyWithoutSchema.json'.
    VerificationPass: (02:16:54.751) [Platform:Testcase] Verification passed: String content is equal: Expected '"valueArray": [', Actual '"valueArray": ['; &lt;ComparisonType: OrdinalIgnoreCase&gt;
    (02:16:54.954) [Visual Studio Host (4596):TextEditorDocumentWindowTestExtension] Showing window 'EmptyWithoutSchema.json' without activating the window.
    (02:16:55.111) [Visual Studio Host (4596):TextEditorDocumentWindowTestExtension] Showing window 'EmptyWithoutSchema.json'.
    (02:16:55.314) [Visual Studio Host (4596):VisualStudioCaretTestExtension] Moving the caret from (Ln: 5, Ch: 1) down '1' lines
    (02:16:55.533) [Visual Studio Host (4596):VisualStudioTextEditorTestExtension] Setting keyboard focus to editor 'EmptyWithoutSchema.json'.
    (02:16:55.751) [Visual Studio Host (4596):TextEditorDocumentWindowTestExtension] Showing window 'EmptyWithoutSchema.json' without activating the window.
    (02:16:55.970) [Visual Studio Host (4596):TextEditorDocumentWindowTestExtension] Showing window 'EmptyWithoutSchema.json'.
    VerificationPass: (02:16:56.190) [Platform:Testcase] Verification passed: String content is equal: Expected '{ "valueString": "test" },', Actual '{ "valueString": "test" },'; &lt;ComparisonType: OrdinalIgnoreCase&gt;
    (02:16:56.363) [Visual Studio Host (4596):TextEditorDocumentWindowTestExtension] Showing window 'EmptyWithoutSchema.json' without activating the window.
    (02:16:56.517) [Visual Studio Host (4596):TextEditorDocumentWindowTestExtension] Showing window 'EmptyWithoutSchema.json'.
    (02:16:56.673) [Visual Studio Host (4596):VisualStudioCaretTestExtension] Moving the caret from (Ln: 6, Ch: 1) down '1' lines
    (02:16:56.814) [Visual Studio Host (4596):VisualStudioTextEditorTestExtension] Setting keyboard focus to editor 'EmptyWithoutSchema.json'.
    (02:16:56.954) [Visual Studio Host (4596):TextEditorDocumentWindowTestExtension] Showing window 'EmptyWithoutSchema.json' without activating the window.
    (02:16:57.126) [Visual Studio Host (4596):TextEditorDocumentWindowTestExtension] Showing window 'EmptyWithoutSchema.json'.
    VerificationPass: (02:16:57.329) [Platform:Testcase] Verification passed: String content is equal: Expected '"thing1:thing2"', Actual '"thing1:thing2"'; &lt;ComparisonType: OrdinalIgnoreCase&gt;
    (02:16:57.565) [Visual Studio Host (4596):TextEditorDocumentWindowTestExtension] Showing window 'EmptyWithoutSchema.json' without activating the window.
    (02:16:57.767) [Visual Studio Host (4596):TextEditorDocumentWindowTestExtension] Showing window 'EmptyWithoutSchema.json'.
    (02:16:57.970) [Visual Studio Host (4596):VisualStudioCaretTestExtension] Moving the caret from (Ln: 7, Ch: 1) down '1' lines
    (02:16:58.173) [Visual Studio Host (4596):VisualStudioTextEditorTestExtension] Setting keyboard focus to editor 'EmptyWithoutSchema.json'.
    (02:16:58.345) [Visual Studio Host (4596):TextEditorDocumentWindowTestExtension] Showing window 'EmptyWithoutSchema.json' without activating the window.
    (02:16:58.548) [Visual Studio Host (4596):TextEditorDocumentWindowTestExtension] Showing window 'EmptyWithoutSchema.json'.
    VerificationPass: (02:16:58.767) [Platform:Testcase] Verification passed: String content is equal: Expected ']', Actual ']'; &lt;ComparisonType: OrdinalIgnoreCase&gt;
    (02:16:58.986) [Visual Studio Host (4596):TextEditorDocumentWindowTestExtension] Showing window 'EmptyWithoutSchema.json' without activating the window.
    (02:16:59.189) [Visual Studio Host (4596):TextEditorDocumentWindowTestExtension] Showing window 'EmptyWithoutSchema.json'.
    (02:16:59.407) [Visual Studio Host (4596):VisualStudioCaretTestExtension] Moving the caret from (Ln: 8, Ch: 1) down '1' lines
    (02:16:59.595) [Visual Studio Host (4596):VisualStudioTextEditorTestExtension] Setting keyboard focus to editor 'EmptyWithoutSchema.json'.
    (02:16:59.735) [Visual Studio Host (4596):TextEditorDocumentWindowTestExtension] Showing window 'EmptyWithoutSchema.json' without activating the window.
    (02:16:59.907) [Visual Studio Host (4596):TextEditorDocumentWindowTestExtension] Showing window 'EmptyWithoutSchema.json'.
    VerificationPass: (02:17:00.079) [Platform:Testcase] Verification passed: String content is equal: Expected '}', Actual '}'; &lt;ComparisonType: OrdinalIgnoreCase&gt;
    (02:17:00.251) [Visual Studio Host (4596):TextEditorDocumentWindowTestExtension] Showing window 'EmptyWithoutSchema.json' without activating the window.
    (02:17:00.470) [Visual Studio Host (4596):TextEditorDocumentWindowTestExtension] Showing window 'EmptyWithoutSchema.json'.
    (02:17:00.657) [Visual Studio Host (4596):VisualStudioCaretTestExtension] Moving the caret from (Ln: 9, Ch: 1) down '1' lines
    (02:17:00.798) [Visual Studio Host (4596):VisualStudioTextEditorTestExtension] Setting keyboard focus to editor 'EmptyWithoutSchema.json'.
    (02:17:01.001) [Visual Studio Host (4596):TextEditorDocumentWindowTestExtension] Showing window 'EmptyWithoutSchema.json' without activating the window.
    (02:17:01.189) [Visual Studio Host (4596):TextEditorDocumentWindowTestExtension] Showing window 'EmptyWithoutSchema.json'.
    VerificationPass: (02:17:01.407) [Platform:Testcase] Verification passed: String content is equal: Expected ']', Actual ']'; &lt;ComparisonType: OrdinalIgnoreCase&gt;
    + ExternalProcessHostTest TestCleanup
        (02:17:01.782) [Visual Studio Host (4596):TextEditorDocumentWindowTestExtension] Closing window 'EmptyWithoutSchema.json'.
        (02:17:02.267) [Platform:Testcase] Test 'VSTest_JSON_PasteObjectLiteral_ArrayContent' has 'Passed' outcome. Therefore, Apex will not shut down the 'Visual Studio Host (4596)' with process ID '4596'. A subsequent test scenario will run on the same instance of the host.
    + Final Test Result Verification
        (02:17:02.954) [Platform:DelayedAssertionVerifierSink] Verification Success: 0 verification steps failed.
    + ApexTest TestCleanup</StdOut>
      </Output>
      <ResultFiles>
        <ResultFile path="WNVM19648\Fail.22wpw0oka5fs.png" />
        <ResultFile path="WNVM19648\Fail.24wtv1jnawc3.png" />
        <ResultFile path="WNVM19648\Fail.2dvw33g3abcx.png" />
        <ResultFile path="WNVM19648\Fail.2lws5epta1gw.png" />
        <ResultFile path="WNVM19648\Fail.2osatv43agzz.png" />
        <ResultFile path="WNVM19648\Fail.33ju4eduay3u.png" />
        <ResultFile path="WNVM19648\Fail.3poblbx4alvv.png" />
        <ResultFile path="WNVM19648\Fail.4p531ykxaqdb.png" />
        <ResultFile path="WNVM19648\Fail.5erbsz3aa4ay.png" />
        <ResultFile path="WNVM19648\Fail.ashpv3rjajjr.png" />
        <ResultFile path="WNVM19648\Fail.aswak04hapa5.png" />
        <ResultFile path="WNVM19648\Fail.azqsczivabnm.png" />
        <ResultFile path="WNVM19648\Fail.byuslv5baqsd.png" />
        <ResultFile path="WNVM19648\Fail.bz134qwyax2e.png" />
        <ResultFile path="WNVM19648\Fail.czhshhzmawco.png" />
        <ResultFile path="WNVM19648\Fail.ek4tb3wmalyl.png" />
        <ResultFile path="WNVM19648\Fail.hxi2cahnapy2.png" />
        <ResultFile path="WNVM19648\Fail.ig2gsfz5ad1y.png" />
        <ResultFile path="WNVM19648\Fail.iymeazuqablz.png" />
        <ResultFile path="WNVM19648\Fail.jpga4adlarrf.png" />
        <ResultFile path="WNVM19648\Fail.kfb5og41ajlt.png" />
        <ResultFile path="WNVM19648\Fail.kp4fcfcpa5bw.png" />
        <ResultFile path="WNVM19648\Fail.kxs1ersmaxma.png" />
        <ResultFile path="WNVM19648\Fail.lbyrcmqbastb.png" />
        <ResultFile path="WNVM19648\Fail.loc0xhl5a2hr.png" />
        <ResultFile path="WNVM19648\Fail.lthgvalfaxfr.png" />
        <ResultFile path="WNVM19648\Fail.mazsob3aamsp.png" />
        <ResultFile path="WNVM19648\Fail.n13clx4iaowv.png" />
        <ResultFile path="WNVM19648\Fail.n3c2bmltan5e.png" />
        <ResultFile path="WNVM19648\Fail.o4kkrjboasbk.png" />
        <ResultFile path="WNVM19648\Fail.o5zf0zepaw0l.png" />
        <ResultFile path="WNVM19648\Fail.pdo2mhdtanq2.png" />
        <ResultFile path="WNVM19648\Fail.pprwzak1ac5h.png" />
        <ResultFile path="WNVM19648\Fail.qagtqbftat3h.png" />
        <ResultFile path="WNVM19648\Fail.qbnuydioazjy.png" />
        <ResultFile path="WNVM19648\Fail.raasvsmeanc1.png" />
        <ResultFile path="WNVM19648\Fail.rymman3va50a.png" />
        <ResultFile path="WNVM19648\Fail.sidku4gxamg4.png" />
        <ResultFile path="WNVM19648\Fail.swwzdfhraz25.png" />
        <ResultFile path="WNVM19648\Fail.t4yj0fxuatil.png" />
        <ResultFile path="WNVM19648\Fail.v0ywfcwsa23p.png" />
        <ResultFile path="WNVM19648\Fail.vjqtiv2zaclz.png" />
        <ResultFile path="WNVM19648\Fail.wiz4mofdavag.png" />
        <ResultFile path="WNVM19648\Fail.xasrdkzvaogc.png" />
        <ResultFile path="WNVM19648\Fail.yd3ferxiaq1c.png" />
        <ResultFile path="WNVM19648\Fail.z10rn0n5ajdm.png" />
        <ResultFile path="WNVM19648\Fail.z2gelfy0aa1q.png" />
        <ResultFile path="WNVM19648\Fail.zpuouf2fa0ib.png" />
        <ResultFile path="WNVM19648\OmniLog.html" />
        <ResultFile path="WNVM19648\OmniLogRawXml.xml" />
      </ResultFiles>
    </UnitTestResult>
    <UnitTestResult executionId="6cf2eda1-4f3b-460f-bcdd-b1dab024c06d" testId="36913fb5-3969-94e5-ee9a-0c51efb3d0e6" testName="VSTest_JSON_SchemaValidation_ReloadSchemas" computerName="WNVM19648" duration="00:12:51.7049031" startTime="2018-04-17T02:00:14.2885552-07:00" endTime="2018-04-17T02:13:05.9934583-07:00" testType="13cdc9d9-ddb5-4fa4-a97d-d965ccfc6d4b" outcome="Failed" testListId="8c84fa94-04c1-424b-9868-57a2d4851a1d" relativeResultsDirectory="6cf2eda1-4f3b-460f-bcdd-b1dab024c06d">
      <Output>
        <StdOut>+ SchemaValidation::VSTest_JSON_SchemaValidation_ReloadSchemas
    + ApexTest TestInitialize
    + ExternalProcessHostTest TestInitialize
        (02:01:56.225) [Visual Studio Host (9768):RoamingSettingsService] Disabling roaming settings.
        (02:01:56.379) [Visual Studio Host (9768):SettingsService] Setting Visual Studio option 'Environment\RoamingSettings\RoamingEnabled' to 'False'.
        (02:01:56.817) [Visual Studio Host (9768):TextEditorDocumentWindowTestExtension] Showing window 'EmptyWithSchema.json' without activating the window.
        (02:01:56.991) [Visual Studio Host (9768):TextEditorDocumentWindowTestExtension] Showing window 'EmptyWithSchema.json'.
        (02:01:57.176) [Visual Studio Host (9768):VisualStudioTextEditorTestExtension] Setting keyboard focus to editor 'EmptyWithSchema.json'.
        (02:01:57.336) [Visual Studio Host (9768):SettingsService] Getting value of Visual Studio Setting 'TextEditor\JSON\IndentSize'. 
        (02:01:57.490) [Visual Studio Host (9768):SettingsService] Setting Visual Studio option 'TextEditor\JSON\IndentSize' to '4'.
        (02:01:57.682) [Visual Studio Host (9768):SettingsService] Getting value of Visual Studio Setting 'TextEditor\JSON\TabSize'. 
        (02:01:57.985) [Visual Studio Host (9768):SettingsService] Setting Visual Studio option 'TextEditor\JSON\TabSize' to '4'.
        (02:01:58.210) [Visual Studio Host (9768):SettingsService] Getting value of Visual Studio Setting 'TextEditor\JSON\IndentStyle'. 
        (02:01:58.523) [Visual Studio Host (9768):SettingsService] Setting Visual Studio option 'TextEditor\JSON\IndentStyle' to '1'.
        (02:01:58.687) [Visual Studio Host (9768):MainWindowService] Activating main window to bring it to the foreground.
        (02:01:58.970) [Visual Studio Host (9768):MainWindowService] Setting main window state to 'Maximized'.
    (02:01:59.312) [Visual Studio Host (9768):TextEditorDocumentWindowTestExtension] Showing window 'EmptyWithSchema.json' without activating the window.
    (02:01:59.463) [Visual Studio Host (9768):TextEditorDocumentWindowTestExtension] Showing window 'EmptyWithSchema.json'.
    (02:01:59.626) [Visual Studio Host (9768):VisualStudioCaretTestExtension] Moving the caret to '' at (Ln: 2, Ch: 29) based on a regular expression.  Expression = ",()" [group index '1', match index '1', options 'Singleline, CultureInvariant']
    (02:01:59.783) [Visual Studio Host (9768):TextEditorDocumentWindowTestExtension] Showing window 'EmptyWithSchema.json' without activating the window.
    (02:01:59.948) [Visual Studio Host (9768):TextEditorDocumentWindowTestExtension] Showing window 'EmptyWithSchema.json'.
    (02:02:00.108) [Visual Studio Host (9768):KeyboardCommands] Sending the Return key 1 times.
    (02:02:00.288) [Visual Studio Host (9768):TextEditorDocumentWindowTestExtension] Showing window 'EmptyWithSchema.json' without activating the window.
    (02:02:00.468) [Visual Studio Host (9768):TextEditorDocumentWindowTestExtension] Showing window 'EmptyWithSchema.json'.
    (02:02:00.679) [Visual Studio Host (9768):VisualStudioTextEditingActions] Inserting text: '"myInteger": 3.14' at the current caret position: '(Ln: 3, Ch: 3)'
    (02:02:01.474) [Visual Studio Host (9768):TextEditorDocumentWindowTestExtension] Showing window 'EmptyWithSchema.json' without activating the window.
    (02:02:01.636) [Visual Studio Host (9768):TextEditorDocumentWindowTestExtension] Showing window 'EmptyWithSchema.json'.
    (02:02:24.406) [Platform:Microsoft.Test.Apex.Services.ScreenshotService] Took a screenshot for category '' and saved as 'C:\TestBin\IntegrationTests\TestResults\2018_04_16_23_55_50\VSTest_JSON_SuggestedActions_Bower_UninstallBehavior_Timedout.jpg'.
    Error: (02:02:24.821) [Platform:Testcase] Test method Microsoft.VisualStudio.Web.Editors.IntegrationTests.JSON.SchemaValidation.VSTest_JSON_SchemaValidation_ReloadSchemas threw exception. System.Runtime.Remoting.RemotingException: Failed to read from an IPC Port: The pipe has been ended.

   at Microsoft.VisualStudio.Web.Common.TestAdapter.ParameterizedTests.ReflectionUtilities.InvokeMethod(Object targetObject, MethodInfo method, Object[] methodArguments, String exceptionMessageFormat) in D:\dd\WTE\Main\test\Common\TestAdapter\ParameterizedTests\ReflectionUtilities.cs:line 190
   at Microsoft.VisualStudio.Web.Common.TestAdapter.ParameterizedTests.TestMethodInfo.Invoke(Object testObject, TestExecutionContext context) in D:\dd\WTE\Main\test\Common\TestAdapter\ParameterizedTests\TestMethodInfo.cs:line 64
    + ExternalProcessHostTest TestCleanup
        (02:02:28.806) [Platform:VenusHost] Compose Batch: 00:00:03.0900449
        (02:03:22.570) [Platform:Microsoft.Test.Apex.Services.ScreenshotService] Took a screenshot for category '' and saved as 'C:\TestBin\IntegrationTests\TestResults\2018_04_16_23_55_50\VSTest_JSON_SchemaValidation_FixBasicValidationErrors_Timedout.jpg'.
        (02:14:19.170) [Platform:VenusHost] Host Process is being started. Executable = 'C:\Program Files (x86)\Microsoft Visual Studio\Preview\Enterprise\Common7\IDE\devenv.exe'.
        (02:14:19.321) [Platform:VenusHost] Host Process is being started. Executable = 'C:\Program Files (x86)\Microsoft Visual Studio\Preview\Enterprise\Common7\IDE\devenv.exe'.
        (02:14:19.417) [Platform:VenusHost] Host Process is started. PID = 10448.
        (02:14:19.621) [Platform:VenusHost] Host Process is being started. Executable = 'C:\Program Files (x86)\Microsoft Visual Studio\Preview\Enterprise\Common7\IDE\devenv.exe'.
        (02:14:19.631) [Platform:VenusHost] Host Process is started. PID = 13248.
        (02:14:19.820) [Platform:VenusHost] Host process 'devenv' (id: 13248) is now idle/ready.
        (02:14:19.910) [Platform:VenusHost] Host Process is started. PID = 4596.
        (02:14:20.938) [Platform:VenusHost] Host process 'devenv' (id: 4596) is now idle/ready.
        Error: (02:14:24.391) [Platform:DumpCollectorService] A dump file for the 'devenv' process has been written to the following location 'C:\Users\fwtlabb\AppData\Local\Temp\Dumps\devenv_4596.dmp'.
        Error: (02:14:25.104) [Platform:DumpCollectorService] A dump file for the 'devenv' process has been written to the following location 'C:\Users\fwtlabb\AppData\Local\Temp\Dumps\devenv_4596_1.dmp'.
        (02:14:31.931) [Platform:Microsoft.Test.Apex.Hosts.Services.RemoteServiceInitializer] Using remote code injector service 'RemoteCodeInjectorService' for the operation 'ManagedAuto'.
        + Visual Studio Host Creation
            (02:14:44.013) [Platform:Testcase] Target Executable: 'C:\Program Files (x86)\Microsoft Visual Studio\Preview\Enterprise\Common7\IDE\devenv.exe'.
            (02:14:44.218) [Platform:Testcase] Process Id: '4596'.
            (02:14:44.393) [Platform:Testcase] UI Culture: 'English (United States)'.
            (02:14:44.599) [Platform:Testcase] Build Number: '15.0.27615'.
        (02:14:45.123) [Visual Studio Host (4596):MainWindowService] Setting main window state to 'Maximized'.
        (02:14:45.371) [Visual Studio Host (4596):MainWindowService] Activating main window to bring it to the foreground.
    + Final Test Result Verification
        (02:14:46.003) [Platform:DelayedAssertionVerifierSink] Verification Success: 0 verification steps failed.
    + ApexTest TestCleanup</StdOut>
        <ErrorInfo>
          <Message>Test method Microsoft.VisualStudio.Web.Editors.IntegrationTests.JSON.SchemaValidation.VSTest_JSON_SchemaValidation_ReloadSchemas threw exception. System.Runtime.Remoting.RemotingException: Failed to read from an IPC Port: The pipe has been ended.
</Message>
          <StackTrace>
Server stack trace: 
   at System.Runtime.Remoting.Channels.Ipc.IpcPort.Read(Byte[] data, Int32 offset, Int32 length)
   at System.Runtime.Remoting.Channels.Ipc.PipeStream.Read(Byte[] buffer, Int32 offset, Int32 size)
   at System.Runtime.Remoting.Channels.SocketHandler.ReadFromSocket(Byte[] buffer, Int32 offset, Int32 count)
   at System.Runtime.Remoting.Channels.SocketHandler.Read(Byte[] buffer, Int32 offset, Int32 count)
   at System.Runtime.Remoting.Channels.SocketHandler.ReadAndMatchFourBytes(Byte[] buffer)
   at System.Runtime.Remoting.Channels.Tcp.TcpSocketHandler.ReadAndMatchPreamble()
   at System.Runtime.Remoting.Channels.Tcp.TcpSocketHandler.ReadVersionAndOperation(UInt16&amp; operation)
   at System.Runtime.Remoting.Channels.Ipc.IpcClientHandler.ReadHeaders()
   at System.Runtime.Remoting.Channels.Ipc.IpcClientTransportSink.ProcessMessage(IMessage msg, ITransportHeaders requestHeaders, Stream requestStream, ITransportHeaders&amp; responseHeaders, Stream&amp; responseStream)
   at System.Runtime.Remoting.Channels.BinaryClientFormatterSink.SyncProcessMessage(IMessage msg)

Exception rethrown at [0]: 
   at System.Runtime.Remoting.Proxies.RealProxy.HandleReturnMessage(IMessage reqMsg, IMessage retMsg)
   at System.Runtime.Remoting.Proxies.RealProxy.PrivateInvoke(MessageData&amp; msgData, Int32 type)
   at Microsoft.Test.Apex.VisualStudio.Shell.TextEditorDocumentWindowTestExtension.get_Editor()
   at Microsoft.VisualStudio.Web.Common.TestServices.VisualStudioHostWebTest.get_Editor() in D:\dd\WTE\Main\test\Common\TestServices\Apex\VisualStudioHostWebTest.cs:line 639
   at Microsoft.VisualStudio.Web.Editors.IntegrationTests.JSON.SchemaValidation.VSTest_JSON_SchemaValidation_ReloadSchemas() in D:\dd\WTE\Main\test\Editors\IntegrationTests\JSON\SchemaValidation.cs:line 150</StackTrace>
        </ErrorInfo>
      </Output>
      <ResultFiles>
        <ResultFile path="WNVM19648\Fail.22wpw0oka5fs.png" />
        <ResultFile path="WNVM19648\Fail.24wtv1jnawc3.png" />
        <ResultFile path="WNVM19648\Fail.2dvw33g3abcx.png" />
        <ResultFile path="WNVM19648\Fail.2lws5epta1gw.png" />
        <ResultFile path="WNVM19648\Fail.2osatv43agzz.png" />
        <ResultFile path="WNVM19648\Fail.33ju4eduay3u.png" />
        <ResultFile path="WNVM19648\Fail.3poblbx4alvv.png" />
        <ResultFile path="WNVM19648\Fail.4p531ykxaqdb.png" />
        <ResultFile path="WNVM19648\Fail.5erbsz3aa4ay.png" />
        <ResultFile path="WNVM19648\Fail.ashpv3rjajjr.png" />
        <ResultFile path="WNVM19648\Fail.aswak04hapa5.png" />
        <ResultFile path="WNVM19648\Fail.azqsczivabnm.png" />
        <ResultFile path="WNVM19648\Fail.byuslv5baqsd.png" />
        <ResultFile path="WNVM19648\Fail.bz134qwyax2e.png" />
        <ResultFile path="WNVM19648\Fail.czhshhzmawco.png" />
        <ResultFile path="WNVM19648\Fail.ek4tb3wmalyl.png" />
        <ResultFile path="WNVM19648\Fail.hxi2cahnapy2.png" />
        <ResultFile path="WNVM19648\Fail.ig2gsfz5ad1y.png" />
        <ResultFile path="WNVM19648\Fail.iymeazuqablz.png" />
        <ResultFile path="WNVM19648\Fail.jpga4adlarrf.png" />
        <ResultFile path="WNVM19648\Fail.kfb5og41ajlt.png" />
        <ResultFile path="WNVM19648\Fail.kp4fcfcpa5bw.png" />
        <ResultFile path="WNVM19648\Fail.kxs1ersmaxma.png" />
        <ResultFile path="WNVM19648\Fail.lbyrcmqbastb.png" />
        <ResultFile path="WNVM19648\Fail.loc0xhl5a2hr.png" />
        <ResultFile path="WNVM19648\Fail.lthgvalfaxfr.png" />
        <ResultFile path="WNVM19648\Fail.mazsob3aamsp.png" />
        <ResultFile path="WNVM19648\Fail.n13clx4iaowv.png" />
        <ResultFile path="WNVM19648\Fail.n3c2bmltan5e.png" />
        <ResultFile path="WNVM19648\Fail.o4kkrjboasbk.png" />
        <ResultFile path="WNVM19648\Fail.o5zf0zepaw0l.png" />
        <ResultFile path="WNVM19648\Fail.pdo2mhdtanq2.png" />
        <ResultFile path="WNVM19648\Fail.pprwzak1ac5h.png" />
        <ResultFile path="WNVM19648\Fail.qagtqbftat3h.png" />
        <ResultFile path="WNVM19648\Fail.qbnuydioazjy.png" />
        <ResultFile path="WNVM19648\Fail.raasvsmeanc1.png" />
        <ResultFile path="WNVM19648\Fail.rymman3va50a.png" />
        <ResultFile path="WNVM19648\Fail.sidku4gxamg4.png" />
        <ResultFile path="WNVM19648\Fail.swwzdfhraz25.png" />
        <ResultFile path="WNVM19648\Fail.t4yj0fxuatil.png" />
        <ResultFile path="WNVM19648\Fail.v0ywfcwsa23p.png" />
        <ResultFile path="WNVM19648\Fail.vjqtiv2zaclz.png" />
        <ResultFile path="WNVM19648\Fail.wiz4mofdavag.png" />
        <ResultFile path="WNVM19648\Fail.xasrdkzvaogc.png" />
        <ResultFile path="WNVM19648\Fail.yd3ferxiaq1c.png" />
        <ResultFile path="WNVM19648\Fail.z10rn0n5ajdm.png" />
        <ResultFile path="WNVM19648\Fail.z2gelfy0aa1q.png" />
        <ResultFile path="WNVM19648\Fail.zpuouf2fa0ib.png" />
        <ResultFile path="WNVM19648\Failure.jpg" />
        <ResultFile path="WNVM19648\Failure[1].jpg" />
        <ResultFile path="WNVM19648\OmniLog.html" />
        <ResultFile path="WNVM19648\OmniLogRawXml.xml" />
        <ResultFile path="WNVM19648\VSTest_BowerIntelliSenseTests_CaseSensitivity_Timedout.jpg" />
        <ResultFile path="WNVM19648\VSTest_BowerIntelliSenseTests_CaseSensitivity_Timedout[1].jpg" />
        <ResultFile path="WNVM19648\VSTest_BowerIntelliSenseTests_End_To_End_Timedout.jpg" />
        <ResultFile path="WNVM19648\VSTest_BowerIntelliSenseTests_End_To_End_Timedout[1].jpg" />
        <ResultFile path="WNVM19648\VSTest_BowerIntelliSenseTests_UnavailableVersion_Timedout.jpg" />
        <ResultFile path="WNVM19648\VSTest_BowerIntelliSenseTests_UnavailableVersion_Timedout[1].jpg" />
        <ResultFile path="WNVM19648\VSTest_Generate_AttrModel_Methods_WAP_Code_Behind_CS_Timedout.jpg" />
        <ResultFile path="WNVM19648\VSTest_Generate_AttrModel_Methods_WAP_Code_Behind_CS_Timedout[1].jpg" />
        <ResultFile path="WNVM19648\VSTest_HitBreakpointAndEditInCSHtml_Timedout.jpg" />
        <ResultFile path="WNVM19648\VSTest_HitBreakpointAndEditInCSHtml_Timedout[1].jpg" />
        <ResultFile path="WNVM19648\VSTest_Html_Drag_Drop_JavascriptFile_Timedout.jpg" />
        <ResultFile path="WNVM19648\VSTest_Html_Drag_Drop_JavascriptFile_Timedout[1].jpg" />
        <ResultFile path="WNVM19648\VSTest_JSON_AutoStructureWithExistingComma_Timedout.jpg" />
        <ResultFile path="WNVM19648\VSTest_JSON_AutoStructureWithExistingComma_Timedout[1].jpg" />
        <ResultFile path="WNVM19648\VSTest_JSON_SchemaValidation_FixBasicValidationErrors_Timedout.jpg" />
        <ResultFile path="WNVM19648\VSTest_JSON_Schema_CatalogReload_Timedout.jpg" />
        <ResultFile path="WNVM19648\VSTest_JSON_Schema_CatalogReload_Timedout[1].jpg" />
        <ResultFile path="WNVM19648\VSTest_JSON_Schema_Catalog_Timedout.jpg" />
        <ResultFile path="WNVM19648\VSTest_JSON_Schema_Catalog_Timedout[1].jpg" />
        <ResultFile path="WNVM19648\VSTest_JSON_SuggestedActions_Bower_UninstallBehavior_Timedout.jpg" />
        <ResultFile path="WNVM19648\VSTest_JSON_SuggestedActions_Bower_UninstallBehavior_Timedout[1].jpg" />
        <ResultFile path="WNVM19648\VSTest_JSON_SuggestedActions_SortProperties_IsPresent_Timedout.jpg" />
        <ResultFile path="WNVM19648\VSTest_JSON_SuggestedActions_SortProperties_IsPresent_Timedout[1].jpg" />
        <ResultFile path="WNVM19648\VSTest_NPMIntelliSenseTests_End_To_End_Timedout.jpg" />
        <ResultFile path="WNVM19648\VSTest_NPMIntelliSenseTests_End_To_End_Timedout[1].jpg" />
        <ResultFile path="WNVM19648\VSTest_NPM_Completion_ScopedPackage_Timedout.jpg" />
        <ResultFile path="WNVM19648\VSTest_NPM_Completion_ScopedPackage_Timedout[1].jpg" />
        <ResultFile path="WNVM19648\VSTest_NPM_NavigateToHomepage_Timedout.jpg" />
        <ResultFile path="WNVM19648\VSTest_NPM_NavigateToHomepage_Timedout[1].jpg" />
        <ResultFile path="WNVM19648\VSTest_Parser_PTagTest_Timedout.jpg" />
        <ResultFile path="WNVM19648\VSTest_Parser_PTagTest_Timedout[1].jpg" />
        <ResultFile path="WNVM19648\VSTest_Razor_TagHelpers_OptOut_Timedout.jpg" />
        <ResultFile path="WNVM19648\VSTest_Razor_TagHelpers_OptOut_Timedout[1].jpg" />
        <ResultFile path="WNVM19648\VSTest_Razor_TagHelpers_Update_CS_File_And_Build_Timedout.jpg" />
        <ResultFile path="WNVM19648\VSTest_Razor_TagHelpers_Update_CS_File_And_Build_Timedout[1].jpg" />
        <ResultFile path="WNVM19648\VSTest_Script_Completion_Top_Level_Timedout.jpg" />
        <ResultFile path="WNVM19648\VSTest_Script_Completion_Top_Level_Timedout[1].jpg" />
        <ResultFile path="WNVM19648\VSTest_SmartIndentInJSInRazorV4_Timedout.jpg" />
        <ResultFile path="WNVM19648\VSTest_SmartIndentInJSInRazorV4_Timedout[1].jpg" />
      </ResultFiles>
    </UnitTestResult>
    <UnitTestResult executionId="f48da579-85ad-4157-b34d-f46ead9c3327" testId="2a09fbc3-73ae-6cd0-95e1-ffc0223a5eb9" testName="VSTest_NonTypeThrough_HTML" computerName="WNVM19648" duration="00:00:04.1577896" startTime="2018-04-17T00:32:46.4514522-07:00" endTime="2018-04-17T00:32:50.6092418-07:00" testType="13cdc9d9-ddb5-4fa4-a97d-d965ccfc6d4b" outcome="Passed" testListId="8c84fa94-04c1-424b-9868-57a2d4851a1d" relativeResultsDirectory="f48da579-85ad-4157-b34d-f46ead9c3327">
      <Output>
        <StdOut>+ TypingThroughTests::VSTest_NonTypeThrough_HTML
    + ApexTest TestInitialize
    + ExternalProcessHostTest TestInitialize
        (34:27.817) [Visual Studio Host (11564):RoamingSettingsService] Disabling roaming settings.
        (34:27.872) [Visual Studio Host (11564):SettingsService] Setting Visual Studio option 'Environment\RoamingSettings\RoamingEnabled' to 'False'.
        (34:28.168) [Visual Studio Host (11564):TextEditorDocumentWindowTestExtension] Showing window 'Empty.html' without activating the window.
        (34:28.249) [Visual Studio Host (11564):TextEditorDocumentWindowTestExtension] Showing window 'Empty.html'.
        (34:28.367) [Visual Studio Host (11564):VisualStudioTextEditorTestExtension] Setting keyboard focus to editor 'Empty.html'.
        (34:28.427) [Visual Studio Host (11564):MainWindowService] Activating main window to bring it to the foreground.
        (34:28.500) [Visual Studio Host (11564):MainWindowService] Setting main window state to 'Maximized'.
    (34:28.669) [Visual Studio Host (11564):TextEditorDocumentWindowTestExtension] Showing window 'Empty.html' without activating the window.
    (34:28.742) [Visual Studio Host (11564):TextEditorDocumentWindowTestExtension] Showing window 'Empty.html'.
    (34:28.814) [Visual Studio Host (11564):VisualStudioCaretTestExtension] Moving the caret from (Ln: 1, Ch: 1) to (Ln: 7, Ch: 5)
    (34:28.887) [Visual Studio Host (11564):TextEditorDocumentWindowTestExtension] Showing window 'Empty.html' without activating the window.
    (34:28.949) [Visual Studio Host (11564):TextEditorDocumentWindowTestExtension] Showing window 'Empty.html'.
    (34:29.010) [Visual Studio Host (11564):VisualStudioTextEditingActions] Inserting text: '{{mustache' at the current caret position: '(Ln: 7, Ch: 5)'
    (34:29.119) [Visual Studio Host (11564):TextEditorDocumentWindowTestExtension] Showing window 'Empty.html' without activating the window.
    (34:29.184) [Visual Studio Host (11564):TextEditorDocumentWindowTestExtension] Showing window 'Empty.html'.
    (34:29.262) [Visual Studio Host (11564):TextEditorDocumentWindowTestExtension] Showing window 'Empty.html' without activating the window.
    (34:29.333) [Visual Studio Host (11564):TextEditorDocumentWindowTestExtension] Showing window 'Empty.html'.
    (34:29.404) [Visual Studio Host (11564):VisualStudioCaretTestExtension] Moving the caret to '' at (Ln: 7, Ch: 5) based on a regular expression.  Expression = "(){{mustache}}" [group index '1', match index '1', options 'Singleline, CultureInvariant']
    (34:29.485) [Visual Studio Host (11564):TextEditorDocumentWindowTestExtension] Showing window 'Empty.html' without activating the window.
    (34:29.580) [Visual Studio Host (11564):TextEditorDocumentWindowTestExtension] Showing window 'Empty.html'.
    (34:29.662) [Visual Studio Host (11564):VisualStudioTextEditingActions] Inserting text: '{}' at the current caret position: '(Ln: 7, Ch: 5)'
    (34:29.737) [Visual Studio Host (11564):TextEditorDocumentWindowTestExtension] Showing window 'Empty.html' without activating the window.
    (34:29.797) [Visual Studio Host (11564):TextEditorDocumentWindowTestExtension] Showing window 'Empty.html'.
    (34:29.868) [Visual Studio Host (11564):VisualStudioCaretTestExtension] Moving the caret to '' at (Ln: 7, Ch: 9) based on a regular expression.  Expression = "{{()mustache}}" [group index '1', match index '1', options 'Singleline, CultureInvariant']
    (34:29.928) [Visual Studio Host (11564):TextEditorDocumentWindowTestExtension] Showing window 'Empty.html' without activating the window.
    (34:29.983) [Visual Studio Host (11564):TextEditorDocumentWindowTestExtension] Showing window 'Empty.html'.
    (34:30.053) [Visual Studio Host (11564):VisualStudioTextEditingActions] Inserting text: '"' at the current caret position: '(Ln: 7, Ch: 9)'
    (34:30.121) [Visual Studio Host (11564):TextEditorDocumentWindowTestExtension] Showing window 'Empty.html' without activating the window.
    (34:30.199) [Visual Studio Host (11564):TextEditorDocumentWindowTestExtension] Showing window 'Empty.html'.
    (34:30.291) [Visual Studio Host (11564):VisualStudioCaretTestExtension] Moving the caret to '' at (Ln: 7, Ch: 18) based on a regular expression.  Expression = "{{"mustache()}}" [group index '1', match index '1', options 'Singleline, CultureInvariant']
    (34:30.370) [Visual Studio Host (11564):TextEditorDocumentWindowTestExtension] Showing window 'Empty.html' without activating the window.
    (34:30.440) [Visual Studio Host (11564):TextEditorDocumentWindowTestExtension] Showing window 'Empty.html'.
    (34:30.515) [Visual Studio Host (11564):VisualStudioTextEditingActions] Inserting text: '"' at the current caret position: '(Ln: 7, Ch: 18)'
    (34:30.597) [Visual Studio Host (11564):TextEditorDocumentWindowTestExtension] Showing window 'Empty.html' without activating the window.
    (34:30.676) [Visual Studio Host (11564):TextEditorDocumentWindowTestExtension] Showing window 'Empty.html'.
    (34:30.766) [Visual Studio Host (11564):TextEditorDocumentWindowTestExtension] Showing window 'Empty.html' without activating the window.
    (34:30.860) [Visual Studio Host (11564):TextEditorDocumentWindowTestExtension] Showing window 'Empty.html'.
    + ExternalProcessHostTest TestCleanup
        (34:30.996) [Visual Studio Host (11564):TextEditorDocumentWindowTestExtension] Closing window 'Empty.html'.
        (34:31.187) [Platform:Testcase] Test 'VSTest_NonTypeThrough_HTML' has 'Passed' outcome. Therefore, Apex will not shut down the 'Visual Studio Host (11564)' with process ID '11564'. A subsequent test scenario will run on the same instance of the host.
    + Final Test Result Verification
        (34:31.392) [Platform:DelayedAssertionVerifierSink] Verification Success: 0 verification steps failed.
    + ApexTest TestCleanup</StdOut>
      </Output>
      <ResultFiles>
        <ResultFile path="WNVM19648\Fail.azqsczivabnm.png" />
        <ResultFile path="WNVM19648\Fail.ig2gsfz5ad1y.png" />
        <ResultFile path="WNVM19648\Fail.o5zf0zepaw0l.png" />
        <ResultFile path="WNVM19648\OmniLog.html" />
        <ResultFile path="WNVM19648\OmniLogRawXml.xml" />
      </ResultFiles>
    </UnitTestResult>
    <UnitTestResult executionId="91c66d41-91f9-43a3-8c59-e79cdb249b33" testId="ed3e59ee-6489-ed30-9052-e766995cd7be" testName="VSTest_CSS_Encoding_GB18030" computerName="WNVM19648" duration="00:00:02.6323555" startTime="2018-04-17T00:28:50.6611129-07:00" endTime="2018-04-17T00:28:53.2934684-07:00" testType="13cdc9d9-ddb5-4fa4-a97d-d965ccfc6d4b" outcome="Passed" testListId="8c84fa94-04c1-424b-9868-57a2d4851a1d" relativeResultsDirectory="91c66d41-91f9-43a3-8c59-e79cdb249b33">
      <Output>
        <StdOut>+ CssEncodingTests::VSTest_CSS_Encoding_GB18030
    + ApexTest TestInitialize
    + ExternalProcessHostTest TestInitialize
        (30:32.014) [Visual Studio Host (11564):RoamingSettingsService] Disabling roaming settings.
        (30:32.062) [Visual Studio Host (11564):SettingsService] Setting Visual Studio option 'Environment\RoamingSettings\RoamingEnabled' to 'False'.
        (30:32.973) [Visual Studio Host (11564):TextEditorDocumentWindowTestExtension] Showing window 'gb18030.css' without activating the window.
        (30:33.095) [Visual Studio Host (11564):TextEditorDocumentWindowTestExtension] Showing window 'gb18030.css'.
        (30:33.190) [Visual Studio Host (11564):VisualStudioTextEditorTestExtension] Setting keyboard focus to editor 'gb18030.css'.
        (30:33.260) [Visual Studio Host (11564):MainWindowService] Activating main window to bring it to the foreground.
        (30:33.341) [Visual Studio Host (11564):MainWindowService] Setting main window state to 'Maximized'.
    (30:33.475) [Visual Studio Host (11564):TextEditorDocumentWindowTestExtension] Showing window 'gb18030.css' without activating the window.
    (30:33.535) [Visual Studio Host (11564):TextEditorDocumentWindowTestExtension] Showing window 'gb18030.css'.
    + ExternalProcessHostTest TestCleanup
        (30:33.686) [Visual Studio Host (11564):TextEditorDocumentWindowTestExtension] Closing window 'gb18030.css'.
        (30:33.880) [Platform:Testcase] Test 'VSTest_CSS_Encoding_GB18030' has 'Passed' outcome. Therefore, Apex will not shut down the 'Visual Studio Host (11564)' with process ID '11564'. A subsequent test scenario will run on the same instance of the host.
    + Final Test Result Verification
        (30:34.112) [Platform:DelayedAssertionVerifierSink] Verification Success: 0 verification steps failed.
    + ApexTest TestCleanup</StdOut>
      </Output>
      <ResultFiles>
        <ResultFile path="WNVM19648\Fail.azqsczivabnm.png" />
        <ResultFile path="WNVM19648\Fail.ig2gsfz5ad1y.png" />
        <ResultFile path="WNVM19648\Fail.o5zf0zepaw0l.png" />
        <ResultFile path="WNVM19648\OmniLog.html" />
        <ResultFile path="WNVM19648\OmniLogRawXml.xml" />
      </ResultFiles>
    </UnitTestResult>
    <UnitTestResult executionId="05cef6f0-e35b-4ba2-bfa5-0b39bb60d957" testId="aaf98edc-d6ab-2ec5-a742-bc3b35ab5c7c" testName="VSTest_JSON_Comments" computerName="WNVM19648" duration="00:00:06.6002927" startTime="2018-04-17T00:21:29.8470520-07:00" endTime="2018-04-17T00:21:36.4473447-07:00" testType="13cdc9d9-ddb5-4fa4-a97d-d965ccfc6d4b" outcome="Passed" testListId="8c84fa94-04c1-424b-9868-57a2d4851a1d" relativeResultsDirectory="05cef6f0-e35b-4ba2-bfa5-0b39bb60d957">
      <Output>
        <StdOut>+ CommentsTests::VSTest_JSON_Comments
    + ApexTest TestInitialize
    + ExternalProcessHostTest TestInitialize
        (23:11.208) [Visual Studio Host (11564):RoamingSettingsService] Disabling roaming settings.
        (23:11.252) [Visual Studio Host (11564):SettingsService] Setting Visual Studio option 'Environment\RoamingSettings\RoamingEnabled' to 'False'.
        (23:11.544) [Visual Studio Host (11564):TextEditorDocumentWindowTestExtension] Showing window 'Content.json' without activating the window.
        (23:11.628) [Visual Studio Host (11564):TextEditorDocumentWindowTestExtension] Showing window 'Content.json'.
        (23:11.696) [Visual Studio Host (11564):VisualStudioTextEditorTestExtension] Setting keyboard focus to editor 'Content.json'.
        (23:11.752) [Visual Studio Host (11564):MainWindowService] Activating main window to bring it to the foreground.
        (23:11.816) [Visual Studio Host (11564):MainWindowService] Setting main window state to 'Maximized'.
    (23:11.930) [Visual Studio Host (11564):TextEditorDocumentWindowTestExtension] Showing window 'Content.json' without activating the window.
    (23:11.994) [Visual Studio Host (11564):TextEditorDocumentWindowTestExtension] Showing window 'Content.json'.
    (23:12.064) [Visual Studio Host (11564):VisualStudioCaretTestExtension] Moving the caret and selecting the range from (Ln: 4, Ch: 16) to (Ln: 4, Ch: 16) based on a regular expression.  Expression = "()array" [group index '1', match index '1', options 'Singleline, CultureInvariant']
    (23:12.129) [Visual Studio Host (11564):TextEditorDocumentWindowTestExtension] Showing window 'Content.json' without activating the window.
    (23:12.198) [Visual Studio Host (11564):TextEditorDocumentWindowTestExtension] Showing window 'Content.json'.
    (23:12.271) [Visual Studio Host (11564):TextEditorDocumentWindowTestExtension] Showing window 'Content.json' without activating the window.
    (23:12.346) [Visual Studio Host (11564):TextEditorDocumentWindowTestExtension] Showing window 'Content.json'.
    (23:12.434) [Visual Studio Host (11564):TextEditorDocumentWindowTestExtension] Showing window 'Content.json' without activating the window.
    (23:12.486) [Visual Studio Host (11564):TextEditorDocumentWindowTestExtension] Showing window 'Content.json'.
    (23:12.554) [Visual Studio Host (11564):TextEditorDocumentWindowTestExtension] Showing window 'Content.json' without activating the window.
    (23:12.625) [Visual Studio Host (11564):TextEditorDocumentWindowTestExtension] Showing window 'Content.json'.
    (23:12.738) [Visual Studio Host (11564):TextEditorDocumentWindowTestExtension] Showing window 'Content.json' without activating the window.
    (23:12.788) [Visual Studio Host (11564):TextEditorDocumentWindowTestExtension] Showing window 'Content.json'.
    (23:12.853) [Visual Studio Host (11564):VisualStudioCaretTestExtension] Moving the caret from (Ln: 4, Ch: 16) to (Ln: 4, Ch: 16)
    (23:12.940) [Visual Studio Host (11564):TextEditorDocumentWindowTestExtension] Showing window 'Content.json' without activating the window.
    (23:13.021) [Visual Studio Host (11564):TextEditorDocumentWindowTestExtension] Showing window 'Content.json'.
    (23:13.080) [Visual Studio Host (11564):VisualStudioCaretTestExtension] Moving the caret from (Ln: 4, Ch: 18) to (Ln: 4, Ch: 1)
    (23:13.126) [Visual Studio Host (11564):TextEditorDocumentWindowTestExtension] Showing window 'Content.json'.
    (23:13.182) [Visual Studio Host (11564):VisualStudioCaretTestExtension] Moving the caret and selecting from (Ln: 4, Ch: 1) down '8' lines
    (23:13.248) [Visual Studio Host (11564):VisualStudioTextEditorTestExtension] Setting keyboard focus to editor 'Content.json'.
    (23:13.334) [Visual Studio Host (11564):TextEditorDocumentWindowTestExtension] Showing window 'Content.json'.
    (23:13.397) [Visual Studio Host (11564):VisualStudioCaretTestExtension] Moving the caret and selecting from (Ln: 12, Ch: 1) to the beginning of the line
    (23:13.443) [Visual Studio Host (11564):VisualStudioTextEditorTestExtension] Setting keyboard focus to editor 'Content.json'.
    (23:13.515) [Visual Studio Host (11564):TextEditorDocumentWindowTestExtension] Showing window 'Content.json'.
    (23:13.636) [Visual Studio Host (11564):TextEditorDocumentWindowTestExtension] Showing window 'Content.json' without activating the window.
    (23:13.701) [Visual Studio Host (11564):TextEditorDocumentWindowTestExtension] Showing window 'Content.json'.
    (23:13.778) [Visual Studio Host (11564):VisualStudioCaretTestExtension] Moving the caret from (Ln: 12, Ch: 1) to (Ln: 19, Ch: 16)
    (23:13.849) [Visual Studio Host (11564):TextEditorDocumentWindowTestExtension] Showing window 'Content.json'.
    (23:13.920) [Visual Studio Host (11564):VisualStudioCaretTestExtension] Moving the caret and selecting from (Ln: 19, Ch: 16) down '3' lines
    (23:13.965) [Visual Studio Host (11564):VisualStudioTextEditorTestExtension] Setting keyboard focus to editor 'Content.json'.
    (23:14.021) [Visual Studio Host (11564):TextEditorDocumentWindowTestExtension] Showing window 'Content.json'.
    (23:14.089) [Visual Studio Host (11564):VisualStudioCaretTestExtension] Moving the caret and selecting from (Ln: 22, Ch: 16) to the beginning of the line
    (23:14.135) [Visual Studio Host (11564):VisualStudioTextEditorTestExtension] Setting keyboard focus to editor 'Content.json'.
    (23:14.184) [Visual Studio Host (11564):TextEditorDocumentWindowTestExtension] Showing window 'Content.json'.
    (23:14.245) [Visual Studio Host (11564):TextEditorDocumentWindowTestExtension] Showing window 'Content.json'.
    (23:14.299) [Visual Studio Host (11564):TextEditorDocumentWindowTestExtension] Showing window 'Content.json'.
    (23:14.366) [Visual Studio Host (11564):VisualStudioCaretTestExtension] Moving the caret and selecting from (Ln: 22, Ch: 11) right '5' characters
    (23:14.421) [Visual Studio Host (11564):VisualStudioTextEditorTestExtension] Setting keyboard focus to editor 'Content.json'.
    (23:14.524) [Visual Studio Host (11564):TextEditorDocumentWindowTestExtension] Showing window 'Content.json' without activating the window.
    (23:14.587) [Visual Studio Host (11564):TextEditorDocumentWindowTestExtension] Showing window 'Content.json'.
    VerificationPass: (23:14.654) [Platform:Testcase] Verification passed: The condition was expected to be true.
    (23:14.707) [Visual Studio Host (11564):TextEditorDocumentWindowTestExtension] Showing window 'Content.json' without activating the window.
    (23:14.773) [Visual Studio Host (11564):TextEditorDocumentWindowTestExtension] Showing window 'Content.json'.
    (23:14.850) [Visual Studio Host (11564):VisualStudioTextEditingActions] Undoing '1' operations.
    (23:14.934) [Visual Studio Host (11564):TextEditorDocumentWindowTestExtension] Showing window 'Content.json' without activating the window.
    (23:14.995) [Visual Studio Host (11564):TextEditorDocumentWindowTestExtension] Showing window 'Content.json'.
    VerificationPass: (23:15.084) [Platform:Testcase] Verification passed: The condition was expected to be false.
    (23:15.150) [Visual Studio Host (11564):TextEditorDocumentWindowTestExtension] Showing window 'Content.json' without activating the window.
    (23:15.208) [Visual Studio Host (11564):TextEditorDocumentWindowTestExtension] Showing window 'Content.json'.
    (23:15.320) [Visual Studio Host (11564):VisualStudioTextEditingActions] Redoing '1' operations.
    (23:15.423) [Visual Studio Host (11564):TextEditorDocumentWindowTestExtension] Showing window 'Content.json' without activating the window.
    (23:15.489) [Visual Studio Host (11564):TextEditorDocumentWindowTestExtension] Showing window 'Content.json'.
    (23:15.557) [Visual Studio Host (11564):VisualStudioCaretTestExtension] Moving the caret from (Ln: 22, Ch: 18) to (Ln: 24, Ch: 18)
    (23:15.613) [Visual Studio Host (11564):TextEditorDocumentWindowTestExtension] Showing window 'Content.json'.
    (23:15.691) [Visual Studio Host (11564):VisualStudioCaretTestExtension] Moving the caret and selecting from (Ln: 24, Ch: 18) right '10' characters
    (23:15.738) [Visual Studio Host (11564):VisualStudioTextEditorTestExtension] Setting keyboard focus to editor 'Content.json'.
    (23:15.882) [Visual Studio Host (11564):TextEditorDocumentWindowTestExtension] Showing window 'Content.json' without activating the window.
    (23:15.942) [Visual Studio Host (11564):TextEditorDocumentWindowTestExtension] Showing window 'Content.json'.
    (23:16.022) [Visual Studio Host (11564):VisualStudioCaretTestExtension] Moving the caret from (Ln: 24, Ch: 30) to (Ln: 24, Ch: 18)
    (23:16.079) [Visual Studio Host (11564):TextEditorDocumentWindowTestExtension] Showing window 'Content.json'.
    (23:16.153) [Visual Studio Host (11564):VisualStudioCaretTestExtension] Moving the caret and selecting from (Ln: 24, Ch: 18) right '10' characters
    (23:16.205) [Visual Studio Host (11564):VisualStudioTextEditorTestExtension] Setting keyboard focus to editor 'Content.json'.
    (23:16.290) [Visual Studio Host (11564):TextEditorDocumentWindowTestExtension] Showing window 'Content.json' without activating the window.
    (23:16.347) [Visual Studio Host (11564):TextEditorDocumentWindowTestExtension] Showing window 'Content.json'.
    VerificationPass: (23:16.414) [Platform:Testcase] Verification passed: The condition was expected to be true.
    (23:16.468) [Visual Studio Host (11564):TextEditorDocumentWindowTestExtension] Showing window 'Content.json' without activating the window.
    (23:16.516) [Visual Studio Host (11564):TextEditorDocumentWindowTestExtension] Showing window 'Content.json'.
    (23:16.571) [Visual Studio Host (11564):VisualStudioTextEditingActions] Undoing '1' operations.
    (23:16.631) [Visual Studio Host (11564):TextEditorDocumentWindowTestExtension] Showing window 'Content.json' without activating the window.
    (23:16.698) [Visual Studio Host (11564):TextEditorDocumentWindowTestExtension] Showing window 'Content.json'.
    + ExternalProcessHostTest TestCleanup
        (23:16.836) [Visual Studio Host (11564):TextEditorDocumentWindowTestExtension] Closing window 'Content.json'.
        (23:17.014) [Platform:Testcase] Test 'VSTest_JSON_Comments' has 'Passed' outcome. Therefore, Apex will not shut down the 'Visual Studio Host (11564)' with process ID '11564'. A subsequent test scenario will run on the same instance of the host.
    + Final Test Result Verification
        (23:17.194) [Platform:DelayedAssertionVerifierSink] Verification Success: 0 verification steps failed.
    + ApexTest TestCleanup</StdOut>
      </Output>
      <ResultFiles>
        <ResultFile path="WNVM19648\Fail.azqsczivabnm.png" />
        <ResultFile path="WNVM19648\Fail.ig2gsfz5ad1y.png" />
        <ResultFile path="WNVM19648\Fail.o5zf0zepaw0l.png" />
        <ResultFile path="WNVM19648\OmniLog.html" />
        <ResultFile path="WNVM19648\OmniLogRawXml.xml" />
      </ResultFiles>
    </UnitTestResult>
    <UnitTestResult executionId="b30bf259-b1d0-41e1-b8fd-49124a4caf05" testId="7c467d36-5851-21c3-76b1-45025d80e709" testName="VSTest_SnippetStyleAttribute" computerName="WNVM19648" duration="00:00:05.2505875" startTime="2018-04-17T00:25:06.7049527-07:00" endTime="2018-04-17T00:25:11.9555402-07:00" testType="13cdc9d9-ddb5-4fa4-a97d-d965ccfc6d4b" outcome="Passed" testListId="8c84fa94-04c1-424b-9868-57a2d4851a1d" relativeResultsDirectory="b30bf259-b1d0-41e1-b8fd-49124a4caf05">
      <Output>
        <StdOut>+ SnippetTests::VSTest_SnippetStyleAttribute
    + ApexTest TestInitialize
    + ExternalProcessHostTest TestInitialize
        (26:48.128) [Visual Studio Host (11564):RoamingSettingsService] Disabling roaming settings.
        (26:48.178) [Visual Studio Host (11564):SettingsService] Setting Visual Studio option 'Environment\RoamingSettings\RoamingEnabled' to 'False'.
        (26:48.497) [Visual Studio Host (11564):TextEditorDocumentWindowTestExtension] Showing window 'HtmlPage.html' without activating the window.
        (26:48.598) [Visual Studio Host (11564):TextEditorDocumentWindowTestExtension] Showing window 'HtmlPage.html'.
        (26:48.665) [Visual Studio Host (11564):VisualStudioTextEditorTestExtension] Setting keyboard focus to editor 'HtmlPage.html'.
        (26:48.717) [Visual Studio Host (11564):MainWindowService] Activating main window to bring it to the foreground.
        (26:48.796) [Visual Studio Host (11564):MainWindowService] Setting main window state to 'Maximized'.
    (26:48.936) [Visual Studio Host (11564):TextEditorDocumentWindowTestExtension] Showing window 'HtmlPage.html' without activating the window.
    (26:49.018) [Visual Studio Host (11564):TextEditorDocumentWindowTestExtension] Showing window 'HtmlPage.html'.
    (26:49.089) [Visual Studio Host (11564):VisualStudioCaretTestExtension] Moving the caret to '&lt;body&gt;' at (Ln: 6, Ch: 5) based on a regular expression.  Expression = "&lt;body&gt;" [group index '0', match index '1', options 'Singleline, CultureInvariant']
    (26:49.671) [Visual Studio Host (11564):VisualStudioCaretTestExtension] Moving the caret from (Ln: 6, Ch: 5) right '5' characters
    (26:50.186) [Visual Studio Host (11564):VisualStudioTextEditorTestExtension] Setting keyboard focus to editor 'HtmlPage.html'.
    (26:50.801) [Visual Studio Host (11564):VisualStudioTextEditingActions] Inserting text: ' style="zoom' at the current caret position: '(Ln: 6, Ch: 10)'
    (26:51.050) [Visual Studio Host (11564):TextEditorDocumentWindowTestExtension] Showing window 'HtmlPage.html' without activating the window.
    (26:51.147) [Visual Studio Host (11564):TextEditorDocumentWindowTestExtension] Showing window 'HtmlPage.html'.
    (26:51.236) [Visual Studio Host (11564):KeyboardCommands] Sending '1' tabs.
    (26:51.635) [Visual Studio Host (11564):TextEditorDocumentWindowTestExtension] Showing window 'HtmlPage.html' without activating the window.
    (26:51.749) [Visual Studio Host (11564):TextEditorDocumentWindowTestExtension] Showing window 'HtmlPage.html'.
    (26:51.825) [Visual Studio Host (11564):KeyboardCommands] Sending '1' tabs.
    (26:52.143) [Visual Studio Host (11564):TextEditorDocumentWindowTestExtension] Showing window 'HtmlPage.html' without activating the window.
    (26:52.227) [Visual Studio Host (11564):TextEditorDocumentWindowTestExtension] Showing window 'HtmlPage.html'.
    + ExternalProcessHostTest TestCleanup
        (26:52.415) [Visual Studio Host (11564):TextEditorDocumentWindowTestExtension] Closing window 'HtmlPage.html'.
        (26:52.603) [Platform:Testcase] Test 'VSTest_SnippetStyleAttribute' has 'Passed' outcome. Therefore, Apex will not shut down the 'Visual Studio Host (11564)' with process ID '11564'. A subsequent test scenario will run on the same instance of the host.
    + Final Test Result Verification
        (26:52.775) [Platform:DelayedAssertionVerifierSink] Verification Success: 0 verification steps failed.
    + ApexTest TestCleanup</StdOut>
      </Output>
      <ResultFiles>
        <ResultFile path="WNVM19648\Fail.azqsczivabnm.png" />
        <ResultFile path="WNVM19648\Fail.ig2gsfz5ad1y.png" />
        <ResultFile path="WNVM19648\Fail.o5zf0zepaw0l.png" />
        <ResultFile path="WNVM19648\OmniLog.html" />
        <ResultFile path="WNVM19648\OmniLogRawXml.xml" />
      </ResultFiles>
    </UnitTestResult>
    <UnitTestResult executionId="c435d628-0e7c-40fd-afe1-cd86c5887f88" testId="f7ebfca8-6f29-8c7a-40e7-8c0eaf67d678" testName="VSTest_CssCompletion_ColorSwatchIsThemable" computerName="WNVM19648" duration="00:00:02.4702362" startTime="2018-04-17T00:29:41.1155464-07:00" endTime="2018-04-17T00:29:43.5857826-07:00" testType="13cdc9d9-ddb5-4fa4-a97d-d965ccfc6d4b" outcome="Passed" testListId="8c84fa94-04c1-424b-9868-57a2d4851a1d" relativeResultsDirectory="c435d628-0e7c-40fd-afe1-cd86c5887f88">
      <Output>
        <StdOut>+ CssCompletionTests::VSTest_CssCompletion_ColorSwatchIsThemable
    + ApexTest TestInitialize
    + ExternalProcessHostTest TestInitialize
        (31:22.437) [Visual Studio Host (11564):RoamingSettingsService] Disabling roaming settings.
        (31:22.488) [Visual Studio Host (11564):SettingsService] Setting Visual Studio option 'Environment\RoamingSettings\RoamingEnabled' to 'False'.
        (31:22.796) [Visual Studio Host (11564):TextEditorDocumentWindowTestExtension] Showing window 'empty.css' without activating the window.
        (31:22.918) [Visual Studio Host (11564):TextEditorDocumentWindowTestExtension] Showing window 'empty.css'.
        (31:22.999) [Visual Studio Host (11564):VisualStudioTextEditorTestExtension] Setting keyboard focus to editor 'empty.css'.
        (31:23.062) [Visual Studio Host (11564):MainWindowService] Activating main window to bring it to the foreground.
        (31:23.122) [Visual Studio Host (11564):MainWindowService] Setting main window state to 'Maximized'.
    (31:23.240) [Visual Studio Host (11564):TextEditorDocumentWindowTestExtension] Showing window 'empty.css' without activating the window.
    (31:23.294) [Visual Studio Host (11564):TextEditorDocumentWindowTestExtension] Showing window 'empty.css'.
    (31:23.355) [Visual Studio Host (11564):VisualStudioTextEditingActions] Inserting text: 'body { color:' at the current caret position: '(Ln: 1, Ch: 1)'
    (31:23.513) [Visual Studio Host (11564):TextEditorDocumentWindowTestExtension] Showing window 'empty.css' without activating the window.
    (31:23.690) [Visual Studio Host (11564):TextEditorDocumentWindowTestExtension] Showing window 'empty.css'.
    (31:23.810) [Visual Studio Host (11564):VisualStudioIntellisenseService] Getting the active completion at position '(Ln: 1, Ch: 14)'.
    + ExternalProcessHostTest TestCleanup
        (31:24.024) [Visual Studio Host (11564):TextEditorDocumentWindowTestExtension] Closing window 'empty.css'.
        (31:24.237) [Platform:Testcase] Test 'VSTest_CssCompletion_ColorSwatchIsThemable' has 'Passed' outcome. Therefore, Apex will not shut down the 'Visual Studio Host (11564)' with process ID '11564'. A subsequent test scenario will run on the same instance of the host.
    + Final Test Result Verification
        (31:24.420) [Platform:DelayedAssertionVerifierSink] Verification Success: 0 verification steps failed.
    + ApexTest TestCleanup</StdOut>
      </Output>
      <ResultFiles>
        <ResultFile path="WNVM19648\Fail.azqsczivabnm.png" />
        <ResultFile path="WNVM19648\Fail.ig2gsfz5ad1y.png" />
        <ResultFile path="WNVM19648\Fail.o5zf0zepaw0l.png" />
        <ResultFile path="WNVM19648\OmniLog.html" />
        <ResultFile path="WNVM19648\OmniLogRawXml.xml" />
      </ResultFiles>
    </UnitTestResult>
    <UnitTestResult executionId="651508ff-96b6-474f-90eb-585cc33a4725" testId="a3538f01-6029-d9dd-d1e1-ef4b9aed2cdb" testName="VSTest_CssCompletion_ColorPickerTriggers" computerName="WNVM19648" duration="00:00:08.6068891" startTime="2018-04-17T00:29:49.8160015-07:00" endTime="2018-04-17T00:29:58.4228906-07:00" testType="13cdc9d9-ddb5-4fa4-a97d-d965ccfc6d4b" outcome="Passed" testListId="8c84fa94-04c1-424b-9868-57a2d4851a1d" relativeResultsDirectory="651508ff-96b6-474f-90eb-585cc33a4725">
      <Output>
        <StdOut>+ CssCompletionTests::VSTest_CssCompletion_ColorPickerTriggers
    + ApexTest TestInitialize
    + ExternalProcessHostTest TestInitialize
        (31:31.176) [Visual Studio Host (11564):RoamingSettingsService] Disabling roaming settings.
        (31:31.231) [Visual Studio Host (11564):SettingsService] Setting Visual Studio option 'Environment\RoamingSettings\RoamingEnabled' to 'False'.
        (31:31.533) [Visual Studio Host (11564):TextEditorDocumentWindowTestExtension] Showing window 'empty.css' without activating the window.
        (31:31.633) [Visual Studio Host (11564):TextEditorDocumentWindowTestExtension] Showing window 'empty.css'.
        (31:31.723) [Visual Studio Host (11564):VisualStudioTextEditorTestExtension] Setting keyboard focus to editor 'empty.css'.
        (31:31.788) [Visual Studio Host (11564):MainWindowService] Activating main window to bring it to the foreground.
        (31:31.854) [Visual Studio Host (11564):MainWindowService] Setting main window state to 'Maximized'.
    (31:31.998) [Visual Studio Host (11564):TextEditorDocumentWindowTestExtension] Showing window 'empty.css' without activating the window.
    (31:32.063) [Visual Studio Host (11564):TextEditorDocumentWindowTestExtension] Showing window 'empty.css'.
    (31:32.140) [Visual Studio Host (11564):VisualStudioTextEditingActions] Inserting text: 'body { color:' at the current caret position: '(Ln: 1, Ch: 1)'
    (31:32.364) [Visual Studio Host (11564):TextEditorDocumentWindowTestExtension] Showing window 'empty.css' without activating the window.
    (31:32.541) [Visual Studio Host (11564):TextEditorDocumentWindowTestExtension] Showing window 'empty.css'.
    (31:32.626) [Visual Studio Host (11564):VisualStudioTextEditingActions] Inserting text: '#' at the current caret position: '(Ln: 1, Ch: 14)'
    VerificationPass: (31:32.750) [Visual Studio Host (11564):CssColorPickerServiceVerifier] Verification passed: Color Picker is present within a timeout of 00:00:10
    (31:32.839) [Visual Studio Host (11564):TextEditorDocumentWindowTestExtension] Showing window 'empty.css' without activating the window.
    (31:32.904) [Visual Studio Host (11564):TextEditorDocumentWindowTestExtension] Showing window 'empty.css'.
    (31:32.994) [Visual Studio Host (11564):VisualStudioIntellisenseService] Getting the active completion at position '(Ln: 1, Ch: 15)'.
    (31:33.083) [Visual Studio Host (11564):TextEditorDocumentWindowTestExtension] Showing window 'empty.css' without activating the window.
    (31:33.160) [Visual Studio Host (11564):TextEditorDocumentWindowTestExtension] Showing window 'empty.css'.
    (31:33.232) [Visual Studio Host (11564):VisualStudioIntellisenseService] Getting the active completion at position '(Ln: 1, Ch: 15)'.
    (31:33.291) [Visual Studio Host (11564):VisualStudioCompletionListTestExtension] Dismissing completion session.
    (31:33.367) [Visual Studio Host (11564):TextEditorDocumentWindowTestExtension] Showing window 'empty.css' without activating the window.
    (31:33.446) [Visual Studio Host (11564):TextEditorDocumentWindowTestExtension] Showing window 'empty.css'.
    (31:33.526) [Visual Studio Host (11564):VisualStudioTextEditingActions] Deleting previous '1' characters at the current caret position: '(Ln: 1, Ch: 15)'
    (31:33.605) [Visual Studio Host (11564):TextEditorDocumentWindowTestExtension] Showing window 'empty.css' without activating the window.
    (31:33.703) [Visual Studio Host (11564):TextEditorDocumentWindowTestExtension] Showing window 'empty.css'.
    (31:33.784) [Visual Studio Host (11564):VisualStudioTextEditingActions] Inserting text: 'hsl(' at the current caret position: '(Ln: 1, Ch: 14)'
    VerificationPass: (31:33.978) [Visual Studio Host (11564):CssColorPickerServiceVerifier] Verification passed: Color Picker is present within a timeout of 00:00:10
    (31:34.127) [Visual Studio Host (11564):TextEditorDocumentWindowTestExtension] Showing window 'empty.css' without activating the window.
    (31:34.180) [Visual Studio Host (11564):TextEditorDocumentWindowTestExtension] Showing window 'empty.css'.
    (31:34.254) [Visual Studio Host (11564):VisualStudioIntellisenseService] Getting the active completion at position '(Ln: 1, Ch: 18)'.
    (31:34.311) [Visual Studio Host (11564):TextEditorDocumentWindowTestExtension] Showing window 'empty.css' without activating the window.
    (31:34.366) [Visual Studio Host (11564):TextEditorDocumentWindowTestExtension] Showing window 'empty.css'.
    (31:34.453) [Visual Studio Host (11564):VisualStudioIntellisenseService] Getting the active completion at position '(Ln: 1, Ch: 18)'.
    (31:34.528) [Visual Studio Host (11564):VisualStudioCompletionListTestExtension] Dismissing completion session.
    (31:34.600) [Visual Studio Host (11564):TextEditorDocumentWindowTestExtension] Showing window 'empty.css' without activating the window.
    (31:34.655) [Visual Studio Host (11564):TextEditorDocumentWindowTestExtension] Showing window 'empty.css'.
    (31:34.718) [Visual Studio Host (11564):VisualStudioTextEditingActions] Deleting previous '4' characters at the current caret position: '(Ln: 1, Ch: 18)'
    (31:34.805) [Visual Studio Host (11564):TextEditorDocumentWindowTestExtension] Showing window 'empty.css' without activating the window.
    (31:34.868) [Visual Studio Host (11564):TextEditorDocumentWindowTestExtension] Showing window 'empty.css'.
    (31:34.928) [Visual Studio Host (11564):VisualStudioTextEditingActions] Inserting text: 'hsla(' at the current caret position: '(Ln: 1, Ch: 14)'
    VerificationPass: (31:35.114) [Visual Studio Host (11564):CssColorPickerServiceVerifier] Verification passed: Color Picker is present within a timeout of 00:00:10
    (31:35.248) [Visual Studio Host (11564):TextEditorDocumentWindowTestExtension] Showing window 'empty.css' without activating the window.
    (31:35.337) [Visual Studio Host (11564):TextEditorDocumentWindowTestExtension] Showing window 'empty.css'.
    (31:35.423) [Visual Studio Host (11564):VisualStudioIntellisenseService] Getting the active completion at position '(Ln: 1, Ch: 19)'.
    (31:35.493) [Visual Studio Host (11564):TextEditorDocumentWindowTestExtension] Showing window 'empty.css' without activating the window.
    (31:35.582) [Visual Studio Host (11564):TextEditorDocumentWindowTestExtension] Showing window 'empty.css'.
    (31:35.668) [Visual Studio Host (11564):VisualStudioIntellisenseService] Getting the active completion at position '(Ln: 1, Ch: 19)'.
    (31:35.734) [Visual Studio Host (11564):VisualStudioCompletionListTestExtension] Dismissing completion session.
    (31:35.822) [Visual Studio Host (11564):TextEditorDocumentWindowTestExtension] Showing window 'empty.css' without activating the window.
    (31:35.901) [Visual Studio Host (11564):TextEditorDocumentWindowTestExtension] Showing window 'empty.css'.
    (31:35.989) [Visual Studio Host (11564):VisualStudioTextEditingActions] Deleting previous '5' characters at the current caret position: '(Ln: 1, Ch: 19)'
    (31:36.103) [Visual Studio Host (11564):TextEditorDocumentWindowTestExtension] Showing window 'empty.css' without activating the window.
    (31:36.174) [Visual Studio Host (11564):TextEditorDocumentWindowTestExtension] Showing window 'empty.css'.
    (31:36.268) [Visual Studio Host (11564):VisualStudioTextEditingActions] Inserting text: 'rgb(' at the current caret position: '(Ln: 1, Ch: 14)'
    VerificationPass: (31:36.422) [Visual Studio Host (11564):CssColorPickerServiceVerifier] Verification passed: Color Picker is present within a timeout of 00:00:10
    (31:36.574) [Visual Studio Host (11564):TextEditorDocumentWindowTestExtension] Showing window 'empty.css' without activating the window.
    (31:36.650) [Visual Studio Host (11564):TextEditorDocumentWindowTestExtension] Showing window 'empty.css'.
    (31:36.752) [Visual Studio Host (11564):VisualStudioIntellisenseService] Getting the active completion at position '(Ln: 1, Ch: 18)'.
    (31:36.812) [Visual Studio Host (11564):TextEditorDocumentWindowTestExtension] Showing window 'empty.css' without activating the window.
    (31:36.866) [Visual Studio Host (11564):TextEditorDocumentWindowTestExtension] Showing window 'empty.css'.
    (31:36.948) [Visual Studio Host (11564):VisualStudioIntellisenseService] Getting the active completion at position '(Ln: 1, Ch: 18)'.
    (31:37.020) [Visual Studio Host (11564):VisualStudioCompletionListTestExtension] Dismissing completion session.
    (31:37.101) [Visual Studio Host (11564):TextEditorDocumentWindowTestExtension] Showing window 'empty.css' without activating the window.
    (31:37.168) [Visual Studio Host (11564):TextEditorDocumentWindowTestExtension] Showing window 'empty.css'.
    (31:37.249) [Visual Studio Host (11564):VisualStudioTextEditingActions] Deleting previous '4' characters at the current caret position: '(Ln: 1, Ch: 18)'
    (31:37.359) [Visual Studio Host (11564):TextEditorDocumentWindowTestExtension] Showing window 'empty.css' without activating the window.
    (31:37.452) [Visual Studio Host (11564):TextEditorDocumentWindowTestExtension] Showing window 'empty.css'.
    (31:37.522) [Visual Studio Host (11564):VisualStudioTextEditingActions] Inserting text: 'rgba(' at the current caret position: '(Ln: 1, Ch: 14)'
    VerificationPass: (31:37.635) [Visual Studio Host (11564):CssColorPickerServiceVerifier] Verification passed: Color Picker is present within a timeout of 00:00:10
    (31:37.733) [Visual Studio Host (11564):TextEditorDocumentWindowTestExtension] Showing window 'empty.css' without activating the window.
    (31:37.843) [Visual Studio Host (11564):TextEditorDocumentWindowTestExtension] Showing window 'empty.css'.
    (31:37.928) [Visual Studio Host (11564):VisualStudioIntellisenseService] Getting the active completion at position '(Ln: 1, Ch: 19)'.
    (31:38.014) [Visual Studio Host (11564):TextEditorDocumentWindowTestExtension] Showing window 'empty.css' without activating the window.
    (31:38.096) [Visual Studio Host (11564):TextEditorDocumentWindowTestExtension] Showing window 'empty.css'.
    (31:38.182) [Visual Studio Host (11564):VisualStudioIntellisenseService] Getting the active completion at position '(Ln: 1, Ch: 19)'.
    (31:38.251) [Visual Studio Host (11564):VisualStudioCompletionListTestExtension] Dismissing completion session.
    (31:38.348) [Visual Studio Host (11564):TextEditorDocumentWindowTestExtension] Showing window 'empty.css' without activating the window.
    (31:38.427) [Visual Studio Host (11564):TextEditorDocumentWindowTestExtension] Showing window 'empty.css'.
    (31:38.533) [Visual Studio Host (11564):VisualStudioTextEditingActions] Deleting previous '5' characters at the current caret position: '(Ln: 1, Ch: 19)'
    + ExternalProcessHostTest TestCleanup
        (31:38.687) [Visual Studio Host (11564):TextEditorDocumentWindowTestExtension] Closing window 'empty.css'.
        (31:38.866) [Platform:Testcase] Test 'VSTest_CssCompletion_ColorPickerTriggers' has 'Passed' outcome. Therefore, Apex will not shut down the 'Visual Studio Host (11564)' with process ID '11564'. A subsequent test scenario will run on the same instance of the host.
    + Final Test Result Verification
        (31:39.128) [Platform:DelayedAssertionVerifierSink] Verification Success: 0 verification steps failed.
    + ApexTest TestCleanup</StdOut>
      </Output>
      <ResultFiles>
        <ResultFile path="WNVM19648\Fail.azqsczivabnm.png" />
        <ResultFile path="WNVM19648\Fail.ig2gsfz5ad1y.png" />
        <ResultFile path="WNVM19648\Fail.o5zf0zepaw0l.png" />
        <ResultFile path="WNVM19648\OmniLog.html" />
        <ResultFile path="WNVM19648\OmniLogRawXml.xml" />
      </ResultFiles>
    </UnitTestResult>
    <UnitTestResult executionId="9e76ec59-309e-4433-875e-71fd7c951227" testId="2db9db3c-132a-25cc-ee21-0bf9694a0279" testName="VSTest_TypingThrough_CSS" computerName="WNVM19648" duration="00:00:11.0552075" startTime="2018-04-17T00:32:30.0713233-07:00" endTime="2018-04-17T00:32:41.1265308-07:00" testType="13cdc9d9-ddb5-4fa4-a97d-d965ccfc6d4b" outcome="Passed" testListId="8c84fa94-04c1-424b-9868-57a2d4851a1d" relativeResultsDirectory="9e76ec59-309e-4433-875e-71fd7c951227">
      <Output>
        <StdOut>+ TypingThroughTests::VSTest_TypingThrough_CSS
    + ApexTest TestInitialize
    + ExternalProcessHostTest TestInitialize
        (34:11.458) [Visual Studio Host (11564):RoamingSettingsService] Disabling roaming settings.
        (34:11.525) [Visual Studio Host (11564):SettingsService] Setting Visual Studio option 'Environment\RoamingSettings\RoamingEnabled' to 'False'.
        (34:11.855) [Visual Studio Host (11564):TextEditorDocumentWindowTestExtension] Showing window 'Empty.html' without activating the window.
        (34:11.962) [Visual Studio Host (11564):TextEditorDocumentWindowTestExtension] Showing window 'Empty.html'.
        (34:12.043) [Visual Studio Host (11564):VisualStudioTextEditorTestExtension] Setting keyboard focus to editor 'Empty.html'.
        (34:12.117) [Visual Studio Host (11564):MainWindowService] Activating main window to bring it to the foreground.
        (34:12.187) [Visual Studio Host (11564):MainWindowService] Setting main window state to 'Maximized'.
    (34:12.322) [Visual Studio Host (11564):TextEditorDocumentWindowTestExtension] Showing window 'Empty.html' without activating the window.
    (34:12.386) [Visual Studio Host (11564):TextEditorDocumentWindowTestExtension] Showing window 'Empty.html'.
    (34:12.469) [Visual Studio Host (11564):VisualStudioCaretTestExtension] Moving the caret from (Ln: 1, Ch: 1) to (Ln: 7, Ch: 5)
    (34:12.542) [Visual Studio Host (11564):TextEditorDocumentWindowTestExtension] Showing window 'Empty.html' without activating the window.
    (34:12.622) [Visual Studio Host (11564):TextEditorDocumentWindowTestExtension] Showing window 'Empty.html'.
    (34:12.705) [Visual Studio Host (11564):VisualStudioTextEditingActions] Inserting text combine CRLF as single return: '&lt;style&gt;' at the current caret position: '(Ln: 7, Ch: 5)'
    (34:13.473) [Visual Studio Host (11564):TextEditorDocumentWindowTestExtension] Showing window 'Empty.html' without activating the window.
    (34:13.542) [Visual Studio Host (11564):TextEditorDocumentWindowTestExtension] Showing window 'Empty.html'.
    (34:13.640) [Visual Studio Host (11564):VisualStudioTextEditingActions] Inserting text combine CRLF as single return: '
div{
' at the current caret position: '(Ln: 7, Ch: 12)'
    (34:14.266) [Visual Studio Host (11564):TextEditorDocumentWindowTestExtension] Showing window 'Empty.html' without activating the window.
    (34:14.740) [Visual Studio Host (11564):TextEditorDocumentWindowTestExtension] Showing window 'Empty.html'.
    (34:15.341) [Visual Studio Host (11564):TextEditorDocumentWindowTestExtension] Showing window 'Empty.html' without activating the window.
    (34:15.906) [Visual Studio Host (11564):TextEditorDocumentWindowTestExtension] Showing window 'Empty.html'.
    (34:16.546) [Visual Studio Host (11564):TextEditorDocumentWindowTestExtension] Showing window 'Empty.html' without activating the window.
    (34:17.066) [Visual Studio Host (11564):TextEditorDocumentWindowTestExtension] Showing window 'Empty.html'.
    (34:17.690) [Visual Studio Host (11564):VisualStudioTextEditingActions] Inserting text combine CRLF as single return: '}' at the current caret position: '(Ln: 9, Ch: 13)'
    (34:18.347) [Visual Studio Host (11564):TextEditorDocumentWindowTestExtension] Showing window 'Empty.html' without activating the window.
    (34:18.915) [Visual Studio Host (11564):TextEditorDocumentWindowTestExtension] Showing window 'Empty.html'.
    (34:19.504) [Visual Studio Host (11564):TextEditorDocumentWindowTestExtension] Showing window 'Empty.html' without activating the window.
    (34:20.045) [Visual Studio Host (11564):TextEditorDocumentWindowTestExtension] Showing window 'Empty.html'.
    + ExternalProcessHostTest TestCleanup
        (34:21.174) [Visual Studio Host (11564):TextEditorDocumentWindowTestExtension] Closing window 'Empty.html'.
        (34:21.772) [Platform:Testcase] Test 'VSTest_TypingThrough_CSS' has 'Passed' outcome. Therefore, Apex will not shut down the 'Visual Studio Host (11564)' with process ID '11564'. A subsequent test scenario will run on the same instance of the host.
    + Final Test Result Verification
        (34:21.941) [Platform:DelayedAssertionVerifierSink] Verification Success: 0 verification steps failed.
    + ApexTest TestCleanup</StdOut>
      </Output>
      <ResultFiles>
        <ResultFile path="WNVM19648\Fail.azqsczivabnm.png" />
        <ResultFile path="WNVM19648\Fail.ig2gsfz5ad1y.png" />
        <ResultFile path="WNVM19648\Fail.o5zf0zepaw0l.png" />
        <ResultFile path="WNVM19648\OmniLog.html" />
        <ResultFile path="WNVM19648\OmniLogRawXml.xml" />
      </ResultFiles>
    </UnitTestResult>
    <UnitTestResult executionId="d7ad4e3b-3065-45ea-8d62-1cdb3c0a6e8c" testId="273d8c86-f447-94c8-0f27-a9624ee0971b" testName="VSTest_TypingTags_Comment_to_Address" computerName="WNVM19648" duration="00:01:05.7496612" startTime="2018-04-17T00:32:50.6892448-07:00" endTime="2018-04-17T00:33:56.4389060-07:00" testType="13cdc9d9-ddb5-4fa4-a97d-d965ccfc6d4b" outcome="Passed" testListId="8c84fa94-04c1-424b-9868-57a2d4851a1d" relativeResultsDirectory="d7ad4e3b-3065-45ea-8d62-1cdb3c0a6e8c">
      <Output>
        <StdOut>+ TypingTests::VSTest_TypingTags_Comment_to_Address
    + ApexTest TestInitialize
    + ExternalProcessHostTest TestInitialize
        (34:32.145) [Visual Studio Host (11564):RoamingSettingsService] Disabling roaming settings.
        (34:32.234) [Visual Studio Host (11564):SettingsService] Setting Visual Studio option 'Environment\RoamingSettings\RoamingEnabled' to 'False'.
        (34:32.525) [Visual Studio Host (11564):TextEditorDocumentWindowTestExtension] Showing window 'HtmlPage.html' without activating the window.
        (34:32.617) [Visual Studio Host (11564):TextEditorDocumentWindowTestExtension] Showing window 'HtmlPage.html'.
        (34:32.714) [Visual Studio Host (11564):VisualStudioTextEditorTestExtension] Setting keyboard focus to editor 'HtmlPage.html'.
        (34:32.787) [Visual Studio Host (11564):MainWindowService] Activating main window to bring it to the foreground.
        (34:32.919) [Visual Studio Host (11564):MainWindowService] Setting main window state to 'Maximized'.
    (34:33.095) [Visual Studio Host (11564):TextEditorDocumentWindowTestExtension] Showing window 'HtmlPage.html' without activating the window.
    (34:33.172) [Visual Studio Host (11564):TextEditorDocumentWindowTestExtension] Showing window 'HtmlPage.html'.
    (34:33.254) [Visual Studio Host (11564):VisualStudioCaretTestExtension] Moving the caret to '&lt;body&gt;' at (Ln: 6, Ch: 5) based on a regular expression.  Expression = "&lt;body&gt;" [group index '0', match index '1', options 'Singleline, CultureInvariant']
    (34:34.035) [Visual Studio Host (11564):VisualStudioCaretTestExtension] Moving the caret from (Ln: 6, Ch: 5) down '1' lines
    (34:34.689) [Visual Studio Host (11564):VisualStudioTextEditorTestExtension] Setting keyboard focus to editor 'HtmlPage.html'.
    (34:35.338) [Visual Studio Host (11564):VisualStudioCaretTestExtension] Moving the caret from (Ln: 7, Ch: 5) to the end of the line
    (34:35.391) [Visual Studio Host (11564):VisualStudioTextEditorTestExtension] Setting keyboard focus to editor 'HtmlPage.html'.
    (34:35.448) [Visual Studio Host (11564):VisualStudioTextEditingActions] Inserting text: '&lt;!-- ...--&gt;' at the current caret position: '(Ln: 7, Ch: 9)'
    (34:36.289) [Visual Studio Host (11564):VisualStudioTextEditingActions] Deleting to the end of line of the current caret position, position: '(Ln: 7, Ch: 20)', line: '7'
    (34:36.989) [Visual Studio Host (11564):TextEditorDocumentWindowTestExtension] Showing window 'HtmlPage.html' without activating the window.
    (34:37.747) [Visual Studio Host (11564):TextEditorDocumentWindowTestExtension] Showing window 'HtmlPage.html'.
    (34:37.828) [Visual Studio Host (11564):TextEditorDocumentWindowTestExtension] Showing window 'HtmlPage.html' without activating the window.
    (34:37.897) [Visual Studio Host (11564):TextEditorDocumentWindowTestExtension] Showing window 'HtmlPage.html'.
    (34:37.992) [Visual Studio Host (11564):VisualStudioIntellisenseService] Did not find an active completion session. Please use Verify.IsCompletionListPresent() to make sure that the list is present before requesting the completion session.
    Warning: (34:38.062) [Visual Studio Host (11564):VisualStudioIntellisenseService] No active completion sessions were found for editor 'HtmlPage.html'.
    (34:38.148) [Visual Studio Host (11564):VisualStudioTextEditingActions] Inserting text combine CRLF as single return: '
' at the current caret position: '(Ln: 7, Ch: 20)'
    (34:38.741) [Visual Studio Host (11564):VisualStudioTextEditingActions] Inserting text: '&lt;a href="#"&gt;content&lt;/a&gt;' at the current caret position: '(Ln: 8, Ch: 9)'
    (34:39.877) [Visual Studio Host (11564):VisualStudioTextEditingActions] Deleting to the end of line of the current caret position, position: '(Ln: 8, Ch: 32)', line: '8'
    (34:40.833) [Visual Studio Host (11564):TextEditorDocumentWindowTestExtension] Showing window 'HtmlPage.html' without activating the window.
    (34:41.863) [Visual Studio Host (11564):TextEditorDocumentWindowTestExtension] Showing window 'HtmlPage.html'.
    (34:42.439) [Visual Studio Host (11564):TextEditorDocumentWindowTestExtension] Showing window 'HtmlPage.html' without activating the window.
    (34:42.912) [Visual Studio Host (11564):TextEditorDocumentWindowTestExtension] Showing window 'HtmlPage.html'.
    (34:43.514) [Visual Studio Host (11564):VisualStudioIntellisenseService] Did not find an active completion session. Please use Verify.IsCompletionListPresent() to make sure that the list is present before requesting the completion session.
    Warning: (34:44.065) [Visual Studio Host (11564):VisualStudioIntellisenseService] No active completion sessions were found for editor 'HtmlPage.html'.
    (34:44.543) [Visual Studio Host (11564):VisualStudioTextEditingActions] Inserting text combine CRLF as single return: '
' at the current caret position: '(Ln: 8, Ch: 32)'
    (34:45.042) [Visual Studio Host (11564):VisualStudioTextEditingActions] Inserting text: 'The &lt;abbr title="World Health Organization"&gt;WHO&lt;/abbr&gt; was founded in 1948.' at the current caret position: '(Ln: 9, Ch: 9)'
    (34:46.186) [Visual Studio Host (11564):VisualStudioTextEditingActions] Deleting to the end of line of the current caret position, position: '(Ln: 9, Ch: 84)', line: '9'
    (34:46.711) [Visual Studio Host (11564):TextEditorDocumentWindowTestExtension] Showing window 'HtmlPage.html' without activating the window.
    (34:47.317) [Visual Studio Host (11564):TextEditorDocumentWindowTestExtension] Showing window 'HtmlPage.html'.
    (34:47.876) [Visual Studio Host (11564):TextEditorDocumentWindowTestExtension] Showing window 'HtmlPage.html' without activating the window.
    (34:48.596) [Visual Studio Host (11564):TextEditorDocumentWindowTestExtension] Showing window 'HtmlPage.html'.
    (34:49.217) [Visual Studio Host (11564):VisualStudioIntellisenseService] Did not find an active completion session. Please use Verify.IsCompletionListPresent() to make sure that the list is present before requesting the completion session.
    Warning: (34:49.817) [Visual Studio Host (11564):VisualStudioIntellisenseService] No active completion sessions were found for editor 'HtmlPage.html'.
    (34:50.351) [Visual Studio Host (11564):VisualStudioTextEditingActions] Inserting text combine CRLF as single return: '
' at the current caret position: '(Ln: 9, Ch: 84)'
    (34:50.934) [Visual Studio Host (11564):VisualStudioTextEditingActions] Inserting text: '&lt;address&gt;' at the current caret position: '(Ln: 10, Ch: 9)'
    (34:51.636) [Visual Studio Host (11564):VisualStudioTextEditingActions] Deleting to the end of line of the current caret position, position: '(Ln: 10, Ch: 18)', line: '10'
    (34:52.289) [Visual Studio Host (11564):TextEditorDocumentWindowTestExtension] Showing window 'HtmlPage.html' without activating the window.
    (34:52.909) [Visual Studio Host (11564):TextEditorDocumentWindowTestExtension] Showing window 'HtmlPage.html'.
    (34:53.594) [Visual Studio Host (11564):TextEditorDocumentWindowTestExtension] Showing window 'HtmlPage.html' without activating the window.
    (34:54.408) [Visual Studio Host (11564):TextEditorDocumentWindowTestExtension] Showing window 'HtmlPage.html'.
    (34:55.265) [Visual Studio Host (11564):VisualStudioIntellisenseService] Did not find an active completion session. Please use Verify.IsCompletionListPresent() to make sure that the list is present before requesting the completion session.
    Warning: (34:55.860) [Visual Studio Host (11564):VisualStudioIntellisenseService] No active completion sessions were found for editor 'HtmlPage.html'.
    (34:56.456) [Visual Studio Host (11564):VisualStudioTextEditingActions] Inserting text combine CRLF as single return: '
' at the current caret position: '(Ln: 10, Ch: 18)'
    (34:57.039) [Visual Studio Host (11564):VisualStudioTextEditingActions] Inserting text: 'Written by &lt;a href="mailto:webmaster@example.com"&gt;Jon Doe&lt;/a&gt;.&lt;br&gt;' at the current caret position: '(Ln: 11, Ch: 13)'
    (34:58.675) [Visual Studio Host (11564):VisualStudioTextEditingActions] Deleting to the end of line of the current caret position, position: '(Ln: 11, Ch: 81)', line: '11'
    (34:59.780) [Visual Studio Host (11564):TextEditorDocumentWindowTestExtension] Showing window 'HtmlPage.html' without activating the window.
    (35:00.754) [Visual Studio Host (11564):TextEditorDocumentWindowTestExtension] Showing window 'HtmlPage.html'.
    (35:01.421) [Visual Studio Host (11564):TextEditorDocumentWindowTestExtension] Showing window 'HtmlPage.html' without activating the window.
    (35:01.933) [Visual Studio Host (11564):TextEditorDocumentWindowTestExtension] Showing window 'HtmlPage.html'.
    (35:02.567) [Visual Studio Host (11564):VisualStudioIntellisenseService] Did not find an active completion session. Please use Verify.IsCompletionListPresent() to make sure that the list is present before requesting the completion session.
    Warning: (35:03.156) [Visual Studio Host (11564):VisualStudioIntellisenseService] No active completion sessions were found for editor 'HtmlPage.html'.
    (35:03.724) [Visual Studio Host (11564):VisualStudioTextEditingActions] Inserting text combine CRLF as single return: '
' at the current caret position: '(Ln: 11, Ch: 81)'
    (35:04.235) [Visual Studio Host (11564):VisualStudioTextEditingActions] Inserting text: 'Visit us at:&lt;br&gt;' at the current caret position: '(Ln: 12, Ch: 13)'
    (35:04.894) [Visual Studio Host (11564):VisualStudioTextEditingActions] Deleting to the end of line of the current caret position, position: '(Ln: 12, Ch: 31)', line: '12'
    (35:05.476) [Visual Studio Host (11564):TextEditorDocumentWindowTestExtension] Showing window 'HtmlPage.html' without activating the window.
    (35:06.053) [Visual Studio Host (11564):TextEditorDocumentWindowTestExtension] Showing window 'HtmlPage.html'.
    (35:06.687) [Visual Studio Host (11564):TextEditorDocumentWindowTestExtension] Showing window 'HtmlPage.html' without activating the window.
    (35:07.321) [Visual Studio Host (11564):TextEditorDocumentWindowTestExtension] Showing window 'HtmlPage.html'.
    (35:08.008) [Visual Studio Host (11564):VisualStudioIntellisenseService] Did not find an active completion session. Please use Verify.IsCompletionListPresent() to make sure that the list is present before requesting the completion session.
    Warning: (35:08.638) [Visual Studio Host (11564):VisualStudioIntellisenseService] No active completion sessions were found for editor 'HtmlPage.html'.
    (35:09.251) [Visual Studio Host (11564):VisualStudioTextEditingActions] Inserting text combine CRLF as single return: '
' at the current caret position: '(Ln: 12, Ch: 31)'
    (35:09.790) [Visual Studio Host (11564):VisualStudioTextEditingActions] Inserting text: 'Example.com&lt;br&gt;' at the current caret position: '(Ln: 13, Ch: 13)'
    (35:10.479) [Visual Studio Host (11564):VisualStudioTextEditingActions] Deleting to the end of line of the current caret position, position: '(Ln: 13, Ch: 30)', line: '13'
    (35:11.028) [Visual Studio Host (11564):TextEditorDocumentWindowTestExtension] Showing window 'HtmlPage.html' without activating the window.
    (35:11.674) [Visual Studio Host (11564):TextEditorDocumentWindowTestExtension] Showing window 'HtmlPage.html'.
    (35:12.169) [Visual Studio Host (11564):TextEditorDocumentWindowTestExtension] Showing window 'HtmlPage.html' without activating the window.
    (35:12.649) [Visual Studio Host (11564):TextEditorDocumentWindowTestExtension] Showing window 'HtmlPage.html'.
    (35:13.348) [Visual Studio Host (11564):VisualStudioIntellisenseService] Did not find an active completion session. Please use Verify.IsCompletionListPresent() to make sure that the list is present before requesting the completion session.
    Warning: (35:13.929) [Visual Studio Host (11564):VisualStudioIntellisenseService] No active completion sessions were found for editor 'HtmlPage.html'.
    (35:14.433) [Visual Studio Host (11564):VisualStudioTextEditingActions] Inserting text combine CRLF as single return: '
' at the current caret position: '(Ln: 13, Ch: 30)'
    (35:14.940) [Visual Studio Host (11564):VisualStudioTextEditingActions] Inserting text: 'Box 564, Disneyland&lt;br&gt;' at the current caret position: '(Ln: 14, Ch: 13)'
    (35:15.611) [Visual Studio Host (11564):VisualStudioTextEditingActions] Deleting to the end of line of the current caret position, position: '(Ln: 14, Ch: 38)', line: '14'
    (35:16.276) [Visual Studio Host (11564):TextEditorDocumentWindowTestExtension] Showing window 'HtmlPage.html' without activating the window.
    (35:16.846) [Visual Studio Host (11564):TextEditorDocumentWindowTestExtension] Showing window 'HtmlPage.html'.
    (35:17.492) [Visual Studio Host (11564):TextEditorDocumentWindowTestExtension] Showing window 'HtmlPage.html' without activating the window.
    (35:18.044) [Visual Studio Host (11564):TextEditorDocumentWindowTestExtension] Showing window 'HtmlPage.html'.
    (35:18.611) [Visual Studio Host (11564):VisualStudioIntellisenseService] Did not find an active completion session. Please use Verify.IsCompletionListPresent() to make sure that the list is present before requesting the completion session.
    Warning: (35:19.287) [Visual Studio Host (11564):VisualStudioIntellisenseService] No active completion sessions were found for editor 'HtmlPage.html'.
    (35:19.882) [Visual Studio Host (11564):VisualStudioTextEditingActions] Inserting text combine CRLF as single return: '
' at the current caret position: '(Ln: 14, Ch: 38)'
    (35:20.491) [Visual Studio Host (11564):VisualStudioTextEditingActions] Inserting text: 'USA' at the current caret position: '(Ln: 15, Ch: 13)'
    (35:21.007) [Visual Studio Host (11564):VisualStudioTextEditingActions] Deleting to the end of line of the current caret position, position: '(Ln: 15, Ch: 16)', line: '15'
    (35:21.519) [Visual Studio Host (11564):TextEditorDocumentWindowTestExtension] Showing window 'HtmlPage.html' without activating the window.
    (35:22.039) [Visual Studio Host (11564):TextEditorDocumentWindowTestExtension] Showing window 'HtmlPage.html'.
    (35:22.608) [Visual Studio Host (11564):TextEditorDocumentWindowTestExtension] Showing window 'HtmlPage.html' without activating the window.
    (35:23.172) [Visual Studio Host (11564):TextEditorDocumentWindowTestExtension] Showing window 'HtmlPage.html'.
    (35:23.736) [Visual Studio Host (11564):VisualStudioIntellisenseService] Did not find an active completion session. Please use Verify.IsCompletionListPresent() to make sure that the list is present before requesting the completion session.
    Warning: (35:24.303) [Visual Studio Host (11564):VisualStudioIntellisenseService] No active completion sessions were found for editor 'HtmlPage.html'.
    (35:24.783) [Visual Studio Host (11564):VisualStudioTextEditingActions] Inserting text combine CRLF as single return: '
' at the current caret position: '(Ln: 15, Ch: 16)'
    (35:25.302) [Visual Studio Host (11564):VisualStudioTextEditingActions] Inserting text: '&lt;/address&gt;' at the current caret position: '(Ln: 16, Ch: 9)'
    (35:25.873) [Visual Studio Host (11564):VisualStudioTextEditingActions] Deleting to the end of line of the current caret position, position: '(Ln: 16, Ch: 19)', line: '16'
    (35:26.363) [Visual Studio Host (11564):TextEditorDocumentWindowTestExtension] Showing window 'HtmlPage.html' without activating the window.
    (35:26.936) [Visual Studio Host (11564):TextEditorDocumentWindowTestExtension] Showing window 'HtmlPage.html'.
    (35:27.468) [Visual Studio Host (11564):TextEditorDocumentWindowTestExtension] Showing window 'HtmlPage.html' without activating the window.
    (35:28.039) [Visual Studio Host (11564):TextEditorDocumentWindowTestExtension] Showing window 'HtmlPage.html'.
    (35:28.555) [Visual Studio Host (11564):VisualStudioIntellisenseService] Did not find an active completion session. Please use Verify.IsCompletionListPresent() to make sure that the list is present before requesting the completion session.
    Warning: (35:29.145) [Visual Studio Host (11564):VisualStudioIntellisenseService] No active completion sessions were found for editor 'HtmlPage.html'.
    (35:29.805) [Visual Studio Host (11564):VisualStudioTextEditingActions] Inserting text combine CRLF as single return: '
' at the current caret position: '(Ln: 16, Ch: 19)'
    (35:30.343) [Visual Studio Host (11564):TextEditorDocumentWindowTestExtension] Showing window 'HtmlPage.html' without activating the window.
    (35:30.836) [Visual Studio Host (11564):TextEditorDocumentWindowTestExtension] Showing window 'HtmlPage.html'.
    + ExternalProcessHostTest TestCleanup
        (35:32.132) [Visual Studio Host (11564):TextEditorDocumentWindowTestExtension] Closing window 'HtmlPage.html'.
        (35:32.807) [Platform:Testcase] Test 'VSTest_TypingTags_Comment_to_Address' has 'Passed' outcome. Therefore, Apex will not shut down the 'Visual Studio Host (11564)' with process ID '11564'. A subsequent test scenario will run on the same instance of the host.
    + Final Test Result Verification
        (35:34.625) [Platform:DelayedAssertionVerifierSink] Verification Success: 0 verification steps failed.
    + ApexTest TestCleanup</StdOut>
      </Output>
      <ResultFiles>
        <ResultFile path="WNVM19648\Fail.azqsczivabnm.png" />
        <ResultFile path="WNVM19648\Fail.ig2gsfz5ad1y.png" />
        <ResultFile path="WNVM19648\Fail.o5zf0zepaw0l.png" />
        <ResultFile path="WNVM19648\OmniLog.html" />
        <ResultFile path="WNVM19648\OmniLogRawXml.xml" />
      </ResultFiles>
    </UnitTestResult>
    <UnitTestResult executionId="9f6588b8-5ec3-4c31-a91f-4f6076d9a275" testId="025bfd0a-5dbf-e36d-4a6a-7036db5233d8" testName="VSTest_RazorTypeThroughQuote" computerName="WNVM19648" duration="00:00:05.6402914" startTime="2018-04-17T01:21:07.1086998-07:00" endTime="2018-04-17T01:21:12.7489912-07:00" testType="13cdc9d9-ddb5-4fa4-a97d-d965ccfc6d4b" outcome="Passed" testListId="8c84fa94-04c1-424b-9868-57a2d4851a1d" relativeResultsDirectory="9f6588b8-5ec3-4c31-a91f-4f6076d9a275">
      <Output>
        <StdOut>+ TypingThroughTests::VSTest_RazorTypeThroughQuote
    + ApexTest TestInitialize
    + ExternalProcessHostTest TestInitialize
        (01:22:48.882) [Visual Studio Host (10528):RoamingSettingsService] Disabling roaming settings.
        (01:22:49.029) [Visual Studio Host (10528):SettingsService] Setting Visual Studio option 'Environment\RoamingSettings\RoamingEnabled' to 'False'.
        (01:22:49.690) [Visual Studio Host (10528):TextEditorDocumentWindowTestExtension] Showing window 'empty.cshtml' without activating the window.
        (01:22:49.849) [Visual Studio Host (10528):TextEditorDocumentWindowTestExtension] Showing window 'empty.cshtml'.
        (01:22:50.004) [Visual Studio Host (10528):VisualStudioTextEditorTestExtension] Setting keyboard focus to editor 'empty.cshtml'.
        (01:22:50.135) [Visual Studio Host (10528):MainWindowService] Activating main window to bring it to the foreground.
        (01:22:50.313) [Visual Studio Host (10528):MainWindowService] Setting main window state to 'Maximized'.
    (01:22:50.593) [Visual Studio Host (10528):TextEditorDocumentWindowTestExtension] Showing window 'empty.cshtml' without activating the window.
    (01:22:50.725) [Visual Studio Host (10528):TextEditorDocumentWindowTestExtension] Showing window 'empty.cshtml'.
    (01:22:50.868) [Visual Studio Host (10528):VisualStudioCaretTestExtension] Moving the caret from (Ln: 1, Ch: 1) to the beginning of the file
    (01:22:51.000) [Visual Studio Host (10528):VisualStudioTextEditorTestExtension] Setting keyboard focus to editor 'empty.cshtml'.
    (01:22:51.144) [Visual Studio Host (10528):TextEditorDocumentWindowTestExtension] Showing window 'empty.cshtml' without activating the window.
    (01:22:51.284) [Visual Studio Host (10528):TextEditorDocumentWindowTestExtension] Showing window 'empty.cshtml'.
    (01:22:51.468) [Visual Studio Host (10528):VisualStudioTextEditingActions] Inserting text combine CRLF as single return: '&lt;input name="@DateTime.Now"' at the current caret position: '(Ln: 1, Ch: 1)'
    (01:22:51.834) [Visual Studio Host (10528):TextEditorDocumentWindowTestExtension] Showing window 'empty.cshtml' without activating the window.
    (01:22:52.001) [Visual Studio Host (10528):TextEditorDocumentWindowTestExtension] Showing window 'empty.cshtml'.
    + ExternalProcessHostTest TestCleanup
        (01:22:52.334) [Visual Studio Host (10528):TextEditorDocumentWindowTestExtension] Closing window 'empty.cshtml'.
        (01:22:52.651) [Platform:Testcase] Test 'VSTest_RazorTypeThroughQuote' has 'Passed' outcome. Therefore, Apex will not shut down the 'Visual Studio Host (10528)' with process ID '10528'. A subsequent test scenario will run on the same instance of the host.
    + Final Test Result Verification
        (01:22:53.063) [Platform:DelayedAssertionVerifierSink] Verification Success: 0 verification steps failed.
    + ApexTest TestCleanup</StdOut>
      </Output>
      <ResultFiles>
        <ResultFile path="WNVM19648\Fail.aswak04hapa5.png" />
        <ResultFile path="WNVM19648\Fail.azqsczivabnm.png" />
        <ResultFile path="WNVM19648\Fail.byuslv5baqsd.png" />
        <ResultFile path="WNVM19648\Fail.ek4tb3wmalyl.png" />
        <ResultFile path="WNVM19648\Fail.ig2gsfz5ad1y.png" />
        <ResultFile path="WNVM19648\Fail.kxs1ersmaxma.png" />
        <ResultFile path="WNVM19648\Fail.loc0xhl5a2hr.png" />
        <ResultFile path="WNVM19648\Fail.o4kkrjboasbk.png" />
        <ResultFile path="WNVM19648\Fail.o5zf0zepaw0l.png" />
        <ResultFile path="WNVM19648\Fail.raasvsmeanc1.png" />
        <ResultFile path="WNVM19648\Fail.sidku4gxamg4.png" />
        <ResultFile path="WNVM19648\Fail.t4yj0fxuatil.png" />
        <ResultFile path="WNVM19648\Fail.z10rn0n5ajdm.png" />
        <ResultFile path="WNVM19648\OmniLog.html" />
        <ResultFile path="WNVM19648\OmniLogRawXml.xml" />
      </ResultFiles>
    </UnitTestResult>
    <UnitTestResult executionId="29b14f89-2e6a-47b9-81cc-c14e626adb78" testId="f395455a-f83d-d9ea-3198-a14795721a40" testName="VSTest_SmartIndentInJSInRazor" computerName="WNVM19648" duration="00:00:00.6349855" startTime="2018-04-17T00:24:19.5556021-07:00" endTime="2018-04-17T00:24:20.1905876-07:00" testType="13cdc9d9-ddb5-4fa4-a97d-d965ccfc6d4b" outcome="Failed" testListId="8c84fa94-04c1-424b-9868-57a2d4851a1d" relativeResultsDirectory="29b14f89-2e6a-47b9-81cc-c14e626adb78">
      <Output>
        <StdOut>+ SmartIndentTests::VSTest_SmartIndentInJSInRazor
    + ApexTest TestInitialize</StdOut>
        <ErrorInfo>
          <Message>Initialization method Microsoft.Test.Apex.ExternalProcessHostTest`2[[Microsoft.Test.Apex.VisualStudio.VisualStudioHostConfiguration, Microsoft.Test.Apex.VisualStudio, Version=15.0.0.0, Culture=neutral, PublicKeyToken=b03f5f7f11d50a3a],[Microsoft.Test.Apex.VisualStudio.VisualStudioHost, Microsoft.Test.Apex.VisualStudio, Version=15.0.0.0, Culture=neutral, PublicKeyToken=b03f5f7f11d50a3a]].TestInitialize threw exception. System.IO.IOException: The process cannot access the file 'C:\school\OmniLog.html' because it is being used by another process.</Message>
          <StackTrace>   at System.IO.__Error.WinIOError(Int32 errorCode, String maybeFullPath)
   at System.IO.FileStream.Init(String path, FileMode mode, FileAccess access, Int32 rights, Boolean useRights, FileShare share, Int32 bufferSize, FileOptions options, SECURITY_ATTRIBUTES secAttrs, String msgPath, Boolean bFromProxy, Boolean useLongPath, Boolean checkHost)
   at System.IO.FileStream..ctor(String path, FileMode mode, FileAccess access)
   at Omni.Logging.Sinks.IncrementalSummarySink.PrepareForWrite() in F:\dd\src\Omni\Log\Omni.Log\Sinks\IncrementalSummarySink.cs:line 169
   at Omni.Logging.Sinks.IncrementalSummarySink.Append(ILogMessage message) in F:\dd\src\Omni\Log\Omni.Log\Sinks\IncrementalSummarySink.cs:line 74
   at Omni.Logging.OmniLog.SendToSinks(LogMessage message) in F:\dd\src\Omni\Log\Omni.Log\OmniLog.cs:line 968
   at Omni.Logging.Log.BeginGroup(String message) in F:\dd\src\Omni\Log\Omni.Log\OmniLog.cs:line 1402
   at Microsoft.Test.Apex.Services.Logging.TestLoggerSinks.OmniLog.OmniLogSink.ActualSink.ScopeEntered(IExecutionScopeHandle scope) in F:\dd\src\omni\Apex\MsTestIntegration\Services\OmniLog\OmniLogSink.cs:line 318
   at Microsoft.Test.Apex.Services.Logging.TestLoggerSinks.OmniLog.OmniLogSink.ScopeEntered(IExecutionScopeHandle scope) in F:\dd\src\omni\Apex\MsTestIntegration\Services\OmniLog\OmniLogSink.cs:line 146
   at Microsoft.Test.Apex.Services.ExecutionScopeService.Enter(TestExecutionPoint testExecutionPoint, String scopeName, Boolean enterVerificationScope, Object context) in F:\dd\src\omni\Apex\Framework\Services\ExecutionScope\ExecutionScopeService.cs:line 228
   at Microsoft.Test.Apex.Services.ExecutionScopeService.Enter(String scopeName, Boolean enterVerificationScope, Object context) in F:\dd\src\omni\Apex\Framework\Services\ExecutionScope\ExecutionScopeService.cs:line 202
   at Microsoft.Test.Apex.Services.ExecutionScopeService.Enter(String scopeName) in F:\dd\src\omni\Apex\Framework\Services\ExecutionScope\ExecutionScopeService.cs:line 80
   at Microsoft.Test.Apex.ApexTest.TestInitialize() in F:\dd\src\omni\Apex\MsTestIntegration\ApexTest.cs:line 423
   at Microsoft.Test.Apex.ExternalProcessHostTest`2.TestInitialize() in F:\dd\src\omni\Apex\MsTestIntegration\ExternalProcessHostTest.cs:line 108</StackTrace>
        </ErrorInfo>
      </Output>
    </UnitTestResult>
    <UnitTestResult executionId="3f2d3b73-f408-4088-913c-130eb9841d19" testId="cb240fa2-8e3e-3388-8fd7-33db286ba873" testName="VSTest_CssAttributeCompletion_ClassName_RazorArtifacts" computerName="WNVM19648" duration="00:00:00.0770993" startTime="2018-04-17T00:29:14.3120978-07:00" endTime="2018-04-17T00:29:14.3891971-07:00" testType="13cdc9d9-ddb5-4fa4-a97d-d965ccfc6d4b" outcome="Failed" testListId="8c84fa94-04c1-424b-9868-57a2d4851a1d" relativeResultsDirectory="3f2d3b73-f408-4088-913c-130eb9841d19">
      <Output>
        <StdOut>+ CssAttributeTests::VSTest_CssAttributeCompletion_ClassName_RazorArtifacts
    + ApexTest TestInitialize</StdOut>
        <ErrorInfo>
          <Message>Initialization method Microsoft.Test.Apex.ExternalProcessHostTest`2[[Microsoft.Test.Apex.VisualStudio.VisualStudioHostConfiguration, Microsoft.Test.Apex.VisualStudio, Version=15.0.0.0, Culture=neutral, PublicKeyToken=b03f5f7f11d50a3a],[Microsoft.Test.Apex.VisualStudio.VisualStudioHost, Microsoft.Test.Apex.VisualStudio, Version=15.0.0.0, Culture=neutral, PublicKeyToken=b03f5f7f11d50a3a]].TestInitialize threw exception. System.IO.IOException: The process cannot access the file 'C:\school\OmniLog.html' because it is being used by another process.</Message>
          <StackTrace>   at System.IO.__Error.WinIOError(Int32 errorCode, String maybeFullPath)
   at System.IO.FileStream.Init(String path, FileMode mode, FileAccess access, Int32 rights, Boolean useRights, FileShare share, Int32 bufferSize, FileOptions options, SECURITY_ATTRIBUTES secAttrs, String msgPath, Boolean bFromProxy, Boolean useLongPath, Boolean checkHost)
   at System.IO.FileStream..ctor(String path, FileMode mode, FileAccess access)
   at Omni.Logging.Sinks.IncrementalSummarySink.PrepareForWrite() in F:\dd\src\Omni\Log\Omni.Log\Sinks\IncrementalSummarySink.cs:line 169
   at Omni.Logging.Sinks.IncrementalSummarySink.Append(ILogMessage message) in F:\dd\src\Omni\Log\Omni.Log\Sinks\IncrementalSummarySink.cs:line 74
   at Omni.Logging.OmniLog.SendToSinks(LogMessage message) in F:\dd\src\Omni\Log\Omni.Log\OmniLog.cs:line 968
   at Omni.Logging.Log.BeginGroup(String message) in F:\dd\src\Omni\Log\Omni.Log\OmniLog.cs:line 1402
   at Microsoft.Test.Apex.Services.Logging.TestLoggerSinks.OmniLog.OmniLogSink.ActualSink.ScopeEntered(IExecutionScopeHandle scope) in F:\dd\src\omni\Apex\MsTestIntegration\Services\OmniLog\OmniLogSink.cs:line 318
   at Microsoft.Test.Apex.Services.Logging.TestLoggerSinks.OmniLog.OmniLogSink.ScopeEntered(IExecutionScopeHandle scope) in F:\dd\src\omni\Apex\MsTestIntegration\Services\OmniLog\OmniLogSink.cs:line 146
   at Microsoft.Test.Apex.Services.ExecutionScopeService.Enter(TestExecutionPoint testExecutionPoint, String scopeName, Boolean enterVerificationScope, Object context) in F:\dd\src\omni\Apex\Framework\Services\ExecutionScope\ExecutionScopeService.cs:line 228
   at Microsoft.Test.Apex.Services.ExecutionScopeService.Enter(String scopeName, Boolean enterVerificationScope, Object context) in F:\dd\src\omni\Apex\Framework\Services\ExecutionScope\ExecutionScopeService.cs:line 202
   at Microsoft.Test.Apex.Services.ExecutionScopeService.Enter(String scopeName) in F:\dd\src\omni\Apex\Framework\Services\ExecutionScope\ExecutionScopeService.cs:line 80
   at Microsoft.Test.Apex.ApexTest.TestInitialize() in F:\dd\src\omni\Apex\MsTestIntegration\ApexTest.cs:line 423
   at Microsoft.Test.Apex.ExternalProcessHostTest`2.TestInitialize() in F:\dd\src\omni\Apex\MsTestIntegration\ExternalProcessHostTest.cs:line 108</StackTrace>
        </ErrorInfo>
      </Output>
    </UnitTestResult>
    <UnitTestResult executionId="3424d09a-ff35-47fa-95df-19de58c861ed" testId="f6a112ca-9353-0689-8dcf-6c0d0d446477" testName="VSTest_FormatSelectionSVG" computerName="WNVM19648" duration="00:00:03.3313397" startTime="2018-04-17T00:31:15.0954075-07:00" endTime="2018-04-17T00:31:18.4267472-07:00" testType="13cdc9d9-ddb5-4fa4-a97d-d965ccfc6d4b" outcome="Passed" testListId="8c84fa94-04c1-424b-9868-57a2d4851a1d" relativeResultsDirectory="3424d09a-ff35-47fa-95df-19de58c861ed">
      <Output>
        <StdOut>+ FormatTests::VSTest_FormatSelectionSVG
    + ApexTest TestInitialize
    + ExternalProcessHostTest TestInitialize
        (32:56.611) [Visual Studio Host (11564):RoamingSettingsService] Disabling roaming settings.
        (32:56.706) [Visual Studio Host (11564):SettingsService] Setting Visual Studio option 'Environment\RoamingSettings\RoamingEnabled' to 'False'.
        (32:57.079) [Visual Studio Host (11564):TextEditorDocumentWindowTestExtension] Showing window 'FormatSelectionSVG.htm' without activating the window.
        (32:57.163) [Visual Studio Host (11564):TextEditorDocumentWindowTestExtension] Showing window 'FormatSelectionSVG.htm'.
        (32:57.264) [Visual Studio Host (11564):VisualStudioTextEditorTestExtension] Setting keyboard focus to editor 'FormatSelectionSVG.htm'.
        (32:57.338) [Visual Studio Host (11564):MainWindowService] Activating main window to bring it to the foreground.
        (32:57.402) [Visual Studio Host (11564):MainWindowService] Setting main window state to 'Maximized'.
    (32:57.554) [Visual Studio Host (11564):TextEditorDocumentWindowTestExtension] Showing window 'FormatSelectionSVG.htm' without activating the window.
    (32:57.642) [Visual Studio Host (11564):TextEditorDocumentWindowTestExtension] Showing window 'FormatSelectionSVG.htm'.
    (32:57.720) [Visual Studio Host (11564):VisualStudioCaretTestExtension] Moving the caret from (Ln: 1, Ch: 1) to (Ln: 12, Ch: 1)
    (32:57.797) [Visual Studio Host (11564):TextEditorDocumentWindowTestExtension] Showing window 'FormatSelectionSVG.htm'.
    (32:57.903) [Visual Studio Host (11564):VisualStudioCaretTestExtension] Moving the caret and selecting from (Ln: 12, Ch: 1) down '3' lines
    (32:57.990) [Visual Studio Host (11564):VisualStudioTextEditorTestExtension] Setting keyboard focus to editor 'FormatSelectionSVG.htm'.
    (32:58.082) [Visual Studio Host (11564):TextEditorDocumentWindowTestExtension] Showing window 'FormatSelectionSVG.htm'.
    (32:58.178) [Visual Studio Host (11564):VisualStudioCaretTestExtension] Moving the caret and selecting from (Ln: 15, Ch: 1) to the beginning of the line
    (32:58.253) [Visual Studio Host (11564):VisualStudioTextEditorTestExtension] Setting keyboard focus to editor 'FormatSelectionSVG.htm'.
    (32:58.340) [Visual Studio Host (11564):TextEditorDocumentWindowTestExtension] Showing window 'FormatSelectionSVG.htm'.
    (32:58.429) [Visual Studio Host (11564):TextEditorDocumentWindowTestExtension] Showing window 'FormatSelectionSVG.htm' without activating the window.
    (32:58.515) [Visual Studio Host (11564):TextEditorDocumentWindowTestExtension] Showing window 'FormatSelectionSVG.htm'.
    (32:58.602) [Visual Studio Host (11564):TextEditorDocumentWindowTestExtension] Showing window 'FormatSelectionSVG.htm' without activating the window.
    (32:58.678) [Visual Studio Host (11564):TextEditorDocumentWindowTestExtension] Showing window 'FormatSelectionSVG.htm'.
    + ExternalProcessHostTest TestCleanup
        (32:58.874) [Visual Studio Host (11564):TextEditorDocumentWindowTestExtension] Closing window 'FormatSelectionSVG.htm'.
        (32:59.069) [Platform:Testcase] Test 'VSTest_FormatSelectionSVG' has 'Passed' outcome. Therefore, Apex will not shut down the 'Visual Studio Host (11564)' with process ID '11564'. A subsequent test scenario will run on the same instance of the host.
    + Final Test Result Verification
        (32:59.255) [Platform:DelayedAssertionVerifierSink] Verification Success: 0 verification steps failed.
    + ApexTest TestCleanup</StdOut>
      </Output>
      <ResultFiles>
        <ResultFile path="WNVM19648\Fail.azqsczivabnm.png" />
        <ResultFile path="WNVM19648\Fail.ig2gsfz5ad1y.png" />
        <ResultFile path="WNVM19648\Fail.o5zf0zepaw0l.png" />
        <ResultFile path="WNVM19648\OmniLog.html" />
        <ResultFile path="WNVM19648\OmniLogRawXml.xml" />
      </ResultFiles>
    </UnitTestResult>
    <UnitTestResult executionId="ad6b048b-1633-4d27-8341-370e146bd326" testId="4ccc5e0d-d251-473d-5fed-c093055c6528" testName="VSTest_Completion_Url_FilterExtensions" computerName="WNVM19648" duration="00:00:02.5686986" startTime="2018-04-17T00:15:30.2986206-07:00" endTime="2018-04-17T00:15:32.8673192-07:00" testType="13cdc9d9-ddb5-4fa4-a97d-d965ccfc6d4b" outcome="Passed" testListId="8c84fa94-04c1-424b-9868-57a2d4851a1d" relativeResultsDirectory="ad6b048b-1633-4d27-8341-370e146bd326">
      <Output>
        <StdOut>+ CompletionTests::VSTest_Completion_Url_FilterExtensions
    + ApexTest TestInitialize
    + ExternalProcessHostTest TestInitialize
        (17:11.583) [Visual Studio Host (6956):RoamingSettingsService] Disabling roaming settings.
        (17:11.625) [Visual Studio Host (6956):SettingsService] Setting Visual Studio option 'Environment\RoamingSettings\RoamingEnabled' to 'False'.
        (17:11.919) [Visual Studio Host (6956):TextEditorDocumentWindowTestExtension] Showing window 'default.html' without activating the window.
        (17:12.011) [Visual Studio Host (6956):TextEditorDocumentWindowTestExtension] Showing window 'default.html'.
        (17:12.078) [Visual Studio Host (6956):VisualStudioTextEditorTestExtension] Setting keyboard focus to editor 'default.html'.
        (17:12.141) [Visual Studio Host (6956):MainWindowService] Activating main window to bring it to the foreground.
        (17:12.213) [Visual Studio Host (6956):MainWindowService] Setting main window state to 'Maximized'.
    (17:12.318) [Visual Studio Host (6956):TextEditorDocumentWindowTestExtension] Showing window 'default.html' without activating the window.
    (17:12.370) [Visual Studio Host (6956):TextEditorDocumentWindowTestExtension] Showing window 'default.html'.
    (17:12.427) [Visual Studio Host (6956):VisualStudioCaretTestExtension] Moving the caret to '&lt;body&gt;' at (Ln: 8, Ch: 1) based on a regular expression.  Expression = "&lt;body&gt;" [group index '0', match index '1', options 'Singleline, CultureInvariant']
    (17:12.492) [Visual Studio Host (6956):TextEditorDocumentWindowTestExtension] Showing window 'default.html' without activating the window.
    (17:12.555) [Visual Studio Host (6956):TextEditorDocumentWindowTestExtension] Showing window 'default.html'.
    (17:12.633) [Visual Studio Host (6956):VisualStudioCaretTestExtension] Moving the caret from (Ln: 8, Ch: 1) down '1' lines
    (17:12.695) [Visual Studio Host (6956):VisualStudioTextEditorTestExtension] Setting keyboard focus to editor 'default.html'.
    (17:12.757) [Visual Studio Host (6956):TextEditorDocumentWindowTestExtension] Showing window 'default.html' without activating the window.
    (17:12.804) [Visual Studio Host (6956):TextEditorDocumentWindowTestExtension] Showing window 'default.html'.
    (17:12.932) [Visual Studio Host (6956):TextEditorDocumentWindowTestExtension] Showing window 'default.html' without activating the window.
    (17:13.008) [Visual Studio Host (6956):TextEditorDocumentWindowTestExtension] Showing window 'default.html'.
    (17:13.070) [Visual Studio Host (6956):VisualStudioIntellisenseService] Getting the active completion at position '(Ln: 9, Ch: 11)'.
    (17:13.149) [Visual Studio Host (6956):VisualStudioCompletionListTestExtension] Found completion item with name 
    (17:13.206) [Visual Studio Host (6956):VisualStudioCompletionListTestExtension] Unable to find completion item with name 
    + ExternalProcessHostTest TestCleanup
        (17:13.296) [Visual Studio Host (6956):TextEditorDocumentWindowTestExtension] Closing window 'default.html'.
        (17:13.521) [Platform:Testcase] Test 'VSTest_Completion_Url_FilterExtensions' has 'Passed' outcome. Therefore, Apex will not shut down the 'Visual Studio Host (6956)' with process ID '6956'. A subsequent test scenario will run on the same instance of the host.
    + Final Test Result Verification
        (17:13.689) [Platform:DelayedAssertionVerifierSink] Verification Success: 0 verification steps failed.
    + ApexTest TestCleanup</StdOut>
      </Output>
      <ResultFiles>
        <ResultFile path="WNVM19648\Fail.azqsczivabnm.png" />
        <ResultFile path="WNVM19648\Fail.ig2gsfz5ad1y.png" />
        <ResultFile path="WNVM19648\Fail.o5zf0zepaw0l.png" />
        <ResultFile path="WNVM19648\OmniLog.html" />
        <ResultFile path="WNVM19648\OmniLogRawXml.xml" />
      </ResultFiles>
    </UnitTestResult>
    <UnitTestResult executionId="1d954506-1672-4422-951e-ae42317e30f5" testId="c2ba2bec-aa70-bdec-9339-a29767265216" testName="VSTest_SaveAs_StartWithCss" computerName="WNVM19648" duration="00:00:11.5300128" startTime="2018-04-17T00:17:52.4934925-07:00" endTime="2018-04-17T00:18:04.0235053-07:00" testType="13cdc9d9-ddb5-4fa4-a97d-d965ccfc6d4b" outcome="Passed" testListId="8c84fa94-04c1-424b-9868-57a2d4851a1d" relativeResultsDirectory="1d954506-1672-4422-951e-ae42317e30f5">
      <Output>
        <StdOut>+ SaveAsTests::VSTest_SaveAs_StartWithCss
    + ApexTest TestInitialize
    + ExternalProcessHostTest TestInitialize
        (19:33.829) [Visual Studio Host (6956):RoamingSettingsService] Disabling roaming settings.
        (19:33.877) [Visual Studio Host (6956):SettingsService] Setting Visual Studio option 'Environment\RoamingSettings\RoamingEnabled' to 'False'.
        (19:34.150) [Visual Studio Host (6956):TextEditorDocumentWindowTestExtension] Showing window 'SaveAs.css' without activating the window.
        (19:34.241) [Visual Studio Host (6956):TextEditorDocumentWindowTestExtension] Showing window 'SaveAs.css'.
        (19:34.328) [Visual Studio Host (6956):VisualStudioTextEditorTestExtension] Setting keyboard focus to editor 'SaveAs.css'.
        (19:34.382) [Visual Studio Host (6956):MainWindowService] Activating main window to bring it to the foreground.
        (19:34.436) [Visual Studio Host (6956):MainWindowService] Setting main window state to 'Maximized'.
    (19:34.933) [Visual Studio Host (6956):TextEditorDocumentWindowTestExtension] Showing window 'SaveAs.css' without activating the window.
    (19:34.999) [Visual Studio Host (6956):TextEditorDocumentWindowTestExtension] Showing window 'SaveAs.css'.
    (19:35.146) [Visual Studio Host (6956):TextEditorDocumentWindowTestExtension] Showing window 'SaveAs.css' without activating the window.
    (19:35.339) [Visual Studio Host (6956):TextEditorDocumentWindowTestExtension] Showing window 'SaveAs.css'.
    (19:35.436) [Visual Studio Host (6956):VisualStudioIntellisenseService] Getting the active completion at position '(Ln: 1, Ch: 4)'.
    (19:35.514) [Visual Studio Host (6956):VisualStudioCompletionListTestExtension] Found completion item with name 
    (19:35.648) [Visual Studio Host (6956):ProjectItemTestExtension] Rename ProjectFile 'SaveAs.css' to 'SaveAs.html'
    (19:35.734) [Visual Studio Host (6956):SolutionExplorerService] Expanding item 'misc' in tool window 'Solution Explorer'
    (19:35.791) [Visual Studio Host (6956):ToolWindowTestExtension] Showing window 'Solution Explorer'.
    (19:35.888) [Visual Studio Host (6956):SolutionExplorerService] Selecting item 'SaveAs.css' in tool window 'Solution Explorer'
    (19:36.298) [Visual Studio Host (6956):TextEditorDocumentWindowTestExtension] Showing window 'SaveAs.html' without activating the window.
    (19:36.392) [Visual Studio Host (6956):TextEditorDocumentWindowTestExtension] Showing window 'SaveAs.html'.
    (19:36.634) [Visual Studio Host (6956):TextEditorDocumentWindowTestExtension] Showing window 'SaveAs.html' without activating the window.
    (19:36.717) [Visual Studio Host (6956):TextEditorDocumentWindowTestExtension] Showing window 'SaveAs.html'.
    (19:36.805) [Visual Studio Host (6956):VisualStudioIntellisenseService] Getting the active completion at position '(Ln: 1, Ch: 2)'.
    (19:36.873) [Visual Studio Host (6956):VisualStudioCompletionListTestExtension] Found completion item with name 
    (19:36.997) [Visual Studio Host (6956):ProjectItemTestExtension] Rename ProjectFile 'SaveAs.html' to 'SaveAs.json'
    (19:37.117) [Visual Studio Host (6956):SolutionExplorerService] Expanding item 'misc' in tool window 'Solution Explorer'
    (19:37.182) [Visual Studio Host (6956):ToolWindowTestExtension] Showing window 'Solution Explorer'.
    (19:37.296) [Visual Studio Host (6956):SolutionExplorerService] Selecting item 'SaveAs.html' in tool window 'Solution Explorer'
    (19:37.667) [Visual Studio Host (6956):TextEditorDocumentWindowTestExtension] Showing window 'SaveAs.json' without activating the window.
    (19:37.740) [Visual Studio Host (6956):TextEditorDocumentWindowTestExtension] Showing window 'SaveAs.json'.
    (19:37.891) [Visual Studio Host (6956):TextEditorDocumentWindowTestExtension] Showing window 'SaveAs.json' without activating the window.
    (19:37.966) [Visual Studio Host (6956):TextEditorDocumentWindowTestExtension] Showing window 'SaveAs.json'.
    (19:38.075) [Visual Studio Host (6956):ProjectItemTestExtension] Rename ProjectFile 'SaveAs.json' to 'SaveAs.cshtml'
    (19:38.170) [Visual Studio Host (6956):SolutionExplorerService] Expanding item 'misc' in tool window 'Solution Explorer'
    (19:38.239) [Visual Studio Host (6956):ToolWindowTestExtension] Showing window 'Solution Explorer'.
    (19:38.402) [Visual Studio Host (6956):SolutionExplorerService] Selecting item 'SaveAs.json' in tool window 'Solution Explorer'
    (19:38.702) [Visual Studio Host (6956):TextEditorDocumentWindowTestExtension] Showing window 'SaveAs.cshtml' without activating the window.
    (19:38.775) [Visual Studio Host (6956):TextEditorDocumentWindowTestExtension] Showing window 'SaveAs.cshtml'.
    (19:39.030) [Visual Studio Host (6956):TextEditorDocumentWindowTestExtension] Showing window 'SaveAs.cshtml' without activating the window.
    (19:39.129) [Visual Studio Host (6956):TextEditorDocumentWindowTestExtension] Showing window 'SaveAs.cshtml'.
    (19:39.241) [Visual Studio Host (6956):VisualStudioIntellisenseService] Getting the active completion at position '(Ln: 1, Ch: 2)'.
    (19:39.336) [Visual Studio Host (6956):VisualStudioCompletionListTestExtension] Found completion item with name 
    (19:39.459) [Visual Studio Host (6956):ProjectItemTestExtension] Rename ProjectFile 'SaveAs.cshtml' to 'SaveAs.css'
    (19:39.556) [Visual Studio Host (6956):SolutionExplorerService] Expanding item 'misc' in tool window 'Solution Explorer'
    (19:39.603) [Visual Studio Host (6956):ToolWindowTestExtension] Showing window 'Solution Explorer'.
    (19:39.676) [Visual Studio Host (6956):SolutionExplorerService] Selecting item 'SaveAs.cshtml' in tool window 'Solution Explorer'
    (19:39.895) [Visual Studio Host (6956):TextEditorDocumentWindowTestExtension] Showing window 'SaveAs.css' without activating the window.
    (19:39.975) [Visual Studio Host (6956):TextEditorDocumentWindowTestExtension] Showing window 'SaveAs.css'.
    (19:40.178) [Visual Studio Host (6956):TextEditorDocumentWindowTestExtension] Showing window 'SaveAs.css' without activating the window.
    (19:40.271) [Visual Studio Host (6956):TextEditorDocumentWindowTestExtension] Showing window 'SaveAs.css'.
    (19:40.370) [Visual Studio Host (6956):VisualStudioIntellisenseService] Getting the active completion at position '(Ln: 1, Ch: 4)'.
    (19:40.431) [Visual Studio Host (6956):VisualStudioCompletionListTestExtension] Found completion item with name 
    (19:40.572) [Visual Studio Host (6956):ProjectItemTestExtension] Rename ProjectFile 'SaveAs.css' to 'SaveAs.html'
    (19:40.670) [Visual Studio Host (6956):SolutionExplorerService] Expanding item 'misc' in tool window 'Solution Explorer'
    (19:40.736) [Visual Studio Host (6956):ToolWindowTestExtension] Showing window 'Solution Explorer'.
    (19:40.841) [Visual Studio Host (6956):SolutionExplorerService] Selecting item 'SaveAs.css' in tool window 'Solution Explorer'
    (19:41.181) [Visual Studio Host (6956):TextEditorDocumentWindowTestExtension] Showing window 'SaveAs.html' without activating the window.
    (19:41.278) [Visual Studio Host (6956):TextEditorDocumentWindowTestExtension] Showing window 'SaveAs.html'.
    (19:41.516) [Visual Studio Host (6956):TextEditorDocumentWindowTestExtension] Showing window 'SaveAs.html' without activating the window.
    (19:41.583) [Visual Studio Host (6956):TextEditorDocumentWindowTestExtension] Showing window 'SaveAs.html'.
    (19:41.679) [Visual Studio Host (6956):VisualStudioIntellisenseService] Getting the active completion at position '(Ln: 1, Ch: 2)'.
    (19:41.744) [Visual Studio Host (6956):VisualStudioCompletionListTestExtension] Found completion item with name 
    (19:41.878) [Visual Studio Host (6956):ProjectItemTestExtension] Rename ProjectFile 'SaveAs.html' to 'SaveAs.json'
    (19:41.987) [Visual Studio Host (6956):SolutionExplorerService] Expanding item 'misc' in tool window 'Solution Explorer'
    (19:42.056) [Visual Studio Host (6956):ToolWindowTestExtension] Showing window 'Solution Explorer'.
    (19:42.160) [Visual Studio Host (6956):SolutionExplorerService] Selecting item 'SaveAs.html' in tool window 'Solution Explorer'
    (19:42.552) [Visual Studio Host (6956):TextEditorDocumentWindowTestExtension] Showing window 'SaveAs.json' without activating the window.
    (19:42.621) [Visual Studio Host (6956):TextEditorDocumentWindowTestExtension] Showing window 'SaveAs.json'.
    (19:42.724) [Visual Studio Host (6956):TextEditorDocumentWindowTestExtension] Showing window 'SaveAs.json' without activating the window.
    (19:42.782) [Visual Studio Host (6956):TextEditorDocumentWindowTestExtension] Showing window 'SaveAs.json'.
    (19:42.859) [Visual Studio Host (6956):ProjectItemTestExtension] Rename ProjectFile 'SaveAs.json' to 'SaveAs.cshtml'
    (19:42.933) [Visual Studio Host (6956):SolutionExplorerService] Expanding item 'misc' in tool window 'Solution Explorer'
    (19:42.979) [Visual Studio Host (6956):ToolWindowTestExtension] Showing window 'Solution Explorer'.
    (19:43.074) [Visual Studio Host (6956):SolutionExplorerService] Selecting item 'SaveAs.json' in tool window 'Solution Explorer'
    (19:43.296) [Visual Studio Host (6956):TextEditorDocumentWindowTestExtension] Showing window 'SaveAs.cshtml' without activating the window.
    (19:43.375) [Visual Studio Host (6956):TextEditorDocumentWindowTestExtension] Showing window 'SaveAs.cshtml'.
    (19:43.515) [Visual Studio Host (6956):TextEditorDocumentWindowTestExtension] Showing window 'SaveAs.cshtml' without activating the window.
    (19:43.593) [Visual Studio Host (6956):TextEditorDocumentWindowTestExtension] Showing window 'SaveAs.cshtml'.
    (19:43.682) [Visual Studio Host (6956):VisualStudioIntellisenseService] Getting the active completion at position '(Ln: 1, Ch: 2)'.
    (19:43.749) [Visual Studio Host (6956):VisualStudioCompletionListTestExtension] Found completion item with name 
    (19:43.841) [Visual Studio Host (6956):ProjectItemTestExtension] Rename ProjectFile 'SaveAs.cshtml' to 'SaveAs.css'
    (19:43.946) [Visual Studio Host (6956):SolutionExplorerService] Expanding item 'misc' in tool window 'Solution Explorer'
    (19:43.990) [Visual Studio Host (6956):ToolWindowTestExtension] Showing window 'Solution Explorer'.
    (19:44.071) [Visual Studio Host (6956):SolutionExplorerService] Selecting item 'SaveAs.cshtml' in tool window 'Solution Explorer'
    + ExternalProcessHostTest TestCleanup
        (19:44.333) [Visual Studio Host (6956):TextEditorDocumentWindowTestExtension] Closing window 'SaveAs.css'.
        (19:44.498) [Platform:Testcase] Test 'VSTest_SaveAs_StartWithCss' has 'Passed' outcome. Therefore, Apex will not shut down the 'Visual Studio Host (6956)' with process ID '6956'. A subsequent test scenario will run on the same instance of the host.
    + Final Test Result Verification
        (19:44.754) [Platform:DelayedAssertionVerifierSink] Verification Success: 0 verification steps failed.
    + ApexTest TestCleanup</StdOut>
      </Output>
      <ResultFiles>
        <ResultFile path="WNVM19648\Fail.azqsczivabnm.png" />
        <ResultFile path="WNVM19648\Fail.ig2gsfz5ad1y.png" />
        <ResultFile path="WNVM19648\Fail.o5zf0zepaw0l.png" />
        <ResultFile path="WNVM19648\OmniLog.html" />
        <ResultFile path="WNVM19648\OmniLogRawXml.xml" />
      </ResultFiles>
    </UnitTestResult>
    <UnitTestResult executionId="927cb806-5f41-4198-a409-81b72912961f" testId="4381e308-d0bb-7553-16e1-2184e14da473" testName="VSTest_HtmlOutlining_Basic" computerName="WNVM19648" duration="00:00:03.2120341" startTime="2018-04-17T00:13:50.8436872-07:00" endTime="2018-04-17T00:13:54.0557213-07:00" testType="13cdc9d9-ddb5-4fa4-a97d-d965ccfc6d4b" outcome="Passed" testListId="8c84fa94-04c1-424b-9868-57a2d4851a1d" relativeResultsDirectory="927cb806-5f41-4198-a409-81b72912961f">
      <Output>
        <StdOut>+ HtmlOutliningTests::VSTest_HtmlOutlining_Basic
    + ApexTest TestInitialize
    + ExternalProcessHostTest TestInitialize
        (15:32.147) [Visual Studio Host (6956):RoamingSettingsService] Disabling roaming settings.
        (15:32.196) [Visual Studio Host (6956):SettingsService] Setting Visual Studio option 'Environment\RoamingSettings\RoamingEnabled' to 'False'.
        (15:32.630) [Visual Studio Host (6956):TextEditorDocumentWindowTestExtension] Showing window 'HTMLPage.html' without activating the window.
        (15:32.711) [Visual Studio Host (6956):TextEditorDocumentWindowTestExtension] Showing window 'HTMLPage.html'.
        (15:32.785) [Visual Studio Host (6956):VisualStudioTextEditorTestExtension] Setting keyboard focus to editor 'HTMLPage.html'.
        (15:32.838) [Visual Studio Host (6956):MainWindowService] Activating main window to bring it to the foreground.
        (15:32.883) [Visual Studio Host (6956):MainWindowService] Setting main window state to 'Maximized'.
    (15:33.026) [Visual Studio Host (6956):TextEditorDocumentWindowTestExtension] Showing window 'HTMLPage.html' without activating the window.
    (15:33.069) [Visual Studio Host (6956):TextEditorDocumentWindowTestExtension] Showing window 'HTMLPage.html'.
    (15:33.172) [Visual Studio Host (6956):VisualStudioOutliningTestExtension] Retrieved '6' outlined regions in the editor.
    VerificationPass: (15:33.216) [Platform:Testcase] Verification passed: Number of outlining regions is 6; expected to find 6.
    (15:33.255) [Platform:Testcase] Verifying outline region on line 3
    VerificationPass: (15:33.293) [Platform:Testcase] Verification passed: Start locations are not equal. Expected '(Ln: 3, Ch: 1)', Actual: '(Ln: 3, Ch: 1)'
    VerificationPass: (15:33.343) [Platform:Testcase] Verification passed: End locations are not equal. Expected '(Ln: 18, Ch: 8)', Actual: '(Ln: 18, Ch: 8)'
    VerificationPass: (15:33.393) [Platform:Testcase] Verification passed: Instances are equal. Expected 'False', Actual 'False'.
    (15:33.436) [Platform:Testcase] Verifying outline region on line 4
    VerificationPass: (15:33.497) [Platform:Testcase] Verification passed: Start locations are not equal. Expected '(Ln: 4, Ch: 1)', Actual: '(Ln: 4, Ch: 1)'
    VerificationPass: (15:33.548) [Platform:Testcase] Verification passed: End locations are not equal. Expected '(Ln: 7, Ch: 8)', Actual: '(Ln: 7, Ch: 8)'
    VerificationPass: (15:33.592) [Platform:Testcase] Verification passed: Instances are equal. Expected 'False', Actual 'False'.
    (15:33.636) [Platform:Testcase] Verifying outline region on line 8
    VerificationPass: (15:33.677) [Platform:Testcase] Verification passed: Start locations are not equal. Expected '(Ln: 8, Ch: 1)', Actual: '(Ln: 8, Ch: 1)'
    VerificationPass: (15:33.717) [Platform:Testcase] Verification passed: End locations are not equal. Expected '(Ln: 17, Ch: 8)', Actual: '(Ln: 17, Ch: 8)'
    VerificationPass: (15:33.762) [Platform:Testcase] Verification passed: Instances are equal. Expected 'False', Actual 'False'.
    (15:33.804) [Platform:Testcase] Verifying outline region on line 9
    VerificationPass: (15:33.860) [Platform:Testcase] Verification passed: Start locations are not equal. Expected '(Ln: 9, Ch: 5)', Actual: '(Ln: 9, Ch: 5)'
    VerificationPass: (15:33.910) [Platform:Testcase] Verification passed: End locations are not equal. Expected '(Ln: 16, Ch: 13)', Actual: '(Ln: 16, Ch: 13)'
    VerificationPass: (15:33.959) [Platform:Testcase] Verification passed: Instances are equal. Expected 'False', Actual 'False'.
    (15:34.007) [Platform:Testcase] Verifying outline region on line 10
    VerificationPass: (15:34.053) [Platform:Testcase] Verification passed: Start locations are not equal. Expected '(Ln: 10, Ch: 9)', Actual: '(Ln: 10, Ch: 9)'
    VerificationPass: (15:34.101) [Platform:Testcase] Verification passed: End locations are not equal. Expected '(Ln: 15, Ch: 14)', Actual: '(Ln: 15, Ch: 14)'
    VerificationPass: (15:34.146) [Platform:Testcase] Verification passed: Instances are equal. Expected 'False', Actual 'False'.
    (15:34.199) [Platform:Testcase] Verifying outline region on line 12
    VerificationPass: (15:34.249) [Platform:Testcase] Verification passed: Start locations are not equal. Expected '(Ln: 12, Ch: 13)', Actual: '(Ln: 12, Ch: 13)'
    VerificationPass: (15:34.296) [Platform:Testcase] Verification passed: End locations are not equal. Expected '(Ln: 14, Ch: 18)', Actual: '(Ln: 14, Ch: 18)'
    VerificationPass: (15:34.344) [Platform:Testcase] Verification passed: Instances are equal. Expected 'False', Actual 'False'.
    + ExternalProcessHostTest TestCleanup
        (15:34.450) [Visual Studio Host (6956):TextEditorDocumentWindowTestExtension] Closing window 'HTMLPage.html'.
        (15:34.682) [Platform:Testcase] Test 'VSTest_HtmlOutlining_Basic' has 'Passed' outcome. Therefore, Apex will not shut down the 'Visual Studio Host (6956)' with process ID '6956'. A subsequent test scenario will run on the same instance of the host.
    + Final Test Result Verification
        (15:34.877) [Platform:DelayedAssertionVerifierSink] Verification Success: 0 verification steps failed.
    + ApexTest TestCleanup</StdOut>
      </Output>
      <ResultFiles>
        <ResultFile path="WNVM19648\Fail.ig2gsfz5ad1y.png" />
        <ResultFile path="WNVM19648\OmniLog.html" />
        <ResultFile path="WNVM19648\OmniLogRawXml.xml" />
      </ResultFiles>
    </UnitTestResult>
    <UnitTestResult executionId="9f26fbc7-4aff-43a6-9de3-6ec26cfb758d" testId="97575886-364d-b25c-355a-717549ec865f" testName="VSTest_TypingTags_Noscript_to_Optgroup" computerName="WNVM19648" startTime="2018-04-17T00:43:46.7197472-07:00" endTime="2018-04-17T00:43:46.7197472-07:00" testType="13cdc9d9-ddb5-4fa4-a97d-d965ccfc6d4b" outcome="NotExecuted" testListId="8c84fa94-04c1-424b-9868-57a2d4851a1d" relativeResultsDirectory="9f26fbc7-4aff-43a6-9de3-6ec26cfb758d">
      <Output>
      </Output>
    </UnitTestResult>
    <UnitTestResult executionId="186218f9-ff8a-47d5-8397-bbc5c2388262" testId="97b66cab-e638-f353-72be-9e34850dcde9" testName="VSTest_Generate_Page_Load_Event_Code_Behind_CS" computerName="WNVM19648" duration="00:00:05.3040090" startTime="2018-04-17T01:23:39.0151986-07:00" endTime="2018-04-17T01:23:44.3192076-07:00" testType="13cdc9d9-ddb5-4fa4-a97d-d965ccfc6d4b" outcome="Passed" testListId="8c84fa94-04c1-424b-9868-57a2d4851a1d" relativeResultsDirectory="186218f9-ff8a-47d5-8397-bbc5c2388262">
      <Output>
        <StdOut>+ GenerateEventTests::VSTest_Generate_Page_Load_Event_Code_Behind_CS
    + ApexTest TestInitialize
    + ExternalProcessHostTest TestInitialize
        (01:25:20.736) [Visual Studio Host (10528):RoamingSettingsService] Disabling roaming settings.
        (01:25:20.897) [Visual Studio Host (10528):SettingsService] Setting Visual Studio option 'Environment\RoamingSettings\RoamingEnabled' to 'False'.
        (01:25:21.391) [Visual Studio Host (10528):TextEditorDocumentWindowTestExtension] Showing window 'WebFormCSCodeBehind.aspx' without activating the window.
        (01:25:21.628) [Visual Studio Host (10528):TextEditorDocumentWindowTestExtension] Showing window 'WebFormCSCodeBehind.aspx'.
        (01:25:21.810) [Visual Studio Host (10528):VisualStudioTextEditorTestExtension] Setting keyboard focus to editor 'WebFormCSCodeBehind.aspx'.
        (01:25:21.962) [Visual Studio Host (10528):MainWindowService] Activating main window to bring it to the foreground.
        (01:25:22.146) [Visual Studio Host (10528):MainWindowService] Setting main window state to 'Maximized'.
    (01:25:23.049) [Visual Studio Host (10528):TextEditorDocumentWindowTestExtension] Showing window 'WebFormCSCodeBehind.aspx.cs' without activating the window.
    (01:25:23.204) [Visual Studio Host (10528):TextEditorDocumentWindowTestExtension] Showing window 'WebFormCSCodeBehind.aspx.cs'.
    (01:25:23.399) [Visual Studio Host (10528):TextEditorDocumentWindowTestExtension] Showing window 'WebFormCSCodeBehind.aspx.cs' without activating the window.
    (01:25:23.560) [Visual Studio Host (10528):TextEditorDocumentWindowTestExtension] Showing window 'WebFormCSCodeBehind.aspx.cs'.
    + ExternalProcessHostTest TestCleanup
        (01:25:23.906) [Visual Studio Host (10528):TextEditorDocumentWindowTestExtension] Closing window 'WebFormCSCodeBehind.aspx'.
        (01:25:24.180) [Platform:Testcase] Test 'VSTest_Generate_Page_Load_Event_Code_Behind_CS' has 'Passed' outcome. Therefore, Apex will not shut down the 'Visual Studio Host (10528)' with process ID '10528'. A subsequent test scenario will run on the same instance of the host.
    + Final Test Result Verification
        (01:25:24.631) [Platform:DelayedAssertionVerifierSink] Verification Success: 0 verification steps failed.
    + ApexTest TestCleanup</StdOut>
      </Output>
      <ResultFiles>
        <ResultFile path="WNVM19648\Fail.aswak04hapa5.png" />
        <ResultFile path="WNVM19648\Fail.azqsczivabnm.png" />
        <ResultFile path="WNVM19648\Fail.byuslv5baqsd.png" />
        <ResultFile path="WNVM19648\Fail.ek4tb3wmalyl.png" />
        <ResultFile path="WNVM19648\Fail.ig2gsfz5ad1y.png" />
        <ResultFile path="WNVM19648\Fail.kxs1ersmaxma.png" />
        <ResultFile path="WNVM19648\Fail.loc0xhl5a2hr.png" />
        <ResultFile path="WNVM19648\Fail.o4kkrjboasbk.png" />
        <ResultFile path="WNVM19648\Fail.o5zf0zepaw0l.png" />
        <ResultFile path="WNVM19648\Fail.raasvsmeanc1.png" />
        <ResultFile path="WNVM19648\Fail.sidku4gxamg4.png" />
        <ResultFile path="WNVM19648\Fail.t4yj0fxuatil.png" />
        <ResultFile path="WNVM19648\Fail.z10rn0n5ajdm.png" />
        <ResultFile path="WNVM19648\OmniLog.html" />
        <ResultFile path="WNVM19648\OmniLogRawXml.xml" />
      </ResultFiles>
    </UnitTestResult>
    <UnitTestResult executionId="3b3061fd-7c6a-4222-8aa4-514a7736d73c" testId="d1ed567b-4821-66a7-fa52-a557d0e6d6d3" testName="VSTest_JSON_PasteObjectLiteral_ObjectContent" computerName="WNVM19648" duration="00:00:15.5932719" startTime="2018-04-17T02:15:22.9732026-07:00" endTime="2018-04-17T02:15:38.5664745-07:00" testType="13cdc9d9-ddb5-4fa4-a97d-d965ccfc6d4b" outcome="Passed" testListId="8c84fa94-04c1-424b-9868-57a2d4851a1d" relativeResultsDirectory="3b3061fd-7c6a-4222-8aa4-514a7736d73c">
      <Output>
        <StdOut>+ PasteJavascriptObjectLiteralAsJSONTests::VSTest_JSON_PasteObjectLiteral_ObjectContent
    + ApexTest TestInitialize
    + ExternalProcessHostTest TestInitialize
        (02:17:05.001) [Visual Studio Host (4596):RoamingSettingsService] Disabling roaming settings.
        (02:17:05.251) [Visual Studio Host (4596):SettingsService] Setting Visual Studio option 'Environment\RoamingSettings\RoamingEnabled' to 'False'.
        (02:17:05.798) [Visual Studio Host (4596):TextEditorDocumentWindowTestExtension] Showing window 'EmptyWithoutSchema.json' without activating the window.
        (02:17:06.017) [Visual Studio Host (4596):TextEditorDocumentWindowTestExtension] Showing window 'EmptyWithoutSchema.json'.
        (02:17:06.204) [Visual Studio Host (4596):VisualStudioTextEditorTestExtension] Setting keyboard focus to editor 'EmptyWithoutSchema.json'.
        (02:17:06.407) [Visual Studio Host (4596):MainWindowService] Activating main window to bring it to the foreground.
        (02:17:06.595) [Visual Studio Host (4596):MainWindowService] Setting main window state to 'Maximized'.
    (02:17:07.001) [Visual Studio Host (4596):TextEditorDocumentWindowTestExtension] Showing window 'EmptyWithoutSchema.json' without activating the window.
    (02:17:07.173) [Visual Studio Host (4596):TextEditorDocumentWindowTestExtension] Showing window 'EmptyWithoutSchema.json'.
    (02:17:07.345) [Visual Studio Host (4596):VisualStudioSelectionTestExtension] Selects all text in the editor.
    (02:17:07.532) [Visual Studio Host (4596):TextEditorDocumentWindowTestExtension] Showing window 'EmptyWithoutSchema.json' without activating the window.
    (02:17:07.704) [Visual Studio Host (4596):TextEditorDocumentWindowTestExtension] Showing window 'EmptyWithoutSchema.json'.
    (02:17:07.892) [Visual Studio Host (4596):KeyboardCommands] Sending the Delete key 1 times.
    (02:17:08.079) [Visual Studio Host (4596):TextEditorDocumentWindowTestExtension] Showing window 'EmptyWithoutSchema.json' without activating the window.
    (02:17:08.251) [Visual Studio Host (4596):TextEditorDocumentWindowTestExtension] Showing window 'EmptyWithoutSchema.json'.
    (02:17:08.438) [Visual Studio Host (4596):VisualStudioTextEditingActions] Inserting text: '{' at the current caret position: '(Ln: 1, Ch: 1)'
    (02:17:08.641) [Visual Studio Host (4596):TextEditorDocumentWindowTestExtension] Showing window 'EmptyWithoutSchema.json' without activating the window.
    (02:17:08.829) [Visual Studio Host (4596):TextEditorDocumentWindowTestExtension] Showing window 'EmptyWithoutSchema.json'.
    (02:17:09.017) [Visual Studio Host (4596):KeyboardCommands] Sending the Return key 1 times.
    (02:17:09.204) [Visual Studio Host (4596):TextEditorDocumentWindowTestExtension] Showing window 'EmptyWithoutSchema.json' without activating the window.
    (02:17:09.391) [Visual Studio Host (4596):TextEditorDocumentWindowTestExtension] Showing window 'EmptyWithoutSchema.json'.
    (02:17:09.610) [Visual Studio Host (4596):VisualStudioTextEditingActions] Inserting text: '}' at the current caret position: '(Ln: 2, Ch: 3)'
    (02:17:09.798) [Visual Studio Host (4596):TextEditorDocumentWindowTestExtension] Showing window 'EmptyWithoutSchema.json' without activating the window.
    (02:17:09.985) [Visual Studio Host (4596):TextEditorDocumentWindowTestExtension] Showing window 'EmptyWithoutSchema.json'.
    (02:17:10.173) [Visual Studio Host (4596):VisualStudioCaretTestExtension] Moving the caret from (Ln: 2, Ch: 2) up '1' lines
    (02:17:10.360) [Visual Studio Host (4596):VisualStudioTextEditorTestExtension] Setting keyboard focus to editor 'EmptyWithoutSchema.json'.
    (02:17:10.564) [Visual Studio Host (4596):TextEditorDocumentWindowTestExtension] Showing window 'EmptyWithoutSchema.json' without activating the window.
    (02:17:10.751) [Visual Studio Host (4596):TextEditorDocumentWindowTestExtension] Showing window 'EmptyWithoutSchema.json'.
    (02:17:10.954) [Visual Studio Host (4596):VisualStudioCaretTestExtension] Moving the caret from (Ln: 6, Ch: 6) to the beginning of the file
    (02:17:11.141) [Visual Studio Host (4596):VisualStudioTextEditorTestExtension] Setting keyboard focus to editor 'EmptyWithoutSchema.json'.
    (02:17:11.329) [Visual Studio Host (4596):TextEditorDocumentWindowTestExtension] Showing window 'EmptyWithoutSchema.json' without activating the window.
    (02:17:11.516) [Visual Studio Host (4596):TextEditorDocumentWindowTestExtension] Showing window 'EmptyWithoutSchema.json'.
    (02:17:11.720) [Visual Studio Host (4596):VisualStudioCaretTestExtension] Moving the caret from (Ln: 1, Ch: 1) down '1' lines
    (02:17:11.891) [Visual Studio Host (4596):VisualStudioTextEditorTestExtension] Setting keyboard focus to editor 'EmptyWithoutSchema.json'.
    (02:17:12.048) [Visual Studio Host (4596):TextEditorDocumentWindowTestExtension] Showing window 'EmptyWithoutSchema.json' without activating the window.
    (02:17:12.219) [Visual Studio Host (4596):TextEditorDocumentWindowTestExtension] Showing window 'EmptyWithoutSchema.json'.
    VerificationPass: (02:17:12.376) [Platform:Testcase] Verification passed: String content is equal: Expected '{', Actual '{'; &lt;ComparisonType: OrdinalIgnoreCase&gt;
    (02:17:12.548) [Visual Studio Host (4596):TextEditorDocumentWindowTestExtension] Showing window 'EmptyWithoutSchema.json' without activating the window.
    (02:17:12.751) [Visual Studio Host (4596):TextEditorDocumentWindowTestExtension] Showing window 'EmptyWithoutSchema.json'.
    (02:17:12.954) [Visual Studio Host (4596):VisualStudioCaretTestExtension] Moving the caret from (Ln: 2, Ch: 1) down '1' lines
    (02:17:13.126) [Visual Studio Host (4596):VisualStudioTextEditorTestExtension] Setting keyboard focus to editor 'EmptyWithoutSchema.json'.
    (02:17:13.330) [Visual Studio Host (4596):TextEditorDocumentWindowTestExtension] Showing window 'EmptyWithoutSchema.json' without activating the window.
    (02:17:13.485) [Visual Studio Host (4596):TextEditorDocumentWindowTestExtension] Showing window 'EmptyWithoutSchema.json'.
    VerificationPass: (02:17:13.641) [Platform:Testcase] Verification passed: String content is equal: Expected '"value1": 1,', Actual '"value1": 1,'; &lt;ComparisonType: OrdinalIgnoreCase&gt;
    (02:17:13.813) [Visual Studio Host (4596):TextEditorDocumentWindowTestExtension] Showing window 'EmptyWithoutSchema.json' without activating the window.
    (02:17:14.001) [Visual Studio Host (4596):TextEditorDocumentWindowTestExtension] Showing window 'EmptyWithoutSchema.json'.
    (02:17:14.173) [Visual Studio Host (4596):VisualStudioCaretTestExtension] Moving the caret from (Ln: 3, Ch: 1) down '1' lines
    (02:17:14.360) [Visual Studio Host (4596):VisualStudioTextEditorTestExtension] Setting keyboard focus to editor 'EmptyWithoutSchema.json'.
    (02:17:14.548) [Visual Studio Host (4596):TextEditorDocumentWindowTestExtension] Showing window 'EmptyWithoutSchema.json' without activating the window.
    (02:17:14.719) [Visual Studio Host (4596):TextEditorDocumentWindowTestExtension] Showing window 'EmptyWithoutSchema.json'.
    VerificationPass: (02:17:14.923) [Platform:Testcase] Verification passed: String content is equal: Expected '"valueObject": {', Actual '"valueObject": {'; &lt;ComparisonType: OrdinalIgnoreCase&gt;
    (02:17:15.110) [Visual Studio Host (4596):TextEditorDocumentWindowTestExtension] Showing window 'EmptyWithoutSchema.json' without activating the window.
    (02:17:15.313) [Visual Studio Host (4596):TextEditorDocumentWindowTestExtension] Showing window 'EmptyWithoutSchema.json'.
    (02:17:15.516) [Visual Studio Host (4596):VisualStudioCaretTestExtension] Moving the caret from (Ln: 4, Ch: 1) down '1' lines
    (02:17:15.704) [Visual Studio Host (4596):VisualStudioTextEditorTestExtension] Setting keyboard focus to editor 'EmptyWithoutSchema.json'.
    (02:17:15.891) [Visual Studio Host (4596):TextEditorDocumentWindowTestExtension] Showing window 'EmptyWithoutSchema.json' without activating the window.
    (02:17:16.079) [Visual Studio Host (4596):TextEditorDocumentWindowTestExtension] Showing window 'EmptyWithoutSchema.json'.
    VerificationPass: (02:17:16.266) [Platform:Testcase] Verification passed: String content is equal: Expected '"valueArray": [ { "valueString": "test" } ]', Actual '"valueArray": [ { "valueString": "test" } ]'; &lt;ComparisonType: OrdinalIgnoreCase&gt;
    (02:17:16.422) [Visual Studio Host (4596):TextEditorDocumentWindowTestExtension] Showing window 'EmptyWithoutSchema.json' without activating the window.
    (02:17:16.610) [Visual Studio Host (4596):TextEditorDocumentWindowTestExtension] Showing window 'EmptyWithoutSchema.json'.
    (02:17:16.782) [Visual Studio Host (4596):VisualStudioCaretTestExtension] Moving the caret from (Ln: 5, Ch: 1) down '1' lines
    (02:17:16.938) [Visual Studio Host (4596):VisualStudioTextEditorTestExtension] Setting keyboard focus to editor 'EmptyWithoutSchema.json'.
    (02:17:17.141) [Visual Studio Host (4596):TextEditorDocumentWindowTestExtension] Showing window 'EmptyWithoutSchema.json' without activating the window.
    (02:17:17.297) [Visual Studio Host (4596):TextEditorDocumentWindowTestExtension] Showing window 'EmptyWithoutSchema.json'.
    VerificationPass: (02:17:17.471) [Platform:Testcase] Verification passed: String content is equal: Expected '}', Actual '}'; &lt;ComparisonType: OrdinalIgnoreCase&gt;
    + ExternalProcessHostTest TestCleanup
        (02:17:17.813) [Visual Studio Host (4596):TextEditorDocumentWindowTestExtension] Closing window 'EmptyWithoutSchema.json'.
        (02:17:18.172) [Platform:Testcase] Test 'VSTest_JSON_PasteObjectLiteral_ObjectContent' has 'Passed' outcome. Therefore, Apex will not shut down the 'Visual Studio Host (4596)' with process ID '4596'. A subsequent test scenario will run on the same instance of the host.
    + Final Test Result Verification
        (02:17:18.719) [Platform:DelayedAssertionVerifierSink] Verification Success: 0 verification steps failed.
    + ApexTest TestCleanup</StdOut>
      </Output>
      <ResultFiles>
        <ResultFile path="WNVM19648\Fail.22wpw0oka5fs.png" />
        <ResultFile path="WNVM19648\Fail.24wtv1jnawc3.png" />
        <ResultFile path="WNVM19648\Fail.2dvw33g3abcx.png" />
        <ResultFile path="WNVM19648\Fail.2lws5epta1gw.png" />
        <ResultFile path="WNVM19648\Fail.2osatv43agzz.png" />
        <ResultFile path="WNVM19648\Fail.33ju4eduay3u.png" />
        <ResultFile path="WNVM19648\Fail.3poblbx4alvv.png" />
        <ResultFile path="WNVM19648\Fail.4p531ykxaqdb.png" />
        <ResultFile path="WNVM19648\Fail.5erbsz3aa4ay.png" />
        <ResultFile path="WNVM19648\Fail.ashpv3rjajjr.png" />
        <ResultFile path="WNVM19648\Fail.aswak04hapa5.png" />
        <ResultFile path="WNVM19648\Fail.azqsczivabnm.png" />
        <ResultFile path="WNVM19648\Fail.byuslv5baqsd.png" />
        <ResultFile path="WNVM19648\Fail.bz134qwyax2e.png" />
        <ResultFile path="WNVM19648\Fail.czhshhzmawco.png" />
        <ResultFile path="WNVM19648\Fail.ek4tb3wmalyl.png" />
        <ResultFile path="WNVM19648\Fail.hxi2cahnapy2.png" />
        <ResultFile path="WNVM19648\Fail.ig2gsfz5ad1y.png" />
        <ResultFile path="WNVM19648\Fail.iymeazuqablz.png" />
        <ResultFile path="WNVM19648\Fail.jpga4adlarrf.png" />
        <ResultFile path="WNVM19648\Fail.kfb5og41ajlt.png" />
        <ResultFile path="WNVM19648\Fail.kp4fcfcpa5bw.png" />
        <ResultFile path="WNVM19648\Fail.kxs1ersmaxma.png" />
        <ResultFile path="WNVM19648\Fail.lbyrcmqbastb.png" />
        <ResultFile path="WNVM19648\Fail.loc0xhl5a2hr.png" />
        <ResultFile path="WNVM19648\Fail.lthgvalfaxfr.png" />
        <ResultFile path="WNVM19648\Fail.mazsob3aamsp.png" />
        <ResultFile path="WNVM19648\Fail.n13clx4iaowv.png" />
        <ResultFile path="WNVM19648\Fail.n3c2bmltan5e.png" />
        <ResultFile path="WNVM19648\Fail.o4kkrjboasbk.png" />
        <ResultFile path="WNVM19648\Fail.o5zf0zepaw0l.png" />
        <ResultFile path="WNVM19648\Fail.pdo2mhdtanq2.png" />
        <ResultFile path="WNVM19648\Fail.pprwzak1ac5h.png" />
        <ResultFile path="WNVM19648\Fail.qagtqbftat3h.png" />
        <ResultFile path="WNVM19648\Fail.qbnuydioazjy.png" />
        <ResultFile path="WNVM19648\Fail.raasvsmeanc1.png" />
        <ResultFile path="WNVM19648\Fail.rymman3va50a.png" />
        <ResultFile path="WNVM19648\Fail.sidku4gxamg4.png" />
        <ResultFile path="WNVM19648\Fail.swwzdfhraz25.png" />
        <ResultFile path="WNVM19648\Fail.t4yj0fxuatil.png" />
        <ResultFile path="WNVM19648\Fail.v0ywfcwsa23p.png" />
        <ResultFile path="WNVM19648\Fail.vjqtiv2zaclz.png" />
        <ResultFile path="WNVM19648\Fail.wiz4mofdavag.png" />
        <ResultFile path="WNVM19648\Fail.xasrdkzvaogc.png" />
        <ResultFile path="WNVM19648\Fail.yd3ferxiaq1c.png" />
        <ResultFile path="WNVM19648\Fail.z10rn0n5ajdm.png" />
        <ResultFile path="WNVM19648\Fail.z2gelfy0aa1q.png" />
        <ResultFile path="WNVM19648\Fail.zpuouf2fa0ib.png" />
        <ResultFile path="WNVM19648\OmniLog.html" />
        <ResultFile path="WNVM19648\OmniLogRawXml.xml" />
      </ResultFiles>
    </UnitTestResult>
    <UnitTestResult executionId="d7005d08-8edb-44e4-8af0-1fbea50f6914" testId="10d21685-e4fc-fcc1-43cb-73e4927f125f" testName="VSTest_SmartIndentInCSharpInHTML" computerName="WNVM19648" duration="00:00:03.0921073" startTime="2018-04-17T00:24:34.5285733-07:00" endTime="2018-04-17T00:24:37.6206806-07:00" testType="13cdc9d9-ddb5-4fa4-a97d-d965ccfc6d4b" outcome="Passed" testListId="8c84fa94-04c1-424b-9868-57a2d4851a1d" relativeResultsDirectory="d7005d08-8edb-44e4-8af0-1fbea50f6914">
      <Output>
        <StdOut>+ SmartIndentTests::VSTest_SmartIndentInCSharpInHTML
    + ApexTest TestInitialize
    + ExternalProcessHostTest TestInitialize
        (26:15.862) [Visual Studio Host (11564):RoamingSettingsService] Disabling roaming settings.
        (26:15.918) [Visual Studio Host (11564):SettingsService] Setting Visual Studio option 'Environment\RoamingSettings\RoamingEnabled' to 'False'.
        (26:16.296) [Visual Studio Host (11564):TextEditorDocumentWindowTestExtension] Showing window 'SmartIndentInCSharpInHTML.aspx' without activating the window.
        (26:16.431) [Visual Studio Host (11564):TextEditorDocumentWindowTestExtension] Showing window 'SmartIndentInCSharpInHTML.aspx'.
        (26:16.549) [Visual Studio Host (11564):VisualStudioTextEditorTestExtension] Setting keyboard focus to editor 'SmartIndentInCSharpInHTML.aspx'.
        (26:16.615) [Visual Studio Host (11564):MainWindowService] Activating main window to bring it to the foreground.
        (26:16.679) [Visual Studio Host (11564):MainWindowService] Setting main window state to 'Maximized'.
    (26:16.790) [Visual Studio Host (11564):TextEditorDocumentWindowTestExtension] Showing window 'SmartIndentInCSharpInHTML.aspx' without activating the window.
    (26:16.845) [Visual Studio Host (11564):TextEditorDocumentWindowTestExtension] Showing window 'SmartIndentInCSharpInHTML.aspx'.
    (26:17.053) [Visual Studio Host (11564):TextEditorDocumentWindowTestExtension] Showing window 'SmartIndentInCSharpInHTML.aspx' without activating the window.
    (26:17.132) [Visual Studio Host (11564):TextEditorDocumentWindowTestExtension] Showing window 'SmartIndentInCSharpInHTML.aspx' without activating the window.
    (26:17.191) [Visual Studio Host (11564):TextEditorDocumentWindowTestExtension] Showing window 'SmartIndentInCSharpInHTML.aspx'.
    (26:17.270) [Visual Studio Host (11564):VisualStudioCaretTestExtension] Moving the caret from (Ln: 1, Ch: 1) to (Ln: 11, Ch: 1)
    (26:17.369) [Visual Studio Host (11564):TextEditorDocumentWindowTestExtension] Showing window 'SmartIndentInCSharpInHTML.aspx'.
    (26:17.449) [Visual Studio Host (11564):VisualStudioCaretTestExtension] Moving the caret from (Ln: 11, Ch: 1) to the end of the line
    (26:17.509) [Visual Studio Host (11564):VisualStudioTextEditorTestExtension] Setting keyboard focus to editor 'SmartIndentInCSharpInHTML.aspx'.
    (26:17.571) [Visual Studio Host (11564):TextEditorDocumentWindowTestExtension] Showing window 'SmartIndentInCSharpInHTML.aspx' without activating the window.
    (26:17.653) [Visual Studio Host (11564):TextEditorDocumentWindowTestExtension] Showing window 'SmartIndentInCSharpInHTML.aspx'.
    (26:17.767) [Visual Studio Host (11564):TextEditorDocumentWindowTestExtension] Showing window 'SmartIndentInCSharpInHTML.aspx' without activating the window.
    (26:17.832) [Visual Studio Host (11564):TextEditorDocumentWindowTestExtension] Showing window 'SmartIndentInCSharpInHTML.aspx'.
    + ExternalProcessHostTest TestCleanup
        (26:18.013) [Visual Studio Host (11564):TextEditorDocumentWindowTestExtension] Closing window 'SmartIndentInCSharpInHTML.aspx'.
        (26:18.214) [Platform:Testcase] Test 'VSTest_SmartIndentInCSharpInHTML' has 'Passed' outcome. Therefore, Apex will not shut down the 'Visual Studio Host (11564)' with process ID '11564'. A subsequent test scenario will run on the same instance of the host.
    + Final Test Result Verification
        (26:18.437) [Platform:DelayedAssertionVerifierSink] Verification Success: 0 verification steps failed.
    + ApexTest TestCleanup</StdOut>
      </Output>
      <ResultFiles>
        <ResultFile path="WNVM19648\Fail.azqsczivabnm.png" />
        <ResultFile path="WNVM19648\Fail.ig2gsfz5ad1y.png" />
        <ResultFile path="WNVM19648\Fail.o5zf0zepaw0l.png" />
        <ResultFile path="WNVM19648\OmniLog.html" />
        <ResultFile path="WNVM19648\OmniLogRawXml.xml" />
      </ResultFiles>
    </UnitTestResult>
    <UnitTestResult executionId="410637a2-843e-4fb9-a67a-1fd462cbc4dd" testId="8b4df242-9fd1-ff2e-5ae3-309f3521b64e" testName="VSTest_CssValidation_DetectInvalidVendorPrefixes_On" computerName="WNVM19648" duration="00:00:07.0295769" startTime="2018-04-17T00:25:11.9565396-07:00" endTime="2018-04-17T00:25:18.9861165-07:00" testType="13cdc9d9-ddb5-4fa4-a97d-d965ccfc6d4b" outcome="Passed" testListId="8c84fa94-04c1-424b-9868-57a2d4851a1d" relativeResultsDirectory="410637a2-843e-4fb9-a67a-1fd462cbc4dd">
      <Output>
        <StdOut>+ CssValidationTests::VSTest_CssValidation_DetectInvalidVendorPrefixes_On
    + ApexTest TestInitialize
    + ExternalProcessHostTest TestInitialize
        (26:53.365) [Visual Studio Host (11564):RoamingSettingsService] Disabling roaming settings.
        (26:53.540) [Visual Studio Host (11564):SettingsService] Setting Visual Studio option 'Environment\RoamingSettings\RoamingEnabled' to 'False'.
        (26:54.015) [Visual Studio Host (11564):TextEditorDocumentWindowTestExtension] Showing window 'vendorPrefixes.css' without activating the window.
        (26:54.170) [Visual Studio Host (11564):TextEditorDocumentWindowTestExtension] Showing window 'vendorPrefixes.css'.
        (26:54.424) [Visual Studio Host (11564):VisualStudioTextEditorTestExtension] Setting keyboard focus to editor 'vendorPrefixes.css'.
        (26:54.506) [Visual Studio Host (11564):MainWindowService] Activating main window to bring it to the foreground.
        (26:54.584) [Visual Studio Host (11564):MainWindowService] Setting main window state to 'Maximized'.
    (26:54.713) [Visual Studio Host (11564):TextEditorDocumentWindowTestExtension] Showing window 'vendorPrefixes.css' without activating the window.
    (26:54.782) [Visual Studio Host (11564):TextEditorDocumentWindowTestExtension] Showing window 'vendorPrefixes.css'.
    (26:55.004) [Visual Studio Host (11564):ToolWindowTestExtension] Showing window 'Error List ...' without activating the window.
    (26:55.821) [Visual Studio Host (11564):ToolWindowTestExtension] Showing window 'Error List ...'.
    (26:56.126) [Visual Studio Host (11564):ToolWindowTestExtension] Showing window 'Error List ...' without activating the window.
    (26:56.290) [Visual Studio Host (11564):ToolWindowTestExtension] Showing window 'Error List ...' without activating the window.
    (26:56.364) [Visual Studio Host (11564):ErrorListService] Showing error list error items.
    (26:56.449) [Visual Studio Host (11564):ToolWindowTestExtension] Showing window 'Error List ...' without activating the window.
    (26:56.518) [Visual Studio Host (11564):ErrorListService] Showing error list message items.
    (26:56.685) [Visual Studio Host (11564):ToolWindowTestExtension] Showing window 'Error List ...' without activating the window.
    (26:56.750) [Visual Studio Host (11564):ErrorListService] Showing error list warning items.
    (26:58.919) [Visual Studio Host (11564):TextEditorDocumentWindowTestExtension] Showing window 'vendorPrefixes.css' without activating the window.
    (26:59.030) [Visual Studio Host (11564):TextEditorDocumentWindowTestExtension] Showing window 'vendorPrefixes.css'.
    + ExternalProcessHostTest TestCleanup
        (26:59.241) [Visual Studio Host (11564):TextEditorDocumentWindowTestExtension] Closing window 'vendorPrefixes.css'.
        (26:59.492) [Platform:Testcase] Test 'VSTest_CssValidation_DetectInvalidVendorPrefixes_On' has 'Passed' outcome. Therefore, Apex will not shut down the 'Visual Studio Host (11564)' with process ID '11564'. A subsequent test scenario will run on the same instance of the host.
    + Final Test Result Verification
        (26:59.710) [Platform:DelayedAssertionVerifierSink] Verification Success: 0 verification steps failed.
    + ApexTest TestCleanup</StdOut>
      </Output>
      <ResultFiles>
        <ResultFile path="WNVM19648\Fail.azqsczivabnm.png" />
        <ResultFile path="WNVM19648\Fail.ig2gsfz5ad1y.png" />
        <ResultFile path="WNVM19648\Fail.o5zf0zepaw0l.png" />
        <ResultFile path="WNVM19648\OmniLog.html" />
        <ResultFile path="WNVM19648\OmniLogRawXml.xml" />
      </ResultFiles>
    </UnitTestResult>
    <UnitTestResult executionId="7f54f5e5-7a5d-4bc5-b1fb-010b2e0216e9" testId="927fad75-8d26-6ae5-ea62-d9bd56a8df82" testName="VSTest_RazorV4CshtmlTypeAtHtmlIntelliSense" computerName="WNVM19648" duration="00:00:07.7506504" startTime="2018-04-17T01:08:25.3529920-07:00" endTime="2018-04-17T01:08:33.1036424-07:00" testType="13cdc9d9-ddb5-4fa4-a97d-d965ccfc6d4b" outcome="Passed" testListId="8c84fa94-04c1-424b-9868-57a2d4851a1d" relativeResultsDirectory="7f54f5e5-7a5d-4bc5-b1fb-010b2e0216e9">
      <Output>
        <StdOut>+ CSharpGeneralTests::VSTest_RazorV4CshtmlTypeAtHtmlIntelliSense
    + ApexTest TestInitialize
    + ExternalProcessHostTest TestInitialize
        (01:10:07.137) [Visual Studio Host (4384):RoamingSettingsService] Disabling roaming settings.
        (01:10:07.292) [Visual Studio Host (4384):SettingsService] Setting Visual Studio option 'Environment\RoamingSettings\RoamingEnabled' to 'False'.
        (01:10:07.734) [Visual Studio Host (4384):TextEditorDocumentWindowTestExtension] Showing window 'emptyExceptUsingSystem.cshtml' without activating the window.
        (01:10:07.946) [Visual Studio Host (4384):TextEditorDocumentWindowTestExtension] Showing window 'emptyExceptUsingSystem.cshtml'.
        (01:10:08.112) [Visual Studio Host (4384):VisualStudioTextEditorTestExtension] Setting keyboard focus to editor 'emptyExceptUsingSystem.cshtml'.
        (01:10:08.248) [Visual Studio Host (4384):MainWindowService] Activating main window to bring it to the foreground.
        (01:10:08.416) [Visual Studio Host (4384):MainWindowService] Setting main window state to 'Maximized'.
    (01:10:08.795) [Visual Studio Host (4384):TextEditorDocumentWindowTestExtension] Showing window 'emptyExceptUsingSystem.cshtml' without activating the window.
    (01:10:08.955) [Visual Studio Host (4384):TextEditorDocumentWindowTestExtension] Showing window 'emptyExceptUsingSystem.cshtml'.
    (01:10:09.146) [Visual Studio Host (4384):VisualStudioCaretTestExtension] Moving the caret from (Ln: 1, Ch: 1) to the end of the file
    (01:10:09.338) [Visual Studio Host (4384):VisualStudioTextEditorTestExtension] Setting keyboard focus to editor 'emptyExceptUsingSystem.cshtml'.
    (01:10:09.523) [Visual Studio Host (4384):TextEditorDocumentWindowTestExtension] Showing window 'emptyExceptUsingSystem.cshtml' without activating the window.
    (01:10:09.709) [Visual Studio Host (4384):TextEditorDocumentWindowTestExtension] Showing window 'emptyExceptUsingSystem.cshtml'.
    (01:10:09.906) [Visual Studio Host (4384):VisualStudioTextEditingActions] Inserting text: '@D' at the current caret position: '(Ln: 3, Ch: 1)'
    (01:10:10.348) [Visual Studio Host (4384):TextEditorDocumentWindowTestExtension] Showing window 'emptyExceptUsingSystem.cshtml' without activating the window.
    (01:10:10.514) [Visual Studio Host (4384):TextEditorDocumentWindowTestExtension] Showing window 'emptyExceptUsingSystem.cshtml'.
    (01:10:10.702) [Visual Studio Host (4384):VisualStudioIntellisenseService] Did not find an active completion session. Please use Verify.IsCompletionListPresent() to make sure that the list is present before requesting the completion session.
    Warning: (01:10:10.878) [Visual Studio Host (4384):VisualStudioIntellisenseService] No active completion sessions were found for editor 'emptyExceptUsingSystem.cshtml'.
    (01:10:11.042) [Visual Studio Host (4384):VisualStudioIntellisenseService] Invoking Completion member list at '(Ln: 3, Ch: 3)'.
    (01:10:11.214) [Visual Studio Host (4384):VisualStudioIntellisenseService] Did not find an active completion session. Please use Verify.IsCompletionListPresent() to make sure that the list is present before requesting the completion session.
    (01:10:11.674) [Visual Studio Host (4384):VisualStudioIntellisenseService] Getting the active completion at position '(Ln: 3, Ch: 3)'.
    (01:10:11.873) [Visual Studio Host (4384):VisualStudioCompletionListTestExtension] Found completion item with name 
    (01:10:12.045) [Visual Studio Host (4384):VisualStudioCompletionListTestExtension] Found completion item with name 
    + ExternalProcessHostTest TestCleanup
        (01:10:12.434) [Visual Studio Host (4384):TextEditorDocumentWindowTestExtension] Closing window 'emptyExceptUsingSystem.cshtml'.
        (01:10:12.767) [Platform:Testcase] Test 'VSTest_RazorV4CshtmlTypeAtHtmlIntelliSense' has 'Passed' outcome. Therefore, Apex will not shut down the 'Visual Studio Host (4384)' with process ID '4384'. A subsequent test scenario will run on the same instance of the host.
    + Final Test Result Verification
        (01:10:13.315) [Platform:DelayedAssertionVerifierSink] Verification Success: 0 verification steps failed.
    + ApexTest TestCleanup</StdOut>
      </Output>
      <ResultFiles>
        <ResultFile path="WNVM19648\Fail.azqsczivabnm.png" />
        <ResultFile path="WNVM19648\Fail.ig2gsfz5ad1y.png" />
        <ResultFile path="WNVM19648\Fail.o5zf0zepaw0l.png" />
        <ResultFile path="WNVM19648\Fail.raasvsmeanc1.png" />
        <ResultFile path="WNVM19648\Fail.t4yj0fxuatil.png" />
        <ResultFile path="WNVM19648\Fail.z10rn0n5ajdm.png" />
        <ResultFile path="WNVM19648\OmniLog.html" />
        <ResultFile path="WNVM19648\OmniLogRawXml.xml" />
      </ResultFiles>
    </UnitTestResult>
    <UnitTestResult executionId="05da3c80-a47a-4855-ba4b-cd98d75454c0" testId="f99fd7f0-a88a-8fa2-bbec-65125fdf03e4" testName="VSTest_JSON_Completion_WithSchema_Format" computerName="WNVM19648" duration="00:00:58.2336833" startTime="2018-04-17T02:30:59.4891599-07:00" endTime="2018-04-17T02:31:57.7228432-07:00" testType="13cdc9d9-ddb5-4fa4-a97d-d965ccfc6d4b" outcome="Passed" testListId="8c84fa94-04c1-424b-9868-57a2d4851a1d" relativeResultsDirectory="05da3c80-a47a-4855-ba4b-cd98d75454c0">
      <Output>
        <StdOut>+ CompletionTests::VSTest_JSON_Completion_WithSchema_Format
    + ApexTest TestInitialize
    + ExternalProcessHostTest TestInitialize
        (02:32:41.365) [Visual Studio Host (3580):RoamingSettingsService] Disabling roaming settings.
        (02:32:41.575) [Visual Studio Host (3580):SettingsService] Setting Visual Studio option 'Environment\RoamingSettings\RoamingEnabled' to 'False'.
        (02:32:44.861) [Visual Studio Host (3580):SolutionService] Opening solution file 'file:///C:/TestBin/IntegrationTests/MS.VS.Web.Editors/webs/misc.sln' with asynchronous load data available.  WaitForFullyLoadedOnOpen set to 'True'. Apex will wait for all async project loads to complete before proceeding.
            (02:32:45.073) [Visual Studio Host (3580):SolutionService] Solution load behavior is set to 'Realtime'.
        + Waiting for the solution to fully load.
        (02:33:08.942) [Visual Studio Host (3580):TextEditorDocumentWindowTestExtension] Showing window 'Draft4Schema.json' without activating the window.
        (02:33:09.768) [Visual Studio Host (3580):TextEditorDocumentWindowTestExtension] Showing window 'Draft4Schema.json'.
        (02:33:10.124) [Visual Studio Host (3580):VisualStudioTextEditorTestExtension] Setting keyboard focus to editor 'Draft4Schema.json'.
        (02:33:11.345) [Visual Studio Host (3580):MainWindowService] Activating main window to bring it to the foreground.
        (02:33:12.427) [Visual Studio Host (3580):MainWindowService] Setting main window state to 'Maximized'.
    (02:33:13.963) [Visual Studio Host (3580):TextEditorDocumentWindowTestExtension] Showing window 'Draft4Schema.json' without activating the window.
    (02:33:14.170) [Visual Studio Host (3580):TextEditorDocumentWindowTestExtension] Showing window 'Draft4Schema.json'.
    (02:33:14.501) [Visual Studio Host (3580):VisualStudioCaretTestExtension] Moving the caret to '{' at (Ln: 1, Ch: 1) based on a regular expression.  Expression = "{" [group index '0', match index '1', options 'Singleline, CultureInvariant']
    (02:33:14.757) [Visual Studio Host (3580):TextEditorDocumentWindowTestExtension] Showing window 'Draft4Schema.json' without activating the window.
    (02:33:15.009) [Visual Studio Host (3580):TextEditorDocumentWindowTestExtension] Showing window 'Draft4Schema.json'.
    (02:33:15.255) [Visual Studio Host (3580):VisualStudioCaretTestExtension] Moving the caret from (Ln: 1, Ch: 1) down '1' lines
    (02:33:15.459) [Visual Studio Host (3580):VisualStudioTextEditorTestExtension] Setting keyboard focus to editor 'Draft4Schema.json'.
    (02:33:15.674) [Visual Studio Host (3580):TextEditorDocumentWindowTestExtension] Showing window 'Draft4Schema.json' without activating the window.
    (02:33:15.832) [Visual Studio Host (3580):TextEditorDocumentWindowTestExtension] Showing window 'Draft4Schema.json'.
    (02:33:15.998) [Visual Studio Host (3580):VisualStudioCaretTestExtension] Moving the caret from (Ln: 2, Ch: 1) to the end of the line
    (02:33:16.172) [Visual Studio Host (3580):VisualStudioTextEditorTestExtension] Setting keyboard focus to editor 'Draft4Schema.json'.
    (02:33:16.360) [Visual Studio Host (3580):TextEditorDocumentWindowTestExtension] Showing window 'Draft4Schema.json' without activating the window.
    (02:33:16.557) [Visual Studio Host (3580):TextEditorDocumentWindowTestExtension] Showing window 'Draft4Schema.json'.
    (02:33:16.793) [Visual Studio Host (3580):KeyboardCommands] Sending the Return key 1 times.
    (02:33:17.168) [Visual Studio Host (3580):TextEditorDocumentWindowTestExtension] Showing window 'Draft4Schema.json' without activating the window.
    (02:33:17.375) [Visual Studio Host (3580):TextEditorDocumentWindowTestExtension] Showing window 'Draft4Schema.json'.
    (02:33:17.596) [Visual Studio Host (3580):VisualStudioIntellisenseService] Did not find an active completion session. Please use Verify.IsCompletionListPresent() to make sure that the list is present before requesting the completion session.
    Warning: (02:33:17.810) [Visual Studio Host (3580):VisualStudioIntellisenseService] No active completion sessions were found for editor 'Draft4Schema.json'.
    (02:33:18.049) [Visual Studio Host (3580):VisualStudioIntellisenseService] Invoking Completion member list at '(Ln: 3, Ch: 5)'.
    (02:33:18.612) [Visual Studio Host (3580):VisualStudioIntellisenseService] Getting the active completion at position '(Ln: 3, Ch: 5)'.
    (02:33:18.888) [Visual Studio Host (3580):VisualStudioCompletionListTestExtension] Found completion item with name 
    (02:33:19.159) [Visual Studio Host (3580):VisualStudioIntellisenseService] Getting the active completion at position '(Ln: 3, Ch: 5)'.
    (02:33:19.390) [Visual Studio Host (3580):VisualStudioCompletionListTestExtension] Found completion item with name 
    (02:33:21.293) [Visual Studio Host (3580):TextEditorDocumentWindowTestExtension] Showing window 'Draft4Schema.json' without activating the window.
    (02:33:21.521) [Visual Studio Host (3580):TextEditorDocumentWindowTestExtension] Showing window 'Draft4Schema.json'.
    (02:33:21.846) [Visual Studio Host (3580):TextEditorDocumentWindowTestExtension] Showing window 'Draft4Schema.json' without activating the window.
    (02:33:22.066) [Visual Studio Host (3580):TextEditorDocumentWindowTestExtension] Showing window 'Draft4Schema.json'.
    (02:33:22.356) [Visual Studio Host (3580):VisualStudioIntellisenseService] Getting the active completion at position '(Ln: 3, Ch: 6)'.
    (02:33:22.575) [Visual Studio Host (3580):VisualStudioCompletionListTestExtension] Found completion item with name 
    (02:33:22.793) [Visual Studio Host (3580):VisualStudioIntellisenseService] Getting the active completion at position '(Ln: 3, Ch: 6)'.
    (02:33:23.013) [Visual Studio Host (3580):VisualStudioCompletionListTestExtension] Found completion item with name 
    (02:33:23.271) [Visual Studio Host (3580):TextEditorDocumentWindowTestExtension] Showing window 'Draft4Schema.json' without activating the window.
    (02:33:23.475) [Visual Studio Host (3580):TextEditorDocumentWindowTestExtension] Showing window 'Draft4Schema.json'.
    (02:33:23.690) [Visual Studio Host (3580):KeyboardCommands] Sending the Escape key 1 times.
    (02:33:23.960) [Visual Studio Host (3580):TextEditorDocumentWindowTestExtension] Showing window 'Draft4Schema.json' without activating the window.
    (02:33:24.178) [Visual Studio Host (3580):TextEditorDocumentWindowTestExtension] Showing window 'Draft4Schema.json'.
    (02:33:24.479) [Visual Studio Host (3580):VisualStudioCaretTestExtension] Moving the caret from (Ln: 3, Ch: 6) to the beginning of the line
    (02:33:24.711) [Visual Studio Host (3580):VisualStudioTextEditorTestExtension] Setting keyboard focus to editor 'Draft4Schema.json'.
    (02:33:24.933) [Visual Studio Host (3580):TextEditorDocumentWindowTestExtension] Showing window 'Draft4Schema.json' without activating the window.
    (02:33:25.141) [Visual Studio Host (3580):TextEditorDocumentWindowTestExtension] Showing window 'Draft4Schema.json'.
    (02:33:25.373) [Visual Studio Host (3580):VisualStudioTextEditingActions] Deleting to the end of line of the current caret position, position: '(Ln: 3, Ch: 5)', line: '3'
    (02:33:25.718) [Visual Studio Host (3580):TextEditorDocumentWindowTestExtension] Showing window 'Draft4Schema.json' without activating the window.
    (02:33:25.929) [Visual Studio Host (3580):TextEditorDocumentWindowTestExtension] Showing window 'Draft4Schema.json'.
    (02:33:26.154) [Visual Studio Host (3580):VisualStudioCaretTestExtension] Moving the caret from (Ln: 3, Ch: 5) down '1' lines
    (02:33:26.336) [Visual Studio Host (3580):VisualStudioTextEditorTestExtension] Setting keyboard focus to editor 'Draft4Schema.json'.
    (02:33:26.534) [Visual Studio Host (3580):TextEditorDocumentWindowTestExtension] Showing window 'Draft4Schema.json' without activating the window.
    (02:33:26.708) [Visual Studio Host (3580):TextEditorDocumentWindowTestExtension] Showing window 'Draft4Schema.json'.
    (02:33:26.918) [Visual Studio Host (3580):VisualStudioCaretTestExtension] Moving the caret from (Ln: 4, Ch: 5) to the end of the line
    (02:33:27.117) [Visual Studio Host (3580):VisualStudioTextEditorTestExtension] Setting keyboard focus to editor 'Draft4Schema.json'.
    (02:33:27.340) [Visual Studio Host (3580):TextEditorDocumentWindowTestExtension] Showing window 'Draft4Schema.json' without activating the window.
    (02:33:27.577) [Visual Studio Host (3580):TextEditorDocumentWindowTestExtension] Showing window 'Draft4Schema.json'.
    (02:33:27.802) [Visual Studio Host (3580):KeyboardCommands] Sending the Return key 1 times.
    (02:33:28.062) [Visual Studio Host (3580):TextEditorDocumentWindowTestExtension] Showing window 'Draft4Schema.json' without activating the window.
    (02:33:29.703) [Visual Studio Host (3580):TextEditorDocumentWindowTestExtension] Showing window 'Draft4Schema.json'.
    (02:33:29.967) [Visual Studio Host (3580):TextEditorDocumentWindowTestExtension] Showing window 'Draft4Schema.json' without activating the window.
    (02:33:30.149) [Visual Studio Host (3580):TextEditorDocumentWindowTestExtension] Showing window 'Draft4Schema.json'.
    (02:33:31.840) [Visual Studio Host (3580):VisualStudioIntellisenseService] Did not find an active completion session. Please use Verify.IsCompletionListPresent() to make sure that the list is present before requesting the completion session.
    Warning: (02:33:32.554) [Visual Studio Host (3580):VisualStudioIntellisenseService] No active completion sessions were found for editor 'Draft4Schema.json'.
    + ExternalProcessHostTest TestCleanup
        (02:33:34.212) [Visual Studio Host (3580):TextEditorDocumentWindowTestExtension] Closing window 'Draft4Schema.json'.
        (02:33:34.910) [Platform:Testcase] Test 'VSTest_JSON_Completion_WithSchema_Format' has 'Passed' outcome. Therefore, Apex will not shut down the 'Visual Studio Host (3580)' with process ID '3580'. A subsequent test scenario will run on the same instance of the host.
    + Final Test Result Verification
        (02:33:36.893) [Platform:DelayedAssertionVerifierSink] Verification Success: 0 verification steps failed.
    + ApexTest TestCleanup</StdOut>
      </Output>
      <ResultFiles>
        <ResultFile path="WNVM19648\Fail.1naitrosadk5.png" />
        <ResultFile path="WNVM19648\Fail.22wpw0oka5fs.png" />
        <ResultFile path="WNVM19648\Fail.24wtv1jnawc3.png" />
        <ResultFile path="WNVM19648\Fail.2dvw33g3abcx.png" />
        <ResultFile path="WNVM19648\Fail.2lws5epta1gw.png" />
        <ResultFile path="WNVM19648\Fail.2osatv43agzz.png" />
        <ResultFile path="WNVM19648\Fail.33ju4eduay3u.png" />
        <ResultFile path="WNVM19648\Fail.3poblbx4alvv.png" />
        <ResultFile path="WNVM19648\Fail.4p531ykxaqdb.png" />
        <ResultFile path="WNVM19648\Fail.5ckvvlpiahzj.png" />
        <ResultFile path="WNVM19648\Fail.5erbsz3aa4ay.png" />
        <ResultFile path="WNVM19648\Fail.ashpv3rjajjr.png" />
        <ResultFile path="WNVM19648\Fail.aswak04hapa5.png" />
        <ResultFile path="WNVM19648\Fail.azqsczivabnm.png" />
        <ResultFile path="WNVM19648\Fail.byuslv5baqsd.png" />
        <ResultFile path="WNVM19648\Fail.bz134qwyax2e.png" />
        <ResultFile path="WNVM19648\Fail.cwkly5opaa5x.png" />
        <ResultFile path="WNVM19648\Fail.czhshhzmawco.png" />
        <ResultFile path="WNVM19648\Fail.ek4tb3wmalyl.png" />
        <ResultFile path="WNVM19648\Fail.fdtmbjciavfs.png" />
        <ResultFile path="WNVM19648\Fail.fh0tepfdaffp.png" />
        <ResultFile path="WNVM19648\Fail.hxi2cahnapy2.png" />
        <ResultFile path="WNVM19648\Fail.ig2gsfz5ad1y.png" />
        <ResultFile path="WNVM19648\Fail.iwqb3wycasom.png" />
        <ResultFile path="WNVM19648\Fail.iymeazuqablz.png" />
        <ResultFile path="WNVM19648\Fail.jnwm2z2la0nn.png" />
        <ResultFile path="WNVM19648\Fail.jpga4adlarrf.png" />
        <ResultFile path="WNVM19648\Fail.k12p4vaeagac.png" />
        <ResultFile path="WNVM19648\Fail.kfb5og41ajlt.png" />
        <ResultFile path="WNVM19648\Fail.kp4fcfcpa5bw.png" />
        <ResultFile path="WNVM19648\Fail.kxs1ersmaxma.png" />
        <ResultFile path="WNVM19648\Fail.lbyrcmqbastb.png" />
        <ResultFile path="WNVM19648\Fail.loc0xhl5a2hr.png" />
        <ResultFile path="WNVM19648\Fail.lthgvalfaxfr.png" />
        <ResultFile path="WNVM19648\Fail.mazsob3aamsp.png" />
        <ResultFile path="WNVM19648\Fail.n13clx4iaowv.png" />
        <ResultFile path="WNVM19648\Fail.n3c2bmltan5e.png" />
        <ResultFile path="WNVM19648\Fail.o4kkrjboasbk.png" />
        <ResultFile path="WNVM19648\Fail.o5zf0zepaw0l.png" />
        <ResultFile path="WNVM19648\Fail.pdo2mhdtanq2.png" />
        <ResultFile path="WNVM19648\Fail.pprwzak1ac5h.png" />
        <ResultFile path="WNVM19648\Fail.qagtqbftat3h.png" />
        <ResultFile path="WNVM19648\Fail.qbnuydioazjy.png" />
        <ResultFile path="WNVM19648\Fail.raasvsmeanc1.png" />
        <ResultFile path="WNVM19648\Fail.rymman3va50a.png" />
        <ResultFile path="WNVM19648\Fail.sidku4gxamg4.png" />
        <ResultFile path="WNVM19648\Fail.swwzdfhraz25.png" />
        <ResultFile path="WNVM19648\Fail.t4yj0fxuatil.png" />
        <ResultFile path="WNVM19648\Fail.v0ywfcwsa23p.png" />
        <ResultFile path="WNVM19648\Fail.vedy4wlua0xf.png" />
        <ResultFile path="WNVM19648\Fail.vjqtiv2zaclz.png" />
        <ResultFile path="WNVM19648\Fail.w3wlbab1aii5.png" />
        <ResultFile path="WNVM19648\Fail.wiz4mofdavag.png" />
        <ResultFile path="WNVM19648\Fail.xasrdkzvaogc.png" />
        <ResultFile path="WNVM19648\Fail.yd3ferxiaq1c.png" />
        <ResultFile path="WNVM19648\Fail.z10rn0n5ajdm.png" />
        <ResultFile path="WNVM19648\Fail.z2gelfy0aa1q.png" />
        <ResultFile path="WNVM19648\Fail.zpuouf2fa0ib.png" />
        <ResultFile path="WNVM19648\OmniLog.html" />
        <ResultFile path="WNVM19648\OmniLogRawXml.xml" />
      </ResultFiles>
    </UnitTestResult>
    <UnitTestResult executionId="facf20d8-7ef8-4245-8170-285a75f05a12" testId="bbd743ff-ea3c-d7fb-321c-36621e265e8c" testName="VSTest_JSON_TooManyErrors_Content_File_Sniffing" computerName="WNVM19648" duration="00:00:05.5310470" startTime="2018-04-17T02:17:20.0300979-07:00" endTime="2018-04-17T02:17:25.5611449-07:00" testType="13cdc9d9-ddb5-4fa4-a97d-d965ccfc6d4b" outcome="Passed" testListId="8c84fa94-04c1-424b-9868-57a2d4851a1d" relativeResultsDirectory="facf20d8-7ef8-4245-8170-285a75f05a12">
      <Output>
        <StdOut>+ SniffingTests::VSTest_JSON_TooManyErrors_Content_File_Sniffing
    + ApexTest TestInitialize
    + ExternalProcessHostTest TestInitialize
        (02:19:01.995) [Visual Studio Host (4596):RoamingSettingsService] Disabling roaming settings.
        (02:19:02.198) [Visual Studio Host (4596):SettingsService] Setting Visual Studio option 'Environment\RoamingSettings\RoamingEnabled' to 'False'.
        (02:19:02.698) [Visual Studio Host (4596):TextEditorDocumentWindowTestExtension] Showing window 'manyerrors.foo' without activating the window.
        (02:19:02.964) [Visual Studio Host (4596):TextEditorDocumentWindowTestExtension] Showing window 'manyerrors.foo'.
        (02:19:03.214) [Visual Studio Host (4596):VisualStudioTextEditorTestExtension] Setting keyboard focus to editor 'manyerrors.foo'.
        (02:19:03.433) [Visual Studio Host (4596):MainWindowService] Activating main window to bring it to the foreground.
        (02:19:03.698) [Visual Studio Host (4596):MainWindowService] Setting main window state to 'Maximized'.
    VerificationPass: (02:19:04.292) [Platform:Testcase] Verification passed: The condition was expected to be false.
    + ExternalProcessHostTest TestCleanup
        (02:19:04.839) [Visual Studio Host (4596):TextEditorDocumentWindowTestExtension] Closing window 'manyerrors.foo'.
        (02:19:05.261) [Platform:Testcase] Test 'VSTest_JSON_TooManyErrors_Content_File_Sniffing' has 'Passed' outcome. Therefore, Apex will not shut down the 'Visual Studio Host (4596)' with process ID '4596'. A subsequent test scenario will run on the same instance of the host.
    + Final Test Result Verification
        (02:19:05.855) [Platform:DelayedAssertionVerifierSink] Verification Success: 0 verification steps failed.
    + ApexTest TestCleanup</StdOut>
      </Output>
      <ResultFiles>
        <ResultFile path="WNVM19648\Fail.22wpw0oka5fs.png" />
        <ResultFile path="WNVM19648\Fail.24wtv1jnawc3.png" />
        <ResultFile path="WNVM19648\Fail.2dvw33g3abcx.png" />
        <ResultFile path="WNVM19648\Fail.2lws5epta1gw.png" />
        <ResultFile path="WNVM19648\Fail.2osatv43agzz.png" />
        <ResultFile path="WNVM19648\Fail.33ju4eduay3u.png" />
        <ResultFile path="WNVM19648\Fail.3poblbx4alvv.png" />
        <ResultFile path="WNVM19648\Fail.4p531ykxaqdb.png" />
        <ResultFile path="WNVM19648\Fail.5erbsz3aa4ay.png" />
        <ResultFile path="WNVM19648\Fail.ashpv3rjajjr.png" />
        <ResultFile path="WNVM19648\Fail.aswak04hapa5.png" />
        <ResultFile path="WNVM19648\Fail.azqsczivabnm.png" />
        <ResultFile path="WNVM19648\Fail.byuslv5baqsd.png" />
        <ResultFile path="WNVM19648\Fail.bz134qwyax2e.png" />
        <ResultFile path="WNVM19648\Fail.czhshhzmawco.png" />
        <ResultFile path="WNVM19648\Fail.ek4tb3wmalyl.png" />
        <ResultFile path="WNVM19648\Fail.hxi2cahnapy2.png" />
        <ResultFile path="WNVM19648\Fail.ig2gsfz5ad1y.png" />
        <ResultFile path="WNVM19648\Fail.iymeazuqablz.png" />
        <ResultFile path="WNVM19648\Fail.jpga4adlarrf.png" />
        <ResultFile path="WNVM19648\Fail.kfb5og41ajlt.png" />
        <ResultFile path="WNVM19648\Fail.kp4fcfcpa5bw.png" />
        <ResultFile path="WNVM19648\Fail.kxs1ersmaxma.png" />
        <ResultFile path="WNVM19648\Fail.lbyrcmqbastb.png" />
        <ResultFile path="WNVM19648\Fail.loc0xhl5a2hr.png" />
        <ResultFile path="WNVM19648\Fail.lthgvalfaxfr.png" />
        <ResultFile path="WNVM19648\Fail.mazsob3aamsp.png" />
        <ResultFile path="WNVM19648\Fail.n13clx4iaowv.png" />
        <ResultFile path="WNVM19648\Fail.n3c2bmltan5e.png" />
        <ResultFile path="WNVM19648\Fail.o4kkrjboasbk.png" />
        <ResultFile path="WNVM19648\Fail.o5zf0zepaw0l.png" />
        <ResultFile path="WNVM19648\Fail.pdo2mhdtanq2.png" />
        <ResultFile path="WNVM19648\Fail.pprwzak1ac5h.png" />
        <ResultFile path="WNVM19648\Fail.qagtqbftat3h.png" />
        <ResultFile path="WNVM19648\Fail.qbnuydioazjy.png" />
        <ResultFile path="WNVM19648\Fail.raasvsmeanc1.png" />
        <ResultFile path="WNVM19648\Fail.rymman3va50a.png" />
        <ResultFile path="WNVM19648\Fail.sidku4gxamg4.png" />
        <ResultFile path="WNVM19648\Fail.swwzdfhraz25.png" />
        <ResultFile path="WNVM19648\Fail.t4yj0fxuatil.png" />
        <ResultFile path="WNVM19648\Fail.v0ywfcwsa23p.png" />
        <ResultFile path="WNVM19648\Fail.vjqtiv2zaclz.png" />
        <ResultFile path="WNVM19648\Fail.wiz4mofdavag.png" />
        <ResultFile path="WNVM19648\Fail.xasrdkzvaogc.png" />
        <ResultFile path="WNVM19648\Fail.yd3ferxiaq1c.png" />
        <ResultFile path="WNVM19648\Fail.z10rn0n5ajdm.png" />
        <ResultFile path="WNVM19648\Fail.z2gelfy0aa1q.png" />
        <ResultFile path="WNVM19648\Fail.zpuouf2fa0ib.png" />
        <ResultFile path="WNVM19648\OmniLog.html" />
        <ResultFile path="WNVM19648\OmniLogRawXml.xml" />
      </ResultFiles>
    </UnitTestResult>
    <UnitTestResult executionId="187bf527-f635-459c-9a35-7c75dd1ffa96" testId="bf027638-35e4-449e-fc0c-38440e647dff" testName="VSTest_JSON_VerifyKnownFileSchemaAssociations (webs\misc\JSON\KnownSchemas\.eslintrc, http://json.schemastore.org/eslintrc)" computerName="WNVM19648" startTime="2018-04-17T01:53:07.2140087-07:00" endTime="2018-04-17T01:53:07.2140087-07:00" testType="13cdc9d9-ddb5-4fa4-a97d-d965ccfc6d4b" outcome="NotExecuted" testListId="8c84fa94-04c1-424b-9868-57a2d4851a1d" relativeResultsDirectory="187bf527-f635-459c-9a35-7c75dd1ffa96">
      <Output>
      </Output>
    </UnitTestResult>
    <UnitTestResult executionId="bd539b8e-e934-43ad-b334-e69d82f330f9" testId="0e4b0c2a-802e-2ad3-668c-45f65708f02a" testName="VSTest_TypingTags_Del_to_Embed" computerName="WNVM19648" duration="00:00:01.1329866" startTime="2018-04-17T00:38:24.9281853-07:00" endTime="2018-04-17T00:38:26.0611719-07:00" testType="13cdc9d9-ddb5-4fa4-a97d-d965ccfc6d4b" outcome="Failed" testListId="8c84fa94-04c1-424b-9868-57a2d4851a1d" relativeResultsDirectory="bd539b8e-e934-43ad-b334-e69d82f330f9">
      <Output>
        <StdOut>+ TypingTests::VSTest_TypingTags_Del_to_Embed
    + ApexTest TestInitialize</StdOut>
        <ErrorInfo>
          <Message>Initialization method Microsoft.Test.Apex.ExternalProcessHostTest`2[[Microsoft.Test.Apex.VisualStudio.VisualStudioHostConfiguration, Microsoft.Test.Apex.VisualStudio, Version=15.0.0.0, Culture=neutral, PublicKeyToken=b03f5f7f11d50a3a],[Microsoft.Test.Apex.VisualStudio.VisualStudioHost, Microsoft.Test.Apex.VisualStudio, Version=15.0.0.0, Culture=neutral, PublicKeyToken=b03f5f7f11d50a3a]].TestInitialize threw exception. System.IO.IOException: The process cannot access the file 'C:\school\OmniLog.html' because it is being used by another process.</Message>
          <StackTrace>   at System.IO.__Error.WinIOError(Int32 errorCode, String maybeFullPath)
   at System.IO.FileStream.Init(String path, FileMode mode, FileAccess access, Int32 rights, Boolean useRights, FileShare share, Int32 bufferSize, FileOptions options, SECURITY_ATTRIBUTES secAttrs, String msgPath, Boolean bFromProxy, Boolean useLongPath, Boolean checkHost)
   at System.IO.FileStream..ctor(String path, FileMode mode, FileAccess access)
   at Omni.Logging.Sinks.IncrementalSummarySink.PrepareForWrite() in F:\dd\src\Omni\Log\Omni.Log\Sinks\IncrementalSummarySink.cs:line 169
   at Omni.Logging.Sinks.IncrementalSummarySink.Append(ILogMessage message) in F:\dd\src\Omni\Log\Omni.Log\Sinks\IncrementalSummarySink.cs:line 74
   at Omni.Logging.OmniLog.SendToSinks(LogMessage message) in F:\dd\src\Omni\Log\Omni.Log\OmniLog.cs:line 968
   at Omni.Logging.Log.BeginGroup(String message) in F:\dd\src\Omni\Log\Omni.Log\OmniLog.cs:line 1402
   at Microsoft.Test.Apex.Services.Logging.TestLoggerSinks.OmniLog.OmniLogSink.ActualSink.ScopeEntered(IExecutionScopeHandle scope) in F:\dd\src\omni\Apex\MsTestIntegration\Services\OmniLog\OmniLogSink.cs:line 318
   at Microsoft.Test.Apex.Services.Logging.TestLoggerSinks.OmniLog.OmniLogSink.ScopeEntered(IExecutionScopeHandle scope) in F:\dd\src\omni\Apex\MsTestIntegration\Services\OmniLog\OmniLogSink.cs:line 146
   at Microsoft.Test.Apex.Services.ExecutionScopeService.Enter(TestExecutionPoint testExecutionPoint, String scopeName, Boolean enterVerificationScope, Object context) in F:\dd\src\omni\Apex\Framework\Services\ExecutionScope\ExecutionScopeService.cs:line 228
   at Microsoft.Test.Apex.Services.ExecutionScopeService.Enter(String scopeName, Boolean enterVerificationScope, Object context) in F:\dd\src\omni\Apex\Framework\Services\ExecutionScope\ExecutionScopeService.cs:line 202
   at Microsoft.Test.Apex.Services.ExecutionScopeService.Enter(String scopeName) in F:\dd\src\omni\Apex\Framework\Services\ExecutionScope\ExecutionScopeService.cs:line 80
   at Microsoft.Test.Apex.ApexTest.TestInitialize() in F:\dd\src\omni\Apex\MsTestIntegration\ApexTest.cs:line 423
   at Microsoft.Test.Apex.ExternalProcessHostTest`2.TestInitialize() in F:\dd\src\omni\Apex\MsTestIntegration\ExternalProcessHostTest.cs:line 108</StackTrace>
        </ErrorInfo>
      </Output>
    </UnitTestResult>
    <UnitTestResult executionId="4edbd337-2a71-40d2-9dbe-942aaf7bc2f7" testId="ef24b414-f526-69fc-c564-b35b6d416278" testName="VSTest_Validate_Webforms_Uri" computerName="WNVM19648" duration="00:00:08.0488329" startTime="2018-04-17T01:23:10.0168523-07:00" endTime="2018-04-17T01:23:18.0656852-07:00" testType="13cdc9d9-ddb5-4fa4-a97d-d965ccfc6d4b" outcome="Passed" testListId="8c84fa94-04c1-424b-9868-57a2d4851a1d" relativeResultsDirectory="4edbd337-2a71-40d2-9dbe-942aaf7bc2f7">
      <Output>
        <StdOut>+ ValidationTests::VSTest_Validate_Webforms_Uri
    + ApexTest TestInitialize
    + ExternalProcessHostTest TestInitialize
        (01:24:51.789) [Visual Studio Host (10528):RoamingSettingsService] Disabling roaming settings.
        (01:24:51.956) [Visual Studio Host (10528):SettingsService] Setting Visual Studio option 'Environment\RoamingSettings\RoamingEnabled' to 'False'.
        (01:24:52.499) [Visual Studio Host (10528):TextEditorDocumentWindowTestExtension] Showing window 'UriValidation.aspx' without activating the window.
        (01:24:52.697) [Visual Studio Host (10528):TextEditorDocumentWindowTestExtension] Showing window 'UriValidation.aspx'.
        (01:24:52.876) [Visual Studio Host (10528):VisualStudioTextEditorTestExtension] Setting keyboard focus to editor 'UriValidation.aspx'.
        (01:24:53.013) [Visual Studio Host (10528):MainWindowService] Activating main window to bring it to the foreground.
        (01:24:53.185) [Visual Studio Host (10528):MainWindowService] Setting main window state to 'Maximized'.
    (01:24:53.488) [Visual Studio Host (10528):TextEditorDocumentWindowTestExtension] Showing window 'UriValidation.aspx' without activating the window.
    (01:24:53.638) [Visual Studio Host (10528):TextEditorDocumentWindowTestExtension] Showing window 'UriValidation.aspx'.
    (01:24:53.795) [Visual Studio Host (10528):ToolWindowTestExtension] Showing window 'Error List ...' without activating the window.
    (01:24:53.946) [Visual Studio Host (10528):ErrorListService] Showing error list error items.
    (01:24:54.086) [Visual Studio Host (10528):ToolWindowTestExtension] Showing window 'Error List ...' without activating the window.
    (01:24:54.229) [Visual Studio Host (10528):ErrorListService] Showing error list message items.
    (01:24:54.393) [Visual Studio Host (10528):ToolWindowTestExtension] Showing window 'Error List ...' without activating the window.
    (01:24:54.536) [Visual Studio Host (10528):ErrorListService] Showing error list warning items.
    (01:24:56.706) [Visual Studio Host (10528):TextEditorDocumentWindowTestExtension] Showing window 'UriValidation.aspx' without activating the window.
    (01:24:56.869) [Visual Studio Host (10528):TextEditorDocumentWindowTestExtension] Showing window 'UriValidation.aspx'.
    + ExternalProcessHostTest TestCleanup
        (01:24:57.216) [Visual Studio Host (10528):TextEditorDocumentWindowTestExtension] Closing window 'UriValidation.aspx'.
        (01:24:57.454) [Platform:Testcase] Test 'VSTest_Validate_Webforms_Uri' has 'Passed' outcome. Therefore, Apex will not shut down the 'Visual Studio Host (10528)' with process ID '10528'. A subsequent test scenario will run on the same instance of the host.
    + Final Test Result Verification
        (01:24:58.136) [Platform:DelayedAssertionVerifierSink] Verification Success: 0 verification steps failed.
    + ApexTest TestCleanup</StdOut>
      </Output>
      <ResultFiles>
        <ResultFile path="WNVM19648\Fail.aswak04hapa5.png" />
        <ResultFile path="WNVM19648\Fail.azqsczivabnm.png" />
        <ResultFile path="WNVM19648\Fail.byuslv5baqsd.png" />
        <ResultFile path="WNVM19648\Fail.ek4tb3wmalyl.png" />
        <ResultFile path="WNVM19648\Fail.ig2gsfz5ad1y.png" />
        <ResultFile path="WNVM19648\Fail.kxs1ersmaxma.png" />
        <ResultFile path="WNVM19648\Fail.loc0xhl5a2hr.png" />
        <ResultFile path="WNVM19648\Fail.o4kkrjboasbk.png" />
        <ResultFile path="WNVM19648\Fail.o5zf0zepaw0l.png" />
        <ResultFile path="WNVM19648\Fail.raasvsmeanc1.png" />
        <ResultFile path="WNVM19648\Fail.sidku4gxamg4.png" />
        <ResultFile path="WNVM19648\Fail.t4yj0fxuatil.png" />
        <ResultFile path="WNVM19648\Fail.z10rn0n5ajdm.png" />
        <ResultFile path="WNVM19648\OmniLog.html" />
        <ResultFile path="WNVM19648\OmniLogRawXml.xml" />
      </ResultFiles>
    </UnitTestResult>
    <UnitTestResult executionId="de4398d9-546d-4e9c-b7cc-527b9eafc42e" testId="ae86761e-5fb7-a7bf-880d-19f4e13c372c" testName="VSTest_TypingTags_Caption_to_Command" computerName="WNVM19648" duration="00:03:06.4784700" startTime="2018-04-17T00:35:18.4497153-07:00" endTime="2018-04-17T00:38:24.9281853-07:00" testType="13cdc9d9-ddb5-4fa4-a97d-d965ccfc6d4b" outcome="Passed" testListId="8c84fa94-04c1-424b-9868-57a2d4851a1d" relativeResultsDirectory="de4398d9-546d-4e9c-b7cc-527b9eafc42e">
      <Output>
        <StdOut>+ TypingTests::VSTest_TypingTags_Caption_to_Command
    + ApexTest TestInitialize
    + ExternalProcessHostTest TestInitialize
        (37:02.964) [Visual Studio Host (11564):RoamingSettingsService] Disabling roaming settings.
        (37:03.452) [Visual Studio Host (11564):SettingsService] Setting Visual Studio option 'Environment\RoamingSettings\RoamingEnabled' to 'False'.
        (37:04.263) [Visual Studio Host (11564):TextEditorDocumentWindowTestExtension] Showing window 'HtmlPage.html' without activating the window.
        (37:04.882) [Visual Studio Host (11564):TextEditorDocumentWindowTestExtension] Showing window 'HtmlPage.html'.
        (37:04.957) [Visual Studio Host (11564):VisualStudioTextEditorTestExtension] Setting keyboard focus to editor 'HtmlPage.html'.
        (37:05.020) [Visual Studio Host (11564):MainWindowService] Activating main window to bring it to the foreground.
        (37:05.093) [Visual Studio Host (11564):MainWindowService] Setting main window state to 'Maximized'.
    (37:05.226) [Visual Studio Host (11564):TextEditorDocumentWindowTestExtension] Showing window 'HtmlPage.html' without activating the window.
    (37:05.296) [Visual Studio Host (11564):TextEditorDocumentWindowTestExtension] Showing window 'HtmlPage.html'.
    (37:05.363) [Visual Studio Host (11564):VisualStudioCaretTestExtension] Moving the caret to '&lt;body&gt;' at (Ln: 6, Ch: 5) based on a regular expression.  Expression = "&lt;body&gt;" [group index '0', match index '1', options 'Singleline, CultureInvariant']
    (37:06.201) [Visual Studio Host (11564):VisualStudioCaretTestExtension] Moving the caret from (Ln: 6, Ch: 5) down '1' lines
    (37:07.049) [Visual Studio Host (11564):VisualStudioTextEditorTestExtension] Setting keyboard focus to editor 'HtmlPage.html'.
    (37:07.918) [Visual Studio Host (11564):VisualStudioCaretTestExtension] Moving the caret from (Ln: 7, Ch: 5) to the end of the line
    (37:07.991) [Visual Studio Host (11564):VisualStudioTextEditorTestExtension] Setting keyboard focus to editor 'HtmlPage.html'.
    (37:08.049) [Visual Studio Host (11564):VisualStudioTextEditingActions] Inserting text: '&lt;table class="table1"&gt;' at the current caret position: '(Ln: 7, Ch: 9)'
    (37:08.317) [Visual Studio Host (11564):VisualStudioTextEditingActions] Deleting to the end of line of the current caret position, position: '(Ln: 7, Ch: 31)', line: '7'
    (37:08.407) [Visual Studio Host (11564):TextEditorDocumentWindowTestExtension] Showing window 'HtmlPage.html' without activating the window.
    (37:08.479) [Visual Studio Host (11564):TextEditorDocumentWindowTestExtension] Showing window 'HtmlPage.html'.
    (37:08.584) [Visual Studio Host (11564):TextEditorDocumentWindowTestExtension] Showing window 'HtmlPage.html' without activating the window.
    (37:08.671) [Visual Studio Host (11564):TextEditorDocumentWindowTestExtension] Showing window 'HtmlPage.html'.
    (37:09.102) [Visual Studio Host (11564):VisualStudioIntellisenseService] Did not find an active completion session. Please use Verify.IsCompletionListPresent() to make sure that the list is present before requesting the completion session.
    Warning: (37:09.169) [Visual Studio Host (11564):VisualStudioIntellisenseService] No active completion sessions were found for editor 'HtmlPage.html'.
    (37:09.251) [Visual Studio Host (11564):VisualStudioTextEditingActions] Inserting text combine CRLF as single return: '
' at the current caret position: '(Ln: 7, Ch: 31)'
    (37:09.924) [Visual Studio Host (11564):VisualStudioTextEditingActions] Inserting text: '&lt;caption&gt;&lt;/caption&gt;' at the current caret position: '(Ln: 8, Ch: 13)'
    (37:10.675) [Visual Studio Host (11564):VisualStudioTextEditingActions] Deleting to the end of line of the current caret position, position: '(Ln: 8, Ch: 32)', line: '8'
    (37:11.279) [Visual Studio Host (11564):TextEditorDocumentWindowTestExtension] Showing window 'HtmlPage.html' without activating the window.
    (37:11.868) [Visual Studio Host (11564):TextEditorDocumentWindowTestExtension] Showing window 'HtmlPage.html'.
    (37:12.485) [Visual Studio Host (11564):TextEditorDocumentWindowTestExtension] Showing window 'HtmlPage.html' without activating the window.
    (37:13.123) [Visual Studio Host (11564):TextEditorDocumentWindowTestExtension] Showing window 'HtmlPage.html'.
    (37:13.784) [Visual Studio Host (11564):VisualStudioIntellisenseService] Did not find an active completion session. Please use Verify.IsCompletionListPresent() to make sure that the list is present before requesting the completion session.
    Warning: (37:14.344) [Visual Studio Host (11564):VisualStudioIntellisenseService] No active completion sessions were found for editor 'HtmlPage.html'.
    (37:14.971) [Visual Studio Host (11564):VisualStudioTextEditingActions] Inserting text combine CRLF as single return: '
' at the current caret position: '(Ln: 8, Ch: 32)'
    (37:15.589) [Visual Studio Host (11564):VisualStudioTextEditingActions] Inserting text: '&lt;thead&gt;&lt;tr&gt;' at the current caret position: '(Ln: 9, Ch: 13)'
    (37:16.279) [Visual Studio Host (11564):VisualStudioTextEditingActions] Deleting to the end of line of the current caret position, position: '(Ln: 9, Ch: 24)', line: '9'
    (37:16.940) [Visual Studio Host (11564):TextEditorDocumentWindowTestExtension] Showing window 'HtmlPage.html' without activating the window.
    (37:17.496) [Visual Studio Host (11564):TextEditorDocumentWindowTestExtension] Showing window 'HtmlPage.html'.
    (37:18.071) [Visual Studio Host (11564):TextEditorDocumentWindowTestExtension] Showing window 'HtmlPage.html' without activating the window.
    (37:18.751) [Visual Studio Host (11564):TextEditorDocumentWindowTestExtension] Showing window 'HtmlPage.html'.
    (37:19.434) [Visual Studio Host (11564):VisualStudioIntellisenseService] Did not find an active completion session. Please use Verify.IsCompletionListPresent() to make sure that the list is present before requesting the completion session.
    Warning: (37:20.053) [Visual Studio Host (11564):VisualStudioIntellisenseService] No active completion sessions were found for editor 'HtmlPage.html'.
    (37:20.723) [Visual Studio Host (11564):VisualStudioTextEditingActions] Inserting text combine CRLF as single return: '
' at the current caret position: '(Ln: 9, Ch: 24)'
    (37:21.332) [Visual Studio Host (11564):VisualStudioTextEditingActions] Inserting text: '&lt;th&gt;Month&lt;/th&gt;' at the current caret position: '(Ln: 10, Ch: 17)'
    (37:22.057) [Visual Studio Host (11564):VisualStudioTextEditingActions] Deleting to the end of line of the current caret position, position: '(Ln: 10, Ch: 31)', line: '10'
    (37:22.676) [Visual Studio Host (11564):TextEditorDocumentWindowTestExtension] Showing window 'HtmlPage.html' without activating the window.
    (37:23.288) [Visual Studio Host (11564):TextEditorDocumentWindowTestExtension] Showing window 'HtmlPage.html'.
    (37:23.874) [Visual Studio Host (11564):TextEditorDocumentWindowTestExtension] Showing window 'HtmlPage.html' without activating the window.
    (37:24.393) [Visual Studio Host (11564):TextEditorDocumentWindowTestExtension] Showing window 'HtmlPage.html'.
    (37:24.923) [Visual Studio Host (11564):VisualStudioIntellisenseService] Did not find an active completion session. Please use Verify.IsCompletionListPresent() to make sure that the list is present before requesting the completion session.
    Warning: (37:25.529) [Visual Studio Host (11564):VisualStudioIntellisenseService] No active completion sessions were found for editor 'HtmlPage.html'.
    (37:26.064) [Visual Studio Host (11564):VisualStudioTextEditingActions] Inserting text combine CRLF as single return: '
' at the current caret position: '(Ln: 10, Ch: 31)'
    (37:26.689) [Visual Studio Host (11564):VisualStudioTextEditingActions] Inserting text: '&lt;th&gt;Savings&lt;/th&gt;' at the current caret position: '(Ln: 11, Ch: 17)'
    (37:27.361) [Visual Studio Host (11564):VisualStudioTextEditingActions] Deleting to the end of line of the current caret position, position: '(Ln: 11, Ch: 33)', line: '11'
    (37:27.950) [Visual Studio Host (11564):TextEditorDocumentWindowTestExtension] Showing window 'HtmlPage.html' without activating the window.
    (37:28.615) [Visual Studio Host (11564):TextEditorDocumentWindowTestExtension] Showing window 'HtmlPage.html'.
    (37:29.223) [Visual Studio Host (11564):TextEditorDocumentWindowTestExtension] Showing window 'HtmlPage.html' without activating the window.
    (37:29.768) [Visual Studio Host (11564):TextEditorDocumentWindowTestExtension] Showing window 'HtmlPage.html'.
    (37:30.331) [Visual Studio Host (11564):VisualStudioIntellisenseService] Did not find an active completion session. Please use Verify.IsCompletionListPresent() to make sure that the list is present before requesting the completion session.
    Warning: (37:30.994) [Visual Studio Host (11564):VisualStudioIntellisenseService] No active completion sessions were found for editor 'HtmlPage.html'.
    (37:31.560) [Visual Studio Host (11564):VisualStudioTextEditingActions] Inserting text combine CRLF as single return: '
' at the current caret position: '(Ln: 11, Ch: 33)'
    (37:32.205) [Visual Studio Host (11564):VisualStudioTextEditingActions] Inserting text: '&lt;/tr&gt;&lt;/thead&gt;' at the current caret position: '(Ln: 12, Ch: 13)'
    (37:32.939) [Visual Studio Host (11564):VisualStudioTextEditingActions] Deleting to the end of line of the current caret position, position: '(Ln: 12, Ch: 26)', line: '12'
    (37:33.567) [Visual Studio Host (11564):TextEditorDocumentWindowTestExtension] Showing window 'HtmlPage.html' without activating the window.
    (37:34.139) [Visual Studio Host (11564):TextEditorDocumentWindowTestExtension] Showing window 'HtmlPage.html'.
    (37:34.662) [Visual Studio Host (11564):TextEditorDocumentWindowTestExtension] Showing window 'HtmlPage.html' without activating the window.
    (37:35.198) [Visual Studio Host (11564):TextEditorDocumentWindowTestExtension] Showing window 'HtmlPage.html'.
    (37:35.863) [Visual Studio Host (11564):VisualStudioIntellisenseService] Did not find an active completion session. Please use Verify.IsCompletionListPresent() to make sure that the list is present before requesting the completion session.
    Warning: (37:36.491) [Visual Studio Host (11564):VisualStudioIntellisenseService] No active completion sessions were found for editor 'HtmlPage.html'.
    (37:37.069) [Visual Studio Host (11564):VisualStudioTextEditingActions] Inserting text combine CRLF as single return: '
' at the current caret position: '(Ln: 12, Ch: 26)'
    (37:37.711) [Visual Studio Host (11564):VisualStudioTextEditingActions] Inserting text: '&lt;tbody&gt;' at the current caret position: '(Ln: 13, Ch: 13)'
    (37:38.422) [Visual Studio Host (11564):VisualStudioTextEditingActions] Deleting to the end of line of the current caret position, position: '(Ln: 13, Ch: 20)', line: '13'
    (37:39.124) [Visual Studio Host (11564):TextEditorDocumentWindowTestExtension] Showing window 'HtmlPage.html' without activating the window.
    (37:39.795) [Visual Studio Host (11564):TextEditorDocumentWindowTestExtension] Showing window 'HtmlPage.html'.
    (37:40.463) [Visual Studio Host (11564):TextEditorDocumentWindowTestExtension] Showing window 'HtmlPage.html' without activating the window.
    (37:41.103) [Visual Studio Host (11564):TextEditorDocumentWindowTestExtension] Showing window 'HtmlPage.html'.
    (37:41.720) [Visual Studio Host (11564):VisualStudioIntellisenseService] Did not find an active completion session. Please use Verify.IsCompletionListPresent() to make sure that the list is present before requesting the completion session.
    Warning: (37:42.261) [Visual Studio Host (11564):VisualStudioIntellisenseService] No active completion sessions were found for editor 'HtmlPage.html'.
    (37:42.880) [Visual Studio Host (11564):VisualStudioTextEditingActions] Inserting text combine CRLF as single return: '
' at the current caret position: '(Ln: 13, Ch: 20)'
    (37:43.450) [Visual Studio Host (11564):VisualStudioTextEditingActions] Inserting text: '&lt;tr&gt;' at the current caret position: '(Ln: 14, Ch: 17)'
    (37:44.130) [Visual Studio Host (11564):VisualStudioTextEditingActions] Deleting to the end of line of the current caret position, position: '(Ln: 14, Ch: 21)', line: '14'
    (37:44.699) [Visual Studio Host (11564):TextEditorDocumentWindowTestExtension] Showing window 'HtmlPage.html' without activating the window.
    (37:45.255) [Visual Studio Host (11564):TextEditorDocumentWindowTestExtension] Showing window 'HtmlPage.html'.
    (37:45.849) [Visual Studio Host (11564):TextEditorDocumentWindowTestExtension] Showing window 'HtmlPage.html' without activating the window.
    (37:46.546) [Visual Studio Host (11564):TextEditorDocumentWindowTestExtension] Showing window 'HtmlPage.html'.
    (37:47.108) [Visual Studio Host (11564):VisualStudioIntellisenseService] Did not find an active completion session. Please use Verify.IsCompletionListPresent() to make sure that the list is present before requesting the completion session.
    Warning: (37:47.656) [Visual Studio Host (11564):VisualStudioIntellisenseService] No active completion sessions were found for editor 'HtmlPage.html'.
    (37:48.281) [Visual Studio Host (11564):VisualStudioTextEditingActions] Inserting text combine CRLF as single return: '
' at the current caret position: '(Ln: 14, Ch: 21)'
    (37:48.867) [Visual Studio Host (11564):VisualStudioTextEditingActions] Inserting text: '&lt;td&gt;row1, col1&lt;/td&gt;' at the current caret position: '(Ln: 15, Ch: 21)'
    (37:49.666) [Visual Studio Host (11564):VisualStudioTextEditingActions] Deleting to the end of line of the current caret position, position: '(Ln: 15, Ch: 40)', line: '15'
    (37:50.312) [Visual Studio Host (11564):TextEditorDocumentWindowTestExtension] Showing window 'HtmlPage.html' without activating the window.
    (37:50.897) [Visual Studio Host (11564):TextEditorDocumentWindowTestExtension] Showing window 'HtmlPage.html'.
    (37:51.464) [Visual Studio Host (11564):TextEditorDocumentWindowTestExtension] Showing window 'HtmlPage.html' without activating the window.
    (37:51.986) [Visual Studio Host (11564):TextEditorDocumentWindowTestExtension] Showing window 'HtmlPage.html'.
    (37:52.698) [Visual Studio Host (11564):VisualStudioIntellisenseService] Did not find an active completion session. Please use Verify.IsCompletionListPresent() to make sure that the list is present before requesting the completion session.
    Warning: (37:53.215) [Visual Studio Host (11564):VisualStudioIntellisenseService] No active completion sessions were found for editor 'HtmlPage.html'.
    (37:53.811) [Visual Studio Host (11564):VisualStudioTextEditingActions] Inserting text combine CRLF as single return: '
' at the current caret position: '(Ln: 15, Ch: 40)'
    (37:54.625) [Visual Studio Host (11564):VisualStudioTextEditingActions] Inserting text: '&lt;td&gt;row1, col2&lt;/td&gt;' at the current caret position: '(Ln: 16, Ch: 21)'
    (37:55.524) [Visual Studio Host (11564):VisualStudioTextEditingActions] Deleting to the end of line of the current caret position, position: '(Ln: 16, Ch: 40)', line: '16'
    (37:56.156) [Visual Studio Host (11564):TextEditorDocumentWindowTestExtension] Showing window 'HtmlPage.html' without activating the window.
    (37:56.790) [Visual Studio Host (11564):TextEditorDocumentWindowTestExtension] Showing window 'HtmlPage.html'.
    (37:57.428) [Visual Studio Host (11564):TextEditorDocumentWindowTestExtension] Showing window 'HtmlPage.html' without activating the window.
    (37:57.983) [Visual Studio Host (11564):TextEditorDocumentWindowTestExtension] Showing window 'HtmlPage.html'.
    (37:58.584) [Visual Studio Host (11564):VisualStudioIntellisenseService] Did not find an active completion session. Please use Verify.IsCompletionListPresent() to make sure that the list is present before requesting the completion session.
    Warning: (37:59.134) [Visual Studio Host (11564):VisualStudioIntellisenseService] No active completion sessions were found for editor 'HtmlPage.html'.
    (37:59.772) [Visual Studio Host (11564):VisualStudioTextEditingActions] Inserting text combine CRLF as single return: '
' at the current caret position: '(Ln: 16, Ch: 40)'
    (38:00.356) [Visual Studio Host (11564):VisualStudioTextEditingActions] Inserting text: '&lt;/tr&gt;' at the current caret position: '(Ln: 17, Ch: 17)'
    (38:00.984) [Visual Studio Host (11564):VisualStudioTextEditingActions] Deleting to the end of line of the current caret position, position: '(Ln: 17, Ch: 22)', line: '17'
    (38:01.742) [Visual Studio Host (11564):TextEditorDocumentWindowTestExtension] Showing window 'HtmlPage.html' without activating the window.
    (38:02.412) [Visual Studio Host (11564):TextEditorDocumentWindowTestExtension] Showing window 'HtmlPage.html'.
    (38:03.072) [Visual Studio Host (11564):TextEditorDocumentWindowTestExtension] Showing window 'HtmlPage.html' without activating the window.
    (38:03.588) [Visual Studio Host (11564):TextEditorDocumentWindowTestExtension] Showing window 'HtmlPage.html'.
    (38:04.091) [Visual Studio Host (11564):VisualStudioIntellisenseService] Did not find an active completion session. Please use Verify.IsCompletionListPresent() to make sure that the list is present before requesting the completion session.
    Warning: (38:04.616) [Visual Studio Host (11564):VisualStudioIntellisenseService] No active completion sessions were found for editor 'HtmlPage.html'.
    (38:05.180) [Visual Studio Host (11564):VisualStudioTextEditingActions] Inserting text combine CRLF as single return: '
' at the current caret position: '(Ln: 17, Ch: 22)'
    (38:05.747) [Visual Studio Host (11564):VisualStudioTextEditingActions] Inserting text: '&lt;tr&gt;' at the current caret position: '(Ln: 18, Ch: 17)'
    (38:06.405) [Visual Studio Host (11564):VisualStudioTextEditingActions] Deleting to the end of line of the current caret position, position: '(Ln: 18, Ch: 21)', line: '18'
    (38:07.065) [Visual Studio Host (11564):TextEditorDocumentWindowTestExtension] Showing window 'HtmlPage.html' without activating the window.
    (38:07.742) [Visual Studio Host (11564):TextEditorDocumentWindowTestExtension] Showing window 'HtmlPage.html'.
    (38:08.437) [Visual Studio Host (11564):TextEditorDocumentWindowTestExtension] Showing window 'HtmlPage.html' without activating the window.
    (38:09.170) [Visual Studio Host (11564):TextEditorDocumentWindowTestExtension] Showing window 'HtmlPage.html'.
    (38:09.833) [Visual Studio Host (11564):VisualStudioIntellisenseService] Did not find an active completion session. Please use Verify.IsCompletionListPresent() to make sure that the list is present before requesting the completion session.
    Warning: (38:10.474) [Visual Studio Host (11564):VisualStudioIntellisenseService] No active completion sessions were found for editor 'HtmlPage.html'.
    (38:11.126) [Visual Studio Host (11564):VisualStudioTextEditingActions] Inserting text combine CRLF as single return: '
' at the current caret position: '(Ln: 18, Ch: 21)'
    (38:11.739) [Visual Studio Host (11564):VisualStudioTextEditingActions] Inserting text: '&lt;td&gt;row2, col1&lt;/td&gt;' at the current caret position: '(Ln: 19, Ch: 21)'
    (38:12.467) [Visual Studio Host (11564):VisualStudioTextEditingActions] Deleting to the end of line of the current caret position, position: '(Ln: 19, Ch: 40)', line: '19'
    (38:13.099) [Visual Studio Host (11564):TextEditorDocumentWindowTestExtension] Showing window 'HtmlPage.html' without activating the window.
    (38:13.762) [Visual Studio Host (11564):TextEditorDocumentWindowTestExtension] Showing window 'HtmlPage.html'.
    (38:14.345) [Visual Studio Host (11564):TextEditorDocumentWindowTestExtension] Showing window 'HtmlPage.html' without activating the window.
    (38:14.900) [Visual Studio Host (11564):TextEditorDocumentWindowTestExtension] Showing window 'HtmlPage.html'.
    (38:15.534) [Visual Studio Host (11564):VisualStudioIntellisenseService] Did not find an active completion session. Please use Verify.IsCompletionListPresent() to make sure that the list is present before requesting the completion session.
    Warning: (38:16.081) [Visual Studio Host (11564):VisualStudioIntellisenseService] No active completion sessions were found for editor 'HtmlPage.html'.
    (38:16.583) [Visual Studio Host (11564):VisualStudioTextEditingActions] Inserting text combine CRLF as single return: '
' at the current caret position: '(Ln: 19, Ch: 40)'
    (38:17.214) [Visual Studio Host (11564):VisualStudioTextEditingActions] Inserting text: '&lt;td&gt;row2, col2&lt;/td&gt;' at the current caret position: '(Ln: 20, Ch: 21)'
    (38:17.954) [Visual Studio Host (11564):VisualStudioTextEditingActions] Deleting to the end of line of the current caret position, position: '(Ln: 20, Ch: 40)', line: '20'
    (38:18.622) [Visual Studio Host (11564):TextEditorDocumentWindowTestExtension] Showing window 'HtmlPage.html' without activating the window.
    (38:19.410) [Visual Studio Host (11564):TextEditorDocumentWindowTestExtension] Showing window 'HtmlPage.html'.
    (38:20.112) [Visual Studio Host (11564):TextEditorDocumentWindowTestExtension] Showing window 'HtmlPage.html' without activating the window.
    (38:20.815) [Visual Studio Host (11564):TextEditorDocumentWindowTestExtension] Showing window 'HtmlPage.html'.
    (38:21.560) [Visual Studio Host (11564):VisualStudioIntellisenseService] Did not find an active completion session. Please use Verify.IsCompletionListPresent() to make sure that the list is present before requesting the completion session.
    Warning: (38:22.241) [Visual Studio Host (11564):VisualStudioIntellisenseService] No active completion sessions were found for editor 'HtmlPage.html'.
    (38:22.925) [Visual Studio Host (11564):VisualStudioTextEditingActions] Inserting text combine CRLF as single return: '
' at the current caret position: '(Ln: 20, Ch: 40)'
    (38:23.523) [Visual Studio Host (11564):VisualStudioTextEditingActions] Inserting text: '&lt;/tr&gt;' at the current caret position: '(Ln: 21, Ch: 17)'
    (38:24.234) [Visual Studio Host (11564):VisualStudioTextEditingActions] Deleting to the end of line of the current caret position, position: '(Ln: 21, Ch: 22)', line: '21'
    (38:24.795) [Visual Studio Host (11564):TextEditorDocumentWindowTestExtension] Showing window 'HtmlPage.html' without activating the window.
    (38:25.425) [Visual Studio Host (11564):TextEditorDocumentWindowTestExtension] Showing window 'HtmlPage.html'.
    (38:25.954) [Visual Studio Host (11564):TextEditorDocumentWindowTestExtension] Showing window 'HtmlPage.html' without activating the window.
    (38:26.579) [Visual Studio Host (11564):TextEditorDocumentWindowTestExtension] Showing window 'HtmlPage.html'.
    (38:27.182) [Visual Studio Host (11564):VisualStudioIntellisenseService] Did not find an active completion session. Please use Verify.IsCompletionListPresent() to make sure that the list is present before requesting the completion session.
    Warning: (38:27.795) [Visual Studio Host (11564):VisualStudioIntellisenseService] No active completion sessions were found for editor 'HtmlPage.html'.
    (38:28.398) [Visual Studio Host (11564):VisualStudioTextEditingActions] Inserting text combine CRLF as single return: '
' at the current caret position: '(Ln: 21, Ch: 22)'
    (38:29.122) [Visual Studio Host (11564):VisualStudioTextEditingActions] Inserting text: '&lt;/tbody&gt;' at the current caret position: '(Ln: 22, Ch: 13)'
    (38:29.797) [Visual Studio Host (11564):VisualStudioTextEditingActions] Deleting to the end of line of the current caret position, position: '(Ln: 22, Ch: 21)', line: '22'
    (38:30.445) [Visual Studio Host (11564):TextEditorDocumentWindowTestExtension] Showing window 'HtmlPage.html' without activating the window.
    (38:31.029) [Visual Studio Host (11564):TextEditorDocumentWindowTestExtension] Showing window 'HtmlPage.html'.
    (38:31.722) [Visual Studio Host (11564):TextEditorDocumentWindowTestExtension] Showing window 'HtmlPage.html' without activating the window.
    (38:32.415) [Visual Studio Host (11564):TextEditorDocumentWindowTestExtension] Showing window 'HtmlPage.html'.
    (38:33.103) [Visual Studio Host (11564):VisualStudioIntellisenseService] Did not find an active completion session. Please use Verify.IsCompletionListPresent() to make sure that the list is present before requesting the completion session.
    Warning: (38:33.658) [Visual Studio Host (11564):VisualStudioIntellisenseService] No active completion sessions were found for editor 'HtmlPage.html'.
    (38:34.352) [Visual Studio Host (11564):VisualStudioTextEditingActions] Inserting text combine CRLF as single return: '
' at the current caret position: '(Ln: 22, Ch: 21)'
    (38:34.911) [Visual Studio Host (11564):VisualStudioTextEditingActions] Inserting text: '&lt;tfoot&gt;&lt;tr&gt;' at the current caret position: '(Ln: 23, Ch: 13)'
    (38:35.601) [Visual Studio Host (11564):VisualStudioTextEditingActions] Deleting to the end of line of the current caret position, position: '(Ln: 23, Ch: 24)', line: '23'
    (38:36.234) [Visual Studio Host (11564):TextEditorDocumentWindowTestExtension] Showing window 'HtmlPage.html' without activating the window.
    (38:36.841) [Visual Studio Host (11564):TextEditorDocumentWindowTestExtension] Showing window 'HtmlPage.html'.
    (38:37.462) [Visual Studio Host (11564):TextEditorDocumentWindowTestExtension] Showing window 'HtmlPage.html' without activating the window.
    (38:38.065) [Visual Studio Host (11564):TextEditorDocumentWindowTestExtension] Showing window 'HtmlPage.html'.
    (38:38.735) [Visual Studio Host (11564):VisualStudioIntellisenseService] Did not find an active completion session. Please use Verify.IsCompletionListPresent() to make sure that the list is present before requesting the completion session.
    Warning: (38:39.281) [Visual Studio Host (11564):VisualStudioIntellisenseService] No active completion sessions were found for editor 'HtmlPage.html'.
    (38:39.868) [Visual Studio Host (11564):VisualStudioTextEditingActions] Inserting text combine CRLF as single return: '
' at the current caret position: '(Ln: 23, Ch: 24)'
    (38:40.364) [Visual Studio Host (11564):VisualStudioTextEditingActions] Inserting text: '&lt;td&gt;Sum&lt;/td&gt;' at the current caret position: '(Ln: 24, Ch: 17)'
    (38:41.007) [Visual Studio Host (11564):VisualStudioTextEditingActions] Deleting to the end of line of the current caret position, position: '(Ln: 24, Ch: 29)', line: '24'
    (38:41.670) [Visual Studio Host (11564):TextEditorDocumentWindowTestExtension] Showing window 'HtmlPage.html' without activating the window.
    (38:42.332) [Visual Studio Host (11564):TextEditorDocumentWindowTestExtension] Showing window 'HtmlPage.html'.
    (38:42.997) [Visual Studio Host (11564):TextEditorDocumentWindowTestExtension] Showing window 'HtmlPage.html' without activating the window.
    (38:43.568) [Visual Studio Host (11564):TextEditorDocumentWindowTestExtension] Showing window 'HtmlPage.html'.
    (38:44.190) [Visual Studio Host (11564):VisualStudioIntellisenseService] Did not find an active completion session. Please use Verify.IsCompletionListPresent() to make sure that the list is present before requesting the completion session.
    Warning: (38:44.778) [Visual Studio Host (11564):VisualStudioIntellisenseService] No active completion sessions were found for editor 'HtmlPage.html'.
    (38:45.291) [Visual Studio Host (11564):VisualStudioTextEditingActions] Inserting text combine CRLF as single return: '
' at the current caret position: '(Ln: 24, Ch: 29)'
    (38:45.785) [Visual Studio Host (11564):VisualStudioTextEditingActions] Inserting text: '&lt;td&gt;$180&lt;/td&gt;' at the current caret position: '(Ln: 25, Ch: 17)'
    (38:46.437) [Visual Studio Host (11564):VisualStudioTextEditingActions] Deleting to the end of line of the current caret position, position: '(Ln: 25, Ch: 30)', line: '25'
    (38:46.961) [Visual Studio Host (11564):TextEditorDocumentWindowTestExtension] Showing window 'HtmlPage.html' without activating the window.
    (38:47.515) [Visual Studio Host (11564):TextEditorDocumentWindowTestExtension] Showing window 'HtmlPage.html'.
    (38:48.060) [Visual Studio Host (11564):TextEditorDocumentWindowTestExtension] Showing window 'HtmlPage.html' without activating the window.
    (38:48.634) [Visual Studio Host (11564):TextEditorDocumentWindowTestExtension] Showing window 'HtmlPage.html'.
    (38:49.143) [Visual Studio Host (11564):VisualStudioIntellisenseService] Did not find an active completion session. Please use Verify.IsCompletionListPresent() to make sure that the list is present before requesting the completion session.
    Warning: (38:49.719) [Visual Studio Host (11564):VisualStudioIntellisenseService] No active completion sessions were found for editor 'HtmlPage.html'.
    (38:50.289) [Visual Studio Host (11564):VisualStudioTextEditingActions] Inserting text combine CRLF as single return: '
' at the current caret position: '(Ln: 25, Ch: 30)'
    (38:50.907) [Visual Studio Host (11564):VisualStudioTextEditingActions] Inserting text: '&lt;/tr&gt;&lt;/tfoot&gt;' at the current caret position: '(Ln: 26, Ch: 13)'
    (38:51.619) [Visual Studio Host (11564):VisualStudioTextEditingActions] Deleting to the end of line of the current caret position, position: '(Ln: 26, Ch: 26)', line: '26'
    (38:52.198) [Visual Studio Host (11564):TextEditorDocumentWindowTestExtension] Showing window 'HtmlPage.html' without activating the window.
    (38:52.915) [Visual Studio Host (11564):TextEditorDocumentWindowTestExtension] Showing window 'HtmlPage.html'.
    (38:53.412) [Visual Studio Host (11564):TextEditorDocumentWindowTestExtension] Showing window 'HtmlPage.html' without activating the window.
    (38:54.075) [Visual Studio Host (11564):TextEditorDocumentWindowTestExtension] Showing window 'HtmlPage.html'.
    (38:55.147) [Visual Studio Host (11564):VisualStudioIntellisenseService] Did not find an active completion session. Please use Verify.IsCompletionListPresent() to make sure that the list is present before requesting the completion session.
    Warning: (38:55.749) [Visual Studio Host (11564):VisualStudioIntellisenseService] No active completion sessions were found for editor 'HtmlPage.html'.
    (38:56.391) [Visual Studio Host (11564):VisualStudioTextEditingActions] Inserting text combine CRLF as single return: '
' at the current caret position: '(Ln: 26, Ch: 26)'
    (38:57.029) [Visual Studio Host (11564):VisualStudioTextEditingActions] Inserting text: '&lt;colgroup&gt;' at the current caret position: '(Ln: 27, Ch: 13)'
    (38:57.738) [Visual Studio Host (11564):VisualStudioTextEditingActions] Deleting to the end of line of the current caret position, position: '(Ln: 27, Ch: 23)', line: '27'
    (38:58.361) [Visual Studio Host (11564):TextEditorDocumentWindowTestExtension] Showing window 'HtmlPage.html' without activating the window.
    (38:59.001) [Visual Studio Host (11564):TextEditorDocumentWindowTestExtension] Showing window 'HtmlPage.html'.
    (38:59.720) [Visual Studio Host (11564):TextEditorDocumentWindowTestExtension] Showing window 'HtmlPage.html' without activating the window.
    (39:00.425) [Visual Studio Host (11564):TextEditorDocumentWindowTestExtension] Showing window 'HtmlPage.html'.
    (39:01.035) [Visual Studio Host (11564):VisualStudioIntellisenseService] Did not find an active completion session. Please use Verify.IsCompletionListPresent() to make sure that the list is present before requesting the completion session.
    Warning: (39:01.758) [Visual Studio Host (11564):VisualStudioIntellisenseService] No active completion sessions were found for editor 'HtmlPage.html'.
    (39:02.393) [Visual Studio Host (11564):VisualStudioTextEditingActions] Inserting text combine CRLF as single return: '
' at the current caret position: '(Ln: 27, Ch: 23)'
    (39:02.936) [Visual Studio Host (11564):VisualStudioTextEditingActions] Inserting text: '&lt;col style="border: dotted" /&gt;' at the current caret position: '(Ln: 28, Ch: 17)'
    (39:03.839) [Visual Studio Host (11564):VisualStudioTextEditingActions] Deleting to the end of line of the current caret position, position: '(Ln: 28, Ch: 47)', line: '28'
    (39:04.385) [Visual Studio Host (11564):TextEditorDocumentWindowTestExtension] Showing window 'HtmlPage.html' without activating the window.
    (39:04.921) [Visual Studio Host (11564):TextEditorDocumentWindowTestExtension] Showing window 'HtmlPage.html'.
    (39:05.509) [Visual Studio Host (11564):TextEditorDocumentWindowTestExtension] Showing window 'HtmlPage.html' without activating the window.
    (39:06.051) [Visual Studio Host (11564):TextEditorDocumentWindowTestExtension] Showing window 'HtmlPage.html'.
    (39:06.592) [Visual Studio Host (11564):VisualStudioIntellisenseService] Did not find an active completion session. Please use Verify.IsCompletionListPresent() to make sure that the list is present before requesting the completion session.
    Warning: (39:07.177) [Visual Studio Host (11564):VisualStudioIntellisenseService] No active completion sessions were found for editor 'HtmlPage.html'.
    (39:07.828) [Visual Studio Host (11564):VisualStudioTextEditingActions] Inserting text combine CRLF as single return: '
' at the current caret position: '(Ln: 28, Ch: 47)'
    (39:08.490) [Visual Studio Host (11564):VisualStudioTextEditingActions] Inserting text: '&lt;/colgroup&gt;' at the current caret position: '(Ln: 29, Ch: 13)'
    (39:09.254) [Visual Studio Host (11564):VisualStudioTextEditingActions] Deleting to the end of line of the current caret position, position: '(Ln: 29, Ch: 24)', line: '29'
    (39:09.916) [Visual Studio Host (11564):TextEditorDocumentWindowTestExtension] Showing window 'HtmlPage.html' without activating the window.
    (39:10.565) [Visual Studio Host (11564):TextEditorDocumentWindowTestExtension] Showing window 'HtmlPage.html'.
    (39:11.205) [Visual Studio Host (11564):TextEditorDocumentWindowTestExtension] Showing window 'HtmlPage.html' without activating the window.
    (39:11.824) [Visual Studio Host (11564):TextEditorDocumentWindowTestExtension] Showing window 'HtmlPage.html'.
    (39:12.343) [Visual Studio Host (11564):VisualStudioIntellisenseService] Did not find an active completion session. Please use Verify.IsCompletionListPresent() to make sure that the list is present before requesting the completion session.
    Warning: (39:12.922) [Visual Studio Host (11564):VisualStudioIntellisenseService] No active completion sessions were found for editor 'HtmlPage.html'.
    (39:13.439) [Visual Studio Host (11564):VisualStudioTextEditingActions] Inserting text combine CRLF as single return: '
' at the current caret position: '(Ln: 29, Ch: 24)'
    (39:13.956) [Visual Studio Host (11564):VisualStudioTextEditingActions] Inserting text: '&lt;/table&gt;' at the current caret position: '(Ln: 30, Ch: 9)'
    (39:14.571) [Visual Studio Host (11564):VisualStudioTextEditingActions] Deleting to the end of line of the current caret position, position: '(Ln: 30, Ch: 17)', line: '30'
    (39:15.199) [Visual Studio Host (11564):TextEditorDocumentWindowTestExtension] Showing window 'HtmlPage.html' without activating the window.
    (39:15.692) [Visual Studio Host (11564):TextEditorDocumentWindowTestExtension] Showing window 'HtmlPage.html'.
    (39:16.230) [Visual Studio Host (11564):TextEditorDocumentWindowTestExtension] Showing window 'HtmlPage.html' without activating the window.
    (39:16.777) [Visual Studio Host (11564):TextEditorDocumentWindowTestExtension] Showing window 'HtmlPage.html'.
    (39:17.325) [Visual Studio Host (11564):VisualStudioIntellisenseService] Did not find an active completion session. Please use Verify.IsCompletionListPresent() to make sure that the list is present before requesting the completion session.
    Warning: (39:17.913) [Visual Studio Host (11564):VisualStudioIntellisenseService] No active completion sessions were found for editor 'HtmlPage.html'.
    (39:18.521) [Visual Studio Host (11564):VisualStudioTextEditingActions] Inserting text combine CRLF as single return: '
' at the current caret position: '(Ln: 30, Ch: 17)'
    (39:19.204) [Visual Studio Host (11564):VisualStudioTextEditingActions] Inserting text: '' at the current caret position: '(Ln: 31, Ch: 9)'
    (39:19.766) [Visual Studio Host (11564):VisualStudioTextEditingActions] Deleting to the end of line of the current caret position, position: '(Ln: 31, Ch: 9)', line: '31'
    (39:20.374) [Visual Studio Host (11564):TextEditorDocumentWindowTestExtension] Showing window 'HtmlPage.html' without activating the window.
    (39:20.914) [Visual Studio Host (11564):TextEditorDocumentWindowTestExtension] Showing window 'HtmlPage.html'.
    (39:21.440) [Visual Studio Host (11564):TextEditorDocumentWindowTestExtension] Showing window 'HtmlPage.html' without activating the window.
    (39:22.043) [Visual Studio Host (11564):TextEditorDocumentWindowTestExtension] Showing window 'HtmlPage.html'.
    (39:22.581) [Visual Studio Host (11564):VisualStudioIntellisenseService] Did not find an active completion session. Please use Verify.IsCompletionListPresent() to make sure that the list is present before requesting the completion session.
    Warning: (39:23.086) [Visual Studio Host (11564):VisualStudioIntellisenseService] No active completion sessions were found for editor 'HtmlPage.html'.
    (39:23.653) [Visual Studio Host (11564):VisualStudioTextEditingActions] Inserting text combine CRLF as single return: '
' at the current caret position: '(Ln: 31, Ch: 9)'
    (39:24.190) [Visual Studio Host (11564):VisualStudioTextEditingActions] Inserting text: '&lt;cite&gt;asdf&lt;/cite&gt;' at the current caret position: '(Ln: 32, Ch: 9)'
    (39:24.861) [Visual Studio Host (11564):VisualStudioTextEditingActions] Deleting to the end of line of the current caret position, position: '(Ln: 32, Ch: 26)', line: '32'
    (39:25.398) [Visual Studio Host (11564):TextEditorDocumentWindowTestExtension] Showing window 'HtmlPage.html' without activating the window.
    (39:25.927) [Visual Studio Host (11564):TextEditorDocumentWindowTestExtension] Showing window 'HtmlPage.html'.
    (39:26.598) [Visual Studio Host (11564):TextEditorDocumentWindowTestExtension] Showing window 'HtmlPage.html' without activating the window.
    (39:27.203) [Visual Studio Host (11564):TextEditorDocumentWindowTestExtension] Showing window 'HtmlPage.html'.
    (39:27.836) [Visual Studio Host (11564):VisualStudioIntellisenseService] Did not find an active completion session. Please use Verify.IsCompletionListPresent() to make sure that the list is present before requesting the completion session.
    Warning: (39:28.497) [Visual Studio Host (11564):VisualStudioIntellisenseService] No active completion sessions were found for editor 'HtmlPage.html'.
    (39:29.158) [Visual Studio Host (11564):VisualStudioTextEditingActions] Inserting text combine CRLF as single return: '
' at the current caret position: '(Ln: 32, Ch: 26)'
    (39:29.816) [Visual Studio Host (11564):VisualStudioTextEditingActions] Inserting text: '&lt;code&gt;var a = 1;' at the current caret position: '(Ln: 33, Ch: 9)'
    (39:30.602) [Visual Studio Host (11564):VisualStudioTextEditingActions] Deleting to the end of line of the current caret position, position: '(Ln: 33, Ch: 25)', line: '33'
    (39:31.200) [Visual Studio Host (11564):TextEditorDocumentWindowTestExtension] Showing window 'HtmlPage.html' without activating the window.
    (39:31.910) [Visual Studio Host (11564):TextEditorDocumentWindowTestExtension] Showing window 'HtmlPage.html'.
    (39:32.596) [Visual Studio Host (11564):TextEditorDocumentWindowTestExtension] Showing window 'HtmlPage.html' without activating the window.
    (39:33.204) [Visual Studio Host (11564):TextEditorDocumentWindowTestExtension] Showing window 'HtmlPage.html'.
    (39:33.877) [Visual Studio Host (11564):VisualStudioIntellisenseService] Did not find an active completion session. Please use Verify.IsCompletionListPresent() to make sure that the list is present before requesting the completion session.
    Warning: (39:34.530) [Visual Studio Host (11564):VisualStudioIntellisenseService] No active completion sessions were found for editor 'HtmlPage.html'.
    (39:35.102) [Visual Studio Host (11564):VisualStudioTextEditingActions] Inserting text combine CRLF as single return: '
' at the current caret position: '(Ln: 33, Ch: 25)'
    (39:35.731) [Visual Studio Host (11564):VisualStudioTextEditingActions] Inserting text: '&lt;/code&gt;' at the current caret position: '(Ln: 34, Ch: 9)'
    (39:36.447) [Visual Studio Host (11564):VisualStudioTextEditingActions] Deleting to the end of line of the current caret position, position: '(Ln: 34, Ch: 16)', line: '34'
    (39:36.994) [Visual Studio Host (11564):TextEditorDocumentWindowTestExtension] Showing window 'HtmlPage.html' without activating the window.
    (39:37.526) [Visual Studio Host (11564):TextEditorDocumentWindowTestExtension] Showing window 'HtmlPage.html'.
    (39:38.058) [Visual Studio Host (11564):TextEditorDocumentWindowTestExtension] Showing window 'HtmlPage.html' without activating the window.
    (39:38.576) [Visual Studio Host (11564):TextEditorDocumentWindowTestExtension] Showing window 'HtmlPage.html'.
    (39:39.081) [Visual Studio Host (11564):VisualStudioIntellisenseService] Did not find an active completion session. Please use Verify.IsCompletionListPresent() to make sure that the list is present before requesting the completion session.
    Warning: (39:39.655) [Visual Studio Host (11564):VisualStudioIntellisenseService] No active completion sessions were found for editor 'HtmlPage.html'.
    (39:40.364) [Visual Studio Host (11564):VisualStudioTextEditingActions] Inserting text combine CRLF as single return: '
' at the current caret position: '(Ln: 34, Ch: 16)'
    (39:40.954) [Visual Studio Host (11564):VisualStudioTextEditingActions] Inserting text: '&lt;menu&gt;' at the current caret position: '(Ln: 35, Ch: 9)'
    (39:41.643) [Visual Studio Host (11564):VisualStudioTextEditingActions] Deleting to the end of line of the current caret position, position: '(Ln: 35, Ch: 15)', line: '35'
    (39:42.255) [Visual Studio Host (11564):TextEditorDocumentWindowTestExtension] Showing window 'HtmlPage.html' without activating the window.
    (39:42.887) [Visual Studio Host (11564):TextEditorDocumentWindowTestExtension] Showing window 'HtmlPage.html'.
    (39:43.524) [Visual Studio Host (11564):TextEditorDocumentWindowTestExtension] Showing window 'HtmlPage.html' without activating the window.
    (39:44.057) [Visual Studio Host (11564):TextEditorDocumentWindowTestExtension] Showing window 'HtmlPage.html'.
    (39:44.577) [Visual Studio Host (11564):VisualStudioIntellisenseService] Did not find an active completion session. Please use Verify.IsCompletionListPresent() to make sure that the list is present before requesting the completion session.
    Warning: (39:45.086) [Visual Studio Host (11564):VisualStudioIntellisenseService] No active completion sessions were found for editor 'HtmlPage.html'.
    (39:45.582) [Visual Studio Host (11564):VisualStudioTextEditingActions] Inserting text combine CRLF as single return: '
' at the current caret position: '(Ln: 35, Ch: 15)'
    (39:46.070) [Visual Studio Host (11564):VisualStudioTextEditingActions] Inserting text: '&lt;command type="command" label="Save" onclick="save()" /&gt;' at the current caret position: '(Ln: 36, Ch: 13)'
    (39:47.156) [Visual Studio Host (11564):VisualStudioTextEditingActions] Deleting to the end of line of the current caret position, position: '(Ln: 36, Ch: 69)', line: '36'
    (39:47.792) [Visual Studio Host (11564):TextEditorDocumentWindowTestExtension] Showing window 'HtmlPage.html' without activating the window.
    (39:48.436) [Visual Studio Host (11564):TextEditorDocumentWindowTestExtension] Showing window 'HtmlPage.html'.
    (39:49.161) [Visual Studio Host (11564):TextEditorDocumentWindowTestExtension] Showing window 'HtmlPage.html' without activating the window.
    (39:49.852) [Visual Studio Host (11564):TextEditorDocumentWindowTestExtension] Showing window 'HtmlPage.html'.
    (39:50.614) [Visual Studio Host (11564):VisualStudioIntellisenseService] Did not find an active completion session. Please use Verify.IsCompletionListPresent() to make sure that the list is present before requesting the completion session.
    Warning: (39:51.277) [Visual Studio Host (11564):VisualStudioIntellisenseService] No active completion sessions were found for editor 'HtmlPage.html'.
    (39:51.949) [Visual Studio Host (11564):VisualStudioTextEditingActions] Inserting text combine CRLF as single return: '
' at the current caret position: '(Ln: 36, Ch: 69)'
    (39:52.645) [Visual Studio Host (11564):VisualStudioTextEditingActions] Inserting text: '&lt;/menu&gt;' at the current caret position: '(Ln: 37, Ch: 9)'
    (39:53.429) [Visual Studio Host (11564):VisualStudioTextEditingActions] Deleting to the end of line of the current caret position, position: '(Ln: 37, Ch: 16)', line: '37'
    (39:54.284) [Visual Studio Host (11564):TextEditorDocumentWindowTestExtension] Showing window 'HtmlPage.html' without activating the window.
    (39:55.381) [Visual Studio Host (11564):TextEditorDocumentWindowTestExtension] Showing window 'HtmlPage.html'.
    (39:56.078) [Visual Studio Host (11564):TextEditorDocumentWindowTestExtension] Showing window 'HtmlPage.html' without activating the window.
    (39:56.662) [Visual Studio Host (11564):TextEditorDocumentWindowTestExtension] Showing window 'HtmlPage.html'.
    (39:57.178) [Visual Studio Host (11564):VisualStudioIntellisenseService] Did not find an active completion session. Please use Verify.IsCompletionListPresent() to make sure that the list is present before requesting the completion session.
    Warning: (39:57.685) [Visual Studio Host (11564):VisualStudioIntellisenseService] No active completion sessions were found for editor 'HtmlPage.html'.
    (39:58.199) [Visual Studio Host (11564):VisualStudioTextEditingActions] Inserting text combine CRLF as single return: '
' at the current caret position: '(Ln: 37, Ch: 16)'
    (39:58.782) [Visual Studio Host (11564):TextEditorDocumentWindowTestExtension] Showing window 'HtmlPage.html' without activating the window.
    (39:59.331) [Visual Studio Host (11564):TextEditorDocumentWindowTestExtension] Showing window 'HtmlPage.html'.
    + ExternalProcessHostTest TestCleanup
        (40:00.445) [Visual Studio Host (11564):TextEditorDocumentWindowTestExtension] Closing window 'HtmlPage.html'.
        (40:01.082) [Platform:Testcase] Test 'VSTest_TypingTags_Caption_to_Command' has 'Passed' outcome. Therefore, Apex will not shut down the 'Visual Studio Host (11564)' with process ID '11564'. A subsequent test scenario will run on the same instance of the host.
    + Final Test Result Verification
        (40:02.997) [Platform:DelayedAssertionVerifierSink] Verification Success: 0 verification steps failed.
    + ApexTest TestCleanup</StdOut>
      </Output>
      <ResultFiles>
        <ResultFile path="WNVM19648\Fail.azqsczivabnm.png" />
        <ResultFile path="WNVM19648\Fail.ig2gsfz5ad1y.png" />
        <ResultFile path="WNVM19648\Fail.o5zf0zepaw0l.png" />
        <ResultFile path="WNVM19648\OmniLog.html" />
        <ResultFile path="WNVM19648\OmniLogRawXml.xml" />
      </ResultFiles>
    </UnitTestResult>
  </Results>
  <TestDefinitions>
    <UnitTest name="VSTest_RazorV4CsFormatCommentWithKeyword" storage="c:\testbin\integrationtests\microsoft.visualstudio.web.editors.integrationtests.dll" id="6b31908d-4443-5e25-3bbd-0c4aaa2bc316">
      <Owners>
        <Owner name="ToddGrun" />
      </Owners>
      <Execution id="4b3b4d94-5456-4e45-9107-17547efb158a" />
      <TestMethod codeBase="C:\TestBin\IntegrationTests\Microsoft.VisualStudio.Web.Editors.IntegrationTests.DLL" adapterTypeName="executor://parameterizedtestexecutor/v1" className="Microsoft.VisualStudio.Web.Editors.IntegrationTests.Razor.Formatting.CSharpFormattingTests" name="VSTest_RazorV4CsFormatCommentWithKeyword" />
    </UnitTest>
    <UnitTest name="VSTest_RazorV4_Completion_TypeAtImplicitExpressionContainsDirectiveCompletions" storage="c:\testbin\integrationtests\microsoft.visualstudio.web.editors.integrationtests.dll" id="8945678f-0f29-5d85-5c95-9be36ef5d76c">
      <Owners>
        <Owner name="nimullen" />
      </Owners>
      <Execution id="6e72acf4-8fe3-4396-83b6-73351ce076e0" />
      <TestMethod codeBase="C:\TestBin\IntegrationTests\Microsoft.VisualStudio.Web.Editors.IntegrationTests.DLL" adapterTypeName="executor://parameterizedtestexecutor/v1" className="Microsoft.VisualStudio.Web.Editors.IntegrationTests.Razor.Completion.CompletionTests" name="VSTest_RazorV4_Completion_TypeAtImplicitExpressionContainsDirectiveCompletions" />
    </UnitTest>
    <UnitTest name="VSTest_JSON_Reference_Completion" storage="c:\testbin\integrationtests\microsoft.visualstudio.web.editors.integrationtests.dll" id="d51d7f11-3d78-69ce-2f39-8ad2e57771dd">
      <Owners>
        <Owner name="YaLyu" />
      </Owners>
      <Execution id="287554a5-82a2-46d8-9da0-70b531076732" />
      <TestMethod codeBase="C:\TestBin\IntegrationTests\Microsoft.VisualStudio.Web.Editors.IntegrationTests.DLL" adapterTypeName="executor://parameterizedtestexecutor/v1" className="Microsoft.VisualStudio.Web.Editors.IntegrationTests.JSON.Completion.CompletionTests" name="VSTest_JSON_Reference_Completion" />
    </UnitTest>
    <UnitTest name="VSTest_RazorV3Cs_FormatOnPaste_ForContainedLanguages" storage="c:\testbin\integrationtests\microsoft.visualstudio.web.editors.integrationtests.dll" id="9419465f-5cbe-c9b4-b84f-fee0122b6cf2">
      <Owners>
        <Owner name="bhsubra" />
      </Owners>
      <Execution id="b40277e2-e8a2-4751-8cc5-15faa42b90dd" />
      <TestMethod codeBase="C:\TestBin\IntegrationTests\Microsoft.VisualStudio.Web.Editors.IntegrationTests.DLL" adapterTypeName="executor://parameterizedtestexecutor/v1" className="Microsoft.VisualStudio.Web.Editors.IntegrationTests.Razor.Formatting.CSharpFormattingTests" name="VSTest_RazorV3Cs_FormatOnPaste_ForContainedLanguages" />
    </UnitTest>
    <UnitTest name="VSTest_Razor_Validate_MixedRazorJSBlockValidation" storage="c:\testbin\integrationtests\microsoft.visualstudio.web.editors.integrationtests.dll" id="8b3b0f48-b17a-7b7d-bd55-494af253d49f">
      <Owners>
        <Owner name="AlexGav" />
      </Owners>
      <Execution id="51cf0571-8486-4141-a0fa-678d48c7a747" />
      <TestMethod codeBase="C:\TestBin\IntegrationTests\Microsoft.VisualStudio.Web.Editors.IntegrationTests.DLL" adapterTypeName="executor://parameterizedtestexecutor/v1" className="Microsoft.VisualStudio.Web.Editors.IntegrationTests.Razor.Validation.ValidationTests" name="VSTest_Razor_Validate_MixedRazorJSBlockValidation" />
    </UnitTest>
    <UnitTest name="VSTest_RazorV3Vb_FormatOnPaste" storage="c:\testbin\integrationtests\microsoft.visualstudio.web.editors.integrationtests.dll" id="c50c2c13-fa97-265e-7832-bee6341671ca">
      <Owners>
        <Owner name="bhsubra" />
      </Owners>
      <Execution id="6fdf876a-9f48-41fe-9050-c8f6594becae" />
      <TestMethod codeBase="C:\TestBin\IntegrationTests\Microsoft.VisualStudio.Web.Editors.IntegrationTests.DLL" adapterTypeName="executor://parameterizedtestexecutor/v1" className="Microsoft.VisualStudio.Web.Editors.IntegrationTests.Razor.Formatting.VBFormattingTests" name="VSTest_RazorV3Vb_FormatOnPaste" />
    </UnitTest>
    <UnitTest name="VSTest_Colorization_RazorV4" storage="c:\testbin\integrationtests\microsoft.visualstudio.web.editors.integrationtests.dll" id="5c0575f8-f8a1-16dd-201b-63600268def3">
      <Owners>
        <Owner name="ToddGrun" />
      </Owners>
      <Execution id="0025ac0e-2041-4270-8016-33f160ecfbeb" />
      <TestMethod codeBase="C:\TestBin\IntegrationTests\Microsoft.VisualStudio.Web.Editors.IntegrationTests.DLL" adapterTypeName="executor://parameterizedtestexecutor/v1" className="Microsoft.VisualStudio.Web.Editors.IntegrationTests.Razor.Colorization.ColorizationTests" name="VSTest_Colorization_RazorV4" />
    </UnitTest>
    <UnitTest name="VSTest_RazorV4CsFormatCodeBlock_PasteRazorContent" storage="c:\testbin\integrationtests\microsoft.visualstudio.web.editors.integrationtests.dll" id="82b016cb-968b-9c4c-3b87-368cc104c6fc">
      <Owners>
        <Owner name="ToddGrun" />
      </Owners>
      <Execution id="40e92f66-50a6-44b5-b8d3-c90cfb994e68" />
      <TestMethod codeBase="C:\TestBin\IntegrationTests\Microsoft.VisualStudio.Web.Editors.IntegrationTests.DLL" adapterTypeName="executor://parameterizedtestexecutor/v1" className="Microsoft.VisualStudio.Web.Editors.IntegrationTests.Razor.Formatting.CSharpFormattingTests" name="VSTest_RazorV4CsFormatCodeBlock_PasteRazorContent" />
    </UnitTest>
    <UnitTest name="VSTest_TypingOptionsInsertClosingTagFalse" storage="c:\testbin\integrationtests\microsoft.visualstudio.web.editors.integrationtests.dll" id="256a4b65-4463-f562-2747-6ae9de50c60c">
      <Owners>
        <Owner name="ToddGrun" />
      </Owners>
      <Execution id="c908b225-e801-4684-8601-5ca7e485d634" />
      <TestMethod codeBase="C:\TestBin\IntegrationTests\Microsoft.VisualStudio.Web.Editors.IntegrationTests.DLL" adapterTypeName="executor://parameterizedtestexecutor/v1" className="Microsoft.VisualStudio.Web.Editors.IntegrationTests.Html.Typing.TypingOptionsTests" name="VSTest_TypingOptionsInsertClosingTagFalse" />
    </UnitTest>
    <UnitTest name="VSTest_JSON_SuggestedActions_NPM" storage="c:\testbin\integrationtests\microsoft.visualstudio.web.editors.integrationtests.dll" id="8b99dfae-a239-0f43-93a9-c82fa4180e1a">
      <Owners>
        <Owner name="AlexGav" />
      </Owners>
      <Execution id="81e51889-4ba0-4b98-a17a-a7bba0906406" />
      <TestMethod codeBase="C:\TestBin\IntegrationTests\Microsoft.VisualStudio.Web.Editors.IntegrationTests.DLL" adapterTypeName="executor://parameterizedtestexecutor/v1" className="Microsoft.VisualStudio.Web.Editors.IntegrationTests.JSON.SuggestedActions.NpmActions" name="VSTest_JSON_SuggestedActions_NPM" />
    </UnitTest>
    <UnitTest name="VSTest_JSON_AutoGeneration_Disabled_TypingWithSchema" storage="c:\testbin\integrationtests\microsoft.visualstudio.web.editors.integrationtests.dll" id="e97b0930-f208-2744-9b4e-212dab92fa24">
      <Owners>
        <Owner name="YaLyu" />
      </Owners>
      <Execution id="6504a35b-2236-44c1-815a-b0ef91a47db6" />
      <TestMethod codeBase="C:\TestBin\IntegrationTests\Microsoft.VisualStudio.Web.Editors.IntegrationTests.DLL" adapterTypeName="executor://parameterizedtestexecutor/v1" className="Microsoft.VisualStudio.Web.Editors.IntegrationTests.JSON.AutoGenerationTests" name="VSTest_JSON_AutoGeneration_Disabled_TypingWithSchema" />
    </UnitTest>
    <UnitTest name="VSTest_FormatOnPasteStyleTag" storage="c:\testbin\integrationtests\microsoft.visualstudio.web.editors.integrationtests.dll" id="c764d862-e957-53d7-6e7b-36ddfb079edc">
      <Owners>
        <Owner name="ToddGrun" />
      </Owners>
      <Execution id="814b5c81-e2b5-4f4e-acbc-e9386f6b78f2" />
      <TestMethod codeBase="C:\TestBin\IntegrationTests\Microsoft.VisualStudio.Web.Editors.IntegrationTests.DLL" adapterTypeName="executor://parameterizedtestexecutor/v1" className="Microsoft.VisualStudio.Web.Editors.IntegrationTests.Html.Format.FormatOnPasteTests" name="VSTest_FormatOnPasteStyleTag" />
    </UnitTest>
    <UnitTest name="VSTest_HtmlOutlining_Basic" storage="c:\testbin\integrationtests\microsoft.visualstudio.web.editors.integrationtests.dll" id="4381e308-d0bb-7553-16e1-2184e14da473">
      <Owners>
        <Owner name="ToddGrun" />
      </Owners>
      <Execution id="927cb806-5f41-4198-a409-81b72912961f" />
      <TestMethod codeBase="C:\TestBin\IntegrationTests\Microsoft.VisualStudio.Web.Editors.IntegrationTests.DLL" adapterTypeName="executor://parameterizedtestexecutor/v1" className="Microsoft.VisualStudio.Web.Editors.IntegrationTests.Html.HtmlOutliningTests" name="VSTest_HtmlOutlining_Basic" />
    </UnitTest>
    <UnitTest name="VSTest_NonTypeThrough_HTML" storage="c:\testbin\integrationtests\microsoft.visualstudio.web.editors.integrationtests.dll" id="2a09fbc3-73ae-6cd0-95e1-ffc0223a5eb9">
      <Owners>
        <Owner name="bhsubra" />
      </Owners>
      <Execution id="f48da579-85ad-4157-b34d-f46ead9c3327" />
      <TestMethod codeBase="C:\TestBin\IntegrationTests\Microsoft.VisualStudio.Web.Editors.IntegrationTests.DLL" adapterTypeName="executor://parameterizedtestexecutor/v1" className="Microsoft.VisualStudio.Web.Editors.IntegrationTests.Html.Typing.TypingThroughTests" name="VSTest_NonTypeThrough_HTML" />
    </UnitTest>
    <UnitTest name="VSTest_TypingThrough_Mustache" storage="c:\testbin\integrationtests\microsoft.visualstudio.web.editors.integrationtests.dll" id="db5190ef-a56c-e617-f522-2a13926ab803">
      <Owners>
        <Owner name="bhsubra" />
      </Owners>
      <Execution id="6c1084bf-9f7e-49b8-b3ca-feb76c5dfb34" />
      <TestMethod codeBase="C:\TestBin\IntegrationTests\Microsoft.VisualStudio.Web.Editors.IntegrationTests.DLL" adapterTypeName="executor://parameterizedtestexecutor/v1" className="Microsoft.VisualStudio.Web.Editors.IntegrationTests.Html.Typing.TypingThroughTests" name="VSTest_TypingThrough_Mustache" />
    </UnitTest>
    <UnitTest name="VSTest_ScssTyping_VariableIntellisense" storage="c:\testbin\integrationtests\microsoft.visualstudio.web.editors.integrationtests.dll" id="9c3e67c9-6b1a-da8f-4e33-2e8fc06d0f0d">
      <Owners>
        <Owner name="YaLyu" />
      </Owners>
      <Execution id="f827148e-4cc6-45c8-88ef-05a529aa59d3" />
      <TestMethod codeBase="C:\TestBin\IntegrationTests\Microsoft.VisualStudio.Web.Editors.IntegrationTests.DLL" adapterTypeName="executor://parameterizedtestexecutor/v1" className="Microsoft.VisualStudio.Web.Editors.IntegrationTests.Scss.ScssCompletionTests" name="VSTest_ScssTyping_VariableIntellisense" />
    </UnitTest>
    <UnitTest name="VSTest_Generate_Page_Load_Event_Code_Behind_VB" storage="c:\testbin\integrationtests\microsoft.visualstudio.web.editors.integrationtests.dll" id="2498c45a-1aff-34d8-6d53-9eed1780f372">
      <Owners>
        <Owner name="bhsubra" />
      </Owners>
      <Execution id="e0995589-8c13-4ed8-baf4-1108e73a0aad" />
      <TestMethod codeBase="C:\TestBin\IntegrationTests\Microsoft.VisualStudio.Web.Editors.IntegrationTests.DLL" adapterTypeName="executor://parameterizedtestexecutor/v1" className="Microsoft.VisualStudio.Web.Editors.IntegrationTests.WebForm.GenerateEventTests" name="VSTest_Generate_Page_Load_Event_Code_Behind_VB" />
    </UnitTest>
    <UnitTest name="VSTest_Validate_Html5ImplicitHtmlTag" storage="c:\testbin\integrationtests\microsoft.visualstudio.web.editors.integrationtests.dll" id="dffd33e8-e60c-b35d-6ea2-716ce371d950">
      <Owners>
        <Owner name="bhsubra" />
      </Owners>
      <Execution id="67ce8d65-fac3-4a7f-bf16-cc4e8aac97bf" />
      <TestMethod codeBase="C:\TestBin\IntegrationTests\Microsoft.VisualStudio.Web.Editors.IntegrationTests.DLL" adapterTypeName="executor://parameterizedtestexecutor/v1" className="Microsoft.VisualStudio.Web.Editors.IntegrationTests.Html.ValidationTests" name="VSTest_Validate_Html5ImplicitHtmlTag" />
    </UnitTest>
    <UnitTest name="VSTest_Generate_AttrModel_Methods_WAP_Code_InlineVB" storage="c:\testbin\integrationtests\microsoft.visualstudio.web.editors.integrationtests.dll" id="5f09ca67-7368-5ec5-3872-f0331e31baef">
      <Owners>
        <Owner name="bhsubra" />
      </Owners>
      <Execution id="0f88fe56-eeb6-4c53-b797-c59049d101c4" />
      <TestMethod codeBase="C:\TestBin\IntegrationTests\Microsoft.VisualStudio.Web.Editors.IntegrationTests.DLL" adapterTypeName="executor://parameterizedtestexecutor/v1" className="Microsoft.VisualStudio.Web.Editors.IntegrationTests.WebForm.GenerateDataMethodTests" name="VSTest_Generate_AttrModel_Methods_WAP_Code_InlineVB" />
    </UnitTest>
    <UnitTest name="VSTest_JSON_SuggestedActions_InlineReference" storage="c:\testbin\integrationtests\microsoft.visualstudio.web.editors.integrationtests.dll" id="85ad2f9f-0fea-2b42-5e94-60f172e5ecd4">
      <Owners>
        <Owner name="YaLyu" />
      </Owners>
      <Execution id="cf894023-0e28-4d19-bce9-608b57e5f932" />
      <TestMethod codeBase="C:\TestBin\IntegrationTests\Microsoft.VisualStudio.Web.Editors.IntegrationTests.DLL" adapterTypeName="executor://parameterizedtestexecutor/v1" className="Microsoft.VisualStudio.Web.Editors.IntegrationTests.JSON.SuggestedActions.InlineReferenceTests" name="VSTest_JSON_SuggestedActions_InlineReference" />
    </UnitTest>
    <UnitTest name="VSTest_FormatTest2" storage="c:\testbin\integrationtests\microsoft.visualstudio.web.editors.integrationtests.dll" id="a7d42b9d-d8a3-1757-1560-b71505d852b3">
      <Owners>
        <Owner name="ToddGrun" />
      </Owners>
      <Execution id="634bb23b-775b-44fc-897c-e4b281fd64db" />
      <TestMethod codeBase="C:\TestBin\IntegrationTests\Microsoft.VisualStudio.Web.Editors.IntegrationTests.DLL" adapterTypeName="executor://parameterizedtestexecutor/v1" className="Microsoft.VisualStudio.Web.Editors.IntegrationTests.Html.Format.FormatTests" name="VSTest_FormatTest2" />
    </UnitTest>
    <UnitTest name="VSTest_DumpCommentSelectionAspxResults" storage="c:\testbin\integrationtests\microsoft.visualstudio.web.editors.integrationtests.dll" id="7516fff7-661a-0a92-4b18-68db220564f8">
      <Owners>
        <Owner name="AlexGav" />
      </Owners>
      <Execution id="7f24c3f2-062e-4382-bb09-260933c438fe" />
      <TestMethod codeBase="C:\TestBin\IntegrationTests\Microsoft.VisualStudio.Web.Editors.IntegrationTests.DLL" adapterTypeName="executor://parameterizedtestexecutor/v1" className="Microsoft.VisualStudio.Web.Editors.IntegrationTests.Html.CommentSelectionTests" name="VSTest_DumpCommentSelectionAspxResults" />
    </UnitTest>
    <UnitTest name="VSTest_RazorV4Cs_FormatDocument_WithIndentSizeOption" storage="c:\testbin\integrationtests\microsoft.visualstudio.web.editors.integrationtests.dll" id="17e7be92-22b4-92e4-dec2-69e303209ca5">
      <Owners>
        <Owner name="bhsubra" />
      </Owners>
      <Execution id="a7c14e7c-5a10-4095-9c5a-61bb2ea3093b" />
      <TestMethod codeBase="C:\TestBin\IntegrationTests\Microsoft.VisualStudio.Web.Editors.IntegrationTests.DLL" adapterTypeName="executor://parameterizedtestexecutor/v1" className="Microsoft.VisualStudio.Web.Editors.IntegrationTests.Razor.Formatting.CSharpFormattingTests" name="VSTest_RazorV4Cs_FormatDocument_WithIndentSizeOption" />
    </UnitTest>
    <UnitTest name="VSTest_RazorV4Cs_FormatDocument_WithTextAreaAttributes" storage="c:\testbin\integrationtests\microsoft.visualstudio.web.editors.integrationtests.dll" id="c8cceede-4b25-68f5-508e-616a073b9bcc">
      <Owners>
        <Owner name="bhsubra" />
      </Owners>
      <Execution id="68dc55f9-e7de-4273-898b-ade56448de9b" />
      <TestMethod codeBase="C:\TestBin\IntegrationTests\Microsoft.VisualStudio.Web.Editors.IntegrationTests.DLL" adapterTypeName="executor://parameterizedtestexecutor/v1" className="Microsoft.VisualStudio.Web.Editors.IntegrationTests.Razor.Formatting.CSharpFormattingTests" name="VSTest_RazorV4Cs_FormatDocument_WithTextAreaAttributes" />
    </UnitTest>
    <UnitTest name="VSTest_RazorV4HTMLIntellisenseInHtm" storage="c:\testbin\integrationtests\microsoft.visualstudio.web.editors.integrationtests.dll" id="55dfbf27-89e4-ad32-50f8-487dbb03587d">
      <Owners>
        <Owner name="ToddGrun" />
      </Owners>
      <Execution id="9ce1e23a-bb87-41bb-81e9-ea9b08594b40" />
      <TestMethod codeBase="C:\TestBin\IntegrationTests\Microsoft.VisualStudio.Web.Editors.IntegrationTests.DLL" adapterTypeName="executor://parameterizedtestexecutor/v1" className="Microsoft.VisualStudio.Web.Editors.IntegrationTests.Razor.General.CSharpGeneralTests" name="VSTest_RazorV4HTMLIntellisenseInHtm" />
    </UnitTest>
    <UnitTest name="VSTest_Razor_TagHelpers_Completion_Tooltip" storage="c:\testbin\integrationtests\microsoft.visualstudio.web.editors.integrationtests.dll" id="283c2ee3-5153-3b3f-12de-9097ea195860">
      <Owners>
        <Owner name="ToddGrun" />
      </Owners>
      <Execution id="05b8a9b3-6386-4a6f-9b83-c8042f4ea1e4" />
      <TestMethod codeBase="C:\TestBin\IntegrationTests\Microsoft.VisualStudio.Web.Editors.IntegrationTests.DLL" adapterTypeName="executor://parameterizedtestexecutor/v1" className="Microsoft.VisualStudio.Web.Editors.IntegrationTests.Razor.TagHelpers.RazorTagHelperTests" name="VSTest_Razor_TagHelpers_Completion_Tooltip" />
    </UnitTest>
    <UnitTest name="VSTest_CSS_SmartIndentInCSSWithTabs" storage="c:\testbin\integrationtests\microsoft.visualstudio.web.editors.integrationtests.dll" id="a67e7db6-c543-b202-8520-edba28b96225">
      <Owners>
        <Owner name="YaLyu" />
      </Owners>
      <Execution id="081fa893-25d4-4a47-a3f1-a1b01e2be81c" />
      <TestMethod codeBase="C:\TestBin\IntegrationTests\Microsoft.VisualStudio.Web.Editors.IntegrationTests.DLL" adapterTypeName="executor://parameterizedtestexecutor/v1" className="Microsoft.VisualStudio.Web.Editors.IntegrationTests.Css.CssSmartIndentTests" name="VSTest_CSS_SmartIndentInCSSWithTabs" />
    </UnitTest>
    <UnitTest name="VSTest_JSON_AutoGeneration_PasteText" storage="c:\testbin\integrationtests\microsoft.visualstudio.web.editors.integrationtests.dll" id="e71daa4d-2319-dd12-2052-e2f049206df5">
      <Owners>
        <Owner name="YaLyu" />
      </Owners>
      <Execution id="886cdfc6-313b-44d0-905a-6d7e8ad78d71" />
      <TestMethod codeBase="C:\TestBin\IntegrationTests\Microsoft.VisualStudio.Web.Editors.IntegrationTests.DLL" adapterTypeName="executor://parameterizedtestexecutor/v1" className="Microsoft.VisualStudio.Web.Editors.IntegrationTests.JSON.AutoGenerationTests" name="VSTest_JSON_AutoGeneration_PasteText" />
    </UnitTest>
    <UnitTest name="VSTest_Script_Completion_Top_Level" storage="c:\testbin\integrationtests\microsoft.visualstudio.web.editors.integrationtests.dll" id="02a5ee45-4601-dcc9-5f99-de7d42c8dacc">
      <Owners>
        <Owner name="AlexGav" />
      </Owners>
      <Execution id="e1d23865-3120-4290-bd4a-713bb4f3a798" />
      <TestMethod codeBase="C:\TestBin\IntegrationTests\Microsoft.VisualStudio.Web.Editors.IntegrationTests.DLL" adapterTypeName="executor://parameterizedtestexecutor/v1" className="Microsoft.VisualStudio.Web.Editors.IntegrationTests.Scripting.ScriptCompletionTests" name="VSTest_Script_Completion_Top_Level" />
    </UnitTest>
    <UnitTest name="VSTest_RazorCsFormatOnPaste" storage="c:\testbin\integrationtests\microsoft.visualstudio.web.editors.integrationtests.dll" id="2627c52e-1ba5-a13f-5e5c-22cb7a37903f">
      <Owners>
        <Owner name="ToddGrun" />
      </Owners>
      <Execution id="de32a456-2ab7-49e2-97fb-1b5cfd193c76" />
      <TestMethod codeBase="C:\TestBin\IntegrationTests\Microsoft.VisualStudio.Web.Editors.IntegrationTests.DLL" adapterTypeName="executor://parameterizedtestexecutor/v1" className="Microsoft.VisualStudio.Web.Editors.IntegrationTests.Razor.Formatting.CSharpFormattingTests" name="VSTest_RazorCsFormatOnPaste" />
    </UnitTest>
    <UnitTest name="VSTest_CssCompletion_HtmlNames2" storage="c:\testbin\integrationtests\microsoft.visualstudio.web.editors.integrationtests.dll" id="ef86bb61-c5ca-31ea-2481-4b4d48cb1b1e">
      <Owners>
        <Owner name="YaLyu" />
      </Owners>
      <Execution id="1100210f-9627-424a-a94e-d1220f6385ab" />
      <TestMethod codeBase="C:\TestBin\IntegrationTests\Microsoft.VisualStudio.Web.Editors.IntegrationTests.DLL" adapterTypeName="executor://parameterizedtestexecutor/v1" className="Microsoft.VisualStudio.Web.Editors.IntegrationTests.CSS.CssCompletionTests" name="VSTest_CssCompletion_HtmlNames2" />
    </UnitTest>
    <UnitTest name="VSTest_JSON_VerifyKnownFileSchemaAssociations (webs\misc\JSON\KnownSchemas\config.json, http://json.schemastore.org/config)" storage="c:\testbin\integrationtests\microsoft.visualstudio.web.editors.integrationtests.dll" id="15990397-b0ca-a0a2-a783-55624d31d465">
      <Owners>
        <Owner name="YaLyu" />
      </Owners>
      <Execution id="7a444faa-9bca-4d14-aefd-a0d7814ddfce" />
      <TestMethod codeBase="C:\TestBin\IntegrationTests\Microsoft.VisualStudio.Web.Editors.IntegrationTests.DLL" adapterTypeName="executor://parameterizedtestexecutor/v1" className="Microsoft.VisualStudio.Web.Editors.IntegrationTests.JSON.Schema.KnownSchemaAssociationTests.VSTest_JSON_VerifyKnownFileSchemaAssociations (webs\misc\JSON\KnownSchemas\config.json, http://json.schemastore" name="VSTest_JSON_VerifyKnownFileSchemaAssociations (webs\misc\JSON\KnownSchemas\config.json, http://json.schemastore.org/config)" />
    </UnitTest>
    <UnitTest name="VSTest_Razor_DropFromSolutionExplorer" storage="c:\testbin\integrationtests\microsoft.visualstudio.web.editors.integrationtests.dll" id="6ef8fef7-ed4a-e3ce-6249-2314f9c5f5bd">
      <Owners>
        <Owner name="ToddGrun" />
      </Owners>
      <Execution id="65cb01f9-13f5-4bff-8293-e951bedee906" />
      <TestMethod codeBase="C:\TestBin\IntegrationTests\Microsoft.VisualStudio.Web.Editors.IntegrationTests.DLL" adapterTypeName="executor://parameterizedtestexecutor/v1" className="Microsoft.VisualStudio.Web.Editors.IntegrationTests.Razor.General.DragAndDropTests" name="VSTest_Razor_DropFromSolutionExplorer" />
    </UnitTest>
    <UnitTest name="VSTest_RazorV4CsFormatIfBlockInsideForBlock" storage="c:\testbin\integrationtests\microsoft.visualstudio.web.editors.integrationtests.dll" id="a25f2acc-2a6f-fa51-54f2-18ba92e0133a">
      <Owners>
        <Owner name="ToddGrun" />
      </Owners>
      <Execution id="9d303ae9-aa82-4cf8-8bce-b13b07723e99" />
      <TestMethod codeBase="C:\TestBin\IntegrationTests\Microsoft.VisualStudio.Web.Editors.IntegrationTests.DLL" adapterTypeName="executor://parameterizedtestexecutor/v1" className="Microsoft.VisualStudio.Web.Editors.IntegrationTests.Razor.Formatting.CSharpFormattingTests" name="VSTest_RazorV4CsFormatIfBlockInsideForBlock" />
    </UnitTest>
    <UnitTest name="VSTest_AutoTagNameMatcher_RemoveUnclosedSameInnerTagNameAspx" storage="c:\testbin\integrationtests\microsoft.visualstudio.web.editors.integrationtests.dll" id="4bfd258d-4b13-ba17-9f88-95cc5d19d297">
      <Owners>
        <Owner name="ToddGrun" />
      </Owners>
      <Execution id="61fc100e-4238-4379-865a-4d852c83d874" />
      <TestMethod codeBase="C:\TestBin\IntegrationTests\Microsoft.VisualStudio.Web.Editors.IntegrationTests.DLL" adapterTypeName="executor://parameterizedtestexecutor/v1" className="Microsoft.VisualStudio.Web.Editors.IntegrationTests.Html.AutoTagNameMatcherTests" name="VSTest_AutoTagNameMatcher_RemoveUnclosedSameInnerTagNameAspx" />
    </UnitTest>
    <UnitTest name="VSTest_RazorV3Completion_LastUsedCompletionItem" storage="c:\testbin\integrationtests\microsoft.visualstudio.web.editors.integrationtests.dll" id="a45b0824-f6c0-b04a-b5b9-04fb4a8bbc68">
      <Owners>
        <Owner name="ToddGrun" />
      </Owners>
      <Execution id="d490d8e8-a7a1-443c-bc15-802e1a6db20b" />
      <TestMethod codeBase="C:\TestBin\IntegrationTests\Microsoft.VisualStudio.Web.Editors.IntegrationTests.DLL" adapterTypeName="executor://parameterizedtestexecutor/v1" className="Microsoft.VisualStudio.Web.Editors.IntegrationTests.Razor.General.CSharpGeneralTests" name="VSTest_RazorV3Completion_LastUsedCompletionItem" />
    </UnitTest>
    <UnitTest name="VSTest_CssFormatSampleCss_Expanded" storage="c:\testbin\integrationtests\microsoft.visualstudio.web.editors.integrationtests.dll" id="400cfd64-5cbf-9403-2911-8489236eccf6">
      <Owners>
        <Owner name="YaLyu" />
      </Owners>
      <Execution id="b781a3a4-0f88-4762-bea3-21308ff003e6" />
      <TestMethod codeBase="C:\TestBin\IntegrationTests\Microsoft.VisualStudio.Web.Editors.IntegrationTests.DLL" adapterTypeName="executor://parameterizedtestexecutor/v1" className="Microsoft.VisualStudio.Web.Editors.IntegrationTests.Css.CssFormatTests" name="VSTest_CssFormatSampleCss_Expanded" />
    </UnitTest>
    <UnitTest name="VSTest_Scss_DiffViewer (Inline)" storage="c:\testbin\integrationtests\microsoft.visualstudio.web.editors.integrationtests.dll" id="4dd721cf-872c-21f4-2a95-70e4951f3dbe">
      <Owners>
        <Owner name="YaLyu" />
      </Owners>
      <Execution id="0c2f1359-887d-49f7-b512-e3333c39e888" />
      <TestMethod codeBase="C:\TestBin\IntegrationTests\Microsoft.VisualStudio.Web.Editors.IntegrationTests.DLL" adapterTypeName="executor://parameterizedtestexecutor/v1" className="Microsoft.VisualStudio.Web.Editors.IntegrationTests.Scss.ScssDiffTests" name="VSTest_Scss_DiffViewer (Inline)" />
    </UnitTest>
    <UnitTest name="VSTest_JSON_SchemaHandlerSelect_Draft4" storage="c:\testbin\integrationtests\microsoft.visualstudio.web.editors.integrationtests.dll" id="9ef41b31-0b23-e5a8-f317-e119ff302ba3">
      <Owners>
        <Owner name="YaLyu" />
      </Owners>
      <Execution id="6dada5f7-6343-4d0e-bbc0-285969704849" />
      <TestMethod codeBase="C:\TestBin\IntegrationTests\Microsoft.VisualStudio.Web.Editors.IntegrationTests.DLL" adapterTypeName="executor://parameterizedtestexecutor/v1" className="Microsoft.VisualStudio.Web.Editors.IntegrationTests.JSON.SchemaValidation" name="VSTest_JSON_SchemaHandlerSelect_Draft4" />
    </UnitTest>
    <UnitTest name="VSTest_HtmlTemplatesFormatting_Smoke" storage="c:\testbin\integrationtests\microsoft.visualstudio.web.editors.integrationtests.dll" id="f0355ef0-d805-bbc9-9099-d143d25fe61e">
      <Owners>
        <Owner name="ToddGrun" />
      </Owners>
      <Execution id="75e0117d-a8de-4456-8d6a-32647e72896e" />
      <TestMethod codeBase="C:\TestBin\IntegrationTests\Microsoft.VisualStudio.Web.Editors.IntegrationTests.DLL" adapterTypeName="executor://parameterizedtestexecutor/v1" className="Microsoft.VisualStudio.Web.Editors.IntegrationTests.Html.HtmlTemplatesFormattingTests" name="VSTest_HtmlTemplatesFormatting_Smoke" />
    </UnitTest>
    <UnitTest name="VSTest_TypingThrough_SingleQuotesInAttribute" storage="c:\testbin\integrationtests\microsoft.visualstudio.web.editors.integrationtests.dll" id="351bd4a7-0f7e-a0c7-2af7-93054f05b8dd">
      <Owners>
        <Owner name="bhsubra" />
      </Owners>
      <Execution id="ad4c40d3-bdc9-446f-8a47-32fa85ca0405" />
      <TestMethod codeBase="C:\TestBin\IntegrationTests\Microsoft.VisualStudio.Web.Editors.IntegrationTests.DLL" adapterTypeName="executor://parameterizedtestexecutor/v1" className="Microsoft.VisualStudio.Web.Editors.IntegrationTests.Html.Typing.TypingThroughTests" name="VSTest_TypingThrough_SingleQuotesInAttribute" />
    </UnitTest>
    <UnitTest name="VSTest_JSON_AutoGeneration_WithoutSchema" storage="c:\testbin\integrationtests\microsoft.visualstudio.web.editors.integrationtests.dll" id="ad9c8ac5-1ee7-e376-2803-b82e348b2f90">
      <Owners>
        <Owner name="YaLyu" />
      </Owners>
      <Execution id="f0082237-ca13-4de4-84e5-d2e8ebc6976f" />
      <TestMethod codeBase="C:\TestBin\IntegrationTests\Microsoft.VisualStudio.Web.Editors.IntegrationTests.DLL" adapterTypeName="executor://parameterizedtestexecutor/v1" className="Microsoft.VisualStudio.Web.Editors.IntegrationTests.JSON.AutoGenerationTests" name="VSTest_JSON_AutoGeneration_WithoutSchema" />
    </UnitTest>
    <UnitTest name="VSTest_CSS_DiffViewer_Embedded (Inline)" storage="c:\testbin\integrationtests\microsoft.visualstudio.web.editors.integrationtests.dll" id="7b167a41-e28b-323d-77b1-accc2e09d80a">
      <Owners>
        <Owner name="YaLyu" />
      </Owners>
      <Execution id="868f2f6a-be8c-4a25-a48b-5ec9f45b2a5b" />
      <TestMethod codeBase="C:\TestBin\IntegrationTests\Microsoft.VisualStudio.Web.Editors.IntegrationTests.DLL" adapterTypeName="executor://parameterizedtestexecutor/v1" className="Microsoft.VisualStudio.Web.Editors.IntegrationTests.Css.CssDiffTests" name="VSTest_CSS_DiffViewer_Embedded (Inline)" />
    </UnitTest>
    <UnitTest name="VSTest_NPM_Completion_ScopedPackage" storage="c:\testbin\integrationtests\microsoft.visualstudio.web.editors.integrationtests.dll" id="4c84ec70-141f-e8e9-2a2d-92f9de28784b">
      <Owners>
        <Owner name="YaLyu" />
      </Owners>
      <Execution id="4b0ec3c1-e92e-4136-8f8a-d07bd33ce7ff" />
      <TestMethod codeBase="C:\TestBin\IntegrationTests\Microsoft.VisualStudio.Web.Editors.IntegrationTests.DLL" adapterTypeName="executor://parameterizedtestexecutor/v1" className="Microsoft.VisualStudio.Web.Editors.IntegrationTests.JSON.PackageManagement.NPMIntelliSenseTests" name="VSTest_NPM_Completion_ScopedPackage" />
    </UnitTest>
    <UnitTest name="VSTest_CSS_CompletionContents" storage="c:\testbin\integrationtests\microsoft.visualstudio.web.editors.integrationtests.dll" id="240b41ac-f0ba-d0de-e1e8-ba2c05ffee65">
      <Owners>
        <Owner name="YaLyu" />
      </Owners>
      <Execution id="2933efda-6a12-4949-9fd1-c72d49679f7d" />
      <TestMethod codeBase="C:\TestBin\IntegrationTests\Microsoft.VisualStudio.Web.Editors.IntegrationTests.DLL" adapterTypeName="executor://parameterizedtestexecutor/v1" className="Microsoft.VisualStudio.Web.Editors.IntegrationTests.CSS.CssCompletionTests" name="VSTest_CSS_CompletionContents" />
    </UnitTest>
    <UnitTest name="VSTest_RazorTypeHelperInCshtml" storage="c:\testbin\integrationtests\microsoft.visualstudio.web.editors.integrationtests.dll" id="729fa675-215f-6797-334c-9daac0eac5f4">
      <Owners>
        <Owner name="ToddGrun" />
      </Owners>
      <Execution id="3251ad0d-adfa-459f-a270-86ab1e21a22b" />
      <TestMethod codeBase="C:\TestBin\IntegrationTests\Microsoft.VisualStudio.Web.Editors.IntegrationTests.DLL" adapterTypeName="executor://parameterizedtestexecutor/v1" className="Microsoft.VisualStudio.Web.Editors.IntegrationTests.Razor.General.CSharpGeneralTests" name="VSTest_RazorTypeHelperInCshtml" />
    </UnitTest>
    <UnitTest name="VSTest_JSON_Valid_Content_File_Sniffing" storage="c:\testbin\integrationtests\microsoft.visualstudio.web.editors.integrationtests.dll" id="7d97611c-a3e5-397f-2536-33008bdfb7d0">
      <Owners>
        <Owner name="YaLyu" />
      </Owners>
      <Execution id="b1ab6b82-1278-40fb-9de0-d439244931ed" />
      <TestMethod codeBase="C:\TestBin\IntegrationTests\Microsoft.VisualStudio.Web.Editors.IntegrationTests.DLL" adapterTypeName="executor://parameterizedtestexecutor/v1" className="Microsoft.VisualStudio.Web.Editors.IntegrationTests.JSON.SniffingTests" name="VSTest_JSON_Valid_Content_File_Sniffing" />
    </UnitTest>
    <UnitTest name="VSTest_RazorCshtmlTypeAtHtmlIntelliSense" storage="c:\testbin\integrationtests\microsoft.visualstudio.web.editors.integrationtests.dll" id="f543157b-657b-5083-55b6-53a4487c0d05">
      <Owners>
        <Owner name="ToddGrun" />
      </Owners>
      <Execution id="953aa91c-63a2-4f01-bcb8-51050d2e408a" />
      <TestMethod codeBase="C:\TestBin\IntegrationTests\Microsoft.VisualStudio.Web.Editors.IntegrationTests.DLL" adapterTypeName="executor://parameterizedtestexecutor/v1" className="Microsoft.VisualStudio.Web.Editors.IntegrationTests.Razor.General.CSharpGeneralTests" name="VSTest_RazorCshtmlTypeAtHtmlIntelliSense" />
    </UnitTest>
    <UnitTest name="VSTest_RazorCsFormatSelection" storage="c:\testbin\integrationtests\microsoft.visualstudio.web.editors.integrationtests.dll" id="fcb43806-982b-5e9a-44ff-6aad6cc3392a">
      <Owners>
        <Owner name="ToddGrun" />
      </Owners>
      <Execution id="92d5992e-6aa3-4b50-87b5-737e3a7cbbe8" />
      <TestMethod codeBase="C:\TestBin\IntegrationTests\Microsoft.VisualStudio.Web.Editors.IntegrationTests.DLL" adapterTypeName="executor://parameterizedtestexecutor/v1" className="Microsoft.VisualStudio.Web.Editors.IntegrationTests.Razor.Formatting.CSharpFormattingTests" name="VSTest_RazorCsFormatSelection" />
    </UnitTest>
    <UnitTest name="VSTest_AutoTagNameMatcherTest" storage="c:\testbin\integrationtests\microsoft.visualstudio.web.editors.integrationtests.dll" id="9c9e5206-9450-7f63-8b10-d8f08081701c">
      <Owners>
        <Owner name="ToddGrun" />
      </Owners>
      <Execution id="0365061e-843e-4780-a4db-e18f6ed751b3" />
      <TestMethod codeBase="C:\TestBin\IntegrationTests\Microsoft.VisualStudio.Web.Editors.IntegrationTests.DLL" adapterTypeName="executor://parameterizedtestexecutor/v1" className="Microsoft.VisualStudio.Web.Editors.IntegrationTests.Html.AutoTagNameMatcherTests" name="VSTest_AutoTagNameMatcherTest" />
    </UnitTest>
    <UnitTest name="VSTest_NPM_NavigateToHomepage" storage="c:\testbin\integrationtests\microsoft.visualstudio.web.editors.integrationtests.dll" id="1e7adcc4-b80c-e0c8-9dae-0042717a7acb">
      <Owners>
        <Owner name="AlexGav" />
      </Owners>
      <Execution id="5d6c0bed-73ab-4c8b-b205-b041e6d03128" />
      <TestMethod codeBase="C:\TestBin\IntegrationTests\Microsoft.VisualStudio.Web.Editors.IntegrationTests.DLL" adapterTypeName="executor://parameterizedtestexecutor/v1" className="Microsoft.VisualStudio.Web.Editors.IntegrationTests.JSON.PackageManagement.NPMIntelliSenseTests" name="VSTest_NPM_NavigateToHomepage" />
    </UnitTest>
    <UnitTest name="VSTest_JSON_AutoGeneration_WithSchema" storage="c:\testbin\integrationtests\microsoft.visualstudio.web.editors.integrationtests.dll" id="cfda07be-41e3-6ed1-e21a-30a748be62fa">
      <Owners>
        <Owner name="YaLyu" />
      </Owners>
      <Execution id="4b520294-3a33-4771-9853-0cdebf07d526" />
      <TestMethod codeBase="C:\TestBin\IntegrationTests\Microsoft.VisualStudio.Web.Editors.IntegrationTests.DLL" adapterTypeName="executor://parameterizedtestexecutor/v1" className="Microsoft.VisualStudio.Web.Editors.IntegrationTests.JSON.AutoGenerationTests" name="VSTest_JSON_AutoGeneration_WithSchema" />
    </UnitTest>
    <UnitTest name="VSTest_RazorCsFormatCodeBlock_StatementOnMultiplelines" storage="c:\testbin\integrationtests\microsoft.visualstudio.web.editors.integrationtests.dll" id="47fb8c99-5062-df56-cc47-81b3b245c4b3">
      <Owners>
        <Owner name="ToddGrun" />
      </Owners>
      <Execution id="041d17ac-fe36-4371-8005-c3f653045c10" />
      <TestMethod codeBase="C:\TestBin\IntegrationTests\Microsoft.VisualStudio.Web.Editors.IntegrationTests.DLL" adapterTypeName="executor://parameterizedtestexecutor/v1" className="Microsoft.VisualStudio.Web.Editors.IntegrationTests.Razor.Formatting.CSharpFormattingTests" name="VSTest_RazorCsFormatCodeBlock_StatementOnMultiplelines" />
    </UnitTest>
    <UnitTest name="VSTest_SmartIndentInJSInRazorV4" storage="c:\testbin\integrationtests\microsoft.visualstudio.web.editors.integrationtests.dll" id="6c1062d8-5cf3-817d-fd1a-e09612c0efb9">
      <Owners>
        <Owner name="AlexGav" />
      </Owners>
      <Execution id="a2027da2-2896-49e4-a62a-103776910d88" />
      <TestMethod codeBase="C:\TestBin\IntegrationTests\Microsoft.VisualStudio.Web.Editors.IntegrationTests.DLL" adapterTypeName="executor://parameterizedtestexecutor/v1" className="Microsoft.VisualStudio.Web.Editors.IntegrationTests.Razor.SmartIndent.SmartIndentTests" name="VSTest_SmartIndentInJSInRazorV4" />
    </UnitTest>
    <UnitTest name="VSTest_RazorV4IntellisenseInCshtml" storage="c:\testbin\integrationtests\microsoft.visualstudio.web.editors.integrationtests.dll" id="f4e962ab-c4d7-4962-cd6f-11a4e2f279c7">
      <Owners>
        <Owner name="ToddGrun" />
      </Owners>
      <Execution id="1c662e4f-a968-486b-9dfe-d4da39e24d67" />
      <TestMethod codeBase="C:\TestBin\IntegrationTests\Microsoft.VisualStudio.Web.Editors.IntegrationTests.DLL" adapterTypeName="executor://parameterizedtestexecutor/v1" className="Microsoft.VisualStudio.Web.Editors.IntegrationTests.Razor.General.CSharpGeneralTests" name="VSTest_RazorV4IntellisenseInCshtml" />
    </UnitTest>
    <UnitTest name="VSTest_SmartIndentInHTML_EndTag_Text_Insertion" storage="c:\testbin\integrationtests\microsoft.visualstudio.web.editors.integrationtests.dll" id="6d86b4b7-3d17-4972-e77b-579f28c6aa60">
      <Owners>
        <Owner name="bhsubra" />
      </Owners>
      <Execution id="b1e24d57-3a9b-4d3e-91df-37f86fbfe526" />
      <TestMethod codeBase="C:\TestBin\IntegrationTests\Microsoft.VisualStudio.Web.Editors.IntegrationTests.DLL" adapterTypeName="executor://parameterizedtestexecutor/v1" className="Microsoft.VisualStudio.Web.Editors.IntegrationTests.Html.SmartIndentTests" name="VSTest_SmartIndentInHTML_EndTag_Text_Insertion" />
    </UnitTest>
    <UnitTest name="VSTest_DebugSetBreakpointsInCSHtml" storage="c:\testbin\integrationtests\microsoft.visualstudio.web.editors.integrationtests.dll" id="8ed4c20c-072c-df49-34b3-17cf7722fcb6">
      <Owners>
        <Owner name="AlexGav" />
      </Owners>
      <Execution id="577e7b89-f7fc-462a-9258-49ae46b813fc" />
      <TestMethod codeBase="C:\TestBin\IntegrationTests\Microsoft.VisualStudio.Web.Editors.IntegrationTests.DLL" adapterTypeName="executor://parameterizedtestexecutor/v1" className="Microsoft.VisualStudio.Web.Editors.IntegrationTests.Razor.Debug.DebugTests" name="VSTest_DebugSetBreakpointsInCSHtml" />
    </UnitTest>
    <UnitTest name="VSTest_RazorCshtmlFormatAndUndo" storage="c:\testbin\integrationtests\microsoft.visualstudio.web.editors.integrationtests.dll" id="28084bf3-c960-1f4d-8922-c37bc4804dbb">
      <Owners>
        <Owner name="ToddGrun" />
      </Owners>
      <Execution id="656d8471-206f-41b9-bfd6-93c784b0d27b" />
      <TestMethod codeBase="C:\TestBin\IntegrationTests\Microsoft.VisualStudio.Web.Editors.IntegrationTests.DLL" adapterTypeName="executor://parameterizedtestexecutor/v1" className="Microsoft.VisualStudio.Web.Editors.IntegrationTests.Razor.General.CSharpGeneralTests" name="VSTest_RazorCshtmlFormatAndUndo" />
    </UnitTest>
    <UnitTest name="VSTest_RazorV4PasteTextInCshtml" storage="c:\testbin\integrationtests\microsoft.visualstudio.web.editors.integrationtests.dll" id="5f1e6f89-6893-767f-e30f-93909c849f96">
      <Owners>
        <Owner name="ToddGrun" />
      </Owners>
      <Execution id="517d9bc2-a4a9-477e-9446-6ad3f6ae237c" />
      <TestMethod codeBase="C:\TestBin\IntegrationTests\Microsoft.VisualStudio.Web.Editors.IntegrationTests.DLL" adapterTypeName="executor://parameterizedtestexecutor/v1" className="Microsoft.VisualStudio.Web.Editors.IntegrationTests.Razor.General.CSharpGeneralTests" name="VSTest_RazorV4PasteTextInCshtml" />
    </UnitTest>
    <UnitTest name="VSTest_RazorTypeThroughQuote" storage="c:\testbin\integrationtests\microsoft.visualstudio.web.editors.integrationtests.dll" id="025bfd0a-5dbf-e36d-4a6a-7036db5233d8">
      <Owners>
        <Owner name="ToddGrun" />
      </Owners>
      <Execution id="9f6588b8-5ec3-4c31-a91f-4f6076d9a275" />
      <TestMethod codeBase="C:\TestBin\IntegrationTests\Microsoft.VisualStudio.Web.Editors.IntegrationTests.DLL" adapterTypeName="executor://parameterizedtestexecutor/v1" className="Microsoft.VisualStudio.Web.Editors.IntegrationTests.Razor.Typing.TypingThroughTests" name="VSTest_RazorTypeThroughQuote" />
    </UnitTest>
    <UnitTest name="VSTest_DebugOutputBreakpointLocationsInCSHtml" storage="c:\testbin\integrationtests\microsoft.visualstudio.web.editors.integrationtests.dll" id="e426f7e8-8229-0e40-cd65-f1f4b7bf9446">
      <Owners>
        <Owner name="ToddGrun" />
      </Owners>
      <Execution id="dacc9481-4b1d-46f6-883f-bdc199a5ddb8" />
      <TestMethod codeBase="C:\TestBin\IntegrationTests\Microsoft.VisualStudio.Web.Editors.IntegrationTests.DLL" adapterTypeName="executor://parameterizedtestexecutor/v1" className="Microsoft.VisualStudio.Web.Editors.IntegrationTests.Razor.Debug.DebugTests" name="VSTest_DebugOutputBreakpointLocationsInCSHtml" />
    </UnitTest>
    <UnitTest name="VSTest_RazorAutoformatVbCode" storage="c:\testbin\integrationtests\microsoft.visualstudio.web.editors.integrationtests.dll" id="1f0161ec-8528-0610-8117-043f9bfd0aff">
      <Owners>
        <Owner name="ToddGrun" />
      </Owners>
      <Execution id="4c9d4836-a1a2-4136-b64e-bcb50d808400" />
      <TestMethod codeBase="C:\TestBin\IntegrationTests\Microsoft.VisualStudio.Web.Editors.IntegrationTests.DLL" adapterTypeName="executor://parameterizedtestexecutor/v1" className="Microsoft.VisualStudio.Web.Editors.IntegrationTests.Razor.General.VBGeneralTests" name="VSTest_RazorAutoformatVbCode" />
    </UnitTest>
    <UnitTest name="VSTest_JSON_SchemaValidation_DependencyErrorAdded" storage="c:\testbin\integrationtests\microsoft.visualstudio.web.editors.integrationtests.dll" id="4e6307b4-c69c-4252-c293-f90365cd74e8">
      <Owners>
        <Owner name="YaLyu" />
      </Owners>
      <Execution id="1926b2d9-f62f-406a-9d89-264da2e64461" />
      <TestMethod codeBase="C:\TestBin\IntegrationTests\Microsoft.VisualStudio.Web.Editors.IntegrationTests.DLL" adapterTypeName="executor://parameterizedtestexecutor/v1" className="Microsoft.VisualStudio.Web.Editors.IntegrationTests.JSON.SchemaValidation" name="VSTest_JSON_SchemaValidation_DependencyErrorAdded" />
    </UnitTest>
    <UnitTest name="VSTest_JSON_AutoStructureWithExistingComma" storage="c:\testbin\integrationtests\microsoft.visualstudio.web.editors.integrationtests.dll" id="62a2bcb3-3711-30ca-19bc-12841da97bd4">
      <Owners>
        <Owner name="YaLyu" />
      </Owners>
      <Execution id="8bdba8c0-2c80-4462-8b90-429ed5a3f376" />
      <TestMethod codeBase="C:\TestBin\IntegrationTests\Microsoft.VisualStudio.Web.Editors.IntegrationTests.DLL" adapterTypeName="executor://parameterizedtestexecutor/v1" className="Microsoft.VisualStudio.Web.Editors.IntegrationTests.JSON.Completion.AutoStructureCompletionTests" name="VSTest_JSON_AutoStructureWithExistingComma" />
    </UnitTest>
    <UnitTest name="VSTest_CssCompletion_CustomProperties_Imports" storage="c:\testbin\integrationtests\microsoft.visualstudio.web.editors.integrationtests.dll" id="9b65e278-d865-83f6-9cd6-2de2c701ae89">
      <Owners>
        <Owner name="YaLyu" />
      </Owners>
      <Execution id="f9f756f0-df2d-4400-8427-acf49c9bd684" />
      <TestMethod codeBase="C:\TestBin\IntegrationTests\Microsoft.VisualStudio.Web.Editors.IntegrationTests.DLL" adapterTypeName="executor://parameterizedtestexecutor/v1" className="Microsoft.VisualStudio.Web.Editors.IntegrationTests.CSS.CssCompletionTests" name="VSTest_CssCompletion_CustomProperties_Imports" />
    </UnitTest>
    <UnitTest name="VSTest_WebformClassification_MustacheSyntax" storage="c:\testbin\integrationtests\microsoft.visualstudio.web.editors.integrationtests.dll" id="3d81ed96-a103-a7ff-7af8-720ad9932087">
      <Owners>
        <Owner name="AlexGav" />
      </Owners>
      <Execution id="d58b89cb-f814-4665-bf41-10519ec3fdfd" />
      <TestMethod codeBase="C:\TestBin\IntegrationTests\Microsoft.VisualStudio.Web.Editors.IntegrationTests.DLL" adapterTypeName="executor://parameterizedtestexecutor/v1" className="Microsoft.VisualStudio.Web.Editors.IntegrationTests.WebForm.ClassificationTests" name="VSTest_WebformClassification_MustacheSyntax" />
    </UnitTest>
    <UnitTest name="VSTest_Completion_UnclosedStartTagAndAutoCompletion" storage="c:\testbin\integrationtests\microsoft.visualstudio.web.editors.integrationtests.dll" id="0e8f9908-eba0-e249-196d-e21168153973">
      <Owners>
        <Owner name="bhsubra" />
      </Owners>
      <Execution id="c8c29199-479a-40bc-804a-76cc73a80faf" />
      <TestMethod codeBase="C:\TestBin\IntegrationTests\Microsoft.VisualStudio.Web.Editors.IntegrationTests.DLL" adapterTypeName="executor://parameterizedtestexecutor/v1" className="Microsoft.VisualStudio.Web.Editors.IntegrationTests.Html.CompletionTests" name="VSTest_Completion_UnclosedStartTagAndAutoCompletion" />
    </UnitTest>
    <UnitTest name="VSTest_TypingThrough_SingleQuotesInContent" storage="c:\testbin\integrationtests\microsoft.visualstudio.web.editors.integrationtests.dll" id="eab99b7c-3d85-8e16-d66e-7f9382c82f20">
      <Owners>
        <Owner name="bhsubra" />
      </Owners>
      <Execution id="f2269e66-0389-4231-94c4-b4461d5b9f76" />
      <TestMethod codeBase="C:\TestBin\IntegrationTests\Microsoft.VisualStudio.Web.Editors.IntegrationTests.DLL" adapterTypeName="executor://parameterizedtestexecutor/v1" className="Microsoft.VisualStudio.Web.Editors.IntegrationTests.Html.Typing.TypingThroughTests" name="VSTest_TypingThrough_SingleQuotesInContent" />
    </UnitTest>
    <UnitTest name="VSTest_RazorV3Vb_FormatSelection" storage="c:\testbin\integrationtests\microsoft.visualstudio.web.editors.integrationtests.dll" id="809f355f-5895-7534-0498-99b0a912fc84">
      <Owners>
        <Owner name="bhsubra" />
      </Owners>
      <Execution id="a12abd72-6db5-4219-a678-6ae9039b103f" />
      <TestMethod codeBase="C:\TestBin\IntegrationTests\Microsoft.VisualStudio.Web.Editors.IntegrationTests.DLL" adapterTypeName="executor://parameterizedtestexecutor/v1" className="Microsoft.VisualStudio.Web.Editors.IntegrationTests.Razor.Formatting.VBFormattingTests" name="VSTest_RazorV3Vb_FormatSelection" />
    </UnitTest>
    <UnitTest name="VSTest_SnippetStyleAttribute" storage="c:\testbin\integrationtests\microsoft.visualstudio.web.editors.integrationtests.dll" id="7c467d36-5851-21c3-76b1-45025d80e709">
      <Owners>
        <Owner name="AlexGav" />
      </Owners>
      <Execution id="b30bf259-b1d0-41e1-b8fd-49124a4caf05" />
      <TestMethod codeBase="C:\TestBin\IntegrationTests\Microsoft.VisualStudio.Web.Editors.IntegrationTests.DLL" adapterTypeName="executor://parameterizedtestexecutor/v1" className="Microsoft.VisualStudio.Web.Editors.IntegrationTests.Html.SnippetTests" name="VSTest_SnippetStyleAttribute" />
    </UnitTest>
    <UnitTest name="VSTest_SmartIndentInJSInHTML" storage="c:\testbin\integrationtests\microsoft.visualstudio.web.editors.integrationtests.dll" id="c81350ad-995c-9355-33a3-8dd1c28bd829">
      <Owners>
        <Owner name="AlexGav" />
      </Owners>
      <Execution id="20ce3f2f-5423-4af0-b39c-5639a6744a1d" />
      <TestMethod codeBase="C:\TestBin\IntegrationTests\Microsoft.VisualStudio.Web.Editors.IntegrationTests.DLL" adapterTypeName="executor://parameterizedtestexecutor/v1" className="Microsoft.VisualStudio.Web.Editors.IntegrationTests.Html.SmartIndentTests" name="VSTest_SmartIndentInJSInHTML" />
    </UnitTest>
    <UnitTest name="VSTest_Razor_TagHelpers_Update_ViewImports_File" storage="c:\testbin\integrationtests\microsoft.visualstudio.web.editors.integrationtests.dll" id="4ddbfa68-4e08-f15f-7b97-7f38fe231be5">
      <Owners>
        <Owner name="ToddGrun" />
      </Owners>
      <Execution id="b5be18a8-7e98-4e0c-8770-78a2ebbc95d1" />
      <TestMethod codeBase="C:\TestBin\IntegrationTests\Microsoft.VisualStudio.Web.Editors.IntegrationTests.DLL" adapterTypeName="executor://parameterizedtestexecutor/v1" className="Microsoft.VisualStudio.Web.Editors.IntegrationTests.Razor.TagHelpers.RazorTagHelperTests" name="VSTest_Razor_TagHelpers_Update_ViewImports_File" />
    </UnitTest>
    <UnitTest name="VSTest_EditorConfig_FormatDocument" storage="c:\testbin\integrationtests\microsoft.visualstudio.web.editors.integrationtests.dll" id="d1fd61d9-d190-0061-e350-51e341513981">
      <Owners>
        <Owner name="ToddGrun" />
      </Owners>
      <Execution id="20739ae4-a601-4429-afd7-d8c3c5edd4fc" />
      <TestMethod codeBase="C:\TestBin\IntegrationTests\Microsoft.VisualStudio.Web.Editors.IntegrationTests.DLL" adapterTypeName="executor://parameterizedtestexecutor/v1" className="Microsoft.VisualStudio.Web.Editors.IntegrationTests.Common.EditorConfigTests" name="VSTest_EditorConfig_FormatDocument" />
    </UnitTest>
    <UnitTest name="VSTest_RazorV2SmokeTest" storage="c:\testbin\integrationtests\microsoft.visualstudio.web.editors.integrationtests.dll" id="4d7aedd6-3d5d-e197-7f31-6e18dddba379">
      <Owners>
        <Owner name="ToddGrun" />
      </Owners>
      <Execution id="a215844b-9017-45c1-b1ca-9df042c89d26" />
      <TestMethod codeBase="C:\TestBin\IntegrationTests\Microsoft.VisualStudio.Web.Editors.IntegrationTests.DLL" adapterTypeName="executor://parameterizedtestexecutor/v1" className="Microsoft.VisualStudio.Web.Editors.IntegrationTests.Razor.General.CSharpGeneralTests" name="VSTest_RazorV2SmokeTest" />
    </UnitTest>
    <UnitTest name="VSTest_Razor_Validate_MismatchQuoteValidation" storage="c:\testbin\integrationtests\microsoft.visualstudio.web.editors.integrationtests.dll" id="5e230123-b724-a4a4-55c8-dfe6a3d1f1ee">
      <Owners>
        <Owner name="ToddGrun" />
      </Owners>
      <Execution id="a27bbf84-4fd8-4b20-b4d3-fd18fe036e20" />
      <TestMethod codeBase="C:\TestBin\IntegrationTests\Microsoft.VisualStudio.Web.Editors.IntegrationTests.DLL" adapterTypeName="executor://parameterizedtestexecutor/v1" className="Microsoft.VisualStudio.Web.Editors.IntegrationTests.Razor.Validation.ValidationTests" name="VSTest_Razor_Validate_MismatchQuoteValidation" />
    </UnitTest>
    <UnitTest name="VSTest_RazorIntellisenseInCshtml" storage="c:\testbin\integrationtests\microsoft.visualstudio.web.editors.integrationtests.dll" id="ae31a4ee-0d6d-8443-a0c8-1d056bd8d962">
      <Owners>
        <Owner name="ToddGrun" />
      </Owners>
      <Execution id="728aaa5b-25e4-464f-bd2a-93a58f49c741" />
      <TestMethod codeBase="C:\TestBin\IntegrationTests\Microsoft.VisualStudio.Web.Editors.IntegrationTests.DLL" adapterTypeName="executor://parameterizedtestexecutor/v1" className="Microsoft.VisualStudio.Web.Editors.IntegrationTests.Razor.General.CSharpGeneralTests" name="VSTest_RazorIntellisenseInCshtml" />
    </UnitTest>
    <UnitTest name="VSTest_ScssTyping_MixinIntellisense" storage="c:\testbin\integrationtests\microsoft.visualstudio.web.editors.integrationtests.dll" id="fe43e74a-be9a-f9bb-e464-9c5bdf79df31">
      <Owners>
        <Owner name="YaLyu" />
      </Owners>
      <Execution id="bcee39a6-4ae5-4e06-b1e9-17c8a8b291e8" />
      <TestMethod codeBase="C:\TestBin\IntegrationTests\Microsoft.VisualStudio.Web.Editors.IntegrationTests.DLL" adapterTypeName="executor://parameterizedtestexecutor/v1" className="Microsoft.VisualStudio.Web.Editors.IntegrationTests.Scss.ScssCompletionTests" name="VSTest_ScssTyping_MixinIntellisense" />
    </UnitTest>
    <UnitTest name="VSTest_RazorPasteTextInCshtml" storage="c:\testbin\integrationtests\microsoft.visualstudio.web.editors.integrationtests.dll" id="96f4a70f-187a-9eab-9f1a-254e0439acb4">
      <Owners>
        <Owner name="ToddGrun" />
      </Owners>
      <Execution id="3cfac9b0-edbf-48fe-bd2d-acc7df48196e" />
      <TestMethod codeBase="C:\TestBin\IntegrationTests\Microsoft.VisualStudio.Web.Editors.IntegrationTests.DLL" adapterTypeName="executor://parameterizedtestexecutor/v1" className="Microsoft.VisualStudio.Web.Editors.IntegrationTests.Razor.General.CSharpGeneralTests" name="VSTest_RazorPasteTextInCshtml" />
    </UnitTest>
    <UnitTest name="VSTest_Script_EmptyBlock" storage="c:\testbin\integrationtests\microsoft.visualstudio.web.editors.integrationtests.dll" id="52875ada-1026-41de-0426-16c1dce63327">
      <Owners>
        <Owner name="AlexGav" />
      </Owners>
      <Execution id="65ba2535-f436-40c1-b4df-329caf149c93" />
      <TestMethod codeBase="C:\TestBin\IntegrationTests\Microsoft.VisualStudio.Web.Editors.IntegrationTests.DLL" adapterTypeName="executor://parameterizedtestexecutor/v1" className="Microsoft.VisualStudio.Web.Editors.IntegrationTests.Scripting.ScriptCompletionTests" name="VSTest_Script_EmptyBlock" />
    </UnitTest>
    <UnitTest name="VSTest_JSON_Schema_CatalogReload" storage="c:\testbin\integrationtests\microsoft.visualstudio.web.editors.integrationtests.dll" id="2039f644-6714-5c02-0c27-a3601a5d7bd6">
      <Owners>
        <Owner name="YaLyu" />
      </Owners>
      <Execution id="64b8dfda-1bb2-44d1-85e4-eaddb8b28052" />
      <TestMethod codeBase="C:\TestBin\IntegrationTests\Microsoft.VisualStudio.Web.Editors.IntegrationTests.DLL" adapterTypeName="executor://parameterizedtestexecutor/v1" className="Microsoft.VisualStudio.Web.Editors.IntegrationTests.JSON.Schema.Microsoft.VisualStudio.Web.Editors.IntegrationTests.JSON.Schema.SchemaCatalogTests" name="VSTest_JSON_Schema_CatalogReload" />
    </UnitTest>
    <UnitTest name="VSTest_TypingTags_Iframe_to_Link" storage="c:\testbin\integrationtests\microsoft.visualstudio.web.editors.integrationtests.dll" id="b9c98973-7b4f-e6c1-7696-f821043a1c5c">
      <Owners>
        <Owner name="ToddGrun" />
      </Owners>
      <Execution id="72f53a47-d8c8-4866-a9a1-8ac99eec60fa" />
      <TestMethod codeBase="C:\TestBin\IntegrationTests\Microsoft.VisualStudio.Web.Editors.IntegrationTests.DLL" adapterTypeName="executor://parameterizedtestexecutor/v1" className="Microsoft.VisualStudio.Web.Editors.IntegrationTests.Html.Typing.TypingTests" name="VSTest_TypingTags_Iframe_to_Link" />
    </UnitTest>
    <UnitTest name="VSTest_CssValidation_DetectInvalidVendorPrefixes_On" storage="c:\testbin\integrationtests\microsoft.visualstudio.web.editors.integrationtests.dll" id="8b4df242-9fd1-ff2e-5ae3-309f3521b64e">
      <Owners>
        <Owner name="YaLyu" />
      </Owners>
      <Execution id="410637a2-843e-4fb9-a67a-1fd462cbc4dd" />
      <TestMethod codeBase="C:\TestBin\IntegrationTests\Microsoft.VisualStudio.Web.Editors.IntegrationTests.DLL" adapterTypeName="executor://parameterizedtestexecutor/v1" className="Microsoft.VisualStudio.Web.Editors.IntegrationTests.Css.CssValidationTests" name="VSTest_CssValidation_DetectInvalidVendorPrefixes_On" />
    </UnitTest>
    <UnitTest name="VSTest_RazorV4Cs_FormatOnPaste_ForContainedLanguages" storage="c:\testbin\integrationtests\microsoft.visualstudio.web.editors.integrationtests.dll" id="a5cee008-7b3d-0cfe-ab94-71c6430d5a06">
      <Owners>
        <Owner name="bhsubra" />
      </Owners>
      <Execution id="c3fe3e07-0c5e-46d6-bc3a-fcaaf9bde855" />
      <TestMethod codeBase="C:\TestBin\IntegrationTests\Microsoft.VisualStudio.Web.Editors.IntegrationTests.DLL" adapterTypeName="executor://parameterizedtestexecutor/v1" className="Microsoft.VisualStudio.Web.Editors.IntegrationTests.Razor.Formatting.CSharpFormattingTests" name="VSTest_RazorV4Cs_FormatOnPaste_ForContainedLanguages" />
    </UnitTest>
    <UnitTest name="VSTest_DumpCommentSelectionCshtmlResults" storage="c:\testbin\integrationtests\microsoft.visualstudio.web.editors.integrationtests.dll" id="cf7441d4-8f80-e51c-85f4-d799678cbfc4">
      <Owners>
        <Owner name="AlexGav" />
      </Owners>
      <Execution id="0c45d6e5-d18b-4b8b-96f6-454fa1067f3c" />
      <TestMethod codeBase="C:\TestBin\IntegrationTests\Microsoft.VisualStudio.Web.Editors.IntegrationTests.DLL" adapterTypeName="executor://parameterizedtestexecutor/v1" className="Microsoft.VisualStudio.Web.Editors.IntegrationTests.Html.CommentSelectionTests" name="VSTest_DumpCommentSelectionCshtmlResults" />
    </UnitTest>
    <UnitTest name="VSTest_Classification_HtmlSyntax" storage="c:\testbin\integrationtests\microsoft.visualstudio.web.editors.integrationtests.dll" id="852eb3b5-f025-4191-05e4-ebc948985964">
      <Owners>
        <Owner name="ToddGrun" />
      </Owners>
      <Execution id="b869e138-2500-431c-bd19-3336ac8bd506" />
      <TestMethod codeBase="C:\TestBin\IntegrationTests\Microsoft.VisualStudio.Web.Editors.IntegrationTests.DLL" adapterTypeName="executor://parameterizedtestexecutor/v1" className="Microsoft.VisualStudio.Web.Editors.IntegrationTests.Html.ClassificationTests" name="VSTest_Classification_HtmlSyntax" />
    </UnitTest>
    <UnitTest name="VSTest_JSON_SchemaValidation_ClearErrorListWhenDeletionFixesIssue" storage="c:\testbin\integrationtests\microsoft.visualstudio.web.editors.integrationtests.dll" id="fed22d6d-791e-cf51-bbf2-770aa78a67a6">
      <Owners>
        <Owner name="YaLyu" />
      </Owners>
      <Execution id="2d546f08-8083-4986-937c-4f9b69913a05" />
      <TestMethod codeBase="C:\TestBin\IntegrationTests\Microsoft.VisualStudio.Web.Editors.IntegrationTests.DLL" adapterTypeName="executor://parameterizedtestexecutor/v1" className="Microsoft.VisualStudio.Web.Editors.IntegrationTests.JSON.SchemaValidation" name="VSTest_JSON_SchemaValidation_ClearErrorListWhenDeletionFixesIssue" />
    </UnitTest>
    <UnitTest name="VSTest_RazorDeleteArtifactInsideComment" storage="c:\testbin\integrationtests\microsoft.visualstudio.web.editors.integrationtests.dll" id="e18a8c7e-a67e-80ac-04fd-530a1b0436e7">
      <Owners>
        <Owner name="ToddGrun" />
      </Owners>
      <Execution id="fecee761-972e-432c-9a2c-7883158ff953" />
      <TestMethod codeBase="C:\TestBin\IntegrationTests\Microsoft.VisualStudio.Web.Editors.IntegrationTests.DLL" adapterTypeName="executor://parameterizedtestexecutor/v1" className="Microsoft.VisualStudio.Web.Editors.IntegrationTests.Razor.General.CSharpGeneralTests" name="VSTest_RazorDeleteArtifactInsideComment" />
    </UnitTest>
    <UnitTest name="VSTest_Generate_Page_Load_Event_VB" storage="c:\testbin\integrationtests\microsoft.visualstudio.web.editors.integrationtests.dll" id="f60faaa0-81ca-1ac3-6b26-35cb114fcb5a">
      <Owners>
        <Owner name="bhsubra" />
      </Owners>
      <Execution id="4912420f-deed-454f-921b-3b1006fe68a5" />
      <TestMethod codeBase="C:\TestBin\IntegrationTests\Microsoft.VisualStudio.Web.Editors.IntegrationTests.DLL" adapterTypeName="executor://parameterizedtestexecutor/v1" className="Microsoft.VisualStudio.Web.Editors.IntegrationTests.WebForm.GenerateEventTests" name="VSTest_Generate_Page_Load_Event_VB" />
    </UnitTest>
    <UnitTest name="VSTest_CssFormatSampleCss_SemiExpanded" storage="c:\testbin\integrationtests\microsoft.visualstudio.web.editors.integrationtests.dll" id="d08a3375-765b-b9fe-3bf4-0a0c66061fbc">
      <Owners>
        <Owner name="YaLyu" />
      </Owners>
      <Execution id="bc246225-b955-49c5-92b3-15806e971b03" />
      <TestMethod codeBase="C:\TestBin\IntegrationTests\Microsoft.VisualStudio.Web.Editors.IntegrationTests.DLL" adapterTypeName="executor://parameterizedtestexecutor/v1" className="Microsoft.VisualStudio.Web.Editors.IntegrationTests.Css.CssFormatTests" name="VSTest_CssFormatSampleCss_SemiExpanded" />
    </UnitTest>
    <UnitTest name="VSTest_RazorV4CsFormatSelection" storage="c:\testbin\integrationtests\microsoft.visualstudio.web.editors.integrationtests.dll" id="7e273fc3-fdbb-91a4-94c4-7571b43fb77e">
      <Owners>
        <Owner name="ToddGrun" />
      </Owners>
      <Execution id="c53512d9-3c25-44a9-a0d6-9ab25b1c2709" />
      <TestMethod codeBase="C:\TestBin\IntegrationTests\Microsoft.VisualStudio.Web.Editors.IntegrationTests.DLL" adapterTypeName="executor://parameterizedtestexecutor/v1" className="Microsoft.VisualStudio.Web.Editors.IntegrationTests.Razor.Formatting.CSharpFormattingTests" name="VSTest_RazorV4CsFormatSelection" />
    </UnitTest>
    <UnitTest name="VSTest_RazorV3Vb_Typing" storage="c:\testbin\integrationtests\microsoft.visualstudio.web.editors.integrationtests.dll" id="5e3144da-79f0-a807-f33a-e85345966fd9">
      <Owners>
        <Owner name="bhsubra" />
      </Owners>
      <Execution id="5e796e3e-0d70-4302-8f85-2e6dbf817dfa" />
      <TestMethod codeBase="C:\TestBin\IntegrationTests\Microsoft.VisualStudio.Web.Editors.IntegrationTests.DLL" adapterTypeName="executor://parameterizedtestexecutor/v1" className="Microsoft.VisualStudio.Web.Editors.IntegrationTests.Razor.Typing.RazorTypingTests" name="VSTest_RazorV3Vb_Typing" />
    </UnitTest>
    <UnitTest name="VSTest_RazorCsFormatArtifactsAfterPartialParse" storage="c:\testbin\integrationtests\microsoft.visualstudio.web.editors.integrationtests.dll" id="5a35e6f5-cb55-45a7-2a12-f79ea256af6b">
      <Owners>
        <Owner name="ToddGrun" />
      </Owners>
      <Execution id="1121d4e0-d832-4e83-b571-7d3914a53974" />
      <TestMethod codeBase="C:\TestBin\IntegrationTests\Microsoft.VisualStudio.Web.Editors.IntegrationTests.DLL" adapterTypeName="executor://parameterizedtestexecutor/v1" className="Microsoft.VisualStudio.Web.Editors.IntegrationTests.Razor.Formatting.CSharpFormattingTests" name="VSTest_RazorCsFormatArtifactsAfterPartialParse" />
    </UnitTest>
    <UnitTest name="VSTest_SaveAs_StartWithHtml" storage="c:\testbin\integrationtests\microsoft.visualstudio.web.editors.integrationtests.dll" id="68b3ce0d-94c6-3486-e853-c4ec64b94491">
      <Owners>
        <Owner name="ToddGrun" />
      </Owners>
      <Execution id="a0c8cffc-26b8-42ae-bc9a-2b6315b51985" />
      <TestMethod codeBase="C:\TestBin\IntegrationTests\Microsoft.VisualStudio.Web.Editors.IntegrationTests.DLL" adapterTypeName="executor://parameterizedtestexecutor/v1" className="Microsoft.VisualStudio.Web.Editors.IntegrationTests.Html.SaveAsTests" name="VSTest_SaveAs_StartWithHtml" />
    </UnitTest>
    <UnitTest name="VSTest_Validate_RemoveEndCommentValidation" storage="c:\testbin\integrationtests\microsoft.visualstudio.web.editors.integrationtests.dll" id="1842483a-ffd4-7f2d-f66d-844d6ab33b06">
      <Owners>
        <Owner name="bhsubra" />
      </Owners>
      <Execution id="23a6384e-c017-4a19-8ff0-8eb2aa83eecd" />
      <TestMethod codeBase="C:\TestBin\IntegrationTests\Microsoft.VisualStudio.Web.Editors.IntegrationTests.DLL" adapterTypeName="executor://parameterizedtestexecutor/v1" className="Microsoft.VisualStudio.Web.Editors.IntegrationTests.Html.ValidationTests" name="VSTest_Validate_RemoveEndCommentValidation" />
    </UnitTest>
    <UnitTest name="VSTest_Completion_Url_AppRel_In_Cshtml" storage="c:\testbin\integrationtests\microsoft.visualstudio.web.editors.integrationtests.dll" id="8dfdda55-04ed-dfa5-c2cd-90421aaa0283">
      <Owners>
        <Owner name="ToddGrun" />
      </Owners>
      <Execution id="e0678603-e382-479f-bf16-40dde81780fd" />
      <TestMethod codeBase="C:\TestBin\IntegrationTests\Microsoft.VisualStudio.Web.Editors.IntegrationTests.DLL" adapterTypeName="executor://parameterizedtestexecutor/v1" className="Microsoft.VisualStudio.Web.Editors.IntegrationTests.Html.CompletionTests" name="VSTest_Completion_Url_AppRel_In_Cshtml" />
    </UnitTest>
    <UnitTest name="VSTest_Css_DiffViewer (SideBySide)" storage="c:\testbin\integrationtests\microsoft.visualstudio.web.editors.integrationtests.dll" id="e819bbbf-84b6-0008-dd30-54db94658ce4">
      <Owners>
        <Owner name="YaLyu" />
      </Owners>
      <Execution id="93562adf-3f35-45e4-a2c2-eee9b4554a86" />
      <TestMethod codeBase="C:\TestBin\IntegrationTests\Microsoft.VisualStudio.Web.Editors.IntegrationTests.DLL" adapterTypeName="executor://parameterizedtestexecutor/v1" className="Microsoft.VisualStudio.Web.Editors.IntegrationTests.Css.CssDiffTests" name="VSTest_Css_DiffViewer (SideBySide)" />
    </UnitTest>
    <UnitTest name="VSTest_Completion_In_Binding_After_Change" storage="c:\testbin\integrationtests\microsoft.visualstudio.web.editors.integrationtests.dll" id="0ed74eb2-0027-0aa4-253a-4b5234fe5e48">
      <Owners>
        <Owner name="bhsubra" />
      </Owners>
      <Execution id="00f39e51-952c-46f6-93c6-5860918b3268" />
      <TestMethod codeBase="C:\TestBin\IntegrationTests\Microsoft.VisualStudio.Web.Editors.IntegrationTests.DLL" adapterTypeName="executor://parameterizedtestexecutor/v1" className="Microsoft.VisualStudio.Web.Editors.IntegrationTests.Html.ItemTypeTests" name="VSTest_Completion_In_Binding_After_Change" />
    </UnitTest>
    <UnitTest name="VSTest_JSON_PasteObjectLiteral_MemberValue" storage="c:\testbin\integrationtests\microsoft.visualstudio.web.editors.integrationtests.dll" id="8c0b0923-7c89-fb79-4fd5-d8a23ec81528">
      <Owners>
        <Owner name="YaLyu" />
      </Owners>
      <Execution id="b57cbd13-2aa5-4cd2-8a67-0041cde16d3c" />
      <TestMethod codeBase="C:\TestBin\IntegrationTests\Microsoft.VisualStudio.Web.Editors.IntegrationTests.DLL" adapterTypeName="executor://parameterizedtestexecutor/v1" className="Microsoft.VisualStudio.Web.Editors.IntegrationTests.JSON.PasteJavascriptObjectLiteralAsJSONTests" name="VSTest_JSON_PasteObjectLiteral_MemberValue" />
    </UnitTest>
    <UnitTest name="VSTest_Generate_Page_Load_Event_Code_Behind_CS" storage="c:\testbin\integrationtests\microsoft.visualstudio.web.editors.integrationtests.dll" id="97b66cab-e638-f353-72be-9e34850dcde9">
      <Owners>
        <Owner name="bhsubra" />
      </Owners>
      <Execution id="186218f9-ff8a-47d5-8397-bbc5c2388262" />
      <TestMethod codeBase="C:\TestBin\IntegrationTests\Microsoft.VisualStudio.Web.Editors.IntegrationTests.DLL" adapterTypeName="executor://parameterizedtestexecutor/v1" className="Microsoft.VisualStudio.Web.Editors.IntegrationTests.WebForm.GenerateEventTests" name="VSTest_Generate_Page_Load_Event_Code_Behind_CS" />
    </UnitTest>
    <UnitTest name="VSTest_JSON_GotoCommandTests" storage="c:\testbin\integrationtests\microsoft.visualstudio.web.editors.integrationtests.dll" id="07aa11d2-13b2-aba5-340b-754493f54a8a">
      <Owners>
        <Owner name="YaLyu" />
      </Owners>
      <Execution id="a926f6a7-c8d2-4423-912e-4428667464c0" />
      <TestMethod codeBase="C:\TestBin\IntegrationTests\Microsoft.VisualStudio.Web.Editors.IntegrationTests.DLL" adapterTypeName="executor://parameterizedtestexecutor/v1" className="Microsoft.VisualStudio.Web.Editors.IntegrationTests.JSON.Commands.GoToCommandTests" name="VSTest_JSON_GotoCommandTests" />
    </UnitTest>
    <UnitTest name="VSTest_Validate_Html5InvalidImplicitRoot" storage="c:\testbin\integrationtests\microsoft.visualstudio.web.editors.integrationtests.dll" id="62351a6f-8bf9-851f-4afe-dae398652157">
      <Owners>
        <Owner name="bhsubra" />
      </Owners>
      <Execution id="d461731c-0bbf-4f4c-be72-7f215fd1a544" />
      <TestMethod codeBase="C:\TestBin\IntegrationTests\Microsoft.VisualStudio.Web.Editors.IntegrationTests.DLL" adapterTypeName="executor://parameterizedtestexecutor/v1" className="Microsoft.VisualStudio.Web.Editors.IntegrationTests.Html.ValidationTests" name="VSTest_Validate_Html5InvalidImplicitRoot" />
    </UnitTest>
    <UnitTest name="VSTest_KnockoutJS_EndToEnd_Aspx" storage="c:\testbin\integrationtests\microsoft.visualstudio.web.editors.integrationtests.dll" id="933f5889-4222-4b45-6b90-15a00aa5615c">
      <Owners>
        <Owner name="AlexGav" />
      </Owners>
      <Execution id="73acf02e-0703-4bb6-a041-290354f78b00" />
      <TestMethod codeBase="C:\TestBin\IntegrationTests\Microsoft.VisualStudio.Web.Editors.IntegrationTests.DLL" adapterTypeName="executor://parameterizedtestexecutor/v1" className="Microsoft.VisualStudio.JavaScript.Web.Extensions.Test.IntegrationTests.Scripting.KnockoutJSTests" name="VSTest_KnockoutJS_EndToEnd_Aspx" />
    </UnitTest>
    <UnitTest name="VSTest_LessCompletion_AllowedImportFileExtension" storage="c:\testbin\integrationtests\microsoft.visualstudio.web.editors.integrationtests.dll" id="423918f4-0b31-04a1-8412-6a076cc4b0ce">
      <Owners>
        <Owner name="YaLyu" />
      </Owners>
      <Execution id="5f75ea91-42f0-4fb3-b50e-bef2c57f345b" />
      <TestMethod codeBase="C:\TestBin\IntegrationTests\Microsoft.VisualStudio.Web.Editors.IntegrationTests.DLL" adapterTypeName="executor://parameterizedtestexecutor/v1" className="Microsoft.VisualStudio.Web.Editors.IntegrationTests.Less.LessCompletionTests" name="VSTest_LessCompletion_AllowedImportFileExtension" />
    </UnitTest>
    <UnitTest name="VSTest_Validate_Webforms_Basic_Validation" storage="c:\testbin\integrationtests\microsoft.visualstudio.web.editors.integrationtests.dll" id="08130ff7-ba46-e332-d25e-b29eab1afac0">
      <Owners>
        <Owner name="bhsubra" />
      </Owners>
      <Execution id="8e144cdc-1d70-4377-a4cd-3da3a3c87683" />
      <TestMethod codeBase="C:\TestBin\IntegrationTests\Microsoft.VisualStudio.Web.Editors.IntegrationTests.DLL" adapterTypeName="executor://parameterizedtestexecutor/v1" className="Microsoft.VisualStudio.Web.Editors.IntegrationTests.WebForm.ValidationTests" name="VSTest_Validate_Webforms_Basic_Validation" />
    </UnitTest>
    <UnitTest name="VSTest_Completion_TypeRazorCode" storage="c:\testbin\integrationtests\microsoft.visualstudio.web.editors.integrationtests.dll" id="f1a082a2-2fe1-9ef7-988e-87d4dd92fc1c">
      <Owners>
        <Owner name="ToddGrun" />
      </Owners>
      <Execution id="0fd038d2-e703-4f13-808b-8647cf2966f1" />
      <TestMethod codeBase="C:\TestBin\IntegrationTests\Microsoft.VisualStudio.Web.Editors.IntegrationTests.DLL" adapterTypeName="executor://parameterizedtestexecutor/v1" className="Microsoft.VisualStudio.Web.Editors.IntegrationTests.Razor.Completion.CompletionTests" name="VSTest_Completion_TypeRazorCode" />
    </UnitTest>
    <UnitTest name="VSTest_JSON_VerifyKnownFileSchemaAssociations (webs\misc\JSON\KnownSchemas\bower.json, http://json.schemastore.org/bower)" storage="c:\testbin\integrationtests\microsoft.visualstudio.web.editors.integrationtests.dll" id="b1f9c5e5-1c27-771f-718d-f2bf3dcd0626">
      <Owners>
        <Owner name="YaLyu" />
      </Owners>
      <Execution id="ba27b252-bbb9-47bc-9e04-65f14c170131" />
      <TestMethod codeBase="C:\TestBin\IntegrationTests\Microsoft.VisualStudio.Web.Editors.IntegrationTests.DLL" adapterTypeName="executor://parameterizedtestexecutor/v1" className="Microsoft.VisualStudio.Web.Editors.IntegrationTests.JSON.Schema.KnownSchemaAssociationTests.VSTest_JSON_VerifyKnownFileSchemaAssociations (webs\misc\JSON\KnownSchemas\bower.json, http://json.schemastore" name="VSTest_JSON_VerifyKnownFileSchemaAssociations (webs\misc\JSON\KnownSchemas\bower.json, http://json.schemastore.org/bower)" />
    </UnitTest>
    <UnitTest name="VSTest_JSON_BlockComments" storage="c:\testbin\integrationtests\microsoft.visualstudio.web.editors.integrationtests.dll" id="28ac7600-99b7-f902-3c85-280a17b07c29">
      <Owners>
        <Owner name="YaLyu" />
      </Owners>
      <Execution id="434c4940-4e8e-4c30-a74c-023dfe2ad112" />
      <TestMethod codeBase="C:\TestBin\IntegrationTests\Microsoft.VisualStudio.Web.Editors.IntegrationTests.DLL" adapterTypeName="executor://parameterizedtestexecutor/v1" className="Microsoft.VisualStudio.Web.Editors.IntegrationTests.JSON.JSONOutliningTests" name="VSTest_JSON_BlockComments" />
    </UnitTest>
    <UnitTest name="VSTest_NonTypeThrough_CSS" storage="c:\testbin\integrationtests\microsoft.visualstudio.web.editors.integrationtests.dll" id="bec286c8-18d5-73b7-85c6-522f9e5facc0">
      <Owners>
        <Owner name="YaLyu" />
      </Owners>
      <Execution id="578c4ed9-c2f1-4a99-ab45-dbcf2e293454" />
      <TestMethod codeBase="C:\TestBin\IntegrationTests\Microsoft.VisualStudio.Web.Editors.IntegrationTests.DLL" adapterTypeName="executor://parameterizedtestexecutor/v1" className="Microsoft.VisualStudio.Web.Editors.IntegrationTests.Html.Typing.TypingThroughTests" name="VSTest_NonTypeThrough_CSS" />
    </UnitTest>
    <UnitTest name="VSTest_Completion_Url_TypeInHtml_In_WAP" storage="c:\testbin\integrationtests\microsoft.visualstudio.web.editors.integrationtests.dll" id="69db9669-98fe-694a-2ced-567768a2e304">
      <Owners>
        <Owner name="ToddGrun" />
      </Owners>
      <Execution id="bca2a020-1fc1-497f-b3c5-0e6a2725b955" />
      <TestMethod codeBase="C:\TestBin\IntegrationTests\Microsoft.VisualStudio.Web.Editors.IntegrationTests.DLL" adapterTypeName="executor://parameterizedtestexecutor/v1" className="Microsoft.VisualStudio.Web.Editors.IntegrationTests.Html.CompletionTests" name="VSTest_Completion_Url_TypeInHtml_In_WAP" />
    </UnitTest>
    <UnitTest name="VSTest_JSON_PasteObjectLiteral_ObjectMember" storage="c:\testbin\integrationtests\microsoft.visualstudio.web.editors.integrationtests.dll" id="62675386-aeac-51ad-3964-c697e6c885e2">
      <Owners>
        <Owner name="YaLyu" />
      </Owners>
      <Execution id="25eb6813-7e69-494c-9f24-57277224a75a" />
      <TestMethod codeBase="C:\TestBin\IntegrationTests\Microsoft.VisualStudio.Web.Editors.IntegrationTests.DLL" adapterTypeName="executor://parameterizedtestexecutor/v1" className="Microsoft.VisualStudio.Web.Editors.IntegrationTests.JSON.PasteJavascriptObjectLiteralAsJSONTests" name="VSTest_JSON_PasteObjectLiteral_ObjectMember" />
    </UnitTest>
    <UnitTest name="VSTest_CSS_CommentSelection" storage="c:\testbin\integrationtests\microsoft.visualstudio.web.editors.integrationtests.dll" id="29fd1899-3c30-68e6-0122-8ed4d2f4f4e9">
      <Owners>
        <Owner name="YaLyu" />
      </Owners>
      <Execution id="32f07cc5-ad36-4e31-8b57-611d76620d08" />
      <TestMethod codeBase="C:\TestBin\IntegrationTests\Microsoft.VisualStudio.Web.Editors.IntegrationTests.DLL" adapterTypeName="executor://parameterizedtestexecutor/v1" className="Microsoft.VisualStudio.Web.Editors.IntegrationTests.Css.CssCommentTests" name="VSTest_CSS_CommentSelection" />
    </UnitTest>
    <UnitTest name="VSTest_JSON_Completion_WithSchema_PropertyName" storage="c:\testbin\integrationtests\microsoft.visualstudio.web.editors.integrationtests.dll" id="1f602878-ce40-c0f7-6315-1fc58dd4ce31">
      <Owners>
        <Owner name="YaLyu" />
      </Owners>
      <Execution id="ccd7c3e9-83a5-499a-9235-5e3ae1cd8642" />
      <TestMethod codeBase="C:\TestBin\IntegrationTests\Microsoft.VisualStudio.Web.Editors.IntegrationTests.DLL" adapterTypeName="executor://parameterizedtestexecutor/v1" className="Microsoft.VisualStudio.Web.Editors.IntegrationTests.JSON.Completion.CompletionTests" name="VSTest_JSON_Completion_WithSchema_PropertyName" />
    </UnitTest>
    <UnitTest name="VSTest_HtmlOutlining_CollapseTag" storage="c:\testbin\integrationtests\microsoft.visualstudio.web.editors.integrationtests.dll" id="948cffe5-5efa-3726-86aa-96fae4639b92">
      <Owners>
        <Owner name="ToddGrun" />
      </Owners>
      <Execution id="0bf382ef-3291-4bc5-91f1-577c56bdb065" />
      <TestMethod codeBase="C:\TestBin\IntegrationTests\Microsoft.VisualStudio.Web.Editors.IntegrationTests.DLL" adapterTypeName="executor://parameterizedtestexecutor/v1" className="Microsoft.VisualStudio.Web.Editors.IntegrationTests.Html.HtmlOutliningTests" name="VSTest_HtmlOutlining_CollapseTag" />
    </UnitTest>
    <UnitTest name="VSTest_SCSS_FormatOnPaste" storage="c:\testbin\integrationtests\microsoft.visualstudio.web.editors.integrationtests.dll" id="807e96db-c26b-1263-0c83-8a9f00de0cf8">
      <Owners>
        <Owner name="YaLyu" />
      </Owners>
      <Execution id="74947bff-f3c5-499e-81cf-5e1a4ba8ca0e" />
      <TestMethod codeBase="C:\TestBin\IntegrationTests\Microsoft.VisualStudio.Web.Editors.IntegrationTests.DLL" adapterTypeName="executor://parameterizedtestexecutor/v1" className="Microsoft.VisualStudio.Web.Editors.IntegrationTests.Scss.ScssFormatOnPasteTests" name="VSTest_SCSS_FormatOnPaste" />
    </UnitTest>
    <UnitTest name="VSTest_RazorV4TypeInCS" storage="c:\testbin\integrationtests\microsoft.visualstudio.web.editors.integrationtests.dll" id="fc119e83-89a9-199f-0b3f-c3ecdc7ff2cd">
      <Owners>
        <Owner name="ToddGrun" />
      </Owners>
      <Execution id="b6770677-b3bc-4ad9-a902-294cdef2bffb" />
      <TestMethod codeBase="C:\TestBin\IntegrationTests\Microsoft.VisualStudio.Web.Editors.IntegrationTests.DLL" adapterTypeName="executor://parameterizedtestexecutor/v1" className="Microsoft.VisualStudio.Web.Editors.IntegrationTests.Razor.General.CSharpGeneralTests" name="VSTest_RazorV4TypeInCS" />
    </UnitTest>
    <UnitTest name="VSTest_FormatSelection" storage="c:\testbin\integrationtests\microsoft.visualstudio.web.editors.integrationtests.dll" id="46efe7b3-2989-230c-c187-15288e2904c9">
      <Owners>
        <Owner name="ToddGrun" />
      </Owners>
      <Execution id="702ea68e-d7b2-49b8-ae44-33c79aa39499" />
      <TestMethod codeBase="C:\TestBin\IntegrationTests\Microsoft.VisualStudio.Web.Editors.IntegrationTests.DLL" adapterTypeName="executor://parameterizedtestexecutor/v1" className="Microsoft.VisualStudio.Web.Editors.IntegrationTests.Html.Format.FormatTests" name="VSTest_FormatSelection" />
    </UnitTest>
    <UnitTest name="VSTest_DebugSetBreakpointsInHtmlJSBlocks" storage="c:\testbin\integrationtests\microsoft.visualstudio.web.editors.integrationtests.dll" id="f8dae0fc-ef61-d7aa-ecf6-13d7b833817c">
      <Owners>
        <Owner name="AlexGav" />
      </Owners>
      <Execution id="c2589459-6855-4795-8907-d6fbaac050bc" />
      <TestMethod codeBase="C:\TestBin\IntegrationTests\Microsoft.VisualStudio.Web.Editors.IntegrationTests.DLL" adapterTypeName="executor://parameterizedtestexecutor/v1" className="Microsoft.VisualStudio.Web.Editors.IntegrationTests.Html.DebugTests" name="VSTest_DebugSetBreakpointsInHtmlJSBlocks" />
    </UnitTest>
    <UnitTest name="VSTest_RazorV3CsFormattingTest" storage="c:\testbin\integrationtests\microsoft.visualstudio.web.editors.integrationtests.dll" id="7eab7b0d-11d1-5214-eb35-a31a52f74827">
      <Owners>
        <Owner name="bhsubra" />
      </Owners>
      <Execution id="1aa403b0-57fa-4059-af08-cef6922220b6" />
      <TestMethod codeBase="C:\TestBin\IntegrationTests\Microsoft.VisualStudio.Web.Editors.IntegrationTests.DLL" adapterTypeName="executor://parameterizedtestexecutor/v1" className="Microsoft.VisualStudio.Web.Editors.IntegrationTests.Razor.Formatting.CSharpFormattingTests" name="VSTest_RazorV3CsFormattingTest" />
    </UnitTest>
    <UnitTest name="VSTest_Razor_TagHelpers_Completion" storage="c:\testbin\integrationtests\microsoft.visualstudio.web.editors.integrationtests.dll" id="c85faceb-1534-8e53-f429-56a3c05a988a">
      <Owners>
        <Owner name="ToddGrun" />
      </Owners>
      <Execution id="6342b949-df03-4a74-9c2f-94af6a89f39d" />
      <TestMethod codeBase="C:\TestBin\IntegrationTests\Microsoft.VisualStudio.Web.Editors.IntegrationTests.DLL" adapterTypeName="executor://parameterizedtestexecutor/v1" className="Microsoft.VisualStudio.Web.Editors.IntegrationTests.Razor.TagHelpers.RazorTagHelperTests" name="VSTest_Razor_TagHelpers_Completion" />
    </UnitTest>
    <UnitTest name="VSTest_SmartIndentInCSharpRazorV4InSection" storage="c:\testbin\integrationtests\microsoft.visualstudio.web.editors.integrationtests.dll" id="ad7cc112-1635-ff14-bb3b-bf754414dd16">
      <Owners>
        <Owner name="ToddGrun" />
      </Owners>
      <Execution id="f3e05a02-6899-44c8-9331-15c6157a24c1" />
      <TestMethod codeBase="C:\TestBin\IntegrationTests\Microsoft.VisualStudio.Web.Editors.IntegrationTests.DLL" adapterTypeName="executor://parameterizedtestexecutor/v1" className="Microsoft.VisualStudio.Web.Editors.IntegrationTests.Razor.SmartIndent.SmartIndentTests" name="VSTest_SmartIndentInCSharpRazorV4InSection" />
    </UnitTest>
    <UnitTest name="VSTest_SmartIndentInLessWithBlockIndent" storage="c:\testbin\integrationtests\microsoft.visualstudio.web.editors.integrationtests.dll" id="088d2783-584d-22b3-6d2c-728d9b90b590">
      <Owners>
        <Owner name="YaLyu" />
      </Owners>
      <Execution id="6ae28938-a315-4fe2-b0b8-35edb2dc0c7c" />
      <TestMethod codeBase="C:\TestBin\IntegrationTests\Microsoft.VisualStudio.Web.Editors.IntegrationTests.DLL" adapterTypeName="executor://parameterizedtestexecutor/v1" className="Microsoft.VisualStudio.Web.Editors.IntegrationTests.Html.SmartIndentTests" name="VSTest_SmartIndentInLessWithBlockIndent" />
    </UnitTest>
    <UnitTest name="VSTest_Css_DiffViewer (Inline)" storage="c:\testbin\integrationtests\microsoft.visualstudio.web.editors.integrationtests.dll" id="e8bcd81f-adf4-8db6-d019-fbe1fc9d76ff">
      <Owners>
        <Owner name="YaLyu" />
      </Owners>
      <Execution id="c1ad5ff7-7b49-498c-b247-c94c80603731" />
      <TestMethod codeBase="C:\TestBin\IntegrationTests\Microsoft.VisualStudio.Web.Editors.IntegrationTests.DLL" adapterTypeName="executor://parameterizedtestexecutor/v1" className="Microsoft.VisualStudio.Web.Editors.IntegrationTests.Css.CssDiffTests" name="VSTest_Css_DiffViewer (Inline)" />
    </UnitTest>
    <UnitTest name="VSTest_Classification_MustacheSyntax" storage="c:\testbin\integrationtests\microsoft.visualstudio.web.editors.integrationtests.dll" id="71c0c823-843c-bc76-5745-b0b09dd4e31d">
      <Owners>
        <Owner name="ToddGrun" />
      </Owners>
      <Execution id="08340f9b-a4cd-4332-becd-c6e08bdfec2c" />
      <TestMethod codeBase="C:\TestBin\IntegrationTests\Microsoft.VisualStudio.Web.Editors.IntegrationTests.DLL" adapterTypeName="executor://parameterizedtestexecutor/v1" className="Microsoft.VisualStudio.Web.Editors.IntegrationTests.Html.ClassificationTests" name="VSTest_Classification_MustacheSyntax" />
    </UnitTest>
    <UnitTest name="VSTest_RazorV4PasteIndentedAtIfInCshtml" storage="c:\testbin\integrationtests\microsoft.visualstudio.web.editors.integrationtests.dll" id="228baf00-84ae-ee61-3de1-ceed556f9e34">
      <Owners>
        <Owner name="ToddGrun" />
      </Owners>
      <Execution id="469dc270-a892-4fe0-aa25-96a7d119c1fd" />
      <TestMethod codeBase="C:\TestBin\IntegrationTests\Microsoft.VisualStudio.Web.Editors.IntegrationTests.DLL" adapterTypeName="executor://parameterizedtestexecutor/v1" className="Microsoft.VisualStudio.Web.Editors.IntegrationTests.Razor.General.CSharpGeneralTests" name="VSTest_RazorV4PasteIndentedAtIfInCshtml" />
    </UnitTest>
    <UnitTest name="VSTest_SmartIndentInCSharpInRazorV4" storage="c:\testbin\integrationtests\microsoft.visualstudio.web.editors.integrationtests.dll" id="ce8c3e9e-3c4f-8bb2-d196-40ccabeb3994">
      <Owners>
        <Owner name="ToddGrun" />
      </Owners>
      <Execution id="4cb5b810-9130-442a-8c8a-7e788214f35e" />
      <TestMethod codeBase="C:\TestBin\IntegrationTests\Microsoft.VisualStudio.Web.Editors.IntegrationTests.DLL" adapterTypeName="executor://parameterizedtestexecutor/v1" className="Microsoft.VisualStudio.Web.Editors.IntegrationTests.Razor.SmartIndent.SmartIndentTests" name="VSTest_SmartIndentInCSharpInRazorV4" />
    </UnitTest>
    <UnitTest name="VSTest_CSS_SmartIndentInCSS" storage="c:\testbin\integrationtests\microsoft.visualstudio.web.editors.integrationtests.dll" id="12fd2202-9883-dd64-3c71-f3a891cc9bd4">
      <Owners>
        <Owner name="YaLyu" />
      </Owners>
      <Execution id="ad6920a1-a793-4e47-880f-f106d7009288" />
      <TestMethod codeBase="C:\TestBin\IntegrationTests\Microsoft.VisualStudio.Web.Editors.IntegrationTests.DLL" adapterTypeName="executor://parameterizedtestexecutor/v1" className="Microsoft.VisualStudio.Web.Editors.IntegrationTests.Css.CssSmartIndentTests" name="VSTest_CSS_SmartIndentInCSS" />
    </UnitTest>
    <UnitTest name="VSTest_Disable_Lightbulb_For_SVG_References" storage="c:\testbin\integrationtests\microsoft.visualstudio.web.editors.integrationtests.dll" id="9af2875f-8c9c-5568-786a-444cec578e02">
      <Owners>
        <Owner name="bhsubra" />
      </Owners>
      <Execution id="018d6686-fd61-4eaf-ae2d-104f89881618" />
      <TestMethod codeBase="C:\TestBin\IntegrationTests\Microsoft.VisualStudio.Web.Editors.IntegrationTests.DLL" adapterTypeName="executor://parameterizedtestexecutor/v1" className="Microsoft.VisualStudio.Web.Editors.IntegrationTests.Html.ImgSuggestedActionsTests" name="VSTest_Disable_Lightbulb_For_SVG_References" />
    </UnitTest>
    <UnitTest name="VSTest_JSON_VerifyKnownFileSchemaAssociations (webs\misc\JSON\KnownSchemas\package.json, http://json.schemastore.org/package)" storage="c:\testbin\integrationtests\microsoft.visualstudio.web.editors.integrationtests.dll" id="b977e5b7-613b-1a5b-9fbf-1b62662eca84">
      <Owners>
        <Owner name="YaLyu" />
      </Owners>
      <Execution id="a91c7aad-8cae-4a49-ab72-58781334798c" />
      <TestMethod codeBase="C:\TestBin\IntegrationTests\Microsoft.VisualStudio.Web.Editors.IntegrationTests.DLL" adapterTypeName="executor://parameterizedtestexecutor/v1" className="Microsoft.VisualStudio.Web.Editors.IntegrationTests.JSON.Schema.KnownSchemaAssociationTests.VSTest_JSON_VerifyKnownFileSchemaAssociations (webs\misc\JSON\KnownSchemas\package.json, http://json.schemastore" name="VSTest_JSON_VerifyKnownFileSchemaAssociations (webs\misc\JSON\KnownSchemas\package.json, http://json.schemastore.org/package)" />
    </UnitTest>
    <UnitTest name="VSTest_Completion_SmartIndent_Functions" storage="c:\testbin\integrationtests\microsoft.visualstudio.web.editors.integrationtests.dll" id="ed6b867e-eb02-d6c2-96d2-46d0436e1262">
      <Owners>
        <Owner name="ToddGrun" />
      </Owners>
      <Execution id="d8ea7544-592d-47a7-bfea-2189f38c79e9" />
      <TestMethod codeBase="C:\TestBin\IntegrationTests\Microsoft.VisualStudio.Web.Editors.IntegrationTests.DLL" adapterTypeName="executor://parameterizedtestexecutor/v1" className="Microsoft.VisualStudio.Web.Editors.IntegrationTests.Razor.Completion.CompletionTests" name="VSTest_Completion_SmartIndent_Functions" />
    </UnitTest>
    <UnitTest name="VSTest_JSON_TypeThrough_Simple" storage="c:\testbin\integrationtests\microsoft.visualstudio.web.editors.integrationtests.dll" id="a867e29a-a0b7-49e2-c65c-e6fe89b9877a">
      <Owners>
        <Owner name="YaLyu" />
      </Owners>
      <Execution id="39f6928f-6261-4987-95ec-b77bbb3f09b1" />
      <TestMethod codeBase="C:\TestBin\IntegrationTests\Microsoft.VisualStudio.Web.Editors.IntegrationTests.DLL" adapterTypeName="executor://parameterizedtestexecutor/v1" className="Microsoft.VisualStudio.Web.Editors.IntegrationTests.JSON.TypeThroughTests" name="VSTest_JSON_TypeThrough_Simple" />
    </UnitTest>
    <UnitTest name="VSTest_Completion_Url_TypeInHtml_In_WebSite" storage="c:\testbin\integrationtests\microsoft.visualstudio.web.editors.integrationtests.dll" id="94dfa79d-bef1-a5e7-924d-873262afc59c">
      <Owners>
        <Owner name="ToddGrun" />
      </Owners>
      <Execution id="eecebafa-3298-42f6-b933-88256290758c" />
      <TestMethod codeBase="C:\TestBin\IntegrationTests\Microsoft.VisualStudio.Web.Editors.IntegrationTests.DLL" adapterTypeName="executor://parameterizedtestexecutor/v1" className="Microsoft.VisualStudio.Web.Editors.IntegrationTests.Html.CompletionTests" name="VSTest_Completion_Url_TypeInHtml_In_WebSite" />
    </UnitTest>
    <UnitTest name="VSTest_RazorV3Cs_FormatDocument_WithKeepTabsOption" storage="c:\testbin\integrationtests\microsoft.visualstudio.web.editors.integrationtests.dll" id="68a1a838-5909-b2b0-b18d-c2e2f16c6a40">
      <Owners>
        <Owner name="bhsubra" />
      </Owners>
      <Execution id="7bcbce1a-d73d-4453-a53a-3d034f5a5dc9" />
      <TestMethod codeBase="C:\TestBin\IntegrationTests\Microsoft.VisualStudio.Web.Editors.IntegrationTests.DLL" adapterTypeName="executor://parameterizedtestexecutor/v1" className="Microsoft.VisualStudio.Web.Editors.IntegrationTests.Razor.Formatting.CSharpFormattingTests" name="VSTest_RazorV3Cs_FormatDocument_WithKeepTabsOption" />
    </UnitTest>
    <UnitTest name="VSTest_CssValidation_DetectInvalidVendorPrefixes_Off" storage="c:\testbin\integrationtests\microsoft.visualstudio.web.editors.integrationtests.dll" id="4d633040-188d-f6fe-97a4-3bcdd0f32bff">
      <Owners>
        <Owner name="YaLyu" />
      </Owners>
      <Execution id="47aa7cd3-2c48-4d65-8ee5-1a35c73b3905" />
      <TestMethod codeBase="C:\TestBin\IntegrationTests\Microsoft.VisualStudio.Web.Editors.IntegrationTests.DLL" adapterTypeName="executor://parameterizedtestexecutor/v1" className="Microsoft.VisualStudio.Web.Editors.IntegrationTests.Css.CssValidationTests" name="VSTest_CssValidation_DetectInvalidVendorPrefixes_Off" />
    </UnitTest>
    <UnitTest name="VSTest_RazorV4Completion_LastUsedCompletionItem" storage="c:\testbin\integrationtests\microsoft.visualstudio.web.editors.integrationtests.dll" id="9eed5e6f-85de-719b-e535-7afe9e8ea34f">
      <Owners>
        <Owner name="ToddGrun" />
      </Owners>
      <Execution id="1c2273e0-b0df-43b9-b370-dc3c892b6567" />
      <TestMethod codeBase="C:\TestBin\IntegrationTests\Microsoft.VisualStudio.Web.Editors.IntegrationTests.DLL" adapterTypeName="executor://parameterizedtestexecutor/v1" className="Microsoft.VisualStudio.Web.Editors.IntegrationTests.Razor.General.CSharpGeneralTests" name="VSTest_RazorV4Completion_LastUsedCompletionItem" />
    </UnitTest>
    <UnitTest name="VSTest_FormatOnPastePreserveCasing" storage="c:\testbin\integrationtests\microsoft.visualstudio.web.editors.integrationtests.dll" id="87b53a9d-456b-cf8f-c668-c75e1f782c8c">
      <Owners>
        <Owner name="ToddGrun" />
      </Owners>
      <Execution id="de887701-c0be-450f-9e2b-6e82bb04738a" />
      <TestMethod codeBase="C:\TestBin\IntegrationTests\Microsoft.VisualStudio.Web.Editors.IntegrationTests.DLL" adapterTypeName="executor://parameterizedtestexecutor/v1" className="Microsoft.VisualStudio.Web.Editors.IntegrationTests.Html.Format.FormatOnPasteTests" name="VSTest_FormatOnPastePreserveCasing" />
    </UnitTest>
    <UnitTest name="VSTest_TagNavigator_VerifyTags" storage="c:\testbin\integrationtests\microsoft.visualstudio.web.editors.integrationtests.dll" id="b4eefce7-c91d-cc00-74fc-ef8be528eb87">
      <Owners>
        <Owner name="ToddGrun" />
      </Owners>
      <Execution id="88cc0915-24e6-4cd3-a2aa-baad20a8340d" />
      <TestMethod codeBase="C:\TestBin\IntegrationTests\Microsoft.VisualStudio.Web.Editors.IntegrationTests.DLL" adapterTypeName="executor://parameterizedtestexecutor/v1" className="Microsoft.VisualStudio.Web.Editors.IntegrationTests.Html.TagNavigatorTests" name="VSTest_TagNavigator_VerifyTags" />
    </UnitTest>
    <UnitTest name="VSTest_RazorV4CshtmlTypeAtHtmlIntelliSense" storage="c:\testbin\integrationtests\microsoft.visualstudio.web.editors.integrationtests.dll" id="927fad75-8d26-6ae5-ea62-d9bd56a8df82">
      <Owners>
        <Owner name="ToddGrun" />
      </Owners>
      <Execution id="7f54f5e5-7a5d-4bc5-b1fb-010b2e0216e9" />
      <TestMethod codeBase="C:\TestBin\IntegrationTests\Microsoft.VisualStudio.Web.Editors.IntegrationTests.DLL" adapterTypeName="executor://parameterizedtestexecutor/v1" className="Microsoft.VisualStudio.Web.Editors.IntegrationTests.Razor.General.CSharpGeneralTests" name="VSTest_RazorV4CshtmlTypeAtHtmlIntelliSense" />
    </UnitTest>
    <UnitTest name="VSTest_NPMIntelliSenseTests_End_To_End" storage="c:\testbin\integrationtests\microsoft.visualstudio.web.editors.integrationtests.dll" id="f0314b9f-2412-1270-4af7-4e3cb9211bcb">
      <Owners>
        <Owner name="AlexGav" />
      </Owners>
      <Execution id="eb4e00d7-e7b9-4fd8-bae4-8ef773b98cb4" />
      <TestMethod codeBase="C:\TestBin\IntegrationTests\Microsoft.VisualStudio.Web.Editors.IntegrationTests.DLL" adapterTypeName="executor://parameterizedtestexecutor/v1" className="Microsoft.VisualStudio.Web.Editors.IntegrationTests.JSON.PackageManagement.NPMIntelliSenseTests" name="VSTest_NPMIntelliSenseTests_End_To_End" />
    </UnitTest>
    <UnitTest name="VSTest_Razor_TagHelpers_Completion_TagPrefix" storage="c:\testbin\integrationtests\microsoft.visualstudio.web.editors.integrationtests.dll" id="0dca91db-a430-e105-71b5-dd7f648be217">
      <Owners>
        <Owner name="ToddGrun" />
      </Owners>
      <Execution id="131e5a0a-7a49-489e-b808-927f4ee436fe" />
      <TestMethod codeBase="C:\TestBin\IntegrationTests\Microsoft.VisualStudio.Web.Editors.IntegrationTests.DLL" adapterTypeName="executor://parameterizedtestexecutor/v1" className="Microsoft.VisualStudio.Web.Editors.IntegrationTests.Razor.TagHelpers.RazorTagHelperTests" name="VSTest_Razor_TagHelpers_Completion_TagPrefix" />
    </UnitTest>
    <UnitTest name="VSTest_JSON_CustomRegions" storage="c:\testbin\integrationtests\microsoft.visualstudio.web.editors.integrationtests.dll" id="355e916b-91b1-4999-22ab-451b153275a3">
      <Owners>
        <Owner name="YaLyu" />
      </Owners>
      <Execution id="38887400-1f67-48e7-af5f-2ab16c5991e4" />
      <TestMethod codeBase="C:\TestBin\IntegrationTests\Microsoft.VisualStudio.Web.Editors.IntegrationTests.DLL" adapterTypeName="executor://parameterizedtestexecutor/v1" className="Microsoft.VisualStudio.Web.Editors.IntegrationTests.JSON.JSONOutliningTests" name="VSTest_JSON_CustomRegions" />
    </UnitTest>
    <UnitTest name="VSTest_Validate_Xhtml5ValidationWithErrorsAsWarningsTrue" storage="c:\testbin\integrationtests\microsoft.visualstudio.web.editors.integrationtests.dll" id="db95570e-7071-767f-bb7b-ccc4770d2972">
      <Owners>
        <Owner name="bhsubra" />
      </Owners>
      <Execution id="d67b7ef3-abd0-4d27-b797-501b19b1224c" />
      <TestMethod codeBase="C:\TestBin\IntegrationTests\Microsoft.VisualStudio.Web.Editors.IntegrationTests.DLL" adapterTypeName="executor://parameterizedtestexecutor/v1" className="Microsoft.VisualStudio.Web.Editors.IntegrationTests.Html.ValidationTests" name="VSTest_Validate_Xhtml5ValidationWithErrorsAsWarningsTrue" />
    </UnitTest>
    <UnitTest name="VSTest_Completion_Attributes_Standalone" storage="c:\testbin\integrationtests\microsoft.visualstudio.web.editors.integrationtests.dll" id="1d51e426-add9-0fa2-d97c-f7bdeccae548">
      <Owners>
        <Owner name="ToddGrun" />
      </Owners>
      <Execution id="6c0869a5-8322-4c08-861d-e7c8a204b730" />
      <TestMethod codeBase="C:\TestBin\IntegrationTests\Microsoft.VisualStudio.Web.Editors.IntegrationTests.DLL" adapterTypeName="executor://parameterizedtestexecutor/v1" className="Microsoft.VisualStudio.Web.Editors.IntegrationTests.Html.CompletionTests" name="VSTest_Completion_Attributes_Standalone" />
    </UnitTest>
    <UnitTest name="VSTest_Dump_Embedded_VBScript_Breakpoints" storage="c:\testbin\integrationtests\microsoft.visualstudio.web.editors.integrationtests.dll" id="71f569d8-11be-86bd-54f2-e31f93496cd1">
      <Owners>
        <Owner name="bhsubra" />
      </Owners>
      <Execution id="91f331e1-e318-49a3-ab2e-36ee42ea20ee" />
      <TestMethod codeBase="C:\TestBin\IntegrationTests\Microsoft.VisualStudio.Web.Editors.IntegrationTests.DLL" adapterTypeName="executor://parameterizedtestexecutor/v1" className="Microsoft.VisualStudio.Web.Editors.IntegrationTests.Html.DebugTests" name="VSTest_Dump_Embedded_VBScript_Breakpoints" />
    </UnitTest>
    <UnitTest name="VSTest_Completion_AngularAttribute" storage="c:\testbin\integrationtests\microsoft.visualstudio.web.editors.integrationtests.dll" id="fe602192-e222-cf98-fff9-cfbc0ee3f724">
      <Owners>
        <Owner name="ToddGrun" />
      </Owners>
      <Execution id="2a155652-29c6-4394-94a9-9d9de48a46d4" />
      <TestMethod codeBase="C:\TestBin\IntegrationTests\Microsoft.VisualStudio.Web.Editors.IntegrationTests.DLL" adapterTypeName="executor://parameterizedtestexecutor/v1" className="Microsoft.VisualStudio.Web.Editors.IntegrationTests.Html.CompletionTests" name="VSTest_Completion_AngularAttribute" />
    </UnitTest>
    <UnitTest name="VSTest_JSON_With_BlockIndent" storage="c:\testbin\integrationtests\microsoft.visualstudio.web.editors.integrationtests.dll" id="cee5a8f8-e813-9cc9-dae7-ea164d9eb690">
      <Owners>
        <Owner name="YaLyu" />
      </Owners>
      <Execution id="5cf2a551-8f7a-4bb4-9c5d-1e56d18f10d3" />
      <TestMethod codeBase="C:\TestBin\IntegrationTests\Microsoft.VisualStudio.Web.Editors.IntegrationTests.DLL" adapterTypeName="executor://parameterizedtestexecutor/v1" className="Microsoft.VisualStudio.Web.Editors.IntegrationTests.JSON.Indent.BlockIndentTests" name="VSTest_JSON_With_BlockIndent" />
    </UnitTest>
    <UnitTest name="VSTest_Validate_Xhtml5Validation" storage="c:\testbin\integrationtests\microsoft.visualstudio.web.editors.integrationtests.dll" id="cf897022-7d5e-4ed1-89f3-0eacdb28fe37">
      <Owners>
        <Owner name="bhsubra" />
      </Owners>
      <Execution id="9b494ac9-1697-4ba9-84e9-4957d720e8a8" />
      <TestMethod codeBase="C:\TestBin\IntegrationTests\Microsoft.VisualStudio.Web.Editors.IntegrationTests.DLL" adapterTypeName="executor://parameterizedtestexecutor/v1" className="Microsoft.VisualStudio.Web.Editors.IntegrationTests.Html.ValidationTests" name="VSTest_Validate_Xhtml5Validation" />
    </UnitTest>
    <UnitTest name="VSTest_JSON_Schema_Dropdown_Select" storage="c:\testbin\integrationtests\microsoft.visualstudio.web.editors.integrationtests.dll" id="4d8d9000-4c82-f5fb-fb9b-c4dca9d8e495">
      <Owners>
        <Owner name="YaLyu" />
      </Owners>
      <Execution id="a6af290f-c2ff-419b-9a35-4430f8ec477e" />
      <TestMethod codeBase="C:\TestBin\IntegrationTests\Microsoft.VisualStudio.Web.Editors.IntegrationTests.DLL" adapterTypeName="executor://parameterizedtestexecutor/v1" className="Microsoft.VisualStudio.Web.Editors.IntegrationTests.JSON.Schema.SchemaDropdownTests" name="VSTest_JSON_Schema_Dropdown_Select" />
    </UnitTest>
    <UnitTest name="VSTest_RazorV3PasteTextAtEndOfCshtml" storage="c:\testbin\integrationtests\microsoft.visualstudio.web.editors.integrationtests.dll" id="b18d6413-d111-707d-9cca-29181376b93b">
      <Owners>
        <Owner name="ToddGrun" />
      </Owners>
      <Execution id="69b62221-b728-4ba8-9de3-0e90c4486d68" />
      <TestMethod codeBase="C:\TestBin\IntegrationTests\Microsoft.VisualStudio.Web.Editors.IntegrationTests.DLL" adapterTypeName="executor://parameterizedtestexecutor/v1" className="Microsoft.VisualStudio.Web.Editors.IntegrationTests.Razor.General.CSharpGeneralTests" name="VSTest_RazorV3PasteTextAtEndOfCshtml" />
    </UnitTest>
    <UnitTest name="VSTest_RazorVbhtmlClassification" storage="c:\testbin\integrationtests\microsoft.visualstudio.web.editors.integrationtests.dll" id="06c848e8-4ff4-dfb5-5646-ef0b2bcbcb22">
      <Owners>
        <Owner name="ToddGrun" />
      </Owners>
      <Execution id="60dcf2f2-63bd-4f06-994f-dd7318680d09" />
      <TestMethod codeBase="C:\TestBin\IntegrationTests\Microsoft.VisualStudio.Web.Editors.IntegrationTests.DLL" adapterTypeName="executor://parameterizedtestexecutor/v1" className="Microsoft.VisualStudio.Web.Editors.IntegrationTests.Razor.General.VBGeneralTests" name="VSTest_RazorVbhtmlClassification" />
    </UnitTest>
    <UnitTest name="VSTest_RazorV3Cs_FormatDocument_WithMethodParametersOnDifferentLines" storage="c:\testbin\integrationtests\microsoft.visualstudio.web.editors.integrationtests.dll" id="1b35fc6a-4687-c7da-e876-14c9a89f5736">
      <Owners>
        <Owner name="bhsubra" />
      </Owners>
      <Execution id="e08e1358-28c0-4b16-9664-ebc73f3a08a0" />
      <TestMethod codeBase="C:\TestBin\IntegrationTests\Microsoft.VisualStudio.Web.Editors.IntegrationTests.DLL" adapterTypeName="executor://parameterizedtestexecutor/v1" className="Microsoft.VisualStudio.Web.Editors.IntegrationTests.Razor.Formatting.CSharpFormattingTests" name="VSTest_RazorV3Cs_FormatDocument_WithMethodParametersOnDifferentLines" />
    </UnitTest>
    <UnitTest name="VSTest_TypingTags_Caption_to_Command" storage="c:\testbin\integrationtests\microsoft.visualstudio.web.editors.integrationtests.dll" id="ae86761e-5fb7-a7bf-880d-19f4e13c372c">
      <Owners>
        <Owner name="ToddGrun" />
      </Owners>
      <Execution id="de4398d9-546d-4e9c-b7cc-527b9eafc42e" />
      <TestMethod codeBase="C:\TestBin\IntegrationTests\Microsoft.VisualStudio.Web.Editors.IntegrationTests.DLL" adapterTypeName="executor://parameterizedtestexecutor/v1" className="Microsoft.VisualStudio.Web.Editors.IntegrationTests.Html.Typing.TypingTests" name="VSTest_TypingTags_Caption_to_Command" />
    </UnitTest>
    <UnitTest name="VSTest_Generate_AttrModel_Methods_WAP_Code_Beside_VB" storage="c:\testbin\integrationtests\microsoft.visualstudio.web.editors.integrationtests.dll" id="53e21b6f-77d8-10ec-d48c-7c870538debc">
      <Owners>
        <Owner name="bhsubra" />
      </Owners>
      <Execution id="56f27002-2582-44da-a545-2686097b5de0" />
      <TestMethod codeBase="C:\TestBin\IntegrationTests\Microsoft.VisualStudio.Web.Editors.IntegrationTests.DLL" adapterTypeName="executor://parameterizedtestexecutor/v1" className="Microsoft.VisualStudio.Web.Editors.IntegrationTests.WebForm.GenerateDataMethodTests" name="VSTest_Generate_AttrModel_Methods_WAP_Code_Beside_VB" />
    </UnitTest>
    <UnitTest name="VSTest_FormatTest1" storage="c:\testbin\integrationtests\microsoft.visualstudio.web.editors.integrationtests.dll" id="18f62dd3-99eb-df1d-1360-6ebca421dc3c">
      <Owners>
        <Owner name="ToddGrun" />
      </Owners>
      <Execution id="45bc8291-2f08-419d-b35a-f92bf8a89e09" />
      <TestMethod codeBase="C:\TestBin\IntegrationTests\Microsoft.VisualStudio.Web.Editors.IntegrationTests.DLL" adapterTypeName="executor://parameterizedtestexecutor/v1" className="Microsoft.VisualStudio.Web.Editors.IntegrationTests.Html.Format.FormatTests" name="VSTest_FormatTest1" />
    </UnitTest>
    <UnitTest name="VSTest_JSON_FormatOnPaste_Disabled" storage="c:\testbin\integrationtests\microsoft.visualstudio.web.editors.integrationtests.dll" id="7d35a375-4b27-3dad-daf3-bf093cbbe190">
      <Owners>
        <Owner name="YaLyu" />
      </Owners>
      <Execution id="5fe90692-e03d-4008-8a16-219a4d816b17" />
      <TestMethod codeBase="C:\TestBin\IntegrationTests\Microsoft.VisualStudio.Web.Editors.IntegrationTests.DLL" adapterTypeName="executor://parameterizedtestexecutor/v1" className="Microsoft.VisualStudio.Web.Editors.IntegrationTests.JSON.JsonFormatOnPasteTests" name="VSTest_JSON_FormatOnPaste_Disabled" />
    </UnitTest>
    <UnitTest name="VSTest_InsertSnippetViaTab" storage="c:\testbin\integrationtests\microsoft.visualstudio.web.editors.integrationtests.dll" id="8939e394-6d57-5556-6020-6dcbc9f301e9">
      <Owners>
        <Owner name="AlexGav" />
      </Owners>
      <Execution id="a9d3fc31-de9e-4c68-9147-463dded6bde1" />
      <TestMethod codeBase="C:\TestBin\IntegrationTests\Microsoft.VisualStudio.Web.Editors.IntegrationTests.DLL" adapterTypeName="executor://parameterizedtestexecutor/v1" className="Microsoft.VisualStudio.Web.Editors.IntegrationTests.Html.SnippetTests" name="VSTest_InsertSnippetViaTab" />
    </UnitTest>
    <UnitTest name="VSTest_JSON_AutoGeneration_Disabled_PasteText" storage="c:\testbin\integrationtests\microsoft.visualstudio.web.editors.integrationtests.dll" id="dd5fa547-982a-7910-6d5c-1e9c64a61347">
      <Owners>
        <Owner name="YaLyu" />
      </Owners>
      <Execution id="3c443682-2e75-4e27-86c6-bce445bf72c7" />
      <TestMethod codeBase="C:\TestBin\IntegrationTests\Microsoft.VisualStudio.Web.Editors.IntegrationTests.DLL" adapterTypeName="executor://parameterizedtestexecutor/v1" className="Microsoft.VisualStudio.Web.Editors.IntegrationTests.JSON.AutoGenerationTests" name="VSTest_JSON_AutoGeneration_Disabled_PasteText" />
    </UnitTest>
    <UnitTest name="VSTest_RazorUndoRedo" storage="c:\testbin\integrationtests\microsoft.visualstudio.web.editors.integrationtests.dll" id="dca30c02-3277-db26-b6de-67f8d1776301">
      <Owners>
        <Owner name="ToddGrun" />
      </Owners>
      <Execution id="ffb2a1e2-b5dd-48c6-a2dc-1d0be234437e" />
      <TestMethod codeBase="C:\TestBin\IntegrationTests\Microsoft.VisualStudio.Web.Editors.IntegrationTests.DLL" adapterTypeName="executor://parameterizedtestexecutor/v1" className="Microsoft.VisualStudio.Web.Editors.IntegrationTests.Razor.General.CSharpGeneralTests" name="VSTest_RazorUndoRedo" />
    </UnitTest>
    <UnitTest name="VSTest_CSS_PasteProjectFiles" storage="c:\testbin\integrationtests\microsoft.visualstudio.web.editors.integrationtests.dll" id="84badc73-824e-554c-88fc-2b77bb3d6279">
      <Owners>
        <Owner name="YaLyu" />
      </Owners>
      <Execution id="8c5fa33b-b4dd-44c4-a97a-baf4499eaa43" />
      <TestMethod codeBase="C:\TestBin\IntegrationTests\Microsoft.VisualStudio.Web.Editors.IntegrationTests.DLL" adapterTypeName="executor://parameterizedtestexecutor/v1" className="Microsoft.VisualStudio.Web.Editors.IntegrationTests.Css.CssPasteTests" name="VSTest_CSS_PasteProjectFiles" />
    </UnitTest>
    <UnitTest name="VSTest_RazorV4ClearContent" storage="c:\testbin\integrationtests\microsoft.visualstudio.web.editors.integrationtests.dll" id="e391dd89-a5e4-61a1-7b4c-d9508c0794ad">
      <Owners>
        <Owner name="ToddGrun" />
      </Owners>
      <Execution id="2146379f-5871-407f-8ebf-9de426a060e7" />
      <TestMethod codeBase="C:\TestBin\IntegrationTests\Microsoft.VisualStudio.Web.Editors.IntegrationTests.DLL" adapterTypeName="executor://parameterizedtestexecutor/v1" className="Microsoft.VisualStudio.Web.Editors.IntegrationTests.Razor.General.CSharpGeneralTests" name="VSTest_RazorV4ClearContent" />
    </UnitTest>
    <UnitTest name="VSTest_HtmlSuggestedActions_Img_AddDimensions" storage="c:\testbin\integrationtests\microsoft.visualstudio.web.editors.integrationtests.dll" id="3a7506c0-982c-379d-77bf-8f61b39d6e38">
      <Owners>
        <Owner name="bhsubra" />
      </Owners>
      <Execution id="bd36aad8-edef-4775-ac21-750ec662b5f7" />
      <TestMethod codeBase="C:\TestBin\IntegrationTests\Microsoft.VisualStudio.Web.Editors.IntegrationTests.DLL" adapterTypeName="executor://parameterizedtestexecutor/v1" className="Microsoft.VisualStudio.Web.Editors.IntegrationTests.Html.ImgSuggestedActionsTests" name="VSTest_HtmlSuggestedActions_Img_AddDimensions" />
    </UnitTest>
    <UnitTest name="VSTest_RazorClearContent" storage="c:\testbin\integrationtests\microsoft.visualstudio.web.editors.integrationtests.dll" id="b1258ab6-6726-97ba-6866-88545be9326f">
      <Owners>
        <Owner name="ToddGrun" />
      </Owners>
      <Execution id="402379ad-36ff-4476-89be-8dc0a3bcabad" />
      <TestMethod codeBase="C:\TestBin\IntegrationTests\Microsoft.VisualStudio.Web.Editors.IntegrationTests.DLL" adapterTypeName="executor://parameterizedtestexecutor/v1" className="Microsoft.VisualStudio.Web.Editors.IntegrationTests.Razor.General.CSharpGeneralTests" name="VSTest_RazorClearContent" />
    </UnitTest>
    <UnitTest name="VSTest_JSON_ProjectJSON_Completion_AutoFilterNoExistingPackages" storage="c:\testbin\integrationtests\microsoft.visualstudio.web.editors.integrationtests.dll" id="bf87e50f-db30-5230-89c8-3237f00226bd">
      <Owners>
        <Owner name="YaLyu" />
      </Owners>
      <Execution id="d4f6a92f-fc2b-4e86-a1fe-70c32d0e5985" />
      <TestMethod codeBase="C:\TestBin\IntegrationTests\Microsoft.VisualStudio.Web.Editors.IntegrationTests.DLL" adapterTypeName="executor://parameterizedtestexecutor/v1" className="Microsoft.VisualStudio.Web.Editors.IntegrationTests.JSON.Completion.ProjectJSONCompletionTests" name="VSTest_JSON_ProjectJSON_Completion_AutoFilterNoExistingPackages" />
    </UnitTest>
    <UnitTest name="VSTest_Completion_ScriptTypeAttribute" storage="c:\testbin\integrationtests\microsoft.visualstudio.web.editors.integrationtests.dll" id="ac7f2b22-b05c-64c2-aa6c-0501b0d8bc20">
      <Owners>
        <Owner name="ToddGrun" />
      </Owners>
      <Execution id="50affc2a-fb2a-4119-acd3-43664008d77c" />
      <TestMethod codeBase="C:\TestBin\IntegrationTests\Microsoft.VisualStudio.Web.Editors.IntegrationTests.DLL" adapterTypeName="executor://parameterizedtestexecutor/v1" className="Microsoft.VisualStudio.Web.Editors.IntegrationTests.Html.CompletionTests" name="VSTest_Completion_ScriptTypeAttribute" />
    </UnitTest>
    <UnitTest name="VSTest_RazorV2CsFormattingTest" storage="c:\testbin\integrationtests\microsoft.visualstudio.web.editors.integrationtests.dll" id="796b2799-fcfb-d584-3091-e2996a93d558">
      <Owners>
        <Owner name="ToddGrun" />
      </Owners>
      <Execution id="e804de77-a913-4b07-b88e-f1c97db74655" />
      <TestMethod codeBase="C:\TestBin\IntegrationTests\Microsoft.VisualStudio.Web.Editors.IntegrationTests.DLL" adapterTypeName="executor://parameterizedtestexecutor/v1" className="Microsoft.VisualStudio.Web.Editors.IntegrationTests.Razor.Formatting.CSharpFormattingTests" name="VSTest_RazorV2CsFormattingTest" />
    </UnitTest>
    <UnitTest name="VSTest_CssCompletion_AllowedImportFileExtension" storage="c:\testbin\integrationtests\microsoft.visualstudio.web.editors.integrationtests.dll" id="f0497117-f6fa-270a-348f-65e39dba6d1b">
      <Owners>
        <Owner name="YaLyu" />
      </Owners>
      <Execution id="ab694a13-f973-48af-8fba-e09b05969911" />
      <TestMethod codeBase="C:\TestBin\IntegrationTests\Microsoft.VisualStudio.Web.Editors.IntegrationTests.DLL" adapterTypeName="executor://parameterizedtestexecutor/v1" className="Microsoft.VisualStudio.Web.Editors.IntegrationTests.CSS.CssCompletionTests" name="VSTest_CssCompletion_AllowedImportFileExtension" />
    </UnitTest>
    <UnitTest name="VSTest_Validate_ASP_Basic_Validation" storage="c:\testbin\integrationtests\microsoft.visualstudio.web.editors.integrationtests.dll" id="539c0515-e39f-34d1-abde-812752ddabbd">
      <Owners>
        <Owner name="bhsubra" />
      </Owners>
      <Execution id="6ac66dc8-e49c-49f8-9067-e48af5ba9992" />
      <TestMethod codeBase="C:\TestBin\IntegrationTests\Microsoft.VisualStudio.Web.Editors.IntegrationTests.DLL" adapterTypeName="executor://parameterizedtestexecutor/v1" className="Microsoft.VisualStudio.Web.Editors.IntegrationTests.WebForm.ValidationTests" name="VSTest_Validate_ASP_Basic_Validation" />
    </UnitTest>
    <UnitTest name="VSTest_RazorHTMLIntellisenseInHtm" storage="c:\testbin\integrationtests\microsoft.visualstudio.web.editors.integrationtests.dll" id="f210eff5-54eb-a105-7272-61ff4b2d5fcb">
      <Owners>
        <Owner name="ToddGrun" />
      </Owners>
      <Execution id="12413255-a84b-4cf3-a453-42eb879063c8" />
      <TestMethod codeBase="C:\TestBin\IntegrationTests\Microsoft.VisualStudio.Web.Editors.IntegrationTests.DLL" adapterTypeName="executor://parameterizedtestexecutor/v1" className="Microsoft.VisualStudio.Web.Editors.IntegrationTests.Razor.General.CSharpGeneralTests" name="VSTest_RazorHTMLIntellisenseInHtm" />
    </UnitTest>
    <UnitTest name="VSTest_FormatTest8" storage="c:\testbin\integrationtests\microsoft.visualstudio.web.editors.integrationtests.dll" id="51ce29e3-6cfa-0f04-2862-3969caa27d53">
      <Owners>
        <Owner name="ToddGrun" />
      </Owners>
      <Execution id="d859d79f-ad71-4c0f-89c9-97cceafe0e4c" />
      <TestMethod codeBase="C:\TestBin\IntegrationTests\Microsoft.VisualStudio.Web.Editors.IntegrationTests.DLL" adapterTypeName="executor://parameterizedtestexecutor/v1" className="Microsoft.VisualStudio.Web.Editors.IntegrationTests.Html.Format.FormatTests" name="VSTest_FormatTest8" />
    </UnitTest>
    <UnitTest name="VSTest_RazorTypeInCS" storage="c:\testbin\integrationtests\microsoft.visualstudio.web.editors.integrationtests.dll" id="2a7f5c93-07c5-63eb-dc15-8d0cb3edf8f0">
      <Owners>
        <Owner name="ToddGrun" />
      </Owners>
      <Execution id="1483c6a7-8d9f-463b-ad0d-ea49cb330cc3" />
      <TestMethod codeBase="C:\TestBin\IntegrationTests\Microsoft.VisualStudio.Web.Editors.IntegrationTests.DLL" adapterTypeName="executor://parameterizedtestexecutor/v1" className="Microsoft.VisualStudio.Web.Editors.IntegrationTests.Razor.General.CSharpGeneralTests" name="VSTest_RazorTypeInCS" />
    </UnitTest>
    <UnitTest name="VSTest_DebugHitJSAndRazorBreakpointsInCSHtml" storage="c:\testbin\integrationtests\microsoft.visualstudio.web.editors.integrationtests.dll" id="6b95533e-8cda-19d1-2a01-2be52c66480d">
      <Owners>
        <Owner name="AlexGav" />
      </Owners>
      <Execution id="d29e6212-7df7-4ac6-ac51-e52c6423fa58" />
      <TestMethod codeBase="C:\TestBin\IntegrationTests\Microsoft.VisualStudio.Web.Editors.IntegrationTests.DLL" adapterTypeName="executor://parameterizedtestexecutor/v1" className="Microsoft.VisualStudio.Web.Editors.IntegrationTests.Html.DebugTests" name="VSTest_DebugHitJSAndRazorBreakpointsInCSHtml" />
    </UnitTest>
    <UnitTest name="VSTest_RazorCshtmlTypeCodeBlock" storage="c:\testbin\integrationtests\microsoft.visualstudio.web.editors.integrationtests.dll" id="6230c3bf-5e69-7eac-db92-e86a107ce911">
      <Owners>
        <Owner name="ToddGrun" />
      </Owners>
      <Execution id="bce1d829-4b5e-4c72-a9d1-c0c0c95ee9c4" />
      <TestMethod codeBase="C:\TestBin\IntegrationTests\Microsoft.VisualStudio.Web.Editors.IntegrationTests.DLL" adapterTypeName="executor://parameterizedtestexecutor/v1" className="Microsoft.VisualStudio.Web.Editors.IntegrationTests.Razor.General.CSharpGeneralTests" name="VSTest_RazorCshtmlTypeCodeBlock" />
    </UnitTest>
    <UnitTest name="VSTest_WrapWithDiv" storage="c:\testbin\integrationtests\microsoft.visualstudio.web.editors.integrationtests.dll" id="7c30dd67-39f7-7512-8508-abf6a5c86092">
      <Owners>
        <Owner name="AlexGav" />
      </Owners>
      <Execution id="222998fd-3f86-4a1b-880b-c10932da4422" />
      <TestMethod codeBase="C:\TestBin\IntegrationTests\Microsoft.VisualStudio.Web.Editors.IntegrationTests.DLL" adapterTypeName="executor://parameterizedtestexecutor/v1" className="Microsoft.VisualStudio.Web.Editors.IntegrationTests.Html.SnippetTests" name="VSTest_WrapWithDiv" />
    </UnitTest>
    <UnitTest name="VSTest_JSON_PasteObjectLiteral_ObjectContent" storage="c:\testbin\integrationtests\microsoft.visualstudio.web.editors.integrationtests.dll" id="d1ed567b-4821-66a7-fa52-a557d0e6d6d3">
      <Owners>
        <Owner name="YaLyu" />
      </Owners>
      <Execution id="3b3061fd-7c6a-4222-8aa4-514a7736d73c" />
      <TestMethod codeBase="C:\TestBin\IntegrationTests\Microsoft.VisualStudio.Web.Editors.IntegrationTests.DLL" adapterTypeName="executor://parameterizedtestexecutor/v1" className="Microsoft.VisualStudio.Web.Editors.IntegrationTests.JSON.PasteJavascriptObjectLiteralAsJSONTests" name="VSTest_JSON_PasteObjectLiteral_ObjectContent" />
    </UnitTest>
    <UnitTest name="VSTest_TypingThrough_Quotes" storage="c:\testbin\integrationtests\microsoft.visualstudio.web.editors.integrationtests.dll" id="57ab871d-6b84-af31-0d82-75583c6406c0">
      <Owners>
        <Owner name="bhsubra" />
      </Owners>
      <Execution id="dc732f36-c30b-42c3-8e70-d15ab2e46f22" />
      <TestMethod codeBase="C:\TestBin\IntegrationTests\Microsoft.VisualStudio.Web.Editors.IntegrationTests.DLL" adapterTypeName="executor://parameterizedtestexecutor/v1" className="Microsoft.VisualStudio.Web.Editors.IntegrationTests.Html.Typing.TypingThroughTests" name="VSTest_TypingThrough_Quotes" />
    </UnitTest>
    <UnitTest name="VSTest_CSS_Snippets" storage="c:\testbin\integrationtests\microsoft.visualstudio.web.editors.integrationtests.dll" id="822bf2e5-ff78-04f8-8018-a7991be8552d">
      <Owners>
        <Owner name="YaLyu" />
      </Owners>
      <Execution id="7de6ab2b-6163-493d-95c4-63df67459830" />
      <TestMethod codeBase="C:\TestBin\IntegrationTests\Microsoft.VisualStudio.Web.Editors.IntegrationTests.DLL" adapterTypeName="executor://parameterizedtestexecutor/v1" className="Microsoft.VisualStudio.Web.Editors.IntegrationTests.Css.CssSnippetTests" name="VSTest_CSS_Snippets" />
    </UnitTest>
    <UnitTest name="VSTest_JSON_ProjectJSON_Completion_PackageSources_Multiple" storage="c:\testbin\integrationtests\microsoft.visualstudio.web.editors.integrationtests.dll" id="6c8aa97d-7986-a134-10d3-ed33fcd7b4bf">
      <Owners>
        <Owner name="YaLyu" />
      </Owners>
      <Execution id="81c81946-3b7b-46db-a457-3b1f8e81db69" />
      <TestMethod codeBase="C:\TestBin\IntegrationTests\Microsoft.VisualStudio.Web.Editors.IntegrationTests.DLL" adapterTypeName="executor://parameterizedtestexecutor/v1" className="Microsoft.VisualStudio.Web.Editors.IntegrationTests.JSON.Completion.ProjectJSONCompletionTests" name="VSTest_JSON_ProjectJSON_Completion_PackageSources_Multiple" />
    </UnitTest>
    <UnitTest name="VSTest_CSS_FormatOnPaste" storage="c:\testbin\integrationtests\microsoft.visualstudio.web.editors.integrationtests.dll" id="9ebac3bf-78b5-0897-da8e-dc46f74a6566">
      <Owners>
        <Owner name="YaLyu" />
      </Owners>
      <Execution id="8c690ed9-f292-4372-8a0f-d7ee119a293a" />
      <TestMethod codeBase="C:\TestBin\IntegrationTests\Microsoft.VisualStudio.Web.Editors.IntegrationTests.DLL" adapterTypeName="executor://parameterizedtestexecutor/v1" className="Microsoft.VisualStudio.Web.Editors.IntegrationTests.Css.CssFormatOnPasteTests" name="VSTest_CSS_FormatOnPaste" />
    </UnitTest>
    <UnitTest name="VSTest_FormatOnPasteUnclosedPTag" storage="c:\testbin\integrationtests\microsoft.visualstudio.web.editors.integrationtests.dll" id="7281eb8d-c771-cf8d-8a4f-6b83e9140d51">
      <Owners>
        <Owner name="ToddGrun" />
      </Owners>
      <Execution id="42be9056-c204-4302-b4b6-53b1bfb380af" />
      <TestMethod codeBase="C:\TestBin\IntegrationTests\Microsoft.VisualStudio.Web.Editors.IntegrationTests.DLL" adapterTypeName="executor://parameterizedtestexecutor/v1" className="Microsoft.VisualStudio.Web.Editors.IntegrationTests.Html.Format.FormatOnPasteTests" name="VSTest_FormatOnPasteUnclosedPTag" />
    </UnitTest>
    <UnitTest name="VSTest_Script_Reference_GotoDefinitionToReferenceJSFile" storage="c:\testbin\integrationtests\microsoft.visualstudio.web.editors.integrationtests.dll" id="54ddfb4a-740b-af51-db92-1dc9cc862f9c">
      <Owners>
        <Owner name="AlexGav" />
      </Owners>
      <Execution id="181c0de6-0378-43a4-85e0-f06a879093c9" />
      <TestMethod codeBase="C:\TestBin\IntegrationTests\Microsoft.VisualStudio.Web.Editors.IntegrationTests.DLL" adapterTypeName="executor://parameterizedtestexecutor/v1" className="Microsoft.VisualStudio.Web.Editors.IntegrationTests.Scripting.ReferenceTests" name="VSTest_Script_Reference_GotoDefinitionToReferenceJSFile" />
    </UnitTest>
    <UnitTest name="VSTest_Razor_Diff (SideBySide)" storage="c:\testbin\integrationtests\microsoft.visualstudio.web.editors.integrationtests.dll" id="7bc6a1bf-5c29-3dea-7973-2c6d430e94da">
      <Owners>
        <Owner name="ToddGrun" />
      </Owners>
      <Execution id="d9568a27-5522-47a2-bd3b-9d199deafbcd" />
      <TestMethod codeBase="C:\TestBin\IntegrationTests\Microsoft.VisualStudio.Web.Editors.IntegrationTests.DLL" adapterTypeName="executor://parameterizedtestexecutor/v1" className="Microsoft.VisualStudio.Web.Editors.IntegrationTests.Razor.Diff.DiffTests" name="VSTest_Razor_Diff (SideBySide)" />
    </UnitTest>
    <UnitTest name="VSTest_CssFormat_EmbeddedCSS_SemiExpanded" storage="c:\testbin\integrationtests\microsoft.visualstudio.web.editors.integrationtests.dll" id="1e3b8881-f41b-e36b-f0b7-88f909a4b871">
      <Owners>
        <Owner name="YaLyu" />
      </Owners>
      <Execution id="98198457-0540-4fbf-a4fa-cd2972fe214f" />
      <TestMethod codeBase="C:\TestBin\IntegrationTests\Microsoft.VisualStudio.Web.Editors.IntegrationTests.DLL" adapterTypeName="executor://parameterizedtestexecutor/v1" className="Microsoft.VisualStudio.Web.Editors.IntegrationTests.Css.CssFormatTests" name="VSTest_CssFormat_EmbeddedCSS_SemiExpanded" />
    </UnitTest>
    <UnitTest name="VSTest_Completion_ForDoctypeDeclaration" storage="c:\testbin\integrationtests\microsoft.visualstudio.web.editors.integrationtests.dll" id="37feb4e0-88d5-d126-bb19-c9aa388fa89f">
      <Owners>
        <Owner name="bhsubra" />
      </Owners>
      <Execution id="e1239ddb-06f2-41cd-a91c-79255cb120c0" />
      <TestMethod codeBase="C:\TestBin\IntegrationTests\Microsoft.VisualStudio.Web.Editors.IntegrationTests.DLL" adapterTypeName="executor://parameterizedtestexecutor/v1" className="Microsoft.VisualStudio.Web.Editors.IntegrationTests.Html.CompletionTests" name="VSTest_Completion_ForDoctypeDeclaration" />
    </UnitTest>
    <UnitTest name="VSTest_JSON_SuggestedActions_RemoveDefaultValue_Invoke" storage="c:\testbin\integrationtests\microsoft.visualstudio.web.editors.integrationtests.dll" id="5f0c3f2c-fb1d-cc40-51e3-9f8c919b677d">
      <Owners>
        <Owner name="YaLyu" />
      </Owners>
      <Execution id="6d5b094a-57f6-4e2c-a6ba-0580453aadd1" />
      <TestMethod codeBase="C:\TestBin\IntegrationTests\Microsoft.VisualStudio.Web.Editors.IntegrationTests.DLL" adapterTypeName="executor://parameterizedtestexecutor/v1" className="Microsoft.VisualStudio.Web.Editors.IntegrationTests.JSON.SuggestedActions.RemoveDefaultValueTests" name="VSTest_JSON_SuggestedActions_RemoveDefaultValue_Invoke" />
    </UnitTest>
    <UnitTest name="VSTest_RazorCsFormatSwitchCaseBlock" storage="c:\testbin\integrationtests\microsoft.visualstudio.web.editors.integrationtests.dll" id="fc1b8228-4695-eb0a-975f-9c441d6637e6">
      <Owners>
        <Owner name="ToddGrun" />
      </Owners>
      <Execution id="7dc4c52f-c79b-461c-8036-0f4d55ec1218" />
      <TestMethod codeBase="C:\TestBin\IntegrationTests\Microsoft.VisualStudio.Web.Editors.IntegrationTests.DLL" adapterTypeName="executor://parameterizedtestexecutor/v1" className="Microsoft.VisualStudio.Web.Editors.IntegrationTests.Razor.Formatting.CSharpFormattingTests" name="VSTest_RazorCsFormatSwitchCaseBlock" />
    </UnitTest>
    <UnitTest name="VSTest_Html_FormatDocument_WithStyleBlockAndKeepTabsOption" storage="c:\testbin\integrationtests\microsoft.visualstudio.web.editors.integrationtests.dll" id="6563c1ca-1404-372c-dc3c-62cdd5b63c06">
      <Owners>
        <Owner name="bhsubra" />
      </Owners>
      <Execution id="417943b6-1d01-4be8-b859-b992b90754d3" />
      <TestMethod codeBase="C:\TestBin\IntegrationTests\Microsoft.VisualStudio.Web.Editors.IntegrationTests.DLL" adapterTypeName="executor://parameterizedtestexecutor/v1" className="Microsoft.VisualStudio.Web.Editors.IntegrationTests.Html.Format.FormatTests" name="VSTest_Html_FormatDocument_WithStyleBlockAndKeepTabsOption" />
    </UnitTest>
    <UnitTest name="VSTest_CSS_DiffViewer_Embedded (SideBySide)" storage="c:\testbin\integrationtests\microsoft.visualstudio.web.editors.integrationtests.dll" id="fe8aba61-c921-e5ce-89ad-b55eee0f3f34">
      <Owners>
        <Owner name="YaLyu" />
      </Owners>
      <Execution id="49681c1b-fbbc-414f-86e2-a5054ab9d556" />
      <TestMethod codeBase="C:\TestBin\IntegrationTests\Microsoft.VisualStudio.Web.Editors.IntegrationTests.DLL" adapterTypeName="executor://parameterizedtestexecutor/v1" className="Microsoft.VisualStudio.Web.Editors.IntegrationTests.Css.CssDiffTests" name="VSTest_CSS_DiffViewer_Embedded (SideBySide)" />
    </UnitTest>
    <UnitTest name="VSTest_Validate_Webforms_Invalid_Files_Scenario3" storage="c:\testbin\integrationtests\microsoft.visualstudio.web.editors.integrationtests.dll" id="73d845ae-5f19-d329-00d6-932fa514d78b">
      <Owners>
        <Owner name="bhsubra" />
      </Owners>
      <Execution id="d180ad5a-c600-4cb3-b540-031b44c6974e" />
      <TestMethod codeBase="C:\TestBin\IntegrationTests\Microsoft.VisualStudio.Web.Editors.IntegrationTests.DLL" adapterTypeName="executor://parameterizedtestexecutor/v1" className="Microsoft.VisualStudio.Web.Editors.IntegrationTests.WebForm.ValidationTests" name="VSTest_Validate_Webforms_Invalid_Files_Scenario3" />
    </UnitTest>
    <UnitTest name="VSTest_Dump_Embedded_VB_Breakpoints" storage="c:\testbin\integrationtests\microsoft.visualstudio.web.editors.integrationtests.dll" id="dda656ca-8a8e-0f24-876c-126329c5453c">
      <Owners>
        <Owner name="bhsubra" />
      </Owners>
      <Execution id="1afecc14-60f3-4310-832c-8ba05f684424" />
      <TestMethod codeBase="C:\TestBin\IntegrationTests\Microsoft.VisualStudio.Web.Editors.IntegrationTests.DLL" adapterTypeName="executor://parameterizedtestexecutor/v1" className="Microsoft.VisualStudio.Web.Editors.IntegrationTests.Html.DebugTests" name="VSTest_Dump_Embedded_VB_Breakpoints" />
    </UnitTest>
    <UnitTest name="VSTest_Script_Dump_JavaScript_Projection_Buffer" storage="c:\testbin\integrationtests\microsoft.visualstudio.web.editors.integrationtests.dll" id="6c310239-8446-6e4d-9eab-b13a6859461c">
      <Owners>
        <Owner name="AlexGav" />
      </Owners>
      <Execution id="31689672-8998-4985-8fad-35e0bdcddcdb" />
      <TestMethod codeBase="C:\TestBin\IntegrationTests\Microsoft.VisualStudio.Web.Editors.IntegrationTests.DLL" adapterTypeName="executor://parameterizedtestexecutor/v1" className="Microsoft.VisualStudio.Web.Editors.IntegrationTests.Scripting.ContainedScriptTests" name="VSTest_Script_Dump_JavaScript_Projection_Buffer" />
    </UnitTest>
    <UnitTest name="VSTest_TypingTags_Output_to_P" storage="c:\testbin\integrationtests\microsoft.visualstudio.web.editors.integrationtests.dll" id="b5663964-93bb-ce61-f87f-3dd423915f5e">
      <Owners>
        <Owner name="bhsubra" />
      </Owners>
      <Execution id="8a15c92e-e0a2-43e1-b502-3d89f2baf09f" />
      <TestMethod codeBase="C:\TestBin\IntegrationTests\Microsoft.VisualStudio.Web.Editors.IntegrationTests.DLL" adapterTypeName="executor://parameterizedtestexecutor/v1" className="Microsoft.VisualStudio.Web.Editors.IntegrationTests.Html.Typing.TypingTests" name="VSTest_TypingTags_Output_to_P" />
    </UnitTest>
    <UnitTest name="VSTest_TypingTabSelectionUndoRedo" storage="c:\testbin\integrationtests\microsoft.visualstudio.web.editors.integrationtests.dll" id="c8ee674b-be6a-fe0a-3555-9fc2c8d247f3">
      <Owners>
        <Owner name="ToddGrun" />
      </Owners>
      <Execution id="3f471f49-3a6c-4769-9aaa-a636e06e0852" />
      <TestMethod codeBase="C:\TestBin\IntegrationTests\Microsoft.VisualStudio.Web.Editors.IntegrationTests.DLL" adapterTypeName="executor://parameterizedtestexecutor/v1" className="Microsoft.VisualStudio.Web.Editors.IntegrationTests.Html.Typing.TypingCommandsTests" name="VSTest_TypingTabSelectionUndoRedo" />
    </UnitTest>
    <UnitTest name="VSTest_HtmlOutlining_SimpleEdits" storage="c:\testbin\integrationtests\microsoft.visualstudio.web.editors.integrationtests.dll" id="440d2752-7d92-497e-8f6d-8b70c51a9405">
      <Owners>
        <Owner name="ToddGrun" />
      </Owners>
      <Execution id="aa8407e0-aedd-47bf-b0d7-9fcc365f9f8d" />
      <TestMethod codeBase="C:\TestBin\IntegrationTests\Microsoft.VisualStudio.Web.Editors.IntegrationTests.DLL" adapterTypeName="executor://parameterizedtestexecutor/v1" className="Microsoft.VisualStudio.Web.Editors.IntegrationTests.Html.HtmlOutliningTests" name="VSTest_HtmlOutlining_SimpleEdits" />
    </UnitTest>
    <UnitTest name="VSTest_ScssCompletion_AllowedImportFileExtension" storage="c:\testbin\integrationtests\microsoft.visualstudio.web.editors.integrationtests.dll" id="25775317-e5d3-567f-a12e-9d47ad53d076">
      <Owners>
        <Owner name="YaLyu" />
      </Owners>
      <Execution id="203859b7-6ced-41b3-83df-fedcacdce6a6" />
      <TestMethod codeBase="C:\TestBin\IntegrationTests\Microsoft.VisualStudio.Web.Editors.IntegrationTests.DLL" adapterTypeName="executor://parameterizedtestexecutor/v1" className="Microsoft.VisualStudio.Web.Editors.IntegrationTests.Scss.ScssCompletionTests" name="VSTest_ScssCompletion_AllowedImportFileExtension" />
    </UnitTest>
    <UnitTest name="VSTest_BowerIntelliSenseTests_UnavailableVersion" storage="c:\testbin\integrationtests\microsoft.visualstudio.web.editors.integrationtests.dll" id="2b2c7617-183c-a15e-d253-a30da88bcfd6">
      <Owners>
        <Owner name="AlexGav" />
      </Owners>
      <Execution id="63b04a9e-0f21-45ee-9a6e-4745413dfcfd" />
      <TestMethod codeBase="C:\TestBin\IntegrationTests\Microsoft.VisualStudio.Web.Editors.IntegrationTests.DLL" adapterTypeName="executor://parameterizedtestexecutor/v1" className="Microsoft.VisualStudio.Web.Editors.IntegrationTests.JSON.PackageManagement.BowerIntelliSenseTests" name="VSTest_BowerIntelliSenseTests_UnavailableVersion" />
    </UnitTest>
    <UnitTest name="VSTest_TypingTags_Noscript_to_Optgroup" storage="c:\testbin\integrationtests\microsoft.visualstudio.web.editors.integrationtests.dll" id="97575886-364d-b25c-355a-717549ec865f">
      <Owners>
        <Owner name="bhsubra" />
      </Owners>
      <Execution id="9f26fbc7-4aff-43a6-9de3-6ec26cfb758d" />
      <TestMethod codeBase="C:\TestBin\IntegrationTests\Microsoft.VisualStudio.Web.Editors.IntegrationTests.DLL" adapterTypeName="executor://parameterizedtestexecutor/v1" className="Microsoft.VisualStudio.Web.Editors.IntegrationTests.Html.Typing.TypingTests" name="VSTest_TypingTags_Noscript_to_Optgroup" />
    </UnitTest>
    <UnitTest name="VSTest_RazorV4CsPasteBesidesAtSign" storage="c:\testbin\integrationtests\microsoft.visualstudio.web.editors.integrationtests.dll" id="7ce7c17d-5e83-0c4c-105b-ac44287c5ea6">
      <Owners>
        <Owner name="ToddGrun" />
      </Owners>
      <Execution id="eb4dd7c2-4a1c-4276-b9c9-c6e0dbbd3755" />
      <TestMethod codeBase="C:\TestBin\IntegrationTests\Microsoft.VisualStudio.Web.Editors.IntegrationTests.DLL" adapterTypeName="executor://parameterizedtestexecutor/v1" className="Microsoft.VisualStudio.Web.Editors.IntegrationTests.Razor.Formatting.CSharpFormattingTests" name="VSTest_RazorV4CsPasteBesidesAtSign" />
    </UnitTest>
    <UnitTest name="VSTest_Completion_SnippetContext" storage="c:\testbin\integrationtests\microsoft.visualstudio.web.editors.integrationtests.dll" id="c15557e0-cbc6-b3bf-f60c-73465f1f1196">
      <Owners>
        <Owner name="ToddGrun" />
      </Owners>
      <Execution id="31be33a3-f605-44df-bef6-ff847bb04599" />
      <TestMethod codeBase="C:\TestBin\IntegrationTests\Microsoft.VisualStudio.Web.Editors.IntegrationTests.DLL" adapterTypeName="executor://parameterizedtestexecutor/v1" className="Microsoft.VisualStudio.Web.Editors.IntegrationTests.Html.CompletionTests" name="VSTest_Completion_SnippetContext" />
    </UnitTest>
    <UnitTest name="VSTest_Bower_NavigateToHomepage" storage="c:\testbin\integrationtests\microsoft.visualstudio.web.editors.integrationtests.dll" id="315e06f8-eddd-4e29-3983-79bcf64be5fc">
      <Owners>
        <Owner name="AlexGav" />
      </Owners>
      <Execution id="8e98d1d8-3508-4731-878f-3065a08bd15b" />
      <TestMethod codeBase="C:\TestBin\IntegrationTests\Microsoft.VisualStudio.Web.Editors.IntegrationTests.DLL" adapterTypeName="executor://parameterizedtestexecutor/v1" className="Microsoft.VisualStudio.Web.Editors.IntegrationTests.JSON.PackageManagement.BowerIntelliSenseTests" name="VSTest_Bower_NavigateToHomepage" />
    </UnitTest>
    <UnitTest name="VSTest_Razor_TagHelpers_Completion_RequiredAttributes" storage="c:\testbin\integrationtests\microsoft.visualstudio.web.editors.integrationtests.dll" id="56e5faae-acf9-10b7-da4b-2fe46944c5f4">
      <Owners>
        <Owner name="ToddGrun" />
      </Owners>
      <Execution id="6175f1d2-ddb8-4bff-829a-bc1257e2a18e" />
      <TestMethod codeBase="C:\TestBin\IntegrationTests\Microsoft.VisualStudio.Web.Editors.IntegrationTests.DLL" adapterTypeName="executor://parameterizedtestexecutor/v1" className="Microsoft.VisualStudio.Web.Editors.IntegrationTests.Razor.TagHelpers.RazorTagHelperTests" name="VSTest_Razor_TagHelpers_Completion_RequiredAttributes" />
    </UnitTest>
    <UnitTest name="VSTest_Completion_Url_TypeInCSS" storage="c:\testbin\integrationtests\microsoft.visualstudio.web.editors.integrationtests.dll" id="97efed50-d6c9-3f99-9bc3-a7b3384325a4">
      <Owners>
        <Owner name="ToddGrun" />
      </Owners>
      <Execution id="92d5daf5-2b4f-421d-8de2-16514e0e5997" />
      <TestMethod codeBase="C:\TestBin\IntegrationTests\Microsoft.VisualStudio.Web.Editors.IntegrationTests.DLL" adapterTypeName="executor://parameterizedtestexecutor/v1" className="Microsoft.VisualStudio.Web.Editors.IntegrationTests.Html.CompletionTests" name="VSTest_Completion_Url_TypeInCSS" />
    </UnitTest>
    <UnitTest name="VSTest_Razor_TagHelpers_Completion_RestrictChildren" storage="c:\testbin\integrationtests\microsoft.visualstudio.web.editors.integrationtests.dll" id="eab4b2d3-cfe0-5252-49a0-7574e8b521b1">
      <Owners>
        <Owner name="ToddGrun" />
      </Owners>
      <Execution id="a317983a-1821-49fb-805f-d3526ebec091" />
      <TestMethod codeBase="C:\TestBin\IntegrationTests\Microsoft.VisualStudio.Web.Editors.IntegrationTests.DLL" adapterTypeName="executor://parameterizedtestexecutor/v1" className="Microsoft.VisualStudio.Web.Editors.IntegrationTests.Razor.TagHelpers.RazorTagHelperTests" name="VSTest_Razor_TagHelpers_Completion_RestrictChildren" />
    </UnitTest>
    <UnitTest name="VSTest_FormatTest18" storage="c:\testbin\integrationtests\microsoft.visualstudio.web.editors.integrationtests.dll" id="af27f861-5f07-e4ee-d8f5-11d6dbf68cbf">
      <Owners>
        <Owner name="ToddGrun" />
      </Owners>
      <Execution id="edab782c-f063-4fdf-a4bd-8c181c579e73" />
      <TestMethod codeBase="C:\TestBin\IntegrationTests\Microsoft.VisualStudio.Web.Editors.IntegrationTests.DLL" adapterTypeName="executor://parameterizedtestexecutor/v1" className="Microsoft.VisualStudio.Web.Editors.IntegrationTests.Html.Format.FormatTests" name="VSTest_FormatTest18" />
    </UnitTest>
    <UnitTest name="VSTest_HtmlOutlining_ComplexEdits" storage="c:\testbin\integrationtests\microsoft.visualstudio.web.editors.integrationtests.dll" id="a040948f-80f5-c500-fb3b-bc99e46b82de">
      <Owners>
        <Owner name="ToddGrun" />
      </Owners>
      <Execution id="d1215c83-f01b-4d99-979b-b0f88a81ef70" />
      <TestMethod codeBase="C:\TestBin\IntegrationTests\Microsoft.VisualStudio.Web.Editors.IntegrationTests.DLL" adapterTypeName="executor://parameterizedtestexecutor/v1" className="Microsoft.VisualStudio.Web.Editors.IntegrationTests.Html.HtmlOutliningTests" name="VSTest_HtmlOutlining_ComplexEdits" />
    </UnitTest>
    <UnitTest name="VSTest_RazorV4CshtmlClassification" storage="c:\testbin\integrationtests\microsoft.visualstudio.web.editors.integrationtests.dll" id="96da157d-0900-7fbe-6e80-7daa60a92c1e">
      <Owners>
        <Owner name="ToddGrun" />
      </Owners>
      <Execution id="10a10bec-84d2-408a-9e71-8d73947d3e46" />
      <TestMethod codeBase="C:\TestBin\IntegrationTests\Microsoft.VisualStudio.Web.Editors.IntegrationTests.DLL" adapterTypeName="executor://parameterizedtestexecutor/v1" className="Microsoft.VisualStudio.Web.Editors.IntegrationTests.Razor.General.CSharpGeneralTests" name="VSTest_RazorV4CshtmlClassification" />
    </UnitTest>
    <UnitTest name="VSTest_RazorCshtmlSurroundSnippet" storage="c:\testbin\integrationtests\microsoft.visualstudio.web.editors.integrationtests.dll" id="b4a95437-7673-c1d1-517a-c8c8a3efd1f7">
      <Owners>
        <Owner name="ToddGrun" />
      </Owners>
      <Execution id="e785c5ab-cded-46a7-b3bd-be714d359423" />
      <TestMethod codeBase="C:\TestBin\IntegrationTests\Microsoft.VisualStudio.Web.Editors.IntegrationTests.DLL" adapterTypeName="executor://parameterizedtestexecutor/v1" className="Microsoft.VisualStudio.Web.Editors.IntegrationTests.Razor.General.CSharpGeneralTests" name="VSTest_RazorCshtmlSurroundSnippet" />
    </UnitTest>
    <UnitTest name="VSTest_JSON_PasteObjectLiteral_WholeFile" storage="c:\testbin\integrationtests\microsoft.visualstudio.web.editors.integrationtests.dll" id="9973abf2-a8aa-d93b-3472-11f69965ea21">
      <Owners>
        <Owner name="YaLyu" />
      </Owners>
      <Execution id="05d9c976-2842-4da9-9891-05532c6d6c53" />
      <TestMethod codeBase="C:\TestBin\IntegrationTests\Microsoft.VisualStudio.Web.Editors.IntegrationTests.DLL" adapterTypeName="executor://parameterizedtestexecutor/v1" className="Microsoft.VisualStudio.Web.Editors.IntegrationTests.JSON.PasteJavascriptObjectLiteralAsJSONTests" name="VSTest_JSON_PasteObjectLiteral_WholeFile" />
    </UnitTest>
    <UnitTest name="VSTest_CssFormat_EmbeddedCSS_Compact" storage="c:\testbin\integrationtests\microsoft.visualstudio.web.editors.integrationtests.dll" id="57f00b90-e89e-7c21-6985-1997247e73a1">
      <Owners>
        <Owner name="YaLyu" />
      </Owners>
      <Execution id="c68fc90d-db52-4e3f-81e3-9e9fd31ce737" />
      <TestMethod codeBase="C:\TestBin\IntegrationTests\Microsoft.VisualStudio.Web.Editors.IntegrationTests.DLL" adapterTypeName="executor://parameterizedtestexecutor/v1" className="Microsoft.VisualStudio.Web.Editors.IntegrationTests.Css.CssFormatTests" name="VSTest_CssFormat_EmbeddedCSS_Compact" />
    </UnitTest>
    <UnitTest name="VSTest_CssAttributeCompletion_ClassName_Html" storage="c:\testbin\integrationtests\microsoft.visualstudio.web.editors.integrationtests.dll" id="0ab9ceff-df6c-10a5-2df1-bd7b75c35dfe">
      <Owners>
        <Owner name="YaLyu" />
      </Owners>
      <Execution id="31e3ee71-9e99-4eb6-bf62-4802ead16814" />
      <TestMethod codeBase="C:\TestBin\IntegrationTests\Microsoft.VisualStudio.Web.Editors.IntegrationTests.DLL" adapterTypeName="executor://parameterizedtestexecutor/v1" className="Microsoft.VisualStudio.Web.Editors.IntegrationTests.Css.CssAttributeTests" name="VSTest_CssAttributeCompletion_ClassName_Html" />
    </UnitTest>
    <UnitTest name="VSTest_Completion_TypeScriptBeforeRazorCode" storage="c:\testbin\integrationtests\microsoft.visualstudio.web.editors.integrationtests.dll" id="f1d506df-931b-859b-b89f-36e13a4a9c7f">
      <Owners>
        <Owner name="ToddGrun" />
      </Owners>
      <Execution id="655d6ed3-3840-40e5-ac23-fc9b81419a25" />
      <TestMethod codeBase="C:\TestBin\IntegrationTests\Microsoft.VisualStudio.Web.Editors.IntegrationTests.DLL" adapterTypeName="executor://parameterizedtestexecutor/v1" className="Microsoft.VisualStudio.Web.Editors.IntegrationTests.Razor.Completion.CompletionTests" name="VSTest_Completion_TypeScriptBeforeRazorCode" />
    </UnitTest>
    <UnitTest name="VSTest_RazorCsFormatCodeBlock_PasteRazorContent" storage="c:\testbin\integrationtests\microsoft.visualstudio.web.editors.integrationtests.dll" id="e5fc4e28-5a20-e9ed-2a19-08b4c069426b">
      <Owners>
        <Owner name="ToddGrun" />
      </Owners>
      <Execution id="ee6e6549-8bb7-4a9b-8ff9-196ea8793f7a" />
      <TestMethod codeBase="C:\TestBin\IntegrationTests\Microsoft.VisualStudio.Web.Editors.IntegrationTests.DLL" adapterTypeName="executor://parameterizedtestexecutor/v1" className="Microsoft.VisualStudio.Web.Editors.IntegrationTests.Razor.Formatting.CSharpFormattingTests" name="VSTest_RazorCsFormatCodeBlock_PasteRazorContent" />
    </UnitTest>
    <UnitTest name="VSTest_RazorV4UndoRedo" storage="c:\testbin\integrationtests\microsoft.visualstudio.web.editors.integrationtests.dll" id="310072c3-1610-501e-adf0-668a692fb698">
      <Owners>
        <Owner name="ToddGrun" />
      </Owners>
      <Execution id="a372e50a-6a0a-48f7-8491-49beefa7a1ba" />
      <TestMethod codeBase="C:\TestBin\IntegrationTests\Microsoft.VisualStudio.Web.Editors.IntegrationTests.DLL" adapterTypeName="executor://parameterizedtestexecutor/v1" className="Microsoft.VisualStudio.Web.Editors.IntegrationTests.Razor.General.CSharpGeneralTests" name="VSTest_RazorV4UndoRedo" />
    </UnitTest>
    <UnitTest name="VSTest_CssCompletion_ColorPickerTriggers" storage="c:\testbin\integrationtests\microsoft.visualstudio.web.editors.integrationtests.dll" id="a3538f01-6029-d9dd-d1e1-ef4b9aed2cdb">
      <Owners>
        <Owner name="YaLyu" />
      </Owners>
      <Execution id="651508ff-96b6-474f-90eb-585cc33a4725" />
      <TestMethod codeBase="C:\TestBin\IntegrationTests\Microsoft.VisualStudio.Web.Editors.IntegrationTests.DLL" adapterTypeName="executor://parameterizedtestexecutor/v1" className="Microsoft.VisualStudio.Web.Editors.IntegrationTests.CSS.CssCompletionTests" name="VSTest_CssCompletion_ColorPickerTriggers" />
    </UnitTest>
    <UnitTest name="VSTest_TypingTags_Article_to_Aside" storage="c:\testbin\integrationtests\microsoft.visualstudio.web.editors.integrationtests.dll" id="8776321e-4c26-ba96-42b5-9d702e14a502">
      <Owners>
        <Owner name="ToddGrun" />
      </Owners>
      <Execution id="d2d1f269-9f61-425c-8398-c5299fbf2730" />
      <TestMethod codeBase="C:\TestBin\IntegrationTests\Microsoft.VisualStudio.Web.Editors.IntegrationTests.DLL" adapterTypeName="executor://parameterizedtestexecutor/v1" className="Microsoft.VisualStudio.Web.Editors.IntegrationTests.Html.Typing.TypingTests" name="VSTest_TypingTags_Article_to_Aside" />
    </UnitTest>
    <UnitTest name="VSTest_FormatOnPastePTag" storage="c:\testbin\integrationtests\microsoft.visualstudio.web.editors.integrationtests.dll" id="d5c7164c-8a3d-8d6a-3fbe-5bb91d3664f7">
      <Owners>
        <Owner name="ToddGrun" />
      </Owners>
      <Execution id="32d7fe1f-c459-49f8-b941-8aaaf73f8289" />
      <TestMethod codeBase="C:\TestBin\IntegrationTests\Microsoft.VisualStudio.Web.Editors.IntegrationTests.DLL" adapterTypeName="executor://parameterizedtestexecutor/v1" className="Microsoft.VisualStudio.Web.Editors.IntegrationTests.Html.Format.FormatOnPasteTests" name="VSTest_FormatOnPastePTag" />
    </UnitTest>
    <UnitTest name="VSTest_SmartIndentInJSInRazor" storage="c:\testbin\integrationtests\microsoft.visualstudio.web.editors.integrationtests.dll" id="f395455a-f83d-d9ea-3198-a14795721a40">
      <Owners>
        <Owner name="ToddGrun" />
      </Owners>
      <Execution id="29b14f89-2e6a-47b9-81cc-c14e626adb78" />
      <TestMethod codeBase="C:\TestBin\IntegrationTests\Microsoft.VisualStudio.Web.Editors.IntegrationTests.DLL" adapterTypeName="executor://parameterizedtestexecutor/v1" className="Microsoft.VisualStudio.Web.Editors.IntegrationTests.Html.SmartIndentTests" name="VSTest_SmartIndentInJSInRazor" />
    </UnitTest>
    <UnitTest name="VSTest_CSS_EmbeddedCSSCompletionContents" storage="c:\testbin\integrationtests\microsoft.visualstudio.web.editors.integrationtests.dll" id="d846c4e4-19e1-a3f8-af9d-073b9f30d023">
      <Owners>
        <Owner name="YaLyu" />
      </Owners>
      <Execution id="c96a8dc1-7e69-4f5b-94e7-2a20f5c2bb30" />
      <TestMethod codeBase="C:\TestBin\IntegrationTests\Microsoft.VisualStudio.Web.Editors.IntegrationTests.DLL" adapterTypeName="executor://parameterizedtestexecutor/v1" className="Microsoft.VisualStudio.Web.Editors.IntegrationTests.CSS.CssCompletionTests" name="VSTest_CSS_EmbeddedCSSCompletionContents" />
    </UnitTest>
    <UnitTest name="VSTest_TypingOptionsXHTMLCodingStyleFalse" storage="c:\testbin\integrationtests\microsoft.visualstudio.web.editors.integrationtests.dll" id="f53a5c21-2644-43c4-21bf-7753c6054d14">
      <Owners>
        <Owner name="ToddGrun" />
      </Owners>
      <Execution id="e2e8f6db-d2b9-430a-8dfb-7f3568fcf174" />
      <TestMethod codeBase="C:\TestBin\IntegrationTests\Microsoft.VisualStudio.Web.Editors.IntegrationTests.DLL" adapterTypeName="executor://parameterizedtestexecutor/v1" className="Microsoft.VisualStudio.Web.Editors.IntegrationTests.Html.Typing.TypingOptionsTests" name="VSTest_TypingOptionsXHTMLCodingStyleFalse" />
    </UnitTest>
    <UnitTest name="VSTest_Validate_AddEndCommentValidation" storage="c:\testbin\integrationtests\microsoft.visualstudio.web.editors.integrationtests.dll" id="fe627c28-3362-0f8e-45a1-63dac3c43d5e">
      <Owners>
        <Owner name="bhsubra" />
      </Owners>
      <Execution id="d5c7b61e-e7cf-421c-bd1d-d35d040b8c94" />
      <TestMethod codeBase="C:\TestBin\IntegrationTests\Microsoft.VisualStudio.Web.Editors.IntegrationTests.DLL" adapterTypeName="executor://parameterizedtestexecutor/v1" className="Microsoft.VisualStudio.Web.Editors.IntegrationTests.Html.ValidationTests" name="VSTest_Validate_AddEndCommentValidation" />
    </UnitTest>
    <UnitTest name="VSTest_CSSTyping_MultiLineComment" storage="c:\testbin\integrationtests\microsoft.visualstudio.web.editors.integrationtests.dll" id="cc699c03-febb-3a32-cfcd-4ff11926b0a6">
      <Owners>
        <Owner name="YaLyu" />
      </Owners>
      <Execution id="d5ddfbc7-e6be-41b2-a715-a44e8989f726" />
      <TestMethod codeBase="C:\TestBin\IntegrationTests\Microsoft.VisualStudio.Web.Editors.IntegrationTests.DLL" adapterTypeName="executor://parameterizedtestexecutor/v1" className="Microsoft.VisualStudio.Web.Editors.IntegrationTests.Css.CssTypingTests" name="VSTest_CSSTyping_MultiLineComment" />
    </UnitTest>
    <UnitTest name="VSTest_RazorVbFormatCommentWithKeyword" storage="c:\testbin\integrationtests\microsoft.visualstudio.web.editors.integrationtests.dll" id="71421ddd-88e2-b659-6e41-ddbbfba070a0">
      <Owners>
        <Owner name="ToddGrun" />
      </Owners>
      <Execution id="1efd9b05-aafe-49c8-a601-632fd6b0fb8f" />
      <TestMethod codeBase="C:\TestBin\IntegrationTests\Microsoft.VisualStudio.Web.Editors.IntegrationTests.DLL" adapterTypeName="executor://parameterizedtestexecutor/v1" className="Microsoft.VisualStudio.Web.Editors.IntegrationTests.Razor.Formatting.VBFormattingTests" name="VSTest_RazorVbFormatCommentWithKeyword" />
    </UnitTest>
    <UnitTest name="VSTest_CSSTyping_SampleCss" storage="c:\testbin\integrationtests\microsoft.visualstudio.web.editors.integrationtests.dll" id="16fb3848-50f9-e3fc-c8ef-277ffc8e956d">
      <Owners>
        <Owner name="YaLyu" />
      </Owners>
      <Execution id="ae4bd9a2-ef74-45c5-ad48-8223983c1f79" />
      <TestMethod codeBase="C:\TestBin\IntegrationTests\Microsoft.VisualStudio.Web.Editors.IntegrationTests.DLL" adapterTypeName="executor://parameterizedtestexecutor/v1" className="Microsoft.VisualStudio.Web.Editors.IntegrationTests.Css.CssTypingTests" name="VSTest_CSSTyping_SampleCss" />
    </UnitTest>
    <UnitTest name="VSTest_RazorV3SmokeTest" storage="c:\testbin\integrationtests\microsoft.visualstudio.web.editors.integrationtests.dll" id="b0f118d9-79d8-e242-cb96-42642bb2753d">
      <Owners>
        <Owner name="ToddGrun" />
      </Owners>
      <Execution id="8b59d939-2623-47d4-b407-50eae2ea0e2b" />
      <TestMethod codeBase="C:\TestBin\IntegrationTests\Microsoft.VisualStudio.Web.Editors.IntegrationTests.DLL" adapterTypeName="executor://parameterizedtestexecutor/v1" className="Microsoft.VisualStudio.Web.Editors.IntegrationTests.Razor.General.CSharpGeneralTests" name="VSTest_RazorV3SmokeTest" />
    </UnitTest>
    <UnitTest name="VSTest_Completion_Icons" storage="c:\testbin\integrationtests\microsoft.visualstudio.web.editors.integrationtests.dll" id="771c4a6d-0d1c-f8f0-dd7f-cd63001443e3">
      <Owners>
        <Owner name="ToddGrun" />
      </Owners>
      <Execution id="c583fc2a-a2c4-446a-880a-de0f420281dc" />
      <TestMethod codeBase="C:\TestBin\IntegrationTests\Microsoft.VisualStudio.Web.Editors.IntegrationTests.DLL" adapterTypeName="executor://parameterizedtestexecutor/v1" className="Microsoft.VisualStudio.Web.Editors.IntegrationTests.Html.CompletionTests" name="VSTest_Completion_Icons" />
    </UnitTest>
    <UnitTest name="VSTest_Validate_Html5TransparentRoot" storage="c:\testbin\integrationtests\microsoft.visualstudio.web.editors.integrationtests.dll" id="a659d137-f60e-3e3c-458d-c6b2b9dd05e5">
      <Owners>
        <Owner name="bhsubra" />
      </Owners>
      <Execution id="660461f2-4ee5-4a8a-9358-6a799d58acf2" />
      <TestMethod codeBase="C:\TestBin\IntegrationTests\Microsoft.VisualStudio.Web.Editors.IntegrationTests.DLL" adapterTypeName="executor://parameterizedtestexecutor/v1" className="Microsoft.VisualStudio.Web.Editors.IntegrationTests.Html.ValidationTests" name="VSTest_Validate_Html5TransparentRoot" />
    </UnitTest>
    <UnitTest name="VSTest_Completion_DataAttribute" storage="c:\testbin\integrationtests\microsoft.visualstudio.web.editors.integrationtests.dll" id="3e9d6628-656d-3ad3-ed41-0a224fbbb952">
      <Owners>
        <Owner name="ToddGrun" />
      </Owners>
      <Execution id="b4dbef6c-9eb1-4761-892c-ca7ebabfb492" />
      <TestMethod codeBase="C:\TestBin\IntegrationTests\Microsoft.VisualStudio.Web.Editors.IntegrationTests.DLL" adapterTypeName="executor://parameterizedtestexecutor/v1" className="Microsoft.VisualStudio.Web.Editors.IntegrationTests.Html.CompletionTests" name="VSTest_Completion_DataAttribute" />
    </UnitTest>
    <UnitTest name="VSTest_TypingTags_Comment_to_Address" storage="c:\testbin\integrationtests\microsoft.visualstudio.web.editors.integrationtests.dll" id="273d8c86-f447-94c8-0f27-a9624ee0971b">
      <Owners>
        <Owner name="ToddGrun" />
      </Owners>
      <Execution id="d7ad4e3b-3065-45ea-8d62-1cdb3c0a6e8c" />
      <TestMethod codeBase="C:\TestBin\IntegrationTests\Microsoft.VisualStudio.Web.Editors.IntegrationTests.DLL" adapterTypeName="executor://parameterizedtestexecutor/v1" className="Microsoft.VisualStudio.Web.Editors.IntegrationTests.Html.Typing.TypingTests" name="VSTest_TypingTags_Comment_to_Address" />
    </UnitTest>
    <UnitTest name="VSTest_TypingTags_Canvas_and_Svg" storage="c:\testbin\integrationtests\microsoft.visualstudio.web.editors.integrationtests.dll" id="8e8b9105-3d8b-c6cb-48ea-27ed90032f9d">
      <Owners>
        <Owner name="ToddGrun" />
      </Owners>
      <Execution id="74defffc-ce34-4127-ac9a-e4b3d79dfcac" />
      <TestMethod codeBase="C:\TestBin\IntegrationTests\Microsoft.VisualStudio.Web.Editors.IntegrationTests.DLL" adapterTypeName="executor://parameterizedtestexecutor/v1" className="Microsoft.VisualStudio.Web.Editors.IntegrationTests.Html.Typing.TypingTests" name="VSTest_TypingTags_Canvas_and_Svg" />
    </UnitTest>
    <UnitTest name="VSTest_LessCompletion_SignatureHelp" storage="c:\testbin\integrationtests\microsoft.visualstudio.web.editors.integrationtests.dll" id="8e7fc31a-a5f7-7d1f-e6e1-6f104fde9a53">
      <Owners>
        <Owner name="YaLyu" />
      </Owners>
      <Execution id="d6b25d0e-b290-4aac-96f8-081a19643c1f" />
      <TestMethod codeBase="C:\TestBin\IntegrationTests\Microsoft.VisualStudio.Web.Editors.IntegrationTests.DLL" adapterTypeName="executor://parameterizedtestexecutor/v1" className="Microsoft.VisualStudio.Web.Editors.IntegrationTests.Less.LessCompletionTests" name="VSTest_LessCompletion_SignatureHelp" />
    </UnitTest>
    <UnitTest name="VSTest_Parser_ScriptTagTest" storage="c:\testbin\integrationtests\microsoft.visualstudio.web.editors.integrationtests.dll" id="805ff533-34fb-13ff-d48a-a07d437e1f66">
      <Owners>
        <Owner name="ToddGrun" />
      </Owners>
      <Execution id="aa37305f-49a1-451d-80b4-eb2a7babd573" />
      <TestMethod codeBase="C:\TestBin\IntegrationTests\Microsoft.VisualStudio.Web.Editors.IntegrationTests.DLL" adapterTypeName="executor://parameterizedtestexecutor/v1" className="Microsoft.VisualStudio.Web.Editors.IntegrationTests.Html.ParserTests" name="VSTest_Parser_ScriptTagTest" />
    </UnitTest>
    <UnitTest name="VSTest_Validate_Html5_Unknown_Xml_Elements" storage="c:\testbin\integrationtests\microsoft.visualstudio.web.editors.integrationtests.dll" id="1ee95a73-4196-4c25-8512-a38ee5ff7f26">
      <Owners>
        <Owner name="bhsubra" />
      </Owners>
      <Execution id="76bb439c-b07b-4be3-a4d9-ed4a71fcd80d" />
      <TestMethod codeBase="C:\TestBin\IntegrationTests\Microsoft.VisualStudio.Web.Editors.IntegrationTests.DLL" adapterTypeName="executor://parameterizedtestexecutor/v1" className="Microsoft.VisualStudio.Web.Editors.IntegrationTests.WebForm.ValidationTests" name="VSTest_Validate_Html5_Unknown_Xml_Elements" />
    </UnitTest>
    <UnitTest name="VSTest_Validate_Webforms_Invalid_Files_Scenario1" storage="c:\testbin\integrationtests\microsoft.visualstudio.web.editors.integrationtests.dll" id="ff371a94-14c1-16f7-bf50-ddd3b75c3538">
      <Owners>
        <Owner name="bhsubra" />
      </Owners>
      <Execution id="572bac60-7af8-4472-afac-4f11d098b91e" />
      <TestMethod codeBase="C:\TestBin\IntegrationTests\Microsoft.VisualStudio.Web.Editors.IntegrationTests.DLL" adapterTypeName="executor://parameterizedtestexecutor/v1" className="Microsoft.VisualStudio.Web.Editors.IntegrationTests.WebForm.ValidationTests" name="VSTest_Validate_Webforms_Invalid_Files_Scenario1" />
    </UnitTest>
    <UnitTest name="VSTest_Html_DiffViewer (LeftOnly)" storage="c:\testbin\integrationtests\microsoft.visualstudio.web.editors.integrationtests.dll" id="8eeaff24-d262-b6b0-8ef9-b4aede553e83">
      <Owners>
        <Owner name="bhsubra" />
      </Owners>
      <Execution id="9fd62c9a-4ed0-4337-b7a7-c8fb1c636a62" />
      <TestMethod codeBase="C:\TestBin\IntegrationTests\Microsoft.VisualStudio.Web.Editors.IntegrationTests.DLL" adapterTypeName="executor://parameterizedtestexecutor/v1" className="Microsoft.VisualStudio.Web.Editors.IntegrationTests.Html.HtmlDiffTests" name="VSTest_Html_DiffViewer (LeftOnly)" />
    </UnitTest>
    <UnitTest name="VSTest_Completion_Url_FilterExtensions" storage="c:\testbin\integrationtests\microsoft.visualstudio.web.editors.integrationtests.dll" id="4ccc5e0d-d251-473d-5fed-c093055c6528">
      <Owners>
        <Owner name="ToddGrun" />
      </Owners>
      <Execution id="ad6b048b-1633-4d27-8341-370e146bd326" />
      <TestMethod codeBase="C:\TestBin\IntegrationTests\Microsoft.VisualStudio.Web.Editors.IntegrationTests.DLL" adapterTypeName="executor://parameterizedtestexecutor/v1" className="Microsoft.VisualStudio.Web.Editors.IntegrationTests.Html.CompletionTests" name="VSTest_Completion_Url_FilterExtensions" />
    </UnitTest>
    <UnitTest name="VSTest_CSSTyping_TypeThrough" storage="c:\testbin\integrationtests\microsoft.visualstudio.web.editors.integrationtests.dll" id="d98252d4-bff3-a6b7-b45e-499749981356">
      <Owners>
        <Owner name="YaLyu" />
      </Owners>
      <Execution id="f58628b8-1fa8-4611-a04a-c19a9faf11ec" />
      <TestMethod codeBase="C:\TestBin\IntegrationTests\Microsoft.VisualStudio.Web.Editors.IntegrationTests.DLL" adapterTypeName="executor://parameterizedtestexecutor/v1" className="Microsoft.VisualStudio.Web.Editors.IntegrationTests.Css.CssTypingTests" name="VSTest_CSSTyping_TypeThrough" />
    </UnitTest>
    <UnitTest name="VSTest_JSON_Schema_Catalog" storage="c:\testbin\integrationtests\microsoft.visualstudio.web.editors.integrationtests.dll" id="98a3b46f-c283-782d-a215-f185ac09e0a5">
      <Owners>
        <Owner name="YaLyu" />
      </Owners>
      <Execution id="faa1ce33-8316-4f83-adc3-13b7ff692df1" />
      <TestMethod codeBase="C:\TestBin\IntegrationTests\Microsoft.VisualStudio.Web.Editors.IntegrationTests.DLL" adapterTypeName="executor://parameterizedtestexecutor/v1" className="Microsoft.VisualStudio.Web.Editors.IntegrationTests.JSON.Schema.Microsoft.VisualStudio.Web.Editors.IntegrationTests.JSON.Schema.SchemaCatalogTests" name="VSTest_JSON_Schema_Catalog" />
    </UnitTest>
    <UnitTest name="VSTest_JSON_SchemaValidation_FixBasicValidationErrors" storage="c:\testbin\integrationtests\microsoft.visualstudio.web.editors.integrationtests.dll" id="4bd39737-4d99-6754-4562-b16fbd2fd0e8">
      <Owners>
        <Owner name="YaLyu" />
      </Owners>
      <Execution id="42c34951-a068-4232-bc1a-1d5eb6b47743" />
      <TestMethod codeBase="C:\TestBin\IntegrationTests\Microsoft.VisualStudio.Web.Editors.IntegrationTests.DLL" adapterTypeName="executor://parameterizedtestexecutor/v1" className="Microsoft.VisualStudio.Web.Editors.IntegrationTests.JSON.SchemaValidation" name="VSTest_JSON_SchemaValidation_FixBasicValidationErrors" />
    </UnitTest>
    <UnitTest name="VSTest_JSON_OpenSchemaSelectionDropdownWithKeyboardShortcut" storage="c:\testbin\integrationtests\microsoft.visualstudio.web.editors.integrationtests.dll" id="5eddf290-478e-55c6-32d6-e1463c8c265c">
      <Owners>
        <Owner name="YaLyu" />
      </Owners>
      <Execution id="d020f68c-4ea5-40d1-a6ac-3b91bc7977cd" />
      <TestMethod codeBase="C:\TestBin\IntegrationTests\Microsoft.VisualStudio.Web.Editors.IntegrationTests.DLL" adapterTypeName="executor://parameterizedtestexecutor/v1" className="Microsoft.VisualStudio.Web.Editors.IntegrationTests.JSON.Commands.JSONFocusSchemaSelectionDropdownCommandHandlerTests" name="VSTest_JSON_OpenSchemaSelectionDropdownWithKeyboardShortcut" />
    </UnitTest>
    <UnitTest name="VSTest_JSON_SchemaValidation_NoValidationErrors" storage="c:\testbin\integrationtests\microsoft.visualstudio.web.editors.integrationtests.dll" id="646abb98-450c-6cc8-1e85-fb66e61e9bf1">
      <Owners>
        <Owner name="YaLyu" />
      </Owners>
      <Execution id="c1cf0624-122a-4e4e-88d4-cb8e8ad20477" />
      <TestMethod codeBase="C:\TestBin\IntegrationTests\Microsoft.VisualStudio.Web.Editors.IntegrationTests.DLL" adapterTypeName="executor://parameterizedtestexecutor/v1" className="Microsoft.VisualStudio.Web.Editors.IntegrationTests.JSON.SchemaValidation" name="VSTest_JSON_SchemaValidation_NoValidationErrors" />
    </UnitTest>
    <UnitTest name="VSTest_JSON_PasteObjectLiteral_MemberValueAlreadyCorrect" storage="c:\testbin\integrationtests\microsoft.visualstudio.web.editors.integrationtests.dll" id="3afae53f-7058-788a-1e27-de414aa7fdec">
      <Owners>
        <Owner name="YaLyu" />
      </Owners>
      <Execution id="8ece7f98-b57a-48ea-854c-ce9bc06c7189" />
      <TestMethod codeBase="C:\TestBin\IntegrationTests\Microsoft.VisualStudio.Web.Editors.IntegrationTests.DLL" adapterTypeName="executor://parameterizedtestexecutor/v1" className="Microsoft.VisualStudio.Web.Editors.IntegrationTests.JSON.PasteJavascriptObjectLiteralAsJSONTests" name="VSTest_JSON_PasteObjectLiteral_MemberValueAlreadyCorrect" />
    </UnitTest>
    <UnitTest name="VSTest_RazorV3Vb_FormatSelection_AndMoveCaret" storage="c:\testbin\integrationtests\microsoft.visualstudio.web.editors.integrationtests.dll" id="9700fe24-b2b5-e228-0529-3ea4e493229f">
      <Owners>
        <Owner name="bhsubra" />
      </Owners>
      <Execution id="f8419202-6355-44af-bd08-e3c73f7ee6ab" />
      <TestMethod codeBase="C:\TestBin\IntegrationTests\Microsoft.VisualStudio.Web.Editors.IntegrationTests.DLL" adapterTypeName="executor://parameterizedtestexecutor/v1" className="Microsoft.VisualStudio.Web.Editors.IntegrationTests.Razor.Formatting.VBFormattingTests" name="VSTest_RazorV3Vb_FormatSelection_AndMoveCaret" />
    </UnitTest>
    <UnitTest name="VSTest_RazorV4CshtmlTypeCodeBlock" storage="c:\testbin\integrationtests\microsoft.visualstudio.web.editors.integrationtests.dll" id="35a18c9c-98af-8436-f1d6-79074a88de6b">
      <Owners>
        <Owner name="ToddGrun" />
      </Owners>
      <Execution id="49457274-2534-481b-a438-33378fd677ea" />
      <TestMethod codeBase="C:\TestBin\IntegrationTests\Microsoft.VisualStudio.Web.Editors.IntegrationTests.DLL" adapterTypeName="executor://parameterizedtestexecutor/v1" className="Microsoft.VisualStudio.Web.Editors.IntegrationTests.Razor.General.CSharpGeneralTests" name="VSTest_RazorV4CshtmlTypeCodeBlock" />
    </UnitTest>
    <UnitTest name="VSTest_Colorization_Razor" storage="c:\testbin\integrationtests\microsoft.visualstudio.web.editors.integrationtests.dll" id="2a5aaa71-fcb7-25b7-537c-ff48bb29c002">
      <Owners>
        <Owner name="ToddGrun" />
      </Owners>
      <Execution id="d75f4048-051a-4c8e-bfaf-30d6b6d4ad36" />
      <TestMethod codeBase="C:\TestBin\IntegrationTests\Microsoft.VisualStudio.Web.Editors.IntegrationTests.DLL" adapterTypeName="executor://parameterizedtestexecutor/v1" className="Microsoft.VisualStudio.Web.Editors.IntegrationTests.Razor.Colorization.ColorizationTests" name="VSTest_Colorization_Razor" />
    </UnitTest>
    <UnitTest name="VSTest_CSS_SmartIndentInCSSInHTML" storage="c:\testbin\integrationtests\microsoft.visualstudio.web.editors.integrationtests.dll" id="9ad5782c-f792-109c-ddc6-8eeee1b1cf4d">
      <Owners>
        <Owner name="YaLyu" />
      </Owners>
      <Execution id="d6ca410a-896b-44f1-8c0f-bb5c696fb5d4" />
      <TestMethod codeBase="C:\TestBin\IntegrationTests\Microsoft.VisualStudio.Web.Editors.IntegrationTests.DLL" adapterTypeName="executor://parameterizedtestexecutor/v1" className="Microsoft.VisualStudio.Web.Editors.IntegrationTests.Css.CssSmartIndentTests" name="VSTest_CSS_SmartIndentInCSSInHTML" />
    </UnitTest>
    <UnitTest name="VSTest_Html_DropFromSolutionExplorer" storage="c:\testbin\integrationtests\microsoft.visualstudio.web.editors.integrationtests.dll" id="075a0438-baea-d6a9-45f0-ab3560510654">
      <Owners>
        <Owner name="ToddGrun" />
      </Owners>
      <Execution id="b7c7f78c-5eb0-4e8c-bc55-4687256babe9" />
      <TestMethod codeBase="C:\TestBin\IntegrationTests\Microsoft.VisualStudio.Web.Editors.IntegrationTests.DLL" adapterTypeName="executor://parameterizedtestexecutor/v1" className="Microsoft.VisualStudio.Web.Editors.IntegrationTests.Html.DragAndDropTests" name="VSTest_Html_DropFromSolutionExplorer" />
    </UnitTest>
    <UnitTest name="VSTest_CommentContent_Todo_EndToEnd_Html" storage="c:\testbin\integrationtests\microsoft.visualstudio.web.editors.integrationtests.dll" id="3d05c67d-f6e7-82b0-61d8-89ede0358e20">
      <Owners>
        <Owner name="AlexGav" />
      </Owners>
      <Execution id="ccaf84cc-860b-46b4-bc53-3d0491aaac14" />
      <TestMethod codeBase="C:\TestBin\IntegrationTests\Microsoft.VisualStudio.Web.Editors.IntegrationTests.DLL" adapterTypeName="executor://parameterizedtestexecutor/v1" className="Microsoft.VisualStudio.Web.Editors.IntegrationTests.Html.CommentContentTests" name="VSTest_CommentContent_Todo_EndToEnd_Html" />
    </UnitTest>
    <UnitTest name="VSTest_Generate_AttrModel_Methods_WebSite_Code_Inline_VB" storage="c:\testbin\integrationtests\microsoft.visualstudio.web.editors.integrationtests.dll" id="1811d582-322d-c547-f408-2b7514e04bcf">
      <Owners>
        <Owner name="bhsubra" />
      </Owners>
      <Execution id="445481fc-1da8-46d2-be3b-e15953c6c0cc" />
      <TestMethod codeBase="C:\TestBin\IntegrationTests\Microsoft.VisualStudio.Web.Editors.IntegrationTests.DLL" adapterTypeName="executor://parameterizedtestexecutor/v1" className="Microsoft.VisualStudio.Web.Editors.IntegrationTests.WebForm.GenerateDataMethodTests" name="VSTest_Generate_AttrModel_Methods_WebSite_Code_Inline_VB" />
    </UnitTest>
    <UnitTest name="VSTest_TypingTags_Source_to_Textarea" storage="c:\testbin\integrationtests\microsoft.visualstudio.web.editors.integrationtests.dll" id="7451f764-824c-2e1c-c094-88607c0434fe">
      <Owners>
        <Owner name="ToddGrun" />
      </Owners>
      <Execution id="d9a33b27-f7f4-4b22-a942-e7e3e996880a" />
      <TestMethod codeBase="C:\TestBin\IntegrationTests\Microsoft.VisualStudio.Web.Editors.IntegrationTests.DLL" adapterTypeName="executor://parameterizedtestexecutor/v1" className="Microsoft.VisualStudio.Web.Editors.IntegrationTests.Html.Typing.TypingTests" name="VSTest_TypingTags_Source_to_Textarea" />
    </UnitTest>
    <UnitTest name="VSTest_Html_FormatOnPaste_WithHandleBars" storage="c:\testbin\integrationtests\microsoft.visualstudio.web.editors.integrationtests.dll" id="93fbb387-b38f-d07e-d95a-c104766d4c25">
      <Owners>
        <Owner name="bhsubra" />
      </Owners>
      <Execution id="7bbbb879-f769-42df-9729-c549a1340f8e" />
      <TestMethod codeBase="C:\TestBin\IntegrationTests\Microsoft.VisualStudio.Web.Editors.IntegrationTests.DLL" adapterTypeName="executor://parameterizedtestexecutor/v1" className="Microsoft.VisualStudio.Web.Editors.IntegrationTests.Html.Format.FormatOnPasteTests" name="VSTest_Html_FormatOnPaste_WithHandleBars" />
    </UnitTest>
    <UnitTest name="VSTest_Generate_AttrModel_Methods_WebSite_Code_Inline_CS" storage="c:\testbin\integrationtests\microsoft.visualstudio.web.editors.integrationtests.dll" id="4a381ea6-c9da-19f8-4567-9995c9959c43">
      <Owners>
        <Owner name="bhsubra" />
      </Owners>
      <Execution id="dec24c77-3c5a-411c-a29f-1289d2ce420c" />
      <TestMethod codeBase="C:\TestBin\IntegrationTests\Microsoft.VisualStudio.Web.Editors.IntegrationTests.DLL" adapterTypeName="executor://parameterizedtestexecutor/v1" className="Microsoft.VisualStudio.Web.Editors.IntegrationTests.WebForm.GenerateDataMethodTests" name="VSTest_Generate_AttrModel_Methods_WebSite_Code_Inline_CS" />
    </UnitTest>
    <UnitTest name="VSTest_JSON_Comments_WithKeepTabs" storage="c:\testbin\integrationtests\microsoft.visualstudio.web.editors.integrationtests.dll" id="670f2861-51b6-83b7-c14b-811b65773a6c">
      <Owners>
        <Owner name="YaLyu" />
      </Owners>
      <Execution id="6ed0d4e8-101e-4b5b-b49f-6bbbb6664744" />
      <TestMethod codeBase="C:\TestBin\IntegrationTests\Microsoft.VisualStudio.Web.Editors.IntegrationTests.DLL" adapterTypeName="executor://parameterizedtestexecutor/v1" className="Microsoft.VisualStudio.Web.Editors.IntegrationTests.JSON.Comments.CommentsTests" name="VSTest_JSON_Comments_WithKeepTabs" />
    </UnitTest>
    <UnitTest name="VSTest_CssAttributeCompletion_ClassName_Aspx" storage="c:\testbin\integrationtests\microsoft.visualstudio.web.editors.integrationtests.dll" id="006aba4d-2514-0e65-3668-0e01283f0007">
      <Owners>
        <Owner name="YaLyu" />
      </Owners>
      <Execution id="f8fa5d98-4968-40e9-8e48-8217db56c45a" />
      <TestMethod codeBase="C:\TestBin\IntegrationTests\Microsoft.VisualStudio.Web.Editors.IntegrationTests.DLL" adapterTypeName="executor://parameterizedtestexecutor/v1" className="Microsoft.VisualStudio.Web.Editors.IntegrationTests.Css.CssAttributeTests" name="VSTest_CssAttributeCompletion_ClassName_Aspx" />
    </UnitTest>
    <UnitTest name="VSTest_Validate_Html5ImplicitBodyTag" storage="c:\testbin\integrationtests\microsoft.visualstudio.web.editors.integrationtests.dll" id="71e2bb8d-e6ac-ade4-cf11-a6623f27d8a7">
      <Owners>
        <Owner name="bhsubra" />
      </Owners>
      <Execution id="15f9ca29-fe84-4a23-a4ba-4d98644b7407" />
      <TestMethod codeBase="C:\TestBin\IntegrationTests\Microsoft.VisualStudio.Web.Editors.IntegrationTests.DLL" adapterTypeName="executor://parameterizedtestexecutor/v1" className="Microsoft.VisualStudio.Web.Editors.IntegrationTests.Html.ValidationTests" name="VSTest_Validate_Html5ImplicitBodyTag" />
    </UnitTest>
    <UnitTest name="VSTest_CssAttributeCompletion_ColorPicker" storage="c:\testbin\integrationtests\microsoft.visualstudio.web.editors.integrationtests.dll" id="02be2809-b81a-14de-992a-85dbb076619d">
      <Owners>
        <Owner name="YaLyu" />
      </Owners>
      <Execution id="fac1678e-0b84-48a5-92b8-48ee93473d0b" />
      <TestMethod codeBase="C:\TestBin\IntegrationTests\Microsoft.VisualStudio.Web.Editors.IntegrationTests.DLL" adapterTypeName="executor://parameterizedtestexecutor/v1" className="Microsoft.VisualStudio.Web.Editors.IntegrationTests.Css.CssAttributeTests" name="VSTest_CssAttributeCompletion_ColorPicker" />
    </UnitTest>
    <UnitTest name="VSTest_Completion_IdAndClassNameAttributes" storage="c:\testbin\integrationtests\microsoft.visualstudio.web.editors.integrationtests.dll" id="1cfec4bc-c9f8-e1f6-236b-7912608575f6">
      <Owners>
        <Owner name="YaLyu" />
      </Owners>
      <Execution id="b3eb95a5-b14d-4691-88a6-60aba46f852a" />
      <TestMethod codeBase="C:\TestBin\IntegrationTests\Microsoft.VisualStudio.Web.Editors.IntegrationTests.DLL" adapterTypeName="executor://parameterizedtestexecutor/v1" className="Microsoft.VisualStudio.Web.Editors.IntegrationTests.Html.CompletionTests" name="VSTest_Completion_IdAndClassNameAttributes" />
    </UnitTest>
    <UnitTest name="VSTest_RazorV4HTMLIntellisenseInCshtml" storage="c:\testbin\integrationtests\microsoft.visualstudio.web.editors.integrationtests.dll" id="20184d5c-7013-cfe4-2fe7-1c21dfddf28d">
      <Owners>
        <Owner name="ToddGrun" />
      </Owners>
      <Execution id="b4b79303-73b6-43d6-9aa7-28963e93baea" />
      <TestMethod codeBase="C:\TestBin\IntegrationTests\Microsoft.VisualStudio.Web.Editors.IntegrationTests.DLL" adapterTypeName="executor://parameterizedtestexecutor/v1" className="Microsoft.VisualStudio.Web.Editors.IntegrationTests.Razor.General.CSharpGeneralTests" name="VSTest_RazorV4HTMLIntellisenseInCshtml" />
    </UnitTest>
    <UnitTest name="VSTest_Colorization_Html_Typing" storage="c:\testbin\integrationtests\microsoft.visualstudio.web.editors.integrationtests.dll" id="a0d1b98a-283e-31bd-f283-ce4f1821e325">
      <Owners>
        <Owner name="ToddGrun" />
      </Owners>
      <Execution id="6593d1ad-0726-4a86-9bf6-d4c0c6d3e0c5" />
      <TestMethod codeBase="C:\TestBin\IntegrationTests\Microsoft.VisualStudio.Web.Editors.IntegrationTests.DLL" adapterTypeName="executor://parameterizedtestexecutor/v1" className="Microsoft.VisualStudio.Web.Editors.IntegrationTests.Html.ColorizationTests" name="VSTest_Colorization_Html_Typing" />
    </UnitTest>
    <UnitTest name="VSTest_Generate_AttrModel_Methods_WAP_Code_Beside_CS" storage="c:\testbin\integrationtests\microsoft.visualstudio.web.editors.integrationtests.dll" id="d14c52e7-84cc-db1b-e15a-0df106fbf751">
      <Owners>
        <Owner name="bhsubra" />
      </Owners>
      <Execution id="506f8680-ce3a-4dac-8fda-a98e5d95293b" />
      <TestMethod codeBase="C:\TestBin\IntegrationTests\Microsoft.VisualStudio.Web.Editors.IntegrationTests.DLL" adapterTypeName="executor://parameterizedtestexecutor/v1" className="Microsoft.VisualStudio.Web.Editors.IntegrationTests.WebForm.GenerateDataMethodTests" name="VSTest_Generate_AttrModel_Methods_WAP_Code_Beside_CS" />
    </UnitTest>
    <UnitTest name="VSTest_Generate_Page_Load_Event_CS" storage="c:\testbin\integrationtests\microsoft.visualstudio.web.editors.integrationtests.dll" id="4d449bc8-f26b-e66e-2553-ea35f4f7610b">
      <Owners>
        <Owner name="bhsubra" />
      </Owners>
      <Execution id="f1b21a5c-4343-49e9-a84f-1fae6b02ccea" />
      <TestMethod codeBase="C:\TestBin\IntegrationTests\Microsoft.VisualStudio.Web.Editors.IntegrationTests.DLL" adapterTypeName="executor://parameterizedtestexecutor/v1" className="Microsoft.VisualStudio.Web.Editors.IntegrationTests.WebForm.GenerateEventTests" name="VSTest_Generate_Page_Load_Event_CS" />
    </UnitTest>
    <UnitTest name="VSTest_Completion_TypeNestedSelectorLessCode" storage="c:\testbin\integrationtests\microsoft.visualstudio.web.editors.integrationtests.dll" id="2d4919c1-c409-2f73-c1b5-1d2676fa196d">
      <Owners>
        <Owner name="YaLyu" />
      </Owners>
      <Execution id="a08e47f7-5525-471a-99ac-fefb1fc7154b" />
      <TestMethod codeBase="C:\TestBin\IntegrationTests\Microsoft.VisualStudio.Web.Editors.IntegrationTests.DLL" adapterTypeName="executor://parameterizedtestexecutor/v1" className="Microsoft.VisualStudio.Web.Editors.IntegrationTests.Html.CompletionTests" name="VSTest_Completion_TypeNestedSelectorLessCode" />
    </UnitTest>
    <UnitTest name="VSTest_TypingTags_Map_to_Nav" storage="c:\testbin\integrationtests\microsoft.visualstudio.web.editors.integrationtests.dll" id="0188b221-82cd-d346-dcba-bb0815ba1fd4">
      <Owners>
        <Owner name="bhsubra" />
      </Owners>
      <Execution id="c30be929-9c4b-411d-ae6b-62b7951f4569" />
      <TestMethod codeBase="C:\TestBin\IntegrationTests\Microsoft.VisualStudio.Web.Editors.IntegrationTests.DLL" adapterTypeName="executor://parameterizedtestexecutor/v1" className="Microsoft.VisualStudio.Web.Editors.IntegrationTests.Html.Typing.TypingTests" name="VSTest_TypingTags_Map_to_Nav" />
    </UnitTest>
    <UnitTest name="VSTest_BowerIntelliSenseTests_End_To_End" storage="c:\testbin\integrationtests\microsoft.visualstudio.web.editors.integrationtests.dll" id="8d0cd716-1758-effb-2310-cf0669ba77fe">
      <Owners>
        <Owner name="AlexGav" />
      </Owners>
      <Execution id="971f2b8a-b80f-4b09-8712-fcd403419584" />
      <TestMethod codeBase="C:\TestBin\IntegrationTests\Microsoft.VisualStudio.Web.Editors.IntegrationTests.DLL" adapterTypeName="executor://parameterizedtestexecutor/v1" className="Microsoft.VisualStudio.Web.Editors.IntegrationTests.JSON.PackageManagement.BowerIntelliSenseTests" name="VSTest_BowerIntelliSenseTests_End_To_End" />
    </UnitTest>
    <UnitTest name="VSTest_JSON_DiffViewer (Inline)" storage="c:\testbin\integrationtests\microsoft.visualstudio.web.editors.integrationtests.dll" id="92e8b55e-124e-9232-b8e4-09b0d9ebb66b">
      <Owners>
        <Owner name="YaLyu" />
      </Owners>
      <Execution id="e611c6d5-2486-47ad-a3c1-b571c8fca3fa" />
      <TestMethod codeBase="C:\TestBin\IntegrationTests\Microsoft.VisualStudio.Web.Editors.IntegrationTests.DLL" adapterTypeName="executor://parameterizedtestexecutor/v1" className="Microsoft.VisualStudio.Web.Editors.IntegrationTests.JSON.DiffTests" name="VSTest_JSON_DiffViewer (Inline)" />
    </UnitTest>
    <UnitTest name="VSTest_Dump_AutoID" storage="c:\testbin\integrationtests\microsoft.visualstudio.web.editors.integrationtests.dll" id="0dc71a44-4b8f-1521-6b6a-022911868d84">
      <Owners>
        <Owner name="bhsubra" />
      </Owners>
      <Execution id="d66e05af-0ded-4b83-b5dd-3b5d97286766" />
      <TestMethod codeBase="C:\TestBin\IntegrationTests\Microsoft.VisualStudio.Web.Editors.IntegrationTests.DLL" adapterTypeName="executor://parameterizedtestexecutor/v1" className="Microsoft.VisualStudio.Web.Editors.IntegrationTests.Html.AutoIDTests" name="VSTest_Dump_AutoID" />
    </UnitTest>
    <UnitTest name="VSTest_UWP_CssClassIntellisense" storage="c:\testbin\integrationtests\microsoft.visualstudio.web.editors.integrationtests.dll" id="137f6c34-700c-20e3-9525-bac166c480be">
      <Owners>
        <Owner name="YaLyu" />
      </Owners>
      <Execution id="9374c0cc-52f4-4657-ab19-18efb55ef913" />
      <TestMethod codeBase="C:\TestBin\IntegrationTests\Microsoft.VisualStudio.Web.Editors.IntegrationTests.DLL" adapterTypeName="executor://parameterizedtestexecutor/v1" className="Microsoft.VisualStudio.Web.Editors.IntegrationTests.Html.UwpTests" name="VSTest_UWP_CssClassIntellisense" />
    </UnitTest>
    <UnitTest name="VSTest_JSON_Comments" storage="c:\testbin\integrationtests\microsoft.visualstudio.web.editors.integrationtests.dll" id="aaf98edc-d6ab-2ec5-a742-bc3b35ab5c7c">
      <Owners>
        <Owner name="YaLyu" />
      </Owners>
      <Execution id="05cef6f0-e35b-4ba2-bfa5-0b39bb60d957" />
      <TestMethod codeBase="C:\TestBin\IntegrationTests\Microsoft.VisualStudio.Web.Editors.IntegrationTests.DLL" adapterTypeName="executor://parameterizedtestexecutor/v1" className="Microsoft.VisualStudio.Web.Editors.IntegrationTests.JSON.Comments.CommentsTests" name="VSTest_JSON_Comments" />
    </UnitTest>
    <UnitTest name="VSTest_Completion_TransparentElementContent" storage="c:\testbin\integrationtests\microsoft.visualstudio.web.editors.integrationtests.dll" id="0561b288-03ef-c54c-0d87-c72562419c7d">
      <Owners>
        <Owner name="ToddGrun" />
      </Owners>
      <Execution id="304a33b7-b4fd-4cb2-9fed-790102268304" />
      <TestMethod codeBase="C:\TestBin\IntegrationTests\Microsoft.VisualStudio.Web.Editors.IntegrationTests.DLL" adapterTypeName="executor://parameterizedtestexecutor/v1" className="Microsoft.VisualStudio.Web.Editors.IntegrationTests.Html.CompletionTests" name="VSTest_Completion_TransparentElementContent" />
    </UnitTest>
    <UnitTest name="VSTest_SmartIndentInCSharpInHTML" storage="c:\testbin\integrationtests\microsoft.visualstudio.web.editors.integrationtests.dll" id="10d21685-e4fc-fcc1-43cb-73e4927f125f">
      <Owners>
        <Owner name="ToddGrun" />
      </Owners>
      <Execution id="d7005d08-8edb-44e4-8af0-1fbea50f6914" />
      <TestMethod codeBase="C:\TestBin\IntegrationTests\Microsoft.VisualStudio.Web.Editors.IntegrationTests.DLL" adapterTypeName="executor://parameterizedtestexecutor/v1" className="Microsoft.VisualStudio.Web.Editors.IntegrationTests.Html.SmartIndentTests" name="VSTest_SmartIndentInCSharpInHTML" />
    </UnitTest>
    <UnitTest name="VSTest_RazorV4Cs_FormatDocument_WithMethodParametersOnDifferentLines" storage="c:\testbin\integrationtests\microsoft.visualstudio.web.editors.integrationtests.dll" id="489df473-2499-f8a9-7a34-2cd1dc018532">
      <Owners>
        <Owner name="bhsubra" />
      </Owners>
      <Execution id="9048a300-9b78-4d01-abfc-ba4577af3701" />
      <TestMethod codeBase="C:\TestBin\IntegrationTests\Microsoft.VisualStudio.Web.Editors.IntegrationTests.DLL" adapterTypeName="executor://parameterizedtestexecutor/v1" className="Microsoft.VisualStudio.Web.Editors.IntegrationTests.Razor.Formatting.CSharpFormattingTests" name="VSTest_RazorV4Cs_FormatDocument_WithMethodParametersOnDifferentLines" />
    </UnitTest>
    <UnitTest name="VSTest_ItemType_Auto_completion" storage="c:\testbin\integrationtests\microsoft.visualstudio.web.editors.integrationtests.dll" id="b5d71830-0232-5ad5-b8ac-d16dba5fb977">
      <Owners>
        <Owner name="bhsubra" />
      </Owners>
      <Execution id="eefd0870-6bb3-4cff-9dca-ede2cd5d829c" />
      <TestMethod codeBase="C:\TestBin\IntegrationTests\Microsoft.VisualStudio.Web.Editors.IntegrationTests.DLL" adapterTypeName="executor://parameterizedtestexecutor/v1" className="Microsoft.VisualStudio.Web.Editors.IntegrationTests.Html.ItemTypeTests" name="VSTest_ItemType_Auto_completion" />
    </UnitTest>
    <UnitTest name="VSTest_CssCompletion_ColorPicker_ChangingValues" storage="c:\testbin\integrationtests\microsoft.visualstudio.web.editors.integrationtests.dll" id="8b57998e-c627-521a-6e73-8b47a421bf91">
      <Owners>
        <Owner name="YaLyu" />
      </Owners>
      <Execution id="7faf4835-e3e6-422c-9e41-8bfdebbb9880" />
      <TestMethod codeBase="C:\TestBin\IntegrationTests\Microsoft.VisualStudio.Web.Editors.IntegrationTests.DLL" adapterTypeName="executor://parameterizedtestexecutor/v1" className="Microsoft.VisualStudio.Web.Editors.IntegrationTests.CSS.CssCompletionTests" name="VSTest_CssCompletion_ColorPicker_ChangingValues" />
    </UnitTest>
    <UnitTest name="VSTest_SmartIndentInLessWithSmartIndent" storage="c:\testbin\integrationtests\microsoft.visualstudio.web.editors.integrationtests.dll" id="6e226bf6-cba3-a7ff-f7d9-15f5af9e5e8b">
      <Owners>
        <Owner name="YaLyu" />
      </Owners>
      <Execution id="b406eeb5-8040-4f42-85c7-704e71c4b892" />
      <TestMethod codeBase="C:\TestBin\IntegrationTests\Microsoft.VisualStudio.Web.Editors.IntegrationTests.DLL" adapterTypeName="executor://parameterizedtestexecutor/v1" className="Microsoft.VisualStudio.Web.Editors.IntegrationTests.Html.SmartIndentTests" name="VSTest_SmartIndentInLessWithSmartIndent" />
    </UnitTest>
    <UnitTest name="VSTest_LESS_Colorization" storage="c:\testbin\integrationtests\microsoft.visualstudio.web.editors.integrationtests.dll" id="0c097c72-1b6e-2dd4-f138-6ee2e44cfa5b">
      <Owners>
        <Owner name="YaLyu" />
      </Owners>
      <Execution id="71734cc3-819a-41b2-bd92-db7be3d535a2" />
      <TestMethod codeBase="C:\TestBin\IntegrationTests\Microsoft.VisualStudio.Web.Editors.IntegrationTests.DLL" adapterTypeName="executor://parameterizedtestexecutor/v1" className="Microsoft.VisualStudio.Web.Editors.IntegrationTests.Less.LessColorizationTests" name="VSTest_LESS_Colorization" />
    </UnitTest>
    <UnitTest name="VSTest_Html_FormatOnPaste_WithMultipleScriptBlocks" storage="c:\testbin\integrationtests\microsoft.visualstudio.web.editors.integrationtests.dll" id="be857b36-0767-590e-adcc-f30997378b98">
      <Owners>
        <Owner name="bhsubra" />
      </Owners>
      <Execution id="40ce98d9-8c99-4ffb-a8e1-835cfcf228d4" />
      <TestMethod codeBase="C:\TestBin\IntegrationTests\Microsoft.VisualStudio.Web.Editors.IntegrationTests.DLL" adapterTypeName="executor://parameterizedtestexecutor/v1" className="Microsoft.VisualStudio.Web.Editors.IntegrationTests.Html.Format.FormatOnPasteTests" name="VSTest_Html_FormatOnPaste_WithMultipleScriptBlocks" />
    </UnitTest>
    <UnitTest name="VSTest_Validate_RemoveEndScriptValidation" storage="c:\testbin\integrationtests\microsoft.visualstudio.web.editors.integrationtests.dll" id="ebf01638-988c-48c8-08d3-05a03da5e4cb">
      <Owners>
        <Owner name="bhsubra" />
      </Owners>
      <Execution id="3789998c-c741-4bbc-a09a-58c4c199472d" />
      <TestMethod codeBase="C:\TestBin\IntegrationTests\Microsoft.VisualStudio.Web.Editors.IntegrationTests.DLL" adapterTypeName="executor://parameterizedtestexecutor/v1" className="Microsoft.VisualStudio.Web.Editors.IntegrationTests.Html.ValidationTests" name="VSTest_Validate_RemoveEndScriptValidation" />
    </UnitTest>
    <UnitTest name="VSTest_FormatTest7" storage="c:\testbin\integrationtests\microsoft.visualstudio.web.editors.integrationtests.dll" id="c94f11a6-1200-ee6f-1902-c3aeeac584c6">
      <Owners>
        <Owner name="ToddGrun" />
      </Owners>
      <Execution id="72c3e815-69fc-4348-aa00-aac7242e70e8" />
      <TestMethod codeBase="C:\TestBin\IntegrationTests\Microsoft.VisualStudio.Web.Editors.IntegrationTests.DLL" adapterTypeName="executor://parameterizedtestexecutor/v1" className="Microsoft.VisualStudio.Web.Editors.IntegrationTests.Html.Format.FormatTests" name="VSTest_FormatTest7" />
    </UnitTest>
    <UnitTest name="VSTest_Completion_TemplateBlockIntelliSense" storage="c:\testbin\integrationtests\microsoft.visualstudio.web.editors.integrationtests.dll" id="519dae14-c9bb-6e37-9c24-2d8ad58da158">
      <Owners>
        <Owner name="ToddGrun" />
      </Owners>
      <Execution id="ab875208-20fc-445d-8c81-4f7aa2e4a95b" />
      <TestMethod codeBase="C:\TestBin\IntegrationTests\Microsoft.VisualStudio.Web.Editors.IntegrationTests.DLL" adapterTypeName="executor://parameterizedtestexecutor/v1" className="Microsoft.VisualStudio.Web.Editors.IntegrationTests.Html.CompletionTests" name="VSTest_Completion_TemplateBlockIntelliSense" />
    </UnitTest>
    <UnitTest name="VSTest_RazorV4CsFormatArtifactsAfterPartialParse" storage="c:\testbin\integrationtests\microsoft.visualstudio.web.editors.integrationtests.dll" id="01ee32c0-35ce-c9c6-c884-a9e31d0e2949">
      <Owners>
        <Owner name="ToddGrun" />
      </Owners>
      <Execution id="ad7a08dd-71f0-44e5-9d10-feb7b940e1b5" />
      <TestMethod codeBase="C:\TestBin\IntegrationTests\Microsoft.VisualStudio.Web.Editors.IntegrationTests.DLL" adapterTypeName="executor://parameterizedtestexecutor/v1" className="Microsoft.VisualStudio.Web.Editors.IntegrationTests.Razor.Formatting.CSharpFormattingTests" name="VSTest_RazorV4CsFormatArtifactsAfterPartialParse" />
    </UnitTest>
    <UnitTest name="VSTest_JSON_ProjectJSON_Completion_PopularPackages" storage="c:\testbin\integrationtests\microsoft.visualstudio.web.editors.integrationtests.dll" id="4a360158-fa4a-7de3-a573-2bcd3f1459d7">
      <Owners>
        <Owner name="YaLyu" />
      </Owners>
      <Execution id="eb8ee55f-d52e-4894-a067-fe5e0c629414" />
      <TestMethod codeBase="C:\TestBin\IntegrationTests\Microsoft.VisualStudio.Web.Editors.IntegrationTests.DLL" adapterTypeName="executor://parameterizedtestexecutor/v1" className="Microsoft.VisualStudio.Web.Editors.IntegrationTests.JSON.Completion.ProjectJSONCompletionTests" name="VSTest_JSON_ProjectJSON_Completion_PopularPackages" />
    </UnitTest>
    <UnitTest name="VSTest_JSON_FormatSelectionCommandTests" storage="c:\testbin\integrationtests\microsoft.visualstudio.web.editors.integrationtests.dll" id="41e99bbd-2769-4dbc-d037-41259a0669c8">
      <Owners>
        <Owner name="YaLyu" />
      </Owners>
      <Execution id="02b2dbf5-8874-42d5-b23e-ff3f2866d041" />
      <TestMethod codeBase="C:\TestBin\IntegrationTests\Microsoft.VisualStudio.Web.Editors.IntegrationTests.DLL" adapterTypeName="executor://parameterizedtestexecutor/v1" className="Microsoft.VisualStudio.Web.Editors.IntegrationTests.JSON.Commands.FormatSelectionCommandTests" name="VSTest_JSON_FormatSelectionCommandTests" />
    </UnitTest>
    <UnitTest name="VSTest_CSS_SmartIndentInCSSWithBlockIndent" storage="c:\testbin\integrationtests\microsoft.visualstudio.web.editors.integrationtests.dll" id="5463cf66-7e47-3b8e-8b44-4591de59a47c">
      <Owners>
        <Owner name="YaLyu" />
      </Owners>
      <Execution id="6057b71b-4ebb-42e4-b023-907c8a4889fd" />
      <TestMethod codeBase="C:\TestBin\IntegrationTests\Microsoft.VisualStudio.Web.Editors.IntegrationTests.DLL" adapterTypeName="executor://parameterizedtestexecutor/v1" className="Microsoft.VisualStudio.Web.Editors.IntegrationTests.Css.CssSmartIndentTests" name="VSTest_CSS_SmartIndentInCSSWithBlockIndent" />
    </UnitTest>
    <UnitTest name="VSTest_JSON_TooManyErrors_Content_File_Sniffing" storage="c:\testbin\integrationtests\microsoft.visualstudio.web.editors.integrationtests.dll" id="bbd743ff-ea3c-d7fb-321c-36621e265e8c">
      <Owners>
        <Owner name="YaLyu" />
      </Owners>
      <Execution id="facf20d8-7ef8-4245-8170-285a75f05a12" />
      <TestMethod codeBase="C:\TestBin\IntegrationTests\Microsoft.VisualStudio.Web.Editors.IntegrationTests.DLL" adapterTypeName="executor://parameterizedtestexecutor/v1" className="Microsoft.VisualStudio.Web.Editors.IntegrationTests.JSON.SniffingTests" name="VSTest_JSON_TooManyErrors_Content_File_Sniffing" />
    </UnitTest>
    <UnitTest name="VSTest_RazorV4CshtmlFormatAndUndo" storage="c:\testbin\integrationtests\microsoft.visualstudio.web.editors.integrationtests.dll" id="0971c0b9-688a-71c2-e098-701202af9cc5">
      <Owners>
        <Owner name="ToddGrun" />
      </Owners>
      <Execution id="78d4544a-939d-4ee0-b5cc-5745999105ee" />
      <TestMethod codeBase="C:\TestBin\IntegrationTests\Microsoft.VisualStudio.Web.Editors.IntegrationTests.DLL" adapterTypeName="executor://parameterizedtestexecutor/v1" className="Microsoft.VisualStudio.Web.Editors.IntegrationTests.Razor.General.CSharpGeneralTests" name="VSTest_RazorV4CshtmlFormatAndUndo" />
    </UnitTest>
    <UnitTest name="VSTest_SmartIndentInCSharpRazorInsideForBlock" storage="c:\testbin\integrationtests\microsoft.visualstudio.web.editors.integrationtests.dll" id="c4eb4f00-b7bb-0116-fa67-c3540cab4c5e">
      <Owners>
        <Owner name="ToddGrun" />
      </Owners>
      <Execution id="dd892f67-69cd-4fae-bc1f-edf60393f399" />
      <TestMethod codeBase="C:\TestBin\IntegrationTests\Microsoft.VisualStudio.Web.Editors.IntegrationTests.DLL" adapterTypeName="executor://parameterizedtestexecutor/v1" className="Microsoft.VisualStudio.Web.Editors.IntegrationTests.Html.SmartIndentTests" name="VSTest_SmartIndentInCSharpRazorInsideForBlock" />
    </UnitTest>
    <UnitTest name="VSTest_DumpCommentSelectionHtmlResults" storage="c:\testbin\integrationtests\microsoft.visualstudio.web.editors.integrationtests.dll" id="b52025be-5679-4292-2a16-6efcef353da1">
      <Owners>
        <Owner name="ToddGrun" />
      </Owners>
      <Execution id="02dc18d2-529f-44ca-b01e-e1e5910d55c6" />
      <TestMethod codeBase="C:\TestBin\IntegrationTests\Microsoft.VisualStudio.Web.Editors.IntegrationTests.DLL" adapterTypeName="executor://parameterizedtestexecutor/v1" className="Microsoft.VisualStudio.Web.Editors.IntegrationTests.Html.CommentSelectionTests" name="VSTest_DumpCommentSelectionHtmlResults" />
    </UnitTest>
    <UnitTest name="VSTest_JSON_VerifyKnownFileSchemaAssociations (webs\misc\JSON\KnownSchemas\.eslintrc, http://json.schemastore.org/eslintrc)" storage="c:\testbin\integrationtests\microsoft.visualstudio.web.editors.integrationtests.dll" id="bf027638-35e4-449e-fc0c-38440e647dff">
      <Owners>
        <Owner name="YaLyu" />
      </Owners>
      <Execution id="187bf527-f635-459c-9a35-7c75dd1ffa96" />
      <TestMethod codeBase="C:\TestBin\IntegrationTests\Microsoft.VisualStudio.Web.Editors.IntegrationTests.DLL" adapterTypeName="executor://parameterizedtestexecutor/v1" className="Microsoft.VisualStudio.Web.Editors.IntegrationTests.JSON.Schema.KnownSchemaAssociationTests.VSTest_JSON_VerifyKnownFileSchemaAssociations (webs\misc\JSON\KnownSchemas\.eslintrc, http://json.schemastore" name="VSTest_JSON_VerifyKnownFileSchemaAssociations (webs\misc\JSON\KnownSchemas\.eslintrc, http://json.schemastore.org/eslintrc)" />
    </UnitTest>
    <UnitTest name="VSTest_Generate_AttrModel_Methods_WAP_Code_Inline_CS" storage="c:\testbin\integrationtests\microsoft.visualstudio.web.editors.integrationtests.dll" id="275203d5-5826-9585-0cff-48371724077a">
      <Owners>
        <Owner name="bhsubra" />
      </Owners>
      <Execution id="4cfe8614-167d-4860-bdb4-97a5e7c719c5" />
      <TestMethod codeBase="C:\TestBin\IntegrationTests\Microsoft.VisualStudio.Web.Editors.IntegrationTests.DLL" adapterTypeName="executor://parameterizedtestexecutor/v1" className="Microsoft.VisualStudio.Web.Editors.IntegrationTests.WebForm.GenerateDataMethodTests" name="VSTest_Generate_AttrModel_Methods_WAP_Code_Inline_CS" />
    </UnitTest>
    <UnitTest name="VSTest_RazorV4CshtmlSurroundSnippet" storage="c:\testbin\integrationtests\microsoft.visualstudio.web.editors.integrationtests.dll" id="b3a1798b-3959-e297-e6d1-fe9dbbe78f81">
      <Owners>
        <Owner name="ToddGrun" />
      </Owners>
      <Execution id="573d3c4e-5326-4865-a7bb-a32e3279b302" />
      <TestMethod codeBase="C:\TestBin\IntegrationTests\Microsoft.VisualStudio.Web.Editors.IntegrationTests.DLL" adapterTypeName="executor://parameterizedtestexecutor/v1" className="Microsoft.VisualStudio.Web.Editors.IntegrationTests.Razor.General.CSharpGeneralTests" name="VSTest_RazorV4CshtmlSurroundSnippet" />
    </UnitTest>
    <UnitTest name="VSTest_LESS_FormatOnPaste" storage="c:\testbin\integrationtests\microsoft.visualstudio.web.editors.integrationtests.dll" id="a56ab87e-eb16-bec7-5194-801377456ad4">
      <Owners>
        <Owner name="YaLyu" />
      </Owners>
      <Execution id="d3dc7762-b7b0-428a-bfbd-0931e1265275" />
      <TestMethod codeBase="C:\TestBin\IntegrationTests\Microsoft.VisualStudio.Web.Editors.IntegrationTests.DLL" adapterTypeName="executor://parameterizedtestexecutor/v1" className="Microsoft.VisualStudio.Web.Editors.IntegrationTests.Less.LessFormatOnPasteTests" name="VSTest_LESS_FormatOnPaste" />
    </UnitTest>
    <UnitTest name="VSTest_Completion_In_Binding" storage="c:\testbin\integrationtests\microsoft.visualstudio.web.editors.integrationtests.dll" id="f81af369-48fe-f98d-2628-503e19f4ba74">
      <Owners>
        <Owner name="bhsubra" />
      </Owners>
      <Execution id="7d7e1018-dd11-4184-8b06-e8ad8135cdf0" />
      <TestMethod codeBase="C:\TestBin\IntegrationTests\Microsoft.VisualStudio.Web.Editors.IntegrationTests.DLL" adapterTypeName="executor://parameterizedtestexecutor/v1" className="Microsoft.VisualStudio.Web.Editors.IntegrationTests.Html.ItemTypeTests" name="VSTest_Completion_In_Binding" />
    </UnitTest>
    <UnitTest name="VSTest_TypingThrough_ParensAndBrackets" storage="c:\testbin\integrationtests\microsoft.visualstudio.web.editors.integrationtests.dll" id="a80c2a2b-992a-89aa-8e4c-d03da9d6f681">
      <Owners>
        <Owner name="bhsubra" />
      </Owners>
      <Execution id="1f55587f-2bfe-4b78-8fd2-cfafe41f3bbd" />
      <TestMethod codeBase="C:\TestBin\IntegrationTests\Microsoft.VisualStudio.Web.Editors.IntegrationTests.DLL" adapterTypeName="executor://parameterizedtestexecutor/v1" className="Microsoft.VisualStudio.Web.Editors.IntegrationTests.Html.Typing.TypingThroughTests" name="VSTest_TypingThrough_ParensAndBrackets" />
    </UnitTest>
    <UnitTest name="VSTest_TypingThrough_BoxSelectionIgnoreTypeThrough" storage="c:\testbin\integrationtests\microsoft.visualstudio.web.editors.integrationtests.dll" id="3e2959f9-0c0f-0089-c6a2-84dec410936a">
      <Owners>
        <Owner name="bhsubra" />
      </Owners>
      <Execution id="d15f0530-d353-4ab5-8b48-cec941e2933f" />
      <TestMethod codeBase="C:\TestBin\IntegrationTests\Microsoft.VisualStudio.Web.Editors.IntegrationTests.DLL" adapterTypeName="executor://parameterizedtestexecutor/v1" className="Microsoft.VisualStudio.Web.Editors.IntegrationTests.Html.Typing.TypingThroughTests" name="VSTest_TypingThrough_BoxSelectionIgnoreTypeThrough" />
    </UnitTest>
    <UnitTest name="VSTest_Validate_HtmlOpenInvalidFiles" storage="c:\testbin\integrationtests\microsoft.visualstudio.web.editors.integrationtests.dll" id="760b0d8c-75ea-bf4c-a45a-c8c53c543d5c">
      <Owners>
        <Owner name="bhsubra" />
      </Owners>
      <Execution id="57252ebd-d5a5-4e1b-8f38-4fc5011a6b6a" />
      <TestMethod codeBase="C:\TestBin\IntegrationTests\Microsoft.VisualStudio.Web.Editors.IntegrationTests.DLL" adapterTypeName="executor://parameterizedtestexecutor/v1" className="Microsoft.VisualStudio.Web.Editors.IntegrationTests.Html.ValidationTests" name="VSTest_Validate_HtmlOpenInvalidFiles" />
    </UnitTest>
    <UnitTest name="VSTest_JSON_SchemaHandlerSelect_Draft3" storage="c:\testbin\integrationtests\microsoft.visualstudio.web.editors.integrationtests.dll" id="d199b597-457c-7f20-ef06-27ff23037a7b">
      <Owners>
        <Owner name="YaLyu" />
      </Owners>
      <Execution id="b60ab9dc-561c-4359-89de-1aaf1a931058" />
      <TestMethod codeBase="C:\TestBin\IntegrationTests\Microsoft.VisualStudio.Web.Editors.IntegrationTests.DLL" adapterTypeName="executor://parameterizedtestexecutor/v1" className="Microsoft.VisualStudio.Web.Editors.IntegrationTests.JSON.SchemaValidation" name="VSTest_JSON_SchemaHandlerSelect_Draft3" />
    </UnitTest>
    <UnitTest name="VSTest_Dump_VBScript_Breakpoints" storage="c:\testbin\integrationtests\microsoft.visualstudio.web.editors.integrationtests.dll" id="0a1865c8-8559-78e8-c522-5066d26c339c">
      <Owners>
        <Owner name="bhsubra" />
      </Owners>
      <Execution id="bf025613-dfd8-4f87-961a-562efbe4475f" />
      <TestMethod codeBase="C:\TestBin\IntegrationTests\Microsoft.VisualStudio.Web.Editors.IntegrationTests.DLL" adapterTypeName="executor://parameterizedtestexecutor/v1" className="Microsoft.VisualStudio.Web.Editors.IntegrationTests.Html.DebugTests" name="VSTest_Dump_VBScript_Breakpoints" />
    </UnitTest>
    <UnitTest name="VSTest_RazorVerifyVersionedMEFExports" storage="c:\testbin\integrationtests\microsoft.visualstudio.web.editors.integrationtests.dll" id="ea8f09a1-525b-258f-5ced-612674a8944e">
      <Owners>
        <Owner name="ToddGrun" />
      </Owners>
      <Execution id="31585730-afad-4a8c-b778-3e4e9fbcaffb" />
      <TestMethod codeBase="C:\TestBin\IntegrationTests\Microsoft.VisualStudio.Web.Editors.IntegrationTests.DLL" adapterTypeName="executor://parameterizedtestexecutor/v1" className="Microsoft.VisualStudio.Web.Editors.IntegrationTests.Razor.General.MEFTests" name="VSTest_RazorVerifyVersionedMEFExports" />
    </UnitTest>
    <UnitTest name="VSTest_Html_FormatDocument_WithStyleBlockAndIndentSizeOption" storage="c:\testbin\integrationtests\microsoft.visualstudio.web.editors.integrationtests.dll" id="ff801cd4-9b31-701c-9bea-a5380fe254b8">
      <Owners>
        <Owner name="bhsubra" />
      </Owners>
      <Execution id="1269efec-eb85-4ebe-beaf-bcae68464462" />
      <TestMethod codeBase="C:\TestBin\IntegrationTests\Microsoft.VisualStudio.Web.Editors.IntegrationTests.DLL" adapterTypeName="executor://parameterizedtestexecutor/v1" className="Microsoft.VisualStudio.Web.Editors.IntegrationTests.Html.Format.FormatTests" name="VSTest_Html_FormatDocument_WithStyleBlockAndIndentSizeOption" />
    </UnitTest>
    <UnitTest name="VSTest_JSON_ProjectJSON_Completion_AutoFilter" storage="c:\testbin\integrationtests\microsoft.visualstudio.web.editors.integrationtests.dll" id="18129c95-bf0c-99f3-5bc5-30db165489ca">
      <Owners>
        <Owner name="YaLyu" />
      </Owners>
      <Execution id="0336f9ef-df5a-4a74-ba25-544c9ba62aa6" />
      <TestMethod codeBase="C:\TestBin\IntegrationTests\Microsoft.VisualStudio.Web.Editors.IntegrationTests.DLL" adapterTypeName="executor://parameterizedtestexecutor/v1" className="Microsoft.VisualStudio.Web.Editors.IntegrationTests.JSON.Completion.ProjectJSONCompletionTests" name="VSTest_JSON_ProjectJSON_Completion_AutoFilter" />
    </UnitTest>
    <UnitTest name="VSTest_RazorIntellisenseInVbhtml" storage="c:\testbin\integrationtests\microsoft.visualstudio.web.editors.integrationtests.dll" id="f28f60e4-c502-901c-8ede-8aa70d29c700">
      <Owners>
        <Owner name="ToddGrun" />
      </Owners>
      <Execution id="09bcc60d-ec44-4fb6-ad86-d744150aa2d1" />
      <TestMethod codeBase="C:\TestBin\IntegrationTests\Microsoft.VisualStudio.Web.Editors.IntegrationTests.DLL" adapterTypeName="executor://parameterizedtestexecutor/v1" className="Microsoft.VisualStudio.Web.Editors.IntegrationTests.Razor.General.VBGeneralTests" name="VSTest_RazorIntellisenseInVbhtml" />
    </UnitTest>
    <UnitTest name="VSTest_RazorVbFormattingTest" storage="c:\testbin\integrationtests\microsoft.visualstudio.web.editors.integrationtests.dll" id="f677f5cb-e68b-47d0-48c2-72bbca881a0f">
      <Owners>
        <Owner name="ToddGrun" />
      </Owners>
      <Execution id="7acb0bca-6863-443e-b57e-0b24eb335270" />
      <TestMethod codeBase="C:\TestBin\IntegrationTests\Microsoft.VisualStudio.Web.Editors.IntegrationTests.DLL" adapterTypeName="executor://parameterizedtestexecutor/v1" className="Microsoft.VisualStudio.Web.Editors.IntegrationTests.Razor.Formatting.VBFormattingTests" name="VSTest_RazorVbFormattingTest" />
    </UnitTest>
    <UnitTest name="VSTest_TypingLESSCode" storage="c:\testbin\integrationtests\microsoft.visualstudio.web.editors.integrationtests.dll" id="d8648910-d311-af2d-abd8-716b9f0e14f1">
      <Owners>
        <Owner name="YaLyu" />
      </Owners>
      <Execution id="988e6d02-715e-42b8-a05d-89a64d55aa02" />
      <TestMethod codeBase="C:\TestBin\IntegrationTests\Microsoft.VisualStudio.Web.Editors.IntegrationTests.DLL" adapterTypeName="executor://parameterizedtestexecutor/v1" className="Microsoft.VisualStudio.Web.Editors.IntegrationTests.Html.Typing.TypingTests" name="VSTest_TypingLESSCode" />
    </UnitTest>
    <UnitTest name="VSTest_FormatInlineElements" storage="c:\testbin\integrationtests\microsoft.visualstudio.web.editors.integrationtests.dll" id="014dc189-a9f5-1947-ef1c-257be26c0af2">
      <Owners>
        <Owner name="ToddGrun" />
      </Owners>
      <Execution id="e6b60589-26d0-4098-bef4-e0fccf7c2ea7" />
      <TestMethod codeBase="C:\TestBin\IntegrationTests\Microsoft.VisualStudio.Web.Editors.IntegrationTests.DLL" adapterTypeName="executor://parameterizedtestexecutor/v1" className="Microsoft.VisualStudio.Web.Editors.IntegrationTests.Html.Format.FormatTests" name="VSTest_FormatInlineElements" />
    </UnitTest>
    <UnitTest name="VSTest_RazorV4Cs_FormatDocument_WithKeepTabsOption" storage="c:\testbin\integrationtests\microsoft.visualstudio.web.editors.integrationtests.dll" id="1da74dfb-c469-55a4-7360-f8d80798f772">
      <Owners>
        <Owner name="bhsubra" />
      </Owners>
      <Execution id="1adf8dd9-0abd-4a48-92fc-becd0cc87f07" />
      <TestMethod codeBase="C:\TestBin\IntegrationTests\Microsoft.VisualStudio.Web.Editors.IntegrationTests.DLL" adapterTypeName="executor://parameterizedtestexecutor/v1" className="Microsoft.VisualStudio.Web.Editors.IntegrationTests.Razor.Formatting.CSharpFormattingTests" name="VSTest_RazorV4Cs_FormatDocument_WithKeepTabsOption" />
    </UnitTest>
    <UnitTest name="VSTest_CssAttributeCompletion_ClassName_RazorArtifacts" storage="c:\testbin\integrationtests\microsoft.visualstudio.web.editors.integrationtests.dll" id="cb240fa2-8e3e-3388-8fd7-33db286ba873">
      <Owners>
        <Owner name="YaLyu" />
      </Owners>
      <Execution id="3f2d3b73-f408-4088-913c-130eb9841d19" />
      <TestMethod codeBase="C:\TestBin\IntegrationTests\Microsoft.VisualStudio.Web.Editors.IntegrationTests.DLL" adapterTypeName="executor://parameterizedtestexecutor/v1" className="Microsoft.VisualStudio.Web.Editors.IntegrationTests.Css.CssAttributeTests" name="VSTest_CssAttributeCompletion_ClassName_RazorArtifacts" />
    </UnitTest>
    <UnitTest name="VSTest_CSS_SmartIndentInCSSInHTMLWithBlockIndent" storage="c:\testbin\integrationtests\microsoft.visualstudio.web.editors.integrationtests.dll" id="e276ff22-0c1f-6489-b239-574d72e5038d">
      <Owners>
        <Owner name="YaLyu" />
      </Owners>
      <Execution id="cb94ce4c-92ff-4a86-820c-7854653876a6" />
      <TestMethod codeBase="C:\TestBin\IntegrationTests\Microsoft.VisualStudio.Web.Editors.IntegrationTests.DLL" adapterTypeName="executor://parameterizedtestexecutor/v1" className="Microsoft.VisualStudio.Web.Editors.IntegrationTests.Css.CssSmartIndentTests" name="VSTest_CSS_SmartIndentInCSSInHTMLWithBlockIndent" />
    </UnitTest>
    <UnitTest name="VSTest_TypingTags_Audio_to_Button" storage="c:\testbin\integrationtests\microsoft.visualstudio.web.editors.integrationtests.dll" id="a02b8f3d-880b-53c9-8e68-b891aa855eec">
      <Owners>
        <Owner name="ToddGrun" />
      </Owners>
      <Execution id="3daac10b-b816-4281-be5c-9b41df0e4d87" />
      <TestMethod codeBase="C:\TestBin\IntegrationTests\Microsoft.VisualStudio.Web.Editors.IntegrationTests.DLL" adapterTypeName="executor://parameterizedtestexecutor/v1" className="Microsoft.VisualStudio.Web.Editors.IntegrationTests.Html.Typing.TypingTests" name="VSTest_TypingTags_Audio_to_Button" />
    </UnitTest>
    <UnitTest name="VSTest_Razor_TagHelpers_Completion_TagStructure" storage="c:\testbin\integrationtests\microsoft.visualstudio.web.editors.integrationtests.dll" id="1167d1ff-dc9d-42c4-86d6-24be91ecae47">
      <Owners>
        <Owner name="ToddGrun" />
      </Owners>
      <Execution id="4589769d-6646-4b25-b186-b2ff24978db7" />
      <TestMethod codeBase="C:\TestBin\IntegrationTests\Microsoft.VisualStudio.Web.Editors.IntegrationTests.DLL" adapterTypeName="executor://parameterizedtestexecutor/v1" className="Microsoft.VisualStudio.Web.Editors.IntegrationTests.Razor.TagHelpers.RazorTagHelperTests" name="VSTest_Razor_TagHelpers_Completion_TagStructure" />
    </UnitTest>
    <UnitTest name="VSTest_Html_Enable_New_Window" storage="c:\testbin\integrationtests\microsoft.visualstudio.web.editors.integrationtests.dll" id="f3a140b8-cb13-7aba-c7ac-f50bdd68ea3b">
      <Owners>
        <Owner name="bhsubra" />
      </Owners>
      <Execution id="3bf4f010-1066-4ee7-9024-041aa5d4f38d" />
      <TestMethod codeBase="C:\TestBin\IntegrationTests\Microsoft.VisualStudio.Web.Editors.IntegrationTests.DLL" adapterTypeName="executor://parameterizedtestexecutor/v1" className="Microsoft.VisualStudio.Web.Editors.IntegrationTests.Html.CodeWindowTests" name="VSTest_Html_Enable_New_Window" />
    </UnitTest>
    <UnitTest name="VSTest_CSSTyping_AtDirectiveInRazor" storage="c:\testbin\integrationtests\microsoft.visualstudio.web.editors.integrationtests.dll" id="61eb78d6-dcb6-cad1-795f-b6163506edf1">
      <Owners>
        <Owner name="YaLyu" />
      </Owners>
      <Execution id="aa347dae-9360-4294-a19d-63b1b2af11f2" />
      <TestMethod codeBase="C:\TestBin\IntegrationTests\Microsoft.VisualStudio.Web.Editors.IntegrationTests.DLL" adapterTypeName="executor://parameterizedtestexecutor/v1" className="Microsoft.VisualStudio.Web.Editors.IntegrationTests.Razor.Typing.RazorCssTypingTests" name="VSTest_CSSTyping_AtDirectiveInRazor" />
    </UnitTest>
    <UnitTest name="VSTest_SaveAs_StartWithCss" storage="c:\testbin\integrationtests\microsoft.visualstudio.web.editors.integrationtests.dll" id="c2ba2bec-aa70-bdec-9339-a29767265216">
      <Owners>
        <Owner name="ToddGrun" />
      </Owners>
      <Execution id="1d954506-1672-4422-951e-ae42317e30f5" />
      <TestMethod codeBase="C:\TestBin\IntegrationTests\Microsoft.VisualStudio.Web.Editors.IntegrationTests.DLL" adapterTypeName="executor://parameterizedtestexecutor/v1" className="Microsoft.VisualStudio.Web.Editors.IntegrationTests.Html.SaveAsTests" name="VSTest_SaveAs_StartWithCss" />
    </UnitTest>
    <UnitTest name="VSTest_JSON_SuggestedActions_SortProperties_IsPresent" storage="c:\testbin\integrationtests\microsoft.visualstudio.web.editors.integrationtests.dll" id="4d7fb533-f292-b167-b394-e0ea1cbc0f49">
      <Owners>
        <Owner name="YaLyu" />
      </Owners>
      <Execution id="5f3ee471-3e00-4b08-9e75-2127223f2e57" />
      <TestMethod codeBase="C:\TestBin\IntegrationTests\Microsoft.VisualStudio.Web.Editors.IntegrationTests.DLL" adapterTypeName="executor://parameterizedtestexecutor/v1" className="Microsoft.VisualStudio.Web.Editors.IntegrationTests.JSON.SuggestedActions.SortPropertiesTests" name="VSTest_JSON_SuggestedActions_SortProperties_IsPresent" />
    </UnitTest>
    <UnitTest name="VSTest_Completion_RequiredParent" storage="c:\testbin\integrationtests\microsoft.visualstudio.web.editors.integrationtests.dll" id="39b6a6ba-2019-ea60-859a-cfb6efaa8cca">
      <Owners>
        <Owner name="ToddGrun" />
      </Owners>
      <Execution id="9753e861-5f9e-4007-828c-b43ee87fad10" />
      <TestMethod codeBase="C:\TestBin\IntegrationTests\Microsoft.VisualStudio.Web.Editors.IntegrationTests.DLL" adapterTypeName="executor://parameterizedtestexecutor/v1" className="Microsoft.VisualStudio.Web.Editors.IntegrationTests.Html.CompletionTests" name="VSTest_Completion_RequiredParent" />
    </UnitTest>
    <UnitTest name="VSTest_RazorV4CsFormattingTest" storage="c:\testbin\integrationtests\microsoft.visualstudio.web.editors.integrationtests.dll" id="43bd32cc-5cce-42b2-5c46-2d833daf249a">
      <Owners>
        <Owner name="bhsubra" />
      </Owners>
      <Execution id="8a31b443-4fb9-4514-a1ce-edf2e3efe37c" />
      <TestMethod codeBase="C:\TestBin\IntegrationTests\Microsoft.VisualStudio.Web.Editors.IntegrationTests.DLL" adapterTypeName="executor://parameterizedtestexecutor/v1" className="Microsoft.VisualStudio.Web.Editors.IntegrationTests.Razor.Formatting.CSharpFormattingTests" name="VSTest_RazorV4CsFormattingTest" />
    </UnitTest>
    <UnitTest name="VSTest_Validate_Html5Validation" storage="c:\testbin\integrationtests\microsoft.visualstudio.web.editors.integrationtests.dll" id="1ddaea4a-c389-1fc0-203c-9136718231e0">
      <Owners>
        <Owner name="bhsubra" />
      </Owners>
      <Execution id="4f9c2578-c4e8-4435-934f-5be85c19ecbb" />
      <TestMethod codeBase="C:\TestBin\IntegrationTests\Microsoft.VisualStudio.Web.Editors.IntegrationTests.DLL" adapterTypeName="executor://parameterizedtestexecutor/v1" className="Microsoft.VisualStudio.Web.Editors.IntegrationTests.Html.ValidationTests" name="VSTest_Validate_Html5Validation" />
    </UnitTest>
    <UnitTest name="VSTest_Less_DiffViewer (SideBySide)" storage="c:\testbin\integrationtests\microsoft.visualstudio.web.editors.integrationtests.dll" id="e582f489-3193-6b87-ad62-41795d3488cb">
      <Owners>
        <Owner name="YaLyu" />
      </Owners>
      <Execution id="2165222b-bffd-4df7-bb06-f9d9038bc1bf" />
      <TestMethod codeBase="C:\TestBin\IntegrationTests\Microsoft.VisualStudio.Web.Editors.IntegrationTests.DLL" adapterTypeName="executor://parameterizedtestexecutor/v1" className="Microsoft.VisualStudio.Web.Editors.IntegrationTests.Less.LessDiffTests" name="VSTest_Less_DiffViewer (SideBySide)" />
    </UnitTest>
    <UnitTest name="VSTest_JSON_FormatOnPaste" storage="c:\testbin\integrationtests\microsoft.visualstudio.web.editors.integrationtests.dll" id="5aa81b10-a7a9-52f5-3b44-cdabeb41683a">
      <Owners>
        <Owner name="YaLyu" />
      </Owners>
      <Execution id="51c112aa-87d9-48a4-878e-ca0f7164a79c" />
      <TestMethod codeBase="C:\TestBin\IntegrationTests\Microsoft.VisualStudio.Web.Editors.IntegrationTests.DLL" adapterTypeName="executor://parameterizedtestexecutor/v1" className="Microsoft.VisualStudio.Web.Editors.IntegrationTests.JSON.JsonFormatOnPasteTests" name="VSTest_JSON_FormatOnPaste" />
    </UnitTest>
    <UnitTest name="VSTest_Generate_AttrModel_Methods_WebSite_Code_Behind_CS" storage="c:\testbin\integrationtests\microsoft.visualstudio.web.editors.integrationtests.dll" id="1db103cc-98f1-68d3-82b1-b10238f6706a">
      <Owners>
        <Owner name="bhsubra" />
      </Owners>
      <Execution id="cc80a728-9799-499f-b48e-02096a44de44" />
      <TestMethod codeBase="C:\TestBin\IntegrationTests\Microsoft.VisualStudio.Web.Editors.IntegrationTests.DLL" adapterTypeName="executor://parameterizedtestexecutor/v1" className="Microsoft.VisualStudio.Web.Editors.IntegrationTests.WebForm.GenerateDataMethodTests" name="VSTest_Generate_AttrModel_Methods_WebSite_Code_Behind_CS" />
    </UnitTest>
    <UnitTest name="VSTest_HitBreakpointAndEditInCSHtml" storage="c:\testbin\integrationtests\microsoft.visualstudio.web.editors.integrationtests.dll" id="5eaae7c7-8d0a-d2dc-b775-26c1248f3252">
      <Owners>
        <Owner name="ToddGrun" />
      </Owners>
      <Execution id="ba0f2d9f-bac1-42e5-aa44-8478e4b61f5f" />
      <TestMethod codeBase="C:\TestBin\IntegrationTests\Microsoft.VisualStudio.Web.Editors.IntegrationTests.DLL" adapterTypeName="executor://parameterizedtestexecutor/v1" className="Microsoft.VisualStudio.Web.Editors.IntegrationTests.Razor.Debug.DebugTestsV4Project" name="VSTest_HitBreakpointAndEditInCSHtml" />
    </UnitTest>
    <UnitTest name="VSTest_CssFormatSampleCss_Compact" storage="c:\testbin\integrationtests\microsoft.visualstudio.web.editors.integrationtests.dll" id="b05a2452-14ac-4911-cb24-69086e5794c2">
      <Owners>
        <Owner name="YaLyu" />
      </Owners>
      <Execution id="3ba7fe3f-a3f1-4c66-a70a-41634a94d4ea" />
      <TestMethod codeBase="C:\TestBin\IntegrationTests\Microsoft.VisualStudio.Web.Editors.IntegrationTests.DLL" adapterTypeName="executor://parameterizedtestexecutor/v1" className="Microsoft.VisualStudio.Web.Editors.IntegrationTests.Css.CssFormatTests" name="VSTest_CssFormatSampleCss_Compact" />
    </UnitTest>
    <UnitTest name="VSTest_JSON_VerifyKnownFileSchemaAssociations (webs\misc\JSON\KnownSchemas\.bowerrc, http://json.schemastore.org/bowerrc)" storage="c:\testbin\integrationtests\microsoft.visualstudio.web.editors.integrationtests.dll" id="ec13a3ee-12a8-ba6b-5ae5-0a4183ed0c7d">
      <Owners>
        <Owner name="YaLyu" />
      </Owners>
      <Execution id="36ade0e5-1eab-443d-97d8-078b36fdc1bb" />
      <TestMethod codeBase="C:\TestBin\IntegrationTests\Microsoft.VisualStudio.Web.Editors.IntegrationTests.DLL" adapterTypeName="executor://parameterizedtestexecutor/v1" className="Microsoft.VisualStudio.Web.Editors.IntegrationTests.JSON.Schema.KnownSchemaAssociationTests.VSTest_JSON_VerifyKnownFileSchemaAssociations (webs\misc\JSON\KnownSchemas\.bowerrc, http://json.schemastore" name="VSTest_JSON_VerifyKnownFileSchemaAssociations (webs\misc\JSON\KnownSchemas\.bowerrc, http://json.schemastore.org/bowerrc)" />
    </UnitTest>
    <UnitTest name="VSTest_Razor_Validate_Typing" storage="c:\testbin\integrationtests\microsoft.visualstudio.web.editors.integrationtests.dll" id="ad4fe996-d026-2c7e-a816-6df18f74e5b2">
      <Owners>
        <Owner name="ToddGrun" />
      </Owners>
      <Execution id="71892821-e581-483c-b2ab-8c9bb3c63675" />
      <TestMethod codeBase="C:\TestBin\IntegrationTests\Microsoft.VisualStudio.Web.Editors.IntegrationTests.DLL" adapterTypeName="executor://parameterizedtestexecutor/v1" className="Microsoft.VisualStudio.Web.Editors.IntegrationTests.Razor.Validation.ValidationTests" name="VSTest_Razor_Validate_Typing" />
    </UnitTest>
    <UnitTest name="VSTest_Html_DiffViewer (SideBySide)" storage="c:\testbin\integrationtests\microsoft.visualstudio.web.editors.integrationtests.dll" id="b8db0d1e-a93b-7796-5023-24bde3583ffb">
      <Owners>
        <Owner name="bhsubra" />
      </Owners>
      <Execution id="d9b98c05-aa47-410f-922c-bddd4784ad45" />
      <TestMethod codeBase="C:\TestBin\IntegrationTests\Microsoft.VisualStudio.Web.Editors.IntegrationTests.DLL" adapterTypeName="executor://parameterizedtestexecutor/v1" className="Microsoft.VisualStudio.Web.Editors.IntegrationTests.Html.HtmlDiffTests" name="VSTest_Html_DiffViewer (SideBySide)" />
    </UnitTest>
    <UnitTest name="VSTest_FormatTest17" storage="c:\testbin\integrationtests\microsoft.visualstudio.web.editors.integrationtests.dll" id="3a40ecbf-c680-c259-cc08-48a724ff3712">
      <Owners>
        <Owner name="ToddGrun" />
      </Owners>
      <Execution id="b8340863-9ac0-4bf4-bc92-108c0ba7ae2b" />
      <TestMethod codeBase="C:\TestBin\IntegrationTests\Microsoft.VisualStudio.Web.Editors.IntegrationTests.DLL" adapterTypeName="executor://parameterizedtestexecutor/v1" className="Microsoft.VisualStudio.Web.Editors.IntegrationTests.Html.Format.FormatTests" name="VSTest_FormatTest17" />
    </UnitTest>
    <UnitTest name="VSTest_CSS_CompletionWhileTyping" storage="c:\testbin\integrationtests\microsoft.visualstudio.web.editors.integrationtests.dll" id="36a4daa1-c13f-3a52-c823-01cf417bcf4d">
      <Owners>
        <Owner name="YaLyu" />
      </Owners>
      <Execution id="78bb8eb3-e87c-4d5e-a8ea-8e86fc3b5e0e" />
      <TestMethod codeBase="C:\TestBin\IntegrationTests\Microsoft.VisualStudio.Web.Editors.IntegrationTests.DLL" adapterTypeName="executor://parameterizedtestexecutor/v1" className="Microsoft.VisualStudio.Web.Editors.IntegrationTests.CSS.CssCompletionTests" name="VSTest_CSS_CompletionWhileTyping" />
    </UnitTest>
    <UnitTest name="VSTest_AutoTagNameMatcher_BackspaceEndingTag" storage="c:\testbin\integrationtests\microsoft.visualstudio.web.editors.integrationtests.dll" id="692c3744-1e27-a041-5aa6-b1a6631fc933">
      <Owners>
        <Owner name="ToddGrun" />
      </Owners>
      <Execution id="a2e6f68a-ae3b-4f13-9d47-ba7b9414e7ef" />
      <TestMethod codeBase="C:\TestBin\IntegrationTests\Microsoft.VisualStudio.Web.Editors.IntegrationTests.DLL" adapterTypeName="executor://parameterizedtestexecutor/v1" className="Microsoft.VisualStudio.Web.Editors.IntegrationTests.Html.AutoTagNameMatcherTests" name="VSTest_AutoTagNameMatcher_BackspaceEndingTag" />
    </UnitTest>
    <UnitTest name="VSTest_JSON_SuggestedActions_Bower_UninstallBehavior" storage="c:\testbin\integrationtests\microsoft.visualstudio.web.editors.integrationtests.dll" id="a4f4fe5a-fc22-0a58-463e-acabd5e1367d">
      <Owners>
        <Owner name="AlexGav" />
      </Owners>
      <Execution id="ec5029cc-a76b-4dab-aaa5-0afea6468330" />
      <TestMethod codeBase="C:\TestBin\IntegrationTests\Microsoft.VisualStudio.Web.Editors.IntegrationTests.DLL" adapterTypeName="executor://parameterizedtestexecutor/v1" className="Microsoft.VisualStudio.Web.Editors.IntegrationTests.JSON.SuggestedActions.BowerActions" name="VSTest_JSON_SuggestedActions_Bower_UninstallBehavior" />
    </UnitTest>
    <UnitTest name="VSTest_AutoTagNameMatcher_RemoveUnclosedSameInnerTagNameHtml" storage="c:\testbin\integrationtests\microsoft.visualstudio.web.editors.integrationtests.dll" id="b49b64f1-b4f9-24f1-e3e5-4535dd8dd5bd">
      <Owners>
        <Owner name="ToddGrun" />
      </Owners>
      <Execution id="802ca4e9-9cd5-4a9c-840f-be0f43b1a832" />
      <TestMethod codeBase="C:\TestBin\IntegrationTests\Microsoft.VisualStudio.Web.Editors.IntegrationTests.DLL" adapterTypeName="executor://parameterizedtestexecutor/v1" className="Microsoft.VisualStudio.Web.Editors.IntegrationTests.Html.AutoTagNameMatcherTests" name="VSTest_AutoTagNameMatcher_RemoveUnclosedSameInnerTagNameHtml" />
    </UnitTest>
    <UnitTest name="VSTest_RazorVb_FormatDocument_WithIndentSizeOption" storage="c:\testbin\integrationtests\microsoft.visualstudio.web.editors.integrationtests.dll" id="bc517ced-1d70-c0b8-0d99-4d00847931a9">
      <Owners>
        <Owner name="bhsubra" />
      </Owners>
      <Execution id="4a7b3a55-15a6-425f-a6b5-0f45012249a8" />
      <TestMethod codeBase="C:\TestBin\IntegrationTests\Microsoft.VisualStudio.Web.Editors.IntegrationTests.DLL" adapterTypeName="executor://parameterizedtestexecutor/v1" className="Microsoft.VisualStudio.Web.Editors.IntegrationTests.Razor.Formatting.VBFormattingTests" name="VSTest_RazorVb_FormatDocument_WithIndentSizeOption" />
    </UnitTest>
    <UnitTest name="VSTest_InsertSnippetViaSurroundWith" storage="c:\testbin\integrationtests\microsoft.visualstudio.web.editors.integrationtests.dll" id="4984ffb8-9750-6cc8-d6a0-5e4574b83a10">
      <Owners>
        <Owner name="AlexGav" />
      </Owners>
      <Execution id="c2b5a340-f929-4978-8d14-0611dd0fc49e" />
      <TestMethod codeBase="C:\TestBin\IntegrationTests\Microsoft.VisualStudio.Web.Editors.IntegrationTests.DLL" adapterTypeName="executor://parameterizedtestexecutor/v1" className="Microsoft.VisualStudio.Web.Editors.IntegrationTests.Html.SnippetTests" name="VSTest_InsertSnippetViaSurroundWith" />
    </UnitTest>
    <UnitTest name="VSTest_JSON_SchemaHandlerSelect_ImplicitSchema" storage="c:\testbin\integrationtests\microsoft.visualstudio.web.editors.integrationtests.dll" id="faef5f8d-bc28-4764-65b4-de8d3a2281c5">
      <Owners>
        <Owner name="YaLyu" />
      </Owners>
      <Execution id="82032db9-801c-4792-bfb3-5cf292ae4bdf" />
      <TestMethod codeBase="C:\TestBin\IntegrationTests\Microsoft.VisualStudio.Web.Editors.IntegrationTests.DLL" adapterTypeName="executor://parameterizedtestexecutor/v1" className="Microsoft.VisualStudio.Web.Editors.IntegrationTests.JSON.SchemaValidation" name="VSTest_JSON_SchemaHandlerSelect_ImplicitSchema" />
    </UnitTest>
    <UnitTest name="VSTest_RazorV4CsFormatCodeBlock_StatementOnMultiplelines" storage="c:\testbin\integrationtests\microsoft.visualstudio.web.editors.integrationtests.dll" id="42db6992-af67-bde1-4209-0cd929f8ae27">
      <Owners>
        <Owner name="ToddGrun" />
      </Owners>
      <Execution id="6ee483a2-3ac2-420e-b24a-9bc793d6f622" />
      <TestMethod codeBase="C:\TestBin\IntegrationTests\Microsoft.VisualStudio.Web.Editors.IntegrationTests.DLL" adapterTypeName="executor://parameterizedtestexecutor/v1" className="Microsoft.VisualStudio.Web.Editors.IntegrationTests.Razor.Formatting.CSharpFormattingTests" name="VSTest_RazorV4CsFormatCodeBlock_StatementOnMultiplelines" />
    </UnitTest>
    <UnitTest name="VSTest_RazorV4Cs_FormatDocumentAfterEdit" storage="c:\testbin\integrationtests\microsoft.visualstudio.web.editors.integrationtests.dll" id="0ab0ba8b-457b-5709-cd88-1b2c0d882a37">
      <Owners>
        <Owner name="bhsubra" />
      </Owners>
      <Execution id="585fd638-a36e-4a7a-880d-dbd02466f0c7" />
      <TestMethod codeBase="C:\TestBin\IntegrationTests\Microsoft.VisualStudio.Web.Editors.IntegrationTests.DLL" adapterTypeName="executor://parameterizedtestexecutor/v1" className="Microsoft.VisualStudio.Web.Editors.IntegrationTests.Razor.Formatting.CSharpFormattingTests" name="VSTest_RazorV4Cs_FormatDocumentAfterEdit" />
    </UnitTest>
    <UnitTest name="VSTest_TypingTags_JavaScriptEvents" storage="c:\testbin\integrationtests\microsoft.visualstudio.web.editors.integrationtests.dll" id="acb5a186-e5c3-9b89-d375-c9fe789b54d3">
      <Owners>
        <Owner name="bhsubra" />
      </Owners>
      <Execution id="e5f409ba-5384-4881-b9ef-459e8dc045d1" />
      <TestMethod codeBase="C:\TestBin\IntegrationTests\Microsoft.VisualStudio.Web.Editors.IntegrationTests.DLL" adapterTypeName="executor://parameterizedtestexecutor/v1" className="Microsoft.VisualStudio.Web.Editors.IntegrationTests.Html.Typing.TypingTests" name="VSTest_TypingTags_JavaScriptEvents" />
    </UnitTest>
    <UnitTest name="VSTest_CoffeeScriptOutlining_Basic" storage="c:\testbin\integrationtests\microsoft.visualstudio.web.editors.integrationtests.dll" id="6c47055c-8480-c36f-9b37-a71ae0b4bfd8">
      <Owners>
        <Owner name="YaLyu" />
      </Owners>
      <Execution id="a96cf039-494a-4293-bf57-982851016511" />
      <TestMethod codeBase="C:\TestBin\IntegrationTests\Microsoft.VisualStudio.Web.Editors.IntegrationTests.DLL" adapterTypeName="executor://parameterizedtestexecutor/v1" className="Microsoft.VisualStudio.Web.Editors.IntegrationTests.CoffeeScript.CoffeeScriptOutliningTests" name="VSTest_CoffeeScriptOutlining_Basic" />
    </UnitTest>
    <UnitTest name="VSTest_UWP_ImplicitJavaScriptReferenceIntelliSense" storage="c:\testbin\integrationtests\microsoft.visualstudio.web.editors.integrationtests.dll" id="0ea4657c-2d4d-0557-ad4e-285fc4bbd4b1">
      <Owners>
        <Owner name="AlexGav" />
      </Owners>
      <Execution id="b6af1d24-cde1-47f2-96e4-d522e6b018b5" />
      <TestMethod codeBase="C:\TestBin\IntegrationTests\Microsoft.VisualStudio.Web.Editors.IntegrationTests.DLL" adapterTypeName="executor://parameterizedtestexecutor/v1" className="Microsoft.VisualStudio.Web.Editors.IntegrationTests.Html.UwpTests" name="VSTest_UWP_ImplicitJavaScriptReferenceIntelliSense" />
    </UnitTest>
    <UnitTest name="VSTest_SmartIndentInHTML" storage="c:\testbin\integrationtests\microsoft.visualstudio.web.editors.integrationtests.dll" id="dce03c0d-fd3a-f912-f6e8-259d3e8f5f87">
      <Owners>
        <Owner name="ToddGrun" />
      </Owners>
      <Execution id="eba1d455-f04d-4449-bf31-70cdb7bf8b7a" />
      <TestMethod codeBase="C:\TestBin\IntegrationTests\Microsoft.VisualStudio.Web.Editors.IntegrationTests.DLL" adapterTypeName="executor://parameterizedtestexecutor/v1" className="Microsoft.VisualStudio.Web.Editors.IntegrationTests.Html.SmartIndentTests" name="VSTest_SmartIndentInHTML" />
    </UnitTest>
    <UnitTest name="VSTest_Html_FormatSelection_EOLThroughComment" storage="c:\testbin\integrationtests\microsoft.visualstudio.web.editors.integrationtests.dll" id="578d7718-9b50-49d2-dd4f-7b47f35b6023">
      <Owners>
        <Owner name="bhsubra" />
      </Owners>
      <Execution id="f270affc-fd62-4b72-9259-734cc23afd6c" />
      <TestMethod codeBase="C:\TestBin\IntegrationTests\Microsoft.VisualStudio.Web.Editors.IntegrationTests.DLL" adapterTypeName="executor://parameterizedtestexecutor/v1" className="Microsoft.VisualStudio.Web.Editors.IntegrationTests.Html.Format.FormatTests" name="VSTest_Html_FormatSelection_EOLThroughComment" />
    </UnitTest>
    <UnitTest name="VSTest_Validate_After_Changing_Html_Settings" storage="c:\testbin\integrationtests\microsoft.visualstudio.web.editors.integrationtests.dll" id="c66289d9-1b78-a2fb-db51-42e75ff4651e">
      <Owners>
        <Owner name="bhsubra" />
      </Owners>
      <Execution id="180a3928-246e-4ff5-9707-c380d199a123" />
      <TestMethod codeBase="C:\TestBin\IntegrationTests\Microsoft.VisualStudio.Web.Editors.IntegrationTests.DLL" adapterTypeName="executor://parameterizedtestexecutor/v1" className="Microsoft.VisualStudio.Web.Editors.IntegrationTests.Html.ValidationTests" name="VSTest_Validate_After_Changing_Html_Settings" />
    </UnitTest>
    <UnitTest name="VSTest_RazorV4Cs_FormatOnPaste_StartingWithContainedLanguageCode" storage="c:\testbin\integrationtests\microsoft.visualstudio.web.editors.integrationtests.dll" id="a8d27714-deb2-d8fa-2dea-ab56590c7489">
      <Owners>
        <Owner name="bhsubra" />
      </Owners>
      <Execution id="16cdaacb-c435-4e66-b897-f17f2038924e" />
      <TestMethod codeBase="C:\TestBin\IntegrationTests\Microsoft.VisualStudio.Web.Editors.IntegrationTests.DLL" adapterTypeName="executor://parameterizedtestexecutor/v1" className="Microsoft.VisualStudio.Web.Editors.IntegrationTests.Razor.Formatting.CSharpFormattingTests" name="VSTest_RazorV4Cs_FormatOnPaste_StartingWithContainedLanguageCode" />
    </UnitTest>
    <UnitTest name="VSTest_ServerIntellisenseVB" storage="c:\testbin\integrationtests\microsoft.visualstudio.web.editors.integrationtests.dll" id="4649ab03-d9eb-e9e1-69de-215fad7657d5">
      <Owners>
        <Owner name="bhsubra" />
      </Owners>
      <Execution id="e93cb643-afa3-4aa3-8859-b8f90bec9232" />
      <TestMethod codeBase="C:\TestBin\IntegrationTests\Microsoft.VisualStudio.Web.Editors.IntegrationTests.DLL" adapterTypeName="executor://parameterizedtestexecutor/v1" className="Microsoft.VisualStudio.Web.Editors.IntegrationTests.Html.ServerIntellisenseTests" name="VSTest_ServerIntellisenseVB" />
    </UnitTest>
    <UnitTest name="VSTest_Scss_DiffViewer (SideBySide)" storage="c:\testbin\integrationtests\microsoft.visualstudio.web.editors.integrationtests.dll" id="a359dff9-d4eb-a54d-4103-77fc8fe59bbd">
      <Owners>
        <Owner name="YaLyu" />
      </Owners>
      <Execution id="e326065c-1c7c-4f7c-9f4f-eb221c3ad83f" />
      <TestMethod codeBase="C:\TestBin\IntegrationTests\Microsoft.VisualStudio.Web.Editors.IntegrationTests.DLL" adapterTypeName="executor://parameterizedtestexecutor/v1" className="Microsoft.VisualStudio.Web.Editors.IntegrationTests.Scss.ScssDiffTests" name="VSTest_Scss_DiffViewer (SideBySide)" />
    </UnitTest>
    <UnitTest name="VSTest_JSON_VerifyKnownFileSchemaAssociations (webs\misc\JSON\KnownSchemas\.csslintrc, http://json.schemastore.org/csslintrc)" storage="c:\testbin\integrationtests\microsoft.visualstudio.web.editors.integrationtests.dll" id="2122fc25-4bda-3ec1-2c73-7ae64d45db91">
      <Owners>
        <Owner name="YaLyu" />
      </Owners>
      <Execution id="075abadf-31fc-428b-b2ba-eb442b47d52d" />
      <TestMethod codeBase="C:\TestBin\IntegrationTests\Microsoft.VisualStudio.Web.Editors.IntegrationTests.DLL" adapterTypeName="executor://parameterizedtestexecutor/v1" className="Microsoft.VisualStudio.Web.Editors.IntegrationTests.JSON.Schema.KnownSchemaAssociationTests.VSTest_JSON_VerifyKnownFileSchemaAssociations (webs\misc\JSON\KnownSchemas\.csslintrc, http://json.schemastore" name="VSTest_JSON_VerifyKnownFileSchemaAssociations (webs\misc\JSON\KnownSchemas\.csslintrc, http://json.schemastore.org/csslintrc)" />
    </UnitTest>
    <UnitTest name="VSTest_Html_DiffViewer (RightOnly)" storage="c:\testbin\integrationtests\microsoft.visualstudio.web.editors.integrationtests.dll" id="c6504608-82e2-78fc-e57f-344241895620">
      <Owners>
        <Owner name="bhsubra" />
      </Owners>
      <Execution id="3db35432-2ce7-44ed-9454-830da55d1d1b" />
      <TestMethod codeBase="C:\TestBin\IntegrationTests\Microsoft.VisualStudio.Web.Editors.IntegrationTests.DLL" adapterTypeName="executor://parameterizedtestexecutor/v1" className="Microsoft.VisualStudio.Web.Editors.IntegrationTests.Html.HtmlDiffTests" name="VSTest_Html_DiffViewer (RightOnly)" />
    </UnitTest>
    <UnitTest name="VSTest_Completion_Attributes_Anchor_Tag" storage="c:\testbin\integrationtests\microsoft.visualstudio.web.editors.integrationtests.dll" id="b1fc98d4-efab-dc2b-8568-2bc87a6d82df">
      <Owners>
        <Owner name="ToddGrun" />
      </Owners>
      <Execution id="6b1d7dde-56c3-4e89-a56f-34f2c4a88c73" />
      <TestMethod codeBase="C:\TestBin\IntegrationTests\Microsoft.VisualStudio.Web.Editors.IntegrationTests.DLL" adapterTypeName="executor://parameterizedtestexecutor/v1" className="Microsoft.VisualStudio.Web.Editors.IntegrationTests.Html.CompletionTests" name="VSTest_Completion_Attributes_Anchor_Tag" />
    </UnitTest>
    <UnitTest name="VSTest_Razor_TagHelpers_Script" storage="c:\testbin\integrationtests\microsoft.visualstudio.web.editors.integrationtests.dll" id="613a2f06-100c-784e-7022-738e5c61d766">
      <Owners>
        <Owner name="ToddGrun" />
      </Owners>
      <Execution id="1d81320f-a8d9-41e0-915b-f162944b31c5" />
      <TestMethod codeBase="C:\TestBin\IntegrationTests\Microsoft.VisualStudio.Web.Editors.IntegrationTests.DLL" adapterTypeName="executor://parameterizedtestexecutor/v1" className="Microsoft.VisualStudio.Web.Editors.IntegrationTests.Razor.TagHelpers.RazorTagHelperTests" name="VSTest_Razor_TagHelpers_Script" />
    </UnitTest>
    <UnitTest name="VSTest_Validate_Html5ValidateCasing" storage="c:\testbin\integrationtests\microsoft.visualstudio.web.editors.integrationtests.dll" id="4a2ddb61-90ae-2278-a86a-47c73463fad1">
      <Owners>
        <Owner name="bhsubra" />
      </Owners>
      <Execution id="6c4e530c-9276-4d77-98eb-02ea72f4dc15" />
      <TestMethod codeBase="C:\TestBin\IntegrationTests\Microsoft.VisualStudio.Web.Editors.IntegrationTests.DLL" adapterTypeName="executor://parameterizedtestexecutor/v1" className="Microsoft.VisualStudio.Web.Editors.IntegrationTests.Html.ValidationTests" name="VSTest_Validate_Html5ValidateCasing" />
    </UnitTest>
    <UnitTest name="VSTest_CSS_Colorization" storage="c:\testbin\integrationtests\microsoft.visualstudio.web.editors.integrationtests.dll" id="2965db26-de59-581e-3fa6-b7325cff5e8a">
      <Owners>
        <Owner name="YaLyu" />
      </Owners>
      <Execution id="cceb8ba6-9db7-4b7f-a41b-61ee7121dff3" />
      <TestMethod codeBase="C:\TestBin\IntegrationTests\Microsoft.VisualStudio.Web.Editors.IntegrationTests.DLL" adapterTypeName="executor://parameterizedtestexecutor/v1" className="Microsoft.VisualStudio.Web.Editors.IntegrationTests.Css.CssColorizationTests" name="VSTest_CSS_Colorization" />
    </UnitTest>
    <UnitTest name="VSTest_Completion_TypeAtImportsInStyle" storage="c:\testbin\integrationtests\microsoft.visualstudio.web.editors.integrationtests.dll" id="6d6cbb2a-eafd-356e-2157-0be5df00740f">
      <Owners>
        <Owner name="ToddGrun" />
      </Owners>
      <Execution id="71c683d3-632e-4ee9-8c0a-678b44682069" />
      <TestMethod codeBase="C:\TestBin\IntegrationTests\Microsoft.VisualStudio.Web.Editors.IntegrationTests.DLL" adapterTypeName="executor://parameterizedtestexecutor/v1" className="Microsoft.VisualStudio.Web.Editors.IntegrationTests.Razor.Completion.CompletionTests" name="VSTest_Completion_TypeAtImportsInStyle" />
    </UnitTest>
    <UnitTest name="VSTest_RazorV4_ModelDirectiveCompletionInCshtml" storage="c:\testbin\integrationtests\microsoft.visualstudio.web.editors.integrationtests.dll" id="3020f313-d33d-78cd-690a-5d3b0d567d35">
      <Owners>
        <Owner name="nimullen" />
      </Owners>
      <Execution id="83a62c3f-7511-4de7-a06c-969fd9a85c8f" />
      <TestMethod codeBase="C:\TestBin\IntegrationTests\Microsoft.VisualStudio.Web.Editors.IntegrationTests.DLL" adapterTypeName="executor://parameterizedtestexecutor/v1" className="Microsoft.VisualStudio.Web.Editors.IntegrationTests.Razor.Completion.CompletionTests" name="VSTest_RazorV4_ModelDirectiveCompletionInCshtml" />
    </UnitTest>
    <UnitTest name="VSTest_RazorPasteIndentedAtIfInCshtml" storage="c:\testbin\integrationtests\microsoft.visualstudio.web.editors.integrationtests.dll" id="17cbe034-ecb4-14e6-b6ac-c5ed69fd3cb6">
      <Owners>
        <Owner name="ToddGrun" />
      </Owners>
      <Execution id="82215afc-4c20-4b5b-9cc7-3549c12660f4" />
      <TestMethod codeBase="C:\TestBin\IntegrationTests\Microsoft.VisualStudio.Web.Editors.IntegrationTests.DLL" adapterTypeName="executor://parameterizedtestexecutor/v1" className="Microsoft.VisualStudio.Web.Editors.IntegrationTests.Razor.General.CSharpGeneralTests" name="VSTest_RazorPasteIndentedAtIfInCshtml" />
    </UnitTest>
    <UnitTest name="VSTest_JSON_DiffViewer (SideBySide)" storage="c:\testbin\integrationtests\microsoft.visualstudio.web.editors.integrationtests.dll" id="d07ebef1-0fca-2205-2b6c-3c3767a7e718">
      <Owners>
        <Owner name="YaLyu" />
      </Owners>
      <Execution id="1911e796-68b8-42e1-9ec7-ac154baf3754" />
      <TestMethod codeBase="C:\TestBin\IntegrationTests\Microsoft.VisualStudio.Web.Editors.IntegrationTests.DLL" adapterTypeName="executor://parameterizedtestexecutor/v1" className="Microsoft.VisualStudio.Web.Editors.IntegrationTests.JSON.DiffTests" name="VSTest_JSON_DiffViewer (SideBySide)" />
    </UnitTest>
    <UnitTest name="VSTest_Validate_Webforms_Uri" storage="c:\testbin\integrationtests\microsoft.visualstudio.web.editors.integrationtests.dll" id="ef24b414-f526-69fc-c564-b35b6d416278">
      <Owners>
        <Owner name="bhsubra" />
      </Owners>
      <Execution id="4edbd337-2a71-40d2-9dbe-942aaf7bc2f7" />
      <TestMethod codeBase="C:\TestBin\IntegrationTests\Microsoft.VisualStudio.Web.Editors.IntegrationTests.DLL" adapterTypeName="executor://parameterizedtestexecutor/v1" className="Microsoft.VisualStudio.Web.Editors.IntegrationTests.WebForm.ValidationTests" name="VSTest_Validate_Webforms_Uri" />
    </UnitTest>
    <UnitTest name="VSTest_Html_DiffViewer (Inline)" storage="c:\testbin\integrationtests\microsoft.visualstudio.web.editors.integrationtests.dll" id="95031c4c-a0e1-b1b5-eba4-5a36d9dd7986">
      <Owners>
        <Owner name="bhsubra" />
      </Owners>
      <Execution id="082d2578-e99c-4ef4-9725-946864a25ca2" />
      <TestMethod codeBase="C:\TestBin\IntegrationTests\Microsoft.VisualStudio.Web.Editors.IntegrationTests.DLL" adapterTypeName="executor://parameterizedtestexecutor/v1" className="Microsoft.VisualStudio.Web.Editors.IntegrationTests.Html.HtmlDiffTests" name="VSTest_Html_DiffViewer (Inline)" />
    </UnitTest>
    <UnitTest name="VSTest_JSON_SuggestedActions_NPM_UninstallBehavior" storage="c:\testbin\integrationtests\microsoft.visualstudio.web.editors.integrationtests.dll" id="6b8ecd0b-ecd4-6074-ce14-cabaef035712">
      <Owners>
        <Owner name="AlexGav" />
      </Owners>
      <Execution id="410739d8-f8e4-4905-961a-eef558b9ce1a" />
      <TestMethod codeBase="C:\TestBin\IntegrationTests\Microsoft.VisualStudio.Web.Editors.IntegrationTests.DLL" adapterTypeName="executor://parameterizedtestexecutor/v1" className="Microsoft.VisualStudio.Web.Editors.IntegrationTests.JSON.SuggestedActions.NpmActions" name="VSTest_JSON_SuggestedActions_NPM_UninstallBehavior" />
    </UnitTest>
    <UnitTest name="VSTest_Razor_TagHelpers_Completion_RestrictChildrenWithParentTag" storage="c:\testbin\integrationtests\microsoft.visualstudio.web.editors.integrationtests.dll" id="96087fee-c14b-2433-f3b6-bcd4db38f25f">
      <Owners>
        <Owner name="ToddGrun" />
      </Owners>
      <Execution id="acd3732d-80d7-4911-b7eb-bba229417d3c" />
      <TestMethod codeBase="C:\TestBin\IntegrationTests\Microsoft.VisualStudio.Web.Editors.IntegrationTests.DLL" adapterTypeName="executor://parameterizedtestexecutor/v1" className="Microsoft.VisualStudio.Web.Editors.IntegrationTests.Razor.TagHelpers.RazorTagHelperTests" name="VSTest_Razor_TagHelpers_Completion_RestrictChildrenWithParentTag" />
    </UnitTest>
    <UnitTest name="VSTest_JSON_UnMinifyTests" storage="c:\testbin\integrationtests\microsoft.visualstudio.web.editors.integrationtests.dll" id="c48fc44a-27a1-66ed-8204-f7ec3a493e5c">
      <Owners>
        <Owner name="YaLyu" />
      </Owners>
      <Execution id="f238f22c-d2e3-4701-a8bc-f879946f62ca" />
      <TestMethod codeBase="C:\TestBin\IntegrationTests\Microsoft.VisualStudio.Web.Editors.IntegrationTests.DLL" adapterTypeName="executor://parameterizedtestexecutor/v1" className="Microsoft.VisualStudio.Web.Editors.IntegrationTests.JSON.Commands.UnMinifyCommandTests" name="VSTest_JSON_UnMinifyTests" />
    </UnitTest>
    <UnitTest name="VSTest_UWP_UrlPicker" storage="c:\testbin\integrationtests\microsoft.visualstudio.web.editors.integrationtests.dll" id="89e0dbb4-9f1c-8e68-6752-7a757f3f43b0">
      <Owners>
        <Owner name="ToddGrun" />
      </Owners>
      <Execution id="9ccaf115-fbc8-4088-917f-4d1f4655ec61" />
      <TestMethod codeBase="C:\TestBin\IntegrationTests\Microsoft.VisualStudio.Web.Editors.IntegrationTests.DLL" adapterTypeName="executor://parameterizedtestexecutor/v1" className="Microsoft.VisualStudio.Web.Editors.IntegrationTests.Html.UwpTests" name="VSTest_UWP_UrlPicker" />
    </UnitTest>
    <UnitTest name="VSTest_InsertSnippetViaUI" storage="c:\testbin\integrationtests\microsoft.visualstudio.web.editors.integrationtests.dll" id="264c0461-5167-4ff9-a4f2-eada258b4c77">
      <Owners>
        <Owner name="AlexGav" />
      </Owners>
      <Execution id="82d5772c-7fc3-4862-8e1c-7e4ca5c67195" />
      <TestMethod codeBase="C:\TestBin\IntegrationTests\Microsoft.VisualStudio.Web.Editors.IntegrationTests.DLL" adapterTypeName="executor://parameterizedtestexecutor/v1" className="Microsoft.VisualStudio.Web.Editors.IntegrationTests.Html.SnippetTests" name="VSTest_InsertSnippetViaUI" />
    </UnitTest>
    <UnitTest name="VSTest_CssCompletion_HtmlNames" storage="c:\testbin\integrationtests\microsoft.visualstudio.web.editors.integrationtests.dll" id="129708df-2cde-0e6d-6624-d5ab0987e197">
      <Owners>
        <Owner name="YaLyu" />
      </Owners>
      <Execution id="43cbafcf-6c86-4a20-8b63-e8660a2344d0" />
      <TestMethod codeBase="C:\TestBin\IntegrationTests\Microsoft.VisualStudio.Web.Editors.IntegrationTests.DLL" adapterTypeName="executor://parameterizedtestexecutor/v1" className="Microsoft.VisualStudio.Web.Editors.IntegrationTests.CSS.CssCompletionTests" name="VSTest_CssCompletion_HtmlNames" />
    </UnitTest>
    <UnitTest name="VSTest_Parser_PTagTest" storage="c:\testbin\integrationtests\microsoft.visualstudio.web.editors.integrationtests.dll" id="af58acf6-9f9e-c87e-6b12-5a06928a304f">
      <Owners>
        <Owner name="ToddGrun" />
      </Owners>
      <Execution id="404a723c-6ada-4cf4-adcf-b62e6655d714" />
      <TestMethod codeBase="C:\TestBin\IntegrationTests\Microsoft.VisualStudio.Web.Editors.IntegrationTests.DLL" adapterTypeName="executor://parameterizedtestexecutor/v1" className="Microsoft.VisualStudio.Web.Editors.IntegrationTests.Html.ParserTests" name="VSTest_Parser_PTagTest" />
    </UnitTest>
    <UnitTest name="VSTest_CssCompletion_QuoteCommitsValueInSelector" storage="c:\testbin\integrationtests\microsoft.visualstudio.web.editors.integrationtests.dll" id="1f15b2c2-4ce8-0b94-c62f-a958e1d0de99">
      <Owners>
        <Owner name="YaLyu" />
      </Owners>
      <Execution id="e3d3cd07-4c9e-465d-845c-962ad3407bbd" />
      <TestMethod codeBase="C:\TestBin\IntegrationTests\Microsoft.VisualStudio.Web.Editors.IntegrationTests.DLL" adapterTypeName="executor://parameterizedtestexecutor/v1" className="Microsoft.VisualStudio.Web.Editors.IntegrationTests.CSS.CssCompletionTests" name="VSTest_CssCompletion_QuoteCommitsValueInSelector" />
    </UnitTest>
    <UnitTest name="VSTest_Html_InsertIntoHtmlEditor" storage="c:\testbin\integrationtests\microsoft.visualstudio.web.editors.integrationtests.dll" id="ad126d4c-04d3-d36f-8304-3bf0523b41cb">
      <Owners>
        <Owner name="bhsubra" />
      </Owners>
      <Execution id="e88c2d06-951e-44c7-a94f-153208c0ba92" />
      <TestMethod codeBase="C:\TestBin\IntegrationTests\Microsoft.VisualStudio.Web.Editors.IntegrationTests.DLL" adapterTypeName="executor://parameterizedtestexecutor/v1" className="Microsoft.VisualStudio.Web.Editors.IntegrationTests.Html.ToolboxTests" name="VSTest_Html_InsertIntoHtmlEditor" />
    </UnitTest>
    <UnitTest name="VSTest_JSON_Setting_Options" storage="c:\testbin\integrationtests\microsoft.visualstudio.web.editors.integrationtests.dll" id="38cd8e5b-952b-380a-69b5-af84ecb8b563">
      <Owners>
        <Owner name="YaLyu" />
      </Owners>
      <Execution id="57a3233b-8a19-4004-b6d7-e5c13fec89d5" />
      <TestMethod codeBase="C:\TestBin\IntegrationTests\Microsoft.VisualStudio.Web.Editors.IntegrationTests.DLL" adapterTypeName="executor://parameterizedtestexecutor/v1" className="Microsoft.VisualStudio.Web.Editors.IntegrationTests.JSON.SettingOptionsTests" name="VSTest_JSON_Setting_Options" />
    </UnitTest>
    <UnitTest name="VSTest_JSON_SchemaValidation_ReloadSchemas" storage="c:\testbin\integrationtests\microsoft.visualstudio.web.editors.integrationtests.dll" id="36913fb5-3969-94e5-ee9a-0c51efb3d0e6">
      <Owners>
        <Owner name="YaLyu" />
      </Owners>
      <Execution id="6cf2eda1-4f3b-460f-bcdd-b1dab024c06d" />
      <TestMethod codeBase="C:\TestBin\IntegrationTests\Microsoft.VisualStudio.Web.Editors.IntegrationTests.DLL" adapterTypeName="executor://parameterizedtestexecutor/v1" className="Microsoft.VisualStudio.Web.Editors.IntegrationTests.JSON.SchemaValidation" name="VSTest_JSON_SchemaValidation_ReloadSchemas" />
    </UnitTest>
    <UnitTest name="VSTest_RazorTypeWithErrorInCshtml" storage="c:\testbin\integrationtests\microsoft.visualstudio.web.editors.integrationtests.dll" id="7f716783-ec5a-dd9f-5c54-011aa238f223">
      <Owners>
        <Owner name="ToddGrun" />
      </Owners>
      <Execution id="6c2dee3c-3c8b-421e-8657-cb0d3c030507" />
      <TestMethod codeBase="C:\TestBin\IntegrationTests\Microsoft.VisualStudio.Web.Editors.IntegrationTests.DLL" adapterTypeName="executor://parameterizedtestexecutor/v1" className="Microsoft.VisualStudio.Web.Editors.IntegrationTests.Razor.General.CSharpGeneralTests" name="VSTest_RazorTypeWithErrorInCshtml" />
    </UnitTest>
    <UnitTest name="VSTest_JSON_SuggestedActions_RemoveDefaultValue_IsPresent" storage="c:\testbin\integrationtests\microsoft.visualstudio.web.editors.integrationtests.dll" id="80ddbbf1-24a0-eb1c-c202-46675d5dc1f1">
      <Owners>
        <Owner name="YaLyu" />
      </Owners>
      <Execution id="6ec6a7ab-67be-41d5-a331-c0f4658d7874" />
      <TestMethod codeBase="C:\TestBin\IntegrationTests\Microsoft.VisualStudio.Web.Editors.IntegrationTests.DLL" adapterTypeName="executor://parameterizedtestexecutor/v1" className="Microsoft.VisualStudio.Web.Editors.IntegrationTests.JSON.SuggestedActions.RemoveDefaultValueTests" name="VSTest_JSON_SuggestedActions_RemoveDefaultValue_IsPresent" />
    </UnitTest>
    <UnitTest name="VSTest_JSON_Completion_WithSchema_Format" storage="c:\testbin\integrationtests\microsoft.visualstudio.web.editors.integrationtests.dll" id="f99fd7f0-a88a-8fa2-bbec-65125fdf03e4">
      <Owners>
        <Owner name="YaLyu" />
      </Owners>
      <Execution id="05da3c80-a47a-4855-ba4b-cd98d75454c0" />
      <TestMethod codeBase="C:\TestBin\IntegrationTests\Microsoft.VisualStudio.Web.Editors.IntegrationTests.DLL" adapterTypeName="executor://parameterizedtestexecutor/v1" className="Microsoft.VisualStudio.Web.Editors.IntegrationTests.JSON.Completion.CompletionTests" name="VSTest_JSON_Completion_WithSchema_Format" />
    </UnitTest>
    <UnitTest name="VSTest_SCSS_Colorization" storage="c:\testbin\integrationtests\microsoft.visualstudio.web.editors.integrationtests.dll" id="91eeed41-8d3f-ea06-23a5-6a6c4754335e">
      <Owners>
        <Owner name="YaLyu" />
      </Owners>
      <Execution id="e5f3e3de-7afa-49e8-aadf-7da281088bc9" />
      <TestMethod codeBase="C:\TestBin\IntegrationTests\Microsoft.VisualStudio.Web.Editors.IntegrationTests.DLL" adapterTypeName="executor://parameterizedtestexecutor/v1" className="Microsoft.VisualStudio.Web.Editors.IntegrationTests.Scss.ScssColorizationTests" name="VSTest_SCSS_Colorization" />
    </UnitTest>
    <UnitTest name="VSTest_FormatSVG" storage="c:\testbin\integrationtests\microsoft.visualstudio.web.editors.integrationtests.dll" id="a84d5970-89e5-6afb-55c3-a641e183aec4">
      <Owners>
        <Owner name="ToddGrun" />
      </Owners>
      <Execution id="9b2e5d56-26a5-4eb0-8752-609e494da620" />
      <TestMethod codeBase="C:\TestBin\IntegrationTests\Microsoft.VisualStudio.Web.Editors.IntegrationTests.DLL" adapterTypeName="executor://parameterizedtestexecutor/v1" className="Microsoft.VisualStudio.Web.Editors.IntegrationTests.Html.Format.FormatTests" name="VSTest_FormatSVG" />
    </UnitTest>
    <UnitTest name="VSTest_JSON_UnComments" storage="c:\testbin\integrationtests\microsoft.visualstudio.web.editors.integrationtests.dll" id="7b8c058a-4716-1d5b-3462-1944e5eac86f">
      <Owners>
        <Owner name="YaLyu" />
      </Owners>
      <Execution id="a0ecd537-b16f-4435-9f7a-e7412dd28fbd" />
      <TestMethod codeBase="C:\TestBin\IntegrationTests\Microsoft.VisualStudio.Web.Editors.IntegrationTests.DLL" adapterTypeName="executor://parameterizedtestexecutor/v1" className="Microsoft.VisualStudio.Web.Editors.IntegrationTests.JSON.Comments.CommentsTests" name="VSTest_JSON_UnComments" />
    </UnitTest>
    <UnitTest name="VSTest_RazorV4SmokeTest" storage="c:\testbin\integrationtests\microsoft.visualstudio.web.editors.integrationtests.dll" id="cf744bf0-9f52-6e91-3362-acdb6c90155c">
      <Owners>
        <Owner name="ToddGrun" />
      </Owners>
      <Execution id="bdf704de-9211-47ed-8759-989206f9e41f" />
      <TestMethod codeBase="C:\TestBin\IntegrationTests\Microsoft.VisualStudio.Web.Editors.IntegrationTests.DLL" adapterTypeName="executor://parameterizedtestexecutor/v1" className="Microsoft.VisualStudio.Web.Editors.IntegrationTests.Razor.General.CSharpGeneralTests" name="VSTest_RazorV4SmokeTest" />
    </UnitTest>
    <UnitTest name="VSTest_RazorVbCommitTest" storage="c:\testbin\integrationtests\microsoft.visualstudio.web.editors.integrationtests.dll" id="91d8f74b-760a-8828-4c21-b8e3783fd5fe">
      <Owners>
        <Owner name="ToddGrun" />
      </Owners>
      <Execution id="4af590a3-25b3-4320-9b06-7278a3e50e6b" />
      <TestMethod codeBase="C:\TestBin\IntegrationTests\Microsoft.VisualStudio.Web.Editors.IntegrationTests.DLL" adapterTypeName="executor://parameterizedtestexecutor/v1" className="Microsoft.VisualStudio.Web.Editors.IntegrationTests.Razor.General.VBGeneralTests" name="VSTest_RazorVbCommitTest" />
    </UnitTest>
    <UnitTest name="VSTest_RazorVb_FormatDocument_WithKeepTabsOption" storage="c:\testbin\integrationtests\microsoft.visualstudio.web.editors.integrationtests.dll" id="724a7a49-1c97-6ee6-9520-9953dd8b8e47">
      <Owners>
        <Owner name="bhsubra" />
      </Owners>
      <Execution id="b0f564e8-b465-459f-98b1-cca88868c72c" />
      <TestMethod codeBase="C:\TestBin\IntegrationTests\Microsoft.VisualStudio.Web.Editors.IntegrationTests.DLL" adapterTypeName="executor://parameterizedtestexecutor/v1" className="Microsoft.VisualStudio.Web.Editors.IntegrationTests.Razor.Formatting.VBFormattingTests" name="VSTest_RazorVb_FormatDocument_WithKeepTabsOption" />
    </UnitTest>
    <UnitTest name="VSTest_RazorV4Cs_FormatSelection_StartingWithContainedLanguageCode" storage="c:\testbin\integrationtests\microsoft.visualstudio.web.editors.integrationtests.dll" id="9a0cd434-52ff-432b-fa29-dc944b1f1c5d">
      <Owners>
        <Owner name="bhsubra" />
      </Owners>
      <Execution id="32030c2b-259a-472e-b1f7-d5d31246a8e8" />
      <TestMethod codeBase="C:\TestBin\IntegrationTests\Microsoft.VisualStudio.Web.Editors.IntegrationTests.DLL" adapterTypeName="executor://parameterizedtestexecutor/v1" className="Microsoft.VisualStudio.Web.Editors.IntegrationTests.Razor.Formatting.CSharpFormattingTests" name="VSTest_RazorV4Cs_FormatSelection_StartingWithContainedLanguageCode" />
    </UnitTest>
    <UnitTest name="VSTest_Validate_Leading_Trailing_Whitespace" storage="c:\testbin\integrationtests\microsoft.visualstudio.web.editors.integrationtests.dll" id="99f45f82-448c-2584-f851-c3192de4a8a5">
      <Owners>
        <Owner name="bhsubra" />
      </Owners>
      <Execution id="beb5f75a-083c-4042-b85e-37ef0c9ad630" />
      <TestMethod codeBase="C:\TestBin\IntegrationTests\Microsoft.VisualStudio.Web.Editors.IntegrationTests.DLL" adapterTypeName="executor://parameterizedtestexecutor/v1" className="Microsoft.VisualStudio.Web.Editors.IntegrationTests.Html.ValidationTests" name="VSTest_Validate_Leading_Trailing_Whitespace" />
    </UnitTest>
    <UnitTest name="VSTest_SmartIndentInCSharpRazorV4InsideForBlock" storage="c:\testbin\integrationtests\microsoft.visualstudio.web.editors.integrationtests.dll" id="2c3336e2-e78e-cc36-943f-8df9567115ab">
      <Owners>
        <Owner name="ToddGrun" />
      </Owners>
      <Execution id="b34767ec-75b0-4b8d-817a-3b6f2e513d92" />
      <TestMethod codeBase="C:\TestBin\IntegrationTests\Microsoft.VisualStudio.Web.Editors.IntegrationTests.DLL" adapterTypeName="executor://parameterizedtestexecutor/v1" className="Microsoft.VisualStudio.Web.Editors.IntegrationTests.Razor.SmartIndent.SmartIndentTests" name="VSTest_SmartIndentInCSharpRazorV4InsideForBlock" />
    </UnitTest>
    <UnitTest name="VSTest_RazorCsFormatIfBlockInsideForBlock" storage="c:\testbin\integrationtests\microsoft.visualstudio.web.editors.integrationtests.dll" id="dace258a-dfa2-acd4-1526-5b98af0fd501">
      <Owners>
        <Owner name="ToddGrun" />
      </Owners>
      <Execution id="00864f4e-51ae-4e67-9d06-dbe7e151655d" />
      <TestMethod codeBase="C:\TestBin\IntegrationTests\Microsoft.VisualStudio.Web.Editors.IntegrationTests.DLL" adapterTypeName="executor://parameterizedtestexecutor/v1" className="Microsoft.VisualStudio.Web.Editors.IntegrationTests.Razor.Formatting.CSharpFormattingTests" name="VSTest_RazorCsFormatIfBlockInsideForBlock" />
    </UnitTest>
    <UnitTest name="VSTest_JSON_SchemaCompletion" storage="c:\testbin\integrationtests\microsoft.visualstudio.web.editors.integrationtests.dll" id="9014a79b-3b2f-2b34-d5ba-f64506fb9e76">
      <Owners>
        <Owner name="YaLyu" />
      </Owners>
      <Execution id="21a48ec7-a79a-4cd6-b9df-27ca7ae12150" />
      <TestMethod codeBase="C:\TestBin\IntegrationTests\Microsoft.VisualStudio.Web.Editors.IntegrationTests.DLL" adapterTypeName="executor://parameterizedtestexecutor/v1" className="Microsoft.VisualStudio.Web.Editors.IntegrationTests.JSON.Completion.SchemaCompletionTests" name="VSTest_JSON_SchemaCompletion" />
    </UnitTest>
    <UnitTest name="VSTest_CssCompletion_CustomProperties_VarCompletion" storage="c:\testbin\integrationtests\microsoft.visualstudio.web.editors.integrationtests.dll" id="38fae5c1-e195-c79c-10f2-8e28814097df">
      <Owners>
        <Owner name="YaLyu" />
      </Owners>
      <Execution id="b5e321b9-032a-43d0-90fb-b7393ec743a4" />
      <TestMethod codeBase="C:\TestBin\IntegrationTests\Microsoft.VisualStudio.Web.Editors.IntegrationTests.DLL" adapterTypeName="executor://parameterizedtestexecutor/v1" className="Microsoft.VisualStudio.Web.Editors.IntegrationTests.CSS.CssCompletionTests" name="VSTest_CssCompletion_CustomProperties_VarCompletion" />
    </UnitTest>
    <UnitTest name="VSTest_TypingTags_Datalist" storage="c:\testbin\integrationtests\microsoft.visualstudio.web.editors.integrationtests.dll" id="5baf8034-d0da-5545-fbb3-2996feef36e4">
      <Owners>
        <Owner name="bhsubra" />
      </Owners>
      <Execution id="02eb3b1c-6bf9-4368-babd-e671c1747a1b" />
      <TestMethod codeBase="C:\TestBin\IntegrationTests\Microsoft.VisualStudio.Web.Editors.IntegrationTests.DLL" adapterTypeName="executor://parameterizedtestexecutor/v1" className="Microsoft.VisualStudio.Web.Editors.IntegrationTests.Html.Typing.TypingTests" name="VSTest_TypingTags_Datalist" />
    </UnitTest>
    <UnitTest name="VSTest_RazorVbFormatting_PasteSingleLineCode" storage="c:\testbin\integrationtests\microsoft.visualstudio.web.editors.integrationtests.dll" id="a786d5c2-13d4-d094-d3ec-8cdbf0cecf07">
      <Owners>
        <Owner name="ToddGrun" />
      </Owners>
      <Execution id="3b0c92f6-5a76-4c43-9151-cd0903ade770" />
      <TestMethod codeBase="C:\TestBin\IntegrationTests\Microsoft.VisualStudio.Web.Editors.IntegrationTests.DLL" adapterTypeName="executor://parameterizedtestexecutor/v1" className="Microsoft.VisualStudio.Web.Editors.IntegrationTests.Razor.Formatting.VBFormattingTests" name="VSTest_RazorVbFormatting_PasteSingleLineCode" />
    </UnitTest>
    <UnitTest name="VSTest_Colorization_Insert_Delete_Angle_Bracket" storage="c:\testbin\integrationtests\microsoft.visualstudio.web.editors.integrationtests.dll" id="455eeb05-e1b9-182c-3e66-9f5123a45f1b">
      <Owners>
        <Owner name="bhsubra" />
      </Owners>
      <Execution id="56d1fa6f-b75e-4bc5-b1fe-e928be3bfafc" />
      <TestMethod codeBase="C:\TestBin\IntegrationTests\Microsoft.VisualStudio.Web.Editors.IntegrationTests.DLL" adapterTypeName="executor://parameterizedtestexecutor/v1" className="Microsoft.VisualStudio.Web.Editors.IntegrationTests.Html.ColorizationTests" name="VSTest_Colorization_Insert_Delete_Angle_Bracket" />
    </UnitTest>
    <UnitTest name="VSTest_JSON_SchemaValidation_DontApplySchemaErrorsOverSyntaxErrors" storage="c:\testbin\integrationtests\microsoft.visualstudio.web.editors.integrationtests.dll" id="0f04a6d1-4d1f-0241-16f2-6ddade6e0693">
      <Owners>
        <Owner name="YaLyu" />
      </Owners>
      <Execution id="f0a625b6-36f5-4a66-bbe0-a71a4799147e" />
      <TestMethod codeBase="C:\TestBin\IntegrationTests\Microsoft.VisualStudio.Web.Editors.IntegrationTests.DLL" adapterTypeName="executor://parameterizedtestexecutor/v1" className="Microsoft.VisualStudio.Web.Editors.IntegrationTests.JSON.SchemaValidation" name="VSTest_JSON_SchemaValidation_DontApplySchemaErrorsOverSyntaxErrors" />
    </UnitTest>
    <UnitTest name="VSTest_RazorV4PasteTextAtEndOfCshtml" storage="c:\testbin\integrationtests\microsoft.visualstudio.web.editors.integrationtests.dll" id="ae299ad6-5cbb-4d5e-c5ba-a25f87e58f4f">
      <Owners>
        <Owner name="ToddGrun" />
      </Owners>
      <Execution id="19ac4688-4e8d-4973-a7e6-c2a1165ad06f" />
      <TestMethod codeBase="C:\TestBin\IntegrationTests\Microsoft.VisualStudio.Web.Editors.IntegrationTests.DLL" adapterTypeName="executor://parameterizedtestexecutor/v1" className="Microsoft.VisualStudio.Web.Editors.IntegrationTests.Razor.General.CSharpGeneralTests" name="VSTest_RazorV4PasteTextAtEndOfCshtml" />
    </UnitTest>
    <UnitTest name="VSTest_Dump_ClassicASP_Embedded_VBScript_Breakpoints" storage="c:\testbin\integrationtests\microsoft.visualstudio.web.editors.integrationtests.dll" id="04cd4b94-2575-a77d-4f62-8fd9eea7e819">
      <Owners>
        <Owner name="bhsubra" />
      </Owners>
      <Execution id="1306d9d3-fbc3-44e2-bb57-71c458ec0cdd" />
      <TestMethod codeBase="C:\TestBin\IntegrationTests\Microsoft.VisualStudio.Web.Editors.IntegrationTests.DLL" adapterTypeName="executor://parameterizedtestexecutor/v1" className="Microsoft.VisualStudio.Web.Editors.IntegrationTests.Html.DebugTests" name="VSTest_Dump_ClassicASP_Embedded_VBScript_Breakpoints" />
    </UnitTest>
    <UnitTest name="VSTest_RazorCsPasteBesidesAtSign" storage="c:\testbin\integrationtests\microsoft.visualstudio.web.editors.integrationtests.dll" id="a750adc9-eb99-eb0b-b020-7ab47e5ef37d">
      <Owners>
        <Owner name="ToddGrun" />
      </Owners>
      <Execution id="1dc679f3-45e6-49f1-a03b-55a29a7d7695" />
      <TestMethod codeBase="C:\TestBin\IntegrationTests\Microsoft.VisualStudio.Web.Editors.IntegrationTests.DLL" adapterTypeName="executor://parameterizedtestexecutor/v1" className="Microsoft.VisualStudio.Web.Editors.IntegrationTests.Razor.Formatting.CSharpFormattingTests" name="VSTest_RazorCsPasteBesidesAtSign" />
    </UnitTest>
    <UnitTest name="VSTest_CssCompletion_SelectorNames" storage="c:\testbin\integrationtests\microsoft.visualstudio.web.editors.integrationtests.dll" id="7a7f4938-9360-3e7d-a846-b6cd7bed6ddd">
      <Owners>
        <Owner name="YaLyu" />
      </Owners>
      <Execution id="4ff9209b-5449-4764-bb9c-de723f2465ad" />
      <TestMethod codeBase="C:\TestBin\IntegrationTests\Microsoft.VisualStudio.Web.Editors.IntegrationTests.DLL" adapterTypeName="executor://parameterizedtestexecutor/v1" className="Microsoft.VisualStudio.Web.Editors.IntegrationTests.CSS.CssCompletionTests" name="VSTest_CssCompletion_SelectorNames" />
    </UnitTest>
    <UnitTest name="VSTest_JSON_SchemaValidation_BasicValidationErrors" storage="c:\testbin\integrationtests\microsoft.visualstudio.web.editors.integrationtests.dll" id="1e08ff65-4551-e5d1-dda2-476328f7fd91">
      <Owners>
        <Owner name="YaLyu" />
      </Owners>
      <Execution id="528349aa-18df-42be-9b35-0b8addcf283e" />
      <TestMethod codeBase="C:\TestBin\IntegrationTests\Microsoft.VisualStudio.Web.Editors.IntegrationTests.DLL" adapterTypeName="executor://parameterizedtestexecutor/v1" className="Microsoft.VisualStudio.Web.Editors.IntegrationTests.JSON.SchemaValidation" name="VSTest_JSON_SchemaValidation_BasicValidationErrors" />
    </UnitTest>
    <UnitTest name="VSTest_Razor_Diff (Inline)" storage="c:\testbin\integrationtests\microsoft.visualstudio.web.editors.integrationtests.dll" id="89da2315-95ea-b743-89b9-568e4ca36a26">
      <Owners>
        <Owner name="ToddGrun" />
      </Owners>
      <Execution id="988300f3-64c2-4437-8f39-2d2177992cf0" />
      <TestMethod codeBase="C:\TestBin\IntegrationTests\Microsoft.VisualStudio.Web.Editors.IntegrationTests.DLL" adapterTypeName="executor://parameterizedtestexecutor/v1" className="Microsoft.VisualStudio.Web.Editors.IntegrationTests.Razor.Diff.DiffTests" name="VSTest_Razor_Diff (Inline)" />
    </UnitTest>
    <UnitTest name="VSTest_CssFormat_EmbeddedCSS_Expanded" storage="c:\testbin\integrationtests\microsoft.visualstudio.web.editors.integrationtests.dll" id="43638d24-c41e-04ee-559b-200d3973faae">
      <Owners>
        <Owner name="YaLyu" />
      </Owners>
      <Execution id="dd735699-be1c-442d-80e7-e71a749b8911" />
      <TestMethod codeBase="C:\TestBin\IntegrationTests\Microsoft.VisualStudio.Web.Editors.IntegrationTests.DLL" adapterTypeName="executor://parameterizedtestexecutor/v1" className="Microsoft.VisualStudio.Web.Editors.IntegrationTests.Css.CssFormatTests" name="VSTest_CssFormat_EmbeddedCSS_Expanded" />
    </UnitTest>
    <UnitTest name="VSTest_CssImportGoto" storage="c:\testbin\integrationtests\microsoft.visualstudio.web.editors.integrationtests.dll" id="7f45785b-ca09-3b7d-097a-3eae81b95111">
      <Owners>
        <Owner name="YaLyu" />
      </Owners>
      <Execution id="fda43ac5-a5d3-4a1e-94f2-479c6e69d9ef" />
      <TestMethod codeBase="C:\TestBin\IntegrationTests\Microsoft.VisualStudio.Web.Editors.IntegrationTests.DLL" adapterTypeName="executor://parameterizedtestexecutor/v1" className="Microsoft.VisualStudio.Web.Editors.IntegrationTests.Css.CssGotoTests" name="VSTest_CssImportGoto" />
    </UnitTest>
    <UnitTest name="VSTest_RazorCsFormatCommentWithKeyword" storage="c:\testbin\integrationtests\microsoft.visualstudio.web.editors.integrationtests.dll" id="a26f8272-09e2-35ac-69e7-d541b8af281c">
      <Owners>
        <Owner name="ToddGrun" />
      </Owners>
      <Execution id="e32ff579-1aa0-414e-aada-899679165bfb" />
      <TestMethod codeBase="C:\TestBin\IntegrationTests\Microsoft.VisualStudio.Web.Editors.IntegrationTests.DLL" adapterTypeName="executor://parameterizedtestexecutor/v1" className="Microsoft.VisualStudio.Web.Editors.IntegrationTests.Razor.Formatting.CSharpFormattingTests" name="VSTest_RazorCsFormatCommentWithKeyword" />
    </UnitTest>
    <UnitTest name="VSTest_CssCompletion_CustomProperties_DetectFromUsage" storage="c:\testbin\integrationtests\microsoft.visualstudio.web.editors.integrationtests.dll" id="1eacaded-ed8d-7987-eef8-8bf137a0734c">
      <Owners>
        <Owner name="YaLyu" />
      </Owners>
      <Execution id="4d5b4e28-058b-402e-832a-0a56b535c61b" />
      <TestMethod codeBase="C:\TestBin\IntegrationTests\Microsoft.VisualStudio.Web.Editors.IntegrationTests.DLL" adapterTypeName="executor://parameterizedtestexecutor/v1" className="Microsoft.VisualStudio.Web.Editors.IntegrationTests.CSS.CssCompletionTests" name="VSTest_CssCompletion_CustomProperties_DetectFromUsage" />
    </UnitTest>
    <UnitTest name="VSTest_RazorHTMLIntellisenseInVbhtml" storage="c:\testbin\integrationtests\microsoft.visualstudio.web.editors.integrationtests.dll" id="47d1aa8e-75ce-8f06-65ca-97a714fcff56">
      <Owners>
        <Owner name="ToddGrun" />
      </Owners>
      <Execution id="d266a827-6735-4120-bf89-d7c0e5f44a9f" />
      <TestMethod codeBase="C:\TestBin\IntegrationTests\Microsoft.VisualStudio.Web.Editors.IntegrationTests.DLL" adapterTypeName="executor://parameterizedtestexecutor/v1" className="Microsoft.VisualStudio.Web.Editors.IntegrationTests.Razor.General.VBGeneralTests" name="VSTest_RazorHTMLIntellisenseInVbhtml" />
    </UnitTest>
    <UnitTest name="VSTest_JSON_SuggestedActions_Bower" storage="c:\testbin\integrationtests\microsoft.visualstudio.web.editors.integrationtests.dll" id="3ffdfd4b-d21d-1ef0-054c-9e2da4dc753c">
      <Owners>
        <Owner name="AlexGav" />
      </Owners>
      <Execution id="b44ce00f-8e10-46d1-a34c-611e4d999389" />
      <TestMethod codeBase="C:\TestBin\IntegrationTests\Microsoft.VisualStudio.Web.Editors.IntegrationTests.DLL" adapterTypeName="executor://parameterizedtestexecutor/v1" className="Microsoft.VisualStudio.Web.Editors.IntegrationTests.JSON.SuggestedActions.BowerActions" name="VSTest_JSON_SuggestedActions_Bower" />
    </UnitTest>
    <UnitTest name="VSTest_Completion_RepeatLayoutAttribute" storage="c:\testbin\integrationtests\microsoft.visualstudio.web.editors.integrationtests.dll" id="79014ccc-ef6b-72c8-6cb0-d32071b399b9">
      <Owners>
        <Owner name="bhsubra" />
      </Owners>
      <Execution id="07d45d7d-5e28-4c35-9cb1-f948c72067fb" />
      <TestMethod codeBase="C:\TestBin\IntegrationTests\Microsoft.VisualStudio.Web.Editors.IntegrationTests.DLL" adapterTypeName="executor://parameterizedtestexecutor/v1" className="Microsoft.VisualStudio.Web.Editors.IntegrationTests.Html.CompletionTests" name="VSTest_Completion_RepeatLayoutAttribute" />
    </UnitTest>
    <UnitTest name="VSTest_Less_DiffViewer (Inline)" storage="c:\testbin\integrationtests\microsoft.visualstudio.web.editors.integrationtests.dll" id="85effcca-543c-a4f0-3d41-6f0bfde4c9dc">
      <Owners>
        <Owner name="YaLyu" />
      </Owners>
      <Execution id="0a6ec6d7-a578-49dc-9f0d-b132ccfefa92" />
      <TestMethod codeBase="C:\TestBin\IntegrationTests\Microsoft.VisualStudio.Web.Editors.IntegrationTests.DLL" adapterTypeName="executor://parameterizedtestexecutor/v1" className="Microsoft.VisualStudio.Web.Editors.IntegrationTests.Less.LessDiffTests" name="VSTest_Less_DiffViewer (Inline)" />
    </UnitTest>
    <UnitTest name="VSTest_SmartIndentInCSharpRazorWithBlockIndent" storage="c:\testbin\integrationtests\microsoft.visualstudio.web.editors.integrationtests.dll" id="bac4a653-06da-44ea-5151-52a07b56b4c8">
      <Owners>
        <Owner name="ToddGrun" />
      </Owners>
      <Execution id="3477d98d-16bc-464b-afa3-4f3bb735e005" />
      <TestMethod codeBase="C:\TestBin\IntegrationTests\Microsoft.VisualStudio.Web.Editors.IntegrationTests.DLL" adapterTypeName="executor://parameterizedtestexecutor/v1" className="Microsoft.VisualStudio.Web.Editors.IntegrationTests.Html.SmartIndentTests" name="VSTest_SmartIndentInCSharpRazorWithBlockIndent" />
    </UnitTest>
    <UnitTest name="VSTest_JSON_ProjectJSON_Completion_PackageSources_MyGet" storage="c:\testbin\integrationtests\microsoft.visualstudio.web.editors.integrationtests.dll" id="9b110d5c-6be5-e4b4-35c8-8889e8c2983c">
      <Owners>
        <Owner name="ToddGrun" />
      </Owners>
      <Execution id="22aa8cbf-66b4-406d-b1d8-dd2e398a7d03" />
      <TestMethod codeBase="C:\TestBin\IntegrationTests\Microsoft.VisualStudio.Web.Editors.IntegrationTests.DLL" adapterTypeName="executor://parameterizedtestexecutor/v1" className="Microsoft.VisualStudio.Web.Editors.IntegrationTests.JSON.Completion.ProjectJSONCompletionTests" name="VSTest_JSON_ProjectJSON_Completion_PackageSources_MyGet" />
    </UnitTest>
    <UnitTest name="VSTest_SmartIndentInCSharpRazorV4WithBlockIndent" storage="c:\testbin\integrationtests\microsoft.visualstudio.web.editors.integrationtests.dll" id="44da6adf-2ea9-65af-d9d8-84b514ed786f">
      <Owners>
        <Owner name="ToddGrun" />
      </Owners>
      <Execution id="c5a5a8c7-c612-4ba5-ad35-ef5c34bb2644" />
      <TestMethod codeBase="C:\TestBin\IntegrationTests\Microsoft.VisualStudio.Web.Editors.IntegrationTests.DLL" adapterTypeName="executor://parameterizedtestexecutor/v1" className="Microsoft.VisualStudio.Web.Editors.IntegrationTests.Razor.SmartIndent.SmartIndentTests" name="VSTest_SmartIndentInCSharpRazorV4WithBlockIndent" />
    </UnitTest>
    <UnitTest name="VSTest_Validate_ErrorListNavigate" storage="c:\testbin\integrationtests\microsoft.visualstudio.web.editors.integrationtests.dll" id="437cc800-d76c-2a1a-b48a-ba2dd8b7cba6">
      <Owners>
        <Owner name="bhsubra" />
      </Owners>
      <Execution id="7d6edf44-b29a-4d19-a384-a700485f831c" />
      <TestMethod codeBase="C:\TestBin\IntegrationTests\Microsoft.VisualStudio.Web.Editors.IntegrationTests.DLL" adapterTypeName="executor://parameterizedtestexecutor/v1" className="Microsoft.VisualStudio.Web.Editors.IntegrationTests.Html.ValidationTests" name="VSTest_Validate_ErrorListNavigate" />
    </UnitTest>
    <UnitTest name="VSTest_Razor_TagHelpers_Update_CS_File_And_Build" storage="c:\testbin\integrationtests\microsoft.visualstudio.web.editors.integrationtests.dll" id="9d2062cf-cbbb-6d51-b2a2-10ba8d351629">
      <Owners>
        <Owner name="ToddGrun" />
      </Owners>
      <Execution id="f1a194fb-e573-494a-b8a1-9a2df31c2cff" />
      <TestMethod codeBase="C:\TestBin\IntegrationTests\Microsoft.VisualStudio.Web.Editors.IntegrationTests.DLL" adapterTypeName="executor://parameterizedtestexecutor/v1" className="Microsoft.VisualStudio.Web.Editors.IntegrationTests.Razor.TagHelpers.RazorTagHelperTests" name="VSTest_Razor_TagHelpers_Update_CS_File_And_Build" />
    </UnitTest>
    <UnitTest name="VSTest_CSS_EmbeddedColorization" storage="c:\testbin\integrationtests\microsoft.visualstudio.web.editors.integrationtests.dll" id="10387160-6989-e36b-5924-2339b9464bff">
      <Owners>
        <Owner name="YaLyu" />
      </Owners>
      <Execution id="64ff1008-be11-4bf0-8c43-41e79de2df6a" />
      <TestMethod codeBase="C:\TestBin\IntegrationTests\Microsoft.VisualStudio.Web.Editors.IntegrationTests.DLL" adapterTypeName="executor://parameterizedtestexecutor/v1" className="Microsoft.VisualStudio.Web.Editors.IntegrationTests.Css.CssColorizationTests" name="VSTest_CSS_EmbeddedColorization" />
    </UnitTest>
    <UnitTest name="VSTest_CssCompletion_SelectorNames_Legacy" storage="c:\testbin\integrationtests\microsoft.visualstudio.web.editors.integrationtests.dll" id="0c0a597e-f67d-28ad-62bf-200a05ff8279">
      <Owners>
        <Owner name="YaLyu" />
      </Owners>
      <Execution id="b97da7f2-c00e-4f71-a171-0b6fa5ccec3e" />
      <TestMethod codeBase="C:\TestBin\IntegrationTests\Microsoft.VisualStudio.Web.Editors.IntegrationTests.DLL" adapterTypeName="executor://parameterizedtestexecutor/v1" className="Microsoft.VisualStudio.Web.Editors.IntegrationTests.CSS.CssCompletionTests" name="VSTest_CssCompletion_SelectorNames_Legacy" />
    </UnitTest>
    <UnitTest name="VSTest_CssCompletion_ColorSwatchIsThemable" storage="c:\testbin\integrationtests\microsoft.visualstudio.web.editors.integrationtests.dll" id="f7ebfca8-6f29-8c7a-40e7-8c0eaf67d678">
      <Owners>
        <Owner name="YaLyu" />
      </Owners>
      <Execution id="c435d628-0e7c-40fd-afe1-cd86c5887f88" />
      <TestMethod codeBase="C:\TestBin\IntegrationTests\Microsoft.VisualStudio.Web.Editors.IntegrationTests.DLL" adapterTypeName="executor://parameterizedtestexecutor/v1" className="Microsoft.VisualStudio.Web.Editors.IntegrationTests.CSS.CssCompletionTests" name="VSTest_CssCompletion_ColorSwatchIsThemable" />
    </UnitTest>
    <UnitTest name="VSTest_HtmlSuggestedActions_ImgActionsCount" storage="c:\testbin\integrationtests\microsoft.visualstudio.web.editors.integrationtests.dll" id="bd345bd3-5761-eb5f-37ba-f622ea3a9624">
      <Owners>
        <Owner name="bhsubra" />
      </Owners>
      <Execution id="2dce8d2e-1fda-49ba-a348-f4474e035fdb" />
      <TestMethod codeBase="C:\TestBin\IntegrationTests\Microsoft.VisualStudio.Web.Editors.IntegrationTests.DLL" adapterTypeName="executor://parameterizedtestexecutor/v1" className="Microsoft.VisualStudio.Web.Editors.IntegrationTests.Html.ImgSuggestedActionsTests" name="VSTest_HtmlSuggestedActions_ImgActionsCount" />
    </UnitTest>
    <UnitTest name="VSTest_TypingTags_Del_to_Embed" storage="c:\testbin\integrationtests\microsoft.visualstudio.web.editors.integrationtests.dll" id="0e4b0c2a-802e-2ad3-668c-45f65708f02a">
      <Owners>
        <Owner name="bhsubra" />
      </Owners>
      <Execution id="bd539b8e-e934-43ad-b334-e69d82f330f9" />
      <TestMethod codeBase="C:\TestBin\IntegrationTests\Microsoft.VisualStudio.Web.Editors.IntegrationTests.DLL" adapterTypeName="executor://parameterizedtestexecutor/v1" className="Microsoft.VisualStudio.Web.Editors.IntegrationTests.Html.Typing.TypingTests" name="VSTest_TypingTags_Del_to_Embed" />
    </UnitTest>
    <UnitTest name="VSTest_BowerIntelliSenseTests_CaseSensitivity" storage="c:\testbin\integrationtests\microsoft.visualstudio.web.editors.integrationtests.dll" id="ced0195f-8f4b-19e0-d95b-f1fb0f5bf29f">
      <Owners>
        <Owner name="AlexGav" />
      </Owners>
      <Execution id="72da1383-3c29-4e8b-8060-d51748c8d885" />
      <TestMethod codeBase="C:\TestBin\IntegrationTests\Microsoft.VisualStudio.Web.Editors.IntegrationTests.DLL" adapterTypeName="executor://parameterizedtestexecutor/v1" className="Microsoft.VisualStudio.Web.Editors.IntegrationTests.JSON.PackageManagement.BowerIntelliSenseTests" name="VSTest_BowerIntelliSenseTests_CaseSensitivity" />
    </UnitTest>
    <UnitTest name="VSTest_SetBreakpointsAndFormatInCSHtml" storage="c:\testbin\integrationtests\microsoft.visualstudio.web.editors.integrationtests.dll" id="02748736-15c8-0f76-37da-dc8c20896f9b">
      <Owners>
        <Owner name="AlexGav" />
      </Owners>
      <Execution id="8b8105fa-c8c8-40e3-bf57-6b4eda4940bc" />
      <TestMethod codeBase="C:\TestBin\IntegrationTests\Microsoft.VisualStudio.Web.Editors.IntegrationTests.DLL" adapterTypeName="executor://parameterizedtestexecutor/v1" className="Microsoft.VisualStudio.Web.Editors.IntegrationTests.Razor.Debug.DebugTests" name="VSTest_SetBreakpointsAndFormatInCSHtml" />
    </UnitTest>
    <UnitTest name="VSTest_CssCompletion_FunctionParenthesis" storage="c:\testbin\integrationtests\microsoft.visualstudio.web.editors.integrationtests.dll" id="36a87196-09c2-615c-79eb-dd8c8aeeecb5">
      <Owners>
        <Owner name="YaLyu" />
      </Owners>
      <Execution id="345b8bf8-397e-49b5-bbd5-d5cf04b60524" />
      <TestMethod codeBase="C:\TestBin\IntegrationTests\Microsoft.VisualStudio.Web.Editors.IntegrationTests.DLL" adapterTypeName="executor://parameterizedtestexecutor/v1" className="Microsoft.VisualStudio.Web.Editors.IntegrationTests.CSS.CssCompletionTests" name="VSTest_CssCompletion_FunctionParenthesis" />
    </UnitTest>
    <UnitTest name="VSTest_Completion_KeyboardCommitScriptType" storage="c:\testbin\integrationtests\microsoft.visualstudio.web.editors.integrationtests.dll" id="cc4a5f1b-900d-9c56-4438-bf372cfb4ae8">
      <Owners>
        <Owner name="ToddGrun" />
      </Owners>
      <Execution id="d23cfe77-a335-4e37-99b3-e4401b4f61f7" />
      <TestMethod codeBase="C:\TestBin\IntegrationTests\Microsoft.VisualStudio.Web.Editors.IntegrationTests.DLL" adapterTypeName="executor://parameterizedtestexecutor/v1" className="Microsoft.VisualStudio.Web.Editors.IntegrationTests.Html.CompletionTests" name="VSTest_Completion_KeyboardCommitScriptType" />
    </UnitTest>
    <UnitTest name="VSTest_RazorV4TypeWithErrorInCshtml" storage="c:\testbin\integrationtests\microsoft.visualstudio.web.editors.integrationtests.dll" id="21292bd6-20a3-b296-afb0-ea32ccaadb19">
      <Owners>
        <Owner name="ToddGrun" />
      </Owners>
      <Execution id="1755c5ac-b96d-41d4-a497-11a3bb543d70" />
      <TestMethod codeBase="C:\TestBin\IntegrationTests\Microsoft.VisualStudio.Web.Editors.IntegrationTests.DLL" adapterTypeName="executor://parameterizedtestexecutor/v1" className="Microsoft.VisualStudio.Web.Editors.IntegrationTests.Razor.General.CSharpGeneralTests" name="VSTest_RazorV4TypeWithErrorInCshtml" />
    </UnitTest>
    <UnitTest name="VSTest_JSON_Completion_WithSchema_Array" storage="c:\testbin\integrationtests\microsoft.visualstudio.web.editors.integrationtests.dll" id="4459ea68-8a18-9109-3438-423e4505fa13">
      <Owners>
        <Owner name="YaLyu" />
      </Owners>
      <Execution id="ca66993e-d509-4a88-8da5-e61a7b538a66" />
      <TestMethod codeBase="C:\TestBin\IntegrationTests\Microsoft.VisualStudio.Web.Editors.IntegrationTests.DLL" adapterTypeName="executor://parameterizedtestexecutor/v1" className="Microsoft.VisualStudio.Web.Editors.IntegrationTests.JSON.Completion.CompletionTests" name="VSTest_JSON_Completion_WithSchema_Array" />
    </UnitTest>
    <UnitTest name="VSTest_AddHTMLControlToDesigner" storage="c:\testbin\integrationtests\microsoft.visualstudio.web.editors.integrationtests.dll" id="114fec57-21c6-736e-86dc-2012b58bebe6">
      <Owners>
        <Owner name="ToddGrun" />
      </Owners>
      <Execution id="182f5e8e-5aa9-4d0f-8bdd-d58c19ebda6a" />
      <TestMethod codeBase="C:\TestBin\IntegrationTests\Microsoft.VisualStudio.Web.Editors.IntegrationTests.DLL" adapterTypeName="executor://parameterizedtestexecutor/v1" className="Microsoft.VisualStudio.Web.Editors.IntegrationTests.WebForm.Designer.AddHTMLControl" name="VSTest_AddHTMLControlToDesigner" />
    </UnitTest>
    <UnitTest name="VSTest_LessCompletion_HtmlTagNames" storage="c:\testbin\integrationtests\microsoft.visualstudio.web.editors.integrationtests.dll" id="eca164ac-fa68-ef16-1460-7a61f2d5485d">
      <Owners>
        <Owner name="YaLyu" />
      </Owners>
      <Execution id="da76377e-47e6-4f03-91f7-37e4ab6b834e" />
      <TestMethod codeBase="C:\TestBin\IntegrationTests\Microsoft.VisualStudio.Web.Editors.IntegrationTests.DLL" adapterTypeName="executor://parameterizedtestexecutor/v1" className="Microsoft.VisualStudio.Web.Editors.IntegrationTests.Less.LessCompletionTests" name="VSTest_LessCompletion_HtmlTagNames" />
    </UnitTest>
    <UnitTest name="VSTest_JSON_PasteObjectLiteral_ArrayContent" storage="c:\testbin\integrationtests\microsoft.visualstudio.web.editors.integrationtests.dll" id="5a1d1d70-0b05-e1b3-29c9-696c83e23981">
      <Owners>
        <Owner name="YaLyu" />
      </Owners>
      <Execution id="d8da0550-24a1-4b82-87d0-cf1fd752349f" />
      <TestMethod codeBase="C:\TestBin\IntegrationTests\Microsoft.VisualStudio.Web.Editors.IntegrationTests.DLL" adapterTypeName="executor://parameterizedtestexecutor/v1" className="Microsoft.VisualStudio.Web.Editors.IntegrationTests.JSON.PasteJavascriptObjectLiteralAsJSONTests" name="VSTest_JSON_PasteObjectLiteral_ArrayContent" />
    </UnitTest>
    <UnitTest name="VSTest_FormatTest6" storage="c:\testbin\integrationtests\microsoft.visualstudio.web.editors.integrationtests.dll" id="636ee1a3-70cf-9e1c-0697-515d262ad7be">
      <Owners>
        <Owner name="ToddGrun" />
      </Owners>
      <Execution id="53e9fc72-ff1d-4c8b-9b25-94b1a4f65e85" />
      <TestMethod codeBase="C:\TestBin\IntegrationTests\Microsoft.VisualStudio.Web.Editors.IntegrationTests.DLL" adapterTypeName="executor://parameterizedtestexecutor/v1" className="Microsoft.VisualStudio.Web.Editors.IntegrationTests.Html.Format.FormatTests" name="VSTest_FormatTest6" />
    </UnitTest>
    <UnitTest name="VSTest_SmartIndentInCSharpInRazor" storage="c:\testbin\integrationtests\microsoft.visualstudio.web.editors.integrationtests.dll" id="8e048a5b-fe20-99f9-623c-e0f74add902a">
      <Owners>
        <Owner name="ToddGrun" />
      </Owners>
      <Execution id="025d497f-6f28-42ab-bc76-500b6f346b7b" />
      <TestMethod codeBase="C:\TestBin\IntegrationTests\Microsoft.VisualStudio.Web.Editors.IntegrationTests.DLL" adapterTypeName="executor://parameterizedtestexecutor/v1" className="Microsoft.VisualStudio.Web.Editors.IntegrationTests.Html.SmartIndentTests" name="VSTest_SmartIndentInCSharpInRazor" />
    </UnitTest>
    <UnitTest name="VSTest_Dump_Css_Definitions" storage="c:\testbin\integrationtests\microsoft.visualstudio.web.editors.integrationtests.dll" id="309495ff-1765-8d14-cb42-f50262916313">
      <Owners>
        <Owner name="bhsubra" />
      </Owners>
      <Execution id="24f9afd3-946d-4e3b-af89-3ed389b50701" />
      <TestMethod codeBase="C:\TestBin\IntegrationTests\Microsoft.VisualStudio.Web.Editors.IntegrationTests.DLL" adapterTypeName="executor://parameterizedtestexecutor/v1" className="Microsoft.VisualStudio.Web.Editors.IntegrationTests.Html.NavigationTests" name="VSTest_Dump_Css_Definitions" />
    </UnitTest>
    <UnitTest name="VSTest_RazorHTMLIntellisenseInCshtml" storage="c:\testbin\integrationtests\microsoft.visualstudio.web.editors.integrationtests.dll" id="36e18435-9ae0-b668-b4c3-0d271dcc412c">
      <Owners>
        <Owner name="ToddGrun" />
      </Owners>
      <Execution id="7bc4e869-1cd5-48a6-a0b4-6f21cd3958da" />
      <TestMethod codeBase="C:\TestBin\IntegrationTests\Microsoft.VisualStudio.Web.Editors.IntegrationTests.DLL" adapterTypeName="executor://parameterizedtestexecutor/v1" className="Microsoft.VisualStudio.Web.Editors.IntegrationTests.Razor.General.CSharpGeneralTests" name="VSTest_RazorHTMLIntellisenseInCshtml" />
    </UnitTest>
    <UnitTest name="VSTest_FormatBlockElements" storage="c:\testbin\integrationtests\microsoft.visualstudio.web.editors.integrationtests.dll" id="bfc81c13-ad61-e411-ebd1-877aec564fad">
      <Owners>
        <Owner name="ToddGrun" />
      </Owners>
      <Execution id="a8ac4bb8-f9eb-4b5e-96d0-44c4a22554ff" />
      <TestMethod codeBase="C:\TestBin\IntegrationTests\Microsoft.VisualStudio.Web.Editors.IntegrationTests.DLL" adapterTypeName="executor://parameterizedtestexecutor/v1" className="Microsoft.VisualStudio.Web.Editors.IntegrationTests.Html.Format.FormatTests" name="VSTest_FormatBlockElements" />
    </UnitTest>
    <UnitTest name="VSTest_HtmlSuggestedActions_Img_EncodeAsBase64" storage="c:\testbin\integrationtests\microsoft.visualstudio.web.editors.integrationtests.dll" id="a525d9d2-3053-7048-a339-ff541b6be6d6">
      <Owners>
        <Owner name="bhsubra" />
      </Owners>
      <Execution id="17751a6e-8d31-4cc4-9ada-9f8a16a052de" />
      <TestMethod codeBase="C:\TestBin\IntegrationTests\Microsoft.VisualStudio.Web.Editors.IntegrationTests.DLL" adapterTypeName="executor://parameterizedtestexecutor/v1" className="Microsoft.VisualStudio.Web.Editors.IntegrationTests.Html.ImgSuggestedActionsTests" name="VSTest_HtmlSuggestedActions_Img_EncodeAsBase64" />
    </UnitTest>
    <UnitTest name="VSTest_FormatSelectionSVG" storage="c:\testbin\integrationtests\microsoft.visualstudio.web.editors.integrationtests.dll" id="f6a112ca-9353-0689-8dcf-6c0d0d446477">
      <Owners>
        <Owner name="ToddGrun" />
      </Owners>
      <Execution id="3424d09a-ff35-47fa-95df-19de58c861ed" />
      <TestMethod codeBase="C:\TestBin\IntegrationTests\Microsoft.VisualStudio.Web.Editors.IntegrationTests.DLL" adapterTypeName="executor://parameterizedtestexecutor/v1" className="Microsoft.VisualStudio.Web.Editors.IntegrationTests.Html.Format.FormatTests" name="VSTest_FormatSelectionSVG" />
    </UnitTest>
    <UnitTest name="VSTest_RazorV2VbFormattingTest" storage="c:\testbin\integrationtests\microsoft.visualstudio.web.editors.integrationtests.dll" id="64cc54a6-7da9-29a4-5d6f-2b54d5a5db0b">
      <Owners>
        <Owner name="ToddGrun" />
      </Owners>
      <Execution id="b9738834-7e05-4b98-a11e-767c02816882" />
      <TestMethod codeBase="C:\TestBin\IntegrationTests\Microsoft.VisualStudio.Web.Editors.IntegrationTests.DLL" adapterTypeName="executor://parameterizedtestexecutor/v1" className="Microsoft.VisualStudio.Web.Editors.IntegrationTests.Razor.Formatting.VBFormattingTests" name="VSTest_RazorV2VbFormattingTest" />
    </UnitTest>
    <UnitTest name="VSTest_CSS_OutliningRegions" storage="c:\testbin\integrationtests\microsoft.visualstudio.web.editors.integrationtests.dll" id="835e5605-0dc0-444f-8e3a-e16ed00754a3">
      <Owners>
        <Owner name="YaLyu" />
      </Owners>
      <Execution id="9e20c53b-3dc1-499c-a81e-306a97c3ed41" />
      <TestMethod codeBase="C:\TestBin\IntegrationTests\Microsoft.VisualStudio.Web.Editors.IntegrationTests.DLL" adapterTypeName="executor://parameterizedtestexecutor/v1" className="Microsoft.VisualStudio.Web.Editors.IntegrationTests.Css.CssOutliningTests" name="VSTest_CSS_OutliningRegions" />
    </UnitTest>
    <UnitTest name="VSTest_HelpIntellisenseTest" storage="c:\testbin\integrationtests\microsoft.visualstudio.web.editors.integrationtests.dll" id="568e53e3-288a-53f3-d7c5-1f212e198f52">
      <Owners>
        <Owner name="ToddGrun" />
      </Owners>
      <Execution id="3902d2ab-3999-446b-b5fa-32ad4c35375a" />
      <TestMethod codeBase="C:\TestBin\IntegrationTests\Microsoft.VisualStudio.Web.Editors.IntegrationTests.DLL" adapterTypeName="executor://parameterizedtestexecutor/v1" className="Microsoft.VisualStudio.Web.Editors.IntegrationTests.Html.HelpIntellisenseTests" name="VSTest_HelpIntellisenseTest" />
    </UnitTest>
    <UnitTest name="VSTest_Validate_HtmlOpenValidFilesWithOldSchemas" storage="c:\testbin\integrationtests\microsoft.visualstudio.web.editors.integrationtests.dll" id="8ca27f9c-b2cc-04ed-d3a9-b0fc8d1c5879">
      <Owners>
        <Owner name="bhsubra" />
      </Owners>
      <Execution id="bca970c1-9106-4f0f-8996-5ba3efffb892" />
      <TestMethod codeBase="C:\TestBin\IntegrationTests\Microsoft.VisualStudio.Web.Editors.IntegrationTests.DLL" adapterTypeName="executor://parameterizedtestexecutor/v1" className="Microsoft.VisualStudio.Web.Editors.IntegrationTests.Html.ValidationTests" name="VSTest_Validate_HtmlOpenValidFilesWithOldSchemas" />
    </UnitTest>
    <UnitTest name="VSTest_RazorV4CsFormatSwitchCaseBlock" storage="c:\testbin\integrationtests\microsoft.visualstudio.web.editors.integrationtests.dll" id="7159009b-320b-f4e1-c4d4-3aa2366c5123">
      <Owners>
        <Owner name="ToddGrun" />
      </Owners>
      <Execution id="037a8b5f-d727-4406-9e08-7579c25173c1" />
      <TestMethod codeBase="C:\TestBin\IntegrationTests\Microsoft.VisualStudio.Web.Editors.IntegrationTests.DLL" adapterTypeName="executor://parameterizedtestexecutor/v1" className="Microsoft.VisualStudio.Web.Editors.IntegrationTests.Razor.Formatting.CSharpFormattingTests" name="VSTest_RazorV4CsFormatSwitchCaseBlock" />
    </UnitTest>
    <UnitTest name="VSTest_Completion_NoDuplicates" storage="c:\testbin\integrationtests\microsoft.visualstudio.web.editors.integrationtests.dll" id="9edf23e0-e9aa-695b-003e-8648dfae894b">
      <Owners>
        <Owner name="ToddGrun" />
      </Owners>
      <Execution id="4c9a4964-50e6-4b11-9a61-f8431fe9a388" />
      <TestMethod codeBase="C:\TestBin\IntegrationTests\Microsoft.VisualStudio.Web.Editors.IntegrationTests.DLL" adapterTypeName="executor://parameterizedtestexecutor/v1" className="Microsoft.VisualStudio.Web.Editors.IntegrationTests.Html.CompletionTests" name="VSTest_Completion_NoDuplicates" />
    </UnitTest>
    <UnitTest name="TypingEnterAtRangeEndNotAcceptingEnter" storage="c:\testbin\integrationtests\microsoft.visualstudio.web.editors.integrationtests.dll" id="4f0026e2-fb1b-ff35-5dea-5ad5f7cacb8c">
      <Owners>
        <Owner name="AlexGav" />
      </Owners>
      <Execution id="224213ae-b996-4cf7-841e-1f00e3817a0f" />
      <TestMethod codeBase="C:\TestBin\IntegrationTests\Microsoft.VisualStudio.Web.Editors.IntegrationTests.DLL" adapterTypeName="executor://parameterizedtestexecutor/v1" className="Microsoft.VisualStudio.Web.Editors.IntegrationTests.Razor.Typing.RazorTypingTests" name="TypingEnterAtRangeEndNotAcceptingEnter" />
    </UnitTest>
    <UnitTest name="VSTest_RazorV4CsFormatCodeBlock_FormatRazorAttribute" storage="c:\testbin\integrationtests\microsoft.visualstudio.web.editors.integrationtests.dll" id="7c436d87-ecad-a4b7-1410-4c750712f744">
      <Owners>
        <Owner name="ToddGrun" />
      </Owners>
      <Execution id="41af0ff1-cc4c-4eb8-b3f6-a1d0023cbe3f" />
      <TestMethod codeBase="C:\TestBin\IntegrationTests\Microsoft.VisualStudio.Web.Editors.IntegrationTests.DLL" adapterTypeName="executor://parameterizedtestexecutor/v1" className="Microsoft.VisualStudio.Web.Editors.IntegrationTests.Razor.Formatting.CSharpFormattingTests" name="VSTest_RazorV4CsFormatCodeBlock_FormatRazorAttribute" />
    </UnitTest>
    <UnitTest name="VSTest_Dump_Embedded_CS_Breakpoints" storage="c:\testbin\integrationtests\microsoft.visualstudio.web.editors.integrationtests.dll" id="288780fb-93de-c9f2-ef61-de396d7c3d00">
      <Owners>
        <Owner name="bhsubra" />
      </Owners>
      <Execution id="ac3caec1-43ed-4e12-91cb-b32b4a5315cf" />
      <TestMethod codeBase="C:\TestBin\IntegrationTests\Microsoft.VisualStudio.Web.Editors.IntegrationTests.DLL" adapterTypeName="executor://parameterizedtestexecutor/v1" className="Microsoft.VisualStudio.Web.Editors.IntegrationTests.Html.DebugTests" name="VSTest_Dump_Embedded_CS_Breakpoints" />
    </UnitTest>
    <UnitTest name="VSTest_JSON_CommonSetting_Options" storage="c:\testbin\integrationtests\microsoft.visualstudio.web.editors.integrationtests.dll" id="583ebeb2-20a4-f9dd-bed4-f78e2f9ae41d">
      <Owners>
        <Owner name="YaLyu" />
      </Owners>
      <Execution id="974d2f06-3df5-4aaf-a093-103597c287c0" />
      <TestMethod codeBase="C:\TestBin\IntegrationTests\Microsoft.VisualStudio.Web.Editors.IntegrationTests.DLL" adapterTypeName="executor://parameterizedtestexecutor/v1" className="Microsoft.VisualStudio.Web.Editors.IntegrationTests.JSON.SettingOptionsTests" name="VSTest_JSON_CommonSetting_Options" />
    </UnitTest>
    <UnitTest name="VSTest_CSS_Encoding_GB18030" storage="c:\testbin\integrationtests\microsoft.visualstudio.web.editors.integrationtests.dll" id="ed3e59ee-6489-ed30-9052-e766995cd7be">
      <Owners>
        <Owner name="YaLyu" />
      </Owners>
      <Execution id="91c66d41-91f9-43a3-8c59-e79cdb249b33" />
      <TestMethod codeBase="C:\TestBin\IntegrationTests\Microsoft.VisualStudio.Web.Editors.IntegrationTests.DLL" adapterTypeName="executor://parameterizedtestexecutor/v1" className="Microsoft.VisualStudio.Web.Editors.IntegrationTests.Css.CssEncodingTests" name="VSTest_CSS_Encoding_GB18030" />
    </UnitTest>
    <UnitTest name="VSTest_CSSTyping_SampleCss_Legacy" storage="c:\testbin\integrationtests\microsoft.visualstudio.web.editors.integrationtests.dll" id="a7bd62ce-b19d-0ba1-1b07-834c1af09fda">
      <Owners>
        <Owner name="YaLyu" />
      </Owners>
      <Execution id="040e7cec-cdf8-4654-b54c-258c692690b8" />
      <TestMethod codeBase="C:\TestBin\IntegrationTests\Microsoft.VisualStudio.Web.Editors.IntegrationTests.DLL" adapterTypeName="executor://parameterizedtestexecutor/v1" className="Microsoft.VisualStudio.Web.Editors.IntegrationTests.Css.CssTypingTests" name="VSTest_CSSTyping_SampleCss_Legacy" />
    </UnitTest>
    <UnitTest name="VSTest_LessCompletion_SelectorInterpolation" storage="c:\testbin\integrationtests\microsoft.visualstudio.web.editors.integrationtests.dll" id="8671124d-22b7-d568-291b-7febab0cda3e">
      <Owners>
        <Owner name="YaLyu" />
      </Owners>
      <Execution id="0b6dbeb4-225e-4c6e-ac91-a4b91d6881b8" />
      <TestMethod codeBase="C:\TestBin\IntegrationTests\Microsoft.VisualStudio.Web.Editors.IntegrationTests.DLL" adapterTypeName="executor://parameterizedtestexecutor/v1" className="Microsoft.VisualStudio.Web.Editors.IntegrationTests.Less.LessCompletionTests" name="VSTest_LessCompletion_SelectorInterpolation" />
    </UnitTest>
    <UnitTest name="VSTest_JSON_NotValid_Content_File_Sniffing" storage="c:\testbin\integrationtests\microsoft.visualstudio.web.editors.integrationtests.dll" id="ad15d110-320a-9081-dd82-521f63993402">
      <Owners>
        <Owner name="YaLyu" />
      </Owners>
      <Execution id="9fb54cb3-29f2-4ce8-bb31-040d7bbc1392" />
      <TestMethod codeBase="C:\TestBin\IntegrationTests\Microsoft.VisualStudio.Web.Editors.IntegrationTests.DLL" adapterTypeName="executor://parameterizedtestexecutor/v1" className="Microsoft.VisualStudio.Web.Editors.IntegrationTests.JSON.SniffingTests" name="VSTest_JSON_NotValid_Content_File_Sniffing" />
    </UnitTest>
    <UnitTest name="VSTest_UWP_DataWinControl" storage="c:\testbin\integrationtests\microsoft.visualstudio.web.editors.integrationtests.dll" id="9bd6e2ef-f3c6-3ce1-793e-ea9456e39230">
      <Owners>
        <Owner name="ToddGrun" />
      </Owners>
      <Execution id="260dfe3b-ef1b-4fe3-87f4-b8e225435183" />
      <TestMethod codeBase="C:\TestBin\IntegrationTests\Microsoft.VisualStudio.Web.Editors.IntegrationTests.DLL" adapterTypeName="executor://parameterizedtestexecutor/v1" className="Microsoft.VisualStudio.Web.Editors.IntegrationTests.Html.UwpTests" name="VSTest_UWP_DataWinControl" />
    </UnitTest>
    <UnitTest name="VSTest_KnockoutJS_EndToEnd_Html" storage="c:\testbin\integrationtests\microsoft.visualstudio.web.editors.integrationtests.dll" id="e35e48e5-187c-2952-2b94-d10dc4444501">
      <Owners>
        <Owner name="AlexGav" />
      </Owners>
      <Execution id="fa833bfe-fee3-4d19-8d77-34b47bf44773" />
      <TestMethod codeBase="C:\TestBin\IntegrationTests\Microsoft.VisualStudio.Web.Editors.IntegrationTests.DLL" adapterTypeName="executor://parameterizedtestexecutor/v1" className="Microsoft.VisualStudio.JavaScript.Web.Extensions.Test.IntegrationTests.Scripting.KnockoutJSTests" name="VSTest_KnockoutJS_EndToEnd_Html" />
    </UnitTest>
    <UnitTest name="VSTest_Completion_TypeRazorComment" storage="c:\testbin\integrationtests\microsoft.visualstudio.web.editors.integrationtests.dll" id="88a9b818-4047-71dd-56d6-65c1b5c7da23">
      <Owners>
        <Owner name="ToddGrun" />
      </Owners>
      <Execution id="a91671bf-f739-4fa7-8408-4f066d49854d" />
      <TestMethod codeBase="C:\TestBin\IntegrationTests\Microsoft.VisualStudio.Web.Editors.IntegrationTests.DLL" adapterTypeName="executor://parameterizedtestexecutor/v1" className="Microsoft.VisualStudio.Web.Editors.IntegrationTests.Razor.Completion.CompletionTests" name="VSTest_Completion_TypeRazorComment" />
    </UnitTest>
    <UnitTest name="VSTest_TypingTags_Form_to_Hgroup" storage="c:\testbin\integrationtests\microsoft.visualstudio.web.editors.integrationtests.dll" id="f77c53c4-4843-c74a-d0ee-0212f2f59f19">
      <Owners>
        <Owner name="ToddGrun" />
      </Owners>
      <Execution id="bc16615e-f358-4fa8-bfba-06ba1b1553da" />
      <TestMethod codeBase="C:\TestBin\IntegrationTests\Microsoft.VisualStudio.Web.Editors.IntegrationTests.DLL" adapterTypeName="executor://parameterizedtestexecutor/v1" className="Microsoft.VisualStudio.Web.Editors.IntegrationTests.Html.Typing.TypingTests" name="VSTest_TypingTags_Form_to_Hgroup" />
    </UnitTest>
    <UnitTest name="VSTest_CommentContent_Region_EndToEnd_Html" storage="c:\testbin\integrationtests\microsoft.visualstudio.web.editors.integrationtests.dll" id="42410741-9458-4b8b-c8b3-6f4873056352">
      <Owners>
        <Owner name="AlexGav" />
      </Owners>
      <Execution id="11537f27-c9f9-4e23-be56-ea341e7b6fdf" />
      <TestMethod codeBase="C:\TestBin\IntegrationTests\Microsoft.VisualStudio.Web.Editors.IntegrationTests.DLL" adapterTypeName="executor://parameterizedtestexecutor/v1" className="Microsoft.VisualStudio.Web.Editors.IntegrationTests.Html.CommentContentTests" name="VSTest_CommentContent_Region_EndToEnd_Html" />
    </UnitTest>
    <UnitTest name="VSTest_Completion_AriaAttribute" storage="c:\testbin\integrationtests\microsoft.visualstudio.web.editors.integrationtests.dll" id="8ec6d07d-27c3-ec8b-7103-43b08b2f9599">
      <Owners>
        <Owner name="ToddGrun" />
      </Owners>
      <Execution id="6c37348f-bf87-4c6d-a0a4-3d6b4593c650" />
      <TestMethod codeBase="C:\TestBin\IntegrationTests\Microsoft.VisualStudio.Web.Editors.IntegrationTests.DLL" adapterTypeName="executor://parameterizedtestexecutor/v1" className="Microsoft.VisualStudio.Web.Editors.IntegrationTests.Html.CompletionTests" name="VSTest_Completion_AriaAttribute" />
    </UnitTest>
    <UnitTest name="VSTest_ServerIntellisenseCS" storage="c:\testbin\integrationtests\microsoft.visualstudio.web.editors.integrationtests.dll" id="7921cbe5-1dc8-dbea-beed-743cd26260b0">
      <Owners>
        <Owner name="bhsubra" />
      </Owners>
      <Execution id="00d2f9d9-762f-459b-8370-e38becc26f14" />
      <TestMethod codeBase="C:\TestBin\IntegrationTests\Microsoft.VisualStudio.Web.Editors.IntegrationTests.DLL" adapterTypeName="executor://parameterizedtestexecutor/v1" className="Microsoft.VisualStudio.Web.Editors.IntegrationTests.Html.ServerIntellisenseTests" name="VSTest_ServerIntellisenseCS" />
    </UnitTest>
    <UnitTest name="VSTest_JSON_NavigateToErrors" storage="c:\testbin\integrationtests\microsoft.visualstudio.web.editors.integrationtests.dll" id="3b5bfe9b-b764-62b1-b4f7-c0503cca95be">
      <Owners>
        <Owner name="YaLyu" />
      </Owners>
      <Execution id="c010ccdb-a172-4066-8e30-066873dc1882" />
      <TestMethod codeBase="C:\TestBin\IntegrationTests\Microsoft.VisualStudio.Web.Editors.IntegrationTests.DLL" adapterTypeName="executor://parameterizedtestexecutor/v1" className="Microsoft.VisualStudio.Web.Editors.IntegrationTests.JSON.SchemaValidation" name="VSTest_JSON_NavigateToErrors" />
    </UnitTest>
    <UnitTest name="VSTest_CssCompletion_CustomProperties_CaseSensitive" storage="c:\testbin\integrationtests\microsoft.visualstudio.web.editors.integrationtests.dll" id="7e3f2cf1-2102-190b-ec6f-664a196ecb92">
      <Owners>
        <Owner name="YaLyu" />
      </Owners>
      <Execution id="8bd019a8-d428-4603-9ba9-73192e4064a9" />
      <TestMethod codeBase="C:\TestBin\IntegrationTests\Microsoft.VisualStudio.Web.Editors.IntegrationTests.DLL" adapterTypeName="executor://parameterizedtestexecutor/v1" className="Microsoft.VisualStudio.Web.Editors.IntegrationTests.CSS.CssCompletionTests" name="VSTest_CssCompletion_CustomProperties_CaseSensitive" />
    </UnitTest>
    <UnitTest name="VSTest_Razor_TagHelpers_Completion_OutputElement" storage="c:\testbin\integrationtests\microsoft.visualstudio.web.editors.integrationtests.dll" id="c4315e85-fba3-1f7c-b78d-7a45e8fdd6f4">
      <Owners>
        <Owner name="ToddGrun" />
      </Owners>
      <Execution id="1dbbc6e8-abec-4ed8-9c92-b13e2ae9eff1" />
      <TestMethod codeBase="C:\TestBin\IntegrationTests\Microsoft.VisualStudio.Web.Editors.IntegrationTests.DLL" adapterTypeName="executor://parameterizedtestexecutor/v1" className="Microsoft.VisualStudio.Web.Editors.IntegrationTests.Razor.TagHelpers.RazorTagHelperTests" name="VSTest_Razor_TagHelpers_Completion_OutputElement" />
    </UnitTest>
    <UnitTest name="VSTest_JSON_Schema_Dropdown_Persistence" storage="c:\testbin\integrationtests\microsoft.visualstudio.web.editors.integrationtests.dll" id="719a79de-7aff-b11f-4190-146c46cb4169">
      <Owners>
        <Owner name="YaLyu" />
      </Owners>
      <Execution id="e98de51c-dd68-460f-98e4-0e67dce677b1" />
      <TestMethod codeBase="C:\TestBin\IntegrationTests\Microsoft.VisualStudio.Web.Editors.IntegrationTests.DLL" adapterTypeName="executor://parameterizedtestexecutor/v1" className="Microsoft.VisualStudio.Web.Editors.IntegrationTests.JSON.Schema.SchemaDropdownTests" name="VSTest_JSON_Schema_Dropdown_Persistence" />
    </UnitTest>
    <UnitTest name="VSTest_Html_Drag_Drop_JavascriptFile" storage="c:\testbin\integrationtests\microsoft.visualstudio.web.editors.integrationtests.dll" id="52407989-0461-2ffa-b678-4b452e8f2349">
      <Owners>
        <Owner name="bhsubra" />
      </Owners>
      <Execution id="f7d2b70a-d45f-4010-9490-95ab8f4aaf4b" />
      <TestMethod codeBase="C:\TestBin\IntegrationTests\Microsoft.VisualStudio.Web.Editors.IntegrationTests.DLL" adapterTypeName="executor://parameterizedtestexecutor/v1" className="Microsoft.VisualStudio.Web.Editors.IntegrationTests.Html.DragAndDropTests" name="VSTest_Html_Drag_Drop_JavascriptFile" />
    </UnitTest>
    <UnitTest name="VSTest_Validate_Webforms_Invalid_Files_Scenario2" storage="c:\testbin\integrationtests\microsoft.visualstudio.web.editors.integrationtests.dll" id="a061f658-83af-57a7-1162-c06c0de0da7f">
      <Owners>
        <Owner name="bhsubra" />
      </Owners>
      <Execution id="90b92803-186e-4dfa-8893-9c318ae70543" />
      <TestMethod codeBase="C:\TestBin\IntegrationTests\Microsoft.VisualStudio.Web.Editors.IntegrationTests.DLL" adapterTypeName="executor://parameterizedtestexecutor/v1" className="Microsoft.VisualStudio.Web.Editors.IntegrationTests.WebForm.ValidationTests" name="VSTest_Validate_Webforms_Invalid_Files_Scenario2" />
    </UnitTest>
    <UnitTest name="VSTest_TypingThrough_CSS" storage="c:\testbin\integrationtests\microsoft.visualstudio.web.editors.integrationtests.dll" id="2db9db3c-132a-25cc-ee21-0bf9694a0279">
      <Owners>
        <Owner name="YaLyu" />
      </Owners>
      <Execution id="9e76ec59-309e-4433-875e-71fd7c951227" />
      <TestMethod codeBase="C:\TestBin\IntegrationTests\Microsoft.VisualStudio.Web.Editors.IntegrationTests.DLL" adapterTypeName="executor://parameterizedtestexecutor/v1" className="Microsoft.VisualStudio.Web.Editors.IntegrationTests.Html.Typing.TypingThroughTests" name="VSTest_TypingThrough_CSS" />
    </UnitTest>
    <UnitTest name="VSTest_Generate_AttrModel_Methods_WAP_Code_Behind_CS" storage="c:\testbin\integrationtests\microsoft.visualstudio.web.editors.integrationtests.dll" id="cfae9aed-2cb5-2693-50bb-4ffab5aea729">
      <Owners>
        <Owner name="bhsubra" />
      </Owners>
      <Execution id="ceea9f19-57c4-4d50-a9be-a8e7d008a39c" />
      <TestMethod codeBase="C:\TestBin\IntegrationTests\Microsoft.VisualStudio.Web.Editors.IntegrationTests.DLL" adapterTypeName="executor://parameterizedtestexecutor/v1" className="Microsoft.VisualStudio.Web.Editors.IntegrationTests.WebForm.GenerateDataMethodTests" name="VSTest_Generate_AttrModel_Methods_WAP_Code_Behind_CS" />
    </UnitTest>
    <UnitTest name="VSTest_UWP_DragDropScriptFile" storage="c:\testbin\integrationtests\microsoft.visualstudio.web.editors.integrationtests.dll" id="5ac9ca03-01f2-4a77-5ea6-a3ddd9326dea">
      <Owners>
        <Owner name="ToddGrun" />
      </Owners>
      <Execution id="d8ee78b1-6194-4142-9f0f-40319f310c48" />
      <TestMethod codeBase="C:\TestBin\IntegrationTests\Microsoft.VisualStudio.Web.Editors.IntegrationTests.DLL" adapterTypeName="executor://parameterizedtestexecutor/v1" className="Microsoft.VisualStudio.Web.Editors.IntegrationTests.Html.UwpTests" name="VSTest_UWP_DragDropScriptFile" />
    </UnitTest>
    <UnitTest name="VSTest_CommentContent_Todo_EndToEnd_Css" storage="c:\testbin\integrationtests\microsoft.visualstudio.web.editors.integrationtests.dll" id="43b00881-0136-0d5f-9bb6-c1f4749ea846">
      <Owners>
        <Owner name="AlexGav" />
      </Owners>
      <Execution id="9a911eb9-e744-4188-9c08-2c136b757f22" />
      <TestMethod codeBase="C:\TestBin\IntegrationTests\Microsoft.VisualStudio.Web.Editors.IntegrationTests.DLL" adapterTypeName="executor://parameterizedtestexecutor/v1" className="Microsoft.VisualStudio.Web.Editors.IntegrationTests.Html.CommentContentTests" name="VSTest_CommentContent_Todo_EndToEnd_Css" />
    </UnitTest>
    <UnitTest name="VSTest_RazorV4CsFormatOnPaste" storage="c:\testbin\integrationtests\microsoft.visualstudio.web.editors.integrationtests.dll" id="214378a1-f212-5479-96bb-13d0db837b59">
      <Owners>
        <Owner name="ToddGrun" />
      </Owners>
      <Execution id="1f6aa66a-0f17-4fd7-bc06-96a0ce670907" />
      <TestMethod codeBase="C:\TestBin\IntegrationTests\Microsoft.VisualStudio.Web.Editors.IntegrationTests.DLL" adapterTypeName="executor://parameterizedtestexecutor/v1" className="Microsoft.VisualStudio.Web.Editors.IntegrationTests.Razor.Formatting.CSharpFormattingTests" name="VSTest_RazorV4CsFormatOnPaste" />
    </UnitTest>
    <UnitTest name="VSTest_RazorCsFormatCodeBlock_FormatRazorAttribute" storage="c:\testbin\integrationtests\microsoft.visualstudio.web.editors.integrationtests.dll" id="f968f50e-c29b-d887-894c-539000727297">
      <Owners>
        <Owner name="ToddGrun" />
      </Owners>
      <Execution id="09708600-1d68-4dc4-8dc5-92f91c5b3e00" />
      <TestMethod codeBase="C:\TestBin\IntegrationTests\Microsoft.VisualStudio.Web.Editors.IntegrationTests.DLL" adapterTypeName="executor://parameterizedtestexecutor/v1" className="Microsoft.VisualStudio.Web.Editors.IntegrationTests.Razor.Formatting.CSharpFormattingTests" name="VSTest_RazorCsFormatCodeBlock_FormatRazorAttribute" />
    </UnitTest>
    <UnitTest name="VSTest_JSON_End_To_End" storage="c:\testbin\integrationtests\microsoft.visualstudio.web.editors.integrationtests.dll" id="9fb629c4-ae0f-a609-e7c4-93fe2221d128">
      <Owners>
        <Owner name="YaLyu" />
      </Owners>
      <Execution id="5b71eba5-e81a-4514-914e-eed76d162895" />
      <TestMethod codeBase="C:\TestBin\IntegrationTests\Microsoft.VisualStudio.Web.Editors.IntegrationTests.DLL" adapterTypeName="executor://parameterizedtestexecutor/v1" className="Microsoft.VisualStudio.Web.Editors.IntegrationTests.JSON.EndToEndTest" name="VSTest_JSON_End_To_End" />
    </UnitTest>
    <UnitTest name="VSTest_Razor_TagHelpers_OptOut" storage="c:\testbin\integrationtests\microsoft.visualstudio.web.editors.integrationtests.dll" id="3f8b9b7d-5c22-2506-2dc6-ddc56addf94c">
      <Owners>
        <Owner name="ToddGrun" />
      </Owners>
      <Execution id="29c693af-d393-4938-b91b-77646e1f2987" />
      <TestMethod codeBase="C:\TestBin\IntegrationTests\Microsoft.VisualStudio.Web.Editors.IntegrationTests.DLL" adapterTypeName="executor://parameterizedtestexecutor/v1" className="Microsoft.VisualStudio.Web.Editors.IntegrationTests.Razor.TagHelpers.RazorTagHelperTests" name="VSTest_Razor_TagHelpers_OptOut" />
    </UnitTest>
    <UnitTest name="VSTest_RazorCshtmlClassification" storage="c:\testbin\integrationtests\microsoft.visualstudio.web.editors.integrationtests.dll" id="d937fdf8-3ff1-f812-a183-c4bf97f3e184">
      <Owners>
        <Owner name="ToddGrun" />
      </Owners>
      <Execution id="cbf47c50-76bd-43ee-8977-8f9347d434da" />
      <TestMethod codeBase="C:\TestBin\IntegrationTests\Microsoft.VisualStudio.Web.Editors.IntegrationTests.DLL" adapterTypeName="executor://parameterizedtestexecutor/v1" className="Microsoft.VisualStudio.Web.Editors.IntegrationTests.Razor.General.CSharpGeneralTests" name="VSTest_RazorCshtmlClassification" />
    </UnitTest>
    <UnitTest name="VSTest_JSON_ProjectJSON_Completion_PackageSources_NonTopLevel" storage="c:\testbin\integrationtests\microsoft.visualstudio.web.editors.integrationtests.dll" id="407d640f-cafc-b711-0384-9963a036522c">
      <Owners>
        <Owner name="YaLyu" />
      </Owners>
      <Execution id="a9d913ca-b454-48ea-b266-9b4118d6aab1" />
      <TestMethod codeBase="C:\TestBin\IntegrationTests\Microsoft.VisualStudio.Web.Editors.IntegrationTests.DLL" adapterTypeName="executor://parameterizedtestexecutor/v1" className="Microsoft.VisualStudio.Web.Editors.IntegrationTests.JSON.Completion.ProjectJSONCompletionTests" name="VSTest_JSON_ProjectJSON_Completion_PackageSources_NonTopLevel" />
    </UnitTest>
    <UnitTest name="VSTest_Completion_Url_CSS_In_Html" storage="c:\testbin\integrationtests\microsoft.visualstudio.web.editors.integrationtests.dll" id="611dfc26-85e1-eb05-d95c-1535adb2151b">
      <Owners>
        <Owner name="YaLyu" />
      </Owners>
      <Execution id="5a20d683-f83e-401a-a85e-655fd19acd43" />
      <TestMethod codeBase="C:\TestBin\IntegrationTests\Microsoft.VisualStudio.Web.Editors.IntegrationTests.DLL" adapterTypeName="executor://parameterizedtestexecutor/v1" className="Microsoft.VisualStudio.Web.Editors.IntegrationTests.Html.CompletionTests" name="VSTest_Completion_Url_CSS_In_Html" />
    </UnitTest>
  </TestDefinitions>
  <TestEntries>
    <TestEntry testId="8ec6d07d-27c3-ec8b-7103-43b08b2f9599" executionId="6c37348f-bf87-4c6d-a0a4-3d6b4593c650" testListId="8c84fa94-04c1-424b-9868-57a2d4851a1d" />
    <TestEntry testId="cf7441d4-8f80-e51c-85f4-d799678cbfc4" executionId="0c45d6e5-d18b-4b8b-96f6-454fa1067f3c" testListId="8c84fa94-04c1-424b-9868-57a2d4851a1d" />
    <TestEntry testId="e18a8c7e-a67e-80ac-04fd-530a1b0436e7" executionId="fecee761-972e-432c-9a2c-7883158ff953" testListId="8c84fa94-04c1-424b-9868-57a2d4851a1d" />
    <TestEntry testId="ae31a4ee-0d6d-8443-a0c8-1d056bd8d962" executionId="728aaa5b-25e4-464f-bd2a-93a58f49c741" testListId="8c84fa94-04c1-424b-9868-57a2d4851a1d" />
    <TestEntry testId="3b5bfe9b-b764-62b1-b4f7-c0503cca95be" executionId="c010ccdb-a172-4066-8e30-066873dc1882" testListId="8c84fa94-04c1-424b-9868-57a2d4851a1d" />
    <TestEntry testId="85ad2f9f-0fea-2b42-5e94-60f172e5ecd4" executionId="cf894023-0e28-4d19-bce9-608b57e5f932" testListId="8c84fa94-04c1-424b-9868-57a2d4851a1d" />
    <TestEntry testId="07aa11d2-13b2-aba5-340b-754493f54a8a" executionId="a926f6a7-c8d2-4423-912e-4428667464c0" testListId="8c84fa94-04c1-424b-9868-57a2d4851a1d" />
    <TestEntry testId="6c310239-8446-6e4d-9eab-b13a6859461c" executionId="31689672-8998-4985-8fad-35e0bdcddcdb" testListId="8c84fa94-04c1-424b-9868-57a2d4851a1d" />
    <TestEntry testId="b5663964-93bb-ce61-f87f-3dd423915f5e" executionId="8a15c92e-e0a2-43e1-b502-3d89f2baf09f" testListId="8c84fa94-04c1-424b-9868-57a2d4851a1d" />
    <TestEntry testId="0971c0b9-688a-71c2-e098-701202af9cc5" executionId="78d4544a-939d-4ee0-b5cc-5745999105ee" testListId="8c84fa94-04c1-424b-9868-57a2d4851a1d" />
    <TestEntry testId="a040948f-80f5-c500-fb3b-bc99e46b82de" executionId="d1215c83-f01b-4d99-979b-b0f88a81ef70" testListId="8c84fa94-04c1-424b-9868-57a2d4851a1d" />
    <TestEntry testId="e5fc4e28-5a20-e9ed-2a19-08b4c069426b" executionId="ee6e6549-8bb7-4a9b-8ff9-196ea8793f7a" testListId="8c84fa94-04c1-424b-9868-57a2d4851a1d" />
    <TestEntry testId="9973abf2-a8aa-d93b-3472-11f69965ea21" executionId="05d9c976-2842-4da9-9891-05532c6d6c53" testListId="8c84fa94-04c1-424b-9868-57a2d4851a1d" />
    <TestEntry testId="3e2959f9-0c0f-0089-c6a2-84dec410936a" executionId="d15f0530-d353-4ab5-8b48-cec941e2933f" testListId="8c84fa94-04c1-424b-9868-57a2d4851a1d" />
    <TestEntry testId="16fb3848-50f9-e3fc-c8ef-277ffc8e956d" executionId="ae4bd9a2-ef74-45c5-ad48-8223983c1f79" testListId="8c84fa94-04c1-424b-9868-57a2d4851a1d" />
    <TestEntry testId="137f6c34-700c-20e3-9525-bac166c480be" executionId="9374c0cc-52f4-4657-ab19-18efb55ef913" testListId="8c84fa94-04c1-424b-9868-57a2d4851a1d" />
    <TestEntry testId="214378a1-f212-5479-96bb-13d0db837b59" executionId="1f6aa66a-0f17-4fd7-bc06-96a0ce670907" testListId="8c84fa94-04c1-424b-9868-57a2d4851a1d" />
    <TestEntry testId="c15557e0-cbc6-b3bf-f60c-73465f1f1196" executionId="31be33a3-f605-44df-bef6-ff847bb04599" testListId="8c84fa94-04c1-424b-9868-57a2d4851a1d" />
    <TestEntry testId="20184d5c-7013-cfe4-2fe7-1c21dfddf28d" executionId="b4b79303-73b6-43d6-9aa7-28963e93baea" testListId="8c84fa94-04c1-424b-9868-57a2d4851a1d" />
    <TestEntry testId="5e3144da-79f0-a807-f33a-e85345966fd9" executionId="5e796e3e-0d70-4302-8f85-2e6dbf817dfa" testListId="8c84fa94-04c1-424b-9868-57a2d4851a1d" />
    <TestEntry testId="f0355ef0-d805-bbc9-9099-d143d25fe61e" executionId="75e0117d-a8de-4456-8d6a-32647e72896e" testListId="8c84fa94-04c1-424b-9868-57a2d4851a1d" />
    <TestEntry testId="54ddfb4a-740b-af51-db92-1dc9cc862f9c" executionId="181c0de6-0378-43a4-85e0-f06a879093c9" testListId="8c84fa94-04c1-424b-9868-57a2d4851a1d" />
    <TestEntry testId="36a87196-09c2-615c-79eb-dd8c8aeeecb5" executionId="345b8bf8-397e-49b5-bbd5-d5cf04b60524" testListId="8c84fa94-04c1-424b-9868-57a2d4851a1d" />
    <TestEntry testId="129708df-2cde-0e6d-6624-d5ab0987e197" executionId="43cbafcf-6c86-4a20-8b63-e8660a2344d0" testListId="8c84fa94-04c1-424b-9868-57a2d4851a1d" />
    <TestEntry testId="1da74dfb-c469-55a4-7360-f8d80798f772" executionId="1adf8dd9-0abd-4a48-92fc-becd0cc87f07" testListId="8c84fa94-04c1-424b-9868-57a2d4851a1d" />
    <TestEntry testId="fe627c28-3362-0f8e-45a1-63dac3c43d5e" executionId="d5c7b61e-e7cf-421c-bd1d-d35d040b8c94" testListId="8c84fa94-04c1-424b-9868-57a2d4851a1d" />
    <TestEntry testId="355e916b-91b1-4999-22ab-451b153275a3" executionId="38887400-1f67-48e7-af5f-2ab16c5991e4" testListId="8c84fa94-04c1-424b-9868-57a2d4851a1d" />
    <TestEntry testId="4649ab03-d9eb-e9e1-69de-215fad7657d5" executionId="e93cb643-afa3-4aa3-8859-b8f90bec9232" testListId="8c84fa94-04c1-424b-9868-57a2d4851a1d" />
    <TestEntry testId="9ebac3bf-78b5-0897-da8e-dc46f74a6566" executionId="8c690ed9-f292-4372-8a0f-d7ee119a293a" testListId="8c84fa94-04c1-424b-9868-57a2d4851a1d" />
    <TestEntry testId="0f04a6d1-4d1f-0241-16f2-6ddade6e0693" executionId="f0a625b6-36f5-4a66-bbe0-a71a4799147e" testListId="8c84fa94-04c1-424b-9868-57a2d4851a1d" />
    <TestEntry testId="a786d5c2-13d4-d094-d3ec-8cdbf0cecf07" executionId="3b0c92f6-5a76-4c43-9151-cd0903ade770" testListId="8c84fa94-04c1-424b-9868-57a2d4851a1d" />
    <TestEntry testId="c85faceb-1534-8e53-f429-56a3c05a988a" executionId="6342b949-df03-4a74-9c2f-94af6a89f39d" testListId="8c84fa94-04c1-424b-9868-57a2d4851a1d" />
    <TestEntry testId="7e273fc3-fdbb-91a4-94c4-7571b43fb77e" executionId="c53512d9-3c25-44a9-a0d6-9ab25b1c2709" testListId="8c84fa94-04c1-424b-9868-57a2d4851a1d" />
    <TestEntry testId="8c0b0923-7c89-fb79-4fd5-d8a23ec81528" executionId="b57cbd13-2aa5-4cd2-8a67-0041cde16d3c" testListId="8c84fa94-04c1-424b-9868-57a2d4851a1d" />
    <TestEntry testId="114fec57-21c6-736e-86dc-2012b58bebe6" executionId="182f5e8e-5aa9-4d0f-8bdd-d58c19ebda6a" testListId="8c84fa94-04c1-424b-9868-57a2d4851a1d" />
    <TestEntry testId="f81af369-48fe-f98d-2628-503e19f4ba74" executionId="7d7e1018-dd11-4184-8b06-e8ad8135cdf0" testListId="8c84fa94-04c1-424b-9868-57a2d4851a1d" />
    <TestEntry testId="2039f644-6714-5c02-0c27-a3601a5d7bd6" executionId="64b8dfda-1bb2-44d1-85e4-eaddb8b28052" testListId="8c84fa94-04c1-424b-9868-57a2d4851a1d" />
    <TestEntry testId="f0314b9f-2412-1270-4af7-4e3cb9211bcb" executionId="eb4e00d7-e7b9-4fd8-bae4-8ef773b98cb4" testListId="8c84fa94-04c1-424b-9868-57a2d4851a1d" />
    <TestEntry testId="646abb98-450c-6cc8-1e85-fb66e61e9bf1" executionId="c1cf0624-122a-4e4e-88d4-cb8e8ad20477" testListId="8c84fa94-04c1-424b-9868-57a2d4851a1d" />
    <TestEntry testId="ef86bb61-c5ca-31ea-2481-4b4d48cb1b1e" executionId="1100210f-9627-424a-a94e-d1220f6385ab" testListId="8c84fa94-04c1-424b-9868-57a2d4851a1d" />
    <TestEntry testId="8e7fc31a-a5f7-7d1f-e6e1-6f104fde9a53" executionId="d6b25d0e-b290-4aac-96f8-081a19643c1f" testListId="8c84fa94-04c1-424b-9868-57a2d4851a1d" />
    <TestEntry testId="7ce7c17d-5e83-0c4c-105b-ac44287c5ea6" executionId="eb4dd7c2-4a1c-4276-b9c9-c6e0dbbd3755" testListId="8c84fa94-04c1-424b-9868-57a2d4851a1d" />
    <TestEntry testId="17e7be92-22b4-92e4-dec2-69e303209ca5" executionId="a7c14e7c-5a10-4095-9c5a-61bb2ea3093b" testListId="8c84fa94-04c1-424b-9868-57a2d4851a1d" />
    <TestEntry testId="64cc54a6-7da9-29a4-5d6f-2b54d5a5db0b" executionId="b9738834-7e05-4b98-a11e-767c02816882" testListId="8c84fa94-04c1-424b-9868-57a2d4851a1d" />
    <TestEntry testId="7d35a375-4b27-3dad-daf3-bf093cbbe190" executionId="5fe90692-e03d-4008-8a16-219a4d816b17" testListId="8c84fa94-04c1-424b-9868-57a2d4851a1d" />
    <TestEntry testId="71c0c823-843c-bc76-5745-b0b09dd4e31d" executionId="08340f9b-a4cd-4332-becd-c6e08bdfec2c" testListId="8c84fa94-04c1-424b-9868-57a2d4851a1d" />
    <TestEntry testId="8945678f-0f29-5d85-5c95-9be36ef5d76c" executionId="6e72acf4-8fe3-4396-83b6-73351ce076e0" testListId="8c84fa94-04c1-424b-9868-57a2d4851a1d" />
    <TestEntry testId="c94f11a6-1200-ee6f-1902-c3aeeac584c6" executionId="72c3e815-69fc-4348-aa00-aac7242e70e8" testListId="8c84fa94-04c1-424b-9868-57a2d4851a1d" />
    <TestEntry testId="eca164ac-fa68-ef16-1460-7a61f2d5485d" executionId="da76377e-47e6-4f03-91f7-37e4ab6b834e" testListId="8c84fa94-04c1-424b-9868-57a2d4851a1d" />
    <TestEntry testId="f3a140b8-cb13-7aba-c7ac-f50bdd68ea3b" executionId="3bf4f010-1066-4ee7-9024-041aa5d4f38d" testListId="8c84fa94-04c1-424b-9868-57a2d4851a1d" />
    <TestEntry testId="3d81ed96-a103-a7ff-7af8-720ad9932087" executionId="d58b89cb-f814-4665-bf41-10519ec3fdfd" testListId="8c84fa94-04c1-424b-9868-57a2d4851a1d" />
    <TestEntry testId="15990397-b0ca-a0a2-a783-55624d31d465" executionId="7a444faa-9bca-4d14-aefd-a0d7814ddfce" testListId="8c84fa94-04c1-424b-9868-57a2d4851a1d" />
    <TestEntry testId="5463cf66-7e47-3b8e-8b44-4591de59a47c" executionId="6057b71b-4ebb-42e4-b023-907c8a4889fd" testListId="8c84fa94-04c1-424b-9868-57a2d4851a1d" />
    <TestEntry testId="56e5faae-acf9-10b7-da4b-2fe46944c5f4" executionId="6175f1d2-ddb8-4bff-829a-bc1257e2a18e" testListId="8c84fa94-04c1-424b-9868-57a2d4851a1d" />
    <TestEntry testId="12fd2202-9883-dd64-3c71-f3a891cc9bd4" executionId="ad6920a1-a793-4e47-880f-f106d7009288" testListId="8c84fa94-04c1-424b-9868-57a2d4851a1d" />
    <TestEntry testId="948cffe5-5efa-3726-86aa-96fae4639b92" executionId="0bf382ef-3291-4bc5-91f1-577c56bdb065" testListId="8c84fa94-04c1-424b-9868-57a2d4851a1d" />
    <TestEntry testId="8b99dfae-a239-0f43-93a9-c82fa4180e1a" executionId="81e51889-4ba0-4b98-a17a-a7bba0906406" testListId="8c84fa94-04c1-424b-9868-57a2d4851a1d" />
    <TestEntry testId="ad126d4c-04d3-d36f-8304-3bf0523b41cb" executionId="e88c2d06-951e-44c7-a94f-153208c0ba92" testListId="8c84fa94-04c1-424b-9868-57a2d4851a1d" />
    <TestEntry testId="8b3b0f48-b17a-7b7d-bd55-494af253d49f" executionId="51cf0571-8486-4141-a0fa-678d48c7a747" testListId="8c84fa94-04c1-424b-9868-57a2d4851a1d" />
    <TestEntry testId="46efe7b3-2989-230c-c187-15288e2904c9" executionId="702ea68e-d7b2-49b8-ae44-33c79aa39499" testListId="8c84fa94-04c1-424b-9868-57a2d4851a1d" />
    <TestEntry testId="35a18c9c-98af-8436-f1d6-79074a88de6b" executionId="49457274-2534-481b-a438-33378fd677ea" testListId="8c84fa94-04c1-424b-9868-57a2d4851a1d" />
    <TestEntry testId="97efed50-d6c9-3f99-9bc3-a7b3384325a4" executionId="92d5daf5-2b4f-421d-8de2-16514e0e5997" testListId="8c84fa94-04c1-424b-9868-57a2d4851a1d" />
    <TestEntry testId="0ed74eb2-0027-0aa4-253a-4b5234fe5e48" executionId="00f39e51-952c-46f6-93c6-5860918b3268" testListId="8c84fa94-04c1-424b-9868-57a2d4851a1d" />
    <TestEntry testId="7159009b-320b-f4e1-c4d4-3aa2366c5123" executionId="037a8b5f-d727-4406-9e08-7579c25173c1" testListId="8c84fa94-04c1-424b-9868-57a2d4851a1d" />
    <TestEntry testId="c66289d9-1b78-a2fb-db51-42e75ff4651e" executionId="180a3928-246e-4ff5-9707-c380d199a123" testListId="8c84fa94-04c1-424b-9868-57a2d4851a1d" />
    <TestEntry testId="f77c53c4-4843-c74a-d0ee-0212f2f59f19" executionId="bc16615e-f358-4fa8-bfba-06ba1b1553da" testListId="8c84fa94-04c1-424b-9868-57a2d4851a1d" />
    <TestEntry testId="006aba4d-2514-0e65-3668-0e01283f0007" executionId="f8fa5d98-4968-40e9-8e48-8217db56c45a" testListId="8c84fa94-04c1-424b-9868-57a2d4851a1d" />
    <TestEntry testId="8ca27f9c-b2cc-04ed-d3a9-b0fc8d1c5879" executionId="bca970c1-9106-4f0f-8996-5ba3efffb892" testListId="8c84fa94-04c1-424b-9868-57a2d4851a1d" />
    <TestEntry testId="acb5a186-e5c3-9b89-d375-c9fe789b54d3" executionId="e5f409ba-5384-4881-b9ef-459e8dc045d1" testListId="8c84fa94-04c1-424b-9868-57a2d4851a1d" />
    <TestEntry testId="fe602192-e222-cf98-fff9-cfbc0ee3f724" executionId="2a155652-29c6-4394-94a9-9d9de48a46d4" testListId="8c84fa94-04c1-424b-9868-57a2d4851a1d" />
    <TestEntry testId="6b8ecd0b-ecd4-6074-ce14-cabaef035712" executionId="410739d8-f8e4-4905-961a-eef558b9ce1a" testListId="8c84fa94-04c1-424b-9868-57a2d4851a1d" />
    <TestEntry testId="729fa675-215f-6797-334c-9daac0eac5f4" executionId="3251ad0d-adfa-459f-a270-86ab1e21a22b" testListId="8c84fa94-04c1-424b-9868-57a2d4851a1d" />
    <TestEntry testId="611dfc26-85e1-eb05-d95c-1535adb2151b" executionId="5a20d683-f83e-401a-a85e-655fd19acd43" testListId="8c84fa94-04c1-424b-9868-57a2d4851a1d" />
    <TestEntry testId="85effcca-543c-a4f0-3d41-6f0bfde4c9dc" executionId="0a6ec6d7-a578-49dc-9f0d-b132ccfefa92" testListId="8c84fa94-04c1-424b-9868-57a2d4851a1d" />
    <TestEntry testId="014dc189-a9f5-1947-ef1c-257be26c0af2" executionId="e6b60589-26d0-4098-bef4-e0fccf7c2ea7" testListId="8c84fa94-04c1-424b-9868-57a2d4851a1d" />
    <TestEntry testId="bc517ced-1d70-c0b8-0d99-4d00847931a9" executionId="4a7b3a55-15a6-425f-a6b5-0f45012249a8" testListId="8c84fa94-04c1-424b-9868-57a2d4851a1d" />
    <TestEntry testId="9b110d5c-6be5-e4b4-35c8-8889e8c2983c" executionId="22aa8cbf-66b4-406d-b1d8-dd2e398a7d03" testListId="8c84fa94-04c1-424b-9868-57a2d4851a1d" />
    <TestEntry testId="5f1e6f89-6893-767f-e30f-93909c849f96" executionId="517d9bc2-a4a9-477e-9446-6ad3f6ae237c" testListId="8c84fa94-04c1-424b-9868-57a2d4851a1d" />
    <TestEntry testId="b9c98973-7b4f-e6c1-7696-f821043a1c5c" executionId="72f53a47-d8c8-4866-a9a1-8ac99eec60fa" testListId="8c84fa94-04c1-424b-9868-57a2d4851a1d" />
    <TestEntry testId="2965db26-de59-581e-3fa6-b7325cff5e8a" executionId="cceb8ba6-9db7-4b7f-a41b-61ee7121dff3" testListId="8c84fa94-04c1-424b-9868-57a2d4851a1d" />
    <TestEntry testId="e97b0930-f208-2744-9b4e-212dab92fa24" executionId="6504a35b-2236-44c1-815a-b0ef91a47db6" testListId="8c84fa94-04c1-424b-9868-57a2d4851a1d" />
    <TestEntry testId="7f45785b-ca09-3b7d-097a-3eae81b95111" executionId="fda43ac5-a5d3-4a1e-94f2-479c6e69d9ef" testListId="8c84fa94-04c1-424b-9868-57a2d4851a1d" />
    <TestEntry testId="822bf2e5-ff78-04f8-8018-a7991be8552d" executionId="7de6ab2b-6163-493d-95c4-63df67459830" testListId="8c84fa94-04c1-424b-9868-57a2d4851a1d" />
    <TestEntry testId="0c097c72-1b6e-2dd4-f138-6ee2e44cfa5b" executionId="71734cc3-819a-41b2-bd92-db7be3d535a2" testListId="8c84fa94-04c1-424b-9868-57a2d4851a1d" />
    <TestEntry testId="d07ebef1-0fca-2205-2b6c-3c3767a7e718" executionId="1911e796-68b8-42e1-9ec7-ac154baf3754" testListId="8c84fa94-04c1-424b-9868-57a2d4851a1d" />
    <TestEntry testId="1167d1ff-dc9d-42c4-86d6-24be91ecae47" executionId="4589769d-6646-4b25-b186-b2ff24978db7" testListId="8c84fa94-04c1-424b-9868-57a2d4851a1d" />
    <TestEntry testId="7c436d87-ecad-a4b7-1410-4c750712f744" executionId="41af0ff1-cc4c-4eb8-b3f6-a1d0023cbe3f" testListId="8c84fa94-04c1-424b-9868-57a2d4851a1d" />
    <TestEntry testId="9700fe24-b2b5-e228-0529-3ea4e493229f" executionId="f8419202-6355-44af-bd08-e3c73f7ee6ab" testListId="8c84fa94-04c1-424b-9868-57a2d4851a1d" />
    <TestEntry testId="a867e29a-a0b7-49e2-c65c-e6fe89b9877a" executionId="39f6928f-6261-4987-95ec-b77bbb3f09b1" testListId="8c84fa94-04c1-424b-9868-57a2d4851a1d" />
    <TestEntry testId="4e6307b4-c69c-4252-c293-f90365cd74e8" executionId="1926b2d9-f62f-406a-9d89-264da2e64461" testListId="8c84fa94-04c1-424b-9868-57a2d4851a1d" />
    <TestEntry testId="7eab7b0d-11d1-5214-eb35-a31a52f74827" executionId="1aa403b0-57fa-4059-af08-cef6922220b6" testListId="8c84fa94-04c1-424b-9868-57a2d4851a1d" />
    <TestEntry testId="3020f313-d33d-78cd-690a-5d3b0d567d35" executionId="83a62c3f-7511-4de7-a06c-969fd9a85c8f" testListId="8c84fa94-04c1-424b-9868-57a2d4851a1d" />
    <TestEntry testId="4a360158-fa4a-7de3-a573-2bcd3f1459d7" executionId="eb8ee55f-d52e-4894-a067-fe5e0c629414" testListId="8c84fa94-04c1-424b-9868-57a2d4851a1d" />
    <TestEntry testId="8d0cd716-1758-effb-2310-cf0669ba77fe" executionId="971f2b8a-b80f-4b09-8712-fcd403419584" testListId="8c84fa94-04c1-424b-9868-57a2d4851a1d" />
    <TestEntry testId="55dfbf27-89e4-ad32-50f8-487dbb03587d" executionId="9ce1e23a-bb87-41bb-81e9-ea9b08594b40" testListId="8c84fa94-04c1-424b-9868-57a2d4851a1d" />
    <TestEntry testId="088d2783-584d-22b3-6d2c-728d9b90b590" executionId="6ae28938-a315-4fe2-b0b8-35edb2dc0c7c" testListId="8c84fa94-04c1-424b-9868-57a2d4851a1d" />
    <TestEntry testId="f210eff5-54eb-a105-7272-61ff4b2d5fcb" executionId="12413255-a84b-4cf3-a453-42eb879063c8" testListId="8c84fa94-04c1-424b-9868-57a2d4851a1d" />
    <TestEntry testId="8671124d-22b7-d568-291b-7febab0cda3e" executionId="0b6dbeb4-225e-4c6e-ac91-a4b91d6881b8" testListId="8c84fa94-04c1-424b-9868-57a2d4851a1d" />
    <TestEntry testId="28ac7600-99b7-f902-3c85-280a17b07c29" executionId="434c4940-4e8e-4c30-a74c-023dfe2ad112" testListId="8c84fa94-04c1-424b-9868-57a2d4851a1d" />
    <TestEntry testId="f1a082a2-2fe1-9ef7-988e-87d4dd92fc1c" executionId="0fd038d2-e703-4f13-808b-8647cf2966f1" testListId="8c84fa94-04c1-424b-9868-57a2d4851a1d" />
    <TestEntry testId="47fb8c99-5062-df56-cc47-81b3b245c4b3" executionId="041d17ac-fe36-4371-8005-c3f653045c10" testListId="8c84fa94-04c1-424b-9868-57a2d4851a1d" />
    <TestEntry testId="c764d862-e957-53d7-6e7b-36ddfb079edc" executionId="814b5c81-e2b5-4f4e-acbc-e9386f6b78f2" testListId="8c84fa94-04c1-424b-9868-57a2d4851a1d" />
    <TestEntry testId="5baf8034-d0da-5545-fbb3-2996feef36e4" executionId="02eb3b1c-6bf9-4368-babd-e671c1747a1b" testListId="8c84fa94-04c1-424b-9868-57a2d4851a1d" />
    <TestEntry testId="8e8b9105-3d8b-c6cb-48ea-27ed90032f9d" executionId="74defffc-ce34-4127-ac9a-e4b3d79dfcac" testListId="8c84fa94-04c1-424b-9868-57a2d4851a1d" />
    <TestEntry testId="73d845ae-5f19-d329-00d6-932fa514d78b" executionId="d180ad5a-c600-4cb3-b540-031b44c6974e" testListId="8c84fa94-04c1-424b-9868-57a2d4851a1d" />
    <TestEntry testId="8ed4c20c-072c-df49-34b3-17cf7722fcb6" executionId="577e7b89-f7fc-462a-9258-49ae46b813fc" testListId="8c84fa94-04c1-424b-9868-57a2d4851a1d" />
    <TestEntry testId="cc4a5f1b-900d-9c56-4438-bf372cfb4ae8" executionId="d23cfe77-a335-4e37-99b3-e4401b4f61f7" testListId="8c84fa94-04c1-424b-9868-57a2d4851a1d" />
    <TestEntry testId="7a7f4938-9360-3e7d-a846-b6cd7bed6ddd" executionId="4ff9209b-5449-4764-bb9c-de723f2465ad" testListId="8c84fa94-04c1-424b-9868-57a2d4851a1d" />
    <TestEntry testId="e391dd89-a5e4-61a1-7b4c-d9508c0794ad" executionId="2146379f-5871-407f-8ebf-9de426a060e7" testListId="8c84fa94-04c1-424b-9868-57a2d4851a1d" />
    <TestEntry testId="57ab871d-6b84-af31-0d82-75583c6406c0" executionId="dc732f36-c30b-42c3-8e70-d15ab2e46f22" testListId="8c84fa94-04c1-424b-9868-57a2d4851a1d" />
    <TestEntry testId="719a79de-7aff-b11f-4190-146c46cb4169" executionId="e98de51c-dd68-460f-98e4-0e67dce677b1" testListId="8c84fa94-04c1-424b-9868-57a2d4851a1d" />
    <TestEntry testId="2498c45a-1aff-34d8-6d53-9eed1780f372" executionId="e0995589-8c13-4ed8-baf4-1108e73a0aad" testListId="8c84fa94-04c1-424b-9868-57a2d4851a1d" />
    <TestEntry testId="4f0026e2-fb1b-ff35-5dea-5ad5f7cacb8c" executionId="224213ae-b996-4cf7-841e-1f00e3817a0f" testListId="8c84fa94-04c1-424b-9868-57a2d4851a1d" />
    <TestEntry testId="52407989-0461-2ffa-b678-4b452e8f2349" executionId="f7d2b70a-d45f-4010-9490-95ab8f4aaf4b" testListId="8c84fa94-04c1-424b-9868-57a2d4851a1d" />
    <TestEntry testId="760b0d8c-75ea-bf4c-a45a-c8c53c543d5c" executionId="57252ebd-d5a5-4e1b-8f38-4fc5011a6b6a" testListId="8c84fa94-04c1-424b-9868-57a2d4851a1d" />
    <TestEntry testId="489df473-2499-f8a9-7a34-2cd1dc018532" executionId="9048a300-9b78-4d01-abfc-ba4577af3701" testListId="8c84fa94-04c1-424b-9868-57a2d4851a1d" />
    <TestEntry testId="ebf01638-988c-48c8-08d3-05a03da5e4cb" executionId="3789998c-c741-4bbc-a09a-58c4c199472d" testListId="8c84fa94-04c1-424b-9868-57a2d4851a1d" />
    <TestEntry testId="0c0a597e-f67d-28ad-62bf-200a05ff8279" executionId="b97da7f2-c00e-4f71-a171-0b6fa5ccec3e" testListId="8c84fa94-04c1-424b-9868-57a2d4851a1d" />
    <TestEntry testId="51ce29e3-6cfa-0f04-2862-3969caa27d53" executionId="d859d79f-ad71-4c0f-89c9-97cceafe0e4c" testListId="8c84fa94-04c1-424b-9868-57a2d4851a1d" />
    <TestEntry testId="62a2bcb3-3711-30ca-19bc-12841da97bd4" executionId="8bdba8c0-2c80-4462-8b90-429ed5a3f376" testListId="8c84fa94-04c1-424b-9868-57a2d4851a1d" />
    <TestEntry testId="a8d27714-deb2-d8fa-2dea-ab56590c7489" executionId="16cdaacb-c435-4e66-b897-f17f2038924e" testListId="8c84fa94-04c1-424b-9868-57a2d4851a1d" />
    <TestEntry testId="18f62dd3-99eb-df1d-1360-6ebca421dc3c" executionId="45bc8291-2f08-419d-b35a-f92bf8a89e09" testListId="8c84fa94-04c1-424b-9868-57a2d4851a1d" />
    <TestEntry testId="4d449bc8-f26b-e66e-2553-ea35f4f7610b" executionId="f1b21a5c-4343-49e9-a84f-1fae6b02ccea" testListId="8c84fa94-04c1-424b-9868-57a2d4851a1d" />
    <TestEntry testId="5e230123-b724-a4a4-55c8-dfe6a3d1f1ee" executionId="a27bbf84-4fd8-4b20-b4d3-fd18fe036e20" testListId="8c84fa94-04c1-424b-9868-57a2d4851a1d" />
    <TestEntry testId="5f09ca67-7368-5ec5-3872-f0331e31baef" executionId="0f88fe56-eeb6-4c53-b797-c59049d101c4" testListId="8c84fa94-04c1-424b-9868-57a2d4851a1d" />
    <TestEntry testId="94dfa79d-bef1-a5e7-924d-873262afc59c" executionId="eecebafa-3298-42f6-b933-88256290758c" testListId="8c84fa94-04c1-424b-9868-57a2d4851a1d" />
    <TestEntry testId="b52025be-5679-4292-2a16-6efcef353da1" executionId="02dc18d2-529f-44ca-b01e-e1e5910d55c6" testListId="8c84fa94-04c1-424b-9868-57a2d4851a1d" />
    <TestEntry testId="5eaae7c7-8d0a-d2dc-b775-26c1248f3252" executionId="ba0f2d9f-bac1-42e5-aa44-8478e4b61f5f" testListId="8c84fa94-04c1-424b-9868-57a2d4851a1d" />
    <TestEntry testId="8e048a5b-fe20-99f9-623c-e0f74add902a" executionId="025d497f-6f28-42ab-bc76-500b6f346b7b" testListId="8c84fa94-04c1-424b-9868-57a2d4851a1d" />
    <TestEntry testId="b1f9c5e5-1c27-771f-718d-f2bf3dcd0626" executionId="ba27b252-bbb9-47bc-9e04-65f14c170131" testListId="8c84fa94-04c1-424b-9868-57a2d4851a1d" />
    <TestEntry testId="0dca91db-a430-e105-71b5-dd7f648be217" executionId="131e5a0a-7a49-489e-b808-927f4ee436fe" testListId="8c84fa94-04c1-424b-9868-57a2d4851a1d" />
    <TestEntry testId="6d86b4b7-3d17-4972-e77b-579f28c6aa60" executionId="b1e24d57-3a9b-4d3e-91df-37f86fbfe526" testListId="8c84fa94-04c1-424b-9868-57a2d4851a1d" />
    <TestEntry testId="d1fd61d9-d190-0061-e350-51e341513981" executionId="20739ae4-a601-4429-afd7-d8c3c5edd4fc" testListId="8c84fa94-04c1-424b-9868-57a2d4851a1d" />
    <TestEntry testId="04cd4b94-2575-a77d-4f62-8fd9eea7e819" executionId="1306d9d3-fbc3-44e2-bb57-71c458ec0cdd" testListId="8c84fa94-04c1-424b-9868-57a2d4851a1d" />
    <TestEntry testId="9eed5e6f-85de-719b-e535-7afe9e8ea34f" executionId="1c2273e0-b0df-43b9-b370-dc3c892b6567" testListId="8c84fa94-04c1-424b-9868-57a2d4851a1d" />
    <TestEntry testId="a659d137-f60e-3e3c-458d-c6b2b9dd05e5" executionId="660461f2-4ee5-4a8a-9358-6a799d58acf2" testListId="8c84fa94-04c1-424b-9868-57a2d4851a1d" />
    <TestEntry testId="8776321e-4c26-ba96-42b5-9d702e14a502" executionId="d2d1f269-9f61-425c-8398-c5299fbf2730" testListId="8c84fa94-04c1-424b-9868-57a2d4851a1d" />
    <TestEntry testId="1e08ff65-4551-e5d1-dda2-476328f7fd91" executionId="528349aa-18df-42be-9b35-0b8addcf283e" testListId="8c84fa94-04c1-424b-9868-57a2d4851a1d" />
    <TestEntry testId="39b6a6ba-2019-ea60-859a-cfb6efaa8cca" executionId="9753e861-5f9e-4007-828c-b43ee87fad10" testListId="8c84fa94-04c1-424b-9868-57a2d4851a1d" />
    <TestEntry testId="2b2c7617-183c-a15e-d253-a30da88bcfd6" executionId="63b04a9e-0f21-45ee-9a6e-4745413dfcfd" testListId="8c84fa94-04c1-424b-9868-57a2d4851a1d" />
    <TestEntry testId="b4a95437-7673-c1d1-517a-c8c8a3efd1f7" executionId="e785c5ab-cded-46a7-b3bd-be714d359423" testListId="8c84fa94-04c1-424b-9868-57a2d4851a1d" />
    <TestEntry testId="69db9669-98fe-694a-2ced-567768a2e304" executionId="bca2a020-1fc1-497f-b3c5-0e6a2725b955" testListId="8c84fa94-04c1-424b-9868-57a2d4851a1d" />
    <TestEntry testId="4d7fb533-f292-b167-b394-e0ea1cbc0f49" executionId="5f3ee471-3e00-4b08-9e75-2127223f2e57" testListId="8c84fa94-04c1-424b-9868-57a2d4851a1d" />
    <TestEntry testId="eab99b7c-3d85-8e16-d66e-7f9382c82f20" executionId="f2269e66-0389-4231-94c4-b4461d5b9f76" testListId="8c84fa94-04c1-424b-9868-57a2d4851a1d" />
    <TestEntry testId="ced0195f-8f4b-19e0-d95b-f1fb0f5bf29f" executionId="72da1383-3c29-4e8b-8060-d51748c8d885" testListId="8c84fa94-04c1-424b-9868-57a2d4851a1d" />
    <TestEntry testId="28084bf3-c960-1f4d-8922-c37bc4804dbb" executionId="656d8471-206f-41b9-bfd6-93c784b0d27b" testListId="8c84fa94-04c1-424b-9868-57a2d4851a1d" />
    <TestEntry testId="a56ab87e-eb16-bec7-5194-801377456ad4" executionId="d3dc7762-b7b0-428a-bfbd-0931e1265275" testListId="8c84fa94-04c1-424b-9868-57a2d4851a1d" />
    <TestEntry testId="7c30dd67-39f7-7512-8508-abf6a5c86092" executionId="222998fd-3f86-4a1b-880b-c10932da4422" testListId="8c84fa94-04c1-424b-9868-57a2d4851a1d" />
    <TestEntry testId="f8dae0fc-ef61-d7aa-ecf6-13d7b833817c" executionId="c2589459-6855-4795-8907-d6fbaac050bc" testListId="8c84fa94-04c1-424b-9868-57a2d4851a1d" />
    <TestEntry testId="fc119e83-89a9-199f-0b3f-c3ecdc7ff2cd" executionId="b6770677-b3bc-4ad9-a902-294cdef2bffb" testListId="8c84fa94-04c1-424b-9868-57a2d4851a1d" />
    <TestEntry testId="91d8f74b-760a-8828-4c21-b8e3783fd5fe" executionId="4af590a3-25b3-4320-9b06-7278a3e50e6b" testListId="8c84fa94-04c1-424b-9868-57a2d4851a1d" />
    <TestEntry testId="af58acf6-9f9e-c87e-6b12-5a06928a304f" executionId="404a723c-6ada-4cf4-adcf-b62e6655d714" testListId="8c84fa94-04c1-424b-9868-57a2d4851a1d" />
    <TestEntry testId="a80c2a2b-992a-89aa-8e4c-d03da9d6f681" executionId="1f55587f-2bfe-4b78-8fd2-cfafe41f3bbd" testListId="8c84fa94-04c1-424b-9868-57a2d4851a1d" />
    <TestEntry testId="4d633040-188d-f6fe-97a4-3bcdd0f32bff" executionId="47aa7cd3-2c48-4d65-8ee5-1a35c73b3905" testListId="8c84fa94-04c1-424b-9868-57a2d4851a1d" />
    <TestEntry testId="c50c2c13-fa97-265e-7832-bee6341671ca" executionId="6fdf876a-9f48-41fe-9050-c8f6594becae" testListId="8c84fa94-04c1-424b-9868-57a2d4851a1d" />
    <TestEntry testId="1e7adcc4-b80c-e0c8-9dae-0042717a7acb" executionId="5d6c0bed-73ab-4c8b-b205-b041e6d03128" testListId="8c84fa94-04c1-424b-9868-57a2d4851a1d" />
    <TestEntry testId="d5c7164c-8a3d-8d6a-3fbe-5bb91d3664f7" executionId="32d7fe1f-c459-49f8-b941-8aaaf73f8289" testListId="8c84fa94-04c1-424b-9868-57a2d4851a1d" />
    <TestEntry testId="4a2ddb61-90ae-2278-a86a-47c73463fad1" executionId="6c4e530c-9276-4d77-98eb-02ea72f4dc15" testListId="8c84fa94-04c1-424b-9868-57a2d4851a1d" />
    <TestEntry testId="7451f764-824c-2e1c-c094-88607c0434fe" executionId="d9a33b27-f7f4-4b22-a942-e7e3e996880a" testListId="8c84fa94-04c1-424b-9868-57a2d4851a1d" />
    <TestEntry testId="9ef41b31-0b23-e5a8-f317-e119ff302ba3" executionId="6dada5f7-6343-4d0e-bbc0-285969704849" testListId="8c84fa94-04c1-424b-9868-57a2d4851a1d" />
    <TestEntry testId="36e18435-9ae0-b668-b4c3-0d271dcc412c" executionId="7bc4e869-1cd5-48a6-a0b4-6f21cd3958da" testListId="8c84fa94-04c1-424b-9868-57a2d4851a1d" />
    <TestEntry testId="4984ffb8-9750-6cc8-d6a0-5e4574b83a10" executionId="c2b5a340-f929-4978-8d14-0611dd0fc49e" testListId="8c84fa94-04c1-424b-9868-57a2d4851a1d" />
    <TestEntry testId="01ee32c0-35ce-c9c6-c884-a9e31d0e2949" executionId="ad7a08dd-71f0-44e5-9d10-feb7b940e1b5" testListId="8c84fa94-04c1-424b-9868-57a2d4851a1d" />
    <TestEntry testId="b3a1798b-3959-e297-e6d1-fe9dbbe78f81" executionId="573d3c4e-5326-4865-a7bb-a32e3279b302" testListId="8c84fa94-04c1-424b-9868-57a2d4851a1d" />
    <TestEntry testId="519dae14-c9bb-6e37-9c24-2d8ad58da158" executionId="ab875208-20fc-445d-8c81-4f7aa2e4a95b" testListId="8c84fa94-04c1-424b-9868-57a2d4851a1d" />
    <TestEntry testId="724a7a49-1c97-6ee6-9520-9953dd8b8e47" executionId="b0f564e8-b465-459f-98b1-cca88868c72c" testListId="8c84fa94-04c1-424b-9868-57a2d4851a1d" />
    <TestEntry testId="ad4fe996-d026-2c7e-a816-6df18f74e5b2" executionId="71892821-e581-483c-b2ab-8c9bb3c63675" testListId="8c84fa94-04c1-424b-9868-57a2d4851a1d" />
    <TestEntry testId="96f4a70f-187a-9eab-9f1a-254e0439acb4" executionId="3cfac9b0-edbf-48fe-bd2d-acc7df48196e" testListId="8c84fa94-04c1-424b-9868-57a2d4851a1d" />
    <TestEntry testId="2d4919c1-c409-2f73-c1b5-1d2676fa196d" executionId="a08e47f7-5525-471a-99ac-fefb1fc7154b" testListId="8c84fa94-04c1-424b-9868-57a2d4851a1d" />
    <TestEntry testId="4a381ea6-c9da-19f8-4567-9995c9959c43" executionId="dec24c77-3c5a-411c-a29f-1289d2ce420c" testListId="8c84fa94-04c1-424b-9868-57a2d4851a1d" />
    <TestEntry testId="6b95533e-8cda-19d1-2a01-2be52c66480d" executionId="d29e6212-7df7-4ac6-ac51-e52c6423fa58" testListId="8c84fa94-04c1-424b-9868-57a2d4851a1d" />
    <TestEntry testId="cf897022-7d5e-4ed1-89f3-0eacdb28fe37" executionId="9b494ac9-1697-4ba9-84e9-4957d720e8a8" testListId="8c84fa94-04c1-424b-9868-57a2d4851a1d" />
    <TestEntry testId="440d2752-7d92-497e-8f6d-8b70c51a9405" executionId="aa8407e0-aedd-47bf-b0d7-9fcc365f9f8d" testListId="8c84fa94-04c1-424b-9868-57a2d4851a1d" />
    <TestEntry testId="0ab0ba8b-457b-5709-cd88-1b2c0d882a37" executionId="585fd638-a36e-4a7a-880d-dbd02466f0c7" testListId="8c84fa94-04c1-424b-9868-57a2d4851a1d" />
    <TestEntry testId="240b41ac-f0ba-d0de-e1e8-ba2c05ffee65" executionId="2933efda-6a12-4949-9fd1-c72d49679f7d" testListId="8c84fa94-04c1-424b-9868-57a2d4851a1d" />
    <TestEntry testId="53e21b6f-77d8-10ec-d48c-7c870538debc" executionId="56f27002-2582-44da-a545-2686097b5de0" testListId="8c84fa94-04c1-424b-9868-57a2d4851a1d" />
    <TestEntry testId="41e99bbd-2769-4dbc-d037-41259a0669c8" executionId="02b2dbf5-8874-42d5-b23e-ff3f2866d041" testListId="8c84fa94-04c1-424b-9868-57a2d4851a1d" />
    <TestEntry testId="42db6992-af67-bde1-4209-0cd929f8ae27" executionId="6ee483a2-3ac2-420e-b24a-9bc793d6f622" testListId="8c84fa94-04c1-424b-9868-57a2d4851a1d" />
    <TestEntry testId="bfc81c13-ad61-e411-ebd1-877aec564fad" executionId="a8ac4bb8-f9eb-4b5e-96d0-44c4a22554ff" testListId="8c84fa94-04c1-424b-9868-57a2d4851a1d" />
    <TestEntry testId="2a7f5c93-07c5-63eb-dc15-8d0cb3edf8f0" executionId="1483c6a7-8d9f-463b-ad0d-ea49cb330cc3" testListId="8c84fa94-04c1-424b-9868-57a2d4851a1d" />
    <TestEntry testId="d51d7f11-3d78-69ce-2f39-8ad2e57771dd" executionId="287554a5-82a2-46d8-9da0-70b531076732" testListId="8c84fa94-04c1-424b-9868-57a2d4851a1d" />
    <TestEntry testId="a750adc9-eb99-eb0b-b020-7ab47e5ef37d" executionId="1dc679f3-45e6-49f1-a03b-55a29a7d7695" testListId="8c84fa94-04c1-424b-9868-57a2d4851a1d" />
    <TestEntry testId="310072c3-1610-501e-adf0-668a692fb698" executionId="a372e50a-6a0a-48f7-8491-49beefa7a1ba" testListId="8c84fa94-04c1-424b-9868-57a2d4851a1d" />
    <TestEntry testId="228baf00-84ae-ee61-3de1-ceed556f9e34" executionId="469dc270-a892-4fe0-aa25-96a7d119c1fd" testListId="8c84fa94-04c1-424b-9868-57a2d4851a1d" />
    <TestEntry testId="9edf23e0-e9aa-695b-003e-8648dfae894b" executionId="4c9a4964-50e6-4b11-9a61-f8431fe9a388" testListId="8c84fa94-04c1-424b-9868-57a2d4851a1d" />
    <TestEntry testId="835e5605-0dc0-444f-8e3a-e16ed00754a3" executionId="9e20c53b-3dc1-499c-a81e-306a97c3ed41" testListId="8c84fa94-04c1-424b-9868-57a2d4851a1d" />
    <TestEntry testId="8eeaff24-d262-b6b0-8ef9-b4aede553e83" executionId="9fd62c9a-4ed0-4337-b7a7-c8fb1c636a62" testListId="8c84fa94-04c1-424b-9868-57a2d4851a1d" />
    <TestEntry testId="c81350ad-995c-9355-33a3-8dd1c28bd829" executionId="20ce3f2f-5423-4af0-b39c-5639a6744a1d" testListId="8c84fa94-04c1-424b-9868-57a2d4851a1d" />
    <TestEntry testId="6d6cbb2a-eafd-356e-2157-0be5df00740f" executionId="71c683d3-632e-4ee9-8c0a-678b44682069" testListId="8c84fa94-04c1-424b-9868-57a2d4851a1d" />
    <TestEntry testId="5ac9ca03-01f2-4a77-5ea6-a3ddd9326dea" executionId="d8ee78b1-6194-4142-9f0f-40319f310c48" testListId="8c84fa94-04c1-424b-9868-57a2d4851a1d" />
    <TestEntry testId="636ee1a3-70cf-9e1c-0697-515d262ad7be" executionId="53e9fc72-ff1d-4c8b-9b25-94b1a4f65e85" testListId="8c84fa94-04c1-424b-9868-57a2d4851a1d" />
    <TestEntry testId="37feb4e0-88d5-d126-bb19-c9aa388fa89f" executionId="e1239ddb-06f2-41cd-a91c-79255cb120c0" testListId="8c84fa94-04c1-424b-9868-57a2d4851a1d" />
    <TestEntry testId="539c0515-e39f-34d1-abde-812752ddabbd" executionId="6ac66dc8-e49c-49f8-9067-e48af5ba9992" testListId="8c84fa94-04c1-424b-9868-57a2d4851a1d" />
    <TestEntry testId="1ee95a73-4196-4c25-8512-a38ee5ff7f26" executionId="76bb439c-b07b-4be3-a4d9-ed4a71fcd80d" testListId="8c84fa94-04c1-424b-9868-57a2d4851a1d" />
    <TestEntry testId="a525d9d2-3053-7048-a339-ff541b6be6d6" executionId="17751a6e-8d31-4cc4-9ada-9f8a16a052de" testListId="8c84fa94-04c1-424b-9868-57a2d4851a1d" />
    <TestEntry testId="7d97611c-a3e5-397f-2536-33008bdfb7d0" executionId="b1ab6b82-1278-40fb-9de0-d439244931ed" testListId="8c84fa94-04c1-424b-9868-57a2d4851a1d" />
    <TestEntry testId="9014a79b-3b2f-2b34-d5ba-f64506fb9e76" executionId="21a48ec7-a79a-4cd6-b9df-27ca7ae12150" testListId="8c84fa94-04c1-424b-9868-57a2d4851a1d" />
    <TestEntry testId="dffd33e8-e60c-b35d-6ea2-716ce371d950" executionId="67ce8d65-fac3-4a7f-bf16-cc4e8aac97bf" testListId="8c84fa94-04c1-424b-9868-57a2d4851a1d" />
    <TestEntry testId="1f0161ec-8528-0610-8117-043f9bfd0aff" executionId="4c9d4836-a1a2-4136-b64e-bcb50d808400" testListId="8c84fa94-04c1-424b-9868-57a2d4851a1d" />
    <TestEntry testId="c8ee674b-be6a-fe0a-3555-9fc2c8d247f3" executionId="3f471f49-3a6c-4769-9aaa-a636e06e0852" testListId="8c84fa94-04c1-424b-9868-57a2d4851a1d" />
    <TestEntry testId="b977e5b7-613b-1a5b-9fbf-1b62662eca84" executionId="a91c7aad-8cae-4a49-ab72-58781334798c" testListId="8c84fa94-04c1-424b-9868-57a2d4851a1d" />
    <TestEntry testId="1ddaea4a-c389-1fc0-203c-9136718231e0" executionId="4f9c2578-c4e8-4435-934f-5be85c19ecbb" testListId="8c84fa94-04c1-424b-9868-57a2d4851a1d" />
    <TestEntry testId="db5190ef-a56c-e617-f522-2a13926ab803" executionId="6c1084bf-9f7e-49b8-b3ca-feb76c5dfb34" testListId="8c84fa94-04c1-424b-9868-57a2d4851a1d" />
    <TestEntry testId="99f45f82-448c-2584-f851-c3192de4a8a5" executionId="beb5f75a-083c-4042-b85e-37ef0c9ad630" testListId="8c84fa94-04c1-424b-9868-57a2d4851a1d" />
    <TestEntry testId="fc1b8228-4695-eb0a-975f-9c441d6637e6" executionId="7dc4c52f-c79b-461c-8036-0f4d55ec1218" testListId="8c84fa94-04c1-424b-9868-57a2d4851a1d" />
    <TestEntry testId="1f602878-ce40-c0f7-6315-1fc58dd4ce31" executionId="ccd7c3e9-83a5-499a-9235-5e3ae1cd8642" testListId="8c84fa94-04c1-424b-9868-57a2d4851a1d" />
    <TestEntry testId="82b016cb-968b-9c4c-3b87-368cc104c6fc" executionId="40e92f66-50a6-44b5-b8d3-c90cfb994e68" testListId="8c84fa94-04c1-424b-9868-57a2d4851a1d" />
    <TestEntry testId="264c0461-5167-4ff9-a4f2-eada258b4c77" executionId="82d5772c-7fc3-4862-8e1c-7e4ca5c67195" testListId="8c84fa94-04c1-424b-9868-57a2d4851a1d" />
    <TestEntry testId="38cd8e5b-952b-380a-69b5-af84ecb8b563" executionId="57a3233b-8a19-4004-b6d7-e5c13fec89d5" testListId="8c84fa94-04c1-424b-9868-57a2d4851a1d" />
    <TestEntry testId="d14c52e7-84cc-db1b-e15a-0df106fbf751" executionId="506f8680-ce3a-4dac-8fda-a98e5d95293b" testListId="8c84fa94-04c1-424b-9868-57a2d4851a1d" />
    <TestEntry testId="1811d582-322d-c547-f408-2b7514e04bcf" executionId="445481fc-1da8-46d2-be3b-e15953c6c0cc" testListId="8c84fa94-04c1-424b-9868-57a2d4851a1d" />
    <TestEntry testId="9b65e278-d865-83f6-9cd6-2de2c701ae89" executionId="f9f756f0-df2d-4400-8427-acf49c9bd684" testListId="8c84fa94-04c1-424b-9868-57a2d4851a1d" />
    <TestEntry testId="1db103cc-98f1-68d3-82b1-b10238f6706a" executionId="cc80a728-9799-499f-b48e-02096a44de44" testListId="8c84fa94-04c1-424b-9868-57a2d4851a1d" />
    <TestEntry testId="b0f118d9-79d8-e242-cb96-42642bb2753d" executionId="8b59d939-2623-47d4-b407-50eae2ea0e2b" testListId="8c84fa94-04c1-424b-9868-57a2d4851a1d" />
    <TestEntry testId="dd5fa547-982a-7910-6d5c-1e9c64a61347" executionId="3c443682-2e75-4e27-86c6-bce445bf72c7" testListId="8c84fa94-04c1-424b-9868-57a2d4851a1d" />
    <TestEntry testId="92e8b55e-124e-9232-b8e4-09b0d9ebb66b" executionId="e611c6d5-2486-47ad-a3c1-b571c8fca3fa" testListId="8c84fa94-04c1-424b-9868-57a2d4851a1d" />
    <TestEntry testId="af27f861-5f07-e4ee-d8f5-11d6dbf68cbf" executionId="edab782c-f063-4fdf-a4bd-8c181c579e73" testListId="8c84fa94-04c1-424b-9868-57a2d4851a1d" />
    <TestEntry testId="be857b36-0767-590e-adcc-f30997378b98" executionId="40ce98d9-8c99-4ffb-a8e1-835cfcf228d4" testListId="8c84fa94-04c1-424b-9868-57a2d4851a1d" />
    <TestEntry testId="9bd6e2ef-f3c6-3ce1-793e-ea9456e39230" executionId="260dfe3b-ef1b-4fe3-87f4-b8e225435183" testListId="8c84fa94-04c1-424b-9868-57a2d4851a1d" />
    <TestEntry testId="7f716783-ec5a-dd9f-5c54-011aa238f223" executionId="6c2dee3c-3c8b-421e-8657-cb0d3c030507" testListId="8c84fa94-04c1-424b-9868-57a2d4851a1d" />
    <TestEntry testId="807e96db-c26b-1263-0c83-8a9f00de0cf8" executionId="74947bff-f3c5-499e-81cf-5e1a4ba8ca0e" testListId="8c84fa94-04c1-424b-9868-57a2d4851a1d" />
    <TestEntry testId="9c9e5206-9450-7f63-8b10-d8f08081701c" executionId="0365061e-843e-4780-a4db-e18f6ed751b3" testListId="8c84fa94-04c1-424b-9868-57a2d4851a1d" />
    <TestEntry testId="2c3336e2-e78e-cc36-943f-8df9567115ab" executionId="b34767ec-75b0-4b8d-817a-3b6f2e513d92" testListId="8c84fa94-04c1-424b-9868-57a2d4851a1d" />
    <TestEntry testId="6c47055c-8480-c36f-9b37-a71ae0b4bfd8" executionId="a96cf039-494a-4293-bf57-982851016511" testListId="8c84fa94-04c1-424b-9868-57a2d4851a1d" />
    <TestEntry testId="e426f7e8-8229-0e40-cd65-f1f4b7bf9446" executionId="dacc9481-4b1d-46f6-883f-bdc199a5ddb8" testListId="8c84fa94-04c1-424b-9868-57a2d4851a1d" />
    <TestEntry testId="d08a3375-765b-b9fe-3bf4-0a0c66061fbc" executionId="bc246225-b955-49c5-92b3-15806e971b03" testListId="8c84fa94-04c1-424b-9868-57a2d4851a1d" />
    <TestEntry testId="5f0c3f2c-fb1d-cc40-51e3-9f8c919b677d" executionId="6d5b094a-57f6-4e2c-a6ba-0580453aadd1" testListId="8c84fa94-04c1-424b-9868-57a2d4851a1d" />
    <TestEntry testId="d846c4e4-19e1-a3f8-af9d-073b9f30d023" executionId="c96a8dc1-7e69-4f5b-94e7-2a20f5c2bb30" testListId="8c84fa94-04c1-424b-9868-57a2d4851a1d" />
    <TestEntry testId="0ab9ceff-df6c-10a5-2df1-bd7b75c35dfe" executionId="31e3ee71-9e99-4eb6-bf62-4802ead16814" testListId="8c84fa94-04c1-424b-9868-57a2d4851a1d" />
    <TestEntry testId="f543157b-657b-5083-55b6-53a4487c0d05" executionId="953aa91c-63a2-4f01-bcb8-51050d2e408a" testListId="8c84fa94-04c1-424b-9868-57a2d4851a1d" />
    <TestEntry testId="2a5aaa71-fcb7-25b7-537c-ff48bb29c002" executionId="d75f4048-051a-4c8e-bfaf-30d6b6d4ad36" testListId="8c84fa94-04c1-424b-9868-57a2d4851a1d" />
    <TestEntry testId="0188b221-82cd-d346-dcba-bb0815ba1fd4" executionId="c30be929-9c4b-411d-ae6b-62b7951f4569" testListId="8c84fa94-04c1-424b-9868-57a2d4851a1d" />
    <TestEntry testId="faef5f8d-bc28-4764-65b4-de8d3a2281c5" executionId="82032db9-801c-4792-bfb3-5cf292ae4bdf" testListId="8c84fa94-04c1-424b-9868-57a2d4851a1d" />
    <TestEntry testId="8dfdda55-04ed-dfa5-c2cd-90421aaa0283" executionId="e0678603-e382-479f-bf16-40dde81780fd" testListId="8c84fa94-04c1-424b-9868-57a2d4851a1d" />
    <TestEntry testId="3f8b9b7d-5c22-2506-2dc6-ddc56addf94c" executionId="29c693af-d393-4938-b91b-77646e1f2987" testListId="8c84fa94-04c1-424b-9868-57a2d4851a1d" />
    <TestEntry testId="a359dff9-d4eb-a54d-4103-77fc8fe59bbd" executionId="e326065c-1c7c-4f7c-9f4f-eb221c3ad83f" testListId="8c84fa94-04c1-424b-9868-57a2d4851a1d" />
    <TestEntry testId="18129c95-bf0c-99f3-5bc5-30db165489ca" executionId="0336f9ef-df5a-4a74-ba25-544c9ba62aa6" testListId="8c84fa94-04c1-424b-9868-57a2d4851a1d" />
    <TestEntry testId="b1fc98d4-efab-dc2b-8568-2bc87a6d82df" executionId="6b1d7dde-56c3-4e89-a56f-34f2c4a88c73" testListId="8c84fa94-04c1-424b-9868-57a2d4851a1d" />
    <TestEntry testId="bd345bd3-5761-eb5f-37ba-f622ea3a9624" executionId="2dce8d2e-1fda-49ba-a348-f4474e035fdb" testListId="8c84fa94-04c1-424b-9868-57a2d4851a1d" />
    <TestEntry testId="407d640f-cafc-b711-0384-9963a036522c" executionId="a9d913ca-b454-48ea-b266-9b4118d6aab1" testListId="8c84fa94-04c1-424b-9868-57a2d4851a1d" />
    <TestEntry testId="7b167a41-e28b-323d-77b1-accc2e09d80a" executionId="868f2f6a-be8c-4a25-a48b-5ec9f45b2a5b" testListId="8c84fa94-04c1-424b-9868-57a2d4851a1d" />
    <TestEntry testId="96da157d-0900-7fbe-6e80-7daa60a92c1e" executionId="10a10bec-84d2-408a-9e71-8d73947d3e46" testListId="8c84fa94-04c1-424b-9868-57a2d4851a1d" />
    <TestEntry testId="809f355f-5895-7534-0498-99b0a912fc84" executionId="a12abd72-6db5-4219-a678-6ae9039b103f" testListId="8c84fa94-04c1-424b-9868-57a2d4851a1d" />
    <TestEntry testId="44da6adf-2ea9-65af-d9d8-84b514ed786f" executionId="c5a5a8c7-c612-4ba5-ad35-ef5c34bb2644" testListId="8c84fa94-04c1-424b-9868-57a2d4851a1d" />
    <TestEntry testId="29fd1899-3c30-68e6-0122-8ed4d2f4f4e9" executionId="32f07cc5-ad36-4e31-8b57-611d76620d08" testListId="8c84fa94-04c1-424b-9868-57a2d4851a1d" />
    <TestEntry testId="ad7cc112-1635-ff14-bb3b-bf754414dd16" executionId="f3e05a02-6899-44c8-9331-15c6157a24c1" testListId="8c84fa94-04c1-424b-9868-57a2d4851a1d" />
    <TestEntry testId="43638d24-c41e-04ee-559b-200d3973faae" executionId="dd735699-be1c-442d-80e7-e71a749b8911" testListId="8c84fa94-04c1-424b-9868-57a2d4851a1d" />
    <TestEntry testId="7b8c058a-4716-1d5b-3462-1944e5eac86f" executionId="a0ecd537-b16f-4435-9f7a-e7412dd28fbd" testListId="8c84fa94-04c1-424b-9868-57a2d4851a1d" />
    <TestEntry testId="e8bcd81f-adf4-8db6-d019-fbe1fc9d76ff" executionId="c1ad5ff7-7b49-498c-b247-c94c80603731" testListId="8c84fa94-04c1-424b-9868-57a2d4851a1d" />
    <TestEntry testId="3e9d6628-656d-3ad3-ed41-0a224fbbb952" executionId="b4dbef6c-9eb1-4761-892c-ca7ebabfb492" testListId="8c84fa94-04c1-424b-9868-57a2d4851a1d" />
    <TestEntry testId="1e3b8881-f41b-e36b-f0b7-88f909a4b871" executionId="98198457-0540-4fbf-a4fa-cd2972fe214f" testListId="8c84fa94-04c1-424b-9868-57a2d4851a1d" />
    <TestEntry testId="315e06f8-eddd-4e29-3983-79bcf64be5fc" executionId="8e98d1d8-3508-4731-878f-3065a08bd15b" testListId="8c84fa94-04c1-424b-9868-57a2d4851a1d" />
    <TestEntry testId="02748736-15c8-0f76-37da-dc8c20896f9b" executionId="8b8105fa-c8c8-40e3-bf57-6b4eda4940bc" testListId="8c84fa94-04c1-424b-9868-57a2d4851a1d" />
    <TestEntry testId="933f5889-4222-4b45-6b90-15a00aa5615c" executionId="73acf02e-0703-4bb6-a041-290354f78b00" testListId="8c84fa94-04c1-424b-9868-57a2d4851a1d" />
    <TestEntry testId="5c0575f8-f8a1-16dd-201b-63600268def3" executionId="0025ac0e-2041-4270-8016-33f160ecfbeb" testListId="8c84fa94-04c1-424b-9868-57a2d4851a1d" />
    <TestEntry testId="c6504608-82e2-78fc-e57f-344241895620" executionId="3db35432-2ce7-44ed-9454-830da55d1d1b" testListId="8c84fa94-04c1-424b-9868-57a2d4851a1d" />
    <TestEntry testId="08130ff7-ba46-e332-d25e-b29eab1afac0" executionId="8e144cdc-1d70-4377-a4cd-3da3a3c87683" testListId="8c84fa94-04c1-424b-9868-57a2d4851a1d" />
    <TestEntry testId="2627c52e-1ba5-a13f-5e5c-22cb7a37903f" executionId="de32a456-2ab7-49e2-97fb-1b5cfd193c76" testListId="8c84fa94-04c1-424b-9868-57a2d4851a1d" />
    <TestEntry testId="f4e962ab-c4d7-4962-cd6f-11a4e2f279c7" executionId="1c662e4f-a968-486b-9dfe-d4da39e24d67" testListId="8c84fa94-04c1-424b-9868-57a2d4851a1d" />
    <TestEntry testId="283c2ee3-5153-3b3f-12de-9097ea195860" executionId="05b8a9b3-6386-4a6f-9b83-c8042f4ea1e4" testListId="8c84fa94-04c1-424b-9868-57a2d4851a1d" />
    <TestEntry testId="cfae9aed-2cb5-2693-50bb-4ffab5aea729" executionId="ceea9f19-57c4-4d50-a9be-a8e7d008a39c" testListId="8c84fa94-04c1-424b-9868-57a2d4851a1d" />
    <TestEntry testId="d937fdf8-3ff1-f812-a183-c4bf97f3e184" executionId="cbf47c50-76bd-43ee-8977-8f9347d434da" testListId="8c84fa94-04c1-424b-9868-57a2d4851a1d" />
    <TestEntry testId="4dd721cf-872c-21f4-2a95-70e4951f3dbe" executionId="0c2f1359-887d-49f7-b512-e3333c39e888" testListId="8c84fa94-04c1-424b-9868-57a2d4851a1d" />
    <TestEntry testId="02a5ee45-4601-dcc9-5f99-de7d42c8dacc" executionId="e1d23865-3120-4290-bd4a-713bb4f3a798" testListId="8c84fa94-04c1-424b-9868-57a2d4851a1d" />
    <TestEntry testId="c4315e85-fba3-1f7c-b78d-7a45e8fdd6f4" executionId="1dbbc6e8-abec-4ed8-9c92-b13e2ae9eff1" testListId="8c84fa94-04c1-424b-9868-57a2d4851a1d" />
    <TestEntry testId="c48fc44a-27a1-66ed-8204-f7ec3a493e5c" executionId="f238f22c-d2e3-4701-a8bc-f879946f62ca" testListId="8c84fa94-04c1-424b-9868-57a2d4851a1d" />
    <TestEntry testId="fe8aba61-c921-e5ce-89ad-b55eee0f3f34" executionId="49681c1b-fbbc-414f-86e2-a5054ab9d556" testListId="8c84fa94-04c1-424b-9868-57a2d4851a1d" />
    <TestEntry testId="06c848e8-4ff4-dfb5-5646-ef0b2bcbcb22" executionId="60dcf2f2-63bd-4f06-994f-dd7318680d09" testListId="8c84fa94-04c1-424b-9868-57a2d4851a1d" />
    <TestEntry testId="dca30c02-3277-db26-b6de-67f8d1776301" executionId="ffb2a1e2-b5dd-48c6-a2dc-1d0be234437e" testListId="8c84fa94-04c1-424b-9868-57a2d4851a1d" />
    <TestEntry testId="a25f2acc-2a6f-fa51-54f2-18ba92e0133a" executionId="9d303ae9-aa82-4cf8-8bce-b13b07723e99" testListId="8c84fa94-04c1-424b-9868-57a2d4851a1d" />
    <TestEntry testId="87b53a9d-456b-cf8f-c668-c75e1f782c8c" executionId="de887701-c0be-450f-9e2b-6e82bb04738a" testListId="8c84fa94-04c1-424b-9868-57a2d4851a1d" />
    <TestEntry testId="57f00b90-e89e-7c21-6985-1997247e73a1" executionId="c68fc90d-db52-4e3f-81e3-9e9fd31ce737" testListId="8c84fa94-04c1-424b-9868-57a2d4851a1d" />
    <TestEntry testId="98a3b46f-c283-782d-a215-f185ac09e0a5" executionId="faa1ce33-8316-4f83-adc3-13b7ff692df1" testListId="8c84fa94-04c1-424b-9868-57a2d4851a1d" />
    <TestEntry testId="075a0438-baea-d6a9-45f0-ab3560510654" executionId="b7c7f78c-5eb0-4e8c-bc55-4687256babe9" testListId="8c84fa94-04c1-424b-9868-57a2d4851a1d" />
    <TestEntry testId="6e226bf6-cba3-a7ff-f7d9-15f5af9e5e8b" executionId="b406eeb5-8040-4f42-85c7-704e71c4b892" testListId="8c84fa94-04c1-424b-9868-57a2d4851a1d" />
    <TestEntry testId="ad9c8ac5-1ee7-e376-2803-b82e348b2f90" executionId="f0082237-ca13-4de4-84e5-d2e8ebc6976f" testListId="8c84fa94-04c1-424b-9868-57a2d4851a1d" />
    <TestEntry testId="36a4daa1-c13f-3a52-c823-01cf417bcf4d" executionId="78bb8eb3-e87c-4d5e-a8ea-8e86fc3b5e0e" testListId="8c84fa94-04c1-424b-9868-57a2d4851a1d" />
    <TestEntry testId="10387160-6989-e36b-5924-2339b9464bff" executionId="64ff1008-be11-4bf0-8c43-41e79de2df6a" testListId="8c84fa94-04c1-424b-9868-57a2d4851a1d" />
    <TestEntry testId="a67e7db6-c543-b202-8520-edba28b96225" executionId="081fa893-25d4-4a47-a3f1-a1b01e2be81c" testListId="8c84fa94-04c1-424b-9868-57a2d4851a1d" />
    <TestEntry testId="1f15b2c2-4ce8-0b94-c62f-a958e1d0de99" executionId="e3d3cd07-4c9e-465d-845c-962ad3407bbd" testListId="8c84fa94-04c1-424b-9868-57a2d4851a1d" />
    <TestEntry testId="fe43e74a-be9a-f9bb-e464-9c5bdf79df31" executionId="bcee39a6-4ae5-4e06-b1e9-17c8a8b291e8" testListId="8c84fa94-04c1-424b-9868-57a2d4851a1d" />
    <TestEntry testId="0dc71a44-4b8f-1521-6b6a-022911868d84" executionId="d66e05af-0ded-4b83-b5dd-3b5d97286766" testListId="8c84fa94-04c1-424b-9868-57a2d4851a1d" />
    <TestEntry testId="93fbb387-b38f-d07e-d95a-c104766d4c25" executionId="7bbbb879-f769-42df-9729-c549a1340f8e" testListId="8c84fa94-04c1-424b-9868-57a2d4851a1d" />
    <TestEntry testId="25775317-e5d3-567f-a12e-9d47ad53d076" executionId="203859b7-6ced-41b3-83df-fedcacdce6a6" testListId="8c84fa94-04c1-424b-9868-57a2d4851a1d" />
    <TestEntry testId="400cfd64-5cbf-9403-2911-8489236eccf6" executionId="b781a3a4-0f88-4762-bea3-21308ff003e6" testListId="8c84fa94-04c1-424b-9868-57a2d4851a1d" />
    <TestEntry testId="68a1a838-5909-b2b0-b18d-c2e2f16c6a40" executionId="7bcbce1a-d73d-4453-a53a-3d034f5a5dc9" testListId="8c84fa94-04c1-424b-9868-57a2d4851a1d" />
    <TestEntry testId="6c1062d8-5cf3-817d-fd1a-e09612c0efb9" executionId="a2027da2-2896-49e4-a62a-103776910d88" testListId="8c84fa94-04c1-424b-9868-57a2d4851a1d" />
    <TestEntry testId="02be2809-b81a-14de-992a-85dbb076619d" executionId="fac1678e-0b84-48a5-92b8-48ee93473d0b" testListId="8c84fa94-04c1-424b-9868-57a2d4851a1d" />
    <TestEntry testId="62351a6f-8bf9-851f-4afe-dae398652157" executionId="d461731c-0bbf-4f4c-be72-7f215fd1a544" testListId="8c84fa94-04c1-424b-9868-57a2d4851a1d" />
    <TestEntry testId="bac4a653-06da-44ea-5151-52a07b56b4c8" executionId="3477d98d-16bc-464b-afa3-4f3bb735e005" testListId="8c84fa94-04c1-424b-9868-57a2d4851a1d" />
    <TestEntry testId="bec286c8-18d5-73b7-85c6-522f9e5facc0" executionId="578c4ed9-c2f1-4a99-ab45-dbcf2e293454" testListId="8c84fa94-04c1-424b-9868-57a2d4851a1d" />
    <TestEntry testId="5eddf290-478e-55c6-32d6-e1463c8c265c" executionId="d020f68c-4ea5-40d1-a6ac-3b91bc7977cd" testListId="8c84fa94-04c1-424b-9868-57a2d4851a1d" />
    <TestEntry testId="7516fff7-661a-0a92-4b18-68db220564f8" executionId="7f24c3f2-062e-4382-bb09-260933c438fe" testListId="8c84fa94-04c1-424b-9868-57a2d4851a1d" />
    <TestEntry testId="9ad5782c-f792-109c-ddc6-8eeee1b1cf4d" executionId="d6ca410a-896b-44f1-8c0f-bb5c696fb5d4" testListId="8c84fa94-04c1-424b-9868-57a2d4851a1d" />
    <TestEntry testId="0ea4657c-2d4d-0557-ad4e-285fc4bbd4b1" executionId="b6af1d24-cde1-47f2-96e4-d522e6b018b5" testListId="8c84fa94-04c1-424b-9868-57a2d4851a1d" />
    <TestEntry testId="b1258ab6-6726-97ba-6866-88545be9326f" executionId="402379ad-36ff-4476-89be-8dc0a3bcabad" testListId="8c84fa94-04c1-424b-9868-57a2d4851a1d" />
    <TestEntry testId="80ddbbf1-24a0-eb1c-c202-46675d5dc1f1" executionId="6ec6a7ab-67be-41d5-a331-c0f4658d7874" testListId="8c84fa94-04c1-424b-9868-57a2d4851a1d" />
    <TestEntry testId="ec13a3ee-12a8-ba6b-5ae5-0a4183ed0c7d" executionId="36ade0e5-1eab-443d-97d8-078b36fdc1bb" testListId="8c84fa94-04c1-424b-9868-57a2d4851a1d" />
    <TestEntry testId="4bfd258d-4b13-ba17-9f88-95cc5d19d297" executionId="61fc100e-4238-4379-865a-4d852c83d874" testListId="8c84fa94-04c1-424b-9868-57a2d4851a1d" />
    <TestEntry testId="613a2f06-100c-784e-7022-738e5c61d766" executionId="1d81320f-a8d9-41e0-915b-f162944b31c5" testListId="8c84fa94-04c1-424b-9868-57a2d4851a1d" />
    <TestEntry testId="89e0dbb4-9f1c-8e68-6752-7a757f3f43b0" executionId="9ccaf115-fbc8-4088-917f-4d1f4655ec61" testListId="8c84fa94-04c1-424b-9868-57a2d4851a1d" />
    <TestEntry testId="ff801cd4-9b31-701c-9bea-a5380fe254b8" executionId="1269efec-eb85-4ebe-beaf-bcae68464462" testListId="8c84fa94-04c1-424b-9868-57a2d4851a1d" />
    <TestEntry testId="a0d1b98a-283e-31bd-f283-ce4f1821e325" executionId="6593d1ad-0726-4a86-9bf6-d4c0c6d3e0c5" testListId="8c84fa94-04c1-424b-9868-57a2d4851a1d" />
    <TestEntry testId="6230c3bf-5e69-7eac-db92-e86a107ce911" executionId="bce1d829-4b5e-4c72-a9d1-c0c0c95ee9c4" testListId="8c84fa94-04c1-424b-9868-57a2d4851a1d" />
    <TestEntry testId="b05a2452-14ac-4911-cb24-69086e5794c2" executionId="3ba7fe3f-a3f1-4c66-a70a-41634a94d4ea" testListId="8c84fa94-04c1-424b-9868-57a2d4851a1d" />
    <TestEntry testId="b4eefce7-c91d-cc00-74fc-ef8be528eb87" executionId="88cc0915-24e6-4cd3-a2aa-baad20a8340d" testListId="8c84fa94-04c1-424b-9868-57a2d4851a1d" />
    <TestEntry testId="351bd4a7-0f7e-a0c7-2af7-93054f05b8dd" executionId="ad4c40d3-bdc9-446f-8a47-32fa85ca0405" testListId="8c84fa94-04c1-424b-9868-57a2d4851a1d" />
    <TestEntry testId="ed6b867e-eb02-d6c2-96d2-46d0436e1262" executionId="d8ea7544-592d-47a7-bfea-2189f38c79e9" testListId="8c84fa94-04c1-424b-9868-57a2d4851a1d" />
    <TestEntry testId="ff371a94-14c1-16f7-bf50-ddd3b75c3538" executionId="572bac60-7af8-4472-afac-4f11d098b91e" testListId="8c84fa94-04c1-424b-9868-57a2d4851a1d" />
    <TestEntry testId="79014ccc-ef6b-72c8-6cb0-d32071b399b9" executionId="07d45d7d-5e28-4c35-9cb1-f948c72067fb" testListId="8c84fa94-04c1-424b-9868-57a2d4851a1d" />
    <TestEntry testId="a84d5970-89e5-6afb-55c3-a641e183aec4" executionId="9b2e5d56-26a5-4eb0-8752-609e494da620" testListId="8c84fa94-04c1-424b-9868-57a2d4851a1d" />
    <TestEntry testId="4d8d9000-4c82-f5fb-fb9b-c4dca9d8e495" executionId="a6af290f-c2ff-419b-9a35-4430f8ec477e" testListId="8c84fa94-04c1-424b-9868-57a2d4851a1d" />
    <TestEntry testId="52875ada-1026-41de-0426-16c1dce63327" executionId="65ba2535-f436-40c1-b4df-329caf149c93" testListId="8c84fa94-04c1-424b-9868-57a2d4851a1d" />
    <TestEntry testId="9a0cd434-52ff-432b-fa29-dc944b1f1c5d" executionId="32030c2b-259a-472e-b1f7-d5d31246a8e8" testListId="8c84fa94-04c1-424b-9868-57a2d4851a1d" />
    <TestEntry testId="455eeb05-e1b9-182c-3e66-9f5123a45f1b" executionId="56d1fa6f-b75e-4bc5-b1fe-e928be3bfafc" testListId="8c84fa94-04c1-424b-9868-57a2d4851a1d" />
    <TestEntry testId="17cbe034-ecb4-14e6-b6ac-c5ed69fd3cb6" executionId="82215afc-4c20-4b5b-9cc7-3549c12660f4" testListId="8c84fa94-04c1-424b-9868-57a2d4851a1d" />
    <TestEntry testId="5a35e6f5-cb55-45a7-2a12-f79ea256af6b" executionId="1121d4e0-d832-4e83-b571-7d3914a53974" testListId="8c84fa94-04c1-424b-9868-57a2d4851a1d" />
    <TestEntry testId="f0497117-f6fa-270a-348f-65e39dba6d1b" executionId="ab694a13-f973-48af-8fba-e09b05969911" testListId="8c84fa94-04c1-424b-9868-57a2d4851a1d" />
    <TestEntry testId="f968f50e-c29b-d887-894c-539000727297" executionId="09708600-1d68-4dc4-8dc5-92f91c5b3e00" testListId="8c84fa94-04c1-424b-9868-57a2d4851a1d" />
    <TestEntry testId="6b31908d-4443-5e25-3bbd-0c4aaa2bc316" executionId="4b3b4d94-5456-4e45-9107-17547efb158a" testListId="8c84fa94-04c1-424b-9868-57a2d4851a1d" />
    <TestEntry testId="fcb43806-982b-5e9a-44ff-6aad6cc3392a" executionId="92d5992e-6aa3-4b50-87b5-737e3a7cbbe8" testListId="8c84fa94-04c1-424b-9868-57a2d4851a1d" />
    <TestEntry testId="e276ff22-0c1f-6489-b239-574d72e5038d" executionId="cb94ce4c-92ff-4a86-820c-7854653876a6" testListId="8c84fa94-04c1-424b-9868-57a2d4851a1d" />
    <TestEntry testId="f1d506df-931b-859b-b89f-36e13a4a9c7f" executionId="655d6ed3-3840-40e5-ac23-fc9b81419a25" testListId="8c84fa94-04c1-424b-9868-57a2d4851a1d" />
    <TestEntry testId="4ddbfa68-4e08-f15f-7b97-7f38fe231be5" executionId="b5be18a8-7e98-4e0c-8770-78a2ebbc95d1" testListId="8c84fa94-04c1-424b-9868-57a2d4851a1d" />
    <TestEntry testId="a7d42b9d-d8a3-1757-1560-b71505d852b3" executionId="634bb23b-775b-44fc-897c-e4b281fd64db" testListId="8c84fa94-04c1-424b-9868-57a2d4851a1d" />
    <TestEntry testId="fed22d6d-791e-cf51-bbf2-770aa78a67a6" executionId="2d546f08-8083-4986-937c-4f9b69913a05" testListId="8c84fa94-04c1-424b-9868-57a2d4851a1d" />
    <TestEntry testId="670f2861-51b6-83b7-c14b-811b65773a6c" executionId="6ed0d4e8-101e-4b5b-b49f-6bbbb6664744" testListId="8c84fa94-04c1-424b-9868-57a2d4851a1d" />
    <TestEntry testId="9419465f-5cbe-c9b4-b84f-fee0122b6cf2" executionId="b40277e2-e8a2-4751-8cc5-15faa42b90dd" testListId="8c84fa94-04c1-424b-9868-57a2d4851a1d" />
    <TestEntry testId="0e8f9908-eba0-e249-196d-e21168153973" executionId="c8c29199-479a-40bc-804a-76cc73a80faf" testListId="8c84fa94-04c1-424b-9868-57a2d4851a1d" />
    <TestEntry testId="275203d5-5826-9585-0cff-48371724077a" executionId="4cfe8614-167d-4860-bdb4-97a5e7c719c5" testListId="8c84fa94-04c1-424b-9868-57a2d4851a1d" />
    <TestEntry testId="b5d71830-0232-5ad5-b8ac-d16dba5fb977" executionId="eefd0870-6bb3-4cff-9dca-ede2cd5d829c" testListId="8c84fa94-04c1-424b-9868-57a2d4851a1d" />
    <TestEntry testId="0a1865c8-8559-78e8-c522-5066d26c339c" executionId="bf025613-dfd8-4f87-961a-562efbe4475f" testListId="8c84fa94-04c1-424b-9868-57a2d4851a1d" />
    <TestEntry testId="21292bd6-20a3-b296-afb0-ea32ccaadb19" executionId="1755c5ac-b96d-41d4-a497-11a3bb543d70" testListId="8c84fa94-04c1-424b-9868-57a2d4851a1d" />
    <TestEntry testId="68b3ce0d-94c6-3486-e853-c4ec64b94491" executionId="a0c8cffc-26b8-42ae-bc9a-2b6315b51985" testListId="8c84fa94-04c1-424b-9868-57a2d4851a1d" />
    <TestEntry testId="7bc6a1bf-5c29-3dea-7973-2c6d430e94da" executionId="d9568a27-5522-47a2-bd3b-9d199deafbcd" testListId="8c84fa94-04c1-424b-9868-57a2d4851a1d" />
    <TestEntry testId="a4f4fe5a-fc22-0a58-463e-acabd5e1367d" executionId="ec5029cc-a76b-4dab-aaa5-0afea6468330" testListId="8c84fa94-04c1-424b-9868-57a2d4851a1d" />
    <TestEntry testId="f677f5cb-e68b-47d0-48c2-72bbca881a0f" executionId="7acb0bca-6863-443e-b57e-0b24eb335270" testListId="8c84fa94-04c1-424b-9868-57a2d4851a1d" />
    <TestEntry testId="e582f489-3193-6b87-ad62-41795d3488cb" executionId="2165222b-bffd-4df7-bb06-f9d9038bc1bf" testListId="8c84fa94-04c1-424b-9868-57a2d4851a1d" />
    <TestEntry testId="3a40ecbf-c680-c259-cc08-48a724ff3712" executionId="b8340863-9ac0-4bf4-bc92-108c0ba7ae2b" testListId="8c84fa94-04c1-424b-9868-57a2d4851a1d" />
    <TestEntry testId="6563c1ca-1404-372c-dc3c-62cdd5b63c06" executionId="417943b6-1d01-4be8-b859-b992b90754d3" testListId="8c84fa94-04c1-424b-9868-57a2d4851a1d" />
    <TestEntry testId="43b00881-0136-0d5f-9bb6-c1f4749ea846" executionId="9a911eb9-e744-4188-9c08-2c136b757f22" testListId="8c84fa94-04c1-424b-9868-57a2d4851a1d" />
    <TestEntry testId="1842483a-ffd4-7f2d-f66d-844d6ab33b06" executionId="23a6384e-c017-4a19-8ff0-8eb2aa83eecd" testListId="8c84fa94-04c1-424b-9868-57a2d4851a1d" />
    <TestEntry testId="1d51e426-add9-0fa2-d97c-f7bdeccae548" executionId="6c0869a5-8322-4c08-861d-e7c8a204b730" testListId="8c84fa94-04c1-424b-9868-57a2d4851a1d" />
    <TestEntry testId="a5cee008-7b3d-0cfe-ab94-71c6430d5a06" executionId="c3fe3e07-0c5e-46d6-bc3a-fcaaf9bde855" testListId="8c84fa94-04c1-424b-9868-57a2d4851a1d" />
    <TestEntry testId="d199b597-457c-7f20-ef06-27ff23037a7b" executionId="b60ab9dc-561c-4359-89de-1aaf1a931058" testListId="8c84fa94-04c1-424b-9868-57a2d4851a1d" />
    <TestEntry testId="42410741-9458-4b8b-c8b3-6f4873056352" executionId="11537f27-c9f9-4e23-be56-ea341e7b6fdf" testListId="8c84fa94-04c1-424b-9868-57a2d4851a1d" />
    <TestEntry testId="cc699c03-febb-3a32-cfcd-4ff11926b0a6" executionId="d5ddfbc7-e6be-41b2-a715-a44e8989f726" testListId="8c84fa94-04c1-424b-9868-57a2d4851a1d" />
    <TestEntry testId="3d05c67d-f6e7-82b0-61d8-89ede0358e20" executionId="ccaf84cc-860b-46b4-bc53-3d0491aaac14" testListId="8c84fa94-04c1-424b-9868-57a2d4851a1d" />
    <TestEntry testId="3ffdfd4b-d21d-1ef0-054c-9e2da4dc753c" executionId="b44ce00f-8e10-46d1-a34c-611e4d999389" testListId="8c84fa94-04c1-424b-9868-57a2d4851a1d" />
    <TestEntry testId="e819bbbf-84b6-0008-dd30-54db94658ce4" executionId="93562adf-3f35-45e4-a2c2-eee9b4554a86" testListId="8c84fa94-04c1-424b-9868-57a2d4851a1d" />
    <TestEntry testId="b49b64f1-b4f9-24f1-e3e5-4535dd8dd5bd" executionId="802ca4e9-9cd5-4a9c-840f-be0f43b1a832" testListId="8c84fa94-04c1-424b-9868-57a2d4851a1d" />
    <TestEntry testId="38fae5c1-e195-c79c-10f2-8e28814097df" executionId="b5e321b9-032a-43d0-90fb-b7393ec743a4" testListId="8c84fa94-04c1-424b-9868-57a2d4851a1d" />
    <TestEntry testId="dace258a-dfa2-acd4-1526-5b98af0fd501" executionId="00864f4e-51ae-4e67-9d06-dbe7e151655d" testListId="8c84fa94-04c1-424b-9868-57a2d4851a1d" />
    <TestEntry testId="eab4b2d3-cfe0-5252-49a0-7574e8b521b1" executionId="a317983a-1821-49fb-805f-d3526ebec091" testListId="8c84fa94-04c1-424b-9868-57a2d4851a1d" />
    <TestEntry testId="f53a5c21-2644-43c4-21bf-7753c6054d14" executionId="e2e8f6db-d2b9-430a-8dfb-7f3568fcf174" testListId="8c84fa94-04c1-424b-9868-57a2d4851a1d" />
    <TestEntry testId="61eb78d6-dcb6-cad1-795f-b6163506edf1" executionId="aa347dae-9360-4294-a19d-63b1b2af11f2" testListId="8c84fa94-04c1-424b-9868-57a2d4851a1d" />
    <TestEntry testId="583ebeb2-20a4-f9dd-bed4-f78e2f9ae41d" executionId="974d2f06-3df5-4aaf-a093-103597c287c0" testListId="8c84fa94-04c1-424b-9868-57a2d4851a1d" />
    <TestEntry testId="4459ea68-8a18-9109-3438-423e4505fa13" executionId="ca66993e-d509-4a88-8da5-e61a7b538a66" testListId="8c84fa94-04c1-424b-9868-57a2d4851a1d" />
    <TestEntry testId="3a7506c0-982c-379d-77bf-8f61b39d6e38" executionId="bd36aad8-edef-4775-ac21-750ec662b5f7" testListId="8c84fa94-04c1-424b-9868-57a2d4851a1d" />
    <TestEntry testId="bf87e50f-db30-5230-89c8-3237f00226bd" executionId="d4f6a92f-fc2b-4e86-a1fe-70c32d0e5985" testListId="8c84fa94-04c1-424b-9868-57a2d4851a1d" />
    <TestEntry testId="62675386-aeac-51ad-3964-c697e6c885e2" executionId="25eb6813-7e69-494c-9f24-57277224a75a" testListId="8c84fa94-04c1-424b-9868-57a2d4851a1d" />
    <TestEntry testId="ad15d110-320a-9081-dd82-521f63993402" executionId="9fb54cb3-29f2-4ce8-bb31-040d7bbc1392" testListId="8c84fa94-04c1-424b-9868-57a2d4851a1d" />
    <TestEntry testId="578d7718-9b50-49d2-dd4f-7b47f35b6023" executionId="f270affc-fd62-4b72-9259-734cc23afd6c" testListId="8c84fa94-04c1-424b-9868-57a2d4851a1d" />
    <TestEntry testId="89da2315-95ea-b743-89b9-568e4ca36a26" executionId="988300f3-64c2-4437-8f39-2d2177992cf0" testListId="8c84fa94-04c1-424b-9868-57a2d4851a1d" />
    <TestEntry testId="256a4b65-4463-f562-2747-6ae9de50c60c" executionId="c908b225-e801-4684-8601-5ca7e485d634" testListId="8c84fa94-04c1-424b-9868-57a2d4851a1d" />
    <TestEntry testId="9d2062cf-cbbb-6d51-b2a2-10ba8d351629" executionId="f1a194fb-e573-494a-b8a1-9a2df31c2cff" testListId="8c84fa94-04c1-424b-9868-57a2d4851a1d" />
    <TestEntry testId="b18d6413-d111-707d-9cca-29181376b93b" executionId="69b62221-b728-4ba8-9de3-0e90c4486d68" testListId="8c84fa94-04c1-424b-9868-57a2d4851a1d" />
    <TestEntry testId="7e3f2cf1-2102-190b-ec6f-664a196ecb92" executionId="8bd019a8-d428-4603-9ba9-73192e4064a9" testListId="8c84fa94-04c1-424b-9868-57a2d4851a1d" />
    <TestEntry testId="4d7aedd6-3d5d-e197-7f31-6e18dddba379" executionId="a215844b-9017-45c1-b1ca-9df042c89d26" testListId="8c84fa94-04c1-424b-9868-57a2d4851a1d" />
    <TestEntry testId="796b2799-fcfb-d584-3091-e2996a93d558" executionId="e804de77-a913-4b07-b88e-f1c97db74655" testListId="8c84fa94-04c1-424b-9868-57a2d4851a1d" />
    <TestEntry testId="cee5a8f8-e813-9cc9-dae7-ea164d9eb690" executionId="5cf2a551-8f7a-4bb4-9c5d-1e56d18f10d3" testListId="8c84fa94-04c1-424b-9868-57a2d4851a1d" />
    <TestEntry testId="d98252d4-bff3-a6b7-b45e-499749981356" executionId="f58628b8-1fa8-4611-a04a-c19a9faf11ec" testListId="8c84fa94-04c1-424b-9868-57a2d4851a1d" />
    <TestEntry testId="91eeed41-8d3f-ea06-23a5-6a6c4754335e" executionId="e5f3e3de-7afa-49e8-aadf-7da281088bc9" testListId="8c84fa94-04c1-424b-9868-57a2d4851a1d" />
    <TestEntry testId="84badc73-824e-554c-88fc-2b77bb3d6279" executionId="8c5fa33b-b4dd-44c4-a97a-baf4499eaa43" testListId="8c84fa94-04c1-424b-9868-57a2d4851a1d" />
    <TestEntry testId="9c3e67c9-6b1a-da8f-4e33-2e8fc06d0f0d" executionId="f827148e-4cc6-45c8-88ef-05a529aa59d3" testListId="8c84fa94-04c1-424b-9868-57a2d4851a1d" />
    <TestEntry testId="a061f658-83af-57a7-1162-c06c0de0da7f" executionId="90b92803-186e-4dfa-8893-9c318ae70543" testListId="8c84fa94-04c1-424b-9868-57a2d4851a1d" />
    <TestEntry testId="8939e394-6d57-5556-6020-6dcbc9f301e9" executionId="a9d3fc31-de9e-4c68-9147-463dded6bde1" testListId="8c84fa94-04c1-424b-9868-57a2d4851a1d" />
    <TestEntry testId="71f569d8-11be-86bd-54f2-e31f93496cd1" executionId="91f331e1-e318-49a3-ab2e-36ee42ea20ee" testListId="8c84fa94-04c1-424b-9868-57a2d4851a1d" />
    <TestEntry testId="568e53e3-288a-53f3-d7c5-1f212e198f52" executionId="3902d2ab-3999-446b-b5fa-32ad4c35375a" testListId="8c84fa94-04c1-424b-9868-57a2d4851a1d" />
    <TestEntry testId="2122fc25-4bda-3ec1-2c73-7ae64d45db91" executionId="075abadf-31fc-428b-b2ba-eb442b47d52d" testListId="8c84fa94-04c1-424b-9868-57a2d4851a1d" />
    <TestEntry testId="43bd32cc-5cce-42b2-5c46-2d833daf249a" executionId="8a31b443-4fb9-4514-a1ce-edf2e3efe37c" testListId="8c84fa94-04c1-424b-9868-57a2d4851a1d" />
    <TestEntry testId="4bd39737-4d99-6754-4562-b16fbd2fd0e8" executionId="42c34951-a068-4232-bc1a-1d5eb6b47743" testListId="8c84fa94-04c1-424b-9868-57a2d4851a1d" />
    <TestEntry testId="9af2875f-8c9c-5568-786a-444cec578e02" executionId="018d6686-fd61-4eaf-ae2d-104f89881618" testListId="8c84fa94-04c1-424b-9868-57a2d4851a1d" />
    <TestEntry testId="9fb629c4-ae0f-a609-e7c4-93fe2221d128" executionId="5b71eba5-e81a-4514-914e-eed76d162895" testListId="8c84fa94-04c1-424b-9868-57a2d4851a1d" />
    <TestEntry testId="852eb3b5-f025-4191-05e4-ebc948985964" executionId="b869e138-2500-431c-bd19-3336ac8bd506" testListId="8c84fa94-04c1-424b-9868-57a2d4851a1d" />
    <TestEntry testId="a7bd62ce-b19d-0ba1-1b07-834c1af09fda" executionId="040e7cec-cdf8-4654-b54c-258c692690b8" testListId="8c84fa94-04c1-424b-9868-57a2d4851a1d" />
    <TestEntry testId="7281eb8d-c771-cf8d-8a4f-6b83e9140d51" executionId="42be9056-c204-4302-b4b6-53b1bfb380af" testListId="8c84fa94-04c1-424b-9868-57a2d4851a1d" />
    <TestEntry testId="437cc800-d76c-2a1a-b48a-ba2dd8b7cba6" executionId="7d6edf44-b29a-4d19-a384-a700485f831c" testListId="8c84fa94-04c1-424b-9868-57a2d4851a1d" />
    <TestEntry testId="1b35fc6a-4687-c7da-e876-14c9a89f5736" executionId="e08e1358-28c0-4b16-9664-ebc73f3a08a0" testListId="8c84fa94-04c1-424b-9868-57a2d4851a1d" />
    <TestEntry testId="805ff533-34fb-13ff-d48a-a07d437e1f66" executionId="aa37305f-49a1-451d-80b4-eb2a7babd573" testListId="8c84fa94-04c1-424b-9868-57a2d4851a1d" />
    <TestEntry testId="a26f8272-09e2-35ac-69e7-d541b8af281c" executionId="e32ff579-1aa0-414e-aada-899679165bfb" testListId="8c84fa94-04c1-424b-9868-57a2d4851a1d" />
    <TestEntry testId="ce8c3e9e-3c4f-8bb2-d196-40ccabeb3994" executionId="4cb5b810-9130-442a-8c8a-7e788214f35e" testListId="8c84fa94-04c1-424b-9868-57a2d4851a1d" />
    <TestEntry testId="cfda07be-41e3-6ed1-e21a-30a748be62fa" executionId="4b520294-3a33-4771-9853-0cdebf07d526" testListId="8c84fa94-04c1-424b-9868-57a2d4851a1d" />
    <TestEntry testId="692c3744-1e27-a041-5aa6-b1a6631fc933" executionId="a2e6f68a-ae3b-4f13-9d47-ba7b9414e7ef" testListId="8c84fa94-04c1-424b-9868-57a2d4851a1d" />
    <TestEntry testId="7921cbe5-1dc8-dbea-beed-743cd26260b0" executionId="00d2f9d9-762f-459b-8370-e38becc26f14" testListId="8c84fa94-04c1-424b-9868-57a2d4851a1d" />
    <TestEntry testId="95031c4c-a0e1-b1b5-eba4-5a36d9dd7986" executionId="082d2578-e99c-4ef4-9725-946864a25ca2" testListId="8c84fa94-04c1-424b-9868-57a2d4851a1d" />
    <TestEntry testId="cf744bf0-9f52-6e91-3362-acdb6c90155c" executionId="bdf704de-9211-47ed-8759-989206f9e41f" testListId="8c84fa94-04c1-424b-9868-57a2d4851a1d" />
    <TestEntry testId="db95570e-7071-767f-bb7b-ccc4770d2972" executionId="d67b7ef3-abd0-4d27-b797-501b19b1224c" testListId="8c84fa94-04c1-424b-9868-57a2d4851a1d" />
    <TestEntry testId="b8db0d1e-a93b-7796-5023-24bde3583ffb" executionId="d9b98c05-aa47-410f-922c-bddd4784ad45" testListId="8c84fa94-04c1-424b-9868-57a2d4851a1d" />
    <TestEntry testId="a45b0824-f6c0-b04a-b5b9-04fb4a8bbc68" executionId="d490d8e8-a7a1-443c-bc15-802e1a6db20b" testListId="8c84fa94-04c1-424b-9868-57a2d4851a1d" />
    <TestEntry testId="c4eb4f00-b7bb-0116-fa67-c3540cab4c5e" executionId="dd892f67-69cd-4fae-bc1f-edf60393f399" testListId="8c84fa94-04c1-424b-9868-57a2d4851a1d" />
    <TestEntry testId="71e2bb8d-e6ac-ade4-cf11-a6623f27d8a7" executionId="15f9ca29-fe84-4a23-a4ba-4d98644b7407" testListId="8c84fa94-04c1-424b-9868-57a2d4851a1d" />
    <TestEntry testId="ac7f2b22-b05c-64c2-aa6c-0501b0d8bc20" executionId="50affc2a-fb2a-4119-acd3-43664008d77c" testListId="8c84fa94-04c1-424b-9868-57a2d4851a1d" />
    <TestEntry testId="f28f60e4-c502-901c-8ede-8aa70d29c700" executionId="09bcc60d-ec44-4fb6-ad86-d744150aa2d1" testListId="8c84fa94-04c1-424b-9868-57a2d4851a1d" />
    <TestEntry testId="1eacaded-ed8d-7987-eef8-8bf137a0734c" executionId="4d5b4e28-058b-402e-832a-0a56b535c61b" testListId="8c84fa94-04c1-424b-9868-57a2d4851a1d" />
    <TestEntry testId="dda656ca-8a8e-0f24-876c-126329c5453c" executionId="1afecc14-60f3-4310-832c-8ba05f684424" testListId="8c84fa94-04c1-424b-9868-57a2d4851a1d" />
    <TestEntry testId="dce03c0d-fd3a-f912-f6e8-259d3e8f5f87" executionId="eba1d455-f04d-4449-bf31-70cdb7bf8b7a" testListId="8c84fa94-04c1-424b-9868-57a2d4851a1d" />
    <TestEntry testId="47d1aa8e-75ce-8f06-65ca-97a714fcff56" executionId="d266a827-6735-4120-bf89-d7c0e5f44a9f" testListId="8c84fa94-04c1-424b-9868-57a2d4851a1d" />
    <TestEntry testId="4c84ec70-141f-e8e9-2a2d-92f9de28784b" executionId="4b0ec3c1-e92e-4136-8f8a-d07bd33ce7ff" testListId="8c84fa94-04c1-424b-9868-57a2d4851a1d" />
    <TestEntry testId="f60faaa0-81ca-1ac3-6b26-35cb114fcb5a" executionId="4912420f-deed-454f-921b-3b1006fe68a5" testListId="8c84fa94-04c1-424b-9868-57a2d4851a1d" />
    <TestEntry testId="ae299ad6-5cbb-4d5e-c5ba-a25f87e58f4f" executionId="19ac4688-4e8d-4973-a7e6-c2a1165ad06f" testListId="8c84fa94-04c1-424b-9868-57a2d4851a1d" />
    <TestEntry testId="3afae53f-7058-788a-1e27-de414aa7fdec" executionId="8ece7f98-b57a-48ea-854c-ce9bc06c7189" testListId="8c84fa94-04c1-424b-9868-57a2d4851a1d" />
    <TestEntry testId="ea8f09a1-525b-258f-5ced-612674a8944e" executionId="31585730-afad-4a8c-b778-3e4e9fbcaffb" testListId="8c84fa94-04c1-424b-9868-57a2d4851a1d" />
    <TestEntry testId="0561b288-03ef-c54c-0d87-c72562419c7d" executionId="304a33b7-b4fd-4cb2-9fed-790102268304" testListId="8c84fa94-04c1-424b-9868-57a2d4851a1d" />
    <TestEntry testId="96087fee-c14b-2433-f3b6-bcd4db38f25f" executionId="acd3732d-80d7-4911-b7eb-bba229417d3c" testListId="8c84fa94-04c1-424b-9868-57a2d4851a1d" />
    <TestEntry testId="e71daa4d-2319-dd12-2052-e2f049206df5" executionId="886cdfc6-313b-44d0-905a-6d7e8ad78d71" testListId="8c84fa94-04c1-424b-9868-57a2d4851a1d" />
    <TestEntry testId="88a9b818-4047-71dd-56d6-65c1b5c7da23" executionId="a91671bf-f739-4fa7-8408-4f066d49854d" testListId="8c84fa94-04c1-424b-9868-57a2d4851a1d" />
    <TestEntry testId="71421ddd-88e2-b659-6e41-ddbbfba070a0" executionId="1efd9b05-aafe-49c8-a601-632fd6b0fb8f" testListId="8c84fa94-04c1-424b-9868-57a2d4851a1d" />
    <TestEntry testId="6c8aa97d-7986-a134-10d3-ed33fcd7b4bf" executionId="81c81946-3b7b-46db-a457-3b1f8e81db69" testListId="8c84fa94-04c1-424b-9868-57a2d4851a1d" />
    <TestEntry testId="a02b8f3d-880b-53c9-8e68-b891aa855eec" executionId="3daac10b-b816-4281-be5c-9b41df0e4d87" testListId="8c84fa94-04c1-424b-9868-57a2d4851a1d" />
    <TestEntry testId="6ef8fef7-ed4a-e3ce-6249-2314f9c5f5bd" executionId="65cb01f9-13f5-4bff-8293-e951bedee906" testListId="8c84fa94-04c1-424b-9868-57a2d4851a1d" />
    <TestEntry testId="288780fb-93de-c9f2-ef61-de396d7c3d00" executionId="ac3caec1-43ed-4e12-91cb-b32b4a5315cf" testListId="8c84fa94-04c1-424b-9868-57a2d4851a1d" />
    <TestEntry testId="423918f4-0b31-04a1-8412-6a076cc4b0ce" executionId="5f75ea91-42f0-4fb3-b50e-bef2c57f345b" testListId="8c84fa94-04c1-424b-9868-57a2d4851a1d" />
    <TestEntry testId="c8cceede-4b25-68f5-508e-616a073b9bcc" executionId="68dc55f9-e7de-4273-898b-ade56448de9b" testListId="8c84fa94-04c1-424b-9868-57a2d4851a1d" />
    <TestEntry testId="1cfec4bc-c9f8-e1f6-236b-7912608575f6" executionId="b3eb95a5-b14d-4691-88a6-60aba46f852a" testListId="8c84fa94-04c1-424b-9868-57a2d4851a1d" />
    <TestEntry testId="d8648910-d311-af2d-abd8-716b9f0e14f1" executionId="988e6d02-715e-42b8-a05d-89a64d55aa02" testListId="8c84fa94-04c1-424b-9868-57a2d4851a1d" />
    <TestEntry testId="5aa81b10-a7a9-52f5-3b44-cdabeb41683a" executionId="51c112aa-87d9-48a4-878e-ca0f7164a79c" testListId="8c84fa94-04c1-424b-9868-57a2d4851a1d" />
    <TestEntry testId="8b57998e-c627-521a-6e73-8b47a421bf91" executionId="7faf4835-e3e6-422c-9e41-8bfdebbb9880" testListId="8c84fa94-04c1-424b-9868-57a2d4851a1d" />
    <TestEntry testId="e35e48e5-187c-2952-2b94-d10dc4444501" executionId="fa833bfe-fee3-4d19-8d77-34b47bf44773" testListId="8c84fa94-04c1-424b-9868-57a2d4851a1d" />
    <TestEntry testId="771c4a6d-0d1c-f8f0-dd7f-cd63001443e3" executionId="c583fc2a-a2c4-446a-880a-de0f420281dc" testListId="8c84fa94-04c1-424b-9868-57a2d4851a1d" />
    <TestEntry testId="309495ff-1765-8d14-cb42-f50262916313" executionId="24f9afd3-946d-4e3b-af89-3ed389b50701" testListId="8c84fa94-04c1-424b-9868-57a2d4851a1d" />
    <TestEntry testId="5a1d1d70-0b05-e1b3-29c9-696c83e23981" executionId="d8da0550-24a1-4b82-87d0-cf1fd752349f" testListId="8c84fa94-04c1-424b-9868-57a2d4851a1d" />
    <TestEntry testId="36913fb5-3969-94e5-ee9a-0c51efb3d0e6" executionId="6cf2eda1-4f3b-460f-bcdd-b1dab024c06d" testListId="8c84fa94-04c1-424b-9868-57a2d4851a1d" />
    <TestEntry testId="2a09fbc3-73ae-6cd0-95e1-ffc0223a5eb9" executionId="f48da579-85ad-4157-b34d-f46ead9c3327" testListId="8c84fa94-04c1-424b-9868-57a2d4851a1d" />
    <TestEntry testId="ed3e59ee-6489-ed30-9052-e766995cd7be" executionId="91c66d41-91f9-43a3-8c59-e79cdb249b33" testListId="8c84fa94-04c1-424b-9868-57a2d4851a1d" />
    <TestEntry testId="aaf98edc-d6ab-2ec5-a742-bc3b35ab5c7c" executionId="05cef6f0-e35b-4ba2-bfa5-0b39bb60d957" testListId="8c84fa94-04c1-424b-9868-57a2d4851a1d" />
    <TestEntry testId="7c467d36-5851-21c3-76b1-45025d80e709" executionId="b30bf259-b1d0-41e1-b8fd-49124a4caf05" testListId="8c84fa94-04c1-424b-9868-57a2d4851a1d" />
    <TestEntry testId="f7ebfca8-6f29-8c7a-40e7-8c0eaf67d678" executionId="c435d628-0e7c-40fd-afe1-cd86c5887f88" testListId="8c84fa94-04c1-424b-9868-57a2d4851a1d" />
    <TestEntry testId="a3538f01-6029-d9dd-d1e1-ef4b9aed2cdb" executionId="651508ff-96b6-474f-90eb-585cc33a4725" testListId="8c84fa94-04c1-424b-9868-57a2d4851a1d" />
    <TestEntry testId="2db9db3c-132a-25cc-ee21-0bf9694a0279" executionId="9e76ec59-309e-4433-875e-71fd7c951227" testListId="8c84fa94-04c1-424b-9868-57a2d4851a1d" />
    <TestEntry testId="273d8c86-f447-94c8-0f27-a9624ee0971b" executionId="d7ad4e3b-3065-45ea-8d62-1cdb3c0a6e8c" testListId="8c84fa94-04c1-424b-9868-57a2d4851a1d" />
    <TestEntry testId="025bfd0a-5dbf-e36d-4a6a-7036db5233d8" executionId="9f6588b8-5ec3-4c31-a91f-4f6076d9a275" testListId="8c84fa94-04c1-424b-9868-57a2d4851a1d" />
    <TestEntry testId="f395455a-f83d-d9ea-3198-a14795721a40" executionId="29b14f89-2e6a-47b9-81cc-c14e626adb78" testListId="8c84fa94-04c1-424b-9868-57a2d4851a1d" />
    <TestEntry testId="cb240fa2-8e3e-3388-8fd7-33db286ba873" executionId="3f2d3b73-f408-4088-913c-130eb9841d19" testListId="8c84fa94-04c1-424b-9868-57a2d4851a1d" />
    <TestEntry testId="f6a112ca-9353-0689-8dcf-6c0d0d446477" executionId="3424d09a-ff35-47fa-95df-19de58c861ed" testListId="8c84fa94-04c1-424b-9868-57a2d4851a1d" />
    <TestEntry testId="4ccc5e0d-d251-473d-5fed-c093055c6528" executionId="ad6b048b-1633-4d27-8341-370e146bd326" testListId="8c84fa94-04c1-424b-9868-57a2d4851a1d" />
    <TestEntry testId="c2ba2bec-aa70-bdec-9339-a29767265216" executionId="1d954506-1672-4422-951e-ae42317e30f5" testListId="8c84fa94-04c1-424b-9868-57a2d4851a1d" />
    <TestEntry testId="4381e308-d0bb-7553-16e1-2184e14da473" executionId="927cb806-5f41-4198-a409-81b72912961f" testListId="8c84fa94-04c1-424b-9868-57a2d4851a1d" />
    <TestEntry testId="97575886-364d-b25c-355a-717549ec865f" executionId="9f26fbc7-4aff-43a6-9de3-6ec26cfb758d" testListId="8c84fa94-04c1-424b-9868-57a2d4851a1d" />
    <TestEntry testId="97b66cab-e638-f353-72be-9e34850dcde9" executionId="186218f9-ff8a-47d5-8397-bbc5c2388262" testListId="8c84fa94-04c1-424b-9868-57a2d4851a1d" />
    <TestEntry testId="d1ed567b-4821-66a7-fa52-a557d0e6d6d3" executionId="3b3061fd-7c6a-4222-8aa4-514a7736d73c" testListId="8c84fa94-04c1-424b-9868-57a2d4851a1d" />
    <TestEntry testId="10d21685-e4fc-fcc1-43cb-73e4927f125f" executionId="d7005d08-8edb-44e4-8af0-1fbea50f6914" testListId="8c84fa94-04c1-424b-9868-57a2d4851a1d" />
    <TestEntry testId="8b4df242-9fd1-ff2e-5ae3-309f3521b64e" executionId="410637a2-843e-4fb9-a67a-1fd462cbc4dd" testListId="8c84fa94-04c1-424b-9868-57a2d4851a1d" />
    <TestEntry testId="927fad75-8d26-6ae5-ea62-d9bd56a8df82" executionId="7f54f5e5-7a5d-4bc5-b1fb-010b2e0216e9" testListId="8c84fa94-04c1-424b-9868-57a2d4851a1d" />
    <TestEntry testId="f99fd7f0-a88a-8fa2-bbec-65125fdf03e4" executionId="05da3c80-a47a-4855-ba4b-cd98d75454c0" testListId="8c84fa94-04c1-424b-9868-57a2d4851a1d" />
    <TestEntry testId="bbd743ff-ea3c-d7fb-321c-36621e265e8c" executionId="facf20d8-7ef8-4245-8170-285a75f05a12" testListId="8c84fa94-04c1-424b-9868-57a2d4851a1d" />
    <TestEntry testId="bf027638-35e4-449e-fc0c-38440e647dff" executionId="187bf527-f635-459c-9a35-7c75dd1ffa96" testListId="8c84fa94-04c1-424b-9868-57a2d4851a1d" />
    <TestEntry testId="0e4b0c2a-802e-2ad3-668c-45f65708f02a" executionId="bd539b8e-e934-43ad-b334-e69d82f330f9" testListId="8c84fa94-04c1-424b-9868-57a2d4851a1d" />
    <TestEntry testId="ef24b414-f526-69fc-c564-b35b6d416278" executionId="4edbd337-2a71-40d2-9dbe-942aaf7bc2f7" testListId="8c84fa94-04c1-424b-9868-57a2d4851a1d" />
    <TestEntry testId="ae86761e-5fb7-a7bf-880d-19f4e13c372c" executionId="de4398d9-546d-4e9c-b7cc-527b9eafc42e" testListId="8c84fa94-04c1-424b-9868-57a2d4851a1d" />
  </TestEntries>
  <TestLists>
    <TestList name="Results Not in a List" id="8c84fa94-04c1-424b-9868-57a2d4851a1d" />
    <TestList name="All Loaded Results" id="19431567-8539-422a-85d7-44ee4e166bda" />
  </TestLists>
  <ResultSummary outcome="Failed">
    <Counters total="460" executed="399" passed="346" failed="53" error="0" timeout="0" aborted="0" inconclusive="0" passedButRunAborted="0" notRunnable="0" notExecuted="0" disconnected="0" warning="0" completed="0" inProgress="0" pending="0" />
    <Output>
      <StdOut>Test 'VSTest_KnockoutJS_EndToEnd_Html' was skipped in the test run.Test 'VSTest_KnockoutJS_EndToEnd_Aspx' was skipped in the test run.Test 'VSTest_Html_DiffViewer (Inline)' was skipped in the test run.Test 'VSTest_Html_DiffViewer (SideBySide)' was skipped in the test run.Test 'VSTest_Html_DiffViewer (RightOnly)' was skipped in the test run.Test 'VSTest_Html_DiffViewer (LeftOnly)' was skipped in the test run.Test 'VSTest_DebugHitJSAndRazorBreakpointsInCSHtml' was skipped in the test run.Test 'VSTest_Completion_Url_TypeInCSS' was skipped in the test run.Test 'VSTest_Css_DiffViewer (Inline)' was skipped in the test run.Test 'VSTest_Css_DiffViewer (SideBySide)' was skipped in the test run.Test 'VSTest_CSS_DiffViewer_Embedded (Inline)' was skipped in the test run.Test 'VSTest_CSS_DiffViewer_Embedded (SideBySide)' was skipped in the test run.Test 'VSTest_TypingTags_Datalist' was skipped in the test run.Test 'VSTest_TypingTags_Noscript_to_Optgroup' was skipped in the test run.Test 'VSTest_TypingTags_Output_to_P' was skipped in the test run.Test 'VSTest_UWP_CssClassIntellisense' was skipped in the test run.Test 'VSTest_UWP_DataWinControl' was skipped in the test run.Test 'VSTest_UWP_UrlPicker' was skipped in the test run.Test 'VSTest_UWP_DragDropScriptFile' was skipped in the test run.Test 'VSTest_UWP_ImplicitJavaScriptReferenceIntelliSense' was skipped in the test run.Test 'VSTest_JSON_ProjectJSON_Completion_PopularPackages' was skipped in the test run.Test 'VSTest_JSON_ProjectJSON_Completion_PackageSources_Multiple' was skipped in the test run.Test 'VSTest_JSON_ProjectJSON_Completion_PackageSources_NonTopLevel' was skipped in the test run.Test 'VSTest_JSON_ProjectJSON_Completion_PackageSources_MyGet' was skipped in the test run.Test 'VSTest_JSON_ProjectJSON_Completion_AutoFilter' was skipped in the test run.Test 'VSTest_JSON_ProjectJSON_Completion_AutoFilterNoExistingPackages' was skipped in the test run.Test 'VSTest_RazorV2VbFormattingTest' was skipped in the test run.Test 'VSTest_RazorV2CsFormattingTest' was skipped in the test run.Test 'VSTest_RazorCsPasteBesidesAtSign' was skipped in the test run.Test 'VSTest_RazorV4CsPasteBesidesAtSign' was skipped in the test run.Test 'VSTest_RazorVbhtmlClassification' was skipped in the test run.Test 'VSTest_RazorCshtmlClassification' was skipped in the test run.Test 'VSTest_RazorV4CshtmlClassification' was skipped in the test run.Test 'VSTest_RazorCshtmlTypeCodeBlock' was skipped in the test run.Test 'VSTest_RazorV2SmokeTest' was skipped in the test run.Test 'VSTest_RazorIntellisenseInCshtml' was skipped in the test run.Test 'VSTest_RazorDeleteArtifactInsideComment' was skipped in the test run.Test 'VSTest_Razor_TagHelpers_Completion_Tooltip' was skipped in the test run.Test 'VSTest_Razor_Diff (Inline)' was skipped in the test run.Test 'VSTest_Razor_Diff (SideBySide)' was skipped in the test run.Test 'VSTest_Razor_Validate_MismatchQuoteValidation' was skipped in the test run.Test 'VSTest_Razor_Validate_MixedRazorJSBlockValidation' was skipped in the test run.Test 'VSTest_Script_Reference_GotoDefinitionToReferenceJSFile' was skipped in the test run.Test 'VSTest_Scss_DiffViewer (Inline)' was skipped in the test run.Test 'VSTest_Scss_DiffViewer (SideBySide)' was skipped in the test run.Test 'VSTest_JSON_Schema_Dropdown_Persistence' was skipped in the test run.Test 'VSTest_JSON_Schema_Dropdown_Select' was skipped in the test run.Test 'VSTest_JSON_VerifyKnownFileSchemaAssociations (webs\misc\JSON\KnownSchemas\.bowerrc, http://json.schemastore.org/bowerrc)' was skipped in the test run.Test 'VSTest_JSON_VerifyKnownFileSchemaAssociations (webs\misc\JSON\KnownSchemas\.csslintrc, http://json.schemastore.org/csslintrc)' was skipped in the test run.Test 'VSTest_JSON_VerifyKnownFileSchemaAssociations (webs\misc\JSON\KnownSchemas\.eslintrc, http://json.schemastore.org/eslintrc)' was skipped in the test run.Test 'VSTest_JSON_VerifyKnownFileSchemaAssociations (webs\misc\JSON\KnownSchemas\bower.json, http://json.schemastore.org/bower)' was skipped in the test run.Test 'VSTest_JSON_VerifyKnownFileSchemaAssociations (webs\misc\JSON\KnownSchemas\config.json, http://json.schemastore.org/config)' was skipped in the test run.Test 'VSTest_JSON_VerifyKnownFileSchemaAssociations (webs\misc\JSON\KnownSchemas\package.json, http://json.schemastore.org/package)' was skipped in the test run.Test 'VSTest_JSON_SuggestedActions_RemoveDefaultValue_IsPresent' was skipped in the test run.Test 'VSTest_JSON_SuggestedActions_NPM_UninstallBehavior' was skipped in the test run.Test 'VSTest_JSON_DiffViewer (Inline)' was skipped in the test run.Test 'VSTest_JSON_DiffViewer (SideBySide)' was skipped in the test run.Test 'VSTest_Less_DiffViewer (Inline)' was skipped in the test run.Test 'VSTest_Less_DiffViewer (SideBySide)' was skipped in the test run.Test 'VSTest_Colorization_Razor' was skipped in the test run.Test 'VSTest_EditorConfig_FormatDocument' was skipped in the test run.</StdOut>
    </Output>
  </ResultSummary>
</TestRun>